[1.32088509e+01 2.13158684e+01 3.15849060e+02 6.07426172e+03
 7.95523315e+02 3.45907867e+02 2.17464264e+02 3.58210754e+02
 2.90025656e+05 2.47621658e+02 2.52177954e+03 6.17140686e+02
 2.19354785e+04 1.00349236e+02 2.28116913e+02 1.80223129e+02
 2.78029846e+02 3.03081757e+02 1.06984070e+03 7.69313232e+03
 6.64088013e+02 1.73169174e+02 3.68271289e+04 2.63634082e+03
 1.76889725e+02 1.47387922e+05 8.56145117e+03 1.79941387e+01
 8.28744434e+03 5.86047401e+01 1.23804980e+03 3.97698486e+02
 5.56574585e+02 2.05389434e+04 3.37140820e+04 1.76186169e+03
 2.25961258e+02 2.50192352e+02 1.38064331e+02 8.27059692e+02
 3.14614575e+03 1.01241035e+04 1.60435020e+04 1.58258194e+02
 2.54659176e+00 2.61904510e+02 1.49752701e+02 7.47097092e+01
 1.89320496e+03 1.67432568e+03 1.88850159e+02 1.21871875e+03
 9.79359436e+02 2.63255640e+03 2.37518661e+02 5.22996289e+03
 2.85303764e+01 4.40040625e+03 1.04786743e+02 7.59850891e+02
 9.66269287e+02 6.18247412e+03 3.15608047e+04 4.56866821e+02
 2.41161694e+03 9.08329895e+02 2.06390793e+02 1.88903427e+02
 1.27191170e+02 1.19164922e+04 9.11031647e+01 4.57229919e+02
 2.60553406e+02 1.28562241e+02 6.08759766e+02 1.09067200e+03
 2.52803406e+02 8.78111572e+01 1.92754688e+03 4.51735645e+03
 1.02457603e+02 7.86117125e+00 1.47034348e+02 2.52893402e+02
 2.02069977e+02 1.34247726e+02 1.11143333e+02 6.34666328e+01
 3.87665955e+02 4.92930322e+03 5.74763794e+02 6.53462695e+03
 9.36821594e+01 1.16368378e+02 1.01016240e+04 5.68025391e+02
 1.27673975e+03 1.69918933e+03 1.51895959e+03 1.23233936e+03
 5.37649048e+02 4.53384735e+02 2.55272522e+02 1.52785904e+02
 1.18801523e+04 3.74507477e+02 1.51460663e+02 1.01479073e+01
 7.95412415e+02 1.26618675e+02 2.07418365e+01 3.60461159e+01
 1.97149479e+00 2.93462006e+02 3.30496552e+02 1.27308533e+02
 2.03256128e+03 1.19951057e+02 1.30223218e+03 1.79874405e+02
 4.16221985e+02 4.49924286e+02 2.69102905e+03 5.60700156e+04
 1.38819404e+04 2.07555237e+02 1.26277596e+02 3.29201813e+01
 2.71984326e+03 2.96396667e+02 9.17518234e+00 2.23965652e+02
 2.35100677e+02 1.70609070e+02 6.43968323e+02 4.18589746e+03
 5.32489258e+02 2.40721436e+01 5.59651709e+03 8.97490356e+02
 6.70826492e+01 3.72466034e+02 6.11056595e+01 4.45618668e+01
 4.01520653e+01 2.77798828e+03 8.56640320e+02 4.34470557e+03
 8.07628662e+03 1.60173645e+03 2.51829739e+01 6.94805222e+01
 3.16407257e+02 2.87250290e+01 4.24347314e+03 3.15385474e+03
 1.60674835e+02 1.78844434e+03 1.48980212e+03 2.26134297e+04
 1.46806494e+04 3.96062561e+02 2.93829932e+03 7.92075195e+01
 4.31100220e+02 2.78450439e+02 2.08488745e+03 3.24648047e+04
 2.94659302e+02 1.63315076e+03 9.03026199e+01 3.51207489e+02
 1.78676834e+02 8.95685156e+03 3.11704926e+02 2.41165581e+01
 1.63520288e+03 2.57193604e+03 2.72651245e+02 2.25732832e+04
 4.25996338e+02 1.80435867e+02 5.43419678e+03 7.46362744e+03
 3.19994720e+02 1.22095131e+02 2.10349899e+02 5.86846680e+02
 3.35958801e+02 8.32286072e+02 4.47614441e+02 6.38566589e+01
 7.83333969e+01 1.92925522e+02 1.44956016e+05 2.03697473e+03
 1.44401379e+03 5.88216591e+01 1.74291275e+02 4.86827789e+02
 2.69650665e+02 1.37140051e+03 5.07667188e+04 2.01532612e+01
 1.52739941e+03 6.64313125e+04 5.00909241e+02 3.96584076e+02
 2.25414124e+02 1.27811104e+02 2.57794037e+01 2.93201355e+02
 3.06159570e+04 3.73235278e+03 2.61471680e+02 1.93109839e+03
 1.53251196e+03 1.73639648e+02 5.55293274e+02 4.71995117e+02
 3.02883301e+01 2.63773621e+02 2.14094849e+02 1.66846406e+04
 7.64794861e+02 2.12261887e+02 2.76786926e+02 1.16324951e+03
 6.83721466e+01 5.17990173e+02 7.00942578e+03 1.69130295e+02
 1.25240430e+04 1.05857643e+02 9.67266273e+00 1.16033032e+03
 3.45054840e+02 6.15384407e+01 2.25954391e+02 1.96277496e+02
 4.07532446e+03 1.40596954e+02 7.91334229e+02 4.28611426e+03
 1.64606140e+03 1.10230359e+03 1.64806915e+02 1.63231079e+03
 2.03583469e+01 4.19439941e+03 1.07623474e+02 5.27178528e+02
 9.39880905e+01 2.54000015e+02 3.10675079e+02 2.86446136e+02
 4.08389185e+03 1.26556482e+01 1.98197212e+01 2.59298203e+04
 3.03473291e+03 5.36448059e+02 2.13875757e+03 2.83831787e+02
 8.26350708e+01 1.03655731e+02 1.94630692e+02 3.43094147e+02
 3.03988159e+02 3.85984955e+02 1.44808032e+03 1.40070581e+03
 1.25679459e+02 2.59488556e+02 9.48595215e+02 2.53869019e+02
 1.83457141e+05 1.97071765e+03 1.23586992e+04 1.28965698e+03
 2.97178784e+03 7.82882188e+04 5.91076416e+02 2.33858673e+02
 2.02986969e+02 4.17488403e+02 1.30708847e+02 7.22147119e+03
 3.81909149e+02 1.85786035e+04 6.52611768e+03 9.06686172e+01
 8.12999115e+01 1.37413301e+01 1.38011890e+03 4.01739006e+01
 4.88452797e+01 2.96264801e+02 3.18743134e+02 1.36921875e+02
 7.03712280e+02 2.32131201e+03 2.43702539e+03 1.84890215e+04
 8.05971436e+02 6.23160117e+04 2.00347794e+02 3.76993438e+04
 1.37255875e+02 5.32184868e+01 8.51548157e+01 4.38700012e+02
 7.10933594e+03 2.46818787e+02 7.50065460e+01 9.16669688e+04
 4.66168427e+02 2.16054230e+02 2.07077972e+02 1.58252319e+03
 1.15984985e+02 6.46728516e+03 2.87815039e+03 2.95280800e+01
 6.80315735e+02 1.53730682e+02 1.66402207e+04 3.01728662e+03
 1.77366528e+03 1.48795151e+02 1.70981033e+02 2.94840050e+01
 4.99024506e+01 2.57345459e+02 2.06682480e+02 1.67656873e+03
 1.63934631e+02 1.71959488e+02 1.45420044e+03 1.94294601e+02
 1.19040454e+03 1.77350372e+02 1.93958569e+01 1.24433899e+03
 3.54882056e+03 1.70216101e+03 1.50182068e+02 1.37533838e+04
 1.16948301e+04 7.29401611e+02 1.50161804e+02 4.16064258e+03
 3.25637321e+01 2.75393677e+03 2.40246597e+02 2.91315613e+02
 5.46489319e+02 1.66227737e+02 2.70331787e+02 1.14594009e+02
 7.71118896e+02 2.06635801e+04 7.33422363e+02 2.05776081e+01
 5.39919727e+03 2.16945453e+05 2.30119961e+04 3.39660474e+03
 1.42639587e+03 3.87708618e+02 6.57454248e+03 1.57612402e+03
 7.60221680e+03 5.52436340e+02 2.38325073e+03 7.74249573e+02
 2.27942773e+03 5.63023743e+02 1.93034805e+02 7.77083397e+00
 6.61073364e+02 2.39782983e+03 2.03435742e+04 3.64674622e+02
 4.21412939e+03 1.68809525e+02 4.82419872e+00 8.85666895e+03
 5.22136914e+03 5.56945068e+02 1.40637524e+03 3.93871118e+03
 6.93337952e+02 2.74588550e+03 5.66487695e+03 6.50573779e+03
 1.39386511e+01 1.67478164e+04 3.29841370e+02 2.50380859e+03
 7.87379608e+01 4.59719391e+02 1.30767044e+02 1.48544830e+02
 4.65908928e+01 1.06614270e+03 2.26931641e+02 2.51110214e+02
 2.07885918e+04 2.00853180e+02 1.76203094e+02 8.33371887e+02
 2.38451250e+04 9.49485245e+01 7.51499463e+03 5.66803406e+02
 1.22005577e+02 3.51869238e+03 1.86123077e+02 5.01875885e+02
 2.05295254e+04 9.46360168e+01 2.48055420e+03 5.58768860e+02
 1.02313858e+02 2.64476990e+02 7.82603821e+02 1.55966156e+02
 6.33631250e+04 1.76230957e+02 2.22125046e+02 4.01204907e+03
 9.86084976e+01 1.61507922e+03 3.49388885e+01 5.08792496e+01
 2.03662781e+02 2.87858002e+02 1.23504173e+02 1.90548694e+03
 4.08204102e+02 2.90911224e+02 5.88642761e+02 2.04449536e+03
 7.14970779e+01 8.21618729e+01 2.08689148e+02 3.11404144e+02
 3.89216125e+02 2.59088684e+02 1.82689673e+03 1.38036650e+06
 1.78358368e+02 6.55267432e+03 2.91083472e+03 1.88244604e+03
 1.33101166e+02 4.76903442e+02 1.50397107e+03 1.10582119e+04
 1.34549118e+02 2.38218040e+01 1.99681351e+02 7.92865219e+01
 4.39142487e+02 1.53242020e+02 9.59550842e+02 1.68014978e+03
 6.50216309e+02 2.01184119e+03 4.85746887e+02 5.70631409e+02
 3.02151978e+02 5.59997498e+02 1.20613228e+02 4.31124268e+03
 6.56455688e+01 2.81721588e+02 8.46160126e+01 7.93071213e+01
 1.28817047e+02 3.08212036e+02 8.91426849e+01 7.37398926e+02
 2.99933105e+02 7.65489014e+02 3.11668301e+01 1.58233105e+03
 1.14407379e+02 3.77322339e+03 4.18562042e+02 3.43544297e+04
 6.10236145e+02 2.37364365e+02 3.69946387e+03 1.22674080e+02
 8.09505081e+01 3.78774707e+03 1.77064651e+02 2.39158905e+02
 2.12601099e+03 4.73414215e+02 2.88459076e+02 3.55166550e+01
 7.53866150e+02 3.28482635e+02 1.07218452e+02 1.77687695e+03
 7.60923290e+00 2.45677567e+02 1.92322617e+02 6.00545769e+01
 1.35321335e+02 1.46688980e+02 5.28771057e+02 6.84183411e+02
 5.15968361e+01 1.35834427e+01 2.68071216e+03 7.20606537e+01
 2.51413727e+02 4.77083691e+03 6.77719141e+03 3.73666260e+03
 5.60181641e+04 9.87090759e+01 2.31977768e+02 7.92100391e+03
 2.27126923e+02 1.66774658e+02 2.03447723e+02 3.90916284e+03
 6.78813934e+01 2.86145782e+02 7.22646027e+01 1.21122772e+02
 5.58799988e+02 5.48324814e+01 1.32451233e+02 4.82311646e+02
 6.03580994e+02 7.10400195e+03 1.49880325e+02 2.31888077e+02
 2.08114624e+03 4.27287988e+03 2.49620430e+04 2.99184489e+00
 5.81450500e+02 9.67230453e+01 7.03276123e+02 4.61197128e+01
 1.78509216e+02 2.81150635e+03 1.79703125e+02 5.47280469e+03
 5.44396591e+01 1.83633286e+02 2.09597301e+01 8.33061707e+02
 6.92204895e+02 2.76316547e+01 1.62497144e+03 2.14109192e+02
 1.20194687e+02 2.08205414e+02 1.88087280e+03 5.52325586e+03
 4.08185974e+02 1.98923315e+03 2.92261292e+02 3.36263086e+03
 1.21605361e+04 1.61748566e+02 7.71510889e+03 1.24559092e+04
 1.90454330e+02 1.16084213e+02 1.82063867e+04 6.59071350e+02
 3.15046167e+03 2.13235199e+02 1.13639639e+04 2.81816582e+04
 5.54156677e+02 3.81898486e+03 1.46320358e+02 3.29826447e+02
 3.18937622e+02 4.39321747e+02 6.82021851e+02 5.59286642e+00
 1.08284253e+03 3.32382233e+02 4.66817031e+04 2.60344849e+02
 2.70014610e+01 6.42632141e+02 5.14781799e+02 1.31360733e+02
 1.56859631e+03 1.37029932e+03 1.41816064e+03 1.29418411e+02
 9.68256592e+02 4.80663422e+02 1.91940353e+02 2.22618828e+01
 1.63468152e+03 2.63842630e+00 1.24256020e+01 3.06631866e+02
 1.23770947e+03 2.82406559e+01 1.65075531e+02 3.21443604e+02
 3.76017426e+02 9.00191422e+01 2.64750645e+04 4.02618286e+02
 1.79351944e+02 7.75504150e+02 1.14335854e+02 1.00602765e+03
 7.96379443e+03 2.25383545e+03 7.64728333e+02 6.28496132e+01
 3.45650055e+02 2.64142871e+03 6.11489075e+02 8.49230652e+01
 3.76036987e+01 2.41334549e+02 1.16233040e+02 1.29432458e+03
 3.20790222e+02 1.43804871e+02 2.75671240e+03 8.44688232e+02
 1.29024097e+03 3.86186005e+02 3.04908539e+02 1.29304825e+02
 2.22456699e+04 5.64213142e+01 1.64939899e+01 5.52004883e+02
 1.92444931e+02 3.89199219e+02 9.75917282e+01 9.99547119e+01
 1.12236557e+02 5.11159576e+02 2.33628442e+03 9.05624619e+01
 2.68672272e+02 2.46230789e+02 1.48127396e+02 1.02683197e+02
 3.01501770e+02 2.12412305e+03 8.38131653e+02 1.17014610e+02
 2.31999268e+02 8.65421829e+01 1.42422339e+03 1.56008881e+02
 2.34992386e+02 1.14086699e+04 1.40311904e+04 3.27517914e+02
 2.12394958e+02 1.84416162e+03 5.56087280e+02 1.34673389e+03
 1.33164734e+02 4.39220581e+01 6.92421143e+02 2.47465234e+03
 5.15715332e+01 7.04905151e+02 2.08074722e+02 1.60267639e+02
 8.89591522e+01 3.18952148e+02 1.89713257e+02 2.94655396e+03
 2.49067169e+02 4.88658447e+03 3.09825073e+02 1.79684058e+03
 2.12298336e+01 4.49281396e+03 9.78655777e+01 5.21934570e+03
 6.34708984e+04 5.13148422e+01 2.77118683e+02 2.37220631e+01
 3.60516701e+01 1.50634064e+02 9.16995300e+02 1.38764429e+03
 2.38745361e+02 3.53263969e+01 1.99501831e+02 2.53761185e+02
 2.00494849e+03 4.31044960e+01 8.04841187e+02 2.66206504e+04
 1.38500354e+03 1.22350610e+03 5.21615173e+02 1.70880432e+03
 2.95759583e+02 2.52530103e+03 4.04864311e+01 4.87097168e+02
 2.11467880e+02 8.10465942e+02 9.39192657e+01 3.45553253e+02
 4.59319038e+01 9.20963669e+01 1.01898438e+02 2.20244812e+02
 4.62684540e+02 3.12848945e+04 7.89128235e+02 4.52275269e+02
 7.64961243e+02 3.15707188e+04 1.72159470e+02 6.42149475e+02
 1.31901688e+02 3.08993053e+01 4.73270935e+02 6.93536865e+02
 2.56981934e+02 1.34408569e+02 5.76507996e+02 1.99861954e+02
 2.07314804e+02 4.32299023e+03 8.33448535e+03 8.91974731e+02
 1.97029510e+02 2.63090534e+01 1.35219678e+03 1.35772202e+02
 2.82854340e+02 3.69663452e+02 7.60147858e+01 1.97103821e+02
 6.14002991e+01 2.51596161e+02 1.27054761e+03 2.81852441e+03
 4.31997284e+02 9.12758560e+01 3.54856750e+02 1.06697815e+03
 1.26828794e+01 8.05963440e+01 1.19325366e+03 4.48632568e+02
 1.25243423e+02 3.63128693e+02 5.37570801e+03 2.20419067e+03
 6.63334814e+03 8.89811328e+03 1.19625459e+04 7.15851440e+02
 1.42346558e+03 2.26224777e+02 4.00196167e+02 2.29329453e+02
 1.33938036e+01 2.81361298e+02 6.87443542e+02 1.46013565e+02
 2.32663467e+02 2.25993066e+03 6.73594629e+03 3.32083931e+01
 2.26598969e+02 2.27639673e+03 4.32635010e+02 5.17078552e+01
 1.17268744e+01 5.23790527e+02 1.51575854e+03 1.10353569e+02
 1.53802443e+01 2.45852947e+01 2.49812912e+02 2.89181763e+03
 2.89442114e+03 2.88087738e+02 6.00351990e+02 3.89457581e+02
 5.01413605e+02 2.96754242e+02 7.72637405e+01 1.86157410e+02
 1.27803749e+02 3.35510284e+02 3.48888763e+02 2.95480005e+03
 2.46271038e+01 2.55768032e+01 5.75263733e+02 2.62292500e+01
 1.91531387e+02 2.02457214e+02 1.16341333e+03 1.82658740e+03
 1.94910547e+04 9.24754639e+01 8.57233398e+02 1.94901871e+02
 5.83158020e+02 4.52048615e+02 2.71021423e+02 2.06742599e+02
 1.91613678e+02 9.86921768e+01 3.83247375e+02 1.80266777e+04
 5.97147827e+02 1.11182532e+03 1.13699738e+02 8.74860229e+01
 9.33898682e+02 1.56868225e+02 4.79470430e+04 1.17795883e+02
 8.20156311e+02 4.00489960e+02 2.70309448e+02 1.38295911e+03
 3.90773506e+01 3.28600366e+03 6.92238770e+02 6.55872864e+02
 2.31667084e+02 1.35769714e+02 1.03486602e+04 8.75917188e+03
 1.81587219e+02 4.67925140e+02 6.18249023e+02 5.36748340e+03
 2.36438037e+03 2.46739868e+03 3.99690063e+02 9.19253922e+00
 8.58774414e+03 4.02081323e+03 1.29645176e+04 6.84859680e+02
 3.25341225e+01 1.04921227e+02 1.19169647e+02 2.67463257e+03
 6.91401917e+02 1.00412270e+02 3.45490723e+02 5.56828760e+03
 1.06321216e+03 6.88992691e+01 3.16430762e+03 3.84553314e+02
 1.36718582e+02 1.26940503e+03 1.84008118e+02 3.93388306e+02
 1.80111252e+02 1.78663177e+02 7.35710449e+02 6.02305107e+01
 5.62543457e+02 4.70315552e+01 1.43275088e+04 1.91475732e+03
 4.63408936e+03 3.72594543e+02 3.44021240e+02 2.41085876e+02
 3.20381744e+02 2.18514374e+02 1.05136118e+01 2.37230850e+02
 2.14696191e+03 1.64978455e+02 3.48541602e+03 1.14513879e+03
 8.10120056e+02 7.76430130e+01 6.42685776e+01 9.84714127e+01
 3.19286880e+01 1.96303223e+02 2.71526154e+02 1.10587817e+03
 2.76400795e+01 8.35009949e+02 8.20706641e+03 2.01536694e+01
 4.62010101e+02 1.55848618e+02 4.67437714e+02 1.92820755e+02
 4.20534821e+02 1.38845312e+03 4.31788063e+01 9.74933395e+01
 1.14772156e+02 1.40071411e+02 6.57181934e+03 2.27614304e+02
 1.14298882e+02 5.48859375e+02 8.89156836e+03 1.84674023e+04
 2.76857727e+02 2.68561182e+03 7.28385059e+03 2.39254852e+02
 8.30746307e+01 1.42013382e+02 5.95068474e+01 1.05920107e+04
 1.97406708e+02 1.75935989e+02 1.85873718e+02 3.10480042e+02
 5.54947900e+03 2.16146606e+03 1.22463791e+02 1.92915430e+03
 1.00907120e+02 4.69469879e+02 8.27945862e+02 7.04948044e+01
 4.30544098e+02 7.30790222e+02 1.31013092e+02 1.91560938e+05
 1.20372402e+04 2.27650452e+02 7.62502136e+01 4.16853320e+03
 7.52374649e+01 1.34199231e+03 8.74859277e+03 1.54965988e+02
 8.20736237e+01 4.15467407e+02 2.29458633e+02 1.68442726e+01
 1.00764972e+03 8.34264908e+01 1.08693445e+03 2.07714688e+04
 2.29333765e+03 8.78109131e+02 2.44872910e+02 8.04988937e+01
 3.06775379e+01 3.48437653e+02 7.35329651e+02 1.31254807e+02
 1.82923672e+05 7.16948486e+02 4.93749298e+02 9.31223755e+01
 5.01867714e+01 2.04570374e+02 1.94159592e+02 1.96762793e+04
 8.60767090e+02 2.12333472e+03 8.93165625e+03 2.20514502e+03
 2.68498779e+02 8.89865540e+02 1.84062912e+02 1.37898120e+03
 2.53771706e+01 1.07952324e+02 1.72389395e+04 6.51369141e+02
 1.65878845e+02 1.82820557e+03 2.24123657e+03 3.20774811e+02]
