[4.33902773e+04 4.87796417e+02 3.80862500e+03 1.17138633e+04
 2.41258569e+03 5.00325635e+03 2.20882126e+02 2.45858765e+02
 2.98288469e+05 4.05120056e+02 1.22259956e+02 1.20243118e+02
 2.49503052e+02 3.25962866e+03 8.24565674e+02 8.97510925e+02
 4.02008606e+02 3.07115688e+01 1.12139062e+05 3.56372168e+03
 6.41542725e+03 1.82950378e+03 4.14977469e+05 2.75538745e+03
 4.28196625e+02 2.70398844e+05 6.18425812e+05 3.46757751e+02
 8.92656152e+03 5.66378403e+00 5.00422998e+03 1.51374302e+01
 4.69290131e+02 1.77876862e+02 9.41691284e+02 1.57598343e+02
 1.45101364e+02 2.36048904e+02 1.65741719e+04 5.84247360e+01
 7.47310156e+04 9.09939026e+02 4.06818506e+03 1.62645950e+01
 1.36424146e+03 2.11696835e+01 4.71075012e+02 6.15868301e+01
 7.45176819e+02 8.91953809e+03 1.08726494e+02 3.22446991e+02
 2.56591138e+03 1.87745041e+02 4.58455383e+02 4.79985016e+02
 5.10848828e+03 1.34097562e+05 2.71058899e+02 8.89909058e+01
 6.03243320e+04 3.06767487e+02 2.92388245e+02 4.15919580e+03
 3.15835754e+02 8.16409912e+02 6.26099731e+02 8.37969513e+01
 1.56240616e+02 1.41807129e+02 1.50427612e+03 6.71699142e+01
 7.71883240e+01 6.40557098e+01 6.91628174e+03 3.49792700e+03
 3.30536652e+02 2.65251660e+04 1.16711105e+02 6.28211250e+05
 2.89043640e+02 2.87542084e+02 2.48156204e+02 1.57386341e+01
 3.44525208e+02 2.61110107e+03 5.09502506e+00 1.48847855e+02
 2.18336060e+02 2.07655664e+04 1.84728528e+03 1.06810071e+03
 5.13266541e+02 6.00572571e+02 3.91503594e+05 7.22796680e+03
 3.77724152e+02 4.55331055e+03 2.89442910e+04 1.44417496e+02
 6.64417191e+01 4.10677393e+03 6.86031616e+02 4.38630707e+02
 6.98274902e+02 7.38731567e+02 8.97680950e+00 3.09068054e-01
 7.67842957e+02 2.40445511e+02 1.24158606e+03 2.17763939e+01
 2.91294769e+02 1.50124792e+03 1.78277673e+03 1.03072058e+03
 3.51196808e+02 8.22484680e+02 1.98213547e+02 8.61628799e+01
 8.40103027e+02 1.13974983e+02 5.83284058e+02 1.19400479e+04
 1.87349336e+04 1.29398804e+02 1.02499107e+02 3.58157074e+02
 2.04058487e+02 5.62601562e+03 2.78715234e+03 2.95823950e+03
 3.32224292e+03 3.30749237e+02 7.13764404e+02 1.16896294e+02
 8.91913147e+01 6.75157928e+01 3.21104813e+00 2.89645886e+00
 8.26625443e+01 3.81435107e+03 2.99061279e+01 5.95279541e+03
 3.07036987e+02 8.54447098e+01 7.51260840e+03 2.98718438e+04
 2.80944258e+04 6.56971497e+02 1.22212425e+02 3.34432935e+03
 1.25450317e+03 2.38833580e+01 1.39058965e+04 1.30745630e+03
 3.24504785e+03 2.07244165e+03 8.08569031e+01 1.42876328e+04
 1.70285254e+04 1.25814075e+01 4.05376862e+02 1.96718262e+02
 1.71284199e+04 1.19894051e+02 2.97930206e+02 1.95020950e+02
 2.00732407e+02 4.36637012e+03 6.26093652e+03 8.26783325e+02
 5.56336164e+00 1.41442334e+04 6.79776562e+03 9.17323047e+03
 6.17669006e+02 7.80477982e+01 5.44120361e+02 1.13233594e+04
 5.46085840e+03 4.08627441e+02 3.37072412e+03 7.32333862e+02
 5.98093262e+02 3.65604858e+01 4.30615692e+02 1.16493454e+01
 2.49482520e+04 2.41793060e+02 1.51074646e+03 1.29698761e+02
 2.31371460e+02 2.91482605e+02 4.49534473e+03 1.09340134e+02
 5.27410859e+04 6.30492020e+01 1.04136185e+02 5.88041916e+01
 1.08800247e+02 1.78073086e+04 3.85991699e+02 4.10939178e+02
 5.24681094e+04 7.16210938e+05 8.23901825e+01 1.38111099e+02
 1.46699280e+02 4.66258057e+02 5.54444214e+02 1.04837189e+02
 2.63359711e+02 1.05162188e+04 1.75933701e+02 1.30322525e+02
 8.00664795e+02 2.98343842e+02 4.66574531e+04 3.95834503e+02
 4.33796234e+01 8.96252289e+01 1.55827454e+02 2.70006156e+05
 1.97337256e+03 1.50134448e+03 4.15166382e+02 9.33871460e+01
 3.62448462e+03 1.25489539e+05 8.56125610e+02 3.62467499e+02
 4.14533398e+03 1.20699756e+04 2.11917206e+02 3.19187598e+04
 9.37416382e+02 3.22881152e+03 7.78252686e+03 3.87455902e+02
 1.16513948e+01 1.16673111e+02 2.00047773e+04 7.83651550e+02
 7.45284485e+02 1.03718552e+02 2.07572437e+03 1.67561996e+02
 1.10554077e+03 2.31779219e+05 9.61568237e+02 3.38043549e+02
 1.26413831e+03 1.09088013e+03 3.32411255e+02 3.39447365e+01
 1.88667603e+03 3.43433075e+02 2.78446729e+03 9.40961456e+01
 2.71573517e+02 1.50379551e+04 1.38761243e+03 4.50419250e+02
 1.47874023e+02 6.90952454e+01 8.57785320e+00 9.44126282e+02
 6.75271172e+04 2.40569414e+04 6.56819824e+02 3.94663277e+01
 1.59505615e+02 5.13140686e+02 4.90024258e+04 9.62494336e+03
 1.87913398e+04 2.84097137e+02 9.33493750e+03 1.63229984e+05
 1.69019385e+03 5.06662369e+01 3.48146698e+02 1.30361738e+04
 2.54166763e+02 1.20366492e+03 3.99076294e+02 2.25690460e+02
 3.16860901e+02 5.43154541e+02 4.86414156e+05 1.63730515e+02
 1.23521265e+03 1.77890430e+03 5.56587939e+03 3.99028625e+02
 5.19617737e+02 2.12661450e+03 3.95685859e+04 1.98546783e+02
 5.53633156e+01 2.27160660e+02 1.96626511e+02 4.64131797e+04
 7.82359161e+01 5.44837875e+05 6.86623169e+02 6.26669971e+03
 1.56827383e+01 5.57491882e+02 5.21777893e+02 3.97092682e+02
 1.86707776e+03 6.34849915e+02 2.67094604e+02 1.53622818e+02
 1.22269521e+04 1.17914932e+04 3.60655579e+02 5.34960999e+02
 2.27810254e+03 9.96615112e+02 2.27696274e+02 1.80438586e+03
 2.14351587e+03 2.46732422e+03 2.49505957e+04 1.10655176e+03
 5.30574829e+02 3.62735382e+02 5.73199120e+01 3.76143219e+02
 2.84476959e+02 2.64301697e+02 2.48533417e+02 3.42353711e+03
 1.92482300e+02 3.39380249e+02 7.24007959e+03 6.40591492e+02
 6.01179504e+02 9.36513062e+02 6.30562927e+02 1.81776868e+03
 8.29510651e+01 3.29640930e+02 9.71053894e+02 4.24572540e+02
 1.29230139e+03 1.95454758e+02 1.98688123e+03 2.10510040e+02
 3.75386108e+02 2.49043076e+02 2.07434906e+02 1.37344254e+02
 9.77099512e+03 1.32682858e+01 6.36241211e+02 1.39562000e+03
 1.10155283e+04 7.02065703e+04 5.25096992e+04 3.95318329e+02
 3.75234883e+04 1.33680439e+04 5.78161438e+02 9.63257294e+01
 1.59482422e+03 3.66625269e+03 3.86715391e+04 6.81543779e+00
 8.18494629e+03 5.87184143e+02 1.18284241e+03 1.32851013e+03
 1.80643005e+02 1.54604456e+03 1.21970871e+02 7.13369370e+01
 1.72170242e+02 8.91872363e+03 3.23264600e+03 1.24907983e+03
 2.88289795e+03 1.82247269e+02 1.54973602e+02 3.02826050e+02
 1.59595890e+01 2.73849941e+04 2.83018896e+03 5.49753479e+02
 3.91126556e+02 2.05592920e+03 1.64377319e+03 4.65422773e+04
 7.45612427e+02 4.62783105e+03 1.62354663e+03 2.94322520e+04
 2.00416092e+02 4.74623383e+02 3.13211731e+02 2.59513843e+03
 2.39364334e+02 6.18552246e+02 4.74741846e+03 1.03734121e+01
 9.73727969e+04 8.82378906e+02 1.03363716e+02 1.51087139e+04
 7.16501562e+03 9.48412609e+00 4.94383105e+03 7.54625732e+02
 9.58176727e+01 5.85174866e+01 3.78993970e+03 2.04100891e+03
 3.47111841e+03 2.42858618e+03 1.60220764e+02 1.91716309e+03
 5.60928418e+03 1.52541265e+01 7.80657910e+03 1.12424667e+02
 2.23028442e+02 2.49969807e+01 5.11324036e+02 2.68775527e+04
 1.57507095e+02 2.83082056e+03 1.80107834e+02 5.24951538e+02
 7.53069153e+01 8.00019775e+02 7.35800842e+02 6.06899414e+02
 1.32885666e+02 4.87905518e+02 4.94153778e+02 1.94341156e+02
 1.62035706e+02 6.24925842e+01 1.99734940e+02 7.74898911e+01
 2.18193024e+02 1.30421356e+02 3.97701587e+03 6.54161572e+03
 7.89481277e+01 1.04743250e+05 2.37348907e+02 3.40734222e+02
 1.65108200e+02 2.05311621e+03 3.65720039e+04 7.08950577e+01
 7.70629700e+02 1.53387573e+02 4.67092752e+00 8.11096497e+01
 4.46202031e+04 1.88169952e+02 1.57765976e+02 9.08380737e+01
 4.03559662e+02 3.12872021e+03 3.18170068e+03 1.64208215e+03
 1.13674507e+01 3.43611511e+02 3.71846375e+02 2.95575409e+01
 2.67070312e+02 1.08620996e+04 3.59390961e+02 1.51685272e+02
 8.27675964e+02 9.27118164e+02 2.31328903e+02 8.00278027e+03
 1.07433319e+01 2.69241302e+02 4.26006073e+02 1.38863330e+04
 4.21638794e+01 1.76542038e+02 2.67074707e+02 7.33271094e+03
 5.14022461e+02 9.11627637e+03 1.71065125e+02 4.40093803e+01
 1.16988420e+01 1.80216094e+04 1.49202515e+02 1.73430374e+02
 3.30419861e+02 1.78826680e+04 5.32956665e+02 1.17286896e+02
 3.25397491e+02 1.18827866e+02 6.93701465e+03 1.41221924e+03
 8.27697983e+01 2.01124512e+02 3.28264191e+02 3.34261780e+02
 1.33167221e+02 3.02226166e+02 7.95581055e+03 3.66852612e+03
 3.00147803e+03 2.16876144e+02 1.84095490e+02 1.49012161e+02
 2.20535352e+03 1.42548184e+04 2.49432104e+03 8.61068344e+00
 5.47175703e+04 2.88728424e+02 9.49472363e+03 8.41111145e+02
 2.31603833e+03 3.74968567e+02 2.54902420e+02 6.41358261e+01
 1.39373413e+02 3.21012231e+03 9.85374512e+02 7.14127930e+02
 1.49004077e+03 8.53750586e+03 2.13371426e+04 4.56007355e+02
 2.44163262e+04 1.93373770e+04 9.77749405e+01 1.30673431e+02
 4.64150360e+02 7.35379089e+02 2.75907593e+03 1.64134277e+02
 1.20850059e+04 9.78483521e+02 2.05196442e+02 2.70077301e+02
 6.57248596e+02 1.11250008e+05 6.60037598e+02 7.26170557e+03
 3.06538105e+00 1.18808355e+01 2.44945496e+02 3.04098755e+03
 6.26951758e+04 9.65463867e+02 1.40076340e+02 2.26876740e+02
 1.70840103e+02 1.44105042e+03 4.93955688e+02 1.14915566e+04
 1.66782947e+03 1.21493301e+02 2.37001343e+02 4.44147949e+03
 1.72539343e+03 2.24656052e+02 8.02389954e+02 9.53797436e+00
 1.48615150e+01 6.73863281e+02 3.02385925e+02 1.14491162e+03
 5.47722344e+04 1.45759811e+02 1.82315215e+04 5.09536172e+04
 3.01672144e+03 6.07116162e+03 7.84306763e+02 4.14413719e+01
 1.65375473e+02 2.25966016e+03 3.02974585e+03 3.89790503e+03
 3.31709766e+04 1.80518814e+02 2.71090393e+02 1.14428845e+03
 7.22424927e+01 3.26341003e+02 4.09114111e+03 1.36729907e+03
 8.84715781e+04 4.60436554e+02 5.98040276e+01 3.36591034e+02
 1.08867783e+04 6.99186218e+02 1.45742188e+03 1.49050201e+02
 2.00515671e+02 3.88019180e+04 9.00303650e+02 6.85437561e+02
 2.53936310e+02 2.53749741e+02 8.57001953e+03 1.09241133e+04
 9.55109062e+04 1.77980627e+03 1.28428162e+02 1.81744293e+02
 3.56326842e+00 3.60887299e+02 1.05418663e+02 2.23555618e+02
 2.68015391e+04 2.05128760e+03 9.34952469e+01 7.90846024e+01
 1.26967998e+04 1.72216339e+02 1.10647083e+03 1.13052589e+02
 7.51394580e+03 3.15676392e+03 8.67288971e+01 4.96300812e+01
 1.79905945e+03 2.78139008e+02 1.79450918e+04 1.96361145e+02
 1.31236855e+04 8.26287079e+01 2.58640537e+01 4.55418732e+02
 7.80793062e+05 2.16250992e+02 3.11707935e+03 5.86838196e+02
 8.51436768e+02 3.80424561e+02 2.88703644e+02 5.99640430e+03
 2.06697803e+03 1.20501846e+02 8.84147339e+01 5.81481018e+01
 4.56090179e+02 2.30300122e+03 4.23017334e+03 1.75449326e+02
 1.36841034e+02 1.19768570e+05 2.51490921e+02 4.34088745e+02
 5.64599561e+03 8.47332077e+01 4.13956152e+03 1.25949988e+03
 1.80135803e+02 1.16690596e+04 1.45668079e+03 6.29634338e+02
 4.62154541e+02 1.29658737e+02 2.91103764e+01 1.74834717e+02
 4.40069122e+02 1.64644852e+02 2.08242461e+04 2.45655426e+02
 1.90229813e+02 3.65137665e+02 2.35588242e+02 2.01084351e+02
 1.96326526e+03 8.60203648e+00 3.13684692e+02 4.00503398e+04
 1.98357468e+01 1.00759778e+03 5.41439941e+02 8.07871045e+03
 6.20630078e+03 3.68478438e+04 2.56006409e+02 4.65950165e+02
 1.99699609e+04 8.23305130e+01 1.13472385e+01 2.42166090e+00
 3.73698669e+02 3.92830429e+01 1.71456619e+02 1.37382065e+02
 6.50300732e+03 1.59950049e+03 1.02687553e+02 1.62923718e+03
 3.84134293e+01 1.71469162e+02 4.57270898e+04 1.39627539e+03
 6.90702698e+02 3.00982891e+04 2.78331104e+03 7.70060913e+02
 3.82947876e+02 6.16930733e+01 1.94284607e+02 5.10270630e+02
 3.39228302e+02 4.02533531e+00 9.31631226e+02 4.25635303e+03
 2.91686798e+02 1.63774670e+03 1.39605884e+03 3.59081562e+04
 1.85199906e+05 4.56452454e+02 1.57220428e+02 1.47925415e+02
 1.66802100e+03 8.13714294e+02 1.62580658e+02 1.36130600e+02
 1.82378983e+02 1.80662064e+02 3.25034210e+02 3.43717987e+02
 6.39819873e+03 6.19116745e+01 1.13288936e+04 1.25988586e+02
 3.41061406e+04 2.45201584e+02 1.20009516e+05 1.70007581e+03
 4.27013885e+02 3.43596313e+02 7.36852686e+03 5.18611267e+02
 2.78597809e+02 3.92810669e+02 7.10013866e+00 2.06447168e+03
 2.27598657e+03 1.45758331e+02 1.65621094e+03 8.63992920e+01
 1.77640686e+02 9.46631250e+03 1.29660583e+03 1.87130742e+04
 1.57309280e+02 2.07033142e+02 1.46624385e+04 1.48863245e+03
 1.83458298e+02 1.40864288e+02 5.55695195e+04 4.80412158e+03
 1.77111922e+05 4.61213959e+02 1.94016220e+02 3.80869537e+02
 1.65368317e+02 9.25723267e+02 8.75982910e+03 2.35847870e+02
 1.83457031e+03 2.57338196e+02 1.45322529e+04 3.09616425e+02
 2.16793396e+02 1.62108047e+02 1.02428701e+04 1.08102234e+03
 7.77307227e+03 3.49502156e+05 1.00064319e+03 4.46241425e+02
 6.65565857e+02 6.69449756e+03 1.78775162e+02 9.04516895e+03
 5.25371887e+02 5.14916687e+02 1.96659009e+03 8.37980408e+02
 4.91833725e+01 2.30715381e+03 7.66743457e+03 9.32602783e+02
 4.45884888e+02 2.54480118e+02 2.97368591e+02 3.71261230e+03
 1.11065674e+02 4.06360443e+02 5.09462830e+02 6.55801147e+02
 3.71018457e+03 1.04773399e+02 7.30776794e+02 3.88970154e+02
 1.25114403e+02 8.34645691e+01 9.13975684e+03 1.28180896e+03
 2.70246074e+04 1.41654822e+03 1.03717834e+03 5.18748438e+03
 6.53221289e+03 5.77206172e+04 6.78972351e+02 6.63710156e+04
 2.21732468e+02 1.37419693e+02 5.15124316e+03 2.79559707e+04
 6.60578247e+02 7.07084839e+02 3.57095795e+02 2.28923755e+03
 1.32882328e+05 1.18794533e+02 6.11457703e+02 9.92000656e+01
 9.60192566e+01 1.21556348e+03 9.16970825e+02 9.81003809e+03
 1.13788200e+02 5.76299561e+02 1.54401794e+02 2.85809235e+02
 1.43025620e+02 3.70445740e+02 2.50767563e+02 8.46411819e+01
 8.06063660e+02 2.19202423e+02 3.09974335e+02 5.62742882e+01
 1.51253815e+02 7.09455176e+03 5.20660782e+01 1.33366882e+02
 1.27909941e+04 2.55057383e+04 2.17106738e+04 1.96966232e+02
 8.79147339e+01 1.06128674e+03 9.89891211e+03 4.74306201e+03
 4.48702383e+04 1.07608862e+03 8.74133224e+01 2.61000549e+02
 4.09700348e+02 4.04144104e+02 1.16314380e+03 1.42805872e+03
 4.91225977e+03 1.22012993e+02 1.06580391e+02 1.92697926e+01
 7.94507568e+02 3.42566064e+03 4.34497925e+02 2.22464941e+03
 2.11472301e+01 1.06557849e+03 8.08562656e+04 9.04434326e+02
 2.01371602e+04 2.22196045e+02 2.39192896e+03 3.73853149e+02
 1.48615341e+02 2.11498215e+02 4.23548828e+02 7.31883926e+01
 1.29779449e+02 3.15714081e+02 5.18449059e+01 5.57915234e+03
 5.28237793e+03 3.01066162e+02 3.31331726e+02 7.97507178e+03
 3.22727020e+02 1.18490715e+02 2.89758447e+03 1.47990280e+02
 3.78285718e+03 1.71929346e+03 1.23048355e+02 1.19847715e+04
 3.76855859e+04 1.65289032e+02 1.47129551e+04 3.41642920e+03
 3.15994531e+03 5.85892090e+03 3.80736914e+03 1.05538745e+03
 5.54094385e+03 7.21748505e+01 2.80609772e+02 2.01766479e+02
 6.01432312e+02 2.13270664e+04 4.73755188e+02 2.62977402e+04
 6.58591614e+01 5.72807715e+03 2.63049072e+02 1.89187793e+04
 1.58678757e+02 1.08957558e+02 1.74251257e+03 1.34070251e+02
 2.09703674e+02 1.30676865e+02 1.85228149e+02 3.03359436e+02
 1.93278281e+04 1.06469711e+02 8.84229370e+02 2.44618835e+02
 1.88174484e+02 1.33644385e+03 1.75746113e+04 2.37748462e+03
 3.66313568e+02 2.30046448e+02 6.51438427e+00 4.87346125e+05
 9.34571045e+02 6.89709229e+03 5.95903625e+01 1.25443604e+04
 5.53851379e+02 7.07976746e+02 4.31755312e+04 6.66231567e+02
 7.93110596e+02 5.15508179e+02 7.27902393e+03 1.08217186e+02
 8.71299707e+03 4.52271094e+03 2.08973047e+03 8.38013062e+02
 9.95767812e+04 3.34314380e+03 5.20524963e+02 2.06604111e+02
 9.14592972e+01 1.08988701e+02 4.32308746e+02 2.40222803e+03
 1.01873016e+03 1.06228418e+03 2.71990820e+04 1.26527206e+02
 1.98314621e+02 1.96646042e+02 1.16129692e+02 1.77295020e+04
 1.14841785e+03 9.56614258e+03 1.67482014e+01 3.24851776e+02
 3.83424187e+01 1.70546484e+03 2.25383594e+03 2.23482305e+04
 1.66842651e+02 1.50733508e+03 2.91339404e+03 3.51666077e+02
 2.95294067e+02 4.74775696e+02 3.32192017e+02 1.77955750e+03]
12622.512
780793.06
