[2.30225587e+09 2.74792656e+05 6.34897625e+05 7.95542734e+04
 1.63969728e+09 3.00252938e+05 3.18786656e+05 2.72508781e+05
 3.33051800e+06 1.04515742e+05 3.57223531e+05 1.16980688e+06
 2.94839322e+09 8.59896172e+04 1.95636500e+05 8.01810368e+08
 2.27228725e+06 1.69389696e+08 1.81236375e+06 6.49016550e+06
 8.05942875e+05 2.66417695e+04 7.20053120e+07 1.32145800e+06
 1.40865264e+08 9.60276685e+09 1.93497838e+06 1.65571797e+05
 2.35320797e+05 1.76638400e+08 4.15478969e+05 3.91739031e+05
 7.11698496e+08 2.93631523e+04 3.26582871e+04 1.89677136e+08
 5.25169297e+04 2.56279551e+04 4.26046969e+05 1.58344256e+08
 5.68568700e+06 2.05023138e+06 3.11286344e+05 5.88486250e+05
 7.47024576e+08 2.43852812e+04 2.08851453e+05 1.09712664e+05
 2.47941184e+08 6.41396312e+05 2.45801168e+08 6.14112938e+05
 8.01939922e+04 8.71053005e+09 1.53758789e+04 3.29389688e+04
 3.40703438e+05 3.49819500e+06 1.58209391e+05 7.06927969e+04
 2.44430675e+06 5.06026752e+08 2.34018172e+05 1.49725359e+05
 6.29413750e+04 2.09170525e+06 1.10380816e+08 4.04603344e+05
 5.75965632e+08 2.33195750e+06 3.24426080e+08 7.13890703e+04
 2.02130586e+04 3.17327281e+05 9.88985728e+08 1.28350182e+09
 8.82948828e+04 9.73030592e+08 1.46713562e+05 3.16048775e+06
 1.54433531e+05 1.08960960e+09 2.50512469e+05 1.61124810e+07
 1.49229953e+05 1.77458200e+07 4.94228864e+08 4.96299141e+04
 4.21639000e+05 5.99036125e+05 6.52569297e+04 1.40496088e+06
 1.44233500e+05 3.09587969e+05 2.11196275e+06 3.78532688e+05
 1.17046611e+04 3.49694281e+05 1.65652480e+04 4.35102578e+04
 2.72306156e+05 5.25780547e+04 1.35364062e+05 3.87809438e+05
 1.14691638e+06 2.86495072e+08 1.23210072e+08 2.68561188e+05
 5.96278188e+05 1.00358094e+05 1.28069766e+05 3.96446976e+08
 2.64643652e+04 1.09225039e+04 1.17733030e+09 1.65596838e+03
 7.86085000e+04 1.43308188e+06 1.08991700e+06 1.73218704e+08
 2.12759975e+06 9.40373062e+05 5.72405750e+06 3.10738650e+06
 4.53280406e+05 1.84009500e+05 4.76241836e+04 2.08603789e+04
 8.96504080e+07 6.69418875e+05 3.81791760e+07 1.49474359e+05
 4.95357938e+05 1.97529925e+06 6.23056055e+04 7.28850312e+04
 6.59812800e+08 1.01986961e+05 3.54478156e+05 1.36067156e+05
 4.79497344e+05 2.34585266e+05 1.45186900e+06 5.82284062e+05
 6.89226062e+05 7.78746016e+04 1.60859797e+05 8.62217625e+05
 3.27762509e+09 7.96011125e+05 1.09489184e+08 1.37700484e+05
 5.69647188e+05 2.44308300e+07 3.48437070e+04 5.61961375e+05
 1.56383938e+05 1.13299488e+06 3.41532250e+05 3.60868224e+09
 4.16691844e+05 2.99194880e+08 5.22143080e+07 1.19237536e+08
 5.66563000e+05 5.77129664e+08 1.76642448e+08 2.01086359e+05
 1.28174055e+05 2.02253728e+08 2.52507719e+05 1.29200258e+05
 7.81491750e+05 1.77032328e+05 4.31190742e+04 4.67969031e+05
 7.44911188e+05 1.10523408e+08 2.09704960e+08 1.31699968e+09
 4.02120281e+05 3.29137969e+05 4.59237069e+09 4.98059492e+04
 7.01669280e+07 1.80517047e+05 3.57268828e+04 5.08056602e+04
 4.15779656e+05 7.71900062e+05 8.03434250e+05 9.39021172e+04
 5.53637188e+04 2.73366094e+05 3.84293472e+08 7.15168984e+04
 4.21940454e+09 3.22428384e+08 3.60555273e+04 6.83828800e+08
 2.01575641e+05 3.88648096e+08 1.12685550e+06 5.02433711e+04
 8.40712896e+08 7.65237400e+06 2.09024781e+05 2.24061391e+05
 2.11209024e+08 1.84731875e+05 2.08703156e+05 5.99750625e+05
 1.66592688e+05 1.82248625e+06 7.39296625e+05 1.04141408e+08
 1.54223109e+05 3.19869880e+07 1.50385075e+06 3.95269375e+05
 2.14511156e+05 3.67838375e+05 8.34230562e+05 4.09409175e+06
 3.24989719e+05 7.95218625e+05 2.51707264e+08 3.25877344e+04
 4.73263125e+05 6.05846338e+03 5.10666048e+08 1.18521056e+08
 4.97787488e+08 4.41405000e+04 4.40852160e+07 3.99025469e+05
 6.38981438e+05 7.93132578e+04 4.36300832e+08 1.53509238e+04
 3.57941525e+06 2.86789531e+05 1.35839638e+06 3.31473250e+05
 3.38349376e+08 8.74317375e+05 7.89940500e+05 1.14749950e+06
 1.39002520e+04 1.68111260e+07 5.94326641e+04 1.27306562e+06
 2.99631296e+08 5.66400664e+04 1.23525969e+05 6.65219375e+05
 4.86859616e+08 1.11946208e+08 1.78835203e+05 1.71939266e+05
 2.05993550e+06 8.26342875e+05 2.42150475e+06 1.43712797e+05
 1.05473896e+04 7.51748750e+04 1.50594256e+08 9.75512562e+05
 1.97306950e+06 2.17940906e+05 3.48854336e+08 3.02712725e+06
 7.60797656e+04 5.66186836e+04 4.10295014e+09 4.44091680e+04
 6.49506523e+04 5.70016200e+06 1.02598953e+05 9.95240400e+06
 1.07631297e+05 1.92698586e+09 2.82328512e+08 8.51788000e+07
 6.64303516e+04 8.63782240e+07 1.00413837e+03 7.50706625e+05
 5.03498480e+07 3.82686438e+05 7.12220450e+06 2.16372432e+08
 1.35323400e+06 1.47025781e+05 1.41889625e+05 5.02330336e+08
 3.41144352e+08 1.35818816e+09 1.72024597e+03 3.79105195e+04
 2.74405875e+05 2.36469336e+04 3.40846325e+06 8.85244416e+08
 1.45170611e+09 1.29925050e+06 3.12048250e+05 1.21784906e+05
 2.38008750e+05 4.62547776e+08 4.61635820e+04 9.88872891e+04
 4.39906150e+06 1.06899219e+05 2.01324359e+05 3.84177844e+05
 5.13154312e+05 3.39479775e+06 2.62526125e+05 3.96992062e+05
 5.84418120e+07 7.77225250e+05 9.14480896e+08 1.76407438e+06
 4.04627844e+05 4.50995156e+05 1.17448387e+10 2.20721281e+05
 5.49219456e+08 3.23894144e+08 2.16033580e+07 2.79087180e+07
 2.56407520e+08 5.49631250e+04 1.31523922e+05 4.66802031e+05
 3.57065906e+05 5.20234375e+04 3.53770000e+05 3.27798375e+05
 3.94555625e+05 1.02645275e+06 3.07677844e+05 2.03688538e+09
 5.61126016e+08 1.59322641e+05 1.37188594e+05 3.66517312e+05
 7.55036750e+05 4.75452360e+07 3.51900700e+06 3.08570125e+06
 1.64807453e+05 5.18461844e+05 4.46828344e+05 1.60820438e+05
 4.12991969e+05 3.84871168e+08 4.76006758e+04 1.96429797e+05
 1.05910049e+04 1.61541952e+09 3.34922150e+06 5.21949312e+08
 5.05164960e+07 6.29256400e+06 7.96288438e+04 5.19313984e+04
 6.94361812e+05 2.42573000e+05 4.89688719e+05 1.51192406e+05
 2.72442080e+08 1.23072451e+04 2.49932160e+08 9.04528640e+08
 4.44836200e+06 8.80053250e+05 1.47461719e+05 5.08449856e+08
 1.90448547e+05 6.71387968e+08 4.57413844e+05 5.08258281e+05
 3.00186543e+04 1.12504625e+06 2.46719660e+07 7.59877500e+04
 8.34042062e+05 2.62291367e+04 3.59714050e+06 1.16544969e+05
 3.94004406e+05 7.01178625e+05 3.22167594e+05 1.76576225e+06
 3.14959680e+08 1.25824672e+05 3.04347793e+04 5.78713812e+05
 1.46305710e+07 8.77511625e+05 8.51260400e+07 2.02513812e+05
 8.42448125e+05 1.46013547e+05 6.79570000e+04 3.22979360e+08
 5.51486640e+07 5.52490560e+08 2.61918240e+08 3.51269719e+05
 1.17939488e+06 2.22603360e+08 7.42358250e+05 8.79961625e+05
 6.46675000e+03 2.01907388e+06 1.29992273e+05 3.02659180e+04
 1.46470950e+06 3.81328969e+05 2.47027516e+05 5.46180812e+05
 2.62357728e+08 3.83811836e+04 8.15203750e+05 1.92122656e+08
 7.95042562e+05 4.22546906e+05 5.61415560e+07 7.65847266e+04
 5.19972992e+08 7.23987840e+08 5.05169922e+04 1.37851672e+05
 2.11990723e+04 6.62679609e+04 5.19313965e+03 8.36628880e+07
 1.24371568e+08 1.84073112e+06 1.32720104e+08 2.39354547e+05
 1.65820734e+05 1.81889875e+06 4.21485508e+04 6.38894188e+05
 1.52999047e+05 9.33095625e+05 1.80968184e+04 3.36355850e+06
 1.74432148e+04 2.85514406e+05 7.21829688e+04 2.36963969e+05
 7.51938960e+07 4.65489219e+05 7.16878000e+05 9.96464062e+03
 3.42112469e+05 1.32540469e+05 1.99625296e+08 2.24220850e+03
 1.81925562e+06 4.04586312e+05 4.63065156e+05 1.00651304e+08
 1.30081970e+02 2.36310600e+06 3.56148320e+07 2.48023536e+08
 3.65551953e+04 6.25537920e+08 2.69935406e+05 2.39338800e+06
 5.09853672e+04 3.70239812e+05 1.22983633e+04 6.94435078e+04
 1.01938562e+05 1.67722562e+05 8.60286406e+04 8.68797344e+04
 4.30846688e+05 1.92682531e+05 2.30983219e+05 2.23392075e+06
 2.08370219e+05 1.92903609e+05 1.55646984e+05 1.06505720e+08
 2.24196250e+05 1.13118523e+05 6.82449250e+05 1.00271016e+05
 4.11089344e+05 2.50668450e+06 3.05998574e+04 7.33229188e+05
 8.15880320e+07 5.85202938e+05 3.45966272e+08 1.09790602e+05
 4.63997800e+07 5.60984188e+05 2.61916848e+08 3.97187469e+05
 1.37340496e+08 6.79298828e+04 1.11254977e+05 7.23069562e+05
 1.20916992e+05 3.39504094e+05 5.15822469e+05 1.52005069e+09
 6.17217812e+05 5.35418240e+07 1.72921408e+09 5.44662305e+04
 2.74904812e+05 9.22366054e+09 5.23888031e+05 2.45346784e+08
 8.45152875e+05 1.68325922e+05 1.70512352e+08 1.23848275e+06
 3.75539875e+05 6.34268311e+03 5.88612280e+07 9.27577734e+04
 3.08243712e+08 3.51307781e+05 1.85708734e+05 4.35350188e+05
 8.20035062e+05 6.00243555e+04 3.27976156e+05 4.51726125e+05
 5.99874609e+04 2.55756100e+07 1.35258500e+05 1.51258859e+05
 1.07493711e+04 2.17821445e+04 1.06234914e+05 9.02491120e+07
 2.90027110e+09 8.35897168e+03 1.43593125e+05 9.13619297e+04
 1.07241750e+05 9.02589375e+05 1.95486000e+06 1.57237375e+05
 1.11750262e+06 1.29417768e+08 1.49453781e+05 2.43516875e+04
 1.33422288e+06 8.34539438e+05 4.46482400e+07 1.36632719e+05
 1.66481562e+06 1.03371808e+08 2.61396040e+07 5.75715125e+05
 1.61540848e+08 9.58536500e+06 4.35232406e+05 2.80957938e+05
 1.27778690e+07 1.70470156e+05 1.87563297e+05 2.04875875e+05
 6.58753438e+04 4.31324062e+05 2.33161523e+09 1.88645728e+08
 3.60285300e+06 2.47683376e+08 4.71455450e+06 4.63801562e+05
 6.27429500e+05 1.27095440e+07 2.37248740e+07 5.93078656e+08
 4.73795488e+08 8.95678594e+04 6.62430469e+03 1.82280215e+04
 1.39608422e+09 4.96543672e+04 2.16942500e+05 8.42977750e+05
 1.02103492e+05 1.38349472e+08 2.04456538e+06 9.47692800e+07
 9.45141250e+05 8.25952812e+04 4.50820200e+07 1.62888625e+05
 5.44472750e+05 9.26849219e+04 1.74335904e+08 4.79057640e+07
 3.22356062e+05 3.45607031e+04 6.34559883e+04 9.06081094e+04
 2.97992344e+05 2.32860766e+05 1.01867062e+05 3.97798781e+05
 2.31019075e+06 1.02626438e+06 5.56992896e+08 7.42848576e+08
 2.71191562e+05 5.91690112e+08 2.58848609e+05 3.57360938e+04
 1.59236638e+06 2.88976350e+06 6.76863688e+05 7.30394219e+04
 1.42671266e+05 2.15370875e+05 8.36320576e+08 1.08325391e+04
 2.94555520e+08 3.86921438e+05 5.37330304e+08 1.20712562e+05
 4.04521914e+04 7.53728240e+07 1.40544288e+06 5.20396448e+08
 6.35287125e+05 8.72789504e+08 2.42562031e+04 2.17530528e+08
 4.06616880e+07 1.12514336e+04 3.19728320e+03 1.36671300e+06
 6.12056875e+04 2.10597305e+04 1.93392662e+06 3.75869856e+08
 1.12739546e+09 5.20127305e+04 1.31005586e+05 6.81217040e+07
 1.66691281e+05 2.46297728e+09 8.26394609e+04 1.38082172e+05
 8.43912240e+07 1.99418950e+06 1.48626969e+05 1.59808203e+05
 5.76955812e+05 4.38256938e+05 5.44692040e+07 5.67699453e+04
 2.28587266e+05 3.92028925e+06 5.83303200e+06 7.52180625e+04
 4.38055562e+05 7.85903250e+05 2.76039757e+09 2.27477906e+05
 1.45428896e+08 8.21806562e+04 8.28408768e+08 2.25553312e+05
 1.18501128e+08 1.28413688e+05 5.91129297e+04 6.44450898e+04
 2.81287219e+05 3.07614812e+05 9.79688720e+07 2.54024627e+09
 3.12058219e+05 3.75597469e+05 1.06281305e+05 2.45892688e+05
 3.62165875e+05 5.75600625e+05 1.04584570e+05 2.61626453e+05
 5.08647719e+05 1.08086992e+04 3.90523984e+04 3.99009875e+05
 2.04445808e+08 3.24508656e+05 9.12692812e+04 3.06413086e+04
 1.28020049e+04 1.20340414e+05 1.52474141e+04 8.13843984e+04
 2.02555734e+05 3.28307980e+07 1.94439562e+05 5.04806738e+03
 6.02043789e+04 3.81596812e+05 2.90695371e+04 2.24620006e+09
 4.76092281e+05 2.26891780e+07 4.89084480e+08 1.70655344e+05
 1.38086875e+05 1.69760144e+08 6.74604288e+08 2.19939950e+06
 1.13225492e+05 2.77007100e+06 2.53778688e+05 3.01706800e+06
 3.64402000e+06 2.91527500e+04 7.46465438e+05 1.01955328e+05
 1.37483088e+06 3.90945250e+05 1.89701453e+05 3.58221875e+05
 1.49805594e+05 1.27554352e+05 7.61385312e+05 7.85651938e+05
 1.58339438e+06 1.18354808e+08 7.92915776e+08 2.45787392e+08
 6.31187840e+08 1.92341219e+05 3.35726440e+07 3.35991844e+05
 2.62775776e+08 1.06018504e+08 2.98215800e+06 8.18260469e+04
 3.49783648e+08 5.55371250e+04 1.00590719e+05 2.02593040e+08
 4.16603281e+05 3.88418438e+05 3.46995906e+05 2.17320684e+04
 9.96049500e+05 8.24425781e+04 9.06869760e+07 2.78760300e+06
 4.48753640e+07 1.94634883e+04 2.08290812e+05 4.04724750e+05
 8.16064746e+03 1.07440205e+09 6.36314812e+05 4.44497938e+05
 1.94999359e+05 5.08825688e+05 1.30143172e+05 1.48344969e+05
 7.87885781e+04 3.06354656e+05 8.43223359e+04 2.64662281e+05
 1.91951328e+08 8.94812266e+04 7.25710750e+05 1.08040383e+05
 2.41839406e+05 3.15722875e+06 1.88638464e+09 9.79081016e+04
 3.40812812e+04 6.68011162e+09 3.43654720e+08 1.06115227e+05
 1.74820453e+05 9.68555234e+04 3.85130656e+05 1.78676912e+08
 9.02924062e+05 2.21088344e+05 6.16337312e+05 3.33612150e+06
 1.06195038e+06 2.64195094e+05 2.72720875e+06 5.20834688e+05
 8.72060156e+04 3.87545117e+04 2.56544275e+06 7.91526250e+04
 1.02100227e+05 3.14339312e+05 3.50682938e+05 9.01689688e+04
 2.38317082e+09 3.56718688e+05 6.87351688e+05 8.03806094e+04
 2.89139875e+05 3.21960688e+05 7.46678150e+06 6.42275226e+09
 2.37651016e+05 1.39133516e+05 4.70206003e+09 1.71744094e+05
 2.51537850e+06 4.58658969e+05 4.69186406e+05 1.63190512e+06
 2.25873438e+05 1.20181576e+08 3.06419840e+09 1.15158016e+08
 1.13341466e+09 4.74304281e+05 4.43387960e+07 1.55192047e+05
 2.01448738e+06 1.46501984e+05 7.78193920e+08 4.04787383e+04
 4.88605024e+08 5.40704062e+05 9.60940918e+03 7.93366400e+06
 1.02731312e+05 1.80343904e+08 6.85448875e+05 7.81411953e+04
 8.88002656e+04 2.41903540e+07 5.49986758e+04 1.53376438e+05
 1.00320812e+05 7.19946750e+05 2.83262562e+05 1.09761425e+06
 1.35841762e+06 6.31925050e+06 9.42080250e+05 2.52402402e+04
 1.49640162e+06 2.24244992e+08 7.71674950e+06 1.85308915e+09
 1.47087094e+05 3.31041184e+08 2.61729570e+04 4.42119531e+04
 9.75070188e+05 5.50471836e+04 1.05815675e+06 3.78389280e+08
 1.24402212e+06 5.88430586e+04 9.02042578e+04 8.90010752e+08
 1.20371448e+08 2.19061445e+04 1.18422400e+08 6.19031872e+08
 2.40823688e+05 3.09188594e+05 7.80173984e+04 2.30880094e+05
 1.10003512e+06 9.61920469e+04 5.19355450e+06 5.77840640e+08
 3.39917261e+09 2.11129056e+08 7.20146752e+08 3.61526289e+04
 1.21411362e+06 4.56821016e+04 1.03498211e+05 3.93025568e+08
 3.89237852e+04 6.85979600e+07 1.01180256e+08 7.08338875e+05
 4.66246938e+05 1.13406906e+05 1.44708266e+05 7.65062400e+08
 3.68204023e+04 3.47007227e+04 3.00818969e+05 2.11368075e+06
 4.21300195e+03 1.86157469e+05 5.90778560e+08 2.12282875e+05
 2.05640500e+05 7.15317734e+04 5.56652438e+05 1.07172200e+06
 5.44899562e+05 9.89838359e+04 2.10437172e+05 1.92134719e+05
 1.95598703e+05 1.86279609e+04 3.83726875e+06 3.40843031e+05
 1.91788234e+05 7.39283584e+08 2.46508752e+08 2.39085625e+06
 8.10027969e+04 2.94099938e+05 7.96576062e+05 1.57915968e+08
 7.41043600e+07 9.08372320e+07 6.88192938e+05 6.05624727e+04
 3.36169062e+05 1.01255281e+05 1.34382109e+05 1.39127504e+08
 2.77990656e+05 1.85789625e+05 3.82344116e+03 1.63926928e+08
 3.54274344e+05 4.96483680e+08 1.25346575e+06 8.71910812e+05
 4.06298375e+05 2.08844094e+05 2.57561953e+05 1.88201680e+07
 2.43658312e+05 6.10787720e+07 3.17522208e+08 2.29157475e+06
 4.41123242e+04 8.49303672e+04 6.90273216e+08 2.23312969e+05
 9.08370859e+04 2.70302560e+07 1.37993840e+08 2.18620825e+06
 3.31542375e+05 2.56137256e+03 8.94842304e+08 7.07987062e+05
 2.06189012e+06 5.21762062e+05 1.25971117e+05 4.66322752e+08
 1.29148562e+05 4.64657617e+04 3.54206289e+04 1.67333984e+05
 2.63708570e+09 3.28181875e+05 5.68501709e+03 8.13076640e+07
 6.01139264e+08 5.38655859e+04 2.51902161e+01 3.77274680e+07
 2.95882406e+05 2.73498594e+05 1.59168438e+05 1.37354625e+06
 3.20888094e+05 1.04471906e+06 2.03654032e+08 2.45883350e+06
 8.10320859e+04 4.35890720e+08 9.83685875e+05 8.59507188e+04
 2.82932384e+08 2.86904256e+08 3.10009875e+05 4.58543000e+05]
199625020.0
11744839000.0
