[6.13572875e+05 7.23037812e+04 7.56272266e+04 2.11556969e+05
 3.25711000e+05 1.73894906e+05 6.93384297e+04 2.39037047e+05
 8.53427000e+05 1.35207328e+05 3.07202250e+05 1.65895781e+05
 6.58143688e+05 3.36508438e+04 3.07758711e+04 2.29024547e+05
 3.03973562e+05 1.26910602e+05 5.89103250e+05 2.08574800e+06
 2.67978062e+05 4.88635742e+04 1.77534200e+07 2.80504031e+05
 2.99152383e+04 2.05056750e+06 7.89612500e+06 2.45365875e+05
 1.08673320e+05 6.12165664e+04 5.42406062e+05 1.87425562e+05
 1.79473078e+05 8.88869688e+04 1.78682328e+05 7.60612109e+04
 1.32688984e+05 6.94612188e+04 1.72639922e+05 2.48048574e+04
 7.38883438e+05 9.12513562e+05 2.00951344e+05 3.69176062e+05
 2.35448953e+05 2.03341047e+05 6.59218047e+04 7.17349531e+04
 1.02940477e+05 1.16402288e+06 2.27193477e+04 1.81767172e+05
 4.34972422e+04 2.31477100e+06 5.50579648e+04 7.15056172e+04
 1.15039469e+05 8.12538312e+05 3.60304844e+05 1.27161094e+05
 5.21736656e+05 2.66567031e+05 2.73124414e+03 4.34595742e+04
 3.79964414e+04 6.91470750e+05 5.14877812e+04 2.63349746e+04
 5.95395703e+04 1.23260600e+06 4.56049023e+04 3.08002656e+05
 3.03759355e+04 1.21733469e+05 1.49732469e+05 1.91254625e+05
 2.10334828e+05 1.98554219e+05 3.19310254e+04 3.37008450e+06
 7.54401719e+04 1.26566250e+05 4.40404180e+04 1.22558188e+05
 1.23148359e+05 3.92750234e+04 9.01292266e+04 4.37568711e+04
 2.75438125e+05 3.11376219e+05 1.84043688e+05 6.03574500e+05
 4.71822109e+04 2.69651469e+05 8.95786200e+06 8.07723672e+04
 1.68385812e+05 2.01433844e+05 1.21882938e+05 3.15155957e+04
 2.00603906e+05 1.43492422e+05 5.74125000e+04 5.72240391e+04
 7.15322656e+04 1.29790102e+05 9.29810938e+04 1.04658508e+05
 1.40457750e+05 5.46232188e+04 1.50065453e+05 4.00045031e+05
 2.60284062e+04 1.27470750e+05 2.34964984e+05 7.18827500e+04
 4.64353750e+04 3.59623969e+05 2.57629672e+05 3.96466562e+04
 2.60640797e+05 2.46840984e+05 6.57324062e+05 1.94691862e+06
 1.88315250e+05 4.24559688e+04 4.06574023e+04 1.54423828e+05
 9.39461641e+04 5.96169492e+04 7.77881641e+04 5.60356680e+04
 1.37603094e+05 4.59832266e+04 8.23784844e+04 6.52790977e+04
 2.37047891e+05 4.78659688e+04 2.97094906e+05 1.86952312e+05
 1.94222656e+05 2.79261406e+05 3.46198156e+05 3.57373844e+05
 4.60251438e+05 3.66904180e+04 2.14210098e+04 3.46842375e+05
 2.71361812e+05 6.79072125e+05 7.49538047e+04 3.77999438e+05
 6.85889062e+04 7.05320391e+04 1.40630688e+05 1.48326312e+05
 7.56484297e+04 1.57714650e+06 4.06936211e+04 1.03045944e+06
 7.16681062e+05 5.52510977e+04 2.79971328e+04 4.10521523e+04
 2.27153156e+05 9.51419297e+04 8.40391016e+04 9.74606250e+04
 1.52626531e+05 3.12850750e+05 2.38165586e+04 1.28448008e+05
 1.25778422e+05 1.32836844e+05 4.43781680e+04 1.46205000e+05
 1.09871516e+05 6.93821719e+04 8.63931719e+04 1.73112250e+06
 1.24515203e+05 3.77424453e+04 5.17197350e+06 3.24429969e+05
 1.27785602e+05 1.21603844e+05 7.17119062e+04 7.42779375e+04
 1.86034188e+05 4.63112891e+04 1.20755984e+05 2.99052715e+04
 5.45337539e+04 1.19137180e+05 1.12053400e+06 3.05474766e+04
 6.88553188e+05 5.03125977e+04 3.99278789e+04 3.80398156e+05
 1.25627492e+05 2.35913266e+05 3.20444156e+05 6.67776719e+04
 2.11907125e+06 3.38349100e+06 6.78875000e+04 1.73200500e+05
 6.70912500e+04 5.82473398e+04 4.73917344e+04 9.76829141e+04
 6.34408789e+04 3.17007625e+05 2.06356016e+05 4.23104727e+04
 1.39958703e+05 3.05327129e+04 5.14592594e+05 8.82606484e+04
 6.03717305e+04 8.17164062e+04 6.11079531e+04 1.17140738e+06
 1.52508859e+05 1.08066727e+05 3.96688000e+05 3.98679336e+04
 1.02055016e+05 1.47968088e+06 2.00112422e+05 4.51459414e+04
 1.56378703e+05 1.03808664e+05 2.62725723e+04 4.67049281e+05
 1.46718891e+05 3.43666954e+01 1.04114703e+05 8.70843906e+04
 7.76114750e+05 5.09638828e+04 1.15212325e+06 2.67418062e+05
 5.94970977e+04 1.45050625e+05 7.35785859e+04 1.53157125e+05
 2.65430344e+05 2.72872100e+06 2.87769961e+04 4.92012125e+05
 5.67075898e+04 4.43344492e+04 1.12167711e+05 1.00816023e+05
 1.65273125e+05 5.71494531e+04 1.16341617e+05 5.29586758e+04
 3.27907225e+06 4.01768906e+05 1.37676212e+06 4.14483164e+04
 2.94471816e+04 5.09083281e+04 8.88647344e+04 2.27703625e+05
 3.27809031e+05 1.73379922e+05 2.63307832e+04 1.33763175e+06
 2.77942695e+04 6.00281484e+04 6.94974938e+05 1.23857094e+05
 1.80731788e+06 7.18922500e+05 1.38151266e+05 1.66712088e+06
 1.10588109e+05 6.33388750e+05 6.22321484e+04 1.10341430e+05
 2.69371777e+04 1.47420516e+05 2.49847719e+05 2.15147734e+05
 3.23014199e+04 2.02024688e+05 2.68187200e+06 7.10494375e+04
 3.34539000e+05 6.25151758e+04 2.67611074e+04 7.21796094e+04
 1.07040227e+05 6.32185938e+05 2.90386375e+05 2.75512324e+04
 1.28830359e+05 2.98514336e+04 2.00046250e+05 1.29755888e+06
 3.57805250e+05 1.03220650e+07 3.20174980e+04 9.11495000e+05
 9.17828359e+04 6.80085391e+04 2.89160840e+04 1.54468938e+05
 8.30101688e+05 7.54846094e+04 5.23986211e+04 1.72331031e+05
 1.56949156e+05 6.72212062e+05 5.38308789e+04 9.87818312e+05
 6.16348633e+04 2.41108969e+05 1.76255016e+05 4.01721656e+05
 7.83445750e+05 3.38727188e+04 1.57138388e+06 7.60396406e+04
 4.03508656e+05 2.38474750e+05 3.04029043e+04 5.12343594e+04
 8.03827344e+04 1.31977625e+05 1.97178906e+05 2.77926406e+05
 4.34603711e+04 5.54625195e+04 8.10290375e+05 9.38714297e+04
 1.12232617e+04 2.96350781e+05 5.58313086e+04 3.49651438e+05
 5.94120117e+04 2.76722827e+03 4.59552578e+04 1.52152328e+05
 7.27956250e+05 3.80323320e+04 2.53928641e+05 4.22461700e+06
 8.88458438e+04 2.54259234e+05 1.86149062e+05 1.70404281e+05
 2.76155000e+05 1.79189234e+05 1.02487555e+05 1.53773516e+05
 2.77517531e+05 5.23368375e+05 5.24874625e+05 7.09376484e+04
 1.00976688e+05 1.90517600e+06 8.09199062e+04 5.26954180e+04
 1.59962325e+06 2.14607984e+05 2.53526812e+05 2.31853906e+05
 3.50135975e+06 9.45178750e+04 1.00878594e+05 7.45513500e+05
 3.15850325e+06 1.74235391e+05 5.12118906e+04 8.64628828e+04
 4.35207562e+05 3.76763688e+05 2.47759900e+06 9.89995312e+04
 1.14417320e+05 4.40669531e+05 4.96863945e+04 1.55843344e+05
 3.08897375e+05 1.56135312e+05 3.83614469e+05 5.55269297e+04
 9.18795391e+04 7.25251875e+04 9.36834609e+04 1.89701328e+05
 5.10888828e+04 1.30311175e+06 1.29145570e+05 1.22497375e+06
 3.07814004e+04 1.22916352e+05 5.40568594e+04 5.15068633e+04
 5.42312688e+05 1.26808430e+05 3.85233320e+04 1.02686898e+05
 1.46679410e+07 1.37011344e+05 6.66696719e+04 5.82576000e+05
 5.45692500e+05 1.27267188e+05 1.25400250e+06 4.06148906e+05
 3.00394121e+04 1.49564078e+05 1.56009906e+05 1.63361500e+05
 3.36028375e+05 2.14731328e+05 1.10375273e+05 3.88146531e+05
 6.64704141e+04 1.19940203e+05 3.17356344e+05 4.89259688e+04
 3.54199250e+05 2.59751344e+05 3.35810312e+04 2.07958281e+05
 4.60967891e+04 1.74593953e+05 7.36209844e+04 6.25843594e+04
 8.48521641e+04 6.97590625e+04 1.16133453e+05 1.27359039e+05
 1.11008414e+05 9.15047812e+04 1.56206406e+05 2.94967562e+05
 8.83256094e+04 2.82055684e+04 4.74133828e+04 4.51389219e+05
 6.53318867e+04 1.68158500e+05 6.34891797e+04 7.70821100e+06
 7.49312891e+04 4.44648938e+05 4.14238312e+05 9.05773047e+04
 4.57692969e+04 2.64497469e+05 9.12330688e+05 5.67482969e+04
 9.60500625e+04 8.13863828e+04 4.15034375e+04 3.40672148e+04
 2.89335281e+05 4.28775508e+04 1.94939406e+05 2.93372168e+04
 7.15758438e+04 3.85169625e+06 1.13988344e+05 1.53226500e+05
 4.30201406e+04 1.85152641e+05 3.81640625e+04 4.78034438e+05
 3.80042930e+04 8.78127734e+04 4.51884688e+04 8.22335156e+04
 1.47457484e+05 1.86402406e+05 9.95088906e+04 9.77028516e+04
 7.84133984e+04 9.49252188e+04 6.25782422e+04 1.32617775e+06
 4.36789727e+04 1.10577539e+05 5.89773047e+04 2.36234781e+05
 5.63847617e+04 1.10710016e+05 1.91855797e+05 4.38818242e+04
 5.09944062e+04 2.17000850e+06 9.83506250e+04 1.13094781e+05
 4.72938945e+04 2.58017203e+05 1.51439391e+05 4.68227344e+04
 1.31263750e+04 8.23090391e+04 1.41826084e+04 4.22564312e+05
 1.36651672e+05 3.97256367e+04 6.74223281e+04 2.24827469e+05
 7.23545078e+04 8.30214688e+04 7.58655391e+04 1.69418672e+05
 5.70231938e+05 3.59487695e+04 4.90361000e+05 1.28111359e+05
 8.49477656e+04 2.95476550e+06 1.24027742e+05 1.25099156e+05
 4.64551375e+05 3.72351758e+04 7.75454688e+04 3.43758438e+05
 8.17622500e+04 4.64768672e+04 4.82931875e+04 3.95027500e+04
 4.85604570e+04 2.34698438e+05 4.39633945e+04 1.18701008e+05
 5.37026438e+05 3.03779562e+05 1.18154789e+05 2.22354484e+05
 4.83958750e+05 7.69829600e+06 3.65614922e+04 7.94442578e+04
 2.14544844e+04 8.41991172e+04 2.91963344e+05 3.54298672e+04
 5.34069000e+05 5.22669688e+04 1.36244203e+05 5.85584258e+04
 9.06749062e+04 7.82317375e+05 3.77092773e+04 4.54473500e+05
 1.25075969e+05 3.64655625e+04 4.13157539e+04 7.39901094e+04
 3.37939625e+05 1.73426141e+05 5.51222969e+04 1.18656670e+04
 1.31693848e+04 6.47189062e+04 5.25810781e+04 9.31848938e+05
 2.52424781e+05 3.31610977e+04 1.15520836e+05 1.59761000e+05
 1.42343962e+06 3.96212344e+05 2.93077344e+05 3.43419781e+05
 7.68915547e+04 1.20049836e+05 9.80735000e+05 2.55145762e+04
 1.80883875e+06 5.94024727e+04 6.25060875e+05 3.77821781e+05
 1.88356656e+05 1.62021288e+06 3.31803281e+04 1.22618547e+05
 7.44462656e+04 1.98575922e+05 2.11297016e+05 8.26899688e+04
 1.53109062e+05 4.85676836e+04 4.66747312e+05 2.52819656e+05
 3.68632773e+04 4.27808047e+04 3.17538531e+05 2.98900195e+04
 1.55274988e+06 5.87185750e+05 2.86501426e+04 5.19727266e+04
 4.53768188e+05 1.56023135e+04 1.09550016e+05 6.20247109e+04
 2.37923578e+05 3.61151719e+05 3.22757012e+04 1.18865398e+05
 4.19434750e+05 2.87552250e+05 1.19765648e+05 1.65606141e+05
 5.99891312e+05 4.91343438e+05 4.14831469e+05 3.28766312e+05
 5.37490234e+04 1.59591750e+05 8.98179062e+04 2.27114355e+04
 1.17140219e+05 5.02756938e+05 1.45383359e+05 2.51621465e+04
 1.88732984e+05 2.21292297e+05 2.20453656e+05 3.72912500e+04
 1.50862438e+05 1.33493891e+05 5.99629961e+04 4.09861914e+04
 1.18023516e+05 5.08414062e+04 2.62863781e+05 7.98602500e+05
 8.29464609e+04 5.92927500e+05 8.22395234e+04 7.59202344e+04
 6.82182700e+06 6.76602109e+04 1.73708359e+05 5.46194375e+05
 3.98706914e+04 4.46500977e+04 3.96759375e+04 2.56805438e+05
 1.04137219e+05 2.07294414e+04 1.43080328e+05 1.59507844e+05
 5.28675430e+04 1.02840931e+06 1.50203703e+05 2.80739902e+04
 8.89297500e+04 7.51027562e+05 1.58364000e+05 7.44745234e+04
 6.90689766e+04 1.05645945e+05 6.26679531e+04 8.21808203e+04
 5.90106875e+04 9.79267750e+05 3.37822113e+01 1.19468133e+05
 4.76367539e+04 3.64470438e+05 1.97748297e+05 5.52704562e+05
 8.13797422e+04 7.15966406e+04 2.79900375e+05 5.76287375e+05
 4.75450508e+04 6.16495859e+04 9.92573828e+04 9.51831953e+04
 3.27360000e+05 4.76310938e+04 7.55707969e+04 6.71175750e+05
 5.85215000e+04 2.71613812e+05 6.10455898e+04 4.14669281e+05
 3.85697031e+04 1.91277406e+05 4.33875938e+04 7.69260234e+04
 1.30837350e+06 3.55487891e+04 1.64785359e+05 8.04293828e+04
 4.11845039e+04 7.12887344e+04 5.42938281e+04 1.73767031e+04
 3.45658242e+04 1.46043531e+05 2.20941895e+04 9.34664297e+04
 1.34642844e+05 3.78080039e+04 2.77478625e+05 1.05578281e+05
 6.70574500e+05 6.38342562e+05 1.28363594e+05 8.51997625e+05
 5.42074625e+05 1.45066963e+04 7.32594453e+04 6.39035977e+04
 1.83515969e+05 7.41555078e+04 1.19531164e+05 6.89680688e+05
 2.49255645e+04 7.81997188e+04 2.25721406e+05 1.85246012e+06
 7.92277000e+05 8.05346641e+04 3.12388406e+05 7.26186562e+04
 2.34576844e+05 8.69190438e+05 4.80869344e+05 1.25448828e+05
 1.52121953e+04 5.83389336e+04 2.45309016e+05 8.17885391e+04
 5.51836625e+05 2.71476719e+04 2.75144375e+05 4.24935938e+04
 2.38589719e+05 5.71449812e+05 2.90713975e+06 2.58754312e+05
 3.87941172e+04 5.27706875e+04 7.35745875e+05 4.72581602e+04
 9.88894297e+04 9.22968984e+04 4.94480000e+04 5.52899648e+04
 4.32417539e+04 9.38263047e+04 4.14747906e+05 3.80569180e+04
 5.22033867e+04 5.18690625e+04 5.78494258e+04 5.21865000e+05
 5.24856914e+04 2.72562383e+04 1.16487734e+05 1.42410688e+05
 8.52550156e+04 4.12016719e+05 7.84860938e+05 1.62650703e+05
 3.36876625e+06 2.15283188e+05 1.02509516e+05 7.60081328e+04
 3.52411836e+04 5.76529062e+04 1.25264328e+05 6.87946484e+04
 8.19190000e+04 6.37735898e+04 2.08622297e+05 6.65633906e+04
 3.53868398e+04 1.70589662e+06 9.22536625e+05 2.03037910e+04
 8.65837266e+04 1.52879075e+06 7.47454062e+04 9.27775781e+04
 5.06326406e+04 3.25544750e+05 1.45950375e+05 1.38720062e+05
 2.90236000e+05 4.68245352e+04 4.03028625e+05 4.80549000e+05
 4.47093812e+05 8.69674141e+04 2.37928453e+05 1.82076891e+05
 1.67099719e+05 2.30478766e+05 1.11545508e+05 5.67893945e+04
 5.85514180e+04 7.46041797e+04 1.42081375e+05 1.41160500e+06
 5.57871125e+05 8.63044688e+04 1.58603922e+05 4.21416328e+04
 3.61884297e+04 9.17442891e+04 1.17741775e+06 1.49708850e+06
 2.52793656e+05 5.96631641e+04 9.74258000e+05 5.48984102e+04
 8.27449562e+05 3.84645219e+05 7.42160391e+04 4.88924125e+05
 8.05036406e+04 4.59594922e+04 3.26883062e+05 3.38573469e+05
 2.93433406e+05 1.33315322e+04 6.93129531e+04 2.54558301e+04
 7.64853625e+05 4.57452266e+04 2.72324188e+05 2.46806367e+04
 6.40007383e+04 1.30726289e+05 1.71659344e+05 1.24334575e+06
 1.06542680e+05 4.05242617e+04 1.15072508e+05 2.12142832e+04
 8.72581719e+04 7.80296328e+04 2.04697484e+05 1.32942156e+05
 1.82666547e+05 1.45658312e+05 2.61588594e+05 1.04112719e+06
 1.97953688e+05 1.84358375e+06 1.84314078e+05 5.58705039e+04
 2.65547750e+06 1.58670812e+05 1.53954375e+06 3.84695625e+05
 5.74084297e+04 1.06290750e+05 4.41402461e+04 5.53235273e+04
 3.90579844e+05 1.86106895e+04 6.71880562e+05 7.90616406e+04
 1.36613550e+06 5.99008516e+04 9.17091484e+04 2.00215891e+05
 8.52051953e+04 1.22214062e+05 4.57210820e+04 1.91203984e+05
 8.42982812e+04 1.51694141e+05 5.67485391e+04 1.79592156e+05
 4.45825562e+05 7.22692656e+04 1.73492525e+06 6.27709688e+05
 3.30799775e+06 2.08037891e+05 1.56341094e+05 4.25356992e+04
 2.95650250e+05 5.63322070e+04 6.02278516e+04 5.12201484e+04
 6.39888633e+04 8.95084141e+04 3.01249969e+05 2.49667922e+05
 2.35995312e+05 2.97959648e+04 4.83780664e+04 1.08304195e+05
 4.15192734e+04 2.14612051e+04 1.61087469e+05 4.33150750e+05
 3.97582188e+04 1.61015094e+05 2.39093242e+04 1.27122602e+05
 3.12820562e+05 9.63753203e+04 1.25348992e+05 1.27695492e+05
 2.72273938e+05 2.58018234e+05 6.92148359e+04 2.41111680e+04
 8.17638750e+05 9.17365078e+04 1.07821961e+05 5.51938320e+04
 3.71027734e+04 3.13595594e+05 4.17955234e+04 3.68814900e+06
 9.46836484e+04 7.64242656e+04 1.11512336e+05 1.77809125e+05
 9.45430000e+04 2.52340449e+04 3.10045469e+05 1.16471500e+05
 6.64553750e+04 6.48400625e+04 3.57897852e+04 8.58575547e+04
 4.66559500e+05 5.31149258e+04 3.97069102e+04 1.40404484e+05
 6.11815117e+04 2.24253906e+05 1.82941828e+05 3.38299344e+05
 1.62557375e+05 4.46996523e+04 1.81311594e+05 1.96566740e+07
 2.38856047e+05 1.00270008e+05 7.07326641e+04 1.68532725e+06
 3.36777070e+04 1.11130211e+05 5.12798656e+05 2.14130997e+02
 6.89258516e+04 1.24947828e+05 1.34175094e+05 4.38193781e+05
 3.70551812e+05 3.71794062e+04 3.68468781e+05 1.57767562e+05
 1.39174825e+06 3.32166500e+05 1.03986797e+05 1.03377312e+05
 7.26855547e+04 1.58729453e+05 7.63050469e+04 1.12804516e+05
 3.77961250e+06 1.15684273e+05 1.82027359e+05 2.06850977e+04
 8.43861719e+04 2.46427344e+04 4.19743555e+04 1.33797190e+07
 1.57889859e+05 3.22775996e+04 3.06396738e+04 2.14154938e+05
 2.71410812e+05 3.03719875e+05 2.16200797e+05 1.14585700e+06
 7.40149121e+03 1.13488297e+05 4.67057625e+05 2.33568797e+05
 2.75852852e+04 3.15921641e+04 2.70199297e+04 9.70413359e+04]
