[3.27144199e+04 1.77469875e+05 2.64132715e+03 5.75177305e+04
 5.16689648e+03 6.82156484e+04 2.89152871e+04 2.63161219e+05
 3.89004031e+05 3.21125397e+02 1.86273849e+02 3.29239336e+04
 1.04849775e+06 1.44892188e+05 2.22994469e+05 3.25584204e+03
 7.32958203e+03 2.16615156e+04 2.68911938e+03 2.28126875e+06
 8.46143164e+03 1.31620047e+05 2.40351000e+06 1.81733844e+05
 1.18487602e+02 6.00693213e+03 3.78806348e+03 1.08401221e+04
 4.23939990e+03 7.54569766e+04 1.73441375e+05 2.76214141e+04
 2.11081230e+04 4.70509094e+05 4.24102461e+04 3.51660913e+03
 6.67714000e+05 1.77888516e+04 1.97126750e+05 2.62989771e+03
 1.68301900e+06 7.45605762e+03 1.32095312e+06 6.68376438e+05
 6.50930811e+03 3.44365454e+03 3.50571594e+02 2.66803491e+03
 1.71998672e+04 1.72394121e+04 7.78364075e+02 6.92792236e+03
 3.92958450e+01 4.27849336e+04 5.04305430e+04 7.26709473e+03
 1.01695078e+05 4.98507350e+06 1.73392793e+04 2.64436035e+03
 8.94494453e+04 3.73340552e+03 6.06773242e+03 5.19447119e+03
 7.18145000e+04 3.65752695e+04 2.92161406e+04 4.70900281e+05
 1.19559944e+02 1.62736055e+04 1.98918418e+04 2.89978105e+04
 1.04844326e+04 8.06028906e+03 1.96698719e+05 1.33070388e+06
 2.58733368e+02 1.33696875e+03 2.14239600e+03 7.87208812e+05
 5.33048008e+04 3.01009938e+05 2.60086699e+04 3.08216406e+05
 8.45466094e+04 1.64013555e+04 1.26873555e+05 2.37610791e+03
 2.47665796e+03 7.39168457e+03 2.05898379e+04 9.53047969e+04
 3.76632782e+02 4.67735138e+02 2.19984648e+04 1.71018143e+02
 7.21085859e+04 9.26932578e+04 7.23855469e+02 7.28265259e+02
 1.56550752e+04 3.73149536e+03 1.20813232e+03 2.91529688e+03
 5.12144250e+05 2.02923281e+04 1.06714368e+03 4.60318594e+04
 8.90053281e+04 9.48061953e+04 1.46685974e+03 3.42837964e+03
 1.84307422e+05 3.55663719e+05 3.07289233e+03 1.95145056e+03
 6.21294899e+01 1.62140322e+04 2.19678242e+04 2.01712012e+03
 1.01485400e+04 6.01729199e+03 5.13907500e+05 9.14826562e+04
 4.43800537e+03 1.23211250e+05 3.67128969e+05 9.28316211e+03
 1.35179956e+03 4.72076225e+01 3.54150653e+00 6.58956985e+01
 1.21768250e+02 6.74304626e+02 7.30333862e+02 2.65362422e+04
 8.82373828e+03 2.64595972e+03 5.16551086e+02 2.28211152e+04
 8.54008594e+03 9.55612598e+03 4.50879004e+03 6.34954844e+04
 4.52803436e+02 2.54181859e+05 2.19882875e+05 1.72692930e+04
 9.85474316e+03 2.04904902e+04 2.52103516e+04 5.61582812e+04
 1.63162158e+04 4.54789581e+02 1.83004297e+05 4.32323672e+04
 9.47905960e+01 9.32091797e+03 2.98194512e+04 3.56486250e+04
 1.06500852e+05 7.04705029e+03 1.03984460e+03 1.73847644e+03
 1.11300557e+04 9.07992062e+05 1.32864316e+04 6.45043000e+05
 1.80493391e+05 7.33201375e+05 7.76787891e+03 2.04904750e+05
 1.11779406e+05 2.84099941e+04 2.74605493e+03 9.75308938e+05
 9.21615000e+04 1.90178223e+04 2.92303101e+03 1.30642609e+05
 1.00868242e+04 4.34571219e+05 1.13941086e+05 1.23123762e+06
 2.85230625e+04 4.10892432e+03 3.52588501e+02 3.09376831e+03
 1.09134082e+04 2.83116724e+03 2.80655750e+05 3.06080875e+05
 5.18366309e+03 1.47378369e+04 7.98421300e+06 5.63252563e+02
 2.23325879e+04 2.39698000e+05 1.36325068e+04 3.72730493e+03
 2.39073730e+04 3.94597998e+03 1.11541225e+06 1.19055297e+05
 2.33854500e+06 1.12297700e+06 3.47052808e+03 1.53266113e+03
 5.47397168e+03 7.90566846e+03 1.19650654e+04 3.54363844e+05
 4.93694366e+02 4.70973844e+05 3.85772305e+04 9.34862695e+03
 8.49936875e+04 1.23558252e+03 2.39998711e+04 2.42021118e+03
 6.46817505e+02 6.88562744e+03 2.14812817e+03 6.52835450e+06
 5.36121367e+04 2.55431299e+03 7.08201025e+03 2.02416286e+01
 3.73850625e+04 3.71995078e+04 3.18363969e+05 4.60615387e+02
 8.42177051e+03 9.62011597e+02 1.05218311e+04 2.11965938e+04
 4.66586572e+03 5.59355352e+04 1.54685999e+03 2.73223719e+05
 5.14033477e+04 2.73688257e+03 1.29002141e+05 5.48902312e+05
 1.10455162e+02 1.59699375e+06 8.19714375e+04 1.44873859e+05
 5.83778789e+04 1.96508250e+06 4.03184845e+02 1.73981531e+05
 5.82429382e+02 5.72320361e+03 3.23379094e+05 1.51419775e+03
 6.03399707e+03 2.76334448e+03 1.62608703e+05 5.51906328e+04
 1.07030953e+05 1.43602312e+06 3.92121100e+06 1.78638652e+04
 4.70384863e+03 4.95228711e+03 4.36536875e+04 3.24480200e+03
 1.89587859e+05 2.05017969e+04 2.95099316e+03 4.38124756e+03
 3.00464902e+04 2.75069727e+04 4.03225430e+04 3.31811469e+05
 6.07702979e+03 8.28868594e+04 1.38773574e+04 7.01085625e+04
 3.08560376e+03 3.66731201e+03 2.34959326e+03 1.63787178e+04
 8.18375305e+02 1.20426250e+04 2.49936508e+02 5.27692812e+04
 8.83725830e+02 6.20539438e+05 3.97393900e+06 8.09754062e+04
 5.20995664e+04 1.33811255e+03 8.59437695e+03 3.36808765e+03
 1.67656191e+04 8.57354004e+03 1.18330879e+04 3.32161591e+02
 9.17312378e+02 1.28520157e+02 2.17821734e+05 2.67860156e+03
 6.48913086e+03 2.40104640e+07 4.32545996e+00 3.83814990e+03
 5.89475891e+02 3.46327759e+03 1.57080780e+02 1.23421888e+06
 1.05102842e+04 4.98760031e+05 3.49849648e+04 1.08641750e+06
 4.59037445e+02 6.13603750e+05 4.04580969e+05 1.41820352e+04
 1.58549516e+05 3.00462500e+03 3.97695312e+04 2.87685664e+04
 5.37294873e+03 2.16580109e+05 9.14762031e+04 1.35379875e+05
 3.38568825e+06 1.97296500e+06 3.00642930e+04 1.88029321e+03
 1.00877142e+03 2.02504272e+03 2.86440582e+02 1.75561270e+04
 8.24495544e+02 1.26871582e+03 2.70069250e+06 2.54520996e+03
 5.94834912e+03 2.78445250e+05 1.86033279e+02 3.29053125e+04
 6.03449492e+04 9.41067261e+02 3.99708344e+02 6.83211312e+05
 8.87401641e+04 4.06747021e+03 3.94858086e+04 2.46015117e+04
 2.65924023e+04 3.92010474e+03 5.30481005e+00 9.98416699e+03
 1.02125856e+06 1.09797789e+05 1.17826533e+04 2.82677906e+05
 7.29759155e+02 9.99424125e+05 2.51926758e+04 2.37573574e+04
 4.11766016e+03 5.07859969e+05 1.29744092e+04 3.07273965e+04
 4.97526055e+04 2.04864707e+04 1.30600067e+02 1.81203186e+03
 5.51359375e+04 1.87776428e+03 1.91357891e+04 1.32701412e+06
 2.24906547e+05 1.83137720e+03 1.77248383e+02 1.47609229e+03
 1.43109150e+04 1.83399048e+03 2.25785672e+05 1.97150952e+03
 3.71364771e+03 6.50014954e+02 1.42679321e+03 6.64812266e+04
 3.55265320e+02 4.58658154e+03 9.90949922e+04 1.25041333e+03
 3.05463470e+02 2.04842285e+04 2.92406958e+03 1.61571797e+04
 4.12675635e+03 2.74531300e+06 1.24097266e+03 1.16300525e+06
 4.38158600e+02 1.17917178e+04 4.52729065e+02 8.22142334e+01
 6.54718359e+03 1.49392469e+05 7.79543091e+02 1.28813281e+03
 6.02087625e+05 1.02359609e+04 1.79558359e+04 8.16832373e+03
 1.61074112e+06 2.29484644e+03 3.95070094e+05 9.69624121e+03
 3.26026611e+02 2.39979375e+05 1.93147375e+03 6.56969750e+05
 4.57524062e+04 4.48485222e+01 4.09698633e+04 1.05343594e+05
 1.57552658e+02 1.56504297e+03 2.77162531e+05 3.99676641e+04
 1.42451612e+06 9.82859277e+03 4.14448535e+03 6.89972266e+03
 6.94706006e+03 4.38040352e+04 9.12764160e+03 2.89290344e+05
 4.18194000e+02 3.87327219e+05 1.04656396e+03 9.31632446e+02
 4.61252014e+02 1.51841919e+03 5.62631055e+04 4.76854102e+03
 7.36963721e+03 7.64490204e+01 3.38718140e+03 6.06800977e+03
 5.91397168e+03 2.55662172e+05 9.11191895e+03 1.12744840e+07
 4.52599756e+03 2.20035078e+04 2.40157875e+06 1.44775101e+02
 1.42325352e+04 5.57733301e+03 1.24600388e+06 9.97138245e+02
 3.10016382e+03 5.47091016e+04 8.61906250e+02 9.33624707e+03
 9.05385125e+05 1.58463354e+03 1.38088288e+06 1.34963945e+04
 6.16303564e+03 2.26424243e+03 1.20007344e+04 1.47230188e+05
 4.21034454e+02 5.78753438e+05 2.42429281e+05 1.29468150e+06
 6.90670703e+04 5.89008250e+05 5.04413428e+03 5.12012354e+03
 2.24884922e+05 9.18333750e+04 3.21967305e+04 6.29343359e+03
 8.77390918e+03 1.30738174e+04 6.13863672e+03 6.22254800e+06
 4.62664648e+04 3.00901489e+03 5.52687256e+03 4.75470215e+03
 4.98257959e+03 5.42172266e+04 2.74025500e+05 7.97760400e+03
 3.05385078e+04 1.27608312e+05 1.87561328e+05 2.01019922e+04
 7.83362344e+04 1.59516338e+06 2.98917129e+04 3.83911182e+03
 9.10320862e+02 2.66850508e+04 4.54735693e+03 2.96337207e+03
 3.18573022e+03 2.59426562e+05 5.39017969e+04 3.40500488e+03
 1.13647217e+03 7.38581836e+03 7.50907188e+05 3.02376602e+04
 1.25290508e+04 4.81617065e+02 1.00707006e+06 5.83612793e+03
 3.80091211e+03 1.23441450e+06 3.95991150e+02 2.72909119e+02
 2.01037461e+04 1.45446084e+04 3.02839795e+03 3.55669961e+04
 4.96263037e+03 1.14301465e+04 1.47943770e+04 8.10468140e+01
 2.61213867e+04 3.30900438e+05 1.98713721e+03 4.27308008e+03
 5.96229570e+04 3.89380312e+04 1.82061096e+03 8.61847250e+05
 1.06421016e+04 1.29339800e+06 3.29793457e+03 2.29229736e+03
 2.04549402e+03 1.28763367e+05 3.96035828e+02 4.40879844e+04
 2.54925594e+05 4.16198535e+03 1.02133211e+05 4.30395234e+04
 3.82482593e+03 5.45659424e+02 4.93113721e+03 1.05327500e+06
 1.32906719e+05 1.36075394e+02 1.54461902e+03 6.24817578e+03
 2.36218609e+05 3.82734131e+02 5.96813184e+03 8.29979858e+02
 1.25605005e+03 1.49638232e+03 8.22109680e+02 6.90720391e+04
 7.56847412e+03 6.72174170e+03 3.63058765e+03 8.24200684e+03
 4.54181200e+06 9.41802656e+04 5.65941328e+04 1.00859781e+06
 2.11487354e+03 5.81617661e+01 1.72151738e+06 3.87157617e+03
 2.18283770e+04 6.96834531e+04 1.29683799e+04 2.88024854e+03
 1.44184434e+04 2.11158425e+06 2.51749710e+02 3.66854727e+04
 8.35298359e+04 9.10094336e+03 3.22714331e+03 2.65454346e+03
 3.37148242e+03 1.67738452e+03 2.13625984e+05 3.30155312e+05
 1.25501904e+04 1.98197192e+03 6.69110312e+04 8.48149796e+01
 8.83854875e+05 1.03629678e+04 1.44922803e+04 2.22170776e+03
 3.52597925e+06 4.19042041e+03 8.04681312e+05 4.12967969e+03
 6.35331500e+05 5.73095215e+03 4.08765625e+03 2.57929547e+05
 4.24015674e+03 1.49586543e+04 9.24618607e+01 6.26147000e+05
 2.32013013e+03 9.24028516e+03 1.69734980e+04 1.05702178e+04
 9.78248535e+02 7.36980908e+03 6.41026917e+02 3.10875000e+04
 1.05881625e+05 1.28425805e+05 4.00393994e+03 2.60081177e+03
 1.05635439e+04 7.47505371e+03 2.96558312e+05 1.15926160e+03
 1.20135000e+04 7.15431484e+04 3.12583906e+05 6.43939148e+02
 2.18125171e+03 7.12727109e+04 2.57441699e+03 1.98517422e+04
 2.32368984e+05 7.71529625e+05 5.49641797e+04 2.54660107e+03
 4.99130430e+04 2.12626489e+03 1.12282354e+04 8.38115417e+02
 2.00679419e+03 3.68989038e+03 1.55586162e+04 5.68096250e+04
 3.70976062e+05 1.08687659e+03 2.84761841e+02 2.04655655e+02
 3.87419775e+03 1.70137388e+06 2.29379297e+03 2.37966992e+03
 3.08298364e+03 2.21900516e+05 5.57591797e+04 5.69268262e+03
 6.99726135e+02 4.09309009e+03 3.83614746e+02 5.57154443e+03
 2.97244458e+03 1.23689117e+05 6.43354750e+05 7.97135559e+02
 1.68800812e+05 1.47551891e+05 5.40451721e+02 1.05869912e+06
 1.97150964e+03 3.14458740e+03 1.95973254e+03 1.07550854e+03
 1.15308609e+02 2.52688818e+03 2.28791138e+03 4.95335254e+03
 2.36397675e+06 4.62208252e+03 4.04684033e+03 2.32526621e+04
 1.74456192e+02 3.42588625e+05 2.66367344e+04 5.16633203e+03
 6.96968125e+04 1.72011288e+06 4.80145039e+04 6.05535278e+02
 5.36416992e+04 5.70492920e+02 6.93451416e+03 1.11039673e+03
 5.11121484e+04 2.51722906e+05 1.30513110e+03 8.06796045e+03
 5.25667875e+05 1.15788506e+04 2.70728882e+02 4.71033062e+05
 2.32359297e+04 1.47274963e+03 3.48175415e+03 6.10087422e+04
 3.93183925e+06 1.36465107e+04 1.77837122e+03 1.92523050e+06
 4.03594781e+05 2.25483594e+04 1.55206238e+03 3.56250586e+03
 4.34306250e+05 1.48512354e+03 1.60065149e+03 8.90056562e+05
 2.93895918e+04 9.85385971e+01 3.17919375e+05 4.63110938e+04
 6.67296562e+05 3.45378479e+02 2.83930031e+05 5.83562061e+03
 8.53292188e+03 3.43514961e+04 2.40416235e+03 1.73822168e+04
 1.55101078e+05 7.52430176e+02 4.89664160e+03 1.95698238e+06
 1.45917312e+05 1.21410820e+02 1.52163379e+04 5.30233281e+04
 5.61146875e+03 5.00465375e+05 9.92327800e+06 3.58904750e+05
 1.33351074e+03 1.34982859e+05 1.69456523e+04 3.90993848e+03
 1.61836500e+05 2.92238219e+05 7.39500439e+03 3.67689185e+03
 1.59125659e+03 2.31476543e+04 2.19251680e+04 1.16392542e+03
 1.03426456e+06 3.98224453e+04 8.07902578e+04 8.48602148e+03
 1.46903650e+03 4.18603857e+03 1.03050403e+03 2.57197461e+03
 1.42186084e+03 7.27083812e+05 1.20796357e+04 4.13293438e+05
 1.04779280e+07 1.35201075e+06 1.92957727e+03 1.04222002e+04
 7.67773926e+03 4.74845276e+02 1.30369849e+03 1.02649629e+04
 1.10557678e+02 1.93388928e+03 6.02164102e+04 2.12811969e+05
 2.39370266e+05 1.04903062e+06 4.62689336e+04 1.13861648e+05
 2.15001367e+03 2.21659121e+04 2.67233203e+03 1.42516953e+05
 1.06210474e+03 7.25915967e+03 4.74799414e+03 8.06452100e+03
 1.53650791e+04 2.12859790e+03 1.14801838e+06 4.04232188e+04
 3.12557012e+04 1.34782227e+02 4.37999727e+04 8.02616260e+03
 3.97449766e+04 1.79513330e+03 6.14892938e+05 1.65200574e+03
 1.99672742e+03 8.99032129e+03 1.56207861e+04 2.07067749e+03
 2.60442575e+06 6.04217334e+03 1.38696912e+03 7.36036804e+02
 2.27383141e+05 6.78636914e+03 1.12715215e+04 1.45639888e+06
 1.07243955e+04 1.17421013e+02 6.80735938e+04 1.71718086e+04
 1.60579875e+05 1.76282344e+04 7.20887061e+03 7.17608850e+06
 4.24112461e+04 3.66957344e+04 9.01770125e+05 3.91255200e+03
 1.18825801e+04 8.53955383e+02 9.05586060e+02 5.57254609e+04
 3.55308844e+05 1.52685059e+04 1.63207891e+04 5.52221172e+04
 1.13769938e+05 4.50481982e+03 8.21462598e+03 1.27143055e+05
 6.44094629e+03 4.06335969e+05 1.77076230e+04 5.79032349e+02
 5.97261328e+03 4.49176807e+03 3.12645435e+03 1.16934727e+04
 1.23386475e+06 8.84403516e+03 3.17957695e+04 3.47393575e+06
 1.77973303e+03 3.26801992e+04 2.17904590e+04 3.46818237e+03
 6.33018600e+06 4.85833643e+03 1.09734250e+05 1.61222393e+04
 1.53005406e+05 5.42945938e+05 3.87656445e+04 3.00383087e+02
 8.00911438e+05 3.31640344e+05 3.45962148e+04 4.51145459e+03
 1.73971100e+06 1.18093330e+04 2.80108130e+03 6.36090723e+03
 5.57889404e+02 1.12153172e+05 5.57874268e+03 4.21229969e+05
 3.02301514e+03 8.30164160e+03 3.53346777e+03 3.43590625e+03
 1.33635234e+05 2.84737988e+04 1.10345422e+03 2.70927246e+03
 4.92911250e+05 6.36650352e+04 1.84206519e+03 1.23555786e+03
 6.79689312e+05 1.82503406e+03 1.78203828e+04 2.97297129e+04
 8.01686768e+02 3.30299922e+04 6.17491553e+03 8.54379500e+05
 3.81804406e+05 1.14474355e+04 2.65643750e+03 1.40642766e+05
 4.84409336e+04 4.92288037e+03 4.96561646e+02 4.11815850e+06
 2.67622632e+03 2.20423320e+04 9.45978984e+04 1.36723555e+04
 5.17700531e+05 4.62094775e+03 1.87571543e+04 9.15471973e+03
 1.12447480e+04 5.27196000e+05 1.33296543e+04 5.56820984e+02
 2.78139331e+03 3.14168793e+02 1.07681888e+06 2.82865566e+04
 1.82364551e+04 9.66720469e+04 3.17562938e+05 2.18382350e+06
 1.73211536e+03 6.26519653e+02 6.10428047e+01 1.54416699e+03
 2.26116797e+05 2.42877258e+02 4.27616094e+05 2.17540894e+03
 5.14475547e+04 4.41973633e+03 3.65992523e+02 1.14933965e+04
 5.71016699e+03 4.92976807e+02 1.21536938e+03 4.17783545e+03
 1.62322686e+04 5.26509875e+05 8.66235000e+05 4.54097656e+04
 2.73076831e+03 3.82436499e+03 9.89568945e+03 4.52353938e+05
 5.52579688e+03 3.32273706e+03 3.89461914e+03 4.10186797e+04
 3.19561792e+03 3.96609023e+04 2.60085498e+03 8.35074453e+04
 1.29561975e+03 2.02474152e+02 4.00538672e+03 4.50385039e+04
 6.60065078e+04 2.08160132e+03 5.94904188e+05 3.18190088e+03
 2.51203770e+04 1.08167666e+04 2.88480420e+03 4.11434387e+02
 1.16780994e+03 9.23083789e+03 3.35991821e+02 1.64335039e+04
 3.82214438e+05 2.49502594e+02 2.71804922e+04 5.29533242e+04
 1.55729407e+03 3.68630310e+02 1.89498516e+04 4.54093281e+05
 1.94244958e+03 1.34665869e+04 2.13990703e+04 2.35341562e+04
 9.50925293e+03 1.10345112e+06 1.35018281e+05 2.41918237e+03
 2.22620117e+03 7.99995996e+03 5.45576172e+03 1.53159424e+03
 5.14795410e+03 1.00681964e+03 8.62453418e+03 1.41815918e+04]
280889.1
24010464.0
