[1.60534756e+04 6.51312790e+01 1.07167152e+02 1.87935449e+03
 2.62532532e+02 4.86827148e+03 2.11944458e+03 3.38031592e+03
 1.88198145e+04 2.50046484e+03 6.41420654e+03 2.10440601e+03
 2.26529932e+03 8.64359192e+02 9.54124329e+02 6.62969849e+02
 2.44933276e+03 6.41700073e+02 5.92914856e+02 1.59337002e+04
 1.80707397e+03 1.01703285e+02 2.00927844e+05 1.31919746e+04
 4.65858368e+02 2.94980005e+03 5.48318242e+04 8.01683472e+02
 1.37954498e+02 3.80246552e+02 1.46048633e+03 3.16130615e+03
 3.75663574e+02 2.23863602e+02 8.07370068e+03 6.99111267e+02
 9.42524475e+02 1.91678448e+01 2.95861792e+03 5.08798309e+02
 2.17316016e+03 1.77304761e+03 5.94257019e+02 1.19588867e+03
 7.67091553e+02 1.19901562e+03 1.57859329e+02 1.15293591e+03
 6.56615906e+01 2.39370337e+03 5.44550781e+02 2.57864478e+03
 1.60631561e+02 3.15229316e+04 9.15246948e+02 1.98115753e+02
 4.97678516e+03 5.49809473e+03 5.14062073e+02 6.45586365e+02
 1.23907441e+04 3.68913086e+03 4.53578552e+02 1.43833694e+02
 2.26976953e+03 2.03369568e+03 2.85586090e+02 1.06690201e+02
 9.52473984e+01 1.85484746e+04 1.78794510e+02 1.35012939e+03
 5.19317383e+02 1.18632043e+03 4.17603613e+03 5.46923486e+03
 2.41988113e+02 7.96037659e+02 2.11656082e+02 6.85835625e+04
 1.67466614e+02 7.41712402e+02 2.22641739e+02 1.43403976e+02
 4.71952454e+02 1.18464531e+02 1.36281937e+02 1.52798901e+03
 9.11829773e+02 4.47071503e+02 2.34520044e+03 3.24537832e+04
 1.19733875e+03 2.72181396e+03 3.34625094e+05 1.70387646e+03
 1.48602710e+03 7.60287476e+01 1.06132578e+04 1.27082184e+02
 1.06343613e+04 4.05757782e+02 1.06330652e+03 1.18597607e+03
 2.28462479e+02 4.49688110e+02 1.88984695e+02 9.97263184e+02
 1.42061584e+02 7.62957687e+01 1.77173386e+02 5.03524512e+03
 2.19653137e+02 1.17347412e+03 9.61219727e+03 1.79689560e+02
 1.40307922e+03 3.18565356e+03 6.04722510e+03 5.12667480e+02
 9.63876074e+03 3.14546997e+03 2.75528906e+03 1.20697764e+04
 5.06720490e+02 1.88897705e+02 4.95489502e+02 8.48190552e+02
 1.30537903e+03 1.88001160e+02 1.78451965e+02 8.44622375e+02
 4.73259674e+02 2.91564868e+03 1.05866663e+03 2.54760315e+02
 1.76831230e+04 6.97780457e+02 1.97559485e+03 1.65808773e+01
 1.03708115e+04 5.91012840e+01 8.51433203e+03 2.37045776e+02
 2.12954254e+01 2.06832333e+01 8.84452744e+01 1.60015938e+04
 2.18357727e+02 7.47163635e+02 1.60234009e+02 1.92452869e+03
 6.74178833e+02 7.01893005e+01 6.82457275e+02 5.86761414e+02
 1.38599960e+02 2.30411255e+03 9.27262726e+01 1.09748083e+03
 4.53747168e+03 5.26948486e+03 1.99016235e+02 2.19473495e+02
 1.92303491e+03 5.80585449e+02 1.27368240e+02 1.82986725e+02
 1.92084869e+02 2.86963428e+03 3.54539124e+02 2.18968750e+03
 2.57032007e+03 1.94164185e+02 1.01754816e+03 8.06288376e+01
 7.03183136e+01 4.61348206e+02 3.38492401e+02 2.00814612e+03
 9.72334961e+02 1.60586990e+02 1.35471719e+05 1.76789810e+02
 1.23072595e+03 8.39413910e+01 9.62439758e+02 2.30251489e+03
 5.69138428e+02 8.79930420e+02 7.01391296e+02 1.52040390e+02
 3.91773285e+02 2.03885315e+02 4.23184082e+03 1.63941669e+01
 1.25475037e+03 2.09731216e+01 1.49817001e+02 1.12510071e+03
 1.55254431e+03 2.36248993e+02 1.25978467e+04 7.31899231e+02
 4.73915938e+04 9.51949646e+02 1.72245285e+02 1.70452469e+02
 1.58582672e+02 1.48357269e+02 8.32546768e+01 1.31104416e+02
 2.13856396e+03 3.97409271e+02 1.29769241e+02 1.46585815e+02
 1.19902563e+03 3.30849121e+02 6.21464111e+02 2.31865501e+00
 5.70646545e+02 2.78577332e+02 1.27908684e+02 2.54406504e+04
 1.10342969e+03 2.05007095e+02 1.91474219e+03 1.24269241e+02
 2.09908463e+02 2.02934941e+04 1.48375336e+02 2.15683289e+02
 2.45890625e+03 8.55784241e+02 1.53397629e+02 1.12608154e+04
 4.12050586e+03 7.52089417e+02 1.95634937e+03 3.50562134e+02
 4.12765228e+02 9.55763397e+01 6.22122266e+03 7.91574658e+03
 1.30754358e+03 3.02478442e+03 2.88434204e+02 1.82634717e+03
 1.59273376e+03 1.06350659e+03 9.53785477e+01 2.54193176e+02
 2.12035995e+02 6.19531494e+02 1.66177979e+02 8.36703857e+02
 2.46666214e+02 1.23616058e+02 1.73347305e+02 1.96684174e+02
 4.64411768e+03 5.12614319e+02 7.69441211e+03 3.67907990e+02
 3.00227692e+02 2.97220032e+02 8.84379578e+01 1.81707336e+03
 1.05603540e+00 2.06363867e+03 4.19547607e+02 1.48137976e+03
 1.25846619e+02 1.60734961e+03 7.49645654e+03 9.53196350e+02
 3.52135083e+03 1.36917419e+03 1.17005786e+03 6.22000439e+03
 1.78008350e+03 3.10473022e+03 1.31415421e+02 7.16419449e+01
 1.22602036e+02 1.43458704e+03 1.29100332e+01 1.53033191e+03
 8.13458939e+01 4.36825348e+02 2.09067930e+04 1.11256372e+03
 5.82673486e+03 6.02406263e+00 5.49232300e+02 4.05879730e+02
 1.50533984e+03 3.50330597e+02 2.39087866e+03 1.13427811e+02
 3.17731152e+01 1.16019310e+02 1.23804326e+04 4.01245459e+03
 7.58713867e+02 1.82980820e+04 4.56323547e+02 1.69858613e+04
 1.22650368e+02 6.12340271e+02 2.59844025e+02 2.56623138e+02
 3.97744653e+03 7.81498352e+02 1.30093079e+02 1.31996558e+03
 1.10462285e+04 2.53830664e+03 8.13484668e+03 1.74025176e+04
 3.50321411e+02 1.72707251e+03 1.74324356e+02 6.58653223e+03
 4.03395820e+04 7.20113754e+01 1.76166281e+05 8.91879944e+02
 1.33935811e+04 2.26233643e+03 3.63230194e+02 4.65634003e+02
 2.00570404e+02 2.10602432e+02 7.08277441e+03 6.03016113e+03
 1.54535385e+02 1.06137314e+02 5.68674561e+03 4.48917603e+02
 8.29041824e+01 5.84691504e+03 8.80107056e+02 7.87517871e+03
 3.36093079e+02 1.15415878e+02 1.23653091e+02 1.43951282e+03
 3.17515566e+04 5.87119812e+02 7.57857971e+01 6.49108203e+03
 5.52320129e+02 1.08333092e+02 9.64462463e+02 9.08937561e+02
 4.41855859e+03 1.89192603e+03 3.31194031e+02 2.09621368e+02
 5.27055115e+02 4.63697235e+02 8.78652527e+02 8.67454651e+02
 4.07177188e+04 3.98717812e+04 3.00392651e+03 1.37436325e+02
 1.66161309e+04 2.18915747e+03 6.93999512e+02 9.32711133e+03
 2.33839277e+04 5.86278870e+02 3.06268311e+02 2.02867051e+04
 3.44174316e+03 1.74577957e+02 1.26469373e+03 9.05493103e+02
 1.28791577e+03 1.48951218e+02 1.16057988e+04 3.43788971e+02
 2.09374292e+03 7.40107056e+02 1.13127441e+02 6.54007187e+01
 3.24909210e+02 5.47730713e+01 1.13516650e+04 1.36448349e+02
 9.95766068e+01 6.82741455e+02 3.61012573e+03 3.76608960e+03
 1.85864807e+02 1.04779033e+04 5.22572136e+01 6.95798401e+02
 1.48955841e+02 6.16935310e+01 1.34637289e+01 2.79492554e+02
 1.57589707e+04 3.92543604e+03 2.10939014e+03 1.33662277e+02
 2.01208156e+05 1.03067700e+03 2.99277153e+01 8.55437988e+02
 3.76038757e+02 5.30518738e+02 2.85656855e+04 6.79606885e+03
 1.45490021e+02 5.16188698e+01 3.49090240e+02 7.38802673e+02
 6.25245361e+02 2.77398895e+02 5.45034851e+02 7.16099414e+03
 6.68427307e+02 1.02613440e+03 1.20545044e+01 8.68176270e+01
 4.84545605e+03 3.26573395e+02 1.03244247e+02 2.73353564e+03
 6.99565247e+02 4.62184180e+04 7.32701233e+02 1.37058289e+02
 1.16487756e+03 2.22826587e+03 8.22458374e+02 8.11533325e+02
 1.58803225e+01 1.06237274e+02 6.50424500e+02 4.73642822e+02
 1.48666260e+03 8.71089630e+01 3.15891449e+02 6.68491638e+02
 3.32656348e+03 1.93135706e+03 2.04829663e+03 1.44321670e+04
 2.92442047e+02 6.41390234e+03 6.02125586e+03 5.06522888e+02
 6.21526672e+02 1.24337524e+02 1.12165664e+04 7.15368713e+02
 3.11875732e+02 5.60250854e+02 1.74923050e+02 8.31295776e+02
 2.27742090e+03 1.40217316e+02 1.31172989e+02 1.65105371e+03
 8.25837769e+02 1.64383320e+04 2.23767075e+02 1.22629287e+04
 2.73367407e+03 1.89451453e+03 8.25483521e+02 3.38748230e+02
 8.35787659e+01 1.59834973e+03 1.88820709e+02 3.33786682e+02
 1.19054370e+03 2.88950220e+03 1.42740570e+02 7.52110046e+02
 2.20759888e+02 3.16049377e+02 9.57694580e+02 4.59607391e+02
 8.86545654e+02 7.27597656e+02 8.92591324e+01 2.38915207e+02
 1.56445190e+02 2.50719559e+02 2.12011938e+03 1.04258997e+03
 9.90134155e+02 4.10150781e+04 6.93981201e+02 5.54462662e+01
 8.06373474e+02 4.49162646e+03 1.03689492e+04 2.27767120e+02
 4.30738068e+02 8.15913269e+02 1.13219604e+02 1.59730457e+03
 9.50223694e+02 1.89161358e+01 1.82949509e+02 1.05484766e+03
 5.88614502e+01 1.93526526e+03 3.71095361e+03 2.73235547e+04
 3.34551880e+03 8.69587158e+02 7.57991577e+02 5.27347107e+02
 2.28226986e+01 2.07462520e+04 1.62046814e+03 1.46506912e+02
 2.58018750e+03 7.68471069e+01 7.89144409e+02 3.34675000e+03
 1.67652542e+02 3.25707245e+00 8.08998108e+01 5.23817810e+02
 1.60500336e+02 2.95614062e+03 6.35771362e+02 1.34017737e+03
 2.52888477e+03 2.49124390e+03 5.58020203e+02 1.63640686e+02
 2.49354517e+03 7.48203979e+02 9.61955566e+01 1.24493738e+03
 7.97323792e+02 5.14909058e+02 1.55529187e+03 8.66805077e+00
 2.23300977e+04 4.08254730e+02 1.33148511e+03 6.81685669e+02
 7.78004639e+02 5.85321289e+02 9.85551529e+01 6.86715430e+03
 1.65308826e+03 1.51028015e+03 2.78658417e+02 1.44751953e+02
 3.63466699e+03 2.25097925e+03 9.17401733e+02 8.32108398e+02
 1.57959546e+03 1.29884094e+03 6.01732666e+02 1.99667529e+03
 2.22401807e+03 8.86614685e+01 2.83032471e+03 9.74528809e+02
 3.21940088e+03 2.43489087e+03 1.75024473e+04 8.03945605e+03
 2.68281555e+02 1.06625389e+02 3.87873906e+04 1.03559583e+03
 2.31453164e+04 3.71315689e+01 2.41420508e+03 4.55349548e+02
 8.72683811e+00 4.31527461e+04 4.45168976e+02 3.46831146e+02
 2.76078888e+02 1.67797778e+03 1.75364334e+02 1.10386267e+03
 1.00812744e+04 4.93399170e+03 4.84007959e+03 2.78385352e+03
 2.82011108e+01 6.12201958e+01 7.10440283e+03 1.11622644e+03
 2.48047324e+04 1.27523232e+02 1.24670761e+02 5.89923279e+02
 6.50258350e+03 1.14347522e+03 2.34890552e+03 5.75377991e+02
 7.70995117e+03 4.39640106e+02 6.09121742e+01 1.71947998e+02
 5.43067322e+02 2.03308655e+02 6.48849304e+02 1.72054565e+03
 5.27871914e+04 1.82294141e+03 4.48724121e+02 1.42158027e+04
 9.35918961e+01 6.18214648e+03 1.36683975e+02 2.38030304e+02
 1.12179285e+03 4.93538879e+02 5.63437109e+03 5.39868408e+02
 1.04779492e+03 2.70811694e+03 4.05066943e+03 1.26639656e+02
 1.31870642e+03 3.10695068e+03 9.59714279e+01 1.09830086e+02
 5.47108789e+03 1.47003494e+02 1.96511627e+02 1.15285999e+03
 1.70803589e+03 3.93163696e+02 1.49183264e+01 2.96857941e+02
 9.45954531e+04 1.40470413e+02 3.72977075e+03 7.14860498e+03
 8.13470001e+01 1.16050439e+03 4.10394073e+02 2.75284088e+02
 1.34928137e+03 3.13092010e+02 2.43706494e+03 6.31896118e+02
 3.34713184e+03 4.45212891e+03 3.23376392e+03 3.44729309e+01
 2.02166321e+02 1.10271924e+03 1.15175457e+01 1.21300873e+02
 4.63595276e+02 5.77862854e+02 1.34513562e+03 4.57194855e+02
 1.51665939e+02 4.08763367e+02 1.68713457e+04 3.68312646e+03
 4.43965625e+03 7.83954932e+03 7.21629248e+03 1.38518340e+04
 1.35122482e+02 9.71420776e+02 2.54199829e+01 1.86370742e+04
 4.62730255e+01 1.68062912e+02 9.38397675e+01 1.02949573e+03
 4.05877045e+02 1.56394302e+02 1.05875513e+03 3.59444180e+04
 1.52930969e+03 1.09485791e+03 2.00715530e+02 4.45944287e+03
 1.95063928e+03 9.17310156e+03 1.43011108e+02 7.75536743e+02
 1.72268713e+03 1.16883446e+02 4.20611938e+02 7.37334595e+02
 8.15008423e+02 2.42604050e+02 4.51598602e+02 4.78538879e+02
 1.04338037e+03 2.90709839e+03 6.11441895e+02 1.43275330e+03
 2.16908960e+03 1.21572388e+03 5.45818848e+03 1.06956604e+03
 4.13536084e+03 3.60610962e+02 3.30743408e+02 3.40252305e+04
 4.73198975e+03 3.53805145e+02 3.25911469e+02 3.02254395e+03
 3.16449921e+02 9.52710114e+01 2.87957520e+02 3.03438750e+04
 5.38689026e+02 2.45498706e+03 3.30279541e+03 3.70675488e+03
 1.31522520e+04 6.21756531e+02 5.01789917e+02 5.09649353e+01
 3.66889648e+03 3.09563477e+04 8.04976709e+03 2.54515698e+03
 1.24943733e+02 3.29375916e+02 4.73261816e+03 5.75386902e+02
 8.61453308e+02 1.21084015e+02 3.55214209e+03 2.36978626e+01
 1.66961047e+03 1.07581641e+04 4.38440781e+04 7.99525146e+02
 1.22801304e+01 7.39372742e+02 4.42710791e+03 2.57212134e+03
 1.17961571e+02 6.46530469e+03 1.96661606e+01 1.58142105e+02
 1.19445564e+02 5.96226616e+01 7.56972266e+03 6.04491272e+02
 4.10370264e+03 2.84491638e+02 5.39173937e+00 1.34523291e+04
 1.94619019e+02 5.19211426e+01 4.47312805e+02 3.41710059e+03
 1.00607109e+02 3.12706104e+03 1.50845322e+04 5.71646582e+03
 1.44011025e+04 8.62395508e+03 5.73646301e+02 4.70898781e+01
 1.76979721e+02 3.02130615e+03 2.19590259e+03 1.46578415e+02
 8.94133240e+02 4.46098877e+03 1.05374481e+02 6.25127014e+02
 6.87005615e+01 2.69955396e+03 1.98493860e+03 6.99253967e+02
 2.06339575e+03 9.14174688e+04 6.27689285e+01 1.27344531e+03
 8.05360352e+02 8.69559814e+02 1.60862305e+03 2.18054855e+02
 2.97651398e+02 2.48867651e+03 1.25335967e+04 5.02915619e+02
 1.84531543e+04 2.26698291e+03 1.27347402e+04 1.21034766e+03
 1.67580420e+03 1.82424512e+03 2.26432471e+03 1.09322778e+03
 4.33382568e+02 3.22203674e+01 8.10523315e+02 2.61566382e+03
 3.89987915e+03 8.21047745e+01 1.49988617e+02 1.76076099e+03
 3.69787048e+02 8.45194885e+02 9.78001660e+03 5.56108320e+04
 1.37727209e+03 1.41714941e+03 9.33215625e+03 6.59138412e+01
 7.63559875e+02 3.40443039e+00 1.30112988e+03 4.60720410e+03
 1.01085251e+02 1.48885559e+03 3.55877045e+02 8.66761169e+02
 6.08692200e+02 1.24558691e+03 6.58086624e+01 8.34521423e+02
 7.62101379e+02 7.76793594e+01 1.93680679e+02 1.47117249e+02
 1.19733452e+02 2.18783350e+03 1.93145630e+03 5.57094336e+04
 6.45372925e+02 1.94613113e+02 3.77996918e+02 8.85549011e+02
 1.63279388e+02 8.58976135e+01 3.95015015e+03 3.17169214e+03
 1.00365991e+03 2.69218384e+02 7.93066992e+03 5.38564990e+03
 1.67601331e+03 5.19676416e+03 4.04843604e+03 4.73479652e+00
 6.43407812e+04 9.77043076e+01 6.18670391e+04 1.23302635e+02
 9.58418213e+02 2.46059082e+02 8.46046677e+01 7.27036972e+01
 4.05504062e+04 2.00904761e+03 5.09492859e+02 3.03506396e+03
 2.94762539e+04 5.37468994e+02 6.93522095e+02 2.20555762e+03
 1.20393494e+03 3.29152222e+03 9.07265425e-01 3.01992096e+02
 6.46736694e+02 1.71299377e+03 8.91504974e+01 5.59986572e+03
 1.79137090e+04 7.19042114e+02 3.68318789e+04 1.11168408e+04
 3.22781035e+04 2.08200394e+02 4.33405469e+03 1.00900597e+02
 2.05134570e+03 1.44275696e+03 6.94399338e+01 2.08687439e+01
 9.28606796e+01 9.22248306e+01 8.08136749e+01 2.42550098e+03
 1.76466270e+04 9.58228226e+01 4.80841357e+03 2.93293438e+01
 2.93767517e+02 4.05605469e+02 1.25466843e+02 4.22512744e+03
 1.06870918e+02 1.58333047e+04 5.87965546e+01 1.40990308e+03
 1.83375793e+03 9.52158661e+01 3.82661426e+03 2.10104935e+02
 5.67614685e+02 3.82064805e+04 1.44275452e+02 2.39840412e+01
 9.52276550e+02 2.52986794e+01 3.85383252e+03 7.63193970e+01
 1.26663986e+02 7.82180615e+03 1.15479102e+03 5.49079932e+03
 1.02381775e+03 1.03991968e+03 1.64262939e+03 9.13100037e+02
 1.69067004e+03 5.08170052e+01 1.34936982e+04 1.40348679e+02
 1.74406700e+01 2.77180176e+02 1.61774582e+02 3.13959058e+03
 1.34039561e+04 1.18126782e+03 5.76491638e+02 1.08912445e+02
 1.29150146e+03 3.04022552e+02 6.24268896e+03 4.50948291e+03
 2.80129688e+03 1.36879150e+02 5.14682251e+02 8.64349707e+03
 3.72350708e+03 1.05191382e+03 1.00959143e+03 2.12391406e+05
 4.26502571e+01 1.46119858e+02 6.12432324e+03 4.17129883e+02
 1.33673111e+02 9.82459412e+02 6.74630585e+01 1.10313633e+04
 4.07449023e+03 6.92601746e+02 6.17248584e+03 1.30532336e+03
 1.86229614e+03 3.93808960e+03 1.42944534e+02 1.44069885e+03
 1.26410071e+03 3.06591827e+02 2.95593052e+01 1.85622607e+03
 3.93066328e+04 3.18169830e+02 1.05381580e+03 1.25074722e+02
 1.14745398e+03 6.57307892e+01 3.82044525e+01 1.31050840e+04
 7.85325928e+02 2.88284863e+03 6.34592590e+02 2.95416895e+03
 6.63681396e+03 2.08265762e+02 7.38645859e+01 7.93204004e+03
 1.42743576e+02 1.89825464e+03 1.77186487e+03 5.87887109e+03
 4.27901642e+02 1.60071075e+02 1.57702881e+02 5.84211731e+00]
4951.093
334625.1
