[5.80419900e+06 7.50678400e+07 1.85896125e+05 2.00096875e+06
 2.92417997e+09 2.59169440e+07 6.21910498e+03 2.50843376e+08
 1.90017162e+06 6.67515625e+05 1.52288717e+09 1.79828262e+09
 4.92753306e+09 9.21220880e+07 2.78194250e+05 4.16311392e+08
 3.02977696e+08 7.91992480e+07 1.18668225e+06 8.59552700e+06
 4.61602688e+05 1.90682812e+05 1.38029777e+11 8.36441750e+05
 9.63836960e+07 6.04920300e+06 2.27913344e+09 2.33484922e+05
 2.69920906e+05 7.84292188e+04 3.44038800e+06 3.60499456e+08
 1.22676400e+08 1.79291904e+08 1.44498412e+06 8.92711920e+07
 8.18064219e+04 2.78142680e+07 4.08124375e+05 1.31198266e+05
 3.54624589e+09 2.09707123e+09 1.26787875e+06 2.31598516e+05
 9.57989312e+08 6.34849728e+08 2.20416480e+08 2.18915680e+08
 6.88386688e+05 1.29048909e+09 2.46468094e+05 5.27706880e+08
 8.96617188e+03 2.55410688e+09 6.31520547e+04 1.16907109e+05
 3.91852256e+08 7.37695590e+09 5.35987040e+08 4.94972969e+05
 6.92877688e+05 3.75251160e+07 4.62692438e+05 2.75695648e+08
 2.01366781e+05 1.22129612e+06 4.95761375e+05 4.37663156e+05
 4.75772188e+04 2.78980406e+05 4.46596160e+07 3.69153750e+05
 3.15525220e+07 4.76916640e+08 2.59356984e+05 1.23887962e+06
 1.32969281e+05 1.04917880e+08 1.52370547e+05 1.67654390e+07
 3.73492992e+08 1.09109280e+08 2.31094720e+08 2.01188240e+07
 6.57385938e+05 9.81983672e+04 5.05938250e+05 4.36103280e+07
 1.29747085e+09 5.65070784e+08 2.46910704e+08 3.79929626e+09
 1.37252627e+04 9.03436288e+08 3.00924360e+07 1.22819070e+05
 3.38405719e+05 2.15722859e+05 4.92315400e+07 3.68933880e+07
 4.34695281e+05 1.24117888e+09 2.71286844e+05 6.33801133e+04
 7.48129792e+08 2.36264141e+05 8.19208480e+07 7.60773280e+07
 4.83479500e+05 1.43368448e+08 4.57634562e+05 9.12719688e+05
 1.25460439e+04 4.39208512e+08 8.70272500e+05 5.35946944e+08
 4.90962720e+07 1.32905152e+09 1.25113250e+06 3.50723160e+07
 6.12781250e+05 2.17635098e+09 2.35614131e+09 2.56452700e+06
 3.52852480e+08 7.57825293e+03 6.90260625e+04 2.92485696e+08
 1.43670368e+08 3.48787719e+05 3.72970188e+05 1.83530896e+08
 5.13933024e+08 1.83560781e+05 3.39328576e+08 1.03662984e+05
 2.12847025e+06 1.84555264e+08 4.62834272e+08 5.11124812e+05
 6.86103000e+05 1.73234611e+09 1.27953800e+08 2.43736672e+05
 1.94520162e+06 3.46557720e+07 1.39558859e+05 1.89748621e+09
 1.12426450e+06 6.66820608e+08 3.60550784e+08 4.36174000e+05
 8.71959188e+05 1.74797152e+08 1.56845184e+08 1.09385704e+08
 5.10146120e+07 6.17383936e+08 2.81523240e+07 3.92683872e+08
 2.49526225e+06 1.79714864e+08 1.22773531e+05 4.56870719e+05
 1.15674075e+06 1.65590048e+08 7.66161536e+08 3.34580234e+04
 6.88485703e+04 2.24032925e+06 1.05399742e+05 4.91903906e+05
 2.24259056e+08 3.62137891e+03 7.07868500e+05 1.34030584e+08
 1.56588646e+09 2.62925000e+05 6.88319440e+07 4.86348450e+06
 3.66564875e+05 5.79960078e+04 2.62106940e+07 5.22326912e+08
 1.48597656e+05 2.80061406e+05 1.17448800e+08 4.39128781e+05
 8.75400250e+05 4.31566758e+04 1.19309900e+06 2.00922064e+08
 6.45433984e+04 1.70057062e+05 2.18083482e+09 1.56294438e+05
 4.00436650e+06 1.73359953e+05 9.72571040e+07 5.84302438e+05
 2.80807688e+05 7.03389453e+04 3.62744650e+06 2.15206625e+05
 1.19044557e+09 7.30783100e+06 1.30679340e+07 4.17268781e+05
 2.12269688e+05 2.10238406e+05 6.22549440e+08 2.96819844e+05
 1.04865453e+05 1.54135386e+09 1.82877107e+09 1.16582461e+05
 6.92433024e+08 2.83147900e+07 2.15054125e+06 2.64148500e+05
 6.33337000e+07 4.64258816e+08 2.15515152e+08 5.86026850e+06
 1.91200700e+06 5.86082688e+08 1.78753391e+05 1.60452891e+05
 4.83605719e+05 2.28988025e+06 3.84397406e+05 7.21124320e+07
 3.38539375e+05 2.14060172e+05 3.60165160e+07 1.08975550e+06
 6.04538688e+08 2.79101220e+07 7.50710480e+07 2.11190080e+08
 2.33320806e+09 2.34726944e+08 2.36660850e+06 1.07436391e+05
 1.85589388e+06 8.61245184e+08 8.58246272e+08 6.35895480e+07
 5.12470500e+05 7.73863950e+06 8.24533600e+07 1.51245812e+05
 2.91121632e+08 8.96088672e+04 8.72929688e+04 3.68665312e+05
 8.56838562e+05 4.51943680e+07 9.87470000e+07 4.25125125e+05
 1.41036920e+07 8.23128750e+05 2.46516685e+09 2.93100256e+08
 8.07402050e+06 4.62615344e+05 5.09978906e+05 1.30450430e+04
 8.11740250e+05 1.19493350e+09 1.66720256e+08 6.83979375e+05
 2.25368432e+08 5.75333400e+07 2.88556550e+06 5.06764416e+08
 2.03293212e+06 1.09609212e+06 1.74832609e+05 2.32851550e+06
 1.30329376e+08 6.46734272e+08 2.65805280e+07 2.05131216e+08
 8.80760000e+04 6.24110188e+05 4.13645719e+05 1.74120950e+06
 1.95984320e+07 1.46273139e+09 1.05759621e+10 3.44215562e+05
 1.79629425e+06 7.71526900e+06 2.64319941e+04 5.11536625e+05
 5.04990432e+08 5.95158464e+08 8.93764125e+05 1.37820960e+08
 3.70617031e+05 1.50551170e+07 2.46852784e+08 5.24725312e+08
 1.22624938e+06 2.55866820e+07 1.54726375e+05 6.61241000e+05
 5.82819392e+08 7.70448516e+04 2.06310078e+04 4.94712128e+08
 2.62376844e+05 1.17315992e+08 1.91254896e+08 8.54816188e+05
 3.18426281e+05 5.45958195e+09 2.08030580e+07 2.81307562e+05
 2.94329980e+07 1.29813171e+09 9.87812125e+05 1.51667789e+09
 5.66716570e+09 1.92585020e+07 6.09557850e+06 2.67358969e+05
 2.08260388e+06 2.19311258e+09 1.57496656e+08 3.32921688e+05
 3.29104512e+08 4.30487904e+08 2.65839812e+05 1.42545587e+09
 6.97173281e+04 2.10119766e+05 1.34347738e+09 4.67735800e+07
 5.60124560e+07 1.30152051e+09 2.51050422e+05 1.09934120e+07
 4.34112000e+08 6.29721640e+07 1.72283672e+05 4.26214531e+05
 1.23808934e+09 1.24793922e+05 2.03027238e+09 2.01631250e+06
 2.58843691e+04 6.25460672e+08 3.21557906e+05 7.61125188e+05
 3.30959625e+06 1.01292544e+08 1.76024784e+08 8.43901312e+08
 6.57568375e+05 1.45919200e+08 2.17234800e+06 3.21096832e+08
 7.40874906e+09 1.51101180e+07 7.50002432e+08 2.07762160e+08
 1.36704440e+07 2.36303525e+06 2.92199245e+09 1.27532488e+06
 3.13861500e+07 3.37730719e+05 3.47681781e+05 5.56863232e+08
 7.08763100e+06 6.56832250e+05 7.03736080e+07 6.50124727e+04
 2.24006900e+06 1.24292962e+06 4.43697664e+09 2.68194281e+05
 8.79430875e+05 1.25407750e+06 3.37929281e+05 7.99323812e+05
 7.11414480e+07 9.35590400e+08 4.18517800e+06 2.84806592e+08
 1.55559359e+05 7.89913120e+07 9.64414297e+04 1.85307392e+08
 7.70892500e+04 2.70819025e+06 6.69978816e+08 2.08366669e+09
 1.00335128e+08 5.28705632e+08 7.73058800e+07 9.18919120e+07
 8.62856688e+05 1.00362950e+09 3.13818208e+08 8.35068875e+05
 1.61128810e+07 1.22346025e+06 2.13834240e+07 1.46854425e+06
 3.15350733e+09 6.36347136e+08 5.56066816e+09 1.51121762e+06
 1.32372938e+05 3.03462156e+05 5.81733750e+05 2.12512391e+05
 4.10299160e+07 8.18239297e+04 4.94878240e+07 4.78276832e+08
 2.68664316e+04 3.96835688e+05 7.38702016e+08 4.06030125e+05
 7.20112128e+08 1.43907824e+08 9.97238516e+04 2.18704175e+06
 5.56277891e+04 1.06363988e+06 3.36455531e+05 2.10020576e+08
 2.93665184e+08 1.70484256e+08 8.98332480e+07 2.68899104e+08
 6.49350320e+07 4.47885750e+05 7.35081125e+05 3.25120928e+08
 1.06854184e+08 1.98069000e+05 4.01044531e+04 2.07562650e+09
 6.66604160e+08 1.42258864e+08 1.60916219e+05 5.14095250e+06
 1.60030144e+08 5.55613440e+08 1.61785700e+06 9.88406400e+07
 2.00607824e+08 3.59229248e+08 1.16657830e+09 2.34151078e+05
 1.70924880e+08 1.62133781e+05 1.56024266e+05 7.66489648e+03
 2.10131055e+04 6.09852160e+07 1.94721872e+08 1.10624248e+08
 2.20785140e+07 9.40103000e+06 1.01642899e+09 9.63802240e+08
 8.81385344e+08 3.24374469e+05 1.62283232e+08 1.43691930e+09
 1.66054740e+07 5.74951719e+04 1.28619976e+08 7.92750781e+04
 4.73735232e+08 4.28757080e+07 1.14994856e+08 1.30831920e+08
 4.39682464e+08 2.71454969e+05 4.00317856e+08 2.85517425e+06
 3.00624896e+08 4.49885640e+07 1.50294528e+08 7.48977688e+05
 2.50969560e+07 6.77604750e+05 4.86962344e+05 3.87933945e+04
 3.82450560e+07 5.32360650e+06 2.33480641e+05 6.67192188e+05
 4.11255469e+04 4.55748896e+08 8.07142250e+05 2.16196270e+04
 4.06029875e+06 1.33185304e+08 5.90211768e+03 6.49430784e+08
 4.63540760e+07 8.14588960e+07 2.21781136e+08 7.96151438e+05
 4.03801152e+08 4.88731758e+04 4.14969408e+08 1.37075302e+09
 6.87364625e+05 2.08469984e+05 7.62676250e+05 2.01887072e+08
 3.44919136e+08 7.80082483e+09 2.39410047e+05 1.32684922e+05
 1.85555000e+06 2.17541940e+07 2.05750288e+08 1.44508312e+06
 1.21127388e+06 3.83097031e+05 4.85673200e+07 1.27463227e+05
 4.00861600e+08 6.55286812e+05 4.87455469e+04 8.59906880e+07
 3.44901632e+08 1.03458106e+06 2.04315216e+08 1.68378288e+08
 3.26901781e+05 3.69562125e+06 9.92612400e+07 9.32472891e+04
 6.38822720e+07 1.89029088e+08 5.07483680e+08 9.43586000e+07
 1.07921498e+09 1.04531531e+05 1.08917812e+05 1.27132477e+05
 5.72474688e+05 8.79614562e+05 1.33323062e+05 2.02959411e+09
 6.07048562e+05 3.79742562e+05 7.45606812e+02 4.95292448e+08
 2.79994156e+05 4.07294112e+08 1.37637008e+08 5.90702500e+05
 1.79389024e+08 5.29760288e+08 2.76772928e+08 7.41719757e+09
 1.89419776e+08 1.30242880e+08 2.26499062e+05 3.99079120e+07
 9.56857800e+06 8.94405750e+05 1.62600154e+09 1.31184755e+09
 4.69034080e+07 5.52981568e+08 5.16753594e+05 8.35673125e+04
 5.88873984e+09 1.33556536e+08 2.10206525e+06 9.97128704e+08
 4.62151584e+08 2.07849825e+06 7.48566875e+04 4.25812032e+08
 5.81090304e+08 6.14084312e+05 1.19005144e+08 7.92745360e+07
 9.22308720e+07 3.39282528e+08 2.97832062e+05 3.18855200e+08
 4.15302784e+08 2.17457680e+08 1.20513997e+09 5.03751523e+04
 1.08616640e+07 2.27503150e+06 4.18781720e+07 2.66073812e+05
 2.27561242e+09 2.74695094e+05 1.28162070e+05 1.49967281e+05
 4.22373844e+05 6.64521152e+08 1.89822906e+05 3.37533750e+05
 1.62373788e+06 9.06604438e+05 7.26898312e+05 1.82394156e+05
 2.04595188e+06 3.30013775e+06 2.24395168e+08 1.82591000e+05
 1.38568992e+08 1.44763050e+06 1.68388544e+08 7.34866560e+07
 7.21586250e+05 7.52427125e+05 1.12513164e+05 1.68772891e+05
 1.75880188e+05 5.04366094e+05 1.68069788e+06 2.25406736e+08
 9.70995938e+05 1.73414656e+08 5.35354562e+05 5.35318560e+07
 8.23466562e+04 2.62058736e+08 9.71789938e+05 4.49455411e+09
 4.92330844e+05 1.30739612e+06 4.29894656e+08 1.76917520e+08
 2.31087329e+10 2.00918297e+05 7.34468736e+08 2.24604225e+06
 5.21748672e+04 2.45335120e+08 1.69765750e+05 8.61900720e+07
 3.29799936e+08 3.62080192e+08 4.91760064e+08 2.54524688e+08
 1.87586160e+08 4.74725990e+09 3.03604562e+05 2.01347728e+08
 2.63729680e+08 6.20908083e+09 1.73170900e+07 2.29426352e+08
 5.11013480e+07 6.84705600e+07 1.19675703e+05 4.33708704e+08
 1.73434976e+08 5.61322496e+09 1.08553503e+10 7.74041088e+08
 1.35975672e+05 7.82742784e+08 2.85586080e+08 1.13971264e+08
 4.29040640e+08 2.65287968e+08 1.49349412e+06 2.73009938e+05
 5.34816840e+07 1.62968547e+05 2.79171156e+05 4.49278304e+08
 4.86465600e+07 2.70544460e+07 6.02355400e+07 1.01391124e+10
 7.78616400e+07 5.85075938e+05 6.35085720e+07 2.26944896e+09
 7.94779392e+08 1.00458298e+09 1.02742272e+08 2.49616125e+05
 2.53684800e+08 7.66650320e+07 1.65375872e+08 3.15385850e+06
 1.39219266e+05 3.76600256e+08 2.12220812e+05 1.07671016e+08
 2.94331812e+05 1.87835776e+08 6.32357773e+04 1.67569297e+05
 1.27556188e+06 3.90858840e+07 1.17568922e+09 2.60174320e+08
 9.89339520e+08 3.91794176e+09 1.56370812e+06 5.45170227e+09
 6.89735920e+07 8.61474800e+07 1.09333023e+05 1.72629875e+05
 1.49990800e+08 1.85900656e+05 1.26600269e+09 2.17015925e+06
 2.45760832e+08 2.49677422e+05 6.35507600e+07 8.17818100e+06
 5.14344550e+09 1.28446338e+06 5.64527232e+08 2.44902469e+05
 6.51857856e+08 1.07473370e+09 3.42930400e+06 6.97231360e+08
 3.43540430e+04 5.54397240e+07 8.30922176e+08 2.25116950e+06
 3.11365575e+06 3.52512880e+07 1.29243216e+08 2.88338540e+07
 1.13675225e+06 1.64533925e+06 1.92219013e+10 1.62744800e+08
 1.27709408e+08 9.90902422e+04 1.56749683e+09 3.74755264e+08
 6.03098920e+07 5.66592562e+05 4.36994531e+05 5.19964256e+08
 1.76439936e+08 5.83203750e+04 1.41459507e+09 2.73365660e+07
 6.61231040e+08 6.49759680e+07 1.96781156e+05 4.08035325e+06
 2.63631445e+04 9.78569200e+06 7.08912938e+05 7.10164062e+04
 6.48122112e+08 6.09152920e+07 2.89931500e+06 9.20186240e+07
 1.43808920e+07 5.52171188e+05 6.77174336e+08 3.76569720e+07
 1.74398176e+08 1.32583336e+08 4.24584938e+05 2.84526625e+05
 1.95214460e+07 2.39927266e+05 2.52733188e+05 2.13497168e+08
 3.92972156e+05 2.47771930e+09 5.34751898e+09 7.33904400e+07
 6.45376062e+05 6.58807347e+09 4.39605952e+08 1.52330338e+06
 1.28476320e+08 1.96854170e+09 1.50405024e+08 1.48255872e+08
 2.28338144e+08 2.19525844e+05 1.39282475e+06 1.57725475e+06
 2.72552075e+06 3.14693406e+05 2.92336480e+08 5.64730625e+05
 2.21113168e+08 8.81479000e+05 2.00780480e+09 1.40606344e+05
 1.20390570e+05 1.93484625e+06 4.77257720e+07 9.93212100e+06
 2.53346483e+09 5.26256800e+08 7.49117120e+08 9.54118672e+04
 3.62169840e+07 2.96602750e+05 4.86421984e+08 1.03653790e+07
 3.87810469e+05 2.76561156e+05 3.40720225e+06 1.01034504e+08
 5.37315350e+06 1.25584474e+09 3.91720128e+08 1.76720800e+06
 7.00562240e+07 2.56637120e+08 3.24666829e+09 2.29759898e+09
 1.47711856e+08 2.49753859e+05 9.02872560e+07 5.30589720e+07
 2.52334500e+06 9.43542656e+04 2.63360435e+09 4.20005625e+04
 3.04868188e+05 6.31445888e+08 3.71063844e+05 1.16113792e+09
 2.83745375e+05 2.89576895e+04 2.23534864e+08 3.62162240e+07
 2.56622578e+05 1.63731450e+07 1.70114928e+08 7.13466438e+05
 7.46450080e+07 2.92519552e+08 1.49415824e+08 9.80005581e+09
 7.99797824e+08 3.00167675e+06 1.21131488e+08 1.33658032e+08
 2.85832115e+09 8.77429812e+05 3.68841160e+07 1.82428493e+09
 3.10538031e+05 1.60069400e+06 1.23383872e+08 1.80892438e+05
 4.60282375e+05 1.10986030e+07 2.47253900e+06 8.94009570e+03
 1.11423437e+10 2.06785609e+05 2.77314688e+08 1.27523384e+08
 4.52750125e+05 9.00241375e+05 2.80968928e+08 8.90819000e+05
 9.10713672e+04 4.92191200e+08 4.29648160e+07 3.51298406e+05
 9.02768125e+05 2.79710960e+07 9.20442800e+06 1.86386752e+09
 8.22802739e+09 7.90748500e+06 2.00107203e+05 4.34195136e+08
 5.22555438e+05 3.25224531e+05 3.10575469e+05 1.65766910e+07
 6.41722550e+06 1.92512160e+08 1.18025357e+09 2.12538950e+06
 3.57422975e+06 1.28989656e+05 9.12592188e+04 2.47345160e+07
 1.67860906e+05 2.10823680e+08 6.03544896e+08 8.12109056e+08
 4.66441160e+07 1.13902552e+08 2.27337859e+05 5.17612896e+08
 2.22011680e+08 4.89285040e+07 4.09325120e+08 5.54373696e+08
 2.39038000e+05 2.45420880e+08 9.11170560e+07 7.80208080e+07
 1.49124862e+06 2.06718453e+05 1.99651632e+08 1.65079016e+05
 5.71053240e+07 8.04510848e+08 2.69288496e+04 3.34912794e+09
 2.73440875e+05 5.79839938e+05 3.63261938e+05 9.26604320e+07
 7.51427422e+04 2.10916224e+08 3.81570562e+05 1.60161200e+06
 6.69289844e+04 7.28532350e+06 1.36636416e+08 6.23413750e+05
 1.00435296e+09 2.27290800e+07 7.70027200e+07 1.21508492e+05
 2.70603250e+05 2.31210416e+08 7.24758144e+08 3.19377656e+05
 8.57446208e+08 2.61890128e+08 1.61247788e+06 5.28245146e+10
 1.50223437e+09 1.41517484e+05 5.34330080e+08 1.15999264e+08
 1.76471547e+05 7.42491008e+08 2.90474573e+09 9.78821680e+07
 1.09098928e+08 3.51930078e+04 2.23383828e+05 1.01215875e+06
 1.98905738e+06 1.71331953e+05 2.48194637e+09 7.29045500e+05
 1.99365375e+06 2.34487488e+08 3.73407840e+08 2.90317969e+05
 2.15694576e+08 5.10325188e+05 1.81674480e+07 1.92468100e+07
 1.09207140e+07 7.63291438e+05 2.58001696e+08 2.63543781e+05
 1.45355120e+07 8.15673280e+07 3.59975000e+07 4.82716928e+09
 7.63080000e+05 6.78057938e+05 2.52571934e+04 2.69123062e+05
 8.17949120e+08 1.00960083e+09 2.84342720e+08 5.54915072e+09
 5.89800000e+05 6.23257000e+05 1.10944425e+06 2.53686451e+09
 3.82962930e+04 4.17534031e+05 1.29597977e+05 4.43303688e+05]
