[1.24157153e+03 4.72023315e+01 2.72231960e+01 3.64540131e+02
 1.80145523e+02 3.51158112e+02 2.80609668e+03 3.58266174e+02
 2.57445587e+02 3.11266327e+02 2.88768158e+02 1.00124886e+02
 5.14234924e+01 1.83959570e+03 2.16859146e+02 3.71870453e+02
 7.26966797e+02 1.26053490e+02 2.06500416e+01 7.03855713e+02
 6.03250885e+01 2.16370148e+02 2.33176680e+04 6.47973877e+02
 1.01217700e+03 3.28492383e+03 9.53351172e+03 1.90406677e+02
 4.62901993e+01 1.84950790e+02 6.15774658e+02 2.53985687e+02
 1.32676559e+02 2.77294312e+02 1.24970959e+03 2.07091446e+02
 9.87781448e+01 1.04566338e+02 1.25439758e+02 1.37714035e+02
 1.84986743e+03 3.54973328e+02 1.55535767e+02 7.56169006e+02
 1.36968164e+04 6.11396057e+02 2.77014557e+02 8.55023010e+02
 5.51530579e+02 8.10695312e+02 3.93682281e+02 3.16204193e+02
 3.54798431e+01 5.41158301e+03 9.41521362e+02 6.18333769e+00
 1.80368317e+02 1.81840784e+03 1.22506332e+02 1.59412262e+02
 8.03981262e+02 1.00299133e+02 2.41653854e+02 9.71518707e+00
 1.21281494e+02 5.56617065e+02 2.71208276e+03 1.87586380e+02
 1.07884293e+02 1.72491089e+03 1.38297348e+02 3.51021996e+01
 2.27241211e+01 1.43118851e+02 2.91286224e+02 3.62863831e+02
 2.61035645e+02 5.11705322e+02 1.17139725e+02 4.56848340e+03
 2.67908878e+01 2.17816601e+01 1.11536682e+03 3.35274597e+02
 2.18879642e+01 1.52308472e+02 1.74041336e+02 4.59798279e+01
 3.04020767e+01 8.94623566e+01 1.58955725e+03 9.67378113e+02
 1.26190344e+03 1.36020813e+02 9.24782959e+02 9.36977005e+01
 4.71469757e+02 8.72653484e+00 1.43768738e+02 1.21139732e+02
 4.91432617e+02 9.32573929e+01 1.61395264e+02 1.45540283e+02
 3.09687866e+02 1.29555435e+02 2.84736908e+02 2.62132660e+02
 3.04841034e+02 1.25323608e+03 1.32658096e+02 6.23113037e+02
 1.59231238e+03 2.50175461e+02 1.37387838e+01 1.05356346e+02
 1.87121826e+02 8.00648560e+02 8.46325073e+01 1.75744827e+02
 3.31874481e+02 5.41694580e+02 4.12878235e+02 2.28957056e+03
 2.93505798e+02 2.43557959e+03 7.56615479e+02 2.56340027e+02
 1.75859451e+02 2.73966125e+02 3.08472534e+03 2.28772110e+02
 2.75398865e+02 1.63894092e+03 6.81003647e+01 1.24709114e+02
 5.16854370e+02 2.24478088e+02 1.03023193e+02 3.13808441e+02
 9.80219727e+01 9.68412048e+02 2.88213715e+02 3.31790741e+02
 4.35526367e+02 4.13818817e+01 1.13010864e+03 5.91970825e+02
 3.11386505e+02 2.52287445e+02 4.25585938e+01 1.07089073e+02
 1.87783417e+02 7.30075531e+01 2.53384399e+02 1.84949036e+02
 6.78252792e+01 1.30751270e+03 1.83853162e+03 2.16744775e+03
 1.02520764e+03 1.03500008e+02 1.21405811e+03 1.41579926e+02
 1.82392540e+01 3.18636200e+02 1.41810410e+02 1.54291443e+02
 2.14468708e+01 2.84864899e+02 1.21068958e+03 5.69780159e+01
 2.30687500e+02 2.99593903e+02 2.04065506e+02 2.70851624e+02
 2.09645386e+02 8.95486526e+01 2.69750854e+02 7.70490356e+02
 2.37955261e+02 1.32506546e+02 7.53252051e+03 3.30552734e+02
 1.45904785e+02 1.75485992e+02 2.00238327e+02 1.26351982e+02
 2.57399902e+02 9.38526611e+01 2.70918793e+02 1.60079480e+03
 1.37501721e+03 4.12699509e+01 1.27175635e+03 1.17371727e+02
 6.40947754e+02 2.75306885e+02 7.38579941e+01 5.76668701e+01
 1.72077789e+02 3.76280701e+02 4.38037384e+02 1.13815636e+02
 3.88866943e+03 1.33344299e+03 4.52284584e+01 1.61739578e+02
 1.24790287e+01 1.99954529e+02 1.09259361e+02 3.27430481e+02
 1.37825775e+02 5.46672363e+02 2.63160614e+02 3.72140541e+01
 1.77676559e+02 1.00618579e+03 8.63117371e+02 1.06329849e+02
 1.58150711e+02 1.50251953e+02 2.19383362e+02 1.71324829e+03
 2.47539932e+02 1.30526260e+02 4.65340973e+02 1.33748505e+02
 2.28324631e+02 1.39832312e+03 3.39395523e+01 7.60273056e+01
 1.94975754e+02 4.10733948e+02 2.57646912e+02 1.90157776e+02
 3.64835663e+02 1.12781506e+03 8.29487839e+01 1.01661127e+03
 1.32482263e+03 7.50556107e+01 9.46492676e+02 3.21305817e+02
 2.92614575e+03 2.04632217e+02 1.62258743e+02 3.83691376e+02
 1.72170645e+04 4.06523975e+03 9.76710022e+02 6.61019287e+02
 6.70070038e+01 2.07716263e+02 5.86672134e+01 1.38120071e+02
 3.06514099e+02 1.07973010e+03 1.44952393e+02 1.26308311e+02
 4.36717529e+03 5.56012039e+01 2.21231226e+03 2.02787964e+02
 1.35833093e+03 2.48501556e+02 1.50610916e+02 7.96558151e+01
 7.09994568e+02 2.93138794e+02 1.06756271e+02 7.47355286e+02
 1.17900806e+03 4.01921692e+01 4.60395569e+02 1.84777298e+02
 2.99068878e+02 1.35120544e+03 3.77782562e+02 5.55021973e+02
 1.26736816e+02 1.03990784e+01 3.81134720e+01 1.21585678e+02
 1.37576697e+03 4.03192017e+02 1.60575333e+02 5.81835754e+02
 9.03781414e-01 3.44374695e+02 1.21378638e+03 1.34280502e+02
 3.78316254e+02 1.78345139e+02 2.17010590e+02 1.83634796e+02
 6.77920456e+01 1.16404289e+02 3.19519470e+02 9.22433105e+02
 1.44761765e+02 7.36811157e+02 5.85524353e+02 1.26783276e+03
 3.99531517e+01 5.17274170e+03 1.47138023e+01 2.15425879e+03
 1.46388260e+02 1.24734810e+02 1.10792412e+02 1.52331711e+02
 1.47657886e+03 5.74723167e+01 1.64169876e+02 3.12558197e+02
 6.52363815e+01 3.16608276e+02 2.66829712e+02 1.62589737e+02
 1.14825195e+02 2.87830017e+02 1.08261505e+02 5.34635498e+02
 6.43382446e+02 2.56274750e+02 1.33535742e+03 2.35944412e+02
 2.34076324e+02 8.55704407e+02 3.97561584e+02 1.31993799e+03
 1.78368820e+02 1.30501785e+02 1.23355156e+02 1.66756378e+02
 1.95415308e+03 1.65804108e+02 9.63372803e+02 2.12882935e+03
 2.96045959e+02 1.12178864e+02 1.09828651e+02 1.50274231e+02
 1.67407928e+02 1.62577438e+02 1.13581982e+03 1.77010223e+02
 1.79600940e+03 1.46662033e+02 6.57242065e+02 3.27908051e+02
 8.76056824e+01 2.85945160e+02 4.95998344e+01 2.93758453e+02
 4.15275421e+02 1.79545151e+02 7.49260712e+01 2.91981415e+02
 3.75695007e+02 4.32945312e+02 5.44135132e+02 2.37630615e+02
 9.18034485e+02 4.63384424e+03 1.77844193e+02 1.80814270e+02
 2.94486792e+03 2.62599854e+02 1.07005676e+03 4.14555389e+02
 2.01809363e+03 2.12151520e+02 3.46257812e+02 1.44756638e+02
 3.04405249e+03 4.35646851e+02 1.78550674e+02 2.04109802e+02
 2.06560303e+02 4.71398560e+02 4.19533984e+03 8.23823242e+01
 3.79668007e+01 3.57570648e+01 1.19905846e+02 1.18988358e+02
 5.19821167e+02 8.68768387e+01 1.87985527e+04 6.91255432e+02
 1.28081909e+02 3.23319336e+02 2.34975300e+01 6.31675171e+02
 1.80862930e+02 1.55878586e+02 2.00183685e+02 1.13722900e+03
 1.70641785e+01 1.94289551e+02 1.59750989e+03 1.34610315e+03
 1.60799149e+02 2.35067444e+02 1.50734680e+03 1.65794983e+02
 6.45244688e+04 8.93743562e+05 3.97507324e+01 6.39542419e+02
 4.08536133e+02 1.96487976e+02 1.00868332e+02 2.95528534e+02
 1.43473312e+02 1.44959457e+02 5.17461182e+02 1.68055832e+02
 2.69288361e+02 1.54610580e+02 1.02171097e+02 4.81686172e+01
 1.60505219e+02 3.48390747e+02 3.27701530e+01 1.52082520e+02
 1.58367212e+03 8.85976181e+01 5.81440506e+01 2.52360031e+02
 2.32440247e+02 1.42355676e+03 5.51682968e+01 2.38764917e+03
 1.93931671e+02 3.74422951e+01 1.02496620e+02 2.58250854e+02
 4.48645813e+02 5.15975418e+01 4.43968170e+02 7.26724243e+02
 4.92785416e+01 9.57095108e+01 2.36306470e+03 1.25378426e+02
 9.12598801e+01 2.31794922e+02 1.44757690e+02 1.75852617e+04
 1.62583557e+02 1.24526978e+03 6.97413025e+02 7.75631638e+01
 1.39930066e+03 3.24843231e+02 3.84873962e+01 2.05235321e+02
 1.21000840e+04 1.28525803e+02 9.10738983e+01 1.35921692e+02
 9.57571228e+02 4.82574585e+02 2.54847507e+01 1.51948578e+02
 1.85613480e+02 3.70861279e+03 2.50331055e+02 8.76854324e+01
 1.50426147e+02 4.27930756e+02 1.66322961e+03 5.72999695e+02
 1.42689160e+03 2.55926620e+02 4.43682213e+01 2.67577728e+02
 2.42475845e+02 3.18807709e+02 1.17778854e+02 2.84135193e+02
 1.14480850e+02 1.91517593e+02 1.07942581e+02 1.11741798e+02
 4.56454391e+01 1.96499771e+02 4.44250374e+01 7.48781433e+01
 1.55286911e+02 8.17652664e+01 6.43228149e+02 1.62581799e+03
 6.45129547e+01 2.55446826e+03 9.94197540e+01 1.08238258e+02
 8.87069244e+01 4.24773712e+02 3.66694212e+00 1.99611157e+03
 1.08731055e+03 7.03568420e+01 1.28022034e+03 8.76319656e+01
 2.25261978e+02 4.67182274e+01 3.36857700e+00 9.62300186e+01
 2.84228630e+01 2.49688919e+02 3.72528198e+02 5.90040588e+02
 7.37857483e+02 2.12309372e+02 1.08539124e+02 9.27809448e+01
 2.91660278e+03 2.04454102e+03 1.70700394e+02 1.46477783e+02
 8.13326660e+02 1.16650659e+03 6.25115299e+00 1.65752304e+02
 4.77688789e+01 2.10305145e+02 5.96152267e+01 1.09050850e+02
 3.95233498e+01 1.97464127e+02 4.43773468e+02 1.62163025e+02
 6.41967834e+02 2.96880157e+02 6.46932697e+00 1.86029999e+02
 1.97803604e+02 4.25791406e+03 1.32194629e+03 3.36182213e+01
 9.92632568e+02 1.33392868e+02 8.14148438e+02 1.55534070e+03
 1.78359940e+02 3.00459061e+01 2.91812378e+02 1.95995691e+03
 3.67742981e+02 3.57917554e+03 1.54272473e+03 3.97761230e+02
 4.28342682e+02 6.36856422e+01 3.61976204e+01 1.09048431e+02
 4.99280060e+02 1.34283234e+02 1.52718323e+02 1.42336533e+02
 1.33716345e+03 1.85151093e+02 1.59620331e+02 7.39913879e+02
 2.39885406e+02 7.94311981e+01 1.47444565e+02 2.84460083e+02
 3.05393213e+03 8.09137329e+02 1.96322266e+02 5.33783684e+01
 1.72528641e+02 7.97202682e+01 6.71425415e+02 7.42207825e+02
 2.01323719e+05 2.52216650e+03 1.66855530e+03 5.09980560e+02
 2.95796016e+04 6.65211853e+02 1.44409265e+03 1.08881187e+02
 1.12096535e+02 3.02051605e+02 3.25655884e+02 4.42223167e+01
 1.06854660e+02 1.07754601e+02 3.14894806e+02 2.50967453e+02
 2.74020691e+01 2.24068710e+02 7.31905594e+01 7.73306335e+02
 3.69656934e+03 8.35564232e+00 1.25493759e+02 3.92108307e+01
 2.98203949e+02 6.57145081e+01 1.26112106e+02 9.04117737e+01
 4.78568695e+02 5.82554016e+01 1.61764191e+02 4.96785202e+01
 1.47330872e+02 2.40961411e+02 2.21455307e+02 4.83908386e+01
 3.23729950e+02 7.20791077e+02 1.19401746e+03 3.97773933e+01
 9.76813507e+00 2.13507706e+02 1.57315506e+02 1.04023669e+03
 7.04912537e+02 3.42490509e+02 1.35133636e+02 7.39450684e+01
 1.58659409e+02 9.47991504e+03 3.34031891e+02 1.41048254e+03
 8.15998077e+01 6.91741791e+01 1.87148575e+02 2.55984249e+01
 3.54837341e+01 1.51952419e+01 1.27091461e+02 9.95332260e+01
 3.61257904e+02 3.08263275e+02 1.33379852e+02 2.20263840e+02
 9.14070703e+03 6.58398666e+01 5.12783875e+02 2.35374680e+02
 1.78174817e+03 6.50123749e+01 1.48944672e+02 2.10262344e+02
 3.55038300e+02 5.21917305e+01 1.55894451e+01 1.46822769e+02
 2.28933624e+02 1.17594580e+03 6.93491936e+00 1.16614845e+02
 1.81452362e+02 9.22088135e+02 5.38839722e+02 1.56194489e+02
 2.04637421e+02 1.15565193e+02 1.74334854e+02 5.50454330e+01
 2.21839401e+02 7.45362244e+02 1.97594925e+02 3.19916016e+02
 1.69078564e+03 7.68462952e+02 2.28813965e+02 9.89467957e+02
 3.41891968e+02 3.04145832e+01 7.19317505e+02 3.23614502e+02
 1.58249527e+02 1.34945251e+02 6.89288177e+01 1.46103470e+02
 5.13005981e+02 9.20696899e+02 2.10982495e+03 6.47790710e+02
 1.34531586e+02 2.28640472e+02 1.87755356e+02 4.73455127e+03
 3.35458557e+02 3.96585876e+02 1.28308862e+03 2.07818558e+02
 2.83782935e+03 1.77891251e+02 1.16732620e+02 1.17580299e+02
 1.89295161e+00 9.28350067e+01 1.75705475e+02 1.19733984e+03
 2.40225128e+02 2.70901001e+02 1.20277710e+03 2.03935059e+02
 5.13796570e+02 1.03471753e+03 1.85684265e+02 1.70209946e+02
 5.30966919e+02 5.98905151e+02 1.67127113e+01 3.03261572e+03
 5.71054810e+02 3.77628394e+03 2.44818619e+02 1.54196136e+02
 2.61067915e+00 1.21298233e+02 3.52655640e+02 8.04656616e+02
 1.40494110e+02 2.92302917e+02 2.71447327e+02 2.67529449e+02
 2.10002960e+02 1.66194733e+02 1.94598267e+02 7.61066284e+01
 5.72270203e+02 6.76713928e+02 1.08010791e+03 6.19611931e+01
 1.30762415e+03 2.24678101e+03 1.66962967e+02 9.94183533e+02
 8.05588074e+02 9.08819962e+01 3.56237610e+02 1.29204147e+02
 1.37891251e+02 1.12671387e+03 1.13797139e+04 2.83980835e+02
 4.14303017e+01 4.05697357e+02 1.69879431e+03 1.51519104e+02
 2.06827682e+02 8.13017807e+01 2.04248199e+02 2.08130569e+02
 1.65445801e+03 2.60212616e+02 1.42284814e+03 9.37752563e+02
 5.00072174e+02 5.90746613e+01 9.61841278e+01 8.32072205e+02
 1.36450592e+02 1.11382861e+03 2.18593918e+02 1.31701019e+02
 2.59707855e+02 2.58918105e+04 5.04814606e+02 2.92459045e+02
 1.44770776e+03 4.78318817e+02 4.79099640e+02 6.56619873e+01
 7.40738297e+01 1.54535477e+02 4.19940826e+02 1.43627304e+02
 1.69741333e+02 1.04645416e+02 6.87747650e+01 2.40504883e+03
 6.43773041e+01 1.00098755e+03 1.19549292e+03 1.53178442e+03
 2.17986710e+02 1.27541406e+03 2.46583923e+02 2.43731613e+02
 1.98240128e+02 6.21829834e+02 2.14973755e+02 1.49792939e+04
 2.81228088e+02 1.78804047e+02 8.49620605e+02 9.46646271e+01
 3.19808105e+02 3.05078186e+02 9.40831055e+02 2.46414078e+02
 8.15577545e+01 1.96566010e+02 4.86554688e+02 9.56594971e+02
 7.51736603e+01 4.21119659e+02 2.81024780e+02 1.85905627e+03
 1.00115820e+03 6.31129875e+01 4.10618195e+02 1.62604401e+02
 1.93390182e+02 1.60273285e+02 9.18902954e+02 1.85892090e+03
 1.89702225e+02 1.94817398e+02 3.14358582e+02 1.23298126e+02
 1.01133087e+03 8.30062866e+02 2.38477890e+02 1.26972778e+03
 2.75135132e+02 1.78162430e+02 2.92723907e+02 4.19442719e+02
 3.81873512e+01 2.13861313e+02 1.22398521e+02 1.36910718e+03
 7.35315125e+02 7.27483063e+01 2.39679550e+02 1.44620691e+03
 7.65839767e+01 5.12411133e+02 2.75819733e+02 2.11079178e+02
 1.62799988e+02 1.81517151e+02 4.27420898e+03 1.29323120e+03
 1.44519348e+02 1.85413831e+03 3.31443756e+02 3.21715820e+02
 2.60736298e+02 1.81987946e+02 2.75326416e+02 7.86605103e+02
 1.37652023e+02 2.32495044e+03 4.57688568e+02 1.31041870e+02
 1.58003992e+03 2.00850006e+02 2.71412378e+03 1.68721008e+02
 1.08801208e+02 3.67783600e+02 4.01549759e+01 2.41133636e+02
 7.58649292e+02 1.44866013e+02 9.82119141e+02 1.65713348e+02
 1.63909619e+03 1.49010803e+03 1.77649124e+02 3.81379730e+02
 1.79644989e+02 7.85407209e+00 1.41025488e+03 6.31389160e+02
 1.73438623e+03 3.77904175e+02 1.16747971e+02 7.20861511e+01
 1.16241467e+03 1.87551208e+03 2.22719922e+03 5.11154236e+02
 6.46015576e+03 3.18578613e+02 1.26098030e+02 3.27037659e+01
 2.24220947e+02 2.59050415e+02 2.87829376e+02 1.41409187e+01
 1.12787231e+02 1.25580676e+03 3.13481506e+02 9.03413635e+02
 6.63377014e+02 1.08344917e+02 1.47001801e+02 2.58416077e+02
 1.31588086e+03 6.50139236e+01 1.59340408e+02 3.81087555e+02
 1.26003394e+03 4.52700287e+02 5.01502190e+01 4.35007751e+02
 9.99638062e+01 3.06354542e+01 1.42354172e+02 7.46063614e+01
 8.08779831e+01 3.87637573e+02 1.86418137e+02 5.09159431e+01
 9.17300598e+02 3.72520239e+03 4.82364044e+02 1.96132568e+02
 1.42948669e+02 2.57995056e+02 1.82337296e+02 9.27582812e+03
 6.69561844e+01 2.01937698e+02 6.47359543e+01 3.84370239e+02
 1.99614582e+01 4.67451599e+02 1.75065498e+01 3.79141266e+02
 2.19128799e+02 3.58399429e+01 1.42208649e+02 2.10775101e+02
 8.39250183e+01 6.20927010e+01 1.34435791e+02 2.51338043e+02
 4.53599072e+00 6.34592743e+01 1.24981087e+02 2.58947296e+02
 4.25177521e+02 7.49703550e+00 4.08378792e+01 4.18677852e+04
 5.18562988e+02 1.43770691e+02 1.77172546e+02 1.20444836e+03
 9.17585388e+02 2.57619446e+02 1.91126221e+02 1.92869202e+03
 1.78514771e+02 2.10240540e+02 2.34453754e+01 9.49894409e+02
 9.75032288e+02 1.17893120e+02 4.31225708e+02 5.01678253e+02
 1.97646313e+03 1.49088782e+03 1.88271370e+01 1.81210953e+02
 1.49686295e+02 2.78865570e+02 3.02808819e+01 1.61862411e+01
 4.32354541e+03 2.36969910e+02 6.49748108e+02 1.15429363e+01
 1.69802628e+01 1.05646692e+03 1.27504272e+03 1.87331465e+04
 1.98458359e+02 7.25705872e+02 9.48556671e+01 5.35789566e+01
 5.78465210e+02 4.77886963e+02 7.56647217e+02 2.10035596e+03
 1.69518872e+03 2.05404877e+02 6.05944092e+02 1.26653328e+02
 2.04678210e+03 5.58451128e+00 1.69235352e+02 2.10432846e+02]
