[2.36983139e+02 7.52315979e+02 3.84401250e+04 1.02953242e+04
 1.68753828e+04 1.04113538e+03 1.35564980e+04 2.19936152e+04
 1.09852100e+04 6.37012787e+01 3.19680078e+04 5.31910469e+04
 1.21419004e+04 1.69658496e+03 1.08266748e+03 4.10092148e+04
 2.16435522e+03 3.42697773e+04 4.09115649e+03 2.04159297e+05
 2.64425371e+04 5.78868591e+02 3.14250903e+03 1.23139785e+04
 8.23991113e+03 4.88835156e+04 5.15486125e+05 7.49116504e+03
 1.01083232e+04 6.01481836e+03 4.75824883e+04 1.84257971e+03
 1.63084287e+04 9.90054626e+02 4.73520264e+03 9.49603906e+03
 8.02216719e+04 1.21955293e+04 1.50460557e+04 7.56096436e+03
 1.59432969e+04 9.84927139e+01 3.22660522e+03 3.00100195e+04
 2.07928141e+05 1.74833301e+03 1.64924863e+04 4.47579150e+03
 1.40249395e+04 8.01074375e+04 4.47181006e+03 5.04468555e+03
 1.22712659e+03 2.16206348e+04 5.43480518e+03 1.00080615e+04
 1.25423115e+04 5.10543719e+05 1.49896777e+04 5.49911084e+03
 3.87177856e+03 3.32391953e+04 3.54138555e+04 7.57167432e+03
 6.70311813e+01 3.53274634e+03 5.23497266e+03 6.39504242e+00
 1.04760361e+04 2.78783062e+05 2.41054102e+04 1.24383340e+04
 6.91266992e+03 3.85365508e+04 1.39292578e+03 7.23682812e+04
 3.61574297e+04 3.43262231e+03 1.31879688e+03 1.04335106e+06
 1.74413594e+04 1.50149258e+04 5.79622925e+02 2.10515078e+04
 1.61191816e+04 3.35362646e+03 1.98469023e+04 9.71815332e+03
 8.70880859e+03 6.05936279e+03 1.24778545e+04 2.04187406e+05
 6.38801270e+03 2.20027871e+04 6.11378375e+05 3.48694961e+04
 1.30241150e+03 1.65450215e+04 9.53850625e+04 1.60530798e+03
 2.37217227e+04 4.18828125e+03 7.36609863e+03 1.07448115e+04
 3.46821367e+04 4.61624727e+04 5.99389014e+03 8.84097534e+02
 1.74654651e+03 2.14337769e+03 6.07790137e+03 2.53968481e+03
 1.53946155e+03 1.75779688e+04 6.34809180e+03 8.03467627e+03
 3.30916656e+02 8.20909961e+03 8.56762390e+02 1.31465393e+03
 1.08225859e+05 5.36611824e+01 2.23943311e+03 1.65450719e+05
 1.47693689e+03 4.96066943e+03 2.89862012e+03 1.07410593e+01
 2.77746167e+03 2.04803882e+03 4.40495758e+02 3.17254346e+03
 1.44343933e+03 7.16914697e+03 3.96596602e+04 8.98408142e+02
 1.80187109e+04 1.27398789e+04 1.44621299e+04 1.64591040e+03
 1.23038262e+04 3.10940371e+04 1.99757104e+03 6.18690479e+03
 1.49664139e+02 3.83030054e+03 5.55322266e+03 5.40745273e+04
 1.01754424e+04 1.17520273e+04 1.80353633e+04 5.88630225e+03
 3.75538906e+04 1.40841992e+04 8.42344482e+02 5.23746033e+01
 4.74782324e+03 4.54721062e+05 3.63342603e+03 2.37390312e+04
 5.70980859e+04 3.06766624e+01 1.05874951e+04 2.04732852e+04
 2.82350082e+01 2.76932422e+04 1.70478867e+04 1.98921738e+04
 2.10154639e+03 7.06797109e+04 1.38622803e+03 3.65857330e+02
 9.67599487e+02 1.30118281e+04 8.91758105e+03 2.75321133e+04
 7.17495459e+03 1.22849292e+03 2.80148071e+03 1.55520328e+05
 3.01667090e+04 3.36613354e+03 1.83729734e+05 6.73410547e+04
 1.20744556e+03 1.25090537e+04 1.79968530e+03 1.85609146e+02
 9.57660645e+03 3.45264805e+04 2.10661367e+04 1.36668496e+04
 4.78896191e+03 6.25391617e+01 1.15031867e+05 9.89667676e+03
 2.00975984e+05 2.22340156e+04 2.93114526e+03 1.86737129e+04
 6.76286182e+03 5.41141250e+04 1.46337641e+05 5.64238574e+03
 2.00318984e+05 2.48173906e+05 1.81371790e+03 1.49686562e+04
 4.68389961e+04 4.65171356e+01 6.04803662e+03 1.09961436e+04
 1.64123691e+04 5.90381042e+02 7.71598672e+04 8.73237598e+03
 1.50556953e+04 1.15296201e+04 2.68366724e+03 2.36668873e+01
 2.13889209e+03 3.70409961e+04 1.73588477e+04 1.03846336e+05
 9.32099060e+02 8.80246289e+03 4.34069062e+04 2.31286011e+03
 4.55708691e+03 6.97472734e+04 4.32975372e+02 2.87274365e+03
 1.62814331e+03 5.46577568e+01 1.10589385e+04 1.17929588e+02
 1.08486396e+04 7.85965869e+03 7.71558203e+03 2.27617157e+02
 5.38937188e+04 8.16626904e+03 2.43516251e+02 2.01601738e+04
 3.17349297e+04 5.04403984e+04 1.53768213e+04 5.54343652e+03
 1.02558730e+04 2.72199781e+05 5.87650439e+03 2.32763672e+03
 3.41676750e+01 2.40110254e+04 6.82894385e+03 2.79330723e+04
 4.32241016e+03 3.61757538e+02 8.57423633e+03 5.64902686e+03
 2.78311289e+04 2.43219092e+03 7.72642344e+04 2.48569473e+04
 3.27959448e+03 5.10114551e+03 8.99311401e+02 1.45861973e+04
 2.73150664e+04 2.00291035e+04 1.42499588e+02 5.45543320e+04
 3.47094214e+03 2.49205591e+03 1.44496924e+04 2.75471924e+02
 6.14610352e+04 7.06600469e+04 2.00822522e+03 1.68412672e+05
 2.26257339e+02 4.48572217e+03 8.03612354e+03 1.84141777e+04
 3.41018188e+03 4.92447891e+04 3.17647461e+02 1.13206895e+04
 8.01412811e+01 2.16893774e+03 1.65162469e+05 4.60373199e+02
 1.23593477e+04 2.36586308e+00 5.08145215e+03 2.74332227e+03
 8.31069238e+03 1.84781857e+01 2.12726426e+04 5.60304138e+02
 1.36340146e+04 2.71380768e+02 2.04394668e+04 8.92430298e+02
 5.78121445e+04 7.38969625e+05 4.59948822e+02 7.82674688e+04
 7.81314039e+00 5.87996045e+03 4.59775635e+03 5.09123320e+04
 7.70530469e+04 1.89385312e+04 2.94559009e+03 5.03255035e+02
 1.52143662e+04 6.67997607e+03 6.64210596e+03 3.18489902e+04
 5.94293884e+02 1.23489727e+04 1.36842686e+04 3.10979043e+04
 1.41137832e+04 7.27271875e+03 1.26589756e+04 3.09028926e+04
 7.90350703e+04 2.95607676e+04 8.61710645e+03 1.15484834e+04
 4.78066016e+03 7.13180957e+03 9.43998340e+03 3.45997773e+04
 6.98854150e+03 2.06024429e+02 1.43328719e+05 1.24409839e+03
 8.74925879e+03 7.10458359e+04 4.17154639e+03 2.78420532e+02
 3.93118799e+03 9.00529175e+02 1.51670471e+03 2.47677520e+04
 1.40599516e+05 1.91767688e+03 2.26939258e+03 3.32071641e+04
 1.45146572e+04 1.97447559e+04 1.24802734e+04 4.38388164e+04
 5.31623421e+01 1.71414492e+04 2.68573145e+04 2.05414238e+04
 8.32002930e+02 2.88610801e+04 8.25899766e+04 2.24539004e+04
 7.98134922e+04 5.67534500e+05 2.28028223e+03 3.85869238e+03
 1.69331828e+05 1.84347351e+03 9.75383789e+03 6.38512390e+02
 3.99325688e+05 4.18801953e+03 4.36035254e+03 4.54351270e+03
 2.08241836e+04 8.12888367e+02 2.03604395e+03 6.42214307e+03
 7.53257422e+03 3.67963086e+04 8.67389750e+05 3.94771836e+04
 2.98787427e+03 4.01711719e+04 6.59502686e+02 1.46163184e+04
 8.99475156e+04 4.72561445e+04 1.72175125e+05 3.04051611e+03
 6.75528183e+01 1.28637051e+04 7.15682190e+02 5.28848839e+01
 9.22582227e+03 1.19509854e+04 1.81959106e+03 6.56211377e+03
 5.23146143e+03 8.63670156e+04 2.84135400e+03 3.48345590e+00
 1.53757334e+04 3.57122070e+04 8.59352246e+03 5.53906006e+02
 9.39111600e+06 7.97488906e+04 5.27645166e+03 4.22132910e+03
 1.41884902e+04 2.29031323e+03 6.40995430e+04 4.73637891e+03
 6.52375793e+02 3.30465078e+04 2.69727881e+03 4.61042500e+04
 1.22143457e+04 1.59222490e+04 3.40767041e+03 8.88088770e+03
 5.34457764e+02 1.16310211e+02 1.55448535e+04 6.93639343e+02
 1.06617922e+05 9.18716370e+02 6.95965625e+03 1.54977891e+04
 3.22541055e+04 8.41129883e+03 1.05351523e+04 5.51995361e+03
 1.68347324e+04 7.49481738e+03 2.42020977e+04 1.58328589e+03
 1.21954663e+03 1.11709219e+04 7.31057510e+01 1.38798891e+05
 5.43834082e+03 1.69435706e+03 5.05998535e+03 2.03162266e+04
 9.89083789e+03 1.88340137e+04 2.92937573e+03 2.17628828e+04
 2.20012817e+01 1.72081680e+04 2.42692871e+02 8.68447205e+02
 1.96973755e+03 6.53769180e+04 4.18993672e+04 1.28166182e+04
 1.78166797e+04 4.33188171e+01 1.47751892e+03 1.55924346e+04
 2.76834512e+04 5.14269922e+03 9.39037305e+03 1.45186584e+03
 2.57053296e+03 7.86767812e+05 1.64647266e+04 9.06033984e+03
 2.18654199e+04 1.59776562e+04 5.15510010e+03 2.02512012e+04
 2.53855981e+03 5.52941772e+02 1.05941246e+02 5.14987854e+02
 6.27159081e+01 1.23010047e+05 2.16280859e+04 1.19212559e+04
 2.85524683e+03 3.63255117e+04 9.91075879e+03 1.44812334e+04
 6.13859033e+03 1.94491523e+04 3.39831367e+04 2.92490918e+04
 3.54222290e+03 8.22134961e+03 4.77886328e+03 9.14571191e+03
 8.28817749e+01 1.32412156e+05 6.03610352e+03 1.44671350e+03
 7.81365814e+01 5.51285312e+04 6.57417031e+04 2.71683777e+02
 4.65386398e-02 8.46131934e+03 1.29919519e+03 3.38407788e+03
 8.41660156e+03 8.96332910e+03 1.26844277e+04 1.56117773e+03
 3.57727515e+03 7.52677881e+03 3.77672773e+04 7.05146436e+03
 4.08018047e+04 4.85085449e+03 1.04641621e+04 7.79641748e+03
 9.77305176e+03 2.22107109e+05 8.57633594e+03 8.86755078e+03
 4.53389492e+04 3.44766602e+03 5.88825806e+02 2.63259912e+03
 7.90878711e+03 5.34387061e+03 1.25562415e+03 2.64648094e+01
 1.47890305e+02 1.47565195e+04 8.56387598e+03 8.78127930e+03
 2.65186074e+04 2.89221836e+04 1.10313147e+03 8.51685156e+04
 2.69565887e+01 2.43885953e+05 1.23940198e+03 1.82660449e+03
 1.67014612e+03 5.46653687e+02 2.69666211e+04 5.96214990e+03
 4.92439688e+04 5.04755371e+03 8.90801660e+03 4.74758740e+03
 5.70152588e+03 3.99671758e+04 6.45702832e+03 2.78330054e+03
 1.29750674e+04 2.03610977e+04 1.67323608e+03 2.46481719e+04
 3.35073086e+04 3.33840859e+04 2.07126083e+02 8.30777441e+03
 3.46493335e+03 1.04793633e+04 1.18059180e+04 1.68427438e+05
 1.38761562e+04 3.37108569e+03 4.41865527e+03 2.43816010e+02
 2.55496375e+05 3.54398242e+04 1.92978308e+03 1.98712427e+03
 1.63554944e+03 1.68458203e+03 2.27632531e+05 9.45234909e+01
 2.04707207e+04 1.06727080e+04 1.77618906e+04 5.46064844e+03
 1.12153914e+05 1.39798172e+05 6.53464737e+01 9.39768262e+03
 1.10618140e+03 3.59435273e+04 3.82207266e+04 4.90677637e+03
 8.97211230e+03 1.63842285e+04 2.75807178e+03 8.68836328e+04
 3.24073071e+03 1.25215845e+03 2.58778867e+04 5.03203174e+03
 5.27619625e+05 1.62282766e+05 7.08792969e+02 3.25510620e+02
 8.01294727e+03 6.61595850e+03 7.93842383e+03 2.04885137e+04
 5.97135840e+03 1.92887939e+03 2.60526270e+03 1.56316626e+03
 6.65833594e+03 7.75514844e+04 9.74351270e+03 2.88393613e+04
 3.85658242e+04 4.05057109e+04 3.89933008e+04 8.38936641e+04
 3.17734106e+03 2.12467383e+04 1.83603836e+02 2.06462418e+02
 6.04169043e+03 3.96580781e+04 4.31266992e+04 3.67312842e+03
 4.52471016e+04 2.00687512e+03 2.55810449e+04 7.10315381e+03
 1.56165947e+04 8.74239624e+02 1.50885986e+04 1.22641104e+04
 9.22210059e+03 4.51157422e+03 1.89265295e+03 3.35200469e+04
 3.85620391e+04 2.68473535e+04 1.71235852e+03 1.41432158e+04
 8.98505812e+05 7.94026855e+03 1.91617793e+04 4.74393477e+04
 4.35542676e+03 3.14295654e+01 4.08663116e+02 6.05876617e+01
 1.39765576e+03 4.90680127e+03 3.00057129e+04 1.25129268e+04
 1.87578672e+04 3.60629102e+04 1.07564502e+04 7.37151904e+03
 5.34543701e+02 9.70936641e+04 4.11086328e+04 6.15732861e+03
 5.97909375e+03 3.41896820e+01 5.54162598e+02 1.00382129e+04
 2.96439316e+04 6.41953320e+03 1.70921465e+04 7.98977881e+03
 2.82353149e+03 7.18158203e+04 4.01625664e+04 1.69761094e+05
 5.38583887e+03 8.47805273e+03 9.02816113e+03 4.25654932e+03
 9.66772266e+03 1.64416345e+03 1.15934414e+04 8.87142109e+04
 3.42392695e+04 1.21207969e+04 6.57419128e+02 2.14370000e+05
 5.89473486e+03 9.22406641e+03 4.09244727e+04 4.83633047e+04
 2.19189136e+03 1.95537695e+04 5.86997021e+03 8.73673584e+02
 9.48803125e+03 2.14346481e+02 1.28174316e+04 5.77760791e+03
 8.89910645e+03 1.07021592e+04 7.44438184e+03 2.47917285e+03
 8.43197327e+01 1.31630957e+04 5.17693066e+03 1.51429272e+03
 4.52519766e+04 3.80039038e+03 1.83996543e+04 1.70292871e+03
 3.68669189e+02 1.09401219e+05 2.48200996e+04 3.97306250e+05
 2.79751953e+02 2.48484155e+03 1.05546689e+04 1.06551245e+03
 1.34905752e+04 5.12371484e+03 1.07182846e+02 3.72303906e+05
 1.10174746e+04 8.09698242e+03 2.28247695e+04 1.78946426e+04
 2.43048516e+05 3.94853906e+04 5.17010195e+04 1.61267670e+02
 2.45448555e+04 1.01840570e+05 1.89562375e+05 5.76385559e+02
 2.23294043e+03 2.69035840e+03 2.33258711e+04 5.97997539e+04
 7.97550391e+04 4.02240259e+03 1.02369656e+05 1.43769150e+04
 3.66761211e+04 1.00743727e+05 3.87229312e+05 1.37866250e+05
 8.30066602e+03 1.34991436e+04 8.47838906e+04 2.61952002e+03
 2.69018301e+04 2.25031172e+04 5.74730078e+03 8.87639526e+02
 5.03602832e+03 1.46342979e+04 5.32964014e+03 3.83686304e+03
 8.89315430e+03 1.54217761e+03 5.02943085e+02 1.25873836e+05
 4.49187012e+02 5.07826318e+03 8.09327881e+03 9.80021858e+00
 1.03888496e+04 1.73627988e+04 5.49362842e+03 1.29278133e+05
 1.42056609e+05 1.68577871e+04 2.07113789e+04 6.86394189e+03
 2.99192969e+03 4.67537012e+03 1.46387764e+04 6.54875732e+03
 5.13145947e+03 2.51314395e+04 2.40353926e+04 5.05281982e+03
 2.04827026e+03 4.37005977e+04 1.14769055e+05 7.06993347e+02
 2.44464453e+04 1.54890016e+05 1.40127070e+04 6.78488203e+04
 5.36385254e+03 8.20790781e+04 1.12496074e+04 7.79388086e+03
 9.25849609e+03 5.04676611e+03 3.30541821e+03 4.67011562e+04
 2.57721594e+05 4.22018359e+03 9.36821719e+04 6.70226484e+04
 1.49440894e+03 3.52095898e+04 7.97107109e+04 6.46593555e+03
 9.27906934e+03 8.42989688e+04 1.88781562e+04 9.59834844e+04
 1.90758848e+04 3.42904663e+03 7.34775269e+02 3.95291431e+03
 1.06140735e+03 2.09086914e+04 7.05387188e+04 3.17978031e+05
 9.66707129e+03 3.02198169e+03 6.30404297e+04 2.31583325e+03
 1.55942773e+03 1.48136984e+05 1.39605996e+04 5.66679053e+03
 1.72586680e+04 1.19032109e+04 1.61924727e+04 4.09974414e+03
 2.09170566e+04 6.47637148e+04 6.73306348e+03 6.32012978e+01
 8.88311328e+04 4.33701953e+03 2.71026582e+04 3.15495068e+03
 4.73960791e+03 1.10637520e+04 5.60845264e+03 4.61782469e+05
 6.11986377e+03 9.66662109e+02 4.47337656e+04 1.83248917e+02
 3.79738945e+04 4.00589485e+01 3.18406348e+04 8.51051074e+03
 4.69603125e+04 4.75184631e+01 1.44974492e+04 1.96820406e+05
 6.48253359e+04 8.86313672e+04 1.33686853e+03 4.36030151e+02
 1.30548484e+05 5.53154219e+04 8.90460999e+02 1.75233105e+04
 5.99441553e+03 4.17590547e+04 3.74748039e+01 5.77900146e+03
 2.21415438e+05 5.53306396e+03 2.42843156e+05 3.48379486e+02
 7.85227832e+03 7.93605371e+03 6.53531211e+04 2.82231367e+04
 1.62740586e+04 4.07065735e+01 5.41584351e+02 1.73314636e+02
 1.58233813e+03 1.95453247e+03 3.42360586e+04 6.16910859e+04
 5.59844482e+03 5.81533003e+00 1.90984625e+05 2.72811281e+05
 3.18300566e+04 3.95726797e+04 1.45363027e+04 1.15479932e+04
 7.43010840e+03 5.51097461e+03 4.87309619e+03 8.66381250e+03
 4.12101318e+02 1.04778770e+04 5.11293755e+01 3.26744531e+04
 8.84154129e+01 1.56543408e+03 3.12057983e+02 5.92887402e+03
 9.22131738e+03 4.11900444e+01 2.15234146e+01 1.95906970e+03
 3.67476392e+03 3.45717812e+04 1.46245488e+04 8.68471641e+04
 4.21730273e+03 3.18982422e+04 6.38445938e+04 6.10514551e+03
 1.14910059e+04 6.49424766e+04 8.48787695e+03 7.42664062e+02
 3.62517725e+03 5.69660547e+03 3.41803867e+04 7.56828662e+03
 1.74095337e+03 5.82882446e+02 7.30727291e+00 3.60420812e+05
 5.15418164e+03 7.76963562e+02 2.98409707e+04 5.46382031e+04
 2.36123652e+04 5.17774316e+03 4.57324883e+04 3.35959082e+03
 1.41219424e+04 2.08419902e+04 3.02857544e+03 8.50478882e+02
 2.59599824e+04 1.66483994e+02 7.46886963e+03 2.05830703e+04
 2.34773636e+01 4.47707266e+04 2.70083065e+01 3.48958711e+04
 1.35999971e+04 8.12479443e+03 1.99955332e+04 3.10369625e+05
 2.95656006e+02 6.55499609e+03 2.07708145e+04 1.51816609e+05
 1.50089392e+03 5.26889221e+02 1.57816864e+02 1.60291152e+04
 1.48018184e+04 5.33517822e+02 2.11820469e+04 3.60758828e+04
 2.93140371e+04 2.56307666e+03 2.05162918e+02 1.19237129e+02
 9.15526953e+04 2.38463898e+02 7.97322461e+03 3.55423984e+04
 9.35404688e+03 1.82335312e+04 1.83512039e+02 3.38742114e+03
 1.77265156e+04 2.25604727e+04 2.21849048e+03 3.24800488e+03
 3.95914490e+02 8.90552917e+02 7.99038525e+03 4.54798096e+03
 2.56746406e+04 6.86517266e+04 2.32479565e+03 5.74150684e+03
 8.74492493e+02 1.45760762e+04 6.08038086e+04 2.75337598e+04
 1.07535217e+02 4.26302094e+02 3.11757051e+04 1.97169004e+04
 4.31360645e+03 5.83913281e+03 7.30325342e+03 7.99528885e+01]
43795.434
9391116.0
