[3.15983984e+04 3.71488457e+01 4.09778366e+01 8.49379883e+01
 3.92251978e+03 1.54603088e+02 1.15811699e+02 3.58721758e+04
 5.73446240e+03 1.91300928e+03 1.30518701e+04 3.11580410e+04
 2.65483252e+03 7.30294275e+00 1.13996558e+03 6.19631641e+03
 1.57337598e+04 2.65390717e+02 8.52572949e+03 4.51912750e+05
 2.02269507e+03 7.92720032e+02 2.09114047e+05 9.93952087e+02
 9.33586182e+02 1.32006357e+04 1.20868273e+05 8.60094629e+03
 8.41797168e+03 2.71126526e+02 1.30249646e+03 1.21447969e+04
 4.58920557e+03 8.14245377e+01 1.65829199e+04 1.63125940e+03
 8.75202832e+03 1.48433643e+03 2.91790991e+03 2.89913037e+03
 1.18137871e+04 7.81533984e+03 2.27788320e+04 1.48336218e+03
 5.55054639e+03 5.76368103e+01 1.04828133e+02 1.85156006e+02
 2.53599121e+03 3.33392031e+04 9.08646622e+01 6.67449316e+03
 1.03663904e+03 1.03090762e+04 9.89685303e+02 8.99072876e+02
 4.38173145e+03 1.15507227e+04 2.78224146e+03 4.28819434e+03
 9.40522278e+02 1.12958459e+03 4.42197510e+02 1.07352026e+03
 1.38524292e+03 1.52434912e+04 9.85335938e+02 2.97169769e+02
 3.98801611e+03 2.52505273e+04 2.70098969e+02 5.22108838e+03
 1.07809967e+02 2.32889795e+03 3.59437752e+00 4.30612335e+02
 3.29822876e+03 2.05695361e+03 1.67311609e+03 1.67690625e+05
 2.82219353e+01 2.19116602e+03 4.65712967e+01 1.00658923e+03
 7.20102295e+02 2.28827000e+01 1.09166028e+03 4.94052686e+03
 7.07845276e+02 3.48793774e+03 6.61125732e+03 3.72568438e+04
 6.44386749e+01 5.01327148e+03 1.34942078e+05 1.08982825e+03
 2.72845557e+03 3.59610962e+03 2.46777905e+03 1.04410779e+03
 1.57389392e+03 3.98398071e+03 7.01209668e+03 1.50973587e+02
 1.77996368e+02 1.42897978e+01 8.80444727e+03 7.59274780e+02
 1.70973352e+03 4.00924072e+01 2.27913696e+03 8.54779102e+03
 1.68003052e+02 8.30359116e+01 1.11721309e+04 1.10872327e+03
 3.47397339e+02 8.08720703e+02 1.87778467e+03 3.60083199e+01
 3.77073303e+02 6.32700928e+03 2.33938516e+04 4.12984912e+03
 9.91344629e+03 4.71344795e+01 1.00612677e+03 2.70586279e+03
 1.90362000e+03 1.43646594e+03 1.68309570e+02 3.39434479e+02
 1.77030762e+02 7.64540833e+02 8.38262305e+03 4.54514435e+02
 1.49099150e+04 2.09431519e+02 3.95990257e+01 5.63948486e+02
 8.52647266e+03 5.02153467e+03 2.33916428e+02 1.76547773e+04
 3.85882251e+03 6.41553528e+02 4.49730225e+01 1.24338838e+04
 3.69851538e+03 2.03911133e+03 2.32424622e+02 5.84866089e+02
 1.55368579e+03 4.89701233e+02 8.12262512e+02 1.30359619e+03
 1.48306717e+02 2.83897803e+03 3.52146362e+02 4.13115898e+04
 7.43334277e+03 1.78601971e+01 4.47663155e+01 9.65458374e+01
 7.46551270e+03 1.42655664e+03 1.13470520e+03 3.34833130e+03
 1.34085205e+02 1.16471416e+04 1.46030237e+03 9.15633496e+03
 1.85132275e+03 3.12595752e+03 2.13115097e+02 3.09781990e+01
 5.50057861e+03 7.49668213e+02 5.09131744e+02 4.85762061e+03
 1.79110352e+04 1.15155530e+03 4.01558672e+04 1.55389346e+04
 3.52428741e+02 1.75353308e+03 8.02774887e+01 4.25210266e+02
 2.79505768e+02 1.48633813e+03 3.30146191e+03 2.50233740e+03
 5.69866791e+01 5.04394238e+03 2.92145078e+04 9.89594238e+02
 2.34513203e+04 2.34756152e+03 9.95667542e+02 2.50079419e+03
 5.84015160e+01 6.58481836e+03 7.20061621e+03 8.46723099e+01
 3.07816348e+04 6.48946875e+04 3.88159229e+03 1.30759033e+03
 1.33364563e+03 1.21901917e+03 9.86210815e+02 1.69241699e+03
 9.39026413e+01 3.31145435e+03 4.54049561e+03 1.37278613e+03
 8.09344421e+02 1.23472754e+03 8.81882129e+03 2.16098862e+02
 1.52722031e+02 9.98636902e+02 5.75477966e+02 2.64836934e+04
 2.53925156e+02 2.38985596e+02 1.37492100e+04 2.56134863e+03
 1.68114136e+03 1.50865947e+04 2.57652441e+03 4.97267041e+03
 3.47565161e+03 2.06848648e+02 5.01572217e+03 9.53045898e+03
 1.67970471e+03 2.23009064e+02 2.40099194e+03 6.99153015e+02
 9.37963750e+04 5.99630775e+01 3.58128477e+04 2.77777930e+03
 1.66645752e+03 2.62044775e+03 7.78750916e+01 4.56902979e+03
 6.51167432e+03 4.57384102e+04 1.23202217e+02 2.97612476e+03
 8.58552246e+02 8.82471619e+02 1.05777480e+04 1.14710486e+03
 6.54008240e+02 1.68782177e+01 8.26987793e+02 2.73607422e+03
 4.98031562e+04 2.48548223e+04 3.89967188e+04 1.43546045e+03
 4.59738818e+03 8.00921936e+01 8.38815155e+01 7.54946094e+03
 1.95049585e+03 4.26720996e+03 5.07308929e+02 1.03969395e+04
 3.03681714e+03 1.06740063e+03 1.25787578e+04 3.63758447e+03
 1.92030059e+04 8.03992334e+03 1.40327432e+04 4.01278516e+04
 2.62223926e+03 3.67724922e+04 1.78513062e+03 6.34507861e+03
 6.66243225e+02 2.64439502e+03 7.96789307e+02 4.47364746e+03
 1.66278702e+02 3.99689233e+03 5.55135820e+04 1.15106529e+02
 5.20340771e+03 2.09457959e+03 2.92260352e+03 1.05768272e+02
 2.23837402e+03 6.73066162e+03 1.68229805e+04 8.79079666e+01
 4.91879883e+02 8.63601013e+02 4.70967651e+02 7.10745703e+03
 4.92373657e+02 2.00053496e+04 1.78850357e+02 3.52792539e+04
 2.31968185e+02 9.14430466e+01 5.49123993e+01 2.80167480e+03
 2.97143809e+04 2.19925781e+03 4.03628006e+01 7.22269104e+02
 1.46124109e+03 2.84171753e+03 3.20458710e+02 1.04284546e+03
 1.44027197e+03 4.07908154e+03 3.49707983e+03 6.19672058e+02
 1.20064688e+04 7.47697693e+02 5.75931797e+04 6.75605896e+02
 2.50516855e+04 1.99407562e+02 7.89572571e+02 1.66441467e+02
 3.61478809e+03 5.56951782e+02 1.77350677e+02 1.26685840e+04
 1.31662659e+03 7.21325256e+02 2.46185303e+03 9.14461441e+01
 2.35668823e+03 4.59251855e+03 7.48540820e+03 8.31799414e+03
 2.06998463e+01 2.64136548e+03 5.94774536e+02 5.08268776e+01
 1.84223125e+04 2.01784900e+03 6.39411316e+02 3.55472705e+03
 2.06009937e+03 3.20664624e+03 3.12653313e+01 3.01568085e+02
 1.15306470e+03 3.59599518e+02 2.05930664e+02 5.93381201e+03
 1.57541968e+03 7.09964111e+03 2.40980391e+04 7.18711243e+02
 5.04350928e+03 6.57654922e+04 1.95245605e+03 2.02331558e+02
 5.45267852e+04 8.17101562e+03 4.58991016e+03 6.89076221e+03
 8.28730156e+04 2.49355347e+03 3.11925024e+03 9.55961719e+04
 3.28933398e+03 1.87403735e+03 5.62919922e+02 2.17048389e+03
 5.17289001e+02 4.41786182e+03 9.85592969e+03 2.61587695e+03
 6.26301514e+03 1.29952789e+02 5.01335327e+02 2.57741455e+03
 2.27988327e+02 1.24720618e+03 1.20633242e+04 9.04123962e+02
 1.90806961e+01 4.66737354e+03 2.65548615e+02 2.03516724e+03
 1.83247412e+03 2.91813831e+01 3.30399390e+03 2.34983105e+04
 2.00632056e+03 2.44028427e+02 1.93731128e+03 2.40900146e+03
 1.10399941e+04 1.12340295e+03 1.19001587e+03 1.06386877e+03
 2.30090359e+05 2.13673193e+03 2.20015015e+03 2.34536670e+03
 6.73635156e+03 3.22876312e+02 1.11728760e+04 1.98585586e+04
 4.62334961e+02 1.33169795e+04 6.60299316e+03 2.86856689e+03
 2.03169453e+04 2.32526978e+03 1.08073474e+03 1.60409570e+03
 3.39415967e+03 3.01336719e+03 1.47356982e+03 5.04594421e+02
 3.26787158e+03 6.61107864e+01 7.14047119e+02 5.53515381e+03
 2.17456201e+03 2.44017637e+04 1.35850327e+02 8.35745056e+02
 2.01550507e+02 2.46815381e+03 2.76643066e+03 3.80466766e+02
 3.42772485e+03 1.73873450e+03 4.80432715e+03 2.01737122e+03
 1.27301941e+03 2.14149124e+02 2.04015259e+03 4.18838037e+03
 6.14919861e+02 1.77548027e+04 1.00821631e+03 4.17399336e+04
 2.45619598e+02 8.99308594e+02 6.59175879e+03 2.55830566e+03
 1.49092957e+02 1.65589441e+03 2.14087734e+04 3.27064819e+02
 3.74312973e+01 3.66328125e+02 2.27107593e+03 1.64976318e+02
 8.69462695e+03 4.43610718e+02 2.95610992e+02 1.36608545e+03
 1.38232513e+02 8.81283887e+03 4.02896729e+02 3.27552551e+02
 2.10377075e+03 7.80419238e+03 1.05824181e+02 8.53877441e+03
 4.61743835e+02 2.21310181e+03 1.92373215e+02 2.79342728e+01
 6.17865051e+02 5.14056335e+02 4.42067146e+01 1.98207428e+02
 1.22982092e+03 2.35587207e+03 1.46814850e+02 4.49695781e+04
 2.23439844e+03 3.99770386e+03 1.11744789e+02 2.32889355e+03
 8.28286209e+01 1.09800850e+04 3.08891553e+03 1.56475647e+03
 1.42507568e+03 1.50961289e+04 4.47109192e+02 6.79120712e+01
 1.86469800e+03 1.30911797e+04 7.28800391e+03 8.68632355e+01
 1.05038818e+03 2.06563281e+03 3.39490700e+01 6.17572363e+03
 1.20258339e+02 6.52165756e+01 1.38160193e+03 5.33650098e+03
 2.64321411e+02 7.14080811e+03 1.94544153e+03 3.31153662e+03
 9.28120898e+03 5.89484985e+02 2.92289043e+04 7.15339050e+02
 1.12328174e+03 1.61934385e+04 1.75710339e+03 3.87338916e+03
 4.05758276e+03 8.44219666e+01 1.04319141e+03 2.38625244e+03
 1.70002429e+03 2.34603989e+02 2.42909961e+03 1.68788379e+03
 1.91029565e+03 3.53001514e+03 1.05087720e+03 2.15625961e+02
 6.49670703e+03 1.89597617e+04 1.67962317e+03 4.79574805e+03
 2.93616113e+03 7.98138750e+04 7.19597900e+02 3.60770630e+02
 1.12094714e+03 7.50031311e+02 8.16843896e+03 6.77454285e+02
 2.13870156e+04 4.89666443e+02 5.30920410e+03 1.47490417e+03
 1.70800073e+03 1.08416305e+05 6.68739258e+02 1.66253594e+04
 2.61028198e+02 1.73014795e+03 1.55154102e+03 7.21557007e+02
 5.73341064e+03 2.90361176e+02 2.80570801e+03 3.10314185e+03
 1.18689514e+02 1.30972021e+03 2.03571777e+02 9.35299121e+03
 8.76378250e+01 5.66887756e+02 2.45505566e+03 1.51876748e+00
 1.37636987e+03 1.13145986e+04 4.33691650e+02 1.52422974e+03
 1.30645386e+03 1.23456078e+02 4.89275732e+03 1.36987885e+02
 4.23676250e+04 1.71265881e+03 3.36695391e+04 1.61875859e+04
 2.41568699e+01 3.14645703e+03 1.18385571e+03 1.24634355e+04
 2.70404248e+03 1.15777881e+03 1.33152456e+01 7.77569809e+01
 5.27218555e+03 2.39647537e+02 1.59473418e+04 3.90462616e+02
 1.51145898e+03 3.28393494e+02 3.96918555e+04 4.10175751e+02
 8.80619609e+04 1.51792744e+04 4.73224091e+02 3.14979932e+03
 1.91815137e+03 1.86673325e+02 4.44810516e+02 4.59861237e+02
 3.54798535e+03 1.72307043e+03 3.65539575e+03 9.06323624e+01
 1.03415869e+04 1.12773994e+04 3.44423096e+02 5.25428564e+03
 3.13923496e+04 1.18117959e+04 1.18929229e+04 3.89160645e+03
 2.88475739e+02 9.21933594e+02 4.72472412e+03 4.20743262e+03
 2.41856689e+03 1.14082754e+04 1.34011836e+04 2.16088852e+02
 4.15439667e+02 5.75758789e+02 5.48714062e+03 1.12969986e+02
 1.74362427e+03 1.17350195e+04 1.38505493e+03 1.75280548e+02
 1.93657507e+03 1.32718152e+03 1.72027802e+02 2.38896881e+02
 6.54562695e+03 1.61991064e+03 5.09896826e+03 4.40202942e+01
 1.16080242e+05 9.54914185e+02 2.07292676e+03 2.34863184e+04
 1.38304895e+03 4.44217133e+02 1.11321301e+03 1.32757751e+02
 1.49617630e+02 1.69964333e+01 2.85820709e+02 1.34969316e+04
 7.62026550e+02 1.00120840e+04 2.79006445e+03 4.84891327e+02
 1.39213672e+03 1.14304561e+04 2.44892407e+03 3.94958099e+02
 2.96316235e+03 9.62888432e+00 1.62245422e+03 3.00439014e+01
 2.70279755e+02 3.77447578e+04 3.19735723e+04 1.40545630e+03
 1.14516602e+03 8.43619336e+03 6.01040576e+03 5.15896562e+04
 1.78753271e+03 3.61264307e+03 8.84628711e+03 7.75643506e+03
 4.11266403e+01 4.15836548e+02 9.59259644e+02 2.30306122e+02
 1.59234717e+03 2.27132988e+01 1.95539612e+03 1.89011348e+04
 6.33398560e+02 5.62795166e+02 5.00836243e+02 2.14814560e+02
 2.71015308e+03 2.93707520e+02 1.43655029e+02 9.66025848e+01
 1.20568613e+04 1.81931958e+03 7.66559204e+02 3.18943787e+02
 8.74923706e+02 5.10666113e+03 5.08878967e+02 1.24885681e+02
 4.69892578e+02 3.88011255e+03 1.20836349e+02 2.09874878e+03
 1.14118252e+04 7.72732315e+01 1.98958911e+03 2.42309473e+03
 9.94522461e+03 2.25971523e+04 5.20344629e+03 1.71784485e+03
 1.11992148e+04 5.07069031e+02 2.36799164e+01 3.70595923e+03
 2.34314014e+03 2.54814209e+03 3.77017725e+03 9.77770078e+04
 3.92434967e+02 5.07204666e+01 2.40611211e+04 1.04011977e+05
 1.65201782e+03 1.72392761e+03 2.36536719e+03 3.56734253e+02
 8.10045654e+03 4.46700312e+04 5.47848572e+02 4.00958667e+03
 1.33666931e+03 3.42479156e+02 1.97859070e+03 1.43639443e+04
 1.02196336e+05 8.49092834e+02 1.95757556e+03 5.07377701e+01
 6.03993945e+03 1.95467285e+04 1.87377875e+05 2.05885986e+03
 2.06944092e+03 1.00553261e+02 1.15226934e+04 2.05715894e+03
 4.75359039e+02 4.69115662e+02 4.73528534e+02 2.23543320e+02
 6.57052429e+02 1.52682236e+02 1.16042578e+04 4.02332726e+01
 7.21709912e+03 7.79562500e+02 4.10379730e+02 2.07954570e+04
 8.29046875e+02 5.02025185e+01 5.47867188e+03 4.51411255e+02
 1.35879175e+03 1.42325771e+04 1.29390518e+04 2.33811426e+04
 9.74581934e+03 3.39140381e+02 1.65771130e+03 1.09413550e+03
 2.60188647e+03 5.17326660e+03 2.56805591e+03 7.15712830e+02
 8.91255417e+01 1.44417566e+03 1.55263046e+02 1.30829681e+02
 2.42088989e+03 9.40312305e+03 9.56580234e+04 6.38805115e+02
 3.51918262e+03 1.13039484e+05 3.71666675e+03 1.08716074e+04
 1.47650769e+03 1.66111348e+04 7.72754492e+03 2.77505249e+03
 4.08673975e+03 3.92717261e+03 3.95793262e+03 6.83969062e+04
 2.26450610e+03 1.20041077e+03 7.52205322e+03 6.55982031e+03
 1.82796814e+02 2.46081372e+03 4.90909149e+02 8.07084778e+02
 6.03515869e+02 2.42809004e+04 3.28862122e+02 4.47496836e+04
 2.31450211e+02 3.34668884e+02 1.33892432e+03 3.22732086e+02
 3.09931909e+03 3.76813782e+02 6.46482764e+03 3.11419277e+04
 2.82659454e+02 3.16357361e+02 1.82331562e+04 1.39114868e+02
 4.11163916e+03 2.18855225e+03 2.18390274e+02 7.52916211e+03
 2.54445953e+02 1.73322852e+03 6.06546875e+03 4.21398132e+02
 1.28315002e+02 3.61235886e+01 1.89888062e+03 4.13224976e+02
 8.63344666e+02 1.10261793e+01 8.65776465e+03 4.97580261e+01
 1.05220654e+03 1.78204639e+03 6.65966034e+01 1.76176582e+04
 6.53134689e+01 1.37942932e+03 2.22062851e+02 7.78583679e+02
 1.24688525e+03 1.56595911e+03 2.44881104e+03 1.40261560e+03
 1.56906074e+04 1.90626633e+02 1.97624557e+02 2.70656328e+04
 3.09487036e+03 1.25623896e+04 6.75279480e+02 5.29652643e+00
 9.95491309e+03 2.49347437e+03 6.13658516e+04 7.48332080e+03
 5.41375313e+01 5.85842676e+03 2.34714096e+02 3.59796680e+03
 4.88923218e+02 1.35560840e+03 5.14230420e+03 2.14327173e+03
 1.63200879e+04 1.81885669e+03 3.80292480e+03 2.27764185e+03
 1.63223923e+02 6.01072388e+02 3.63800537e+03 8.34156445e+03
 2.79788330e+02 1.99492871e+03 3.04132812e+03 4.10983765e+02
 6.18374329e+02 4.44525928e+03 3.51781602e+04 1.27561025e+04
 1.59951685e+03 8.82020703e+03 3.31208179e+03 5.23143188e+02
 6.41527634e+01 7.44491043e+01 6.39084473e+02 3.06399219e+03
 6.27068298e+02 1.12493057e+02 2.27147930e+04 6.61073120e+02
 7.01302002e+02 1.54358002e+02 2.56361523e+03 2.25550156e+02
 5.85567017e+02 1.61139389e+02 3.01398511e+03 3.41015977e+04
 3.01981262e+02 1.29058609e+02 9.28460815e+02 1.27764795e+03
 3.67227612e+03 7.30174561e+02 1.77131934e+04 5.56405957e+03
 1.18123230e+03 9.12995801e+03 2.09473022e+03 2.17002612e+03
 1.66700039e+04 2.11658066e+02 2.03794277e+04 1.58327673e+03
 1.34458386e+03 1.02178461e+03 1.19262596e+02 5.97695820e+04
 2.85171478e+02 1.26873505e+02 1.39971436e+03 5.56086377e+03
 9.07344131e+01 9.20510925e+02 6.60027710e+02 1.26083606e+03
 9.12257141e+02 1.50934006e+02 1.18795911e+03 4.23138574e+03
 1.81227012e+04 2.42094116e+02 4.73081741e+01 1.79386182e+03
 2.20584229e+03 7.40122192e+02 1.05274346e+04 1.01602667e+03
 9.54807129e+01 5.03560394e+02 3.64587646e+03 3.56611523e+04
 4.00597632e+03 6.08538208e+01 9.02375641e+01 7.25574141e+04
 3.11635513e+01 2.28481274e+03 2.68138550e+03 2.72868561e+02
 1.05208977e+02 2.09259790e+03 2.74084137e+02 2.17404922e+04
 6.51124072e+03 9.66854614e+02 4.92807910e+03 2.66861890e+03
 3.14982988e+04 8.16597949e+03 1.60369339e+01 3.58468579e+03
 1.84205774e+03 4.63294385e+03 6.08512207e+02 1.38944250e+03
 1.76024646e+03 5.75549393e+01 5.86559814e+02 7.01242523e+01
 2.70386548e+03 2.28086084e+03 8.01996094e+02 1.19197862e+06
 2.03332535e+02 1.17039154e+02 3.26770654e+03 1.27016514e+04
 9.27655859e+03 2.25897021e+03 4.69188818e+03 1.17655461e+05
 2.09171555e+02 3.39630615e+02 6.35158301e+03 1.80542456e+03
 6.53511536e+02 1.37865491e+03 3.46577856e+03 1.95357141e+03]
9154.581
1191978.6
