[2.62228359e+04 3.42329926e+02 5.16833984e+02 1.93779373e+02
 2.21217773e+03 6.71357971e+02 1.19018791e+02 2.62558533e+02
 5.21214941e+03 1.20675270e+02 3.31521606e+02 4.80220459e+02
 4.60800879e+03 3.40154037e+01 2.96595947e+02 1.11812210e+02
 5.55885010e+01 3.38544235e+01 2.50753769e+02 4.41510254e+02
 4.70436475e+03 2.17136902e+02 7.37277656e+04 4.74041168e+02
 1.59630847e+03 2.33143384e+03 1.84034338e+03 7.53883123e-01
 1.71928024e+02 6.34057579e+01 1.79645691e+02 6.17976868e+02
 6.08282532e+02 3.77612213e+02 1.66381580e+03 6.85632248e+01
 3.67196411e+02 7.04999208e+00 1.77528824e+02 2.00321240e+03
 4.86533154e+03 5.18751907e+01 9.85381958e+02 3.74527779e+01
 6.29081116e+01 4.64528381e+02 5.17045975e+00 2.27194153e+02
 5.00232117e+02 1.72566833e+03 5.48373596e+02 1.17712585e+02
 2.58680096e+01 2.59275234e+04 1.03419174e+02 1.05658203e+02
 8.66380310e+02 1.94434729e+03 1.73990307e+01 3.72574768e+02
 5.26072815e+02 1.39892456e+02 6.54834900e+01 9.41005173e+01
 1.43199020e+02 1.13941174e+03 1.12804937e+00 2.53663544e+02
 4.39271912e+02 1.55359009e+02 4.47629967e+01 8.95290100e+02
 6.24979858e+01 3.63004907e+03 1.57906281e+02 2.90287910e+04
 3.79230682e+02 2.77277686e+03 1.60330109e+02 2.63417603e+03
 7.06018066e+02 8.90928345e+02 2.85992165e+01 1.10711768e+04
 8.04498291e+02 3.02283592e+01 4.40436737e+02 3.80675122e+03
 1.79961517e+02 5.83546066e+01 5.70221802e+02 7.12434277e+03
 6.39167175e+02 1.41151855e+03 1.11585828e+05 1.56498474e+02
 5.66635132e+01 2.05891647e+02 3.31905457e+02 1.35016266e+02
 9.38364014e+02 6.01297607e+02 1.34174667e+02 9.31914902e+01
 1.26410622e+02 1.16914032e+02 4.29740936e+02 4.89145416e+02
 4.45734039e+02 1.65628052e+01 5.20479317e+01 1.10488184e+03
 5.67055435e+01 2.68497284e+02 1.06251099e+03 3.34530701e+02
 3.97449150e+01 2.34997559e+02 3.54746056e+01 7.21102441e+03
 3.72799927e+02 1.73271301e+03 1.41425464e+03 3.07887578e+04
 9.59566284e+02 2.46062653e+02 1.99656429e+01 1.36077988e+02
 1.60837692e+02 1.18476151e+02 3.45707581e+02 2.07354584e+02
 2.26973938e+02 8.03133240e+01 1.16675278e+02 3.01164886e+02
 4.17493134e+02 3.11300598e+02 1.37922891e+04 4.48782501e+01
 3.32426796e+01 2.88654272e+03 5.88666153e+01 6.66327087e+02
 4.59367561e+01 2.98153629e+01 1.33504601e+01 1.32925964e+03
 1.82078359e+04 1.95594617e+03 9.36752548e+01 8.78712585e+02
 5.72264832e+02 3.37967957e+02 1.29342637e+04 5.66067993e+02
 1.99078537e+02 2.55566528e+03 2.31345230e+02 2.24658493e+02
 2.64306763e+03 3.11072327e+02 3.49042236e+02 3.24618317e+02
 6.08711060e+02 4.85835388e+02 1.31274109e+03 4.24097168e+02
 2.38746033e+02 9.23773730e+03 1.61691284e+01 1.37377710e+03
 4.47889786e+01 4.86943115e+02 5.26481323e+02 1.40677979e+02
 1.45508835e+02 4.07464676e+01 2.77535278e+02 3.67359414e+04
 6.39354431e+02 8.34456024e+01 4.08198730e+03 4.25823736e+00
 1.37903839e+02 5.44019318e+00 9.18345718e+01 1.24351265e+02
 1.48223129e+02 8.77893295e+01 3.61010767e+03 8.06932220e+01
 1.52716122e+01 5.09173859e+02 8.38425049e+02 3.42047791e+02
 1.34643982e+02 6.30858826e+02 4.92483444e+01 1.60540894e+02
 1.21459618e+02 1.37512976e+03 2.09158545e+03 1.70460678e+02
 9.44608008e+03 1.34004648e+04 4.09176514e+02 3.90244843e+02
 6.16676674e+01 8.46277618e+00 2.60148296e+01 5.05840393e+02
 2.30362871e+04 1.10737846e+02 6.94800049e+02 5.95759392e+01
 1.06699473e+04 5.53061676e+01 1.75933630e+03 9.52695541e+01
 7.66628952e+01 1.72268753e+01 1.20593700e+01 6.29568115e+02
 4.45721436e+01 3.52284012e+01 8.14302597e+01 3.54935333e+02
 3.27466522e+02 2.67423291e+03 1.08792854e+02 5.62206917e+01
 1.28763763e+02 2.96516018e+01 2.89552593e+01 1.67222729e+03
 9.93135529e+01 3.18576679e+01 1.10623322e+02 1.44986438e+03
 4.02386328e+03 8.15026779e+01 1.97462921e+02 2.29622326e+01
 2.34794373e+02 1.89774872e+02 8.03343567e+02 5.88888428e+02
 1.17678452e+02 3.81286719e+04 2.75684399e+03 2.70827728e+02
 2.65414612e+02 2.65115986e+01 4.24247528e+02 5.11259888e+02
 1.33603018e+04 2.37601273e+02 5.20376953e+02 3.71238525e+02
 4.59740820e+03 9.08022522e+02 5.31177246e+03 4.04599884e+02
 3.03388023e+01 2.40569172e+01 1.12222206e+02 2.64344238e+04
 1.86335413e+03 5.82416725e+01 1.74190231e+02 4.16640747e+02
 3.16371429e+02 4.20848846e+01 2.43066010e+02 3.59748108e+02
 1.28307898e+03 4.46272412e+03 3.14987773e+04 2.80308276e+03
 4.00327301e+02 3.39748657e+03 8.46409683e+01 7.73995895e+01
 2.74234528e+02 2.12701645e+02 2.96969261e+01 7.10532379e+01
 2.70748959e+01 2.57301727e+02 4.24365094e+05 2.60011597e+02
 7.10688925e+00 1.38370071e+02 1.18325167e+01 1.89261444e+02
 4.32789001e+02 9.80459717e+02 9.63926392e+01 5.29276657e+00
 1.39375464e+03 2.01042831e+02 3.93612695e+03 4.14336914e+03
 7.88783875e+01 1.29485869e+04 8.78897476e+01 4.04682544e+03
 1.48193573e+02 3.18612762e+02 7.60914917e+01 8.73591736e+02
 1.14589539e+03 6.18867676e+02 2.97437988e+02 6.27015625e+02
 8.90142944e+02 1.46024092e+04 3.64448029e+02 4.58094299e+02
 8.30508496e+03 2.07895523e+02 3.90165588e+02 1.21127061e+04
 3.75902002e+03 1.89417038e+01 6.31894775e+03 2.30149643e+02
 1.52550012e+03 4.37825312e+04 2.01085480e+02 2.20325642e+01
 2.41985336e+02 9.94078827e+01 3.90239563e+02 1.72931238e+03
 3.34701636e+03 1.87509973e+03 9.89803711e+03 2.06895304e+00
 4.89032173e+00 6.23987646e+03 3.27243195e+01 3.42221367e+04
 4.79226440e+02 3.17698555e+01 9.72680511e+01 2.28447189e+02
 2.55256860e+03 3.52662163e+01 1.78514023e+02 5.96135437e+02
 1.32860680e+01 2.60106689e+03 1.13635229e+03 1.23570337e+03
 3.23486603e+02 6.28537483e+01 9.62883835e+01 1.09912695e+03
 5.99385986e+03 3.93955536e+02 2.11329620e+02 3.66708984e+02
 4.10114209e+03 6.17987793e+02 1.64749414e+04 1.04866585e+02
 2.30037061e+03 2.40580811e+02 4.15369293e+02 9.50856079e+02
 2.12180117e+04 2.94353619e+01 1.33311996e+02 3.35142627e+03
 5.24222266e+03 1.13892993e+03 3.54308398e+03 1.04569801e+02
 5.32848022e+02 2.97065283e+03 1.47111094e+04 6.66401917e+02
 3.27822693e+02 1.08286646e+03 3.44644287e+02 7.47338562e+02
 1.49178809e+03 3.48386566e+02 2.26980347e+02 2.39907440e+02
 9.62616043e+01 6.56047852e+02 1.06933350e+02 9.37714766e+04
 6.88369064e+01 4.76064014e+03 9.50387146e+02 5.31491113e+03
 3.41704941e+00 8.76506714e+02 7.63701401e+01 3.96350861e+01
 7.98465698e+02 1.34133972e+02 2.73783569e+01 8.09346466e+01
 5.17319094e+05 1.86077606e+02 4.12710571e+02 2.57722900e+03
 4.11148242e+03 3.49649445e+02 4.47959570e+03 2.29850449e+02
 6.75929451e+00 2.73515698e+03 1.19169104e+03 5.83690376e+01
 3.48324927e+03 7.27502899e+01 5.34614404e+03 3.79905792e+02
 5.91380127e+02 3.30123352e+02 6.23271912e+02 3.56986160e+01
 1.63587832e+04 1.19548311e+04 2.83100872e+01 1.19735046e+03
 5.47093811e+02 3.06114209e+03 4.09410744e+01 4.26492739e+00
 8.61979523e+01 8.84252834e+00 9.15701758e+03 1.29020279e+02
 1.22383713e+02 4.93973999e+02 3.92015991e+02 6.11111572e+02
 3.05115337e+01 2.35592606e+02 9.02143326e+01 8.74890918e+03
 7.47241898e+01 1.47877441e+02 5.42100525e+01 5.57037158e+03
 1.92029526e+02 1.81760229e+03 3.47437927e+02 3.21515991e+02
 2.06457443e+01 9.75955994e+02 1.39904270e+01 1.70497375e+02
 1.33797012e+02 3.18264404e+02 3.24429810e+02 4.47314667e+02
 1.94406067e+03 6.99631958e+01 3.48490662e+02 3.98433374e+03
 1.15541191e+02 7.73332947e+02 3.32080811e+02 8.62993469e+01
 2.04681625e+02 1.08900345e+02 3.89516029e+01 2.21259912e+03
 1.55579285e+02 3.79600616e+02 2.68650604e+02 9.37636795e+01
 1.03347349e+01 2.25858154e+01 3.70908630e+02 2.68534107e+01
 4.85183136e+02 2.33187332e+01 9.37444916e+01 7.96678101e+02
 8.77940941e+00 3.50104797e+02 1.29238876e+02 2.42391853e+01
 4.03824234e+01 3.71960693e+02 1.68992432e+02 1.48188267e+01
 2.38155319e+02 7.22692822e+03 7.67111282e+01 2.63796692e+02
 3.70920868e+01 3.88281555e+01 4.83937311e+00 8.92419586e+01
 2.69075336e+01 1.60413110e+03 1.67447281e+01 2.17757324e+02
 4.14361182e+03 7.09140930e+01 2.43150131e+02 3.54036621e+03
 2.12706833e+02 9.98440475e+01 4.95509300e+01 2.66803198e+03
 6.85184021e+02 2.35592327e+01 2.83283138e+01 1.99145050e+02
 2.38701584e+02 4.74858551e+02 1.46667080e+04 5.21049072e+02
 2.83365112e+02 1.94155151e+02 9.31888489e+02 1.41087244e+03
 3.11280975e+01 8.88775253e+01 1.87515926e+01 3.36820564e+01
 2.45402512e+02 8.94940552e+02 1.94178101e+02 1.26609146e+02
 3.79000977e+04 1.72852271e+03 4.18990173e+02 9.03341736e+02
 1.36303931e+03 6.09665586e+04 1.12974930e+01 3.67739197e+02
 4.99833679e+02 6.46036530e+01 1.94565308e+02 1.64860268e+01
 3.70007019e+02 3.99590393e+02 7.17442810e+02 2.96337189e+02
 1.07372536e+02 3.56985962e+03 1.14514761e+01 3.97921028e+01
 1.84999802e+02 9.07664948e+01 2.33337921e+02 1.03308365e+02
 4.04480316e+02 8.19176758e+02 2.56453735e+02 2.01823425e+03
 2.17110825e+02 3.11610565e+02 3.52436829e+01 5.52541602e+03
 3.96759247e+02 2.81956482e+01 2.82103424e+02 4.01341095e+02
 3.21610278e+03 3.16219330e+02 1.28694971e+03 1.33569250e+03
 2.19640335e+02 4.61313965e+02 1.45860474e+03 3.59405251e+01
 7.23680786e+02 1.85129440e+02 2.16999561e+03 6.12989159e+01
 3.63494507e+02 3.68717224e+02 9.90168076e+01 1.23549271e+02
 7.44302673e+01 5.30365906e+02 9.96200134e+02 1.40515335e+02
 2.13424637e+02 9.86476212e+01 2.21053149e+03 1.22584399e+03
 5.68214684e+01 3.13596845e+00 1.26708511e+02 1.51552841e+02
 3.29950348e+02 5.80029358e+02 3.10056210e+01 2.07653519e+02
 2.24403076e+03 6.37674484e+01 2.68688965e+02 3.40929230e+02
 2.62005768e+02 1.30446924e+03 1.49129532e+02 7.43038940e+01
 1.53477014e+03 1.11888586e+03 2.70349865e+01 1.06214134e+02
 1.02853796e+03 3.16091583e+02 1.05905312e+02 4.91049652e+02
 1.91418137e+02 5.17194336e+02 1.05810417e+02 1.13149109e+01
 5.29284172e+01 1.98015210e+03 3.39596875e+03 1.06465668e+02
 2.66010498e+02 1.06553625e+03 3.41914139e+01 1.89429001e+02
 4.20023773e+02 2.93940356e+03 1.61644955e+01 4.60815247e+02
 1.17867935e+02 1.40480890e+01 2.55074554e+02 1.89601941e+03
 1.19001379e+03 6.61111206e+02 3.02256409e+02 3.54180542e+02
 3.31082245e+02 8.13294824e+03 1.35525681e+02 2.14260815e+03
 1.99167450e+02 6.09173126e+01 3.78883553e+01 1.30998383e+02
 1.32618271e+02 5.44539871e+01 3.94801361e+02 1.86107751e+03
 4.46115875e+02 2.83893677e+02 3.04352169e+01 1.54303421e+02
 5.18305054e+02 4.75395361e+03 3.20395630e+02 5.45408974e+01
 7.84916306e+01 1.07528366e+02 8.91763458e+01 2.44148407e+01
 8.15999832e+01 2.05625488e+03 1.29270386e+03 1.95938452e+03
 9.24934464e+01 8.94704956e+02 1.51846936e+03 5.99373718e+02
 1.03244133e+02 4.72169678e+02 6.78154846e+02 3.18290920e+01
 5.72281380e+01 1.05978439e+02 5.85665405e+02 1.88331177e+02
 1.74543105e+04 9.83797302e+01 8.12028732e+01 3.16272858e+02
 2.73135777e+01 1.54995300e+03 2.15666229e+02 2.87824036e+02
 1.61148468e+02 1.75398224e+02 4.66521289e+03 1.44235293e+04
 4.15815979e+02 9.01209564e+01 4.25833473e+01 1.10687668e+02
 6.80263672e+01 1.31547684e+02 3.24497864e+02 1.94040794e+01
 2.30192291e+02 6.99961914e+02 8.50055618e+01 1.05670471e+02
 1.41152252e+02 1.98300842e+02 1.47021437e+01 9.39026062e+02
 8.60979004e+02 1.04959570e+04 1.22446252e+03 5.30216699e+03
 1.71736387e+04 3.12249680e+01 3.32964363e+01 3.53120972e+02
 3.58065186e+02 2.00404282e+02 1.53663300e+02 2.23220923e+03
 3.02661774e+02 1.19045906e+02 1.19669739e+02 6.75132385e+02
 1.62897827e+03 3.61450854e+03 7.10712585e+01 2.08646240e+02
 2.27347488e+02 9.93071976e+01 4.43834717e+03 1.74505939e+01
 5.39263649e+01 8.21177521e+01 7.10029541e+02 1.46176379e+03
 2.37920853e+02 2.10674648e+01 2.45291424e+01 3.70372849e+01
 9.46337585e+02 1.58244934e+03 3.15478000e+05 5.26153442e+02
 2.46276962e+02 2.37223465e+02 9.67696172e+04 3.56260101e+02
 5.92828613e+03 4.18827477e+01 4.46123581e+01 9.59549789e+01
 2.46841873e+02 1.02452301e+02 4.59066504e+03 2.76162915e+03
 7.86795947e+03 3.01227798e+01 2.77950470e+02 1.43379318e+02
 5.47096672e+01 3.51162910e+01 2.63086973e+04 1.06072397e+01
 9.87811829e+02 5.40058960e+02 3.99466629e+01 3.99146924e+03
 3.50217700e+03 1.90042328e+02 8.29714813e+01 3.62405151e+02
 3.17889160e+02 1.29756119e+02 7.51478638e+02 2.75945778e+01
 5.43898849e+01 6.47740117e+04 1.35908850e+03 2.27794739e+02
 4.57345459e+03 2.59495898e+04 9.46270569e+02 1.02918205e+02
 1.25211311e+02 1.66300996e+04 7.53498917e+01 4.32226868e+02
 1.44155159e+01 1.38874619e+02 5.40584375e+03 1.15692368e+01
 2.44896362e+02 1.37452713e+02 3.21251831e+02 4.83428101e+02
 3.23504126e+03 3.34987793e+01 9.14113281e+02 1.68875610e+02
 3.58960303e+03 7.93041199e+02 1.70799109e+03 8.19814224e+01
 1.09643867e+02 1.40434875e+02 7.12264252e+01 2.89562285e+04
 1.63440820e+03 2.81271210e+01 1.45764404e+02 2.76942505e+02
 4.93374072e+03 6.66795206e+00 2.62902808e+03 8.12073633e+03
 8.81812317e+02 2.88504822e+02 1.63054016e+02 9.66728363e+01
 2.03735565e+02 2.67490674e+03 3.90438904e+02 1.16133086e+04
 1.23673389e+03 2.75256653e+02 1.09283875e+03 2.69200531e+02
 1.02232590e+02 3.74069427e+02 1.10717400e+02 1.79706409e+03
 1.30320093e+03 3.77171898e+01 3.57055781e+04 1.78159618e+01
 3.57586975e+02 4.37772797e+02 1.51360352e+02 5.57073877e+03
 7.44339523e+01 1.13368919e+02 6.79804609e+04 2.70916386e+01
 7.66764145e+01 4.13932007e+02 1.50863132e+01 6.38503320e+04
 8.12080139e+02 4.65461212e+02 7.22546631e+03 5.85170703e+03
 2.11194183e+02 7.59448120e+02 6.78144760e+01 9.71065979e+01
 5.17220764e+02 1.07443372e+03 9.25439575e+02 6.14517090e+02
 4.11080933e+02 2.80451978e+03 1.69663162e+01 5.74839745e+01
 1.20253601e+02 9.14754868e+01 3.00683813e+03 1.31153778e+02
 1.82415491e+03 3.10997009e+01 4.36923798e+02 2.67129650e+01
 5.43279305e+01 1.36842468e+02 3.87008606e+02 2.55335449e+03
 1.83669357e+02 2.02706787e+02 1.04252110e+01 3.68432709e+02
 4.50924042e+02 9.14291458e+01 3.80812598e+03 2.71231469e+05
 7.51911133e+02 9.40191116e+01 3.82484521e+03 3.46023041e+02
 1.99167715e+04 1.18250989e+03 1.71079216e+01 1.42282028e+02
 4.12931252e+01 1.91695953e+02 5.44545898e+02 3.33407257e+02
 1.71466202e+02 1.51379120e+02 2.14537201e+01 4.27616739e+00
 2.01978149e+02 1.65327545e+02 1.58361908e+02 9.12063110e+02
 3.56309433e+01 4.25659332e+02 2.84246521e+02 4.33843872e+02
 2.58575916e+01 2.09293027e+04 2.70351196e+03 9.20278259e+02
 2.86209431e+01 8.83347412e+02 8.88912125e+01 3.08048229e+01
 2.30438446e+02 1.17262390e+02 2.89301123e+03 5.21146851e+02
 1.25854630e+02 4.11376404e+02 2.68264313e+02 3.06301367e+03
 2.79910870e+01 3.40911064e+01 4.76058594e+04 2.13223901e+03
 2.18463097e+01 2.79679932e+02 1.38855115e+03 1.39927307e+02
 1.89195175e+02 3.98833847e+01 1.04998322e+02 3.54410370e+02
 6.52790405e+02 2.22634476e+02 2.83354523e+02 3.83436066e+02
 5.55481300e+01 5.13450439e+03 1.26596172e+04 5.49660950e+02
 3.64727197e+03 7.64035767e+02 4.93196487e+01 1.19724422e+05
 1.03225952e+03 1.52291345e+03 4.55854736e+02 1.19259990e+04
 2.90980091e+01 1.07979561e+02 3.57416534e+02 2.08575562e+02
 1.08745201e+02 9.88081436e+01 5.46014709e+02 2.04127151e+02
 6.39783859e+01 2.80457497e+01 2.72665161e+03 1.53525635e+02
 2.23264069e+02 3.54073853e+02 2.75249743e+00 6.60046387e+02
 2.99292068e+01 7.80624939e+02 2.02830276e+02 3.76155853e+01
 1.72360176e+04 3.10880280e+01 3.47423897e+01 1.98435822e+01
 2.03380966e+00 8.23275986e+01 2.11142014e+02 2.63646875e+04
 4.44443245e+01 8.60549561e+02 2.95972949e+03 7.44130230e+00
 1.62309204e+02 5.52607107e+00 2.63425073e+03 1.04934961e+03
 1.03290199e+02 3.30477905e+02 4.78991699e+02 4.82865181e+01
 8.57455063e+00 5.97887459e+01 5.16134529e+01 4.97114296e+01]
4025.2842
517319.1
