[2.40862207e+04 1.09117200e+03 4.43486633e+01 8.83705017e+02
 9.62587500e+03 1.27558093e+03 5.78288574e+01 1.23339941e+04
 1.60232920e+04 2.83849335e+02 8.52661035e+03 1.12234365e+04
 1.03907969e+04 4.29799500e+02 9.77480347e+02 4.13493066e+03
 2.34038340e+04 1.92676062e+03 8.19253516e+03 7.99342578e+04
 7.74036621e+03 1.18583691e+03 5.33867625e+05 4.72221161e+02
 1.36476379e+02 3.24366914e+04 8.39974453e+04 2.21588477e+03
 4.68152979e+03 2.50411816e+03 1.02493027e+04 3.28566071e+02
 9.71633240e+02 1.19081775e+03 2.61754609e+04 4.43342334e+03
 2.12719556e+03 8.50233521e+02 4.42754639e+02 3.86904877e+02
 3.81554858e+03 8.25811401e+02 8.52069531e+03 1.36888293e+03
 2.61726123e+03 2.96689258e+03 1.48776440e+03 1.18662586e+01
 4.13474951e+03 8.99001855e+03 1.10259998e+03 1.59384814e+03
 3.96818451e+02 3.60898242e+04 1.75256149e+02 1.67460962e+03
 2.14924048e+03 2.88917344e+04 1.04836218e+03 1.43214282e+03
 8.19126099e+02 6.12355469e+03 2.11346558e+03 2.63209610e+01
 4.27739746e+02 5.39243311e+03 7.61673096e+02 4.52919769e+02
 1.74184143e+02 2.04086035e+04 9.08215714e+00 4.19169287e+03
 1.23851514e+03 1.46224243e+03 5.97006348e+03 1.66190842e+02
 2.90339453e+03 8.02410645e+03 7.54256592e+02 5.06410391e+04
 9.96595215e+02 3.00842358e+03 3.89083130e+02 1.03439551e+03
 1.41387317e+03 6.87803406e+02 3.10541064e+03 7.63911438e+01
 4.33963318e+01 3.10510767e+03 5.05612646e+03 1.30097275e+04
 3.45466492e+02 5.71612646e+03 2.36151660e+04 2.21677393e+03
 1.29713074e+03 7.88558838e+03 4.17627148e+03 5.43007996e+02
 7.53511887e+01 6.59529736e+03 1.49718188e+03 4.04418755e+01
 1.17997180e+03 1.15232880e+02 3.34110205e+03 2.83326367e+03
 7.01072412e+03 1.50590881e+02 2.32546777e+03 1.71780838e+02
 6.21209961e+02 4.10114600e+03 2.94979175e+03 7.42409790e+02
 5.24853882e+02 1.07061650e+04 4.65928369e+03 2.04685699e+02
 8.06479639e+03 3.20431274e+03 7.37833435e+02 2.51701001e+03
 3.53383838e+03 5.80223877e+02 3.63062622e+02 2.70536890e+03
 1.75728284e+03 1.07358826e+03 1.21625342e+03 1.84120874e+03
 1.31482117e+03 2.56628265e+02 4.15148590e+02 5.07531921e+02
 8.04746924e+03 1.19349927e+03 9.48146362e+02 2.65874072e+03
 4.06051709e+03 1.20782246e+04 1.05414023e+04 7.95248340e+03
 1.24395518e+04 4.37376434e+02 3.50724457e+02 7.89334412e+02
 9.07075000e+03 7.73746729e+03 2.73732715e+03 6.02912354e+03
 1.44661646e+03 5.22797508e+01 1.09074020e+02 1.66548059e+03
 9.22288879e+02 3.05229375e+04 6.97718384e+02 8.68194453e+04
 1.20888564e+04 7.59373413e+02 4.83118073e+02 6.78081848e+02
 2.36840363e+02 1.84798950e+03 6.09803772e+02 1.68691040e+03
 1.19126984e+02 7.93128516e+03 5.29756714e+02 3.53305786e+02
 2.51101578e+02 1.84944055e+03 1.14747116e+02 4.01998291e+03
 3.75900604e+02 1.60059705e+03 2.67572632e+03 2.86225703e+04
 2.15621973e+03 6.35808838e+02 5.05126133e+04 6.79372559e+03
 3.93180640e+03 1.56796021e+03 1.93089587e+03 2.43277786e+02
 1.47148645e+03 3.14214404e+03 7.20294238e+03 1.01921967e+03
 9.35702393e+02 2.42066864e+02 4.04920239e+03 7.35192688e+02
 5.52471973e+03 1.01763861e+03 6.09880554e+02 3.51696411e+02
 5.27269922e+03 2.90179443e+03 1.42547354e+04 4.71374908e+02
 4.34447695e+04 6.60215938e+04 5.79779968e+02 6.19247217e+03
 2.57695288e+03 1.35088882e+02 1.70110864e+03 3.37068939e+02
 1.21854652e+02 3.66195874e+03 6.59689648e+03 1.87786255e+03
 6.28748535e+02 4.14709320e+02 1.63615723e+03 1.31591980e+03
 3.36687500e+02 5.13677979e+02 1.73363159e+03 9.05488984e+04
 2.34016064e+03 9.38135803e+02 4.77739197e+02 5.25400208e+02
 3.40395239e+03 9.51166113e+03 2.43688525e+03 1.12184216e+03
 1.95582886e+03 4.14051562e+03 1.64301819e+03 1.68538416e+03
 9.35443115e+02 6.38866577e+02 4.21214795e+03 1.40273108e+03
 1.15926396e+04 1.72049048e+03 1.71502305e+04 3.62911426e+03
 9.08528625e+02 2.37205054e+03 1.91697412e+03 1.59134631e+03
 2.43334518e+02 1.52181953e+05 8.90950134e+02 3.08883618e+03
 1.21266284e+03 2.45952100e+03 2.38280075e+02 1.89372095e+03
 5.49125879e+03 9.29151672e+02 9.70507019e+02 1.34342270e+02
 6.22215586e+04 2.10332367e+02 1.64746423e+03 1.01569354e+03
 3.15817352e+02 4.65977509e+02 3.59061005e+02 2.09664819e+03
 1.24584668e+04 4.92908301e+03 4.02201965e+02 2.57646250e+04
 8.73512451e+02 9.86689087e+02 3.85461523e+04 1.41309131e+03
 3.67153351e+02 1.10898157e+03 2.49609033e+03 3.30281953e+04
 1.65029614e+03 1.30986943e+04 4.55727814e+02 8.58358276e+02
 4.35814087e+02 4.11614795e+03 2.58989331e+03 5.22449658e+03
 1.02479480e+03 6.52325732e+03 5.12777588e+02 3.34810034e+03
 2.29923511e+03 2.42499878e+03 3.93067383e+02 1.85220227e+03
 5.22260376e+02 1.05550940e+03 1.45641431e+03 9.73861465e+01
 2.28615372e+02 1.11745415e+02 7.34277979e+03 2.62015977e+04
 9.73674927e+02 1.72604000e+05 6.55423767e+02 1.12152246e+04
 5.13020386e+02 1.18940186e+03 9.22569458e+02 2.44095947e+03
 1.63825088e+04 1.39620361e+02 8.90346191e+02 2.14008521e+03
 3.80937286e+02 5.02588318e+02 2.11287671e+03 8.97345312e+03
 2.62695190e+03 7.53205176e+03 3.43281403e+02 3.75542798e+03
 1.60226016e+04 2.98861401e+03 6.24314883e+04 2.76259741e+03
 1.77235938e+04 2.23509277e+03 4.86196777e+02 6.46445007e+02
 5.76771729e+02 3.87512543e+02 1.54370911e+03 6.76159082e+03
 2.71425659e+02 8.85886108e+02 7.56151758e+03 8.10496399e+02
 7.40240234e+02 1.79276550e+02 6.82768372e+02 1.13057861e+04
 1.09842392e+02 1.17809456e+02 4.34626984e+02 3.72601489e+03
 8.42946680e+03 1.30925952e+03 1.44357959e+04 1.65339082e+04
 8.04006531e+02 4.83714630e+02 1.12755603e+03 1.03988428e+03
 5.71880615e+03 2.30250513e+03 2.17559839e+03 1.07880713e+04
 4.29108936e+03 6.12580029e+03 2.99132666e+03 8.04121277e+02
 2.15291035e+04 3.46185391e+04 1.38581519e+03 1.34238123e+03
 1.20083179e+03 4.13392725e+03 1.87191758e+04 2.29045449e+04
 7.11738125e+04 8.20465515e+02 1.18554309e+03 2.03781719e+04
 1.00055732e+04 7.04906128e+02 3.30729034e+02 1.55781848e+03
 7.95385498e+03 3.88364380e+03 1.16226211e+05 1.77027454e+03
 3.69955414e+02 2.07544043e+03 1.67594275e+03 2.82016357e+03
 5.47244141e+03 6.66139014e+03 1.34264893e+03 7.67327728e+01
 7.66520874e+02 2.23154932e+03 1.38186389e+03 1.03879456e+03
 2.09433813e+03 3.81529375e+04 1.73045972e+03 4.86937402e+03
 5.82260193e+02 5.91981494e+03 1.26499878e+03 6.37974487e+02
 7.44673193e+03 2.05913013e+03 4.63771942e+02 7.49215332e+02
 5.38298750e+05 1.27906250e+03 7.64154785e+02 3.55484961e+03
 1.75029121e+04 4.15089447e+02 2.33215566e+04 3.33250684e+03
 5.40742798e+02 9.31740918e+03 5.12274512e+03 1.46144019e+03
 1.01572969e+04 1.31754187e+03 1.08362451e+03 6.62045459e+03
 2.80350879e+03 3.05266162e+03 9.36755078e+03 1.68657455e+02
 3.90755664e+04 2.10935455e+02 7.03318542e+02 1.88020435e+03
 4.41710472e+01 2.54452090e+04 5.14148407e+01 5.64875793e+01
 1.36829102e+03 1.79244614e+02 4.83789307e+02 1.62705933e+03
 2.25433398e+03 4.65383759e+02 5.60578174e+03 9.54384961e+03
 2.81422394e+02 4.97636353e+02 1.13860864e+03 9.27618359e+03
 7.18366821e+02 1.93379443e+03 4.19152863e+02 2.71293062e+05
 5.69346191e+02 6.95743591e+02 8.36927148e+03 1.36718628e+03
 5.63978577e+02 2.20946338e+03 6.62671436e+03 4.74987091e+02
 1.45984436e+03 7.61876587e+02 7.91532654e+02 7.84346802e+02
 9.37107849e+02 4.24367828e+02 3.16370758e+02 3.77905334e+02
 2.79826343e+03 3.57709531e+04 5.12622314e+02 8.66856250e+03
 1.99426403e+01 1.50625073e+03 7.13762268e+02 2.29094165e+03
 5.39426453e+02 2.44351172e+03 1.52924156e+01 6.23854553e+02
 2.91591064e+02 1.46678699e+03 6.86998653e+00 1.78358215e+02
 1.72890723e+03 4.05580957e+03 5.68642944e+02 4.42355938e+04
 1.00062878e+03 2.33841953e+01 4.52598450e+02 6.42977734e+03
 3.25044708e+02 5.92242798e+02 6.17151709e+03 2.25175209e+01
 8.61249207e+02 7.83493438e+04 2.27785425e+03 1.17414539e+03
 2.08635178e+02 3.44868561e+02 1.09928623e+04 3.27402295e+03
 7.52887939e+02 1.59264536e+01 4.80536224e+02 2.17132520e+03
 1.11170105e+03 6.64533813e+02 1.51218658e+02 1.36971008e+03
 1.65890106e+02 2.11348267e+03 1.05604175e+03 1.25754785e+04
 2.44291992e+04 9.50056030e+02 2.94195264e+03 3.89981842e+02
 6.06685867e+01 7.49339219e+04 1.05873344e+02 4.49401398e+02
 9.90695020e+03 3.95972412e+02 5.84547668e+02 2.71996826e+03
 1.31545081e+03 9.85243286e+02 3.83889404e+02 3.88911713e+02
 6.33086304e+02 1.07155103e+03 5.20933228e+02 4.35314502e+03
 5.81661328e+03 5.05062012e+03 3.71546997e+03 1.75774731e+03
 1.77462476e+03 8.73841953e+04 1.05546411e+03 2.60845361e+03
 3.10882080e+02 5.89858826e+02 5.09300964e+02 3.70902008e+02
 5.61769482e+03 8.34900940e+02 2.93437817e+03 4.86428741e+02
 2.73669727e+03 2.81233438e+04 4.96264221e+02 5.73464404e+03
 3.15815460e+02 5.40543457e+02 2.08876907e+02 1.59952258e+03
 1.32328381e+03 2.15927612e+03 6.65725586e+02 5.01748779e+03
 7.52112488e+02 6.66300430e+01 8.44704834e+02 6.11187266e+04
 3.84639746e+03 7.19126038e+02 9.69697144e+02 4.33546973e+03
 3.79118125e+04 4.19202100e+03 2.87710449e+02 1.78482434e+03
 2.47339746e+03 6.13302832e+03 1.95235273e+04 4.91639221e+02
 2.19178848e+04 3.46924257e+00 1.49914629e+04 1.91382043e+03
 3.17770294e+02 1.02745811e+04 1.09653491e+03 9.01863403e+02
 4.41669197e+01 1.98593018e+03 1.73933125e+04 2.49498535e+02
 8.43577539e+03 1.42934436e+03 4.01625549e+02 1.44273506e+04
 1.35862854e+03 2.23213892e+03 7.57033630e+02 5.56101929e+02
 3.02282656e+04 4.19921143e+03 3.94359314e+02 7.32395813e+02
 1.22741113e+04 4.91065796e+02 1.81222986e+03 1.32979541e+03
 1.19409131e+04 5.91571899e+02 5.12651482e+01 1.69915222e+03
 3.02359399e+03 1.07192480e+04 5.07965698e+02 1.13662012e+03
 3.78791382e+03 4.46659119e+02 2.34699570e+04 9.95655859e+03
 1.27024341e+03 3.05993286e+03 2.31361588e+02 8.29198547e+02
 2.75187183e+03 6.31941748e+03 1.47467786e+03 7.03701294e+02
 7.90034131e+03 1.80413501e+03 2.71679688e+03 7.91457886e+02
 1.60454578e+03 5.22550244e+03 2.78674268e+03 2.22124194e+03
 4.73237891e+03 3.71710754e+02 2.47254761e+03 1.93109824e+04
 1.70022327e+03 3.62672461e+03 6.61361084e+02 1.08553398e+02
 2.20430359e+05 6.77333130e+02 8.12768799e+03 2.31526348e+04
 6.03320190e+02 4.35764923e+02 3.61909149e+02 1.24510254e+03
 6.47419629e+03 6.36166809e+02 2.53058569e+03 1.53229041e+03
 6.68238525e+02 1.60586885e+04 3.50253143e+02 1.03442798e+03
 2.02507373e+03 2.15288711e+04 4.73771680e+03 1.27917273e+03
 1.62159619e+03 2.19162460e+02 5.28250000e+02 4.84770782e+02
 2.16116479e+03 1.73819551e+04 5.93759297e+04 1.86746021e+03
 9.35463379e+02 1.61502539e+04 9.29032031e+03 1.28482153e+03
 2.56973511e+02 2.27718765e+02 5.21543396e+02 1.50561172e+04
 2.03814746e+03 5.04930664e+02 4.10074756e+03 1.54596057e+03
 1.35683350e+03 6.52623657e+02 2.26987167e+02 3.71948086e+04
 4.06429102e+03 2.29044263e+03 1.00295679e+03 2.69077515e+02
 4.67630371e+03 4.19808899e+02 6.84566116e+01 1.18405164e+03
 3.37808242e+04 1.41957962e+02 1.45996216e+03 4.98203308e+02
 5.20957214e+02 5.99348572e+02 1.65096542e+02 8.81377563e+02
 1.03571533e+03 2.78564423e+02 9.79681702e+02 7.72911621e+02
 5.84092627e+03 1.60314560e+02 4.43001562e+03 1.39404236e+03
 1.04014346e+04 7.84927100e+03 4.05492847e+03 9.61241699e+03
 5.08085059e+03 2.27460037e+02 7.37092285e+02 8.39528687e+02
 5.76914209e+03 1.04399011e+03 4.87265234e+03 1.13305400e+04
 1.56097900e+02 1.52797388e+03 3.55117676e+02 1.03102021e+04
 3.07498809e+04 7.77859421e+01 1.98648945e+04 1.85048499e+03
 2.06447583e+03 2.16151914e+04 2.20059043e+04 1.39993262e+03
 3.44093353e+02 6.52138672e+02 8.47370996e+03 1.35847617e+04
 4.03752612e+03 1.09037987e+02 6.69910010e+03 2.93361176e+02
 1.48015698e+03 3.38149463e+03 1.57506391e+05 1.17008232e+04
 1.49574182e+03 6.75689880e+02 9.77341406e+03 3.62285156e+03
 3.95128223e+03 1.01431940e+03 8.57348267e+02 1.76163544e+02
 6.39876892e+02 1.62289307e+02 6.38583672e+04 4.96730225e+02
 5.05184277e+03 6.42305969e+02 1.94963220e+03 9.99558008e+03
 7.85345840e+01 5.60108582e+02 7.85987976e+02 1.89845752e+03
 1.01806970e+03 1.19566436e+04 6.84625439e+03 3.70113892e+03
 1.78100484e+05 4.28753516e+03 6.89726221e+03 9.07114380e+02
 3.29853607e+02 7.59633606e+02 4.25693213e+03 5.21803101e+02
 2.37709131e+03 3.02221509e+03 3.75527686e+03 1.26654907e+03
 1.08269189e+03 1.96954141e+04 2.55259375e+04 1.57495435e+03
 1.04893860e+03 8.48779688e+03 8.47631836e+02 1.97447281e+02
 4.67925018e+02 8.58703995e+01 1.23262783e+04 1.20855554e+03
 4.46829150e+03 2.70527252e+02 2.73561523e+03 5.34208008e+03
 4.25038916e+03 2.12269189e+03 2.10225762e+04 1.54611908e+02
 7.56434619e+03 7.22033752e+02 1.89866406e+03 4.26535675e+02
 5.71910278e+02 8.62080566e+03 1.68741943e+03 2.50198511e+03
 2.61506855e+04 1.06035242e+03 1.69801575e+03 8.37174759e+01
 6.00326416e+02 2.69550537e+02 3.70880391e+04 3.57025430e+04
 4.55038635e+02 3.33564355e+03 2.62975234e+04 1.13299976e+03
 1.67912559e+04 8.95249268e+02 8.71219406e+01 7.85793274e+02
 2.89133276e+03 2.04388779e+02 2.02625527e+04 1.38056909e+03
 2.08682812e+03 4.43005371e+02 5.49829773e+02 1.59702423e+02
 6.68268701e+03 1.17934204e+03 1.91689026e+03 1.70628265e+02
 8.12092529e+02 1.04425354e+03 2.22453003e+03 1.76402363e+04
 1.54748303e+03 8.00131592e+02 3.77702905e+03 1.03300073e+03
 1.11628406e+03 6.25645714e+01 4.26237500e+03 9.75746521e+02
 3.08540503e+03 5.14047119e+03 4.31256738e+03 5.72148291e+03
 1.89017749e+03 2.16794604e+03 3.76496533e+03 3.48169022e+01
 4.84216523e+04 3.09038379e+03 3.04137617e+04 1.44658960e+03
 2.03017960e+02 4.04943066e+03 2.62436310e+02 6.26706055e+02
 1.74845020e+04 5.19710083e+01 1.18213184e+04 2.70347656e+03
 2.37511328e+04 1.18587708e+03 9.21479919e+02 1.09979089e+03
 9.60395447e+02 3.01497461e+03 6.41131058e+01 2.78894092e+03
 1.45946130e+03 4.69176904e+03 1.98597327e+03 4.21862976e+02
 7.82131738e+03 9.17674500e+02 4.76776562e+04 1.88199004e+04
 5.68639883e+04 2.24045532e+03 2.98492969e+03 2.83438110e+03
 1.48854773e+03 8.86034424e+02 1.48338245e+03 1.61450691e+01
 4.08720276e+02 3.89046143e+02 9.28151855e+03 7.04712463e+02
 5.06363477e+03 1.14973877e+03 5.55121002e+01 1.56640686e+02
 1.37657639e+02 4.73180328e+02 3.69885162e+02 1.26266467e+03
 3.78939758e+02 3.02033374e+03 9.05099976e+02 3.02694397e+02
 3.36626556e+02 2.45908423e+03 9.98584766e+03 4.91706161e+01
 4.99875781e+03 1.06125098e+04 1.31108325e+03 3.39839783e+02
 8.43837695e+03 7.44734375e+02 3.27663501e+03 4.05442474e+02
 8.91218872e+02 5.02245117e+03 2.23188492e+02 3.36790508e+04
 1.82227747e+03 1.04157056e+03 1.92632507e+03 4.35620459e+03
 6.65728943e+02 3.31017731e+02 1.57916985e+01 1.84930603e+03
 1.98394055e+03 1.08238782e+03 1.09358696e+02 1.25825635e+03
 2.49536738e+04 3.75131934e+03 1.29328461e+02 6.96474915e+02
 1.66129077e+03 4.17924219e+03 6.67771387e+03 6.18683643e+03
 6.15058740e+03 6.09370605e+02 4.93711328e+03 2.11371562e+04
 2.37708521e+03 6.02991577e+02 1.39472974e+03 6.28620625e+04
 3.31010742e+02 4.40485016e+02 1.06911926e+03 7.92703247e+02
 1.67802849e+01 1.44793533e+02 7.18967957e+02 1.25335901e+03
 5.44748047e+03 5.65460144e+02 2.91428619e+02 1.94824768e+03
 6.01273164e+04 2.34515845e+03 1.53699988e+03 7.11880188e+02
 2.24062927e+02 2.49577368e+03 1.49797620e+03 3.86266309e+03
 1.08393547e+05 3.51085864e+03 5.44297852e+03 6.05977661e+02
 1.52505334e+03 2.32705658e+02 3.65626556e+02 1.04859242e+05
 4.29833691e+03 9.11047363e+02 7.42657166e+02 2.85145825e+03
 6.73310852e+02 9.08417188e+03 2.86087695e+03 3.60107930e+04
 6.25789795e+02 2.59844995e+03 1.10515029e+04 4.40776123e+03
 7.45883636e+01 5.60108215e+02 9.43197571e+02 2.36767139e+03]
