[3.94761157e+03 6.32177979e+02 3.30286865e+02 2.78084082e+03
 1.07107002e+04 7.20088745e+02 6.80819214e+02 3.00546021e+03
 7.63551208e+02 1.01205116e+02 8.60846985e+02 4.47586823e+02
 3.82124883e+04 1.68975983e+02 7.29125549e+02 6.84463525e+03
 2.12283984e+03 7.15742554e+02 5.57053174e+03 1.15801172e+04
 2.69036670e+03 3.00858429e+02 8.71918438e+04 1.97767487e+02
 1.41593018e+03 4.54227490e+03 4.02593359e+04 7.73904648e+01
 3.88609711e+02 7.42330994e+02 7.29354639e+03 2.77241113e+03
 4.64865952e+01 9.51022243e+00 1.05300903e+03 2.87141528e+03
 3.97407617e+03 2.41951709e+03 2.56634308e+02 1.37306091e+02
 2.02366858e+03 7.22875000e+02 5.71364697e+03 6.26315918e+02
 1.95298164e+04 2.67027466e+02 2.15884064e+02 2.01589478e+02
 3.10951080e+02 2.27017188e+03 3.50010162e+02 1.41215485e+02
 4.05976963e+00 3.89085938e+04 4.17497742e+02 9.84802322e+01
 3.26690820e+03 1.10194150e+04 4.22833191e+02 1.49115967e+03
 3.36333154e+03 4.98046826e+03 2.55096948e+03 9.35395126e+01
 8.97905807e+01 2.82730072e+02 5.92868469e+02 1.83810852e+03
 2.04976517e+02 4.21539551e+03 1.83497986e+03 4.02085968e+02
 1.60179150e+03 5.51893066e+02 1.35262728e+00 3.85641797e+03
 5.21795996e+03 3.36675757e+03 3.78806267e+01 4.11396924e+03
 4.29279236e+02 2.04587173e+02 3.37212708e+02 1.10465063e+03
 1.15861484e+04 6.70213242e+01 2.58465454e+02 4.84849213e+02
 4.61143115e+03 5.75507666e+03 1.62373467e+04 4.77429297e+04
 1.74567456e+03 1.75814531e+04 2.04842070e+04 3.18995312e+03
 6.28996582e+02 1.32083008e+03 1.08837695e+04 5.41711922e+01
 3.15973480e+02 1.18919653e+03 1.71703479e+03 2.66848694e+02
 7.88906937e+01 4.94997900e+03 1.48139990e+03 2.00846545e+03
 2.53742504e+00 9.99422531e+01 4.28851270e+03 4.41740283e+03
 6.18373047e+02 2.57269849e+03 1.28714629e+04 5.33751855e+03
 2.49047508e+01 5.44929053e+03 5.23916664e+01 5.06426208e+02
 1.20846875e+03 4.48494238e+03 1.80139121e+04 1.21143047e+04
 3.81864404e+03 6.76953979e+02 1.19497363e+03 3.00566010e+02
 1.16121533e+03 3.19844116e+02 1.34259143e+03 1.54200623e+02
 1.37873364e+03 1.20527917e+03 2.06612854e+02 1.03919495e+03
 9.08967407e+02 9.02578674e+02 2.55195068e+03 4.28585010e+03
 5.87695605e+03 2.09087549e+03 7.27622656e+03 1.89983069e+03
 4.96134619e+03 3.19140686e+02 9.22844788e+02 6.50982568e+03
 1.83987195e+03 1.58873352e+03 5.08119263e+02 7.13783594e+03
 1.82873047e+02 5.29233826e+02 1.88760010e+03 3.84826317e+01
 5.84894066e+01 4.06711992e+04 1.28642960e+02 1.17478975e+04
 9.68210742e+03 1.12971948e+03 1.47991043e+02 1.08063110e+02
 1.23584336e+04 2.44409332e+02 1.55390854e+02 7.70330994e+02
 1.08422684e+02 5.25909619e+03 1.93092749e+03 1.21048135e+04
 4.91345276e+02 4.33361426e+03 5.82329492e+03 4.03377411e+02
 2.24898169e+03 1.22012703e+02 1.08336319e+02 2.04829834e+03
 1.29163457e+04 2.34276619e+01 1.87894902e+04 3.06170020e+03
 1.74587173e+02 5.65250305e+02 9.26088028e+01 1.65070480e+02
 2.40775513e+02 1.44999905e+01 1.51309607e+03 8.69909241e+02
 1.88939346e+02 3.59139038e+03 2.49894180e+04 1.45863379e+03
 1.34146367e+04 4.21501892e+02 9.71571579e+01 1.21187170e+03
 4.66814056e+02 6.23918750e+03 1.16308379e+04 3.56352112e+02
 3.93056470e+03 1.09281592e+03 1.86899307e+02 2.45056958e+03
 1.38979224e+03 8.97309265e+02 9.63659973e+01 3.06012146e+02
 7.92928589e+02 4.83622266e+03 5.22689746e+03 3.15258904e+01
 6.90868286e+02 1.23569511e+02 7.21714783e+02 6.03622253e+02
 9.93423309e+01 3.16626245e+03 1.14118909e+03 3.93985195e+04
 3.32633881e+02 4.79484680e+02 5.19342224e+02 1.98263016e+02
 2.14074524e+02 3.46724634e+03 5.52933350e+02 1.59206253e+02
 3.23209961e+02 1.10000610e+03 1.55449414e+03 4.72385193e+02
 1.30196558e+03 1.29538937e+01 2.04884570e+03 4.40322205e+02
 8.01909241e+02 6.34730148e+01 3.51042505e+03 2.23303421e+02
 6.18001747e+00 1.80988403e+03 1.21690625e+03 1.03764832e+03
 3.50127686e+03 1.44572827e+03 5.16319763e+02 7.32418213e+02
 4.27474548e+02 7.37253845e+02 4.33115356e+02 7.58826843e+02
 5.35411230e+03 8.37737885e+01 5.45457840e+01 1.04036609e+03
 4.98646133e+04 1.24394932e+04 5.57010107e+03 2.35815430e+03
 3.07433052e+01 9.68285461e+02 5.11925934e+02 8.57685013e+01
 2.00476392e+03 7.21906128e+02 2.31612030e+02 1.59789233e+03
 1.48356009e+01 2.20548145e+03 4.58112109e+03 2.08302295e+03
 7.56364062e+03 1.39061934e+04 7.93862988e+03 4.45022930e+04
 1.99373413e+02 4.22369775e+03 9.40153046e+01 5.83118103e+02
 6.38651001e+02 3.68591309e+03 2.13543091e+03 6.05809143e+02
 3.56816772e+02 1.21985381e+04 1.18897842e+04 9.59736450e+02
 8.15373779e+02 1.19646233e+02 1.64382861e+03 8.77380859e+02
 4.49250916e+02 2.41300049e+03 9.82390137e+02 4.86871948e+02
 1.71584326e+03 8.56261444e+01 1.53189844e+03 1.04027002e+04
 5.51929260e+02 2.01214438e+05 3.19898712e+02 3.34486786e+02
 1.35922546e+02 1.44957752e+01 1.40373627e+02 4.97775879e+03
 1.74267346e+03 2.36016632e+02 8.68489197e+02 6.46900098e+03
 4.22328758e+01 1.25300735e+02 1.49091443e+03 5.89834290e+02
 7.70505676e+02 7.37238574e+03 6.77431592e+03 1.11597302e+03
 1.52690078e+04 1.61042755e+02 1.76113892e+02 3.51043358e+01
 3.99342944e+03 2.22176245e+03 3.87781525e+02 1.28196793e+02
 1.25249451e+03 3.52870581e+03 4.61124707e+03 1.46566199e+03
 1.88343410e+01 4.84965637e+02 6.88566797e+03 1.54491531e+02
 2.85411797e+01 2.10200098e+03 4.20958838e+03 8.49536987e+02
 4.77879150e+03 6.35246765e+02 3.21439545e+02 1.58524731e+03
 2.44747773e+04 3.50405579e+02 7.60144653e+02 9.99556797e+04
 1.03193604e+03 6.45670547e+01 4.72301953e+03 1.30364502e+03
 2.96372437e+03 3.01117767e+02 2.27547852e+03 5.68124658e+03
 5.38851123e+03 5.52799316e+03 1.82864844e+04 8.97067444e+02
 7.03086328e+03 4.34334492e+04 1.22573755e+03 5.94484680e+02
 4.95831562e+04 7.77446213e+01 5.92993652e+02 1.97098340e+03
 1.86142578e+05 6.11237305e+02 2.80618866e+02 4.57101221e+03
 1.31158164e+04 1.71167695e+04 5.30689575e+02 6.16881027e+01
 2.89277051e+03 4.19581592e+03 1.50277297e+05 3.34380219e+02
 7.91446350e+02 1.06835205e+04 2.35983667e+03 4.54458282e+02
 8.32163239e+01 5.45738184e+03 3.37510669e+03 4.06623077e+00
 2.05027275e+01 5.90754883e+02 1.09422668e+02 5.00442676e+03
 1.43558582e+03 7.10030176e+03 2.19936719e+03 6.14265381e+03
 5.38048134e+01 2.19688843e+03 2.73263977e+02 1.92368408e+03
 1.21928015e+03 2.95537872e+02 6.41032776e+02 5.41564148e+02
 7.10377109e+04 3.94268994e+03 2.35794571e+02 4.34813110e+02
 1.11819209e+04 1.95872208e+02 2.77922388e+03 5.07747412e+03
 2.05710205e+02 6.07086670e+03 1.09829834e+03 1.20827133e+02
 2.71946826e+03 8.10020935e+02 1.68782303e+02 4.28521973e+02
 3.41603760e+02 8.75959668e+03 4.63706982e+03 1.29273697e+02
 8.20264160e+03 3.59796533e+03 7.49234238e+01 3.65499451e+02
 2.18987427e+03 3.13491119e+02 8.70126709e+02 1.72135901e+03
 6.57872314e+01 4.54325165e+02 7.32523010e+02 1.19811553e+04
 2.94817200e+02 1.16147473e+03 1.35082239e+03 3.26562378e+03
 8.03686340e+02 1.65088745e+02 1.10636462e+03 6.71992920e+03
 4.30854675e+02 1.82765588e+03 1.98147852e+03 1.63864102e+04
 1.78093887e+02 6.31103369e+03 2.57172943e+02 2.07373071e+03
 1.42030286e+03 2.09212256e+03 1.43414417e+03 1.97778305e+02
 4.68790619e+02 1.13806665e+03 2.50173462e+03 2.58302826e+02
 2.54942725e+03 3.51277809e+01 1.16660498e+03 2.57893311e+02
 8.41569304e-01 1.42526914e+04 1.99128931e+03 1.23257068e+03
 2.63951477e+02 9.14936719e+03 2.30866551e-01 7.03144922e+03
 2.13568512e+02 3.06989574e+01 1.95610413e+02 3.98113861e+02
 3.95089844e+03 3.96705127e+03 1.58507837e+03 1.13488000e+03
 5.58819702e+02 3.56000317e+03 8.51181335e+02 1.06629873e+04
 1.31779572e+02 2.41451636e+03 3.00627022e+01 2.50084778e+02
 1.06254951e+02 6.59605591e+02 7.57389209e+03 2.21209534e+02
 9.09008179e+02 2.06933633e+04 5.08619423e+01 2.32235855e+02
 7.45684937e+02 7.82592529e+02 3.31712830e+02 1.72171803e+01
 2.75811520e+01 1.31019739e+03 3.39240479e+02 6.15104370e+02
 2.73398163e+02 1.84118103e+03 8.32542603e+02 5.57085938e+03
 1.04697525e+02 1.33455292e+02 4.26474365e+02 3.66492163e+03
 6.42126367e+03 5.67368591e+02 5.60040381e+03 2.04246411e+03
 8.44556885e+01 2.82191919e+03 7.40091431e+02 2.40854599e+02
 8.00629346e+03 9.73076859e+01 1.24619608e+01 2.81002783e+03
 6.26072769e+01 1.85035352e+03 3.64038300e+02 9.45324402e+02
 2.14425171e+02 1.00650610e+03 1.95205490e+02 1.51018640e+03
 5.39816992e+03 1.23802881e+04 6.70788956e+01 3.97102905e+02
 2.02874268e+02 6.03301201e+01 9.65189896e+01 4.23072168e+03
 5.56155457e+02 1.42109589e+02 6.72772607e+03 3.48175018e+02
 1.22008818e+04 8.94768860e+02 3.97790918e+03 1.29651282e+03
 1.16914832e+03 1.77272168e+04 2.76851616e+01 3.07642944e+03
 6.30048218e+02 1.03964376e+01 5.20297165e+01 3.63807953e+02
 1.90759473e+04 2.55627344e+03 2.58675781e+02 2.57231323e+02
 2.26864990e+02 8.61008728e+02 7.10733582e+02 9.50207715e+03
 1.68118726e+03 1.12916174e+03 1.66406799e+03 6.75828809e+03
 2.79546172e+04 3.75116748e+03 9.23010547e+03 1.49235693e+04
 4.32088470e+02 4.01822479e+02 1.86340391e+04 1.05857582e+02
 1.44237471e+04 1.17582556e+03 1.64133186e+01 2.49930862e+02
 2.86495300e+02 3.59355234e+04 1.22978064e+03 1.60090881e+03
 9.04128967e+02 3.00164233e+03 5.21476855e+03 1.64089462e+02
 2.17773914e+01 2.72971954e+02 5.06365527e+03 1.84095586e+04
 2.27787979e+02 1.18796912e+03 1.10515735e+03 6.82383499e+01
 2.57116094e+04 1.45921033e+03 1.28442413e+02 5.31768005e+02
 1.85656592e+03 9.27473816e+02 1.58437256e+02 9.99588089e+01
 8.45095703e+03 1.81980820e+02 1.29522354e+02 5.05368462e+01
 5.81417139e+03 3.51673645e+02 2.14999313e+02 6.26615723e+03
 7.97145569e+02 1.31464688e+04 1.76531677e+03 9.87987793e+03
 1.58971237e+02 2.65156323e+03 2.54350845e+02 1.25928406e+03
 2.84470886e+02 1.85571643e+03 6.17950928e+03 1.51037003e+02
 8.56664795e+02 4.77882843e+02 5.80718408e+03 8.19927795e+02
 2.45957593e+03 2.80950952e+03 8.87282028e+01 1.94294617e+02
 1.41425171e+03 7.04986496e+01 1.31558389e+04 6.71552197e+03
 2.42591534e+01 8.33221802e+02 2.26895050e+02 1.68523911e+02
 2.87208438e+05 2.18415430e+03 1.98178772e+03 4.64452057e+02
 1.79524170e+02 9.64051758e+02 4.81654129e+01 1.21657471e+03
 3.15091162e+03 1.56961227e+02 1.05461624e+02 1.20087048e+03
 1.15803809e+03 6.81235840e+03 6.32807617e+02 1.53989624e+03
 4.31367578e+03 9.98080371e+03 5.81157666e+03 8.34328938e+00
 1.06822400e+03 5.54133301e+03 1.27994458e+03 8.79111877e+02
 3.07388696e+03 1.08090078e+04 3.25810938e+03 1.70614355e+03
 3.93651520e+02 7.83073242e+03 1.68461523e+03 5.82195496e+02
 1.52550842e+03 1.20802649e+03 3.42277557e+02 1.79609492e+04
 1.00638336e+03 7.42261457e+00 1.42863916e+03 9.36185486e+02
 5.17665466e+02 4.75043848e+03 1.58655945e+02 3.39329688e+04
 2.59110229e+03 4.36310107e+03 4.17632065e+01 1.45381091e+03
 4.89866553e+03 6.79507874e+02 8.55155090e+02 5.60891724e+02
 1.05736533e+04 6.70183350e+02 4.01456947e+01 2.30972916e+02
 1.62054932e+03 1.97297592e+02 1.48921204e+02 5.80862541e+01
 2.15486588e+02 2.71303247e+03 2.69442230e+02 7.66237671e+02
 1.87739514e+03 1.50652985e+02 2.66816602e+03 2.52804230e+02
 1.73475352e+04 5.88860359e+01 1.21697051e+04 5.26963398e+04
 2.54302490e+03 1.32131622e+02 1.01041222e+02 2.66162170e+02
 5.15783752e+02 2.35721753e+03 4.00196411e+03 8.03830957e+03
 9.46968079e+01 1.61769928e+02 2.52549756e+03 4.12843320e+04
 1.30614429e+03 2.66593933e+02 7.62481982e+03 2.22934067e+02
 2.29125977e+03 3.07374481e+02 2.94739282e+03 4.67041113e+03
 1.75219702e+03 3.50180756e+02 1.07408679e+03 5.33188770e+03
 2.54713809e+04 5.56131165e+02 2.11572418e+02 5.32815308e+02
 2.69913428e+03 2.20885962e+03 3.75364819e+03 8.08098328e+02
 3.93229309e+02 1.89056625e+02 6.06430664e+03 1.89168411e+02
 6.66785767e+02 1.64280530e+03 3.98710480e+01 1.76300232e+02
 6.15278564e+02 1.09064685e+03 3.65882715e+03 3.80534134e+01
 1.49940393e+03 2.67953949e+02 1.99645269e+00 2.66251074e+03
 1.64724182e+03 1.15194727e+03 2.09494434e+03 1.04516228e+02
 2.71989185e+03 1.73808606e+03 9.12148730e+03 2.03821460e+03
 8.15409062e+04 3.18391992e+03 7.34638306e+02 4.68653107e+01
 2.69347286e+01 3.09482452e+02 4.31158545e+03 1.76582361e+03
 7.73333984e+02 5.28875000e+02 1.30050281e+03 6.50794830e+01
 1.01441315e+02 1.04387573e+02 2.47010425e+03 4.25842056e+01
 6.10320587e+01 3.19186572e+03 7.31932434e+02 2.98576099e+03
 4.66479279e+02 1.22157842e+04 4.03198047e+03 1.35021838e+03
 5.99733643e+03 1.88388779e+02 4.01566211e+03 1.68996448e+03
 8.25301074e+03 1.06259387e+03 4.24258105e+03 5.20470508e+03
 2.15472412e+03 4.91590607e+02 1.19407812e+03 9.74257019e+02
 1.50817841e+02 5.60991406e+03 5.77980896e+02 2.01720840e+04
 4.57897168e+03 2.06027176e+02 1.16090125e+03 5.25553711e+02
 6.81206131e+01 3.22793335e+02 1.96589922e+04 7.79732344e+04
 4.66527985e+02 9.08892151e+02 1.26233174e+04 8.45870789e+02
 2.10647437e+03 1.28649541e+04 1.56127478e+03 8.31597595e+02
 1.95651392e+03 8.95835815e+02 5.11106934e+03 5.18309619e+03
 1.60764587e+02 1.95385168e+03 1.82180344e+02 3.72377258e+02
 5.79866406e+03 8.27914368e+02 2.00304602e+03 6.79410782e+01
 1.81396216e+03 3.17860229e+02 1.52742700e+03 2.59783911e+03
 4.05515320e+02 3.50512505e+01 1.85198267e+03 1.85961056e+01
 4.53351074e+02 1.09448385e+01 1.43675793e+03 3.97514526e+03
 2.75751050e+03 4.83605499e+02 1.22943525e+04 1.47648486e+04
 4.46435254e+03 9.07807983e+02 4.46343750e+03 1.28342333e+01
 1.37882432e+04 4.84915527e+03 6.51785498e+03 1.72186859e+02
 1.27468359e+03 7.11622461e+03 9.74051285e+01 1.16071648e+02
 4.32657275e+03 3.06921967e+02 3.72994434e+03 1.59916772e+03
 7.92772461e+03 1.46339386e+02 9.75069153e+02 1.85754932e+03
 1.00230347e+03 9.11061630e+01 8.61096436e+02 5.51307922e+02
 1.12481606e+02 6.60091934e+01 6.22481018e+02 1.02108038e+03
 3.23449219e+03 2.03716705e+02 1.23312492e+05 2.12500918e+04
 7.93727891e+04 1.45336951e+03 3.90651245e+03 7.46059875e+02
 1.79605423e+02 1.92560205e+03 2.64717655e+01 7.01049957e+01
 8.88061295e+01 2.29620934e+01 1.86794275e+03 1.64536487e+03
 1.36223809e+04 1.43817947e+02 1.33097382e+02 5.10765228e+01
 1.60254459e+01 1.08151428e+03 2.90126678e+02 8.58902734e+03
 6.71125122e+02 6.27060547e+03 1.77000122e+02 1.03038782e+03
 1.85131523e+04 1.23171326e+02 8.09755173e+01 2.95979810e+03
 9.22712402e+03 3.26668167e+01 1.05805725e+02 9.90349731e+01
 1.15463174e+04 5.97035278e+02 3.23946758e+04 1.07797876e+03
 2.97748222e+01 2.36432602e+02 9.10552368e+02 1.01989590e+04
 5.14218445e+02 9.67751404e+02 4.03393898e+01 4.93826416e+03
 5.69617615e+02 5.86745605e+01 1.16813623e+03 2.38379730e+02
 9.52574646e+02 1.21388428e+03 9.22953430e+02 2.02135498e+03
 3.73135223e+02 7.80382507e+02 7.28861877e+02 1.63503113e+03
 2.63547534e+03 1.06427966e+03 1.02364805e+04 3.79606842e+02
 6.70112122e+02 3.20317261e+02 4.33025244e+03 4.93618406e+05
 1.59903906e+03 5.74930603e+02 2.02011108e+03 7.72243164e+03
 9.83829651e+02 1.15400871e+02 1.24307725e+04 1.38536026e+02
 5.22262634e+02 8.73067856e+01 5.19123633e+03 2.25437910e+04
 1.67142358e+03 2.58410034e+01 2.16542065e+03 3.88320984e+02
 4.58189805e+04 3.59674878e+03 1.27326941e+03 7.74170456e+01
 1.14516113e+03 3.01142700e+03 2.41244888e+02 4.17134155e+02
 7.62898906e+04 5.29184753e+02 1.35245044e+03 1.19181335e+02
 6.34840759e+02 2.76411133e+02 1.13820557e+02 2.25937828e+05
 3.92843286e+03 4.04931854e+02 5.96473328e+02 4.07226807e+03
 2.25974438e+03 5.85480322e+03 3.99938545e+01 1.26327275e+04
 2.07139343e+02 7.13831104e+03 3.83274683e+03 4.09665332e+03
 2.48147070e+03 4.50705414e+02 1.11559357e+02 4.92598190e+01]
5508.7495
493618.4
