[1.12272828e+05 2.19025488e+04 1.55655953e+05 1.17629461e+05
 7.42447000e+05 6.96751936e+08 5.64273792e+08 1.74337188e+06
 5.34503900e+06 2.16978652e+04 7.93491028e+02 5.22980125e+05
 3.10138725e+06 1.42509727e+04 2.07452715e+04 7.13683936e+03
 3.04704531e+05 5.99954492e+04 5.62919375e+04 4.21565950e+06
 2.69647462e+09 7.94722891e+04 3.70465600e+06 1.73137862e+06
 1.17600906e+05 6.55565062e+05 3.88582750e+06 3.30736750e+05
 2.61211125e+05 5.45163945e+04 7.30092109e+04 3.95880438e+05
 6.91717000e+05 4.52426660e+03 6.46449453e+04 2.92664336e+04
 4.17903188e+05 4.44354736e+03 7.32595068e+03 3.02640957e+04
 4.20151650e+06 9.37580188e+05 2.70620594e+05 5.43176750e+05
 1.45695038e+06 6.83881562e+04 2.60321934e+04 2.58008652e+04
 2.83420156e+04 3.90521472e+09 2.31645156e+04 8.43929199e+03
 6.00290625e+03 2.45337725e+06 5.35123008e+04 4.91542822e+03
 8.86129125e+05 2.14618766e+05 4.67328320e+04 4.86113984e+04
 2.50775844e+05 1.35247672e+05 3.85370859e+04 8.92640312e+04
 4.34446250e+04 9.20414750e+05 7.30147217e+03 3.28824922e+04
 1.89122051e+04 1.75247450e+06 1.00582164e+05 2.29233562e+05
 1.56676859e+05 7.70640703e+04 1.65724219e+05 4.00373594e+04
 2.70959469e+05 1.35706381e+09 8.30750938e+04 4.36871500e+06
 7.84902031e+04 1.07393330e+04 1.04867883e+05 2.68744031e+05
 4.07127625e+05 9.32199688e+04 1.52230000e+05 3.99204492e+04
 1.79086656e+05 2.54320328e+05 9.79816448e+08 2.81752200e+06
 8.57705176e+03 6.72598000e+05 2.10301925e+06 1.44301387e+04
 3.68995039e+04 8.07682422e+04 5.34259812e+05 3.05814004e+04
 5.29392500e+05 2.10443812e+05 3.37381024e+08 3.27460938e+04
 4.05283406e+05 9.96860645e+03 2.30036035e+04 3.62763250e+05
 2.17656858e+09 1.22103023e+05 3.64492768e+08 1.78200516e+05
 8.31226094e+04 5.39786426e+03 2.84454219e+05 1.88472641e+05
 7.94978320e+03 1.42553125e+05 6.93885234e+04 3.69784219e+04
 4.60331500e+05 5.12641797e+04 1.15323336e+05 2.32220425e+06
 1.11529219e+04 2.84157422e+04 2.03768926e+04 9.94407324e+03
 3.17035425e+03 3.25361016e+04 5.86046055e+04 1.73164648e+04
 4.35556006e+03 3.54229053e+03 6.28114697e+03 5.42203086e+04
 4.84334750e+05 1.23296055e+05 5.94596992e+08 6.63087812e+04
 9.02357031e+04 7.55256484e+04 1.42808547e+05 8.36071953e+04
 1.97501859e+05 1.85206775e+03 2.09227173e+03 1.28668820e+05
 2.04003012e+06 1.41472828e+05 1.22426924e+04 8.65217188e+04
 9.83373125e+04 3.45551208e+02 1.70118438e+05 3.36576875e+04
 7.70617676e+03 1.46942609e+05 5.90455360e+08 3.08557625e+05
 5.18425000e+04 2.78173086e+04 7.79596094e+03 8.19950684e+03
 1.03579180e+05 4.18865273e+04 1.28007984e+05 2.06570078e+04
 7.48128955e+03 3.05148711e+04 3.36730591e+03 2.48234570e+04
 1.17661328e+05 3.40130625e+05 7.02353359e+04 5.23281836e+04
 3.67048203e+04 1.11595875e+05 1.54283643e+04 7.23418688e+05
 4.33486312e+05 1.86889441e+03 3.12785875e+05 8.76786641e+04
 1.75455859e+05 3.97678555e+04 7.18882109e+04 2.76368719e+05
 5.93209102e+04 1.42742520e+04 2.16459160e+04 3.11712246e+04
 4.73270352e+04 1.73458844e+05 9.28998502e+09 1.12551641e+04
 5.32915062e+05 2.06566309e+04 4.72449805e+04 2.85935219e+05
 5.61536621e+02 4.58893281e+04 1.48047675e+06 4.45344492e+04
 1.25377350e+06 1.32332880e+07 1.74278156e+05 6.44810898e+04
 2.98720625e+04 3.54400969e+05 1.54369277e+04 2.54801094e+04
 1.41494414e+04 3.26098359e+04 6.31294219e+04 1.39352844e+03
 4.45329297e+04 1.24609355e+04 1.73672938e+05 1.53692156e+05
 2.08012272e+08 9.33584375e+03 2.04688770e+04 1.17743425e+06
 2.50436141e+05 1.03925375e+05 2.20192750e+05 6.10847109e+04
 1.70401891e+05 1.78729238e+04 2.08873364e+03 2.62160605e+04
 2.81987715e+04 2.28411781e+05 3.05340094e+05 3.99009338e+02
 1.60814725e+06 1.16410094e+05 2.40937109e+04 6.55476250e+04
 1.01130075e+06 1.99635078e+04 2.74557156e+05 7.19920375e+05
 4.24093906e+04 1.75098641e+05 1.96511719e+05 1.10168781e+05
 7.84185391e+04 6.02255875e+05 2.67917552e+08 7.20324375e+05
 9.36918516e+04 1.72637949e+04 1.69860766e+05 1.36497625e+05
 6.07052266e+04 1.78230059e+04 2.45127871e+04 1.26402637e+04
 6.54731100e+06 9.32825234e+04 8.28642750e+05 2.38372384e+08
 2.27846544e+08 2.62600688e+05 1.75055605e+04 1.22454531e+05
 1.11380984e+05 4.29682227e+04 2.58403965e+04 2.02686238e+06
 1.36167266e+04 1.95660669e+03 3.69678000e+05 3.68551074e+03
 1.14447312e+06 6.06553008e+04 6.95736621e+03 7.18411062e+05
 4.00637266e+04 1.30897462e+06 3.96178984e+04 1.10481430e+05
 2.96779805e+04 1.03977055e+05 3.76053469e+05 1.29204766e+05
 1.32468164e+04 2.01365953e+05 5.78126500e+06 4.26075352e+04
 5.64764312e+05 2.27240723e+04 1.56463109e+05 6.00714648e+03
 3.61586172e+04 1.54136531e+05 4.69236250e+04 1.60135303e+04
 3.74960327e+03 5.17901074e+03 3.03990938e+05 1.39178078e+05
 2.86603531e+05 2.36067525e+06 1.15891504e+04 2.09917700e+06
 1.37340297e+05 2.42436914e+04 4.18804375e+04 1.45487359e+05
 7.65850188e+05 2.09707797e+05 8.51677600e+07 6.08921797e+04
 2.31582312e+05 8.45218938e+05 4.27570000e+04 1.80027012e+06
 1.53359234e+05 6.42283812e+05 1.66223703e+05 2.10918250e+06
 8.38652625e+05 1.32239625e+05 5.30485850e+06 5.91698477e+04
 4.61170859e+04 5.62884062e+05 4.92723242e+03 7.21843164e+03
 3.85462560e+08 2.65418438e+04 1.24903594e+05 1.54747812e+05
 3.08987754e+04 3.09141523e+04 2.91194562e+05 5.52005000e+04
 3.96616836e+04 4.44966312e+05 4.87989795e+03 5.22177375e+05
 7.80670752e+03 8.05392344e+04 1.56423047e+03 2.71958656e+05
 3.25328425e+06 4.03921313e+03 3.95586188e+05 3.93186475e+06
 1.22904968e+03 6.15990125e+05 5.22778219e+05 3.91961594e+05
 1.30998711e+05 4.79976992e+04 1.33978141e+05 3.21020562e+05
 9.03040938e+05 1.29062180e+05 7.39678359e+04 1.91588828e+05
 2.78230225e+06 1.64176860e+07 3.72064336e+04 4.72641719e+04
 6.49402400e+06 8.04420781e+04 4.69920188e+05 5.33570391e+04
 4.47570812e+05 2.40184238e+04 1.40168203e+05 5.78431875e+04
 2.27183375e+06 1.13637414e+09 1.93918984e+04 3.54633984e+04
 1.47940984e+05 4.54906344e+05 4.26153300e+06 3.25904863e+04
 2.65963062e+05 2.13935406e+05 5.24396832e+08 1.13356414e+05
 2.81971000e+05 3.35412969e+04 1.25745062e+06 2.86479102e+04
 1.81874902e+04 1.57300339e+09 6.13668477e+04 7.21346375e+05
 1.20213296e+08 4.02917906e+05 4.36458164e+04 6.90306250e+05
 2.24348652e+04 3.02261094e+05 3.42439136e+03 1.49690205e+04
 5.33485586e+04 3.16733672e+04 1.06898984e+04 4.42483672e+04
 1.55346710e+07 2.63998379e+04 3.34817422e+04 2.80895438e+05
 9.86166812e+05 2.76431641e+03 8.09050625e+05 1.47480500e+05
 1.19447295e+04 1.34593750e+04 7.53273812e+05 4.89110312e+04
 1.49172375e+05 1.48287764e+04 1.82081859e+05 2.72838344e+05
 6.11121797e+04 6.21803281e+04 2.72952281e+05 6.32645312e+04
 9.97618500e+05 1.65135723e+04 3.48680938e+05 2.80780156e+05
 6.59691953e+04 3.10298344e+05 6.36260039e+04 2.46666328e+05
 2.48188125e+05 3.97634492e+04 1.83783047e+04 2.95288398e+04
 3.03961281e+05 6.12311484e+04 8.48454766e+04 2.26041125e+05
 3.08992352e+08 5.59249727e+04 3.75976797e+04 8.25732812e+04
 1.37537627e+04 2.53683062e+05 8.43908594e+03 1.61536912e+06
 2.54788105e+04 3.65076762e+09 4.95295531e+05 2.38438906e+04
 9.91131406e+04 1.00137484e+05 1.27404425e+06 4.04001074e+03
 3.53801641e+04 1.10983531e+05 4.36915312e+04 1.12981560e+08
 1.59165712e+06 2.10151445e+04 7.04329375e+04 8.92740918e+03
 2.26460176e+04 2.11651150e+06 2.93179844e+05 8.82252441e+03
 1.47436922e+05 2.14589859e+05 1.55716641e+04 3.96065938e+04
 2.53095781e+04 4.87482880e+08 1.39976055e+04 4.62674766e+04
 8.25336426e+03 7.78907422e+04 2.19507227e+04 2.71240156e+05
 8.96084766e+03 6.69600312e+04 5.01447539e+04 8.86866016e+04
 1.70422109e+05 1.83343079e+03 3.96501062e+05 1.36288922e+09
 1.92304863e+04 5.08880977e+04 2.94542422e+04 2.30700977e+03
 2.37839336e+04 4.29203812e+05 1.32192172e+05 2.84366688e+05
 2.79333398e+04 6.96496641e+04 4.27687906e+05 2.06736855e+04
 1.01625342e+04 7.63411797e+04 2.52076621e+04 9.86982734e+04
 7.26010391e+04 7.48143125e+04 7.67253516e+03 7.12487793e+03
 4.14446602e+04 3.67031484e+04 5.53998242e+04 6.89068062e+05
 2.21765125e+05 2.60699531e+04 2.32555000e+05 3.29969458e+03
 4.90427930e+04 9.03011250e+05 4.77022461e+04 2.05938066e+04
 1.27788988e+06 8.72797109e+04 1.24938531e+05 6.22962305e+03
 9.69131543e+03 1.12280791e+04 2.62385293e+04 7.18110645e+03
 7.46827891e+04 2.31253438e+04 2.30290609e+05 2.58231797e+04
 2.62176688e+05 4.56116669e+02 3.48395156e+04 1.24575742e+05
 8.13793625e+05 1.76719438e+06 4.20940117e+04 6.67063281e+04
 1.35390732e+04 2.79163008e+04 2.68359562e+05 4.33469280e+08
 6.50944625e+05 9.36342188e+04 5.98917248e+08 3.08489004e+04
 5.89960664e+04 2.47144875e+05 5.92454453e+04 3.19897594e+05
 9.02428672e+04 9.07414258e+03 3.54626611e+03 1.17067256e+04
 4.05865031e+05 5.11144062e+04 3.78922240e+08 1.51592531e+05
 1.42035420e+04 7.22317344e+04 2.91379375e+04 1.02996888e+06
 7.71611768e+03 4.12620508e+03 7.76911475e+03 5.95031055e+04
 7.05752625e+05 4.39725594e+05 1.56048766e+05 2.58277438e+05
 1.10052938e+05 1.66284531e+05 4.58051686e+09 5.08421328e+04
 2.20002156e+05 3.23218613e+04 7.36746688e+05 1.21716055e+05
 1.66459297e+05 5.19651600e+06 1.35152859e+05 3.58551281e+05
 1.48531699e+04 5.47305469e+04 4.93311250e+05 8.44547363e+03
 3.64012734e+04 2.22395898e+04 5.31617188e+05 1.15699406e+05
 8.80564648e+03 1.50746938e+05 8.26735234e+04 4.59687734e+04
 1.13686700e+06 2.33559688e+05 2.33942688e+08 2.52842094e+05
 2.16907547e+05 1.43517344e+04 2.85532227e+04 3.39587031e+05
 7.74636500e+05 2.10139125e+05 1.38962549e+03 1.17477646e+04
 2.10691828e+05 7.76160438e+05 2.72625562e+05 1.62155094e+05
 7.81990750e+05 4.75756812e+05 4.01541120e+09 5.29606328e+04
 8.09026318e+03 3.72565406e+05 4.56517041e+03 2.45193799e+03
 1.85260078e+05 1.00044867e+05 3.40063625e+05 5.76476680e+04
 1.39988219e+05 3.99539969e+05 4.40317344e+05 2.69860645e+04
 2.22065281e+05 2.87821750e+05 2.75465112e+03 3.95962329e+03
 1.51150664e+04 3.38044492e+04 1.48018344e+05 2.82570200e+06
 9.59713250e+05 1.58563234e+05 2.91769469e+05 3.23047168e+04
 2.31835060e+07 1.12264367e+05 1.44731699e+04 1.47144525e+06
 1.01613936e+04 3.50548281e+04 1.03786695e+05 7.91491641e+04
 1.09840391e+05 1.22306562e+05 2.59772516e+05 5.16210703e+04
 1.70573669e+03 5.94736875e+05 9.57138438e+04 1.10383000e+05
 3.33719336e+03 2.42508766e+05 2.57397930e+04 3.42281016e+04
 1.86035977e+04 5.30534062e+04 1.00929594e+05 8.40383906e+04
 3.53591602e+04 9.79126125e+05 7.35484875e+05 5.03108350e+03
 1.01792529e+04 9.85577109e+04 7.48952266e+04 7.66890938e+04
 7.83529834e+03 5.55693828e+04 1.08120445e+05 6.74379562e+05
 3.76182190e+02 9.15074121e+03 9.54491602e+03 2.23089727e+04
 3.29333500e+05 1.16586758e+05 3.38316680e+04 2.35972925e+06
 6.57653047e+04 4.75130391e+04 7.44981018e+02 1.52103141e+05
 1.65045125e+05 2.96849000e+05 4.54488555e+04 3.73534922e+04
 2.76008438e+05 2.90630684e+04 1.61347531e+05 6.40176992e+04
 1.02845325e+03 1.96173359e+05 1.49639287e+04 2.67243535e+04
 1.78533234e+05 4.51702500e+05 8.00369385e+03 8.44229375e+04
 2.82904062e+05 1.21979224e+03 1.84924000e+05 2.38824961e+04
 2.61501175e+06 9.75480273e+03 4.94859453e+04 1.67021234e+05
 1.98337609e+05 5.31216289e+04 8.69473633e+03 1.36062129e+04
 2.12589258e+04 1.36372734e+04 3.30557844e+05 8.00819453e+04
 1.64334992e+08 3.37004336e+04 2.05429031e+05 6.28061250e+05
 3.17081781e+05 4.77585469e+04 2.33907812e+05 2.16054219e+04
 2.04422422e+04 4.03776400e+06 5.05409434e+09 8.47802734e+03
 5.75674121e+03 7.74248672e+04 2.30737562e+05 7.62826758e+03
 2.04161225e+06 8.84651016e+04 9.63318984e+04 2.08724316e+04
 9.31977536e+08 3.57802070e+04 1.42882488e+06 3.19958625e+05
 1.13932568e+04 3.34926144e+08 5.01970812e+05 1.24542852e+04
 6.29482188e+04 3.56739062e+05 1.42488266e+05 1.16642061e+04
 1.83889492e+04 1.55006859e+05 5.61579438e+05 1.17954126e+03
 2.05158862e+06 2.73537952e+08 1.47541357e+03 1.14616212e+06
 1.25815515e+03 6.75678047e+04 2.53638340e+04 9.05700032e+08
 8.08267812e+04 3.74286875e+05 1.03019450e+06 1.23463648e+05
 6.35313633e+04 5.96350188e+05 3.34230406e+05 2.46684004e+04
 3.30624805e+04 1.35422656e+04 1.89211859e+05 6.99488640e+08
 1.15905381e+04 4.09260718e+03 4.32227617e+04 1.49262070e+04
 1.65827016e+05 9.89978750e+05 1.24403225e+06 1.47208160e+08
 1.80205781e+05 1.46840410e+04 1.15542984e+05 7.14053359e+04
 2.21463094e+05 1.23767838e+06 3.04819906e+05 2.93012832e+04
 1.08435391e+04 9.90568481e+02 1.30043475e+06 4.44105062e+05
 2.17037050e+06 2.88827562e+05 3.63070125e+05 1.47193688e+05
 8.13007109e+04 2.15160508e+04 4.79309619e+09 1.53091562e+05
 9.91823047e+04 1.78244659e+09 2.64971312e+05 1.57475062e+05
 4.69494688e+04 3.00630438e+05 2.55844492e+04 1.31921396e+04
 2.43072510e+03 4.23501465e+03 8.36651688e+05 1.64807766e+05
 1.18177758e+05 1.30946807e+04 5.10232000e+05 2.13233594e+04
 3.31051562e+05 8.20892750e+05 3.93379375e+04 1.93794766e+05
 8.00106406e+04 4.44506836e+04 3.73435273e+04 1.23643102e+05
 3.96583875e+05 1.98261312e+05 4.68738008e+04 2.37940645e+04
 2.58828938e+05 4.86932188e+05 1.43737906e+05 4.01316758e+04
 1.50666875e+04 7.20626562e+04 1.03134500e+05 5.47419438e+05
 6.72971328e+04 2.04765078e+04 2.06196172e+05 3.13178242e+04
 8.45930312e+04 5.55369984e+08 6.89991750e+05 2.30340891e+05
 5.92277969e+04 7.87159912e+03 3.76523711e+04 8.87096875e+05
 1.47525693e+04 6.28932969e+04 8.45888281e+04 2.58580560e+08
 6.55383850e+06 2.51850984e+05 3.69107300e+06 5.09091641e+04
 1.39900562e+05 2.81778574e+04 1.18513406e+05 1.29231180e+05
 1.30062984e+05 5.85808438e+04 2.72321594e+05 1.09598535e+03
 3.12020500e+06 2.53102695e+04 2.11680188e+05 1.57862366e+03
 9.51522031e+04 1.83744004e+04 7.18199365e+03 4.05848250e+05
 6.59896320e+07 5.18767734e+04 7.29599688e+04 1.54492891e+05
 7.73991578e+09 9.75579297e+03 1.34324675e+06 7.37887625e+05
 6.00525150e+06 5.03451211e+04 8.04442500e+04 9.91370234e+04
 1.83407832e+04 1.57261553e+04 7.22713594e+04 5.84666367e+04
 7.55954531e+04 1.80695117e+04 1.26199023e+05 2.02718547e+05
 9.96307500e+04 9.68152405e+02 1.63838145e+04 2.99157593e+02
 1.93917152e+08 5.15152539e+04 1.04844977e+05 6.91627188e+05
 4.12066484e+04 5.50164062e+05 3.88508375e+05 1.71422734e+05
 1.19252719e+05 7.59335742e+03 9.54371375e+05 2.13601406e+05
 1.40652959e+04 9.06832562e+05 1.61484641e+05 5.32086016e+04
 3.79630541e+09 2.82512476e+03 4.08041312e+05 4.67853000e+05
 2.40739922e+04 4.68990469e+05 1.11111230e+04 3.26633650e+06
 3.28562622e+03 1.85447656e+03 2.68453062e+05 3.25675688e+05
 7.00991641e+04 4.01763330e+03 4.76102875e+05 7.80782776e+02
 1.03541203e+05 8.98852891e+04 7.84336875e+04 8.82937109e+04
 1.52012400e+06 2.00321250e+05 6.78396826e+03 1.58875781e+04
 6.10768477e+04 9.93375469e+04 3.60453281e+05 1.05078562e+05
 9.90162109e+04 7.91380156e+04 1.30995518e+04 7.33706300e+06
 1.71671578e+05 1.57150771e+04 3.44372021e+03 2.80345325e+06
 2.36748105e+04 3.01285938e+05 2.33101625e+05 7.67052002e+03
 4.13941650e+03 1.02348930e+05 1.64045609e+05 1.68285297e+05
 1.02711312e+05 6.89948281e+04 1.68406375e+05 1.70079828e+05
 2.23953900e+06 1.45247094e+05 2.34232754e+04 6.32234961e+04
 1.79056016e+04 5.58721250e+04 1.53432471e+04 2.44007695e+04
 2.06188950e+06 8.00059609e+04 4.00254844e+05 8.12401172e+04
 6.13870654e+03 9.92158984e+03 1.46779456e+03 1.64053870e+07
 8.40927188e+04 3.94804727e+04 2.23688281e+04 9.92393000e+05
 4.51891219e+05 3.25142406e+05 1.58764912e+04 6.89000078e+04
 1.59657263e+03 1.04211973e+04 5.40074125e+05 3.47090375e+05
 5.94591680e+04 6.70312354e+03 1.20472021e+04 4.54752930e+04]
