[1.27853516e+04 2.21746460e+03 4.52611198e+01 2.52001724e+02
 1.02647754e+03 1.03417944e+03 3.63032761e+01 4.50050488e+03
 4.20368398e+04 1.26657265e+02 5.03918652e+03 6.54392188e+03
 1.43975020e+04 5.77875404e+01 5.31716614e+01 4.75421533e+03
 9.63749939e+02 2.84857025e+02 7.33869507e+02 4.09927246e+03
 8.09056885e+02 9.19409119e+02 4.49739727e+04 5.16434143e+02
 2.29576508e+02 3.47321655e+03 2.21443203e+05 3.33200073e+03
 1.74112244e+02 1.31527832e+02 1.07891787e+04 6.88002686e+03
 6.96627136e+02 7.61446228e+02 8.48974219e+03 1.35508896e+02
 1.39405432e+01 1.31986292e+03 1.82610046e+03 7.28459015e+01
 1.12125623e+03 3.89029468e+03 7.69870850e+03 8.68532654e+02
 2.86999121e+03 1.98792667e+01 1.25886398e+02 4.79236572e+02
 5.32393994e+03 1.36244170e+04 2.87961578e+02 2.20019653e+02
 6.72070694e+01 1.08275836e+05 7.21081314e+01 1.40203285e+01
 4.00982837e+03 8.15402441e+03 9.93839355e+03 1.18148346e+01
 1.50085437e+03 6.92138965e+03 2.34987335e+02 5.02225075e+01
 2.22447052e+01 1.05559785e+04 1.58714920e+02 9.78612366e+01
 1.07762537e+03 6.33480811e+03 1.26909584e+02 1.56028931e+03
 1.51634436e+01 4.38935742e+03 2.19762787e+02 7.35940479e+03
 2.49923169e+03 3.30140114e+00 9.41513901e+01 6.60333154e+03
 3.12076807e+03 1.60936560e+03 1.13558395e+02 2.09824738e+02
 3.11317474e+02 1.59860802e+01 3.82756445e+03 7.30070618e+02
 9.00952377e+01 9.21705399e+01 7.82004199e+03 3.77487183e+03
 1.77302551e+01 2.25384964e+02 1.42300264e+04 2.31979351e+01
 1.07704933e+02 1.05306870e+02 1.04244702e+03 6.38930779e+01
 1.46867957e+03 6.05593689e+02 8.70240112e+02 1.58020645e+02
 7.13924179e+01 2.78979321e+03 1.15573616e+02 2.36796880e+00
 1.00122162e+02 3.95399689e+02 1.58740902e+01 4.96859070e+02
 5.66549492e+01 8.76829651e+02 6.56289795e+02 5.79742676e+02
 8.57934509e+02 1.58973343e+02 4.48283752e+02 5.18054848e+01
 1.32915161e+02 8.30502148e+03 7.71178223e+03 8.27719531e+03
 1.73990891e+02 1.22547386e+02 1.31221954e+02 7.90245972e+01
 3.11525497e+01 1.01596887e+03 3.46705127e+03 7.27866028e+02
 2.76171533e+03 7.38080597e+01 1.58019812e+03 1.60845718e+02
 1.88507930e+04 2.17024341e+03 3.15102954e+03 1.07520210e+02
 8.82903125e+03 1.04351387e+04 7.38169006e+02 3.60165527e+03
 3.70111426e+03 8.16637878e+01 3.45396423e+01 5.29675781e+03
 1.21932666e+03 3.00666968e+03 1.31858810e+02 4.85436951e+02
 1.39860519e+02 1.85141236e-01 9.99443054e+02 1.79130396e+03
 5.47740631e+01 2.10235645e+04 1.93597626e+02 3.84632188e+04
 1.61224160e+04 5.95361450e+02 1.22811012e+02 2.58333588e+02
 3.07347974e+03 3.17438107e+01 3.82121849e+01 2.77621796e+02
 9.43079163e+02 8.28936157e+02 1.05254158e+02 6.06211035e+03
 1.65708725e+02 2.22588211e+02 2.97415918e+03 5.35539436e+01
 1.84473792e+03 1.27628464e+02 1.07372536e+02 4.16619873e+03
 4.17315771e+03 2.67110522e+03 7.30586475e+03 2.97503906e+03
 3.98712842e+03 1.22595940e+02 1.80472321e+02 1.53266626e+03
 7.61297607e+02 2.59910522e+02 5.27171338e+03 9.26654968e+02
 1.82431412e+01 9.61103516e+03 1.13715076e+03 5.25998421e+01
 5.47574036e+02 3.12136353e+02 3.07687469e+02 3.48633960e+03
 1.76918762e+02 3.14688306e+03 5.08298242e+03 1.08658089e+02
 5.78032188e+04 6.53151133e+04 6.32945671e+01 2.86914886e+02
 2.12533813e+02 7.41420822e+01 4.60876831e+02 5.50148048e+01
 3.74656555e+02 4.86955518e+03 1.89379547e+02 4.29732780e+01
 1.05520947e+03 4.40133514e+01 1.24647949e+04 3.47177887e+01
 4.99827919e+01 2.81201477e+02 1.08621056e+02 9.75467578e+04
 3.72420557e+03 4.52133154e+03 5.53750122e+02 2.35598022e+02
 1.52924072e+03 1.10072354e+04 6.48678131e+01 4.77835846e+02
 1.06668907e+02 1.21137268e+03 5.15638580e+01 1.49782207e+04
 8.96885547e+03 1.86241455e+02 2.40271338e+03 5.02369904e+02
 1.74191943e+03 3.80660782e+01 5.63954639e+03 2.94063403e+03
 1.04781662e+02 8.78446167e+02 1.56393311e+03 8.75760840e+03
 2.45430481e+02 7.06863037e+03 6.41361816e+02 1.15060706e+03
 1.00645798e+02 2.58438416e+02 9.13717468e+02 2.83188446e+02
 1.59064465e+03 1.54625940e+00 2.13120312e+03 1.40490979e+03
 1.89236719e+04 1.00229602e+03 2.67648755e+03 6.12708069e+02
 4.98282440e+02 6.04396240e+02 1.13159142e+02 5.81430054e+02
 3.97929718e+02 5.13052881e+03 7.04169312e+02 1.01821783e+03
 2.11289871e+02 1.42525696e+02 1.57289062e+04 1.51108936e+03
 2.68502441e+03 2.22034277e+04 1.88554370e+03 6.21637573e+02
 1.40117932e+03 1.18615112e+03 7.90440216e+01 6.19634277e+02
 1.05444574e+01 6.53272461e+02 2.41883606e+02 5.04547028e+02
 6.02609921e+00 1.18601064e+04 5.45565088e+03 5.21421051e+01
 7.64300146e+03 1.82622070e+01 2.78370697e+02 1.34932098e+02
 1.52040845e+03 3.40408667e+03 8.80591113e+03 1.33518478e+02
 2.63448151e+02 5.06474457e+02 9.21713086e+03 1.50213513e+03
 9.33972351e+02 1.90303281e+04 1.04849609e+03 9.79722168e+03
 2.05575638e+02 2.87534515e+02 1.21013660e+01 9.78697815e+02
 1.41281104e+04 7.07883362e+02 4.29079224e+02 2.68341870e+03
 2.92803101e+03 1.27428584e+04 2.14989655e+02 1.49457305e+04
 5.47937622e+02 4.04734473e+03 3.45358337e+02 6.84827393e+02
 6.33329834e+03 3.80069238e+03 2.59150421e+02 5.80734314e+02
 8.73195801e+03 5.04244775e+03 6.32317963e+01 1.46621002e+02
 9.31777802e+01 9.94772949e+02 1.46846359e+02 3.55504175e+03
 1.23371429e+01 6.20401489e+02 1.76183545e+03 4.57429291e+02
 8.26386597e+02 6.59341504e+03 1.66700516e+02 5.73136084e+03
 7.68324585e+01 5.04227257e+01 3.54854340e+02 5.96839990e+03
 4.75805908e+03 1.92285049e+02 1.13253088e+03 6.48667461e+04
 1.30768768e+02 4.68553864e+02 6.12757141e+02 7.49735260e+01
 2.18318726e+03 2.61419629e+03 3.47925507e+02 1.15199766e+04
 1.09076631e+04 1.60605212e+03 7.23807861e+03 1.47961151e+02
 1.59127285e+04 4.50471836e+04 5.04463348e+01 5.18160973e+01
 3.94739844e+04 7.14145068e+03 1.77307751e+03 4.11968231e+01
 3.51626343e+03 4.13839996e+02 3.78096504e+01 4.90333203e+03
 6.04615234e+04 6.07011377e+03 7.04124527e+01 7.60256958e+01
 6.68700000e+03 1.77986074e+04 3.34259570e+03 1.57292709e+02
 1.77885718e+03 3.94341492e+02 5.17221527e+01 1.86031030e+03
 2.24032446e+03 5.01556763e+02 5.75003203e+04 5.18513641e+01
 6.69464478e+02 7.32237549e+02 6.63516846e+02 1.17225195e+04
 2.52459546e+03 2.22181543e+04 1.43228241e+02 7.60678418e+03
 2.14579208e+02 2.50097803e+03 5.02651978e+01 5.06327209e+02
 1.19801963e+04 7.21514221e+02 1.60073926e+03 1.89076614e+02
 9.28025000e+04 5.35347266e+03 1.41100378e+03 5.71489551e+03
 3.59876984e+02 2.52452271e+02 1.15201027e+02 1.44367480e+03
 1.65066471e+01 5.16937256e+03 3.37625771e+01 8.39747375e+02
 3.05482239e+02 1.16004570e+02 2.54384009e+03 5.88231982e+03
 2.01668076e+02 3.44042334e+03 1.46549048e+03 4.82679291e+02
 2.15086353e+03 1.17369545e+02 9.13360535e+02 2.93225684e+03
 2.53310966e+00 1.57704956e+03 1.63311615e+01 5.54782593e+02
 2.63078156e+02 1.19048164e+02 1.00011353e+02 2.30765674e+03
 5.08714062e+03 1.76685410e+02 1.51736533e+04 5.80490723e+02
 1.13431938e+02 2.82917137e+01 7.87338196e+02 6.08145081e+02
 4.60772522e+02 4.65587494e+02 2.57036228e+01 1.39813613e+04
 1.10751495e+01 1.93004358e+03 1.90690445e+02 3.88944931e+01
 6.99056854e+01 5.69300732e+03 1.89902710e+03 9.08672714e+00
 1.98791138e+02 6.28789062e+02 8.07839478e+02 6.56335983e+01
 1.53394336e+04 4.82435852e+02 1.35192175e+03 1.20074997e+02
 1.80646497e+03 4.83112158e+03 5.21411316e+02 6.56238159e+02
 3.14245758e+01 3.44286279e+03 8.24777588e+02 3.64797695e+04
 1.57869711e+01 2.79527557e+02 4.07913727e+02 1.22325089e+02
 2.72449036e+02 1.44736755e+02 2.02507828e+02 1.72528900e+02
 1.04549609e+03 4.26498474e+02 1.02173294e+02 3.69401514e+03
 1.70994629e+02 5.08731171e+02 1.02098749e+03 1.90333042e+01
 6.90652710e+02 4.48474219e+03 4.04102490e+03 1.31765547e+01
 9.73696671e+01 2.58641577e+03 1.42304123e+02 8.49132233e+01
 1.18615063e+03 2.24324780e+03 9.30300842e+02 1.51412430e+02
 7.67166901e+01 3.31159302e+03 1.62701889e+02 3.19890454e+03
 2.07241577e+03 3.85991821e+02 1.70415076e+03 1.67398315e+03
 2.37166229e+02 6.64007690e+02 2.45973047e+03 1.39043408e+03
 5.38110580e+01 1.76619080e+02 3.94303406e+02 1.20414954e+03
 1.12236542e+02 1.76447422e+04 1.78018860e+02 1.04184485e+03
 1.60612061e+03 1.11452087e+02 1.09220184e+02 7.30080200e+02
 2.74749365e+03 1.57610245e+02 2.52158585e+02 1.20750900e+02
 8.74307785e+01 1.67359155e+03 3.75054588e+01 8.80539429e+02
 2.09499160e+04 8.37562866e+02 5.93751587e+02 2.29296585e+02
 1.90030334e+02 1.02436914e+05 1.13513435e+02 5.61135960e+00
 3.58344971e+02 1.19667465e+02 4.40650049e+03 2.98022308e+02
 1.68534045e+03 8.24503418e+02 3.35902435e+02 4.54418945e+01
 1.65816028e+03 1.85299199e+04 7.10626755e+01 2.75056445e+03
 3.97737122e+02 1.16562529e+01 1.42513397e+02 4.17689404e+03
 3.99780701e+02 4.65569153e+02 9.64416809e+02 2.31712738e+02
 7.40729980e+01 1.79650436e+02 3.08671417e+02 2.86317725e+03
 1.51659705e+03 6.44410629e+01 5.06496948e+02 1.56963855e+03
 4.71989570e+04 1.06512463e+03 7.99850037e+02 2.26790210e+03
 3.53329810e+03 3.73284364e+00 9.81805237e+02 6.38056488e+01
 3.32172305e+04 1.02880908e+03 1.29118607e+02 9.87342969e+03
 6.50933289e+02 4.54294688e+04 1.36046686e+01 1.55754303e+02
 4.06977020e+02 5.59083801e+02 7.58255371e+02 2.63639307e+03
 2.20195728e+03 2.19885864e+03 2.85479062e+04 7.12286865e+03
 1.13427698e+03 1.65176590e+02 5.61747131e+02 4.10169220e+01
 3.20563843e+03 8.06431702e+02 5.00707207e+01 1.77703133e+01
 8.93515527e+03 4.16646454e+02 2.81930359e+02 9.08072632e+02
 8.63029938e+01 7.31020935e+02 2.41642746e+02 1.92440320e+03
 2.70169116e+03 5.75272900e+03 3.14740112e+02 5.19515674e+03
 3.73060117e+04 1.47074475e+03 9.17633008e+03 3.18572296e+02
 1.79754059e+02 4.87005615e+02 4.77839928e+01 1.00400232e+03
 2.53655884e+02 6.18713281e+03 1.69396667e+03 2.23475739e+02
 1.55244495e+03 1.34491772e+03 3.19774097e+03 4.05775185e+01
 2.30648291e+03 8.51346777e+03 3.07042383e+03 8.35219650e+01
 1.30211151e+02 2.76748157e+00 1.31182346e+01 1.58693359e+04
 4.24563568e+02 2.43370776e+03 5.54185486e+01 1.71325821e+02
 3.40970406e+05 6.85951462e+01 1.46869841e+01 1.12817358e+03
 1.08162427e+03 1.11558362e+03 2.40905273e+02 8.84870789e+02
 3.55467590e+02 1.05644379e+02 1.79281860e+03 3.45522186e+02
 1.14515038e+02 2.27197148e+04 1.89199622e+03 1.97940231e+02
 1.04413220e+03 1.29260962e+03 1.01475787e+03 7.31600876e+01
 1.14880440e+02 6.66019104e+02 1.43974243e+03 4.20883656e+00
 9.09337463e+02 2.06592754e+04 2.63268906e+04 3.13519482e+03
 7.16905518e+01 2.74967480e+03 1.38376074e+03 9.11425659e+02
 1.47717880e+02 1.21898148e+02 6.73545410e+02 5.60157910e+03
 1.05547278e+03 6.38342018e+01 1.12334753e+03 3.17671387e+02
 5.41011914e+03 1.01769211e+02 2.83168799e+03 1.25099844e+04
 5.29088860e+01 3.97902783e+03 6.27367449e+00 7.89795898e+02
 5.77147102e+00 1.42954971e+02 1.78235569e+01 1.55111328e+02
 2.13592361e+02 9.83184509e+01 8.78107544e+02 8.35394043e+02
 1.53722372e+01 1.04377975e+02 5.88974991e+01 2.13893326e+02
 5.25548401e+02 3.83324646e+02 5.93277168e+01 8.88794041e+00
 3.92502393e+03 5.48777161e+02 2.65491882e+02 3.12391016e+03
 8.92748489e+01 3.27573853e+03 3.89992447e+01 2.24700879e+04
 1.69134531e+04 5.16651367e+02 6.63468506e+02 4.96164551e+03
 8.12062500e+02 1.97849866e+03 4.66322705e+03 3.37514722e+03
 3.35674927e+02 3.05209717e+03 2.58063013e+03 3.16079629e+04
 1.04595239e+03 2.98384229e+03 4.75618262e+03 3.25150757e+03
 3.98833344e+02 1.22768347e+03 7.77731006e+03 5.54930115e+02
 3.33556976e+01 4.19800751e+02 8.61437302e+01 1.00109814e+03
 9.23699023e+03 2.85196960e+02 1.00048193e+03 8.23004089e+02
 7.63538916e+03 4.82204529e+02 7.98524375e+04 6.59480286e+02
 5.56669731e+01 3.30553345e+02 3.64110469e+04 1.20772453e+02
 1.44668347e+03 2.55060010e+03 2.06546516e+01 1.22574536e+03
 7.39754028e+01 5.63297974e+02 2.06243774e+03 7.92936478e+01
 7.70107605e+02 8.14440384e+01 7.46704224e+02 1.61614346e+04
 4.00426102e+01 9.18211975e+01 8.08547668e+01 1.92585526e+02
 1.54430862e+02 5.51255127e+02 6.89252197e+02 5.53695361e+03
 5.46559912e+03 2.52569019e+03 1.46401599e+03 1.53877516e+01
 1.19246558e+03 3.34445447e-01 3.73752930e+03 1.05218201e+03
 1.60719336e+03 3.68599030e+02 7.86368506e+03 8.39683228e+01
 5.32197388e+02 1.11629775e+04 2.82375957e+04 1.38119461e+02
 1.09054919e+03 2.01291602e+04 5.30574219e+02 3.95683784e+01
 6.73786697e+01 1.21960901e+03 6.67958740e+03 1.94369629e+02
 2.24155563e+02 3.22532349e+02 4.72875146e+03 3.03275684e+03
 4.07945251e+02 1.65662109e+02 1.10723096e+03 1.75121582e+02
 2.31733350e+03 1.82241074e+02 2.21259229e+03 3.11388794e+02
 1.14335339e+03 1.11111926e+03 5.08285840e+03 7.88821045e+03
 8.63504883e+02 2.96735693e+03 6.27983818e+01 2.82043915e+02
 2.14787846e+01 9.68854675e+01 1.28413047e+04 2.06430000e+04
 3.09312805e+02 9.44872055e+01 1.76745801e+04 9.49403687e+01
 9.18949280e+02 1.45281714e+03 2.57680939e+02 8.23576758e+03
 1.92324249e+02 3.95770798e+01 1.10651819e+03 4.14841553e+03
 1.93263000e+03 2.47597412e+03 3.41318280e-01 5.07829857e+01
 1.77322461e+03 5.00299255e+02 6.25914795e+03 1.05531006e+02
 1.42743884e+03 2.00961014e+02 1.16436035e+03 7.28184875e+02
 1.02972961e+02 1.62392471e+02 4.24259766e+03 4.47153568e+00
 2.70452911e+02 3.55954834e+02 1.17760410e+04 1.42501477e+03
 4.17908545e+03 4.92277466e+02 9.49019470e+02 2.75945508e+04
 1.37121078e+02 2.98065820e+03 4.85100508e+00 4.81283325e+02
 4.49968213e+03 2.40016907e+02 4.82911865e+02 1.00588341e+01
 1.33171387e+02 1.42008716e+03 6.02880440e+01 6.10291748e+01
 5.94730721e+01 2.81200504e+00 4.93941602e+03 7.66008377e+01
 2.57352222e+03 1.27084328e+02 6.81169271e-01 3.95463715e+02
 9.74331116e+02 4.20581322e+01 8.58314705e+00 2.92732353e+01
 1.16225044e+02 7.51347717e+02 3.03616505e+01 9.30035934e+01
 9.82829163e+02 1.60841687e+03 6.50929414e+04 8.40275940e+02
 8.41554382e+02 4.36889600e+03 1.13281848e+03 1.48542118e+01
 4.68319702e+02 1.26512317e+03 1.50818311e+03 6.22070999e+01
 2.30605545e+02 2.91855640e+01 5.56007715e+03 1.73817387e+01
 1.62229961e+04 3.44710510e+02 8.72332382e+01 3.68104828e+02
 7.06098022e+02 9.58458557e+01 3.05775269e+03 8.02199170e+03
 2.47908745e+01 5.41677673e+02 5.09514709e+02 3.00104218e+01
 1.29147369e+02 2.31852814e+02 7.32140869e+02 5.33062695e+03
 2.10788477e+03 2.22761890e+03 1.98987244e+03 1.13446021e+03
 6.57383057e+03 5.29753036e+01 3.26278625e+02 9.16401215e+01
 7.21576843e+01 1.34748789e+04 8.68628922e+01 3.37431836e+04
 1.86501636e+03 2.83589142e+02 8.50292578e+03 1.00288521e+02
 4.51472778e+01 4.36219406e+01 6.00695068e+02 6.46169376e+00
 4.79730438e+02 1.44564050e+03 3.65902672e+01 8.66638489e+02
 7.09418396e+02 1.60450928e+02 2.55481529e+01 2.47900375e+02
 2.11233594e+03 4.79752295e+03 6.76227112e+02 4.48366547e+02
 4.54689240e+02 1.31215125e+03 6.82739075e+02 6.15808867e+04
 1.77014429e+03 5.35283936e+02 1.88056323e+03 3.83220742e+04
 3.85073547e+01 1.60514648e+02 7.37881494e+03 1.33315002e+03
 4.91859932e+01 1.68663193e+02 1.94481812e+02 8.12980469e+02
 7.19913135e+03 6.60494385e+01 1.01639424e+04 1.17114087e+03
 1.51440259e+03 9.80527954e+02 3.53883081e+03 4.99009735e+02
 4.82512951e+00 6.51622949e+03 2.74671116e+01 2.78582855e+02
 6.41759912e+03 1.39811975e+03 4.08527026e+03 7.11240387e+01
 1.76998672e+02 1.67333546e+01 1.22058952e+02 6.64551172e+04
 2.16580475e+02 3.19944995e+03 1.48925308e+02 1.02810781e+04
 4.80742432e+03 5.56731323e+02 2.04459019e+01 1.85578633e+04
 6.17057037e+01 2.26117859e+02 1.22090698e+02 9.18619238e+03
 9.08485413e+02 4.80270477e+02 5.27996941e+01 8.59828796e+02]
4336.081
340970.4
