[2.46800725e+06 3.47643000e+05 3.18358125e+05 8.23989000e+05
 1.36138975e+06 5.46395125e+05 2.92207250e+05 7.95176500e+05
 3.98276575e+06 4.59556969e+05 7.58808625e+05 1.24631588e+06
 4.15189700e+06 1.53558859e+05 2.17303344e+05 4.57778812e+05
 2.08810500e+06 3.62472094e+05 1.61263462e+06 7.74732900e+06
 8.07611875e+05 2.54697734e+05 8.55927840e+07 1.25553050e+06
 1.32256109e+05 7.63676850e+06 1.82386020e+07 6.68827875e+05
 3.86993906e+05 3.51966406e+05 1.42120850e+06 5.45287625e+05
 7.32773562e+05 4.15586438e+05 3.12679100e+06 4.33978750e+05
 2.61030828e+05 2.41701328e+05 4.43454906e+05 1.45287047e+05
 2.81317900e+06 1.38687462e+06 1.36118150e+06 9.43320125e+05
 1.20891650e+06 5.70529625e+05 1.42180719e+05 1.68342281e+05
 5.34101188e+05 3.32646175e+06 1.80835844e+05 5.13278219e+05
 7.74095391e+04 6.80464700e+06 2.04629609e+05 1.80497266e+05
 5.46531000e+05 4.51767750e+06 1.39715288e+06 2.05402141e+05
 1.52074638e+06 6.03496812e+05 5.80834062e+05 1.37276156e+05
 1.74508438e+05 1.45040950e+06 1.94144516e+05 3.30471531e+05
 2.82172781e+05 2.11219250e+06 2.14068578e+05 4.26031062e+05
 1.99656328e+05 6.52267062e+05 4.15714562e+05 7.62675188e+05
 5.20316406e+05 8.06039875e+05 1.79118500e+05 1.19914150e+07
 2.95412625e+05 6.70078250e+05 1.50168516e+05 2.81968750e+05
 7.76159062e+05 1.31062820e+05 3.28075781e+05 2.81205469e+05
 5.61858625e+05 1.10791988e+06 8.93753750e+05 7.07232650e+06
 1.70141766e+05 9.45157375e+05 1.84054060e+07 3.42275969e+05
 4.94100156e+05 6.04845062e+05 7.45694500e+05 1.20769578e+05
 7.39462938e+05 6.25273375e+05 2.07868750e+05 1.86418438e+05
 8.71963562e+05 5.16880438e+05 2.50681781e+05 3.94605938e+05
 6.19239312e+05 1.37035906e+05 3.48903625e+05 2.03812450e+06
 1.20542500e+05 3.63271656e+05 7.29125750e+05 2.38520750e+05
 2.08508938e+05 1.73411900e+06 8.01475312e+05 1.33817219e+05
 1.44330350e+06 1.47730325e+06 2.25047675e+06 4.45333300e+06
 8.37087625e+05 2.37825203e+05 1.57819312e+05 2.30293109e+05
 2.73700219e+05 2.66314438e+05 2.28726938e+05 2.10386625e+05
 3.32092812e+05 1.68319953e+05 5.64367375e+05 2.28543922e+05
 1.30781238e+06 1.55558266e+05 5.65503438e+05 5.94485875e+05
 7.87450875e+05 1.07044712e+06 1.13902938e+06 1.64918350e+06
 1.23205938e+06 8.92475781e+04 1.55796188e+05 1.61705400e+06
 1.41655438e+06 1.90453050e+06 1.89162672e+05 8.89574375e+05
 3.47402281e+05 2.15234172e+05 2.90709062e+05 6.43122562e+05
 1.40911656e+05 5.08496850e+06 1.73625688e+05 3.84414800e+06
 2.32173975e+06 2.87727281e+05 1.19272945e+05 1.81089797e+05
 1.08071038e+06 3.63867250e+05 2.99625875e+05 4.13719156e+05
 2.71070094e+05 9.57876938e+05 1.84165359e+05 6.46603188e+05
 5.79279188e+05 3.88579656e+05 3.23045219e+05 4.29111500e+05
 6.04087125e+05 1.97328156e+05 3.23947125e+05 8.20967200e+06
 2.17052275e+06 1.65814188e+05 1.75690060e+07 9.57074812e+05
 5.57763188e+05 1.69234469e+05 1.64762281e+05 4.38220969e+05
 6.58348500e+05 4.27036250e+05 7.21763312e+05 1.36702875e+05
 1.01675930e+05 4.85177938e+05 4.47778200e+06 1.37364453e+05
 2.90839925e+06 3.56030812e+05 1.44898562e+05 6.44744438e+05
 3.78672844e+05 1.02024950e+06 8.18437125e+05 1.86937609e+05
 6.45640650e+06 9.05714800e+06 1.50194078e+05 5.95369625e+05
 1.71669375e+05 2.71436406e+05 3.17159188e+05 4.15119438e+05
 2.53720469e+05 8.40566000e+05 8.44085562e+05 1.14734477e+05
 2.65076219e+05 1.22990367e+05 1.02711112e+06 2.69483094e+05
 1.77808422e+05 4.14106906e+05 2.42811156e+05 4.96992500e+06
 3.44740125e+05 4.23428688e+05 4.57504469e+05 1.14476727e+05
 3.59911969e+05 3.67446450e+06 3.04856531e+05 1.78871766e+05
 4.70999094e+05 2.89843844e+05 3.46785844e+05 8.90248562e+05
 5.17734094e+05 6.01435156e+04 3.17840562e+05 1.85383359e+05
 2.95895350e+06 1.66780453e+05 2.56865525e+06 1.16183862e+06
 4.32518875e+05 5.40062188e+05 3.49477438e+05 4.32489531e+05
 3.78982656e+05 8.58002500e+06 1.17576680e+05 7.97576125e+05
 2.81523219e+05 1.98231078e+05 1.94534188e+05 4.21468750e+05
 4.59147062e+05 1.19958906e+05 2.61402328e+05 2.03239547e+05
 1.25674980e+07 1.02659431e+06 3.91702650e+06 2.82369875e+05
 1.55506781e+05 2.41399359e+05 2.08020391e+05 1.17140150e+06
 1.62212588e+06 1.14234088e+06 1.60898375e+05 3.31149025e+06
 1.41499781e+05 2.05891281e+05 1.79165175e+06 4.29879781e+05
 4.82519150e+06 2.40905850e+06 7.87072938e+05 1.37475690e+07
 4.05550625e+05 1.63976100e+06 1.58414859e+05 3.59520312e+05
 8.44711406e+04 5.72514250e+05 5.62758500e+05 1.24312138e+06
 9.11334766e+04 9.40471500e+05 1.08590850e+07 2.12398031e+05
 7.81945500e+05 2.11476062e+05 3.65333344e+05 2.83893156e+05
 2.56690375e+05 1.40053675e+06 1.17774650e+06 1.06570773e+05
 2.49079422e+05 1.51015734e+05 1.56896675e+06 3.93941725e+06
 1.36973588e+06 2.23424520e+07 1.85268297e+05 2.37018325e+06
 4.02546625e+05 1.35143203e+05 1.43220828e+05 6.06257625e+05
 3.30917650e+06 1.54757766e+05 1.48370750e+05 5.72639750e+05
 5.33613438e+05 2.84879725e+06 4.16125656e+05 3.13211525e+06
 3.66455781e+05 7.52347688e+05 6.10345000e+05 8.61126188e+05
 2.05059312e+06 2.48497000e+05 9.00313600e+06 2.96948375e+05
 1.17940988e+06 1.30170038e+06 1.70977594e+05 1.53895969e+05
 2.21199672e+05 2.45269484e+05 4.31594250e+05 1.12942300e+06
 1.86994391e+05 1.38609359e+05 3.08425950e+06 2.08906953e+05
 2.45279219e+05 5.48767875e+05 4.68799156e+05 2.00690275e+06
 2.85383656e+05 1.25451773e+05 1.40659609e+05 1.06177512e+06
 4.09939925e+06 1.52844688e+05 1.51491512e+06 8.03211050e+06
 1.56537875e+05 1.20889788e+06 6.15819562e+05 1.06606012e+06
 2.14459525e+06 3.93739031e+05 4.42264812e+05 1.30818088e+06
 1.13772500e+06 2.00090100e+06 2.05826275e+06 2.04059641e+05
 3.87769550e+06 1.21474910e+07 2.72399344e+05 1.21229539e+05
 8.18950450e+06 8.29861312e+05 1.77630075e+06 8.05861188e+05
 1.47704440e+07 2.27447734e+05 3.51562562e+05 3.01771825e+06
 9.11169400e+06 1.22003550e+06 2.23259328e+05 2.94738531e+05
 1.75280175e+06 1.30676362e+06 8.42604100e+06 3.75104500e+05
 4.11172219e+05 7.25824312e+05 2.65516438e+05 5.15499656e+05
 1.49171912e+06 1.77703688e+05 1.68459862e+06 8.61320938e+04
 2.34582938e+05 5.94216250e+05 4.56408125e+05 1.21279612e+06
 3.13899125e+05 4.17619650e+06 3.43886312e+05 5.31104050e+06
 1.17145445e+05 4.71798438e+05 1.30566516e+05 1.84396984e+05
 8.00629250e+05 7.81051125e+05 1.60386422e+05 3.85633969e+05
 1.00185600e+08 4.62137281e+05 3.05314312e+05 1.45636400e+06
 1.69311375e+06 2.97545406e+05 2.76590250e+06 1.75335762e+06
 1.70144297e+05 1.00518388e+06 8.20606375e+05 6.82160812e+05
 1.37462050e+06 2.51140016e+05 2.48633797e+05 1.22742788e+06
 5.40733938e+05 4.73838250e+05 4.30928188e+05 1.48054922e+05
 1.69877038e+06 5.59462000e+05 2.33554344e+05 7.02348562e+05
 3.95905719e+05 3.21880575e+06 2.30946812e+05 3.33913719e+05
 1.62774422e+05 2.84387500e+05 2.95110594e+05 5.91143188e+05
 6.11360188e+05 3.04160031e+05 8.67472125e+05 1.29422962e+06
 1.95200078e+05 9.56366719e+04 1.33707859e+05 1.58519050e+06
 4.68313375e+05 6.51039250e+05 1.80646609e+05 3.36464160e+07
 1.89875125e+05 1.33623962e+06 1.12466538e+06 2.10621000e+05
 1.42959062e+05 5.32897750e+05 1.80793150e+06 1.94648031e+05
 3.16308031e+05 2.48518031e+05 2.22173750e+05 1.05967352e+05
 1.76472125e+06 1.23390758e+05 4.25979531e+05 1.91500219e+05
 2.41536859e+05 6.89199450e+06 8.13812500e+05 7.20381062e+05
 4.31483938e+05 9.03308188e+05 1.33816812e+05 1.16761250e+06
 1.06988047e+05 3.93732688e+05 1.80847422e+05 3.32433531e+05
 3.32281781e+05 6.94221375e+05 2.88524750e+05 2.48250500e+05
 4.22542562e+05 2.89982531e+05 1.57295797e+05 3.33355350e+06
 2.22406906e+05 3.54813906e+05 3.22024469e+05 4.02600594e+05
 1.16060781e+05 4.64749188e+05 8.53569500e+05 1.57558109e+05
 2.35340875e+05 6.25730150e+06 3.36103719e+05 3.83986344e+05
 1.49208672e+05 6.86765688e+05 8.41825000e+05 1.61776000e+05
 1.24326180e+05 4.37588938e+05 1.14642289e+05 7.45868938e+05
 2.58634266e+05 2.46928672e+05 1.64809281e+05 6.21424000e+05
 2.34419375e+05 3.06559250e+05 5.57994438e+05 2.33149075e+06
 2.00391138e+06 2.14572312e+05 7.51362375e+05 2.33036859e+05
 3.20334438e+05 1.03435200e+07 3.25265844e+05 5.28153750e+05
 1.41545638e+06 9.17081484e+04 1.95445906e+05 9.39181875e+05
 2.75750875e+05 2.33620516e+05 1.56652031e+05 9.02256250e+04
 1.76997641e+05 7.17637000e+05 2.08884719e+05 3.52800656e+05
 1.06787950e+06 1.66205512e+06 2.60604719e+05 6.63376688e+05
 1.20991188e+06 1.01077920e+07 1.38970875e+05 2.56125531e+05
 1.07665250e+05 2.49219656e+05 9.78245438e+05 1.15028141e+05
 2.82720450e+06 1.72846000e+05 5.99940625e+05 1.18957039e+05
 4.05954406e+05 4.44031550e+06 9.57848516e+04 2.52275975e+06
 3.47196000e+05 1.85852906e+05 1.34026547e+05 3.28764469e+05
 2.25735975e+06 5.33402000e+05 2.77620188e+05 3.70555312e+05
 1.12475312e+05 4.21134969e+05 1.67815688e+05 4.32060350e+06
 4.92133281e+05 1.18672727e+05 4.81899125e+05 5.17616375e+05
 4.61950500e+06 2.10026125e+06 1.51720888e+06 9.44349250e+05
 2.87260000e+05 3.55780750e+05 1.48823875e+06 9.59071797e+04
 7.94400600e+06 1.11250703e+05 2.75380075e+06 1.12219950e+06
 7.24417812e+05 6.72282100e+06 1.21593859e+05 6.53482062e+05
 2.92585594e+05 7.16954125e+05 1.06210512e+06 3.11309406e+05
 8.24568750e+05 5.05879969e+05 1.21628975e+06 1.05693162e+06
 2.09306969e+05 1.57589500e+05 1.08352950e+06 1.58351109e+05
 7.85210500e+06 9.29824188e+05 1.14875117e+05 1.83711109e+05
 1.58048100e+06 1.99473734e+05 4.06542531e+05 2.09933375e+05
 8.48671062e+05 8.88582500e+05 1.52595562e+05 2.62178438e+05
 1.07321712e+06 1.00697406e+06 4.45911562e+05 5.11624156e+05
 4.87637750e+06 2.41410275e+06 3.06003900e+06 1.37627638e+06
 1.24696633e+05 6.61971000e+05 2.17841203e+05 1.32166469e+05
 5.62092125e+05 1.37465938e+06 9.07161688e+05 1.71797375e+05
 4.26027625e+05 9.30762188e+05 1.09564688e+06 1.57626531e+05
 3.57250312e+05 5.14527969e+05 4.02687312e+05 2.30955000e+05
 3.72371594e+05 1.27042172e+05 7.25448750e+05 1.91847038e+06
 6.73593688e+05 9.57546938e+05 3.83496719e+05 2.34658891e+05
 3.16175500e+07 1.99638562e+05 3.57485844e+05 1.54353288e+06
 1.89048953e+05 1.53872625e+05 1.14152578e+05 3.84013906e+05
 7.17349750e+05 1.98324781e+05 4.84768531e+05 4.95333844e+05
 2.39619234e+05 2.13187425e+06 4.85245344e+05 1.66070406e+05
 4.11710812e+05 4.00073450e+06 1.08179525e+06 2.16771344e+05
 2.90069688e+05 2.76528281e+05 2.81163969e+05 2.73310094e+05
 3.51000625e+05 2.54969525e+06 7.30808550e+06 3.33212844e+05
 4.25204031e+05 7.64525750e+05 9.41238375e+05 3.47514375e+06
 3.03835344e+05 3.76203281e+05 4.98828938e+05 1.13440850e+06
 2.66150969e+05 1.57512219e+05 4.30029688e+05 1.98755516e+05
 1.13322612e+06 2.51266109e+05 1.40752406e+05 4.94002150e+06
 3.61882156e+05 6.89879250e+05 3.00939000e+05 1.26728962e+06
 4.70429062e+05 5.53637625e+05 1.17968000e+05 2.03341016e+05
 3.65571475e+06 2.18194188e+05 4.93593562e+05 3.32558531e+05
 2.97574938e+05 2.22691719e+05 1.36937172e+05 1.15531234e+05
 2.64032750e+05 3.52469969e+05 1.83876797e+05 3.35118562e+05
 3.17570938e+05 1.31247859e+05 1.64563088e+06 3.15912938e+05
 1.81046450e+06 2.53846075e+06 6.80521188e+05 3.72129500e+06
 1.92810500e+06 2.56498779e+03 2.37416688e+05 3.01226375e+05
 1.33112825e+06 2.85566031e+05 5.63274375e+05 2.48962025e+06
 1.19897359e+05 1.97442641e+05 8.02914000e+05 7.09941000e+06
 5.44289550e+06 5.92028188e+05 1.40400025e+06 5.19314094e+05
 1.28570975e+06 2.74284000e+06 1.44305075e+06 4.13801812e+05
 1.79361047e+05 1.47156125e+05 6.84518875e+05 1.62678800e+06
 2.99986525e+06 1.12720430e+05 1.37815338e+06 1.46046906e+05
 6.11487688e+05 1.27433850e+06 1.92051900e+07 8.41821188e+05
 1.56387406e+05 1.87577406e+05 2.93606525e+06 3.36617312e+05
 3.60798844e+05 4.98394875e+05 2.62767156e+05 1.08012539e+05
 2.01383656e+05 2.47769641e+05 2.97770475e+06 7.27262266e+04
 1.72930638e+06 1.27846352e+05 2.01017297e+05 1.64853300e+06
 2.00976938e+05 1.00571578e+05 4.85621469e+05 6.31809875e+05
 4.47006906e+05 8.95271375e+05 2.18411350e+06 1.22365025e+06
 5.22131350e+06 7.60649812e+05 3.41962938e+05 1.65116453e+05
 1.80511641e+05 2.80734062e+05 6.30837312e+05 2.84729312e+05
 1.96909141e+05 4.31756688e+05 8.17634125e+05 1.75839141e+05
 1.53010969e+05 2.35829550e+06 2.94350250e+06 9.22466562e+04
 2.39942250e+05 9.27494100e+06 2.32049875e+05 6.97502125e+05
 1.64359891e+05 1.21696875e+06 8.49728188e+05 6.36921875e+05
 1.31691912e+06 2.11117641e+05 1.69433975e+06 3.38133300e+06
 2.47973450e+06 2.60666625e+05 1.50966062e+06 4.79682844e+05
 1.08349400e+06 4.52889469e+05 1.21552462e+06 1.96193297e+05
 1.72995984e+05 1.61090838e+06 3.28158188e+05 5.85484250e+06
 3.09331000e+06 2.55673328e+05 1.14154350e+06 1.88800969e+05
 1.68697875e+05 3.08929500e+05 4.01381575e+06 4.96379300e+06
 5.12863938e+05 2.42772516e+05 3.00281625e+06 2.08508797e+05
 2.57179250e+06 1.87236150e+06 2.84148094e+05 3.11265850e+06
 3.54170531e+05 2.14384859e+05 2.00081700e+06 1.98750038e+06
 1.12442075e+06 5.84347812e+05 3.03096469e+05 9.32823047e+04
 1.55038862e+06 1.65916859e+05 1.42138000e+06 1.21201422e+05
 2.12185859e+05 3.66927812e+05 2.35983328e+05 4.28179700e+06
 2.68013250e+05 1.89410188e+05 5.37617750e+05 1.20484156e+05
 3.74972062e+05 1.13714117e+05 1.11025912e+06 2.09824812e+05
 4.94197188e+05 5.16645281e+05 1.23684162e+06 4.68136200e+06
 5.71622688e+05 5.94234200e+06 7.44131500e+05 1.82033531e+05
 4.59260900e+06 4.37185469e+05 7.20173900e+06 6.13651188e+05
 3.07502969e+05 7.96806250e+05 1.06660648e+05 2.21402453e+05
 1.32513888e+06 1.85824297e+05 1.56524312e+06 3.68615000e+05
 5.58711700e+06 1.53686547e+05 3.95654219e+05 3.47988062e+05
 2.23311188e+05 4.26503938e+05 1.77337016e+05 5.92559875e+05
 1.84155297e+05 6.82922062e+05 2.60536859e+05 5.70338000e+05
 2.35765975e+06 2.64089469e+05 8.45104000e+06 1.66519162e+06
 1.10304520e+07 6.08899125e+05 3.77279312e+05 3.20616312e+05
 5.72682188e+05 1.61155594e+05 2.61379203e+05 6.52524750e+05
 1.83609891e+05 1.29737227e+05 8.71912062e+05 1.52924275e+06
 1.37998588e+06 2.07976594e+05 1.75666594e+05 2.32089688e+05
 1.44697422e+05 1.89536750e+05 3.62466781e+05 3.66373000e+06
 1.40783266e+05 9.70810000e+05 3.48470594e+05 4.11577750e+05
 7.49138250e+05 2.54031312e+05 1.09039425e+06 6.15778250e+05
 3.70864906e+05 2.04336838e+06 1.29555758e+05 1.33993656e+05
 2.33598375e+06 2.73343750e+05 9.70890812e+05 2.43384281e+05
 1.46825938e+05 1.04560069e+06 1.63395984e+05 1.60651260e+07
 3.80887406e+05 4.19689594e+05 5.46402250e+05 6.07795250e+05
 2.63865406e+05 1.43899359e+05 7.31216750e+05 4.18285156e+05
 2.13228953e+05 2.58769609e+05 1.98670672e+05 4.59047562e+05
 1.21274762e+06 3.26570625e+05 1.34882312e+05 4.15831094e+05
 1.90197719e+05 1.00188281e+06 9.35260188e+05 5.45793875e+05
 7.70208312e+05 1.85213500e+05 9.91244188e+05 1.07185896e+08
 8.60323938e+05 4.91609969e+05 2.12536328e+05 9.33225500e+06
 8.76364766e+04 2.67785156e+05 1.51626425e+06 6.39686328e+04
 1.72885484e+05 3.49028906e+05 4.26212750e+05 3.13220200e+06
 1.05843825e+06 1.18519953e+05 1.10728288e+06 6.86661625e+05
 3.80233100e+06 1.47088912e+06 3.15929750e+05 3.10534062e+05
 1.58042578e+05 7.91818812e+05 3.08746094e+05 4.13083312e+05
 1.38423280e+07 5.67653125e+05 8.70022188e+05 1.26566883e+05
 2.82090500e+05 7.08584375e+04 2.30902516e+05 3.43602320e+07
 4.89077781e+05 5.02615031e+05 1.45732531e+05 8.96778750e+05
 1.79714900e+06 1.16773988e+06 5.92408375e+05 3.72629800e+06
 1.59224625e+05 2.92628500e+05 2.76990400e+06 2.09581250e+06
 1.36703844e+05 2.18513312e+05 1.79680547e+05 3.04162156e+05]
