[4.60535498e+03 8.06252625e+02 1.09353259e+03 9.80579773e+02
 6.34030371e+03 2.42675049e+02 5.89268701e+03 3.47226733e+03
 1.49284346e+04 3.23469946e+03 1.45043457e+03 6.10306396e+03
 1.50292163e+03 1.40051849e+02 1.58611426e+03 2.32973535e+03
 3.81850586e+03 7.10130322e+03 2.94849238e+04 3.58603281e+04
 1.33479163e+03 2.19816504e+03 5.48764062e+05 1.77532715e+04
 2.32656543e+03 6.69431797e+04 5.32568375e+05 1.86668379e+04
 7.02566895e+03 2.42432938e+02 9.80587578e+04 2.70544458e+03
 1.71204648e+04 4.00276978e+03 1.19840840e+04 2.78657300e+03
 2.84775085e+02 7.39205383e+02 4.17490820e+03 1.22718096e+04
 2.34287852e+04 3.15517896e+03 1.24244580e+04 7.48428101e+02
 1.82625605e+04 1.82609106e+03 2.43651505e+02 1.90100891e+03
 3.77218457e+03 1.78784534e+03 9.64539795e+02 6.38511841e+02
 4.41629120e+02 5.84911797e+04 3.23095490e+02 1.03019580e+03
 8.56288086e+03 1.90475183e+03 2.47046216e+03 1.66643834e+00
 1.96964203e+02 5.93011572e+03 3.32690259e+03 5.38404083e+00
 2.97345654e+03 3.31857715e+03 9.09589172e+02 2.37176636e+03
 2.46309326e+03 6.92215869e+03 2.65631616e+03 2.28348901e+03
 7.05841187e+02 3.73227588e+03 2.16231372e+03 2.89445801e+03
 8.33985352e+03 4.37011055e+04 1.64011047e+02 2.58529453e+05
 3.61188672e+03 6.96510010e+01 3.69886208e+01 4.03796295e+02
 4.77078369e+02 1.06547707e+02 1.35986584e+03 6.69657043e+02
 1.48276001e+02 7.95308008e+03 4.77123828e+03 1.04004570e+04
 6.26110779e+02 2.34136084e+03 5.55092695e+04 4.04361377e+03
 3.35397583e+03 3.43634062e+04 6.51775537e+03 1.67480273e+03
 1.24942627e+03 2.07868726e+03 1.38089148e+03 5.42265686e+02
 1.31726013e+03 1.69986877e+02 1.02383875e+03 1.08293389e+04
 7.74457422e+03 5.28419495e+02 9.69160889e+02 1.31974561e+04
 1.09474426e+03 1.11581673e+02 4.54381905e+01 1.51835327e+02
 1.39731491e+02 3.51011445e+04 1.11364121e+04 5.74280977e+00
 4.51856934e+03 1.48164297e+04 1.08628210e+03 1.42363164e+04
 8.47882751e+02 2.51868561e+02 3.16757145e+01 8.29257996e+02
 5.82927002e+03 1.24273352e+03 1.89244702e+03 5.31709671e+01
 2.45378891e+02 3.93909515e+02 3.74320923e+02 5.53921045e+03
 8.61627148e+03 8.02122656e+03 7.09578174e+03 5.83005518e+03
 2.08078101e+03 3.85539160e+03 2.29360425e+03 4.97116748e+03
 1.15970303e+04 5.60426521e+01 1.06405617e+02 1.12892539e+04
 2.74000061e+02 1.68292017e+03 1.16729395e+03 4.01970581e+03
 2.30093945e+03 8.04504761e+02 1.09946167e+02 4.97292236e+03
 6.53861570e+00 1.10475171e+03 3.43367279e+02 9.35314746e+03
 2.13467500e+04 2.15787158e+03 1.04754956e+03 2.76987701e+02
 9.18560852e+02 5.29051025e+02 8.64093872e+02 3.08950104e+02
 7.38803955e+02 2.51047681e+03 1.51052441e+03 1.86342041e+03
 4.60922900e+03 4.96919464e+02 3.40823975e+03 7.20412109e+03
 4.50262988e+03 9.00451050e+02 1.38815475e+02 2.02373438e+03
 3.37069492e+04 9.93209290e+02 2.17133531e+05 4.68112679e+01
 1.54328984e+04 6.83398972e+01 1.08583389e+04 1.08131475e+04
 4.64511865e+03 2.86020410e+03 1.61421260e+04 6.54325195e+02
 1.78743439e+02 2.62984668e+03 6.25394102e+04 3.84831238e+02
 2.36407305e+04 8.56803528e+02 3.45706812e+03 1.71782922e+03
 4.12011816e+03 8.99736035e+03 4.75849640e+02 2.09806396e+02
 1.33764156e+05 2.00824484e+05 6.29138062e+02 1.66430195e+04
 1.25724277e+04 1.78782654e+03 2.69727856e+03 7.02087326e+01
 8.91823438e+03 1.72500352e+04 1.14390234e+03 2.10341406e+03
 4.78240918e+03 7.58207581e+02 9.22828516e+03 7.00949707e+02
 1.99976471e+02 6.02286475e+03 3.87430542e+02 1.02632090e+04
 2.77068091e+03 8.97260681e+02 2.97686157e+03 1.03282487e+00
 2.47423169e+03 1.12276078e+05 2.37727441e+03 1.24114978e+03
 2.99912866e+03 4.16176208e+02 3.40668164e+03 4.91047119e+03
 1.38377478e+03 1.51905502e+02 2.29305493e+03 1.49833018e+04
 4.33344141e+04 1.27515518e+04 6.70124414e+03 3.37064141e+04
 6.58951294e+02 2.15361401e+03 4.55358867e+04 1.22833679e+03
 6.05144238e+03 1.35926416e+04 1.95404148e+00 1.14269043e+04
 4.20714990e+03 1.51558151e+02 1.74195465e+02 1.48980453e+02
 2.35753145e+04 1.37335464e+02 8.14330826e+01 7.63216980e+02
 2.53457938e+05 1.14023242e+04 2.16647070e+03 1.96701074e+03
 7.11329727e+01 6.86604346e+03 2.41923438e+03 2.07018027e+04
 8.25752539e+03 5.49544861e+02 5.50128906e+02 1.44356484e+04
 1.00429822e+03 5.18584778e+02 1.01407574e+03 1.19818672e+02
 1.63560291e+03 9.53468945e+03 2.08005957e+03 9.05903203e+04
 3.51201147e+03 2.10761743e+03 3.05065857e+02 3.12767041e+03
 2.03513098e+03 7.12414941e+03 7.69257129e+03 2.18085034e+03
 1.03835156e+03 5.65809521e+03 1.52085000e+05 4.12752762e+01
 5.81216846e+03 2.61573608e+03 2.42297165e+02 5.55085889e+03
 1.22768750e+03 2.71701904e+03 8.10332764e+03 1.65930652e+03
 6.60135693e+03 2.18259302e+03 2.57281079e+03 2.14736660e+04
 1.69945935e+03 2.44458266e+05 7.55509521e+02 2.02413613e+04
 5.76488818e+03 1.14634678e+04 4.40602692e+02 8.37693066e+03
 3.00775269e+03 5.75721130e+02 3.16162529e+01 3.36505957e+03
 4.11200879e+03 9.56019727e+03 2.06413013e+03 3.48779736e+03
 1.80450476e+03 8.05800684e+03 7.25475635e+03 1.24286328e+04
 9.88657617e+03 1.39539139e+02 3.81596500e+05 1.45816681e+02
 1.72332080e+03 5.64277188e+04 2.92389990e+03 1.08101822e+02
 3.23400574e+02 8.25078247e+02 3.87484985e+03 3.83391138e+03
 3.44265389e+00 1.97747818e+02 4.05516797e+04 3.84221973e+03
 9.98696582e+03 2.48642114e+03 1.21326514e+03 3.72939673e+03
 1.47382483e+03 2.35209082e+03 3.14385669e+03 9.65265808e+02
 1.01947539e+04 3.62814868e+03 2.35748474e+02 4.48011279e+03
 8.13018982e+02 4.05646055e+04 1.01682578e+04 2.77102100e+03
 6.59771338e+03 1.68931484e+04 7.05782166e+02 1.41843536e+02
 1.55655054e+03 6.69515430e+03 7.21726135e+02 2.41109399e+03
 8.09462402e+03 7.11487812e+04 1.59947189e+02 1.96808777e+03
 2.86958867e+04 5.95661133e+03 2.48566875e+04 1.79889531e+04
 7.75551484e+04 4.58947998e+03 2.65850928e+03 4.21875391e+03
 1.67775195e+03 5.09623584e+03 1.69433911e+03 1.24056616e+03
 3.81860840e+02 5.61540820e+03 4.93786953e+04 5.14514502e+03
 2.60051191e+04 1.12456436e+04 1.28062744e+03 7.91150589e+01
 8.80679395e+03 3.80110718e+03 1.86869102e+04 4.02381592e+01
 3.48755920e+02 2.94760645e+03 1.50749854e+03 3.55138281e+03
 5.05816162e+02 6.31509961e+04 2.02456042e+03 1.81016523e+04
 2.25872910e+02 1.50688086e+04 1.09518079e+03 3.15447632e+02
 1.06276550e+03 4.94612695e+03 3.03530140e+01 6.29776953e+03
 1.43168105e+04 3.62517139e+03 2.18630898e+04 9.70337305e+03
 2.78998706e+03 2.43275055e+02 3.58062012e+03 1.20280850e+04
 3.34936450e+03 4.74232422e+03 1.86473906e+04 1.24739819e+03
 6.27376660e+03 4.94631615e+01 1.95608826e+03 2.05497290e+03
 2.05866504e+03 9.87461365e+02 1.98452380e+03 1.78562463e+03
 1.08021953e+04 1.67991248e+03 7.79691040e+02 3.80308477e+04
 4.45024170e+03 5.01092285e+02 3.30240753e+02 3.09881012e+02
 2.02021484e+03 8.43232617e+03 3.75571045e+02 1.35646460e+03
 2.40033667e+03 4.68663300e+02 5.13704199e+03 7.48599219e+03
 6.19875977e+02 3.09033447e+02 1.42904700e+03 3.32815625e+03
 9.18019104e+01 1.35046692e+03 1.62640244e+02 4.18860703e+04
 1.71962784e+02 4.16205957e+03 5.00798340e+03 6.24380341e+01
 1.00754715e+02 2.05084277e+03 2.55406525e+02 1.72621863e+03
 4.93133583e+01 8.69879913e+01 4.08857764e+03 2.39825464e+03
 1.56739966e+03 3.24202539e+03 1.08867090e+03 1.58096146e+02
 3.92450378e+02 6.23441455e+03 3.45840454e+02 4.83381927e+02
 1.57321357e+04 1.68017432e+03 3.57709717e+02 4.29343933e+02
 1.46042206e+02 6.44634717e+03 5.37305908e+02 9.02604675e+01
 6.10405396e+02 2.42012806e+01 1.08772820e+02 4.02631195e+02
 8.70415573e+01 7.65510400e+03 2.09100052e+02 3.59180586e+04
 6.32317578e+03 4.12279785e+02 1.74686432e+02 5.20078662e+03
 1.77195221e+02 5.83935400e+03 4.89766162e+03 2.62652588e+03
 2.55159180e+03 2.75900625e+04 3.41341125e+02 1.17085901e+03
 7.04317322e+02 9.30143982e+02 7.65508118e+02 8.77341309e+03
 3.37598608e+03 4.60709912e+03 2.64023590e+01 4.46933203e+04
 5.92098730e+03 2.60864014e+03 1.41300552e+02 9.74876855e+03
 5.58577515e+02 1.83459509e+03 2.98771460e+03 4.35491650e+03
 6.18045227e+02 1.92140045e+02 5.48864746e+03 2.27125595e+02
 1.59817780e+02 2.07398203e+04 1.58114868e+03 3.58735059e+03
 3.48404648e+04 2.48506222e+01 4.24225502e+01 2.73301055e+04
 1.30728430e+03 6.97321826e+03 5.33361893e+01 1.04867584e+02
 3.11377661e+03 1.47927441e+04 1.11085617e+02 6.46899033e+01
 2.28997148e+04 1.54359741e+03 5.22635002e+01 8.39879883e+03
 1.70092395e+03 4.05623340e+03 5.82180634e+01 2.52386230e+03
 7.88216003e+02 6.14137634e+02 3.63158150e+01 1.07685898e+02
 2.13022934e+02 7.46653442e+02 2.96264648e+03 1.03374413e+02
 7.29237793e+02 2.23632019e+02 1.47233997e+03 2.47948120e+02
 3.83836157e+03 2.69696655e+01 3.15989746e+03 5.24555847e+02
 8.44620850e+02 5.22765479e+03 1.40539722e+03 2.52418506e+03
 2.86637817e+03 1.85922937e+03 8.88117676e+01 1.02192656e+04
 9.18255737e+02 8.38955811e+02 1.33460071e+03 1.79363599e+03
 3.64469938e+05 6.80805542e+02 4.29562891e+03 1.64394592e+03
 2.61564270e+02 3.39574609e+04 2.77714531e+04 1.52682533e+01
 1.38128398e+04 8.82303894e+02 9.17302344e+03 4.50281885e+03
 6.61977197e+03 1.09306938e+05 1.71755859e+02 6.08323145e+03
 1.43673059e+03 1.41621436e+03 3.37505566e+03 6.25491943e+03
 3.07143496e+04 2.25826431e+02 1.95786804e+03 6.12303040e+02
 5.40504395e+02 2.12246475e+02 3.14530801e+04 1.93760498e+03
 1.63473359e+04 5.57813438e+04 9.04330750e+01 8.42243729e+01
 1.83986055e+04 2.53628922e+01 4.67367188e+03 2.40973486e+03
 9.47778809e+03 1.29895007e+03 4.14873230e+02 2.96107007e+03
 3.27256885e+03 3.62313477e+03 3.33499634e+03 4.96112366e+02
 3.04130156e+04 4.70224902e+03 2.90814688e+04 2.57347021e+03
 1.47269983e+03 8.14403125e+03 2.07220581e+03 1.80426782e+03
 1.09663574e+04 6.58393115e+03 1.04813926e+04 2.15845657e+02
 6.07888977e+02 3.50881226e+03 3.05368042e+03 9.19125732e+02
 5.99488135e+03 1.96218063e+02 6.11799072e+03 1.38241302e+02
 9.01258362e+02 1.37101412e+00 1.05865850e+04 2.79142480e+03
 2.51270035e+02 5.62040283e+03 1.06036133e+04 7.51263885e+01
 1.14299125e+05 1.62189865e+02 2.43499170e+03 1.00456250e+04
 1.25734412e+03 6.96695251e+01 1.69703964e+02 1.45898413e+03
 1.47620674e+04 4.89183643e+03 1.88170039e+04 4.07316040e+02
 2.74352081e+02 1.51419238e+03 5.03926697e+02 1.40246857e+02
 1.51993484e+02 1.11864539e+03 2.08144434e+03 1.03817969e+03
 2.47236465e+02 5.47416565e+02 3.40348950e+03 2.00596512e+02
 1.46832245e+02 2.43896362e+02 1.20548169e+03 3.33681689e+03
 2.16808060e+02 1.69830684e+04 1.16967334e+03 5.59418086e+04
 1.39146439e+02 2.63374023e+02 8.90769141e+03 7.85443542e+02
 1.01061279e+03 5.08282812e+03 2.10947403e+02 4.16071826e+03
 1.50002109e+04 3.13182159e+02 4.76690381e+03 9.51905312e+04
 3.91942688e+02 9.23522852e+03 4.58700348e+02 2.45092871e+04
 2.94935181e+02 6.17999072e+03 1.54771748e+01 3.46790186e+03
 1.82474414e+04 6.11237854e+02 7.03746240e+03 1.51418854e+02
 1.14442322e+02 8.32289551e+02 1.38736389e+02 8.27109909e+01
 6.04487244e+02 1.56800293e+03 1.92126236e+02 1.44512835e+01
 9.12863617e+01 6.59150925e+01 7.31126160e+02 3.17696991e+02
 1.21567773e+03 8.63968516e+04 2.68284902e+04 3.69554346e+03
 9.90095117e+03 7.74497131e+02 3.79495093e+03 1.49713489e+03
 4.98239929e+02 4.61360046e+02 4.46636993e+02 3.02116836e+04
 1.54684174e+02 4.92171240e+03 5.04982520e+03 1.79511365e+03
 2.17916797e+04 1.78493005e+03 5.37396973e+03 6.98359314e+02
 4.58760693e+03 2.13899395e+04 1.73082812e+04 5.78316589e+02
 2.38628006e+02 6.78740662e+02 6.28874951e+03 7.72006641e+04
 2.42386621e+03 5.06170135e+02 2.31987085e+03 5.01715374e+00
 3.07648071e+03 1.67333789e+04 6.24182578e+04 7.35434961e+03
 1.31671143e+03 2.64987134e+03 9.55889648e+03 1.60375610e+03
 2.82870044e+03 2.73966675e+02 1.88761243e+03 4.01144800e+03
 2.58466162e+03 2.37604492e+03 9.72750684e+03 4.62811661e+01
 1.60133435e+03 1.12198967e+02 1.39783890e+02 3.38245859e+04
 1.58445038e+02 2.14679279e+01 2.54581250e+03 3.70577606e+02
 1.45683057e+03 1.47825061e+03 9.62848730e+03 8.75633728e+02
 8.84125391e+04 8.12431201e+03 5.90276855e+03 1.57805359e+03
 4.95297966e+01 1.52636621e+03 2.12721786e+02 1.91912769e+03
 7.18556824e+01 5.32075012e+02 7.81749072e+03 2.25273972e+02
 9.22428665e+01 3.08154030e+01 5.29500830e+03 9.12858154e+02
 2.58023291e+03 2.15534302e+03 1.41837891e+02 2.59620215e+04
 2.60531177e+03 1.36417441e+04 6.41223193e+03 4.88838539e+01
 2.65350449e+04 2.11800269e+03 1.47285071e+03 2.09966016e+04
 2.21615405e+03 1.08249133e+03 2.50803027e+03 1.36744339e+02
 5.21362915e+02 6.26409119e+02 3.11379590e+03 1.27665474e+02
 3.91127686e+03 6.32220557e+03 7.26648193e+03 1.07563994e+04
 4.77924530e+02 7.15553589e+02 3.02426953e+03 1.97442352e+02
 3.98647461e+03 4.68992958e+01 2.37839624e+03 1.48004203e+05
 6.03803076e+03 8.58244873e+02 8.97717188e+04 2.67957733e+02
 1.27929707e+04 3.02891582e+04 2.66389502e+03 8.68572656e+03
 7.76109436e+02 2.19016138e+03 4.08658105e+03 2.02669961e+04
 6.49267456e+02 2.19250488e+03 2.15524673e+02 7.74451904e+02
 2.84550332e+04 1.42337805e+03 6.78249023e+03 3.01948804e+03
 7.78652191e+01 5.24583398e+03 1.60192261e+03 8.25186016e+04
 8.64266541e+02 4.46637970e+02 1.56368372e+03 5.41765738e+00
 2.85311279e+02 2.14494580e+03 1.29178906e+03 6.38466846e+03
 4.53632385e+02 9.05950195e+02 3.85108070e+01 1.05983770e+04
 5.47530469e+03 6.53847148e+04 1.45228516e+04 2.68825854e+03
 1.15580891e+05 4.65818390e+02 1.95920688e+05 5.94646667e+02
 2.54709015e+02 1.28067749e+03 2.83398950e+03 1.22112679e+02
 4.97599243e+02 2.10219580e+03 9.30430566e+03 6.83161804e+02
 2.12727124e+03 1.41265906e+03 6.79026367e+03 5.78332617e+03
 1.49547939e+04 9.53965088e+02 6.42938171e+02 6.85926465e+03
 8.13475586e+02 1.89118384e+03 5.05711328e+03 6.75054688e+03
 1.66236377e+03 2.64944855e+02 1.75913635e+03 4.38955859e+03
 7.85764990e+03 9.32470093e+02 5.06436523e+03 4.87343201e+02
 1.24954907e+03 1.49144153e+03 7.00184265e+02 8.54656982e+02
 1.91922569e+01 3.44485809e+02 5.21677344e+03 2.79288418e+04
 4.66942139e+03 2.63604126e+02 7.01117630e+01 4.91857758e+01
 6.22031494e+02 5.93399365e+03 8.19803027e+03 1.76563691e+04
 2.04903015e+02 7.32985352e+03 1.38341415e+02 3.44209671e+01
 1.50650342e+03 2.16611252e+02 3.42049854e+03 2.29888721e+03
 2.88740430e+03 3.73364777e+02 4.53065967e+03 8.63617432e+02
 1.60132744e+04 2.14102246e+03 9.26504395e+02 1.09431897e+03
 1.49751663e+02 4.14957489e+02 7.47697815e+02 2.64945947e+03
 1.34710144e+03 1.20385400e+04 1.37539566e+02 1.52620801e+03
 7.58746155e+02 1.22062195e+02 5.42856079e+02 1.25576637e+02
 1.73578735e+03 2.20646191e+03 1.97220566e+02 3.22858368e+02
 2.15145288e+03 2.64576691e+02 1.17020239e+03 3.62125031e+02
 1.31737762e+02 4.31641699e+03 9.57262207e+03 1.25256421e+03
 2.29924395e+04 4.70245654e+03 4.79960938e+03 2.11079766e+05
 3.12582104e+03 1.03324719e+03 5.91771973e+02 2.32489766e+04
 7.99833679e+01 5.68446729e+03 1.75575586e+04 1.73173019e+02
 7.85379736e+03 3.86346893e+01 2.56186279e+03 1.16243262e+04
 9.92218933e+02 1.14206711e+02 5.45580859e+03 1.43471985e+03
 1.18826758e+04 9.68105566e+03 1.74384839e+03 2.81952515e+03
 2.92664429e+03 8.13341748e+03 3.28189429e+03 1.38293872e+03
 5.97876807e+03 1.32596875e+03 2.24910039e+04 1.44849048e+03
 4.43989990e+02 1.01547203e+02 4.72294159e+01 6.96151406e+04
 3.80716187e+02 3.60284863e+03 8.72457581e+01 1.20325027e+02
 2.27632910e+03 1.36509949e+03 3.83224072e+03 1.98416565e+03
 3.06860016e+02 5.07493378e+02 1.73471660e+04 1.63944688e+04
 1.13034477e+02 5.34343848e+03 2.57863940e+03 4.12564258e+03]
10393.37
548764.06
