[2.27882983e+03 7.32014227e+00 2.80636196e+01 6.08844948e+01
 1.11346115e+02 1.99831352e+01 6.73077774e+01 4.59146271e+02
 3.38238843e+03 3.11728577e+02 8.13791504e+01 5.01059509e+02
 7.89301636e+02 1.72927039e+03 1.08261426e+03 3.61157745e+02
 1.61941895e+02 4.07778130e+01 2.84738495e+02 4.17377344e+03
 3.53161346e+02 2.16313156e+02 9.73231836e+03 2.12937439e+02
 1.77740479e+03 8.95371033e+02 5.36744141e+03 3.24586945e+02
 1.98398392e+02 1.42660797e+02 3.50496918e+02 2.97966217e+02
 1.09823639e+02 1.65316360e+02 2.48926855e+03 3.29445770e+02
 1.30653061e+02 9.49675369e+00 2.79012238e+02 4.35374069e+01
 6.97707886e+02 4.23835358e+02 8.32051147e+02 2.42704407e+02
 6.22302780e+01 1.82863174e+02 2.00272797e+02 9.02208496e+02
 1.35524200e+02 5.05007996e+02 2.08580688e+03 2.40314148e+02
 3.55966821e+03 2.84025073e+03 1.63336792e+02 1.07911331e+02
 2.81658325e+02 8.42484070e+02 2.55720718e+02 2.04694962e+02
 5.27182373e+02 2.96215393e+02 1.52958252e+02 1.25199207e+03
 1.42921997e+02 7.23941406e+02 2.40569873e+03 1.27617226e+02
 1.87650009e+02 1.44552515e+03 1.43086365e+02 2.38143730e+01
 8.32278519e+01 2.21789322e+01 3.59492462e+02 4.64382782e+01
 3.82463715e+02 4.18016785e+02 1.75143700e+01 5.77945850e+03
 1.66017654e+02 4.69274261e+02 1.32010583e+03 5.74860420e+01
 2.32642471e+02 3.71581726e+01 4.48742142e+01 1.54022659e+02
 4.65549561e+02 4.58011383e+02 1.12327583e+02 2.69863184e+03
 1.11061722e+02 6.38025856e+01 1.38299866e+03 7.71646042e+01
 2.36370956e+02 1.78308060e+02 4.99595306e+02 1.18587854e+03
 7.28500443e+01 6.38585022e+02 8.85842056e+01 5.91911072e+02
 3.02803192e+02 1.33417755e+02 4.48041039e+01 1.50748901e+02
 3.46645447e+02 2.06530209e+01 2.59405426e+02 3.07583221e+02
 2.24705298e+03 1.23564957e+02 7.21079330e+01 2.48242172e+02
 2.56796021e+02 7.24190430e+02 1.84529510e+02 1.87098923e+02
 3.42300323e+02 4.47007172e+02 7.93105774e+02 1.27058777e+03
 1.82727951e+02 7.90005981e+02 1.11504631e+02 3.45954628e+01
 2.96152283e+02 9.54131927e+01 1.79268463e+02 1.28557724e+02
 6.06231918e+01 9.43281250e+01 7.12079773e+01 2.04894501e+02
 7.55270020e+02 2.31114464e+01 3.14882416e+02 3.77858124e+02
 6.03216362e+01 6.57024475e+02 2.92129974e+02 2.59654846e+02
 7.73473892e+01 8.19572067e+01 1.36242786e+03 1.15242432e+02
 1.06188965e+03 3.54503632e+02 1.07940502e+01 2.19464188e+02
 9.55337677e+01 1.11039486e+01 8.00021667e+01 3.28758240e+02
 3.65513077e+01 2.94949927e+03 9.44139481e+01 1.23408972e+03
 2.11385040e+01 2.07742035e+02 1.52221970e+02 5.32793961e+01
 2.97034668e+02 9.70547256e+01 5.63171043e+01 2.48456879e+02
 1.22327003e+02 3.53768311e+01 1.37965378e+02 3.01072750e+01
 2.31386230e+02 5.07516998e+02 1.45815399e+02 1.01739914e+02
 2.09975937e+02 1.84497879e+02 2.49608459e+02 1.50625671e+03
 6.21937073e+02 1.48257217e+02 5.58354150e+03 7.94086761e+01
 1.69216370e+02 1.38179596e+02 1.64637680e+02 1.61596252e+02
 3.46490112e+02 2.28209549e+02 4.23554810e+02 1.78326062e+03
 1.14671417e+02 4.80076318e+03 1.60510303e+03 1.22076576e+02
 1.50094986e+02 1.78818573e+02 1.46437915e+03 4.36420410e+02
 1.25188538e+02 3.93659393e+02 8.28356262e+02 9.34931183e+01
 3.96152881e+03 2.42433081e+03 2.07343735e+02 5.83307007e+02
 1.21358994e+02 1.76784851e+02 1.96365341e+02 1.60378456e+01
 1.39259750e+02 5.77871323e+01 5.61102539e+02 1.36742737e+02
 2.47126785e+02 1.58498645e+03 1.24717607e+04 1.89446991e+02
 2.69305756e+02 9.18928604e+01 8.86853485e+01 1.58841016e+03
 6.61667862e+01 2.13559586e+02 2.96928894e+02 1.37655687e+01
 3.07554962e+02 8.76350525e+02 2.56383728e+02 1.60738953e+02
 4.86656647e+02 3.82864429e+03 3.11924805e+03 6.24490601e+02
 6.62569427e+00 7.75698059e+02 1.81529297e+02 5.20977478e+01
 9.76394470e+02 1.77609344e+02 7.20612366e+02 1.16171350e+03
 1.93657867e+02 1.06057625e+02 1.19019386e+02 2.79546234e+02
 5.47049438e+02 5.76251465e+03 1.36711230e+03 3.46976868e+02
 2.08682953e+02 4.18571014e+01 7.11094570e+00 2.43382767e+02
 1.97389450e+02 9.23892365e+01 3.21884033e+02 1.93402359e+02
 1.36825232e+03 1.20823401e+03 5.92029968e+02 1.81423950e+02
 6.41305847e+02 1.74074478e+02 2.47101364e+02 9.29389877e+01
 8.07216614e+02 1.16557252e+00 5.89289856e+01 6.94751221e+02
 1.07422440e+02 1.50585756e+01 9.45153809e+02 8.42897892e+00
 4.86991158e+01 1.08681006e+03 3.54920746e+02 8.06825562e+02
 5.60765576e+03 5.38981262e+02 2.24044238e+03 1.62266846e+01
 1.28277686e+03 2.12665329e+02 4.04106323e+02 2.34087555e+02
 1.79661255e+02 7.60301819e+02 1.46123840e+03 7.36134262e+01
 1.76390350e+02 1.92070633e+02 1.31726105e+02 3.38749115e+02
 6.17728920e+01 5.20895863e+00 4.03200958e+02 9.23642090e+02
 4.66285973e+01 1.23247351e+03 6.49485718e+02 1.01879559e+03
 8.30182434e+02 2.18375659e+03 1.32751984e+02 9.15221863e+02
 5.05147705e+01 2.25150909e+02 7.79687271e+01 3.85901245e+02
 3.93690491e+02 1.17678978e+02 6.71455383e+01 2.48561417e+02
 4.53282410e+02 5.58596863e+02 3.15566177e+01 9.12068787e+01
 1.76170364e+02 4.26395325e+02 4.78274536e+01 2.05996613e+02
 5.19686279e+02 6.18352852e+01 4.44109717e+03 1.46797165e+02
 3.16764648e+02 6.25403259e+02 1.54689926e+02 1.40338818e+03
 1.41977631e+02 1.35431213e+02 1.09317032e+02 2.45080521e+02
 1.90111908e+02 1.58581589e+02 8.24670471e+02 6.65011597e+01
 9.57971573e+01 5.41581154e+01 1.73742523e+02 4.39704865e+02
 2.14873779e+02 1.64787704e+02 1.13159027e+02 7.28248779e+02
 1.27641418e+03 8.38463898e+01 8.43938965e+02 1.75095178e+03
 1.44200610e+03 2.70348572e+02 5.78377502e+02 4.78056602e+01
 3.49640533e+02 5.56327095e+01 1.67498322e+02 9.00650864e+01
 4.32875395e+00 6.18108765e+02 5.42368958e+02 1.98217194e+02
 2.73820923e+02 4.48864941e+03 2.71485199e+02 1.50914490e+02
 2.85431152e+03 5.78082390e+01 5.63147095e+02 7.02187256e+02
 9.10711426e+03 2.04863739e+02 4.36337585e+02 1.05022266e+03
 3.90455005e+03 3.68389160e+02 1.50374466e+02 3.47251312e+02
 3.33288361e+02 6.74073975e+02 3.71861914e+03 5.27410393e+01
 2.18804810e+02 5.14642700e+02 7.26759186e+01 8.44087296e+01
 5.08913841e+01 1.26621628e+01 4.05015045e+02 3.86557808e+01
 2.80519836e+02 3.59694633e+01 2.34635254e+02 6.39812134e+02
 5.36069756e+01 1.16393188e+03 5.43325577e+01 1.69346752e+01
 5.79338722e+01 1.41936359e+01 2.26881519e+03 1.42299713e+02
 1.99374893e+02 1.16006653e+02 4.07069588e+01 1.23965149e+02
 1.58098457e+04 2.21742722e+02 1.21617231e+01 9.56663330e+02
 3.46373047e+02 1.42398422e+02 5.32315247e+02 3.61642181e+02
 6.02398872e+01 2.67061096e+02 2.88044220e+02 4.83281494e+02
 4.87371063e+02 2.09609970e+02 2.16860214e+02 2.58601013e+02
 1.11273241e+01 6.03582611e+01 4.67870903e+01 1.66323029e+02
 5.91382935e+02 4.25598114e+02 2.17878998e+02 1.83681351e+02
 1.52918110e+01 9.36691040e+02 7.47185211e+01 2.24218719e+02
 8.72251587e+01 2.90011444e+02 1.13125328e+02 1.82464428e+01
 8.43594437e+01 1.25157013e+02 2.85700703e+01 1.20840356e+03
 2.05544830e+02 8.62194138e+01 1.36728668e+02 2.88356964e+02
 2.53775452e+02 2.15917969e+01 1.82044327e+02 1.07099756e+04
 3.78654297e+02 1.50186951e+02 1.86447647e+02 2.35748810e+02
 1.50695465e+02 3.10013458e+02 1.61255640e+03 1.45609497e+02
 2.74799683e+02 1.33814606e+02 2.91244568e+02 3.61241074e+01
 5.83175240e+01 1.60445618e+03 3.25125427e+02 1.66417358e+03
 1.13707275e+02 2.86266577e+03 4.36265656e+02 4.58182495e+02
 1.23538086e+02 7.04630005e+02 1.24104362e+02 4.64624817e+02
 1.71221338e+03 2.19012680e+02 1.99765854e+02 8.08724518e+01
 3.47084930e+02 5.85719666e+02 1.54816483e+02 2.99844757e+02
 2.80814457e+01 1.85289917e+02 2.48406963e+01 2.56616968e+03
 1.68863022e+02 2.63785614e+02 2.26741486e+01 1.55439880e+02
 1.68672516e+02 5.99138374e+01 3.25428802e+02 6.48094788e+01
 2.03226746e+02 2.46138115e+01 1.91556961e+02 5.73158836e+01
 1.58265472e+02 2.90007954e+01 7.04280823e+02 6.65599756e+03
 1.02953723e+03 1.14481743e+02 1.33885300e+02 6.74250488e+02
 3.16362823e+02 1.26912170e+02 1.84748199e+02 1.55315900e+00
 1.00834763e+02 2.03737473e+00 1.74574203e+01 7.22119141e+02
 7.41687012e+02 6.14633789e+01 4.31001495e+02 5.05415878e+01
 1.06569130e+02 3.16829102e+02 3.64159668e+02 2.42841873e+02
 2.93743622e+02 6.71576294e+02 1.11246017e+02 5.39360779e+02
 2.01251617e+02 8.12656250e+01 1.29794754e+02 1.29269302e+02
 2.02182709e+02 1.34760103e+01 1.76407397e+03 1.12839752e+02
 1.00784332e+03 1.24200302e+02 6.90821228e+01 1.26241814e+02
 2.13474594e+02 6.67654688e+03 1.51962692e+02 3.33715363e+02
 6.89471130e+01 2.46030197e+02 1.83503815e+02 1.43965161e+03
 2.65668789e+04 1.72679703e+02 2.53652787e+00 1.52422437e+03
 2.42775742e+02 5.74215881e+02 1.27552002e+02 1.66953415e+02
 4.52040741e+02 2.13270020e+02 1.08995533e+01 1.95556564e+02
 1.12596519e+02 1.26915123e+02 2.45825668e+02 3.40629242e+02
 1.46763124e+01 7.21698608e+01 1.52220306e+02 1.21964294e+03
 1.98185101e+01 4.71226196e+01 6.08982910e+03 3.38813873e+02
 2.53079419e+03 3.64839447e+02 5.41603088e+02 1.97793610e+02
 1.89110687e+02 3.98140945e+01 8.29938354e+01 1.02947205e+03
 1.57489417e+03 1.58954102e+02 1.20224561e+03 5.33052490e+02
 1.13377663e+02 1.67341931e+03 4.03911407e+02 1.49567947e+02
 1.78367615e+02 6.43613586e+01 1.28768921e+02 7.18960571e+01
 3.87368683e+02 1.42610428e+02 3.38659485e+02 1.36368774e+02
 1.44130737e+02 2.43603271e+02 9.60281143e+01 1.95845422e+03
 1.01733264e+03 2.23269455e+02 7.71978989e+01 7.15106277e+01
 9.47074768e+02 1.73992004e+02 1.62063354e+02 3.06904541e+02
 1.42732559e+02 4.70393280e+02 1.38582245e+02 2.56914917e+02
 7.56770859e+01 7.26808899e+02 1.15658180e+02 3.11712769e+02
 1.33006836e+03 2.87601837e+02 7.66152100e+02 5.05456543e+00
 1.72573608e+03 1.24252586e+02 3.26826286e+01 1.20444977e+02
 3.65354401e+02 2.35721619e+02 5.46905945e+02 2.95809002e+01
 3.71867340e+02 3.10353146e+01 8.51248703e+01 5.86813507e+01
 1.06900177e+01 1.04865448e+02 4.50513458e+01 1.73102722e+02
 2.10019745e+02 1.84358301e+03 5.54552185e+02 7.13350464e+02
 3.14889011e+01 3.02672119e+02 1.01914129e+01 1.44801361e+02
 5.10268408e+03 1.38815948e+02 5.65446106e+02 8.18769470e+02
 1.28523560e+02 1.47326721e+02 1.18630058e+02 2.93610046e+02
 1.72168015e+02 2.03491272e+02 2.83299957e+02 1.49607330e+02
 1.50578156e+02 3.69485931e+02 2.10862411e+02 7.21701279e+01
 1.55372467e+02 3.09742889e+02 5.79277153e+01 1.88299850e+02
 6.05563021e+00 2.66905396e+02 2.08218674e+02 2.29725647e+02
 1.89469376e+02 1.31279822e+03 7.15810486e+02 4.87932930e+01
 1.36523209e+02 3.32269196e+02 1.25742981e+02 2.99663574e+02
 2.00435928e+02 1.46896393e+02 3.21173706e+02 9.19689209e+02
 6.08795090e+01 2.23516449e+02 2.11768433e+02 1.11625549e+02
 2.83390594e+02 1.27791122e+02 1.39451709e+03 6.01046082e+02
 1.86328171e+02 8.92472000e+01 6.07156219e+01 7.21252975e+01
 7.53660126e+01 4.35239258e+02 1.50730042e+03 2.25006958e+03
 2.17614282e+03 9.42073631e+00 2.79213440e+02 1.29786392e+02
 1.24944038e+02 6.01604881e+01 1.11399063e+02 1.46460434e+02
 1.46794159e+02 3.96157265e+01 1.91099777e+02 3.76460846e+02
 3.85561584e+02 1.47062646e+03 7.83670288e+02 1.03836159e+02
 4.70348694e+02 3.57717133e+02 2.95528168e+02 1.61506995e+03
 3.30889313e+02 5.91779327e+00 2.03973984e+02 2.48383636e+02
 3.86102264e+02 1.51900375e+02 2.86677216e+02 7.42986267e+02
 1.12816269e+02 1.36974392e+01 3.80437531e+02 1.58288513e+02
 8.44952698e+01 1.98640427e+02 5.47891907e+02 7.30004425e+01
 2.94400055e+02 1.97664722e+03 5.38908020e+02 8.79688110e+01
 1.20603783e+02 8.30711517e+01 8.03528259e+02 6.59911621e+02
 2.17641528e+03 1.65205231e+02 4.39665161e+02 1.59618591e+02
 3.73114990e+02 6.36859680e+02 2.11059492e+04 1.36168854e+02
 1.51605988e+02 1.44494034e+02 5.38925537e+02 1.88030243e+02
 2.18945587e+02 1.43846817e+02 2.16227112e+02 4.57981873e+01
 5.24875984e+01 1.35157608e+02 1.04500916e+03 1.50007141e+02
 4.30928284e+02 5.57998562e+00 1.57955109e+02 3.67611389e+02
 5.37656326e+01 4.80851105e+02 1.40886719e+02 3.43521057e+02
 2.57866974e+02 4.95631905e+01 6.10536560e+02 5.01136856e+01
 3.34506348e+03 8.16756134e+01 3.13427765e+02 1.60320084e+02
 1.46252356e+03 1.66119858e+02 1.19652649e+02 2.12527847e+02
 1.96035309e+02 2.02508972e+02 7.79504517e+02 1.30702866e+02
 1.03187592e+02 2.49145044e+03 2.10832764e+03 1.54788254e+02
 4.70438576e+01 2.24905029e+03 1.75428467e+02 2.02383316e+02
 1.87546753e+02 1.35060150e+02 2.39529480e+02 1.04221558e+02
 1.20633080e+02 1.03310486e+02 6.08339539e+02 6.65205872e+02
 6.80955078e+02 2.03838318e+02 2.31594543e+02 1.79148242e+04
 3.00682892e+02 3.89853394e+02 4.25390106e+02 4.30106163e+01
 1.53079498e+02 5.79480225e+02 2.97325348e+02 1.59615295e+03
 1.68526611e+03 1.85481766e+02 1.09789467e+02 1.00920319e+02
 7.98438568e+01 1.14094711e+02 1.46223035e+03 6.86851135e+02
 4.25587067e+02 1.62057571e+02 5.45636230e+02 8.48123932e+01
 1.37650647e+03 4.92668121e+02 6.13161659e+01 2.02731888e+02
 1.01576340e+02 8.68394394e+01 6.28103271e+02 4.18351715e+02
 5.24470581e+02 1.40629168e+01 1.80002457e+02 1.29297806e+02
 6.07396667e+02 1.26098267e+02 1.05789209e+03 4.97104309e+02
 2.10133987e+02 1.43501328e+02 2.68274658e+02 1.59617346e+03
 2.63751007e+02 1.61910278e+02 2.86897064e+02 1.39901825e+02
 2.09823822e+02 1.05931287e+03 9.37527313e+01 4.07869934e+02
 3.91540771e+02 2.30668167e+02 2.50890640e+02 2.05662451e+03
 4.33691925e+02 1.60659155e+03 1.28044174e+02 1.57281754e+02
 3.03649878e+03 1.85227386e+02 2.12866846e+03 4.26595245e+02
 1.05640511e+02 1.07415901e+02 1.43358704e+03 1.16956932e+02
 3.83578674e+02 2.00167419e+02 4.18665894e+02 7.17164764e+01
 4.56956360e+02 1.31444870e+02 2.43706360e+02 1.81705322e+02
 9.44432068e+01 2.06659256e+02 1.69345654e+03 1.85349655e+02
 1.87368274e+03 3.91699493e+02 3.69982605e+01 3.49381165e+02
 6.79951050e+02 2.06400781e+03 7.93315613e+02 1.32875412e+02
 4.55314209e+03 7.98835373e+00 8.26513672e+01 3.74417458e+01
 1.73771973e+02 1.70379852e+02 1.24501886e+01 6.46009674e+01
 9.09200897e+01 1.51928845e+03 2.88615753e+02 9.19502075e+02
 4.76330536e+02 7.96140594e+01 1.61313995e+02 4.43794647e+02
 2.28309669e+01 6.10210533e+01 2.28997986e+02 1.08217139e+03
 9.65061829e+02 5.35737427e+02 1.84670563e+02 2.12507309e+02
 1.83750458e+02 1.45402603e+02 2.75778534e+02 8.09786758e+01
 2.01811966e+02 4.75937500e+02 3.68747131e+02 3.25746765e+01
 7.41788086e+02 1.01301603e+01 3.81494354e+02 8.65378952e+01
 6.86517181e+01 2.48528000e+02 1.73879089e+02 4.18991895e+03
 2.27666893e+01 2.50739365e+01 1.16535805e+02 6.09394836e+02
 9.78887863e+01 8.47086243e+02 1.28462112e+02 3.25101837e+02
 4.18736219e+00 1.38288544e+02 1.31449371e+02 1.44473709e+02
 1.85107819e+02 2.28470459e+02 1.65000961e+02 2.41690643e+02
 9.19217377e+01 3.05261932e+02 3.22592285e+02 1.66576904e+02
 6.69164307e+02 2.05551071e+02 6.07233521e+02 1.15729453e+04
 7.46092773e+02 9.46833496e+01 9.44111176e+01 3.09307300e+03
 7.63570328e+01 2.26030106e+02 1.65688568e+02 1.33744678e+03
 1.22249496e+02 1.75399200e+02 8.36894684e+01 8.79579224e+02
 7.32317627e+02 1.25642859e+03 9.28504578e+02 1.59482376e+02
 2.09896704e+03 1.86562930e+04 5.71821098e+01 3.73553467e+02
 2.27864548e+02 6.14500275e+01 6.32191696e+01 9.70698166e+00
 4.96930713e+03 9.36701889e+01 6.67893799e+02 8.60047760e+01
 2.74610107e+02 1.36533218e+02 7.73656235e+01 1.39901357e+04
 6.27238922e+01 4.25211029e+02 3.54296188e+01 3.41822632e+02
 2.58141571e+02 1.19774811e+02 1.65312134e+02 1.65763962e+02
 1.04545921e+02 1.78946793e+02 6.78530945e+02 2.65221649e+02
 1.59862842e+03 2.87919647e+02 1.49727844e+02 1.06203056e+02]
