[6.97907776e+02 1.32349869e+02 2.98168915e+02 1.11077362e+02
 1.98917920e+03 3.69021942e+02 8.39431839e+01 1.37697083e+03
 4.45500610e+02 9.66905746e+01 4.70250641e+02 6.16302917e+02
 3.20224756e+03 1.82106918e+02 2.21340942e+02 1.47102463e+02
 1.14598047e+03 3.09027466e+02 6.77459656e+02 2.96032031e+03
 6.99738831e+02 3.62614624e+02 4.44998047e+04 1.28987350e+02
 1.37810425e+02 5.97562622e+02 8.87066699e+03 3.68175568e+02
 9.97418213e+02 7.54179535e+01 2.74782043e+02 2.14036060e+03
 6.70253540e+02 2.43763977e+02 2.87219800e+03 2.34529358e+02
 3.23418640e+02 2.53023005e+00 2.78377350e+02 1.01973801e+02
 5.87622070e+03 1.91001663e+02 3.75274506e+02 7.42022278e+02
 4.46376465e+02 3.70891418e+02 2.75468140e+01 8.96119614e+01
 2.97187683e+02 6.22194434e+03 1.55925827e+02 3.26812500e+02
 3.20315971e+01 5.58422661e+00 1.16568336e+02 2.10272858e+02
 2.41558609e+02 2.25524829e+03 8.64263855e+02 2.46592346e+02
 8.09119202e+02 1.07615894e+03 3.48059967e+02 4.92295074e+01
 1.59823196e+02 9.44291565e+02 2.17010849e+02 2.56247650e+02
 1.73548981e+02 2.69608350e+03 2.13215103e+02 4.61775360e+02
 4.14386353e+02 3.93280273e+02 9.69717484e+01 1.81680298e+02
 4.04543976e+02 6.75372192e+02 4.00769751e+03 2.27241074e+04
 8.23874207e+01 1.69740494e+02 5.73053360e+01 1.60910080e+02
 2.94495331e+02 1.53644263e+03 2.45486420e+02 2.09988846e+02
 9.90973755e+02 1.03155273e+02 5.67770325e+02 6.97071387e+03
 3.33226357e+01 5.09447998e+02 1.09630625e+04 2.63172089e+02
 4.00019684e+01 1.61065964e+02 2.19283203e+03 7.81144867e+01
 4.58660645e+02 5.10341431e+02 2.01452087e+02 2.18156158e+02
 1.36228867e+02 3.59676941e+02 6.40718701e+03 2.99005260e+01
 5.36843262e+03 4.06980957e+02 3.05700348e+02 7.38679626e+02
 1.87937943e+02 5.87403198e+02 8.86991821e+02 1.89095795e+02
 4.39851799e+01 7.24601990e+02 1.77914307e+02 9.05461578e+01
 1.90949258e+04 7.78944885e+02 2.81983301e+03 4.82943085e+02
 4.19122559e+02 1.33627502e+02 1.54839233e+02 2.18732590e+02
 3.06481110e+02 5.56710986e+03 3.20780542e+03 2.43056145e+01
 2.27477493e+01 7.52658691e+01 6.43385803e+02 9.61081772e+01
 8.94547607e+02 7.52627411e+01 9.95701599e+02 6.30132373e+03
 8.53989410e+01 1.87985815e+03 2.47009102e+04 3.86435669e+02
 4.21117676e+02 2.70319092e+02 6.26652184e+01 2.72491589e+01
 2.24333594e+03 3.74490906e+02 3.88097900e+02 4.52971130e+02
 1.99829742e+02 5.08869385e+03 2.03829941e+02 2.43650635e+02
 1.81710815e+02 1.95886548e+03 2.00150848e+02 3.66084297e+04
 2.91624725e+02 2.30365387e+02 7.18999863e+01 1.08619392e+02
 2.38730316e+02 2.84006775e+02 3.04731781e+02 2.97350433e+02
 2.89181458e+02 3.98124298e+02 1.29893341e+02 3.90166229e+02
 6.80225830e+01 2.06667090e+03 8.51472549e+01 1.27558556e+02
 2.81561852e+01 2.37936473e+00 4.25510101e+02 2.89071411e+03
 1.24024866e+03 3.98985107e+03 4.13966016e+03 1.33878918e+03
 3.37777557e+02 1.26878376e+01 2.11108383e+02 2.48161331e+02
 4.84591650e+03 1.42292004e+03 4.73294342e+02 6.06764526e+01
 1.31938354e+02 3.31722927e+00 6.90865381e+03 8.36274567e+01
 2.49872284e+02 2.28588272e+02 1.74065869e+03 4.94160339e+02
 6.69161558e+00 1.05251826e+04 1.42563643e+04 6.87129059e+01
 4.08304053e+03 5.91661230e+03 1.20061531e+02 7.69306412e+01
 8.20917816e+01 1.37144135e+02 3.24408081e+02 2.92965118e+02
 5.58703064e+02 1.62138535e+02 1.51866077e+03 7.15472946e+01
 4.19272070e+03 1.00494530e+02 8.44870422e+02 1.74503308e+03
 8.50526276e+01 2.92457336e+02 2.33288956e+02 1.39694502e+04
 2.20288330e+02 1.25973869e+02 8.55134583e+02 8.71084976e+01
 8.75700912e+01 6.06208789e+03 3.38835754e+02 1.75755203e+02
 2.94626556e+02 2.82293457e+02 2.55923355e+02 5.48435669e+02
 3.74032410e+02 8.83231125e+01 2.12835571e+02 1.81064011e+02
 2.60943359e+03 2.43608742e+01 1.82355469e+03 4.38652161e+02
 1.93944443e+02 3.70982104e+03 4.61666260e+03 1.30492266e+04
 4.08459991e+02 1.06971531e+05 7.78876343e+01 1.24098359e+04
 2.18797668e+02 2.48079941e+02 1.41068630e+01 4.61922119e+02
 3.84114319e+02 6.60710831e+01 3.02338776e+02 2.36905716e+02
 1.56848352e+03 7.04303650e+02 5.68106995e+02 9.10420609e+01
 1.32739182e+02 1.10320839e+02 2.45482529e+02 3.67950500e+02
 1.95406723e+02 5.62446899e+02 1.04006622e+02 1.63778149e+03
 3.74333282e+02 2.56722656e+02 2.89289380e+03 3.30415741e+02
 7.11370850e+02 1.85715076e+03 4.13436310e+02 7.95143372e+02
 1.49113892e+02 5.75472839e+02 9.52412491e+01 4.01927856e+03
 7.95990067e+01 1.98623093e+02 3.88328918e+02 4.32290649e+02
 1.39391800e+02 3.84957062e+02 5.53225684e+03 1.37796249e+02
 5.85578125e+02 2.48719910e+02 3.22160614e+02 2.30871140e+02
 2.62464447e+02 3.44515594e+02 4.56707230e+01 8.73825150e+01
 4.41477264e+02 5.48164307e+02 5.03813286e+01 3.15625458e+02
 2.67991753e+01 2.66631763e+03 6.20526390e+01 2.90653809e+03
 2.65505615e+02 2.94715252e+01 9.62649994e+01 4.30830231e+01
 1.21870908e+04 2.26028656e+02 1.45117456e+03 2.31632402e+04
 7.54150085e+01 1.30718048e+02 3.30317871e+02 6.44741821e+02
 1.91838722e+01 2.26496836e+04 1.91748009e+01 6.01272400e+02
 1.41386560e+03 1.34915665e+02 3.56042505e+03 1.29770520e+03
 1.17281714e+03 9.71052795e+02 4.30340485e+02 4.68060799e+01
 6.31569862e+01 2.33177490e+01 1.87752664e+00 4.67466217e+02
 3.23467026e+01 1.18101326e+02 1.06553040e+02 9.96601639e+01
 7.12832092e+02 5.78531982e+02 6.36605148e+01 1.15136133e+04
 5.17248878e+01 5.70630455e+01 8.56255646e+01 1.37527942e+03
 3.72906128e+02 3.89646179e+02 6.98505173e+01 2.85565918e+03
 1.92210938e+02 4.54763623e+03 1.96184753e+02 3.07200439e+03
 9.12098206e+02 3.36239166e+02 2.59278656e+02 3.88738281e+02
 7.74286438e+02 6.67189255e+01 1.17072693e+03 2.43064590e+02
 1.65461133e+03 3.21528340e+04 2.17772341e+00 1.96231583e+02
 7.70243164e+03 6.28236694e+02 3.20963074e+02 1.54773096e+03
 7.52555566e+03 4.45883301e+03 3.01340747e+03 1.53478301e+04
 7.68928406e+02 3.77666595e+02 4.13360291e+01 1.11245089e+01
 7.37147278e+02 7.17096619e+02 2.84213013e+03 3.64440643e+02
 6.73848572e+01 4.01670929e+02 1.59891100e+01 8.26320801e+02
 7.71985474e+02 3.79714661e+02 6.41223267e+02 1.08348462e+03
 1.05864630e+01 1.13676404e+03 5.25934692e+02 1.25908923e+03
 2.45627243e+02 2.06543604e+03 1.10943596e+02 1.03131409e+03
 7.80331421e+01 2.05331833e+02 1.89004562e+02 1.51189590e+02
 1.53112869e+02 3.28332446e+03 2.30826553e+02 3.21915009e+02
 6.85831172e+04 1.17376076e+02 2.62475922e+02 8.46776428e+02
 3.43655640e+03 4.72455859e+03 5.73504727e+04 2.64141934e+04
 2.16564331e+01 7.54440186e+02 5.40749207e+02 1.52934372e+02
 3.42302246e+02 3.09759552e+02 2.12620163e+02 3.00541138e+02
 1.00406532e+01 3.64233203e+03 7.01343323e+02 3.56614844e+03
 1.19076973e+04 1.26211311e+02 2.30603928e+02 4.03585480e+02
 3.11935921e+01 2.44961548e+03 1.19430857e+01 2.31184143e+02
 5.22133675e+01 3.02615021e+02 1.54761035e+03 7.16339844e+02
 1.04863533e+02 4.78175812e+01 5.47032593e+02 1.26726990e+03
 2.36952789e+02 7.13663635e+01 2.14003922e+02 6.29429932e+02
 1.09780609e+02 4.64453003e+02 2.03054184e+02 8.95340820e+03
 1.37535812e+02 3.68376099e+02 2.50650360e+02 6.15114632e+01
 9.20799561e+01 3.58276733e+02 5.85343066e+03 9.12143784e+01
 3.27629303e+02 2.26002579e+02 1.23224434e+02 8.24507828e+01
 2.74007080e+03 1.32228714e+02 5.74865479e+02 9.81200180e+01
 1.26318703e+02 2.55620898e+03 3.38311798e+02 5.89461548e+02
 3.27165619e+02 1.59044418e+02 1.41218231e+02 1.58944824e+03
 1.37083084e+02 1.73741516e+02 2.03284775e+02 7.37862091e+01
 1.55367065e+02 4.24784271e+02 3.64044983e+02 6.39738672e+03
 1.33482498e+02 1.27698767e+03 7.85227280e+01 2.50578247e+03
 2.15690308e+02 1.68228906e+03 3.33330872e+02 1.05338303e+02
 1.40371765e+02 3.75395538e+02 5.27473999e+02 6.67107010e+01
 2.77509473e+03 5.76056763e+02 2.07238434e+02 2.95665955e+02
 1.18559135e+02 4.69926666e+02 1.16386055e+02 2.05543396e+02
 9.24455719e+01 2.76154724e+02 1.28305771e+02 1.45018711e+04
 2.34267029e+02 2.50890112e+03 8.71609344e+01 5.24989462e+00
 1.00114395e+02 2.42374466e+02 3.79909454e+02 1.79200830e+03
 1.12694519e+03 2.28176147e+02 5.37605042e+02 2.86079041e+02
 1.71075546e+02 5.00303467e+03 2.15752721e+00 2.16929871e+02
 8.97779297e+03 1.78953304e+01 6.11589851e+01 1.72451062e+03
 5.56418266e+01 2.05309647e+02 4.52006195e+02 6.42064209e+02
 1.70219223e+02 2.76413025e+02 1.23638748e+02 2.18451004e+02
 4.24399933e+02 6.40775452e+02 2.47811859e+02 4.59672272e+02
 3.17044830e+02 1.10145244e+04 1.75095921e+01 2.64383362e+02
 2.34410229e+03 1.01383011e+02 1.66991309e+04 7.24725113e+01
 1.17719531e+03 1.91702805e+02 3.22989746e+02 1.01452789e+02
 1.09483477e+04 1.70742371e+03 4.48920670e+01 2.06560791e+03
 2.32048969e+01 3.89841347e+01 3.42111168e+01 1.69264282e+02
 1.22785615e+04 3.40532806e+02 6.08918724e+01 2.39811670e+03
 1.07022064e+02 3.88093872e+01 5.52447662e+01 5.54477051e+03
 2.37055740e+02 5.16178398e+01 6.20618591e+02 3.51006042e+02
 3.83992505e+03 4.69735718e+02 2.35022949e+03 4.25395126e+01
 2.37706253e+02 3.00658417e+02 1.03423718e+03 1.10762558e+02
 3.74209448e+03 9.73179703e+01 1.43784119e+03 2.87806812e+03
 1.77741470e+02 2.32150757e+03 1.62705963e+02 3.55241272e+02
 1.34141235e+02 1.57620346e+02 8.22028259e+02 1.94793106e+02
 9.83547546e+02 6.13888245e+01 1.12666272e+03 8.77744690e+02
 1.25874817e+02 3.44444580e+03 5.19403027e+03 1.91386658e+02
 2.77663818e+03 2.08964209e+03 1.21842888e+02 1.29733215e+02
 8.90960510e+02 1.67965073e+02 4.65070915e+01 2.30919159e+02
 1.81331650e+02 5.92986084e+02 1.22570869e+02 2.01965485e+02
 1.33106357e+04 5.61753235e+02 3.29383820e+02 4.30617126e+02
 1.67074451e+03 7.24693750e+03 2.39600049e+03 8.34130310e+02
 1.60694641e+02 9.84010681e+02 2.56642181e+02 8.16421661e+01
 3.78824677e+02 3.09611542e+02 1.49377930e+03 1.24436096e+02
 9.50013489e+02 1.57119019e+02 2.80989105e+02 1.51363495e+02
 3.20348816e+02 4.54634338e+02 1.17128616e+02 6.16397705e+03
 2.15345108e+02 8.60948410e+01 3.28794556e+02 4.24671173e+02
 1.51773788e+02 1.17929420e+01 3.19201721e+02 2.24753769e+02
 1.22624512e+04 6.13193665e+01 1.87016464e+02 9.02101685e+02
 1.17048615e+02 1.91224170e+03 1.89459521e+03 6.36515083e+01
 8.43979187e+02 1.69021561e+02 3.06165436e+02 2.48278671e+02
 2.72594421e+02 5.15148926e+02 1.60759506e+02 3.88581604e+02
 5.08930855e+01 1.70305481e+03 1.55711328e+03 9.53113098e+01
 1.51530731e+02 6.36355530e+02 1.32475632e+02 1.18392593e+02
 2.14888397e+02 2.20140957e+04 1.16184827e+03 1.71214935e+02
 3.72579880e+01 9.21175110e+02 5.62296143e+02 7.75167725e+02
 2.32970413e+02 2.91604797e+02 2.06883643e+03 1.22415784e+03
 1.57965174e+01 3.27532684e+02 3.83086334e+02 1.87151443e+02
 8.36940308e+02 2.15607834e+02 1.74795151e+02 1.89437341e+03
 4.33740044e+01 3.58216797e+02 2.62492645e+02 2.55692692e+01
 7.67343979e+01 8.53641699e+03 4.88093338e+01 2.40524731e+03
 1.43522609e+05 3.36577197e+03 3.71245514e+02 1.03950653e+02
 6.87637787e+01 2.54724304e+02 1.31832779e+02 7.58571625e+01
 2.67390442e+01 3.41154938e+02 8.90950394e+01 2.55554245e+02
 2.65428986e+02 1.77650928e+01 6.01256348e+02 2.41159744e+02
 1.49988562e+03 1.21148474e+03 2.63133331e+02 1.72992822e+03
 1.77401270e+04 2.84831274e+03 5.89976921e+01 5.46413574e+03
 2.78376312e+02 1.15379234e+02 3.66110443e+02 3.19027808e+03
 6.45207520e+01 1.23899200e+02 2.04209656e+02 4.22561475e+03
 2.25694727e+03 2.90411621e+02 6.09794983e+02 4.03532715e+02
 6.83912415e+02 7.51129688e+03 2.74471045e+03 2.22373505e+02
 1.84581055e+02 4.16597290e+01 1.56596680e+01 6.03627869e+02
 5.12918408e+03 1.23546753e+02 5.98030701e+02 3.08109570e+01
 3.94815582e+02 1.22289886e+01 1.01325908e+04 6.28182129e+02
 8.47880020e+01 9.00531998e+01 2.66742529e+03 1.41511856e+02
 2.19523209e+02 3.04930298e+02 1.87026634e+01 2.10242383e+03
 5.10831909e+02 2.45407696e+01 2.14851547e+02 6.55081177e+02
 2.39397873e+02 5.61187172e+01 5.28505310e+02 5.78856689e+02
 1.05388573e+02 6.96879089e+02 4.36729492e+03 4.19523773e+01
 2.90728394e+02 3.49351440e+02 1.16263269e+03 3.31950134e+02
 6.35810645e+03 2.26906082e+02 4.75434424e+03 1.08272339e+02
 8.65515671e+01 1.64387833e+02 2.01079575e+02 1.01594551e+02
 1.58732895e+02 3.51641571e+02 5.24813171e+02 6.96241302e+01
 2.29474045e+02 1.05044934e+03 1.15348691e+04 5.81526001e+02
 6.89167786e+01 3.91522031e+04 7.79975647e+02 5.14448242e+02
 3.19196510e+01 6.48313416e+02 7.92657410e+02 6.24742889e+00
 5.61620789e+02 1.83126526e+01 6.30699829e+02 9.72147949e+03
 1.34994153e+03 1.72631027e+02 6.47922363e+02 6.80801392e+01
 3.83926758e+02 3.79880096e+02 1.48410803e+03 1.93442261e+02
 1.51883636e+02 2.57827539e+03 2.44946838e+02 2.93607153e+03
 6.34421582e+03 1.88347824e+02 3.15334900e+02 1.47551697e+02
 2.04946609e+02 2.31940140e+02 6.46979309e+02 2.50902539e+03
 5.93557930e+01 8.59815140e+01 1.77043320e+02 1.06204761e+03
 9.72826416e+02 6.70793701e+02 2.08645935e+01 1.28928027e+03
 9.95681000e+01 2.08231537e+02 2.00462305e+04 4.83596039e+01
 6.41857605e+02 2.76553906e+03 2.56092133e+02 9.01504822e+01
 1.50916760e+03 1.11952820e+02 2.36373364e+03 1.16359032e+02
 4.58308990e+02 3.96396545e+02 1.64081711e+02 2.29383276e+03
 1.33434586e+02 1.94936371e+02 1.36681543e+03 2.64329620e+02
 9.02773209e+01 1.64678741e+02 6.39815674e+02 1.42917310e+03
 4.12397766e+01 4.09276695e+01 8.10128174e+02 4.62184619e+03
 2.83175873e+02 2.30887744e+03 3.55675140e+02 1.97324661e+02
 8.65327441e+03 1.73409271e+02 9.51776172e+04 1.46867908e+03
 1.60908417e+02 5.22979248e+02 1.01569717e+02 3.10427475e+00
 8.25979736e+02 6.71824875e+01 1.31780774e+03 1.77426620e+02
 2.02900833e+02 1.88244583e+02 1.78683792e+02 3.41024933e+02
 1.13778519e+02 1.31762375e+02 8.63405838e+01 4.77720184e+02
 9.69303818e+01 1.31368208e+01 6.44252777e+01 5.72049065e+01
 3.10128687e+03 2.09963135e+02 2.99158862e+03 3.07384424e+03
 5.57895703e+03 3.57108337e+02 2.82087646e+02 1.13396751e+02
 3.05336884e+02 1.84517349e+02 3.31859779e+01 3.88880692e+01
 2.56228699e+02 4.61815567e+01 5.22642151e+02 1.69569019e+03
 3.62761182e+03 4.64513379e+03 8.15478039e+00 5.86419182e+01
 9.31665115e+01 1.08870178e+03 2.77234448e+03 2.88676514e+03
 1.45320648e+02 2.08849292e+03 2.25317978e+02 5.71085156e+03
 3.55459023e+01 4.94681435e+01 1.26796301e+03 4.33874023e+02
 4.23745605e+02 1.78294873e+03 2.03035599e+02 8.46883850e+02
 9.75960388e+02 2.62988800e+02 1.27940033e+02 6.09392029e+02
 7.57412567e+01 1.55933868e+02 1.53376785e+02 6.67914551e+03
 1.72711411e+02 3.22164429e+02 9.87144287e+02 3.67672821e+02
 1.77764664e+02 9.36007919e+01 1.61757793e+04 1.44449402e+03
 4.02285652e+01 1.45809494e+02 7.78701019e+01 1.23048840e+03
 6.32515686e+02 6.78330383e+02 8.94858856e+01 2.98387970e+02
 8.40396194e+01 3.88384199e+00 3.28549835e+02 5.66492725e+03
 4.99611084e+02 1.08931778e+02 1.51898438e+02 9.12676562e+04
 1.07087012e+03 1.05597870e+02 2.36137238e+02 3.41322778e+03
 7.68926163e+01 2.42425934e+02 1.04384814e+03 1.85770523e+02
 1.99777618e+02 1.29483362e+03 3.23309021e+02 3.16639069e+02
 6.07529907e+02 6.63890762e+01 2.92126465e+02 2.64399048e+02
 1.97049492e+04 1.54030176e+03 2.59651489e+02 3.17477875e+02
 1.37346939e+02 1.26748047e+02 9.12010727e+01 3.40092560e+02
 4.66383496e+03 2.37376007e+02 1.01153923e+02 1.12862694e+02
 1.33317261e+02 8.37886810e+01 1.82537521e+02 9.49278076e+02
 2.15049530e+02 1.79674646e+03 7.81818176e+02 6.90137390e+02
 7.30986133e+03 2.20167068e+02 2.96360626e+02 4.10011078e+02
 1.65512268e+02 2.71088745e+02 1.68387344e+02 1.01657764e+03
 1.77178375e+02 1.61563522e+02 1.80978302e+02 1.71125122e+03]
