[4.72669586e+02 2.06880798e+02 2.92246211e+04 1.76322253e+03
 7.34314804e+01 3.47159119e+02 1.40702606e+02 8.31307617e+02
 1.63997510e+03 2.17514404e+02 7.68401484e+04 3.56378387e+02
 1.27403333e+03 5.43572168e+03 1.56258069e+03 1.65225800e+02
 1.35390125e+03 2.93677643e+02 1.33620496e+03 4.75316193e+02
 1.13524963e+02 1.21402000e+02 2.82905300e+06 6.09999878e+02
 4.30888062e+01 7.31528516e+04 3.84387617e+04 3.97869476e+02
 3.73033234e+02 2.11354809e+01 9.98127441e+02 1.41784134e+02
 8.23254204e+00 2.15149826e+02 2.37407446e+03 1.90306076e+02
 4.38247252e+00 5.58991895e+03 2.57491131e+01 3.54999927e+03
 1.65698457e+04 6.20535522e+02 3.67921631e+02 2.74496216e+03
 2.21235234e+04 3.36066528e+02 1.34528656e+02 3.04224292e+03
 1.36272705e+04 1.97908777e+03 6.74444580e+03 3.63373291e+02
 4.37885986e+03 4.65995273e+04 8.26296692e+01 2.07382385e+02
 6.89738770e+01 1.56495020e+03 2.07474390e+03 2.81005518e+03
 8.93749512e+02 1.76348047e+04 3.63535233e+01 4.83049154e+00
 4.80302295e+03 1.21645459e+03 2.07710114e+02 2.89747620e+02
 1.70056229e+02 2.29692520e+02 2.02064621e+02 9.36249390e+02
 8.11356735e+01 3.11298401e+02 1.40863828e+04 1.86708939e+02
 2.72935120e+02 4.88891327e+02 1.56996262e+02 1.46749990e+04
 1.00783607e+02 3.92646667e+02 6.76521484e+02 1.06201645e+02
 1.24738342e+02 1.05685400e+03 2.94788116e+02 3.06928101e+02
 9.32926208e+02 1.23132188e+04 2.44286285e+02 2.29953809e+03
 1.48847595e+02 1.99635820e+04 1.51190297e+05 2.39258404e+01
 6.28206421e+02 4.21666077e+02 2.34729141e+02 3.34066463e+00
 2.23580093e+02 4.99545105e+02 3.10641602e+02 6.46694260e+01
 7.63255188e+02 3.34763031e+02 7.11881287e+02 2.79371124e+02
 4.56343555e+03 3.09020195e+01 2.63896393e+02 3.52827484e+02
 9.41548004e+01 1.99780289e+02 4.40026459e+02 2.16874359e+02
 7.06961060e+02 8.07449707e+02 7.54677505e+01 3.20102196e+01
 8.60272400e+02 2.06852368e+03 6.96266022e+01 1.55780664e+03
 1.28222449e+03 9.44825439e+01 4.44794922e+03 9.20659424e+02
 3.61964691e+02 3.15414154e+02 3.24413477e+03 8.96404004e+03
 4.50041504e+03 2.25205542e+03 2.69623795e+01 4.31466125e+02
 3.97614365e+01 1.88574158e+02 1.57191299e+02 3.47125916e+02
 3.77079201e+01 4.02651550e+02 5.44230469e+02 4.10187439e+02
 5.28569961e+04 1.02946808e+02 6.05825879e+03 1.90897617e+01
 8.95751953e+02 4.78091034e+02 6.18692160e+00 5.28301277e+01
 6.99531631e+01 2.43043076e+02 2.53243301e+02 8.75926758e+02
 9.52842529e+02 2.83263843e+03 3.70061554e+02 2.89143469e+05
 7.13954041e+02 2.02468704e+02 8.42751217e+00 2.12312668e+02
 1.38704498e+02 2.15245255e+02 1.19741241e+02 1.93362411e+02
 1.19992516e+02 5.21186768e+02 2.11675842e+02 3.55082123e+02
 3.26510193e+02 4.25739075e+02 2.07365372e+02 1.38826614e+02
 4.16300598e+02 1.63322662e+02 7.75437744e+02 7.95261377e+03
 1.87211499e+03 1.59317322e+01 4.96510498e+03 3.71293610e+02
 8.05083313e+01 2.84595032e+02 4.52140331e+00 1.55173233e+02
 2.37339096e+02 3.07300690e+02 7.43620544e+02 9.34858513e+00
 3.61507263e+02 3.77151764e+02 1.95259338e+03 6.60488281e+01
 3.16351188e+05 1.68550613e+02 1.87219434e+03 1.26176331e+02
 2.64829681e+02 3.32289398e+02 7.47849060e+02 1.77165527e+02
 5.30581250e+03 2.07486426e+04 9.67143478e+01 8.47463196e+02
 1.23625801e+02 1.73889172e+03 1.18950310e+02 1.29658976e+01
 1.71983261e+02 2.21505219e+02 3.70312012e+02 1.22999670e+03
 1.07263382e+02 1.33415271e+03 7.17881543e+03 1.04821748e+04
 9.80926361e+01 7.39622574e+01 1.57305893e+02 8.03405957e+03
 1.57756912e+02 3.21773224e+02 6.66305847e+02 6.00366745e+01
 3.10834473e+02 4.57253998e+02 2.51807812e+03 1.84866809e+03
 4.76998291e+02 2.47552673e+02 2.06342246e+04 2.82692688e+02
 1.58891464e+02 1.57395477e+02 2.61233716e+03 2.51087112e+01
 6.15010834e+01 2.27629395e+02 2.85737754e+04 4.35929909e+01
 1.25249535e+02 1.38722090e+04 5.45564758e+02 6.47296387e+02
 1.16706908e+00 3.25921118e+03 1.00224658e+03 1.23386383e+02
 1.05542160e+02 1.10085121e+02 2.21424957e+02 2.63683929e+02
 7.23717224e+02 2.16192749e+03 1.36044510e+02 1.02420906e+02
 2.33210547e+03 4.71639557e+02 1.37518323e+03 2.16002899e+02
 6.71117630e+01 3.09107300e+02 1.09289827e+01 1.21186316e+03
 5.27025452e+02 1.46874756e+02 1.11437775e+02 1.89587573e+03
 3.86609314e+02 1.43624664e+02 4.00210785e+02 1.94484619e+02
 2.80667041e+03 2.78097021e+03 5.33114197e+02 1.22199893e+04
 3.05622253e+02 6.55100525e+02 6.87005469e+03 4.45109131e+02
 9.66144104e+02 8.75707321e+01 1.11600525e+02 1.57694495e+03
 3.67073999e+03 1.53799268e+03 1.82066230e+04 1.06789253e+02
 1.18816277e+02 6.28406348e+03 1.98632736e+02 1.26841484e+02
 2.10530594e+02 5.10148926e+02 5.89461289e+04 1.20582457e+01
 1.72717285e+02 3.05580884e+03 1.70192334e+03 5.91887390e+02
 7.88316956e+02 1.35422920e+04 3.07068787e+02 1.62429188e+05
 5.42088928e+02 5.96669655e+01 1.35119751e+02 1.76186966e+02
 8.93931250e+04 1.99577957e+02 2.68963062e+03 3.58280975e+02
 2.11525307e+01 2.07636641e+05 2.17596466e+02 9.16352600e+02
 6.23312744e+02 2.09817539e+04 4.75740662e+02 5.32594727e+02
 1.06989441e+03 1.87704102e+02 3.37652417e+03 1.20896980e+02
 8.19299011e+02 8.30499878e+02 2.29720184e+02 3.22139835e+00
 1.79021194e+02 1.31795639e+02 3.19222626e+02 6.03778931e+02
 1.32730270e+02 2.10330597e+02 2.80234314e+02 1.31256653e+02
 2.08526657e+02 3.44348999e+02 1.51092896e+02 4.67663330e+02
 6.08374512e+03 3.64634668e+03 1.09126648e+02 4.26008240e+02
 1.10936218e+03 3.03278735e+03 5.06350174e+01 5.94904480e+02
 3.62906494e+02 5.20459137e+01 2.46147064e+02 4.03028755e+01
 6.90620575e+01 9.05599594e+01 1.49189056e+02 8.56000732e+02
 9.26494446e+02 9.80751709e+02 4.16803284e+02 6.99795303e+01
 7.26628320e+03 1.65969739e+03 2.14517273e+02 6.13194641e+02
 4.00508594e+03 1.03902661e+03 5.77281055e+03 3.44247864e+02
 1.17681116e+03 3.32555640e+03 2.27523010e+02 1.16318832e+02
 1.34499094e+05 3.96899170e+02 1.92535492e+02 2.03588364e+02
 9.39708900e+00 1.16693756e+02 3.99043823e+03 3.08732697e+02
 3.16283447e+02 1.17997485e+03 7.16658783e+01 3.25416443e+02
 1.42767419e+03 2.31918640e+02 7.58900938e+04 1.63885559e+02
 1.43217117e+02 5.40350342e+02 4.26009552e+02 1.72883130e+03
 1.26211796e+01 8.35649292e+02 6.04397278e+02 4.06242798e+02
 7.31832504e+00 4.90265625e+04 1.17483406e+02 7.02163696e+01
 4.01401550e+02 2.45221649e+02 2.68626862e+02 2.92599854e+02
 4.33148398e+04 2.81700897e+02 7.38462448e+01 1.96738144e+02
 1.69550171e+02 1.31022415e+02 1.45313940e+03 1.32438745e+03
 5.02175391e+03 3.74792297e+02 5.54863281e+02 1.50269951e+04
 2.23929004e+03 2.80753845e+02 5.14503708e+01 4.37981750e+02
 4.73742065e+02 2.49022430e+02 3.57133838e+03 1.31357898e+03
 2.93330109e+02 4.78857040e+00 3.52068359e+03 8.12982178e+03
 3.61930580e+01 1.06714453e+03 9.81427479e+00 3.33820557e+02
 1.71431961e+02 2.64057068e+02 4.83408813e+02 4.25689331e+02
 7.97688110e+02 4.12237305e+02 7.22558823e+01 3.60125580e+02
 2.91084671e+01 1.53781309e+01 2.18469437e+02 9.55144104e+02
 3.92060272e+02 6.57594452e+01 1.11850891e+03 3.71949805e+04
 2.49590625e+03 1.77755334e+03 2.43098496e+04 5.32230530e+02
 2.14092445e+01 4.57016296e+02 4.75205586e+04 4.90352402e+01
 1.05511093e+02 2.12994278e+02 4.45323181e+02 2.37017432e+03
 6.16346680e+02 1.36912140e+02 8.17508545e+01 2.05439911e+01
 3.84629669e+01 1.47190723e+03 3.32271088e+02 1.14386973e+04
 6.70737762e+01 2.07402374e+02 1.57044324e+03 1.63152673e+03
 2.74474463e+03 5.82000084e+01 7.34092026e+01 1.76603653e+02
 2.86519531e+03 8.96146011e+01 6.54849243e+01 2.72158081e+02
 2.62130280e+02 2.00762871e+04 3.44626373e+02 5.71695117e+03
 2.05970325e+01 1.56138321e+02 8.05593109e+01 1.08751074e+03
 1.62860992e+02 2.77601532e+02 1.33451318e+03 1.21267798e+03
 4.31880432e+02 4.74137878e+02 1.54952927e+02 7.49127884e+01
 2.56357910e+03 3.59396820e+02 2.13576202e+02 1.19731958e+03
 1.84290894e+03 2.11270918e+04 1.44056412e+02 2.04159316e+04
 7.30465454e+02 1.48455615e+03 6.17171289e+03 2.17977581e+01
 2.25580225e+03 1.62095383e+02 4.29078086e+04 9.19570312e+02
 1.55296802e+03 1.53870834e+02 5.41316284e+02 2.37244614e+02
 1.40879242e+02 4.56128320e+03 3.14460693e+02 7.40396875e+03
 5.24365508e+04 3.78261035e+03 7.69314880e+01 3.79337158e+02
 1.32543076e+02 1.37131165e+02 1.89494116e+03 1.36781897e+03
 1.13325989e+03 3.65697327e+02 2.65118752e+01 6.42349304e+02
 3.13004730e+02 8.98458359e+04 1.08508438e+02 1.31689789e+02
 5.50971992e+04 6.71826367e+03 1.50703650e+03 2.03863373e+02
 1.48890979e+03 1.03321606e+03 8.81672791e+02 2.32847061e+01
 2.10958969e+02 2.61402802e+02 6.43659302e+02 1.26113232e+03
 2.62367706e+02 4.58237158e+03 1.17379797e+03 7.42180115e+02
 5.06719780e+01 5.64569641e+02 5.04812279e+01 1.40006027e+02
 2.03935767e+03 4.86473145e+02 2.73307556e+02 5.99724512e+03
 9.20731689e+02 2.65830322e+02 7.07190063e+02 3.19331299e+03
 3.67374969e+02 2.33916378e+01 2.18044434e+04 2.74313751e+02
 2.44252686e+03 3.86185742e+04 1.09763062e+02 2.65022919e+02
 1.10237595e+02 6.77311279e+02 1.34781189e+03 4.44051300e+02
 3.33205347e+03 5.58485718e+01 1.00671472e+03 4.08194733e+02
 2.45810938e+04 2.03786377e+02 5.39828491e+01 5.86593132e+01
 1.44059082e+02 2.86864746e+02 6.16242371e+02 1.91797333e+02
 1.29970993e+02 4.05811554e+02 8.01488586e+02 1.06835657e+03
 1.79264908e+02 1.71133759e+02 2.92521038e+01 3.14334259e+01
 8.73945007e+02 2.72621465e+04 2.68908594e+03 3.14856567e+01
 9.00824646e+02 1.50916656e+02 3.06875671e+02 9.05185699e+01
 6.14399231e+02 8.50498169e+02 1.30631927e+02 5.71425552e+01
 5.99146924e+03 1.40537427e+03 1.73085709e+01 3.89062012e+02
 1.14890852e+05 1.05927380e+03 1.12554321e+03 4.53767609e+02
 1.07413368e+02 1.67183164e+04 1.24258557e+03 2.63382721e+00
 1.23075859e+04 7.20191641e+04 5.11048706e+02 8.40522385e+00
 1.69455444e+03 1.31884531e+04 3.44005157e+02 2.69731812e+02
 3.13519211e+01 3.43866547e+02 2.35067200e+02 2.03547827e+03
 1.79135483e+02 5.32185860e+01 2.71249298e+02 3.60706128e+03
 1.86148911e+02 4.20275574e+02 5.99281120e+01 1.33406086e+01
 1.50466248e+03 2.95019501e+02 6.78934097e+01 1.27841272e+03
 1.29194550e+02 2.29149723e+01 9.85320282e+01 4.32785791e+03
 6.73671631e+02 1.60250305e+03 3.47859917e+01 3.16544023e+04
 2.59121490e+02 1.78581523e+04 2.25862854e+02 2.58286816e+03
 2.63493988e+02 3.71552051e+03 2.79102285e+04 5.56041031e+01
 8.14346886e+00 3.41420021e+01 8.48404688e+03 4.75950635e+03
 1.52274582e+02 1.33654891e+05 1.36441982e+04 5.81795425e+01
 1.28781387e+02 5.17740540e+02 6.73222595e+02 7.58424866e+02
 1.23723068e+02 2.70226227e+02 3.89201202e+02 1.07455582e+02
 6.03270149e+01 4.17611664e+02 5.45439606e+01 3.07172585e+01
 5.30654335e+01 3.75227710e+03 5.35384766e+02 4.62721100e+02
 4.81638031e+02 2.49287918e+02 2.26681793e+02 9.84884094e+02
 5.77078979e+02 2.81960602e+02 1.92569199e+02 8.24549902e+03
 2.74102832e+03 1.79871292e+01 1.42178162e+02 2.22397018e+02
 2.02626083e+02 1.04324707e+02 7.79456482e+01 1.93394985e+01
 4.45279388e+01 3.43524963e+02 2.78122864e+02 9.01599808e+01
 2.24631191e+04 4.85588379e+03 1.41276843e+03 3.49242065e+02
 4.39941992e+03 1.11370715e+03 3.36618073e+02 1.29007544e+03
 1.76287830e+03 5.40616226e+01 6.16991653e+01 1.84346954e+02
 2.06239502e+02 1.62512100e+02 1.42297409e+02 5.47996973e+03
 3.15517041e+03 4.96489029e+01 7.15711172e+04 3.61422388e+03
 1.06754517e+03 1.34675873e+02 2.19629785e+03 9.05650787e+01
 2.24153540e+03 1.51399365e+03 1.58894861e+03 1.53167206e+02
 1.48159622e+02 4.41465942e+02 1.49395273e+04 8.01597107e+02
 7.84984009e+02 1.19996399e+02 3.37063255e+01 1.48691345e+02
 1.22056873e+03 1.02728149e+02 7.81801953e+03 7.61782990e+01
 7.27183655e+02 3.12962770e+00 1.35662073e+03 2.09631363e+02
 2.35849869e+02 3.45895752e+02 1.69692474e+02 1.45982080e+03
 2.42168530e+03 4.96781860e+02 5.35002380e+02 2.35741749e+01
 2.01189258e+03 6.54037046e+00 3.19832172e+01 4.85376831e+02
 2.52527145e+02 2.65091309e+03 2.26486206e+03 6.20252686e+01
 4.25067688e+02 2.59474365e+02 2.36239258e+03 3.46482269e+02
 3.39363208e+03 2.21998691e+04 7.78451385e+01 3.82632217e+01
 1.40918625e+02 1.64397285e+04 9.31933044e+02 3.11134491e+02
 7.54455078e+03 2.15145554e+02 1.54479660e+02 1.41554553e+03
 1.96107690e+03 6.79558228e+02 1.86549011e+03 1.43027747e+03
 1.36973969e+02 6.31094922e+03 2.55898239e+02 1.35136688e+02
 4.03260727e+01 8.86548340e+02 6.82699661e+01 8.07896957e+01
 1.11978113e+03 3.81655615e+03 4.28713184e+03 6.37186670e+03
 1.24567603e+03 2.36471405e+02 2.35401196e+03 3.49479156e+02
 3.33985626e+02 8.38830811e+02 6.33986641e+04 1.65956070e+02
 2.91302460e+02 6.72171265e+02 1.90100418e+02 7.10018799e+02
 2.31177953e+05 2.50207916e+02 3.06553223e+04 1.93924988e+02
 3.65278935e+00 4.23928802e+02 1.03873376e+03 3.52834351e+03
 7.75432922e+02 5.99867676e+02 2.66602710e+03 3.69331543e+02
 1.29782739e+03 1.96540918e+03 2.35768021e+02 1.77849701e+02
 3.73031079e+03 6.57880859e+03 5.94423218e+02 3.42720874e+03
 1.97683701e+02 1.60634125e+02 3.09068356e+01 4.29576270e+03
 7.23434830e+01 1.29834457e+02 1.75057507e+03 8.31829895e+02
 6.71756287e+01 3.43236115e+02 1.38689863e+04 2.26329056e+02
 4.94537903e+02 1.91396149e+02 3.34102753e+02 2.81555176e+03
 1.50017044e+02 1.40343002e+02 6.34884705e+02 2.28724045e+02
 2.26981003e+02 7.00711594e+01 2.67166473e+02 3.10197998e+03
 1.23495374e+03 1.08753589e+03 4.73079071e+02 1.42325195e+02
 8.76829395e+03 2.19300934e+02 2.42285840e+03 3.98788086e+02
 9.98600403e+02 2.37417068e+02 1.42131946e+03 7.79228516e+02
 5.16602966e+02 2.89145264e+02 1.71252185e+03 3.18915619e+02
 4.79574127e+02 4.48143408e+03 2.15349369e+01 5.07010254e+02
 3.74532135e+02 1.69556595e+02 2.05486475e+03 3.37589294e+02
 1.70427734e+02 9.20762207e+02 1.62204254e+02 7.21255188e+02
 5.90209717e+03 5.06568260e+01 3.83085718e+03 1.49472473e+03
 8.10515991e+02 5.86103943e+02 5.72264771e+02 1.63554916e+02
 1.23141016e+03 1.35826813e+02 4.57269470e+02 5.19696083e+01
 1.57561218e+02 2.79835645e+03 9.19931543e+03 1.13166939e+02
 1.06736133e+03 3.61630096e+01 6.00440407e+01 1.59934464e+02
 2.19513321e+02 3.29009491e+02 1.22102371e+02 7.29257141e+02
 2.44337280e+03 4.89209863e+03 2.54298569e+02 2.16638199e+02
 2.38654053e+02 2.22238800e+02 3.58849884e+02 1.13069470e+03
 2.87411346e+02 5.44114868e+02 7.57330322e+01 6.56637207e+02
 9.12618164e+02 2.24649841e+02 3.40915192e+02 4.17055878e+02
 1.68022522e+02 8.74123047e+02 2.13769873e+03 1.33481653e+03
 1.89448593e+02 1.78969040e+02 1.14980339e+02 1.18079185e+02
 2.17875900e+02 1.94983597e+02 2.32310471e+02 2.92002821e+00
 1.88454926e+02 4.83381396e+03 2.12109937e+03 2.50612915e+02
 4.75730713e+02 2.39947021e+02 1.44462341e+02 2.48589462e+02
 1.18849724e+02 4.05650696e+02 7.19377197e+02 8.06880035e+01
 4.13051117e+02 1.91803665e+02 6.20535240e+01 9.70708203e+03
 9.37574805e+03 3.05963402e+01 3.90491211e+02 2.61610864e+03
 1.23669418e+02 1.43866577e+02 7.74694397e+02 2.84227875e+02
 1.24585861e+02 4.83202393e+02 1.52217493e+01 1.55498486e+03
 8.21024704e+01 1.42896593e+00 6.54041382e+02 1.33425537e+04
 2.92461182e+02 6.86605774e+02 6.27289746e+03 3.05485504e+02
 3.56674927e+02 3.68550625e+04 2.22645447e+02 5.04460144e+02
 1.51963733e+03 4.13567017e+02 1.02983115e+04 1.17571152e+02
 1.10829559e+02 6.00524658e+02 2.35098706e+03 7.00315674e+03
 1.17797881e+04 9.91743652e+02 9.02870865e+01 3.73880219e+02
 1.68924658e+03 2.98635529e+02 3.17669739e+02 5.89095947e+03
 1.42142668e+01 4.29283966e+02 1.11708813e+03 2.65960175e+02
 2.15694790e+01 3.01040723e+03 1.15691833e+03 3.42672333e+02]
