[1.63958688e+06 3.88851406e+04 3.19413828e+04 8.93517812e+04
 3.91487594e+05 5.15257719e+05 5.13645820e+04 5.31913188e+05
 8.45158125e+04 2.23087953e+05 1.90259922e+04 4.35391531e+05
 2.39819275e+06 4.94440381e+03 2.07069019e+03 5.49110859e+04
 4.22106312e+05 1.47115908e+04 4.81423320e+04 3.76318320e+04
 1.54038859e+05 2.52373887e+04 1.15699550e+07 2.21034619e+03
 2.19613027e+04 2.03121453e+05 4.19069325e+06 1.90642312e+05
 9.27371641e+04 2.19526523e+04 2.47546859e+05 3.25221188e+05
 5.23648844e+05 3.39247339e+03 1.21454925e+06 1.01046578e+05
 4.27826156e+05 4.92855156e+04 1.97493926e+04 1.28780688e+05
 2.60610900e+06 1.27248438e+06 7.69381172e+04 3.02678969e+05
 2.33567305e+04 2.27170483e+03 8.70715561e+01 2.94751387e+04
 1.55542734e+05 1.18718633e+05 1.15908076e+04 4.17023047e+04
 3.46443281e+04 2.58766725e+06 4.33289062e+03 1.36960609e+05
 6.63572266e+04 3.39109475e+06 1.05315338e+06 2.38104000e+05
 1.92322109e+05 3.11086157e+03 8.64835391e+04 3.51557734e+04
 9.32601641e+04 3.18052188e+04 2.55517344e+04 7.46426709e+03
 3.43120352e+04 2.36570275e+06 3.17004199e+04 8.44498125e+04
 2.05982000e+05 1.28497998e+04 2.30222984e+05 2.14585527e+04
 1.22980422e+05 3.83253719e+05 8.46677441e+03 1.71168012e+06
 1.00798242e+05 3.12119844e+05 3.60195039e+04 3.37874844e+04
 2.54541984e+05 1.14292999e+02 1.76717953e+05 3.21927515e+03
 1.06692578e+04 6.99644188e+05 1.92614688e+05 1.02227181e+06
 1.41371656e+05 1.35736141e+05 1.13699188e+06 1.79881250e+05
 4.97119570e+04 4.05223906e+04 1.17855475e+06 1.34269268e+04
 1.29325469e+05 5.07185375e+05 1.38941312e+05 1.17702266e+05
 8.64317188e+03 1.57018797e+05 1.55451953e+05 3.70091156e+05
 3.23405518e+03 1.81413730e+04 2.63600719e+05 1.55850888e+06
 1.62323828e+04 1.31393875e+05 5.03097750e+05 1.56368393e+02
 3.21857441e+04 6.58913688e+05 6.84572938e+05 7.20950156e+04
 1.77943848e+02 9.66743906e+04 2.99617875e+05 4.47503500e+06
 4.29155820e+04 4.32656152e+03 4.28201025e+03 1.35318516e+05
 1.07080367e+05 1.00048898e+05 3.35288633e+04 3.50448389e+03
 2.48695094e+05 1.31948281e+05 2.63223781e+05 9.68137500e+03
 5.47067812e+05 3.92137109e+04 6.34140156e+04 1.39317641e+05
 2.65496062e+05 3.16144031e+05 7.48396312e+05 8.99488379e+03
 4.98364648e+04 1.74404355e+04 2.58228652e+04 1.16205825e+06
 2.05025525e+06 3.95984125e+05 1.34665656e+05 6.50035522e+02
 6.73092188e+03 2.79868223e+04 3.15136523e+04 8.71904453e+04
 8.45097578e+04 3.58938775e+06 5.60988574e+03 1.32769412e+06
 1.24671138e+06 1.37545797e+05 7.54864922e+04 4.05103076e+03
 2.04130891e+05 3.48287656e+04 3.65275312e+05 3.20132781e+05
 5.58154023e+04 2.64171938e+05 2.36227234e+02 2.86508472e+03
 1.12652661e+03 3.82555117e+04 2.91974512e+04 1.03889000e+05
 6.13922803e+03 1.72069551e+04 2.17268438e+05 2.76428219e+05
 1.91763250e+05 2.98655898e+04 1.57919490e+07 2.53489121e+04
 1.49388391e+05 1.70464038e+03 7.76449609e+03 7.87280859e+04
 1.86994348e+03 4.65397930e+04 2.35686281e+05 1.41069812e+05
 2.67797656e+03 1.24089766e+05 1.58655762e+06 3.00619049e+02
 1.78467148e+04 1.95590588e+03 1.51840047e+05 1.75344656e+05
 4.36395508e+04 1.26178578e+05 1.14661680e+05 3.79564868e+03
 1.82852402e+04 2.31273650e+06 2.25072906e+05 3.10914812e+05
 1.22488375e+05 1.23084203e+05 9.51009082e+03 3.15087305e+04
 2.22402516e+05 2.38664609e+04 2.33252359e+05 8.34479766e+04
 2.55661266e+05 6.51474492e+04 1.07909156e+05 1.90574453e+04
 3.80088633e+04 9.91165078e+04 1.31260609e+05 7.84386625e+05
 2.86758688e+05 1.16398758e+05 2.72225000e+03 4.38522266e+04
 8.03462656e+04 1.49544700e+06 2.26970812e+05 1.48560664e+04
 9.18253594e+04 1.39078547e+05 6.79460469e+04 1.01050225e+04
 3.69852814e+02 6.61818438e+04 1.35054541e+04 4.72307617e+04
 6.95044125e+05 1.40635376e+03 2.30796300e+06 7.09938062e+05
 2.13581523e+04 4.35649656e+05 5.06681580e+02 1.07365188e+05
 4.74244180e+04 1.00647100e+07 2.41069180e+04 1.59684075e+06
 7.73796021e+02 8.28329688e+04 8.15538906e+04 8.51149453e+04
 2.59619359e+05 1.04692334e+04 1.49146460e+03 2.75889339e+01
 8.71859938e+05 4.99960562e+05 3.05607350e+06 4.60221953e+04
 7.69803047e+04 1.57758026e+02 1.04551969e+05 1.79732227e+04
 1.10111727e+05 1.55646094e+04 2.31468164e+04 1.78221688e+05
 3.36036865e+02 2.37358027e+04 8.57883972e+02 1.25308266e+02
 4.38587000e+06 3.14669975e+06 4.23373688e+05 2.17414469e+05
 1.95458203e+04 5.42824188e+05 5.43811953e+04 7.34773047e+04
 3.80629766e+04 1.74078688e+05 3.86201250e+05 5.60932739e+02
 4.44455518e+03 9.02723312e+05 9.28185200e+06 1.27655801e+04
 8.66422656e+04 9.38673594e+04 2.59735957e+04 3.19488208e+03
 3.96143047e+04 7.12189062e+04 7.24695781e+04 2.78489648e+04
 5.12843633e+04 1.09140992e+05 3.10254656e+05 1.77490453e+05
 3.67582688e+05 5.10728600e+06 1.49906553e+04 2.45739675e+06
 2.10284570e+04 1.80377906e+05 1.38466133e+04 8.58920801e+03
 6.20462562e+05 2.59431359e+05 3.41061641e+04 7.11800547e+04
 3.41088281e+04 1.33158338e+06 1.35721906e+05 5.38279062e+04
 7.48639141e+04 5.57114562e+05 5.13911500e+05 5.02655531e+05
 3.83049297e+04 8.79374609e+04 7.23865250e+06 5.44112656e+04
 3.84321031e+05 8.14902979e+03 1.75412129e+04 7.60168047e+04
 1.84791523e+04 2.48468000e+05 1.27020484e+05 1.01327788e+06
 3.93797383e+04 3.22719590e+04 3.81931719e+05 5.99130859e+04
 3.81859570e+03 6.65712688e+05 1.04218945e+05 3.20517266e+04
 3.40432104e+03 1.08175391e+05 8.60156250e+04 1.71331703e+05
 5.97750688e+05 2.42904175e+03 1.69265062e+05 1.16785250e+06
 1.07369473e+04 1.19081891e+05 3.35557578e+04 1.07466797e+04
 1.85998625e+06 3.24527759e+03 2.45308688e+05 6.09283750e+05
 3.78501680e+04 1.18219539e+05 6.43782500e+04 5.20392070e+04
 1.26814712e+06 1.23446850e+07 2.92996188e+05 9.27507520e+03
 2.31893050e+06 2.00179609e+05 3.92716344e+05 5.55616000e+05
 1.08887612e+06 1.16834688e+05 3.68737578e+04 1.28079484e+05
 5.80362100e+06 1.60976391e+05 2.05946074e+04 1.12054385e+04
 3.92898047e+04 1.97339406e+05 4.58079438e+05 3.54373219e+05
 6.49619805e+04 6.00587188e+05 1.65152359e+05 8.57223516e+04
 3.36836344e+05 4.80187695e+04 1.08571288e+06 8.67961884e+01
 9.75286816e+03 1.00841357e+03 2.78400438e+05 1.73276934e+04
 1.16610734e+05 2.58441350e+06 1.71825391e+05 5.35804875e+05
 1.02629031e+05 4.88940531e+05 1.76327285e+04 1.77764805e+04
 1.03004775e+06 2.45291953e+05 8.06342871e+03 1.97961281e+05
 2.39268040e+07 3.23059121e+04 1.33408906e+05 6.62411000e+05
 8.58083672e+04 1.90768887e+04 1.05290498e+04 1.13866800e+06
 2.66702100e+03 6.94154125e+05 4.79504531e+05 1.11443594e+04
 4.32710469e+05 1.86033453e+05 7.63652734e+03 4.86802562e+05
 9.76841016e+03 1.08947070e+05 8.92066000e+05 1.51889014e+04
 7.04817031e+04 1.82916016e+04 3.17626685e+03 7.72811625e+05
 8.89294141e+04 1.49062312e+06 9.62829102e+03 9.67172422e+04
 3.30616289e+04 1.73506851e+02 1.65650609e+05 2.57619453e+05
 4.32091680e+04 3.25988000e+05 3.36921594e+05 6.01772227e+04
 5.94142031e+04 2.99620087e+02 2.66977910e+04 2.37551609e+05
 1.08551586e+05 4.57092906e+05 1.71505922e+05 8.33442500e+05
 2.73104219e+04 3.42773719e+05 1.34514297e+05 3.42963477e+04
 1.94960107e+03 9.13699141e+04 2.07241703e+05 2.42036890e+03
 5.47743799e+03 2.14480781e+04 3.91663403e+03 1.34798369e+04
 2.00032906e+05 3.64134336e+04 1.15950773e+05 1.09606398e+05
 4.07080391e+04 7.82983359e+04 1.30775969e+05 1.73446312e+05
 4.84559375e+04 1.35067719e+05 2.18887598e+03 6.04248984e+04
 1.32942441e+04 7.70575703e+04 4.24495078e+04 5.82938672e+04
 1.92119199e+04 6.07750188e+05 2.66232031e+05 3.10988223e+04
 1.06545969e+05 4.84258156e+05 1.54511438e+05 6.49762812e+05
 5.11635820e+04 3.25154062e+05 1.31544824e+04 3.73861750e+05
 7.32447571e+02 7.34351904e+03 4.07852905e+03 2.55117246e+04
 2.46224922e+04 3.02478250e+06 7.09422578e+04 2.17277281e+05
 8.54784277e+03 5.63551992e+04 5.57118375e+05 2.33801343e+03
 1.82797095e+03 8.58342031e+04 6.41394922e+03 1.52111828e+05
 3.71456750e+05 1.06475539e+05 1.29610781e+05 5.47194180e+04
 3.39179102e+04 1.18434070e+05 2.97574625e+05 1.13702703e+05
 2.32506816e+04 2.30153760e+03 1.03041297e+05 4.96234688e+04
 9.83631328e+04 6.57327350e+06 4.85818555e+04 6.54911875e+04
 1.03086044e+06 3.58445469e+04 2.92927109e+04 1.23120141e+05
 3.10259741e+03 6.39038359e+04 9.64969849e+02 4.70864727e+04
 3.67828052e+03 1.77645766e+05 2.40332227e+03 6.29723398e+04
 5.79390674e+03 6.70193375e+05 2.05062578e+04 4.80985844e+05
 3.28228938e+05 1.36872320e+07 9.85280469e+04 6.88199585e+02
 7.68423438e+04 1.65379333e+02 4.91764656e+05 1.69004102e+04
 2.07740050e+06 4.79426445e+04 9.58180542e+02 3.24406719e+04
 4.74732227e+04 3.66849025e+06 1.09803672e+04 1.83973725e+06
 2.10745449e+04 4.25915088e+03 6.98438359e+04 7.39956953e+04
 1.85719275e+06 6.04485898e+04 2.10623008e+04 3.10547812e+05
 2.16927734e+04 3.30623219e+05 1.00878492e+05 3.50591625e+06
 7.95603750e+04 3.16743281e+04 1.14323602e+05 2.22641266e+05
 1.46993100e+06 2.87742125e+05 7.31076000e+05 1.12496725e+06
 7.49163203e+04 1.21606156e+05 8.21179297e+04 9.59683438e+04
 5.50482700e+06 7.72667847e+02 2.18525425e+06 1.87448848e+04
 1.03248925e+06 2.84927200e+06 6.81013672e+03 1.70487910e+04
 2.54072637e+04 1.46765701e+02 4.31308438e+04 4.16076250e+04
 8.91857578e+04 2.57340172e+05 6.42324121e+03 6.47998875e+05
 7.45079453e+04 1.01449658e+04 9.29209766e+04 7.68241797e+04
 6.59923125e+04 3.51748398e+04 1.16693439e+01 1.43011025e+04
 3.43339875e+05 4.39054961e+04 2.44394395e+04 1.35983906e+05
 2.26965020e+04 1.72302406e+05 2.46198730e+04 1.29359242e+05
 1.61825732e+04 7.94868203e+04 6.13404922e+04 1.80741453e+05
 2.13169700e+06 1.62170375e+05 1.04230453e+05 3.85806750e+05
 5.73648359e+04 5.89862250e+05 2.74374719e+05 1.47523750e+04
 3.20436062e+05 2.09977391e+05 8.51940438e+05 6.70873438e+04
 2.01994702e+03 6.68601221e+03 7.58151514e+03 9.54610391e+04
 6.84747168e+03 5.49838250e+05 5.45148164e+04 3.68816992e+04
 2.58477109e+05 1.06906436e+04 9.20924219e+03 3.19182156e+05
 2.32648750e+05 4.04930875e+05 8.92561484e+04 3.93201016e+04
 2.03291820e+07 2.32228184e+04 4.92005281e+05 1.15850303e+04
 3.53000352e+04 2.29212227e+04 8.33757344e+04 1.11374156e+05
 9.13881406e+04 2.89982441e+04 2.11497891e+05 2.66679906e+05
 1.40198969e+05 4.76161844e+05 1.86597266e+04 1.12218347e+03
 4.87045557e+03 2.73216969e+05 1.00021305e+05 1.62040107e+04
 3.18650656e+05 1.20562537e+03 2.96506484e+04 4.95165312e+04
 2.73897438e+05 1.12237203e+05 1.38200049e+04 3.47963047e+04
 1.99901270e+04 8.50488250e+05 1.93503562e+05 6.26613000e+05
 7.87419556e+02 1.18347055e+05 4.69511281e+05 1.26844434e+04
 3.12788354e+03 3.53603438e+04 1.54571201e+04 1.24979238e+04
 2.07008547e+05 1.43271260e+04 9.84995312e+03 1.44237550e+06
 5.16289492e+04 8.69441797e+03 2.09428625e+05 5.77065438e+05
 3.44860250e+05 9.01543984e+04 3.31579895e+02 4.42226758e+04
 1.98655500e+05 3.95798398e+04 9.01581573e+01 8.36739648e+03
 4.95824219e+03 7.82215000e+04 8.93519470e+02 4.00024341e+03
 5.92969141e+04 4.26828625e+05 1.29698730e+02 6.12691836e+04
 5.78831250e+03 4.00235430e+04 3.12473867e+04 1.08584023e+05
 1.45009200e+06 4.69496797e+04 7.76203312e+05 6.06397891e+04
 1.06843188e+06 1.18308411e+03 6.17269092e+03 2.27622617e+04
 1.30930078e+04 2.69167949e+04 7.42897656e+04 1.92042875e+06
 3.80581875e+04 1.88376367e+04 4.96067500e+05 1.28794088e+06
 1.10730516e+05 2.14119906e+05 1.20036820e+05 3.46844766e+04
 7.96889812e+05 6.32454938e+05 1.48798538e+06 9.57470625e+04
 4.07298125e+04 2.94687969e+04 1.47165172e+05 1.44808288e+06
 7.95913688e+05 7.69128594e+04 1.69685977e+04 1.58855344e+05
 3.09373312e+05 5.07663094e+05 1.50009320e+07 3.52867156e+05
 3.26610376e+03 5.67431211e+04 2.18425500e+05 1.94273867e+04
 1.93435234e+05 3.88030664e+04 1.47803154e+04 1.78246838e+03
 1.96251344e+05 2.09244648e+04 5.94339062e+05 6.37461914e+04
 9.47169375e+04 1.16418133e+05 2.08665352e+04 2.50504578e+05
 1.57666500e+05 1.06714639e+04 4.89487988e+03 8.93215332e+03
 6.18988398e+04 5.31498812e+05 1.24905638e+06 5.74127125e+05
 8.31508438e+05 1.11761500e+05 2.55182886e+03 3.08572441e+04
 8.76358398e+03 5.61557461e+04 3.73003711e+04 3.72135977e+04
 2.81227285e+04 5.19519922e+04 1.81972402e+04 6.76219543e+02
 2.92982188e+04 5.03283250e+05 3.59827406e+05 1.70534316e+04
 2.89702227e+04 2.57190800e+06 1.49687451e+03 4.83080469e+05
 6.37372812e+04 2.78403000e+05 8.62507375e+05 3.14155898e+04
 7.84768125e+05 2.35278344e+05 4.67434219e+05 2.43060531e+05
 1.36952531e+05 3.02108066e+04 8.02338906e+04 1.71869016e+05
 2.01572852e+04 3.45076641e+04 5.65630875e+05 1.48332483e+03
 5.74521094e+03 1.39729209e+04 5.32074062e+04 6.28401074e+03
 1.56457412e+06 2.48087930e+04 4.78184883e+04 1.11096084e+04
 7.83308838e+03 2.79107930e+04 4.86825406e+05 3.74229031e+05
 7.31068438e+05 2.89093809e+04 2.29183750e+06 6.76354370e+02
 1.76862375e+06 2.77427031e+05 1.86093965e+04 1.34125700e+06
 1.78751113e+04 8.49245850e+02 2.54071375e+05 1.25643888e+06
 2.96449906e+05 1.93420922e+05 8.24077087e+02 5.71529453e+04
 2.58235957e+04 9.28267969e+03 2.70215312e+05 2.50245117e+04
 1.71320544e+03 9.94808125e+04 1.02405781e+05 2.03043453e+05
 4.52306523e+04 2.49266602e+04 3.60206844e+05 3.13748706e+03
 5.10023145e+03 3.24889258e+03 8.26850625e+05 2.63762312e+05
 1.76645117e+04 2.06315422e+05 1.01052588e+06 4.06529825e+06
 5.14356094e+05 5.10117688e+05 6.16260400e+03 5.82045557e+03
 2.42582125e+06 6.12390812e+05 5.63560600e+06 7.57689922e+04
 1.56985594e+05 4.02986230e+03 1.49272188e+04 1.58735029e+04
 3.09186062e+05 6.06853613e+03 1.38255425e+06 4.11001055e+04
 2.06579375e+06 1.29051555e+05 7.33538516e+04 3.12620508e+03
 5.47169971e+03 2.44822234e+05 3.99518438e+04 1.93787969e+04
 9.03191406e+04 6.96560938e+03 5.05707422e+04 3.60726654e+02
 2.23253125e+06 2.20235254e+03 8.10762625e+05 2.04282012e+06
 1.08261970e+07 4.52103656e+05 6.18141553e+03 1.03542266e+05
 3.91726656e+05 1.20458223e+04 3.18159180e+04 8.94016406e+04
 1.66340438e+05 6.35622383e+04 8.39172812e+04 1.49297175e+06
 2.10572562e+05 4.26910078e+04 1.61581555e+03 1.66036289e+04
 1.54506018e+03 8.21568359e+04 5.03384062e+04 6.11139625e+05
 3.01014863e+04 5.34761133e+04 5.76504199e+03 2.36202578e+05
 2.96722500e+05 8.89900859e+04 5.86812969e+04 6.27300508e+04
 1.44998797e+05 3.58182469e+05 1.17319746e+04 1.13421352e+05
 1.33652112e+06 1.06060633e+05 3.95467656e+05 9.50290859e+04
 2.76085840e+04 9.51310375e+05 1.69078828e+05 3.14482325e+06
 1.79100219e+05 2.73594594e+05 4.52065859e+04 5.15008154e+03
 1.40341836e+04 1.44528955e+03 4.35439375e+05 3.30564844e+04
 3.41919098e+02 1.72274961e+04 1.45526922e+05 1.85212094e+05
 7.35195750e+05 8.89720215e+03 5.48987344e+04 1.94830977e+04
 5.82318477e+04 4.47666562e+05 1.96749156e+05 2.75360031e+05
 2.44477547e+05 1.82832070e+04 4.53792719e+05 2.51237700e+07
 3.78169922e+04 2.29593547e+05 1.25735864e+03 6.63369650e+06
 4.06039575e+03 1.68751219e+05 5.19872375e+05 7.18699417e+01
 5.66426680e+04 4.82124062e+04 1.94568906e+04 1.67421141e+05
 2.81510762e+04 8.67172891e+04 8.64110000e+05 2.98578555e+04
 6.09017750e+05 1.08424275e+06 2.49063223e+04 7.89751953e+03
 1.55868545e+04 3.22727875e+05 7.77504453e+04 1.01047672e+05
 1.37978700e+07 5.23574727e+04 4.08223438e+05 2.06888550e+03
 3.56722406e+05 7.83598438e+04 1.91663818e+03 3.72982880e+07
 5.94077188e+04 7.26382750e+05 5.48358459e+02 5.80464883e+04
 7.45184375e+05 3.99882969e+05 1.36401992e+04 1.84153475e+06
 2.03720703e+03 4.81451514e+03 2.66734438e+05 9.06453250e+05
 4.52031104e+03 2.50169922e+03 6.81160059e+03 1.23472383e+05]
549566.06
37298290.0
