[1.78608844e+05 4.90075645e+01 8.59762109e+03 3.08649578e+01
 9.16237869e+01 1.83387737e+01 3.01514149e+00 3.70473125e+04
 2.97063531e+05 1.04112106e+02 9.14895078e+04 1.56432822e+04
 2.40060928e+02 1.67934677e+02 2.14237595e+00 1.00151834e+01
 6.37377090e+01 2.67269592e+01 3.41745312e+04 9.30623535e+03
 3.48484955e+01 1.76139584e+01 1.40709595e+03 2.01014309e+01
 1.69040451e+02 1.51036774e+02 1.31538025e+03 8.81718848e+03
 1.21290459e+02 2.51545162e+01 1.25519814e+02 1.65253620e+01
 1.61242813e+02 7.29189301e+01 7.86733765e+02 3.29058105e+02
 2.52558685e+02 2.75074280e+02 6.55816174e+00 1.27838768e+02
 1.17597815e+03 1.67676071e+02 2.28192978e+02 1.99969196e+01
 7.22337500e+04 4.53853125e+04 1.38926325e+01 2.40778446e+01
 1.68338699e+02 7.09462422e+04 1.07615791e+02 7.09964062e+04
 2.25148010e+02 1.76082375e+05 7.81628113e+01 8.16765022e+00
 1.72905807e+01 1.79596893e+02 5.30278091e+01 2.84672222e+01
 3.35018433e+03 1.11179700e+03 1.38235367e+02 1.14872803e+02
 7.17720337e+01 1.19618851e+02 1.84587803e+01 2.58997746e+01
 5.13115601e+02 6.85352707e+01 4.79983139e+01 6.63844775e+03
 3.78753662e+01 3.94819336e+02 1.41046670e+04 1.87520264e+02
 5.05288623e+03 3.79439592e+00 1.41094681e+02 1.03722778e+03
 4.58808685e+02 8.34884567e+01 2.73472534e+02 2.60836487e+01
 1.05467690e+02 3.76014624e+03 1.05514259e+01 8.11144141e+03
 2.11825012e+02 3.04015352e+04 1.74218254e+01 1.47790088e+03
 1.22328522e+02 5.89778789e+04 2.63935078e+04 8.29391174e+01
 6.67462969e+04 2.76132507e+02 6.89598755e+02 6.56422729e+01
 2.29100037e+02 1.85282109e+04 2.43533783e+01 1.92618675e+01
 2.02614258e+02 3.25198853e+03 1.13603039e+01 1.00973387e+01
 1.16912407e+02 9.75362854e+01 1.76254044e+01 1.09067345e+02
 1.81295074e+02 1.08720802e+02 5.63117676e+01 9.13938980e+01
 9.33838882e+01 7.66847656e+03 1.13678443e+00 1.08895325e+02
 1.51773666e+02 8.08697188e+04 5.30795859e+04 1.67595471e+03
 5.93745264e+03 1.87879717e+00 5.43411713e+01 1.24645293e+00
 1.32539248e+04 1.17951727e+01 6.63595123e+01 4.67750549e+01
 1.09618864e+01 2.33779144e+01 1.64788788e+02 4.12352417e+02
 1.10216393e+02 1.89566650e+01 5.14411163e+00 9.84721756e+00
 9.40036488e+00 8.15379028e+01 2.70620480e+01 3.80610312e+04
 2.06638298e+01 6.49921570e+01 6.26000391e+03 1.89991281e+05
 2.43653857e+03 1.47403359e+05 1.35825699e+02 5.92749977e+01
 7.86885223e+01 5.48098999e+02 9.28695508e+03 1.37044159e+02
 1.29786041e+02 7.71345250e+05 1.92687427e+03 5.45823812e+05
 5.21656456e+01 2.33811932e+01 2.58230316e+02 5.24998975e+03
 9.55896387e+03 1.27649040e+02 5.21805916e+01 1.32599228e+02
 2.39918156e+01 1.54716663e+03 5.17900696e+01 4.46799011e+01
 1.03811543e+04 1.56853760e+02 2.66648064e+01 1.18711273e+02
 1.58083603e+02 6.09369531e+03 1.31622190e+01 7.51134720e+01
 1.06683508e+05 9.04178711e+03 4.96925476e+02 1.31794600e+04
 3.09401062e+02 4.36005829e+02 4.11446594e+02 8.84241333e+02
 1.50461197e+02 4.11158516e+04 7.15235291e+01 5.70223732e+01
 1.05637012e+04 1.98947266e+03 1.90507629e+02 7.01307068e+01
 7.84168906e+04 2.31730072e+02 1.53681625e+02 5.96231728e+01
 1.25235834e+01 8.28044922e+04 2.54965225e+02 1.34101484e+04
 7.15903809e+02 1.66542109e+04 1.83310501e+02 7.49188995e+01
 4.93556976e+01 1.95231211e+04 1.43621778e+00 9.50225372e+01
 6.95557251e+01 2.00529144e+02 6.64453369e+02 3.42067627e+02
 9.81384964e+01 5.90604150e+03 1.78438625e+01 5.68062172e+01
 1.92720734e+02 1.94898930e+01 8.74741592e+01 1.44056763e+03
 1.50324883e+04 3.33428955e+03 2.66403137e+02 1.33120391e+04
 1.00253935e+01 1.22727698e+03 9.14822388e+01 1.30423981e+02
 1.45784180e+02 1.70925903e+01 5.50444238e+03 1.30125537e+04
 2.32792835e+01 6.16559715e+01 2.58599219e+03 7.88384521e+03
 3.29398188e+05 1.10691460e+02 5.31798340e+02 3.29285781e+04
 1.39632082e+00 4.16965759e+02 4.98857031e+04 8.04991226e+01
 2.28885020e+04 1.64687625e+05 6.04752312e+01 4.77398773e+02
 2.77812886e+00 2.48594742e+01 2.72184391e+01 4.81451912e+01
 1.78805742e+04 1.58335114e+02 1.14118004e+01 7.10546036e+01
 8.18133516e+04 4.21271777e+03 2.34349043e+04 4.01182785e+01
 8.26944733e+01 1.94045639e+01 1.87353184e+04 1.03361104e+04
 2.58431567e+03 1.06925049e+02 2.96970024e+01 1.23708410e+01
 1.08909216e+03 2.41507683e+01 3.28520344e+05 1.57366705e+01
 9.71424609e+03 2.54352463e+02 1.81657059e+02 6.59330521e+01
 1.12855995e+02 3.31442383e+04 2.20851460e+01 1.92216812e+02
 2.20968231e+02 4.85588776e+02 1.07150749e+02 1.37904160e+04
 1.02316338e+02 3.25190645e+04 8.80930328e+01 1.37807358e+02
 5.86668789e+04 7.27919922e+03 5.54721031e+01 1.97997684e+01
 9.78354797e+01 4.10039337e+02 4.41099014e+01 6.29435043e+01
 8.66342969e+03 2.41910568e+02 2.04806812e+03 7.99135284e+01
 1.03033188e+02 3.76321055e+04 5.00634537e+01 6.25840508e+04
 1.00468545e+04 5.83318253e+01 5.94588737e+01 6.55972900e+01
 3.29610718e+02 1.49047241e+02 2.62757816e+01 5.88432344e+04
 3.19444790e+01 1.87534078e+05 7.37026215e+01 7.48681488e+01
 1.34578613e+04 7.46422031e+04 2.31173418e+04 1.37478592e+02
 2.49727539e+04 2.41781448e+02 9.46225375e+05 5.05828514e+01
 4.52934723e+02 4.19170410e+02 3.48802643e+02 9.64085083e+01
 6.32416191e+01 2.16866379e+01 1.19685654e+02 2.98875397e+02
 2.23709927e+01 7.58595657e+01 1.43174179e+02 1.38745514e+02
 1.03476849e+01 1.32809609e+04 1.19779100e+01 1.59353172e+05
 5.17049255e+01 2.67889740e+02 6.08866768e+01 5.10838438e+04
 1.64427344e+03 1.34598331e+01 1.19283417e+02 2.34412938e+05
 4.25325813e+01 5.35840469e+04 3.27760620e+02 1.69944107e+02
 2.99785645e+03 5.94811768e+03 4.08703833e+03 9.56389587e+02
 9.04293823e+01 4.23836365e+01 4.74727287e+01 2.23103073e+02
 7.87637573e+02 1.13010725e+06 9.93087695e+03 1.40152039e+02
 3.60800906e+05 1.11063751e+02 3.21155792e+02 1.43093719e+05
 2.34160918e+04 9.01187793e+03 4.03949292e+03 1.31956360e+02
 1.90779277e+04 4.30846214e+00 5.99541817e+01 1.59453220e+01
 7.16250000e+04 8.76149141e+04 3.30518750e+05 2.28262787e+01
 8.65113220e+01 1.01897900e+04 1.85907421e+01 3.39049316e+02
 1.40331921e+03 4.29042145e+02 4.95375824e+02 6.81185150e+01
 5.80335007e+01 1.01007557e+01 3.65967216e+01 4.69348602e+01
 1.10943817e+02 1.02910248e+02 8.23932800e+02 1.05355273e+03
 6.14987106e+01 2.61866760e+01 2.44061680e+01 7.98157837e+02
 1.12054977e+02 3.78733081e+03 4.86432227e+03 4.58354530e+01
 3.75603491e+03 7.08905554e+00 2.41497665e+02 5.60723281e+04
 5.92667725e+03 6.57236481e+01 3.03875513e+03 4.57154961e+04
 3.65989868e+02 1.34908417e+02 7.62818066e+03 2.70629668e+04
 3.74577698e+02 9.77690277e+01 1.28494404e+04 8.51465511e+00
 1.58050518e+01 7.28558960e+02 1.38501266e+02 9.50227661e+01
 4.44784766e+04 2.04284573e+01 2.33389053e+01 1.64049648e+04
 3.17178650e+02 1.50294062e+05 6.76401367e+01 5.87842751e+01
 2.06782112e+01 6.46069824e+02 2.42857452e+02 9.55074951e+02
 3.34529492e+04 2.60480865e+02 6.17814217e+01 2.52931702e+02
 3.16905746e+01 9.13665390e+01 5.84938717e+00 6.55914764e+01
 5.81572800e+01 1.83543350e+02 3.45769684e+02 7.26414014e+03
 1.14882576e+02 1.18218242e+05 2.70133820e+02 2.01554871e+01
 1.03355911e+02 4.48976135e+02 3.34250031e+02 2.78276978e+01
 3.49330475e+02 2.29424706e+01 2.14445686e+01 6.92341156e+01
 5.74303359e+04 2.41887646e+01 1.72841568e+02 1.16277550e+02
 4.02304840e+01 4.80862656e+05 2.16261307e+02 1.39443628e+03
 3.04367371e+02 3.33516159e+01 6.24177971e+01 5.34981875e+04
 1.21155444e+03 1.14616402e+02 6.31420746e+01 7.54123077e+01
 9.31725407e+00 4.39542969e+02 2.25876831e+02 8.49499130e+01
 1.61651402e+01 3.03752930e+02 3.74861646e+00 3.25499125e+05
 3.66217384e+01 6.88000488e+01 3.08155548e+02 1.70390293e+04
 8.94204254e+01 1.50069723e+01 2.35377045e+02 5.27587929e+01
 5.33026314e+01 1.80892938e+05 1.13644012e+02 1.21450630e+02
 8.95400238e+01 4.68192177e+01 4.41604492e+02 5.51188767e-01
 5.99664078e+01 2.28250484e+01 6.18059502e+01 4.02636871e+02
 1.01622219e+01 4.30647545e+01 2.33255558e+01 3.75785858e+02
 1.53413191e+01 1.47187476e+03 1.20964260e+01 2.65446826e+03
 1.39269608e+02 1.13579550e+01 2.94105347e+02 1.88361267e+03
 2.10937920e+01 8.14681335e+02 1.34051582e+04 4.71515479e+03
 5.21676392e+02 6.49746246e+01 4.24289825e+02 8.28701758e+03
 5.82372803e+02 2.60223579e+01 2.83071564e+02 2.10110474e+02
 4.24138756e+01 1.47805967e+01 1.19937812e+04 1.54652815e+01
 1.79881519e+03 4.71551953e+04 2.25814176e+00 4.01679922e+04
 2.34483376e+01 1.24996118e+03 7.24977783e+03 1.37436628e+01
 7.54981543e+03 5.46027908e+01 2.66287140e+02 6.84995996e+03
 1.87879812e+05 6.34577686e+03 3.03552795e+02 2.23331776e+01
 6.95770935e+02 1.81083374e+02 1.20658882e+02 5.85495186e+01
 9.69724274e+00 1.15096221e+04 1.35742859e+02 2.46171448e+02
 1.48697484e+05 1.68316364e+01 5.90139084e+01 5.05010719e+01
 6.58481140e+01 1.73075466e+01 5.90819054e+01 1.53576750e+05
 6.10708542e+01 2.15406479e+02 9.91142731e+01 1.47498418e+04
 1.65674963e+03 1.71247453e+05 7.54556094e+04 1.31642975e+02
 1.12826721e+02 1.11605358e+01 1.23297131e+03 2.27341949e+02
 3.36676270e+02 1.98822632e+01 8.21416779e+01 4.49693346e+00
 8.62448059e+02 8.18202109e+04 1.34345349e+03 1.27482079e+02
 2.93443451e+02 2.54685707e+01 1.15505707e+02 9.78827190e+00
 2.17377045e+02 3.11757751e+02 3.30133575e+02 1.58896698e+02
 1.84057129e+02 4.64669685e+01 1.35556328e+05 1.10533936e+02
 6.57416719e+04 1.66751230e+04 6.59150146e+02 2.62438908e+01
 1.03899475e+02 2.61921172e+04 4.27554512e+00 1.85139179e+01
 4.12115898e+04 8.54081802e+01 8.56987839e+01 4.13611221e+01
 1.78191367e+04 5.25962585e+02 3.81973572e+01 5.42497444e+01
 1.12502086e+05 1.81388626e+02 7.11282288e+02 8.97585742e+03
 1.96070843e+01 1.33075470e+02 1.43710270e+01 5.90020676e+01
 1.07636011e+03 6.17803516e+04 1.36193665e+02 7.16615625e+03
 1.39708298e+02 8.97029037e+01 3.90422070e+04 3.08653717e+02
 1.26829014e+01 1.08898916e+01 5.03681519e+02 4.70801239e+01
 1.37468292e+02 2.89550598e+02 8.07485840e+03 6.42197495e+01
 1.70572662e+02 2.44540768e+01 1.34141045e+01 6.93850098e+01
 1.58273719e+05 3.39876289e+01 1.88244003e+02 1.17312875e+05
 4.77067578e+03 3.22737999e+01 3.20742981e+02 5.03637969e+04
 1.68420425e+02 4.50992737e+01 4.45567734e+04 2.02726135e+01
 2.17644081e+01 7.63443359e+04 7.97754346e+03 9.93086548e+01
 2.39444408e+01 9.16880722e+01 6.35278748e+02 4.36183281e+01
 8.22821426e+01 2.49982300e+01 5.05640488e+01 4.78185797e+00
 1.64225952e+02 2.92913062e+05 1.36908737e+02 3.17046295e+02
 3.81208587e+00 2.81596362e+03 1.52764233e+03 3.65224951e+03
 1.38006729e+04 2.85320072e+01 1.92617207e+04 7.71447296e+01
 4.22445221e+01 5.33279276e+00 5.07322121e+01 9.01727219e+01
 1.22302376e+02 1.75221081e+01 1.31672012e+02 1.58137688e+05
 1.93031063e+01 2.06418869e+02 1.03710281e+02 5.91711523e+04
 1.19385368e+02 2.76787071e+01 4.78034706e+01 5.11842987e+02
 2.67534847e+01 4.86314125e+01 2.02877930e+04 6.55629959e+01
 5.46803017e+01 2.05211258e+01 7.23007278e+01 2.37408096e+02
 2.20498219e+01 4.95432053e+01 7.26496811e+01 7.08566360e+01
 3.89932495e+02 1.27195473e+02 5.24348068e+01 2.65615391e+04
 5.14804115e+01 1.88228378e+02 1.23062716e+01 5.09212500e+05
 4.24057465e+02 2.44300293e+02 1.69982281e+01 6.92301025e+01
 6.41807785e+01 2.34994774e+01 1.28466705e+02 2.27723984e+04
 2.42947052e+02 2.62355530e+02 4.14857344e+04 1.08899395e+04
 3.77944763e+02 3.42977234e+02 2.06138977e+02 4.79128632e+02
 1.33508654e+01 1.20178625e+03 4.29361914e+03 2.08171349e+01
 1.85358994e+02 2.29855061e+01 8.76076797e+04 1.46275609e+05
 1.56411606e+02 8.38347070e+03 5.93937812e+04 1.37713440e+02
 1.77217884e+01 2.99790131e+02 4.56464562e+05 1.17507104e+03
 4.93837662e+01 2.43513737e+01 9.15983826e+02 7.25636215e+01
 1.53615294e+01 8.65683533e+02 2.06656067e+02 2.37671452e+01
 4.71256447e+00 1.02018669e+02 6.40876389e+01 5.97420752e+03
 1.57939224e+02 3.45955322e+02 1.52170609e+02 5.17992020e+01
 9.50065625e+03 5.88228912e+01 3.00342503e+01 1.94842014e+01
 1.12859268e+02 2.24315020e+04 3.10218223e+04 2.63615540e+02
 3.77526886e+02 1.88399672e+05 1.81800262e+02 3.12396107e+01
 2.58528900e+02 1.24748755e+01 3.74369629e+02 1.44628213e+04
 5.03866653e+01 1.43828171e+02 3.10425812e+02 1.83858887e+03
 2.23309839e+03 5.91829948e+01 6.62913055e+01 2.33926758e+02
 1.29289427e+01 2.09896561e+02 4.68768120e+01 5.09051208e+02
 2.29983444e+01 2.87229156e+02 9.75688965e+03 9.57670593e+00
 2.21810806e+02 2.25887852e+01 2.40902686e+03 7.88483359e+04
 6.14441490e+01 1.53968954e+01 1.55367035e+02 3.16174450e+01
 4.64983734e+02 7.16115088e+03 1.59836700e+02 1.86712875e+02
 9.06096484e+03 1.89233667e+03 9.48726425e+01 9.48356484e+04
 2.62304541e+03 1.79540605e+04 1.25470070e+02 2.89691658e+01
 1.15822620e+01 1.85927515e+03 2.48481247e+02 4.18580500e+05
 5.48157305e+04 1.16336807e+04 1.01503914e+05 1.12257690e+03
 9.50648984e+04 2.90429639e+03 1.28559036e+01 1.61790054e+02
 1.05091576e+02 2.24860172e+01 4.03081268e+02 3.16539233e+03
 7.91910706e+01 1.03163116e+02 9.18546772e+00 2.51459778e+02
 3.09625430e+04 1.85959686e+02 7.12038818e+03 6.70127010e+00
 4.08434143e+01 2.33246765e+01 2.07733364e+01 5.11014984e+02
 9.41089859e+01 3.30316391e+01 3.53819397e+02 6.03160095e+01
 9.23814774e+01 4.80594604e+02 1.99800830e+03 1.71880600e+02
 8.02960129e+01 7.97494141e+03 2.78592865e+02 2.94362250e+05
 2.07183379e+04 1.05589195e+02 2.26135292e+01 5.11765099e+01
 1.35925916e+03 3.74770508e+04 1.10928312e+06 6.32052551e+02
 6.15447845e+01 1.79420422e+03 1.66416064e+03 3.79512367e+01
 8.03880920e+01 1.01830078e+04 1.31405426e+02 7.93543091e+01
 4.20553438e+05 2.43228188e+01 3.01933479e+01 5.89388046e+01
 2.26705063e+02 1.36719574e+02 3.19864716e+02 2.98241445e+04
 1.47158066e+02 1.51764389e+02 6.90998096e+03 1.51744678e+04
 4.94379082e+01 9.12036438e+02 1.19304169e+02 1.86116113e+04
 5.07873711e+04 5.49024200e+01 9.77806549e+01 9.14702225e+00
 4.11745605e+02 1.52215732e+04 2.06891016e+04 1.87156582e+01
 1.77097595e+02 3.02778320e+02 3.75208008e+03 1.81779863e+04
 3.54972931e+02 1.04840599e+02 4.40649017e+02 9.12991104e+01
 3.04339905e+02 7.78890228e+01 1.91618057e+02 1.36995656e+05
 9.15267517e+02 1.02388013e+03 7.08051376e+01 8.52468643e+01
 1.54147778e+01 1.11150665e+02 3.02556671e+02 8.41915588e+01
 2.22195835e+01 2.60189429e+03 9.25450742e-01 6.39280777e+01
 1.39550859e+05 1.29951849e+01 2.00020370e+02 9.94674911e+01
 6.40554123e+01 7.06741094e+04 1.28103161e+01 2.95267163e+03
 2.17602863e+01 4.47597217e+03 5.14380811e+03 1.96444443e+02
 1.01805420e+02 2.61822906e+02 1.12207109e+05 2.17801208e+02
 7.21435242e+02 3.15282536e+01 3.21679108e+02 5.79883477e+04
 2.06576309e+02 1.56478958e+02 3.48965034e+01 2.12738916e+03
 1.63460968e+02 4.81026886e+02 7.47369580e+03 1.98957718e+02
 8.48898621e+01 4.68222137e+02 1.07454386e+01 7.99011670e+03
 2.32767715e+02 2.69093445e+02 2.77782497e+01 6.77250595e+01
 6.57229919e+01 9.15789185e+01 3.04754492e+03 1.80372940e+02
 3.92398224e+02 5.83625671e+02 7.41603394e+02 1.38652695e+02
 2.61018140e+03 8.25228500e+01 1.09626022e+02 1.79595428e+02
 1.90368637e+02 1.83247051e+01 1.31998901e+01 3.25756012e+02
 1.87442989e+01 4.40930359e+02 2.28505142e+02 1.53885460e+01
 1.01276782e+03 4.64863739e+01 1.96088855e+03 6.08485222e+01
 2.84743713e+02 6.16134338e+01 6.06859180e+03 1.80009680e+03
 1.25557220e+02 6.76842712e+02 1.54134506e+02 1.33062469e+02
 1.05900186e+04 1.33258026e+02 1.90080231e+02 9.11779453e+04
 8.94496777e+03 8.88722000e+01 6.74848480e+01 4.08877792e+01
 3.08030121e+02 9.95002051e+03 3.59377167e+02 3.56221832e+02]
18891.326
1130107.2
