[9.88519287e+02 1.44583725e+02 2.12991531e+02 1.33141222e+01
 4.42686401e+02 3.21030518e+02 1.07128076e+03 3.20877502e+02
 1.20215107e+04 1.38918777e+02 1.57045713e+04 4.85814746e+03
 5.33819922e+03 6.79821167e+01 1.93737976e+02 2.69774689e+02
 4.88437714e+02 2.02020523e+02 4.28260864e+02 1.52006152e+03
 4.79823425e+02 2.10036072e+02 2.37983770e+04 4.94931006e+03
 2.05901814e+01 1.06389189e+04 5.50064111e+03 1.02275166e+04
 1.29322449e+02 4.12097168e+01 1.11674548e+03 3.69887543e+02
 5.03223915e+01 8.60857178e+02 9.00787231e+02 1.17279688e+03
 2.34666122e+02 1.94770172e+02 1.08876746e+03 1.36205673e+02
 9.37828796e+02 8.03111182e+03 3.15882324e+03 6.99508545e+02
 3.19999927e+03 4.22057404e+02 7.78729248e+01 1.52485871e+00
 1.98434128e+02 1.28329529e+03 5.32917023e+01 1.45625504e+02
 4.62076035e+01 2.15728735e+03 2.88707867e+01 6.36170120e+01
 1.02837593e+02 7.07143066e+03 5.81513672e+02 1.96480911e+02
 2.67089160e+03 5.41763916e+02 2.80784130e+01 1.35141541e+02
 2.92285370e+02 6.56397412e+03 6.18753967e+02 3.71699414e+03
 3.80839508e+02 1.75425625e+04 1.74851212e+02 3.08796021e+02
 1.47091766e+02 2.50280731e+02 4.63454956e+02 2.07773727e+02
 2.49544482e+03 1.42975204e+02 1.59500687e+02 4.81727783e+03
 8.78258972e+02 2.87216187e+02 1.49556442e+02 1.78102127e+02
 2.85927246e+02 2.85128880e+01 2.17691437e+02 1.63294220e+02
 3.42007935e+02 3.23437915e+03 3.90933899e+02 1.23899536e+03
 2.32432194e+01 1.43561584e+03 1.71773066e+04 1.88670532e+02
 1.46203223e+03 3.70990692e+02 3.32721954e+02 1.38375759e+01
 3.74330762e+03 3.76562073e+02 1.95538574e+02 4.93586044e+01
 1.17960022e+02 3.14541931e+02 1.77052994e+02 4.03972290e+03
 6.76309814e+02 4.30263733e+02 2.45530258e+02 9.38115417e+02
 1.23351387e+02 1.70361560e+03 2.53502075e+03 5.23192993e+02
 5.68069458e+02 5.66173950e+02 1.80212799e+02 1.31235184e+02
 2.85472412e+03 5.79914795e+02 7.62733765e+02 2.21825854e+03
 1.03102429e+03 5.76284180e+02 4.65576508e+02 2.18293396e+02
 2.78253418e+02 1.58468372e+03 9.70062683e+02 2.09226990e+02
 2.34561188e+02 1.75514441e+03 1.84181152e+03 1.42543198e+02
 2.72678174e+03 3.87519043e+02 5.05095306e+02 3.48642426e+02
 5.31524963e+02 3.07725171e+03 2.71491738e+04 3.08113403e+03
 4.21021191e+03 4.60446014e+01 3.46676971e+02 7.96725037e+02
 6.28073792e+02 3.31166870e+02 2.16113007e+02 1.39755005e+02
 9.90209167e+02 7.17350769e+02 8.73852844e+02 1.13062775e+02
 1.31457077e+02 1.40030811e+04 2.42908765e+03 2.29867676e+03
 1.43413928e+03 1.26778633e+02 2.92762985e+01 5.26293091e+02
 5.45040344e+02 1.84090424e+02 2.53946899e+02 2.16199738e+02
 6.98552612e+02 2.94963794e+03 2.25958878e+02 2.61638123e+02
 2.51273438e+02 1.52870044e+03 1.22689404e+03 2.41690689e+02
 3.17009857e+02 3.43039703e+01 1.84350616e+02 5.10025391e+03
 9.10762573e+02 1.65664215e+02 6.26992615e+02 1.38725357e+02
 1.11147778e+03 6.74455357e+00 6.20796326e+02 4.92152405e+00
 1.05690430e+03 2.12371445e+02 4.00428131e+02 5.45071182e+01
 7.28393005e+02 2.88537415e+02 1.61316833e+03 1.35385559e+02
 1.41545635e+04 9.46247375e+02 4.83992584e+02 4.65041107e+02
 3.66449280e+02 3.86047095e+03 5.86703674e+02 3.61883148e+02
 2.63975293e+03 3.13762988e+03 2.02563385e+02 3.28829956e+02
 1.61451080e+02 4.67744965e+02 1.69670258e+02 1.54809891e+02
 1.71994827e+02 4.90340363e+02 4.16910828e+02 3.28468536e+02
 1.63510779e+03 4.46459259e+02 2.00537109e+03 1.95560944e+02
 1.50251572e+02 1.12245569e+03 3.24044983e+02 1.50804219e+04
 1.36891342e+02 2.36452515e+02 3.55740753e+02 3.22208366e+01
 1.18485803e+03 1.16499678e+04 1.29029312e+02 7.17412109e+01
 1.78943237e+02 1.25068762e+03 1.69190170e+02 3.81857727e+02
 2.02757581e+03 1.29374695e+02 1.88426239e+02 7.07092209e+01
 6.95151807e+03 1.62939880e+02 1.51370972e+03 2.86761108e+03
 5.34743774e+02 4.06045386e+03 3.18623390e+01 1.47525464e+03
 1.68205429e+02 4.84948047e+03 1.66616688e+01 2.91622253e+02
 3.89159210e+02 2.12783875e+02 4.43837341e+02 1.95219193e+02
 9.76005066e+02 2.73610573e+01 7.17585831e+01 2.62080872e+02
 6.07404346e+03 4.62162659e+02 1.42676685e+03 3.29130173e+01
 2.89375896e+01 4.06750946e+02 1.10775232e+03 3.57159271e+02
 3.67196442e+02 5.36963928e+02 1.31663773e+02 1.27584082e+03
 3.12698803e+01 3.16506396e+03 4.35859766e+04 2.29764008e+02
 3.63670215e+03 1.56169519e+01 3.01277832e+02 1.43191377e+04
 1.28883606e+02 5.01523926e+03 1.96369843e+02 2.11379669e+02
 7.41221985e+02 3.57206494e+03 1.22881508e+02 6.33473694e+02
 2.47916016e+02 2.55121735e+02 6.02761035e+03 1.83742371e+01
 2.88869843e+02 3.10072266e+02 5.88930969e+02 6.68357544e+01
 2.97912079e+02 2.49329819e+02 6.52934204e+02 2.35867004e+02
 1.55402832e+03 5.23177376e+01 4.08501196e+03 6.63513965e+03
 2.60493384e+03 9.74098926e+03 1.78800140e+02 1.12333423e+03
 1.80660202e+02 6.08714523e+01 8.10629196e+01 3.67403412e+02
 1.77788928e+03 1.75052689e+02 1.90835743e+01 5.10949554e+02
 1.39532275e+03 7.23743115e+03 1.39896887e+03 1.00625312e+04
 5.92647034e+02 3.89903870e+02 3.36108551e+02 7.13380811e+03
 1.13129443e+04 1.76809235e+02 6.86984717e+03 2.86373901e+02
 5.73109375e+02 4.80355621e+02 1.41821640e+02 1.68835953e+02
 1.52792328e+02 2.28034622e+02 1.30407544e+03 1.99926123e+03
 8.58391647e+01 2.67483551e+02 5.18852661e+02 9.79045029e+01
 8.97539215e+01 3.29673719e+00 3.44230493e+03 1.96342065e+03
 3.52440613e+02 1.10771614e+02 3.26427094e+02 8.90203705e+01
 1.33731165e+03 2.45155315e+01 5.02113403e+02 3.31520190e+03
 1.15410776e+01 1.14580566e+03 1.09524707e+03 3.36251160e+02
 9.57425781e+03 2.94486572e+02 2.75816376e+02 1.61432605e+03
 7.02246643e+02 1.05339294e+03 4.16092224e+02 1.16069617e+03
 2.82391040e+03 3.74110327e+03 1.21244621e+02 1.89903397e+02
 3.45387061e+03 2.32172867e+02 1.69229570e+04 3.25627319e+03
 6.80233516e+04 1.70641602e+02 4.33950287e+02 5.44000488e+03
 4.35116797e+03 5.62554932e+02 5.93204529e+02 1.91466565e+03
 1.58297473e+03 7.18359570e+03 6.76254785e+03 5.33739258e+02
 2.00329919e+03 2.04140488e+02 1.81292633e+02 7.73708435e+02
 4.56310303e+03 1.80595398e+03 1.27233728e+03 5.35633183e+00
 1.91267395e+02 1.40701492e+02 1.17218628e+03 4.74675049e+03
 6.50162720e+02 2.53449927e+03 1.07843254e+02 4.98228516e+03
 3.41815987e+01 6.06417053e+02 6.95875092e+01 5.16938057e+01
 1.49056885e+03 1.07505994e+03 1.69191303e+01 1.38271399e+03
 6.38869678e+03 9.17837952e+02 5.87962646e+01 8.15698181e+02
 3.02585962e+03 8.41504089e+02 3.64502305e+04 5.54114795e+03
 5.50459106e+02 3.68449683e+03 7.65196094e+03 4.18367889e+02
 9.53022705e+02 1.19943176e+03 1.93554398e+02 5.48220642e+02
 5.02474304e+02 2.61232178e+02 1.87832550e+02 7.35121948e+02
 1.11398511e+03 4.18355865e+01 5.28026855e+02 2.46174347e+02
 1.99198181e+02 9.03574036e+02 3.40343323e+02 3.37029297e+02
 1.30119965e+02 7.68620300e+02 2.04802429e+02 2.74558136e+02
 2.96225281e+02 2.58108276e+02 3.58148730e+03 4.26676226e+00
 1.53007614e+02 2.18149815e+01 7.84633179e+02 1.69413452e+03
 5.13551331e+02 2.89078857e+02 2.93771362e+02 9.33067031e+04
 2.28306694e+01 7.98556458e+02 1.78602715e+04 1.70906799e+02
 4.44888916e+01 4.95630035e+01 1.92136707e+03 4.08667847e+02
 2.13460587e+02 3.03663391e+02 8.01661682e+01 3.01989441e+02
 4.62629150e+02 4.37024002e+01 3.72143457e+03 1.39240141e+01
 4.20933868e+02 3.44770264e+03 1.45892065e+03 1.14018225e+03
 1.04179907e+03 1.32373352e+02 2.42170715e+01 1.18297009e+03
 2.11499283e+02 3.06079370e+03 2.90901855e+02 7.67333191e+02
 1.02593674e+02 3.88201416e+02 7.05933075e+01 4.62185638e+02
 2.53683746e+02 2.08778961e+02 7.54401245e+01 1.10776965e+03
 8.69458557e+02 9.08594742e+01 1.37718359e+03 1.60516431e+03
 3.22207947e+01 3.67409570e+03 9.75978088e+02 9.42730103e+01
 2.16430923e+02 1.02574385e+04 9.35753418e+02 2.97423120e+03
 3.48949814e+01 3.31430115e+02 1.89415192e+02 1.19971191e+02
 3.30984802e+01 2.18572174e+02 2.58478355e+01 4.80450775e+02
 2.07385651e+02 1.06353264e+02 9.54335449e+02 2.38065598e+02
 1.69328445e+02 8.96750549e+02 4.83974091e+02 2.15462814e+02
 4.00304535e+02 1.63856506e+02 4.15118286e+02 2.36624496e+02
 2.39762085e+02 1.65131970e+03 1.77935043e+02 1.83124341e+03
 1.68001453e+03 5.15307007e+01 1.42180283e+02 6.86958984e+02
 8.29876953e+02 4.62698479e+01 1.65323776e+02 2.76637573e+02
 1.95118958e+02 9.77828751e+01 1.12008728e+02 1.57169690e+03
 3.25413501e+03 5.68717407e+02 1.84116486e+02 3.29158661e+02
 2.48842334e+03 1.01775000e+05 2.81021957e+01 2.65502625e+02
 1.01495064e+02 8.57719727e+01 2.45843335e+03 2.12266800e+02
 6.50640381e+02 1.95639130e+02 1.03505836e+02 4.52594032e+01
 2.26901321e+02 1.70540247e+03 8.42394165e+02 1.96209045e+03
 8.16964340e+01 1.05797217e+03 3.18795624e+01 1.78779578e+03
 1.12964929e+03 4.84531299e+03 1.05550757e+03 1.02794167e+02
 9.75285767e+02 1.85760117e+01 3.48703957e+01 1.43873262e+04
 1.54063342e+03 3.77084991e+02 3.78886548e+03 6.60390198e+02
 6.47326477e+02 1.46775220e+03 9.59628754e+01 1.65052338e+02
 1.81330231e+02 7.45908020e+02 2.01327637e+02 3.03521698e+02
 3.75676758e+02 4.15684753e+02 2.52753687e+03 3.41002197e+03
 1.88549023e+03 2.70749951e+03 1.31894211e+02 1.14130730e+02
 2.05551910e+02 2.95451202e+01 2.47979541e+03 1.90324341e+03
 1.43671753e+02 1.02601280e+01 7.83265564e+02 1.72458344e+02
 9.20879173e+00 1.73519852e+02 1.39456416e+04 1.24372856e+02
 1.46825791e+04 1.69763916e+02 2.41443710e+01 4.13787964e+02
 7.00605713e+02 3.11690216e+01 1.31159042e+02 3.40661957e+02
 6.54094971e+02 3.50207788e+03 1.75142981e+03 1.44215735e+03
 5.29865723e+03 1.37497412e+03 2.14322632e+02 1.29663745e+03
 1.81367456e+03 9.95690674e+02 2.22133804e+02 5.29675842e+02
 2.02795181e+01 1.24810019e+01 3.12771924e+03 4.12081795e+01
 2.96002319e+02 2.67668335e+02 4.51908661e+02 4.58864136e+01
 2.44926099e+03 4.41908691e+02 6.56397644e+02 3.25448242e+02
 1.17047339e+03 4.03075806e+02 1.48387192e+02 7.82277451e+01
 7.25305542e+02 4.72126617e+02 1.32622546e+03 7.04250830e+03
 1.62436798e+02 5.93791321e+02 3.13339539e+01 6.85461655e+01
 1.54858484e+05 1.65185959e+02 4.89613281e+03 5.11971344e+02
 1.45713306e+03 3.77764191e+02 2.43160492e+02 5.87232788e+02
 1.95901624e+03 8.54212856e+00 3.37866150e+02 2.42697952e+02
 2.65642883e+02 1.74282190e+03 3.60342651e+02 4.97647095e+02
 1.80105188e+03 7.81498877e+03 4.50490845e+02 1.56841721e+02
 4.80137085e+02 1.45742493e+02 3.01301849e+02 7.26052628e+01
 5.25369995e+02 6.11091919e+02 1.99317363e+04 2.21522598e+02
 7.42055130e+01 2.42681732e+02 2.65009424e+03 7.81559521e+03
 2.93587685e+01 2.33969101e+02 3.77242603e+03 8.52029846e+02
 6.21774658e+02 1.47196838e+02 9.90508499e+01 1.92775970e+02
 7.56497754e+03 8.06514511e+01 2.39901749e+02 2.62161270e+04
 1.57914658e+02 3.96633881e+02 1.30790234e+01 2.04851685e+03
 2.09517944e+02 3.17185205e+03 4.72793846e+01 3.10277081e+00
 2.77689258e+03 8.67229004e+01 2.48547241e+02 8.02894592e+01
 1.49575653e+02 2.10254834e+03 2.80464404e+03 3.28104309e+02
 1.55724167e+02 7.80719421e+02 1.39036072e+02 1.18772729e+03
 2.02181580e+03 2.11970387e+01 2.55324036e+02 9.98904648e+01
 8.84275098e+03 1.27101233e+03 3.72464996e+02 2.42006299e+03
 2.14784302e+03 3.47107086e+01 1.55100336e+01 1.05151695e+02
 8.45208496e+02 7.05550964e+02 3.24109863e+02 1.64489844e+04
 6.60289612e+01 1.40340381e+03 6.24776074e+03 1.41011389e+03
 6.46075039e+04 3.37253357e+02 2.07613379e+03 2.61170459e+03
 3.33497363e+03 1.87869104e+03 6.86930847e+02 2.01781647e+02
 6.46209335e+01 7.25772324e+01 1.99993073e+02 5.10228906e+03
 1.80676794e+03 7.97364960e+01 4.35283691e+02 1.32837878e+03
 3.43073151e+02 4.15967432e+03 1.01017742e+05 1.04093176e+03
 5.84359360e+01 6.07047974e+02 8.70145508e+02 9.92073746e+01
 1.78603073e+02 3.20186279e+02 3.58776733e+02 5.10499077e+01
 2.14131073e+02 5.28063293e+02 3.81057188e+04 7.05661316e+01
 3.81189972e+02 1.11249420e+02 1.67495728e+02 4.17068596e+01
 6.39578896e+01 1.43221725e+02 3.06824249e+02 2.78897949e+03
 1.88356293e+02 1.94788535e+04 8.15140771e+03 3.60828400e+02
 1.32193525e+04 2.87323059e+02 8.79447876e+02 3.73950378e+02
 1.21529617e+02 2.27929565e+02 2.62140717e+02 1.51637325e+01
 3.11221558e+02 6.63614321e+00 4.53817963e+02 3.17215454e+02
 3.69906120e+01 7.35916895e+03 4.59221094e+03 4.26513596e+01
 2.05085258e+01 1.06871328e+04 8.08623474e+02 1.13718176e+03
 1.63013672e+02 5.30441772e+02 4.64087793e+03 2.88311584e+02
 3.75135181e+03 1.19790672e+02 3.69716357e+03 1.41387036e+03
 7.51566589e+02 2.36336761e+02 1.89649500e+03 2.22681494e+03
 3.32181824e+02 1.53273547e+03 3.65454004e+03 4.18969269e+02
 2.85624657e+01 5.44688477e+02 1.68340591e+02 1.29663115e+04
 1.02256289e+04 1.66030106e+02 1.13370642e+03 9.65111923e+01
 6.51980133e+01 1.53582092e+02 2.84519836e+02 2.32854126e+03
 2.31158707e+02 7.62690964e+01 6.88026318e+03 1.64505463e+02
 2.24090234e+03 3.71764343e+02 2.48357193e+02 1.58763506e+04
 2.25856903e+02 1.52029404e+02 6.05988428e+03 7.05190979e+02
 9.68134399e+02 2.23727890e+02 1.40553879e+02 3.13536892e+01
 8.14893913e+00 3.32564362e+02 4.14594238e+03 3.06719666e+02
 3.20470161e+01 3.32270233e+02 2.54537720e+02 1.36127793e+04
 5.05577881e+02 1.65909943e+02 1.69014941e+03 3.44495926e+01
 1.07048877e+03 5.98751099e+02 3.32752075e+02 7.30381897e+02
 2.78092316e+02 1.38153809e+02 2.19204028e+03 1.45234827e+03
 3.01068359e+03 2.35418628e+03 8.37226172e+03 1.19589211e+02
 2.21329028e+03 4.00192230e+02 2.80208521e+03 2.40978378e+02
 1.95775055e+02 2.84543884e+02 3.30800140e+02 1.27053223e+02
 4.05414459e+02 1.77761421e+01 4.28047119e+02 1.09759155e+02
 1.04014697e+04 2.79028503e+02 2.82292175e+02 1.47465234e+03
 1.12760143e+01 3.48425720e+02 3.42882767e+01 2.94061432e+02
 2.66210602e+02 5.83898804e+02 6.31584900e+02 2.66390106e+02
 1.37888867e+03 1.52276260e+02 8.20986250e+04 1.04587280e+03
 1.43960654e+04 1.80621777e+03 7.81901367e+02 4.51658844e+02
 1.26763293e+03 6.78874817e+01 5.80663232e+03 7.10364502e+02
 1.71076645e+02 4.21072807e+01 3.81141602e+02 2.52310010e+03
 1.34290137e+03 5.40001297e+01 1.01912544e+02 1.77979004e+02
 3.24886894e+01 1.27985725e+02 8.92539551e+02 1.38120679e+03
 7.77882690e+01 3.17011902e+02 2.05651657e+02 2.17867035e+02
 1.53467505e+03 1.69506104e+03 4.05926660e+03 3.49206543e+02
 3.58009888e+02 3.10358185e+02 2.31113129e+02 4.68332291e+01
 5.28038269e+02 1.95881958e+03 2.06891553e+03 1.91052109e+02
 2.57036991e+01 2.09985620e+03 2.84276905e+01 2.91021953e+04
 6.09398193e+02 1.41588074e+02 3.72390350e+02 2.68939392e+02
 1.98011917e+02 2.62972603e+01 1.90261182e+03 2.68404980e+03
 6.87623901e+02 3.31945305e+01 4.05480682e+02 2.82485138e+02
 2.89802948e+02 1.68649429e+02 1.70130371e+02 4.84579248e+03
 6.73601806e-01 4.26772034e+02 2.18704053e+03 3.29919128e+02
 9.81093323e+02 1.25506233e+02 4.80147552e+02 2.12171891e+05
 2.46771729e+02 4.48122589e+02 2.02253326e+02 1.12858105e+03
 3.20365753e+02 2.93148834e+02 5.12958618e+02 1.20237823e+02
 2.89771595e+01 5.52215820e+02 2.21169281e+02 2.90790020e+04
 6.90938049e+02 4.60955276e+01 2.82739624e+02 3.07793579e+02
 4.54631897e+02 2.48247778e+03 1.73706573e+02 2.76352936e+02
 3.52071136e+02 4.03279755e+02 1.05333260e+02 7.19976501e+02
 4.53486133e+03 2.36678802e+02 7.14804138e+02 4.06496643e+02
 1.95300461e+02 4.79850647e+02 2.70296722e+02 1.50977578e+04
 2.20547852e+02 2.19170929e+02 4.68203125e+01 2.13499008e+02
 6.16959570e+03 1.39143433e+03 5.70277637e+03 1.34288550e+03
 2.39604702e+01 1.06545374e+03 5.53171777e+03 7.45947144e+02
 1.68043579e+02 1.44102707e+02 1.55512695e+02 3.01998322e+02]
2540.136
212171.89
