[2.65633652e+04 1.75532617e+04 1.94605820e+04 1.15112085e+03
 9.45357239e+02 7.34915918e+03 1.98482803e+02 6.43747266e+03
 6.72694375e+04 1.58974091e+02 8.46686230e+03 2.16093379e+04
 2.27445723e+04 2.05627759e+03 8.74499121e+03 3.51227578e+04
 1.61299219e+05 6.29144580e+03 1.63510413e+03 1.39143320e+04
 5.95339697e+03 2.29433643e+03 4.80735950e+06 5.17403477e+04
 9.70966370e+02 4.00405625e+05 1.04257956e+06 1.45123330e+04
 7.50038721e+03 4.86907104e+02 2.27248844e+05 6.01145215e+03
 1.06835732e+04 8.18622021e+03 3.69073281e+04 2.80560620e+03
 1.12340039e+03 2.73507871e+04 6.50765117e+04 8.64273743e+02
 8.26980938e+04 4.26640781e+04 1.71721375e+00 3.90286694e+03
 5.45115283e+03 7.52253418e+03 2.10767529e+03 5.44289844e+03
 1.53567700e+03 8.85880078e+04 1.12380020e+02 9.33397852e+03
 1.07517158e+04 4.10721750e+05 1.82219258e+04 6.99556104e+03
 6.40966162e+03 7.17558301e+03 7.16001807e+03 1.40596545e+03
 5.98612158e+03 1.41356240e+04 6.32963281e+03 1.50586621e+03
 6.74045410e+02 2.96110474e+03 3.22029199e+03 3.98704907e+03
 2.21043188e+03 2.13231191e+04 7.77187271e+01 1.38732441e+04
 2.24039697e+03 2.75176782e+03 1.28168896e+04 1.55148428e+04
 3.77057266e+04 5.72156250e+03 6.42679016e+02 2.05197969e+04
 1.69914038e+03 3.71583008e+02 1.10905391e+04 7.05215967e+03
 8.67126343e+02 2.47662582e+01 9.35197168e+03 1.82986094e+04
 1.95397168e+04 6.77691016e+03 1.97048574e+04 2.01113938e+05
 3.97687427e+03 8.87136875e+04 1.18090527e+03 1.01565735e+02
 8.62621307e+01 5.24916562e+04 1.08473447e+04 1.03773379e+04
 5.37527686e+03 8.78271777e+03 2.23465225e+02 2.89769958e+02
 9.26565002e+02 4.87700146e+03 2.85259668e+03 3.32647461e+03
 1.00680029e+03 8.02303650e+02 8.31637344e+04 7.84466650e+03
 9.45911682e+02 2.60119727e+03 1.02593779e+04 1.73051562e+03
 4.01736035e+03 9.38992090e+03 3.70626250e+04 9.57184082e+02
 1.65790664e+04 1.02655664e+04 5.23664141e+04 6.15388428e+03
 1.10455703e+04 1.80013672e+02 4.45637665e+02 3.20297681e+03
 2.36142456e+03 1.92387561e+03 2.59789316e+04 1.53775195e+03
 4.23663513e+02 4.92268860e+02 1.75454236e+03 2.40454707e+04
 1.67846113e+04 2.64334473e+03 4.95583221e+02 2.90486450e+03
 9.60282043e+02 3.42219409e+03 5.75329639e+03 2.32386000e+05
 3.52011499e+03 7.42842560e+01 9.51169052e+01 3.59293945e+04
 1.52372547e+05 2.99185488e+04 2.73409229e+03 9.08574341e+02
 6.61010193e+02 6.26265198e+02 2.53376636e+03 9.50528809e+02
 2.18172095e+03 6.64613750e+04 2.12438736e+02 3.63889375e+04
 6.79946484e+04 1.73534717e+03 2.19191870e+03 2.17634023e+04
 8.11894141e+03 2.24109161e+02 1.69507156e+02 1.52593103e+03
 2.24042578e+03 3.94671265e+03 1.02260723e+04 1.51023545e+04
 2.10126740e+02 3.51853790e+02 5.06465492e+01 2.82015991e+03
 3.95090546e+02 3.56181107e+01 2.36180273e+04 4.12698008e+04
 7.68984961e+03 1.24470088e+04 2.20678550e+06 4.60832910e+03
 9.08465527e+03 2.42811646e+03 1.71794995e+03 4.29365527e+03
 1.42707197e+04 2.13350625e+04 4.03338257e+02 1.32085547e+04
 5.71300977e+03 1.31059863e+04 5.71355938e+04 2.86496045e+03
 4.48791992e+04 5.37516113e+03 1.49278430e+03 9.30264511e+01
 4.49411914e+04 2.06047681e+03 1.19983730e+04 2.06597031e+02
 3.06233945e+04 4.90656328e+04 1.33444639e+04 2.27282861e+03
 1.55376053e+02 1.63548111e+02 3.03752441e+03 1.29660303e+03
 5.52353955e+03 1.73379980e+04 2.03555742e+04 5.70231445e+02
 2.30073120e+03 1.15969229e+04 1.39401748e+04 2.36886133e+03
 3.24189668e+04 1.49938940e+03 1.18147031e+04 1.18493530e+03
 2.85908960e+03 4.42252426e+01 2.17525430e+04 2.61606201e+02
 2.23881030e+03 4.07933375e+05 7.75136328e+03 9.74001270e+03
 3.61836367e+04 1.05229424e+04 5.27554749e+02 1.83447047e+05
 1.27392725e+04 2.41364960e+02 2.37602844e+02 1.00902454e+03
 5.74415430e+04 7.24174744e+02 2.86432781e+05 3.53928906e+04
 8.79313965e+02 1.16754236e+03 1.56295635e+04 1.63723499e+03
 4.62458649e+01 1.62555719e+05 2.48243805e+02 4.15655039e+04
 2.04925018e+02 1.96564868e+03 2.64581465e+04 4.15811816e+03
 3.40628516e+03 1.11449394e+02 2.27135400e+03 4.49033752e+02
 6.56531719e+04 9.20506348e+03 4.55269094e+05 3.04702266e+04
 1.26081314e+02 1.34149353e+03 3.75858093e+02 6.73138906e+04
 7.68477422e+04 1.82294312e+05 1.76293535e+04 1.12355310e+03
 1.23092944e+03 2.34970547e+04 1.08002633e+05 3.09239600e+03
 5.34174438e+05 8.16377656e+04 7.08243213e+03 4.05139961e+04
 5.92637646e+03 7.51154199e+03 1.72389922e+04 8.32709766e+03
 4.20927460e+02 4.24677783e+03 5.11470391e+04 4.70035547e+04
 8.81694107e+01 2.51769902e+04 1.00882038e+06 3.45470898e+03
 1.23374736e+04 1.05768762e+03 4.50748535e+03 9.92993774e+02
 2.33051270e+04 2.33005664e+03 8.51720703e+04 5.27375732e+03
 2.27461523e+03 7.74750443e+01 3.14543164e+03 2.20298555e+04
 7.46308984e+03 1.03208969e+05 1.83557092e+03 5.86231680e+04
 1.84138027e+04 1.56465527e+03 7.91084824e+01 2.48632642e+03
 2.73616074e+04 1.07861963e+03 2.34390967e+03 1.45979863e+04
 5.25446875e+03 2.85082281e+05 4.36096172e+04 9.60887402e+03
 1.97372148e+04 1.57703984e+05 1.58626172e+04 6.50464102e+04
 8.48500000e+04 1.55259229e+04 3.92086594e+05 2.87991270e+04
 1.38966758e+04 2.43891734e+05 1.34458752e+03 6.29597015e+01
 1.45272881e+04 1.75336823e+02 1.62927811e+02 1.05913391e+05
 2.98827539e+04 5.76728638e+02 2.14336453e+05 1.68643379e+04
 4.81731982e+03 1.10695137e+04 4.08631328e+04 2.20612910e+04
 2.71616934e+04 9.15576172e+02 7.38488770e+03 1.55670227e+03
 5.06796719e+04 9.12733093e+02 6.59789355e+03 6.79018896e+03
 7.65041580e+01 2.45430898e+04 2.58581006e+03 2.66412061e+03
 2.76057690e+03 5.20634277e+03 1.06476641e+04 1.20964709e+03
 2.74241758e+04 2.56226125e+05 4.39128027e+03 1.06135193e+03
 3.10540781e+04 5.08031641e+04 8.85788379e+03 1.61825098e+03
 3.06209219e+05 1.30758145e+04 2.58620762e+04 1.05727883e+05
 4.66354258e+04 1.75404077e+03 3.99663984e+04 2.34923641e+05
 1.59057773e+04 1.21572197e+04 1.19224268e+03 6.34190674e+03
 1.24639282e+03 1.11258648e+05 2.85609531e+05 2.44436499e+03
 1.14398453e+02 9.20291113e+03 2.27994904e+02 1.22702510e+04
 5.06909814e+03 1.01849736e+04 2.81371523e+04 2.88204761e+03
 1.66254272e+03 1.03519463e+04 2.34676123e+03 4.03844189e+03
 7.35975037e+02 2.77807637e+04 4.92976855e+03 3.17173781e+05
 4.86250305e+01 2.30031143e+02 2.08760090e+01 8.09835449e+02
 4.03199727e+04 5.93591289e+04 2.42825000e+04 3.19290762e+04
 1.51647031e+05 5.29601680e+04 3.85479766e+04 1.00511650e+04
 7.98122461e+03 2.26130371e+03 1.67034583e+03 2.39763037e+03
 7.62677100e+03 1.35561133e+04 1.19111516e+05 6.30457773e+04
 3.34639023e+04 4.69905742e+04 2.43730332e+04 2.93545093e+03
 1.76939414e+04 2.16191675e+03 3.66035938e+04 2.14579712e+03
 9.24420410e+03 1.77231055e+03 6.08511328e+03 2.88880200e+03
 8.41684473e+03 2.62172094e+05 1.31429602e+03 7.00214233e+01
 1.86688301e+04 8.34607422e+03 5.63754456e+02 1.76875859e+04
 4.88501074e+03 2.53612969e+04 5.03372949e+03 3.78931128e+03
 2.13540787e+02 1.32208264e+03 2.81657568e+03 3.29459492e+04
 1.77951746e+03 6.64096641e+04 2.05783716e+03 1.29437812e+06
 4.07470605e+03 2.89572339e+03 2.86217531e+05 1.51276318e+04
 1.34167224e+03 1.92985504e+02 3.90049375e+04 4.21961700e+02
 2.86445654e+03 1.47483948e+03 3.99498535e+03 7.43590332e+02
 8.69321328e+04 1.32555557e+04 1.90165369e+03 7.28373096e+03
 1.73856262e+03 5.85378438e+05 3.12446509e+03 2.19513438e+04
 7.95659326e+03 6.90090637e+02 1.99188278e+02 2.53748691e+04
 1.20920581e+03 5.72715234e+04 2.07990454e+03 4.07684845e+02
 4.76001611e+03 3.73479883e+04 1.30755664e+03 3.34629648e+04
 1.86079082e+04 1.57267810e+03 3.74655664e+03 2.14018848e+04
 3.10156830e+02 1.07063105e+04 1.44203406e+03 4.69744751e+02
 6.30987207e+03 7.99707227e+03 7.40618359e+04 4.53897583e+02
 2.12421606e+03 4.14012146e+02 2.24631641e+04 2.74032684e+02
 1.36880969e+03 1.77031326e+02 7.06473877e+03 6.77651123e+03
 1.40577087e+03 2.03652206e+02 1.05906726e+03 1.01492195e+05
 7.28325781e+03 5.71592383e+03 1.49095474e+02 1.10374180e+04
 1.00850995e+03 4.31552490e+03 1.11976819e+03 4.52266562e+04
 3.53702617e+04 4.05151123e+02 4.98395312e+03 2.67130103e+03
 2.46446045e+03 7.37534473e+03 6.20799561e+03 5.33846992e+04
 2.84797559e+04 4.47384415e+01 8.32942444e+02 9.87801953e+04
 1.86625110e+03 1.87554712e+03 6.73618652e+03 2.18331299e+03
 1.13394455e+02 5.18970947e+03 2.15481506e+02 4.14935010e+03
 5.94812422e+04 6.27776123e+03 1.86533923e+03 6.06970020e+03
 4.62124062e+04 7.21015703e+04 2.50510368e+01 2.37804199e+04
 1.75347510e+03 4.49323906e+04 1.53858701e+04 1.28538544e+02
 1.40888208e+03 1.98220184e+02 1.51760895e+02 1.35571213e+01
 1.08343174e+04 2.02595172e+05 1.72386963e+02 4.50252051e+03
 5.60992695e+04 1.09038892e+03 1.04398584e+03 1.31818091e+03
 3.86633242e+04 1.90812598e+04 6.17175598e+02 1.78266772e+03
 4.95101105e+02 5.52077026e+02 1.11527283e+02 6.96039160e+03
 1.58917676e+03 2.00442175e+03 8.64120898e+03 7.51166553e+03
 4.23857578e+04 9.43236250e+04 1.66912491e+02 8.18067031e+04
 1.73619688e+04 8.70876099e+02 1.17385361e+04 6.47271729e+03
 3.08854062e+04 2.23002026e+03 2.28801078e+05 5.98202812e+04
 5.17358086e+04 1.79077246e+04 1.24636902e+03 1.63173818e+04
 3.21895957e+04 4.24200195e+03 1.52636719e+05 1.48890457e+02
 3.16741040e+03 1.90478564e+03 4.71701660e+03 3.88751914e+04
 1.21550732e+04 1.70992676e+04 1.59756514e+04 9.45146118e+02
 8.09428000e+05 7.56980234e+04 8.07533932e+00 6.95808411e+02
 3.29131094e+05 3.92375122e+03 2.53333862e+03 5.29920801e+03
 6.60015312e+04 2.10404956e+03 1.05847644e+03 1.21172988e+04
 1.03710391e+05 6.14363330e+03 3.04101990e+02 1.02001006e+04
 3.05730781e+04 1.64996641e+05 1.38193213e+04 1.98477625e+05
 1.77336523e+03 2.45403564e+03 1.30658184e+04 8.78207324e+03
 1.36454443e+04 1.58131702e+03 1.63662000e+03 1.01414922e+04
 9.03028320e+03 1.64549961e+04 2.43672910e+04 1.50841931e+03
 1.40759485e+03 2.37732544e+03 3.46551953e+04 2.02185196e+02
 1.44248057e+04 1.06048010e+03 4.53041870e+02 8.06963232e+03
 3.27550234e+04 4.48802783e+03 1.35094543e+03 2.14712143e+02
 2.70149900e+06 2.41607637e+04 9.49385840e+03 1.08140508e+04
 7.33991623e+01 3.52117065e+02 4.68725677e+02 2.19516846e+03
 3.82539180e+04 6.96769409e+02 1.66776750e+05 3.88890161e+03
 3.29347046e+03 2.45084250e+05 1.97153203e+04 1.63876013e+03
 8.28165039e+02 2.46019609e+04 3.78738516e+04 1.92872238e+02
 7.64105225e+02 2.57430347e+03 1.21079141e+04 1.61729541e+03
 9.38595898e+03 8.70193652e+03 6.40649766e+04 2.90845156e+04
 2.79779468e+03 2.66556367e+04 1.25932373e+03 2.05636777e+04
 2.67129629e+04 1.24806421e+03 6.57219482e+03 9.15774609e+04
 8.36063281e+03 7.15057556e+02 4.14184414e+04 2.28273193e+03
 7.02965967e+03 1.65993210e+02 8.18144104e+02 1.23376625e+05
 2.84978198e+03 1.01361367e+05 2.19951797e+04 4.02513555e+04
 7.17336670e+03 1.05148766e+05 1.34616806e+02 2.71706787e+02
 2.42745605e+04 2.03100415e+03 4.28413086e+02 2.06313623e+03
 1.95541534e+02 7.83447852e+03 4.94705957e+03 1.40977600e+03
 1.67201953e+04 3.42097891e+04 7.97678662e+03 1.09910771e+04
 8.24434875e+02 2.58156403e+02 5.50853203e+04 5.05401611e+03
 4.76614453e+04 2.85490938e+04 3.11545898e+02 7.46381797e+04
 8.90525360e+01 1.52704391e+02 3.49858359e+04 1.77787125e+02
 3.16932922e+02 1.64131973e+04 3.90165742e+04 2.86971914e+04
 1.75753965e+04 1.71101309e+04 1.63489053e+04 8.20420312e+05
 7.65745078e+04 1.45729762e-02 1.11966143e+04 1.85968414e+02
 1.16846650e+04 1.84899780e+03 4.41521328e+04 7.32653223e+03
 1.02440344e+03 1.01125938e+04 4.36307773e+04 2.00019258e+04
 1.57794590e+04 2.08497482e+02 1.59469717e+04 3.25206006e+03
 5.89968398e+04 2.39558984e+04 6.94848047e+04 5.05672754e+03
 2.06441504e+03 5.58363623e+03 2.89093156e+05 6.42919873e+03
 8.81774805e+03 6.29274707e+03 2.08760913e+03 4.22041382e+02
 1.01435068e+04 4.60434082e+03 2.43508179e+03 4.92847168e+03
 2.38937109e+04 7.62641449e+01 4.10929004e+03 1.70694473e+04
 5.34868713e+02 4.36977417e+02 1.30973465e+02 6.95881641e+04
 2.78288306e+03 2.26600312e+04 3.04677031e+04 2.07078711e+04
 8.60546000e+05 1.22016570e+05 2.50922226e+02 2.34616040e+03
 1.51867218e+02 2.23189966e+03 3.41828033e+02 4.90887256e+03
 1.28967310e+03 3.91123901e+03 2.36444570e+04 5.15486816e+02
 1.17529443e+03 2.41492672e+05 4.15097148e+04 5.22215674e+03
 1.46323572e+03 6.39211688e+05 1.74616719e+04 4.52475739e+02
 2.04339961e+04 8.30770801e+03 1.68340039e+03 5.46296045e+03
 1.12793662e+04 2.73032562e+02 8.22736641e+04 2.50273945e+04
 5.46676797e+04 2.25005469e+04 4.17528625e+02 1.37072422e+04
 1.96981949e+02 3.14044043e+03 6.90485010e+03 7.15953125e+02
 6.91574829e+02 9.37149297e+04 2.35183740e+03 7.31054219e+04
 3.86953281e+04 8.61262402e+03 8.27012891e+03 1.35176260e+04
 2.99574170e+03 1.45263330e+03 6.80188688e+05 1.15562988e+04
 1.00026898e+03 3.27614282e+03 1.48822236e+04 1.04959692e+03
 4.86589805e+04 3.32330508e+04 7.13357971e+02 1.09654961e+05
 1.01478119e+03 5.85521436e+03 4.39756406e+04 3.17593921e+03
 3.20528687e+03 2.15066992e+03 1.64916954e+01 5.48482568e+03
 1.00114273e+05 6.66232483e+02 4.84444102e+04 4.95731250e+03
 7.53309375e+03 1.56870361e+03 1.21266289e+04 8.72888867e+03
 1.85577070e+04 3.76316431e+03 3.01283661e+02 5.65929504e+02
 4.32038498e+01 7.25020874e+02 8.00253594e+04 5.23272461e+03
 1.80609375e+04 3.11954434e+04 3.37609180e+04 5.05676031e+05
 1.07869242e+05 1.71559125e+05 5.51515771e+03 1.33611426e+03
 5.78218945e+04 1.48938838e+04 3.10356958e+03 2.70022559e+03
 2.27989453e+03 1.35098223e+04 7.88445117e+03 3.86826050e+03
 1.62042328e+02 1.12641284e+03 8.80870728e+02 4.07654590e+03
 5.63552969e+04 2.84338940e+03 7.06797900e+03 2.95922165e+01
 8.90220215e+03 1.72990524e+02 7.74449097e+02 3.07244629e+04
 1.08875073e+03 1.59068477e+04 4.26836475e+03 2.11154785e+03
 1.42400781e+04 6.64077820e+02 2.32270449e+04 3.48605977e+04
 2.99891162e+03 6.45697803e+03 2.90272217e+02 9.18906433e+02
 6.75701172e+04 3.73096558e+03 1.33477081e+02 1.49429932e+03
 7.23937805e+02 3.93234406e+02 5.01143585e+02 1.34431260e+04
 1.41493672e+05 3.49352539e+03 6.24432793e+01 1.81892834e+03
 4.99243408e+03 1.05254175e+03 3.06304077e+02 1.33181734e+05
 1.65788864e+02 3.69430977e+04 4.26743018e+03 5.29378242e+04
 4.58319180e+04 5.23054016e+02 9.46200586e+03 5.85440527e+03
 3.00462344e+04 4.41478955e+03 6.67981348e+03 6.45540466e+02
 6.65098125e+04 4.56296582e+03 1.77230332e+04 3.62061249e+02
 4.26232433e+00 7.70946777e+02 5.22903214e+01 1.77725950e+06
 1.36123792e+03 3.16576641e+04 9.78490859e+04 1.89033438e+04
 1.03641370e+03 1.94112317e+03 9.54597949e+03 2.85280493e+03
 2.08339645e+02 2.10935815e+03 1.71857483e+03 1.11195664e+04
 7.25616837e+01 3.08860327e+03 1.43261383e+02 6.89929834e+03
 7.98901611e+03 2.75602402e+04 1.15435367e+05 1.51373291e+04
 6.37422754e+03 7.77016455e+03 1.98769775e+03 7.16088562e+05
 2.55513613e+04 9.71232422e+02 4.37649048e+02 3.93632969e+04
 1.36474951e+04 6.27487305e+03 8.25081152e+03 1.85529694e+02
 3.45794861e+02 2.98548594e+04 2.18363711e+04 1.40931172e+04
 4.62711992e+04 1.19513516e+04 8.91560303e+02 1.59300610e+03
 4.04581328e+04 1.68443555e+04 1.40546387e+04 1.57765332e+04
 3.30163945e+04 1.46864819e+03 1.30501484e+04 1.05074805e+04
 1.15819893e+04 4.98408775e+01 1.64632441e+04 5.51283887e+03
 1.55383228e+03 1.87048035e+03 2.71055756e+02 4.35372500e+04
 3.06395625e+04 7.46071338e+03 1.93243835e+03 1.99360352e+04
 6.05750684e+03 2.68576080e+02 5.96119219e+04 5.59409922e+04
 5.82421875e+03 4.56453564e+03 6.09152188e+04 4.75359180e+04
 4.02460999e+02 2.51887466e+02 2.21670337e+03 3.04936694e+03]
