[9.44477250e+05 9.47506328e+04 1.88771656e+05 2.28722516e+05
 5.56407375e+05 8.47065625e+04 1.19068961e+05 1.35670922e+05
 1.72565234e+05 4.58007875e+05 8.19925438e+05 9.60796500e+05
 2.07066388e+06 9.17586426e+03 7.37831172e+04 2.10194922e+04
 9.35339125e+05 5.19938203e+04 1.17633844e+05 3.89308375e+06
 5.95111625e+05 4.03224875e+05 4.92723850e+06 1.96417422e+05
 7.02599531e+04 2.25183000e+06 1.79692840e+07 4.81571523e+04
 1.28351234e+05 1.89426562e+05 6.43769219e+04 4.11016250e+05
 4.86062375e+05 4.91863094e+05 2.16856925e+06 1.83383641e+05
 2.43032469e+05 2.90717363e+04 1.55535734e+05 1.36129703e+05
 5.35115625e+04 3.27479062e+05 5.24716625e+05 6.91987062e+05
 1.29624188e+05 1.57911469e+05 1.74124688e+05 1.44028266e+05
 6.44662188e+04 4.45108200e+06 2.08761953e+04 8.59337266e+04
 5.23127305e+04 2.43821500e+07 1.73446578e+05 1.66830527e+04
 2.69634250e+05 2.75518250e+06 6.94691312e+05 8.36926062e+05
 1.31301662e+06 8.24048750e+04 1.02387609e+05 7.43772344e+04
 5.91491602e+04 3.67125406e+05 2.85195488e+04 1.25382393e+04
 7.39518359e+04 6.16734375e+05 7.92499453e+04 2.91154781e+05
 4.57519023e+04 5.09005938e+05 1.27495400e+04 1.01813484e+05
 2.26504938e+05 6.67003875e+05 1.54191812e+05 1.10008212e+06
 5.75077422e+04 7.87631641e+04 5.67554922e+04 6.89189219e+04
 2.81080500e+05 6.53219961e+04 2.07220141e+05 1.21210039e+05
 5.30352000e+05 3.34139125e+05 1.51586890e+03 3.32163275e+06
 6.30295977e+04 3.44578781e+05 1.69088120e+07 2.11413609e+05
 2.24516250e+04 1.31294016e+05 7.39206938e+05 8.37828281e+04
 1.42482750e+05 6.70835250e+05 8.05662734e+04 1.53959668e+04
 2.24645812e+05 1.01967021e+04 9.04561062e+05 3.15162906e+05
 1.67977906e+05 4.51315430e+04 1.73870141e+05 2.95948688e+05
 1.83347500e+04 4.90346484e+03 2.45668328e+05 6.36655000e+04
 1.70645154e+03 2.22873703e+05 1.61687000e+05 1.32935422e+05
 7.51642938e+05 4.82900234e+04 5.26805750e+05 4.21356250e+06
 9.07916062e+05 4.54976328e+04 3.72820664e+04 2.18593516e+04
 1.35849047e+05 2.14761125e+05 7.88227891e+04 1.75973844e+05
 1.35528008e+04 2.92912622e+03 1.64309469e+05 7.41547109e+04
 2.05427375e+05 5.22366797e+04 1.14823250e+06 3.51046031e+05
 3.25170500e+05 3.70634188e+05 4.07643719e+05 1.81211438e+05
 4.09145688e+05 6.84516406e+04 4.80285430e+04 2.36238578e+05
 1.44535675e+06 4.15942700e+06 1.14190039e+05 2.01030828e+05
 3.85519969e+05 2.23504031e+05 5.31322688e+05 2.00105266e+05
 3.02423984e+04 1.10791425e+06 1.34040547e+05 1.10809512e+06
 4.71435938e+05 8.32679688e+04 6.92376562e+04 4.78996219e+05
 3.13570625e+05 2.15159000e+05 1.28769914e+05 3.00197875e+05
 1.67647469e+05 2.02289250e+06 9.69325859e+04 1.50351875e+05
 1.88168172e+05 5.25999141e+04 9.08065938e+04 2.80908156e+05
 1.00735914e+05 3.08797363e+04 7.74694531e+04 1.35351150e+06
 3.15875312e+05 1.89316348e+04 7.11653100e+06 8.04021000e+05
 1.44912314e+04 1.36547922e+05 1.00459199e+04 8.96113770e+03
 4.52425781e+05 1.68671062e+05 3.27255000e+05 3.24275332e+04
 4.47775625e+04 5.59325859e+04 1.68504188e+06 3.33035938e+05
 5.96872938e+05 1.59708828e+05 1.29062852e+05 5.25996625e+05
 8.86602734e+04 6.88927688e+05 9.18647375e+05 1.29040867e+05
 5.01736850e+06 1.26057188e+06 6.30152812e+04 1.24193600e+06
 3.38385062e+05 1.01888430e+05 1.61664844e+05 2.80645449e+04
 1.70959328e+05 7.33080000e+05 4.75580344e+05 5.20864883e+04
 1.74025391e+05 4.59663516e+04 5.67015875e+05 9.61960000e+04
 7.21852578e+04 2.32026859e+05 7.98876855e+03 2.74262775e+06
 1.50863172e+05 8.71775156e+04 4.64334125e+05 5.68103984e+04
 1.13733711e+05 1.84882200e+06 1.79185156e+05 1.23614672e+05
 3.47191719e+05 2.11114547e+05 3.23560801e+04 9.09032000e+05
 3.63849594e+05 1.37346523e+04 1.74439551e+04 2.59311906e+05
 4.05523969e+05 1.15604617e+05 7.48931688e+05 3.98212531e+05
 1.59054047e+05 1.43176516e+05 1.98333844e+05 2.84452156e+05
 1.01884406e+06 6.39414812e+05 3.56148320e+04 2.56871000e+05
 7.86963516e+04 4.12674844e+04 1.84518484e+05 1.51192688e+05
 2.09255812e+05 1.21196109e+05 1.31260359e+05 2.13917559e+04
 6.78497150e+06 3.72592531e+05 8.16613562e+05 5.81014111e+03
 1.36106689e+04 1.00322388e+02 2.17827188e+04 4.90359125e+05
 5.42063250e+05 4.91099500e+05 4.68148406e+05 2.08968062e+06
 8.39520391e+04 1.78954703e+05 4.57788969e+05 1.68939969e+05
 6.32761000e+06 2.03627312e+06 2.23744004e+04 5.91333600e+06
 6.60696289e+02 1.25605539e+05 9.55850859e+04 4.84808125e+04
 1.81318984e+04 3.24953312e+05 2.87847719e+05 6.53431680e+04
 9.39127344e+04 5.38905125e+05 1.02169900e+07 1.28866039e+05
 1.02031664e+05 1.57872578e+05 1.24839242e+05 6.81256016e+04
 3.06900406e+05 1.08440266e+05 6.02477344e+04 2.14956396e+03
 6.35878750e+05 8.21636035e+03 3.51899688e+05 1.08385664e+05
 1.21195762e+06 1.57500980e+07 1.22118602e+05 1.89232988e+06
 3.77752466e+03 2.20531909e+03 1.23764929e+03 4.22016750e+05
 4.09077075e+06 1.10527602e+05 5.17451406e+04 2.71659500e+05
 4.84948781e+05 3.25331602e+04 3.56154102e+04 3.42252550e+06
 1.21443656e+05 6.16458633e+04 3.05360094e+05 5.20041062e+05
 5.71719125e+05 4.78716602e+04 5.83591350e+06 1.46576531e+05
 5.48074750e+05 9.55683203e+04 2.69264551e+03 1.93275918e+04
 6.15686641e+04 8.07335875e+05 2.51077391e+05 1.04841288e+06
 5.10615088e+03 1.17183219e+05 3.97982562e+05 3.57762305e+04
 1.66850984e+05 4.27600875e+05 1.91342922e+05 1.86711578e+05
 1.29110957e+04 7.21137891e+04 6.10021250e+04 4.11650000e+05
 3.53367100e+06 6.54344102e+04 1.46108594e+04 4.59093400e+06
 1.51190203e+05 4.84522219e+05 9.35792812e+04 3.48956688e+05
 8.04586500e+05 1.26613570e+05 2.77401594e+05 4.12096906e+05
 2.46246150e+06 6.25797625e+05 1.23958039e+05 1.11102250e+05
 1.27040888e+06 5.13597719e+05 1.19080250e+05 1.31742359e+05
 1.14312730e+07 6.88205391e+04 7.62049250e+05 4.10507562e+05
 3.75791925e+06 3.96175781e+04 4.93660562e+05 1.55335888e+06
 3.38795925e+06 1.96196969e+05 1.52675098e+03 1.39992021e+04
 9.10596438e+05 7.14931938e+05 5.04725050e+06 1.45420969e+05
 3.77450312e+04 1.13328250e+05 2.79225719e+05 3.15236582e+04
 4.63398531e+05 1.48689484e+05 1.78596712e+06 1.51050195e+04
 6.51162227e+04 6.68798594e+04 1.07166688e+06 3.77971656e+05
 7.34173359e+04 2.63224725e+06 2.02334266e+05 2.47578075e+06
 1.40834912e+04 3.66243656e+05 1.76117734e+04 8.43477422e+04
 3.45634531e+05 1.17546219e+05 1.02973234e+05 1.54946109e+05
 3.89476160e+07 3.62123375e+05 2.09440406e+05 1.11726288e+06
 9.86738188e+05 9.82892500e+04 1.76741075e+06 4.61492281e+05
 6.46158359e+04 1.89383188e+05 3.34183812e+05 2.22840531e+05
 1.33238375e+06 9.86891309e+03 1.55341984e+05 1.01975694e+06
 1.41381109e+05 6.08858438e+04 5.66963312e+05 4.67926758e+03
 1.08556438e+06 9.40602266e+04 1.17007000e+05 5.04313008e+04
 5.26081602e+04 3.62890300e+06 1.22073625e+05 2.53840410e+04
 1.23391539e+05 8.14334473e+03 8.13687969e+04 1.72610953e+05
 3.61290344e+05 1.59201965e+03 4.76995562e+05 2.44281109e+05
 9.03776641e+04 6.81797734e+04 1.02280648e+05 1.46165688e+05
 1.81165566e+04 2.33672719e+05 3.36798633e+04 5.11579280e+07
 9.16929141e+04 2.31494484e+05 1.40986600e+06 5.18609609e+04
 1.02100352e+05 1.07220012e+06 2.51033359e+05 2.24985898e+04
 4.47544062e+05 1.47703719e+05 1.99464961e+04 8.29854141e+04
 1.04911688e+06 3.20166973e+04 7.71670438e+05 5.72823711e+04
 6.86534531e+04 4.16523000e+05 1.33660723e+04 1.35755484e+05
 2.78800031e+05 4.32176000e+05 4.33366562e+04 1.82840250e+05
 4.59803672e+04 5.13292875e+05 1.83468750e+04 6.05257275e+03
 1.29966416e+04 2.59477328e+05 1.08568779e+04 9.18361250e+04
 3.46863406e+05 3.08267250e+05 1.25105586e+05 1.10795400e+07
 7.81108828e+04 1.19073525e+04 7.13254922e+04 5.63011438e+05
 1.13102703e+05 1.94567469e+05 1.67189391e+05 1.23519482e+04
 5.93811445e+04 1.78133200e+06 1.03474000e+05 1.69987359e+05
 7.51665703e+04 2.49370234e+05 4.76561469e+05 1.68085422e+05
 1.65101562e+04 1.52204359e+05 7.97191719e+04 2.70781406e+05
 1.47334891e+05 2.34603844e+05 4.64743066e+03 3.55777500e+05
 8.49584922e+04 1.85394102e+04 4.24299805e+04 6.56393812e+05
 1.00968738e+06 1.38899312e+05 5.20022250e+05 6.25366000e+05
 1.72663781e+05 2.52561562e+05 1.26849492e+05 2.92127812e+05
 9.66842375e+05 1.21547516e+05 1.02548570e+05 4.49907562e+05
 1.63295000e+05 1.31550797e+05 6.84870000e+04 1.90357539e+04
 1.00113445e+05 2.43225188e+05 7.57433105e+03 2.11593266e+05
 8.37451062e+05 5.57439812e+05 1.68492469e+05 4.03287531e+05
 6.32356375e+05 1.71035350e+06 9.25410547e+04 1.47349828e+05
 5.92182344e+04 8.18318812e+05 1.96906578e+05 7.44123047e+04
 6.05499625e+05 4.75330969e+05 2.32449562e+05 9.02998828e+04
 8.18555625e+04 4.91218600e+06 3.45886406e+04 1.06984338e+06
 8.71889531e+04 8.68365469e+04 4.27646445e+04 2.09555844e+05
 8.13767625e+05 4.63771875e+05 1.34283359e+05 5.69058359e+04
 7.67270781e+04 3.46752461e+04 3.85745508e+04 5.58687750e+05
 5.07856016e+04 7.63747266e+04 7.46216328e+04 2.95414688e+05
 3.11866075e+06 1.24463625e+06 3.70618750e+05 4.13015719e+05
 1.82808109e+05 1.92794094e+05 3.54882500e+04 8.97217896e+02
 1.06558900e+06 7.06854980e+03 8.64069500e+05 4.76033438e+04
 1.53940750e+05 1.05126500e+06 8.82921562e+04 3.10496125e+05
 2.22483469e+05 4.47221812e+05 7.97302750e+05 3.21115406e+05
 2.20109109e+05 2.81928375e+05 5.27884375e+05 3.63311312e+05
 2.95895625e+04 7.46452891e+04 1.07895900e+06 1.20197625e+05
 1.54588780e+07 3.60785188e+05 1.15876836e+05 1.02876992e+05
 6.44268625e+05 8.69301719e+04 2.44567297e+05 3.11551895e+04
 4.97962875e+05 1.74077703e+05 1.09061201e+04 2.86762844e+05
 2.85085625e+05 2.36823969e+05 2.83306230e+04 3.92953969e+05
 7.30344375e+05 1.45560688e+06 6.70048750e+05 1.29110338e+06
 7.09595000e+04 5.72344688e+05 7.74337031e+04 2.16302793e+04
 3.19641250e+05 9.09255812e+05 1.20497938e+06 4.23365547e+04
 5.99059336e+04 1.22061586e+05 2.98935250e+05 7.17569844e+04
 3.68221914e+04 6.94562578e+04 1.33002812e+04 7.71796406e+04
 1.50566266e+05 6.47403164e+04 1.28713305e+05 1.92014975e+06
 2.88427469e+05 2.16006602e+04 1.68100766e+05 1.04739289e+05
 1.31379820e+07 1.60002391e+05 1.71585812e+05 5.21334000e+05
 5.51961758e+04 1.08147070e+05 2.77061504e+04 2.34440656e+05
 1.10494047e+05 1.32387656e+05 8.12965000e+04 1.20574898e+05
 2.17161992e+04 8.93379250e+05 4.03759188e+05 1.95476375e+05
 1.89928578e+05 4.52027594e+05 1.80625422e+05 3.04712832e+04
 2.42181616e+03 2.21755328e+05 3.67124570e+04 1.70916953e+05
 4.43398938e+05 1.12586734e+05 3.54867375e+06 4.14877625e+05
 1.67056660e+04 7.33883688e+05 7.13889188e+05 1.64049359e+05
 6.47837852e+04 3.04549688e+05 2.94113094e+05 1.28289488e+06
 8.50947969e+04 3.17353184e+04 5.49872773e+04 4.85162930e+04
 4.00904250e+05 1.50087471e+04 4.74244775e+03 1.01316119e+06
 1.00944453e+04 3.22144824e+04 5.54299375e+05 7.96577891e+04
 9.06114375e+04 4.01428500e+05 1.20705615e+04 1.02568961e+05
 1.55243312e+06 1.08729008e+05 2.75752438e+05 2.18137156e+05
 5.64780820e+04 1.69841250e+04 2.41128320e+04 6.38097773e+04
 5.83908508e+02 1.58042156e+05 8.74616719e+04 1.98070469e+04
 2.79997441e+04 3.46691719e+04 1.50937139e+04 2.12922203e+05
 1.36228062e+06 1.42547225e+06 4.88758031e+05 2.81083825e+06
 1.01356531e+06 3.24598125e+04 1.62538062e+03 4.76530039e+04
 2.49008562e+05 7.97036719e+04 3.62047594e+05 1.96331912e+06
 7.54851270e+03 3.08523223e+04 1.03378106e+06 6.51714750e+06
 1.97389900e+06 9.82190938e+05 5.47590000e+05 6.85058125e+05
 1.96279188e+05 1.33049675e+06 2.59335605e+04 4.53809297e+04
 3.35030352e+04 1.63133613e+04 9.94423375e+05 4.46529594e+05
 5.11736219e+05 1.96630547e+04 2.85884719e+05 5.55187500e+04
 2.49892246e+04 4.17014812e+05 1.21915075e+06 3.28800844e+05
 5.12410095e+02 1.02927266e+05 1.17168262e+06 1.52154000e+05
 2.38567141e+05 8.83249062e+04 1.79155750e+05 1.74468734e+05
 5.25818789e+04 3.16828000e+05 2.35829250e+06 4.54504609e+04
 4.06026484e+04 3.12753198e+03 1.23825547e+05 8.56859688e+04
 4.29749844e+04 9.67273047e+03 2.88671781e+05 8.49172188e+04
 1.71173172e+05 4.34012312e+05 1.30180662e+06 1.08973462e+06
 7.78884600e+06 2.16957625e+05 2.67678062e+05 6.19278906e+04
 4.23623086e+04 2.22868812e+05 9.75364531e+04 1.99930137e+04
 8.52652637e+03 2.63400156e+04 1.88813288e+06 7.28006797e+04
 2.12350391e+05 1.89805512e+06 2.31462156e+05 1.12295438e+05
 8.45550750e+05 3.95016150e+06 1.66922070e+04 1.47742094e+05
 1.46397250e+05 2.02576422e+05 1.18855117e+05 2.62281969e+05
 7.10230391e+04 4.73960234e+04 8.52405062e+05 6.31619102e+04
 1.34625038e+06 1.52367078e+05 5.52780188e+05 3.24579875e+05
 4.85598906e+05 1.45911469e+05 1.13846242e+05 1.95316777e+04
 8.75981445e+03 8.54045062e+05 3.70503344e+05 1.49655938e+06
 2.21401450e+06 2.06852344e+05 4.10826656e+05 2.96977070e+04
 4.01294156e+05 5.53865332e+03 2.80272925e+06 1.23077612e+06
 4.93026656e+05 2.68054188e+05 8.47520500e+05 2.23744238e+04
 1.58994175e+06 1.33727762e+06 2.05894281e+05 1.19214138e+06
 8.33408750e+04 1.90463141e+05 5.84308188e+05 3.32896031e+05
 2.22714900e+06 3.04919062e+05 1.06673648e+05 6.28321953e+04
 1.03861794e+06 1.05000719e+05 3.38140031e+05 2.82504746e+04
 1.09251383e+05 3.10193500e+05 1.77953391e+05 2.34022075e+06
 7.43767031e+04 1.33903016e+05 1.30316594e+05 1.77395264e+03
 1.76201543e+04 2.25765137e+04 4.58906875e+05 4.83685742e+03
 4.02970406e+05 4.35704000e+05 1.40190438e+06 1.31926738e+06
 1.94636438e+05 3.31996075e+06 4.31566031e+05 1.47995484e+05
 4.10152600e+06 3.79925750e+05 1.14521590e+07 1.83364297e+05
 1.73617953e+05 3.88814875e+05 1.51003955e+04 8.75289141e+04
 5.82572625e+05 7.59352031e+04 1.74969250e+05 2.40627203e+05
 3.09388850e+06 2.76088984e+04 1.59690047e+05 4.33732539e+04
 3.03596816e+04 1.73364562e+05 1.11199945e+05 2.16775891e+05
 1.95645188e+05 2.20768734e+05 1.03445758e+05 2.95989781e+05
 1.92800762e+06 2.81312781e+05 3.03724375e+06 1.15670602e+05
 7.60169150e+06 1.33897750e+05 7.12058984e+04 3.37343359e+04
 2.72974125e+05 1.01846633e+05 1.37410016e+05 5.38670391e+04
 5.48121729e+03 7.42646719e+04 5.10393781e+05 7.82141375e+05
 3.93524100e+06 2.55881777e+04 1.32165371e+04 7.26505750e+05
 7.75080078e+03 7.80852031e+04 1.09535859e+05 5.21215969e+05
 6.95678828e+04 1.72481828e+05 1.87817203e+05 2.42348391e+05
 8.28628375e+05 2.03323984e+05 1.95991035e+04 1.11628414e+05
 2.14239922e+05 6.58777250e+05 1.68022297e+05 8.13452783e+03
 7.25996438e+05 2.69993406e+05 2.43838734e+05 2.47185047e+05
 5.72658545e+03 8.84787312e+05 1.13418602e+05 3.85966781e+05
 8.32049609e+04 1.76595016e+05 1.19640492e+05 5.05875188e+05
 9.48245078e+04 2.12234121e+04 1.06023062e+05 2.98041938e+05
 8.15184297e+04 4.84609094e+05 1.27216305e+05 2.49594719e+05
 8.60490781e+04 1.70465609e+05 1.02215180e+05 1.56766469e+05
 9.01650000e+04 1.24736238e+06 1.46821462e+06 1.65228469e+05
 4.75667383e+04 1.29587781e+05 1.35367656e+04 2.37003460e+07
 4.42579031e+05 1.36827773e+04 8.80766504e+03 3.98963750e+05
 4.46865859e+04 1.59732500e+05 4.63128600e+06 1.94614078e+05
 4.16104062e+04 4.65723789e+04 1.77974250e+05 8.58825500e+05
 2.94773188e+05 4.65148145e+03 6.56095625e+05 3.58441844e+05
 9.24285469e+04 8.66702812e+05 8.31152734e+04 1.08200738e+06
 5.57591328e+04 1.07942883e+05 4.09997031e+04 1.95767625e+05
 2.28189125e+06 2.25756656e+05 6.09357938e+05 7.45249561e+03
 2.19474281e+05 6.04542695e+04 1.17825281e+05 9.82063000e+06
 3.54523594e+04 4.62656062e+05 3.80320391e+04 8.93589922e+04
 1.11533325e+06 2.99194438e+05 2.92344625e+05 1.64281900e+06
 4.01304370e+03 1.46029500e+05 2.00920650e+06 6.25128125e+04
 1.06841477e+05 4.00166125e+05 9.65660000e+04 1.55818766e+05]
748872.8
51157930.0
