[1.59638112e+06 4.40549062e+05 8.27100875e+05 1.19197504e+09
 2.44470325e+06 1.03325664e+05 4.38202031e+04 2.56135547e+05
 1.19238725e+06 3.38964032e+08 1.14230325e+06 1.93624550e+06
 2.88890562e+05 3.30783188e+05 3.81497472e+08 2.49178266e+05
 1.91114238e+06 4.86989920e+08 2.27402938e+05 3.03924900e+07
 1.00486506e+06 4.20798844e+05 4.23063320e+07 1.98041525e+06
 9.33209531e+04 1.55711160e+10 2.17907740e+07 2.11097139e+09
 2.37353500e+05 2.98548832e+08 1.09591477e+05 2.15514450e+06
 1.01895734e+05 1.87837562e+05 9.64448750e+05 6.33289023e+04
 8.17857344e+04 5.06896484e+04 5.55205625e+05 4.50955625e+04
 7.17802500e+05 1.81104781e+09 1.08178138e+06 1.22893175e+06
 8.16689688e+05 2.26153781e+05 2.29038208e+08 1.12580250e+05
 9.98810938e+05 1.30331031e+05 2.14722875e+05 2.44679438e+05
 1.99110240e+08 2.83596875e+06 3.15207906e+05 2.07910816e+08
 3.90560750e+05 4.64140800e+06 1.90256200e+06 4.66898750e+05
 1.60363138e+06 7.42739125e+05 5.04927936e+08 1.58520016e+05
 5.50373280e+07 2.61591300e+06 2.20759424e+08 5.00889375e+05
 2.53968750e+05 2.86511775e+06 3.17703188e+05 2.10928594e+05
 3.98481250e+05 1.84693688e+06 3.81191938e+05 4.53917719e+05
 1.01277138e+06 2.57760998e+09 2.97346812e+05 8.32413300e+06
 3.36122112e+08 7.24866300e+06 1.00950688e+05 1.14498977e+05
 1.63091922e+05 1.94977312e+08 2.09356367e+04 1.85376031e+05
 1.54896909e+09 1.98903388e+06 8.33082344e+04 6.44561000e+05
 1.49495984e+05 7.64883812e+05 8.24656800e+06 8.31746188e+05
 2.53635281e+05 2.21312234e+05 7.95406250e+05 2.25946969e+05
 2.36634562e+05 3.50667969e+05 7.20666500e+05 4.56746312e+05
 1.46524969e+05 3.05027062e+05 4.60015000e+05 1.40727148e+04
 8.54296875e+05 1.54561719e+05 5.92510062e+05 4.11326000e+06
 2.26950371e+04 8.59951562e+05 3.21250022e+09 3.38392000e+05
 8.70228125e+04 1.79755238e+06 2.23239562e+05 8.55893359e+04
 2.08310219e+05 2.73949125e+05 2.00278297e+05 3.12817225e+06
 1.70642862e+06 3.60915688e+05 2.40036496e+08 8.38691250e+04
 3.39088156e+05 4.69617760e+08 4.34610438e+05 1.52582104e+03
 8.38104128e+08 5.12672188e+05 9.90823552e+08 1.22854688e+08
 2.44594750e+06 4.55350336e+08 1.20516416e+09 4.19335625e+05
 2.24673664e+09 5.88935562e+05 1.00500038e+06 1.48592125e+06
 5.38463900e+06 2.77298844e+05 1.14655000e+08 1.84230003e+09
 1.42629112e+06 5.92168125e+05 3.07445344e+08 1.17178253e+09
 7.90805312e+05 3.77282305e+04 3.05969952e+08 8.87258125e+04
 2.04446797e+05 1.33063588e+06 2.11840656e+05 6.79955600e+06
 3.98829925e+06 1.41898188e+05 3.60712617e+04 2.35130594e+05
 2.53001275e+06 9.54710812e+05 1.26370059e+04 9.86773875e+05
 1.83805547e+04 7.87894375e+05 2.43699250e+05 5.52897625e+05
 2.08762891e+05 5.13067562e+05 2.46014172e+05 7.50476250e+04
 5.26324875e+05 1.12532570e+05 1.28927102e+05 1.43603261e+10
 3.59284326e+09 6.78645568e+08 4.92318360e+07 1.71529150e+06
 9.09120938e+05 3.12638105e+04 3.17169406e+05 2.28600562e+05
 5.12692531e+05 1.20941656e+05 1.34399814e+04 9.01982344e+04
 2.70934812e+05 3.49033906e+04 4.41954200e+06 3.14206660e+04
 1.06569538e+06 5.11771200e+08 2.30787856e+08 3.16250500e+05
 1.31987562e+05 2.61779250e+06 1.71118175e+06 2.53742496e+08
 8.18694050e+06 5.13046550e+06 1.68465024e+08 2.04942539e+04
 2.20181348e+04 6.93252800e+08 7.64345188e+05 4.70432704e+08
 3.42469281e+05 2.81487625e+05 5.46538812e+05 3.89170195e+04
 5.05310195e+04 6.23008594e+04 1.16753700e+06 4.50039141e+04
 1.33016219e+05 1.90113734e+05 3.07253625e+05 7.71673300e+06
 1.50118453e+05 1.62595392e+09 1.44394912e+06 3.54214688e+04
 2.63352051e+04 8.28441500e+05 3.02304406e+05 4.64559625e+05
 3.02787719e+05 4.87384812e+05 1.99543859e+05 1.06240467e+09
 8.24172480e+08 1.05445120e+08 1.69941641e+05 2.14106047e+05
 2.05644938e+06 1.02605438e+05 1.34662775e+06 5.82123812e+05
 1.04344711e+05 4.28309125e+05 2.16198422e+05 1.20080300e+06
 4.85847219e+05 3.70204400e+06 2.12710891e+05 2.70933018e+09
 5.10291232e+08 4.62139104e+08 2.05401312e+05 8.07926812e+05
 2.94998828e+04 3.09468384e+08 2.55436969e+05 6.41206125e+05
 1.66614380e+07 3.01800450e+06 1.16980712e+06 3.57368781e+05
 2.34774578e+05 2.74352594e+05 2.10580586e+04 8.89482500e+05
 1.70344192e+09 1.49627034e+09 1.64993433e+03 2.93135718e+09
 3.57855232e+08 3.36641875e+05 3.16245175e+06 1.49186750e+05
 9.22207400e+06 3.77414575e+06 1.23502234e+09 6.08013850e+06
 1.24083763e+09 4.35026022e+09 6.65270078e+04 4.08712344e+04
 1.63206729e+04 4.07918281e+05 6.28866250e+04 5.73500000e+05
 1.12276984e+05 1.82891075e+06 3.76212000e+07 1.28733297e+05
 1.37860438e+05 4.48393359e+04 1.93857797e+05 1.75022984e+05
 6.90584609e+04 1.12516838e+06 1.86023438e+06 9.40754297e+04
 1.52721500e+05 1.55434912e+08 4.34409318e+09 7.68291150e+06
 4.63798350e+06 7.67789250e+06 2.46981582e+04 2.96616875e+06
 4.45033760e+08 4.65579922e+04 4.14261880e+07 1.40067078e+05
 4.70789100e+06 2.96634562e+05 4.08283200e+08 2.14421581e+09
 2.23645645e+04 6.93119693e+09 9.14171264e+08 5.19481500e+06
 3.73202938e+05 1.08155638e+06 1.32440188e+06 1.86684109e+05
 2.77451825e+06 2.82605969e+05 2.60411075e+06 2.20885936e+08
 9.56512812e+05 3.84812852e+04 1.74649406e+05 1.17697172e+05
 1.36072000e+05 3.33086750e+05 4.28505688e+05 1.52581100e+06
 5.90018555e+04 1.66389969e+05 1.45108750e+07 1.07312906e+05
 8.07277500e+04 1.93925156e+05 2.46223094e+05 1.60413575e+06
 1.38436391e+05 2.41896128e+08 6.48405703e+04 9.23777125e+05
 5.70208350e+06 3.01183719e+05 9.31707062e+05 1.27170020e+07
 2.29208906e+05 5.47692562e+05 2.93724375e+05 5.44213500e+05
 1.92681638e+06 5.89718688e+05 4.13252969e+05 8.21480812e+05
 1.12160375e+06 1.07806988e+06 1.61519838e+06 3.52444224e+08
 1.97184912e+06 2.59016250e+06 7.94708416e+08 6.94756736e+08
 3.78786325e+06 4.15696300e+06 6.63956688e+05 9.72437438e+05
 5.82973550e+06 3.02038875e+05 1.72661158e+09 1.56007188e+06
 7.66558400e+06 1.33966475e+06 3.08959712e+08 1.07894711e+05
 5.06809900e+06 1.59877100e+06 1.39816780e+07 1.00340557e+09
 8.11479453e+04 5.56147750e+05 2.43333016e+05 6.69454592e+08
 2.68833434e+09 5.69200625e+05 2.27180525e+06 1.04583000e+08
 1.72571141e+05 7.60282125e+05 8.95015938e+04 3.25087625e+05
 1.74556895e+04 7.37072896e+09 1.96043906e+05 9.83241938e+05
 1.16361922e+05 7.91894500e+05 2.36264219e+05 2.55120844e+05
 2.34024450e+06 1.01627232e+09 4.20182281e+05 1.43811006e+04
 1.92545488e+08 5.43065312e+05 3.34643594e+04 3.18362750e+05
 1.35338662e+06 9.92126562e+04 5.91731917e+09 2.12304594e+05
 1.38584844e+05 3.31021719e+04 1.48743565e+09 5.32879375e+05
 7.34740875e+05 8.90718203e+04 6.35519616e+08 4.28298500e+05
 2.30549188e+05 5.20688192e+08 2.45656858e+09 6.19579062e+04
 3.13956350e+06 4.08238688e+05 3.40439808e+08 2.21157000e+05
 1.08375137e+04 1.35175588e+06 3.37195500e+05 5.86960645e+03
 2.39806484e+05 1.66609121e+04 4.45662250e+05 1.43763075e+06
 3.10243469e+05 7.42764375e+05 8.68624375e+05 1.84803812e+05
 2.26455500e+05 2.02295734e+05 1.46977609e+05 1.38684775e+06
 1.59643719e+05 1.28391262e+06 1.61241500e+05 3.66174225e+06
 4.76444023e+04 5.48493750e+05 1.80986012e+06 4.41305352e+04
 2.11090156e+05 1.36162419e+09 5.15659062e+05 2.81190375e+05
 9.60995625e+04 2.34421453e+05 2.93557219e+05 8.12277500e+04
 9.77792750e+05 2.35115391e+05 8.03772688e+05 1.32822359e+05
 5.17159312e+05 1.04027770e+07 1.20523000e+06 8.04714000e+05
 4.05862912e+08 1.87586625e+06 8.95028047e+04 4.88857600e+09
 1.58816516e+05 2.93185062e+05 5.83836438e+05 4.15721367e+04
 4.33118438e+05 5.35029875e+05 4.93965031e+05 7.50851500e+05
 8.08860672e+08 4.81737219e+05 3.18723500e+05 2.27091925e+06
 1.72442438e+05 2.47110820e+04 5.96463872e+08 1.64834594e+05
 1.38964672e+05 3.43833375e+05 4.68094969e+05 1.00519150e+04
 2.00871984e+05 2.45180150e+06 5.53129875e+05 2.60145531e+05
 5.37974592e+08 9.54548750e+05 1.35838950e+06 3.60960508e+04
 7.55956152e+03 3.54916375e+05 8.31224141e+04 5.65056750e+05
 1.93956906e+05 2.17917090e+04 1.88554188e+05 5.16241906e+05
 1.51959578e+05 4.28891156e+05 1.18734638e+06 3.23011225e+06
 5.48287283e+09 1.23204516e+05 3.27269725e+06 7.68389888e+08
 3.88996062e+05 9.43533000e+05 9.20862144e+08 1.20933588e+06
 2.01620300e+06 1.84017285e+04 5.36316288e+08 3.84010969e+05
 1.89918312e+05 2.94588544e+08 6.05409805e+04 3.16511344e+05
 1.43808857e+04 2.24818688e+05 1.54675600e+08 4.84566464e+08
 2.01846298e+09 1.73414175e+06 1.31615825e+06 1.01772307e+09
 2.34365250e+06 2.84224102e+10 2.46586031e+05 1.84654703e+05
 8.39040800e+07 2.40321216e+08 1.12096484e+05 3.26197312e+05
 2.17472400e+06 2.74834824e+04 8.71423188e+05 1.75630859e+04
 2.36791500e+05 4.09289550e+06 2.35898250e+05 1.12128075e+06
 1.00574125e+05 7.79758047e+04 2.55444224e+08 3.30266048e+08
 1.26029758e+05 1.24826562e+06 6.14920156e+04 3.57256384e+08
 2.57291344e+05 1.50330406e+05 1.14207608e+08 2.09305662e+06
 3.32146758e+04 5.58265391e+04 5.28117188e+05 5.57362562e+05
 8.07856600e+06 2.15294125e+06 1.94908813e+09 3.98101406e+05
 1.94188453e+05 5.92617625e+05 2.71062438e+05 6.85300859e+04
 1.83543344e+05 1.53803562e+05 5.60547840e+09 2.89653475e+06
 1.17565000e+06 5.54839400e+06 1.53354406e+05 6.47115312e+05
 4.43682031e+04 2.21951156e+05 2.72977969e+05 1.07098672e+05
 2.39508480e+09 3.62207406e+05 4.45924844e+05 2.46808109e+05
 2.49350624e+08 1.71398797e+05 1.12211838e+06 1.71343906e+05
 1.33715661e+10 2.80405781e+05 1.20186211e+04 3.62242500e+05
 2.39121975e+06 1.84037656e+04 3.23354812e+05 3.61471750e+05
 1.17120925e+06 1.00034400e+09 3.00351230e+04 2.91659250e+05
 5.80227250e+05 2.95945958e+09 3.34432688e+05 1.55522200e+06
 1.91054962e+06 4.36523100e+06 1.95446312e+06 1.19974488e+06
 4.18111484e+04 7.61341438e+05 6.55734297e+04 8.01993047e+04
 1.03417550e+06 1.48533747e+09 1.60813939e+09 4.65642500e+04
 6.92224062e+04 1.59441446e+09 5.52493375e+05 2.22439904e+08
 9.84958750e+05 9.67110625e+04 5.59012250e+05 3.74831031e+05
 1.88265586e+04 2.07474828e+05 1.44924416e+09 4.15742100e+06
 2.98110438e+05 1.17631552e+09 1.08546461e+05 2.67408125e+05
 6.39479726e+10 6.54827776e+08 9.96367812e+04 2.20733050e+06
 5.08535500e+05 9.86546719e+04 1.12968867e+05 1.04090109e+05
 2.43501016e+05 5.77342969e+04 1.01749498e+09 4.53079150e+03
 7.51122578e+04 1.14505075e+06 6.31020938e+05 4.77409922e+04
 1.36908984e+05 1.00514900e+07 4.51890344e+05 2.51246828e+05
 1.89487016e+05 1.35083359e+05 2.03167969e+05 5.53404992e+08
 5.73578188e+05 5.40629248e+09 4.07906300e+06 2.98786080e+08
 3.05908625e+05 4.03019325e+06 1.59977212e+06 3.72571150e+06
 1.09005953e+05 2.10790528e+08 1.30035162e+09 1.05503062e+06
 1.67134719e+05 1.65517424e+08 3.97781312e+05 3.49917000e+05
 4.92184344e+05 4.91434656e+08 2.53899016e+05 4.28881459e+09
 2.34827812e+04 5.93525625e+05 9.18813125e+04 8.35847875e+05
 8.69759312e+05 4.84911625e+05 5.00254883e+04 5.30671968e+08
 9.24645300e+06 5.45542875e+05 1.27788445e+05 1.12931977e+05
 4.79414469e+05 3.18656688e+05 1.55819922e+05 1.61214096e+08
 2.85677375e+05 1.54841962e+06 4.22422531e+05 6.55276484e+04
 8.56591000e+05 6.04303223e+03 3.80877422e+04 3.84284688e+04
 6.21830400e+09 3.20877812e+05 5.88042750e+05 4.59667200e+06
 1.18574638e+06 4.59445880e+07 1.47155547e+05 1.76231469e+05
 1.00426672e+05 8.56994816e+08 7.05756224e+08 3.77599025e+06
 7.35690391e+04 1.10440010e+04 7.06713562e+05 1.61238990e+07
 2.58076826e+09 3.29739805e+04 9.21543750e+05 8.11090562e+05
 2.74723150e+06 6.52025702e+09 3.61139430e+09 2.83127383e+04
 1.17928461e+05 1.56799188e+05 5.82746938e+05 2.02067766e+05
 5.93868150e+06 5.82284414e+04 1.38359846e+09 5.88935078e+04
 8.59113562e+05 2.79334700e+06 3.96627436e+10 1.23165146e+09
 2.94328000e+05 3.64324219e+05 1.23552200e+06 3.51946176e+08
 4.08408562e+05 2.04564828e+05 5.25328750e+05 9.02765625e+04
 3.00814781e+05 3.62385440e+08 4.83799347e+09 1.26687953e+05
 9.18189760e+08 3.47947744e+08 2.82908945e+04 2.24054775e+06
 4.04834906e+05 2.34566752e+08 5.48001216e+08 6.36727661e+02
 6.18681188e+05 2.12545450e+06 1.80310025e+06 9.77219200e+08
 1.43154227e+10 3.06283969e+05 5.53606312e+05 4.03727520e+08
 3.84992384e+08 4.38762976e+08 3.58457656e+05 5.36740000e+04
 3.81502812e+05 1.78254477e+09 2.02601037e+09 4.04232594e+05
 5.41449648e+04 6.86397286e+09 9.23943322e+09 2.88409750e+05
 3.42533625e+05 8.95604224e+09 5.22440256e+08 9.24909120e+08
 1.68013184e+04 5.21200125e+05 1.01171350e+06 2.56690906e+05
 1.74706188e+06 1.85226078e+05 2.96248909e+09 1.07844988e+06
 2.53005275e+06 7.58033152e+08 3.39386200e+06 9.72230750e+05
 6.92255000e+05 6.39861438e+05 3.22115281e+05 2.95302781e+05
 2.00748477e+04 5.27549750e+06 2.29119438e+05 1.80461600e+07
 1.12022914e+05 9.57554766e+04 6.18115875e+05 1.42892842e+04
 4.13053031e+05 3.98283359e+04 4.80025950e+06 9.47429900e+06
 3.65848719e+05 3.78760969e+05 1.46304375e+06 3.78787188e+05
 2.67792750e+06 2.39148650e+06 2.61596219e+05 7.71324350e+06
 4.03406469e+05 3.70754752e+08 8.13881500e+05 2.87115812e+05
 1.96326797e+09 1.68591703e+05 2.26188781e+05 3.39875273e+04
 2.85553750e+06 6.46198945e+04 2.95002300e+06 2.89292031e+04
 4.38220032e+08 1.71187625e+05 2.06691906e+05 3.52047125e+06
 4.09826938e+05 5.98768438e+05 8.12074625e+05 2.51407812e+04
 3.84311938e+05 1.17339414e+04 1.06161086e+05 5.27712375e+05
 3.81550531e+05 1.31933512e+06 4.15110875e+05 1.47224762e+06
 2.57017766e+05 3.02745375e+05 1.65634297e+05 1.69141422e+05
 1.11568415e+10 2.79933650e+06 3.29189825e+06 2.93932325e+06
 5.70885781e+04 4.31778562e+05 1.69492047e+05 1.03333023e+05
 1.87344575e+06 3.94440000e+05 4.43077069e+09 3.82536719e+05
 1.06096400e+07 2.33258496e+08 1.21149500e+05 3.58209531e+05
 2.96660736e+08 2.53073172e+05 4.44782891e+04 1.02497504e+09
 1.84501766e+05 5.48513188e+05 4.52675820e+04 1.91443109e+05
 4.16045542e+09 3.96844960e+08 1.58472260e+07 7.20301800e+06
 1.12553060e+07 9.72461625e+05 1.22710758e+09 7.77697031e+04
 1.24022469e+05 2.14581172e+04 3.38095469e+05 7.08527500e+04
 1.60396891e+05 6.02620508e+04 9.53774453e+04 1.70824525e+09
 2.17119438e+05 8.48857500e+04 6.71645000e+04 7.54428188e+05
 2.68969240e+07 1.93516543e+04 4.45620375e+05 4.35937500e+06
 2.00997812e+04 1.59383406e+05 5.67385408e+08 1.17314048e+09
 5.45145562e+05 4.65118250e+05 7.24026562e+05 1.25838656e+09
 2.94247562e+05 5.10575875e+05 4.64456844e+05 1.05169000e+05
 3.47831275e+06 5.11569344e+05 1.66822054e+09 1.14526016e+05
 1.35671572e+04 1.03288406e+06 1.04420469e+05 3.44628280e+07
 1.96486512e+08 1.15024988e+06 6.49390625e+05 1.25186961e+05
 3.47125438e+05 2.31328720e+08 1.83786312e+06 7.97696375e+05
 2.54673440e+08 3.57015703e+04 2.06911484e+05 4.53035344e+05
 2.46801225e+06 6.76555264e+08 3.36328156e+05 8.65589504e+08
 3.04296416e+08 1.04430181e+06 2.64396775e+06 5.77491562e+05
 1.00345188e+06 2.43009172e+05 1.73472862e+06 3.26808352e+08
 1.12846250e+05 1.10167562e+06 2.56553184e+04 8.98356600e+06
 1.54867872e+08 5.11053672e+04 3.83144188e+05 2.27882609e+05
 2.89449609e+04 9.59660391e+04 6.53741188e+05 3.12463625e+06
 2.08588672e+09 1.82381172e+05 1.74646391e+05 1.54460966e+09
 3.25427375e+06 2.49588659e+09 8.12864250e+05 4.72654906e+05
 6.03690062e+05 1.64593421e+09 4.44959328e+08 3.43543062e+05
 5.86591650e+06 8.11747938e+05 2.42141363e+09 1.91582656e+05
 6.95584375e+04 2.73938125e+05 6.60273594e+04 5.27953960e+07
 1.00043226e+09 1.65494250e+06 1.34319648e+08 3.76987400e+06
 2.96238450e+06 4.91825438e+05 3.53115562e+05 9.60242312e+05
 7.98587109e+04 1.46624203e+05 4.51601408e+09 3.21984077e+09
 4.92521875e+03 1.78608640e+08 2.25643344e+05 9.72345781e+04]
468889380.0
63947973000.0
