[6.48994827e+01 4.66903760e+03 2.08448594e+04 2.28871062e+05
 1.48406165e+03 1.66216016e+04 4.83289990e+03 2.84866328e+04
 7.37531562e+05 1.74308441e+02 2.40437329e+03 3.28980789e+01
 3.89136680e+04 1.40851672e+03 1.44484656e+03 3.02793496e+04
 2.20650469e+04 3.00641388e+02 1.03083375e+05 2.80310875e+05
 1.13024062e+05 2.31909871e+00 4.12362578e+04 1.51864756e+04
 1.07027759e+03 1.00387558e+02 1.72917475e+06 3.13959198e+01
 5.53972266e+04 6.38740479e+02 1.39957250e+05 8.73233459e+02
 1.76459941e+04 4.12226367e+04 7.98612188e+04 1.62632427e+01
 1.20386820e+01 5.37128735e+00 3.70401680e+04 1.07434759e+01
 2.07325266e+05 5.73097992e+01 1.38269609e+05 3.94752716e+02
 7.02359453e+04 3.87211289e+04 3.00098750e+04 1.95334587e+01
 3.15817344e+04 1.59239395e+02 3.28621045e+03 4.52576094e+04
 4.16449261e+00 8.60284766e+04 4.66688867e+03 1.65867481e+01
 1.82804082e+04 1.35757594e+05 5.67919141e+04 9.98005295e+01
 1.33512453e+05 2.16028955e+03 1.85963097e+01 8.43100739e+00
 1.00214109e+01 2.76798656e+05 1.89577185e+03 8.07108906e+04
 1.17756472e+01 3.74015312e+05 7.36299316e+02 1.36690128e+00
 1.21967793e+04 4.33202422e+04 2.13260559e+02 3.44056366e+02
 3.37970625e+04 4.79398164e+04 9.70387955e+01 8.26128312e+05
 4.56236768e+03 2.20160904e+02 1.34736261e+01 2.20364512e+04
 2.36712549e+03 6.04650000e+03 1.29583467e+04 3.76177148e+03
 3.85794373e+02 8.41970938e+04 6.12993633e+04 2.75833862e+02
 7.56427429e+02 1.54682500e+05 4.23473816e+02 1.79318027e+01
 1.68087875e+05 2.60462780e+01 2.71478252e+01 4.35594940e+00
 7.72041250e+04 8.02733125e+04 1.78165569e+01 4.13146515e+01
 5.95497227e+04 6.29978555e+04 9.29542109e+04 2.47351445e+04
 7.36741089e+02 3.44169062e+04 3.48328323e+01 1.20787398e+05
 2.26744287e+03 1.46733685e+01 3.73983345e+01 8.84513611e+02
 5.93219681e+01 5.89363242e+04 3.63785553e+02 1.31718250e+03
 4.60078828e+04 1.06934031e+05 3.13656250e+04 5.75222562e+05
 1.01358922e+05 4.21703516e+03 1.09668127e+03 8.08398438e+04
 1.54624039e+02 6.31817131e+01 9.80534668e+01 4.14134789e+01
 3.00486543e+04 3.84919995e+03 2.27289715e+01 6.90292130e+01
 1.01420070e+05 4.90080469e+03 4.66275820e+04 1.83004562e+02
 3.08338623e+02 5.44721797e+04 1.94952922e+05 6.69375547e+04
 1.13694273e+05 7.50771427e+00 4.88510561e+00 8.39593262e+02
 1.18264805e+05 1.69228312e+05 1.43491287e+01 7.28861133e+03
 8.01174805e+03 7.73975611e+00 1.25603439e+02 1.73036594e+01
 2.47855176e+03 2.29187285e+04 2.08183460e+01 1.37282344e+05
 9.34879303e+01 3.57007178e+03 5.57164062e+02 2.86767998e+01
 8.42998474e+02 6.28193457e+03 6.25421777e+03 2.24621315e+01
 1.60873089e+01 2.81908436e+01 8.42618275e+00 1.72827034e+01
 8.22104844e+04 2.87461487e+02 1.36463408e+04 1.93556816e+04
 3.69042236e+02 5.71412468e+01 2.87651653e+01 1.96248250e+05
 1.06622594e+05 1.40425291e+01 8.68067676e+03 3.29092979e+01
 8.27873633e+03 3.95272998e+03 6.46044678e+02 1.81443594e+04
 2.59867615e+02 1.60496521e+01 2.48792676e+04 1.28388379e+03
 1.60748267e+03 2.42773242e+03 3.17365312e+05 1.03060541e+01
 2.05795781e+05 1.04402367e+02 1.36145506e+01 4.48054336e+04
 1.93889053e+02 8.18729688e+04 5.41385742e+04 4.64015234e+03
 8.97152527e+02 1.30302075e+06 7.65591812e+01 2.53761349e+01
 4.30283252e+03 9.63108368e+01 6.81878438e+04 1.21191807e+01
 1.23794346e+01 1.83914156e+05 8.73287969e+04 3.85832007e+03
 1.76028229e+02 7.93207645e+00 1.40487344e+05 1.07625206e+02
 2.30330639e+01 2.93903379e+04 2.00224062e+04 1.61888953e+05
 1.75716138e+03 3.98350868e+01 3.33532109e+04 8.22456169e+00
 4.24013557e+01 1.69967172e+05 1.71121063e+02 1.40139046e+01
 7.68622422e+04 7.43870547e+04 4.52601875e+04 2.72848225e+01
 4.95177269e+01 1.43978184e+04 1.27126846e+04 3.96403516e+03
 8.77716904e+01 1.18544970e+01 3.17604238e+04 2.93814220e+01
 7.48546875e+04 2.79773407e+01 1.62973572e+02 9.27955625e+04
 4.67622266e+04 4.71115771e+03 6.39127111e+00 7.03324141e+04
 2.71533127e+01 7.21812248e+00 2.90891342e+01 6.94195312e+03
 1.58421484e+05 1.13177991e+03 3.85762031e+04 1.07375784e+01
 1.85335312e+05 2.62790012e+01 2.15021729e+02 6.98159180e+01
 2.99026294e+03 3.75784839e+03 2.01476654e+02 6.91867529e+03
 6.68813843e+02 2.28963945e+04 5.70804834e+03 1.56374805e+03
 1.65915241e+01 3.73655739e+01 1.72083168e+01 1.00185766e+05
 4.52033219e+05 3.35593867e+04 3.24157135e+02 3.99956714e+03
 2.38943237e+03 2.82295969e+05 1.20924500e+03 6.06739893e+03
 1.47015308e+03 3.54209336e+04 8.17682981e-01 8.71709844e+04
 1.12640047e+01 1.08383656e+05 1.71248325e+06 4.50603790e+02
 1.33960193e+03 1.67494812e+01 3.41795938e+04 6.11047697e+00
 3.58670473e+00 1.40088062e+05 1.50534797e+05 3.87409363e+02
 5.70415156e+04 4.54371595e+00 4.38698425e+01 1.44075531e+05
 4.44910469e+04 1.48628488e+06 2.07369727e+04 1.98171375e+03
 3.88998871e+01 3.06709805e+01 6.97833920e+00 8.69262457e-01
 1.30058884e+02 2.94603233e+01 8.55129822e+02 8.73653516e+04
 3.40835352e+04 6.04883250e+05 3.94168091e+01 1.00595007e+03
 9.42399979e+00 2.36361016e+05 6.03913867e+04 3.52009961e+04
 1.45766781e+05 3.85661011e+03 3.64566833e+02 1.65350666e+01
 5.13622500e+04 1.16651062e+05 1.70157983e+03 7.00308418e+00
 6.90635347e+00 8.32438354e+01 8.32718555e+03 9.29293747e+01
 1.85621826e+03 5.38848594e+04 1.37321609e+05 6.72740540e+02
 1.82676387e+04 1.65053088e+03 2.43895117e+04 8.32196533e+02
 1.02238838e+02 5.78939819e+00 5.92174194e+02 2.34417363e+04
 2.19801672e+05 3.18319611e+02 2.15829863e+04 7.03091125e+05
 2.93532031e+03 7.39161719e+04 8.47631738e+03 3.45421410e+01
 9.95425469e+04 2.57392715e+04 2.19458027e+01 3.34516836e+04
 5.40702109e+04 7.13533142e+02 3.15554316e+04 2.11926699e+04
 2.88686500e+05 7.41684312e+05 1.43754639e+02 2.11461220e+01
 1.13719725e+06 6.58846719e+04 6.84089539e+02 8.34013733e+02
 1.57892654e+02 3.07376094e+04 3.97892456e+02 8.95189875e+05
 1.54348755e+02 2.37476375e+05 4.34222021e+03 8.22286758e+01
 3.08382891e+04 9.94855156e+04 7.81714625e+05 8.52185254e+03
 2.61408086e+04 1.35401836e+04 4.76027979e+03 1.23901272e+01
 3.63568945e+04 2.14820690e+01 3.04104656e+05 9.43633556e+00
 7.44518018e+03 2.08501348e+04 3.42062852e+04 1.44065578e+05
 5.65673438e+03 2.63125625e+04 5.26921082e+02 2.78132906e+05
 7.90704870e+00 5.65026055e+04 1.68790686e+03 5.08336687e+00
 5.57970752e+03 1.70349445e+01 3.16261780e+02 1.23165996e+04
 7.93067734e+04 8.79682812e+04 1.58646107e+01 1.10790766e+05
 6.59259644e+02 2.25181699e+04 1.24305817e+02 6.22609940e+01
 1.11212868e+02 5.52541357e+03 1.77219833e+02 8.65237402e+03
 1.01279477e+05 2.68402939e+01 1.37666973e+04 8.31059062e+04
 1.59562178e+04 3.66909258e+04 4.94414648e+03 9.79586887e+00
 2.74782349e+03 4.08206211e+04 1.06034460e+03 2.36394291e+01
 2.03879395e+04 4.47364941e+03 2.12364197e+01 9.76394176e+00
 2.00568237e+01 5.33256680e+04 6.91704922e+04 2.42925781e+02
 3.03263359e+04 1.51257012e+04 4.19683477e+04 2.63075047e+01
 2.72060757e+01 9.94304657e+00 4.49695508e+03 7.13858203e+04
 2.99200312e+04 1.07341162e+03 1.39698906e+01 7.64118150e+06
 3.96380371e+03 2.98642844e+05 1.68027859e+05 4.10376282e+01
 1.19641314e+01 5.91337695e+03 8.58251094e+04 1.19886513e+02
 2.21953468e+01 7.13807969e+04 5.01815381e+03 6.81653404e+00
 4.19193192e+01 2.37266626e+03 2.28854160e+01 1.24774733e+01
 1.54078579e+01 3.52061719e+05 8.74556005e-01 2.45476250e+04
 2.95089648e+04 1.21621299e+04 1.89096655e+03 9.22604219e+04
 4.51917266e+04 5.14597266e+04 9.47616196e+01 3.61268127e+02
 1.71855352e+04 4.54471631e+03 4.85316113e+03 1.61797314e+01
 7.14709609e+04 1.77034798e+01 3.48555847e+02 1.80402766e+05
 4.41019727e+03 1.05316071e+02 2.04815273e+01 1.67740750e+05
 1.16526613e+01 8.84412012e+03 5.98676406e+04 1.01804256e+01
 3.22956035e+04 1.19454975e+06 2.55886035e+04 3.80179219e+04
 1.14744590e+04 1.00141260e+04 5.48850952e+02 4.77618018e+03
 4.58241367e+00 1.67258379e+04 1.25960654e+04 5.99956787e+02
 1.05674844e+05 2.35262794e+01 9.22841553e+02 3.47078323e+01
 2.35755386e+01 8.18213770e+03 4.49663877e+00 5.69934273e+01
 1.43218938e+05 3.51604414e+00 1.28337680e+05 6.77766132e+00
 8.09788818e+03 2.11075875e+05 2.73127363e+04 2.67418164e+04
 5.07591133e+04 3.98299531e+04 4.65694287e+03 3.07437019e+01
 7.40845469e+04 2.56375586e+03 9.64049530e+00 1.21641188e+01
 1.66771584e+01 1.54932988e+04 1.81232529e+02 7.65342480e+03
 4.88343320e+04 8.84951797e+04 7.36287355e+00 1.28198438e+05
 2.00151922e+05 4.76868506e+03 8.03252051e+03 2.35127411e+01
 6.42474365e+00 1.08213661e+02 4.93565948e+02 9.19410992e+00
 4.24954531e+05 8.36801243e+00 1.95593605e+01 4.55432861e+02
 1.68863571e+02 2.03925000e+04 3.90571143e+03 2.09646387e+03
 1.50183047e+05 5.28299194e+02 7.29086133e+03 5.51980664e+03
 5.85848945e+04 2.10167500e+04 1.27875862e+01 2.76263672e+03
 7.25300932e+00 4.88250000e+04 2.45950813e+01 8.36151875e+04
 4.87310448e+01 5.23638105e+00 1.55803633e+01 1.67166672e+02
 3.13078156e+05 2.62061844e+01 2.84537792e+01 7.95793281e+04
 1.05184980e+04 1.01400375e+05 2.37595959e+01 5.05954409e+00
 3.33973969e+05 3.87927002e+03 1.28222913e+03 8.32433516e+04
 3.33890190e+01 3.66062969e+05 2.11769551e+04 2.32242129e+04
 2.14226660e+04 5.02698867e+04 2.42583154e+03 6.79711172e+04
 8.60912734e+04 1.73217564e+01 1.01435876e+03 3.08899498e+01
 2.46300220e+01 1.72650781e+04 5.21736816e+02 3.67589233e+03
 4.40285188e+05 1.37635719e+05 3.79488325e+00 3.50028038e+01
 1.20082406e+05 1.49261408e+01 4.38466263e+00 6.47942725e+03
 1.24137906e+05 3.03947832e+04 1.02582560e+01 1.50458527e+02
 9.06952188e+04 4.14155703e+04 7.69043359e+03 2.82895215e+04
 1.46169421e+03 1.61209307e+04 8.10636484e+04 1.18578156e+05
 7.24420947e+03 5.30440674e+03 5.09560509e+01 1.10162512e+03
 5.01497031e+04 4.15925446e+01 3.82340546e+01 5.70889664e+00
 2.45776596e+01 2.45115094e+05 1.06695690e+01 8.04888184e+02
 7.30542145e+01 4.60193125e+04 7.29182720e+00 3.14296113e+04
 1.72377567e+01 1.76618298e+03 6.48345000e+04 9.14567871e+02
 2.13646832e+01 5.26717812e+04 2.95209414e+04 1.69644355e+04
 2.04274570e+04 3.37619476e+02 1.68931999e+01 5.11702232e+01
 1.34631274e+03 1.56740751e+01 1.50417896e+03 1.20664473e+04
 2.57217636e+01 8.02918472e+01 1.54812250e+05 2.94710840e+04
 1.26135550e+01 4.95858536e+01 1.67857529e+02 1.04478330e+04
 7.50309753e+00 2.61030000e+05 5.10735469e+04 7.73450394e+01
 6.36793506e+03 3.21222412e+02 3.07744336e+04 3.01694012e+01
 6.20367383e+03 1.72534438e+05 7.23935250e+05 4.25307503e+01
 3.40087500e+03 2.34951477e+02 2.78365173e+01 8.78272500e+04
 2.51757412e+01 7.68812305e+03 1.11317555e+05 1.02783459e+03
 6.47851953e+03 6.00328491e+02 3.04332714e+01 1.06761236e+01
 1.05445732e+04 1.74083457e+04 1.78771420e+01 1.74585596e+03
 2.40300198e+01 1.28992314e+04 1.17795740e+03 3.72187744e+02
 4.37102773e+04 3.84204648e+04 3.53220987e+00 1.09359779e+02
 7.09279062e+05 6.13769150e+01 4.49400000e+04 7.73434766e+03
 3.98139429e+03 1.12698288e+01 8.65088081e+00 4.39174180e+04
 1.21764785e+04 2.74478125e+04 4.95269806e+02 1.17253086e+04
 3.77665634e+01 1.60565088e+03 3.27293477e+04 1.98779125e+01
 4.16530625e+05 1.31069039e+05 1.55942766e+05 5.13592625e+05
 1.79824891e+05 5.01248980e+00 1.26421130e+03 1.04618935e+02
 3.16196348e+04 1.68797424e+03 2.35899582e+02 1.28805664e+05
 5.70629456e+02 7.73598584e+03 7.97914609e+04 2.07982956e+02
 3.56624625e+05 1.32299967e+01 3.03953467e+03 1.10732765e+01
 7.10189766e+04 2.77678281e+05 5.15353928e+01 6.00958350e+03
 4.56895935e+02 9.06398828e+03 7.51613594e+04 5.46236534e+01
 7.74983906e+04 4.17145966e+02 2.80186125e+05 8.77580452e+00
 9.58858609e-01 5.51866367e+04 5.10489938e+05 8.15372578e+04
 1.21200180e+02 8.42128845e+02 4.24760859e+04 8.17918625e+01
 6.45436049e+00 8.83882520e+03 9.54373741e+00 5.50875061e+02
 2.15660229e+01 3.16328301e+04 2.96670219e+05 3.91769218e+00
 9.58263123e+02 8.88707161e+00 5.34371436e+03 1.16500773e+05
 1.52772241e+03 3.88753387e+02 3.06989102e+04 6.60737549e+02
 1.39470137e+04 3.49586563e+01 2.72161188e+05 3.06303825e+01
 4.56143906e+05 2.38991891e+05 2.14925632e+01 8.22573926e+03
 5.34203491e+02 3.32036938e+03 3.96638718e+01 2.45842133e+01
 9.70577240e+01 2.15310345e+01 7.22377891e+04 8.15665344e+02
 5.42677246e+03 3.41255781e+04 4.39786133e+04 6.59201956e+00
 1.42424746e+04 6.73997562e+05 7.85379028e+01 1.17480088e+04
 1.04915947e+02 6.77230781e+04 2.08127129e+04 7.27110352e+02
 3.10076781e+05 1.04882822e+01 6.37830688e+02 6.02882652e+01
 1.36880244e+04 6.60074902e+03 1.33042490e+04 7.33012533e+00
 2.67123706e+03 2.07020626e+01 1.98722870e+02 1.57123346e+01
 1.99375782e+01 4.99434414e+04 1.59436722e+01 4.61374531e+05
 8.27673721e+01 3.27023468e+01 2.15768860e+02 5.29605865e+01
 1.39439383e+01 6.70093822e+00 1.07511072e+01 2.62659375e+03
 3.86076965e+02 5.85921173e+01 8.41647891e+04 2.36926289e+01
 3.13216836e+04 3.22216934e+04 7.35803680e+01 1.75704797e+05
 6.07712842e+03 2.67388647e+03 2.37609161e+02 1.62047875e+05
 6.29667305e+04 1.07817566e+03 1.86655243e+02 3.35738770e+02
 8.76483215e+02 1.73129309e+03 7.68852656e+04 2.62530723e+04
 1.20508057e+04 6.33754969e+00 1.83361133e+04 2.21868256e+02
 1.30579544e+02 3.98578720e+01 1.74479256e+01 3.37733125e+04
 1.52007084e+01 1.89065027e+03 4.96651955e+01 2.01012745e+01
 3.08634815e+01 2.39682715e+04 1.72760742e+04 3.00731909e+03
 3.34216156e+02 2.60722609e+05 7.04384766e+04 2.46736618e+02
 4.75689438e+05 3.70061401e+02 4.57299000e+05 2.45089798e+01
 7.37482786e+00 2.56934961e+04 3.96084106e+02 6.82231216e+01
 5.68207109e+04 5.87261486e+00 1.21920625e+05 2.75040176e+04
 4.05964062e+05 9.62533142e+02 2.41489004e+04 2.89131184e+01
 5.75968066e+03 2.30761855e+04 4.53160889e+02 5.80553516e+04
 2.57877136e+02 1.51523375e+05 4.44157219e+01 2.85686680e+04
 2.00965109e+05 7.30277222e+02 2.21487984e+05 3.67430687e+01
 1.58639525e+06 3.00216113e+04 3.03621902e+01 1.92938660e+02
 2.92862773e+04 3.41094208e+01 1.08785889e+04 3.32288780e+01
 1.09460726e+01 4.02378387e+02 2.18658161e+01 4.11219531e+04
 2.46665609e+05 6.45404663e+02 2.32079945e+01 3.79842031e+04
 7.24002502e+02 2.37089348e+01 1.34677766e+05 6.18663086e+04
 1.80452649e+03 4.86827441e+03 1.50649502e+04 8.11009297e+04
 7.99408438e+04 5.20865576e+03 4.05279007e+01 8.86377188e+04
 5.76990747e+00 6.16741562e+04 1.24733992e+01 9.16281799e+02
 1.07252016e+05 3.47488086e+04 5.51152077e+01 4.52053809e+03
 1.37241968e+03 2.86156044e+01 1.41511035e+03 2.31802725e+06
 1.26421664e+05 1.51287552e+02 2.01045456e+01 2.10891151e+01
 4.48553203e+04 4.83422327e+00 4.84430359e+02 2.83535078e+04
 5.60509644e+02 5.83800354e+01 3.11814178e+02 2.96191211e+04
 3.88526875e+04 1.46032438e+01 6.52255322e+03 1.68848686e+01
 4.11881006e+03 6.61592812e+04 2.24959902e+04 4.32405469e+04
 8.52874088e+00 1.15497017e+02 2.63042156e+05 2.18501578e+05
 3.01312344e+05 5.32472344e+04 6.50121994e+01 4.08376807e+03
 4.11817657e+02 3.31028594e+04 6.08050938e+05 2.85623950e+03
 3.97146289e+03 1.35556865e+04 2.09172188e+04 6.84881592e+00
 5.68231188e+05 2.57124707e+04 5.60298926e+03 3.32805389e+02
 1.64795016e+05 1.39086391e+05 5.77296028e+01 2.06769375e+04
 2.60135555e+01 1.77053672e+04 4.22050000e+03 2.69674408e+02
 1.87664625e+05 4.94011562e+04 3.36020874e+02 4.35843658e+02
 1.06442617e+04 1.28009509e+03 4.31536523e+03 9.33000938e+05
 1.95981865e+01 2.46100426e+01 7.13462973e+00 2.77421131e+01
 2.22124953e+05 2.42971745e+01 1.38863855e+03 2.08407812e+05
 2.75952490e+03 2.06976445e+04 2.99875281e+05 1.07131891e+05
 1.26364927e+01 5.86694153e+02 1.69830292e+02 4.37913322e+01]
67339.7
7641181.5
