[4.33493950e+06 2.76214969e+05 3.53466312e+05 1.35615412e+06
 1.65448800e+06 9.00469688e+05 3.75125562e+05 7.32869000e+05
 6.55122750e+06 7.03510375e+05 9.15832312e+05 1.10916050e+06
 3.75191925e+06 1.30382016e+05 4.43873312e+05 8.25786000e+05
 1.56311612e+06 4.17430625e+05 3.02493325e+06 1.15618090e+07
 1.47906612e+06 2.27725047e+05 1.96017840e+08 1.79309588e+06
 1.90115141e+05 1.37457960e+07 3.64326200e+07 1.68813000e+06
 4.84952438e+05 3.02940969e+05 2.60307575e+06 1.19409725e+06
 1.49273400e+06 4.69886188e+05 4.21539600e+06 4.76562406e+05
 5.20816281e+05 3.80458781e+05 9.56930812e+05 8.99217891e+04
 2.56152075e+06 1.90730838e+06 1.48219325e+06 1.79258000e+06
 1.17302850e+06 1.06213812e+06 5.32543438e+05 1.87425328e+05
 9.38949938e+05 3.00591000e+06 2.23847484e+05 3.62846781e+05
 1.58347656e+05 1.33298340e+07 3.39132062e+05 1.80798609e+05
 1.16579338e+06 6.77939700e+06 1.54850575e+06 4.15787562e+05
 2.30733700e+06 1.80744838e+06 5.17428188e+05 2.47471734e+05
 2.77515562e+05 1.64735588e+06 2.86866156e+05 2.62335094e+05
 5.76235312e+05 3.57314650e+06 4.45853125e+05 7.82580875e+05
 3.56885469e+05 6.68050688e+05 7.20677250e+05 1.18768388e+06
 6.03449500e+05 1.40800662e+06 1.75861641e+05 1.64933620e+07
 2.97687844e+05 6.77351625e+05 2.30689047e+05 5.04186625e+05
 9.56980812e+05 1.84672203e+05 6.50542250e+05 2.50898094e+05
 1.08060562e+06 2.04906100e+06 9.93895500e+05 6.03759100e+06
 2.73627375e+05 1.39326425e+06 2.66456680e+07 2.97278281e+05
 6.39418125e+05 1.13430438e+06 1.30915325e+06 1.55841344e+05
 8.06998875e+05 1.59679075e+06 2.65569469e+05 2.33035562e+05
 3.96177781e+05 3.66219969e+05 6.17033750e+05 5.66127688e+05
 4.52352000e+05 1.96013156e+05 6.76871125e+05 2.24989225e+06
 1.85298297e+05 2.97955500e+05 1.23579638e+06 2.62026719e+05
 1.35764047e+05 1.27527725e+06 1.08423538e+06 2.22395109e+05
 2.81701200e+06 1.45983062e+06 2.31255700e+06 8.47135600e+06
 8.55644438e+05 3.72081125e+05 1.70302562e+05 5.75143812e+05
 4.24171062e+05 5.57670188e+05 4.23532531e+05 2.38803047e+05
 4.05990562e+05 1.19102938e+05 6.10459500e+05 3.52167531e+05
 1.69725338e+06 3.01098562e+05 7.02836438e+05 1.15059012e+06
 8.35814250e+05 1.78533688e+06 1.43810688e+06 1.03083669e+06
 1.49068650e+06 1.15164398e+05 2.07093391e+05 3.20022675e+06
 3.50872725e+06 2.74170175e+06 3.11443094e+05 1.19987950e+06
 4.64056281e+05 3.46214781e+05 2.12495469e+05 8.52032312e+05
 2.42217953e+05 8.12644650e+06 3.47019469e+05 4.51499900e+06
 1.48401325e+06 3.99811594e+05 2.35067250e+05 3.88307844e+05
 1.33224100e+06 4.71656812e+05 6.62194625e+05 5.49545125e+05
 2.83771719e+05 1.70958900e+06 1.12144820e+05 8.42611500e+05
 5.61236438e+05 8.92352062e+05 3.72717219e+05 6.70954562e+05
 9.56761938e+05 2.83624156e+05 6.45078688e+05 5.81638750e+06
 1.91681012e+06 2.28363484e+05 3.05339480e+07 1.71617400e+06
 8.01509938e+05 4.07116500e+05 1.60505188e+05 6.01638250e+05
 1.04105312e+06 5.12964531e+05 5.49821750e+05 2.54737438e+05
 1.50121406e+05 7.27067062e+05 8.89416700e+06 1.20653016e+05
 4.04827575e+06 4.28354438e+05 1.91338016e+05 1.32901775e+06
 5.04255375e+05 1.09529050e+06 1.73872975e+06 2.90086656e+05
 9.26662000e+06 1.24843640e+07 1.82203750e+05 9.37239125e+05
 4.54563000e+05 4.43154281e+05 2.59402078e+05 5.64037500e+05
 3.23247531e+05 8.63819125e+05 8.41904438e+05 2.36934516e+05
 3.91456406e+05 2.18792938e+05 1.59854388e+06 2.28162500e+05
 2.38805047e+05 3.33728000e+05 3.21387344e+05 7.80550350e+06
 4.79767281e+05 5.80961875e+05 6.42853188e+05 8.57942812e+04
 5.35022562e+05 4.97937750e+06 6.69411250e+05 1.27229664e+05
 7.73622688e+05 6.19214750e+05 3.88674688e+05 1.68695400e+06
 8.47106312e+05 1.74345031e+05 3.08243469e+05 3.01086969e+05
 4.25873050e+06 1.20105680e+05 2.58323400e+06 1.87966975e+06
 4.38850469e+05 7.12998812e+05 5.93777312e+05 5.87375062e+05
 8.87938188e+05 2.24488020e+07 1.12176500e+05 2.72575975e+06
 2.78533406e+05 4.00397375e+05 2.96106094e+05 3.45897031e+05
 7.28981625e+05 9.49665547e+04 5.73552500e+05 5.29465188e+05
 2.03174120e+07 2.91765100e+06 5.82641600e+06 2.28137984e+05
 8.48919531e+04 2.95980281e+05 2.07572297e+05 1.47924975e+06
 2.55570450e+06 1.23301800e+06 2.45169641e+05 6.73877200e+06
 1.21247883e+05 3.69797656e+05 4.22570000e+06 6.99161000e+05
 4.89476300e+06 4.20194250e+06 9.98155500e+05 7.97011000e+06
 8.26973188e+05 2.47012175e+06 2.90890062e+05 5.95869312e+05
 1.68092531e+05 8.79801000e+05 9.13333500e+05 1.32946075e+06
 2.22894266e+05 7.72439188e+05 2.29428300e+07 2.76191750e+05
 1.08642962e+06 1.94479219e+05 3.44512125e+05 1.84061703e+05
 3.40723250e+05 1.26974525e+06 1.88284588e+06 1.23664047e+05
 3.28809594e+05 1.54937500e+05 2.17922950e+06 3.63828450e+06
 1.01290650e+06 4.63784920e+07 3.74174000e+05 2.85442850e+06
 6.34841562e+05 3.52810969e+05 1.77956109e+05 4.50138281e+05
 6.04499850e+06 2.97817562e+05 2.22692141e+05 1.16416775e+06
 5.63623312e+05 3.17936200e+06 7.60281438e+05 2.77986575e+06
 5.43659125e+05 1.42822862e+06 5.64067625e+05 1.12708612e+06
 5.38121700e+06 2.38432922e+05 1.63872300e+07 2.59679031e+05
 1.02020962e+06 2.86684250e+06 2.16653531e+05 2.33160500e+05
 2.20672750e+05 3.55167938e+05 6.02398812e+05 2.10358500e+06
 3.06821094e+05 3.19550750e+05 3.60479800e+06 2.66219094e+05
 3.02876531e+05 1.47266625e+06 6.98159812e+05 1.41994300e+06
 2.37310766e+05 1.34447953e+05 1.35257344e+05 1.37688625e+06
 5.15464300e+06 2.29040234e+05 1.68840300e+06 1.03105970e+07
 3.21225625e+05 1.83456862e+06 3.97255406e+05 8.42322250e+05
 2.53968950e+06 5.16000844e+05 5.27093688e+05 7.64156125e+05
 1.29429750e+06 3.09262825e+06 2.29802275e+06 4.54598500e+05
 3.01579250e+06 7.08314700e+06 5.74635625e+05 1.25732156e+05
 1.48814730e+07 1.16033938e+06 2.37913050e+06 2.40549900e+06
 1.90093340e+07 3.19171250e+05 4.40638781e+05 3.84474025e+06
 1.61022390e+07 1.58749238e+06 2.09980094e+05 3.17586156e+05
 1.76469875e+06 1.94527250e+06 7.78393700e+06 9.15723812e+05
 3.62140625e+05 1.24166162e+06 4.17367594e+05 9.09908500e+05
 1.51441312e+06 4.70301438e+05 4.57685350e+06 1.73997922e+05
 3.03046062e+05 9.30111500e+05 6.59263062e+05 2.48791800e+06
 5.19826594e+05 6.34156400e+06 7.86023562e+05 7.53058050e+06
 1.05136320e+05 1.08081562e+06 2.55008094e+05 8.79010000e+04
 9.59218625e+05 6.88338750e+05 4.07298156e+05 5.45767250e+05
 1.66244064e+08 6.33144750e+05 2.50386172e+05 2.25608600e+06
 2.97705450e+06 2.73652094e+05 3.42513700e+06 3.03561750e+06
 2.48460703e+05 1.11728062e+06 6.12247062e+05 1.26908975e+06
 2.20503550e+06 6.03489375e+05 5.11447688e+05 2.26632600e+06
 7.83190438e+05 3.37797781e+05 1.57767600e+06 1.61464516e+05
 1.60438875e+06 1.29564625e+06 3.75949938e+05 1.12349550e+06
 4.31479375e+05 4.01877475e+06 3.77611219e+05 2.56442109e+05
 2.05511703e+05 4.68577625e+05 5.03914312e+05 8.08235000e+05
 9.10393438e+05 6.26425062e+05 6.01731125e+05 1.09906662e+06
 2.94816625e+05 1.17372039e+05 3.98788781e+05 1.39538012e+06
 7.44336375e+05 7.36829250e+05 2.81281938e+05 6.78540000e+07
 2.27209297e+05 2.35242075e+06 1.98350462e+06 4.97624938e+05
 1.61471594e+05 7.94253312e+05 4.39686000e+06 2.40432984e+05
 6.68793062e+05 3.48861250e+05 2.57871703e+05 1.87109781e+05
 1.31985562e+06 3.11199094e+05 3.95738500e+05 1.58936875e+05
 3.96022031e+05 1.07887470e+07 1.18529975e+06 1.32070550e+06
 3.11302531e+05 1.11584888e+06 2.59501797e+05 3.01527425e+06
 2.09689172e+05 7.60599812e+05 3.78118094e+05 3.42918531e+05
 5.23572469e+05 9.88451000e+05 5.42423250e+05 6.06747250e+05
 6.33425312e+05 7.10404750e+05 3.30253312e+05 8.92634900e+06
 2.74802688e+05 5.22628875e+05 7.62248438e+05 5.98499125e+05
 1.26198109e+05 6.15780875e+05 1.29267575e+06 1.47768625e+05
 4.74910594e+05 8.64969600e+06 2.77173812e+05 4.46609406e+05
 2.19435156e+05 7.47871250e+05 1.45536212e+06 1.91570578e+05
 1.33104578e+05 6.59673562e+05 1.73966234e+05 1.47441500e+06
 4.16587438e+05 2.60579297e+05 1.41316594e+05 7.11570875e+05
 3.79851500e+05 3.97543375e+05 1.23655475e+06 3.38108850e+06
 1.89446262e+06 2.05538609e+05 2.25418275e+06 3.12004875e+05
 3.40157062e+05 1.29314600e+07 5.53841750e+05 3.76944531e+05
 2.91255425e+06 1.56739734e+05 3.46911062e+05 1.42202125e+06
 2.30009562e+05 1.63994641e+05 1.50547141e+05 2.26095953e+05
 1.90776234e+05 8.63480438e+05 2.38455984e+05 4.17787500e+05
 1.65070912e+06 1.96275962e+06 3.76707719e+05 1.09331900e+06
 8.72540812e+05 1.24473060e+07 2.30674984e+05 5.05513844e+05
 8.49898750e+04 3.35626719e+05 1.37242562e+06 2.00824969e+05
 1.90295238e+06 3.05310875e+05 6.63165812e+05 1.49433422e+05
 6.58128062e+05 9.08276300e+06 2.36551719e+05 2.71978225e+06
 8.31313625e+05 2.82211812e+05 1.37007734e+05 3.01618438e+05
 1.66440812e+06 9.46296938e+05 4.29238375e+05 5.15970094e+05
 1.38791156e+05 4.99886000e+05 2.46783531e+05 7.74872100e+06
 9.61114812e+05 1.39579516e+05 5.87760188e+05 4.19627938e+05
 8.84087500e+06 3.28282475e+06 1.65858838e+06 1.85805962e+06
 3.65462312e+05 6.73111438e+05 2.33942450e+06 9.91266719e+04
 5.20235850e+06 3.56678438e+05 4.41366850e+06 1.58597862e+06
 1.34390300e+06 1.15133000e+07 2.05238000e+05 5.72396062e+05
 4.28968969e+05 1.01581594e+06 1.59288400e+06 5.77529688e+05
 1.03857469e+06 8.35982438e+05 2.32619725e+06 1.48947738e+06
 1.75690797e+05 3.69548469e+05 2.34731700e+06 2.17173750e+05
 1.13486190e+07 2.51813675e+06 2.08293547e+05 2.23699828e+05
 2.02172538e+06 1.70905188e+05 4.06566031e+05 3.90170531e+05
 7.79769625e+05 1.50047200e+06 1.43126812e+05 4.57312469e+05
 1.44695500e+06 9.39483562e+05 8.05036438e+05 7.02812375e+05
 4.30947950e+06 2.68616350e+06 3.87678350e+06 2.42266875e+06
 1.30305453e+05 5.93585312e+05 2.85264281e+05 9.81175547e+04
 9.14477250e+05 1.72233688e+06 1.29962875e+06 1.51344812e+05
 5.13565688e+05 1.47920350e+06 1.79844475e+06 2.78993000e+05
 6.36484062e+05 8.15178125e+05 4.00211062e+05 6.07433633e+04
 5.30269938e+05 9.33149766e+04 9.54136188e+05 2.77958825e+06
 6.21919875e+05 1.22662600e+06 8.40455312e+05 3.67810469e+05
 5.11215320e+07 2.62218594e+05 4.86626062e+05 2.61862900e+06
 2.06004516e+05 2.34446531e+05 2.53912984e+05 5.26786375e+05
 5.40554812e+05 3.22609781e+05 7.19765562e+05 7.18975375e+05
 5.07776531e+05 2.26336825e+06 1.06476362e+06 1.81809109e+05
 6.83851438e+05 6.86274900e+06 1.80963488e+06 2.42804125e+05
 4.80795969e+05 6.51050000e+05 4.31401992e+04 2.82396094e+05
 5.82463312e+05 2.50763625e+06 1.03399790e+07 6.19827125e+05
 3.26261531e+05 1.29538238e+06 2.14780325e+06 3.92082075e+06
 4.14006031e+05 6.06663500e+05 7.88235188e+05 3.57658200e+06
 2.16902172e+05 1.84665219e+05 4.10967188e+05 3.97161562e+05
 1.63615362e+06 3.14720906e+05 1.94022750e+05 6.00532750e+06
 3.54177844e+05 1.10224988e+06 3.87990688e+05 1.43626950e+06
 9.95599688e+05 9.30095250e+05 1.21785094e+05 2.74243188e+05
 4.59962050e+06 2.66740250e+05 6.88147000e+05 5.09793156e+05
 2.30257031e+05 2.63731688e+05 1.86517438e+05 1.37230625e+05
 3.98410031e+05 9.11255875e+05 3.72173250e+05 2.99466969e+05
 8.35865125e+05 1.79049844e+05 1.60818888e+06 4.42755719e+05
 3.08488275e+06 2.41435300e+06 9.66769688e+05 3.52019450e+06
 1.24830162e+06 1.86357375e+05 4.02557312e+05 4.80852812e+05
 7.01281375e+05 3.63073625e+05 9.30717750e+05 3.93127950e+06
 4.82108086e+04 3.08238438e+05 1.38231625e+06 1.11555850e+07
 5.96204000e+06 8.74122438e+05 2.56546475e+06 2.70916625e+05
 1.62392112e+06 3.89368175e+06 2.67771825e+06 4.27075406e+05
 2.41517766e+05 1.40125234e+05 8.38011250e+05 2.98211400e+06
 3.33756500e+06 1.25802430e+05 1.29644462e+06 1.49162641e+05
 9.25741875e+05 2.04140338e+06 3.08538360e+07 1.40599425e+06
 3.14281500e+05 3.27753219e+05 6.14710850e+06 3.67345156e+05
 6.91206312e+05 1.01247938e+06 3.02638750e+05 3.26467125e+05
 2.95433031e+05 5.48396188e+05 5.08876100e+06 1.50735094e+05
 1.89362275e+06 1.05762820e+05 1.72645141e+05 2.75261275e+06
 3.02642125e+05 1.25786766e+05 7.36162250e+05 6.26862250e+05
 4.33943125e+05 8.49749188e+05 4.42442300e+06 1.23470600e+06
 9.42206200e+06 1.45127725e+06 3.34083719e+05 2.31760812e+05
 1.65408781e+05 5.17629594e+05 6.74970688e+05 3.49468438e+05
 2.27816438e+05 9.20470500e+05 1.38861188e+06 2.66733594e+05
 4.42522531e+05 3.77135350e+06 5.92685450e+06 1.57900406e+05
 5.18785500e+05 8.39063400e+06 4.46233812e+05 1.02598306e+06
 3.44200500e+05 1.25692288e+06 1.44918000e+06 6.58903625e+05
 1.85276500e+06 1.83270969e+05 2.47700175e+06 4.71854650e+06
 1.63374425e+06 4.79393812e+05 2.48720175e+06 9.21479125e+05
 8.05621625e+05 1.08683738e+06 1.87607138e+06 1.66108406e+05
 3.00082844e+05 2.24206475e+06 4.28222156e+05 9.79273700e+06
 3.11021225e+06 4.18355875e+05 9.09122062e+05 3.30756781e+05
 3.84056250e+05 4.40605000e+05 6.10277200e+06 5.48579650e+06
 1.25358362e+06 2.17147219e+05 4.73887350e+06 2.41687828e+05
 3.21796500e+06 2.21553625e+06 5.65614812e+05 4.13985900e+06
 4.07506375e+05 2.85478594e+05 2.57480175e+06 2.95221925e+06
 2.04676962e+06 4.86271312e+05 2.30326234e+05 1.21381891e+05
 3.21980575e+06 2.75621906e+05 1.60422338e+06 1.39854844e+05
 2.35460375e+05 6.62902125e+05 5.32821562e+05 6.32454500e+06
 2.59214734e+05 2.70703156e+05 6.14594125e+05 9.52667734e+04
 6.42723375e+05 1.25881805e+05 2.37162675e+06 8.89067500e+05
 6.57317625e+05 8.75292562e+05 1.57483012e+06 7.40247100e+06
 1.08092600e+06 6.34076100e+06 1.00613850e+06 1.79867266e+05
 1.33904380e+07 9.66496875e+05 1.30117380e+07 9.27978562e+05
 3.03668312e+05 9.44740125e+05 8.19005625e+04 2.68201844e+05
 1.80601425e+06 2.11018516e+05 3.03145300e+06 4.10369125e+05
 7.94104650e+06 1.37583766e+05 6.64361250e+05 8.07488750e+05
 2.87827344e+05 8.52768688e+05 1.85339219e+05 8.44094438e+05
 1.77580609e+05 8.86327438e+05 3.52637531e+05 7.59228125e+05
 3.30017050e+06 2.73829750e+05 1.30991440e+07 2.28322225e+06
 1.64274100e+07 8.45661625e+05 4.92593250e+05 4.64801875e+05
 1.00340331e+06 3.27511500e+05 2.10004141e+05 3.69450594e+05
 2.38726469e+05 1.82213500e+05 9.97250938e+05 2.08057588e+06
 1.70282200e+06 2.44827234e+05 4.38451500e+05 4.56228219e+05
 1.83007984e+05 3.33479094e+05 7.53964500e+05 6.24502000e+06
 1.18361086e+05 2.27977575e+06 3.16724281e+05 5.02694281e+05
 5.59951500e+05 3.62388500e+05 2.18246650e+06 5.60532312e+05
 4.13228438e+05 1.94426925e+06 1.80141438e+05 1.66746875e+05
 2.19223775e+06 4.13304844e+05 1.82387762e+06 4.44340938e+05
 1.79546906e+05 2.12116500e+06 1.58298766e+05 1.50993060e+07
 3.24808000e+05 4.54501531e+05 5.13691594e+05 7.48083812e+05
 4.79662312e+05 1.34910906e+05 2.02355500e+06 5.65621438e+05
 2.89879594e+05 2.61246828e+05 2.07062453e+05 7.72934062e+05
 1.17565075e+06 6.40453812e+05 1.48360578e+05 6.65987312e+05
 1.75639922e+05 1.19604462e+06 1.24946675e+06 1.04365012e+06
 1.34139550e+06 3.67454094e+05 1.42934825e+06 1.38570096e+08
 1.42860875e+06 4.76414781e+05 2.76867469e+05 1.73245520e+07
 1.41349875e+05 4.79598125e+05 2.57985700e+06 2.82403562e+05
 2.11291609e+05 3.36971000e+05 5.95083625e+05 4.45463400e+06
 1.72285638e+06 1.23139547e+05 1.99246225e+06 9.94014812e+05
 3.64311075e+06 2.57184575e+06 3.13741281e+05 5.34430938e+05
 4.15991312e+05 9.83861312e+05 3.85262906e+05 5.58989062e+05
 1.63707940e+07 6.03476938e+05 1.21745525e+06 1.71629922e+05
 6.44907812e+05 3.97714766e+04 3.03899094e+05 6.53719760e+07
 8.01969750e+05 1.91555525e+06 1.27125586e+05 8.06301625e+05
 2.41343700e+06 1.64468938e+06 8.36724375e+05 5.80775850e+06
 1.31478641e+05 4.47401062e+05 4.10617400e+06 3.35030075e+06
 1.81491938e+05 2.96459125e+05 1.49579734e+05 4.84109750e+05]
