[8.51131409e+02 3.88520889e+01 7.51709229e+02 1.64150020e+04
 4.98669531e+04 2.98097900e+02 1.34459419e+01 5.60922813e+01
 5.34820361e+03 1.74795862e+03 4.64025586e+03 1.41224209e+04
 5.25387148e+04 1.79152390e+02 1.57710022e+03 1.54514637e+01
 2.18974023e+04 6.78111816e+02 3.88685699e+02 6.04433289e+02
 1.08070742e+04 2.85175757e+03 1.98303750e+04 3.83848633e+04
 5.44502808e+02 2.29655742e+04 1.51506848e+03 1.19715950e+02
 9.11959595e+02 2.68856934e+02 1.42017044e+02 3.00968456e+01
 7.61422958e+01 8.32689514e+02 4.98316309e+03 3.28564087e+02
 7.02169434e+02 5.19381065e+01 1.39298935e+02 1.12842102e+03
 1.05498438e+03 1.06847267e+02 1.84750879e+04 2.54445098e+04
 7.25603906e+03 4.26156082e+01 1.67127838e+01 1.09024429e+02
 1.58528748e+02 1.29879590e+04 7.45001450e+01 1.41704336e+04
 2.25824570e+02 4.68343292e+02 1.72176437e+01 1.02683077e+01
 3.42014313e+01 3.93996674e+02 5.40836133e+03 8.41620255e+01
 4.80675352e+04 5.11005273e+03 1.56263031e+02 1.34307846e+02
 9.77487030e+01 1.65567786e+03 2.03372650e+01 7.47444992e+01
 5.21064514e+02 4.69197266e+03 1.56150024e+02 6.58907166e+01
 4.48052406e+01 1.60030798e+03 1.24567390e+02 4.98984283e+02
 2.04912777e+01 1.95335508e+04 3.44569336e+03 1.09325012e+03
 2.19243469e+02 1.48281128e+02 2.81715668e+02 1.10539636e+03
 1.04235954e+01 9.51701050e+01 6.85219116e+02 6.97967453e+01
 1.81000809e+02 1.11297520e+04 7.45367871e+03 1.26464729e+02
 6.76961060e+01 5.89447363e+03 1.27594139e+02 3.89178162e+02
 9.44256210e+01 5.71816040e+02 6.85211865e+03 9.53550644e+01
 2.49881073e+02 2.18170395e+01 1.74779785e+02 4.90167188e+03
 1.26387695e+04 7.74426465e+03 1.42711641e+04 2.40671844e+01
 4.24513664e+01 7.91195450e+01 1.05369707e+04 3.97564648e+04
 2.62980591e+03 1.92767242e+02 1.13961906e+02 7.63282394e+01
 1.16342606e+02 4.83753082e+02 5.56670898e+03 8.49688644e+01
 1.40887402e+04 1.18801875e+04 6.17922900e+03 3.17923008e+04
 1.13160149e+02 1.59967834e+02 6.96309052e+01 1.81788692e+01
 1.11129555e+02 2.61038284e+01 2.39124863e+02 5.56270256e+01
 9.25708740e+02 1.23160080e+02 3.82920197e+02 4.22730026e+01
 3.77077423e+02 2.95354080e+01 1.13637390e+03 1.35950244e+03
 3.83652573e+01 7.03101273e+01 3.78970123e+02 5.80920753e+01
 1.00147256e+04 7.08964462e+01 3.78953613e+02 5.43768806e+01
 1.66909551e+04 3.35806030e+02 2.20682153e+03 2.11771973e+03
 7.85101461e+00 2.09203110e+01 8.49427490e+01 1.43567886e+02
 1.34100677e+02 1.88854234e+05 1.29020416e+02 1.50413812e+05
 1.97037872e+02 2.19722244e+02 1.38335327e+02 4.60811119e+01
 6.06961708e+01 4.74585457e+01 1.10098373e+02 5.89185791e+02
 3.50940285e+01 6.73443018e+03 5.24332568e+03 9.32517700e+02
 3.71769676e+01 3.71339414e+04 9.03058090e+01 1.16231041e+02
 1.98363052e+02 8.03757324e+02 2.71577911e+02 3.37012695e+03
 8.18959766e+03 2.64662451e+03 4.20519501e+02 4.86524805e+03
 5.99645767e+01 9.83782196e+01 1.82228561e+02 9.01650620e+01
 1.36918898e+01 3.20542175e+02 7.57603302e+01 1.38235672e+02
 1.58581543e+02 5.22367725e+03 4.24281543e+03 1.85398633e+03
 1.51387772e+02 1.18806168e+02 1.10276392e+03 3.34697632e+02
 3.40407028e+01 1.05640129e+02 1.63850867e+03 3.45098457e+01
 5.40891228e+01 6.49265381e+02 4.79205818e+01 1.59240820e+03
 2.52041763e+02 5.93668175e+01 1.94648399e+01 2.20658447e+02
 7.24873123e+01 2.21855078e+04 2.93170624e+02 8.41806580e+02
 1.07578461e+02 6.50845261e+01 4.53746300e+01 4.07295874e+03
 8.74150635e+02 2.28749130e+02 2.54254150e+01 6.81499141e+04
 8.81569824e+01 1.85926794e+03 2.74607788e+02 1.06563797e+02
 6.46078271e+03 2.03356270e+04 5.19468994e+02 7.53700790e+01
 1.44371918e+02 2.81573090e+02 5.94691211e+03 6.42465454e+02
 8.30039062e+03 4.54191437e+02 7.17309265e+01 1.01414902e+02
 3.34393203e+04 3.00190552e+03 5.19098755e+02 2.03111133e+04
 3.01360010e+03 1.06097725e+02 9.88298035e+01 2.32135025e+02
 2.03235359e+01 8.79895156e+04 6.65973358e+01 3.48334106e+02
 3.09178448e+01 2.09869919e+02 3.21625824e+01 4.78823586e+01
 9.41058960e+01 9.45850525e+01 7.35797461e+03 1.50646576e+02
 5.75998242e+03 7.16536377e+03 5.06477500e+04 6.11677930e+03
 4.13792633e+02 1.84185467e+01 5.42374414e+03 4.62087842e+03
 1.53370850e+02 1.20272974e+03 8.54088135e+01 2.98032135e+02
 3.23658295e+02 1.96678345e+02 6.78764141e+04 1.66506758e+04
 1.21832800e+03 8.62981348e+03 1.84309280e+02 3.24398730e+04
 2.39592667e+02 5.52323555e+04 7.57213364e+01 3.87945480e+01
 6.52715607e+01 5.73030762e+02 1.36859338e+03 6.75455200e+02
 5.36113205e+01 2.48458527e+02 2.54725879e+03 1.42678055e+02
 2.73018701e+03 4.80579834e+01 4.74816748e+03 1.92449474e+01
 2.05929855e+02 4.17623779e+02 7.45946503e+01 9.03716492e+02
 2.33247940e+02 1.57591003e+02 4.79290741e+02 7.54014375e+04
 1.12741348e+02 2.22452783e+03 3.03612785e+01 7.01807129e+02
 2.44095631e+01 1.92912712e+01 1.28241663e+03 7.02793655e+01
 1.06951895e+04 3.65712799e+02 3.35645825e+03 1.55670203e+03
 1.15065088e+03 1.56230811e+03 7.05158310e+01 9.05136719e+01
 4.48500244e+03 1.12012398e+02 9.73020630e+01 1.75794678e+02
 7.55244141e+03 4.59799194e+02 2.03316809e+03 5.80506821e+01
 4.50619904e+02 4.16662201e+02 2.38265018e+01 1.09412285e+02
 1.40589554e+02 1.18023972e+02 7.03953552e+01 9.21577911e+01
 7.28542847e+02 8.10832520e+01 1.67155304e+02 3.33714819e+03
 1.35150330e+02 2.46625708e+03 1.54123812e+01 5.93980625e+04
 5.93961411e+01 7.43847122e+01 6.77318115e+01 1.34070435e+02
 1.04473315e+03 4.14787292e+01 9.74879150e+01 7.48940547e+04
 2.50725952e+02 8.02341843e+01 7.97004700e+01 2.26681351e+02
 7.72007217e+01 2.94471191e+03 2.64204437e+02 5.23156586e+01
 9.80778809e+02 6.61881543e+03 1.65423264e+02 1.72968979e+02
 8.85224533e+01 1.96285141e+05 1.75156689e+01 1.04709557e+02
 1.68639331e+03 2.23112595e+02 3.43039734e+02 3.24485016e+02
 2.08730875e+05 5.30298193e+03 1.35692276e+02 4.30595215e+03
 2.41995468e+02 1.30952275e+04 1.21883667e+02 1.61807766e+01
 3.67518140e+03 2.67554023e+04 4.80929414e+04 1.24893408e+03
 1.87413483e+02 5.97216370e+02 8.67241058e+01 4.06550455e+00
 2.00839160e+04 8.39331348e+03 3.72288300e+02 1.64729782e+02
 6.67261124e+01 5.04574951e+03 3.77393990e+01 6.00639355e+03
 3.95777283e+01 3.37286255e+02 1.25972443e+02 3.64245361e+02
 7.04062805e+01 2.55707764e+03 4.96763153e+01 3.12776709e+03
 1.46516235e+02 1.09383095e+02 1.93618793e+01 2.21908836e+01
 2.00546094e+04 3.11673828e+02 1.18114677e+02 1.02728081e+02
 3.48682587e+02 6.10425720e+02 1.34801904e+03 1.18610049e+04
 1.17017700e+02 9.58021927e+01 2.43935806e+02 7.15070953e+01
 3.77341034e+02 3.89373474e+01 1.51964931e+01 5.30092087e+01
 8.18482056e+02 2.92725159e+02 8.29221130e+02 1.07391144e+02
 2.20389414e+04 6.28580566e+03 2.22053436e+02 1.12950400e+04
 3.11959381e+02 2.92158447e+02 4.25857666e+02 2.01814919e+01
 3.54918750e+03 6.80152832e+02 5.18381287e+02 7.51919141e+03
 2.94707413e+01 1.02710876e+02 1.48191528e+03 2.29036182e+03
 2.28830490e+01 7.60183182e+01 2.45764122e+01 2.63911450e+03
 1.19613495e+02 4.39460358e+02 8.34056091e+01 1.00984967e+03
 1.51479782e+02 5.32722290e+02 3.65144348e+02 1.62181473e+02
 1.47183060e+02 2.39841400e+02 2.84728668e+02 3.53396187e+01
 1.05944067e+03 7.30962372e+00 9.14500523e+00 2.93853394e+02
 2.06408730e+04 2.31187305e+01 8.00196152e+01 1.80051978e+03
 1.69333572e+02 5.60867920e+02 2.32845642e+02 2.28302937e+01
 4.63953705e+01 1.22660098e+04 1.16230554e+03 1.75741074e+02
 6.70129242e+01 8.89403458e+01 6.56681442e+01 1.95171661e+01
 2.44407558e+01 2.25702011e+02 5.26493454e+01 9.88346875e+03
 1.76837036e+02 3.48378387e+02 8.81783905e+01 6.67560234e+04
 8.42919769e+01 2.22310010e+03 2.13407959e+03 1.07190292e+02
 3.29012207e+03 2.85833054e+01 2.35787079e+02 3.92395859e+01
 5.02108879e+01 1.29250609e+05 1.36356552e+02 1.55620575e+02
 3.61314301e+02 1.49529795e+04 4.33811230e+03 7.39356995e+00
 1.40848541e+02 3.72683449e+01 6.48843613e+01 3.09638702e+02
 6.78524170e+03 7.41287842e+03 6.55984192e+01 1.03516792e+02
 1.33409796e+01 3.43457855e+02 4.54724884e+02 1.01099762e+03
 4.98290710e+02 2.03054390e+01 2.04043564e+02 1.52295700e+02
 9.39161911e+01 7.56867371e+02 3.37769928e+01 1.10966729e+04
 4.93095820e+04 9.46698303e+01 2.53345657e+02 7.47728369e+03
 5.63297607e+03 3.15303772e+02 5.95290489e+01 7.78608322e+01
 1.51190771e+03 2.62369156e+01 1.80095871e+02 2.37951782e+02
 5.78950005e+01 3.08274746e+04 1.59439978e+03 3.95105057e+01
 2.42371796e+02 6.58845312e+03 1.02950452e+03 1.58632259e+01
 6.92645798e+01 6.03040479e+03 5.23529236e+02 1.10008659e+02
 4.53281891e+02 1.23120934e+02 3.39894745e+02 1.70275317e+03
 4.03280640e+01 6.99442017e+02 2.35638037e+03 1.79570541e+02
 2.33425781e+03 2.00917397e+01 7.04437103e+01 5.03932686e+01
 8.30550098e+03 3.60563622e+01 7.88090479e+03 5.27088203e+01
 9.87895660e+01 6.82450684e+02 5.11870850e+03 5.46007019e+02
 9.92242285e+03 6.72539291e+01 3.09119659e+02 8.71623383e+01
 4.67995575e+02 3.67362188e+04 1.09503467e+03 1.17278728e+01
 1.94986374e+02 1.14323213e+04 3.06323804e+03 2.44836377e+03
 1.05681855e+04 2.93349707e+03 2.83560078e+04 5.93847656e+03
 6.34512817e+02 6.37262451e+02 2.94283508e+02 1.55182510e+02
 1.22319885e+02 3.90581573e+02 3.27152649e+02 2.13147469e+01
 5.26284729e+02 1.95027542e+02 3.54249658e+03 2.35904663e+02
 2.19988370e+00 1.23297096e+02 2.39082666e+03 1.34774597e+02
 4.19260468e+02 3.40460663e+02 1.32792740e+02 1.81024231e+02
 1.18022476e+02 4.19469775e+03 1.67160225e+01 1.93832836e+01
 3.27438452e+03 7.04452972e+01 5.10669708e+01 9.03760757e+01
 1.27660660e+02 2.74778015e+02 1.99263935e+01 2.42281990e+01
 1.07743340e+02 5.61810974e+02 4.98221832e+02 9.20852737e+01
 3.42402153e+01 2.67284644e+03 2.44780960e+02 6.78003464e+01
 1.16701843e+03 7.41652588e+03 2.84104401e+02 2.73606128e+03
 2.99998810e+02 5.82935352e+04 3.69904594e+01 3.23512207e+02
 9.67146545e+02 1.17663525e+03 1.19038589e+02 5.48892479e+01
 6.77871780e+01 1.48165558e+02 7.84504242e+01 1.20055565e+02
 4.35133984e+03 5.55827103e+01 2.52700539e+01 9.76823883e+01
 1.10354663e+03 7.34844055e+01 2.24229272e+03 7.29035950e+01
 7.38346100e+01 4.22347321e+02 7.93218842e+01 1.34138652e+04
 4.17055939e+02 8.24274805e+03 1.00559013e+02 1.03715146e+04
 9.72924728e+01 8.48160858e+01 1.87943223e+04 2.92951565e+01
 4.09641685e+01 8.79983032e+02 4.31096222e+02 4.83778473e+02
 1.32153702e+02 9.95377808e+01 5.75079498e+01 2.64063257e+03
 1.66753799e+02 1.09815735e+02 4.10405312e+04 5.45304031e+01
 2.00688686e+01 5.63061084e+03 4.09062598e+03 6.41502383e+04
 5.02327637e+02 2.83235742e+03 4.13336304e+02 1.19444839e+02
 4.92948494e+01 2.44827783e+03 3.35310120e+02 2.79192047e+02
 5.13139551e+03 5.11680713e+03 1.16405029e+02 7.58166064e+03
 2.13203339e+02 1.97551331e+02 1.37580212e+03 9.12706833e+01
 1.88274612e+02 1.80060028e+02 1.99007275e+03 2.58709155e+03
 1.21048050e+02 1.46237183e+02 8.84794617e+02 1.08507118e+01
 4.03007812e+02 2.28693604e+02 4.64721649e+02 9.92472412e+02
 5.37085059e+03 5.32943001e+01 7.31204987e+01 8.00865097e+01
 1.56295181e+02 6.80951691e+01 1.32216080e+02 1.42796524e+02
 6.70416489e+01 1.88717484e+02 3.78207207e+01 1.45514313e+02
 8.71856201e+02 9.33247833e+01 1.94456882e+01 7.87275009e+01
 4.54676855e+03 1.41601089e+02 1.35943405e+02 4.34603906e+04
 1.09223267e+02 1.98052044e+01 1.95309167e+03 1.66098594e+04
 3.69324463e+02 9.89790955e+02 4.48822693e+02 5.08484528e+02
 2.16044897e+03 1.10973010e+03 2.62032207e+04 3.03760700e+01
 1.64713989e+02 2.18658047e+01 2.41694504e+02 1.14621680e+03
 4.60787227e+04 7.45668793e+01 4.29160957e+01 2.57677832e+03
 3.50458488e+01 3.14684967e+02 1.15274548e+03 7.69201416e+03
 1.41202255e+02 1.45983429e+02 1.94260632e+03 1.03810776e+02
 1.51470718e+02 3.65485413e+02 9.04821396e-01 4.83879303e+02
 2.10405075e+02 7.68922424e+01 4.84730011e+02 6.97774429e+01
 2.47565277e+02 9.30787964e+01 2.19762917e+01 9.70372086e+01
 1.95677612e+02 6.70863571e+01 1.25429955e+02 4.16224213e+02
 3.16267414e+01 1.26991592e+04 1.01505684e+04 1.50843018e+03
 4.50374756e+02 9.44794336e+03 1.44485382e+02 3.92332802e+01
 2.97447968e+02 6.54695923e+02 2.06288062e+03 2.13318539e+01
 2.86942065e+03 1.19134644e+03 4.85777618e+02 1.26115669e+02
 2.51705112e+01 3.54071426e+01 6.04170471e+02 7.05806503e+01
 2.13373680e+01 6.13186016e+04 5.54356728e+01 5.65274048e+02
 6.12810326e+01 1.16420593e+02 6.79159180e+02 1.27015137e+02
 2.46248474e+02 1.03873352e+03 1.99858633e+04 8.28870544e+02
 5.16226025e+03 2.26809254e+01 1.60960770e+02 4.92820854e+01
 7.65248145e+03 8.09474869e+01 4.25013390e+01 7.43982849e+01
 1.94328247e+02 3.83679199e+01 3.39910370e+02 3.16793579e+02
 3.19602661e+03 1.55801117e+02 1.43936249e+02 3.91334076e+02
 8.84561234e+01 7.24492111e+01 9.38138281e+04 2.97042297e+02
 2.12635727e+02 6.30381470e+01 4.32368281e+04 8.66660385e+01
 4.43734648e+04 2.25643814e+02 1.47975464e+01 1.71791245e+02
 2.00211716e+02 1.57246069e+03 1.07202991e+03 4.44358917e+02
 8.64655991e+01 1.52060537e+01 1.15335193e+03 8.40697479e+00
 4.55963281e+03 1.47022186e+02 3.78571533e+02 2.59803906e+03
 3.71135864e+02 4.54986763e+01 1.56297979e+01 7.68675781e+04
 1.08737030e+02 4.55379219e+01 1.67857925e+02 3.21871674e+02
 1.03313469e+02 1.03496323e+02 2.95301056e+02 8.36587677e+01
 4.38125549e+02 6.25732373e+03 1.58205307e+02 1.51361511e+03
 4.98080000e+04 2.19071304e+02 5.02086220e+01 6.60825577e+01
 1.65182654e+03 6.17763428e+03 2.15827953e+05 2.15829746e+04
 8.76916504e+02 2.83575821e+01 6.78862305e+01 4.59713837e+02
 9.00264893e+01 1.75722237e+01 1.47953339e+02 8.84839935e+01
 4.24082550e+02 2.20214138e+01 1.01704636e+02 4.05251160e+02
 1.74999222e+02 6.75740738e+01 1.55557266e+02 2.60268506e+03
 2.46234970e+02 1.51262680e+02 1.50123489e+02 6.39154492e+03
 3.61535781e+04 1.06011229e+01 1.79434312e+05 1.40569800e+03
 1.74653086e+04 6.33175293e+03 3.97433044e+02 3.53502197e+01
 1.07468842e+02 4.33438148e+01 8.04966965e+01 9.20424271e+01
 1.09931717e+02 7.44898254e+02 2.22645776e+03 4.87414453e+03
 3.59232101e+01 6.32891943e+03 1.97536316e+01 1.00409554e+02
 1.55359238e+02 1.78171661e+02 2.72659016e+01 4.61795898e+02
 1.61368042e+02 1.36987671e+02 8.36313782e+01 4.80775948e+01
 5.70976270e+03 4.52890167e+01 1.20788139e+02 7.38144922e+03
 4.60374565e+01 2.69385723e+04 9.06054306e+00 1.16647614e+02
 6.51228523e+00 1.59289948e+02 2.24087692e+02 2.86889526e+02
 1.69457108e+02 1.13809497e+03 3.76749359e+02 3.98257050e+02
 3.05360489e+01 1.23375099e+02 8.88474060e+02 4.16222229e+02
 1.72555557e+02 6.76826401e+01 1.10618896e+01 1.38989166e+02
 1.24804344e+02 8.93374252e+01 7.76980057e+01 1.21959381e+02
 1.30123291e+02 1.98008087e+02 1.98816757e+02 1.30385590e+02
 5.92915268e+01 5.24238892e+02 1.58017358e+03 2.04928207e+02
 5.24521606e+02 2.51351643e+01 2.25629745e+02 2.37411484e+04
 8.89550684e+03 1.03644226e+02 2.07976685e+01 3.49781067e+02
 1.52864731e+02 2.42882652e+01 6.01416931e+02 4.34334320e+02
 1.51638748e+02 7.39504013e+01 1.87607021e+01 1.65470856e+02
 8.36383118e+02 8.91182556e+01 2.72507233e+02 1.85881622e+02
 2.39929016e+02 6.98452578e+04 2.72932529e+01 2.02310486e+02
 1.80248376e+03 2.41288467e+02 2.20658032e+03 8.08849170e+03
 1.04168066e+03 1.28806958e+03 5.06947670e+01 1.11920280e+02
 3.09819427e+02 6.96822739e+01 1.85064957e+02 3.52439111e+03
 7.94662170e+02 7.52554260e+02 1.61358292e+02 1.92438782e+02
 3.24939307e+03 1.43931748e+04 4.34435394e+02 1.81172516e+02
 6.89591751e+01 4.37708008e+03 4.68749908e+02 8.73165970e+01
 2.43069275e+02 1.03280957e+03 2.32888474e+02 8.52007980e+01]
4868.513
215827.95
