[2.97565125e+06 6.76100288e+08 3.07795520e+08 2.07815373e+09
 4.87190016e+09 2.94336625e+05 2.99295625e+05 2.95795174e+09
 2.52507225e+06 1.52095283e+09 3.11115008e+09 3.99572966e+09
 1.29889920e+09 9.54647840e+07 6.33169472e+08 2.96674912e+08
 1.72251661e+09 1.11332797e+05 1.78156950e+06 1.38274350e+07
 7.77811840e+08 1.48449609e+05 1.78392928e+08 2.32097325e+06
 5.15514720e+08 6.11076813e+09 7.23971113e+10 6.08974976e+08
 8.08571438e+05 4.12801016e+04 1.19905587e+09 2.26316595e+09
 3.00351188e+05 6.76534625e+05 6.71673958e+09 1.02281210e+09
 6.42516914e+04 1.84770944e+08 2.03697312e+05 2.88662240e+08
 1.14061476e+10 1.21529925e+06 3.91963802e+09 1.56915392e+09
 1.36383925e+06 2.22776576e+09 1.55705422e+05 1.70822234e+05
 3.18121719e+05 8.61870182e+09 6.04701824e+08 2.10460688e+05
 4.30171680e+07 2.44931277e+10 7.51134144e+08 1.92272516e+05
 2.65097156e+05 3.34561741e+09 3.89560525e+09 1.96977375e+05
 1.95789619e+09 7.23612096e+08 2.71681376e+08 3.03543500e+05
 8.84319360e+07 4.44512973e+09 3.25098125e+05 9.24595840e+08
 5.49482112e+08 3.24114432e+09 4.46043672e+04 6.05100688e+05
 1.22743744e+08 1.75479283e+09 1.21972352e+09 2.33043328e+09
 7.36693562e+05 2.47929907e+09 7.30928281e+04 1.01940450e+07
 9.39198464e+08 5.73494125e+05 1.94617953e+05 1.09970562e+05
 1.54402672e+05 7.92096640e+07 2.40730096e+08 1.54298960e+08
 2.10322906e+09 1.48077225e+06 9.14299688e+05 1.29275597e+10
 1.19531912e+08 9.65827072e+08 2.07095583e+10 1.08786086e+09
 1.01074125e+06 2.40719821e+09 3.20799334e+09 1.24254844e+05
 2.11809375e+05 1.13816712e+06 6.21992938e+05 3.13431008e+08
 1.00587686e+09 2.12382688e+08 2.58711047e+05 4.30721750e+05
 1.78008909e+09 3.25743648e+08 8.67342188e+04 8.88347712e+08
 4.43411104e+08 1.71006594e+05 1.03167412e+06 9.41335040e+08
 2.59068172e+05 5.08585472e+09 1.87941953e+05 7.87621760e+07
 1.44756838e+09 3.89823898e+09 9.55351168e+08 1.99054070e+10
 1.95092634e+09 7.17068480e+08 3.32308576e+08 1.11516288e+09
 3.11589888e+08 2.13643719e+05 1.61817168e+08 1.48582944e+08
 1.08878592e+09 1.99160336e+08 1.50341606e+09 3.77739594e+05
 1.56049888e+06 6.39124864e+08 4.05609600e+08 2.04996656e+05
 1.05880992e+05 1.58365488e+06 1.45967642e+09 3.86989344e+05
 8.56938112e+08 9.76754480e+07 3.20440224e+08 5.92209254e+09
 1.39003942e+09 1.47915225e+06 7.17649297e+04 6.97962688e+05
 1.25926000e+05 2.03187469e+05 1.59439109e+05 8.73355875e+05
 8.87714000e+05 2.26945975e+06 4.38292375e+05 5.43991350e+06
 1.33225549e+09 1.68387600e+08 2.94829440e+08 7.89319872e+08
 7.13140625e+05 3.32582400e+08 1.03700102e+09 2.32994156e+05
 6.61504188e+05 1.85216912e+06 3.22433440e+08 1.45572275e+09
 3.87346784e+08 1.64183514e+09 2.96904512e+08 3.49032704e+08
 4.53179840e+08 1.21669304e+08 8.83909568e+08 9.46799500e+06
 2.70128250e+06 6.60115968e+08 1.05907343e+10 3.55730099e+09
 2.11359872e+08 4.44471143e+03 3.12557406e+05 1.35613811e+09
 3.68351367e+04 3.61714336e+08 3.92599680e+08 3.04323406e+05
 6.49107109e+04 5.59436312e+05 4.85043046e+09 2.08247024e+08
 2.12975075e+06 2.24012016e+08 3.09858400e+07 9.45747875e+05
 2.32209344e+08 2.01124862e+06 1.40229222e+09 4.98305568e+08
 1.93654149e+10 1.88142000e+06 1.62446125e+05 1.40409344e+09
 1.67627344e+08 1.22098789e+05 2.27402224e+08 6.48003312e+05
 3.20797050e+06 1.38632850e+06 2.70223872e+09 6.64198516e+04
 4.37659488e+08 7.94145920e+07 4.28584269e+09 8.42251648e+08
 1.66965184e+08 2.16825312e+08 8.00659968e+08 2.96678579e+09
 7.76640062e+05 7.85699584e+08 4.77165376e+08 2.57627188e+05
 5.11334875e+05 2.75667251e+09 2.44839088e+08 1.61363609e+05
 1.49189719e+05 6.34003938e+05 1.91926750e+05 4.46166374e+09
 8.29807031e+04 1.03212744e+08 3.94447094e+05 2.93970500e+05
 2.05547738e+09 6.95397280e+07 1.82781362e+06 4.55064281e+05
 8.61011584e+08 1.74603840e+09 8.99389562e+05 2.47588734e+05
 1.99128666e+09 7.32597146e+09 5.10463880e+07 2.10927525e+06
 5.67268086e+04 2.13297328e+05 9.92209920e+08 2.07324312e+05
 7.01465125e+05 4.01353536e+08 9.77729472e+08 2.22521328e+08
 9.25788800e+06 1.01421082e+09 1.39404739e+10 4.15501812e+05
 4.71046914e+04 8.14315968e+08 2.04150368e+08 3.57187840e+08
 3.94364083e+09 6.24775125e+05 2.63609594e+05 3.38394875e+06
 4.88785472e+08 6.90830208e+08 2.58186266e+05 4.32259219e+05
 1.29354820e+07 8.69141811e+09 7.74234875e+05 1.88703275e+06
 1.47357440e+09 3.65133656e+05 6.32226176e+08 8.96100864e+08
 1.90146912e+08 1.19903625e+05 5.20362852e+04 4.63454062e+05
 3.71296016e+04 1.84470900e+06 3.86119025e+10 1.17018032e+08
 3.04834483e+09 2.30497828e+05 1.06556164e+05 7.68626875e+04
 1.15827123e+09 2.25573250e+06 8.97031688e+05 1.01139367e+05
 5.79882188e+05 2.40611616e+08 6.82380032e+08 6.10580173e+09
 5.96199938e+05 6.27187753e+10 5.66705472e+08 4.12227200e+06
 1.72636352e+08 7.87811968e+08 7.30893280e+07 4.74743552e+08
 1.44149688e+10 1.51715109e+05 1.25106602e+05 1.62284672e+09
 1.46547238e+06 8.29810100e+06 1.06173438e+06 9.71294880e+07
 2.66640250e+05 4.39301094e+05 4.56442125e+05 1.13620006e+09
 5.84885688e+05 8.45267776e+08 7.86602957e+09 5.16788000e+05
 8.11701248e+08 6.65791360e+08 2.68512281e+05 4.02733920e+08
 1.17375448e+08 8.43925078e+04 4.11014969e+05 1.12134797e+09
 4.82165856e+08 7.76731008e+08 2.30459827e+09 3.80017952e+08
 4.32115938e+05 5.92632768e+08 3.71957600e+08 4.83177248e+08
 1.89243375e+05 4.99804141e+04 6.23345703e+04 7.35082240e+08
 2.86345650e+06 5.14035424e+08 3.69408947e+09 4.29862093e+09
 5.06904992e+08 9.02380480e+08 8.42199744e+08 1.04214506e+06
 3.18673275e+06 4.76197632e+08 1.59765939e+09 7.20137024e+08
 1.97496162e+06 3.23182150e+06 4.32046875e+05 2.26962224e+08
 7.69060301e+09 8.27825152e+09 3.02118720e+08 8.54123440e+07
 5.02506650e+09 7.08430528e+08 8.27451840e+08 3.97931802e+09
 4.14630748e+10 8.06978432e+08 1.52807219e+09 7.83972966e+09
 3.34830625e+06 7.51454656e+08 1.52839040e+08 6.88542464e+08
 4.86714750e+05 6.34385938e+05 1.36089890e+07 6.47952383e+04
 3.28748984e+04 7.84507000e+05 6.49557888e+08 1.40709453e+09
 3.77527270e+09 1.78921024e+09 2.35036467e+09 2.14697859e+05
 7.96824896e+08 4.35167008e+08 2.07383424e+08 1.00979373e+09
 9.62159808e+08 1.40137038e+06 3.18053056e+08 8.11114550e+06
 2.45115648e+08 3.55982944e+08 6.70617109e+04 3.00389824e+08
 9.70396032e+08 4.33784032e+08 8.50317109e+04 6.53966312e+05
 2.24035586e+11 5.12343047e+04 2.03946528e+08 7.25186000e+05
 9.28472312e+05 2.66359024e+08 3.72818534e+09 5.26271693e+09
 4.59122720e+08 7.45808000e+08 1.86053766e+05 2.96396128e+08
 4.19529498e+09 7.59782784e+08 2.72232608e+08 2.14280225e+06
 1.40396211e+09 1.48653414e+09 4.66030816e+08 1.25799152e+08
 6.30450944e+09 5.55592688e+05 5.86817562e+05 7.18744832e+08
 3.42248672e+08 3.51748198e+09 1.81447936e+08 4.35642531e+05
 3.49637281e+05 1.66661120e+08 7.65104640e+08 4.92266969e+05
 3.19584031e+05 4.17496844e+05 1.14916150e+06 3.69976294e+09
 1.85075371e+04 7.91606080e+07 2.97190344e+05 3.82044493e+09
 1.14169651e+09 1.23061120e+09 4.26193312e+08 4.54357520e+07
 2.11907812e+05 6.79310750e+05 4.06841114e+09 1.21522168e+08
 3.22231552e+08 5.01497719e+05 7.36282061e+09 2.21529141e+05
 4.69825562e+05 7.22834944e+08 1.78412080e+08 3.31783496e+03
 4.16610970e+09 1.13499070e+05 4.36967648e+08 3.45847625e+05
 1.40533219e+05 3.21008500e+06 7.77790438e+05 1.13830938e+09
 2.86881600e+08 3.01405184e+09 4.91571211e+04 2.84475900e+06
 2.31609641e+05 4.51291968e+08 3.16118144e+08 1.47378560e+08
 1.67017869e+09 2.09095014e+09 9.59664080e+07 1.65199844e+05
 1.53735088e+08 3.44375040e+08 4.05513250e+05 1.86540360e+10
 5.68205440e+08 5.32129375e+05 1.15541619e+09 1.21797888e+06
 4.49302336e+08 7.80237376e+08 1.38753350e+06 4.00309531e+04
 9.33180032e+08 1.44285993e+10 1.01376576e+09 5.38084562e+05
 2.68845688e+05 2.35269837e+09 5.25572625e+05 4.90439168e+08
 1.22570234e+04 1.09700070e+09 2.74879008e+08 1.13583232e+09
 5.03364500e+05 6.18260039e+04 4.53193024e+08 1.49972083e+09
 6.83297216e+08 1.44586156e+05 1.40207650e+06 5.46739558e+09
 3.92045550e+06 5.46364544e+08 4.07899375e+05 1.52888928e+08
 1.80170624e+08 3.03026381e+10 8.79882368e+08 6.35288832e+08
 2.23137750e+06 1.71428613e+04 3.37371469e+05 1.50718630e+09
 2.50519844e+05 1.78429760e+08 9.43003750e+04 1.95725000e+05
 5.40321600e+08 1.93679155e+09 1.22574072e+08 7.84477696e+08
 2.25359922e+05 1.06896307e+09 2.09612144e+08 3.43372469e+05
 2.42058750e+06 3.54818335e+10 3.54448906e+05 3.52184375e+05
 2.15434750e+05 2.18362828e+05 1.47805175e+06 3.39231872e+08
 3.37956275e+06 2.73049395e+04 1.02403066e+09 5.63338555e+04
 5.17620500e+05 1.28879657e+10 3.88657504e+08 1.31978812e+06
 9.40437375e+05 5.11949856e+08 4.18737440e+08 1.02349728e+09
 1.99686618e+09 1.63857101e+09 5.02715438e+05 1.37322253e+09
 1.05682024e+08 7.89293375e+05 2.47196289e+04 3.19374694e+09
 1.46894861e+09 4.18285156e+04 2.09724192e+08 1.20216192e+09
 6.07232550e+06 5.25032602e+09 3.50470400e+09 1.45302862e+06
 9.59289472e+08 1.14811571e+09 5.42203904e+09 3.64940768e+08
 1.32875213e+10 1.02057512e+08 5.73198450e+06 2.51520461e+09
 3.05646182e+09 2.11295416e+10 5.16978320e+07 1.93953000e+05
 6.95989438e+05 3.26475981e+09 2.18915840e+09 2.77627812e+05
 3.45285856e+08 4.33254368e+08 6.89304166e+09 3.23715123e+09
 4.64388864e+08 1.36023488e+08 2.13922172e+05 4.73560768e+08
 1.71747564e+10 5.88324096e+08 3.07961376e+08 4.23959648e+08
 1.23784538e+09 6.03197760e+08 1.93842328e+05 1.51553776e+08
 4.96216736e+08 6.34525500e+05 1.22904624e+08 5.16817539e+04
 1.09542200e+06 2.99427875e+05 4.20975938e+05 2.06447309e+09
 9.59987917e+09 6.17840500e+05 4.63586150e+09 3.26405146e+09
 5.38001560e+07 2.19429120e+09 9.66507712e+08 1.19874344e+05
 8.98008562e+05 1.38046810e+09 2.73939046e+09 2.69082750e+05
 3.82431456e+08 7.68341760e+07 2.93235789e+09 5.29722336e+08
 5.33374562e+05 1.45571430e+09 8.34804032e+08 1.55244048e+08
 2.46580592e+08 7.40971094e+04 1.67127088e+06 1.58074150e+09
 7.99998938e+05 3.02827981e+09 3.21303680e+08 3.40960812e+05
 3.15594138e+10 6.05635776e+08 1.86136333e+09 3.16099750e+06
 2.01090328e+05 2.08923600e+08 1.04092336e+08 7.16553562e+05
 6.91133312e+05 1.04151922e+05 4.70846484e+04 8.83271062e+05
 7.23316288e+08 7.95476685e+09 3.50781376e+08 1.04277376e+08
 2.79006880e+08 5.50912350e+06 2.79399117e+09 1.18335384e+08
 3.47176953e+04 2.27031312e+08 1.38413920e+08 2.45231680e+08
 9.74610752e+08 1.54667469e+05 5.42963456e+09 2.22360992e+08
 6.09276288e+08 1.37822797e+09 7.16766720e+08 7.69218867e+09
 7.13631641e+04 1.63165844e+05 1.34807859e+09 1.58715988e+06
 5.77929472e+08 9.51080400e+07 1.37458893e+09 1.53715488e+08
 1.54334886e+09 8.48166272e+08 1.73238672e+05 1.45896919e+10
 4.11086188e+05 2.08580365e+09 1.79098688e+05 1.65198388e+06
 1.63390451e+09 2.47876531e+05 1.03982408e+08 7.89693504e+08
 2.21566200e+06 1.87004578e+05 1.59906688e+06 1.80600359e+05
 1.14037680e+08 9.64724928e+08 1.12920445e+05 1.16213383e+05
 8.08166720e+08 1.15622131e+09 3.71485920e+08 9.66780672e+08
 6.23189568e+08 1.44554336e+08 3.70039757e+09 3.58864928e+08
 2.37557075e+06 2.39685018e+09 8.29814812e+05 1.01016535e+10
 1.66790300e+06 6.31838281e+04 9.63991488e+08 8.81349248e+08
 2.18441728e+09 1.56480375e+05 1.84148506e+09 1.09534013e+10
 7.35615520e+07 6.14972812e+05 5.28173188e+05 3.11209100e+07
 6.82330300e+06 1.42006861e+09 3.90504730e+09 2.82020896e+08
 1.04864531e+09 3.53134490e+09 5.72237005e+09 2.71819584e+08
 2.07631000e+05 1.17637256e+08 2.66222618e+09 4.35604326e+09
 7.46569626e+09 2.73734344e+05 1.64937850e+06 1.73580400e+08
 2.01302643e+09 1.30229100e+06 2.18552197e+10 7.21407688e+05
 9.10213281e+03 4.21693792e+08 8.22937242e+09 3.32283500e+05
 9.07167296e+08 1.06279650e+06 1.11016912e+08 1.66428859e+05
 1.31847219e+05 7.51510234e+04 6.67419290e+09 6.03288320e+07
 3.26166272e+09 3.36689312e+08 5.98510016e+08 6.10678784e+09
 1.07454856e+08 6.34281680e+07 4.43715328e+08 4.78820531e+05
 7.20559250e+05 5.97788224e+08 4.43754050e+06 2.72513101e+09
 1.86792735e+10 1.71860365e+09 1.41487552e+09 6.58466816e+08
 8.53129680e+07 1.02068838e+09 1.17083072e+09 7.49141312e+08
 1.44169104e+08 2.65760784e+08 9.39393438e+04 3.61916406e+04
 2.20651578e+05 9.58427188e+05 2.60714400e+06 3.09834912e+08
 3.89165156e+05 8.13513850e+06 7.70790781e+04 6.51898688e+08
 1.50763392e+08 3.41301478e+09 5.50275840e+08 2.18167703e+05
 1.57561750e+06 3.98811094e+05 1.39572547e+05 2.18080350e+06
 1.32483938e+06 4.41051812e+05 1.07903862e+06 6.42949812e+05
 2.06396710e+09 3.41526112e+08 5.18593056e+08 2.33157266e+05
 5.62344448e+08 1.56689162e+06 2.57516304e+08 5.62364600e+06
 3.22077225e+06 9.74603136e+08 4.27153632e+08 4.96683808e+08
 1.77413520e+08 7.42015552e+08 1.37411953e+10 3.90431275e+06
 3.73493280e+08 5.91990720e+08 1.89775654e+09 6.96071552e+08
 1.83863850e+06 6.72929638e+09 2.03767297e+05 3.10744928e+08
 3.23215328e+08 2.76795625e+05 1.73441728e+09 2.45731650e+06
 1.00176881e+06 3.67047281e+05 2.73257062e+05 2.32375152e+08
 1.72216638e+06 5.45417792e+08 7.39482125e+05 6.76085520e+07
 3.77524000e+05 5.01833562e+05 1.01605203e+05 1.65138227e+10
 1.70887422e+05 1.60098704e+08 1.85458496e+09 8.57006800e+07
 3.03407072e+08 3.73759584e+08 1.01262618e+09 4.37810592e+08
 2.95672188e+05 6.91977125e+05 1.33788500e+06 6.87857664e+09
 3.96466219e+05 4.08362368e+09 4.86640188e+05 4.33133984e+04
 1.14450995e+10 4.17210312e+05 2.02271969e+10 7.89726656e+08
 6.37635072e+08 4.50810496e+08 1.26226406e+04 2.21215424e+08
 2.86548312e+05 5.55068288e+08 1.29372096e+09 1.05623008e+09
 2.10996634e+10 2.97844656e+05 1.21362906e+09 9.23019141e+04
 7.28893120e+08 5.17873281e+05 4.56566784e+08 1.84095014e+09
 3.61796352e+08 7.89383812e+05 1.70225248e+08 3.58505625e+04
 1.17019750e+06 1.52695168e+08 4.79973837e+09 1.48335872e+09
 2.47929221e+10 3.07289625e+05 2.97033632e+08 3.40116832e+08
 1.57766328e+05 1.33244480e+08 7.93306880e+08 5.70216128e+08
 2.12254512e+08 3.80021536e+08 2.18033946e+09 3.06496900e+06
 1.75252703e+05 4.41583488e+08 1.26254336e+08 1.00424717e+09
 3.19004704e+08 4.10301536e+08 7.50183062e+05 3.13541274e+09
 4.04541472e+08 5.63959688e+05 3.91821500e+05 3.34620096e+08
 5.62506496e+08 3.21045984e+08 3.10149325e+09 8.13809344e+08
 1.15967562e+06 2.92313728e+09 6.25843008e+08 1.66729719e+05
 6.00748339e+09 4.99521216e+08 2.69733800e+06 8.06786432e+08
 3.81863392e+08 3.68570061e+09 1.84772234e+05 2.39155720e+07
 2.53469152e+08 2.28897008e+08 3.53487200e+08 8.70343438e+05
 1.41548528e+08 2.55342592e+08 5.41271750e+05 2.78209504e+08
 1.06556357e+04 8.43998203e+04 2.85595664e+04 1.17031091e+09
 4.14691814e+09 9.97740352e+08 2.49631516e+05 4.14874492e+04
 6.85105984e+08 6.23443264e+08 1.06795603e+09 2.02479872e+09
 4.93473472e+08 1.16107789e+09 3.39366605e+09 3.05412080e+11
 3.10501581e+09 2.35879136e+08 1.51548928e+08 1.38108750e+07
 1.63524048e+08 2.60340031e+05 1.19379085e+09 7.06486480e+07
 1.28504840e+08 3.38410875e+05 2.41087953e+05 8.05304730e+09
 4.98969805e+09 6.49227891e+04 1.14641574e+09 5.31530125e+05
 1.96376486e+09 2.18206525e+06 3.64999406e+05 5.56648500e+05
 1.11542492e+05 5.39654400e+08 1.87388976e+08 1.44683828e+05
 2.95182260e+07 4.66447616e+08 2.30157225e+06 6.40074600e+07
 9.54113688e+05 8.68869800e+06 1.70424672e+08 1.18031581e+11
 2.51845264e+08 1.60697011e+09 4.11262816e+08 2.38875008e+09
 1.76916850e+06 4.24709504e+08 1.28728406e+05 1.10873150e+06
 3.82815744e+08 3.91210531e+05 4.72745750e+06 1.29758325e+06
 1.58425696e+08 5.28161664e+08 2.43650094e+05 3.64347680e+08]
2170258700.0
305412080000.0
