[7.00949707e+02 1.40456714e+03 3.08623838e+00 2.96756325e+01
 1.09735748e+02 3.50275459e+01 2.20792114e+02 1.68003220e+02
 3.24922998e+03 2.99712402e+02 1.23952576e+03 1.82983164e+04
 1.84374336e+04 8.53396759e+01 5.47867798e+02 2.59833946e+01
 1.28828049e+02 3.00055065e+01 1.20196533e+03 6.29154785e+02
 1.21354225e+02 8.55887634e+02 1.66708267e+02 2.41513947e+02
 8.96742020e+01 3.06159277e+03 3.82188550e+03 1.53813123e+03
 2.84574707e+02 8.37482031e+03 2.96513733e+02 1.34678268e+01
 2.45204395e+03 2.41023117e+02 2.97865410e+04 3.23432129e+02
 7.03942261e+02 8.59691650e+02 2.21462085e+03 9.76890335e+01
 9.37300354e+02 3.81787891e+04 7.53252380e+02 1.53995146e+04
 2.70222282e+01 5.37254868e+01 2.43504395e+02 5.77210159e+01
 1.50556543e+03 1.15543434e+02 7.62892761e+01 1.91131241e+02
 8.20651932e+01 5.19118225e+02 6.05502853e+01 9.42369385e+01
 4.69297943e+02 6.41627148e+04 3.15544464e+02 9.33134766e+01
 5.44762268e+02 1.02965710e+03 1.37479907e+03 6.89799255e+02
 7.66027145e+01 2.83559235e+02 5.48377747e+02 2.22150177e+02
 1.56165894e+03 2.00117363e+04 1.62014954e+02 1.79680893e+02
 8.47768250e+02 4.07701123e+03 7.39197998e+03 5.24886780e+02
 5.00670204e+01 3.31586090e+02 7.56185608e+02 9.93601562e+04
 2.39744339e+02 1.03181279e+04 2.39588843e+03 5.20035248e+01
 1.13895782e+02 6.96561890e+01 6.06786575e+01 1.54915009e+02
 6.17431396e+02 4.79731934e+03 1.29615295e+02 3.84254822e+02
 1.60608063e+02 5.94958763e+01 1.03510162e+02 6.65409698e+01
 2.53683186e+00 3.00702466e+03 3.30865540e+02 7.37200928e+01
 1.49765839e+02 1.18095680e+02 9.90974808e+01 1.53444077e+02
 9.11970996e+03 1.26469437e+02 7.03973083e+01 2.86124048e+03
 1.24438135e+04 4.33476639e+01 1.00129303e+02 5.07753082e+02
 9.91687241e+01 3.89320755e+01 7.60831592e+03 1.70375412e+02
 1.31332764e+02 3.46737280e+03 1.27972461e+03 8.91456665e+02
 9.86794141e+03 3.45546021e+02 8.04544678e+02 1.23264453e+03
 1.85574011e+03 1.26967766e+02 8.32010727e+01 2.50494507e+03
 9.77621460e+01 4.48844643e+01 6.24155312e+01 2.28243423e+02
 6.95156097e+00 5.33698349e+01 3.51598450e+02 9.92098999e+01
 6.20942017e+02 9.35039520e+01 3.32567413e+02 6.94803391e+01
 1.48888657e+02 7.98237915e+02 3.78043164e+03 1.61564258e+03
 2.02638708e+03 1.55922470e+02 8.91114807e+01 1.04340703e+04
 4.08963318e+01 6.94496033e+02 6.35635071e+01 1.41781555e+03
 1.08832993e+02 7.61949997e+01 4.56248633e+03 1.39400659e+03
 8.80852966e+01 3.36473785e+02 1.25074402e+02 1.23173828e+03
 1.15208225e+01 2.33069534e+01 1.35024384e+02 2.07306076e+02
 1.31648877e+04 1.93223358e+02 7.19234802e+02 3.21768433e+02
 1.15020058e+02 3.95784515e+02 1.31953247e+02 2.13669449e+02
 3.47856402e+00 3.74064056e+02 9.99682922e+01 2.29341156e+02
 1.50200952e+03 7.97297974e+01 6.36820297e+01 4.52502441e+02
 1.17990273e+04 1.38397510e+03 2.81151245e+03 1.15113220e+02
 4.81817749e+02 5.74247971e+01 1.41903824e+02 2.19306915e+02
 1.91599838e+02 4.42220581e+02 1.97343384e+03 1.62039624e+03
 1.49111414e+03 4.37622490e+01 4.79952728e+02 1.61473679e+02
 1.21852471e+04 1.83518188e+02 6.23656731e+01 6.01816260e+03
 4.37147339e+02 5.23114111e+03 1.68327225e+02 1.28943604e+03
 9.27035095e+02 6.07229023e+04 1.76151382e+02 6.01278152e+01
 4.14809113e+01 5.83326569e+01 9.07850391e+03 4.61811104e+01
 6.27423859e+00 4.80774200e+02 5.65154419e+01 1.17029282e+02
 1.39773056e+02 8.19118042e+01 7.63565369e+02 1.98374268e+02
 2.39840240e+02 3.48472198e+02 7.48860168e+02 8.55860742e+03
 5.41792664e+02 1.29242322e+03 6.98800171e+02 1.59220215e+02
 4.57595482e+01 1.42022363e+03 2.82399536e+02 1.56827316e+02
 2.89017242e+02 2.66663177e+02 7.20842133e+01 3.05191284e+02
 3.47223785e+02 1.39603979e+03 9.91285934e+01 1.03269409e+03
 1.85997793e+04 1.69162329e+03 4.68232208e+02 1.66584607e+03
 1.49557343e+02 1.60254349e+02 2.38029892e+02 1.16728623e+04
 4.66019363e+01 2.71055103e+03 7.85152130e+01 4.39211621e+03
 1.19475693e+02 6.60781189e+02 2.31426880e+02 2.92264069e+02
 3.78042816e+02 8.75750122e+01 5.74405273e+03 4.50264618e+02
 3.77121582e+03 1.21650665e+02 2.66762715e+04 5.37990875e+01
 1.27810583e+03 5.32999207e+02 5.75994263e+01 3.37435083e+03
 7.49940613e+02 1.02208661e+03 1.63836610e+00 1.71407141e+03
 9.56359024e+01 9.43620682e+00 4.38180371e+03 6.47397327e+00
 5.60454443e+03 1.74961560e+03 1.59117212e+03 1.98138086e+04
 2.40208023e+02 4.42191315e+02 1.67653784e+03 1.45268993e+01
 1.41445847e+02 4.23379639e+02 3.50057953e+02 3.58521027e+02
 1.68081818e+02 3.01139557e+02 1.95283179e+03 1.75890671e+02
 2.93413257e+03 1.90136749e+02 2.62482544e+03 2.10308154e+03
 1.93690140e+02 4.30428040e+02 4.16692352e+02 6.92460815e+02
 1.62549240e+02 1.68226782e+03 3.08868805e+02 1.15827415e+02
 1.90797095e+03 2.72997168e+03 1.15651489e+02 1.24672285e+04
 5.16386670e+03 1.42165365e+01 1.12680420e+03 2.58283179e+03
 5.36976914e+04 1.54852039e+03 1.10891492e+03 6.50960327e+02
 5.43766113e+03 7.25781797e+04 2.49171600e+02 2.30036423e+02
 4.80099487e+02 1.60017609e+02 1.34328140e+02 9.05044629e+03
 2.69252979e+03 9.05363098e+02 2.61421924e+03 1.74836731e+02
 5.11790723e+03 1.40506821e+02 9.31317749e+01 6.78235245e+01
 1.10571556e+02 2.61829948e+01 1.04675745e+03 1.95587540e+01
 3.89650965e+00 1.11963463e+02 3.91381836e+03 9.62602768e+01
 1.04066124e+01 4.22349670e+02 6.38778711e+03 3.25542363e+04
 3.10218315e+01 1.21870911e+02 2.76098541e+02 3.32008423e+02
 7.37603271e+02 1.07220728e+03 1.54765045e+02 2.21490015e+03
 2.01236435e+02 2.50711938e+03 1.59432724e+02 1.71440674e+02
 3.41723906e+04 5.12934952e+01 1.39301437e+02 4.73059082e+00
 1.90470245e+02 4.12933624e+02 1.73734177e+02 1.46226608e+02
 7.10643750e+03 9.17790527e+03 3.64939478e+03 5.20630981e+02
 9.18669141e+04 3.93682587e+02 4.33665649e+02 6.65678223e+02
 8.55853906e+03 9.82028427e+01 2.11639435e+02 2.00122482e+02
 2.00835559e+03 2.96801239e+02 5.67486687e+01 8.38542114e+02
 5.77375391e+03 9.98591016e+03 4.10037383e+04 1.99223862e+02
 3.54174170e+03 2.21419727e+03 8.50930862e+01 2.17102344e+03
 4.09021875e+04 1.99856537e+02 6.18653467e+03 9.95866241e+01
 1.16688164e+02 1.45414465e+03 1.69933533e+02 9.25189551e+03
 8.86242294e+01 4.59801331e+02 8.95766296e+02 4.99146133e+04
 1.51516159e+02 9.03812793e+03 2.06343937e+00 9.24573517e+01
 1.52601416e+03 8.41704041e+02 4.54093170e+01 2.67605652e+02
 8.41447461e+03 4.12373340e+03 2.37425537e+02 8.14296924e+03
 8.02650269e+02 9.54304962e+01 8.08371631e+03 3.88024487e+03
 9.13731194e+00 1.60425220e+03 6.45609436e+01 1.15942009e+02
 2.02176758e+02 2.46194122e+02 1.97861060e+03 2.28523376e+02
 9.94052063e+02 1.95940155e+02 1.56528259e+02 1.32827988e+02
 1.85774280e+03 2.20655411e+02 3.41647720e+01 2.14677582e+02
 8.65716309e+02 4.23863516e+04 1.56250122e+02 2.59956836e+03
 1.03997635e+02 1.96681385e+01 5.54765320e+01 4.61667366e+01
 4.00537224e+01 1.84758835e+02 4.43702942e+02 5.75502930e+03
 2.83885403e+01 1.04872040e+02 2.62174282e+01 3.87196899e+02
 8.90085938e+02 4.18006012e+02 1.93109619e+02 2.82442375e+05
 3.97187920e+01 5.58861938e+02 4.63108429e+02 7.42876282e+01
 9.33291260e+02 2.22019623e+02 6.16359253e+02 5.77705750e+02
 5.82703918e+02 2.05810898e+02 4.20978320e+03 1.33467606e+02
 4.82101758e+03 9.87569885e+01 5.13545570e+01 8.86796188e+01
 9.35249481e+01 9.08366577e+02 5.12927551e+02 4.98541046e+02
 4.64288559e+01 8.90359009e+02 4.42812988e+02 1.15804184e+02
 1.53577957e+02 1.19354907e+03 8.44027328e+01 6.87297974e+02
 4.29817772e+00 8.48624268e+01 1.23734375e+02 1.82154114e+02
 7.53539612e+02 4.06655731e+02 5.59925423e+01 1.74228672e+04
 1.35134106e+03 5.67509193e+01 3.23080664e+03 1.45700714e+02
 1.71851349e+02 1.69072590e+01 4.31114746e+02 8.70859451e+01
 6.22681824e+02 2.10611719e+03 1.65247070e+02 2.46422012e+02
 9.40280380e+01 4.70107269e+01 1.14457788e+03 1.60827911e+02
 8.57961426e+01 1.28959824e+02 1.58573169e+03 5.36554834e+03
 5.75721375e+02 1.36990372e+02 1.89694611e+02 4.79894981e+01
 1.03080297e+00 3.30663872e+01 4.65121918e+01 7.73247998e+03
 7.93458545e+03 3.47166443e+02 2.01099976e+03 1.36514130e+02
 4.20983963e+01 1.18018428e+04 1.01999004e+04 1.43843079e+02
 4.90654785e+03 9.57799072e+02 1.97771027e+02 5.86563623e+03
 3.26335068e+01 3.29926361e+02 4.10300751e+02 1.00222069e+02
 2.76371613e+01 1.11786621e+02 3.90707062e+02 5.24163780e+01
 7.09393311e+02 3.42702100e+03 1.28003178e+01 3.20401270e+03
 2.00252045e+02 1.64835312e+04 2.46053482e+02 1.99983667e+03
 1.26369812e+02 1.25430511e+02 4.11961395e+02 7.74951477e+02
 2.65698906e+04 8.83517380e+01 4.37138634e+01 7.88712311e+01
 5.08549219e+03 4.86392883e+02 9.05985718e+01 4.95683398e+03
 1.43309860e+02 9.00362167e+01 1.00244209e+02 2.80040436e+02
 5.68649844e+04 2.32712817e+03 1.12386047e+02 5.63476562e+02
 1.25276749e+02 2.14525162e+02 1.32400620e+02 5.23181702e+02
 1.96451013e+03 8.27830276e+01 6.88825317e+02 6.97018372e+02
 1.17049451e+03 9.35593457e+03 1.07901191e+04 5.02240875e+02
 3.22972687e+02 1.21563423e+02 2.28823584e+03 1.59324249e+02
 1.67705286e+03 8.59806213e+01 5.08090234e+04 1.88834152e+02
 1.40562805e+02 1.16597742e+03 2.22388947e+02 3.13692993e+02
 1.02093307e+02 1.31039291e+02 4.56687451e+03 1.34394547e+02
 1.56213531e+02 2.74064240e+02 1.47538550e+03 2.75258545e+02
 7.34529358e+02 5.54558594e+02 2.20767731e+02 1.21893213e+03
 3.18128979e+03 7.67013525e+03 3.97693024e+01 2.68358021e+01
 2.02507477e+01 8.48041199e+02 8.68611755e+01 9.26489792e+01
 2.06263332e+01 2.05412140e+02 3.89713257e+02 7.61427124e+02
 5.01952698e+02 7.86188507e+01 2.84918549e+02 4.09076318e+03
 6.25968567e+02 2.33746490e+02 2.25307422e+03 5.00776901e+01
 1.80562149e+02 9.99319687e+01 5.23835297e+01 1.19720673e+02
 1.06236292e+03 2.63791992e+02 6.13385559e+02 3.25506866e+02
 4.05735626e+02 9.40048599e+01 1.10452576e+02 1.78400330e+02
 3.53279272e+03 3.42060034e+03 1.94971527e+02 5.18057976e+01
 7.80694519e+02 2.66609020e+01 1.84724146e+03 4.73155975e+02
 4.88684052e+02 8.59657227e+02 2.85537689e+02 1.88038345e+02
 6.25091553e+03 1.26459114e+02 2.03905426e+02 1.41899548e+01
 9.75312042e+01 9.07525406e+01 1.08766769e+02 2.29475536e+01
 3.23289520e+02 5.99447266e+02 5.36198669e+02 1.90906970e+03
 5.18386536e+02 2.43406677e+02 3.16169262e+01 3.16807220e+02
 3.99879837e+01 8.67317444e+02 5.82214233e+02 3.61883374e+03
 2.24144150e+02 2.51105331e+02 2.81952763e+01 1.64477600e+02
 4.23623260e+02 4.49741992e+04 5.15815234e+04 2.74609985e+02
 1.72087488e+03 6.05934033e+03 5.66926318e+03 3.73393320e+04
 6.74767151e+02 2.44879761e+02 5.31504541e+03 6.11226311e+01
 1.37090775e+02 1.76396057e+02 2.71799896e+02 1.19769966e+02
 1.01508942e+02 5.25363098e+02 6.67194336e+02 1.33468176e+03
 7.07468628e+02 1.33705109e+02 2.65529442e+00 2.05417480e+02
 9.97320786e+01 3.32745758e+02 1.43597427e+02 1.06936865e+03
 8.34679443e+02 1.95074631e+02 1.49586325e+01 1.30889282e+02
 1.11409775e+02 9.74700073e+02 1.81115387e+02 1.45183884e+02
 3.27993506e+03 1.25243401e+02 1.38693588e+02 5.11893196e+01
 2.05607495e+03 8.91779709e+01 1.56151978e+02 7.47388306e+02
 1.06129883e+02 6.94351855e+03 4.40852814e+01 9.87997852e+03
 3.52621582e+02 1.12064575e+03 1.15666656e+02 2.05201880e+03
 7.00766678e+01 8.22251709e+02 1.75835977e+04 2.63350000e+04
 1.01814949e+02 2.59605133e+02 2.81470508e+03 3.75841562e+04
 5.48636328e+03 4.03874390e+02 2.16577222e+03 6.56129074e+01
 1.97527740e+02 1.63098914e+03 1.66660117e+04 1.81094727e+03
 1.73281775e+03 5.36937065e+01 2.07653458e+02 6.49086487e+02
 5.92658301e+03 1.18623267e+03 8.83039368e+02 1.56388123e+02
 1.27707031e+03 5.40103882e+02 4.62760117e+04 1.70828506e+02
 2.27741566e+01 3.53107758e+02 8.93388176e+00 5.78969922e+03
 1.80100918e+01 3.51116791e+02 1.13174080e+02 2.75076855e+03
 3.74831299e+02 1.43836243e+02 2.31900284e+02 4.21631622e+01
 3.87723450e+02 1.40049210e+02 1.86785278e+03 1.46834106e+02
 1.03947083e+02 1.19468079e+02 1.83084564e+02 1.11171924e+04
 2.80946533e+02 8.39999390e+01 8.67544128e+02 2.49696365e+02
 1.18774315e+02 4.30437744e+03 1.17935036e+02 9.34555893e+01
 1.24427380e+03 2.40579956e+03 3.15499084e+02 1.82591629e+02
 2.99160352e+03 1.64112961e+02 1.48874648e+04 1.67707080e+03
 5.12237320e+01 6.44262939e+03 6.73782715e+02 6.37893372e+02
 9.14342957e+02 1.67792371e+03 2.04722233e+01 5.38409058e+02
 1.69171844e+02 4.79393066e+02 1.23604834e+03 7.75448608e+01
 9.06754971e+00 6.67278214e+01 2.60684662e+02 1.45689648e+04
 1.83043442e+02 7.93129272e+01 2.26285233e+02 9.64735260e+01
 3.16054718e+02 1.62190381e+03 2.09024033e+02 3.17628937e+01
 9.19358887e+02 9.56001953e+03 3.94108276e+02 8.39328125e+03
 7.99131152e+03 1.41482712e+02 1.08502289e+02 1.75662018e+02
 2.68904028e+03 3.24974513e+00 1.63683486e+04 1.54054473e+04
 2.58094147e+02 2.10531418e+02 1.00762314e+04 1.71039474e+02
 4.91040283e+02 2.35886902e+02 2.04284306e+01 8.06529694e+01
 1.34973120e+03 2.63464844e+02 2.40925629e+02 1.15596455e+04
 1.22668738e+03 6.28844434e+03 3.12724927e+03 6.88359497e+02
 1.86714746e+04 4.53604584e+01 3.30841400e+02 1.07314209e+02
 1.10166351e+02 3.99853020e+01 3.13154259e+01 5.26279590e+03
 4.32678556e+00 1.95126526e+03 3.61165137e+03 9.94839325e+01
 1.67098198e+01 9.37404709e+01 2.09657211e+02 1.29099350e+02
 4.19494934e+02 2.09046097e+02 3.17209198e+02 2.23582935e+03
 2.83859802e+02 4.38385078e+04 1.10596931e+00 9.35787582e+01
 2.14124680e+02 1.28282529e+04 3.78609414e+04 3.18329736e+03
 6.24697327e+02 2.60119116e+03 1.93676270e+03 1.15015419e+02
 4.61369189e+03 3.63319130e+01 7.44025635e+03 4.31244690e+02
 4.00349023e+04 5.42024597e+02 2.99947021e+02 9.94094910e+02
 3.72226990e+02 6.11894165e+02 1.06331810e+02 4.01645337e+03
 2.71405869e+01 6.69779434e+01 1.53661209e+02 2.29302807e+01
 6.87236084e+02 1.30040466e+02 1.77668921e+03 6.63036035e+03
 8.37526465e+03 3.14615726e+01 3.04146576e+02 3.51970177e+01
 1.24379921e+02 3.26409798e+01 2.59342136e+01 1.30950632e+01
 1.16892609e+02 8.09074554e+01 4.22388000e+02 2.18232153e+03
 1.04839929e+03 7.64575500e+02 5.81358414e+01 8.15049683e+02
 2.53116470e+02 1.88305359e+02 1.64787695e+03 4.39402539e+03
 9.32918396e+01 1.54128914e+01 9.18693066e+00 1.05793677e+03
 3.27160530e+01 4.04202271e+02 4.38579254e+02 1.97012726e+02
 1.84567307e+02 1.03422490e+04 5.71289864e+01 1.27203171e+02
 5.83770361e+03 2.63168884e+02 6.17185631e+01 1.47288000e+03
 7.47988586e+02 9.86319629e+03 9.49465332e+01 2.54544473e+04
 1.72044226e+03 2.83672754e+03 5.97141800e+01 5.24956152e+03
 3.91270508e+02 9.39902573e+01 4.14894043e+03 3.84878955e+03
 2.27699692e+02 1.08605309e+02 1.72665955e+03 8.84963672e+03
 1.78661057e+02 1.79780957e+03 9.25192749e+02 4.07098732e+01
 2.44079330e+02 7.64931885e+02 3.39034912e+03 1.07837854e+03
 7.55423660e+01 1.53106094e+02 5.15622559e+03 4.25290625e+04
 1.66185828e+03 2.16443970e+02 2.97128315e+01 4.71154336e+04
 5.93710175e+01 1.64084351e+02 2.68265176e+04 1.21687073e+02
 7.40652924e+01 9.25988312e+01 9.49062049e-01 1.37950867e+03
 4.53052765e+02 3.84117246e+00 6.50096582e+03 3.72079010e+02
 1.50487900e+04 3.04572205e+02 3.32918205e+01 2.82489777e+02
 3.08486996e+01 3.73837158e+02 4.82335754e+02 4.16023834e+02
 8.58319629e+03 2.31886548e+03 1.36359589e+02 1.12106842e+02
 1.90800705e+02 2.08197418e+02 1.18953529e+02 4.53455322e+03
 1.83094971e+03 2.92267059e+02 4.04672050e+01 3.94718140e+03
 2.49682709e+02 6.71556778e+01 7.66061279e+02 6.06712617e+04
 1.52594025e+02 1.14213409e+02 4.86039209e+03 9.94800293e+03
 2.98847351e+02 1.84681763e+03 4.83469208e+02 1.90979782e+02]
