[9.04070234e+04 4.47395020e+03 7.32759473e+03 3.49301636e+03
 6.18650117e+04 1.73172107e+03 3.89554224e+03 2.31139043e+04
 1.30216201e+04 9.21357812e+03 2.92593926e+04 4.95733740e+03
 6.70170264e+03 4.54026953e+03 4.48991028e+02 6.96175146e+03
 2.83246765e+02 3.62200958e+02 3.42476406e+04 8.97425625e+04
 1.68545508e+04 2.38364111e+03 5.22224500e+05 3.91553477e+04
 3.44515649e+03 7.50266016e+04 5.94004961e+04 2.72289082e+04
 3.72396289e+03 3.79995898e+04 2.23511875e+04 7.97851172e+04
 1.36511096e+03 8.03101514e+03 3.13914609e+04 3.43348022e+02
 2.05564180e+04 1.00864385e+04 1.73313196e+03 4.39935074e+01
 3.99650928e+03 5.40233633e+04 1.03268623e+04 1.41567998e+04
 4.05484570e+04 3.89101709e+03 4.73648193e+03 3.42199390e+03
 7.86315430e+03 4.79720156e+04 1.66127332e+03 5.85413477e+03
 1.04161218e+03 6.37063500e+05 2.66499951e+03 2.50629761e+03
 2.11688418e+04 2.55969551e+04 2.14796143e+03 7.24753955e+03
 4.27994414e+04 3.61475488e+03 1.73368125e+04 1.08258142e+03
 1.37795700e+02 1.43161484e+04 1.75337708e+03 7.30377881e+03
 6.94973828e+03 2.50847266e+04 8.77521777e+03 3.41644318e+02
 3.94064795e+03 6.87971338e+03 3.68386955e+01 7.00839111e+03
 1.52678430e+03 8.35933203e+03 2.72474536e+03 3.49094125e+05
 7.31414648e+03 1.50585312e+02 1.83379163e+03 7.60548584e+03
 1.33029480e+03 2.25558667e+03 8.18914990e+03 3.90028003e+03
 2.73406719e+04 9.37971878e+01 2.56670059e+04 5.61617148e+04
 3.55266016e+03 2.37883496e+04 4.70417844e+05 1.88025254e+04
 4.66992529e+03 3.05499082e+04 1.66433652e+04 1.46518250e+03
 2.20613496e+04 3.61757539e+04 9.06049902e+03 9.73879590e+03
 1.98294473e+04 1.79193984e+04 1.23334961e+02 5.79213525e+03
 1.00609609e+04 1.43572192e+03 1.07979785e+03 1.66430859e+04
 9.39060032e-01 1.05711377e+04 6.21612402e+03 4.76333801e+02
 1.67610217e+03 1.38011924e+04 1.15292695e+04 5.90758301e+03
 4.53151953e+04 2.22861855e+04 5.05156211e+04 1.62783266e+05
 3.75266016e+03 3.03667725e+03 7.73343658e+00 1.19996997e+03
 1.50978799e+04 4.59299854e+03 2.60680786e+03 9.11036816e+03
 2.35368921e+03 1.01044971e+03 1.70894885e+03 1.95493851e+02
 2.71374395e+04 6.13479199e+03 6.77192891e+04 8.93238965e+03
 1.20968066e+04 1.33163428e+04 2.24490293e+04 3.39298413e+03
 3.81133008e+03 5.86582764e+02 4.61340637e+01 1.05638096e+04
 4.23421367e+04 4.79729961e+04 3.64200659e+03 2.01529863e+04
 4.69280273e+03 3.70741699e+03 2.67078931e+03 1.39366370e+03
 3.22375903e+03 6.22068203e+04 9.39419556e+02 1.20589094e+05
 5.34496094e+03 1.32331616e+03 5.35087814e+01 6.33891797e+03
 5.83330811e+02 1.22007178e+04 1.08277627e+04 4.35613867e+03
 1.16943213e+04 1.73533359e+04 3.89621997e+03 8.31086523e+03
 5.95742822e+03 1.41914482e+04 1.40229736e+04 5.23997949e+03
 2.19307598e+04 6.18836182e+03 7.10124902e+03 8.64582500e+04
 3.23384844e+04 1.14844287e+03 1.12460180e+05 1.87033809e+04
 1.16673132e+03 1.60372354e+04 1.15350781e+03 2.77275415e+03
 4.32817725e+03 1.72981621e+04 1.49563945e+04 3.07571460e+03
 9.24510938e+03 5.84948828e+03 1.19143766e+05 1.09208203e+03
 2.85430918e+04 7.46706360e+02 6.18591232e+01 2.05591621e+04
 8.69087952e+02 7.23508972e+02 7.08207266e+04 4.46384619e+03
 1.70059609e+04 9.12123750e+04 2.88799477e+00 1.03206768e+04
 5.42276514e+03 4.28530762e+03 6.35035791e+03 8.42907129e+03
 9.02187042e+01 8.13727734e+03 1.99746133e+04 5.49636719e+02
 3.71552417e+03 6.05431946e+02 1.48352773e+04 4.35564111e+03
 2.46007861e+03 1.20392891e+04 3.36254639e+03 4.62933250e+05
 1.01405938e+04 1.31653291e+04 6.73297422e+04 8.76779053e+02
 5.83619043e+03 6.71021641e+04 1.23937188e+04 5.16823584e+03
 1.48517199e+01 6.96150439e+03 1.18720837e+03 9.90479922e+04
 4.62003113e+02 3.78923486e+03 2.70707031e+03 1.20355918e+04
 8.86334219e+04 3.94547705e+03 3.56244844e+04 1.44233506e+04
 6.19150439e+03 2.65350176e+04 2.33842529e+03 1.39439783e+03
 2.55361113e+04 3.61685531e+05 1.89033423e+03 1.22666602e+05
 1.32732336e+03 8.04322266e+03 3.83456592e+03 9.36596094e+03
 2.81599438e+03 1.69184338e+03 1.19702734e+04 1.03712695e+04
 1.46856688e+05 2.17521445e+04 1.04612203e+05 3.18082959e+03
 8.36209570e+03 3.31576709e+03 5.17915664e+04 2.02275605e+04
 2.01371948e+02 8.31924805e+02 8.71263550e+02 1.20098535e+04
 2.00231660e+04 6.51593701e+03 5.90986523e+04 2.78214288e+00
 1.17041023e+05 9.73575078e+04 8.88127344e+03 6.14969805e+04
 6.34484619e+02 9.75251367e+03 5.58141602e+02 4.82302588e+03
 3.69225439e+03 3.42012500e+04 1.56768787e+03 2.06068750e+04
 4.97427307e+02 1.54871230e+04 6.35901188e+05 5.19797803e+03
 1.45834375e+05 2.06569763e+02 1.32080205e+04 2.78020630e+02
 4.25366748e+03 5.22365742e+04 2.34588574e+04 5.62598535e+03
 1.45596543e+04 1.48998999e+03 8.59596387e+03 2.27116934e+04
 2.81198984e+04 4.90155438e+05 1.11768579e+03 3.95338164e+04
 3.78479102e+03 1.18229570e+04 1.17536182e+03 1.48562539e+04
 1.30287688e+05 8.76539355e+03 2.86664219e+01 3.02074780e+03
 1.39017773e+04 6.65695781e+04 5.10900781e+04 1.32221405e+02
 2.76169189e+03 2.41330762e+03 7.28432764e+03 1.32592744e+04
 1.88541703e+05 3.85909863e+03 6.37787312e+05 8.41659851e+01
 9.34688599e+02 2.58688574e+04 2.54873447e+01 1.40000415e+03
 2.40246167e+03 7.42664600e+03 1.34429016e+03 3.24403477e+04
 5.00888330e+03 1.50295557e+03 3.43793652e+03 4.20005322e+03
 8.43471558e+02 5.27107148e+04 2.28309043e+04 1.02113445e+05
 1.77188184e+03 3.09408545e+03 2.35913867e+03 3.58897578e+04
 9.09305664e+03 2.81585962e+03 4.40456172e+04 7.09821016e+04
 1.08924873e+04 1.15833809e+04 6.20267041e+03 1.46723262e+04
 2.73797285e+04 1.46062145e+01 1.19656182e+04 2.46541816e+04
 7.74060312e+04 2.64040391e+04 2.03836211e+04 5.59882031e+03
 8.85045469e+04 2.80321133e+04 2.29044629e+03 1.41474524e+03
 1.71582344e+04 1.13652646e+04 1.43228145e+04 4.07701641e+04
 1.17489406e+05 5.48780664e+03 2.64672729e+03 5.56326328e+04
 3.44855625e+04 6.45267041e+03 2.03252332e+03 3.95356030e+03
 1.23705945e+03 2.50154258e+04 2.21600188e+05 1.74786953e+04
 2.94733862e+03 2.12968730e+04 3.56070288e+03 2.29523682e+03
 6.59014844e+04 1.57826094e+04 1.89810000e+04 3.08929224e+03
 4.79222107e+01 3.89502954e+03 1.01180450e+02 1.41976396e+04
 6.59930762e+03 1.21365516e+05 9.63202832e+03 9.44749375e+04
 5.15323682e+03 5.39727197e+03 7.15743506e+03 1.55623303e+03
 8.30257324e+03 6.97870781e+04 7.34247363e+03 8.86315332e+03
 2.23344325e+06 2.03159937e+03 2.34343018e+03 6.13660400e+03
 2.92473145e+04 5.55964551e+03 1.54096016e+04 1.47672285e+04
 8.78416211e+03 6.39249922e+04 3.11463516e+04 5.62555733e+01
 4.83180420e+03 7.49425830e+03 4.19393018e+03 1.21883438e+04
 9.24124609e+03 1.06895752e+03 8.38551172e+03 3.44754272e+03
 2.10080039e+04 3.44028174e+03 2.58799414e+03 1.16771289e+04
 1.12399189e+04 1.02858023e+05 1.44971406e+04 6.94610254e+03
 2.68387988e+03 6.18976465e+03 2.07923508e+02 8.59904602e+02
 3.96860199e+02 8.99946875e+03 5.45470703e+04 1.39728125e+05
 1.98179023e+04 7.24663147e+02 1.76085605e+04 6.49328750e+04
 8.86947327e+02 6.25078467e+03 7.80643387e+01 9.94239160e+03
 4.78831006e+03 7.24677393e+03 1.30907490e+04 6.95349561e+03
 3.06885376e+03 7.04193652e+03 3.41753562e+05 4.82994727e+03
 1.13313545e+04 4.51867578e+03 2.29119165e+03 1.06303613e+03
 3.68886016e+04 7.43837256e+03 9.55430078e+03 2.94141943e+03
 1.10884961e+03 1.19238604e+04 9.79399512e+03 2.61506079e+03
 1.52172246e+04 8.52310938e+03 4.90721631e+03 1.13763262e+04
 4.80601855e+03 1.45797158e+04 5.46425537e+03 5.25106445e+03
 4.73468604e+03 2.64853477e+04 5.63284668e+03 1.42563574e+03
 9.04949768e+02 5.22326611e+03 9.61676147e+02 1.20871141e+05
 6.21964264e+01 3.95971948e+03 1.30145938e+04 7.46840039e+03
 4.21904182e+01 2.30701636e+03 6.92496533e+03 7.02606689e+02
 5.21344482e+03 2.63031855e+04 2.00436157e+03 2.69319995e+03
 2.23182715e+03 8.22104844e+04 5.21455195e+04 2.63426270e+03
 5.82324524e+01 9.17312988e+03 4.08212988e+03 3.11020166e+03
 1.12583379e+04 7.66931000e+01 5.00417084e+02 9.09497188e+04
 2.36020569e+02 8.74701172e+03 4.04151514e+03 3.44685859e+04
 1.04054961e+04 3.70517090e+03 5.27979844e+04 7.39710254e+03
 2.18580371e+03 6.38035000e+05 1.78793005e+03 9.11847412e+02
 6.33317539e+04 1.33758081e+03 5.75101660e+03 7.60321973e+03
 3.11305566e+04 3.41978418e+03 5.30277283e+02 3.85238037e+03
 2.72262134e+03 1.16942944e+03 4.73625732e+03 1.58719653e+03
 4.45907734e+04 5.11412158e+03 8.22057324e+03 2.01566406e+04
 7.37105566e+03 1.06050477e+05 1.65629370e+03 1.79525061e+03
 2.73431610e+02 3.51545776e+03 5.96392930e+04 6.32855347e+02
 2.38829668e+04 4.58461084e+03 1.16341260e+04 1.06142426e+01
 4.40628265e+02 1.36362297e+05 1.15087074e+02 3.67158281e+04
 8.00864941e+03 4.35223877e+03 1.99079004e+03 4.91498906e+04
 4.30564453e+04 1.61536816e+04 3.02250171e+03 7.44396045e+03
 1.94693579e+03 1.10662227e+04 1.76875244e+03 6.58815234e+04
 4.15905322e+03 1.88175476e+03 5.30657031e+04 1.57131531e+03
 9.78860688e+05 1.26487539e+04 5.49929961e+04 7.88628760e+03
 1.80185950e+03 1.53094932e+04 3.23176992e+04 9.33080750e+02
 2.48983297e+05 1.52286758e+02 4.35183156e+05 2.73904219e+04
 3.99970039e+04 1.21017031e+05 1.93226738e+01 2.18774707e+04
 8.57707715e+03 3.60918672e+04 4.12402305e+04 3.07213330e+03
 3.18643945e+04 1.42236201e+04 1.44710797e+05 1.57462100e+04
 6.14320312e+03 1.58333398e+03 1.95123086e+04 4.33372168e+03
 4.12863594e+05 1.77905020e+04 8.49298706e+02 4.81491162e+03
 5.22464297e+04 6.45538208e+02 3.44131763e+03 6.43294922e+02
 7.57489648e+03 1.04134580e+04 2.15284106e+03 6.00171436e+03
 2.36385547e+04 2.90942871e+04 5.58608496e+03 2.87120625e+04
 7.07334453e+04 5.00800391e+03 2.00176348e+04 2.99114316e+04
 2.38580781e+04 8.43100879e+03 2.00320496e+03 1.46762012e+04
 6.29795459e+03 6.55849561e+03 9.38302344e+04 3.02764185e+03
 1.31377266e+04 7.53415332e+03 1.93611975e+03 1.08381201e+04
 1.21082881e+04 6.79636914e+03 2.56163647e+03 5.48705627e+02
 1.11675713e+04 1.04403943e+03 1.67305762e+04 1.10615500e+05
 8.03120703e+03 5.81615391e+04 1.00111689e+04 8.12145459e+03
 5.62220875e+05 4.84747363e+03 6.65227490e+03 3.18783301e+04
 2.97341553e+03 1.72207043e+03 4.49611572e+03 1.00004717e+04
 2.22794336e+04 4.29819527e+01 7.88547803e+03 1.43843281e+04
 8.26938574e+03 7.35958672e+04 8.07269336e+03 1.42006702e+03
 5.51591211e+03 1.09488086e+05 8.51399316e+03 2.17251440e+03
 4.37733594e+03 9.29411523e+03 1.36078064e+03 5.49287061e+03
 4.23996826e+03 3.23048691e+04 1.54735850e+04 1.20863449e+02
 2.59369409e+03 4.56056758e+04 6.36075562e+02 2.05752002e+03
 3.36637115e+02 3.90194180e+04 2.31598242e+04 5.30386445e+04
 1.44223252e+04 2.85226562e+02 4.98055703e+04 3.75394604e+03
 2.68367062e+05 2.48756592e+03 2.09273389e+03 4.43832070e+04
 6.29122363e+03 2.10237646e+03 1.14534431e+02 1.12844992e+05
 5.56991895e+03 1.66823145e+04 8.52298340e+03 2.51606909e+03
 3.75553672e+04 1.68449927e+03 2.37045166e+03 2.14289844e+03
 6.36545801e+03 1.91583630e+03 1.63472070e+03 2.08572095e+03
 9.79977832e+03 2.84734746e+04 9.16720947e+02 3.12037646e+03
 1.96859941e+04 1.70083252e+03 3.20311777e+04 1.25508281e+04
 4.42782695e+04 2.79685645e+04 1.77840002e+03 3.41656797e+04
 2.08529053e+03 3.29205627e+02 2.24031787e+03 3.34051416e+03
 1.47671787e+04 6.30194397e+02 1.41950256e+02 6.66566016e+04
 1.76485645e+03 2.18901318e+03 9.82550391e+03 4.18310898e+04
 1.16320500e+05 1.11942441e+04 1.96368555e+04 8.61955664e+03
 4.28472633e+01 1.49476359e+05 1.22407754e+04 7.60080859e+03
 1.28991736e+03 3.14993439e+01 2.68798066e+04 1.19786328e+05
 4.22423125e+04 8.54953674e+02 1.37224062e+04 4.70386621e+03
 8.78186230e+03 2.99609033e+03 2.82483250e+05 3.38965576e+03
 2.85686108e+03 1.11890312e+04 6.58943984e+04 4.12506962e+00
 6.54649658e+03 1.19557949e+04 6.35350146e+03 1.09336206e+03
 3.97197949e+03 1.81066785e+03 8.47778281e+04 3.26870044e+03
 1.52521699e+04 4.36983008e+03 5.18217896e+02 2.47203535e+04
 3.66981787e+03 3.25990576e+03 6.66643311e+02 2.06051562e+04
 1.07920654e+04 1.74654355e+04 2.37575840e+04 2.70618408e+03
 1.62071562e+04 5.10398779e+03 1.48315801e+04 3.39364929e+02
 1.85787549e+03 7.94889282e+02 8.48996582e+03 4.05560718e+03
 1.44498828e+03 1.38436318e+04 1.28020723e+04 5.12167969e+03
 5.56870215e+03 5.67201172e+04 2.59132305e+04 7.97560254e+03
 5.60394434e+03 1.69467070e+04 1.60306238e+03 2.33585605e+04
 4.52217676e+03 2.88551719e+04 1.86318223e+04 7.01835742e+03
 2.33221094e+04 2.35284888e+03 1.00267617e+04 1.73286926e+03
 2.46353516e+04 6.95813184e+03 1.91470879e+04 1.33178125e+04
 9.62305859e+03 1.25981807e+04 1.45335413e+03 2.64072754e+02
 3.89936133e+03 9.18087305e+03 1.48012041e+04 9.92429810e+02
 4.08512852e+04 1.74277942e+03 1.08402432e+04 7.56399561e+03
 5.91243164e+02 8.41141113e+03 3.76455703e+04 2.86558945e+04
 1.22787390e+03 8.66252563e+02 7.36021240e+03 6.68395312e+03
 2.00417617e+04 1.17169424e+04 4.83655371e+03 2.41115938e+04
 3.07558521e+03 4.64094189e+03 1.14420439e+04 7.51578174e+03
 1.55629160e+04 4.51974072e+03 1.03318042e+03 1.27381726e+03
 3.76085000e+04 5.85252441e+03 3.29027686e+03 3.86609497e+03
 4.64847900e+03 4.90963281e+03 3.82557031e+03 4.76117266e+04
 1.79065698e+03 6.62757492e+01 1.48844180e+04 3.50347217e+03
 9.69529004e+03 3.90237744e+03 7.16414297e+04 2.41538926e+04
 1.11666768e+04 1.18627510e+04 2.62844800e+03 1.68566531e+05
 1.87045879e+04 4.62441559e+02 1.11376416e+04 2.35902319e+03
 1.14851797e+04 8.47095410e+03 2.03781609e+05 2.33465747e+03
 7.37022021e+03 1.82021758e+04 3.15598486e+03 1.33868030e+03
 5.29770508e+04 5.70336426e+03 1.32217578e+05 2.20329028e+03
 1.00579062e+05 5.60809473e+03 1.17778340e+04 1.63023584e+04
 6.82419629e+03 8.95337891e+03 1.20984448e+03 6.10311523e+03
 1.05400195e+03 1.37471064e+04 1.64206268e+02 1.34842065e+03
 6.67683125e+04 2.80637207e+02 2.01124766e+04 6.05686328e+04
 3.13526992e+04 1.07084492e+04 1.73117695e+04 4.40124805e+03
 1.97809219e+04 5.16663086e+03 4.00082129e+03 3.03495483e+03
 3.64916954e+01 3.31844897e+03 8.95314746e+03 1.21256699e+04
 1.69066152e+04 5.14761182e+03 6.62953662e+03 4.49308252e+03
 2.08012842e+03 1.70174329e+03 1.37763513e+03 2.43944578e+05
 3.78327454e+02 8.18393018e+03 3.19315863e+00 8.89037598e+03
 5.84153906e+03 1.92702930e+04 3.11811348e+04 1.47497314e+04
 6.34120361e+03 3.79628984e+04 1.90340308e+03 2.72140649e+03
 1.07861543e+04 4.03798920e+02 8.22597046e+02 7.65241260e+03
 2.41335229e+03 9.03473438e+03 1.19929163e+03 4.40924781e+05
 5.23262988e+03 7.03408887e+03 2.57922441e+04 1.67952344e+04
 7.29045361e+03 2.41454199e+03 2.89385590e+02 1.79145959e+03
 7.14447998e+03 2.19359033e+03 2.13578223e+03 4.62283252e+03
 1.62734414e+04 3.23219824e+03 5.78102966e+02 2.92529551e+04
 9.33241602e+03 2.17998770e+04 2.86475957e+04 3.41956016e+04
 4.80539258e+04 4.06567847e+03 7.70994727e+03 6.59852750e+05
 1.74813887e+04 1.05732871e+04 1.30552725e+04 5.86081758e+04
 1.10549210e+02 3.82876172e+03 1.95799688e+04 4.50020947e+03
 3.58519702e+03 6.03608984e+03 1.29196594e+03 3.80987891e+04
 4.80206406e+04 3.34234766e+03 8.84273438e+03 1.28750898e+04
 3.09620234e+04 3.54542908e+02 3.23098145e+03 1.15671699e+04
 6.58829980e+03 1.31102471e+04 3.57239526e+03 7.34076221e+03
 1.26986638e+06 6.55125830e+03 6.30687598e+03 5.66546692e+02
 4.85912793e+03 1.72576819e+03 3.62824219e+03 1.58436662e+06
 1.35591992e+04 5.47689062e+03 2.34529224e+03 2.02319453e+04
 1.04596609e+05 2.40878457e+04 1.44161045e+04 1.34089594e+05
 4.02478104e+01 3.55891650e+03 2.28008730e+04 1.80335586e+04
 1.13921924e+03 4.54311859e+02 7.96837598e+03 2.73944287e+03]
32194.453
2233443.2
