[2.69850250e+06 3.10015703e+04 5.53082062e+05 2.84812988e+04
 6.39489375e+05 3.98707438e+05 5.02460992e+08 5.28769550e+06
 6.67655875e+05 2.13491891e+05 7.07187584e+08 2.25358938e+05
 9.75570938e+05 6.56520832e+08 4.23871469e+05 6.57596797e+04
 1.54762734e+05 7.88615156e+04 1.30793719e+05 2.25682625e+06
 5.34805977e+04 2.87471035e+04 3.17145360e+07 1.22496275e+06
 2.51243750e+04 5.46084100e+06 1.18213438e+06 1.17302112e+06
 8.86343359e+04 1.91522953e+05 2.81561219e+05 5.03737844e+05
 3.51737062e+09 1.69659016e+05 4.22808650e+06 4.78570250e+05
 2.67539438e+05 1.39088281e+05 5.80893250e+05 5.39703047e+04
 1.71920484e+05 1.96788203e+04 4.55698906e+05 6.63190625e+04
 3.95812000e+05 1.29492912e+06 7.71376953e+04 2.74116426e+04
 1.38469484e+05 1.12219138e+06 1.17007008e+05 1.17748383e+05
 2.50794102e+04 8.54004000e+05 3.47398000e+05 3.29760000e+05
 1.66778012e+06 8.36563047e+04 2.29934450e+06 7.40382656e+04
 3.89389312e+05 1.80519812e+05 1.95156006e+09 6.77579297e+04
 5.44464768e+08 8.95864219e+04 1.69324078e+05 2.39961797e+05
 6.36175469e+04 1.43760328e+05 1.89329250e+05 2.12263398e+04
 3.76062656e+05 4.09912158e+03 1.20970125e+05 4.67801400e+07
 1.02925744e+06 3.73494844e+04 6.90646045e+03 1.68122680e+07
 2.61883320e+04 9.00090469e+04 1.28403781e+05 3.93581641e+04
 7.42040781e+04 1.82581445e+04 5.77028555e+04 4.84455586e+04
 7.41591162e+03 3.57482148e+04 6.38520438e+05 6.92313062e+05
 1.09803539e+05 8.78815938e+04 9.12292900e+06 1.40872031e+05
 1.51139031e+05 6.18272875e+05 1.64301656e+05 5.82920273e+04
 3.14383719e+05 1.09375484e+05 1.28316352e+05 1.62385742e+04
 5.64102188e+05 1.49568672e+05 4.78396125e+05 1.05143891e+09
 1.75991250e+05 1.41330811e+03 5.30411289e+04 8.38004890e+09
 1.46313156e+05 8.89891602e+02 7.98634375e+05 3.85648008e+04
 2.70462125e+05 3.04616938e+05 2.56642891e+05 2.48140918e+04
 1.40440713e+04 4.36833047e+04 2.80946688e+05 3.16038775e+06
 1.26383662e+06 5.29316797e+04 5.31140039e+03 1.72980859e+05
 1.37866781e+05 6.29262578e+04 3.00655469e+05 6.49870215e+03
 4.26227109e+04 4.62791523e+04 4.75661000e+07 1.75826738e+04
 1.19782400e+06 9.52455957e+03 3.86380656e+05 1.34953812e+05
 1.26508125e+05 6.66868688e+05 1.40598850e+06 1.78032026e+09
 3.28341728e+08 1.15338297e+05 7.81263770e+03 1.03385462e+06
 1.45685674e+04 9.84579562e+05 6.93637120e+08 4.81779094e+05
 2.06700557e+09 1.62954990e+04 3.49943844e+05 4.33881562e+04
 8.22949902e+03 3.19503000e+06 5.61629258e+04 3.44568477e+04
 8.41915375e+05 2.68451844e+05 9.80360234e+04 2.44008828e+04
 2.77437719e+05 8.03750000e+04 1.15232227e+05 2.40485062e+05
 1.04799102e+05 1.99262450e+06 1.90097812e+04 8.25945812e+05
 2.70858359e+04 2.73717578e+04 1.66402234e+05 8.72071406e+04
 1.19782203e+05 2.26044946e+03 1.13772219e+05 6.62805125e+05
 3.12044650e+06 2.84989526e+03 1.29207700e+07 3.55219424e+08
 5.17467375e+05 1.07512305e+05 1.03925164e+05 3.94000531e+05
 1.21700117e+05 4.96422219e+05 9.52996172e+04 1.71432344e+05
 1.81467754e+04 3.08410879e+04 9.84174100e+06 1.95593066e+04
 3.26515656e+05 1.09869523e+05 5.48521211e+04 1.44553828e+05
 4.16187109e+03 3.74511344e+05 4.83149844e+05 1.31444438e+05
 4.86796800e+06 8.62366600e+06 6.63065938e+04 8.83068000e+05
 9.18713438e+04 4.13393625e+05 2.52786602e+04 2.27067188e+05
 2.25785953e+05 3.23212375e+05 5.27328086e+04 1.90082598e+04
 3.91497891e+04 1.38204434e+04 7.94642891e+04 3.25383312e+05
 7.83264688e+04 3.86676344e+05 2.10719953e+05 5.65693500e+06
 6.60376688e+05 1.73194752e+09 2.57785453e+05 5.97404844e+04
 9.86071562e+04 3.54961475e+06 7.08007812e+05 3.27262949e+04
 3.39441719e+04 6.54995703e+03 1.18012750e+05 2.73716094e+05
 1.49489562e+05 2.25005552e+08 4.76294969e+05 2.33228969e+05
 1.12361414e+05 5.16243203e+04 4.82348700e+06 8.88168062e+05
 1.16649625e+05 2.89734531e+05 1.95622969e+05 9.22722070e+03
 2.11658125e+05 1.17961590e+07 4.64394873e+03 1.74022750e+06
 1.96040906e+05 2.73826733e+03 7.56326953e+04 5.10913000e+05
 9.84211953e+04 6.12280448e+08 2.53853344e+05 6.90336125e+05
 8.20337150e+06 1.89265203e+05 7.24465250e+05 1.15068887e+04
 2.41635664e+04 1.53039047e+05 1.14501428e+03 1.63350725e+06
 1.71155475e+06 6.48810188e+05 2.64879031e+05 1.01452531e+05
 4.03288448e+08 1.22609914e+05 5.13566031e+05 2.93357031e+05
 2.77783875e+06 4.47871312e+05 1.09851270e+04 1.51743375e+06
 2.72405469e+03 7.26405000e+05 7.09821680e+03 5.93563711e+04
 1.44052012e+04 2.22688320e+04 2.22091906e+05 2.06804438e+05
 2.40310293e+04 1.69611038e+06 9.04446250e+04 3.00178781e+05
 4.60519438e+05 5.50291520e+07 2.82215273e+04 4.69918984e+04
 4.90155352e+04 1.15699117e+05 4.23926156e+05 6.23039746e+03
 4.73206250e+05 1.40856719e+05 6.29483688e+05 3.11071050e+06
 7.03440469e+04 3.42400720e+07 6.76219688e+04 1.51103350e+06
 3.68849648e+04 1.85958105e+04 6.00043408e+03 4.81170430e+04
 9.76405938e+05 1.97475312e+05 7.81862891e+04 7.90024438e+05
 7.40824141e+04 4.65296800e+06 2.81415594e+05 2.00474325e+06
 1.30802555e+05 6.44598625e+05 9.10566875e+05 8.92798062e+05
 1.03621844e+05 4.93030844e+05 1.26774300e+06 1.39013766e+05
 2.46815656e+05 4.93381738e+03 6.94969375e+04 2.62799160e+04
 4.67002461e+04 2.04571297e+05 1.65741453e+05 1.61584625e+06
 4.10866312e+05 3.88637281e+05 1.08663725e+06 2.68613711e+04
 1.44795312e+05 3.37592312e+05 5.77801836e+04 4.04024906e+05
 9.41352969e+04 3.40391328e+04 1.44030109e+05 4.38833867e+04
 2.01942828e+05 3.12833179e+03 8.49013062e+05 5.81159688e+05
 1.20640031e+05 1.24587188e+06 1.32615578e+05 7.59598562e+05
 6.97008062e+05 2.95794688e+05 3.44104727e+04 6.32948928e+08
 2.66561712e+08 1.36276186e+09 7.77177422e+04 6.01160156e+03
 1.10628862e+06 1.79176760e+07 6.90753280e+08 1.68586750e+05
 4.72264500e+06 3.84054875e+05 3.23120969e+05 4.00372938e+05
 1.86055520e+07 1.55712000e+05 9.73935703e+04 9.03028062e+05
 3.30611175e+06 5.43401641e+04 2.21431056e+08 2.63627969e+04
 4.75544219e+04 2.46342700e+06 4.53941350e+06 8.27044125e+05
 1.00523091e+09 1.49962878e+03 5.88197852e+04 6.25949609e+04
 8.79948096e+08 8.67281750e+05 3.95443475e+06 1.67328867e+04
 3.76677531e+05 2.13922109e+05 3.30490332e+03 2.74641075e+06
 2.07018359e+04 4.55161000e+06 1.62833656e+05 6.77899600e+06
 8.95469434e+03 4.63329406e+05 6.69314609e+04 1.26319688e+05
 2.38699136e+09 8.61766144e+08 2.75024156e+05 2.35526172e+05
 6.85214800e+07 6.42821062e+05 5.61193125e+05 6.59106797e+04
 6.74935000e+05 1.90787312e+05 4.28791091e+09 1.06564575e+06
 1.94782538e+06 3.38230625e+05 4.46561229e+09 3.00765762e+04
 4.35095312e+03 3.23126914e+04 1.57115977e+04 1.43443875e+05
 3.35077688e+05 5.45112500e+05 3.54010719e+05 3.10125340e+07
 1.05527675e+06 4.74600531e+05 2.77566562e+04 1.07001898e+05
 1.09898115e+04 3.45162775e+06 2.13922562e+05 2.91775562e+05
 9.06519488e+08 1.30475439e+04 1.20296547e+05 4.98174040e+07
 3.28451719e+04 6.42480859e+04 2.48964355e+04 1.75179000e+06
 1.26892250e+09 4.71177460e+02 1.56931250e+05 6.28578938e+05
 9.07113828e+04 1.99908469e+05 7.26214320e+07 1.31415420e+07
 9.92204102e+03 9.21166625e+05 8.23414125e+05 6.25760240e+07
 3.02542324e+04 7.75522125e+05 3.59778900e+06 1.87284351e+03
 6.80349609e+04 2.61879355e+04 1.04187297e+05 3.94508906e+04
 3.37578250e+05 1.74959258e+04 9.52286094e+04 4.49893664e+08
 2.80835371e+04 1.30599987e+10 8.26009688e+04 1.64443340e+04
 9.64935680e+07 9.29805188e+05 3.22690742e+04 1.45327125e+05
 7.12704512e+08 5.42195750e+05 2.07556680e+04 3.63145156e+05
 4.46450586e+03 7.69171062e+05 5.95111084e+03 2.76954812e+05
 8.74465000e+05 4.67432188e+04 1.16127305e+05 5.55398688e+05
 1.10502354e+04 2.51573965e+04 1.32402812e+05 8.51193594e+04
 1.51156656e+05 7.07837500e+04 6.10419062e+05 8.09931836e+03
 3.34941125e+05 8.35600562e+05 2.38250188e+05 1.25354180e+05
 4.32394492e+04 3.97025406e+05 9.29904062e+04 2.56401359e+05
 1.08473375e+05 2.54353926e+04 2.67031872e+08 2.55642109e+05
 2.61523281e+04 1.48165098e+04 1.28602055e+05 4.65282422e+04
 6.75798984e+04 5.82797812e+04 1.41125440e+09 9.62299766e+04
 4.04745562e+05 1.52505820e+04 5.80336688e+05 3.82305040e+07
 1.18141336e+05 4.08757650e+06 1.56157441e+04 3.21514125e+05
 4.04404781e+05 1.61716016e+05 3.08670352e+04 2.11506750e+05
 8.64857520e+03 1.01529250e+05 1.29013766e+05 1.78637516e+05
 1.75773424e+08 6.53494141e+04 3.04728656e+05 1.46526188e+05
 4.02612891e+04 1.04011788e+06 1.09019742e+05 1.02254656e+06
 7.16193875e+05 1.81552825e+06 4.07072416e+08 1.30046898e+05
 6.19697617e+04 4.36243750e+04 8.18336562e+05 1.57734375e+05
 2.32792656e+05 1.82848234e+05 3.84765375e+05 1.24812273e+05
 7.93001719e+04 8.34226950e+06 2.06054625e+05 1.14983075e+06
 4.66552100e+03 5.14068438e+04 5.55941113e+03 9.75458047e+04
 1.97772021e+03 4.92863320e+04 2.69929125e+05 3.28159094e+05
 1.24142961e+05 1.77695281e+05 6.33357812e+04 1.00512431e+06
 1.57678219e+05 2.29886416e+08 1.39469453e+05 1.28050906e+05
 4.30922000e+06 3.94943700e+06 2.83830349e+09 2.66961719e+05
 1.89116203e+05 3.83646750e+05 9.33589375e+05 7.41074219e+03
 4.50174150e+06 1.17990070e+05 7.76167000e+05 8.94443750e+05
 1.08067825e+06 1.60755300e+06 2.36084625e+05 1.30821462e+06
 8.29720812e+05 7.31608438e+05 2.52570359e+05 1.32524688e+05
 1.09513531e+05 5.33791938e+05 3.58007062e+05 4.90334469e+05
 3.06923744e+08 1.09622422e+04 1.10367844e+05 6.38981797e+04
 2.93656719e+05 1.96322453e+05 2.19682051e+04 1.44508969e+05
 4.21715000e+05 1.12002969e+05 3.77265531e+05 4.68936914e+03
 1.08371700e+06 8.34765438e+05 9.81767871e+03 4.71181438e+05
 9.18419766e+04 3.09022281e+05 4.76272719e+05 1.21448148e+05
 8.78627938e+05 4.14734344e+05 1.26047220e+07 1.12825840e+08
 5.39179609e+04 1.38138850e+06 8.68526484e+04 1.50518340e+04
 1.10624297e+05 5.30566062e+05 2.52062949e+04 3.16554766e+04
 6.44445586e+04 3.25662438e+05 1.22849150e+06 2.05877227e+04
 7.35681797e+04 3.75309812e+05 6.33962438e+05 1.85797552e+08
 2.65074750e+05 9.44128125e+03 1.91987172e+05 5.03362406e+05
 2.35398391e+05 6.85378955e+03 8.16568984e+04 4.81975586e+03
 5.09112050e+06 9.21021632e+08 2.27928859e+05 1.32851348e+04
 1.87071781e+05 6.81624072e+03 1.14023301e+04 2.29147578e+04
 3.11620195e+04 1.13433975e+06 1.08670516e+05 3.51316219e+05
 4.70817305e+04 3.36971264e+09 5.15096219e+05 3.73483945e+04
 6.72383000e+05 3.54533950e+06 1.34345562e+05 1.80236188e+05
 6.46895352e+04 1.36771912e+03 3.99923789e+04 9.88644844e+04
 1.06548734e+05 8.34918047e+04 4.31345200e+06 2.02921118e+03
 4.43012109e+04 8.60070562e+05 4.98639141e+04 1.39305088e+06
 4.11167040e+07 3.60200781e+05 1.94211172e+05 1.18968162e+06
 5.25998633e+04 6.09124219e+04 1.77523266e+05 5.94071552e+08
 2.86962560e+09 4.98441836e+04 3.03778887e+04 5.27433250e+06
 3.33810250e+05 7.38391699e+03 1.28342820e+05 3.54601656e+05
 5.57806750e+05 5.00258672e+04 5.92593516e+04 1.01798734e+05
 2.27273945e+04 1.00117648e+05 6.98422000e+06 4.83635625e+04
 3.61784009e+03 1.56477188e+05 5.70828984e+04 7.10713984e+04
 1.16645072e+08 2.03037719e+05 3.21530547e+04 1.28833843e+09
 1.43202425e+06 1.34124619e+04 3.86452070e+04 6.31289688e+05
 1.01990931e+06 1.28530914e+05 6.87220469e+04 1.76334422e+05
 6.91508688e+05 3.54653984e+04 4.08008938e+05 2.62110625e+04
 1.22147234e+05 3.82975360e+08 5.32388812e+05 3.63458425e+06
 9.40440547e+04 3.74496250e+05 4.36687969e+05 1.49524080e+07
 3.33148875e+06 7.85125688e+05 3.79130938e+04 3.92921500e+05
 2.19076825e+06 1.54524375e+10 2.31519675e+06 2.92787793e+04
 1.38071914e+04 5.46336243e+02 3.10557938e+05 3.04576500e+06
 2.16352656e+05 1.72295062e+05 5.22009406e+05 1.14802359e+05
 3.46968828e+04 5.53781250e+05 1.74603920e+07 3.08457031e+05
 3.89325742e+04 5.87348164e+04 1.23704112e+06 2.94707594e+05
 2.19754547e+05 4.94716406e+05 8.34452500e+04 1.10641617e+05
 1.47879541e+04 5.33171406e+04 8.95070375e+05 6.26819180e+04
 3.88626483e+09 1.39608289e+03 1.32863389e+04 1.09558539e+05
 1.10472656e+04 4.85335117e+04 6.46942938e+05 2.67033531e+05
 7.30711016e+04 1.17579062e+06 5.03613906e+05 1.07340075e+06
 4.94610812e+05 4.76204781e+05 5.38632969e+04 6.81228027e+02
 1.64470740e+07 6.38654766e+04 6.66551250e+04 6.56759375e+03
 2.41303828e+05 1.69700250e+05 3.75452160e+09 6.22098555e+04
 3.18246562e+05 1.13485475e+06 4.21237500e+05 1.52846162e+04
 4.47441188e+05 8.90782812e+05 3.43267500e+04 1.67280603e+03
 1.04991053e+09 4.73564719e+05 3.88271125e+05 3.79847844e+05
 6.63772188e+05 5.89799883e+04 2.94894800e+06 2.81526812e+05
 7.98345779e+09 3.78634414e+04 9.12157938e+05 9.21653984e+04
 3.02117344e+08 1.14833797e+05 2.12278062e+05 8.74526953e+03
 8.08491328e+04 1.45716775e+06 1.53607578e+09 5.27538400e+06
 3.64226188e+05 4.23994141e+04 8.80944609e+04 8.17392422e+04
 7.00291064e+03 1.54424109e+05 5.94112688e+05 1.73198738e+06
 2.68694102e+04 1.28199305e+05 4.24705250e+05 6.33613477e+04
 2.42839950e+06 5.43571375e+05 1.42401123e+04 5.40677450e+06
 1.48377295e+04 9.73002734e+04 1.04788952e+08 1.04366681e+06
 4.71143680e+08 3.92855703e+04 1.99093008e+04 6.22993213e+03
 6.99249562e+05 1.49211062e+05 6.36921875e+04 3.89129640e+07
 5.01182227e+04 8.10743750e+05 2.16283094e+05 9.55202875e+05
 1.15715558e+09 1.60084210e+07 9.85214912e+08 5.28462793e+03
 9.64984875e+05 1.82153781e+05 3.37684406e+05 2.10303562e+05
 1.19186898e+05 4.18638906e+05 2.01633375e+05 6.45733350e+06
 3.09591125e+05 2.42442469e+05 1.22423117e+05 1.17562427e+03
 2.57520050e+06 8.19508812e+05 2.73080350e+06 4.21223656e+05
 7.81029453e+04 4.88273906e+05 3.15329609e+04 2.58199584e+08
 1.64577500e+06 4.49568512e+02 3.97123219e+05 1.93028535e+04
 3.99468844e+05 6.43922812e+04 1.63378844e+05 1.19117234e+05
 4.83192000e+05 1.12902067e+09 2.60929453e+04 4.24861758e+04
 3.15195020e+04 1.08202906e+05 4.39228812e+05 3.57497906e+05
 5.55563850e+06 5.55869184e+08 2.15551156e+05 4.23129100e+06
 2.00174520e+07 3.37573164e+04 1.49703952e+08 3.32533500e+05
 1.75570688e+05 3.84656312e+05 9.57870703e+04 1.41721953e+05
 2.80907266e+04 2.97658438e+04 1.47445288e+06 2.72165965e+09
 7.08881953e+04 4.16786320e+07 4.55394570e+04 1.48769109e+05
 1.70746602e+04 1.43296699e+04 5.42474938e+05 7.60712188e+05
 9.68771094e+04 9.89020938e+05 4.71612500e+04 6.93245062e+05
 3.05406625e+05 2.25957750e+05 3.08745438e+05 3.11810438e+05
 2.74368688e+05 3.54575098e+03 3.17938418e+04 2.05917408e+08
 9.34289297e+04 2.58274560e+08 7.38426953e+03 1.09508039e+05
 1.54942976e+08 2.36617484e+05 2.56447680e+08 2.67789340e+07
 1.49828992e+08 6.45477812e+05 6.33003125e+05 5.76026125e+05
 1.41728578e+05 1.29048180e+05 3.77133344e+05 5.54048477e+04
 6.97568203e+04 2.73415938e+05 6.06458545e+03 5.33644688e+05
 5.30302344e+04 4.30180288e+08 7.82661328e+04 3.44820969e+05
 1.06294977e+05 5.24334961e+04 2.46478050e+06 4.47620688e+05
 8.11896562e+05 2.37033242e+04 1.31447266e+05 5.57977350e+06
 9.30975312e+04 3.17979375e+05 1.72695672e+05 1.84310112e+06
 6.39449375e+04 4.84468531e+05 2.33881650e+06 1.19616914e+04
 1.61244344e+05 2.02768969e+05 3.47562383e+04 9.25920062e+05
 6.87310000e+05 1.02041445e+04 8.78505566e+03 2.65042625e+05
 7.46245703e+04 3.11508350e+06 2.28477781e+05 2.27455098e+04
 2.03526582e+04 1.88769805e+04 1.07610889e+04 4.17773164e+04
 2.00069000e+06 1.45426270e+04 2.14665203e+05 9.39851953e+04
 5.05700898e+04 1.04178609e+05 2.85890254e+04 2.98487250e+06
 9.53790188e+05 2.41086922e+05 1.67629040e+08 8.45657536e+08
 3.54905675e+06 8.36361000e+05 3.20292871e+04 3.62963450e+06
 6.14697815e+02 2.03850156e+04 7.07418562e+05 1.29193462e+06
 4.20998906e+04 1.63740781e+05 6.08161621e+03 4.69181680e+04]
119894180.0
15452438000.0
