[7.88809375e+04 1.73965308e+03 1.84028844e+05 4.58191467e+02
 1.37707888e+06 1.12598223e+04 4.96980988e+02 2.28610059e+03
 1.04421281e+05 4.51179541e+03 7.16520312e+04 1.23618891e+05
 2.02864043e+04 3.54515332e+03 1.07906044e+02 2.17640576e+03
 5.11800928e+03 7.49486206e+02 3.33136031e+05 1.24733950e+06
 3.48895630e+03 1.83514746e+04 7.55810062e+05 8.83988875e+05
 2.66799393e+01 5.27165400e+06 4.42648594e+05 5.63001875e+05
 5.90658252e+03 7.70454150e+03 3.88726532e+02 8.40197422e+04
 3.06797520e+04 7.28448047e+03 1.93508633e+04 2.97056152e+03
 2.50070752e+03 2.90765610e+01 1.20238266e+05 2.91115601e+03
 1.34931895e+04 7.14619751e+01 2.78316934e+04 2.95184258e+04
 7.94451500e+05 6.99598535e+03 2.35848779e+03 6.05286289e+04
 1.05535571e+03 1.47514092e+04 2.74541748e+03 3.54222198e+02
 1.54814362e+02 2.71336550e+06 1.01821448e+03 1.75991764e+01
 3.23077988e+04 1.79155188e+06 5.17271125e+05 2.00243887e+04
 5.04101500e+05 3.75060767e+03 2.64304961e+04 3.17324658e+03
 1.63152612e+03 8.28939875e+05 4.37496719e+04 2.58932695e+04
 5.29621924e+03 7.70269297e+04 7.88659607e+02 1.39699121e+04
 2.99433716e+03 1.66137769e+03 1.38145752e+04 9.58526758e+03
 2.90022422e+04 6.40147062e+05 3.08776025e+03 4.40849219e+03
 9.16161987e+02 7.08386094e+04 6.89446436e+03 1.85683188e+05
 1.91032469e+05 1.49402252e+02 3.31953271e+03 1.36119470e+03
 2.10150844e+05 1.01272289e+05 5.27795068e+03 2.28839297e+05
 4.41240674e+03 4.09782930e+04 2.77067050e+06 2.07865938e+05
 3.85371631e+03 1.70548281e+05 2.96682793e+04 9.32521301e+02
 2.09879969e+05 5.81660400e+03 3.97323242e+03 1.40429834e+04
 3.16292715e+04 8.51880859e+03 2.28015840e+04 3.02679639e+03
 5.72695000e+04 3.96884424e+03 1.97336914e+03 1.09448488e+06
 8.66710632e+02 1.55990433e+02 9.87164062e+03 1.16153750e+04
 1.76728467e+03 1.81105844e+05 2.83896523e+04 2.78750183e+02
 2.68804906e+05 2.66898418e+04 3.55418008e+04 2.46723608e+03
 6.09744570e+04 4.14374375e+04 6.32702698e+02 6.88080872e+02
 8.72830781e+04 7.98928281e+04 1.19082031e+03 8.99789185e+02
 1.28470093e+02 1.53589575e+03 1.16289539e+05 2.00386459e+02
 1.56364243e+02 2.25145752e+03 3.41434619e+03 8.95663940e+02
 2.79610156e+04 5.24047314e+03 1.17785078e+04 1.45304984e+05
 1.91642344e+04 4.11851367e+03 1.87113770e+03 8.91099297e+04
 9.91149231e+02 1.51771484e+04 3.02224518e+02 8.42901855e+03
 7.97476270e+03 6.98202820e+02 9.26015391e+04 3.48835977e+04
 2.09662549e+03 6.83543203e+04 1.06226055e+04 9.91561523e+02
 2.68182363e+04 3.59340515e+02 8.65289856e+02 1.96587625e+05
 9.40188770e+03 4.26895508e+03 3.60709497e+03 6.31637109e+04
 3.49445892e+02 2.08369258e+04 1.48544878e-01 1.99351016e+04
 4.10862844e+05 6.62949756e+03 2.22444141e+03 1.39054746e+04
 4.76862938e+05 1.45635974e+03 1.94898779e+03 8.56494238e+03
 2.21223297e+05 1.48088857e+04 4.51482031e+04 1.15730562e+05
 3.62104844e+04 4.30863818e+03 2.50336738e+04 2.27453796e+02
 7.33595938e+04 7.55816406e+04 1.92903500e+05 8.07388359e+04
 1.06391113e+04 7.18603955e+03 5.69184883e+04 1.10828076e+03
 2.61153406e+05 1.64521436e+03 8.24777039e+02 2.15002578e+04
 1.55383766e+05 8.68243125e+04 4.82330688e+05 2.02188733e+03
 3.11399875e+05 8.97091700e+06 2.35808789e+03 1.27310344e+05
 6.44257539e+04 9.13974915e+02 1.96263574e+03 1.77800449e+04
 1.51083313e+02 4.00737000e+02 2.32189560e+02 1.08471711e+05
 5.81969678e+03 7.73351611e+03 1.03841846e+04 1.30394104e+03
 1.04525916e+03 3.22483438e+05 2.31014233e+03 2.69006035e+04
 1.84455432e+03 2.00475281e+05 3.43783125e+05 6.73735123e+01
 1.78679668e+04 9.33801750e+05 3.28530312e+01 4.19565918e+03
 5.67766953e+04 8.91030312e+04 2.71751440e+03 7.30609814e+03
 1.56195264e+04 2.17562210e+02 2.68404188e+05 9.29641953e+01
 2.10363262e+04 6.39152588e+02 3.10055449e+04 3.93255420e+03
 1.63252722e+03 6.04502344e+04 2.86976895e+04 3.39793140e+03
 6.33033691e+03 4.17214102e+04 4.00364209e+03 2.22756016e+04
 1.25463867e+02 7.82065479e+03 1.77286682e+03 8.20527031e+04
 4.20021057e+02 8.16082617e+03 1.08232695e+04 9.41699219e+02
 2.42620020e+04 3.90839719e+05 4.92296281e+05 1.23758020e+03
 5.19551182e+00 4.67541523e+04 1.30425938e+04 3.96435986e+03
 1.47028016e+05 7.57122681e+02 3.34434609e+04 6.26547969e+04
 6.38536743e+02 6.96939111e+03 2.45690781e+04 3.57246953e+04
 1.67245078e+05 3.01091821e+03 2.29443344e+05 1.74060938e+04
 1.65915859e+04 3.24588550e+03 8.64547546e+02 6.76862734e+04
 3.25533911e+03 1.47739971e+04 1.86177422e+04 1.08005498e+04
 1.17266772e+03 3.15955781e+04 1.51674707e+04 1.74907883e+02
 9.99150195e+03 2.02518936e+02 2.25495093e+03 9.46336094e+04
 3.36132617e+03 7.29435959e+01 2.55063789e+04 2.88594299e+02
 4.99528900e+02 3.99115601e+03 1.14594053e+04 8.20800234e+04
 2.79899219e+03 1.22764672e+05 9.78299438e+02 6.21494250e+05
 2.07273975e+03 9.55260352e+03 5.25543030e+02 9.13663516e+04
 3.31163422e+02 9.96968842e+01 1.42961035e+03 3.00445219e+05
 2.62468567e+02 7.17172394e+01 1.98802625e+05 5.96293500e+05
 1.83201094e+05 1.13715942e+02 1.74957832e+04 1.04970520e+03
 3.03276328e+04 6.64164648e+03 1.62154863e+04 1.72902307e+03
 1.37627734e+04 1.22794072e+04 1.20675610e+03 5.20850647e+02
 1.26858555e+04 7.46075625e+04 1.41513936e+04 1.39578250e+06
 2.08255997e+02 3.21597925e+03 1.69527922e+05 5.86665820e+03
 2.99208562e+05 8.39825703e+04 2.32054736e+03 2.52297623e+02
 5.35506211e+04 1.64652454e+03 6.00413208e+02 2.15685703e+05
 1.34903540e+03 4.19720337e+02 1.52021021e+03 3.57943828e+04
 1.45050039e+01 2.76745219e+05 1.72517834e+03 3.41774243e+03
 1.83259609e+05 3.86533966e+02 4.25145117e+03 3.06160059e+04
 3.68590094e+05 1.37600205e+04 7.61951641e+04 4.73635303e+03
 1.85602070e+04 6.73981900e+06 3.22055438e+05 1.54833862e+02
 1.44010450e+06 5.47472217e+03 3.09350800e+02 9.55863892e+02
 2.51796047e+05 3.02539795e+02 9.40524219e+03 2.99756035e+04
 3.21496844e+05 3.53772938e+05 2.29496167e+03 1.17450549e+03
 1.95547852e+04 2.26153500e+05 1.56716578e+05 2.83917715e+04
 9.86533398e+03 4.10768701e+03 4.62449005e+02 1.04428164e+04
 6.90031172e+04 2.36594727e+03 1.94233922e+05 2.14228516e+04
 2.03300507e+02 9.63566172e+04 4.58983594e+04 7.95794983e+02
 1.84914453e+03 2.26604300e+06 1.75234998e+03 1.22539172e+05
 1.98476501e+03 4.36453438e+04 2.31414928e+01 1.30126162e+04
 9.38148010e+02 9.89842285e+03 3.01876587e+03 7.50470625e+04
 9.82592688e+05 3.57739805e+04 2.85433228e+03 2.88662312e+05
 4.99163184e+03 1.71046031e+05 6.97040547e+04 2.23215801e+04
 2.55772485e+03 1.46111045e+04 3.24163379e+03 9.64517266e+04
 8.81496250e+04 4.26398398e+04 3.62104395e+03 4.45526093e+02
 2.93865186e+03 4.81143750e+03 1.00201992e+04 1.31677600e+03
 5.57537305e+03 4.34821875e+04 1.72277979e+03 2.84107562e+05
 9.33495410e+03 2.18890800e+06 1.02014046e+02 2.21871191e+03
 5.83600655e+01 4.91748730e+03 5.08115234e+03 2.29715918e+04
 3.29133759e+02 2.64424097e+03 3.27659258e+04 2.38069794e+02
 3.40188525e+03 3.22764453e+04 6.09956665e+02 2.04938578e+05
 3.11224707e+03 4.48956152e+03 2.82418408e+03 2.57509240e+07
 6.71380703e+04 3.28260078e+04 3.16788242e+04 8.43386841e+02
 6.25821533e+01 1.00011969e+03 1.18453623e+04 5.79807617e+03
 8.87501038e+02 9.26248074e+00 2.66157739e+03 5.78972229e+02
 6.34131165e+02 1.86232446e+03 6.69485498e+03 1.11150948e+02
 2.95171826e+03 1.99917150e+06 1.52222129e+04 5.97814990e+03
 1.13252664e+05 5.26208643e+03 1.44897659e+02 7.54168672e+04
 2.42325150e+02 2.82795044e+03 3.67608594e+04 1.71316663e+03
 1.01993988e+03 2.66016844e+05 1.73419141e+04 6.34422510e+03
 3.55930420e+03 1.02943042e+03 7.98657422e+04 8.08268438e+04
 5.14663770e+03 1.58855984e+05 2.42423828e+02 1.16848840e+03
 9.08803711e+02 7.62265234e+04 5.75350117e+04 1.10762797e+05
 2.20328931e+03 5.94912000e+06 5.79726990e+02 5.84366028e+02
 2.08585889e+03 1.67562625e+05 2.85374824e+04 5.40397949e+02
 2.38277069e+02 2.10786035e+04 3.10175781e+03 1.45739023e+04
 1.99934863e+03 1.12548742e+05 6.46294800e+02 5.19589502e+03
 1.33169594e+05 3.64172217e+03 1.65893516e+04 7.84158875e+05
 1.21340039e+03 1.59520190e+03 7.18266500e+05 9.78030234e+04
 6.28610306e+01 5.62212300e+06 2.17201078e+05 1.67911102e+02
 8.71079062e+04 9.26729736e+02 3.64588750e+04 1.59158641e+05
 8.90350647e+02 8.05729375e+04 1.09363757e+03 3.92662500e+03
 1.32155127e+03 1.25252342e+02 8.90498474e+02 2.30287915e+03
 4.21489655e+02 2.03370697e+02 1.01696543e+04 5.71703076e+03
 2.19191484e+05 1.63008438e+05 2.28238359e+04 8.80822031e+04
 3.53251250e+04 1.64596252e+03 9.97960645e+03 2.74493984e+04
 1.60570664e+04 1.99895547e+05 4.51877588e+03 3.52714609e+04
 2.29711934e+04 7.77320391e+04 1.56245734e+05 6.39183008e+04
 6.85848047e+04 3.58060059e+03 3.95782056e+03 4.21819492e+04
 1.95503656e+05 1.09992828e+05 5.31241064e+03 5.22253418e+03
 3.47015820e+03 9.99565796e+02 1.66534265e+03 1.81681844e+05
 6.89898750e+04 2.31151904e+03 2.11705371e+04 1.08416138e+03
 5.93569812e+05 4.38164727e+04 6.63147266e+04 4.33056494e+03
 1.07270361e+03 2.17335791e+03 6.21983281e+04 4.33901904e+03
 5.28637756e+02 2.05435938e+05 2.61877285e+04 7.85922705e+03
 1.43229131e+04 7.04781250e+05 9.39300720e+02 1.09380898e+05
 7.52866875e+04 2.01149194e+03 1.52196188e+06 4.60967285e+03
 5.27618994e+03 9.79560742e+03 7.93039893e+03 2.58751281e+05
 1.00939172e+03 1.06719635e+02 4.93668594e+05 4.02031445e+04
 1.16468281e+05 8.98369125e+05 1.09063416e+03 2.36943896e+03
 6.17960438e+05 1.93512610e+03 6.33716357e+03 5.08346130e+02
 1.42320234e+04 6.35826445e+04 1.11073312e+05 3.69376270e+03
 4.41102438e+05 4.47584023e+04 1.99137558e+02 7.97559180e+03
 4.20300000e+04 3.08203955e+03 2.97132025e+06 6.78051125e+05
 1.26881668e+02 7.76185449e+03 1.02645281e+05 5.20922168e+03
 1.41983749e+02 4.31449594e+05 1.62629766e+04 2.15236011e+03
 3.64283154e+03 5.77062695e+03 5.89412354e+02 6.67531860e+02
 1.38619629e+03 8.87136719e+03 2.04591781e+05 4.12549531e+04
 4.32266846e+01 2.67963721e+03 3.25457886e+03 1.20307598e+04
 2.24998172e+05 3.77450537e+03 5.01528711e+03 7.54157776e+02
 4.85183450e+06 6.35323448e+01 7.87303650e+02 4.37710205e+03
 9.10827266e+04 1.91760266e+03 8.95155762e+02 3.89521523e+04
 1.39075891e+03 6.79452026e+02 1.90567896e+03 2.15184578e+05
 1.26698189e+01 1.30758760e+04 6.08369727e+04 1.65934900e+03
 5.95576953e+03 5.09463037e+03 8.29951094e+04 1.03754810e+03
 2.64401794e+02 6.32527237e+01 9.33384705e+01 3.38857812e+03
 8.87738672e+03 3.75076289e+04 1.26399072e+03 1.14531836e+04
 2.52019570e+04 1.45948100e+06 6.91262402e+03 6.21945820e+04
 1.06761816e+04 8.61678516e+03 4.03216919e+03 8.50920547e+04
 3.89060547e+04 1.87875275e+02 4.43921924e+03 2.53190967e+03
 1.01450850e+04 2.47289578e+05 1.46209045e+03 4.32970391e+04
 7.99312988e+02 1.23381281e+05 8.50633667e+02 5.20809619e+03
 2.73405090e+02 2.25492950e+02 4.92410278e+02 3.10067944e+03
 6.87185938e+04 1.29033911e+03 1.99403141e+05 4.40811719e+04
 1.71486255e+03 1.56732812e+03 8.91081484e+04 1.53220032e+03
 1.51224297e+04 3.21768750e+03 1.82991858e+03 5.45636484e+04
 6.91123359e+04 1.87826526e+03 1.02996602e+05 2.82218945e+04
 2.87299258e+04 5.22961531e+05 9.92729297e+03 5.82445875e+05
 1.36271538e+06 4.84693115e+02 4.10001514e+03 5.37053040e+02
 2.72864906e+05 3.53389746e+03 6.49744531e+03 9.23814141e+04
 4.39835968e+01 1.37709893e+04 3.59286094e+04 2.81946469e+05
 1.81478828e+05 8.18599375e+04 2.08283906e+04 4.12184414e+04
 1.25110820e+04 6.20288375e+05 5.06145078e+04 1.24506683e+02
 2.72802734e+04 2.05583069e+02 3.25309863e+03 1.73813000e+06
 1.93387930e+04 1.46304114e+03 4.14477562e+05 1.15485547e+04
 7.53315283e+03 1.28467922e+05 1.54249488e+06 2.23353047e+05
 4.52580664e+03 2.03255234e+01 1.37526875e+05 1.03182891e+04
 1.09337656e+04 1.12590828e+05 3.39337250e+02 5.93945190e+02
 1.02109088e+03 3.26111206e+03 1.11171775e+06 5.24700049e+03
 8.02915391e+04 8.95422302e+02 2.72279219e+04 1.08642139e+04
 2.20988968e+02 5.26009492e+04 5.65471680e+03 9.92804883e+03
 7.80467676e+03 1.03703938e+05 1.36971812e+05 1.45754089e+03
 3.89544031e+05 4.46907734e+04 5.44160742e+03 1.00388470e+03
 3.51142065e+03 4.00122499e+00 1.42866223e+03 2.77087062e+05
 4.64175830e+03 2.04224609e+04 2.30393457e+03 1.12354639e+04
 9.71476013e+02 1.99534925e+06 2.19776025e+06 1.59394446e+03
 2.69255542e+03 3.19870500e+06 1.00576208e+03 9.94581299e+02
 1.21051624e+03 3.80689625e+05 7.97025078e+04 1.76729141e+04
 6.65506042e+02 3.89561792e+03 4.62533154e+03 1.74010645e+04
 1.30410049e+04 5.01748291e+03 2.35171484e+03 1.77650589e+02
 3.11337451e+03 3.61210114e+02 7.84161875e+04 1.21406177e+03
 2.84428812e+05 3.11285781e+04 2.21898965e+04 6.86242891e+04
 5.04046777e+03 1.94248169e+03 1.62878189e+02 3.91758350e+03
 3.77957129e+03 1.93403336e+02 2.54929053e+03 5.59367930e+04
 2.13047681e+03 3.97559180e+04 2.10449980e+04 3.73276703e+02
 1.11932483e+03 1.49459328e+05 1.52370146e+04 4.66196375e+05
 3.96944800e+03 1.06629160e+04 1.50937634e+03 1.62632148e+04
 8.04049512e+03 1.21340539e+05 2.03783109e+05 2.09118984e+04
 7.75121812e+05 2.23266094e+04 1.33884736e+04 3.53019727e+03
 4.44766846e+03 9.64787781e+02 1.38573669e+02 1.33536812e+06
 3.62676416e+03 4.94514844e+04 1.23475703e+04 2.46217236e+03
 5.65211060e+02 5.34995483e+02 4.27006375e+05 8.11591309e+03
 2.29869062e+04 1.85182598e+04 1.03675762e+04 2.45179834e+03
 1.15489355e+03 1.58800288e+06 4.06958812e+05 9.22006348e+03
 7.57654688e+03 2.91395000e+05 8.61962422e+04 3.68067474e+02
 1.02906152e+03 1.87184844e+04 1.02750500e+03 9.99441711e+02
 3.17525312e+04 1.76473438e+04 4.55261211e+04 1.78115547e+04
 2.65634750e+06 1.91790766e+05 2.55211816e+03 6.83467139e+03
 9.81663867e+03 1.10843664e+05 3.14759434e+04 2.18236031e+05
 3.75666553e+03 1.16356855e+04 9.32043579e+02 1.36158906e+04
 6.49231689e+02 1.34523828e+04 1.67602781e+05 1.33571992e+04
 1.05726290e+07 4.57457764e+03 9.61117676e+03 1.03641650e+04
 8.72361133e+03 7.57648877e+03 1.68943893e+02 2.78616938e+05
 6.40545020e+03 6.84163828e+04 5.66468799e+03 4.78880469e+03
 1.97488953e+05 2.70784229e+03 1.76688848e+04 1.07567352e+02
 4.43836517e+02 9.77196426e+01 4.32913525e+03 4.12474375e+05
 1.96834366e+02 2.24296359e+05 1.01116338e+04 5.12370859e+04
 8.47970605e+03 2.03349060e+03 5.09564609e+04 9.93535562e+05
 1.82415344e+05 3.92387695e+03 8.41870651e+01 1.46633408e+02
 1.84974258e+04 2.39883163e+02 1.79644849e+03 8.16125732e+03
 8.28426819e+02 2.67081660e+04 1.45965596e+04 3.35095475e+06
 7.97226660e+03 4.74589600e+03 4.86784336e+04 1.04334180e+04
 1.07146591e+02 6.95672021e+03 3.56345625e+05 1.80131816e+04
 6.90711914e+02 1.37087402e+04 4.57478638e+02 4.82654541e+03
 4.03154395e+03 8.03865312e+04 1.47038141e+05 2.94008118e+02
 6.65831016e+04 6.67509521e+02 2.62112625e+05 3.18815649e+03
 3.29427295e+03 1.13791719e+04 3.41803247e+03 6.83649438e+05
 2.13697021e+03 9.45002502e+02 5.83672383e+04 1.66585538e+06
 5.21531602e+04 3.13725059e+04 1.96826156e+05 9.21587578e+04
 4.18042717e+01 5.08089600e+03 4.36838477e+03 1.11521357e+04
 1.17728703e+05 3.03559004e+04 3.57217139e+03 3.50738617e+02
 2.00451641e+05 3.64477478e+02 3.15872832e+04 5.90986768e+03
 5.41409729e+02 8.65946228e+02 8.48997253e+02 1.64143762e+03
 1.09435020e+04 7.12586523e+03 9.67927812e+04 5.14878125e+03
 1.95082397e+03 5.59828320e+04 1.07820477e+05 4.69376055e+04
 5.34484326e+03 2.45620996e+03 4.79166113e+03 2.31231475e+06
 1.80872766e+05 2.50920781e+04 2.50760172e+05 3.58448462e+03
 6.84219727e+03 1.92521155e+03 1.08030615e+04 6.57684062e+04
 4.12973999e+02 4.72117773e+04 1.31031213e+03 6.90356885e+03]
186222.81
25750924.0
