[4.44717148e+04 2.50116680e+04 4.04747900e+03 2.76999336e+04
 5.80523340e+03 1.20250084e+02 1.07920029e+04 2.95420752e+03
 1.99610977e+04 2.41134692e+03 2.00081812e+05 1.69919707e+04
 9.81861210e+00 1.56534023e+04 3.53590088e+03 8.89627500e+04
 3.08176587e+03 7.05892563e+01 1.20613013e+03 3.28097406e+05
 6.35097852e+03 2.18848755e+03 1.91329850e+06 1.81151543e+04
 1.51698621e+03 1.31347214e+02 1.18838325e+06 9.08709375e+04
 7.07066484e+04 5.24846797e+04 2.75233789e+04 3.37767627e+03
 2.71680518e+03 7.77560913e+02 1.05700828e+05 3.66523462e+03
 2.56230530e+02 3.19508691e+03 3.86459741e+03 2.30387949e+04
 8.13929346e+03 1.39985852e+03 1.77778381e+03 3.02046899e+03
 1.98119373e+03 9.81805649e+01 3.77086121e+02 1.44174023e+04
 2.16420801e+03 1.39578506e+04 4.46611099e+01 2.94757813e-01
 3.93834747e+02 5.21358447e+03 1.56355237e+03 1.15517688e+03
 1.07924617e+05 7.76270312e+04 2.03868896e+02 5.33059531e+04
 4.71523877e+03 9.26189258e+03 2.09847702e+02 1.94244492e+04
 5.27646729e+02 7.92880469e+04 1.87454316e+04 4.70021484e+04
 5.33525342e+03 1.39435474e+03 4.53663635e+00 7.11668994e+03
 6.52037549e+03 6.39204788e+00 2.93252051e+03 3.16541138e+02
 1.89203555e+04 1.33771774e+02 3.16326385e+02 1.23907646e+04
 5.36138086e+04 6.29458313e+02 3.25562879e-02 2.14501270e+03
 9.89716211e+03 2.35976343e+03 6.21657812e+04 3.50830273e+04
 4.92684131e+03 6.26523047e+04 8.25900391e+03 2.04041821e+03
 1.27633377e+02 2.43209590e+04 4.75565898e+04 3.85667163e+03
 6.36528467e+03 8.06911963e+03 6.50849883e+04 1.75355117e+04
 7.18364191e+00 1.31643375e+05 1.10752588e+04 1.07064697e+03
 2.19745621e+02 1.80274922e+04 5.11987400e+00 3.01922607e+02
 6.96555908e+02 1.38158438e+04 1.43112070e+04 4.61996436e+03
 2.02192832e+04 6.39477844e+02 1.97276125e+05 1.70436499e+03
 3.51953076e+03 6.25925508e+04 1.06663422e+02 1.58559311e+02
 3.77303203e+04 5.20922695e+04 5.68486055e+04 1.08486086e+05
 5.90855273e+03 1.87253034e+00 2.30498853e+03 4.75939655e+00
 2.15303638e+03 8.43256042e+02 4.59912354e+03 2.77399182e+00
 5.44464502e+03 3.11581494e+03 6.41486279e+03 1.09247998e+03
 3.16174668e+04 3.93688047e+04 3.76810547e+03 1.79493359e+04
 6.56344824e+03 4.22051016e+04 2.54567047e+05 1.03034785e+04
 1.11286943e+04 1.05232690e+03 8.06011719e+03 2.47587383e+04
 2.63225769e+02 2.25854562e+05 2.94141094e+04 2.19754028e+03
 1.46542084e+02 1.92956699e+04 1.87301807e+03 2.08099072e+03
 5.08751074e+03 1.15811125e+05 2.05518481e+03 8.60192000e+05
 2.90576094e+04 2.89143516e+04 1.04712695e+04 3.61205430e+04
 1.13125000e+04 1.56313403e+03 1.14493579e+03 1.47750537e+03
 1.29855713e+04 2.47954219e+04 2.12715000e+04 5.67572705e+03
 1.30328584e+04 2.15404746e+04 5.13274609e+03 7.39632129e+03
 8.68423004e+01 1.46166077e+03 2.57855713e+02 1.21804400e+06
 1.83603906e+04 1.33293435e-01 1.48846562e+05 7.23736768e+03
 6.27309180e+03 1.28376440e+03 2.29662354e+03 1.32133291e+04
 9.62075547e+04 6.48073984e+04 2.48142242e+00 3.53897629e+01
 1.19281197e+00 6.61584045e+02 5.90607305e+04 1.61279512e+04
 1.11202461e+04 3.27988750e+04 6.88104541e+03 7.33702517e+00
 1.34700842e+01 1.90688977e+03 1.27025732e+04 3.67316250e+04
 5.86262125e+05 5.47894336e+04 1.99933984e+03 1.59954746e+04
 4.02039922e+04 8.93902588e+02 5.07423125e+04 2.86699854e+03
 1.26676762e+00 2.72104062e+04 3.69643359e+03 8.17352930e+03
 1.24451602e+04 3.35850983e+02 5.55796436e+03 1.54132858e+02
 3.20810469e+04 2.73624043e+04 1.25712976e+03 9.19262891e+03
 3.84119360e+03 9.90110474e+01 6.85566699e+03 1.35141602e+04
 6.83320999e+01 2.44585000e+04 6.15480859e+04 2.29190469e+04
 3.07004375e+04 5.39003008e+04 1.42025186e+04 5.03565186e+03
 2.98461963e+03 5.16891846e+03 1.80920728e+03 5.56559753e+02
 1.80103015e+03 4.03738434e+02 8.75363828e+04 9.25039185e+02
 3.74841400e+02 1.31120375e+05 5.50248164e+04 5.44561729e+01
 4.78233887e+02 5.33119873e+03 1.08294375e+04 1.78871826e+03
 3.62092891e+04 1.51263501e+03 3.58021080e-01 3.86564970e+00
 1.80458105e+04 9.85854340e+01 3.15000488e+04 1.15777949e+04
 1.87100016e+05 2.30731309e+04 3.70237938e+05 2.27404023e+04
 6.29083313e+02 1.08493263e+02 2.03391663e+02 9.42062793e+03
 1.56030928e+04 1.68497302e+03 1.43350769e+02 1.93343770e+04
 4.06434741e+03 9.59367480e+03 1.77486781e+05 4.96403809e+03
 2.35254370e+03 3.50095195e+04 1.97019873e+03 1.48138660e+03
 1.86732410e+03 1.87790156e+04 3.26573457e+04 2.90218018e+03
 1.60978317e+01 9.87820251e+02 1.25389099e+00 3.41292358e+03
 2.58347910e+04 9.39247266e+03 1.68097859e+05 2.47326660e+04
 5.13671045e+03 5.43152008e+01 3.75354844e+04 8.49742371e+02
 5.12566016e+04 8.63949871e+00 2.24301309e+04 1.59709082e+04
 3.76453467e+03 1.36473694e+02 4.12327246e+03 3.21337438e+05
 2.32809912e+03 5.14858000e+05 3.64579492e+04 3.77947852e+03
 5.92379727e+04 5.93231964e+01 1.06246138e+00 2.51712451e+03
 9.40899414e+03 2.86612910e+04 4.90248199e+02 2.72453547e+00
 1.19441055e+04 1.53407153e+03 4.03514282e+02 1.38089082e+04
 3.50712964e+03 1.05123457e+04 8.77916953e+04 5.41479053e+03
 2.33899731e+03 6.55342407e+01 1.13723025e+06 3.02081895e+04
 1.54198164e+04 2.30245922e+05 3.11823669e+02 1.68958887e+03
 4.54878662e+03 1.72189038e+03 4.47826611e+03 3.59170532e+03
 1.16772891e+04 4.51129627e+00 4.20311172e+04 9.40409607e+02
 1.22284463e+04 8.70420625e+04 6.05810669e+02 1.80325703e+04
 5.89822388e+01 2.15525342e+03 1.98514783e+03 9.79196172e+04
 4.66663516e+04 9.69996719e+01 2.71895027e+01 2.02028887e+04
 4.91830319e-01 1.72590391e+05 5.14285706e+02 1.10646855e+04
 8.46977891e+04 2.09606738e+04 8.93381797e+04 1.37862406e+05
 5.26439844e+03 1.02024033e+04 2.84605703e+04 2.85351914e+04
 4.55102688e+05 1.26292633e+05 1.09461047e+03 1.69677246e+03
 1.02785706e+03 9.37059961e+03 3.92883320e+04 2.14348703e+05
 1.00039238e+04 4.68341992e+03 2.53502101e-01 4.98906445e+03
 1.73391078e+05 4.82790100e+02 3.06693672e+04 4.15743125e+04
 6.27183485e+00 1.22654072e+04 4.02024500e+05 8.29506094e+04
 3.73184180e+04 2.22976947e+00 4.21701016e+04 6.51746704e+02
 6.69972168e+03 7.57610156e+04 1.14013109e+05 4.06538672e+03
 3.04466445e+04 5.57747574e+01 1.18849160e+04 2.27251609e+05
 1.64084335e+02 6.17641688e+05 1.87123179e+00 1.83836255e+03
 1.13927256e+04 1.97131405e+01 4.05235522e+03 1.66746211e+04
 2.09178328e+05 1.21673750e+04 1.71703553e+00 1.54741528e+03
 3.54903775e+06 4.40384326e+03 8.40275781e+03 1.36511230e+04
 2.76430969e+05 2.25496035e+04 3.81548031e+05 6.77397766e+02
 7.11301758e+03 1.42781500e+05 1.76686191e+04 2.54894165e+03
 2.72538156e+05 1.12041270e+04 2.88403052e+03 8.03082178e+03
 1.44202661e+03 9.81414160e+03 1.21698359e+04 5.38940370e-01
 3.93183906e+05 7.22693359e+03 2.76135522e+03 6.41363184e+03
 6.79030228e+01 1.27157776e+03 4.33384674e+02 4.42297745e+01
 1.87751913e+00 2.95956268e+02 7.71506250e+03 4.12823828e+03
 8.29564941e+03 7.95950794e+00 9.90045654e+02 1.40178516e+05
 4.80254922e+04 2.15019609e+04 3.32288086e+04 2.88928271e+03
 3.40426534e-01 1.19867325e+01 5.92604346e+03 9.25664812e+05
 8.30520117e+03 5.87356543e+03 4.58775830e+03 2.76037846e+01
 7.74104431e+02 1.68429551e+04 1.23217211e+01 1.05605040e+01
 5.47232239e+02 3.57693085e+02 1.86113110e+03 2.09557969e+04
 6.71704688e+04 1.32706250e+04 4.01478101e+03 5.87382629e+02
 3.91927148e+03 8.97375703e+04 9.25521088e+00 8.82294336e+03
 2.22593652e+04 1.45420874e+03 2.53097388e+03 3.50927539e+04
 8.28910547e+03 4.45263086e+03 7.89294373e+02 4.39873291e+02
 1.13589355e+03 5.41665833e+02 4.13807487e+00 1.85803125e+03
 5.34701250e+04 8.11691406e+04 6.63070068e+01 5.84742305e+04
 5.70731104e+03 5.55880371e+02 1.82300659e+03 3.14910596e+03
 2.73064629e+04 1.19308760e+04 1.90114102e+04 1.94842402e+04
 5.00196240e+03 1.64954594e+05 2.19593823e+03 5.85135059e+03
 1.70603906e+04 1.02328350e+04 4.19567822e+03 8.25962402e+03
 1.28823711e+04 5.06995058e+00 1.71129609e+04 2.83101292e+01
 6.56632568e+03 2.43824890e+02 9.32558656e-01 1.71047046e+03
 3.78015938e+04 2.08971680e+03 1.66854883e+04 4.08985703e+04
 8.99110156e+03 1.08944128e+03 8.74823340e+03 3.03524536e+02
 2.01350366e+03 1.14256547e+05 9.32070446e+00 4.72165576e+03
 7.49081982e+03 3.30440887e+02 1.20203394e+03 1.96043379e+04
 1.66659180e+03 3.51530347e+03 2.84651775e+01 5.49099609e+02
 2.53544043e+03 1.99790625e+03 3.99477844e+01 1.21146367e+04
 6.47449609e+04 1.27689277e+04 2.43289209e+03 4.78117676e+03
 5.54657129e+03 3.19528812e+05 3.42418365e+02 2.54239316e+04
 4.97109521e+03 2.19141089e+03 1.36626963e+04 9.87120410e+03
 5.46305898e+04 3.02031465e+04 3.94935089e+02 9.60455933e+02
 8.93793555e+03 5.15871875e+04 1.57107344e+04 9.07489075e+02
 2.49000832e-01 3.30325073e+03 1.77858574e+04 7.11928857e+03
 4.03811328e+04 1.14900664e+05 2.83859941e+04 2.12538671e+00
 1.09487610e+03 9.41815414e+01 2.53809961e+04 1.17531406e+04
 6.84434531e+04 1.34729782e+02 5.99457861e+03 7.30104199e+03
 6.97635078e+04 1.56067441e+04 1.70631250e+03 1.93429473e+04
 4.77755586e+04 1.18899775e+04 2.26693047e+04 1.59585576e+04
 3.15390039e+04 1.51145233e+02 4.65927696e+01 1.60193359e+04
 2.12807251e+03 2.67751797e+04 1.95087578e+04 6.78826416e+03
 7.49428040e+02 1.11468883e+05 2.49310484e+05 5.27801074e+03
 9.26455078e+03 1.68637949e+04 4.30232361e+02 5.83125244e+03
 1.15677185e+03 4.76479053e+03 1.23409644e+03 1.21907377e+00
 4.61678555e+04 7.98233643e+03 2.21345142e+03 3.00997412e+03
 2.62982637e+04 3.32301598e+01 5.97946875e+04 8.67966309e+03
 1.72765522e+01 3.46533918e+00 2.38119961e+04 3.78961517e+02
 1.93707382e+02 1.24803662e+04 4.14167773e+03 1.77987134e+03
 5.01685254e+03 1.20184631e+03 4.88737939e+03 1.15952797e+05
 3.43903694e+01 1.24742328e+05 6.54894066e+00 1.85681992e+02
 1.27764404e+02 7.05703223e+03 1.35283938e+05 1.71978672e+04
 9.79170715e+02 8.74923633e+03 4.36292266e+04 1.54566602e+03
 8.59616211e+03 3.20869512e+04 2.97801343e+03 3.05551489e+03
 1.29800037e+03 2.52872070e+03 9.27964648e+03 2.26429398e+02
 2.46122827e+03 9.30780396e+02 7.98761797e+04 1.28020581e+03
 5.76508500e+05 2.60591912e+00 1.13813836e+05 5.65626328e+04
 1.95193420e+02 1.27338904e+03 3.74147339e+02 6.67415390e+01
 2.77464990e+03 1.40022498e+03 3.52562866e+02 8.75223906e+04
 3.27127173e+03 5.24971338e+03 1.17840205e+04 6.45304108e+01
 4.14097852e+03 9.37641113e+03 2.56786055e+04 2.18612256e+03
 5.34208281e+04 2.09295332e+04 3.44999609e+04 4.29412344e+04
 5.24697456e+01 1.14307654e+03 1.63504932e+03 1.19862927e+03
 2.97142539e+04 2.41971859e+05 2.16679932e+03 5.70395273e+04
 2.26643433e+02 1.34200049e+03 5.83181885e+02 2.02783391e+05
 1.25129077e+03 1.56679248e+03 3.65361401e+03 2.24996426e+04
 1.77908157e+02 4.76198853e+02 3.47710083e+03 1.50346387e+04
 4.34617266e+04 2.34974658e+03 7.35626221e+03 1.98406250e+05
 9.47214551e+03 6.56999683e+00 2.14871155e+02 2.10667896e+03
 1.08488250e+05 3.89304736e+03 6.57299376e+00 4.10784961e+04
 1.24292812e+04 2.05046167e+03 1.15278862e+02 7.16476221e+03
 1.09125842e+03 2.14756226e+02 3.15876387e+04 3.49762769e+03
 2.45818311e+03 8.07867432e+01 3.01745776e+03 1.22831006e+04
 3.89983094e+05 5.83057812e+04 5.25065977e+04 7.18639453e+04
 2.40207129e+04 2.25799866e+01 6.09733838e+03 3.32479062e+04
 1.23058777e+03 3.07303477e+04 1.44829700e+03 3.41574438e+05
 3.18057422e+03 2.14014297e+04 3.84319531e+04 2.14395742e+04
 2.63572778e+03 3.14923798e+02 1.97371375e+05 9.06107422e+02
 2.57766016e+03 7.97701000e+05 2.66811855e+04 1.02286660e+04
 2.50276914e+04 6.02816357e+03 6.92327266e+04 2.04665562e+05
 6.29167562e+05 1.54338943e+02 1.81010609e+05 2.06639551e+04
 1.71605359e+03 1.58978516e+05 5.38503984e+04 1.09500234e+04
 2.61527910e+04 1.42020000e+04 1.91817695e+04 1.56447617e+02
 6.69652367e+00 9.03986250e+04 2.98423071e+03 1.74589527e+00
 3.46666758e+04 2.92926196e+03 4.70941172e+04 1.68200332e+04
 6.85176221e+03 1.84877930e+04 1.47266586e+02 1.08113416e+03
 9.10078491e+02 4.89466492e+02 6.19328223e+03 3.96604395e+03
 3.16250854e+02 1.55459381e+02 1.97989703e+05 2.02116191e+04
 1.07303250e+06 8.89691953e+04 1.72733350e+03 5.00797949e+03
 1.75351465e+03 1.58872620e+02 2.12008105e+04 1.69425929e+00
 2.27876091e+00 2.73462891e+02 3.89460993e+00 5.62627563e+02
 3.89934453e+04 1.53201151e+01 1.46662976e+03 7.21891463e-01
 6.70348692e+00 9.56587109e+04 1.16554463e+04 1.01260559e+02
 1.03762512e+03 9.82008545e+02 1.05357065e+01 6.82058643e+03
 3.51173398e+04 1.11439727e+04 2.11777109e+04 4.02092857e+01
 1.76602441e+04 9.32749451e+02 2.48025938e+05 1.02926575e+03
 5.89440680e+00 2.52458716e+03 1.57105664e+04 1.45610669e+03
 2.41037384e+02 1.73139844e+04 5.71058516e+04 1.18543336e+05
 1.37949500e+05 1.03065674e+03 1.44603369e+03 3.58036835e+02
 2.11325996e+04 1.49958496e+03 3.29116484e+04 2.17331172e+04
 7.18100159e+02 1.66717810e+03 6.11082568e+03 1.36581390e+02
 7.77107812e+03 5.68034983e+00 8.04575623e+02 3.03562715e+04
 4.89721680e+04 1.75807773e+04 1.40020740e+03 3.05374000e+05
 6.22073193e+03 1.04186094e+04 1.65162415e+03 1.85879517e+03
 4.13323779e+03 4.12858200e+01 1.39592566e+03 1.17238086e+04
 1.70669198e+00 1.18163879e+03 2.05811602e+04 1.43898887e+04
 5.11428828e+04 1.35807892e+02 6.86114697e+03 1.32336159e+01
 1.17512363e+04 8.10379517e+02 1.69851680e+04 6.67106201e+03
 9.06442578e+03 2.52732202e+03 5.86595508e+03 2.86799908e+01
 2.66570679e+03 9.45517109e+04 1.18902332e+03 2.61277734e+04
 1.58480469e+05 9.59327832e+03 3.31422070e+04 3.94582344e+04
 8.21896729e+02 5.37971826e+03 3.40239233e+03 5.47842834e+02
 4.23558086e+04 3.84304141e+04 3.79455812e+05 1.61298662e+04
 3.98780884e+03 7.58582764e+02 2.72566382e+03 8.92983203e+03
 3.40686475e+03 1.11040894e+03 1.52419479e+02 6.60954395e+03
 2.48087906e+02 4.55238525e+03 1.23610322e+04 5.69690088e+03
 8.73956562e+04 3.76161039e-01 1.09402445e+05 4.34382219e+05
 1.15376553e+04 5.55616943e+03 5.39638519e+00 7.00184631e+02
 3.15020581e+03 1.96665525e+00 5.13215527e+03 3.26738652e+04
 3.77928052e+03 2.34119727e+04 3.07590259e+03 1.70193921e+03
 3.31065112e+03 1.04028088e+03 1.01058459e+03 1.28613449e+02
 1.19235703e+04 1.24583089e+00 7.95464453e+04 2.26737078e+05
 1.58891678e-01 7.50887109e+03 5.05784531e+04 9.18699141e+04
 1.81466504e+03 3.56410083e+03 1.58415953e+05 5.04346973e+03
 1.02344951e+04 1.06401035e+04 1.83007789e+00 1.91209082e+04
 2.95374097e+03 4.44293274e+02 3.14530625e+04 1.17119849e+03
 1.76932480e+02 4.16853394e+02 9.55449142e+01 1.05371789e+05
 1.03541695e+02 2.97376807e+03 8.94682578e+04 1.17608953e+05
 5.50036035e+03 1.87236152e+04 1.31787224e+01 6.25592969e+03
 4.60788320e+04 1.45474451e+03 1.43554346e+03 7.79884922e+04
 2.14018891e+05 2.62108809e+04 2.19513203e+04 3.09637891e+03
 2.96893555e+04 1.47036600e+01 1.38001230e+04 9.58619688e+04
 3.35485820e+04 7.35685959e+01 2.10039434e+04 1.49074050e+07
 6.88886719e+02 1.00429907e+01 3.63829010e+02 4.13661041e+02
 1.75182520e+04 1.26165698e+03 2.51057983e+03 5.61743359e+03
 4.07733297e+00 1.85791638e+03 6.46454492e+03 2.83222290e+02
 4.60106152e+03 1.19421516e+02 4.10872705e+03 6.59094360e+02
 3.16448250e+05 6.24794739e+02 3.22385498e+03 8.20771680e+03
 2.38904663e+03 1.99895691e+02 9.05137402e+03 4.22807360e+00
 3.65586656e+05 1.27052319e+03 2.45850311e+02 2.40177193e+01
 8.66318481e+02 1.15106650e+04 5.08282013e+02 7.84084438e+05
 6.76241328e+04 3.89931211e+04 1.37038467e+02 3.12192810e+02
 1.30858008e+04 6.07996338e+02 9.90756484e+04 2.02753379e+04
 4.55179260e+02 2.85497101e+02 2.82868774e+03 2.20510215e+04
 1.79136963e+03 2.65183759e+00 2.73400000e+03 1.95855698e+02]
57952.895
14907405.0
