[4.48310254e+03 8.56885254e+02 5.58298584e+02 1.33469128e+03
 3.74078766e+02 7.06779327e+01 1.52850815e+02 4.28917603e+02
 4.38396777e+03 6.54721985e+02 5.54620020e+03 3.55186719e+03
 2.43273730e+04 5.20274780e+02 2.20549591e+02 3.09769989e+02
 6.90482727e+02 1.80215973e+02 2.52623926e+03 1.96916855e+04
 4.99161011e+02 6.78118042e+02 5.61926992e+04 3.29779248e+03
 2.14598373e+02 6.98258203e+03 5.06110977e+04 1.87083435e+03
 3.88924591e+02 5.53487671e+02 9.93165820e+03 3.63220190e+03
 2.80397644e+02 5.28622925e+02 1.36891475e+04 2.70046973e+03
 3.17906799e+02 2.61574829e+02 6.64849014e+01 2.56609741e+02
 1.08781377e+04 4.69783844e+02 6.61135986e+02 8.78376270e+03
 1.73028125e+03 4.43142517e+02 1.42390121e+02 3.02312561e+02
 2.20530078e+03 2.04303748e+03 1.10552574e+02 7.58499817e+02
 1.90656586e+02 6.16455234e+04 6.11621826e+02 3.26573853e+02
 3.28786438e+02 1.01409844e+04 4.93985303e+03 2.45597458e+02
 1.35851270e+04 1.53645496e+03 3.40079132e+02 6.12379150e+02
 2.58135834e+02 8.42151489e+02 1.23987442e+02 4.27803589e+02
 2.31489227e+02 2.68448457e+04 7.61552063e+02 5.75079285e+02
 4.82857971e+02 5.65673767e+02 2.60327637e+02 5.53315918e+03
 2.83232605e+02 1.58351196e+03 2.40510468e+02 8.74169141e+03
 1.13834717e+03 2.99952850e+02 1.56753372e+02 1.63656891e+02
 2.12549728e+02 2.69887512e+02 2.16702286e+02 2.89361237e+02
 9.55374146e+01 4.34855560e+02 7.80493896e+02 6.90153359e+04
 7.45067444e+02 5.23453674e+02 3.97037769e+03 2.40458893e+02
 2.36838974e+02 6.22048340e+03 4.76146240e+03 4.79215576e+02
 9.43958203e+03 3.88643677e+02 1.36270142e+03 1.80632349e+03
 3.33235718e+02 2.04195020e+03 4.57312279e+01 4.19602142e+02
 2.96902985e+02 7.13810577e+01 1.82111343e+02 1.70518906e+04
 3.08244751e+02 1.50992462e+02 3.15574829e+03 1.64364487e+02
 2.99265259e+02 1.75764319e+03 1.56733752e+03 1.08199287e+02
 1.76789180e+04 4.27549902e+03 2.83372681e+03 2.24151797e+04
 1.77538184e+03 1.72483932e+02 2.04555023e+02 5.22010925e+02
 6.55686218e+02 2.63093933e+02 1.00406487e+02 1.49113312e+02
 7.72929993e+02 1.08770775e+02 7.27083984e+02 1.35252747e+03
 5.85515015e+02 2.98293884e+02 1.43915234e+03 3.52941010e+02
 3.21060815e+03 2.46045142e+03 4.12931982e+03 1.28033844e+02
 1.99071887e+03 7.97867279e+01 1.75676834e+02 1.05319604e+03
 9.90216919e+02 2.22800903e+03 5.85116882e+02 1.16621057e+03
 1.00185858e+03 8.70913162e+01 2.33658960e+03 8.26223450e+02
 2.43410263e+02 2.36323594e+04 3.22665161e+02 5.09320391e+04
 3.68995898e+03 3.53083832e+02 2.33120651e+02 5.06920685e+02
 2.09039108e+02 5.79825989e+02 2.72933868e+02 5.24787537e+02
 4.06164368e+02 6.55677051e+03 1.76557617e+02 5.58696960e+02
 3.37137970e+02 1.32217010e+02 2.36674545e+02 4.03491631e+01
 3.04619202e+02 6.24667236e+02 3.94978828e+01 1.22355977e+04
 7.64590674e+03 3.45609009e+02 5.81030957e+03 3.87686554e+02
 3.44650586e+03 1.43255493e+02 1.19100616e+02 1.82930042e+03
 2.67069641e+02 3.18022522e+02 2.38984634e+02 2.27815735e+02
 1.85439896e+02 2.47772446e+02 9.71736572e+02 3.24392319e+01
 1.24695581e+03 1.81888281e+03 2.25296127e+02 4.75741028e+02
 3.03982697e+02 5.72531860e+02 7.03133936e+03 1.72424240e+01
 2.46350586e+04 5.64950742e+04 8.53993530e+02 2.13957306e+02
 8.81490845e+02 7.13166565e+02 6.67118225e+02 2.17137024e+02
 1.91332153e+02 5.67061157e+02 7.40225000e+03 2.88921021e+02
 4.01389008e+02 8.82623596e+01 1.26742151e+03 1.42315826e+02
 2.68098114e+02 4.19816437e+02 1.41205597e+02 6.81852881e+03
 8.02132996e+02 1.21697058e+03 2.93370459e+03 3.59811005e+02
 4.06426544e+01 7.79968848e+03 1.22479602e+03 2.77464172e+02
 1.86795807e+02 2.13387680e+02 4.28474548e+02 1.71548145e+03
 1.99205887e+02 1.44474167e+02 1.25107979e+02 2.59910950e+02
 5.20397217e+03 2.29658401e+02 2.31694648e+04 3.51206079e+03
 4.48206543e+02 5.76455518e+03 3.97010303e+03 9.44602600e+02
 7.10656815e+01 7.19125547e+04 1.55912979e+02 7.21779358e+02
 2.26824295e+02 4.50293121e+02 2.01542883e+03 3.03509583e+02
 8.82190247e+02 3.06216644e+02 5.78923096e+02 1.19811211e+02
 1.35785176e+04 1.69605362e+02 1.09196699e+04 4.85582855e+02
 8.18551102e+01 1.15274316e+03 1.00623718e+03 2.64881500e+02
 1.22304480e+03 4.12836914e+03 1.18283218e+02 1.64354236e+03
 3.14240143e+02 1.49911353e+03 7.70508447e+03 4.48460571e+02
 8.71503418e+03 1.88665454e+03 4.14183655e+02 3.15679707e+04
 2.62157257e+02 2.48596240e+03 1.99258774e+02 2.12756470e+02
 1.78521133e+02 2.87316071e+02 2.03913193e+02 1.79206042e+03
 9.81087494e+01 6.19229834e+03 6.63992920e+03 3.82886963e+02
 8.85291672e+01 1.41979568e+02 1.57274694e+01 8.53786072e+02
 2.59600250e+02 2.83586011e+03 6.97630005e+02 1.59897217e+02
 1.85906509e+02 1.59111496e+02 6.06236511e+02 2.23102905e+03
 1.88767853e+02 8.35145156e+04 5.94748474e+02 1.37836484e+04
 1.17337837e+02 1.00936786e+03 4.25125885e+02 1.08799719e+03
 7.46223145e+03 7.97290161e+02 2.45073730e+02 8.34650452e+02
 4.82922852e+03 7.49434521e+03 3.15023895e+02 7.27725293e+03
 2.82233374e+03 1.87966699e+03 7.85817261e+02 1.79577185e+03
 3.73868481e+03 1.42504105e+02 1.09095180e+05 1.41466827e+02
 3.61803772e+02 5.68737488e+02 2.12033325e+02 3.71777313e+02
 1.39534103e+02 2.78588219e+01 1.98793625e+02 1.82405554e+03
 7.07640991e+02 4.69931335e+01 2.80429614e+03 2.74950012e+02
 6.04559021e+01 7.13061523e+02 1.43987350e+02 4.97005493e+02
 7.68446777e+02 4.08076401e+01 1.54037003e+02 1.08017803e+04
 6.71465186e+03 3.21389557e+02 2.67068311e+03 1.28347793e+04
 2.04144012e+02 8.91842578e+03 3.52829541e+03 1.05954651e+03
 5.87060938e+03 8.68922546e+02 2.24538452e+03 1.59906708e+02
 4.59148376e+02 1.12520349e+03 7.02479932e+03 8.22934875e+02
 1.03099170e+04 5.90520215e+03 1.76452438e+02 2.91833252e+02
 5.54957500e+04 8.30274353e+02 7.09243347e+02 3.79269702e+03
 2.14094707e+04 9.11473145e+02 2.39549911e+02 1.06192529e+03
 8.58380547e+04 4.19542383e+03 8.57297424e+02 7.71585632e+02
 7.04157104e+02 6.75080017e+02 7.32093994e+03 5.72920410e+02
 5.50430237e+02 5.34428076e+03 2.04383179e+02 2.98559357e+02
 1.89255505e+03 7.11046826e+03 2.17248511e+03 3.83581123e+01
 3.92738983e+02 2.60931183e+02 1.82802759e+03 6.64052930e+03
 1.16854382e+03 9.77715527e+03 2.64908447e+03 1.73308281e+04
 5.42711182e+02 2.44508398e+03 2.32539856e+02 1.98078735e+02
 4.32097656e+03 2.29677173e+03 1.04923413e+03 9.52808289e+02
 4.14986719e+04 1.18763892e+03 1.15134326e+03 6.10912939e+03
 9.82297302e+02 1.94835938e+02 3.16090503e+03 3.34548035e+02
 9.48619446e+02 4.57912744e+03 1.31504929e+02 5.30952783e+03
 2.45800439e+03 2.41320465e+02 7.71217712e+02 1.83422205e+03
 4.47486145e+02 1.25733862e+03 1.92237228e+02 2.32995865e+02
 4.45815918e+03 1.74894974e+02 4.02156219e+02 8.83131543e+03
 5.21677551e+02 1.59681384e+03 7.78397217e+02 2.95044312e+02
 4.28217224e+02 2.86079565e+03 2.39567566e+02 2.96917572e+02
 5.43961975e+02 2.14283478e+02 7.56883972e+02 5.23148486e+03
 2.34215668e+02 2.81596832e+02 5.18056641e+02 3.19439514e+02
 5.38867371e+02 1.80403549e+02 3.85655701e+02 9.41543828e+04
 4.76387238e+02 8.32644922e+03 4.94148486e+03 1.44450348e+02
 2.64518982e+02 6.26206689e+03 1.18731201e+03 1.01436249e+02
 2.85196289e+03 6.58997192e+02 4.27702866e+01 1.97060745e+02
 2.26011450e+03 2.55381485e+02 1.06659172e+02 9.70655594e+01
 3.44366699e+02 2.06692651e+03 1.65129883e+03 5.52230286e+02
 1.61200012e+02 5.39677856e+02 4.03387451e+02 1.50547852e+04
 1.89693344e+02 2.46902893e+02 1.21042709e+02 4.15654907e+01
 7.92013916e+02 3.36639429e+03 1.40184052e+02 1.64221326e+03
 3.80000092e+02 2.07524841e+02 3.01865112e+02 2.47320923e+03
 1.15641884e+02 1.78198730e+02 3.20512115e+02 4.05354858e+02
 2.48019699e+02 4.89270172e+01 4.06723541e+02 1.30993683e+02
 1.52187378e+02 7.31828516e+03 1.32481384e+02 1.26896826e+03
 2.00761520e+02 2.65321729e+03 2.11246216e+03 6.19573784e+01
 3.25586426e+02 2.90833221e+02 1.87777054e+02 1.93953320e+03
 6.16069336e+02 1.27651062e+03 5.04567108e+01 2.59526611e+02
 1.49593399e+02 3.89618066e+03 1.12947070e+03 5.81908691e+03
 2.23352661e+02 8.23745041e+01 1.52640063e+03 5.35270081e+02
 5.05809448e+02 4.01735312e+04 2.23254785e+03 7.25488159e+02
 3.02953735e+02 2.12580505e+02 1.72526892e+03 3.42015381e+02
 5.68939758e+02 4.36007050e+02 8.35297318e+01 2.66348450e+02
 3.57100403e+02 2.95634131e+03 3.56570923e+02 4.23048706e+02
 3.91980615e+03 1.27257861e+03 2.24089752e+02 9.68603027e+02
 5.66546631e+02 2.63782637e+04 5.91644714e+02 2.22190384e+02
 6.21108284e+01 1.67149506e+02 5.19511841e+02 2.24887100e+02
 3.22319800e+03 6.32224365e+02 6.36056519e+02 2.02860855e+02
 5.07786102e+02 1.19854712e+03 3.18899323e+02 1.13825332e+04
 2.04904007e+02 8.51271286e+01 2.12889206e+02 8.66315079e+01
 6.55392700e+02 4.18609070e+02 1.81022476e+02 3.13657501e+02
 1.76409653e+02 3.84993529e+00 3.24252808e+02 1.64597500e+04
 2.84802094e+02 2.95339630e+02 1.94642212e+02 2.93768738e+02
 2.34139258e+03 3.04143433e+03 3.57792786e+02 1.61274155e+02
 1.24242236e+03 1.09883850e+03 9.98254578e+02 4.65040375e+02
 2.08930493e+03 5.20323120e+02 1.62222009e+03 6.21961487e+02
 7.13547754e+03 2.89525352e+04 1.94609695e+02 3.68438965e+02
 2.01051224e+02 1.13595375e+02 4.79740967e+03 2.28699661e+02
 2.94490906e+02 2.08615250e+02 5.32790527e+02 2.07554337e+02
 2.93962677e+02 3.78226013e+02 6.09319092e+02 1.50475861e+02
 1.35961904e+04 1.10658467e+04 3.08758270e+02 2.90023987e+02
 5.63731323e+02 3.04821564e+02 3.18945099e+02 3.79339264e+02
 8.51474854e+02 1.64337036e+03 3.41018402e+02 8.43564148e+02
 6.89547729e+02 7.81445557e+02 3.33606300e+01 6.79984375e+02
 5.69187842e+03 5.26330872e+02 1.21097900e+03 2.32544937e+02
 2.26720459e+02 2.67215088e+03 8.45888916e+02 4.49843323e+02
 1.42761511e+03 1.21458496e+03 6.50653748e+02 4.40052734e+02
 3.54148804e+03 2.85286157e+03 1.48678101e+03 2.70723846e+02
 5.40765869e+02 4.14571381e+02 1.42248608e+03 4.12063141e+02
 1.70572168e+03 8.68544769e+01 2.49052902e+02 1.45866345e+03
 2.37264355e+03 6.05393738e+02 6.73273071e+02 2.70291767e+01
 1.21415734e+05 3.92664825e+02 9.23853577e+02 1.30259692e+03
 2.39893539e+02 1.18762589e+02 6.97825195e+02 7.60555420e+02
 3.83062775e+02 3.29225189e+02 2.02433655e+03 4.81090302e+02
 4.94407135e+02 5.67824829e+02 1.40449677e+02 3.21411163e+02
 2.88619067e+03 1.58233923e+03 1.13080652e+03 1.89787415e+03
 6.11643982e+01 1.56604263e+02 6.27147278e+02 6.51236343e+01
 9.45968628e+01 5.03906152e+03 3.37215186e+03 5.04975464e+02
 3.21189117e+02 5.32259583e+02 7.46228564e+03 1.14939287e+04
 1.37637158e+03 1.76602097e+02 4.23031445e+03 3.82506421e+03
 2.41263748e+02 3.23224640e+02 2.70685516e+02 1.25541611e+02
 7.95561218e+02 3.49489166e+02 1.63689621e+02 2.20014062e+03
 4.97874527e+01 2.47223315e+03 1.60828552e+02 5.62457520e+03
 2.42279144e+02 3.94190277e+02 3.99400848e+02 9.30367737e+02
 1.40662683e+03 1.45559189e+02 1.36832642e+02 1.64078415e+02
 1.76267603e+03 4.14616699e+02 3.11086365e+02 3.74795197e+02
 4.82104980e+02 2.74079810e+03 1.08675323e+02 1.16912987e+02
 1.43123059e+03 3.45484924e+02 4.11342432e+03 6.50932434e+02
 2.80204468e+03 1.64291248e+03 2.63417432e+03 6.13945996e+03
 5.49569885e+02 6.79946060e+01 4.38013519e+02 5.50774414e+02
 3.75655640e+02 3.86027863e+02 1.15165733e+02 1.35246155e+03
 7.81376190e+01 2.57918732e+02 9.77557617e+03 2.91038555e+04
 9.82370605e+02 1.76736649e+02 8.42118286e+02 8.94149857e+01
 9.42519470e+02 6.60978369e+03 9.32125793e+02 1.48293384e+03
 1.02825661e+02 9.61899872e+01 3.94886200e+02 3.62178174e+03
 1.16679639e+03 1.64751465e+02 4.11880554e+02 1.96390106e+02
 9.40669128e+02 5.57078906e+03 5.32031602e+04 2.26041183e+02
 1.33405624e+02 2.68460388e+02 2.64938828e+04 1.19973047e+03
 1.06546135e+02 6.99490845e+02 5.25489998e+01 1.44596527e+02
 4.07931023e+01 2.52924164e+02 4.51245654e+03 5.27497787e+01
 3.82442078e+02 1.96101364e+02 3.73936310e+02 9.64719238e+03
 4.54918152e+02 5.49964294e+01 6.98324585e+02 3.80406567e+03
 2.11448022e+03 1.46079956e+03 3.66436841e+03 1.51550201e+02
 1.86555625e+04 1.25680432e+03 3.34569275e+02 2.84451233e+02
 1.85049545e+02 6.26465820e+02 3.65050323e+02 7.41412415e+02
 4.14171051e+02 2.95317719e+02 4.76735687e+02 4.69751984e+02
 1.47555176e+02 6.65422058e+02 1.71429629e+04 1.50773972e+02
 1.86560806e+02 4.06850293e+03 3.66499695e+02 3.56320557e+02
 3.02747894e+02 3.06581299e+02 3.58351593e+01 6.50445801e+02
 6.95859961e+03 1.00576971e+03 5.06831696e+02 1.06306812e+03
 9.28562317e+02 6.68536987e+02 3.09301025e+03 2.60278625e+02
 1.97828341e+00 6.03768005e+02 2.90019531e+03 1.72246399e+01
 5.56716675e+02 7.61106201e+02 2.77705658e+02 2.39910254e+03
 5.16192529e+03 1.43467407e+02 9.86644592e+02 9.38028320e+02
 3.73938255e+01 1.49249988e+03 2.50281201e+03 1.44456191e+04
 2.66333569e+03 3.27816429e+01 1.40213208e+03 1.83496811e+02
 5.40788208e+02 1.10440662e+03 3.52174072e+02 8.76143494e+02
 2.89036041e+02 1.76875076e+02 1.07550037e+03 9.24466003e+02
 2.05140576e+03 2.69699921e+02 3.24034149e+02 1.67256760e+02
 9.26826706e+01 4.57974945e+02 1.33916235e+03 4.84191193e+02
 3.68575134e+02 2.71883575e+02 1.60833145e+02 5.98330420e+03
 9.44705688e+02 6.68160645e+02 3.62270874e+02 2.20278152e+02
 1.84144055e+03 2.50512848e+02 4.21764355e+03 2.04393875e+02
 3.72424530e+02 1.70804150e+03 7.89799744e+02 5.43562012e+03
 6.90435596e+03 1.86251348e+04 3.56478668e+02 2.53867874e+02
 4.97290898e+04 1.70975876e+02 1.21960781e+04 7.20066833e+02
 7.03821655e+02 2.89613678e+02 1.49305710e+02 3.35474487e+02
 2.15951514e+03 1.80897827e+02 1.33608862e+03 1.99724533e+02
 1.29259688e+04 3.85773346e+02 2.75511108e+02 2.39847290e+02
 2.32853439e+02 6.61031311e+02 1.02556313e+02 1.85321387e+03
 2.65524445e+02 9.31828979e+02 9.21572876e+01 7.13608459e+02
 1.50290359e+02 1.96821948e+03 1.95834902e+04 6.75391052e+02
 4.59933594e+03 4.69887634e+02 3.65837830e+02 1.92873367e+02
 5.63723816e+02 1.30603607e+02 3.49609314e+02 6.76107407e+01
 2.76948212e+02 5.97019714e+02 2.11122070e+03 3.67507495e+03
 2.77645312e+03 5.34756775e+02 4.10276459e+02 7.45926147e+02
 6.38739166e+01 1.22948074e+02 1.09525525e+03 1.31294102e+04
 1.82499954e+02 2.96739990e+02 1.71439514e+02 9.19163452e+02
 1.87218952e+01 8.55978943e+02 5.17804053e+03 1.37841537e+02
 8.79653992e+02 1.77195053e+02 5.01841827e+02 2.74205170e+02
 3.89607397e+03 1.51025146e+02 7.48222559e+03 3.61809479e+02
 2.43229858e+02 4.15185730e+02 9.89583984e+02 4.92148281e+04
 1.45036896e+02 1.42003210e+03 2.67108093e+02 2.58893402e+02
 6.69020813e+02 7.32948608e+01 1.45737183e+03 8.08643188e+02
 1.68348251e+02 1.73584549e+02 1.05614403e+02 3.57628021e+02
 2.77074615e+02 2.98738940e+03 9.33345490e+01 5.40702490e+03
 2.11954559e+02 3.12119537e+02 4.41717773e+02 4.15923691e+01
 2.55959399e+03 1.44073471e+02 1.20955408e+03 2.16008094e+05
 4.63245789e+02 1.30625220e+03 9.02868271e+01 4.81899219e+03
 6.70282059e+01 9.33619385e+02 3.64832611e+02 2.43717850e+02
 8.94322021e+02 5.90036316e+02 2.42299023e+03 1.30273474e+03
 8.05087708e+02 2.08926147e+02 4.59640576e+03 3.80430756e+02
 1.76726050e+03 8.22637146e+02 3.26534393e+02 1.62433105e+02
 1.51803650e+02 6.90971680e+02 9.45166992e+02 1.17304456e+03
 8.74168672e+04 5.46879150e+02 3.69970923e+03 2.54304245e+02
 8.33777542e+01 5.17141037e+01 2.77023987e+02 4.08100156e+04
 2.47378955e+03 4.05918213e+02 2.07760437e+02 1.60650708e+03
 2.16338669e+02 2.63502808e+02 2.46545068e+03 3.19824194e+03
 1.81386200e+02 5.84575745e+02 3.60103467e+03 1.61456995e+03
 2.30177139e+02 2.79008606e+02 2.89998199e+02 2.01577637e+02]
3421.8064
216008.1
