[8.03138944e+08 2.72004250e+05 2.86718800e+07 5.60816512e+08
 7.58334272e+08 1.31120464e+08 6.04383625e+05 3.15016160e+08
 1.94381146e+09 1.50925472e+08 5.01842112e+08 1.40318640e+08
 4.15671904e+08 7.90056400e+07 2.15959156e+05 5.35065840e+07
 2.04276352e+09 4.54199872e+08 1.10495142e+09 9.29196544e+09
 1.20333024e+08 8.50760720e+07 4.65252229e+10 2.50279280e+08
 1.59452680e+07 1.41748595e+09 1.62223309e+10 1.73148848e+08
 1.62454016e+08 4.51555808e+08 1.81073504e+08 8.45960448e+08
 2.20577552e+08 1.73022912e+08 2.93341670e+09 9.62409440e+07
 1.41925312e+08 5.26581520e+07 7.19979136e+08 5.52041320e+07
 4.27584307e+09 3.72766912e+08 1.38278694e+09 5.11377500e+06
 7.70803072e+08 3.42520064e+08 2.97058260e+07 1.03269456e+08
 3.79836992e+08 3.47546075e+06 1.74774900e+07 5.36735875e+05
 3.81927120e+07 9.59553536e+09 2.32219844e+05 6.16751240e+07
 4.44467264e+08 1.70511834e+09 4.41592300e+06 1.07467672e+08
 1.24850611e+09 4.91817840e+07 2.31502578e+05 1.78678448e+08
 1.27165376e+08 5.95684608e+08 1.42300944e+08 4.93431040e+08
 4.92980469e+05 1.38231910e+09 2.90689408e+08 5.39063296e+08
 2.73978380e+07 5.54043840e+08 5.83876680e+07 5.66557824e+08
 1.09791150e+06 6.48107392e+08 7.54690240e+07 2.38091940e+10
 1.68683936e+08 8.18051200e+07 1.59833408e+08 1.44876128e+08
 1.73861472e+08 5.76266480e+07 6.08528400e+07 2.21604752e+08
 1.03187398e+09 1.04741114e+09 1.57945075e+09 9.77419072e+08
 2.16579040e+07 3.42767392e+08 5.61791846e+09 2.15397560e+07
 1.07622696e+08 1.77807824e+08 1.11633242e+09 6.26480320e+07
 7.49602250e+05 2.47443984e+08 8.79976160e+07 1.10224864e+08
 3.79401440e+07 1.31147150e+06 4.85788384e+08 1.17111856e+08
 2.38057875e+06 1.03057968e+08 1.22226832e+08 2.12221696e+08
 8.95440960e+07 3.99599744e+08 1.44171392e+08 2.46625680e+08
 2.17344064e+08 1.84135232e+08 2.60218464e+08 1.70811980e+07
 6.31082624e+08 1.18485338e+09 3.52032350e+06 1.67358874e+09
 4.55544960e+08 4.09972000e+07 1.03944070e+07 3.64405472e+08
 4.35538304e+08 1.96114891e+05 1.38949838e+06 1.14584420e+07
 1.25842456e+08 7.02138240e+07 5.92819840e+08 2.09960384e+08
 2.13476000e+07 1.21678824e+08 2.16453840e+08 2.65032520e+07
 2.59016224e+08 1.96346656e+08 2.37317080e+07 4.09773216e+08
 2.24735808e+08 1.26561704e+08 4.20197500e+05 9.88566528e+08
 2.10201498e+09 1.19488410e+09 3.49784240e+07 2.34304064e+08
 4.94598840e+07 2.83004672e+08 4.45727808e+08 2.66896864e+08
 2.64931950e+06 1.54226700e+07 1.27600797e+05 1.04518701e+09
 1.06916800e+06 1.21443200e+08 1.12605400e+08 1.65024832e+08
 9.94014750e+05 9.00165920e+07 4.89240704e+08 3.38100608e+08
 4.91836096e+08 1.19142003e+09 1.06495808e+08 7.37808384e+08
 4.33648704e+08 3.65806325e+06 1.81720352e+08 8.79539360e+07
 6.46199120e+07 6.81640160e+07 4.00990496e+08 3.92568269e+09
 3.05785933e+09 8.76044880e+07 1.01376595e+09 3.53409184e+08
 5.71386624e+08 2.57499072e+08 9.51469280e+07 1.24012968e+08
 2.58911792e+08 4.78969152e+08 2.22324832e+08 1.03195448e+08
 5.64191000e+07 6.08268040e+07 1.25562340e+07 6.36528600e+07
 6.41335296e+08 3.63768320e+07 9.62123280e+07 5.43044480e+08
 1.82527168e+08 1.47838336e+09 9.38810112e+08 1.29804862e+06
 4.67594240e+09 1.23928494e+10 4.04846240e+07 7.90932375e+05
 2.84897600e+08 2.65987488e+08 4.41807560e+07 7.36172562e+05
 1.94986048e+08 3.14874592e+08 8.05663840e+07 4.14603600e+07
 3.67544875e+05 1.02786630e+07 1.05122125e+09 3.22572704e+08
 1.21708312e+08 1.20482320e+07 3.21054144e+08 4.15124480e+08
 3.48089664e+08 5.26100960e+08 1.38703456e+08 4.10476680e+07
 2.05841568e+08 1.78738432e+09 3.12818080e+08 1.69189168e+08
 1.51972240e+08 7.58568896e+08 1.64147856e+08 1.29881882e+09
 3.10982176e+08 1.08889320e+08 2.17545680e+08 8.45697920e+07
 2.72915891e+09 5.68178640e+07 7.65421248e+08 9.10519920e+07
 2.18814700e+07 5.37983552e+08 5.07731872e+08 2.79040416e+08
 3.20872288e+08 7.50512435e+09 1.55857360e+08 9.78514625e+05
 6.72519280e+07 1.35553776e+08 1.27480216e+08 9.84266400e+06
 3.16532128e+08 4.27668560e+07 2.47666928e+08 3.27807456e+08
 7.56099328e+09 7.90103744e+08 7.91090432e+08 1.14980590e+07
 3.90623125e+04 5.29269950e+06 4.84697000e+07 4.68288920e+07
 4.15143150e+06 8.95396400e+07 4.58490562e+05 8.07611800e+06
 1.06095280e+07 2.19877648e+08 2.91710400e+08 1.49784528e+08
 2.02879600e+08 1.88097178e+09 3.00090720e+08 4.30642432e+09
 5.30099232e+08 4.07099776e+08 7.92991520e+07 4.55414320e+07
 1.44820840e+07 6.88126000e+07 4.80171400e+07 4.64361568e+08
 1.17827808e+08 1.79803418e+09 3.79328640e+09 1.06917400e+08
 1.55761904e+08 8.43806640e+07 3.65189472e+08 1.09796728e+08
 2.52452560e+07 1.83118720e+08 1.19133875e+09 7.03286850e+06
 6.15346625e+05 1.36953250e+07 1.27638288e+08 2.54888064e+09
 7.77441920e+08 1.10339973e+10 6.18763360e+07 2.84789536e+08
 1.93082512e+08 3.92148760e+07 2.73099750e+05 9.59575040e+08
 6.39344550e+06 6.09098048e+08 4.43192280e+07 4.80672250e+05
 4.49464760e+07 1.39748006e+09 5.47018624e+08 6.38236864e+08
 1.33260328e+08 1.43659600e+08 9.35871360e+07 1.72006976e+08
 9.10397700e+06 1.61189152e+08 9.77547059e+09 7.33027200e+07
 4.43309440e+08 7.46072192e+08 2.31785456e+08 1.14158575e+06
 3.50559719e+05 1.39937392e+08 3.32043020e+07 2.05835632e+08
 1.54922470e+07 3.59468520e+07 2.92050586e+09 8.06707520e+07
 1.41023024e+08 3.49233120e+08 2.26460624e+08 6.72057750e+06
 2.00702700e+07 1.04479770e+07 4.63665000e+07 1.02745478e+09
 6.01296230e+09 1.45306144e+08 5.28898528e+08 1.00175821e+10
 3.34024900e+07 1.79200352e+08 2.72695781e+05 3.07519104e+08
 5.75036672e+08 4.50317280e+08 3.02639200e+08 4.17962784e+08
 4.71062656e+08 7.05433280e+08 3.13468096e+08 2.29177240e+07
 1.06122349e+09 1.31442803e+09 5.96144812e+05 8.43884000e+07
 1.14595553e+10 8.68693952e+08 3.04410496e+09 1.33610573e+09
 9.98246900e+06 1.73720020e+07 7.52133040e+07 2.74452019e+09
 1.19411384e+10 4.12894528e+08 1.86128624e+08 5.40981480e+07
 6.63089536e+08 1.50597978e+09 6.79569050e+09 3.54841960e+07
 3.08760380e+07 7.20973680e+07 3.56072719e+05 7.64753500e+05
 5.00117408e+08 4.10038016e+08 5.04763341e+09 2.71259740e+07
 2.35897480e+07 4.04732800e+08 1.66253904e+08 4.44954080e+08
 2.36587120e+07 7.53523100e+06 2.19972352e+08 2.01059562e+06
 1.49145800e+07 1.98410224e+08 2.19429740e+07 1.29253720e+08
 5.76322560e+08 2.67637325e+06 5.40220840e+07 1.15810388e+06
 2.42176328e+10 1.78423808e+08 1.21183272e+08 5.83165312e+08
 5.28546880e+08 1.23838880e+08 1.46069773e+09 4.39606976e+08
 9.74744800e+07 1.17956365e+09 5.87156032e+08 8.69466188e+05
 1.27853672e+08 2.61121536e+08 3.91524640e+08 1.97186138e+09
 2.43266352e+08 4.72169656e+05 5.60078960e+07 2.20086880e+08
 1.08729050e+09 4.18699712e+08 2.16067456e+08 5.41654016e+08
 2.64838560e+08 8.62874000e+06 1.28111816e+08 4.53656531e+05
 8.97938880e+07 3.03613140e+07 3.82054440e+07 4.31336920e+07
 4.00616928e+08 2.18187600e+08 2.86619680e+08 1.19099661e+09
 9.41398960e+07 1.11173630e+07 3.71479680e+08 2.54848480e+08
 1.18493128e+08 5.96534480e+07 1.41826352e+08 9.10558413e+09
 1.01612736e+08 6.31231296e+08 6.46850752e+08 1.08797984e+08
 3.36341500e+05 8.46859072e+08 2.05779443e+09 1.37304830e+07
 4.71415531e+05 9.01068080e+07 3.72653800e+07 1.32284281e+05
 2.12205248e+08 9.76304320e+07 2.90979360e+08 1.93773680e+07
 7.12801000e+05 5.00544880e+07 1.13925136e+08 1.10864896e+09
 1.57934272e+08 2.55037328e+08 6.09961560e+07 1.11932250e+09
 8.00229760e+07 1.95976720e+08 6.78596438e+05 1.28997160e+08
 1.63605824e+08 4.70496832e+08 1.93809776e+08 8.57533750e+05
 4.50640280e+07 2.09276272e+08 1.09716144e+08 1.48755888e+06
 6.12828120e+07 1.29874456e+08 1.93672848e+08 1.89226032e+08
 7.36055040e+07 2.00194032e+08 2.82318250e+06 7.27163040e+07
 1.58655024e+08 7.62076800e+08 1.55679280e+08 1.30692016e+08
 2.14036672e+08 2.15890288e+08 9.62136720e+07 9.67526880e+07
 2.99475420e+07 1.67543850e+06 2.88179680e+08 4.44880032e+08
 1.61488512e+08 1.25904530e+07 5.51656375e+05 1.77877362e+06
 2.21945940e+07 2.46362660e+07 8.52973056e+08 1.37838938e+09
 1.23196442e+09 2.77335300e+07 1.24898176e+09 3.53082144e+08
 1.08071000e+06 5.75853466e+09 4.28063520e+08 1.93421600e+08
 2.19147725e+09 6.01261520e+07 3.99915440e+07 1.15722125e+09
 1.19077280e+08 3.37426406e+05 1.18996168e+08 1.67549290e+07
 6.86150720e+07 8.97554560e+08 4.56325760e+07 1.45413136e+08
 4.25885216e+08 1.31941788e+06 2.08678512e+08 2.70770400e+08
 1.52499325e+06 3.49024154e+09 1.97850760e+07 4.11192720e+07
 9.52757200e+06 4.00849720e+07 1.02763475e+09 5.25897120e+07
 1.85206256e+08 2.83582500e+07 1.97608720e+08 5.74821100e+06
 1.63681104e+08 9.36389837e+09 1.38366359e+05 5.45571200e+08
 3.74076096e+08 1.17028464e+08 2.72837340e+07 2.62925880e+07
 5.35623250e+06 1.69511904e+08 1.36682000e+08 4.02514480e+07
 5.55852120e+07 1.37979456e+08 9.96608160e+07 2.15742352e+08
 3.60389906e+05 5.47392000e+05 6.12778812e+05 1.15622328e+08
 5.57951437e+09 2.62714816e+08 5.69297088e+08 1.44097715e+09
 1.73007232e+08 6.54739720e+07 2.81854131e+09 3.88422812e+05
 3.43298125e+09 2.36398016e+08 1.39261478e+09 8.45885440e+08
 4.12278560e+07 6.77650600e+06 3.45342250e+05 2.45249472e+08
 2.75300256e+08 5.61451136e+08 6.37381632e+08 2.25050640e+08
 2.19828320e+08 6.38959600e+07 6.31114240e+08 9.48455120e+07
 2.40544078e+05 3.90875488e+08 1.32758592e+09 1.38015625e+05
 4.91708723e+09 2.76217248e+08 1.79743056e+08 8.91348560e+07
 2.14536336e+08 5.54957760e+07 3.95087219e+05 1.77250660e+07
 5.83516672e+08 5.24129024e+08 2.57818340e+07 3.35268224e+08
 6.13714624e+08 3.97568512e+08 1.20146872e+08 7.11755520e+08
 2.81466010e+09 9.23925696e+08 2.84158157e+09 9.65403648e+08
 1.23983700e+07 3.04221664e+08 7.69730800e+07 2.11493840e+07
 4.58432416e+08 3.15866200e+06 6.01796160e+08 4.99731000e+06
 4.10237280e+07 5.52128760e+07 1.92702976e+08 1.07885600e+08
 7.14876352e+08 6.55434624e+08 1.74886660e+07 1.15715144e+08
 2.65840160e+08 1.59714484e+05 5.26570720e+08 1.77054075e+06
 5.43534848e+08 3.94564800e+08 8.58257188e+04 2.52960040e+07
 1.52760596e+10 3.37725344e+08 1.08591762e+06 1.02511968e+09
 5.85518480e+07 2.15801680e+08 4.83828719e+05 7.63495200e+07
 5.50340544e+08 1.82346768e+08 4.78662080e+07 4.87708640e+07
 2.61220900e+07 2.33958175e+06 7.57119920e+07 8.99846880e+07
 2.12704304e+08 1.95296243e+09 8.25671104e+08 1.54994352e+08
 1.88168208e+08 2.81114281e+05 2.56432048e+08 5.85639744e+08
 5.45942188e+05 1.35024333e+09 2.20728013e+09 5.69261056e+08
 3.80713760e+07 1.03354650e+09 6.24830592e+08 2.61894298e+09
 4.00736560e+07 4.22638240e+08 4.26043008e+08 1.49773555e+09
 8.42209040e+07 3.87948360e+07 4.37629562e+05 2.49793480e+07
 5.74579776e+08 8.70781920e+07 1.33858900e+07 6.69498317e+09
 2.56229600e+08 1.25323174e+09 3.49098464e+08 2.14157172e+05
 2.48541104e+08 4.70830080e+08 1.88825984e+05 2.48613600e+08
 1.00224646e+09 6.84035920e+07 4.47425344e+08 4.08177200e+07
 6.94319040e+07 1.13914856e+08 3.25723775e+06 2.97627180e+07
 1.63733440e+08 4.42297248e+08 1.02760848e+08 1.09040864e+08
 2.74339072e+08 8.03077840e+07 1.70459888e+06 1.14088450e+06
 2.12807968e+08 2.32596915e+09 5.33229152e+08 4.79248282e+09
 7.51936384e+08 1.05783370e+07 1.35872368e+08 7.96673200e+07
 5.35235400e+06 1.07816880e+08 8.57599040e+08 1.71047872e+09
 2.44845120e+08 3.19152625e+05 1.00931002e+09 1.16134131e+09
 4.46992384e+09 3.27949750e+05 6.07091584e+08 4.85208250e+05
 3.54364800e+08 2.37545344e+09 1.55058790e+09 1.47691600e+08
 1.04655530e+07 8.42878160e+07 4.12657920e+08 3.97673088e+08
 4.56713830e+09 8.85694240e+07 1.36209150e+06 5.82345120e+07
 1.18245575e+06 2.24604125e+06 1.23387146e+10 1.60415360e+09
 1.46891648e+08 8.37338080e+07 4.82756045e+09 2.95048736e+08
 4.71222400e+08 1.14258152e+08 9.46519600e+07 1.16769624e+08
 8.62168720e+07 1.97885248e+08 1.41590259e+09 1.02315040e+07
 1.24649242e+09 2.16394464e+08 8.83544880e+07 1.04839277e+09
 8.16522400e+07 1.22267320e+08 2.02471328e+08 2.60157640e+07
 1.58913696e+08 1.26027546e+09 8.36306000e+07 2.92177408e+08
 7.07366246e+09 4.27641984e+08 2.94657280e+08 2.87209980e+07
 1.07843872e+08 1.09370450e+06 1.87827344e+08 2.49129040e+08
 1.54710320e+08 1.16617592e+08 2.86635136e+08 7.19967840e+07
 1.06016832e+08 1.39770662e+09 6.17944448e+08 5.55485840e+07
 4.77200000e+07 4.94707800e+07 1.09097560e+08 4.76898816e+08
 1.28684544e+08 1.21757188e+06 3.89649312e+08 2.77308736e+08
 6.40727488e+08 8.43062800e+07 1.35083840e+09 2.06308736e+09
 1.90584784e+08 2.10368400e+08 5.83550720e+08 5.48853696e+08
 4.61487040e+08 2.83992864e+08 5.88301440e+07 8.03061360e+07
 7.05298160e+07 4.56092350e+06 1.73728368e+08 5.59523456e+08
 1.45877235e+09 4.85811720e+07 4.91240280e+07 7.87062320e+07
 2.54476992e+08 1.09428104e+08 5.90262374e+09 1.42065766e+10
 4.38955616e+08 2.34023700e+07 3.65346848e+08 3.68861400e+07
 1.27012954e+09 9.28672768e+08 1.44573440e+08 1.37220134e+09
 2.46711168e+08 5.01910680e+07 2.55832474e+09 2.89684448e+08
 4.66435400e+06 5.87167744e+08 8.38097280e+07 1.19210836e+05
 1.79733720e+07 3.87270406e+05 4.12653275e+06 4.07515320e+07
 1.79284416e+08 7.15095680e+08 4.90021312e+08 4.07334080e+08
 9.80315440e+07 1.02209160e+08 2.00814624e+08 6.83521680e+07
 8.01082250e+05 5.96253800e+06 1.02178475e+06 1.73852688e+08
 3.42860384e+08 3.67987360e+08 8.29327360e+08 5.44769741e+09
 1.05221424e+08 2.10201587e+09 8.79278960e+07 1.50427424e+08
 3.33217575e+06 7.61580288e+08 3.65624397e+09 9.83629568e+08
 2.40568768e+08 1.07992544e+08 9.71765120e+07 5.01908080e+07
 9.28008256e+08 2.64903296e+08 1.20559488e+09 2.87496960e+07
 2.46121165e+09 1.17719281e+05 2.26386592e+08 1.16068352e+08
 2.44553232e+08 1.55331536e+08 5.73883600e+07 2.57286240e+08
 1.46780980e+07 1.98232880e+08 4.34396280e+07 3.52055008e+08
 1.00665080e+07 3.35155584e+08 1.04903148e+10 2.74593971e+09
 1.03872621e+09 2.46834528e+08 2.42876672e+08 3.43044704e+08
 8.07727872e+08 6.26823680e+07 4.13476520e+07 2.45379040e+08
 1.04230896e+08 5.85019125e+05 3.57577600e+06 9.82745920e+08
 2.19222426e+09 1.25098640e+07 1.49389312e+08 9.68501840e+07
 1.37691856e+08 6.35836640e+07 5.84885880e+07 1.40115853e+09
 5.00601040e+07 3.49214880e+08 4.88259312e+05 2.09070480e+08
 1.19652262e+06 1.23503980e+07 1.91250960e+07 1.41195149e+09
 3.78549440e+08 8.59912128e+08 7.50401600e+07 1.34716640e+08
 6.39065024e+08 2.59675600e+08 4.05489952e+08 6.62593040e+07
 8.51715360e+07 4.04473632e+08 6.26836200e+07 7.75677850e+09
 4.06429520e+07 3.86619280e+07 1.67238368e+08 4.52611648e+08
 1.27711609e+05 3.28379280e+07 1.28252570e+09 7.67518000e+05
 1.22138600e+08 1.02346056e+08 2.19177100e+07 1.04351784e+08
 1.45383184e+08 2.29243376e+08 4.22606080e+07 1.49241568e+08
 1.71982496e+08 3.47331744e+08 3.95565438e+05 4.74833152e+08
 1.98445616e+08 1.94450520e+07 3.44598368e+08 7.41656986e+09
 7.45383040e+08 4.01012781e+05 1.17099370e+07 9.22177741e+09
 5.29784200e+07 4.42249360e+07 1.18379533e+09 5.98523960e+07
 2.71872544e+08 3.54539616e+08 6.20204544e+08 4.44361000e+05
 2.31441357e+09 5.25221440e+07 6.46753920e+07 1.71963792e+08
 1.02238093e+09 1.65673120e+08 2.44379516e+05 5.43142336e+08
 1.43765712e+08 2.18705776e+08 4.72479840e+07 2.18585488e+08
 1.10326303e+10 4.63213696e+08 7.04693760e+08 2.89430188e+05
 1.43426208e+08 9.63430762e+03 5.55862520e+07 2.22792847e+10
 2.30520780e+07 7.30810960e+07 4.09164560e+07 1.76522762e+06
 2.39869030e+09 3.06524825e+06 8.13214720e+07 1.17481408e+09
 1.39240710e+07 4.52425440e+08 1.20277632e+09 1.30849700e+06
 2.72827300e+07 1.99192832e+08 5.92236920e+07 5.39381568e+08]
