[8.37464064e+08 1.89263024e+08 1.10214328e+08 1.71766704e+08
 2.45458099e+09 3.11021200e+07 1.58121895e+04 6.94146560e+07
 1.31243200e+09 6.17012416e+08 1.91592755e+09 2.75885261e+09
 4.63542016e+09 2.67895248e+08 4.39474112e+08 1.47633574e+09
 2.80362035e+09 8.50070144e+08 3.32734925e+09 2.21259203e+10
 5.26273080e+07 3.88242040e+07 1.07373289e+11 5.51102016e+08
 2.53263296e+08 1.22868695e+10 4.08116429e+10 8.48274624e+08
 2.13863072e+08 5.13973888e+08 3.92928435e+09 6.45807360e+07
 1.81222835e+09 7.54771584e+08 3.44117786e+09 1.41456272e+08
 5.41038656e+08 5.34941952e+08 6.37897040e+07 2.82355584e+08
 6.17069926e+09 4.08446464e+09 2.99216800e+08 7.58364400e+07
 1.45221472e+08 1.10620877e+09 2.67010080e+08 2.72337480e+07
 1.11298976e+08 7.11521331e+09 3.20885600e+08 4.85644960e+07
 2.05041008e+08 2.71762166e+10 6.95036096e+08 3.09502528e+08
 1.03600016e+08 9.10993101e+09 9.35502400e+07 3.52082320e+07
 2.08995904e+08 1.96581990e+09 1.10726912e+08 3.45702752e+08
 1.63707728e+08 3.09968026e+09 4.44475200e+08 5.54673152e+08
 6.48182336e+08 6.20635904e+08 6.05264040e+07 7.12779776e+08
 4.29649312e+08 1.22090458e+09 1.94140736e+08 1.03256120e+08
 1.16758784e+09 1.57475984e+08 4.31586600e+07 1.47638874e+09
 5.18436224e+08 1.41982298e+09 3.59018200e+07 4.08762848e+08
 6.19424120e+07 1.00660000e+07 4.83492120e+07 1.03772360e+07
 2.89305696e+08 2.82309786e+09 9.21663600e+07 1.24789632e+09
 1.06927800e+07 2.36940064e+08 6.64568986e+09 3.39809088e+08
 1.23724762e+09 1.72084275e+09 9.89773280e+07 1.46555970e+07
 1.39714336e+08 1.16849690e+09 3.79171275e+06 1.40747410e+07
 4.07416560e+07 1.11512230e+09 8.42728128e+08 7.49148100e+06
 1.16539725e+09 2.34341536e+08 6.44505360e+07 4.21947904e+08
 1.51539230e+07 1.03354264e+08 5.01524320e+07 5.48863552e+08
 4.15113824e+08 1.31891520e+08 2.31604352e+09 4.22675040e+08
 2.62269072e+08 1.82940659e+09 4.31103744e+08 1.33958861e+10
 1.47592448e+08 3.54517536e+08 2.71528896e+08 5.45284920e+07
 6.93257360e+07 5.17962469e+05 3.18676736e+08 4.28236608e+08
 9.90238464e+08 1.33528176e+08 2.95714140e+07 5.82425040e+07
 4.53445760e+08 2.82209440e+08 2.93248256e+08 5.96319872e+08
 1.33051354e+09 1.99642672e+08 3.05395405e+09 3.48409152e+08
 8.29332000e+07 1.39989990e+07 6.57643050e+06 2.76197658e+09
 4.01096269e+09 2.32479104e+09 8.29196960e+07 1.62744627e+09
 1.07784512e+09 3.03051880e+07 7.86021248e+08 1.13588659e+09
 2.69024600e+07 1.00928864e+09 1.06039496e+08 1.87004915e+09
 3.82934477e+09 4.82179168e+08 5.68400000e+07 4.45666624e+08
 1.98590157e+09 4.59520360e+07 8.08630336e+08 4.31239904e+08
 6.95349504e+08 1.19853632e+09 5.41459080e+07 8.71291008e+08
 1.41070704e+08 6.04635640e+07 5.84500288e+08 5.42582656e+08
 6.90466400e+07 2.21472220e+07 4.74745312e+08 9.23608896e+08
 2.87591270e+09 3.01653120e+08 3.40163830e+10 1.39574093e+09
 6.17282560e+07 3.55479712e+08 3.42410304e+08 4.89289880e+07
 2.09538380e+07 5.49940000e+07 2.64960080e+08 1.05741000e+05
 2.55111712e+08 8.42264384e+08 5.80333414e+09 7.14801500e+06
 5.46241997e+09 2.86450580e+07 4.58715480e+07 1.40818944e+09
 4.05609840e+07 1.54354074e+09 2.53186240e+08 3.74530816e+08
 1.15074703e+10 2.45016084e+10 1.46601216e+08 8.10862464e+08
 4.16971136e+08 4.70342000e+07 6.41501184e+08 5.93707000e+07
 6.94087168e+08 1.91184560e+08 1.55043046e+09 3.20775780e+07
 3.05331360e+08 2.72279776e+08 3.54409184e+08 8.69298000e+07
 4.57386336e+08 1.21976768e+08 2.98651040e+08 1.82796890e+09
 1.45756288e+08 6.95364240e+07 1.18781184e+09 1.36204192e+08
 7.00576768e+08 3.72874016e+08 3.80089184e+08 2.20097500e+07
 1.61594896e+08 6.01308352e+08 1.36628016e+08 1.92252083e+09
 1.34426784e+08 1.55175216e+08 1.33777360e+08 1.78240864e+08
 7.66058816e+08 4.14100352e+08 2.21992416e+08 5.41935232e+08
 2.20509120e+07 1.28215014e+09 1.14577690e+09 1.17413018e+09
 7.28893568e+08 6.67033549e+09 2.16988736e+08 4.20192768e+08
 1.08392584e+08 1.08328350e+07 4.96239168e+08 7.76637568e+08
 1.18335398e+09 8.27623350e+06 6.10840320e+08 6.20944280e+07
 1.80955955e+10 3.22550368e+08 7.06785792e+08 8.56626400e+07
 2.34221696e+08 6.44066360e+07 1.22632896e+08 2.42674960e+08
 3.55865318e+09 1.30818816e+09 5.64587500e+06 8.91818394e+09
 2.83186464e+08 1.00607280e+07 4.35553331e+09 1.15970893e+09
 1.94182746e+09 1.62154970e+09 1.32449139e+09 1.91921684e+10
 2.25941216e+08 1.03293766e+09 2.91136832e+08 7.08971968e+08
 1.44296720e+07 1.33782016e+09 5.05992120e+07 1.35194867e+09
 3.16053856e+08 2.30653747e+09 1.98480128e+09 3.75701184e+08
 4.55557920e+08 4.26036512e+08 5.53120576e+08 5.37790016e+08
 1.31713650e+07 3.85255040e+08 1.66783936e+09 1.98221940e+07
 4.50933632e+08 1.52475056e+08 1.52918016e+09 3.72802330e+09
 2.23708954e+09 5.44695296e+09 2.12837000e+07 4.98544384e+08
 7.58780864e+08 4.78773472e+08 2.32155344e+08 1.48395021e+09
 1.03524055e+10 4.81217360e+07 2.29288272e+08 3.58205056e+08
 1.43678477e+09 1.42577088e+08 8.75461680e+07 1.20773862e+09
 6.31349800e+06 4.07782624e+08 1.79507744e+08 8.62506624e+08
 5.32716800e+09 4.71034720e+07 1.67444808e+10 4.27528080e+07
 2.99372832e+08 2.42717952e+08 3.01408700e+07 1.54540448e+08
 3.23895488e+08 3.28800520e+07 9.67088384e+08 1.31718440e+08
 2.12650592e+08 9.34938047e+04 3.77528090e+09 6.25523240e+07
 1.01434112e+08 1.27597096e+08 1.15688680e+08 2.60766144e+08
 5.30084650e+06 1.77460352e+08 3.87867200e+06 1.94533158e+09
 7.60906320e+07 1.25468500e+07 6.71643200e+08 4.76883008e+08
 1.14324880e+08 1.85552973e+09 7.51268240e+07 1.88414544e+08
 4.06883405e+09 8.78562304e+08 4.63160320e+07 1.03784685e+09
 5.81355520e+08 7.12993536e+08 1.28958203e+05 5.02284480e+07
 3.02306304e+08 1.96659855e+10 4.52708704e+08 4.37230944e+08
 1.97027144e+10 8.03701200e+07 4.51844680e+07 2.64652902e+09
 3.79772846e+10 7.30142784e+08 9.15535936e+08 1.26138624e+09
 1.29404314e+10 1.93165280e+07 3.41356400e+07 5.26789248e+08
 2.32279792e+08 2.05781184e+09 5.79894118e+09 2.50430400e+07
 7.93069056e+08 6.66146752e+08 1.76043125e+05 9.48746048e+08
 3.70583712e+08 9.28979920e+07 4.87958912e+08 2.02158064e+08
 4.20666656e+08 3.52666080e+07 8.77455040e+08 3.45264461e+09
 4.35754920e+07 7.09347136e+08 1.29405640e+08 2.18685133e+09
 1.61621968e+08 1.17663168e+09 1.09020670e+07 1.06852890e+07
 9.92200640e+07 4.11877000e+05 5.34017088e+08 9.53056720e+07
 2.61118751e+10 1.16239592e+08 5.41893888e+08 5.68093568e+08
 1.18873664e+08 1.20137000e+08 6.42710720e+08 4.26407296e+08
 3.87285120e+08 4.43738048e+08 2.18180608e+09 2.76085376e+08
 2.18672384e+09 1.34902512e+08 4.67909632e+08 2.44745088e+09
 1.34964464e+08 5.62093880e+07 1.30873434e+09 1.77951960e+07
 3.72160563e+09 2.62054320e+08 2.89066840e+07 1.81977178e+09
 1.68443824e+08 6.56941517e+09 4.62308128e+08 5.17176928e+08
 6.14342000e+07 9.14374208e+08 8.25204375e+04 7.75157184e+08
 2.73892080e+07 1.75823568e+08 2.38677965e+09 2.29024672e+08
 5.21248832e+08 3.51201560e+07 5.36385504e+08 4.43203168e+08
 7.93914304e+08 5.17430560e+07 1.77071420e+07 1.10504940e+10
 2.36757880e+07 2.96297165e+09 2.63010496e+08 6.18131328e+08
 9.18504160e+07 7.17394752e+08 3.84906880e+08 4.89004000e+07
 8.69314944e+08 6.42779640e+07 4.72759200e+08 2.95551200e+08
 3.97919206e+09 2.72186976e+08 5.52546368e+08 1.72714180e+07
 3.01156600e+07 4.25132032e+08 1.19217472e+09 1.87286682e+09
 5.92317632e+08 1.07757256e+08 2.78013760e+08 4.17951590e+09
 2.50240496e+08 1.01339464e+08 4.40137600e+06 1.01604880e+08
 9.20107904e+08 3.64292000e+08 8.30422400e+07 9.36085504e+08
 5.99914944e+08 5.15219296e+08 2.58662860e+07 1.12081664e+09
 4.61448440e+07 1.29046576e+08 7.36084736e+08 9.22266000e+07
 2.25406260e+07 1.83037080e+07 9.41234000e+07 2.89818380e+07
 5.44825408e+08 1.09468856e+10 2.09743180e+07 8.11615440e+07
 7.10508800e+07 8.36313088e+08 3.47646040e+07 2.59259620e+07
 1.87939120e+08 6.39303160e+07 2.02703620e+07 2.45107123e+09
 6.80098240e+08 2.79811136e+08 2.60884660e+07 7.78705088e+08
 3.32603220e+07 8.95489680e+07 1.17574208e+08 4.28886272e+09
 1.63779264e+08 2.12102812e+05 3.13184666e+09 4.75402720e+08
 4.25573344e+08 2.04045373e+10 1.25210248e+08 1.87394320e+08
 4.85560640e+08 3.53758725e+06 1.32483070e+07 1.98033062e+09
 5.46207168e+08 3.86999904e+08 2.52148912e+08 3.95954760e+07
 9.59658880e+07 1.25091930e+09 2.68537600e+08 4.35794920e+07
 6.80138480e+07 3.03428890e+09 6.35804544e+08 8.64704480e+07
 1.51361882e+09 2.12601325e+06 2.90906016e+08 7.24291648e+08
 1.94372740e+07 4.49073312e+08 3.91481200e+07 8.12755920e+07
 6.04513331e+09 2.32817520e+07 3.98729360e+07 2.28886640e+07
 5.70513280e+08 1.02040279e+10 3.24954720e+08 5.12380192e+08
 7.36463600e+07 4.52224800e+08 1.40672560e+08 5.57655424e+08
 3.80820198e+09 9.29147840e+08 9.32238400e+07 2.13551424e+08
 5.66522200e+07 9.39275648e+08 5.98162000e+06 9.69131584e+08
 4.72109200e+07 1.37387776e+08 7.45940080e+07 5.87124608e+08
 1.37645353e+10 3.63928269e+09 7.74804240e+07 6.95272480e+07
 1.79861920e+07 5.42927872e+08 2.69327642e+09 2.27566600e+07
 2.08191629e+09 4.30865120e+08 5.93185600e+08 2.43992192e+09
 1.67088870e+09 5.00122592e+08 4.40861850e+06 2.46588920e+07
 6.77357120e+08 9.30999760e+07 1.53977306e+09 5.12206848e+08
 3.77310688e+08 2.50283440e+07 2.74264992e+08 1.86051418e+09
 4.21626080e+08 1.03780720e+08 1.54728077e+09 1.80827456e+08
 3.21473126e+09 2.64262528e+09 7.25579040e+07 7.82477500e+06
 4.37281888e+08 1.56537320e+07 1.76013712e+08 4.75562250e+06
 1.70236442e+09 1.33770496e+08 3.90895040e+08 9.90160896e+08
 1.47757555e+09 1.16072812e+06 1.92603744e+08 7.74942656e+08
 1.78549520e+08 5.43140147e+09 5.88398656e+08 1.94334368e+08
 3.45594752e+08 7.88638000e+07 4.58050816e+08 1.95668224e+08
 8.47966464e+08 2.40040260e+07 1.69428224e+09 2.20404000e+08
 1.87530848e+08 1.26474048e+09 2.13173811e+09 2.39676500e+07
 1.69552128e+08 5.70818840e+07 3.14022360e+07 6.29338560e+08
 1.06055379e+09 3.31443104e+08 1.41256624e+08 4.89201971e+09
 5.27956080e+07 2.35758387e+09 4.42415616e+08 3.74208720e+07
 1.01252301e+11 3.69263040e+07 1.10475392e+09 3.32489242e+09
 3.42289408e+08 2.75088020e+07 3.25282656e+08 6.79162368e+08
 1.21729434e+09 4.75330848e+08 4.73066320e+07 1.52173070e+07
 5.93649344e+08 1.99224560e+08 1.20577421e+09 1.71106180e+07
 7.54245600e+07 2.15792528e+08 4.62648120e+07 1.83520520e+07
 6.13579968e+08 1.93126112e+08 4.05384608e+08 3.53854531e+05
 5.83958848e+08 5.94227866e+09 1.62104883e+09 1.06912828e+05
 6.60026040e+07 1.47303376e+08 1.89358160e+08 1.52016832e+08
 4.86120256e+08 7.19029376e+08 7.95469696e+08 2.55135462e+09
 4.93748145e+03 6.32968200e+06 7.30197952e+08 4.19166200e+07
 1.24887928e+08 1.07930856e+08 1.36612130e+07 6.35706752e+08
 1.34170552e+08 3.59093840e+07 7.40654960e+07 4.48816440e+07
 1.62918960e+08 7.24194368e+08 2.11033712e+08 4.33993472e+08
 1.44131792e+08 2.32193140e+07 4.53822200e+07 3.20430600e+07
 1.01561040e+08 4.35156040e+07 3.39010560e+07 2.29295040e+07
 4.86890080e+08 1.52968816e+08 4.31598240e+08 6.83794922e+04
 1.25581530e+09 2.87582480e+07 2.60250496e+09 6.03682240e+07
 4.63692032e+08 7.21579776e+08 1.34971200e+09 2.17723827e+09
 1.33996048e+08 2.08470864e+08 1.21171020e+07 5.71869760e+08
 1.49669734e+09 3.65947552e+08 6.62265856e+08 4.97129933e+09
 2.16882000e+08 1.52354736e+08 5.50010944e+08 1.08187535e+10
 2.70822368e+08 2.01862336e+08 1.16784240e+08 1.45049872e+08
 2.33156582e+09 5.85608896e+08 3.21541990e+09 9.62992192e+08
 2.48027300e+07 9.57662700e+06 9.26389632e+08 2.46187568e+08
 2.66391696e+08 1.91299580e+07 1.98772659e+09 3.21039776e+08
 1.19680580e+07 2.60274048e+09 2.47384433e+10 1.49392192e+09
 1.13667050e+07 1.80560112e+08 8.62393242e+09 6.45677824e+08
 5.96544704e+08 1.27776230e+09 2.59494060e+07 6.41089920e+07
 6.93984240e+07 3.80452032e+08 9.53894208e+08 1.41652096e+08
 2.98912845e+09 3.29721000e+06 4.48304512e+08 1.97213632e+08
 5.24056440e+07 1.78849760e+07 1.84142800e+07 4.53322320e+07
 6.44041984e+08 8.29175760e+07 5.39498957e+09 1.68441264e+08
 1.00813574e+09 1.14959590e+09 5.71338688e+08 8.67036800e+06
 3.78522150e+06 4.24110208e+08 8.71945360e+07 8.64959300e+06
 6.22995960e+07 1.78618960e+08 1.57333264e+08 3.63437472e+08
 4.90875712e+08 6.50505421e+09 8.52152768e+08 1.78403088e+06
 6.84365504e+08 2.38613939e+09 4.13368800e+08 1.91773200e+08
 5.77461040e+07 4.56662048e+08 1.49271968e+08 1.50955810e+07
 4.92622720e+08 7.29064896e+08 2.04181389e+09 4.61178214e+09
 4.74362304e+08 8.73485696e+08 3.06541414e+09 1.38297280e+08
 1.70582234e+09 3.42944023e+04 1.93413222e+09 1.89906320e+07
 9.66597700e+06 2.79823539e+09 8.94132928e+08 1.04090798e+10
 7.03749990e+09 1.83819520e+07 9.38968720e+07 4.07010080e+08
 2.19287520e+07 4.53241632e+08 1.11697101e+10 2.34099226e+09
 7.19429184e+08 4.41821344e+08 1.05560454e+09 8.60145760e+07
 3.44860467e+09 3.48508160e+09 5.83056192e+08 4.52350112e+08
 5.06625856e+08 4.97100608e+08 2.99523488e+08 1.99644768e+08
 2.03303987e+09 1.80069440e+08 1.45384528e+08 2.66935520e+08
 4.30123315e+09 1.81830740e+07 4.52017920e+08 2.17737232e+08
 6.80472720e+07 6.30036750e+05 4.51580320e+07 2.84827264e+09
 3.67626112e+08 5.43184720e+07 8.84478912e+08 1.07310390e+07
 1.79612112e+08 2.42662736e+08 1.85401101e+09 7.41190144e+08
 5.80665840e+07 1.34192358e+09 2.71812864e+08 3.30717338e+09
 9.58086080e+07 2.46401434e+09 7.78753760e+07 1.45668380e+07
 1.37773179e+10 1.18629770e+07 8.18068160e+08 1.10623368e+08
 3.97960880e+07 2.94082208e+08 2.78351920e+07 2.15341191e+04
 7.21193984e+08 4.93609088e+08 4.39772518e+09 6.82491840e+08
 1.04096986e+09 1.47393408e+08 5.39700160e+08 7.33766016e+08
 4.69861824e+08 7.68720240e+07 3.11026624e+08 3.43059616e+08
 2.50151680e+08 2.69735750e+06 1.70473776e+08 1.19164314e+09
 1.23990054e+09 9.98289520e+07 2.17689984e+08 2.36714592e+08
 1.20099080e+07 1.05411942e+09 1.29814420e+07 4.45534320e+07
 9.10402112e+08 3.77766016e+08 5.77124096e+08 1.03723656e+08
 4.03914976e+08 3.76569280e+08 4.42763488e+08 3.26384205e+09
 3.39597670e+09 7.16083440e+07 7.68311600e+07 7.93295760e+07
 2.58524016e+08 3.35848672e+08 8.93721728e+08 6.87557018e+09
 2.25543180e+07 5.78409984e+08 9.03508400e+07 3.15673220e+07
 1.00157434e+09 3.62598528e+08 3.19315232e+08 1.12358648e+08
 8.65374208e+08 2.07357670e+09 9.57118600e+06 1.87129328e+08
 3.87875104e+08 4.16943584e+08 1.89356192e+08 6.24675072e+08
 2.60244820e+07 1.03622232e+08 3.83333536e+08 3.13143972e+10
 5.82793216e+08 7.24939968e+08 6.88307264e+08 6.42190656e+08
 9.41196880e+07 2.75260640e+08 1.86869728e+08 7.19059008e+08
 6.22745560e+07 5.66046480e+07 8.76995117e+03 8.42630464e+08
 2.20009267e+09 3.66223680e+07 3.14759488e+08 5.39192384e+08
 1.43341504e+08 4.50905160e+07 1.45734387e+09 1.63926224e+08
 1.87257568e+08 8.78552656e+04 2.33258544e+08 1.45382687e+11
 6.34590016e+08 5.60744192e+08 4.13699552e+08 4.64452544e+08
 7.41388300e+06 6.21527040e+08 3.90280115e+09 2.69067040e+08
 4.22904992e+08 5.40253240e+07 3.65041920e+07 1.00343080e+08
 1.32324152e+08 1.45651710e+07 1.26092232e+08 1.38229683e+09
 9.33869056e+08 2.42854963e+09 4.90828640e+08 9.15877440e+08
 2.83095936e+08 1.49009805e+09 1.18725304e+08 8.80316160e+07
 4.77881702e+09 8.18710080e+08 3.65004960e+08 1.33696904e+08
 7.30294592e+08 1.55289810e+07 3.05991040e+08 1.91739453e+10
 8.21176640e+08 2.80069664e+08 2.91987520e+08 1.46598861e+09
 1.04222176e+08 4.66235120e+07 6.49013632e+08 5.57661286e+09
 1.85533808e+08 6.19164400e+07 1.81086528e+08 1.01098264e+08
 1.10155160e+07 2.97732576e+08 1.88613072e+08 5.47571600e+07]
