[3.10051147e+03 3.69957794e+02 8.01108521e+02 1.14427600e+03
 8.52996826e+01 9.36100952e+02 3.76287628e+02 3.42740814e+02
 4.97499756e+03 2.32379761e+01 3.87936157e+02 1.29303857e+03
 3.13628076e+03 1.42444401e+01 3.04360992e+02 5.58370117e+02
 1.62419693e+02 5.08002075e+02 1.49619019e+02 3.31779834e+03
 8.65926437e+01 1.37135868e+01 1.09388180e+05 1.87870544e+03
 1.29672413e+01 6.39866748e+03 1.13242383e+03 2.86896606e+02
 9.17828430e+02 5.73559448e+02 2.24448999e+03 1.45176514e+03
 1.17570251e+03 1.62306480e+01 2.87488672e+03 2.16953278e+02
 1.82630367e+01 1.14568968e+01 8.26426270e+02 8.97214985e+00
 1.47618372e+03 6.50698914e+02 1.20327185e+03 1.10772537e+02
 1.23358459e+03 3.64096565e+01 5.28829407e+02 8.97783661e+01
 3.04456482e+01 1.43659595e+03 1.79281254e+01 7.01581665e+02
 2.78195953e+00 1.96586035e+04 2.18900711e+02 1.58239536e+01
 3.57768097e+01 4.68917432e+03 4.91154442e+01 1.79875259e+01
 3.19643359e+03 3.07066010e+02 9.90726990e+02 1.49975481e+01
 5.03009583e+02 3.94445825e+03 2.25853310e+01 1.00780563e+01
 9.55240917e+00 3.85213623e+03 1.43830061e+01 1.02670496e+03
 1.01053886e+01 6.05694618e+01 2.98176975e+01 3.41166573e+01
 9.08534119e+02 3.53679535e+02 1.23002920e+01 5.51172998e+03
 3.52121468e+01 8.54052856e+02 9.60468292e+00 5.07740814e+02
 7.16115784e+02 3.57340851e+01 2.87241249e+01 2.72803162e+02
 5.31753769e+01 9.74664490e+02 4.10217590e+01 5.51570312e+03
 7.21666384e+00 1.42102026e+03 2.40826348e+04 6.87949768e+02
 1.03248523e+03 1.39151453e+03 5.71811340e+02 1.48224678e+01
 3.57582245e+02 1.37830688e+03 2.53464375e+01 1.51581223e+02
 4.50473999e+02 6.17102722e+02 1.16719446e+03 5.21710815e+02
 6.31851501e+02 6.30130243e+00 4.83463074e+02 1.74772705e+03
 1.72635899e+01 1.38015264e+04 3.17016052e+02 1.35521574e+01
 1.76653061e+01 5.93501205e+01 1.04170959e+03 4.05442444e+02
 6.44391418e+02 6.97153397e+01 8.56862915e+02 2.55490918e+03
 2.78181458e+02 3.49881378e+02 9.57495880e+00 5.74486267e+02
 3.58629913e+01 1.39186462e+03 1.48638411e+01 1.11416082e+01
 3.65549408e+02 1.16676292e+01 8.08649292e+02 1.94942760e+01
 5.61347778e+02 6.10173950e+02 7.63093018e+02 1.15773145e+03
 1.17963257e+03 3.84981354e+02 5.40098755e+02 4.48660248e+02
 1.20928917e+02 1.19069405e+01 4.36050415e+00 2.87790967e+03
 7.45375366e+02 5.45741920e+01 2.71548706e+02 3.88136292e+01
 5.07608757e+01 5.84364700e+00 1.61766415e+01 3.41797905e+01
 8.67380333e+00 1.96623218e+03 2.13409405e+01 1.96884802e+03
 2.22247656e+03 2.04042511e+01 5.34156227e+00 3.45489258e+02
 4.07666779e+01 4.61212921e+02 5.40624207e+02 4.48381256e+02
 2.75181065e+01 1.05219841e+02 5.54340458e+00 1.97082081e+01
 6.09351929e+02 3.18019733e+01 4.77752533e+02 2.10634430e+02
 3.34660301e+01 1.68770657e+01 5.34140503e+02 2.38041797e+03
 2.42571777e+03 9.74454498e+00 1.96115898e+04 3.12722229e+02
 5.97791382e+02 3.88975647e+02 3.95299652e+02 8.51288025e+02
 3.18793201e+01 2.14849411e+02 2.06091652e+01 1.14467783e+01
 1.11017294e+01 7.52163208e+02 1.89392017e+03 3.46783791e+01
 3.02254956e+03 5.15503906e+02 6.76209402e+00 3.15667095e+01
 2.37763653e+01 1.71505798e+03 6.85885559e+02 2.47788605e+02
 1.64155117e+04 1.37181553e+04 1.51746426e+01 7.43695923e+02
 1.61067524e+01 1.65804482e+01 2.96091980e+02 2.31611271e+01
 3.69628479e+02 2.40285596e+03 4.65249237e+02 6.77758598e+00
 2.77033577e+01 3.15558839e+00 1.91017297e+03 1.80813580e+01
 3.57424713e+02 4.19015198e+02 3.09553680e+02 4.97714844e+03
 2.78513947e+01 6.90249451e+02 8.25369934e+02 9.31647682e+00
 3.22042755e+02 2.71787207e+03 1.90771790e+01 9.23316040e+01
 3.68022461e+01 5.20963928e+02 4.61140198e+02 1.18553368e+02
 8.54557312e+02 9.64432526e+00 3.47755127e+02 2.33112183e+01
 9.28942078e+02 8.22143936e+00 8.84759949e+02 3.80053558e+02
 2.57476826e+01 3.24512512e+02 7.28846375e+02 3.22590599e+01
 7.41792664e+02 1.70052676e+04 9.08756161e+00 1.28217529e+03
 1.12080126e+01 3.76354919e+02 4.22592804e+02 5.27744751e+02
 3.03741570e+01 1.27775297e+01 5.19179810e+02 3.71622192e+02
 4.67777771e+02 1.01054787e+02 1.23512100e+02 1.40804701e+01
 4.97804880e+00 8.66321754e+00 3.81289917e+02 9.55145081e+02
 2.12700098e+03 4.01370392e+02 8.81588554e+00 4.21886084e+03
 8.00063801e+00 3.32844162e+01 6.88996460e+02 8.10463501e+02
 7.55511328e+03 4.14911768e+03 3.85587883e+01 8.08309814e+02
 2.68496628e+01 1.33711462e+03 1.18871460e+01 5.01194611e+02
 1.23041391e+00 1.09340625e+03 2.74142639e+02 5.45418053e+01
 1.18756819e+01 1.85042932e+03 1.45976670e+04 8.52238846e+00
 5.34313164e+01 1.29458361e+01 1.72636681e+01 3.61885773e+02
 4.27247620e+02 1.12176440e+03 4.94751930e+01 3.27303505e+01
 5.53530090e+02 1.34354525e+01 1.44564621e+02 2.28649463e+03
 1.73952405e+03 2.72699844e+04 2.09773827e+01 1.26792834e+03
 1.99638138e+01 3.64013672e+02 1.12585516e+01 6.73394897e+02
 1.69731921e+03 7.09511719e+02 8.96777630e+00 4.60372276e+01
 1.00835632e+03 1.16719765e+02 7.24613586e+02 2.92203003e+03
 4.97840546e+02 2.15110950e+01 2.34496899e+01 1.29141895e+03
 3.18148291e+03 2.86763120e+00 3.23347217e+03 1.47499409e+01
 6.37734375e+02 1.38115771e+03 8.21010208e+00 5.29004028e+02
 4.08613770e+02 2.27436722e+02 5.05892914e+02 4.47921082e+02
 1.49359646e+01 9.14683342e+00 1.18200119e+02 1.57050276e+01
 8.06174194e+02 2.30787674e+02 6.95184143e+02 4.38037872e+02
 8.24094772e+00 1.32797880e+01 7.78930283e+00 3.74967682e+02
 1.51181665e+03 9.96343613e+00 1.44331531e+03 9.91796094e+03
 1.54253674e+01 3.06034393e+02 6.45260620e+02 2.86696533e+02
 9.40552979e+01 9.61144897e+02 7.19210999e+02 2.44391006e+02
 1.97457202e+03 1.36466141e+02 8.92909058e+02 4.36937347e+02
 1.12644751e+03 4.29126318e+03 2.12921085e+01 9.87660789e+00
 3.85705750e+02 8.79415970e+01 9.67960968e+01 4.21898834e+02
 4.48633759e+02 2.13626060e+01 1.04653027e+03 1.03914085e+02
 8.08746643e+02 1.16417676e+03 2.69264465e+02 3.82544922e+02
 4.49048538e+01 2.96943989e+01 4.11822803e+03 6.73049805e+02
 1.81911259e+01 3.43836641e+04 3.31197815e+02 5.86034912e+02
 1.49050342e+03 2.93016083e+02 3.57157910e+03 1.06408052e+01
 1.50641356e+01 3.09914169e+01 1.88157272e+01 4.37778107e+02
 4.24255524e+02 4.14006396e+03 6.55203369e+02 3.89174347e+02
 2.19895959e+00 1.03250977e+03 1.00823402e+02 2.49984527e+00
 3.15571075e+02 3.23481750e+02 3.01567505e+02 1.77608852e+01
 6.38643438e+04 9.07078308e+02 4.29208374e+02 4.75118370e+01
 1.56188501e+03 1.48365755e+01 3.53679028e+03 5.90467110e+01
 3.86427917e+01 2.54382446e+02 1.18958875e+03 1.16093384e+03
 7.02451859e+01 4.15226021e+01 1.10693502e+01 1.54466663e+03
 4.76454506e+01 8.76910889e+02 2.34398941e+02 1.47122135e+01
 6.98388977e+02 3.58959808e+01 1.31301422e+01 2.99919861e+02
 4.06534729e+02 5.49680664e+03 2.22183441e+02 5.12287842e+02
 2.43536362e+02 4.34138000e+02 1.88398190e+01 3.76690102e+01
 7.46641174e+02 1.90822735e+01 1.58965015e+03 5.30281128e+02
 2.46826191e+01 4.76466644e+02 3.71215118e+02 2.08609766e+03
 5.25650513e+02 3.08902313e+02 7.43118095e+00 6.48268281e+04
 6.25465027e+02 8.46864380e+02 6.86197281e+01 5.78732361e+02
 1.03882618e+01 8.79041382e+02 1.06170631e+02 1.83656273e+01
 2.38328903e+02 3.66091217e+02 4.77087891e+02 1.42705584e+01
 5.48755188e+02 1.64484955e+02 5.37537476e+02 9.02759171e+00
 1.38942585e+01 3.18162280e+03 8.44321167e+02 1.02395868e+03
 5.48043457e+02 1.02824841e+03 6.87907219e+00 9.68586502e+01
 5.94511986e+00 7.48563385e+00 8.52314854e+00 3.39652191e+02
 4.62802826e+02 5.84684521e+03 6.03136047e+02 2.40812016e+01
 4.48442566e+02 4.55412720e+02 1.33302975e+01 7.18201416e+03
 1.55406408e+01 2.48385601e+01 2.35770935e+02 9.82625061e+02
 9.36018372e+00 8.46816589e+02 4.38133965e+01 1.02286787e+01
 1.62757053e+01 3.32307617e+02 1.34744997e+01 9.69470398e+02
 1.83417702e+01 3.25731316e+01 2.45563507e+02 1.12066021e+01
 1.56345453e+01 2.57823486e+01 2.77523010e+02 5.32649536e+01
 7.16969055e+02 1.68688087e+01 2.08089401e+02 2.33256953e+04
 5.37569702e+02 5.59401733e+02 1.26466406e+03 7.71186218e+02
 6.04418449e+01 2.96813293e+02 1.20443579e+03 3.17220642e+02
 3.26143524e+02 2.82401875e+05 2.40841312e+01 8.74026680e+00
 9.57410431e+01 1.34976358e+01 2.08259232e+02 9.47851410e+01
 1.84602528e+01 1.18134985e+01 8.09359932e+00 1.70211544e+01
 8.65486622e+00 8.12468933e+02 9.81363392e+00 1.41039562e+01
 5.02259003e+02 1.53589258e+03 3.81442902e+02 1.47316162e+03
 1.43925720e+03 1.79708730e+04 7.22937298e+00 4.87628754e+02
 1.48155460e+01 4.20742378e+01 6.01418533e+01 1.08177862e+01
 1.65551758e+02 1.99182236e+02 5.73463318e+02 7.06325150e+00
 2.21217747e+01 1.95438586e+03 1.27060471e+01 5.28183960e+02
 5.67958130e+02 4.42929626e+02 9.25425434e+00 3.47953064e+02
 1.12806213e+02 3.34603462e+01 1.62375259e+01 2.19605446e+01
 4.77227142e+02 5.32557739e+02 1.60543671e+01 6.45445166e+03
 9.20461670e+02 1.39843864e+01 4.63563019e+02 2.69141846e+01
 4.95936914e+03 1.06469749e+02 4.06071350e+02 1.20933557e+03
 1.31352940e+01 5.76521118e+02 8.72753601e+02 6.48368263e+00
 2.87185352e+03 2.92928192e+02 9.74272614e+01 3.03024951e+03
 3.17268738e+02 2.98111230e+03 8.98989296e+00 2.57172333e+02
 5.48833504e+01 9.48667114e+02 4.24997284e+02 4.88611816e+02
 3.05365508e+04 2.24858276e+02 1.11596275e+02 9.15227478e+02
 9.63392639e+00 1.17233858e+01 5.22840843e+01 1.50802660e+01
 4.50748413e+02 4.50888977e+02 1.41354895e+01 1.70448647e+01
 6.94420013e+01 1.40747147e+01 6.32173523e+02 2.78050079e+02
 1.54773938e+03 4.26221863e+02 1.07836380e+01 1.66556168e+01
 7.98135071e+01 4.24093201e+02 5.08684601e+02 6.95267868e+01
 5.38949951e+03 8.07240662e+02 8.96331543e+02 1.24702263e+02
 1.15725679e+01 2.17660599e+02 4.06352325e+02 3.21366501e+01
 2.05678491e+03 1.37295020e+03 3.97559418e+02 1.09033899e+01
 9.55797363e+02 5.86501884e+01 4.91265564e+01 9.90089130e+00
 7.31725891e+02 2.85114403e+01 6.36228577e+02 1.68739948e+01
 4.79877594e+02 8.34690380e+00 1.19588733e+03 1.17816727e+02
 2.55056366e+02 8.80452194e+01 6.71097595e+02 3.08627991e+02
 4.29687656e+04 9.43953896e+00 3.04637970e+02 6.14527344e+02
 1.21142130e+01 8.78333855e+00 9.96515274e+00 6.12447144e+02
 8.12308289e+02 1.68652153e+01 2.65108032e+01 5.10821991e+01
 5.58572632e+02 2.85488916e+03 4.21173630e+01 1.54209261e+01
 4.31343498e+01 1.87860199e+02 4.85591431e+02 1.61737766e+01
 4.25156250e+02 4.05497475e+01 3.83171248e+00 3.29293274e+02
 4.32826752e+02 2.19771088e+02 5.77986084e+02 7.61491882e+02
 2.95546967e+02 3.99923950e+02 3.62552002e+03 9.75776245e+02
 1.16490755e+01 4.87991608e+02 6.04687691e+01 1.61895096e+02
 3.23609131e+02 1.39301023e+01 4.54546570e+02 1.06680946e+01
 5.90920227e+02 2.59806442e+01 1.07823725e+01 4.59292773e+03
 2.94457947e+02 6.92058044e+02 5.42301453e+02 1.09877771e+03
 9.32188354e+02 4.33058472e+01 1.71252365e+01 2.08172188e+01
 2.45547653e+02 1.52728662e+01 5.88488342e+02 4.51900330e+02
 2.48510345e+02 2.68835480e+02 1.26598339e+01 1.17246056e+01
 5.96415039e+02 2.60896893e+01 8.70465565e+00 9.36806393e+00
 2.94926880e+02 3.53946228e+02 1.76436865e+03 4.36239502e+02
 2.50946973e+03 8.99899414e+02 7.05119171e+01 6.50899561e+03
 1.55546375e+03 1.64330997e+01 4.45807281e+02 1.86285629e+01
 9.87215027e+02 3.64104614e+01 2.74090519e+01 1.47319656e+02
 3.08616123e+01 3.90001129e+02 4.15495056e+02 3.14503662e+03
 3.55838745e+03 2.50764969e+02 1.31662170e+03 3.91310272e+02
 1.81365076e+03 1.61160046e+03 2.04709094e+03 6.38049561e+02
 1.37282825e+00 1.49563293e+01 5.14282951e+01 8.72379822e+02
 1.09250046e+02 1.12608986e+01 1.17024048e+03 3.46212555e+02
 1.27677173e+03 1.35338623e+03 1.62390833e+03 3.21469025e+02
 5.91803503e+00 1.35066919e+01 1.46220715e+03 1.82885170e+01
 4.21553131e+02 2.30343380e+01 1.14081621e+01 1.09273643e+01
 1.93724804e+01 1.77648869e+01 1.23953149e+03 1.86688232e+01
 3.93002625e+02 1.33626842e+01 1.40962009e+01 1.93427161e+03
 1.17854977e+01 2.62558777e+02 2.51481438e+01 2.96248016e+01
 4.12059113e+02 3.04313995e+02 1.70098984e+02 8.09367981e+02
 6.61129492e+03 9.62403137e+02 8.89601807e+02 1.10077896e+01
 3.36569176e+01 1.33178186e+01 6.55734131e+02 4.25817688e+02
 2.07881851e+01 6.78587036e+02 4.75254541e+03 1.30097246e+01
 3.19793427e+02 2.88396851e+02 1.64038440e+03 1.20396185e+01
 4.20283997e+02 2.81155731e+02 2.66253853e+00 3.91089905e+02
 3.62540314e+02 1.19724133e+03 2.58881531e+02 9.54656860e+02
 4.41835861e+01 4.36703796e+02 1.66062195e+03 1.83594498e+02
 8.43732544e+02 5.30720886e+02 5.28069258e+04 7.50683838e+02
 7.78686584e+02 6.35134131e+03 1.36225989e+03 9.25319386e+00
 9.95841885e+00 5.55566101e+02 3.70803772e+02 2.76556122e+02
 2.63945459e+03 3.35088715e+02 3.01109734e+01 2.78945007e+02
 1.48016052e+01 3.60623047e+02 5.98287256e+03 4.79546295e+02
 3.98893433e+01 4.36413097e+00 3.09670435e+03 9.99458408e+00
 2.55025977e+03 2.53674023e+03 3.94314301e+02 2.58477148e+03
 4.38949585e+02 2.62712616e+02 1.19552051e+03 9.48404160e+01
 5.56099739e+01 2.25181904e+01 1.07185183e+01 5.37763786e+00
 7.45973892e+01 2.58292206e+02 1.62819775e+03 9.36113167e+00
 1.84131126e+01 6.28177834e+01 3.77873718e+02 7.54976562e+03
 1.95818958e+01 8.88769817e+00 2.87002075e+02 1.67300072e+01
 2.12200756e+01 7.93904924e+00 4.08820496e+02 6.89780823e+02
 2.95523102e+02 1.11535974e+03 5.94495422e+02 1.57142224e+03
 3.86310158e+01 7.49872852e+03 8.95321884e+01 1.73251282e+02
 5.22517871e+03 1.00977032e+03 8.08091650e+03 2.94423401e+02
 4.55228882e+02 8.03703369e+02 1.05017490e+01 1.84563122e+01
 5.70741005e+01 5.62186218e+02 6.87497406e+01 2.03256664e+01
 6.78446533e+03 3.90050873e+02 7.83576538e+02 6.81439087e+02
 4.59033112e+02 1.25455284e+01 1.19201927e+01 7.73281982e+02
 3.70713654e+02 3.15337963e+01 1.34476805e+01 7.30255432e+02
 3.16660815e+03 5.31374268e+02 4.21706390e+02 1.05836511e+03
 3.51739349e+02 2.56491776e+01 2.50763245e+02 2.90256165e+02
 7.90187134e+02 3.37974579e+02 2.93038025e+01 4.84548004e+02
 1.55466528e+01 1.35125570e+01 2.86758728e+02 1.56543286e+03
 1.47907852e+02 5.82339191e+00 5.26794739e+02 4.50496338e+02
 1.05353212e+01 1.25411806e+01 5.70270691e+02 2.12680191e+02
 1.22724018e+01 3.90862610e+02 2.30776558e+01 3.42074394e+01
 7.61067322e+02 1.33591309e+01 3.51183899e+02 7.92298096e+02
 4.77229195e+01 3.49021973e+02 1.94748516e+01 2.44355607e+00
 3.06587671e+03 4.43961090e+02 3.84872070e+02 4.28067535e+02
 6.36584854e+00 4.55550873e+02 5.93219662e+00 7.20695679e+02
 3.58944275e+02 2.10633202e+01 5.85427612e+02 8.81746460e+02
 3.96496948e+02 9.81623840e+00 1.63129138e+03 3.06929817e+01
 3.86966370e+02 1.48454237e+01 8.74583435e+00 6.11157837e+02
 3.50358154e+02 1.84703018e+02 1.00147142e+01 4.14802612e+02
 2.30963306e+01 1.75386328e+04 3.46190033e+01 5.61788452e+02
 3.34569458e+02 2.07281601e+02 1.83171936e+03 3.52333008e+04
 4.63323097e+01 6.50697266e+02 3.35695312e+02 1.11168447e+04
 1.88192196e+01 1.94354515e+01 9.91672974e+01 3.80186951e+02
 1.58469610e+01 2.00232048e+01 5.45918823e+02 1.25143715e+02
 2.03931750e+03 3.13817215e+01 1.21082080e+03 9.59250183e+02
 2.17800110e+02 1.17643640e+03 5.06861908e+02 4.64699036e+02
 5.01500031e+02 2.44195404e+01 4.81252136e+02 4.61191376e+02
 1.08156240e+04 1.92019138e+01 1.80638257e+03 9.20967293e+00
 1.75510898e+04 2.08481336e+00 2.25758820e+01 5.52837969e+04
 2.21666595e+02 1.02930334e+03 1.21460419e+01 2.63359070e+02
 1.25216324e+02 2.30765808e+02 1.13322668e+03 9.61138687e+01
 7.25549698e+00 1.99505100e+01 3.22024023e+03 7.99414215e+01
 3.15476410e+02 1.04692936e+01 7.84293079e+00 7.29104004e+02]
1678.0673
282401.88
