[1.15272705e+03 7.91668701e+01 4.22472115e+01 2.23085907e+02
 1.68240247e+03 3.41873199e+02 2.85764404e+02 5.04473358e+02
 2.17722070e+03 5.97582153e+02 4.94614563e+02 3.19200623e+02
 1.75683545e+03 1.87714294e+02 9.64701309e+01 1.97270828e+02
 7.06145459e+03 8.65231323e+01 1.62682874e+03 4.41786963e+03
 4.94120178e+02 1.06726540e+02 1.27301977e+05 5.38234863e+02
 3.08527946e+01 3.50343066e+03 6.81750586e+03 3.47142334e+02
 7.19756470e+02 1.19473236e+02 4.49166473e+02 2.09866165e+02
 5.22659729e+02 2.04307358e+02 1.74139990e+03 2.70489838e+02
 5.40144958e+02 2.13685318e+02 7.04948730e+02 2.11010254e+02
 1.46712570e+02 2.48474658e+03 4.16247253e+02 7.00998901e+02
 6.49502075e+02 4.37061920e+02 7.27702484e+01 2.24093079e+02
 4.18002045e+02 2.04165063e+03 8.01231537e+01 2.87312225e+02
 3.04100475e+01 2.75262451e+03 9.69078522e+01 9.45409775e+01
 5.96149963e+02 5.55526245e+02 8.09966003e+02 4.10648132e+02
 2.26182715e+03 3.98645660e+02 5.21128540e+02 2.10814117e+02
 2.11427933e+02 7.67523254e+02 5.27803993e+01 1.24665039e+02
 7.74398560e+02 3.43362396e+02 8.57902298e+01 4.16237122e+02
 3.02447510e+02 1.72133347e+02 1.82027817e+02 3.14973907e+02
 1.34605591e+02 4.56431305e+02 6.64109573e+01 7.90497437e+02
 4.76529205e+02 1.94662918e+02 2.10773983e+01 6.99323730e+01
 5.65737671e+02 4.92886448e+00 1.14813141e+02 2.34897202e+02
 1.07007495e+03 4.95216034e+02 4.16521027e+02 7.23882202e+02
 2.90913754e+01 4.49081116e+02 5.87686084e+03 2.61453400e+02
 2.46345566e+02 5.61194031e+02 7.93902649e+02 3.89416580e+01
 1.49220062e+02 4.99069061e+02 3.46660461e+02 2.24141602e+02
 6.47323608e+02 3.58609039e+02 8.83574371e+01 4.41031860e+02
 1.85550430e+02 1.43553696e+02 2.10356979e+02 2.74780347e+03
 7.33987732e+01 7.65106201e+01 3.32975739e+02 4.12281677e+02
 3.41109344e+02 5.30709473e+02 3.51725800e+02 2.12826252e+01
 8.76936646e+02 7.92797241e+02 3.21531639e+01 9.44966980e+02
 7.43874664e+01 9.28833847e+01 2.43985428e+02 2.54711441e+02
 6.52242798e+02 4.06561829e+02 4.25193573e+02 1.03458061e+02
 1.28831100e+02 6.72270508e+01 1.30381012e+02 3.00447205e+02
 2.69477509e+02 2.60195522e+01 6.74903625e+02 3.44313660e+02
 5.21536682e+02 3.49279449e+02 1.04430702e+02 1.53851410e+02
 1.92966052e+03 1.50364471e+02 1.35348495e+02 8.37153870e+02
 2.19722168e+02 7.21508911e+02 1.84324417e+02 3.41360260e+02
 9.45864182e+01 2.70428101e+02 1.24074516e+02 7.09422241e+02
 7.29644089e+01 2.63820581e+03 9.14398575e+01 2.40142139e+03
 4.62928857e+03 2.42304581e+02 1.69489578e+02 7.61813812e+01
 2.11457336e+02 2.98418457e+02 1.22122108e+02 3.19386658e+02
 4.44967621e+02 3.92187119e+01 5.32437897e+01 1.13280106e+02
 2.62116669e+02 3.50741272e+02 2.14994293e+02 2.57576813e+02
 1.06766833e+03 2.76933960e+02 2.21644287e+02 5.13898975e+03
 6.12032288e+02 2.23275543e+02 8.74888379e+03 3.58918213e+02
 1.32194077e+02 3.32717804e+02 9.27552261e+01 3.24315491e+01
 6.26908875e+02 4.24014038e+02 4.30219727e+02 7.88022308e+01
 1.27852455e+02 5.71737671e+02 1.07085781e+04 1.97175751e+02
 1.65559497e+03 1.02030678e+02 6.47864380e+01 4.71937042e+02
 1.75112564e+02 1.26870764e+03 4.86561813e+01 9.24794159e+01
 3.07797021e+03 5.48847998e+03 9.69749985e+01 1.00440788e+02
 1.39796051e+02 3.66178192e+02 5.12280846e+00 2.49338669e+02
 2.22246490e+02 2.92608215e+02 6.23490662e+02 2.01339890e+02
 5.62433044e+02 5.56095238e+01 6.33440735e+02 3.76820221e+02
 2.01322220e+02 8.43004608e+01 9.49796524e+01 9.70378784e+02
 1.62998138e+02 1.47452850e+02 4.92091461e+02 1.75841873e+02
 4.11941895e+02 2.13044751e+03 1.87840240e+02 1.07904922e+02
 2.23747498e+02 4.25832214e+01 7.77209854e+01 5.97017273e+02
 2.80689240e+02 7.08943307e-01 1.24889183e+02 8.82155151e+01
 1.16094592e+03 3.51696053e+01 1.15881494e+03 4.93909424e+02
 3.75002716e+02 5.08428125e+03 1.84174820e+02 5.06621948e+02
 1.95080078e+02 4.23140283e+03 4.26930542e+01 6.14459381e+01
 2.79240662e+02 2.92171967e+02 3.07055084e+02 1.00126106e+02
 2.49930786e+02 1.71421616e+02 5.24475220e+02 6.39157654e+02
 4.64958398e+03 7.05851379e+02 8.74427429e+02 8.78376846e+01
 2.13837376e+01 3.52363403e+02 2.00903946e+02 4.65381805e+02
 5.14832092e+02 4.84679688e+02 6.76816406e+01 7.01014990e+03
 2.23550873e+02 8.18759079e+01 9.05036621e+02 1.62630096e+02
 1.75627625e+03 1.49869446e+03 1.50672882e+02 6.39008838e+03
 2.08757675e+02 1.91604419e+03 8.14352646e+01 1.78411377e+02
 1.19744560e+02 1.88108109e+02 3.46779175e+02 3.68374420e+02
 6.75360107e+01 4.80868164e+02 5.45379102e+03 1.41657054e+00
 2.15848557e+02 3.04583557e+02 3.83014160e+02 9.55145416e+01
 3.77542511e+02 7.62071350e+02 6.73644775e+02 3.06420536e+01
 5.90627869e+02 1.22813896e+02 5.50856812e+02 3.36592712e+02
 7.36924866e+02 1.34058486e+04 3.13958588e+02 1.72966040e+03
 2.41097046e+02 7.94779892e+01 2.14932968e+02 4.03236328e+02
 2.21337158e+03 8.13527603e+01 2.30013618e+01 1.19409119e+03
 2.00758301e+02 1.42961951e+03 2.56726898e+02 1.34428894e+03
 1.14731255e+02 2.84692810e+02 8.05261841e+02 6.02321960e+02
 1.10770728e+03 2.35667786e+02 8.42536621e+02 1.05921822e+02
 2.20793915e+02 8.00162964e+02 8.04271393e+01 2.59670441e+02
 1.19109338e+03 1.24196129e+02 2.72885956e+02 5.28965088e+02
 8.53892288e+01 8.24725800e+01 1.33552185e+03 1.70915573e+02
 1.39291321e+02 1.86389404e+02 7.42639542e+00 6.58317947e+01
 3.76004639e+02 1.51272879e+01 1.24216911e+02 4.15313530e+01
 1.15851440e+03 8.08302994e+01 9.00620789e+02 3.62626440e+03
 2.83015614e+01 6.01276817e+01 1.17888382e+02 4.04079163e+02
 5.26745789e+02 4.72227966e+02 3.27236389e+02 3.35098969e+02
 7.38428223e+02 9.31141785e+02 3.66117163e+03 1.56272629e+02
 4.32203711e+03 4.71856152e+03 1.89207794e+02 2.50658951e+02
 3.76637427e+03 3.10222046e+02 1.53306909e+03 4.92627686e+02
 8.56283008e+03 1.10719887e+02 1.35311020e+02 1.11914514e+03
 3.75896997e+03 1.18217139e+03 2.09396759e+02 1.02560730e+02
 5.56662170e+02 6.10333138e+01 1.16671943e+04 1.22956802e+02
 1.46258789e+02 2.19305737e+03 3.34402466e+02 1.03281909e+03
 5.28502563e+02 8.43033409e+00 6.45620972e+02 2.80896271e+02
 1.68506516e+02 4.94260193e+02 1.62931335e+02 5.71667664e+02
 8.64971542e+01 1.78425766e+02 1.40275330e+02 2.40668213e+03
 1.20866745e+02 1.19358386e+03 6.53993607e+01 1.67454865e+02
 3.84085144e+02 4.37351929e+02 6.75303574e+01 1.46901169e+02
 1.65956781e+05 5.95019287e+02 1.07164528e+02 1.10665283e+03
 5.62280884e+02 2.85203308e+02 1.71592786e+03 5.71841736e+02
 6.36125870e+01 4.37656517e+01 5.58254761e+02 3.61862549e+02
 2.48828918e+02 9.20884323e+01 1.29665451e+02 2.81274902e+02
 2.85457642e+02 1.88495728e+02 1.49461738e+04 1.69251442e+01
 8.55661743e+02 8.51596680e+02 3.54510254e+02 4.09587158e+02
 2.84900299e+02 1.35299072e+03 1.99967403e+01 2.42780399e+01
 8.57966080e+01 4.39866821e+02 2.15646973e+02 7.58893005e+02
 6.33726807e+02 1.17941345e+03 7.01142639e+02 6.55739075e+02
 9.95956879e+01 1.80897232e+02 8.93557587e+01 7.31727783e+02
 4.64052399e+02 1.16984875e+03 2.77872955e+02 2.49923809e+04
 2.44311539e+02 4.59548431e+02 5.83950134e+02 1.00624504e+02
 1.86223495e+02 4.77460571e+02 1.53425354e+03 2.67240387e+02
 1.06753189e+02 1.05000580e+02 1.65144978e+01 2.85289093e+02
 5.31753357e+02 1.89045410e+02 3.24184448e+02 5.93654900e+01
 9.32774811e+01 3.89314355e+03 4.59513885e+02 2.16688400e+02
 4.09414734e+02 4.99335144e+02 1.91366379e+02 1.81777795e+03
 2.63294201e+01 2.01959702e+02 8.12141724e+01 3.07204529e+02
 1.63637131e+02 9.45444031e+02 2.67184174e+02 1.52716492e+02
 1.11500618e+02 1.34336487e+02 3.80849274e+02 3.08127051e+03
 3.65490326e+02 4.20244934e+02 7.73331833e+01 4.09152222e+01
 2.89650784e+01 1.42461304e+03 1.36347180e+03 2.25230198e+01
 3.57083313e+02 8.50267773e+03 7.70741501e+01 4.94239319e+02
 2.39455811e+02 3.73405334e+02 2.97568634e+02 9.33148956e+01
 3.25922470e+01 1.40994116e+03 5.31928139e+01 5.73512634e+02
 7.17977966e+02 4.07788361e+02 8.86131210e+01 4.13019989e+02
 2.61736542e+02 2.99070740e+02 2.68108551e+02 9.84166321e+02
 1.21872559e+03 9.32790375e+01 5.05048737e+02 4.12327454e+02
 1.15287582e+02 4.35281738e+03 4.01545441e+02 2.89369831e+01
 6.57528198e+02 1.13400002e+02 4.97689095e+01 4.14154236e+02
 3.80986404e+00 8.57082443e+01 1.70949875e+02 5.16970520e+01
 3.24496155e+02 1.19216568e+02 2.05805374e+02 1.27517326e+02
 6.70385498e+02 1.36100732e+03 2.11774338e+02 4.41729004e+02
 6.05702820e+02 7.47933203e+03 2.27043400e+01 1.22743805e+02
 1.22973755e+02 3.77648224e+02 1.62620996e+03 2.01003036e+02
 8.40685730e+02 2.26788406e+02 3.21689941e+02 1.92405899e+02
 5.57545654e+02 2.73006689e+03 6.48868027e+01 6.20884888e+02
 2.57822021e+02 3.06625000e+02 1.70068604e+02 9.00358398e+02
 3.72655487e+02 1.04837212e+02 1.08295685e+02 1.09705513e+02
 1.51860413e+02 1.31594223e+02 2.19672760e+02 8.06688916e+03
 3.71534637e+02 3.26857414e+01 2.65471313e+03 6.59936462e+02
 1.02199915e+03 2.60076538e+03 1.07788708e+03 1.25624341e+03
 9.23151321e+01 4.68357147e+02 1.85023840e+03 1.95876495e+02
 1.12870276e+03 8.06298218e+01 1.61860400e+03 6.44208008e+02
 8.74055710e+01 4.03131812e+03 4.90729904e+01 3.52836670e+02
 1.16540535e+02 3.69456879e+02 1.52941028e+03 4.26587006e+02
 9.53363190e+01 1.38956436e+02 7.25207275e+02 1.75636887e+02
 2.60396271e+02 3.56082764e+02 7.65308899e+02 7.40555573e+01
 3.80159253e+03 5.77867798e+02 1.43453140e+02 2.42691483e+02
 3.56107239e+02 2.92286621e+02 1.32815704e+02 9.20112762e+01
 5.87731506e+02 6.18275879e+02 6.25241051e+01 1.15110306e+02
 1.72863660e+03 1.62763962e+02 4.45715729e+02 1.45299927e+02
 1.94652771e+03 1.07540466e+03 1.11229529e+03 8.65322266e+02
 2.31956615e+01 2.76558075e+02 4.27878174e+02 4.29307175e+01
 3.62621399e+02 7.75123779e+02 1.33001881e+01 3.70691376e+01
 3.46292542e+02 4.07869110e+02 6.24556030e+02 6.93599243e+01
 3.32057404e+02 1.87382690e+02 7.16170044e+01 3.42021210e+02
 2.91899994e+02 2.04958710e+02 3.04764648e+02 1.50680017e+03
 3.47672211e+02 2.20162796e+02 1.16530334e+02 8.05982666e+01
 5.25776953e+04 7.43977127e+01 1.09814705e+02 7.80597900e+02
 6.69778748e+01 4.58543488e+02 6.21892967e+01 3.94521881e+02
 1.49420837e+02 4.73256912e+01 3.63049530e+02 3.29488708e+02
 2.37675873e+02 1.81508228e+03 4.24185242e+02 5.99726448e+01
 1.24023537e+02 1.08357764e+03 2.09389236e+02 1.00755486e+02
 1.94072083e+02 1.21414810e+02 2.52326981e+02 1.08959488e+02
 7.82965775e+01 1.18617981e+03 2.66792456e+03 3.07357910e+02
 2.09844666e+02 2.51932800e+02 3.92341217e+02 1.31180811e+03
 3.07326752e+02 1.29285681e+03 3.60982452e+02 1.77753613e+03
 2.30332108e+02 1.70172867e+02 2.44835175e+02 2.21308136e+02
 6.48268799e+02 1.00870575e+02 7.07918625e+01 2.36536890e+03
 9.71192322e+01 5.02052259e+00 8.21256180e+01 5.86640320e+02
 7.29802551e+02 3.57630768e+02 1.50836096e+01 3.89256958e+02
 5.84139551e+03 2.93275970e+02 1.62733643e+02 2.85990112e+02
 2.93655640e+02 7.48776398e+01 2.15295532e+02 4.43014145e+01
 1.15904449e+02 1.33954071e+02 8.30461578e+01 4.42545815e+01
 4.05438293e+02 1.75624619e+02 1.22179517e+03 3.03057007e+02
 1.30079504e+03 9.28754883e+02 7.61344910e+02 3.04209741e+03
 8.98048767e+02 1.52242947e+01 8.90127029e+01 3.92293213e+02
 1.73073242e+02 1.11976143e+02 2.01026062e+02 1.35866687e+03
 1.81766785e+02 7.46437149e+01 5.35828979e+02 4.23565625e+03
 1.06601585e+02 3.50142853e+02 7.86851379e+02 2.20691040e+02
 6.75359436e+02 2.23597632e+03 7.75676819e+02 1.28029388e+02
 6.10188255e+01 2.89743988e+02 9.95826660e+02 6.92997803e+02
 1.82014624e+03 2.23470123e+02 5.93529846e+02 7.31527939e+01
 1.74001221e+02 4.87433746e+02 1.08615166e+04 4.18416199e+02
 2.17784531e+02 7.52131424e+01 5.35575537e+03 4.39579315e+02
 4.10524231e+02 1.73893066e+02 7.06287079e+01 1.02182732e+02
 7.92132416e+01 1.17008430e+02 4.73135352e+03 3.27658691e+01
 4.70512238e+02 1.67570801e+02 3.06848389e+02 1.03608862e+03
 2.51581284e+02 2.96849957e+01 2.56160797e+02 4.15472931e+02
 4.49200287e+02 6.63559341e+01 7.24396301e+02 5.45445862e+02
 2.61603589e+03 3.68871033e+02 3.80836639e+01 2.66950592e+02
 1.75238419e+01 1.12803535e+02 3.73226593e+02 8.84893131e+00
 1.00280220e+02 3.55339508e+02 6.09636353e+02 2.06578781e+02
 3.05624969e+02 3.96020782e+02 1.81438293e+03 3.77424698e+01
 1.14379128e+02 8.44259180e+03 1.68789398e+02 5.17813904e+02
 1.93923438e+00 7.41540298e+01 3.04673401e+02 5.29603943e+02
 1.05038928e+03 2.97767578e+02 1.58361487e+03 9.99011414e+02
 1.03028491e+03 7.39187073e+02 8.91147339e+02 3.60686249e+02
 4.36180298e+02 3.20380096e+02 1.69076706e+02 7.61051254e+01
 7.38072510e+01 5.88857812e+03 2.87981903e+02 1.10866016e+03
 1.62861707e+03 1.11494942e+02 8.46249084e+02 2.24842651e+02
 8.35547943e+01 9.84608612e+01 2.52963965e+03 2.46424585e+03
 3.22832031e+02 2.95549988e+02 3.92469775e+03 1.01496902e+02
 1.00641608e+03 2.46559277e+03 5.66316462e+00 1.02650049e+03
 7.77757797e+01 8.69932480e+01 9.46853455e+02 8.50855042e+02
 2.19950058e+02 1.66043060e+02 2.74582825e+02 1.81569489e+02
 5.83363281e+02 2.02904587e+02 4.19824280e+02 1.19992004e+02
 9.61878738e+01 1.72643665e+03 4.09404999e+02 8.09696191e+03
 1.28268921e+02 8.63797379e+01 3.84636841e+02 8.16917801e+00
 2.58880981e+02 4.88713074e+01 4.57411194e+02 9.55502777e+01
 1.21635834e+02 3.30969116e+02 3.06786835e+02 2.28906296e+02
 3.63027222e+02 2.55844385e+03 5.72980896e+02 1.99237015e+02
 2.85453198e+03 5.02411438e+02 3.82119458e+03 3.46492065e+02
 2.23022873e+02 8.44188049e+02 3.55413628e+01 3.53274879e+01
 8.68575867e+02 1.02798828e+02 1.32440198e+03 1.49159546e+02
 1.18898547e+03 7.58940811e+01 1.36298752e+02 3.62278107e+02
 1.05388847e+02 2.23760025e+02 1.58702484e+02 3.74815735e+02
 5.84017677e+01 5.24669617e+02 1.14411499e+02 1.98237869e+02
 1.47161609e+03 9.26352081e+01 4.38068213e+03 6.79597351e+02
 7.86654102e+03 3.57226746e+02 3.57800049e+02 3.12183563e+02
 4.27232788e+02 9.40742722e+01 2.32103043e+01 9.63032227e+01
 7.29245377e+01 6.48698349e+01 2.42890869e+03 2.51090161e+03
 2.03012512e+03 2.36063339e+02 7.96771622e+01 3.81523132e+02
 3.92208710e+01 7.26324844e+01 2.93369598e+01 2.04352234e+03
 1.99107529e+02 3.19064312e+01 2.30330200e+02 2.45232697e+02
 2.58449554e+02 9.91841583e+01 1.41445923e+03 2.10930679e+02
 1.25503699e+03 4.78604095e+02 2.72999298e+02 3.71051102e+01
 2.14039429e+03 3.82915588e+02 4.31570618e+02 2.96801605e+02
 5.82911987e+01 4.39509308e+02 7.78555832e+01 4.42585840e+03
 2.87346588e+02 1.69569031e+02 3.73811371e+02 3.97323029e+02
 7.99830933e+01 2.22070332e+01 3.48111725e+02 4.57578918e+02
 8.95616608e+01 2.99663116e+02 2.55474701e+02 5.32097900e+02
 4.35621277e+02 2.50080933e+02 5.59538841e+01 1.08554955e+02
 4.29946747e+02 5.31227905e+02 1.53601875e+04 1.21318718e+02
 1.56259293e+02 8.89787216e+01 3.63155548e+02 3.88192773e+04
 3.48409515e+02 1.32097913e+03 4.71246719e+00 4.88250098e+03
 1.38460785e+02 1.73826416e+02 6.21324951e+02 6.61148911e+01
 7.52827530e+01 1.37511627e+02 1.56571228e+02 1.23666357e+03
 1.34763599e+03 6.01277828e+00 5.90817261e+02 8.43805359e+02
 2.50916479e+03 2.12753491e+03 1.77197983e+02 1.52392914e+02
 1.11023857e+02 1.26916466e+02 1.05756866e+02 3.04445251e+02
 7.05638818e+03 3.21188873e+02 2.91279541e+02 4.98815842e+01
 1.28809174e+02 3.38820114e+01 6.96699829e+01 2.23295957e+04
 3.15741760e+02 1.87543961e+02 1.85701847e+01 7.67073059e+02
 7.90325317e+02 3.44399292e+02 4.06159149e+02 1.86840637e+03
 5.32854309e+01 2.35255524e+02 1.80713489e+03 4.95419220e+02
 2.70465565e+01 2.26996365e+01 2.77408047e+01 3.64969940e+02]
1179.6902
165956.78
