[1.40773623e+04 4.43236182e+03 2.58125586e+03 2.94251245e+03
 8.33392578e+03 2.25404492e+03 2.12640656e+02 1.46542051e+04
 4.99040967e+03 4.48510352e+03 2.11788159e+03 1.03623066e+04
 1.70933105e+04 3.38671167e+03 5.98781311e+02 5.25644287e+02
 7.64713428e+03 3.01601831e+03 2.23270703e+04 7.28135078e+04
 9.43343457e+03 1.99855774e+03 3.15200281e+05 3.69281677e+02
 2.77283911e+03 1.37450088e+04 1.97732828e+05 3.79186499e+03
 1.67958691e+03 3.61817596e+02 1.20588154e+04 5.64671250e+04
 2.87338623e+02 7.71889893e+02 1.10827051e+04 1.75256531e+03
 5.91513135e+03 4.27125879e+03 3.52895581e+03 5.28663158e+00
 2.00818828e+04 1.13661436e+04 1.49377861e+04 1.45765039e+04
 5.99701172e+02 3.57819873e+03 1.30803015e+03 4.10674365e+03
 2.16123306e+02 3.36923477e+04 4.17382935e+02 1.48976978e+03
 9.58803772e+02 1.12946930e+05 2.45474243e+03 9.55586487e+02
 6.27892773e+03 3.52043828e+04 1.01918365e+03 1.89472131e+03
 9.27470410e+03 1.42640635e+04 2.49324194e+03 1.30331006e+03
 8.88475586e+02 8.82592773e+03 5.89144531e+02 8.07045776e+02
 4.52363434e+02 2.69687852e+04 2.54638525e+03 1.33752563e+03
 2.64265845e+03 3.28803467e+03 3.07600757e+03 7.04240674e+03
 4.05685498e+03 8.02374902e+03 2.48120087e+02 8.05519922e+04
 1.65185901e+03 1.03570605e+04 6.73703186e+02 2.02071033e+03
 8.21051367e+03 1.49722034e+03 1.41635364e+03 1.06394482e+04
 7.80353369e+03 8.50225195e+03 8.67317017e+02 7.49112646e+03
 1.16268555e+02 7.01264404e+03 2.18242797e+05 2.00907080e+03
 1.93483667e+03 2.14996606e+03 1.03151465e+04 7.86151672e+02
 2.88758643e+03 2.89263623e+03 2.01735156e+03 2.40157227e+03
 3.72855664e+03 3.30093896e+03 2.07017065e+03 5.51297021e+03
 9.92542297e+02 1.91441772e+02 4.41569434e+03 7.90474463e+03
 8.44722754e+03 4.59980499e+02 6.78973291e+03 1.86134314e+03
 2.14206738e+03 4.71987109e+03 1.11176481e+01 4.02974182e+02
 2.52575039e+04 1.10764023e+04 2.17442734e+04 4.72514141e+04
 5.65503320e+03 8.77295227e+02 6.53016541e+02 1.30209485e+03
 8.55484375e+02 4.74563867e+03 1.72282007e+03 2.51252661e+03
 2.83161224e+02 1.37724182e+03 9.94054883e+03 1.70575415e+03
 5.41575684e+03 2.28391785e+02 3.28699921e+02 1.17649463e+03
 2.75236738e+04 3.00472974e+03 1.35990186e+04 6.75566504e+03
 8.82110645e+03 1.40927429e+02 4.61069153e+02 1.30780518e+04
 1.86076733e+03 2.13959131e+03 2.38257129e+03 2.20610449e+03
 3.29074268e+03 7.46290649e+02 2.90450342e+03 2.72582245e+02
 1.23997083e+03 4.91845352e+04 5.20958984e+02 4.00294062e+04
 2.79585039e+04 3.57353760e+03 9.61745930e+00 5.65805603e+02
 1.15020410e+04 9.74992615e+02 1.85937097e+03 3.65653052e+03
 1.60258716e+03 8.41359668e+03 2.17261353e+01 1.36255859e+03
 9.00538269e+02 6.36906738e+03 5.50092983e+00 5.28244971e+03
 5.87545898e+03 7.75279834e+03 1.99579089e+03 2.95592539e+04
 6.16421582e+03 6.37803726e+01 2.12727281e+05 6.12947900e+03
 1.74683569e+03 1.33024121e+03 1.13596107e+02 2.70747290e+03
 1.57789734e+03 6.67614307e+03 1.07346655e+03 2.94591602e+03
 3.41864355e+03 1.55445496e+03 7.04044609e+04 1.92429614e+03
 2.05783223e+04 1.78562964e+03 1.00468140e+02 3.97885895e+02
 2.76167145e+02 7.13194922e+03 1.03505752e+04 1.94843762e+03
 6.35896387e+03 1.51630797e+05 3.21002808e+02 4.22776465e+03
 1.82424390e+03 1.02622688e+02 6.73363113e+01 6.16631055e+03
 5.70802856e+02 5.04989941e+03 4.02834033e+03 3.56051855e+03
 3.54821387e+03 2.33271655e+03 6.66275684e+03 4.82638721e+03
 1.53075464e+03 5.65984033e+03 2.30080859e+03 7.02307109e+04
 7.58479199e+03 5.84791699e+03 4.78547314e+03 1.21161392e+02
 6.43141406e+03 4.82329766e+04 5.97057983e+02 1.24798865e+03
 5.51994775e+03 8.04825745e+01 7.68909851e+02 1.62473105e+04
 4.33571924e+03 2.63961578e+02 1.37194666e+03 2.27070496e+02
 1.39963291e+04 3.45873688e+02 3.85617695e+04 9.27433899e+02
 6.71555176e+02 2.01452673e+03 8.17531616e+02 1.18254272e+03
 3.89231372e+03 3.64414062e+03 1.23020667e+03 1.18500342e+04
 9.26535522e+02 5.38058434e+01 3.74655952e+01 1.31302588e+03
 1.46984961e+03 3.74268506e+03 1.19215283e+03 1.95005936e+02
 1.06555648e+05 1.34769072e+04 2.76888730e+04 2.85074066e+02
 3.64270515e+01 7.84171143e+02 3.75913770e+03 1.07375610e+03
 8.63058398e+03 4.05244971e+03 3.96357880e+02 7.06433125e+04
 2.28600732e+03 2.48930542e+03 1.12459312e+02 2.46284155e+03
 2.25194355e+04 3.42929102e+04 5.66427148e+03 2.29008438e+04
 5.05284766e+03 1.81891582e+04 4.24327423e+02 6.04914124e+02
 1.91835449e+02 6.39562500e+03 9.14668396e+02 9.90977441e+03
 1.96333496e+03 4.49695068e+03 3.64609258e+04 3.06687378e+02
 4.67613867e+03 1.75347241e+03 2.12615005e+02 2.07996143e+03
 1.42669815e+02 8.59168152e+02 3.03583813e+03 6.31016808e+01
 8.25998718e+02 2.73795776e+02 6.72801904e+03 2.09460625e+04
 6.41103882e+02 4.18408281e+04 2.60932324e+03 4.07458960e+03
 1.45881775e+02 5.49325928e+03 4.05782043e+02 8.21177832e+03
 1.39818027e+04 1.32651331e+03 4.12608185e+02 1.08818311e+04
 6.23388574e+03 5.96994287e+03 2.61444648e+04 8.11189746e+03
 2.31727344e+03 8.26434473e+03 2.28093323e+02 8.10128076e+03
 9.03415039e+02 3.13652710e+03 2.52484902e+04 4.74862335e+02
 7.41589209e+03 8.68474219e+03 6.28954849e+01 1.92298691e+02
 1.93712244e+03 4.84283691e+03 1.77150745e+03 1.07422373e+04
 8.80450806e+02 1.21019165e+03 3.21152656e+04 1.76272095e+03
 1.00719101e+02 5.96015771e+03 5.54908496e+03 1.43491431e+03
 7.22324097e+02 3.04722290e+03 1.66195999e+02 2.09233457e+04
 3.29135425e+03 7.16926392e+02 1.91683145e+04 1.02258760e+04
 1.83532104e+03 7.92285742e+03 2.47483984e+03 7.99161572e+03
 3.63770273e+04 2.32395098e+04 3.09588794e+03 1.16093389e+04
 9.65623828e+04 9.30051880e+02 7.45929260e+02 2.70500977e+03
 1.35952266e+05 6.33458945e+04 5.80521729e+02 3.41957428e+02
 1.09032031e+04 8.38947693e+02 3.68746338e+03 1.31941396e+04
 2.79009750e+05 3.65425439e+03 3.72981616e+03 2.95562183e+03
 5.48359297e+04 2.70612832e+04 1.00608253e+02 1.33420691e+03
 2.72348535e+03 3.75443477e+04 2.58713652e+04 1.43728775e+02
 1.92689551e+03 2.85845410e+03 1.94047440e+02 1.46374426e+03
 1.24725947e+04 6.00432190e+02 9.59542188e+03 1.25324304e+03
 1.43912585e+03 2.41169409e+03 2.96261279e+03 5.08821445e+04
 4.71217575e+01 2.42452969e+04 8.30628809e+03 3.50858125e+04
 4.24548248e+02 4.39567432e+03 2.00363452e+03 3.61199379e+01
 1.43003021e+02 8.03915820e+03 2.05824402e+02 4.50420776e+02
 5.05892469e+05 7.37850391e+03 5.86094629e+03 9.05759961e+03
 1.73739473e+04 1.93792770e+02 4.85080615e+03 6.13054150e+03
 1.69467832e+04 7.13293604e+03 5.00420215e+03 4.30145654e+03
 5.90481055e+03 3.36157806e+02 7.47966858e+02 7.68830957e+03
 2.61988867e+03 1.44498462e+03 1.98848867e+04 2.02157471e+02
 2.00838086e+04 2.17667456e+03 1.86903687e+03 4.78243506e+03
 2.94856006e+03 1.05752222e+03 3.32054108e+02 5.98584106e+02
 1.47825818e+03 4.07292065e+03 2.99506421e+03 8.62351270e+03
 5.55151758e+03 4.37606055e+03 7.56789795e+02 3.63811792e+03
 1.88722809e+02 1.33101501e+03 2.97852441e+03 4.25595898e+03
 1.19191821e+03 1.39246570e+03 5.53964355e+02 3.78437250e+05
 4.38608742e+01 8.08003906e+03 9.56584082e+03 2.16661667e+02
 2.29125854e+03 6.65474463e+03 2.48976416e+03 3.62674957e+02
 5.17744141e+03 4.20317090e+03 2.37314917e+03 1.11663795e+02
 9.99278613e+03 7.80110840e+02 8.44488464e+02 1.01620361e+03
 6.67585156e+03 2.68258184e+04 1.04535508e+04 7.19197070e+03
 1.49111877e+02 1.09141152e+04 1.28723792e+03 1.47402412e+04
 7.15058716e+02 5.06596924e+03 4.15605133e+02 9.76389160e+02
 2.45072534e+03 3.14784668e+03 1.81561816e+04 1.17486689e+04
 3.46426709e+03 1.88518799e+03 1.20936874e+02 3.95194531e+04
 5.45317200e+02 4.80695117e+03 4.00099375e+04 3.40597412e+02
 5.93405151e+01 1.89039294e+03 8.83551270e+02 7.71558350e+02
 6.80611523e+03 1.24029211e+03 4.37823682e+03 2.95001904e+03
 2.42794128e+02 7.05849487e+02 9.67683203e+03 6.54202423e+01
 3.19594580e+03 2.08549463e+03 2.62271069e+03 1.71752969e+04
 2.04125549e+03 2.73753174e+03 1.96831284e+02 5.30032764e+03
 2.32009302e+03 9.19623871e+01 1.22501182e+04 8.72645801e+03
 1.62516562e+04 7.51564746e+03 6.85973389e+03 8.87337109e+03
 3.35395825e+03 4.11412793e+03 2.90922241e+03 4.06203735e+03
 9.86194531e+04 1.42319275e+02 1.94380249e+03 2.16009141e+04
 2.47771072e+02 2.62744580e+03 2.22132893e+01 1.60677765e+02
 1.27042236e+03 2.39353540e+03 6.92154160e+01 1.77171716e+03
 1.14981123e+04 7.60667578e+03 8.40297119e+02 9.27601929e+02
 7.19465820e+03 1.23840162e+06 9.16239197e+02 1.65243738e+03
 1.93474609e+03 4.41094543e+02 3.48182935e+03 1.97697388e+03
 1.09586133e+04 8.62556534e+01 8.25694946e+02 2.30118701e+03
 1.95514343e+03 3.38861602e+04 5.82984741e+02 2.72718047e+04
 3.04534497e+03 2.27132666e+03 3.34549878e+03 4.39204053e+03
 7.30341992e+03 4.01330977e+04 1.79092969e+03 5.33569238e+03
 4.03423737e+02 4.13643115e+03 1.83827499e+02 3.15555566e+04
 4.62670020e+03 1.12606001e+01 5.39872986e+02 2.70362085e+03
 1.72673516e+04 7.93669873e+03 2.72641479e+03 1.19917346e+03
 2.71387646e+03 1.49588455e+02 5.29313965e+03 3.36315399e+02
 4.81187578e+04 1.94234363e+03 1.94172090e+04 1.38278564e+04
 4.48189795e+03 5.27421812e+05 1.64887781e+03 4.41758496e+03
 4.89772064e+02 3.03089648e+03 3.53198096e+03 1.16089141e+04
 3.22069409e+03 6.83210205e+03 3.34023906e+04 1.66360371e+04
 2.34907690e+03 1.91716809e+03 1.84661973e+04 9.75473999e+02
 4.12466797e+04 1.36589561e+04 2.67512183e+03 5.12361572e+03
 6.49595459e+03 8.51787491e+01 1.83560657e+03 1.78307007e+03
 3.09169116e+03 3.06581396e+03 1.41225049e+03 5.73354225e+01
 4.85992627e+03 2.14763702e+02 2.93518799e+02 4.80798157e+02
 2.59135293e+04 1.56824199e+04 2.61838320e+04 1.94337930e+04
 1.64034058e+02 2.14346558e+03 3.14724829e+03 1.07493317e+02
 6.59240295e+02 7.96030811e+03 6.75610312e+04 1.96375012e+03
 1.20057581e+03 1.69173572e+03 1.33730537e+04 6.34924988e+02
 2.78237383e+04 6.37883984e+03 2.11832129e+04 9.39274719e+02
 2.68725703e+04 1.39599304e+03 3.47032617e+03 2.95984023e+04
 4.37481415e+02 6.67992981e+02 2.02137256e+03 8.30215988e+01
 3.48477625e+05 2.08461011e+03 4.75155273e+03 5.83996924e+03
 2.46475433e+02 3.65909937e+03 1.82891077e+03 2.52061890e+02
 2.17227075e+03 2.06436462e+02 4.48234521e+03 6.65655127e+03
 2.58083008e+02 4.10351953e+04 1.43071436e+03 4.98384125e+02
 3.96198877e+03 1.30854984e+05 6.64057471e+03 4.93196259e+01
 6.81860352e+02 3.39910083e+03 7.00071335e+01 8.06934387e+02
 5.01393164e+03 4.18969609e+04 4.79719961e+04 5.75632812e+03
 1.29247070e+03 2.48172836e+02 8.51529980e+03 1.27329902e+04
 5.27428528e+02 4.03635425e+03 8.07218896e+03 9.13138047e+04
 1.00086774e+03 6.40300446e+01 1.90716995e+02 6.99438525e+03
 8.97158691e+03 8.18036621e+02 1.40238293e+03 1.37275812e+05
 2.78427686e+03 2.15061328e+04 2.18924820e+02 3.93126514e+03
 1.88800403e+03 7.91303906e+03 2.76802094e+02 1.32387073e+03
 4.84465938e+04 3.86067822e+03 1.23851575e+03 2.29272385e+02
 2.22500488e+03 3.28260791e+03 1.04308640e+02 1.03472925e+03
 1.90619965e+02 1.70363037e+03 8.49092712e+02 1.55400711e+02
 1.30546289e+04 1.20499536e+03 2.89790991e+03 4.56847217e+03
 1.20225664e+04 1.63538291e+04 7.48249805e+03 3.03319336e+04
 2.40438418e+04 1.35959641e+02 1.09868921e+03 1.69306140e+03
 2.04831172e+04 2.97349927e+03 1.16857556e+03 2.77705542e+03
 7.06633887e+03 4.20399805e+03 4.93482324e+03 9.26098242e+03
 4.07051656e+05 1.83019922e+03 7.46383789e+03 2.29360083e+03
 1.69598320e+04 2.77274004e+04 9.29255566e+03 2.10971655e+03
 1.02719727e+03 6.53617676e+02 4.02119062e+04 7.17427002e+03
 1.61411074e+04 3.72002563e+03 8.00828613e+03 1.99582718e+02
 1.24178589e+03 2.09945703e+03 2.58151078e+05 7.87886658e+02
 1.71625598e+03 2.77526514e+03 6.75630547e+04 6.15983838e+03
 3.94774048e+03 1.77073593e+02 8.17197876e+02 9.99993774e+02
 1.22223694e+03 7.02624756e+03 1.64625742e+04 4.46824799e+01
 8.82808398e+03 5.86865051e+02 5.62173218e+02 2.73713438e+04
 4.55470947e+03 1.20781836e+03 3.02793896e+03 7.84243604e+03
 6.80548584e+02 3.90682831e+02 9.09581152e+03 4.56012148e+04
 8.55493750e+04 1.45691553e+03 4.03547949e+03 9.61796326e+02
 5.53080444e+02 1.41156540e+02 3.71916553e+03 2.72734741e+02
 7.04833862e+02 3.29554077e+03 1.55648428e+04 1.61290710e+02
 2.45393433e+03 1.65739082e+04 4.56929375e+04 4.29276428e+02
 1.70088989e+03 1.42157041e+04 1.48708237e+02 9.73650703e+04
 2.16013901e+02 4.44685938e+04 1.22865859e+04 1.17989038e+03
 4.24456494e+03 9.38579224e+02 5.59647559e+03 1.01317578e+05
 2.68300684e+04 2.61976953e+03 1.24325156e+04 3.21018433e+03
 7.83880420e+03 5.67949805e+03 1.74939004e+04 1.73942981e+03
 3.05537933e+02 6.15089609e+04 4.75230225e+03 1.16782754e+04
 1.50988271e+04 2.08263916e+03 1.64398779e+03 1.79993420e+01
 1.12870251e+03 2.16164038e+03 6.90681592e+03 7.45352891e+04
 2.45295728e+03 2.42883252e+03 4.58750000e+04 2.44688062e+03
 1.80635820e+04 1.09720972e+03 1.54323926e+03 1.23910876e+03
 5.98272949e+03 9.74638794e+02 1.52311689e+04 7.99298193e+03
 1.29874033e+04 7.74291309e+03 5.25469287e+03 3.36826562e+03
 1.06674658e+04 2.03633826e+03 1.10961445e+04 6.79143494e+02
 1.40447949e+03 4.50136035e+03 1.07574631e+02 1.39639961e+04
 4.06890454e+03 1.44421460e+03 7.07012756e+02 1.20966558e+01
 2.49089941e+03 1.52566809e+03 1.29256119e+02 1.61734485e+03
 2.93837500e+03 7.22537061e+03 1.01795908e+04 1.36059082e+03
 9.94141602e+03 8.34961621e+03 9.01387793e+03 1.07686389e+03
 2.60153926e+04 7.74981982e+03 1.26258828e+04 5.74887305e+03
 2.99577441e+03 8.91404236e+02 3.87698413e+03 1.04632507e+03
 3.23190088e+03 6.72898193e+02 6.11465000e+04 2.22615771e+03
 5.37410391e+04 2.35816919e+03 1.09520668e+02 7.75428467e+03
 6.03742554e+02 6.61681274e+02 2.17263257e+03 1.98735138e+02
 4.53554573e+01 1.24523320e+04 2.74866431e+03 1.37305840e+04
 5.16908086e+04 1.03215127e+04 7.21635469e+04 2.37453242e+04
 2.38228633e+04 5.08103564e+03 7.06024561e+03 3.64586841e+03
 1.09273125e+04 1.09561256e+02 1.12017418e+02 1.42736023e+03
 2.67523828e+03 1.86683533e+02 2.06453857e+03 1.48086699e+04
 1.72343184e+04 3.65521680e+03 3.67361182e+03 2.53410812e+02
 7.02670776e+02 1.12990881e+03 1.71632178e+03 2.60387539e+04
 2.58360474e+02 4.56868896e+03 3.76966187e+03 5.17986182e+03
 1.46523773e+02 8.53235107e+02 7.01657129e+03 7.77388525e+03
 6.51070703e+03 4.23198975e+03 2.36604126e+03 1.07074072e+03
 1.28928604e+04 9.01288269e+02 1.24178174e+04 2.77560742e+03
 6.62930908e+02 3.89836450e+03 1.26824231e+03 9.78384844e+04
 2.14886169e+02 8.07119531e+03 3.07848022e+03 4.71240771e+03
 2.49082983e+03 2.28878711e+03 9.40097656e+03 2.43603540e+03
 5.75756836e+03 1.60213489e+03 8.21756184e-01 2.67596240e+03
 9.06249512e+03 3.12353457e+04 1.23977600e+03 3.00551147e+03
 4.49658356e+02 3.78650342e+03 1.92333184e+04 8.20374512e+03
 1.21319873e+04 3.72096863e+02 6.75832910e+03 1.96879062e+05
 1.38608124e+02 2.09893555e+03 3.90480743e+02 3.05811987e+03
 1.40700531e+02 9.36402832e+02 1.33591328e+04 1.98106445e+02
 4.28315186e+02 3.07297421e+01 1.28461890e+03 1.29162832e+04
 4.86364062e+04 3.91208954e+01 1.76549805e+04 7.53593750e+02
 1.70568652e+04 3.43338125e+04 1.94433472e+03 1.44933762e+02
 1.11233252e+03 2.73035156e+02 4.42295868e+02 1.56835947e+04
 1.32757984e+05 2.67323535e+03 1.29663989e+03 4.59667892e+01
 2.32699072e+03 6.46032288e+02 1.29472400e+03 2.56118188e+05
 3.66377441e+03 9.21973926e+03 1.76107254e+02 9.65480859e+03
 1.91244023e+04 6.23906396e+03 2.52520825e+03 1.86482886e+03
 1.62307861e+03 1.58149011e+03 3.43265723e+03 1.20169551e+04
 1.26624771e+02 5.01139336e+01 8.89136353e+02 3.33902893e+02]
13888.693
1238401.6
