[2.15227930e+04 2.00253784e+03 2.03749365e+03 1.78670715e+03
 1.20018096e+04 7.21282666e+03 1.66431946e+03 2.47865259e+03
 4.37533984e+04 1.88502930e+03 4.47881055e+03 3.70483203e+03
 8.94012891e+03 2.38278345e+03 2.92651154e+02 2.07396855e+04
 7.84143359e+03 2.55808887e+03 7.71799414e+03 1.21700812e+05
 2.98842246e+04 3.72322974e+03 3.55380188e+05 3.67187891e+03
 1.39371814e+03 7.88008594e+04 1.61544625e+05 5.32544141e+03
 3.05026904e+03 2.76622290e+03 1.84572148e+04 2.09403320e+03
 2.11802480e+04 1.91108606e+03 9.94810156e+03 1.20800305e+03
 6.54469971e+03 2.79927368e+03 8.93823633e+03 2.35716690e+02
 3.26216367e+04 2.20256934e+04 2.18335938e+04 7.40182031e+03
 3.83680908e+03 4.79920508e+03 1.25009192e+03 8.51943298e+02
 2.54204395e+03 7.04653613e+03 2.12543286e+03 1.35648120e+03
 8.79747437e+02 2.09747402e+04 4.95491791e+02 3.11454858e+03
 2.51203003e+03 4.37244727e+03 2.22949072e+03 1.23028223e+03
 3.59877759e+03 1.95215515e+03 3.16818359e+03 1.45780137e+04
 2.84291357e+03 1.23265879e+04 8.02418594e+01 3.35195166e+03
 2.58546875e+02 2.90093008e+04 3.30314746e+03 2.78503491e+03
 1.49487781e+03 4.98654639e+03 1.30554810e+03 2.20112244e+02
 4.11349365e+03 4.06200273e+04 2.25663403e+03 4.41088359e+04
 6.74027161e+02 1.13560278e+03 1.37013293e+03 4.82031396e+03
 5.64220752e+03 5.45946680e+03 1.76049841e+03 1.56464734e+03
 4.94397217e+03 1.17870156e+04 4.53635498e+03 1.50479795e+04
 9.82937241e+01 5.95229346e+03 9.70483516e+04 1.52702295e+03
 3.54399243e+03 5.28209375e+03 4.04587344e+04 2.13795581e+03
 8.75192773e+03 3.32691797e+03 2.93830420e+03 3.63285742e+03
 3.10685718e+03 1.56963196e+03 5.78197693e+02 2.87089264e+02
 8.35669531e+03 6.40164001e+02 6.74970703e+03 1.57531270e+04
 2.49407761e+02 3.32567041e+03 7.18972559e+03 2.06066333e+03
 4.17515039e+03 6.73928711e+03 3.33281543e+03 1.44388623e+03
 8.80526641e+04 2.99323877e+03 1.15672344e+04 1.43011064e+04
 7.77425830e+03 6.95674988e+02 1.47835315e+03 2.15379688e+03
 1.71114709e+03 3.61413452e+03 1.31937244e+03 3.06003052e+03
 5.68617871e+03 2.44456592e+03 9.31347473e+02 1.61756030e+03
 9.29612598e+03 1.57873633e+03 7.23355762e+03 3.66680981e+03
 9.56693262e+03 3.17665137e+04 2.61512559e+04 4.37057617e+03
 3.17782344e+04 9.04664001e+02 1.11021172e+02 8.47086328e+03
 9.67874316e+03 1.43089980e+04 1.14918286e+03 7.47662842e+03
 5.89098633e+03 1.75932703e+03 2.34895386e+02 5.32984961e+04
 8.25511108e+02 3.95479844e+04 2.01015833e+03 7.58575625e+04
 2.41115332e+04 1.84552271e+03 7.15976990e+02 8.08288330e+02
 1.00317607e+04 2.71269092e+03 2.41566821e+03 3.89459863e+03
 6.54365820e+03 1.34032070e+04 2.23390405e+03 4.03061450e+03
 1.33221216e+03 1.70124707e+03 2.36299585e+03 5.73116943e+03
 5.53954443e+03 2.19554541e+03 1.27761536e+03 2.65884434e+04
 5.21782373e+03 1.31786292e+03 2.69820500e+05 5.79921777e+03
 7.86713184e+03 2.41513257e+03 7.26108826e+02 2.00484521e+03
 2.24071875e+03 5.58935352e+03 3.98893140e+03 1.19595569e+03
 6.70129639e+02 1.36494897e+03 6.42457422e+03 1.01858594e+03
 2.13974395e+04 4.58822168e+03 1.72689136e+03 3.56506104e+03
 6.48481152e+03 4.94178760e+03 1.20096924e+04 8.71168335e+02
 1.65190594e+05 6.43636055e+04 1.82744348e+03 5.62508936e+03
 2.66015552e+03 1.74497009e+03 4.14605762e+03 6.61267883e+02
 2.32948730e+03 1.51668223e+04 7.94941357e+03 1.61913574e+03
 7.50721313e+02 1.17179626e+03 1.06823799e+04 8.51670654e+02
 1.12961975e+03 5.60597949e+03 8.13789307e+03 3.11394609e+04
 1.63668250e+03 1.82022803e+03 3.32254614e+03 1.25958264e+03
 2.78023560e+03 4.94583320e+04 1.21165796e+03 5.17595825e+02
 5.57278711e+03 3.20779395e+03 9.61220642e+02 4.53473340e+03
 2.61356958e+03 1.98132874e+03 4.30467822e+03 3.64867462e+02
 4.07684062e+04 2.21609424e+03 2.12648359e+04 8.00627979e+03
 3.96153003e+03 1.95399402e+03 2.47050635e+03 2.71470917e+02
 7.70252051e+03 2.13325625e+04 6.54216614e+02 1.38361035e+04
 3.21262622e+03 3.64225488e+03 1.15211621e+03 9.01919067e+02
 1.22908516e+04 1.26073145e+03 2.37925342e+03 4.81601807e+03
 2.85491348e+04 1.85325000e+04 2.54723203e+04 2.92714844e+03
 2.40711523e+03 2.48836426e+03 4.41931299e+03 5.03784668e+02
 2.55888379e+04 8.50988672e+03 1.41820837e+03 6.76026172e+03
 6.96674988e+02 7.42942432e+03 4.92449727e+04 1.60499268e+03
 1.17934984e+05 2.06299434e+04 3.05333203e+03 3.81187688e+05
 3.09194653e+03 1.80242688e+03 3.44974457e+02 2.59270850e+03
 3.28498383e+02 7.59501807e+03 1.34845178e+03 2.24855664e+03
 7.30638428e+02 5.42047656e+03 1.91904359e+05 8.41915710e+02
 4.09158252e+03 2.67930469e+03 1.84492712e+03 2.07743628e+03
 1.32770972e+03 6.65130762e+03 1.43600693e+04 2.56700592e+02
 2.58058594e+03 1.10379028e+02 1.44971006e+04 1.36090176e+04
 3.74273516e+04 1.66214859e+05 2.24479028e+03 5.71649805e+03
 1.25024719e+03 3.64016602e+02 7.78049866e+02 7.45597314e+03
 8.04168125e+04 7.06813721e+02 6.08452148e+02 7.84475098e+02
 3.67929712e+03 1.25383018e+04 7.35384424e+03 2.98193926e+04
 5.93655176e+03 2.87226562e+03 4.56195654e+03 5.62908154e+03
 1.60514189e+04 3.78583838e+03 1.78020332e+04 3.53193115e+03
 1.67929062e+04 1.43810703e+04 3.02934619e+03 8.64722473e+02
 8.51514587e+02 6.59468750e+02 5.35045068e+03 1.32359141e+04
 1.89677032e+02 2.27614648e+03 2.64265527e+03 1.38076416e+03
 1.28084668e+03 1.15993701e+04 2.65757422e+03 1.17714111e+04
 4.42694189e+03 4.26873926e+03 5.32048145e+03 6.58824463e+03
 2.01878477e+04 1.01461969e+03 1.31475273e+04 6.24028789e+04
 1.07544498e+01 4.03868335e+03 5.54717383e+03 9.06006775e+01
 1.46105498e+04 8.40464551e+03 1.29871216e+03 1.04210625e+04
 1.01660742e+04 2.15289375e+04 2.23847949e+03 2.06371167e+03
 2.12353516e+04 1.07209953e+05 3.03265195e+04 9.15862122e+02
 2.32808969e+05 4.21747705e+03 8.82971973e+03 6.23850635e+03
 3.85988818e+03 4.06568799e+03 5.40838477e+03 1.36308906e+04
 7.82477812e+04 5.63900635e+03 1.55135632e+03 2.02223364e+03
 2.84054565e+03 7.78890674e+03 2.75751172e+04 7.31169629e+03
 9.76473938e+02 9.61197363e+03 3.41279126e+03 1.79349121e+04
 5.40869824e+03 9.19464648e+03 6.63022969e+04 2.23441895e+03
 2.89215308e+03 3.83414111e+03 2.00330554e+03 5.11412354e+03
 9.76851379e+02 4.96446641e+04 5.59615186e+03 7.27232483e+02
 1.52947009e+03 9.68781250e+03 6.32433228e+02 9.49819824e+02
 5.73386768e+03 6.25740723e+03 4.07014557e+02 3.16100098e+03
 4.68730375e+05 3.20617822e+03 3.00661743e+03 1.91777598e+04
 6.00459131e+03 2.15358496e+03 2.16751094e+04 4.01752533e+02
 1.69356824e+03 1.15541309e+04 1.32549219e+04 1.04140488e+04
 5.37450049e+03 3.70086938e+03 2.18978223e+03 7.81339502e+03
 1.61218677e+03 2.31103467e+03 2.05309888e+03 7.65209167e+02
 1.81533535e+04 1.47371973e+03 1.84931445e+03 2.84009180e+04
 2.07113159e+03 1.91256113e+04 2.21630396e+03 2.40603613e+03
 2.66283740e+03 6.03451355e+02 2.39318750e+03 4.76481934e+03
 5.16942825e+01 3.40633350e+03 9.26280273e+03 3.96872095e+03
 7.60652283e+02 1.36433972e+03 2.06618164e+03 6.30080127e+03
 5.35690857e+02 9.17429810e+02 1.40509119e+03 4.82254250e+05
 3.48871422e+01 1.62784009e+03 2.00862207e+04 1.23569824e+03
 2.96090210e+03 3.71388745e+03 1.69605176e+04 1.48442700e+03
 9.00882324e+03 1.62984290e+03 2.04962085e+03 5.65758911e+02
 1.10284541e+04 1.02298474e+03 1.55884595e+03 2.10230820e+02
 4.12276123e+02 3.80084570e+04 3.97584619e+03 3.23938208e+03
 3.61519434e+03 5.15449707e+02 3.90880432e+02 2.68744961e+04
 3.31824402e+02 5.57841003e+02 1.43064062e+03 1.79036499e+03
 7.52796191e+03 9.48269531e+03 5.08143262e+03 2.31586646e+03
 3.01031616e+03 4.00769385e+03 7.94909363e+01 4.39377656e+04
 1.09230286e+03 4.80757422e+03 4.02700317e+03 4.01022876e+03
 1.80750220e+03 1.59396484e+03 7.99180713e+03 6.92869324e+02
 1.81135681e+03 2.65227441e+04 4.09751562e+03 2.41474292e+03
 2.76816040e+02 3.30380127e+03 4.63064160e+03 2.10808032e+03
 3.84347559e+03 9.27571582e+03 8.28584656e+02 7.97462646e+03
 3.52729224e+03 2.37956360e+02 4.01588135e+03 1.20392029e+03
 2.18827832e+03 8.20617737e+02 1.65916736e+03 2.33324805e+04
 8.38347559e+03 3.17963226e+02 4.40662695e+03 4.65302979e+03
 1.32846143e+03 2.72097938e+05 2.02580066e+03 5.16675391e+03
 8.30747559e+03 2.79119629e+02 1.00240906e+03 1.25695615e+04
 1.25237231e+03 1.15393201e+03 1.14478439e+02 7.46957336e+02
 3.91782837e+03 6.92629395e+02 1.20381775e+03 7.57590967e+03
 5.28347266e+03 9.15700195e+03 5.14833130e+02 2.36436499e+03
 1.58373438e+03 4.62321211e+04 6.46205322e+02 2.01844568e+03
 8.93672852e+02 2.13841846e+03 2.96739941e+03 2.39710400e+03
 2.72586035e+04 5.52438477e+02 3.35444385e+03 2.83164490e+02
 7.86533594e+03 3.86609453e+04 1.48013733e+03 7.75745215e+03
 4.61974268e+03 5.43137744e+03 8.51891504e+03 5.40132959e+03
 7.55675049e+03 1.32776245e+03 2.45144482e+03 9.44140869e+02
 3.23120995e+01 5.56289697e+03 1.79940356e+03 1.13179438e+05
 5.88171973e+03 7.36740356e+02 5.36892676e+03 6.07063818e+03
 6.56639141e+04 7.30744385e+03 3.76887695e+04 3.49279150e+03
 2.45739966e+03 9.71774023e+03 4.07667993e+03 3.09814111e+03
 9.48144629e+03 4.39508740e+03 9.56466328e+04 1.56317803e+04
 9.18946777e+03 3.01256270e+04 4.77770752e+03 8.97918066e+03
 3.90578003e+03 2.25554272e+03 3.84647900e+03 4.24084619e+03
 5.36045349e+02 1.11925513e+03 1.18869404e+04 3.70955664e+03
 1.02839844e+03 3.55781067e+02 1.51505820e+04 6.01636780e+02
 9.27767266e+04 4.26073320e+04 3.68313293e+01 9.35827332e+02
 6.87623975e+03 9.74754272e+02 2.58896851e+03 3.70632935e+03
 2.42356973e+04 6.51864160e+03 7.48112915e+02 4.05375659e+03
 1.04242637e+04 1.26696592e+04 2.06215161e+03 2.66472260e+02
 3.37716562e+04 5.94049414e+04 2.98183262e+04 1.46248779e+04
 4.98148376e+02 8.02918066e+03 2.45417930e+04 2.42318384e+03
 4.48340508e+04 2.53468213e+03 3.64784717e+03 3.90387183e+03
 7.50999072e+03 1.46001777e+04 9.63215137e+03 2.79463232e+03
 4.46026093e+02 1.34515732e+04 5.33699585e+02 1.37707043e+03
 6.07689648e+03 5.43153931e+02 4.30715381e+03 3.91715508e+04
 4.28266260e+03 1.01192100e+04 7.75245056e+02 3.91957104e+03
 1.75561406e+05 7.77361133e+03 1.32877207e+04 2.27514883e+04
 1.02931677e+03 2.09471851e+03 2.46108055e+01 5.23491846e+03
 1.14463110e+03 4.46426074e+03 1.63784680e+03 6.16645020e+03
 3.32229077e+03 4.75954590e+03 2.75208179e+03 1.75686499e+03
 3.53944312e+03 1.14636492e+05 8.34841211e+03 1.57957092e+02
 2.56806616e+03 1.19584778e+02 3.98635645e+03 1.27665271e+03
 3.64024878e+03 7.03987109e+03 3.34514062e+03 1.72845142e+03
 1.25162134e+03 6.23702246e+03 1.25962041e+04 2.48969746e+04
 4.42851416e+03 6.72966309e+02 1.11660156e+04 2.65478398e+04
 1.93936377e+03 2.15047684e+01 3.65325366e+03 4.50923096e+03
 1.49900610e+03 7.56534424e+02 4.26339355e+02 6.38554570e+04
 1.90511292e+03 7.57349316e+03 2.86012964e+03 4.74415186e+03
 3.08345532e+03 1.37951855e+04 1.50096997e+03 9.22676086e+01
 1.57027766e+05 2.07609573e+02 7.17309668e+03 9.93062134e+02
 1.87397205e+03 1.45858447e+03 4.08830322e+03 1.29247595e+03
 1.64142444e+03 6.26993018e+03 3.25429102e+03 4.31328076e+03
 2.21961035e+03 8.34952881e+02 8.06893750e+03 1.15728833e+03
 2.20459121e+04 5.77841406e+03 1.42900127e+04 2.82682871e+04
 1.41728633e+04 8.56578796e+02 3.34585571e+03 4.10102966e+02
 2.68318677e+03 5.99696289e+03 9.68782227e+03 6.80498242e+03
 1.15000232e+03 5.19339661e+02 1.01497119e+04 1.02947812e+05
 3.34237344e+04 5.70208887e+03 7.06190381e+03 7.32158984e+03
 5.28874463e+03 7.02170391e+04 2.92044902e+04 1.14882703e+03
 7.38948853e+02 4.61711609e+02 4.86200684e+03 1.73105938e+04
 1.83658750e+04 2.93956104e+03 8.35215234e+03 4.76627075e+02
 1.30508359e+04 7.88767578e+03 5.83830938e+04 1.21967441e+04
 1.51216687e+03 2.53956372e+03 4.35655586e+04 4.08219287e+03
 2.79119238e+03 3.23303369e+03 3.27891064e+03 3.42459167e+02
 3.83755310e+02 2.69694287e+03 4.25513203e+04 1.14589685e+03
 1.59030879e+04 1.07953674e+03 1.78493347e+02 2.26578828e+04
 1.00203796e+03 4.82671417e+02 8.49545532e+02 4.15386328e+03
 2.88495410e+03 1.07776387e+04 2.15727422e+04 5.33656982e+03
 1.96236270e+04 1.01603438e+04 1.41955586e+04 1.94181934e+03
 8.02310852e+02 8.15950470e+01 3.35236816e+03 1.33276819e+03
 2.64908862e+03 1.09736060e+03 4.37660625e+04 2.21927686e+03
 3.15517480e+03 9.24943945e+03 2.85404414e+04 7.91281128e+02
 4.97574121e+03 6.03381641e+04 4.93230225e+02 1.15297432e+04
 7.80894836e+02 4.00291064e+03 2.75855469e+03 6.09333838e+03
 1.91623203e+04 1.17445496e+03 6.55832861e+03 1.79767910e+04
 1.63003086e+04 1.44241846e+03 1.19525186e+04 1.38405371e+03
 1.80484583e+03 1.19793823e+03 1.46933633e+04 1.26016357e+03
 1.11590796e+03 9.54202344e+03 9.81954004e+03 1.05716234e+05
 1.29620732e+04 2.49903442e+03 3.33426416e+03 1.88245959e+03
 1.04447778e+03 3.88233691e+03 1.21328883e+05 1.01967070e+04
 5.30463330e+03 1.85124573e+03 1.43796660e+04 5.82871277e+02
 2.66940625e+04 1.24347207e+04 3.95048730e+03 1.22876582e+04
 1.55724823e+02 1.82154871e+03 6.47368262e+03 2.03030371e+04
 3.40794336e+03 3.89582007e+03 3.98232086e+02 1.12741113e+03
 1.23638506e+04 1.42829605e+02 7.20455957e+03 2.65031403e+02
 4.37238220e+02 9.53588477e+03 6.35308411e+02 1.97346887e+03
 2.41937817e+03 6.13591504e+03 6.21827881e+03 6.46014099e+01
 1.52815186e+03 8.90263611e+02 6.85668896e+03 1.98677051e+03
 5.53047266e+03 2.78264209e+03 3.50838892e+03 2.75482109e+04
 4.93775000e+03 2.31235957e+04 9.74268921e+02 9.23335254e+03
 6.38184062e+04 7.18131250e+03 7.47289922e+04 8.71677637e+03
 3.97083374e+03 1.75201245e+03 1.24752417e+03 3.66479340e+02
 3.34200820e+04 1.95036087e+02 5.28873901e+02 3.99063812e+02
 3.56141055e+04 2.01977197e+03 1.80508887e+03 2.63134619e+03
 1.57474500e+03 7.67115906e+02 2.66834839e+03 3.29581085e+02
 5.58587646e+02 2.26217139e+03 1.61986682e+03 1.23420820e+04
 9.05089922e+04 1.87741113e+04 1.24409312e+05 1.35801094e+04
 3.18600938e+04 1.58885339e+03 2.69789575e+03 1.27826929e+03
 2.29557202e+03 5.99796875e+02 7.29204834e+02 4.57376807e+03
 6.69253296e+02 1.04900757e+03 3.59861060e+03 1.43723206e+03
 9.98875879e+03 8.91890320e+02 7.23059143e+02 2.25957104e+03
 3.69114838e+02 9.87521118e+02 1.52830981e+03 3.25284434e+04
 5.39734924e+02 1.32032842e+04 4.33024219e+03 2.75576782e+03
 9.57085547e+03 1.78277295e+03 1.05990996e+04 3.34437866e+02
 1.88078088e+03 1.39347302e+03 3.46227600e+02 3.38452686e+03
 7.37256406e+04 8.24937378e+02 8.42708691e+03 1.40377222e+03
 2.82060962e+03 1.81206270e+04 1.59801498e+02 1.56209641e+05
 2.28907544e+03 3.80007715e+03 1.23440303e+04 1.77257166e+03
 5.85205371e+03 1.24435876e+03 1.34007676e+04 4.08903394e+03
 1.29401318e+03 2.06122900e+03 1.30242402e+04 3.92301929e+03
 1.42095430e+04 4.01425903e+03 1.70945154e+03 3.65750049e+03
 2.09096970e+02 2.81584204e+03 8.48582910e+03 2.42384863e+03
 1.56080654e+04 1.46846313e+03 3.18867383e+04 1.44234800e+06
 1.71581628e+03 4.76475647e+02 2.12890747e+02 2.56003875e+05
 9.44397095e+02 3.93571313e+03 1.51715479e+04 1.36184851e+03
 4.91476257e+02 7.41847266e+03 5.94741797e+03 2.10236387e+04
 1.01934775e+04 7.20540848e+01 1.14789580e+04 5.37243848e+03
 1.33683535e+04 1.57043916e+04 3.99806445e+03 1.66388379e+03
 2.27581445e+03 1.04035684e+04 9.29490906e+02 2.11044678e+03
 5.46534414e+04 4.19957886e+02 1.49656416e+04 7.28058716e+02
 6.90610645e+03 1.89637680e+02 1.69719590e+04 3.23704031e+05
 7.86198181e+02 1.18920303e+04 5.49356323e+02 8.54060352e+03
 5.46075293e+03 5.50353027e+03 3.28811304e+03 4.51542695e+04
 1.30110283e+04 1.28933496e+03 1.19398376e+03 7.18223584e+03
 1.59450574e+03 9.73892395e+02 1.19220325e+03 1.46164246e+03]
14633.211
1442348.0
