[3.59287500e+04 1.95653577e+03 2.94315796e+03 3.15645325e+02
 7.90867871e+03 3.30407080e+03 1.93210281e+02 7.63449585e+02
 7.36075195e+03 4.13178711e+02 1.70070176e+04 1.00132129e+04
 4.66924805e+04 4.44451538e+02 6.33262634e+02 2.33530518e+02
 2.41874344e+02 6.47740918e+03 1.00945293e+04 3.14930117e+04
 2.78879736e+03 6.93980530e+02 1.39679562e+05 1.59236348e+04
 3.05636047e+02 3.02363818e+03 5.62181625e+05 4.86774597e+02
 5.51143018e+03 1.51834937e+03 4.52147900e+03 2.55171851e+03
 1.51637732e+03 1.48449792e+03 7.91238770e+03 5.71068750e+03
 1.55309824e+04 8.53512329e+02 3.25326758e+03 8.92611328e+02
 2.20186094e+04 2.07784195e+02 5.49561328e+03 7.59818896e+03
 4.27248486e+03 9.97468164e+03 2.05706006e+03 4.31409180e+02
 4.28562402e+03 7.45449951e+03 3.58319916e+02 6.94652344e+03
 5.00168648e+01 5.60609492e+04 2.59269638e+01 1.84101959e+02
 8.74895117e+03 2.54559399e+03 3.50879120e+02 1.66422729e+03
 5.14917305e+04 1.79563245e+03 1.07385449e+03 5.16309052e+01
 1.72550293e+03 3.46824341e+03 2.99689423e+02 5.84341248e+02
 1.00711249e+03 5.64465576e+03 9.63454437e+01 1.37917224e+03
 4.96906836e+03 1.36224817e+03 4.93727344e+03 2.64033630e+02
 5.82290588e+02 3.24947235e+02 5.28844727e+02 8.77226641e+04
 8.53832703e+02 3.94170742e+04 3.18398773e+02 5.43667041e+03
 5.07021338e+03 5.72631348e+02 2.30786743e+03 2.38507584e+02
 8.31366348e+01 1.13633751e+02 3.09836084e+03 1.59817207e+04
 1.54917374e+02 6.07883252e+03 5.70540898e+04 6.14403992e+02
 1.16862564e+02 2.49481110e+02 8.65275391e+03 5.11317062e+01
 2.44242020e+02 1.19486553e+04 2.20437891e+03 5.46520935e+02
 1.51796191e+03 1.82314148e+03 6.23906555e+02 4.72708447e+03
 1.72412988e+03 1.05770813e+02 1.90171783e+02 2.13493652e+04
 1.12323584e+03 5.45048035e+02 1.42538467e+04 4.72684357e+02
 1.68901794e+02 3.80229883e+03 1.38275436e+02 1.28066260e+03
 8.68239062e+03 6.73626855e+03 4.24981201e+03 2.19474238e+04
 2.26385645e+03 1.58422989e+02 4.38998508e+00 1.94712830e+02
 1.76362744e+03 2.24592163e+03 2.66091919e+02 5.57129456e+02
 1.71529529e+03 4.04153656e+02 1.02715759e+03 2.58332214e+01
 2.38495026e+02 1.82741562e+02 8.22017480e+03 1.37577222e+03
 4.28915787e+01 3.57032788e+03 5.12247607e+03 6.51397018e+01
 3.32305176e+02 8.34350967e+01 4.15275269e+02 1.50990356e+03
 3.14930762e+03 5.14825293e+03 2.68089020e+02 2.52730078e+03
 6.49137354e+03 8.21352539e+01 9.32110840e+02 3.56873596e+02
 2.37140649e+03 2.69322285e+04 1.76991943e+02 1.82438965e+04
 3.32362988e+03 7.58211441e+01 1.26041985e+02 1.86881702e+03
 4.37118408e+03 9.16212585e+02 1.28216663e+03 8.17423767e+02
 2.80755957e+03 1.00700449e+04 1.06623711e+02 1.59310010e+03
 5.03293396e+02 4.61505066e+02 4.19056494e+03 1.22859497e+03
 1.49416738e+04 2.22633960e+03 4.42548035e+02 1.19869805e+04
 2.58634941e+04 2.42195605e+03 2.89458156e+05 7.61844116e+02
 1.34271875e+04 5.75266724e+02 1.47699768e+02 3.21375049e+03
 6.57923737e+01 3.55772778e+03 4.29410553e+02 6.55872437e+02
 1.88887451e+03 1.99983734e+02 4.15001123e+03 8.99416656e+01
 3.83336475e+03 2.44176904e+03 3.12285553e+02 4.84760596e+03
 6.57389453e+03 8.03419141e+03 3.09772070e+04 1.79539795e+03
 2.57945508e+04 5.59068945e+04 1.91832898e+03 3.36864502e+03
 1.64768921e+02 6.99360199e+01 2.36679468e+03 2.04267554e+03
 5.03977264e+02 1.28305459e+04 2.69992993e+03 1.33087173e+02
 3.70661377e+03 3.40377417e+03 1.42645645e+04 1.73240173e+02
 1.91973507e+00 1.41169556e+02 6.13935669e+02 7.15683167e+02
 8.10897339e+02 8.95000793e+02 9.42650085e+02 1.30114090e+02
 5.82183105e+02 2.17815215e+04 1.10103232e+04 1.92993030e+03
 5.35305176e+02 8.86437912e+01 1.75687836e+02 1.24638506e+04
 3.75997119e+03 6.07567368e+01 6.95934265e+02 4.93422882e+02
 1.25381855e+04 4.61469269e+02 2.58373398e+04 3.90313989e+03
 3.66846466e+01 1.22836707e+03 4.65822754e+01 1.08469231e+02
 6.09986450e+02 2.99068433e+03 1.24238396e+02 5.50575195e+03
 2.06235321e+02 4.19324658e+03 4.96654443e+03 1.49629837e+02
 7.63540381e+03 2.40797461e+03 7.70845886e+02 1.41201318e+03
 1.30791961e+05 1.96032703e+03 1.22228809e+03 2.07678369e+03
 2.32665985e+02 1.33113367e+03 1.07769289e+01 8.94864426e+01
 3.64324921e+02 3.15025562e+03 2.23885718e+03 8.03995654e+03
 1.38316288e+01 2.92686914e+03 3.34012500e+03 1.48800256e+03
 1.45714980e+04 1.97306855e+04 2.88697925e+03 1.07498633e+05
 4.94473535e+03 1.41606055e+04 3.44343781e+02 2.61603027e+03
 1.04152336e+02 1.66321326e+03 7.13459595e+02 4.26221631e+03
 6.94223694e+02 4.81879346e+03 4.49022422e+04 2.95793066e+03
 3.19306183e+02 4.32537506e+02 1.60410767e+03 9.67261414e+02
 3.01854340e+02 1.23736316e+03 4.29011279e+03 1.16626892e+02
 1.63792273e+03 3.61359772e+02 4.93036865e+02 1.24288965e+04
 1.39767834e+03 1.85748984e+05 2.02766724e+03 4.43083750e+04
 4.73026416e+03 5.49003967e+02 2.37713486e+02 1.80635666e+02
 8.03423950e+02 2.74088892e+03 2.02447510e+02 5.28468213e+03
 4.14191589e+02 2.85734570e+03 5.65098267e+02 1.38268828e+04
 4.23009668e+03 2.08453340e+04 2.44078583e+02 6.53944922e+03
 5.17715283e+03 2.65295825e+03 1.24791465e+04 6.58041809e+02
 1.07757469e+02 1.47635879e+04 6.80270920e+01 4.08759613e+01
 8.82768127e+02 1.21893410e+02 1.04713181e+02 3.54697168e+03
 3.26497620e+02 1.04848035e+03 1.19578848e+04 5.99817139e+02
 2.27782104e+03 1.73360925e+03 1.56497208e+02 1.20074482e+04
 1.75740881e+03 2.79199036e+02 1.77332550e+02 7.03513037e+03
 1.04876650e+04 1.14654028e+03 8.50056348e+03 2.83634912e+03
 4.45431885e+02 5.93752930e+03 2.05917676e+03 5.32567822e+03
 1.67997422e+04 2.65709448e+03 1.33279633e+02 1.09595332e+04
 1.79769983e+03 4.04034033e+03 1.33684355e+04 1.08133041e+02
 1.33273164e+04 4.52160656e+05 2.69842194e+02 1.85078918e+03
 1.16148930e+05 5.33251160e+02 2.33157983e+03 6.51641309e+03
 1.16410891e+05 1.87991409e+01 1.89334607e+03 2.98510898e+04
 1.70964512e+04 6.57210083e+02 3.72076416e+02 8.11451874e+01
 5.86566846e+03 4.75057220e+02 1.46748125e+05 1.94121033e+03
 1.53973682e+03 2.12141870e+03 8.64209595e+01 3.52003143e+02
 2.80835693e+03 4.38678955e+02 1.65068848e+04 6.02767639e+02
 2.75249146e+03 2.88497754e+03 2.86541443e+02 2.79501978e+03
 7.36137268e+02 7.41456592e+03 1.10036406e+04 2.95582793e+04
 1.41228973e+02 5.00967725e+03 9.07330078e+02 3.73017639e+02
 3.22241431e+03 1.46729412e+01 1.19939758e+03 1.36201770e+03
 1.73377094e+05 3.22903101e+03 1.69239166e+02 3.61066289e+04
 3.83686768e+03 2.14630890e+02 8.76487598e+03 2.97631421e+03
 1.36959717e+03 6.73495972e+02 1.37173633e+03 2.31442847e+03
 2.46695190e+03 3.34436719e+03 2.14559219e+02 3.61614062e+03
 8.13052917e+02 4.93061621e+03 2.49118188e+03 3.35277490e+03
 1.71998825e+02 3.75125694e+00 3.04565430e+02 8.50276758e+03
 1.11688574e+03 1.27727959e+04 1.48388232e+03 3.14784470e+01
 1.06659314e+03 6.00963257e+02 1.80845020e+03 2.11915894e+03
 7.00053174e+03 1.33396533e+03 9.89326562e+03 1.33661211e+04
 1.78023950e+03 4.23305634e+02 1.77607288e+03 3.04525085e+02
 6.82518494e+02 3.86726044e+02 8.84641846e+02 6.55930625e+04
 5.82321281e+01 1.08666113e+04 1.45363291e+04 4.24679504e+02
 6.88759277e+02 1.95653748e+02 1.86653105e+04 3.34027893e+02
 6.04704819e+01 3.82839630e+02 2.48112602e+01 4.60415985e+02
 6.11640527e+03 1.28718750e+02 2.39413501e+03 8.77350464e+02
 7.72818985e+01 5.61749854e+03 5.17611279e+03 3.79402161e+02
 4.15049774e+02 7.55678809e+03 7.51374817e+02 4.20915283e+02
 1.42041046e+02 5.64271924e+03 3.89917450e+02 2.13366162e+03
 1.79768723e+02 2.52418140e+03 1.41328137e+03 9.36402466e+02
 1.57980713e+02 5.97882666e+03 2.48024567e+02 2.02218457e+04
 8.20136841e+02 2.28927597e+02 7.62773499e+02 7.81002051e+03
 2.03792871e+03 9.20225891e+02 6.40084351e+02 9.67222046e+02
 3.06501068e+02 2.25006797e+04 3.80645020e+02 3.92351562e+03
 3.63888458e+02 1.21512964e+03 2.70065674e+03 5.56966324e+01
 3.74304466e+01 2.27659155e+03 1.11603813e+02 3.07121729e+03
 1.27131177e+03 1.32771744e+02 1.95534424e+02 8.08459180e+03
 4.01046783e+02 4.31838440e+02 1.00571289e+04 1.23347693e+03
 9.60900000e+03 7.62481384e+02 9.41603320e+03 4.39155420e+03
 7.52995483e+02 7.51659668e+03 2.87138245e+02 3.93905762e+03
 6.11079102e+03 1.64441040e+03 1.70670761e+02 5.59167041e+03
 7.33192673e+01 2.98102020e+02 7.07472595e+02 3.52126038e+02
 2.37956741e+02 9.65428406e+02 2.26620020e+03 1.10132568e+03
 1.97175371e+04 2.76995435e+03 7.28539941e+03 1.38514172e+03
 8.19505762e+03 3.42244812e+02 9.47419189e+02 1.52978662e+03
 4.00893359e+03 1.35500793e+03 1.69594104e+03 9.61213013e+02
 3.70337500e+03 7.41324707e+02 4.00465363e+02 1.60663773e+02
 1.99422424e+02 1.76483691e+04 1.39877884e+02 2.18838984e+04
 6.54813965e+03 6.07370801e+03 8.17839417e+02 1.85320435e+02
 1.07502039e+03 1.55549939e+03 1.38414307e+03 1.61390906e+03
 5.66205627e+02 7.18364746e+02 4.21361420e+02 4.59834531e+04
 3.01216211e+03 1.31703040e+03 9.33718933e+02 1.26526013e+03
 5.86210010e+03 4.30139990e+03 3.91810693e+03 5.92185107e+03
 2.28610156e+03 2.50505615e+03 8.86009155e+02 5.88429199e+02
 1.85450452e+03 6.87170898e+03 6.96022754e+03 7.87231140e+01
 9.06500586e+03 1.00470750e+05 1.63214233e+02 1.17418201e+03
 3.43840698e+02 9.15675049e+02 5.77371338e+02 2.94712097e+02
 1.79271240e+02 2.08995972e+02 1.28289619e+04 3.87449243e+03
 3.05021777e+03 1.31518127e+03 2.33460400e+03 1.12490150e+02
 1.74199395e+04 8.71105591e+02 7.95091003e+02 6.57659363e+02
 9.80647852e+03 8.54232101e+01 1.58881079e+03 5.15436035e+03
 6.94949561e+03 5.68885596e+03 1.24383209e+02 8.05736008e+01
 7.00106641e+03 1.04767371e+03 2.64673779e+03 4.98815125e+02
 4.09458472e+03 2.21627954e+03 6.36297168e+03 4.65673193e+03
 8.70173721e+01 1.94866296e+03 1.32688965e+03 7.20319519e+01
 1.28445374e+03 1.40336523e+03 9.28375610e+02 6.05563782e+02
 3.76021802e+03 1.16435898e+04 1.41220156e+04 1.46601913e+02
 1.99699121e+03 4.39537842e+03 2.33155136e+02 1.34882233e+02
 1.69163428e+03 1.71299713e+02 1.03392979e+04 3.74094102e+04
 7.54623291e+02 4.09462433e+02 5.85308960e+02 1.67087646e+03
 6.79978203e+04 4.94635132e+02 9.32334570e+03 4.87833838e+03
 8.08547852e+02 3.79612427e+03 3.10799469e+02 1.59297864e+03
 5.67977722e+02 2.80326843e+02 1.41820825e+03 4.75718457e+03
 2.08572241e+03 2.06788457e+04 4.41282135e+02 8.83931274e+01
 6.83136536e+02 2.84608652e+04 8.49142676e+03 2.41402100e+03
 1.73455908e+03 2.67086975e+02 2.82656274e+03 1.98106567e+03
 1.12198059e+03 3.08460918e+04 3.92147031e+04 3.63254089e+02
 1.58547571e+03 2.49884980e+04 3.18332153e+03 6.95555420e+03
 3.06564917e+03 7.84513397e+01 5.73309814e+02 7.96666455e+03
 6.79690430e+02 2.61697217e+03 9.73155396e+02 1.08866431e+03
 1.52487473e+02 5.55909851e+02 8.37528896e+00 2.59092598e+04
 7.06212891e+02 9.62898682e+02 5.40553711e+02 6.19763550e+02
 7.20920459e+03 2.21461206e+03 7.82767334e+01 8.27264465e+02
 8.99878906e+04 3.80065536e+00 3.87948877e+03 7.62514191e+01
 3.22646561e+01 4.24662256e+03 2.96267700e+03 1.49391614e+03
 6.25981560e+01 2.83786670e+03 4.79282715e+02 3.97859277e+03
 3.57501740e+02 7.65389099e+02 9.89803467e+02 5.77426682e+01
 2.18976543e+04 2.26827417e+03 1.28822334e+04 7.63702454e+02
 1.62230801e+04 1.57551132e+02 1.67766809e+03 2.51310425e+03
 5.72826660e+03 3.96508301e+03 7.24368604e+03 3.57787183e+03
 1.69647202e+02 2.78104889e+02 1.54241541e+03 9.41405762e+02
 2.12509395e+04 2.24128128e+02 2.91949487e+03 3.71466278e+02
 7.52573242e+02 2.26506348e+04 2.10330293e+04 4.58627014e+01
 5.59814575e+02 1.87548477e+02 5.07492584e+02 3.18904468e+03
 8.85369690e+02 5.98983948e+02 9.61528320e+02 1.49271698e+02
 2.36049850e+02 4.06127246e+03 1.87878174e+03 1.73715991e+03
 6.03179382e+02 4.62458057e+03 4.72581201e+03 5.14801453e+02
 4.25589783e+02 1.34211902e+03 5.16749902e+03 1.02091144e+03
 1.15336816e+03 1.15933313e+03 1.65304102e+04 1.46199783e+02
 1.08972192e+03 3.06722382e+02 2.24671265e+03 7.41593945e+03
 1.66237503e+02 5.29406250e+02 1.74492004e+02 2.58755951e+02
 1.18552826e+02 1.77489404e+03 4.57081250e+03 1.19129358e+03
 1.55089170e+04 7.43867090e+03 1.25996396e+04 2.68065857e+02
 2.05295090e+02 8.17333301e+03 4.05402808e+03 4.74518661e+01
 1.51993881e+02 1.48789688e+02 7.29710571e+02 1.12744476e+02
 4.77451439e+01 4.87945117e+04 8.18066113e+03 1.13140999e+02
 8.05295312e+03 5.28410010e+03 1.26409027e+02 2.09369678e+03
 2.54190015e+03 3.56931421e+03 1.72905840e+04 4.14743896e+02
 1.56313171e+03 3.12941333e+03 8.35746387e+03 3.02287061e+03
 5.13785156e+03 7.02526758e+03 5.60363037e+03 2.58679102e+03
 9.41923633e+03 1.46697534e+03 9.02822937e+02 1.63057983e+02
 6.86282104e+02 1.97827051e+03 9.69789844e+03 5.62810586e+04
 1.47312217e+04 2.05839844e+03 1.61868787e+03 9.52370148e+01
 4.82573120e+02 6.46755176e+03 8.74917090e+03 7.91053984e+04
 2.09546768e+02 1.53825439e+03 6.91680359e+02 7.34096191e+02
 2.72428662e+03 2.05872266e+04 1.51121680e+03 1.72046895e+04
 3.02159180e+02 3.53699554e+02 3.11828491e+03 1.04047402e+04
 1.62730205e+04 4.39339648e+03 5.26227490e+03 2.28058929e+01
 4.38714111e+02 2.79870819e+02 5.91267188e+03 1.91271378e+02
 1.10533252e+03 6.83301819e+02 2.10462695e+03 2.12674365e+03
 4.07684113e+02 2.29539722e+03 1.58368994e+03 1.97835010e+03
 9.59546082e+02 6.21978760e+02 3.71712524e+02 3.33609058e+03
 2.63689478e+03 2.53762891e+03 1.21950049e+03 3.16801196e+03
 4.21742096e+01 9.50755664e+03 1.22904309e+03 3.67034210e+02
 4.42729961e+04 7.92395508e+03 1.96557556e+03 1.98335181e+03
 2.11112720e+03 1.35345447e+03 4.45120178e+02 2.36764587e+02
 5.61923047e+03 1.07601050e+03 1.62519521e+04 1.57675293e+03
 1.48790469e+05 1.85799841e+03 3.94435156e+03 7.73607178e+02
 1.66999585e+03 1.50113848e+04 5.64717957e+02 6.53488770e+03
 3.03984375e+02 3.14972095e+03 1.70694080e+03 8.08603638e+02
 1.42467051e+04 1.35359600e+04 1.00383857e+04 5.55241211e+03
 1.44455635e+04 9.43483765e+02 3.67231873e+02 8.17627502e+02
 2.74586029e+02 9.17353897e+01 2.33525101e+02 4.03279785e+02
 3.35299896e+02 2.09568213e+03 3.40834808e+02 7.32127686e+03
 1.90562659e+03 1.47483875e+03 3.64259717e+03 6.61104883e+03
 4.44708923e+02 5.00665576e+03 2.93685449e+03 5.43557910e+03
 1.37145340e+02 3.11834229e+03 4.82283545e+03 5.80412170e+02
 6.09590881e+02 3.35871506e+01 3.10365845e+03 1.83936751e+00
 1.21077002e+03 7.62219971e+03 1.90100830e+03 8.34321442e+01
 3.03423047e+03 2.27619141e+02 9.27066113e+03 5.00299854e+03
 1.11444336e+03 8.82846741e+02 2.51966821e+03 3.19825317e+03
 3.75870239e+03 5.69247864e+02 1.27964380e+03 3.78578339e+02
 1.75143936e+02 4.52313293e+02 5.13414453e+03 2.75861473e+01
 1.43056656e+02 1.24815955e+03 5.38176758e+03 1.95781812e+03
 5.47099707e+03 6.41577148e+01 1.00032616e+02 1.43802700e+01
 2.49256348e+03 2.58058765e+03 2.48129956e+03 3.65008820e+02
 4.25451953e+03 1.41926926e+02 2.14658936e+03 9.80302812e+04
 1.01603145e+04 8.15446484e+03 4.34297607e+02 2.94523770e+04
 9.79896774e+01 1.41558325e+03 1.18018984e+04 1.24036751e+02
 1.47018417e+02 6.81588379e+02 1.27709204e+03 3.42917236e+03
 6.45772119e+03 1.73330005e+03 5.17039746e+03 4.46466650e+03
 1.25735088e+04 7.56515564e+02 1.44492700e+03 3.69906079e+03
 4.92465576e+03 1.04911504e+04 1.20899524e+03 9.27014526e+02
 7.09057109e+04 1.07288447e+04 4.22532471e+03 8.33986740e+01
 1.29781281e+02 6.57647400e+01 1.24784753e+03 5.14414625e+05
 3.33843460e+01 2.21815723e+03 1.24990883e+02 3.34441284e+03
 4.95354248e+02 3.29499658e+03 7.80176807e+03 2.54551831e+03
 4.13026001e+02 1.04077673e+03 5.77717285e+03 6.45529883e+03
 5.44532043e+02 2.15447607e+03 1.78843430e+02 2.29189331e+03]
7888.701
562181.6
