[4.82110528e+08 9.91726016e+04 1.35186406e+05 1.24748326e+09
 2.47583750e+05 2.21143922e+05 4.69057500e+04 5.09684019e+09
 2.02023512e+06 1.01807695e+05 3.54745933e+09 1.37450797e+05
 6.90222234e+09 2.83336406e+05 8.45576953e+04 5.41410304e+08
 2.38612144e+08 1.38774118e+09 1.80501776e+08 2.54416333e+09
 2.27647297e+05 9.74748928e+08 4.71176680e+07 1.28050392e+08
 1.06169477e+05 6.23538000e+05 3.44756875e+06 3.70501660e+03
 2.83621992e+04 7.50843264e+08 3.09453656e+05 2.62017715e+09
 2.47827906e+05 1.90667531e+05 2.35226778e+09 1.98645641e+05
 4.44267461e+04 1.45940801e+04 2.85904938e+05 3.60222422e+04
 4.07361100e+06 2.75680870e+09 4.92958789e+04 1.12377891e+05
 5.07625728e+09 2.96981938e+05 6.69613672e+04 1.90740812e+05
 1.18660047e+05 1.78735075e+06 1.58690688e+08 2.05517562e+05
 1.13040820e+04 4.99697613e+09 7.33177812e+04 3.75940800e+08
 1.34288406e+05 3.55924175e+06 1.53865281e+05 1.27024563e+09
 1.85752550e+09 1.22782872e+08 6.82718828e+04 2.78629707e+04
 5.39429312e+08 4.90587656e+05 2.50761584e+08 3.05327285e+04
 1.11376371e+09 3.97404969e+05 3.78538240e+08 7.25655120e+07
 1.01127281e+05 4.01476797e+04 2.10739868e+03 3.35352891e+04
 1.44872859e+05 1.45986612e+06 5.48397578e+04 2.43178660e+07
 3.43701696e+08 7.28207031e+04 9.53209922e+04 7.78079766e+04
 1.68513254e+09 1.01611631e+04 9.05475859e+04 6.27387578e+04
 3.26262559e+04 8.13009600e+07 2.94875684e+03 6.63475507e+09
 6.06756406e+04 2.06294592e+09 4.39500022e+10 2.00610293e+04
 7.64062305e+03 9.46192266e+04 2.04886438e+09 5.00738184e+03
 4.97294560e+08 1.66430720e+09 1.57700205e+04 1.35103174e+04
 1.08793234e+05 8.66566641e+04 4.14617539e+04 1.11664148e+05
 5.78969883e+04 7.93617822e+03 2.89045264e+03 7.77494250e+05
 2.94833965e+04 8.31062656e+04 6.08056250e+05 2.78939424e+08
 3.63672500e+04 2.61641856e+09 3.75904281e+05 1.75178574e+04
 4.13541536e+08 5.77163520e+09 2.75491219e+05 2.74130637e+10
 6.51900781e+04 1.91874240e+08 2.15642324e+04 2.67578359e+04
 5.53868828e+04 1.15768734e+05 6.29479648e+04 2.15653105e+04
 5.64846758e+04 1.37388857e+04 2.59144934e+09 7.37594048e+08
 2.65052006e+09 4.24268164e+04 9.85865703e+04 1.22953382e+09
 3.06252156e+05 5.94838438e+05 1.27552900e+06 1.52529037e+09
 4.95124019e+09 2.60112480e+04 1.09744816e+08 1.71698278e+09
 1.81510093e+09 8.38741438e+05 6.12214080e+08 1.95215680e+08
 2.20463920e+08 7.85445000e+04 6.05777266e+04 4.58876880e+07
 1.03711475e+04 8.17189504e+08 1.46992528e+08 7.40847258e+09
 3.54454656e+09 1.63191768e+04 1.01830820e+04 5.64236352e+08
 4.10460125e+05 3.16936625e+05 7.03589844e+04 7.06453359e+04
 1.29078304e+08 1.18928800e+06 2.73191455e+03 1.16838285e+09
 5.48267188e+05 4.87775712e+08 9.84988352e+08 1.38458844e+05
 2.33769641e+05 5.77597888e+08 1.01671711e+05 9.44446400e+08
 1.05676539e+05 8.84571040e+07 1.30722670e+07 3.59613440e+09
 1.42365696e+08 3.05048613e+04 8.67734082e+03 8.65508125e+04
 4.66147578e+04 1.02148584e+08 4.40787852e+04 1.86425188e+05
 3.93169648e+04 1.71469328e+05 3.31251562e+05 2.86995820e+04
 3.21890425e+06 6.37097734e+04 2.49443887e+04 2.65004812e+05
 4.27968828e+04 3.26550594e+05 7.72038867e+03 2.65309629e+04
 2.47755100e+10 9.25563800e+06 4.10008384e+08 2.86374688e+05
 4.68399609e+04 1.96357969e+05 2.23879707e+04 1.09204203e+05
 1.26622720e+07 4.61194656e+05 2.33707536e+08 2.46249043e+04
 3.33455438e+05 8.92523828e+03 2.76160875e+05 7.99603027e+03
 8.15064531e+04 1.76913600e+09 1.61098141e+05 1.43479214e+10
 5.43781738e+03 5.35919500e+05 4.36364375e+04 3.23990845e+03
 7.43244141e+04 3.91106848e+08 2.77067012e+04 1.40484009e+03
 4.35329219e+05 1.12604172e+05 1.86751250e+05 1.99016352e+08
 1.19935208e+08 1.25179898e+05 9.24128750e+04 2.77196543e+04
 5.54707840e+08 4.13571992e+04 2.70841165e+09 9.08588224e+08
 8.50610625e+04 2.25727770e+09 8.41114112e+08 1.36513779e+04
 5.83693875e+05 5.46252186e+10 1.80547363e+04 8.44699438e+05
 1.20861084e+04 1.58095469e+05 3.60687539e+04 4.81420703e+04
 1.31129688e+05 1.46526924e+04 3.98497388e+03 5.08737158e+03
 1.11520512e+06 2.75445632e+08 2.28585150e+06 2.49232773e+04
 5.18320586e+04 5.26010368e+08 4.00585547e+04 3.37722176e+08
 5.65669062e+05 1.91732787e+09 1.05958633e+04 7.87829250e+05
 8.24621406e+04 5.50346304e+08 4.08302848e+08 9.88349375e+04
 7.85926080e+08 1.32230425e+06 1.71478625e+05 2.07633812e+06
 6.62317312e+08 2.48772582e+09 7.84678750e+04 1.64997797e+05
 3.45966484e+04 2.96523562e+05 3.49609469e+05 5.32745574e+09
 3.57690240e+07 3.13961165e+09 2.03748980e+07 1.13613484e+05
 9.21486016e+08 1.88149492e+04 8.03822784e+08 3.85090273e+04
 5.75972224e+08 1.67731456e+09 4.31276836e+04 2.85136582e+04
 2.34036084e+03 2.29380896e+08 3.68923264e+09 8.30215526e+09
 5.34302976e+09 1.00758454e+11 3.86308320e+08 9.10052659e+09
 3.51185880e+07 5.31824922e+04 7.16821777e+03 7.27875293e+03
 2.37596650e+06 6.51741760e+08 2.79797312e+05 2.08841828e+05
 1.22910562e+05 3.48298000e+05 3.85973406e+05 3.23421920e+08
 3.33510281e+05 6.18603250e+05 4.79492352e+08 1.01961165e+09
 1.03786725e+06 5.74696055e+04 1.98473073e+10 6.27765391e+04
 6.27190976e+08 3.08783525e+06 1.16280828e+05 4.54694609e+04
 2.05177383e+04 1.18077648e+08 6.77717280e+07 5.23563930e+09
 2.19042305e+04 2.19101875e+04 1.37852275e+06 6.94015625e+04
 6.43913984e+08 1.69498650e+09 1.38071328e+05 5.01350758e+09
 4.38784375e+04 4.70118164e+04 2.07816406e+04 1.45848625e+05
 1.58350025e+06 1.72728750e+04 2.07778388e+06 1.42902300e+06
 1.88536620e+07 8.41807232e+08 7.26960781e+04 6.11367562e+05
 2.71853469e+05 1.20563853e+09 2.16898227e+09 2.47556562e+05
 1.01519825e+06 2.00971288e+06 5.11461018e+09 6.29900547e+04
 7.00868045e+09 8.03478144e+08 1.78042391e+05 4.00350039e+04
 2.08499343e+10 4.58437530e+09 7.45867062e+05 9.60210000e+07
 6.06737850e+06 1.72459434e+04 4.79025440e+07 7.11624562e+05
 2.04438875e+06 4.07724727e+04 6.36977600e+08 4.18613625e+05
 4.87547034e+09 1.04619131e+06 3.00723400e+06 1.14418844e+05
 9.37331484e+04 7.48178688e+05 7.13893760e+07 7.09798688e+05
 5.56357325e+09 3.45851240e+07 9.52257125e+05 1.43943312e+08
 2.45438047e+04 1.16394562e+05 9.31755200e+08 5.89297050e+09
 3.01131777e+04 2.38656870e+09 9.45880500e+05 1.84724664e+10
 5.26260039e+04 4.88680680e+07 1.38284288e+08 4.29282461e+04
 4.64920704e+08 1.00636289e+05 7.81875840e+08 5.95081536e+08
 1.86893566e+11 4.12291250e+04 1.42278734e+05 3.25382375e+06
 7.08025125e+05 2.73920410e+04 2.16214170e+09 1.67085056e+09
 1.66000438e+05 4.87033219e+05 1.65262750e+05 4.07871500e+05
 3.67737651e+09 6.04271744e+08 9.03734062e+04 4.29805056e+09
 2.34238176e+08 4.35306992e+04 3.60706432e+09 3.14363262e+04
 6.78618214e+09 1.73790944e+08 5.29781088e+08 3.09372416e+09
 4.03025984e+08 2.05167312e+05 3.38336836e+04 1.64048031e+05
 5.76210752e+08 1.25325227e+05 8.27118400e+08 5.86112312e+05
 2.26817406e+05 7.93941641e+04 8.89254297e+04 7.74335375e+05
 5.40678912e+08 1.01034824e+04 2.85117715e+04 7.91090586e+09
 4.07344800e+07 3.17881406e+05 5.64993506e+03 4.60206940e+10
 9.87962344e+04 2.94284518e+09 3.05479250e+05 1.07416387e+04
 1.97245438e+05 1.36514278e+09 4.94885530e+09 3.61946080e+07
 5.86064336e+04 2.12627777e+02 3.64460625e+04 2.06300625e+04
 1.79703629e+09 1.89233887e+03 7.52348096e+08 1.08901182e+04
 1.06543938e+05 1.00274534e+10 1.70996016e+05 4.34817969e+04
 7.79497734e+04 2.44570410e+04 2.32646562e+04 2.33936484e+05
 4.37604639e+03 1.34612032e+08 7.82462144e+08 2.21872422e+04
 4.08186625e+05 2.32689331e+09 1.84168797e+05 1.08030408e+08
 6.46650703e+04 1.20951852e+05 1.80808047e+05 1.02798715e+10
 4.79798750e+04 1.70725609e+05 1.19292133e+05 4.70878784e+08
 1.53911248e+08 1.25653658e+09 1.10458898e+05 1.42739531e+04
 3.28103984e+04 9.29199000e+05 3.09803809e+04 5.91047891e+04
 2.03707305e+04 5.04449056e+08 3.10099594e+05 6.21942578e+04
 4.87477930e+04 3.30551776e+08 4.17165156e+04 1.69661078e+05
 3.74409750e+05 7.97422109e+04 1.79182469e+05 6.91333516e+04
 1.03625624e+08 3.87772500e+04 4.04746328e+04 3.92231091e+09
 2.86137446e+09 6.56027891e+04 1.57003661e+09 1.64095406e+05
 3.88634688e+04 5.97560188e+05 2.47082453e+05 1.23082312e+05
 1.88462746e+09 3.48494414e+04 7.49210547e+04 2.58024704e+09
 9.30325234e+04 8.07463360e+08 1.24931582e+04 8.94142676e+03
 1.42515820e+04 1.14573281e+05 2.08777456e+08 4.96588711e+04
 5.27070618e+09 1.44308888e+06 1.20705254e+09 4.36464512e+08
 2.56712750e+05 1.02161370e+07 3.05389568e+08 7.58912500e+04
 4.08995136e+08 1.05931654e+09 6.45522070e+04 2.88048613e+04
 9.86781562e+05 2.55991734e+05 1.44702844e+05 3.61031055e+04
 9.60169062e+04 3.66821056e+08 8.36907734e+04 3.87904608e+08
 3.18794719e+05 1.77444734e+05 4.59415000e+04 2.69245125e+05
 4.80798157e+09 2.03977920e+09 1.42129922e+05 4.00917888e+08
 9.44222852e+03 3.03343398e+04 2.60070117e+03 6.35082701e+09
 3.84985656e+05 1.02398000e+08 2.60579234e+05 4.43242844e+05
 9.04246682e+09 1.71414438e+09 1.98498032e+08 2.68324344e+05
 8.44137812e+04 1.77845840e+04 2.34952969e+05 8.85610840e+03
 1.48881910e+10 3.13725594e+05 1.98877238e+06 2.83683680e+08
 1.44654554e+09 1.85536840e+10 6.06147227e+04 9.17839844e+04
 1.36869094e+05 3.79004812e+05 2.60307866e+09 1.03061578e+05
 1.20567500e+06 1.36061824e+08 7.33483875e+05 5.67974080e+08
 1.80224727e+04 1.49214043e+04 2.22348240e+08 9.43034297e+04
 2.40474931e+09 1.16078848e+09 2.72877852e+04 3.68044414e+04
 6.28384666e+09 5.41934219e+04 2.04080094e+05 1.22220953e+05
 1.72123808e+08 4.63400977e+04 1.43238560e+08 3.11725219e+05
 2.50883750e+05 1.59292438e+05 1.27091719e+05 1.12605184e+08
 1.65791862e+06 7.51332312e+05 3.13535375e+06 2.88088219e+05
 3.17142324e+04 1.28925005e+09 4.95962688e+08 4.03444043e+03
 4.77646094e+05 6.98233375e+05 1.07336198e+09 2.43726504e+04
 1.94001859e+05 5.65075188e+05 6.10376992e+04 4.27511094e+04
 5.45210703e+04 7.61825536e+08 3.52006438e+05 3.57696797e+04
 5.84277248e+08 8.39784922e+04 3.94521211e+04 1.09535025e+06
 2.19833318e+09 1.02836961e+05 1.10425555e+05 2.44885034e+03
 6.25205250e+06 2.23147250e+05 2.11086758e+09 6.75528704e+08
 7.74183750e+04 1.45088531e+02 1.06681094e+04 9.11322734e+04
 2.43399040e+09 5.36682464e+08 1.82748422e+05 7.32830240e+07
 1.66538240e+08 3.71975936e+08 4.41740031e+05 5.92342272e+08
 7.72583808e+08 8.67067008e+08 1.07470157e+09 4.92012109e+04
 9.61993047e+04 1.19572531e+09 1.26036422e+05 3.38467812e+05
 3.66318188e+05 1.69104359e+05 1.06677525e+06 1.06455850e+04
 5.03421344e+08 4.86328525e+09 2.79887258e+09 4.78041139e+09
 7.84551318e+03 7.33215859e+04 3.60313969e+05 4.90111456e+08
 7.63949609e+04 5.45026953e+03 9.55725000e+03 1.33896078e+05
 2.68381850e+09 2.90997031e+05 4.43711035e+03 4.06973344e+05
 2.00342766e+05 3.01227520e+08 5.94291680e+04 5.15299281e+05
 5.64628032e+08 2.08357531e+05 3.79746753e+03 1.97158641e+05
 3.96713125e+06 2.71852480e+08 2.76726055e+04 1.28353062e+05
 1.25681800e+07 1.22177062e+05 2.77965381e+03 2.96813926e+04
 9.97006912e+08 1.75887281e+05 6.74570264e+03 6.27381897e+02
 1.85411981e+09 8.08393828e+04 5.69916928e+08 2.27000047e+05
 4.31142375e+05 4.71772365e+09 2.23303375e+05 1.46789388e+06
 1.45669275e+06 1.15510719e+05 5.35621523e+04 3.21784344e+05
 1.19203625e+06 2.15862839e+02 3.35057773e+04 1.31452058e+10
 1.63535254e+04 4.82344336e+04 9.25550144e+08 1.63041096e+10
 6.11512730e+09 8.20897600e+08 6.93010438e+05 2.87914277e+04
 3.63624750e+05 4.44887398e+09 6.83848000e+08 3.20259424e+08
 2.80971328e+04 6.94334375e+04 3.26030312e+05 8.02476224e+08
 5.54957562e+05 2.05347109e+04 8.89228928e+08 1.37478484e+05
 2.13442995e+09 3.01972871e+04 1.17483790e+07 1.02704909e+09
 6.35344116e+02 1.38948291e+04 2.79946719e+05 2.65140664e+04
 8.76837344e+04 1.80651008e+09 6.55935078e+04 1.18041727e+05
 1.14969477e+05 8.57307031e+04 6.24796928e+09 2.69301696e+08
 5.51717581e+09 3.47970728e+03 9.97854609e+04 1.61679578e+09
 1.49172512e+08 5.65015625e+04 1.94948781e+05 1.22974773e+05
 2.87823730e+04 1.91319834e+09 5.80100045e+09 1.53667625e+05
 2.04002632e+10 8.32263750e+04 7.13720000e+08 3.86643672e+04
 2.11546152e+04 2.53982559e+04 1.49002859e+05 1.11171430e+05
 3.58249920e+07 1.64189172e+05 2.37750080e+08 2.98562260e+07
 2.35516367e+04 6.08977216e+08 1.91417638e+06 3.01661426e+04
 2.69549062e+05 3.07973150e+06 7.02658320e+07 2.00613901e+09
 1.36466688e+05 3.26276019e+09 2.11613786e+09 1.03837953e+05
 8.03094938e+05 5.54747148e+04 2.06289616e+08 7.29328688e+05
 1.85896864e+08 1.56410531e+05 3.92933477e+04 1.17888914e+05
 1.52354576e+08 4.22130031e+05 5.48801075e+09 2.73795078e+04
 8.67497168e+03 6.24805376e+09 1.29423711e+05 1.03002262e+06
 3.34326144e+09 4.77792852e+04 3.28051424e+08 1.69369797e+05
 4.31315000e+07 4.07559168e+08 9.73206426e+09 3.07521656e+05
 2.60241250e+05 1.61771232e+08 2.83212156e+05 7.17188438e+04
 5.71762125e+05 4.88913719e+05 1.33352016e+05 1.04196639e+10
 9.39303616e+08 1.09094539e+05 5.93507686e+09 1.17296925e+06
 2.76854554e+09 2.16980031e+05 8.02900880e+07 3.50468555e+04
 5.88127488e+08 2.86160879e+04 1.56026544e+08 1.22750891e+05
 8.31129375e+04 4.66322000e+05 5.50133945e+04 1.32580198e+10
 2.41204883e+04 5.33454656e+08 5.03569984e+08 3.44576512e+08
 1.14365039e+04 2.50673872e+08 7.24190078e+04 1.04289668e+04
 2.28945280e+08 8.83614336e+08 1.49965722e+09 9.11521216e+08
 1.86656938e+05 8.81271375e+05 1.16684664e+05 4.86944531e+04
 1.42448950e+06 2.16907625e+05 3.91497073e+10 1.89793037e+09
 4.27101536e+08 3.28048281e+04 1.45495200e+08 1.22066396e+04
 1.02509100e+06 1.29031859e+05 1.17771675e+06 4.08415859e+04
 8.18059100e+06 2.27369570e+04 1.02479096e+08 9.24729688e+04
 1.44972197e+04 1.15875277e+09 1.42045469e+04 1.54294938e+09
 2.68381699e+04 3.01446781e+05 4.21793040e+07 2.70559250e+05
 3.63101670e+09 2.00530578e+05 2.67051848e+10 2.37555250e+06
 8.82467900e+06 4.42044800e+08 1.56578765e+09 1.13034163e+09
 1.98328016e+08 3.88871641e+04 2.31644844e+04 8.22408984e+04
 7.24544219e+04 1.37713984e+04 3.12404454e+09 1.34551117e+09
 2.06685664e+04 1.58439200e+07 3.43935469e+04 2.37684109e+05
 5.03775456e+08 9.41870703e+04 1.97268237e+03 1.86717450e+10
 7.20729688e+04 2.58252006e+09 3.45805156e+05 7.20743312e+05
 6.77060469e+04 4.77170195e+04 2.00348621e+09 1.79663613e+04
 4.39737383e+04 3.93521562e+09 6.91696143e+03 2.31234326e+03
 3.10694844e+05 3.61298633e+04 2.20914970e+09 5.25858555e+04
 6.27276096e+08 1.06358162e+06 2.29929863e+04 5.23276616e+10
 4.25594500e+05 4.20632891e+04 1.41884851e+09 1.71194512e+08
 8.51070215e+03 3.76943008e+04 1.18470258e+05 1.45429690e+07
 6.54041289e+04 4.16139883e+04 1.79395953e+05 1.72739406e+05
 1.30188544e+09 1.46047141e+05 8.49407969e+04 6.75768512e+08
 3.28739040e+08 1.36121136e+08 4.35872512e+09 1.79500734e+05
 2.43597172e+05 2.32141152e+04 1.26246512e+06 2.58134520e+07
 6.16618812e+05 3.65646400e+07 2.08726426e+04 2.28583175e+06
 6.76930240e+07 1.78458797e+05 3.95069625e+05 8.04517248e+08
 2.09773984e+04 7.38476640e+07 3.96973945e+04 1.11631053e+10
 5.51333688e+05 1.85889043e+04 2.14223750e+04 9.42929609e+04
 1.01757696e+10 6.22444312e+05 2.99672891e+04 7.93796544e+08
 1.61242359e+05 2.07509024e+08 3.44919688e+04 1.34732323e+01
 3.55609190e+10 1.89071953e+04 1.28418828e+05 1.41561748e+04
 1.48975792e+08 5.60128125e+03 7.66464453e+04 2.29272474e+10
 1.55813850e+09 1.04144640e+08 4.03358477e+04 1.16377412e+06
 4.37229363e+09 3.67832038e+09 9.44690156e+04 5.51127930e+04
 1.74315898e+04 1.90098145e+04 2.38335309e+09 4.32867379e+09
 3.56378828e+04 2.03777740e+02 1.03430367e+05 8.28761953e+04]
