[4.05398926e+02 2.25280075e+01 1.57458572e+01 1.68045618e+03
 7.85652441e+03 2.85460400e+03 1.91825195e+02 1.04168005e+03
 1.19832568e+03 3.50950775e+02 2.06614917e+03 6.45851440e+01
 3.71365000e+04 1.76753052e+02 1.40589343e+03 3.66982251e+03
 2.47054688e+04 1.25917700e+03 1.06869834e+04 1.13935166e+04
 9.44931335e+02 1.39020248e+02 2.11419344e+05 3.74722217e+03
 2.43629959e+02 5.32027148e+04 1.01106844e+05 9.26997559e+03
 5.11835663e+02 4.33572197e+01 8.41896912e+02 3.02602051e+03
 5.49563232e+02 1.66023914e+03 1.02353154e+04 1.47310864e+03
 2.98035950e+02 1.22774811e+02 3.27319580e+02 1.30360428e+02
 1.72583281e+04 9.15805206e+01 2.60247217e+03 9.94104099e+00
 2.06708228e+03 1.95290588e+02 2.81286545e+01 1.86921631e+02
 5.89354639e+03 9.80505737e+02 1.82726669e+02 9.58863525e+01
 1.00166248e+03 3.06686426e+03 1.06831995e+03 3.10902130e+02
 8.25766504e+03 1.94592695e+04 3.23631616e+03 7.44521606e+02
 1.61546709e+04 3.67555103e+03 3.93636011e+03 5.22939392e+02
 6.94461975e+02 1.29711504e+04 2.00353137e+03 9.13909058e+02
 8.00279770e+01 1.89116907e+03 1.06384377e+02 2.20498840e+02
 5.07191406e+02 4.92580176e+03 4.80282715e+02 6.81837598e+03
 2.76140479e+03 7.53849072e+03 5.58784485e+02 2.81337773e+04
 3.63716644e+02 5.77237695e+03 4.55972198e+02 6.92232742e+01
 4.54058691e+03 1.21915784e+03 2.66672028e+02 3.34718597e+02
 1.52667224e+03 3.11472266e+03 4.17339020e+02 5.16669375e+04
 9.34616776e+01 7.51825439e+03 3.09982578e+04 1.16259192e+03
 2.41561353e+03 4.23261084e+03 2.97963281e+03 1.23157082e+02
 5.90327588e+03 8.12990723e+02 7.60964294e+02 2.84522369e+02
 9.39130478e+01 1.68655859e+03 2.42872757e+02 2.43894882e+02
 3.80391504e+03 9.50682983e+01 1.92842334e+03 6.22396301e+02
 1.15314270e+03 7.10445862e+02 1.34603149e+03 3.44697052e+02
 2.49953659e+02 2.54053076e+03 4.43936914e+03 1.42086316e+03
 9.69382690e+02 6.43252945e+01 4.29318695e+02 7.45403564e+03
 1.07089465e+03 1.63846344e+02 6.31778015e+02 9.11636887e+01
 4.03401611e+02 1.20651660e+03 3.44010124e+01 4.74009514e+00
 9.43550293e+02 2.84002594e+02 4.32870056e+02 1.36304163e+03
 9.12885840e+03 1.20920303e+02 3.35614868e+02 1.16674353e+03
 1.17303638e+03 1.00011396e+04 5.75654736e+03 2.09695044e+03
 2.46511792e+03 1.31775894e+02 1.75607620e+02 1.53752917e+03
 1.23139092e+04 3.48764355e+03 3.88362183e+02 1.11324443e+04
 2.19988663e+02 1.29095335e+01 1.97981152e+03 3.22617981e+02
 7.26189697e+02 3.06568672e+04 9.87645645e+01 2.73764375e+04
 1.14035352e+04 2.52051514e+02 1.09328003e+03 4.69637970e+02
 5.56766907e+02 3.87153961e+02 7.01298065e+01 1.72317358e+03
 2.42670386e+03 5.90973926e+03 3.76401398e+02 1.01589154e+03
 5.40134460e+02 1.20309534e+03 3.06677344e+03 1.71002869e+02
 5.12187988e+02 7.83646240e+02 4.63406799e+02 3.79849922e+04
 7.34002100e+03 1.52733414e+02 1.02935711e+05 5.95042725e+02
 2.25498642e+02 1.42851196e+03 1.68362378e+03 1.93913550e+03
 1.35265613e+03 6.44944824e+02 2.28854111e+02 4.31244598e+02
 7.51364746e+01 3.53514832e+02 2.28755957e+03 2.24578323e+02
 1.02157715e+04 9.66898804e+02 1.59153748e+03 5.21902637e+03
 6.45679504e+02 5.66259180e+03 4.94646416e+01 4.78117432e+02
 3.49559531e+04 1.78054065e+03 9.60594788e+01 3.18977623e+01
 1.98251541e+02 1.91570740e+03 1.58470123e+02 9.53834076e+01
 7.57332458e+02 2.97061157e+03 3.41856079e+02 2.45260895e+02
 6.73666382e+01 1.26042786e+03 4.17525830e+03 1.52348157e+03
 5.49618263e+01 6.52304993e+02 1.36818832e+02 1.64746406e+04
 6.99924377e+02 1.22217456e+03 3.74132715e+03 4.97191132e+02
 1.19647192e+03 1.97029282e+02 1.02351337e+03 2.37904297e+03
 4.62398779e+03 2.83644928e+02 1.77372971e+02 4.76915576e+03
 1.87595627e+02 1.21324898e+02 5.48184375e+03 1.42404327e+02
 9.88906708e+01 1.82592590e+02 7.97545471e+02 9.13173279e+02
 1.59929764e+02 1.76555557e+02 1.41708960e+03 2.45447729e+03
 2.31508427e+01 2.94324243e+03 1.01687912e+02 8.43270801e+03
 5.51748848e+01 4.87470932e+01 1.56292676e+03 1.33388696e+03
 2.89481415e+02 8.81889954e+01 8.21774536e+02 5.01994514e+01
 3.13930762e+04 9.75313086e+03 2.14967041e+03 1.57430710e+02
 7.52545105e+02 1.07366051e+02 4.47504692e+01 1.01698816e+03
 2.12957007e+03 3.70716089e+03 1.20869116e+03 7.07468408e+03
 9.20153351e+01 1.15477881e+03 5.33210449e+03 2.76339539e+02
 1.14294326e+04 8.04819434e+03 9.38384033e+02 5.33250664e+04
 7.91765808e+02 5.22130127e+03 2.25501904e+03 7.08178253e+01
 7.51171692e+02 4.78027313e+02 1.19462756e+03 3.16170728e+03
 3.84715485e+02 6.28929883e+03 5.79164258e+04 9.56759216e+02
 1.01179834e+04 3.65751114e+01 1.14307935e+03 1.10266113e+03
 1.47370728e+03 3.27389648e+02 1.08958994e+04 5.67875244e+02
 1.19468066e+03 6.25609818e+01 1.46244217e+02 1.48523027e+04
 5.87536572e+03 9.23861719e+03 1.20733191e+03 2.16843796e+02
 4.06944794e+02 1.79688770e+03 1.46493555e+03 7.40831909e+01
 8.98418945e+03 1.41079807e+01 6.35806923e+01 1.21006904e+04
 9.08313379e+03 9.22023828e+03 1.89099915e+03 3.55772949e+03
 2.04216568e+02 5.86041443e+02 3.81927515e+03 1.54820044e+03
 2.66713013e+03 9.67064331e+02 1.43505701e+03 1.31504382e+03
 6.45003296e+02 5.21416016e+03 1.43469629e+03 3.20869049e+02
 2.93858582e+02 4.19049988e+02 4.83849304e+02 1.53169404e+04
 6.27382324e+02 1.29201123e+03 1.42203779e+04 5.21928711e+02
 5.39649109e+02 6.84719421e+02 2.19942725e+03 1.06841528e+03
 4.49424133e+02 4.67036247e+01 7.45979248e+02 4.18055267e+02
 1.06173071e+03 5.78079414e+01 2.79283276e+03 2.37800410e+04
 1.85884003e+02 3.95375024e+03 3.17391992e+03 4.79336517e+02
 2.59324390e+03 3.22398364e+03 3.85982300e+02 3.18284790e+02
 1.73048547e+03 1.59108066e+04 9.98325488e+03 1.47071570e+03
 4.00515078e+04 3.00200122e+03 1.89154099e+02 7.85580902e+01
 1.29181514e+04 6.32472046e+02 5.18932764e+03 3.51270264e+03
 3.46870273e+04 1.76877661e+03 1.60183334e+02 1.09694277e+04
 3.52596758e+04 1.16731455e+04 1.21712402e+02 6.01827698e+02
 8.32533035e+01 2.04909707e+04 1.27274277e+04 5.19432800e+02
 4.70830444e+02 6.80566597e+00 2.60049774e+02 1.59114960e+02
 4.43011963e+03 7.96740295e+02 6.93203979e+02 2.60889160e+02
 1.95546844e+02 1.53569824e+02 9.50138123e+02 2.83944244e+02
 5.59524002e+01 1.39019604e+03 2.41316821e+03 7.73547510e+03
 1.43595591e+01 5.73917969e+02 2.72467537e+01 1.12579498e+02
 1.16046582e+04 3.94139062e+03 8.41841660e+01 2.23981873e+02
 2.95328312e+05 1.86148535e+03 1.90345871e+02 4.78672600e+01
 8.52841858e+02 2.26521777e+03 1.60821016e+04 9.42915955e+01
 3.10256977e+01 1.42993369e+04 2.00578418e+03 2.54944572e+01
 2.95011084e+03 2.03045471e+03 4.51984253e+02 5.01252716e+02
 5.65823860e+01 1.47063757e+03 1.83835793e+01 2.07096039e+02
 6.04492676e+03 8.43421692e+02 1.06316016e+03 7.87457031e+02
 1.05955359e+03 6.32086914e+03 6.47754135e+01 4.01364319e+02
 8.71509521e+02 4.74605591e+02 1.31869373e+03 8.48723698e+00
 3.89031921e+02 5.42576965e+02 3.26145508e+02 1.08440566e+04
 1.17518356e+02 5.49765137e+02 9.72980408e+02 8.62470581e+02
 8.58086609e+02 3.42402661e+03 1.10384314e+03 3.47748844e+05
 1.62195709e+02 1.10141797e+03 1.28127380e+03 2.16712549e+03
 8.63981323e+01 3.43738110e+03 3.29699707e+03 2.30478745e+01
 2.58921875e+02 2.11242334e+03 2.53749438e+03 3.59308563e+02
 9.76718945e+03 2.12969303e+01 2.67264990e+03 1.24722144e+03
 2.28125839e+02 3.85780518e+03 4.57359326e+03 4.00878345e+03
 9.85234436e+02 9.84821960e+02 1.91518288e+01 1.70368457e+04
 2.07862244e+02 9.16968262e+02 1.45213867e+03 7.75567078e+02
 1.04259985e+03 7.22765121e+01 1.19924034e+02 1.95695190e+03
 1.07109070e+02 1.27995203e+03 1.72462646e+02 4.15037109e+04
 3.12996216e+03 6.16165428e+01 1.62014496e+02 1.60101624e+03
 3.20288200e+01 1.75844360e+03 1.05242973e+02 6.48078491e+02
 7.09264099e+02 4.28920391e+04 1.18429663e+03 1.58857605e+03
 2.51816696e+02 4.92844696e+02 3.77450293e+03 2.45603577e+02
 1.46074310e+02 1.88560410e+02 3.52974915e+02 6.96699829e+02
 3.59835181e+03 1.33479233e+02 1.27236047e+03 3.25058789e+03
 2.00594635e+02 8.92464905e+02 2.23421600e+02 5.22506787e+03
 4.32542188e+03 1.25507217e+02 2.45436328e+03 1.47214584e+02
 3.27063477e+03 2.35185078e+04 3.06491699e+02 1.36233813e+03
 1.97364961e+04 5.32885254e+02 4.14258881e+01 8.37387305e+03
 7.35237744e+03 1.06072021e+03 8.06611023e+02 1.15255420e+03
 1.25151685e+03 9.18579712e+02 8.68710938e+01 4.94258003e+01
 5.20100049e+03 7.59728467e+03 7.25367920e+02 1.00080322e+02
 1.83793994e+03 7.05526562e+03 7.12043839e+01 1.64552161e+03
 1.30057007e+02 3.67479858e+03 2.42286206e+03 1.11240913e+02
 3.86412689e+02 5.34429871e+02 1.47575083e+01 3.86345459e+02
 1.05515854e+02 9.83465500e+01 7.57061768e+02 4.94570996e+03
 3.53786224e+02 1.12787122e+03 2.05077057e+01 2.54099091e+02
 1.67403113e+03 1.51827356e+03 3.14770508e+03 2.79547787e+01
 9.78497314e+02 6.01340637e+02 3.77440674e+02 4.59512539e+04
 1.34625781e+03 7.66761169e+01 2.04440808e+03 6.78594434e+03
 4.98679492e+03 3.99483765e+03 3.13641357e+03 3.53243799e+03
 1.34356177e+03 1.42421655e+03 6.86461084e+03 1.00216682e+02
 2.69836797e+04 1.98895615e+02 1.68485605e+04 4.62570947e+03
 5.11350879e+03 4.74215039e+04 1.21629280e+02 1.56379810e+03
 3.76165344e+02 3.78237354e+03 6.82382080e+03 1.03561607e+02
 4.04989429e+03 6.32194862e+01 6.80769501e+01 1.82273596e+03
 1.38282837e+02 2.46594864e+02 5.95793604e+03 1.30108109e+01
 4.95590723e+03 1.77227363e+04 6.37115097e+01 4.66969531e+03
 5.49095801e+03 3.73618225e+02 1.51520251e+03 2.09077417e+03
 7.20421143e+03 2.12515039e+03 3.83584671e+01 2.75732727e+02
 8.17737915e+02 4.17585156e+03 1.56453931e+03 3.97720728e+03
 5.99916504e+03 8.69223926e+03 8.59405176e+03 1.70460566e+04
 6.89271912e+02 5.53194641e+02 2.14364136e+02 1.29090805e+02
 2.00149866e+03 1.61089160e+03 5.46851074e+02 5.33001465e+02
 3.30029236e+02 8.59467871e+03 3.87630054e+03 1.56324341e+02
 8.68814758e+02 2.85146759e+02 3.56820282e+02 7.00484497e+02
 8.66046326e+02 3.79712860e+02 1.89263782e+03 1.31255762e+03
 2.14723755e+02 7.60700830e+03 9.36655823e+02 4.72103653e+01
 2.21694422e+05 2.03637447e+01 1.34997449e+03 1.52882471e+04
 2.02087593e+01 1.33467871e+03 2.65528870e+01 6.92964294e+02
 3.41485083e+03 2.18706714e+03 1.10903711e+03 1.04516199e+03
 2.52747955e+02 5.58323914e+02 1.01291089e+03 1.80816635e+02
 4.31908984e+03 1.08547383e+04 5.13650452e+02 2.50007812e+03
 3.60796428e+00 3.48792993e+03 2.63053925e+02 4.55306885e+03
 2.99543549e+02 1.02016251e+02 2.78470874e+03 6.60329651e+02
 1.83207397e+02 1.93404141e+04 3.80680737e+03 7.20257471e+03
 5.94841614e+02 8.00145325e+02 7.12283301e+03 6.26089258e+03
 1.23750381e+02 1.54594223e+02 4.16589935e+02 2.71664185e+03
 1.80222969e+01 1.69367035e+02 9.13136841e+02 2.77733496e+04
 2.13115234e+02 6.75141016e+03 1.50391220e+02 1.30590775e+02
 3.71680527e+01 2.38310272e+02 1.49979980e+02 6.71236115e+01
 3.09720264e+03 1.05663354e+03 8.00627441e+02 1.06242017e+03
 3.28630280e+02 2.25814014e+03 2.79149689e+02 6.77009583e+02
 2.54988867e+03 4.25202454e+02 3.49439026e+02 1.62274551e+02
 3.34752588e+03 3.57535553e+02 4.41344092e+03 5.92803101e+02
 6.47284033e+03 1.13723364e+03 4.97389221e+02 6.30047314e+03
 3.82761768e+03 1.29881912e+02 4.87527733e+01 5.29105286e+02
 3.93900757e+03 1.97320544e+03 3.10970020e+03 2.43237442e+02
 3.14428101e+02 4.44820435e+02 2.48963110e+03 8.08120898e+03
 7.85445068e+03 7.57726123e+03 1.71704559e+02 8.81787170e+02
 7.97050524e+00 2.28503662e+03 3.36894062e+04 2.97980042e+02
 1.37647461e+02 2.03941760e+03 1.02510730e+03 1.76478379e+04
 4.69416382e+02 1.25824753e+02 8.51754883e+03 6.79814880e+02
 1.90280383e+03 6.40517944e+02 2.57196445e+04 1.47885504e+01
 2.40495499e+02 1.28234314e+02 3.82139673e+03 1.54121912e+03
 4.78597992e+02 3.27535962e+03 4.25913361e+02 1.36958569e+03
 3.32490631e+02 1.07697121e+02 1.38503271e+03 1.20953537e+02
 1.51119268e+04 1.46153946e+02 1.14159874e+02 4.29759277e+03
 3.18160919e+02 6.35511780e+02 3.21450836e+02 1.25171533e+03
 1.23675598e+03 7.54680542e+02 3.83110669e+03 8.02298706e+02
 2.18420410e+03 1.30813877e+04 1.82037811e+02 1.84453766e+02
 1.56293274e+02 1.58469574e+02 2.13785156e+03 8.04497437e+02
 1.95189362e+02 2.96268188e+03 2.26927197e+03 1.26117578e+03
 4.07177246e+02 2.03437734e+04 1.13313354e+03 4.39539459e+02
 1.83542493e+03 1.33691174e+03 1.06796399e+03 1.18796021e+03
 4.33945160e+01 6.21379566e+00 3.65317603e+03 3.47347876e+03
 1.40694132e+01 7.32220337e+02 2.49766373e+02 1.32236877e+02
 5.22158936e+03 3.10639673e+03 4.99266144e+02 2.43932153e+03
 1.76184668e+03 5.38662842e+02 3.98484814e+03 1.34112610e+02
 6.82149597e+02 6.82112891e+03 7.95935547e+03 3.85515781e+04
 4.34792206e+02 1.41964020e+02 5.04427734e+03 3.54781342e+01
 4.25850403e+02 1.10778450e+02 1.91487520e+04 3.31479663e+03
 1.45517151e+02 4.13114929e+02 3.62614673e+03 9.61785339e+02
 4.37906201e+03 1.58075537e+04 5.89489746e+02 2.55174023e+03
 4.02992212e+03 2.69962433e+02 1.49161582e+04 9.10595020e+03
 5.47816992e+03 9.22031799e+02 5.20993958e+01 1.40864777e+02
 8.42471777e+03 1.59658630e+03 9.36302917e+02 1.13376427e+02
 1.08309120e+02 1.16017651e+03 9.61146355e+00 5.33563525e+03
 8.88837769e+02 2.17773911e+02 1.37205396e+03 1.06577759e+02
 7.74059937e+02 1.60142883e+02 6.94986230e+03 1.23152539e+03
 3.31056543e+03 1.07273102e+02 1.49102380e+03 1.77624487e+03
 1.14862769e+03 9.74744934e+02 2.74424634e+03 2.08928894e+02
 2.60211270e+04 5.10397656e+03 1.95340508e+04 7.10462646e+03
 2.51992340e+02 5.16880469e+03 4.49358215e+02 1.36664474e+02
 3.13259766e+03 1.01098346e+03 6.20477295e+02 7.84998718e+02
 7.64268262e+03 9.26914673e+01 2.48534729e+02 1.61829620e+02
 6.69653397e+01 2.35284882e+02 6.49338837e+01 1.73471619e+03
 1.63925122e+03 1.33987354e+03 1.43387344e+02 6.24913867e+03
 6.31963867e+03 1.16463203e+02 1.88115172e+05 8.11712036e+02
 7.88902734e+04 9.67686691e+01 2.82133045e+01 1.53710022e+02
 1.08477747e+03 4.54644958e+02 1.24305139e+03 5.88016205e+01
 1.01986847e+02 8.90055618e+01 7.61648010e+02 2.76085693e+03
 8.74064697e+02 6.68544922e+01 3.10656860e+02 2.80083351e+01
 6.84493042e+02 2.93074432e+02 8.69444092e+02 2.04753027e+04
 3.32679230e+02 3.56189209e+02 1.51852585e+02 3.48470367e+02
 1.47822784e+02 1.49140381e+02 2.64783862e+03 5.15322998e+03
 3.31724731e+02 6.62335840e+03 1.11793396e+03 7.90744019e+01
 5.23201855e+03 6.87148560e+02 4.05144360e+03 1.00855365e+03
 1.78971756e+02 6.61499463e+03 5.99896301e+02 3.91146719e+04
 1.40366165e+02 9.40741638e+02 3.48348193e+03 8.65267090e+02
 2.94661011e+03 5.33267944e+02 3.46235962e+03 1.33683057e+03
 1.24058960e+02 8.72941345e+02 2.67168610e+02 4.10149719e+02
 1.79686768e+03 5.89423462e+02 1.77188477e+02 3.88740509e+02
 6.69979858e+02 1.76174158e+03 2.79999603e+02 7.95248682e+03
 1.33501587e+02 2.50739648e+03 4.45731348e+03 3.39820703e+04
 4.86344116e+02 1.53409607e+02 7.18567932e+02 1.44807256e+04
 1.54476730e+02 7.35594116e+02 1.59193896e+03 4.94539978e+02
 5.73867065e+02 8.54956848e+02 2.35191391e+02 4.57296533e+03
 3.22710400e+03 4.16877563e+02 4.62851929e+02 2.76065277e+02
 2.98063535e+04 1.49110811e+04 6.38452332e+02 1.83372290e+03
 5.94767273e+02 9.28150208e+02 1.91041733e+02 1.03193413e+02
 4.64383906e+04 1.66090369e+03 3.50006689e+03 7.18158875e+02
 7.81131592e+02 1.02936363e+02 2.14836899e+02 1.48054766e+04
 5.68399719e+02 3.85001636e+03 1.39152039e+02 7.75382715e+03
 1.02061813e+02 2.63313403e+03 1.71570236e+02 8.68399805e+03
 1.07939709e+03 1.24148816e+03 5.83301465e+03 1.52330273e+03
 3.84301567e+01 1.14670563e+02 1.26854675e+02 8.51772827e+02]
4924.5024
347748.84
