[1.48974688e+04 4.94072418e+02 1.68114905e+03 7.38866516e+02
 6.63776123e+02 2.53456863e+02 1.66939484e+02 6.35409229e+03
 3.81626992e+04 3.81396103e+01 2.96511169e+02 8.63370178e+02
 1.02825986e+04 6.15246887e+02 2.59776886e+02 7.27414627e+01
 8.97003613e+03 5.93994995e+02 1.73341758e+04 6.10565430e+03
 9.37827881e+02 1.48706512e+02 8.37318625e+05 8.06317920e+03
 1.68404174e+00 3.53822925e+03 5.92185508e+04 9.88341980e+02
 1.35097925e+03 1.45091858e+03 1.26543809e+04 1.00410625e+04
 6.26592871e+03 2.26784302e+03 1.52986536e+03 5.16244751e+02
 2.65350415e+03 2.71461304e+03 7.81027893e+02 3.50684662e+02
 6.05389209e+03 1.64618789e+04 7.52699316e+03 1.76979121e+04
 4.44114307e+03 1.39496323e+02 2.03061646e+03 4.44100952e+02
 4.24950439e+03 8.08908203e+04 5.30419922e+02 1.10531531e+03
 3.96433929e+02 9.76827500e+04 3.02687683e+02 1.89229749e+03
 3.31339355e+03 3.78893477e+04 4.69308350e+03 3.72154633e+02
 1.18573789e+04 4.39861963e+03 1.44528638e+03 1.26692619e+02
 6.62949280e+02 1.17078926e+04 9.14428589e+02 6.82781128e+02
 5.12007202e+02 4.98594434e+03 3.11000805e+01 3.28150879e+02
 1.29234668e+03 2.96632050e+02 3.59322388e+02 6.01560120e+02
 8.93003601e+02 6.48818408e+03 1.69435547e+03 2.54283809e+04
 1.59774768e+03 1.43918445e+03 8.35392990e+01 1.15671497e+03
 3.34522290e+03 4.12546173e+02 1.38642334e+03 4.48820221e+02
 2.45169678e+03 5.70389941e+03 6.85767676e+03 3.44274141e+04
 7.97039001e+02 2.25163223e+02 3.10019141e+04 4.51718330e+00
 2.56500049e+03 3.66558276e+03 1.35238457e+04 4.19019989e+02
 8.06557922e+02 1.38677588e+03 1.38267749e+03 1.00514673e+03
 1.33204865e+02 1.53324109e+03 2.60598663e+02 5.83896790e+02
 2.91064038e+03 6.32263245e+02 6.31113770e+02 1.23130981e+03
 9.31693604e+02 2.44082886e+03 1.17218396e+03 1.44523315e+03
 5.60812561e+02 3.12183105e+02 1.14666113e+03 9.74754395e+02
 1.31575693e+04 2.83263232e+03 2.30210371e+04 3.48741211e+04
 5.94853125e+03 6.73764709e+02 3.87038269e+02 1.05201706e+02
 1.05814551e+03 7.62317810e+02 1.00074060e+03 3.49670837e+02
 2.75182312e+02 1.45582214e+03 3.04468652e+03 1.39461914e+02
 1.05904468e+03 1.03183936e+03 5.53698145e+03 1.46327063e+03
 5.74245557e+03 1.03335020e+04 2.19037363e+04 1.15462598e+04
 1.23290512e+02 7.52787354e+02 4.87656281e+02 6.53734326e+03
 7.33997754e+03 1.79347205e+03 1.04019214e+03 4.39057892e+02
 2.84941162e+02 2.97427979e+02 2.33013336e+02 2.23726978e+03
 1.63071216e+03 5.27026133e+04 5.93950844e+00 2.72970469e+04
 1.26130967e+04 2.18583313e+02 4.77470306e+02 3.99357200e+00
 7.19910303e+03 1.13270020e+03 1.74531665e+03 2.40074654e+01
 1.40640564e+03 2.40603851e+02 1.54313171e+02 4.25517432e+03
 2.47606171e+02 1.91471268e+02 1.82082971e+03 1.59416333e+03
 4.87770703e+03 1.67600964e+03 1.31096521e+03 1.00284055e+05
 1.74297031e+04 1.88590302e+02 5.70651672e+02 4.64308008e+03
 1.05117813e+02 5.37397480e+00 1.22887061e+03 9.41869831e+00
 6.82965674e+03 3.61354980e+03 2.62619781e+02 8.30529846e+02
 8.61289917e+02 6.74963684e+02 2.14294570e+04 6.49612366e+02
 1.35429824e+04 1.19824974e+02 8.50525024e+02 1.52337097e+03
 1.78428210e+03 4.20247266e+03 1.19897734e+04 2.57942432e+03
 5.81708008e+03 3.10135664e+04 1.45023853e+03 1.73991772e+03
 5.30587280e+02 1.54784839e+03 2.12479736e+02 4.28762988e+03
 9.92421509e+02 1.01170732e+04 3.64464160e+03 1.29320480e+02
 2.14202393e+03 1.37557480e+02 1.23784325e+02 1.06418594e+02
 2.18079391e+02 1.41214319e+03 2.50260986e+03 2.75906992e+04
 1.41472321e+02 1.74960596e+03 1.05418457e+03 1.17720032e+03
 7.03774365e+03 3.73913525e+03 1.31153259e+03 6.89420547e+01
 3.14186157e+02 4.06512543e+02 1.06445068e+03 8.22246289e+03
 2.79399390e+03 4.31590790e+02 1.35237228e+02 1.09024487e+03
 5.21082500e+04 2.53413666e+02 9.88274121e+03 2.69882544e+03
 7.17639954e+02 5.45218408e+03 2.73816803e+02 1.34856873e+03
 2.76982178e+02 8.89596973e+03 3.36419159e+02 2.80445898e+03
 5.86755737e+02 1.29302750e+02 1.24631750e+03 4.04476782e+03
 6.65987549e+03 6.22091675e+02 1.16174719e+03 3.59533398e+03
 1.47738745e+03 8.39549512e+03 4.16879425e+02 2.09256287e+01
 5.78553467e+01 5.07959778e+02 5.97891121e+01 4.19779510e+02
 5.98665771e+03 2.82216626e+03 2.41157501e+02 1.47947778e+03
 7.08039307e+02 2.83534155e+03 2.72655938e+04 9.81394577e+00
 2.80707617e+03 3.21059609e+04 2.19398584e+03 2.02626328e+04
 6.71451340e+01 4.76248199e+02 6.43135986e+02 2.97072052e+02
 2.86221008e+02 1.41963818e+03 2.06176343e+03 4.69600146e+03
 5.89257698e+01 8.54000781e+03 8.29666953e+04 1.78997482e+02
 9.65829492e+03 1.89031097e+02 5.57388245e+02 9.76193176e+02
 2.95573177e+01 2.21373789e+04 2.17251025e+03 2.90649963e+02
 2.28410843e+02 4.33149841e+02 3.27241016e+03 4.60086914e+04
 2.17201196e+03 3.93195820e+04 1.48348083e+03 1.29046484e+04
 1.05283279e+01 1.22021008e+03 4.06758881e+02 5.26416357e+03
 1.65150723e+04 2.17679517e+03 7.42085327e+02 8.52089648e+03
 3.54343311e+03 2.31798584e+03 5.59324707e+02 4.45668506e+03
 1.71390186e+03 3.57242456e+03 3.33504486e+02 4.13524805e+03
 8.70424512e+03 5.22475952e+02 1.03929160e+04 1.37260339e+03
 5.50821240e+03 4.37326123e+03 1.15779427e+02 7.97511292e+02
 1.02686829e+02 1.06353424e+02 3.43848877e+02 5.96452783e+03
 5.40588196e+02 7.80426697e+02 1.27064380e+03 8.63935242e+02
 7.65149784e+00 5.34460352e+03 1.74420914e+02 1.32399756e+04
 8.02404602e+02 3.58487488e+02 5.33525879e+02 4.47733496e+03
 2.19205117e+04 9.41108765e+02 1.26465393e+02 3.40623242e+04
 2.82596664e+01 7.82014453e+03 2.05302710e+03 5.54775734e+01
 1.46355938e+04 1.17400444e+02 1.44684192e+03 1.59684399e+03
 1.23047966e+02 6.97966406e+03 6.50342331e+01 8.65998352e+02
 2.68461738e+04 3.05481426e+04 1.38453638e+03 3.18615875e+02
 9.01854453e+04 3.79921802e+03 7.40006055e+03 6.86120605e+03
 1.10134070e+05 2.62870776e+03 3.30329681e+02 6.90709839e+02
 3.10525918e+04 5.08554102e+03 1.46619003e+02 1.93404346e+03
 5.18968604e+03 9.33629199e+03 1.15974750e+05 1.00194366e+03
 4.85593567e+02 5.42797021e+03 1.53252600e+03 6.79539209e+03
 6.13125146e+03 2.73005733e+01 2.52318418e+04 3.51771851e+02
 3.44224365e+03 8.84173462e+02 8.97022949e+02 1.19802256e+04
 1.04272290e+03 3.50150146e+03 1.35659595e+03 3.68783633e+04
 7.84467087e+01 3.61872974e+03 1.88124527e+02 1.21773895e+02
 1.66693477e+04 2.34975928e+03 7.10113159e+02 3.46929639e+03
 7.73627188e+05 2.38683521e+03 2.53739670e+02 5.46395996e+03
 1.01203772e+03 8.00333313e+02 4.88180908e+03 1.08959580e+04
 7.83764221e+02 2.30708252e+03 2.49744263e+03 1.71224594e+02
 9.73974609e+03 1.04035168e+03 6.88722656e+02 6.59820557e+03
 1.21542944e+03 5.99324707e+03 1.91094421e+03 4.91651001e+02
 5.40924072e+03 2.33352393e+03 1.39379285e+03 6.67806250e+03
 1.90108752e+03 3.23102539e+04 2.91305969e+02 1.61961990e+02
 4.18107269e+02 2.33534814e+03 1.73722458e+02 3.29373108e+02
 2.87495215e+03 2.34388770e+03 4.11295215e+03 8.22200781e+03
 6.58715149e+02 2.92037903e+02 5.64727112e+02 6.19451514e+03
 3.60245581e+03 1.61106042e+03 1.22953687e+03 1.32940281e+05
 7.34176575e+02 6.12221289e+03 1.70416016e+04 2.49403687e+02
 3.52735657e+02 4.83905713e+03 7.67525586e+03 5.24350525e+02
 1.56636377e+03 5.07381836e+02 2.01276038e+03 5.55930725e+02
 1.65258223e+04 1.94760925e+03 5.22673584e+02 6.12766846e+02
 4.65745819e+02 8.90873359e+04 5.41004688e+03 1.74876758e+03
 4.12114258e+03 4.69966650e+03 5.58665588e+02 1.04977087e+03
 4.28762939e+02 1.50212500e+03 1.11481323e+03 1.80186475e+03
 1.29118005e+03 2.21623145e+03 2.37612106e+02 1.04078430e+03
 1.78476453e+03 2.57267578e+03 2.66051559e+01 1.12328535e+04
 3.11846497e+02 1.31192847e+03 4.37174902e+03 1.16469958e+03
 1.35109482e+02 4.58618896e+03 5.47821484e+03 6.83690613e+02
 1.87778833e+03 1.42543965e+04 2.06509689e+02 2.43177661e+03
 3.70010010e+02 3.23069275e+02 2.29767261e+03 7.45747620e+02
 6.71332581e+02 2.51536304e+03 1.58531540e+02 1.09674932e+04
 2.60726147e+03 2.79153961e+02 1.81490662e+03 2.53864456e+02
 9.10203003e+02 1.71994922e+03 2.13641455e+03 6.20636230e+03
 5.93871045e+03 2.15021313e+03 1.63630830e+04 1.40489966e+03
 5.05748596e+02 1.16851305e+05 5.38781555e+02 1.21747693e+03
 1.70577051e+03 3.61927582e+02 3.21091736e+02 5.15189453e+03
 4.70582275e+02 6.66584656e+02 7.14198730e+02 2.13890747e+02
 6.32547974e+02 1.29292786e+03 6.40679932e+02 8.80265015e+02
 2.40416250e+04 3.54233179e+03 7.73984924e+02 3.41935455e+02
 1.54576636e+03 1.94095812e+05 5.31948608e+02 1.64330017e+03
 4.17394165e+02 6.68423218e+02 9.09552051e+03 8.41687561e+02
 1.00602051e+04 1.11061609e+03 5.81198389e+03 5.54662048e+02
 3.55537720e+03 2.03403066e+04 6.52074814e+01 5.56634473e+03
 2.58399072e+03 1.97420410e+03 6.36419067e+02 1.06546423e+03
 2.58019336e+03 4.20781348e+03 1.72044946e+03 4.56780975e+02
 7.97741028e+02 1.61198715e+02 3.97077240e+02 7.20184688e+04
 3.16506445e+03 6.66952332e+02 8.97952576e+02 5.17318945e+03
 6.27460010e+03 9.87382031e+03 7.76182568e+03 1.59914291e+02
 6.75280884e+02 3.56196785e+01 2.43588379e+04 4.03985260e+02
 9.65681152e+03 2.41921484e+03 8.78396973e+03 1.07500366e+03
 5.62906445e+03 7.81206299e+03 4.68676361e+02 7.30219385e+03
 2.82315259e+03 2.04930737e+03 9.71950000e+03 1.20270825e+03
 5.44601660e+03 4.04452173e+03 4.52718945e+03 9.46376270e+03
 3.33505676e+02 1.60389783e+03 3.56361353e+03 1.85326086e+03
 7.69782422e+03 3.06428770e+04 4.84081360e+02 5.83214905e+02
 8.94967480e+03 1.28926697e+03 2.01823914e+03 6.56448975e+01
 2.17918140e+03 9.05809375e+03 3.76040283e+02 2.36816748e+03
 7.49453955e+03 4.88853467e+03 9.48815231e+01 1.55159668e+03
 4.01371211e+04 7.24474023e+03 3.60704414e+04 1.44167734e+04
 4.28498749e+02 4.08114795e+03 1.15087878e+03 3.22083549e+01
 3.68386688e+02 8.53844043e+03 8.31881348e+03 3.87990784e+02
 4.66441925e+02 5.54581238e+02 2.83381738e+03 3.70846519e+01
 3.40087769e+03 2.82021777e+03 1.73303970e+02 5.88914246e+02
 4.15245056e+02 8.78594849e+02 2.89471344e+02 3.20584961e+03
 8.91749039e+01 1.15107812e+03 1.68490662e+03 2.66317749e+02
 1.88826938e+05 1.79612549e+03 3.21038818e+03 5.20004004e+03
 7.53427429e+01 5.13526794e+02 4.09835144e+02 1.64290878e+02
 1.27373645e+03 6.13299133e+02 1.57491260e+03 2.42213699e+02
 2.74537720e+02 8.59233984e+03 3.02242432e+03 4.22000214e+02
 2.00025952e+03 4.97223340e+03 1.18501943e+04 1.89655857e+01
 1.00315393e+03 1.16830322e+03 4.15861182e+03 1.53871863e+03
 3.33786426e+03 5.78324805e+03 3.89265703e+04 1.55812451e+03
 8.87690063e+02 1.13441565e+03 9.19501074e+03 1.80200508e+04
 7.83264847e+01 2.19745453e+02 2.69978369e+03 8.03111377e+03
 2.64999805e+03 1.87585159e+02 1.85277795e+03 1.22273389e+03
 2.78620898e+03 2.00951611e+03 5.63662598e+02 3.97029449e+02
 1.79435562e+02 5.24450732e+03 8.52464783e+02 3.52625513e+03
 1.43960889e+03 8.27268753e+01 1.05328606e+02 1.40616797e+03
 1.10298672e+04 4.81982971e+02 2.68587598e+03 2.08468579e+03
 3.54211975e+02 9.49355835e+02 3.86001953e+02 3.12002563e+02
 2.61333710e+02 6.75143616e+02 3.66223869e+01 3.11445038e+02
 3.37428979e+03 4.61280975e+02 6.76103760e+02 3.46425464e+03
 1.41792529e+03 9.78210840e+03 3.23393616e+02 2.27230859e+04
 1.60229043e+04 8.63564880e+02 3.71503113e+02 2.70494116e+03
 1.44090540e+03 1.81464954e+03 5.83074463e+03 2.51487656e+04
 2.16969177e+02 9.61267929e+01 3.99314648e+03 5.51298164e+04
 1.33938115e+04 1.80186813e+02 2.76505957e+03 3.12183765e+03
 8.73957617e+03 1.62363555e+04 3.77446069e+03 9.41613831e+02
 3.75501923e+02 1.90399567e+02 3.04003247e+03 8.73328125e+03
 4.37981543e+03 1.25913342e+03 2.46772998e+03 1.24054367e+02
 7.56496680e+03 3.93841278e+02 1.38944234e+05 5.88962708e+02
 1.15625513e+03 7.26965759e+02 7.61414844e+03 8.99059448e+01
 1.11031543e+03 7.91289246e+02 3.23190210e+03 3.14254199e+03
 5.16624939e+02 9.97543579e+02 3.54830312e+04 1.24595100e+02
 3.53995776e+03 5.94225098e+02 3.42598114e+02 8.41514941e+03
 6.10416992e+02 3.83952850e+02 1.08563477e+03 1.09615833e+03
 1.67961279e+03 4.70781592e+03 2.43395176e+04 7.55002014e+02
 2.98214609e+04 1.50790264e+04 6.57281433e+02 6.75919556e+02
 8.13226624e+02 6.36186279e+02 2.23450363e+02 3.49435364e+02
 8.39938599e+02 2.35414368e+02 2.12145874e+03 2.10406479e+02
 7.44604736e+02 2.90067090e+04 7.10365820e+03 1.26315971e+02
 1.68428821e+03 6.90185547e+04 1.18248682e+03 6.85029492e+03
 1.76341400e+02 4.15818359e+03 4.42804297e+03 1.04339624e+03
 1.01053838e+04 2.49045630e+03 5.40168604e+03 3.84587866e+03
 1.46149580e+04 1.64909180e+03 1.59706191e+04 7.76733398e+03
 1.79270874e+03 2.56841333e+03 9.90402794e+00 1.20664929e+03
 2.66436188e+02 2.14710469e+04 2.12601855e+03 8.48339844e+04
 1.13248662e+04 2.61198639e+02 1.44535474e+03 1.38932571e+02
 1.11260352e+03 1.03472949e+03 3.23778613e+04 5.11220977e+04
 5.10873682e+03 8.50720291e+01 1.05379902e+04 1.75409778e+03
 5.05247119e+03 3.38609219e+04 6.30601868e+02 2.48679863e+04
 9.66007812e+02 4.38715240e+02 6.40181299e+03 5.39752832e+03
 8.73734277e+03 9.81661560e+02 1.13119690e+03 7.81757324e+02
 5.00583252e+03 1.26957629e+03 6.83662659e+02 8.45130432e+02
 8.82303085e+01 5.84218262e+02 9.26471497e+02 5.79492578e+03
 9.08058960e+02 2.71421558e+03 5.01670258e+02 3.41922821e+02
 2.10682556e+02 4.63943390e+02 7.71545410e+03 4.04274170e+03
 4.95510498e+03 7.70827698e+02 4.55734619e+03 2.22123711e+04
 7.19736719e+03 2.63963301e+04 1.12416650e+03 5.57769165e+02
 3.31178008e+04 9.10652832e+02 3.21335664e+04 8.26127136e+02
 1.12706104e+03 1.17090356e+03 3.42229736e+02 3.64951385e+02
 5.45513477e+03 4.39547462e+01 1.33167061e+04 1.70791260e+03
 2.73244277e+04 7.54773926e+02 1.02282471e+02 3.20496655e+03
 2.90410187e+02 4.95606270e+01 1.70545517e+02 8.20376953e+03
 1.25623848e+02 3.57668994e+03 7.90165161e+02 1.21991980e+03
 1.49158789e+04 1.46829626e+03 9.15514551e+03 1.82702520e+04
 7.00668047e+04 4.52416992e+03 8.15761841e+02 1.60633350e+03
 3.93037109e+02 4.13625702e+02 5.90836914e+02 6.44148926e+02
 1.80929126e+03 1.33859451e+02 1.46640356e+03 6.28029492e+03
 1.03279365e+04 1.64191711e+03 4.24916923e-01 2.34561011e+03
 6.18593628e+02 1.76749359e+02 2.06111841e+03 5.53343750e+04
 4.66868805e+02 1.01177539e+03 2.98225464e+03 5.21970996e+03
 4.56075586e+03 3.15343628e+02 2.16345410e+04 5.78479053e+03
 4.46315869e+03 4.76734717e+03 6.94860229e+02 7.44527283e+02
 2.32266675e+03 2.15646652e+02 9.82191211e+03 6.88079468e+02
 5.92639343e+02 8.42638477e+03 1.47332565e+02 5.69914062e+04
 2.52691467e+02 1.11578296e+03 1.45818152e+03 1.90357690e+03
 4.18337311e+02 5.07990295e+02 4.27900293e+03 2.55110718e+02
 8.10508484e+02 2.00854980e+03 6.84373596e+02 2.32083740e+03
 4.84471240e+03 1.47649231e+03 6.09990540e+02 4.68656348e+03
 7.02252380e+02 7.53091357e+03 3.43802466e+03 6.27420349e+01
 7.41425598e+02 1.50552338e+02 1.01399922e+04 5.32733125e+05
 1.29540400e+04 1.63825146e+03 1.80600952e+02 3.66202422e+04
 6.27487122e+02 6.55282364e+01 1.99244980e+04 1.44832458e+03
 7.54134827e+01 7.51436768e+02 1.59507153e+03 1.03664434e+04
 2.74556230e+04 8.96205750e+02 1.38559729e+03 4.30748486e+03
 3.99467695e+04 2.56075806e+03 1.19389587e+03 1.49878589e+03
 2.26800339e+02 6.13950879e+03 2.06742041e+03 1.62320996e+03
 4.94812227e+04 1.49317656e+01 3.34905688e+03 4.23207672e+02
 9.02006302e+01 3.56427193e+01 4.25031433e+02 1.00560000e+05
 1.73479822e+03 7.14589600e+03 3.20740784e+02 1.32103291e+04
 4.73825586e+03 1.71796211e+04 4.02178986e+02 2.31119141e+04
 5.54700256e+02 1.01904004e+03 4.50256982e+03 1.53941406e+03
 5.00198578e+02 5.03959015e+02 8.86337952e+02 1.27163733e+03]
