[8.46074188e+05 4.85995410e+03 4.12687539e+04 2.19724781e+05
 1.49994609e+05 1.16688184e+04 1.20488994e+04 1.90227922e+05
 3.26687871e+04 5.36307461e+04 5.39256250e+05 1.54827516e+05
 1.01079006e+06 3.56688555e+04 1.66265359e+05 1.63623000e+05
 1.11974219e+05 9.65352578e+04 4.07472125e+05 3.92185675e+06
 1.69051391e+05 2.40388203e+04 7.65524050e+06 1.39141094e+04
 1.19275108e+02 1.28391950e+06 1.71045400e+06 2.72134344e+05
 1.42337090e+04 7.97456494e+03 7.35872875e+05 7.60916953e+04
 3.95422188e+04 2.75858262e+04 2.75259675e+06 3.55269883e+04
 2.27920766e+05 2.02496406e+04 2.42334033e+03 6.06953809e+03
 4.66552844e+05 6.70137125e+05 7.84894250e+05 1.69327422e+04
 5.69080547e+04 1.31842594e+05 2.79949941e+04 5.58365117e+04
 2.52172406e+05 1.67972000e+06 2.30829004e+04 4.63532617e+04
 3.12175293e+03 5.02386969e+05 3.08483911e+03 2.52897998e+03
 3.13180281e+05 1.71884012e+06 7.23950438e+05 5.02395654e+03
 1.55872000e+05 3.71218000e+05 6.90183447e+03 1.51636982e+04
 1.35810488e+04 9.40499062e+04 9.21875703e+04 9.40109531e+04
 1.07908184e+04 7.86137125e+05 2.32673223e+04 1.22492275e+04
 5.36123203e+04 2.51335508e+04 3.72253442e+03 1.87896438e+05
 1.82930125e+05 8.34350938e+05 8.48355469e+03 9.04497188e+05
 2.56929932e+03 1.34145625e+05 6.33635273e+04 9.96685059e+03
 2.86016309e+04 6.66588984e+04 2.51644355e+04 2.88840796e+03
 4.85721045e+03 6.74143516e+04 1.12564445e+05 5.67322875e+05
 9.88220625e+04 1.61234328e+05 1.80608800e+06 1.79510156e+05
 3.77852539e+04 1.66205016e+05 1.06304338e+06 9.15154375e+04
 3.50216688e+05 5.28812383e+04 1.45204391e+05 1.23939633e+05
 2.58549344e+05 6.78993359e+04 1.49091766e+05 2.28933754e+01
 6.14201904e+03 1.05831875e+04 9.66808672e+04 1.07690738e+06
 1.57110172e+05 1.56114656e+05 3.39628906e+05 4.14035000e+04
 2.87723926e+04 7.86032031e+04 5.17646281e+05 2.60829238e+04
 4.73207031e+05 5.68231438e+05 9.26800469e+04 3.15960100e+06
 5.24558711e+04 7.85017139e+03 1.54080586e+04 6.22901855e+03
 5.89266895e+03 1.39123984e+04 9.28880469e+03 1.63550952e+03
 2.57842559e+04 2.35800098e+03 1.61754170e+04 6.91893994e+03
 3.46464000e+05 6.92937195e+02 7.55438379e+03 1.73303141e+05
 1.11489719e+05 3.95697281e+05 3.13464688e+04 1.69467281e+05
 6.70149141e+04 1.36546475e+04 6.30511328e+03 1.66863328e+05
 3.03732844e+05 1.03578766e+05 2.37035425e+03 1.20726812e+05
 6.29534258e+04 7.34665869e+03 3.10280391e+04 5.09657461e+04
 2.93585176e+04 2.67953950e+06 1.08334961e+03 8.05656484e+04
 1.41066438e+05 6.89895401e+01 2.20875176e+04 2.99251816e+04
 4.79600594e+05 3.24754312e+05 4.84288320e+04 4.98688750e+04
 1.60128369e+04 3.16135531e+05 9.96983093e+02 1.95386125e+05
 2.81573219e+05 2.89200078e+04 1.05812109e+05 5.02436758e+04
 2.00123094e+05 9.12421777e+03 3.44395469e+04 4.22534969e+05
 4.41024844e+04 1.14754053e+04 4.91681250e+05 6.08468875e+05
 7.05647031e+04 9.04253281e+04 5.23553906e+04 2.17597203e+05
 4.53013984e+04 3.63539648e+04 3.87752563e+03 5.29093320e+04
 1.28742178e+04 1.68077125e+05 3.16448844e+05 1.61111340e+03
 1.17487172e+05 2.09577490e+03 1.61636797e+04 4.67657031e+04
 5.35584844e+04 2.09338940e+03 1.06492212e+06 4.22353125e+04
 1.54415825e+06 5.35808750e+06 3.28846851e+03 4.40980352e+04
 2.57620020e+04 9.43299141e+04 5.58193672e+04 7.20852197e+03
 1.13082500e+04 2.37842953e+05 2.32375750e+05 1.21040225e+04
 2.20854484e+05 3.87481992e+04 4.46560117e+04 3.41909844e+04
 4.90071914e+04 2.46606270e+04 5.54284609e+04 1.24544875e+06
 3.62552808e+03 2.57597539e+04 3.04551562e+05 7.17258301e+02
 3.24405625e+05 1.68297922e+05 8.65764922e+04 4.73426133e+04
 3.96389656e+05 2.63726844e+05 3.31385664e+04 2.63051938e+05
 1.40492559e+04 4.99615918e+03 7.46882656e+04 5.17676331e+02
 2.40754094e+05 4.10149688e+04 5.17614188e+05 4.50190078e+04
 2.19236934e+04 4.48313281e+04 3.01175812e+05 4.63173828e+04
 1.74052516e+05 4.60642850e+06 2.29126895e+04 3.64094727e+04
 3.09830508e+04 6.87211641e+04 1.97944395e+04 9.67720234e+04
 1.11447195e+05 3.70143672e+04 1.13238016e+05 3.75327109e+04
 1.62979438e+06 1.96252969e+05 1.13585200e+06 1.30196945e+02
 2.23577617e+04 1.50259485e+03 1.28103852e+05 3.13129668e+04
 6.45031000e+05 1.19397859e+05 1.87206895e+04 1.26713430e+05
 2.63233740e+03 5.15964648e+04 1.68717850e+06 1.52420328e+05
 1.93515188e+06 3.47031484e+04 2.78589102e+04 1.33115288e+06
 1.27766992e+05 7.49242625e+05 1.16607832e+04 2.59855684e+04
 8.32478828e+04 5.80467188e+05 4.50352930e+04 1.10282992e+05
 4.72663818e+03 5.21764469e+05 2.40928325e+06 5.93342031e+04
 9.06346641e+04 1.30702417e+03 1.18899531e+04 3.47523413e+03
 1.05575297e+05 1.90972281e+05 9.70855781e+04 9.08399297e+04
 2.53943652e+04 4.54180547e+04 2.11486152e+04 3.24483770e+04
 8.87819125e+05 8.23249625e+05 2.70460742e+04 3.34410898e+04
 1.84206938e+05 2.12311465e+04 7.07389844e+04 2.33930844e+05
 9.99263750e+05 1.00444785e+04 6.97891250e+04 5.18959648e+04
 4.49341680e+04 4.85166625e+05 1.81858891e+05 1.43750094e+05
 8.07705625e+04 3.41262938e+05 1.94088453e+05 6.28375664e+04
 4.41122281e+05 9.27133887e+03 3.03986600e+06 3.48180884e+03
 1.14334422e+05 4.42011328e+04 8.76843359e+04 1.34135830e+04
 4.70908813e+02 3.62791089e+03 1.00595127e+04 7.08248250e+05
 5.47747734e+04 1.33000117e+04 8.32819609e+04 7.79712578e+04
 2.70772034e+02 2.80094938e+05 1.56102773e+04 3.06147578e+04
 1.19448117e+05 1.77241348e+02 2.15451992e+04 1.86424219e+04
 6.95139062e+05 4.90133209e+02 1.72753750e+05 1.60240788e+06
 3.72024922e+04 8.56591875e+05 7.81777783e+03 2.67250684e+04
 2.33428094e+05 2.98251438e+05 2.80369781e+05 5.95526125e+05
 2.08509656e+05 1.35748547e+05 2.81326782e+03 2.42792500e+04
 2.01260162e+06 7.75469150e+06 2.97966113e+04 2.19344062e+04
 9.86129188e+05 1.18869078e+05 7.36910938e+05 8.57346312e+05
 3.48050250e+06 1.72215320e+03 1.91167566e+03 3.06649629e+04
 5.82510300e+06 5.79449609e+04 5.07160840e+03 2.29383477e+04
 1.21333788e+06 6.57521938e+05 9.24253312e+05 6.62411484e+04
 2.58854180e+04 4.12847930e+04 6.50153564e+03 1.38824329e+03
 3.24359004e+04 1.30582039e+05 3.85879812e+05 3.74433086e+04
 3.15773828e+03 1.24080781e+05 1.52466328e+04 1.79530609e+05
 3.52733203e+04 2.02539047e+05 8.93432578e+04 2.33580844e+05
 5.04430664e+03 3.17037125e+05 3.04083965e+04 3.21742812e+04
 2.08230812e+05 8.88180859e+04 1.29190811e+04 6.51564453e+03
 1.13584620e+07 7.48969922e+04 1.10038367e+05 1.32452075e+06
 6.24268812e+05 9.21392969e+04 2.68375600e+06 8.13368438e+05
 9.80773672e+04 7.48722734e+04 1.90710000e+04 3.26897688e+05
 1.70711594e+05 4.93010117e+04 1.67939941e+04 1.99338969e+05
 3.67798804e+03 1.14767559e+04 5.19154531e+05 3.63803242e+04
 4.86351875e+05 5.59206406e+04 3.71255820e+04 1.17807906e+05
 4.91752031e+04 1.45823700e+06 3.64342070e+04 2.58367578e+04
 7.42827051e+03 3.44091055e+04 3.24348867e+04 2.35646445e+04
 2.28380742e+04 1.35019473e+04 1.45463500e+05 6.46097031e+04
 4.40001074e+03 5.88474121e+03 5.90056445e+04 4.26542695e+04
 1.43216333e+03 2.41043281e+05 1.34593711e+04 4.58999360e+07
 1.05349873e+04 9.68835375e+05 7.55700938e+04 1.47817744e+04
 5.84152500e+04 5.40088359e+04 2.09668047e+05 1.11527859e+05
 4.59793711e+04 1.24077930e+05 3.22059937e+03 4.55840088e+03
 1.48766188e+05 3.77801807e+03 1.77326531e+05 1.21109692e+03
 1.41992639e+03 2.44917891e+05 6.76832031e+04 1.33139266e+05
 4.01755438e+05 1.52874678e+04 2.42978105e+04 3.36076875e+05
 1.99016465e+04 3.63221602e+04 1.74398188e+05 2.30011499e+03
 2.94913625e+05 2.03008859e+05 4.51697314e+03 4.64095654e+03
 1.04470742e+05 1.02878506e+04 1.86906042e+03 3.04082188e+05
 1.34765491e+03 9.46258906e+04 2.26051875e+05 2.29090991e+03
 3.71356152e+03 4.08303844e+05 5.04286250e+05 4.19874336e+04
 8.84099902e+03 9.39889609e+04 4.79554492e+04 1.96229062e+05
 9.95983398e+03 1.94150898e+04 3.28830594e+05 9.18744324e+02
 2.05513418e+04 5.34234985e+02 6.80019531e+03 2.84161375e+05
 1.01424219e+05 9.00917344e+04 1.42950449e+04 6.15149961e+04
 4.86823281e+04 5.64619775e+03 9.87824922e+04 1.94636388e+06
 1.02974106e+06 7.92098486e+03 1.26050133e+05 1.32222930e+04
 2.65516816e+04 2.64766125e+05 1.41168506e+04 4.02661591e+02
 1.20116200e+06 1.46008374e+03 6.25241943e+03 4.53206375e+05
 9.09949141e+04 7.67103125e+04 2.54581406e+04 8.89882031e+03
 8.32001328e+04 2.69063500e+05 2.56098511e+03 7.52490295e+02
 2.65884570e+04 1.29942402e+04 6.94285469e+04 3.53593406e+05
 3.84956438e+05 2.73949825e+06 2.44329102e+03 4.91223789e+04
 1.47625420e+04 1.43093062e+05 7.67899844e+04 4.37377773e+04
 1.34110875e+05 5.00977109e+04 3.49482446e+03 3.18863281e+04
 2.45062438e+05 5.97219562e+05 1.28678682e+04 2.06303422e+05
 7.87233438e+04 1.67169219e+04 4.19779453e+04 1.25868047e+05
 1.54492359e+05 2.12094141e+04 1.03416188e+05 4.43280664e+04
 7.47481328e+04 1.26831594e+05 2.75584082e+04 6.74901000e+05
 5.37029688e+03 5.72853086e+04 2.37605762e+03 6.34164180e+04
 1.54408238e+06 1.02821203e+05 2.33870078e+05 6.82604531e+04
 6.01611023e+02 9.94158281e+04 6.56012062e+05 1.07865498e+04
 1.35843800e+06 1.05895469e+05 8.61522062e+05 5.45230000e+04
 4.19211531e+05 3.72450350e+06 3.21751465e+04 1.67470566e+04
 5.59385703e+04 2.09816938e+05 1.03520281e+05 2.44827910e+04
 1.24534531e+04 3.83831328e+04 8.19910469e+04 5.21083750e+05
 2.20908301e+04 4.81122109e+04 5.60641500e+05 2.27664590e+04
 7.43928500e+05 4.78353531e+05 3.07054629e+04 3.78888398e+04
 1.07253711e+05 4.80292109e+04 2.33325547e+04 9.62047363e+03
 1.85852938e+05 8.52126062e+05 1.96388733e+03 2.37922520e+04
 3.25980656e+05 6.81004141e+04 2.17940578e+05 4.33065375e+05
 1.96347172e+05 6.05522250e+05 1.21275388e+06 8.08442875e+05
 2.66216680e+04 4.83065312e+05 6.03121924e+03 1.40573535e+04
 6.09355615e+03 1.85238781e+05 3.98316969e+05 2.49514805e+04
 5.88128809e+03 2.44866000e+05 4.32122156e+05 1.91408923e+03
 3.14919281e+05 1.69149734e+05 1.62796924e+04 4.05225898e+04
 2.49156274e+03 8.26029922e+04 1.48410812e+05 8.77609680e+02
 3.49038281e+04 3.62464062e+04 1.66408228e+03 6.51942227e+04
 8.40588100e+06 1.88625508e+04 3.88677812e+05 4.24365406e+05
 7.78479053e+03 3.59072266e+04 8.50615234e+04 2.41813156e+05
 1.94171191e+04 6.05878662e+03 9.64657031e+04 1.91727453e+05
 2.06851891e+05 1.73555172e+05 1.25572646e+04 1.38300820e+04
 2.03911734e+05 2.11604150e+06 1.85333141e+05 2.11635422e+02
 3.31585938e+04 5.23468516e+04 5.79595859e+04 1.85563125e+04
 1.31162021e+04 2.20903000e+06 2.43229922e+05 2.93822500e+05
 5.42432227e+04 3.90583406e+05 1.32830469e+05 2.86241156e+05
 2.49017930e+04 1.68284344e+05 1.54652156e+05 4.44069781e+05
 1.42358701e+04 2.73516016e+04 1.80232641e+05 1.82523031e+05
 1.10693305e+05 6.69557422e+04 6.06008125e+04 1.32174225e+06
 2.74592188e+04 1.00558758e+05 6.80187422e+04 5.29892617e+04
 1.24105352e+04 3.48688562e+05 4.45130664e+04 8.27281797e+04
 4.38979336e+04 1.38812656e+04 3.41972500e+05 7.83743066e+03
 5.54895391e+04 1.03470602e+05 2.59119668e+04 8.04650859e+04
 2.15075508e+04 1.83465000e+05 1.29893486e+04 1.76847852e+04
 1.39179941e+04 4.57220068e+03 6.75387031e+04 3.84866625e+05
 3.27870078e+04 2.36287781e+05 4.39266943e+03 1.34752750e+06
 4.25951562e+04 3.91194180e+04 5.33828711e+03 5.02190869e+03
 2.52797090e+04 7.43489844e+04 2.19248926e+04 2.64867988e+04
 1.28776367e+03 8.17472900e+03 2.40444328e+05 1.34990962e+06
 9.72431125e+05 9.39886016e+04 4.66891758e+04 9.55814297e+04
 1.87708750e+05 9.53259609e+04 1.13559469e+05 1.00774906e+05
 4.08626016e+04 6.36125469e+04 1.08555344e+05 9.60172188e+05
 1.08697225e+06 1.45318018e+03 2.84546375e+05 1.30469453e+04
 1.73556672e+05 4.52472812e+05 2.74412300e+06 1.62548656e+05
 1.19917664e+03 1.88459302e+03 2.24158656e+05 1.26928799e+04
 1.32740273e+04 2.93035656e+05 2.31973511e+03 3.45093799e+03
 3.82534277e+03 3.71109805e+04 1.50916453e+05 2.75531348e+03
 1.90800562e+05 5.29876250e+04 4.44558594e+04 3.16919406e+05
 1.49327359e+05 1.43637976e+03 2.36846680e+04 2.19249438e+05
 9.87276016e+04 1.39359988e+06 1.25730175e+06 6.40302393e+03
 3.03455500e+05 7.11338770e+03 3.11206188e+05 4.49644922e+04
 5.11651875e+04 1.57279859e+05 1.42967531e+05 1.90908797e+05
 1.20628154e+04 2.55091953e+04 1.03769625e+05 1.04703406e+03
 4.28537383e+04 5.27878812e+05 2.17998750e+06 4.57630420e+03
 7.42777954e+02 1.72613891e+05 5.80527070e+04 1.15237375e+05
 6.94508438e+04 3.91070117e+04 9.18849297e+04 2.88187812e+05
 2.52759469e+05 1.25143203e+04 6.86896797e+04 1.75697891e+05
 1.66452975e+06 9.78995508e+03 1.82747383e+04 5.45415869e+03
 2.85474707e+04 1.71139203e+05 2.97538156e+05 6.09180420e+02
 3.91890000e+04 1.46533398e+04 6.39922188e+04 1.57663812e+05
 3.65454969e+05 1.44849658e+03 3.84292734e+04 3.86425903e+03
 5.90049170e+03 5.40727891e+04 5.50440078e+04 8.62211750e+05
 4.71464141e+04 7.99768516e+04 2.38722984e+05 9.20179785e+03
 1.92833703e+05 1.76952871e+04 1.48033219e+05 4.82690406e+05
 1.36002375e+05 9.19066797e+03 7.30446719e+04 1.99218047e+05
 6.29753223e+03 5.04642285e+03 3.22590625e+03 6.75748359e+04
 8.73617500e+05 3.36149219e+04 3.42851750e+05 4.04125898e+04
 1.11006180e+05 2.96284625e+05 4.56465312e+04 5.58827750e+05
 2.47677715e+04 2.35510181e+03 2.30854277e+04 3.78485156e+03
 6.27389180e+04 2.54487891e+04 4.23679395e+03 3.56724719e+05
 7.16456797e+04 1.23985836e+05 1.55737297e+05 6.28287688e+05
 2.51284688e+05 3.10723675e+06 1.98991266e+05 1.35467297e+05
 2.11624925e+06 3.92712227e+04 1.78687250e+05 1.14051984e+05
 2.38628594e+05 1.72241328e+05 7.93057891e+04 7.21707666e+03
 4.03887500e+05 5.39345818e+01 1.41139250e+05 5.05478281e+04
 3.33129725e+06 6.92179883e+03 1.07048877e+03 3.13016016e+03
 7.48820410e+03 2.69002578e+04 2.62843652e+03 3.77279719e+05
 1.34789502e+03 3.57673477e+04 1.35340713e+04 2.63693844e+05
 1.82410125e+05 2.50034336e+04 3.64697400e+06 7.54071625e+05
 3.46127900e+06 4.24859219e+04 8.81437891e+04 2.71353066e+04
 3.44773625e+05 9.79888672e+03 1.30867412e+04 8.04437422e+04
 1.95308789e+04 4.54376914e+04 2.82365594e+05 1.29547305e+05
 3.18321031e+05 2.88128809e+04 1.58561292e+03 2.58908164e+04
 7.68413438e+04 2.86448022e+03 6.30081104e+03 2.96600800e+06
 4.52430322e+03 4.35437781e+05 3.63345430e+04 2.52598608e+03
 1.18864781e+05 1.78651895e+04 3.58963281e+05 9.38148203e+04
 1.91082969e+05 4.41842062e+05 7.89142031e+04 5.12996016e+04
 4.91461125e+05 1.00483492e+05 5.11167305e+04 1.47576781e+05
 2.92573672e+04 1.21986388e+06 1.10048037e+04 3.13431875e+06
 2.06921938e+05 5.95469434e+03 1.91340586e+04 1.48994469e+05
 9.88277246e+03 2.05111699e+04 2.58301141e+05 6.09856445e+04
 1.02700922e+05 1.08757836e+05 1.63803491e+03 9.08739453e+03
 8.16118750e+03 1.21089575e+03 9.53573438e+04 6.93196328e+04
 4.49178076e+03 3.70420117e+04 7.26507688e+05 3.15340938e+04
 4.02559375e+04 1.02403039e+05 2.74550906e+05 7.80074250e+05
 7.17827422e+04 1.47817188e+05 1.52511094e+04 3.66355344e+05
 2.55344492e+04 2.41150781e+05 1.05104525e+06 5.99134961e+04
 4.95401328e+04 2.64978691e+04 1.44939344e+05 1.12656688e+05
 2.01553066e+04 2.91572227e+04 1.37569031e+05 9.82209844e+04
 4.17055625e+05 1.20387070e+05 4.17276406e+04 1.71810913e+03
 7.72603984e+04 2.27156201e+03 7.72163438e+04 1.27038008e+05
 2.55526625e+06 9.12936562e+04 8.24635059e+03 1.63082788e+03
 1.02783539e+05 6.82758281e+04 3.22167456e+03 1.58159875e+06
 6.70024375e+04 3.55168719e+05 6.15618164e+04 5.78949125e+05
 7.95556062e+05 6.89260620e+02 6.31420234e+04 7.94408438e+05
 1.17911270e+04 2.00935906e+05 9.93172688e+05 8.08197500e+04
 4.01552856e+03 7.79975391e+04 1.15646006e+04 2.97663625e+05]
339353.97
45899936.0
