[4.23800430e+04 5.96696680e+03 4.10972803e+03 1.30227976e+01
 1.44441104e+04 4.08881274e+03 1.84098206e+03 4.96287451e+03
 2.12920762e+04 2.10944067e+03 1.15196680e+03 1.09949182e+03
 2.39088031e+05 4.83382050e+02 1.11240955e+03 3.15039600e+03
 8.62372500e+04 5.42990479e+03 2.35858633e+04 1.04497836e+05
 1.73906113e+04 3.08486621e+03 1.71529100e+06 9.63043125e+04
 6.53937012e+02 1.35379863e+04 5.48913000e+05 1.16762861e+04
 2.33593823e+03 3.56351318e+03 4.30035820e+04 4.64249658e+03
 1.04796562e+04 1.51182104e+03 3.77949375e+04 4.85357344e+04
 9.64087988e+03 1.49989658e+04 1.07870000e+04 1.49333398e+03
 2.32604316e+04 4.84143633e+04 3.34176914e+04 6.19206348e+03
 5.04087549e+03 9.87393555e+03 1.84224036e+03 2.56420068e+03
 3.21293018e+03 1.94182812e+04 1.80410461e+03 6.52582275e+03
 2.39678482e+02 3.94871211e+04 5.49622705e+03 1.17677527e+03
 4.79075898e+04 1.07119031e+05 6.22578418e+03 9.00636719e+03
 2.29436777e+04 9.69428418e+03 1.10307764e+04 5.69024231e+02
 3.67473999e+03 8.25642188e+03 2.47537329e+03 3.19851221e+03
 5.30706055e+03 4.98437773e+04 4.71907471e+03 8.62868848e+03
 1.63087903e+03 4.56089453e+03 1.17000342e+04 2.71195410e+03
 7.94027979e+03 1.90182715e+04 2.17400317e+03 1.43056047e+05
 2.48041943e+03 9.74391992e+03 1.42291443e+02 7.78192676e+03
 5.88447852e+03 2.64638257e+03 4.27115527e+03 1.30306506e+03
 5.63257178e+03 1.54224365e+04 1.02293438e+04 1.75934023e+04
 3.12901050e+03 1.84129590e+04 2.06297500e+06 1.68844177e+03
 5.39096680e+02 4.25623389e+03 5.68940664e+04 1.97784900e+03
 6.00591357e+03 2.26915845e+03 1.95316809e+03 2.29497681e+03
 2.64848438e+03 3.38616748e+03 6.82205200e+02 7.04951514e+03
 8.59519531e+03 1.58388684e+03 3.08250488e+03 4.54524766e+04
 2.53690576e+03 2.02157971e+03 1.02462588e+04 2.20742651e+03
 1.88630322e+03 4.36709883e+04 3.80612646e+03 2.61969946e+03
 9.49189160e+03 2.39954121e+04 7.69155859e+04 6.66748359e+04
 2.17907593e+03 4.16583252e+03 3.57814331e+03 4.63646582e+03
 3.80909717e+03 2.42064478e+03 2.58913354e+03 3.02260254e+03
 6.93414404e+03 2.11931567e+03 1.20674043e+04 6.19795850e+03
 2.40012656e+04 3.59451782e+03 5.25787891e+03 2.55893457e+03
 2.54447479e+02 1.68816125e+03 5.56211621e+03 1.88462852e+04
 3.71147430e+02 4.17161768e+03 2.55443896e+03 1.86379004e+04
 6.54144609e+04 1.76404761e+03 5.89496729e+03 5.52192148e+04
 3.89916211e+03 3.69653003e+03 2.15285718e+03 3.65614966e+03
 2.63605249e+03 5.91770156e+04 1.20990259e+03 6.87214531e+04
 2.39069824e+04 2.38704980e+03 5.82391846e+03 5.62974426e+02
 1.06018936e+04 8.68134375e+03 2.35895264e+03 4.10934692e+02
 5.20618555e+03 1.92153672e+04 8.66829491e+00 8.32741797e+03
 5.66765625e+03 5.79965186e+03 2.02907849e+03 3.92178540e+03
 8.88961523e+03 5.24857861e+03 3.78250078e+04 9.64693750e+04
 3.19703906e+04 8.22920593e+02 1.27352289e+05 1.96591191e+04
 1.81604248e+03 2.60134277e+03 2.09582837e+03 1.86492949e+04
 8.44440689e+01 2.74796045e+03 1.66526582e+04 2.63947192e+03
 7.70859802e+02 1.17432627e+04 3.82186758e+04 5.62244324e+02
 8.47336953e+04 3.30383716e+03 1.43073230e+03 1.76959375e+04
 4.20447998e+02 6.42815479e+03 3.48714375e+04 5.04653351e+02
 1.50748219e+05 1.44160344e+05 1.18241250e+04 4.60257666e+03
 2.75603662e+03 1.79602063e+03 2.29278613e+03 1.75167969e+04
 2.44785278e+03 8.89164062e+02 2.67053145e+04 2.46772705e+03
 5.93385803e+02 2.79066333e+03 8.88594922e+03 1.88564062e+03
 7.47861816e+02 2.12010059e+03 2.63611157e+03 2.86020684e+04
 6.59806055e+03 2.16646216e+03 4.90318359e+03 4.15210107e+03
 2.91163647e+03 5.19267383e+03 9.80806641e+03 1.94486633e+03
 1.28274893e+04 5.93396680e+03 4.21181201e+03 1.18982637e+04
 6.65831201e+03 1.51827515e+02 2.74181079e+03 1.10351538e+03
 2.17332500e+04 1.22339941e+03 6.19352773e+04 8.44984609e+04
 2.74046631e+01 4.75964922e+04 9.32707617e+03 2.74399927e+03
 4.10695850e+03 7.16587656e+04 3.08215259e+03 1.90529199e+04
 5.51545227e+02 6.96026172e+03 8.71024023e+03 7.33310791e+02
 2.11316455e+03 1.98318408e+03 2.01860828e+03 1.00682295e+04
 5.31722812e+04 4.34260430e+04 2.75903833e+03 6.27486076e+01
 1.04071997e+03 4.71789600e+03 2.73273340e+03 6.26453564e+03
 8.38238184e+03 2.11108086e+04 2.18451538e+03 1.76265898e+04
 1.33674669e+01 4.51168994e+03 8.31287988e+03 8.11182861e+03
 6.40555625e+04 6.60914141e+04 2.95329541e+03 1.90354395e+04
 2.81258301e+03 1.73247559e+04 2.29989307e+03 3.34346130e+02
 2.18738117e+01 4.34539795e+03 1.23060635e+04 2.67577100e+03
 9.34207458e+02 7.77931934e+03 1.39158500e+05 4.03801318e+03
 1.82540977e+04 1.17372302e+03 1.48032458e+03 1.30399277e+04
 7.35003223e+03 1.52132285e+04 6.35788623e+03 1.02274756e+03
 1.97404346e+03 3.23019702e+03 2.81106953e+04 2.19027906e+05
 1.97465859e+04 1.29373758e+05 2.65150879e+02 4.82435703e+04
 6.83216797e+03 1.10577087e+03 1.80188220e+03 5.97202979e+03
 5.08290469e+04 9.57092957e+02 1.23974533e+02 1.18561904e+04
 7.66825488e+03 2.94997891e+04 6.63637988e+03 1.11939625e+05
 4.28511865e+03 5.26932070e+04 1.17892510e+04 2.31278976e+02
 2.34000488e+04 3.96614258e+03 6.46076250e+04 7.61893860e+02
 3.30936719e+04 1.34799482e+04 4.49505469e+03 2.54064922e+01
 4.51768608e+01 7.70835986e+03 8.23101758e+03 1.54024229e+04
 4.09806885e+03 2.68969824e+03 3.28184297e+04 1.36303247e+03
 3.95584106e+03 3.63499805e+03 1.57745544e+02 3.25813828e+04
 2.63139502e+03 3.85840393e+02 6.54629590e+03 1.18642266e+04
 7.28901123e+03 3.36222021e+03 7.06044189e+02 3.78173984e+04
 3.69488110e+03 6.87747607e+03 1.41527109e+04 2.58791016e+04
 7.12671191e+03 1.27375381e+04 6.47736670e+03 3.25970288e+03
 1.73647614e+02 1.81584141e+04 1.58098066e+04 4.19412598e+03
 3.85731406e+04 3.24169125e+05 1.63745743e+02 1.58120874e+03
 6.44778008e+04 4.16787891e+03 3.98352148e+03 1.07212568e+04
 2.34152828e+05 1.71990703e+04 3.13610859e+01 6.21917920e+03
 7.64027891e+04 1.35143291e+04 3.69902026e+03 6.59914404e+03
 3.97891289e+04 1.60566250e+04 1.32567000e+06 4.36769336e+03
 3.19488452e+03 9.01962891e+03 3.38257031e+03 1.16399092e+04
 4.58676367e+03 2.43181914e+04 3.03979125e+05 5.81813660e+02
 5.82474072e+03 7.17575488e+03 4.33865967e+03 3.50061797e+04
 2.78169043e+03 3.66114062e+04 4.95472998e+03 3.04851188e+05
 2.16412338e+02 1.09765098e+04 3.70275439e+03 4.95427734e+03
 6.09078491e+02 1.35914814e+04 3.65583057e+03 5.54447021e+02
 1.48509656e+05 1.02178506e+04 4.31161572e+03 3.43174219e+04
 5.55111084e+03 2.59635889e+03 4.96728359e+04 1.49879434e+04
 3.49295483e+03 6.05514014e+03 7.33491846e+03 2.50887183e+03
 2.31359414e+04 6.33837646e+03 3.79784888e+03 8.51654785e+03
 5.46520898e+03 6.33340698e+02 4.61288594e+04 9.20540527e+02
 1.73701445e+04 1.40730840e+04 2.48535327e+03 4.16260820e+04
 3.79497827e+03 1.14345328e+05 5.84322070e+03 5.92795459e+03
 1.94468433e+03 5.19339172e+02 2.02378979e+03 1.85639075e+03
 8.05636621e+03 5.08190088e+03 1.32413564e+04 1.04296006e+04
 1.60970273e+04 1.43969958e+03 3.35332593e+03 2.37543398e+04
 6.58005713e+03 3.12834277e+03 1.52870667e+03 2.60526062e+05
 1.27046545e+03 9.79919727e+03 1.46511426e+04 3.20386304e+03
 3.43597974e+03 7.63772339e+02 2.42843574e+04 9.76072571e+02
 6.49197803e+03 1.34587622e+03 1.06315670e+01 6.42707959e+03
 3.02736250e+04 2.08258765e+03 2.99095605e+03 2.01735999e+03
 3.44419800e+03 1.34719438e+05 1.42910186e+04 1.27811152e+04
 3.43880762e+03 6.50831348e+03 1.50288672e+03 1.08950723e+04
 2.31531714e+03 1.36520166e+04 2.06818604e+03 1.14124670e+03
 3.54733862e+03 3.09335175e+02 1.40544365e+04 3.49916821e+03
 7.64763135e+03 7.24106445e+03 4.00538916e+03 9.17119844e+04
 8.57267639e+02 3.43438745e+03 4.04821484e+03 7.89504883e+03
 4.18558936e+03 1.56887969e+04 5.07523477e+04 1.88266382e+03
 2.44740112e+03 6.67382500e+04 1.09457654e+03 2.39583765e+03
 5.34557959e+03 9.94439258e+03 9.39997266e+03 4.21427216e+02
 1.72057861e+03 2.29537773e+04 1.07889197e+03 2.20187676e+04
 8.70042285e+03 6.99853638e+02 7.95294861e+02 2.57897858e+02
 1.20988320e+04 8.01834033e+03 1.72823379e+04 2.51091234e+05
 7.10432891e+04 5.14720166e+03 1.39764185e+03 3.44819427e+02
 4.16048291e+03 1.95497438e+05 4.18937305e+03 3.48568628e+03
 2.76443164e+04 9.93250061e+02 3.02278906e+03 2.61838926e+04
 6.89637646e+03 4.49589014e+03 1.76247363e+03 2.11863586e+02
 1.29081848e+02 1.33308679e+03 1.01986316e+03 2.85632446e+03
 5.75115117e+04 3.91458521e+03 6.55550781e+03 2.29991970e+01
 1.23001328e+04 2.94156188e+05 1.76258997e+03 7.90718799e+03
 1.41166528e+03 2.64781299e+03 2.64158711e+04 1.42644287e+03
 1.77876391e+05 7.67464905e+02 3.14007012e+04 2.63552539e+03
 2.49580103e+03 4.07724805e+04 2.54038544e+02 1.25298755e+03
 6.49805481e+02 4.45473682e+03 1.06306763e+03 7.59055957e+03
 5.43828906e+04 1.18664539e+03 1.55399500e+03 1.23118877e+04
 3.33490942e+03 8.27270325e+02 1.48017261e+03 8.25001719e+04
 1.15967314e+04 8.08217896e+02 2.07638574e+04 7.61325342e+03
 3.53195625e+04 8.03564141e+04 2.35350801e+04 5.72936406e+04
 7.90824414e+03 7.13345947e+03 2.84472500e+04 1.01402686e+03
 9.81287578e+04 2.18973755e+03 4.08756289e+04 3.01726440e+03
 9.44603418e+03 3.00524812e+05 2.71405298e+03 5.07946680e+03
 1.03403584e+04 3.86449438e+03 4.91258496e+03 2.17497705e+03
 8.07501709e+03 2.29033945e+04 1.81841543e+04 1.37727354e+04
 1.62499023e+02 2.55006882e+02 1.07443496e+04 1.95203577e+03
 4.84021875e+04 6.93137305e+03 1.10103662e+04 2.19180835e+03
 1.97338164e+04 1.59055420e+03 7.14173633e+03 2.78853735e+03
 3.07064185e+03 3.11154238e+04 1.11180664e+03 3.47665674e+03
 1.06534053e+04 1.61597842e+04 7.77270801e+03 5.50018115e+03
 1.05199473e+04 1.58948779e+04 1.99645996e+04 1.46544551e+04
 2.28059912e+03 4.27240820e+03 3.43025537e+03 3.35765796e+03
 1.34845195e+04 3.13202715e+04 2.11284473e+04 8.97206726e+02
 9.05722461e+03 2.43996973e+04 3.21379492e+04 2.54558374e+03
 3.74650244e+03 6.13842725e+03 7.93972949e+03 2.35400269e+03
 1.90002917e+03 8.97813049e+02 7.18529443e+03 1.82461270e+04
 5.16196387e+03 5.07094385e+03 1.14930884e+03 9.83548401e+02
 2.00341700e+06 8.05848618e+01 9.63083496e+03 4.42272266e+04
 6.78617126e+02 3.25765845e+03 2.37765762e+02 1.94825720e+03
 2.24768457e+03 9.74975464e+02 4.14625391e+03 1.04400117e+04
 8.67742798e+02 2.33636465e+04 3.72890625e+04 1.69807605e+03
 8.24767773e+03 3.83908203e+04 5.12515234e+04 4.91220898e+03
 1.39466699e+04 3.61584814e+03 2.69762036e+03 3.36549902e+03
 8.67812500e+03 1.08313391e+05 9.20390472e+01 8.92347949e+03
 1.65547424e+03 2.69226387e+04 5.03832773e+04 7.18423193e+03
 2.94527930e+03 2.23152285e+04 1.81945820e+04 1.74727344e+04
 2.90081451e+02 3.46400562e+03 3.32984131e+03 3.97524023e+04
 3.16714238e+04 1.95016528e+03 3.19392847e+03 1.76333250e+05
 5.49207715e+03 1.11126846e+04 2.96046436e+03 7.63933691e+03
 1.44522959e+04 1.31055410e+04 2.12764160e+03 6.75964502e+03
 7.92201328e+04 2.28407642e+03 9.43850327e+01 1.53709631e+03
 3.89815503e+03 4.53180518e+03 3.96190918e+03 1.10607275e+03
 1.52334900e+03 1.26039385e+04 1.60321997e+03 9.14447949e+03
 3.10221606e+03 2.30865039e+03 1.16574717e+04 4.71408203e+03
 2.71647090e+04 1.68514609e+04 1.24897666e+04 5.87362734e+04
 1.11724199e+04 2.06258203e+03 5.21982373e+03 1.57090759e+03
 1.39789082e+04 1.05477258e+03 6.80008301e+03 7.18687266e+04
 1.82787341e+03 7.81786072e+02 2.90345879e+04 7.32115469e+04
 2.95312441e+04 6.62204541e+03 1.67052246e+04 3.15613843e+03
 1.04203174e+04 1.04241047e+05 4.90214609e+04 5.36969092e+03
 5.17696655e+02 1.45603235e+03 1.96020332e+04 3.63301562e+05
 3.99275360e+02 1.38170654e+02 2.52813354e+03 2.08661426e+03
 7.19893115e+03 4.33763306e+02 5.44139688e+05 2.97486445e+04
 1.37249287e+04 8.59028320e+03 4.51911406e+04 1.60766113e+03
 9.04564062e+03 5.22124756e+02 2.44035229e+03 2.13491382e+03
 8.03183899e+02 8.08259033e+03 4.13602148e+04 8.93700195e+03
 6.62310840e+03 4.76218536e+02 2.29174951e+03 2.40134277e+04
 1.79102881e+03 8.89379333e+02 4.91812549e+03 1.02574355e+04
 9.75276562e+03 1.35367520e+04 2.35239961e+04 1.00742119e+04
 1.44848500e+05 9.98789453e+03 8.69135703e+04 2.68150024e+03
 3.41773804e+03 2.77403906e+03 2.28988906e+04 6.69678125e+03
 6.94801208e+02 2.14466250e+04 4.50875352e+04 3.83139282e+03
 1.54127234e+03 1.33301875e+05 6.45713555e+04 4.07089111e+03
 4.69526172e+03 2.73898344e+05 1.70157654e+03 1.65999297e+04
 4.58220459e+03 8.29254766e+04 8.17000830e+03 4.09518359e+03
 9.28312012e+03 7.32080469e+03 2.10520605e+04 8.55450293e+03
 1.42903613e+04 5.59718066e+03 3.19763750e+04 2.18812744e+03
 4.56707812e+03 1.04613115e+04 4.62001074e+03 2.46949536e+03
 4.90281708e+02 4.70223389e+03 6.07042578e+03 5.52303984e+04
 5.09924570e+04 2.26858130e+03 2.65519751e+03 3.69620020e+03
 5.75116406e+03 3.37430957e+03 2.97574156e+05 3.09335488e+04
 5.20879932e+03 1.55192456e+03 5.26153125e+04 1.30276611e+04
 5.03805908e+03 2.05793906e+04 4.85496289e+03 1.17273383e+05
 6.40309619e+03 3.66549585e+03 2.60877637e+04 1.29650566e+04
 4.91400781e+03 1.31889346e+04 2.11572052e+02 2.90177917e+02
 6.45936172e+04 1.70657150e+02 1.56738818e+04 4.33107224e+01
 8.88256958e+02 1.14373477e+04 2.87605029e+03 4.92238281e+04
 2.37482837e+03 3.58720581e+02 3.64478086e+04 1.72863513e+03
 8.71973340e+03 1.21410507e+02 2.94241284e+03 1.83787988e+04
 1.02387781e+03 3.95468262e+03 2.49854180e+04 8.48250293e+03
 7.58892871e+03 5.44833828e+04 1.42353398e+04 1.36243604e+03
 8.98388750e+04 1.57489912e+04 1.92198301e+04 6.53716895e+03
 4.13456982e+03 5.69188916e+03 1.65434705e+03 2.07914160e+03
 1.84176074e+04 6.43467041e+03 3.17343555e+04 2.27708740e+03
 2.72837061e+03 2.73323364e+03 5.74072852e+03 2.20716507e+02
 2.75168481e+03 3.87631152e+03 2.24608765e+03 3.10314473e+04
 1.78729529e+03 6.99755615e+03 4.40949268e+03 3.08495947e+03
 9.21415859e+04 1.02647607e+03 1.37184863e+03 1.70183887e+04
 3.61499125e+05 4.94595520e+02 2.31086279e+03 4.27404297e+02
 4.80012482e+02 3.50732727e+01 6.94476074e+03 2.08185059e+03
 2.28823267e+03 1.72989600e+03 1.09608740e+03 4.01665332e+03
 3.56757656e+04 2.85650342e+03 1.36800039e+04 4.92534277e+03
 4.89273145e+03 1.84960986e+03 1.36907559e+04 1.26597711e+05
 7.11361816e+02 1.09537666e+04 2.21272559e+03 1.13936279e+03
 1.08565356e+03 5.78884814e+03 1.68846406e+04 1.48430088e+04
 1.55127087e+03 1.80102695e+04 2.72137451e+03 2.00095642e+03
 6.20426611e+03 1.15640938e+02 2.32591582e+04 4.51493652e+03
 2.23997485e+03 1.17327783e+04 1.64911829e+03 7.60582578e+04
 2.66240845e+03 5.17163867e+03 1.99620020e+03 1.43368262e+04
 3.88122412e+03 1.94091687e+03 9.34611230e+03 1.31490979e+03
 1.08699097e+03 1.85382312e+03 9.48372559e+02 9.58830078e+03
 1.60553162e+03 4.30060303e+03 2.40132227e+03 7.83705703e+04
 3.53222900e+03 8.77033105e+03 2.63148047e+04 2.77753589e+03
 2.00601973e+04 1.93179895e+03 1.24838623e+04 1.77637212e+06
 7.78451172e+03 8.19721875e+03 3.22508447e+03 4.51892188e+05
 5.30609497e+02 3.91960132e+03 1.48995518e+04 9.37823828e+03
 2.70190112e+03 1.48366113e+04 7.01211963e+03 2.51624668e+04
 4.05214062e+04 3.12625183e+02 3.65931602e+04 7.28667285e+03
 3.52926562e+04 7.50982275e+03 3.87078174e+03 7.16006562e+04
 9.49008594e+03 3.00464600e+03 2.63319727e+03 3.38146094e+03
 1.40600688e+05 3.24808447e+03 2.12772578e+04 3.69573438e+03
 3.57787793e+03 1.21392441e+02 2.12820142e+03 9.15738000e+05
 8.19753320e+03 1.92268203e+04 3.13252466e+03 1.07136133e+03
 1.00295918e+04 1.12583770e+04 5.85869727e+04 2.65537363e+04
 1.09521411e+03 6.51516016e+03 4.60208242e+04 1.67303259e+03
 2.52222388e+03 1.75001770e+03 6.60320068e+03 5.51106348e+03]
29786.074
2062975.0
