[7.70553418e+03 2.21089386e+02 6.36220459e+02 1.07592859e+03
 8.11526108e+01 1.25518646e+01 3.23421295e+02 2.82063477e+03
 1.21446899e+03 4.49113556e+02 3.10399097e+03 7.60791702e+01
 1.78401306e+02 2.71770905e+02 1.02378922e+02 9.70845154e+02
 9.79347839e+02 6.01025574e+02 5.06984985e+02 6.64143125e+04
 1.00972162e+03 3.31305328e+02 2.29298145e+04 4.83436737e+02
 7.41017303e+01 2.04045922e+05 6.32678867e+04 1.30713452e+03
 6.88560840e+03 6.35264648e+02 2.93533618e+03 1.12519116e+03
 3.66362793e+02 1.12865265e+02 1.56406238e+03 3.45858179e+03
 3.43311691e+01 7.67747955e+01 4.58758545e+02 3.44693512e+02
 2.72979346e+03 8.07371277e+02 3.73727203e+02 1.33301270e+02
 1.13575574e+03 2.53731006e+03 1.59010101e+02 1.11324615e+02
 1.58249817e+02 3.95345428e+02 2.36892303e+02 2.10358612e+02
 9.19078159e+00 9.03057129e+03 1.08380402e+02 6.84207611e+01
 6.47296875e+02 2.61085098e+04 2.01385657e+03 3.89031792e+01
 5.02297729e+02 5.67787476e+01 3.46977417e+02 1.04716232e+02
 1.73743286e+02 2.50511572e+03 3.00853394e+02 6.27627945e+00
 1.61447983e+02 2.83390088e+03 1.09370361e+02 8.18412857e+01
 4.16358032e+02 2.40168381e+02 1.36180496e+02 1.80795914e+02
 5.46745117e+02 6.99325333e+01 2.15159340e+01 8.60435938e+03
 4.22453186e+02 1.75237747e+02 3.65660324e+01 8.06172791e+01
 3.56729698e+01 1.50316467e+02 1.75567078e+02 3.14350403e+02
 4.13299500e+02 1.60757996e+03 2.52405605e+01 8.79043945e+03
 5.27773018e+01 5.93380966e+01 1.41939478e+03 1.11512041e+04
 1.58368484e+02 1.45399792e+03 9.72023926e+02 2.06940475e+02
 1.07806274e+03 3.67789990e+03 3.75552177e+01 3.06849792e+02
 1.37412491e+02 7.75560120e+02 4.23310303e+03 1.44255463e+02
 1.57143341e+02 1.59276638e+01 1.43089172e+02 1.03369348e+03
 8.19430161e+01 4.38043976e+01 1.59490881e+03 3.65059845e+02
 1.20714188e+01 8.07025528e+01 1.41083911e+03 7.16642761e+00
 2.33110504e+02 1.07358841e+02 1.09606875e+04 9.25792871e+03
 8.03949158e+02 9.26094208e+01 4.57754745e+01 8.32913696e+02
 5.12086060e+02 4.82883514e+02 5.38888916e+03 1.31680527e+02
 3.65801300e+02 8.68740723e+02 3.91755463e+02 8.14853439e+01
 1.03565686e+03 2.62556000e+02 8.12530823e+02 3.05872555e+01
 1.05104179e+02 2.03414642e+02 2.52336426e+03 1.79364380e+03
 1.95760742e+03 3.36696701e+01 3.19370880e+02 4.53655792e+02
 3.00615063e+03 3.91453278e+02 2.66998566e+02 6.48444214e+02
 9.38243484e+01 2.18604794e+01 1.12817871e+02 1.42245178e+02
 2.09989136e+02 3.88690259e+03 2.29534821e+02 4.94412994e+02
 7.54140991e+02 4.08397293e+01 1.45743542e+01 8.30112991e+01
 8.66203735e+02 5.44234680e+02 8.94250366e+02 3.23672882e+02
 1.70722443e+02 5.12109489e+01 2.45697441e+01 4.35520111e+02
 4.51211670e+03 2.58730560e+02 5.87860794e+01 3.66765099e+01
 2.08769882e+02 4.84263344e+01 3.43685730e+02 5.92751770e+02
 2.04117468e+03 1.83318802e+02 2.49403711e+04 2.50976978e+03
 3.84097198e+02 1.94690109e+02 2.24890594e+02 6.36333923e+02
 6.05843994e+02 6.40691833e+02 5.00479736e+02 2.32583405e+02
 2.06383247e+01 4.32629150e+02 3.32507773e+04 3.72051888e+01
 2.95987701e+02 4.29971497e+02 5.14540520e+01 8.35300000e+03
 1.28070587e+02 1.07983887e+03 1.16188965e+03 2.44365738e+02
 1.07195195e+04 1.48648955e+04 1.83357966e+00 1.21350845e+02
 3.73206421e+02 3.42533417e+02 1.09792030e+02 5.45547180e+02
 2.56131592e+02 4.51448555e+01 7.61009216e+02 1.58576508e+01
 8.52699280e+01 9.55066452e+01 6.78940430e+01 1.03815186e+02
 4.52095154e+02 1.96388245e+01 1.70810795e+01 4.05768945e+03
 6.13659729e+02 4.93349518e+02 2.25679883e+03 2.07310238e+01
 4.06564526e+03 5.03228394e+02 3.65450516e+01 6.63251114e+01
 1.35107019e+03 3.02381104e+02 4.65790283e+02 7.48364258e+03
 5.20722266e+03 1.18828712e+02 1.12463486e+02 8.83516617e+01
 2.08108643e+03 1.06494423e+02 8.70594482e+02 6.59484082e+03
 9.16442108e+01 1.72421445e+04 2.88943291e+01 5.26655884e+02
 7.82509460e+02 1.59447827e+03 1.94452133e+01 9.69514847e+01
 2.91904022e+02 1.12854907e+03 2.51640911e+01 6.97412988e+03
 6.05432739e+02 4.03755150e+01 1.53974167e+02 8.59984360e+01
 3.34900898e+04 1.08635730e+03 8.44926331e+02 2.16790131e+02
 3.25941391e+01 1.75173607e+01 4.83551931e+00 4.02789276e+02
 3.90677765e+02 7.50707245e+01 5.82896767e+01 2.85239722e+03
 2.50522705e+03 1.59617188e+02 2.01069141e+04 1.65797409e+02
 8.68078613e+03 1.13794287e+03 2.77465668e+02 1.19424622e+03
 8.33313843e+02 3.48631042e+02 1.88159454e+02 7.58434143e+02
 1.52451715e+01 1.09277393e+03 3.43471794e+01 5.19819908e+01
 4.68512535e+01 3.15606140e+02 2.09211450e+03 5.69842911e+01
 4.70089746e+03 1.32391703e+00 1.41861862e+02 5.10656967e+01
 3.07148170e+01 2.09536206e+03 3.93175720e+02 3.18040504e+01
 8.19309082e+02 3.55701103e+01 1.69926184e+03 1.27041229e+02
 4.28677094e+02 2.53395447e+02 2.83018616e+02 5.71748413e+02
 7.62958221e+01 2.41711884e+01 4.14815102e+01 9.22582397e+01
 1.84174817e+03 4.17128265e+02 1.74260056e+02 5.28132568e+02
 5.49275195e+03 1.14614929e+02 9.87418945e+03 6.80609070e+02
 3.26576782e+03 3.71466492e+02 7.47393616e+02 6.78250732e+02
 1.70656967e+02 4.06686340e+02 6.93296641e+04 6.64799042e+01
 1.05736694e+03 2.16869580e+03 2.13361557e+02 3.31284546e+02
 1.19454431e+03 4.87047363e+03 7.53801709e+03 1.90728772e+03
 1.13090637e+02 1.14902039e+02 8.41870117e+02 8.87055893e+01
 2.99045947e+03 3.58943214e+01 7.03383057e+02 9.15708923e+02
 2.85385925e+02 3.82837616e+02 1.22506706e+02 2.68600220e+02
 5.49186523e+03 1.17253593e+02 3.08443335e+03 1.29157984e+05
 4.11875366e+02 1.17711006e+04 2.54400368e+01 9.04309631e+02
 2.71131519e+03 3.51183502e+02 3.01567078e+02 1.23468372e+03
 8.48746109e+01 2.28688013e+03 3.10022949e+04 7.63198181e+02
 2.91380341e+02 3.60478247e+03 1.70779266e+02 8.77451538e+02
 1.30549277e+04 1.31721948e+03 1.39494910e+03 3.38668701e+02
 9.84973203e+04 1.43742935e+02 5.02719818e+02 5.43776123e+02
 1.64815356e+03 7.57675171e+02 2.59501007e+02 9.40362244e+01
 2.20426123e+03 5.40230652e+02 6.71075635e+03 1.34187958e+02
 1.22465660e+02 7.08617188e+02 3.79697937e+02 8.25759315e+00
 8.41809540e+01 4.10155731e+02 2.97650195e+03 1.53607903e+01
 1.05667549e+02 1.77432861e+01 3.94169312e+02 1.05913293e+03
 3.28279938e+02 5.27229834e+03 1.66631607e+02 3.34333301e+03
 2.06235046e+01 1.76682541e+02 1.88575775e+02 8.90006924e+00
 2.89430603e+02 4.98321877e+01 3.50699585e+02 1.01584385e+04
 1.22323695e+05 2.83229485e+01 3.40092926e+02 8.33046875e+02
 4.78337097e+02 3.23170410e+02 1.98550278e+02 5.85549438e+02
 3.17278595e+01 3.67014885e+01 3.11412720e+02 1.37096279e+04
 3.28043518e+02 5.60323853e+02 1.47501526e+02 1.12112236e+04
 3.83525726e+02 1.40245010e+02 1.09069824e+00 4.33631897e+01
 5.73032150e+01 7.72588959e+01 2.46872168e+03 1.32764099e+03
 1.15516982e+04 1.24261680e+04 3.03026245e+02 3.51365082e+02
 8.69509277e+01 3.96295547e+01 6.85084961e+02 1.47692871e+02
 2.13383121e+01 1.14763008e+04 4.54073877e+03 1.34467178e+02
 2.12042294e+01 3.84490242e+01 2.72471180e+01 1.21723315e+03
 1.25321289e+02 3.40651031e+02 5.41722908e+01 5.54621875e+03
 1.80480865e+02 1.99957637e+04 3.21694489e+02 1.42543716e+02
 1.51435440e+02 2.55311523e+02 3.92318530e+03 4.63775482e+01
 5.02257751e+02 3.52138916e+02 2.79645844e+02 3.89117088e+01
 3.92849146e+03 2.40917465e+02 1.74085617e+02 9.59491253e+00
 1.27759773e+02 1.15689131e+04 1.66133636e+02 4.69337256e+03
 1.89120251e+03 6.54688477e+02 2.81822548e+01 5.57960693e+02
 2.20355740e+01 1.78548309e+02 4.77639084e+01 3.26762878e+02
 3.74214893e+03 9.76613998e+01 4.65396233e+01 2.98047150e+02
 1.05948467e+01 1.03667432e+03 1.26039497e+02 1.08574707e+03
 3.88269470e+02 1.09736855e+02 5.13355103e+02 8.57216431e+02
 2.40429489e+02 3.58298218e+03 2.52220195e+04 1.38207809e+02
 1.07442795e+02 1.28208435e+03 1.49271194e+02 1.31772919e+02
 2.95730194e+02 3.43221832e+02 1.05118065e+02 9.91703339e+01
 1.51482306e+01 3.36056714e+03 1.44173065e+02 2.85306909e+03
 3.93571045e+02 3.56295471e+01 2.58180634e+02 5.70889258e+03
 3.18113831e+02 6.32977112e+02 6.41515137e+02 1.02024986e+02
 1.66301208e+03 2.15132309e+02 3.51982697e+02 1.10888023e+02
 3.21356316e+01 6.05523193e+02 1.30415817e+02 1.37112747e+02
 2.56696836e+04 2.11662502e+01 4.01235016e+02 7.39455032e+01
 3.26789429e+02 2.34254623e+02 1.49759645e+01 8.27897568e+01
 2.62324890e+02 2.08585266e+02 9.57312298e+00 1.08570168e+02
 8.24796387e+03 6.63950195e+01 1.13314140e+02 1.53205042e+01
 6.43676834e+01 1.15939514e+03 9.92233562e+00 1.16184967e+02
 1.94713745e+02 6.42983246e+01 2.38720264e+03 1.50293420e+03
 3.42804321e+03 1.01560040e+03 1.45436087e+01 3.23593964e+02
 3.96848999e+02 2.89702441e+04 5.24680672e+01 9.53463086e+03
 1.45285332e+04 9.59834061e+01 5.17409546e+02 1.25918526e+02
 1.46298996e+02 1.11551794e+03 1.44368576e+02 6.85869751e+02
 2.97842369e+01 5.55257263e+02 2.93367157e+02 6.21850439e+03
 7.03155365e+01 2.56973633e+03 5.49489441e+01 6.12351257e+02
 9.29182031e+03 3.78928174e+03 3.84558601e+01 1.37459000e+02
 2.33482346e+02 1.41745499e+02 3.13456152e+03 5.67255615e+02
 5.17511597e+01 9.35650711e+01 1.05425317e+03 8.16223389e+02
 5.64505043e+01 3.63473315e+03 1.43484665e+02 8.41827148e+02
 2.61531311e+02 1.09772388e+03 1.05354224e+03 3.83714697e+03
 2.45704727e+02 1.00027489e+02 5.51775635e+02 2.32545181e+02
 7.86001921e+00 1.33799789e+02 3.48575989e+02 2.02407666e+03
 6.44789124e+02 1.06980774e+03 3.64933510e+01 5.09495850e+01
 1.66356888e+01 3.99526672e+02 3.73555371e+03 1.28689280e+01
 1.04898303e+03 1.46530505e+03 4.68581696e+01 9.02515945e+01
 1.22916248e+03 6.56511414e+02 3.49645203e+02 5.12185791e+02
 9.74835547e+03 6.52248474e+02 3.13270703e+03 4.98524475e+02
 9.74960938e+01 1.84751205e+02 4.01788239e+02 2.28740173e+02
 1.73488205e+02 8.69436111e+01 3.53520654e+03 3.48133812e+01
 3.87257202e+02 2.22146332e+02 7.90527496e+01 3.18774475e+02
 1.15204868e+01 2.01640930e+02 2.24667587e+01 4.68672089e+02
 5.29897165e+00 1.23950844e+01 1.16764137e+02 3.79590454e+03
 1.45303238e+02 1.44184497e+03 8.35137558e+01 7.91803894e+01
 4.25667480e+03 3.34419312e+02 4.41560425e+02 4.32295947e+03
 2.19061783e+02 5.81582489e+01 1.78907166e+02 3.74366730e+02
 2.09943817e+02 5.66455200e+02 4.81194275e+02 7.02328125e+02
 3.01056213e+02 3.65820117e+03 2.13295792e+02 4.05821114e+01
 1.10639984e+02 1.14888000e+03 7.87202148e+02 5.68256302e+01
 9.89561691e+01 1.43985913e+03 2.80187836e+02 4.95073364e+02
 9.39369659e+01 4.25523291e+03 1.63194409e+03 2.69359668e+03
 2.80344963e+01 3.14328198e+03 1.75782349e+02 4.06956562e+04
 2.67588165e+02 1.99419434e+02 1.43642407e+03 2.98487964e+03
 6.05198364e+02 9.07432861e+01 3.23804321e+02 2.06721558e+02
 1.24998203e+04 2.99579620e+02 3.35908911e+03 2.54342148e+04
 8.51961517e+01 4.09515771e+03 3.23299634e+03 3.22641968e+02
 3.87460594e+01 2.12623764e+02 3.76353264e+01 5.10799011e+02
 1.84612463e+03 9.57496357e+00 1.82123779e+02 3.80965759e+02
 2.19015026e+01 8.75265732e+01 3.80521889e+01 2.09823418e+01
 1.08240974e+02 6.13567009e+01 2.50658997e+02 1.15677689e+02
 2.94450806e+02 9.55971527e+00 1.95551843e+03 3.26632721e+02
 6.91504089e+02 1.09065979e+03 2.97764816e+01 1.07727673e+03
 2.22078784e+03 3.66205673e+01 8.65861511e+02 3.39876801e+02
 1.22199265e+02 1.09163330e+02 1.65168152e+02 2.82012012e+03
 1.50601368e+01 4.29011810e+02 1.77650757e+02 1.15526562e+04
 3.55050385e+02 3.81322113e+02 1.73174158e+03 4.97482491e+00
 1.43482910e+02 4.22543457e+02 3.25394141e+03 5.48753128e+01
 1.95251877e+02 8.45949936e+01 1.00494580e+03 1.52459119e+03
 3.02477173e+02 1.19569263e+01 3.03401909e+01 6.85023575e+01
 1.07062903e+03 3.75025848e+02 2.92501035e+04 2.77182426e+01
 6.45348692e+00 2.48376144e+02 1.08408643e+03 1.09044640e+02
 2.93984497e+02 3.35944916e+02 1.25433067e+02 2.95560150e+02
 2.71664734e+02 3.95947662e+02 2.13740210e+03 1.15936043e+02
 1.60740469e+04 3.57316628e+01 8.94894123e-01 1.45977768e+02
 5.38294220e+01 1.10315659e+02 1.36731918e+02 2.49064957e+02
 5.24333435e+02 1.95157013e+01 5.02355194e+02 3.58914299e+01
 3.36728363e+02 3.01616913e+02 3.69253571e+02 6.91708154e+03
 1.40760155e+01 7.13228798e+00 2.46894226e+02 7.42301941e+01
 7.64751959e+00 1.69633926e+04 1.60498975e+03 2.49500320e+02
 1.01580826e+02 9.02119064e+01 2.67135767e+03 1.95293236e+01
 3.36763092e+02 7.06356543e+03 4.67842987e+02 2.28747391e+02
 4.08539612e+02 1.54758655e+03 6.74634504e+00 3.94510132e+02
 4.73792999e+02 4.97558441e+02 1.05289951e+04 3.55513208e+03
 3.73994434e+03 1.37333466e+02 2.21912671e+03 7.68384888e+02
 1.11254480e+03 1.99292328e+02 3.37351367e+03 2.20698837e+02
 1.20069885e+02 2.52628784e+03 1.47632239e+03 2.50879102e+03
 2.06499927e+03 3.03380402e+02 5.71743604e+03 1.14642839e+01
 2.35089478e+02 1.10465157e+02 6.68648291e+03 6.11066772e+02
 1.89835556e+02 2.93297882e+02 2.43680374e+02 2.95359192e+02
 1.38957169e+02 1.53766418e+03 5.55563232e+02 1.88210831e+02
 3.73085327e+03 2.36386292e+02 2.35444116e+03 5.55171448e+02
 4.68389313e+02 5.37458984e+02 2.36482391e+02 2.31772995e+02
 2.78363257e+03 7.95106049e+01 7.30172217e+03 3.42865715e+01
 5.99024277e+01 3.51698380e+01 7.05173302e+00 2.31857837e+03
 3.40481628e+02 9.24765472e+01 5.28482129e+03 3.28505669e+01
 2.65579865e+02 9.46705246e+01 4.76693954e+01 2.51528168e+02
 4.43069061e+02 8.67304004e+03 5.61916321e+02 1.91774036e+03
 1.75613800e+02 6.60318652e+03 1.08149463e+03 2.00845909e+01
 9.75744141e+03 1.28727119e+04 5.45291064e+03 2.74506317e+02
 2.17706848e+02 4.87017021e+01 1.66593475e+01 1.98973060e+00
 1.35596729e+04 9.40108795e+01 3.42834570e+03 7.07128448e+01
 1.84116235e+03 2.49352264e+02 4.79503113e+02 3.40918503e+01
 3.36004562e+01 6.45793518e+02 2.70460968e+01 1.05344788e+03
 6.44316864e+00 1.56030487e+02 1.02965271e+02 5.24287170e+02
 3.09137988e+04 2.26031754e+02 1.20456084e+04 6.90717383e+03
 3.18283438e+04 7.63471069e+02 3.77204407e+02 1.34877100e+03
 9.47268616e+02 9.49793549e+01 8.04839783e+01 1.50349274e+02
 4.81236954e+01 6.93293533e+01 1.31284595e+03 1.19518091e+03
 2.21230469e+02 3.05675690e+02 8.09950790e+01 1.62501358e+02
 1.91455307e+01 2.44350537e+03 1.65125381e+02 1.27096228e+03
 6.85815063e+02 2.07183618e+03 4.13189148e+02 2.15466293e+02
 6.92772522e+02 2.31606766e+02 1.33944983e+03 1.04684741e+03
 6.02177467e+01 2.39899292e+01 1.20818481e+02 2.22682144e+02
 2.77178711e+03 7.60508394e+00 4.32174286e+02 1.73488293e+01
 2.73049603e+01 8.05347656e+02 6.05822258e+01 5.84205078e+03
 3.03535187e+02 4.46678986e+02 4.17643707e+02 9.38801636e+02
 6.83173065e+01 1.92953384e+00 3.98681244e+02 1.50578583e+02
 2.76713886e+01 3.85199402e+02 2.06098068e+02 4.43848785e+02
 9.33363281e+03 2.28718658e+02 2.78213596e+01 5.50556870e+01
 2.68260498e+01 1.13006628e+03 1.46875000e+03 1.51280823e+02
 3.88582446e+03 5.18584919e+00 6.31688080e+01 1.90114188e+06
 1.12014673e+03 2.90010449e+03 2.48203308e+02 2.06902441e+03
 3.51922989e+01 7.13910034e+02 3.90627899e+02 7.47335148e+00
 7.39823486e+02 9.12401758e+03 6.11377441e+02 4.88894531e+03
 1.53297986e+03 3.60158539e+01 2.82127563e+02 2.79573364e+02
 6.29903369e+03 3.64505371e+02 1.13690567e+02 1.57037817e+03
 3.81696228e+02 4.10789978e+02 4.26044434e+02 2.50758041e+02
 1.89977188e+04 1.03704619e+04 9.82755432e+02 1.50969315e+02
 9.26543335e+02 1.90943741e+02 8.68641968e+01 3.34992065e+03
 2.47077866e+02 1.13623093e+02 4.26626053e+01 1.05562539e+04
 2.35514258e+03 3.49132751e+02 4.61901855e+02 4.90840820e+03
 3.49130280e+02 1.23050888e+02 6.29732910e+02 1.82809753e+02
 1.00347046e+02 5.78819771e+01 3.40272942e+01 2.97720490e+02]
4333.4443
1901141.9
