[1.80457809e+02 2.07221756e+02 1.88518433e+02 4.07986794e+01
 2.15266284e+03 4.61018639e+01 2.89199657e+01 1.10378387e+02
 2.15014062e+04 1.24184753e+02 3.40164307e+03 1.39464931e+01
 6.43418213e+03 7.05164337e+01 1.73226477e+03 4.03186084e+03
 7.65894824e+03 1.36622025e+02 5.93284721e+01 1.13473408e+04
 2.01987390e+03 1.22568335e+03 4.69496729e+03 7.10425491e+01
 1.54071030e+02 8.49613098e+02 7.54384570e+03 2.88376709e+02
 7.74731827e+01 2.52721985e+02 1.66602734e+04 1.29185388e+03
 3.52887378e+03 1.77337097e+02 1.90653259e+03 1.82890002e+03
 3.86872833e+02 7.75249557e+01 1.65068091e+03 3.47693024e+02
 3.63654022e+02 2.13224961e+04 1.38442256e+04 1.32811853e+03
 5.55691414e+01 3.45413721e+03 6.84774399e+01 1.10849442e+02
 1.78958939e+02 4.90208105e+03 8.24726028e+01 1.41595627e+02
 2.48554092e+02 1.74944844e+04 4.35166870e+02 7.01432312e+02
 4.63625336e+01 5.78696387e+03 8.26375656e+01 7.80734100e+01
 3.34154844e+04 5.23155713e+03 1.14059464e+02 9.58730225e+02
 1.17171547e+02 9.87402771e+02 5.47548752e+01 7.03461151e+01
 1.81188797e+02 2.52013092e+02 2.73022614e+02 4.52043555e+03
 4.76156891e+02 3.18590210e+02 1.74899634e+03 3.79197235e+02
 1.78247900e+03 1.64457993e+02 5.93612938e+01 7.13030322e+03
 1.80900009e+02 3.39022484e+01 7.74622955e+01 1.36123093e+02
 3.12985046e+02 2.86586243e+02 6.71500732e+03 7.18194946e+02
 3.11740332e+03 3.09218896e+03 5.07468115e+03 9.28015381e+02
 7.91210632e+01 1.14364268e+04 3.13112335e+02 3.30386536e+02
 3.09708887e+03 4.48491064e+03 9.78685449e+03 2.39335022e+02
 5.74755981e+02 7.44202734e+03 4.93615875e+02 8.87618484e+01
 1.26105110e+02 4.13635437e+02 2.54501538e+03 3.67588470e+02
 2.05797302e+02 1.48893524e+02 3.68858719e+01 9.52805557e+01
 7.59421768e+01 3.87742828e+02 7.34450488e+03 2.28343246e+02
 4.14865799e+01 8.25990430e+03 1.08047339e+03 1.19941628e+02
 2.24237534e+02 2.44168140e+03 5.99740088e+03 1.13522729e+03
 1.31070118e+01 1.52441696e+02 2.40906586e+02 2.91589756e+01
 8.45388107e+01 2.73856049e+02 8.53313446e+01 4.30423370e+02
 2.42677460e+02 2.32971630e+01 8.70806641e+03 4.22841370e+02
 3.36432098e+02 9.05172119e+01 2.15246704e+03 4.80501123e+03
 1.44149612e+02 8.61971588e+01 1.01209137e+02 3.46964081e+02
 8.18171289e+03 8.90032227e+02 1.40341095e+02 2.38430005e+03
 1.66351837e+02 2.24708325e+03 5.85073166e+01 2.50589160e+03
 2.05480146e+00 3.88195953e+01 1.31897327e+03 1.26599426e+03
 1.75447815e+02 2.40987915e+03 1.31375403e+03 1.21459366e+02
 5.76064697e+03 2.54527283e+02 1.62698883e+02 1.71655273e+02
 2.07877975e+02 1.30623138e+02 1.17121509e+03 6.00454651e+02
 4.12379684e+01 2.21101471e+02 1.25579147e+02 4.36933716e+02
 1.30366846e+03 3.20146301e+02 2.81225903e+03 2.14167221e+02
 3.91236084e+02 1.25243500e+02 1.78629700e+03 8.76896289e+03
 1.23485752e+04 7.64051514e+02 7.91612656e+04 9.52487106e+01
 1.82127405e+03 8.55622681e+02 1.87900524e+01 4.38611328e+03
 8.92090881e+02 2.14744278e+02 1.36598364e+03 5.59548401e+02
 7.83431702e+01 1.07268814e+02 1.47427500e+04 1.16133643e+03
 5.98071729e+03 7.35992203e+01 5.39459900e+02 2.50547607e+03
 3.68322607e+03 4.95997266e+03 4.89240509e+02 5.03222473e+02
 1.10805732e+04 5.12118750e+03 2.58542358e+03 3.70948830e+01
 1.95729736e+02 2.66520748e+01 7.76654053e+00 1.39306116e+03
 2.44921799e+02 3.96912085e+03 2.77705444e+02 1.45817764e+02
 1.66988907e+02 1.09371162e+02 2.59308252e+03 3.61833569e+03
 8.05522919e+01 2.18261230e+03 3.98510628e+01 6.09450256e+02
 1.41369232e+02 1.21938629e+01 8.63567090e+03 2.64947754e+02
 3.55011101e+01 2.31738129e+02 4.70853210e+02 1.47895187e+02
 3.89799146e+03 3.19563923e+01 1.82563354e+02 2.11645435e+03
 1.78139923e+02 1.38886932e+02 2.26514297e+02 1.30813004e+02
 2.80661011e+02 1.11569054e+02 6.40004980e+03 1.18333484e+03
 1.00336609e+02 4.04512354e+03 6.68977308e+00 3.28865625e+03
 1.46825122e+03 2.89654863e+04 4.85244179e+01 8.10503564e+03
 5.34321350e+02 1.37219849e+02 5.69173401e+02 5.74124390e+02
 1.04236206e+02 1.54060074e+02 1.12031775e+03 5.10127539e+03
 9.53164609e+04 1.23365820e+04 1.09473108e+03 1.58728528e+03
 3.66847595e+02 3.05201244e+01 9.52843628e+01 4.27031952e+02
 7.57788513e+02 2.49084375e+03 1.95533972e+03 2.25427910e+04
 2.70617737e+02 1.79381866e+02 1.37775732e+04 1.87835449e+03
 2.18496191e+03 2.57778046e+02 2.69530426e+02 4.30026825e+02
 1.34490219e+02 3.34407593e+02 2.02921463e+02 1.09043018e+04
 2.84654751e+01 9.95370407e+01 3.57309021e+02 6.92743713e+02
 6.60500412e+01 1.59756012e+02 6.79268408e+03 2.45236420e+02
 5.37100464e+02 1.25136804e+03 2.26252670e+02 1.08816309e+03
 6.62181091e+02 6.96855469e+03 2.84192168e+04 2.15972061e+02
 1.44414062e+03 2.68522472e+01 8.31779883e+03 1.91328613e+02
 1.04115593e+02 2.50593184e+04 2.03070972e+03 5.48853516e+03
 4.29391992e+03 8.44522018e+01 6.13362366e+02 8.46768005e+02
 9.96007141e+02 3.40338860e+01 3.47876526e+02 1.73313000e+03
 6.04821053e+01 1.44394697e+04 7.06146851e+01 1.94398809e+04
 4.26969385e+03 5.97263550e+02 1.14329785e+03 2.30289185e+03
 1.37259453e+04 5.65232422e+02 9.30926575e+02 3.82617950e+02
 2.91719849e+02 3.86535919e+02 2.53665741e+02 7.26496429e+01
 6.03596764e+01 1.44229150e+03 5.68900948e+01 1.17928057e+04
 1.85986847e+02 1.64163818e+03 5.02711670e+03 2.03386887e+02
 2.76881531e+02 9.44814026e+02 3.16718483e+01 6.96622705e+03
 1.06879219e+02 1.24045508e+03 1.51369263e+02 9.99983597e+01
 5.66583057e+03 4.26437988e+02 1.32039459e+02 4.47812164e+02
 1.94494934e+02 9.30999756e+01 9.49435547e+02 8.56890411e+01
 1.68243223e+04 2.44549390e+03 2.66258514e+02 1.49912643e+02
 2.36813107e+01 2.41052466e+03 9.80213440e+02 1.58442316e+01
 8.37643164e+03 1.17815686e+03 1.79674841e+03 8.85398178e+01
 2.16887031e+04 1.56460583e+03 3.32393555e+02 1.02200264e+04
 9.32088184e+03 4.00782728e+00 3.76281543e+03 2.54136133e+03
 5.70176147e+02 2.01492569e+02 7.01644974e+01 1.93455780e+02
 3.04849518e+02 7.84707184e+01 1.62476982e+04 4.98985672e+01
 2.49493713e+02 2.44753754e+02 6.52641541e+02 3.50905884e+02
 1.06444260e+02 7.55265442e+02 9.28142188e+03 1.00075729e+02
 7.74711533e+01 3.75131323e+03 1.25750656e+02 1.48846123e+04
 1.88693811e+03 8.00201074e+03 4.61091309e+03 2.39118683e+02
 2.44711273e+02 8.99848206e+02 4.30958588e+02 1.45263574e+03
 8.08888330e+03 3.28217316e+02 1.54855759e+02 5.05576111e+02
 1.21954969e+05 2.79264526e+03 2.42688019e+02 1.15953827e+02
 9.97942578e+03 3.20910225e+01 1.60922734e+04 4.49518372e+02
 9.18792603e+02 2.57760645e+03 5.43167419e+02 4.30069287e+03
 4.06906372e+03 1.06157666e+03 6.08944763e+02 7.27106934e+02
 1.43769424e+02 8.90083923e+01 1.60361780e+03 1.13066788e+02
 4.92659302e+02 8.20400195e+03 9.67165833e+01 9.41029892e+01
 2.57866547e+02 5.32961523e+03 5.93371344e+00 1.17790504e+02
 1.75876343e+02 3.71212616e+01 2.20420929e+02 4.44752884e+01
 3.84151268e+01 4.51657448e+01 7.54898682e+01 4.39857849e+02
 1.82675613e+02 6.59552979e+02 8.18616638e+01 4.63760303e+03
 2.96377930e+03 1.28506607e+02 1.64494324e+02 2.21560109e+05
 2.41671661e+02 3.65096161e+02 3.90214539e+02 1.83344822e+01
 1.61478104e+02 5.42083618e+02 2.44092972e+02 4.17316071e+02
 1.90826978e+03 1.23273613e+02 3.62416040e+03 7.34048843e+01
 1.20154602e+02 1.08627449e+02 5.33431519e+02 9.56261749e+01
 1.63615616e+02 2.77907324e+04 1.85381180e+02 7.03535034e+02
 5.12334785e+01 7.68798535e+03 9.90938416e+02 6.59760986e+02
 6.49151382e+01 1.36421631e+02 6.12181129e+01 1.70547623e+02
 3.29590683e+01 6.25836731e+02 1.05701714e+02 1.55549438e+02
 1.55910645e+03 2.73617096e+02 1.96829941e+02 1.06282275e+03
 1.84609116e+02 7.98909912e+01 1.31619005e+01 3.51486816e+01
 1.18717896e+02 7.94609314e+02 4.00388867e+03 7.46708298e+01
 9.48289261e+01 4.06520781e+04 1.81712112e+02 8.98554993e+02
 9.11626663e+01 5.35925720e+02 4.72465479e+03 2.80100342e+02
 5.29430969e+02 1.85832424e+01 7.64751282e+01 3.59702075e+03
 2.98925362e+01 2.10871185e+02 8.04724487e+02 7.70039673e+01
 1.55684302e+03 2.99456390e+02 1.07615027e+03 2.39395664e+04
 2.52215601e+03 8.74912170e+02 2.23086597e+03 6.36417532e+00
 2.04883472e+03 4.48332910e+03 2.78654022e+02 8.95861435e+01
 2.61161621e+02 2.48221397e+01 7.34973526e+01 3.59324074e+01
 1.10661911e+02 2.04345984e+03 6.79904724e+02 9.34351349e+01
 9.28282318e+01 2.94503174e+03 8.26546021e+01 1.83003809e+03
 7.77082910e+03 2.08648779e+03 8.66269684e+01 2.44288281e+03
 6.22909119e+02 1.40153828e+04 5.88208496e+02 5.61363840e+00
 3.72374573e+02 1.58579468e+02 1.19147034e+02 6.12445908e+01
 5.47233521e+02 1.39255981e+02 1.48430554e+03 4.35270630e+02
 2.62666199e+02 1.07770762e+04 1.24254932e+03 8.09230518e+03
 7.76541672e+01 1.11521130e+03 4.24169312e+02 1.90623032e+02
 8.63504590e+03 4.55191345e+01 1.27819565e+02 5.73091850e+01
 1.34426636e+02 6.74328308e+02 1.15212273e+02 3.63647534e+03
 5.51253418e+03 8.54875412e+01 1.27197235e+02 3.33862915e+01
 1.57837217e+04 1.67809790e+03 1.17553994e+04 1.26848218e+03
 9.34433975e+01 7.49525513e+02 6.42574585e+02 5.26555099e+01
 3.21940112e+03 7.99311676e+01 5.84881152e+03 8.83789062e+03
 2.48085840e+03 6.02164990e+03 1.09104149e+02 4.01017365e+02
 1.57540421e+02 3.49689301e+02 3.25634125e+02 8.49606384e+02
 1.35646289e+03 2.11013672e+03 1.24639463e+04 3.05082959e+03
 1.88477722e+02 9.24594879e+01 2.64089258e+03 6.79195923e+02
 6.84231719e+04 1.23332263e+03 3.45021362e+01 4.06693268e+02
 2.31152679e+02 1.64189160e+03 3.65191968e+03 6.96079788e+01
 3.13892871e+03 4.62850739e+02 1.15284767e+02 4.61682777e+01
 6.51293945e+03 1.22415993e+02 2.29342422e+02 3.32308594e+02
 1.39096802e+02 3.23947168e+03 5.73799133e+02 8.36970801e+03
 1.00505377e+03 1.47983997e+03 7.64376144e+01 2.27768707e+01
 1.71624741e+02 2.40754810e+03 5.01375000e+02 3.84617065e+02
 4.04026306e+02 1.48039355e+04 6.22164841e+01 1.64184906e+02
 3.05888794e+03 5.00362030e+02 5.90015137e+02 7.18226395e+01
 5.46340027e+02 8.94692917e+01 3.84948578e+02 2.36578369e+03
 4.18824127e+02 5.66608826e+02 3.15157654e+02 7.05898987e+02
 9.20902734e+04 2.09139664e+02 1.34059891e+02 8.83203125e+03
 1.86864700e+02 8.64335403e+01 9.98222580e+01 1.22396286e+02
 7.76225098e+02 6.48464172e+02 3.41863327e+01 4.78240891e+01
 1.01819568e+03 2.35156909e+03 6.19490173e+02 1.44407852e+02
 2.68806396e+02 2.10443921e+03 4.69733838e+03 6.06021690e+01
 2.65816895e+02 2.26043045e+02 1.51646973e+02 6.44094849e+02
 1.31098389e+02 1.20751953e+02 2.19719355e+04 2.99702661e+03
 8.09401794e+02 1.25135212e+01 6.67573853e+02 1.37623917e+02
 4.98458008e+02 4.43025208e+01 3.40597290e+02 1.08368921e+03
 9.32846832e+01 1.26000717e+02 2.89147369e+02 9.22490784e+02
 3.98650098e+03 1.30640186e+03 1.80871936e+03 9.33449121e+03
 3.91725861e+02 6.18937195e+02 2.34559174e+02 5.57757324e+02
 2.14349463e+03 2.01888657e+02 8.60744812e+02 3.32942688e+02
 2.73424141e+04 5.80767288e+01 4.34013519e+01 1.00377765e+03
 2.04547836e+02 2.35607935e+03 7.02165298e+01 1.65420361e+03
 2.24986069e+02 1.11601904e+03 1.68450363e+02 7.45184814e+02
 1.12297661e+02 1.70124832e+02 7.54694946e+02 7.84269638e+01
 6.61829053e+03 9.81315994e+01 3.15054980e+03 1.55367996e+02
 1.32859375e+02 8.18436203e+01 3.17575054e+01 2.49926270e+02
 3.82179858e+03 1.02940808e+03 3.27396826e+03 3.29883105e+03
 3.62643051e+01 2.92933064e+01 1.17203916e+04 3.43148535e+03
 8.61232727e+02 6.26938477e+02 5.05261932e+02 4.90451012e+01
 4.73907379e+02 7.41341309e+02 5.51420215e+03 4.08228569e+01
 8.07115479e+01 6.30406433e+02 5.61141396e+01 1.14189189e+04
 2.44922207e+04 1.18290825e+02 2.55947784e+02 1.42245956e+02
 2.28903711e+03 9.99274023e+03 1.00270127e+04 6.08646631e+03
 2.03057785e+02 2.69787085e+03 1.07075986e+04 5.73133484e+02
 1.43976135e+02 6.37486694e+02 1.08084633e+02 4.47216454e+01
 1.25803296e+03 1.63903351e+02 5.32325488e+03 2.88473022e+02
 1.00422162e+03 1.26929297e+03 3.16375763e+02 2.49529160e+02
 6.91035843e+01 7.27531815e+01 1.33887451e+02 3.58519165e+03
 1.70968414e+02 1.05867163e+03 9.66779480e+01 3.01193573e+02
 6.57593359e+04 2.27585068e+02 2.06453186e+02 1.54693726e+03
 6.34472389e+01 3.91628113e+01 2.28183911e+03 2.39856470e+03
 1.59304004e+03 5.73950157e+01 2.00206348e+03 1.73312164e+02
 6.94891846e+02 1.33315156e+04 2.92111191e+04 2.12827545e+02
 2.63078552e+02 4.84798035e+02 6.73336945e+01 3.71258179e+02
 1.49410675e+02 1.35093689e+03 1.23488660e+03 2.38174048e+03
 3.38903149e+03 1.11583887e+03 8.76941772e+02 1.28385510e+03
 7.24526428e+02 6.85735474e+02 3.82114319e+02 7.35733765e+02
 1.11545334e+02 6.36144971e+03 1.58651825e+02 1.80367371e+02
 1.96078186e+02 9.18603809e+03 2.40990649e+03 1.33862109e+04
 1.12595146e+02 2.59311450e+03 1.14916443e+03 8.77468994e+02
 1.38870438e+02 1.56023422e+02 1.51130488e+04 1.54954395e+03
 2.24628036e+02 5.74380112e+01 4.90747021e+03 8.66517563e+01
 2.42406296e+02 3.90905792e+02 9.73648071e+01 4.61090576e+03
 1.39187512e+03 1.33206848e+03 1.78024353e+02 6.05084570e+03
 6.62051270e+03 1.36554779e+02 9.38968124e+01 1.43818695e+02
 7.58633957e+01 1.77145279e+02 1.33883331e+02 1.55213425e+02
 5.02692627e+02 3.64676727e+02 2.92000942e+01 2.95767700e+03
 3.32630707e+02 9.27169037e+01 4.54932526e+02 3.51790039e+02
 2.10134262e+02 3.12593597e+02 8.07437891e+03 7.18885071e+02
 1.02283485e+02 2.79278870e+02 3.17741113e+03 2.26623462e+03
 1.62440137e+03 1.38613486e+04 3.36451416e+02 6.29867783e+01
 3.08346460e+03 4.68991302e+02 1.44431533e+04 2.00261230e+02
 2.02444229e+02 2.44290601e+03 1.21728470e+02 9.64510956e+01
 2.96709644e+03 1.08349622e+03 2.34219316e+04 7.86942062e+01
 1.16814984e+05 1.21209709e+02 3.44548683e+01 2.09259009e+03
 5.22802925e+01 5.71940674e+02 7.46141281e+01 4.84141426e+01
 7.11608734e+01 2.80345093e+03 1.05915405e+03 3.95347198e+02
 1.05208679e+03 1.86266922e+02 6.15964111e+02 4.42668799e+03
 1.36637969e+05 7.61938232e+02 2.09102249e+02 1.56581207e+02
 1.35140259e+02 2.57571472e+02 9.13361511e+01 3.74427032e+01
 1.20866837e+02 9.10338898e+01 1.50567795e+02 2.03697607e+03
 3.53341016e+04 2.44922470e+02 3.11377220e+01 2.85490875e+01
 2.54194153e+02 1.86861099e+02 5.18558984e+03 3.60644608e+01
 1.41246063e+02 3.42682922e+02 7.88133011e+01 2.11265381e+03
 3.57453223e+03 8.47830486e+00 7.72306763e+02 4.28661713e+02
 3.12599365e+02 1.22353378e+02 3.20681854e+02 6.47202209e+02
 1.58758398e+03 1.33753467e+03 3.22596313e+03 1.77397522e+02
 7.65004883e+01 3.58484573e+01 8.92770996e+01 2.72993594e+04
 1.13066602e+03 1.91454834e+02 5.13756943e+01 2.73966650e+03
 2.14456680e+02 1.38194168e+02 5.01782898e+02 1.08594019e+03
 3.93710876e+02 9.59256821e+01 6.86829468e+02 2.27324292e+03
 3.41907349e+03 2.15286499e+02 7.61839066e+01 1.24560173e+02
 1.58424268e+03 1.35185440e+02 8.74730896e+02 1.65784042e+02
 4.47799591e+02 4.79769073e+02 7.32308960e+01 4.63923969e+05
 8.40603699e+02 1.16312671e+03 3.23009277e+02 1.74807898e+03
 2.73072235e+02 1.10405164e+03 1.30546387e+04 6.89122620e+02
 5.93661194e+01 4.27405518e+03 3.69925728e+01 8.96827344e+03
 1.51104434e+04 1.69648190e+01 2.74574463e+02 1.74514938e+02
 2.56550049e+03 3.67308746e+02 1.04326912e+02 1.06109009e+03
 8.78434998e+02 3.08257568e+03 3.75478210e+01 7.12388794e+02
 8.42258125e+04 2.45330215e+02 2.36288501e+03 7.88861237e+01
 7.01620850e+02 1.60156311e+02 8.59909592e+01 2.81488406e+05
 2.25348633e+03 3.06159351e+03 3.38129120e+02 3.20829620e+01
 2.94520093e+03 8.19149017e+01 2.04444519e+02 5.99787102e+01
 1.08361984e+02 4.51364502e+03 9.11758804e+01 2.15736401e+03
 6.16014893e+02 8.63661041e+01 1.02985437e+03 9.25442505e+02]
3952.5083
463923.97
