[1.05025635e+03 2.17222534e+03 2.06604834e+03 1.88149219e+04
 4.03643188e+03 3.01030786e+03 2.76589697e+03 6.53622314e+03
 1.36745225e+04 2.83021301e+02 3.51798218e+03 1.43406748e+04
 4.42265273e+04 2.21041113e+03 4.44637598e+03 5.47902588e+03
 4.67548945e+04 2.07779346e+03 3.05830737e+03 4.39651523e+04
 1.18153223e+04 6.52747192e+02 7.86585703e+04 1.06554697e+04
 1.40886523e+03 3.38613828e+04 9.20629531e+04 1.15268623e+04
 5.87273584e+03 1.27130029e+03 1.67381113e+04 3.56912524e+03
 5.87661255e+02 1.26116443e+03 6.56030396e+02 3.62785474e+03
 2.22550684e+03 4.42943945e+03 1.88959875e+03 5.01422699e+02
 2.62052070e+04 2.18338750e+04 4.80382275e+03 5.84240527e+03
 4.58288135e+03 1.06591626e+03 4.72087219e+02 1.79995398e+03
 2.83480273e+03 1.90668555e+04 9.26176270e+03 4.21989209e+03
 4.75065002e+02 1.19521396e+04 2.12480484e+02 4.44937646e+03
 3.39676343e+03 6.66828750e+04 4.45175293e+03 3.63213672e+03
 2.26734023e+04 1.15060957e+04 1.10838660e+03 1.37163708e+03
 4.21810596e+03 1.01186201e+04 9.38441711e+02 4.03329663e+03
 1.51582507e+03 2.57459297e+04 2.31730820e+02 2.43279248e+03
 1.04762402e+03 3.38724701e+02 4.85624658e+03 3.69752637e+03
 2.98446924e+03 1.30749231e+03 1.43838159e+03 1.89242949e+04
 7.06070605e+03 4.27942627e+03 1.24250859e+04 2.58576416e+03
 7.11584668e+03 1.12145251e+03 1.52505994e+03 4.77753662e+02
 1.22454277e+04 8.40839746e+03 1.61219824e+03 1.90610344e+05
 6.48884949e+02 1.37973125e+04 9.06820391e+04 1.35080713e+03
 2.39487972e+01 7.41489990e+03 3.05317637e+04 1.84766281e+02
 1.84100305e+03 5.24338428e+03 4.60485010e+03 1.65914093e+02
 3.05932080e+03 7.27792773e+03 1.11563611e+03 6.98703491e+02
 4.20875684e+03 7.61496643e+02 6.05195801e+03 6.16352393e+03
 3.05920715e+02 5.25167578e+03 4.22308838e+03 1.15817090e+03
 1.63906360e+03 4.76149902e+02 1.47292175e+03 1.07528198e+03
 2.43256689e+03 4.05713159e+03 7.92002344e+03 1.10375891e+05
 7.42075879e+03 1.75264966e+03 7.76943237e+02 1.35933032e+03
 1.85711670e+02 2.46871292e+02 1.77777917e+03 1.54420325e+03
 4.11138000e+02 8.38769470e+02 1.17411289e+04 3.33920227e+02
 4.57754590e+03 1.50709412e+03 1.14877405e+03 2.37452979e+03
 9.42541797e+03 4.96447461e+03 5.94306934e+03 1.04201729e+04
 5.06402344e+03 5.49422485e+02 1.19528113e+03 1.15650977e+04
 5.92581152e+03 2.40542539e+04 1.17799939e+03 1.68933997e+03
 3.15143311e+02 1.05968948e+02 2.47678149e+03 9.01554297e+03
 7.39518677e+02 6.55564062e+04 2.16533203e+02 2.52733379e+04
 2.28764121e+04 4.53082794e+02 1.49627747e+02 3.49643555e+02
 4.85287842e+03 3.07447559e+03 1.24546545e+03 3.31500513e+03
 1.34927930e+03 1.44551777e+04 2.80221875e+03 1.15640198e+03
 6.09388623e+03 1.03089883e+04 4.13913818e+03 3.28343286e+03
 4.61147430e+02 1.29967346e+02 3.60655713e+03 1.98698906e+04
 2.27874141e+04 4.74168732e+02 2.93843965e+04 8.62855273e+03
 2.63672562e+01 2.35682153e+03 1.06405908e+03 4.94525732e+03
 8.88533496e+03 2.63707666e+03 3.00352930e+03 9.01169357e+01
 6.43987854e+02 9.55168274e+02 1.09636367e+04 4.72666962e+02
 5.28169580e+03 7.60529114e+02 5.66408020e+02 2.71249438e+03
 5.22407031e+03 6.14377295e+03 1.24205977e+04 1.75533966e+02
 3.88176992e+04 3.32591367e+04 1.20933495e+02 7.75818799e+03
 1.98230127e+03 2.50573291e+03 2.18797192e+03 1.22150818e+03
 5.70657568e+03 6.50129980e+03 7.44224805e+03 9.30546265e+02
 2.12113257e+03 1.79151465e+03 2.01421406e+04 1.56042505e+03
 2.17051904e+03 2.82109546e+03 1.83335983e+02 1.80478457e+04
 1.77604824e+04 9.74920715e+02 1.04672158e+04 3.10841400e+02
 4.76294861e+02 3.72688555e+04 2.03742993e+03 7.62188843e+02
 4.38332715e+03 1.78308167e+03 1.53047546e+03 2.54236719e+04
 6.48859668e+03 9.73381653e+02 9.38360596e+02 1.67834338e+03
 6.93195781e+04 2.19189526e+03 4.83478359e+04 1.39617979e+04
 3.88033423e+03 4.99218896e+03 4.36727588e+03 2.64629443e+03
 3.77596973e+03 2.15129922e+05 5.82178589e+02 3.89659648e+04
 2.09140991e+02 2.49205127e+03 1.74764929e+03 5.87297546e+02
 4.78843408e+03 2.34205643e+02 3.20003711e+03 2.40223486e+03
 5.49782383e+04 2.69606201e+03 6.42847383e+04 1.32043494e+03
 8.37866455e+02 4.28507477e+02 2.56375824e+02 8.35511328e+03
 4.00316562e+04 3.27868896e+03 8.66939514e+02 1.39835797e+05
 9.64617004e+01 3.79642212e+03 2.68386719e+04 5.65961621e+03
 3.93799453e+04 3.53555430e+04 2.75926807e+03 5.81762461e+04
 1.93362878e+03 7.30673047e+03 1.80168223e+04 3.30643481e+03
 6.68316711e+02 1.96093420e+03 7.87056030e+02 1.12191816e+04
 3.54090332e+02 1.53442773e+04 9.32321406e+04 6.91284424e+02
 7.00855176e+03 2.20418945e+04 7.41050391e+03 2.26388647e+03
 6.23430634e+01 1.00452373e+04 1.11194043e+03 1.06706604e+03
 8.23272070e+03 2.18535141e+02 3.46685693e+03 1.39870088e+04
 2.90144897e+03 3.12921500e+05 2.26557788e+03 1.21469016e+05
 2.53334058e+03 3.40237793e+03 3.33987823e+02 1.18924902e+03
 2.12609023e+04 2.11264648e+03 2.01956079e+03 2.52093628e+03
 5.07946631e+03 1.76573730e+04 5.47130737e+02 5.21489648e+03
 2.24898132e+02 1.77550549e+03 8.83342383e+03 1.68824805e+04
 2.09317363e+04 4.47518994e+03 7.38445078e+04 1.17357971e+03
 7.45185791e+02 3.93615088e+03 5.76930566e+03 3.34601707e+01
 1.92215857e+03 1.66007520e+03 6.21193652e+03 1.91721960e+03
 8.45728577e+02 1.31114149e+01 2.21224844e+04 3.10449371e+02
 4.00609448e+03 2.68083960e+03 6.67561133e+03 1.80714148e+03
 6.93467896e+02 3.87671582e+03 3.90493774e+02 9.85539856e+02
 1.36066895e+04 9.17815308e+02 4.19921836e+04 1.02022750e+05
 1.36761719e+03 4.88570459e+03 7.20883545e+02 1.16925940e+03
 4.22425391e+03 2.56917383e+03 1.47168884e+03 2.57164087e+03
 2.14859521e+03 1.33177551e+03 4.90548281e+04 1.25224878e+03
 2.25868691e+04 2.33738926e+04 5.96913879e+02 1.15839104e+02
 5.80372812e+04 2.36524506e+01 1.55586084e+04 1.79293320e+04
 9.11700234e+04 6.63481628e+02 6.44071338e+03 2.13894473e+04
 4.60334219e+04 3.99202661e+03 1.75960522e+03 6.14637695e+03
 1.46305732e+04 3.97109229e+03 1.88983891e+05 5.48640039e+03
 3.29123975e+03 2.64396777e+04 1.83032031e+03 5.74952002e+03
 9.93333301e+03 1.47807393e+04 1.43526777e+04 3.57478027e+02
 1.40216772e+03 8.61070508e+03 1.41306165e+03 1.90014316e+04
 2.09130029e+03 1.22999932e+04 2.26688330e+03 2.99248711e+04
 3.01332378e+01 4.27512891e+03 5.72102356e+02 2.56941040e+02
 1.80698223e+04 1.61698184e+04 9.20924149e+01 8.22050488e+03
 7.27601500e+05 1.16499158e+03 1.15284363e+03 1.12888174e+04
 5.35222705e+03 3.78827026e+03 9.90097949e+03 1.27401953e+04
 4.17134766e+03 2.90606738e+03 1.66305781e+04 1.12748083e+03
 1.87302969e+04 1.52732434e+03 8.36077832e+03 1.03903210e+03
 5.13282410e+02 6.26253613e+03 1.00072432e+04 1.26578052e+03
 3.19582861e+03 3.85410229e+03 4.66576270e+03 1.41536536e+03
 1.48939053e+04 4.17847227e+04 6.74100708e+02 3.02719043e+03
 2.13471924e+03 2.77284717e+03 4.35318848e+03 5.09758087e+02
 4.34166406e+03 4.12292578e+03 9.66220605e+03 1.66759961e+04
 1.34085352e+03 6.04871948e+02 5.62463013e+02 1.41657483e+03
 1.49833450e+02 2.60565259e+03 3.24781067e+02 2.05256828e+05
 5.63780518e+02 2.42457373e+03 9.19577759e+02 1.48570129e+03
 2.13063525e+03 3.71597168e+02 2.48465088e+03 1.28670752e+03
 1.01517975e+03 2.21862183e+03 2.25354712e+03 6.64920349e+02
 1.37435244e+04 1.04238037e+03 2.36336865e+03 9.61654053e+02
 1.82051102e+02 8.12306953e+04 8.16725464e+02 4.35589697e+03
 3.58230493e+03 2.57247192e+03 1.17056396e+03 1.11959570e+04
 1.34307959e+03 4.79294037e+02 2.69346405e+02 9.48124939e+02
 1.18794629e+03 2.81903735e+03 1.46166687e+02 2.12712817e+03
 2.66121045e+03 5.20880981e+02 2.43025415e+03 1.83544188e+05
 3.03379421e+01 4.01596118e+03 2.31720337e+03 1.87738477e+04
 3.40572266e+02 4.47740723e+03 1.90337598e+03 1.49905603e+03
 6.62516235e+02 3.03156665e+03 2.89072723e+01 3.10727808e+03
 3.18392773e+03 4.03450342e+03 5.05280908e+03 4.67937683e+02
 5.51493652e+02 1.31593740e+04 6.63664978e+02 1.44073574e+04
 2.53781519e+03 2.80231299e+03 1.41140234e+03 2.77177344e+03
 1.85642456e+03 2.31734399e+03 1.13154209e+04 1.72287246e+04
 1.59199502e+04 2.92743872e+03 3.19961133e+03 2.18552295e+03
 1.77364575e+03 4.48636094e+04 5.16401953e+03 1.01945889e+04
 5.91364404e+03 1.80541962e+02 5.58150439e+03 3.83006348e+03
 5.80877539e+03 1.73542435e+02 6.13212402e+02 1.79378418e+03
 5.51885132e+02 3.33550854e+03 3.12056255e+01 2.41870825e+03
 1.55469209e+04 3.48098047e+03 7.82334534e+02 2.42549365e+03
 1.38427764e+04 6.32297109e+04 2.08887354e+03 3.14630713e+03
 3.30594702e+03 2.87048926e+03 6.35843066e+03 4.61073822e+02
 2.62679150e+03 1.35469040e+02 7.94765076e+02 4.63505859e+03
 1.54294299e+03 8.38276172e+04 5.00252167e+02 6.99722021e+03
 4.91950098e+03 4.21036963e+03 1.12171497e+03 9.31027405e+02
 1.22865822e+02 1.22195146e+04 9.60266907e+02 2.60057031e+03
 5.20510292e+01 2.01579504e+03 3.94154248e+03 4.30445977e+04
 7.20405518e+03 1.10000867e+03 1.13173633e+04 2.89510547e+03
 8.82969844e+04 1.56053564e+04 6.57881201e+03 1.22137354e+04
 3.38694214e+03 1.93422900e+03 1.42058975e+04 1.45127334e+04
 1.51500297e+05 8.64797424e+02 1.79994434e+04 7.11702441e+03
 9.86593164e+03 5.81137539e+04 9.77523422e+01 1.85811084e+03
 2.90681152e+02 3.00943896e+03 6.30550720e+02 3.54015991e+03
 2.20976318e+02 1.42133923e+03 1.79967676e+04 7.03857129e+03
 1.64562354e+03 1.40806360e+03 1.79622461e+04 2.03539941e+03
 2.30309941e+04 3.66071851e+03 1.52851410e+02 3.77373016e+02
 1.62391631e+04 4.06982031e+03 6.20083643e+03 4.55940186e+03
 6.38689404e+03 2.36757153e+03 9.99462646e+02 5.30823438e+03
 2.33171387e+04 3.97618091e+03 1.60588120e+02 1.11640918e+03
 3.63942539e+04 1.08355449e+04 5.17231152e+03 2.14930703e+04
 1.08611560e+03 3.16641333e+03 2.44453564e+03 5.67216370e+02
 4.19762793e+03 1.78377246e+04 6.71468896e+03 1.18049414e+03
 1.06692310e+03 2.03604941e+04 3.76730933e+03 3.02359314e+02
 9.15374902e+03 1.12233145e+04 3.29920349e+01 1.59713013e+03
 1.84132727e+03 5.80543480e+01 1.12518347e+03 9.86526641e+04
 1.36168652e+03 1.36384355e+04 5.59946442e+01 2.16223953e+02
 3.67078375e+05 1.55718042e+03 1.63525166e+04 2.05324551e+04
 9.60443176e+02 5.16267517e+02 1.28409143e+03 1.35114343e+03
 7.91286011e+02 5.00697144e+02 4.83239893e+03 5.51813782e+02
 3.88081641e+03 4.72823828e+03 3.46613232e+03 1.19872650e+02
 4.46032910e+03 3.66793867e+04 1.15953535e+04 2.86521191e+03
 4.81397021e+03 7.96677429e+02 3.30422424e+02 8.23487000e+02
 6.96664490e+02 4.27486670e+03 1.20587471e+04 7.86037109e+03
 1.40602951e+02 9.89139551e+03 1.94499036e+03 2.53227852e+04
 6.00972266e+03 2.72644501e+02 4.80149365e+03 2.97400625e+04
 4.47074158e+02 2.30758838e+03 3.97126367e+03 7.16783301e+03
 1.46149609e+04 4.37450586e+03 3.98982162e+01 1.13535420e+04
 2.10974585e+03 5.92803906e+03 2.72894629e+03 1.85522305e+04
 7.68592590e+02 7.60437158e+03 8.47340027e+02 1.64893677e+03
 5.77816680e+04 3.91339844e+03 1.31963586e+03 8.46749121e+03
 2.07906396e+03 8.17295044e+02 1.58897180e+03 3.30003784e+03
 3.73162915e+03 1.64883667e+03 3.06667700e+03 2.00398669e+03
 1.86631289e+04 8.76817261e+02 1.25831768e+04 1.29582275e+02
 8.36944922e+03 2.41221948e+03 4.20421436e+03 3.89368945e+04
 7.92635986e+03 5.91713257e+02 4.10998486e+03 5.51931494e+03
 4.38700879e+03 1.04106763e+03 8.74916443e+02 6.60540283e+03
 1.81194153e+03 1.74516943e+03 8.27543750e+03 5.85044922e+04
 3.24335801e+04 5.50411328e+03 1.99090215e+04 1.44694897e+03
 1.37358750e+04 2.30821191e+04 1.65794160e+04 4.84929443e+03
 1.24078052e+03 1.50241364e+02 1.56686367e+04 1.43016875e+04
 2.14051680e+04 4.47474274e+02 5.25276562e+03 7.60265686e+02
 5.13219629e+03 2.70657910e+03 1.22218633e+05 3.46686094e+04
 1.75093359e+03 3.91804291e+02 5.50077734e+04 1.14990015e+03
 2.87346289e+03 2.58652661e+03 4.30807178e+03 1.28310852e+03
 1.10639001e+03 2.56972266e+03 1.85536855e+04 7.08528137e+02
 2.47391284e+03 3.35488815e+01 1.04345422e+03 5.10871562e+04
 2.67589203e+02 5.49979353e+00 1.02331696e+03 2.76797021e+03
 1.00604202e+02 1.85731494e+03 1.46115117e+04 6.26145166e+03
 4.42870977e+04 4.76611133e+03 5.40424072e+03 9.17411194e+02
 1.49733362e+03 1.39026404e+03 7.17585498e+03 2.94862378e+03
 2.30874780e+03 3.25961157e+03 3.27860840e+03 1.45769641e+03
 1.46919690e+03 4.08758203e+04 4.22908516e+04 3.53541901e+02
 6.35560974e+02 7.06846562e+04 1.28092468e+03 8.40674609e+03
 5.09992096e+02 1.51257979e+04 4.30153467e+03 3.19191943e+03
 1.30654102e+03 3.98033716e+03 1.15509678e+04 1.45190488e+04
 2.06309863e+04 1.98721729e+03 7.61166699e+03 4.49548438e+03
 3.60644873e+03 6.56681494e+03 2.23950195e+03 8.67521912e+02
 1.73181873e+03 4.51548975e+03 6.37669727e+03 1.71514375e+04
 3.98688242e+04 2.95668701e+03 6.76186157e+02 1.73665564e+03
 9.36959839e+01 2.26082324e+03 2.01999355e+04 2.20481719e+04
 1.57844482e+03 4.06776660e+03 3.95710977e+04 3.99580273e+03
 2.33596914e+04 6.56052539e+03 4.38250049e+03 9.62485547e+03
 4.69821484e+03 7.34209167e+02 2.66677612e+03 1.13788633e+04
 3.62340586e+04 2.51551196e+03 1.18819248e+04 1.06299023e+03
 1.15466240e+04 1.32490454e+03 9.40755273e+03 3.39926514e+03
 1.33186450e+03 4.71011914e+03 4.46503662e+03 6.87098984e+04
 1.34499780e+03 1.03133533e+03 1.99132849e+03 3.76803149e+03
 4.61076562e+03 8.26310059e+02 3.45412451e+03 4.14190186e+03
 1.41452930e+04 2.50018753e+02 7.23193799e+03 6.34888721e+03
 9.08122131e+02 5.42827539e+03 2.96261865e+03 1.45300403e+03
 2.60268223e+04 1.10761365e+03 2.62183164e+04 1.16753174e+04
 7.47418579e+02 8.61755078e+03 5.75768166e+01 2.94402148e+03
 1.29592578e+04 5.81680237e+02 6.41704443e+03 4.51962695e+03
 1.22198301e+04 7.52342041e+02 8.09629822e+02 2.60491626e+03
 3.75099829e+03 6.06114624e+02 1.69929834e+03 1.06825859e+04
 7.82537231e+02 6.59890918e+03 4.82581665e+02 2.54301440e+03
 2.61852129e+04 3.52464429e+03 4.16165078e+04 7.13533281e+04
 1.45155703e+05 1.45124170e+03 2.90986060e+03 7.79965149e+02
 6.47334863e+03 3.08029883e+03 2.49187109e+03 4.59549951e+03
 4.99481323e+02 8.15838745e+02 2.68311152e+04 2.76451699e+04
 1.29358643e+04 1.40423706e+03 6.65311707e+02 4.94636139e+02
 2.96678442e+03 1.17641632e+02 4.05429272e+03 1.65437480e+04
 4.99098022e+02 4.86409258e+04 1.33212128e+02 4.27929248e+03
 5.48729736e+03 1.12940247e+03 2.49643242e+04 1.89955322e+03
 2.56137280e+03 2.84371338e+03 2.08888501e+03 2.35489746e+03
 7.99761523e+03 1.17717456e+03 2.20798877e+03 1.81911926e+03
 2.20972510e+03 1.19343564e+04 1.37530400e+04 1.48029297e+05
 2.86982495e+03 1.34190588e+03 5.50260010e+01 1.10258057e+03
 1.06999084e+03 7.18544556e+02 2.57152295e+03 7.79558252e+03
 3.11907471e+03 9.34050586e+03 1.32775256e+03 3.83118591e+02
 6.87286475e+03 2.41997681e+03 2.47777451e+02 1.54500159e+03
 3.12989075e+02 9.67404102e+03 5.94664307e+03 5.94773926e+03
 3.10399353e+02 6.84492920e+03 1.50236804e+03 8.59132812e+05
 5.33799463e+03 7.05170117e+03 4.24579041e+02 3.00595723e+04
 5.78570984e+02 4.52023340e+03 1.54684531e+04 2.93797949e+03
 1.22895483e+03 3.10420947e+03 1.13445959e+03 3.70802656e+04
 2.88328477e+04 2.96749683e+03 1.48637471e+04 1.84372546e+03
 4.02669297e+04 8.35829395e+03 1.37633252e+03 2.76551685e+03
 2.63815887e+02 7.47007764e+03 3.01470142e+03 1.92954041e+03
 1.20095797e+05 8.82175684e+03 3.99384648e+04 5.16528259e+02
 1.99261609e+03 1.48098953e+02 9.01430664e+02 7.83345547e+04
 2.57798828e+04 1.55070972e+03 7.88709900e+02 3.00848267e+03
 1.02519912e+04 9.40548889e+02 3.71986865e+03 1.67363781e+05
 6.32082581e+02 6.00497314e+03 6.06777734e+03 4.78000391e+03
 5.74861670e+03 1.00233093e+03 1.10540723e+03 4.05933716e+03]
12598.169
859132.8
