[2.56638110e+03 9.86152649e+01 1.50591888e+02 2.34267014e+02
 1.68657547e+05 3.03362061e+02 9.31658008e+03 3.05105527e+04
 4.57608105e+03 4.01513641e+02 8.68674500e+02 1.15875879e+03
 3.08021625e+05 5.09087830e+01 1.32036179e+02 2.91335625e+04
 1.36203113e+03 3.07364961e+04 2.60507844e+05 6.84205562e+05
 4.15890839e+02 4.80326016e+04 5.95648900e+06 7.49126484e+04
 4.25746574e+01 6.34246688e+05 2.50979199e+04 1.87598250e+05
 3.15273555e+04 2.00248047e+02 1.90733936e+03 3.91092188e+04
 3.08898651e+02 1.09236809e+02 4.53557781e+05 2.38968292e+02
 2.42976166e+02 1.49311600e+02 1.91800339e+02 6.19020998e-01
 1.83097912e+06 1.02479695e+05 1.23680554e+03 7.36642734e+04
 6.16311914e+04 4.08731201e+02 1.74803009e+02 6.00663071e+01
 8.75427170e+01 2.32409700e+06 3.90034523e+01 1.37585724e+02
 9.78805725e+02 9.56430625e+05 9.16174927e+01 5.55952295e+03
 2.61554352e+02 3.82428406e+05 5.13892273e+02 1.06032272e+02
 1.58337578e+05 8.48861172e+04 2.30606857e+02 3.89583969e+00
 5.35993843e+01 1.52431859e+05 7.65622940e+01 1.27542285e+04
 2.58165879e+04 1.98782462e+06 1.31895828e+02 6.12714414e+04
 4.26694824e+02 2.98607208e+02 1.84080605e+04 2.27407617e+04
 2.13333206e+02 8.61090332e+02 3.64333954e+01 2.72722750e+05
 1.09147362e+02 2.02272129e+04 2.17123444e+02 1.15141123e+04
 3.53419250e+02 4.56017480e+03 1.16899893e+04 7.79268417e+01
 7.30153870e+02 9.15079407e+02 5.77692932e+02 2.94016797e+03
 4.12058945e+01 6.81540625e+04 1.77886621e+04 2.24418564e+02
 2.27961738e+04 6.85609558e+02 4.07238375e+05 1.86037140e+01
 4.38398682e+02 4.57326172e+02 1.14599724e+02 8.76042285e+03
 9.36729584e+01 2.90173767e+02 7.41570129e+01 8.96893127e+02
 1.11183174e+02 4.74931297e+01 3.32572754e+02 1.66344859e+05
 5.13866920e+01 1.51619644e+02 8.65694519e+02 1.28244844e+04
 1.14254541e+01 1.83689551e+03 3.69801697e+02 1.96494788e+03
 1.26896338e+03 5.10544434e+02 1.68841357e+03 5.17389502e+03
 6.22400117e+04 7.57585352e+03 1.71502106e+02 2.06329056e+02
 1.63529229e+04 3.56814545e+02 3.88921967e+01 1.21156013e+02
 2.03897995e+02 1.03530388e+02 3.12144318e+02 5.62377625e+01
 7.31506042e+02 8.81973495e+01 2.18114853e+02 2.80348724e+02
 4.83554993e+02 9.06005615e+02 1.23198022e+03 1.17963171e+03
 3.40567780e+02 2.43035488e+01 1.47085695e+01 7.08878359e+04
 1.65540283e+03 7.96587463e+02 6.68777771e+01 3.78922577e+02
 1.60683517e+02 9.80645215e+03 5.73693695e+01 7.97233887e+01
 1.91469202e+03 1.44607219e+05 6.29346008e+01 4.14516260e+03
 1.92968799e+03 8.77860718e+01 5.25186777e+00 1.46422516e+02
 3.57201445e+04 2.12821198e+02 2.28759796e+02 2.64081116e+02
 2.13510781e+04 1.16606891e+05 3.82326584e+01 4.57710703e+04
 2.99808319e+02 1.55963577e+02 2.25028984e+04 2.57304474e+02
 2.80504941e+04 5.53016052e+01 1.07314053e+04 4.96106641e+03
 1.09315406e+05 9.61205750e+01 8.47837250e+05 8.84734922e+04
 2.60897888e+02 1.25881777e+04 6.35271378e+01 1.66406758e+04
 2.91593145e+04 6.17243213e+03 4.09847870e+02 5.87724609e+03
 2.83184261e+01 3.57490936e+02 4.56915875e+05 5.80457382e+01
 1.92392625e+05 1.74297760e+02 2.34034058e+03 4.11477020e+02
 1.01340674e+04 5.96540664e+04 1.09799766e+05 7.72958527e+01
 6.29494580e+03 5.71839250e+05 5.61120682e+01 3.30032104e+02
 9.72687683e+01 5.85392303e+01 9.23575781e+03 2.55401738e+04
 8.28885645e+03 3.92926636e+02 5.60172241e+02 4.84240818e+00
 6.51604385e+01 4.14242020e+01 4.16628418e+02 2.38296387e+02
 7.71276855e+01 2.23262253e+02 9.53648047e+03 3.15622750e+05
 1.56839798e+02 2.65994812e+02 5.29104614e+02 4.35823860e+01
 8.70047760e+01 2.02276001e+03 3.57589020e+02 6.69427393e+03
 5.07789154e+02 2.00039993e+02 7.05756348e+03 1.06887305e+03
 2.00647842e+02 1.67064686e+01 9.77805328e+01 3.16435962e+03
 8.93205547e+04 7.57192078e+01 1.68077356e+03 9.30021179e+02
 9.08387985e+01 3.90688516e+04 1.91641693e+02 9.62947311e+01
 3.27065186e+02 4.12259912e+03 8.77838612e+00 9.10063477e+02
 7.60892285e+03 1.16672891e+04 1.85795364e+02 2.62397168e+04
 3.29115820e+04 1.92203159e+01 1.01353668e+02 1.90873016e+02
 1.13949238e+04 9.40159302e+02 3.85360815e+03 5.59484634e+01
 4.64057007e+01 1.02814224e+02 4.55748634e+01 4.55460754e+02
 9.63027954e+01 7.28166443e+02 4.56007233e+01 3.66861328e+03
 4.14559021e+01 1.80229965e+02 1.52056323e+03 1.91120391e+04
 6.64524463e+03 1.23768176e+03 4.97481641e+04 1.01907178e+04
 3.58896523e+04 5.17768738e+02 1.13989510e+02 1.58276794e+02
 9.82532787e+00 3.87982910e+02 5.55313438e+04 1.13689490e+03
 6.80772705e+01 1.03137830e+03 6.73596562e+05 5.85934033e+03
 4.80404236e+02 1.03192154e+02 8.14131927e+01 7.27111133e+03
 1.94453384e+02 7.71572815e+02 1.12009969e+05 6.11156464e+01
 2.08900898e+04 5.69287988e+03 1.57854125e+05 2.57765891e+05
 8.53788605e+01 2.30955234e+04 7.39406052e+01 2.29884399e+03
 1.28628540e+02 4.22125893e+01 4.00335884e+01 3.75511139e+02
 2.23216846e+03 1.69471939e+02 5.34325294e+01 7.89309141e+04
 3.94229767e+02 7.96135010e+02 1.12458594e+04 1.42238531e+05
 1.23182411e+02 2.58439514e+02 1.96426407e+02 5.35876221e+02
 2.54647778e+03 1.28030273e+02 6.30686914e+03 5.77408066e+01
 4.77629781e+05 8.15098999e+02 4.08067969e+03 8.06634903e+00
 1.05777084e+02 1.50444912e+04 3.61550391e+04 6.83391250e+04
 1.27599072e+00 7.54467058e+00 1.60585547e+05 5.97646408e+01
 7.96823044e+01 5.91372192e+02 3.41973633e+02 7.91444500e+05
 5.86866798e+01 5.77819061e+01 4.21490527e+03 5.01178633e+04
 2.38104781e+05 5.10183678e+01 1.35447021e+03 8.03825488e+03
 1.30538391e+02 7.62452576e+02 2.76110352e+02 5.91919023e+04
 7.41700078e+04 3.52061401e+02 3.97384141e+04 6.39018188e+02
 6.59097290e+02 1.64390186e+03 1.89077438e+05 1.05929665e+02
 1.07258992e+05 3.16445594e+05 6.51658707e+01 2.15101128e+01
 1.18534238e+06 9.32865540e+02 2.26199047e+05 9.85200073e+02
 5.78022852e+03 7.97829514e+01 9.89207993e+01 2.13052368e+03
 3.03438550e+03 3.98259258e+04 1.04050217e+02 9.67775726e+00
 2.77922969e+05 3.34142212e+02 8.19785840e+03 4.12193750e+04
 1.23404877e+02 5.03700806e+02 1.56692393e+04 3.06148224e+02
 1.21156422e+05 3.83088375e+05 1.38379328e+05 1.42695796e+00
 5.90930824e+01 2.17473320e+04 7.41787500e+03 4.14418203e+04
 1.17295258e+02 3.11332495e+03 2.58196930e+02 3.87552075e+03
 5.95384178e+01 3.81268829e+02 4.69974854e+03 2.99470730e+01
 6.18360000e+05 5.45190742e+04 5.89731152e+03 3.61357849e+02
 7.42963150e+06 3.14560364e+02 1.51116338e+04 1.86060120e+03
 5.51868713e+02 2.93533234e+02 3.18999243e+03 5.15707092e+02
 4.33308167e+02 6.31546265e+02 2.32807602e+02 6.51905508e+04
 7.59517441e+01 1.52089035e+02 1.68274473e+04 1.20796948e+03
 2.66141754e+02 8.37628540e+02 2.16673965e+04 5.47103577e+01
 1.54300293e+03 2.73112518e+02 8.44480209e+01 7.34480347e+02
 1.08477203e+02 1.09820508e+03 7.68429871e+01 8.51863861e+00
 7.66113434e+01 2.17733917e+02 2.48013574e+04 1.81467441e+04
 2.31928787e+02 9.97811508e+01 7.87728047e+04 9.00982483e+02
 1.53011185e+02 5.57661209e+01 7.58184128e+01 2.21038703e+05
 1.60629181e+02 3.67102875e+02 4.27125626e+01 2.30114156e+05
 6.31594315e+01 1.42438171e+03 3.22141205e+02 5.21587906e+01
 2.82363853e+01 4.56096836e+04 2.19664990e+03 1.18490438e+01
 3.66269897e+02 5.15066833e+01 1.44605911e+02 2.92221362e+03
 1.34770141e+05 5.61631851e+01 2.96795654e+02 3.77904053e+01
 4.26136078e+02 9.94329688e+05 4.12917755e+02 7.76210547e+04
 4.04848750e+04 3.26093018e+02 6.58698349e+01 1.51377141e+05
 6.77201939e+00 4.29151184e+02 7.34320908e+01 8.36637115e+01
 4.17054648e+04 6.85502344e+04 2.16810762e+04 3.16146802e+03
 3.23097656e+02 2.28996172e+04 7.64810840e+03 5.02297156e+05
 1.93026836e+04 2.42843075e+01 2.72878594e+04 4.98757874e+02
 7.14140854e+01 2.93492004e+02 2.61542969e+04 5.77370300e+01
 9.04788086e+03 1.33916968e+03 1.59361786e+02 2.14637871e+04
 5.58276367e+01 9.24425625e+04 2.87033887e+04 1.04218201e+02
 1.55549250e+01 2.49020889e+02 2.63179035e+01 6.53947830e+01
 1.40835861e+02 6.29340248e+01 6.49839401e+01 4.57787933e+02
 9.57311325e+01 1.66301636e+02 4.41996185e+02 1.71724646e+03
 1.31217334e+03 9.12519760e+01 1.17516164e+05 1.76403885e+02
 1.42343525e+04 8.06364941e+03 2.08992523e+02 1.48414780e+02
 2.18797668e+02 1.53960791e+03 6.87809601e+01 9.76534141e+04
 1.52647246e+04 3.65679665e+01 2.16232910e+01 5.66701851e+01
 1.11427063e+02 3.29391094e+04 6.76292542e+02 1.29703730e+04
 1.16148206e+03 1.14668604e+03 1.81608353e+02 5.04333076e+01
 5.86345469e+04 8.25457625e+05 1.02732754e+01 1.36510938e+04
 5.97455330e+01 2.30352026e+03 1.18330750e+02 7.36603470e+01
 6.23522766e+02 6.45887909e+01 2.62979082e+04 6.88215637e+01
 6.70198059e+01 4.53100812e+05 1.62591991e+01 6.34488750e+04
 2.17577578e+04 8.54478455e+01 1.83928986e+01 1.30054047e+02
 1.60381703e+05 3.56610046e+02 1.37960010e+04 4.31920391e+04
 7.53241587e+00 2.56512090e+04 1.46273928e+01 3.37016333e+03
 5.31801289e+04 1.14587526e+01 9.39476758e+03 1.89673223e+04
 4.41228062e+05 1.53000854e+03 1.12728857e+03 5.65805625e+04
 1.26397186e+02 1.36872574e+02 1.52700452e+03 6.00597382e+01
 6.09623633e+03 6.03947372e+01 3.62116211e+04 1.11126709e+03
 9.03179260e+02 4.78108008e+03 7.69774532e+00 2.99486877e+02
 2.46073669e+02 1.97414215e+02 9.98534607e+02 1.40128326e+02
 2.57368195e+02 1.69086807e+02 9.14928750e+04 2.97579625e+05
 3.00839038e+03 2.02537628e+02 1.25001184e+03 2.56709976e+01
 6.73185449e+03 1.06711902e+03 8.87401465e+03 5.44495354e+01
 1.54365930e+03 6.22057295e+00 2.16955000e+04 1.08354434e+04
 1.00594006e+03 4.94159492e+04 6.76914368e+01 1.53339951e+02
 8.06682053e+01 7.97445391e+04 2.48794540e+02 5.09609802e+02
 3.43033374e+03 1.77432800e+03 1.48030297e+05 1.35756030e+03
 6.17095757e+01 4.56602188e+05 1.04220932e+02 5.66232443e+00
 1.99310176e+04 1.32145276e+03 6.75193726e+02 8.28548622e+00
 3.18059102e+04 5.76485710e+01 6.20060852e+02 4.58959465e+01
 5.21992798e+02 2.48282547e+02 1.59733965e+04 5.82673302e+01
 2.11258804e+02 4.20764198e+01 2.62334648e+04 2.50603540e+03
 2.70894941e+04 9.20799866e+02 2.49258728e+02 1.57175705e+02
 2.53444375e+04 8.73280716e+01 4.85010742e+04 1.37767554e+03
 5.32017021e+01 4.69950531e+02 2.72056366e+02 4.11567650e+01
 5.56202188e+04 1.97877106e+02 4.52435120e+02 3.32895156e+04
 1.28848862e+02 2.05100220e+03 2.29967209e+02 5.59832268e+01
 1.47549149e+02 8.91966553e+02 6.97469844e+04 1.96557092e+03
 1.98142136e+02 1.37555099e+02 6.81388931e+01 2.68960254e+04
 1.69380096e+02 8.17685120e+02 3.04050269e+03 3.84296328e+04
 1.19713418e+04 1.01650586e+03 1.16929672e+05 2.31632178e+03
 5.37552490e+01 3.49850098e+02 7.14943176e+02 1.94193762e+03
 8.81480789e+01 3.65449638e+01 3.47426953e+04 1.75624619e+02
 1.15702875e+05 7.55087128e+01 9.08619156e+01 1.44997559e+03
 1.14971182e+04 4.56512930e+04 1.85814163e+02 8.91941875e+04
 2.84736348e+04 2.71727617e+04 1.82013836e+01 5.89313583e+01
 4.70038818e+03 1.39926271e+01 1.90951538e+02 9.67037106e+00
 1.47983613e+04 1.69863953e+02 5.44715233e+01 4.18582630e+00
 9.17825089e+01 2.00280457e+02 2.37019849e+00 1.07632408e+02
 3.39398376e+02 8.63339615e+01 1.10130127e+03 2.56459395e+04
 2.21090747e+03 8.63543594e+04 4.23078086e+04 4.37907422e+03
 1.19942336e+05 4.77442676e+03 1.09178566e+02 9.99273376e+01
 5.45931250e+04 8.81131363e+01 1.91972107e+02 2.96420156e+05
 1.54525547e+01 1.34592485e+01 1.11660664e+05 7.00959277e+03
 1.66945359e+05 2.94815186e+02 9.93291641e+04 1.27774651e+02
 6.52636914e+04 2.84450656e+05 1.69976453e+03 1.49843048e+02
 5.06486940e+00 6.18325005e+01 9.92775859e+04 1.70408386e+03
 3.03226147e+03 4.09935989e+01 1.96069531e+03 6.39711572e+03
 4.22343109e+02 3.32699829e+02 1.89602168e+04 8.96025703e+04
 1.05422836e+02 1.66476476e+00 3.23649188e+05 7.75596143e+03
 2.98400176e+04 1.28474976e+02 6.12509003e+01 7.50291672e+01
 6.65990906e+01 6.34450455e+01 2.72888672e+03 1.61859192e+03
 3.75075750e+05 6.61023096e+03 1.05692207e+04 6.64491455e+02
 3.26398683e+00 3.49423535e+03 8.28472290e+01 2.55429581e+02
 1.80039023e+04 7.33339661e+02 2.37932837e+03 6.62923828e+02
 4.32469219e+05 6.35629336e+04 3.84843658e+02 5.48217087e+01
 9.84512150e-01 1.36631113e+04 3.22590302e+02 1.01778381e+02
 4.47761488e+00 3.10146445e+04 8.62649841e+02 5.91719055e+01
 1.29053024e+02 2.45184106e+03 3.56318335e+03 3.29495459e+03
 1.21918671e+02 8.74131445e+03 6.78327484e+01 3.04158600e+02
 8.29779205e+01 5.85486816e+02 6.34638916e+02 3.81532539e+04
 2.82261719e+02 1.61351212e+02 1.38420483e+03 2.66862524e+03
 1.83716577e+03 1.41567780e+02 8.74784302e+02 3.31932869e+01
 4.28531372e+02 3.55831207e+02 1.03594092e+03 1.91768262e+03
 6.35716934e+01 5.70007227e+04 2.46688203e+04 5.56547438e+05
 4.75995188e+05 1.06058243e+02 1.23671181e+02 1.20090744e+02
 3.69318970e+03 1.76726059e+02 1.64467163e+03 3.53134700e+06
 1.84567627e+02 8.03538513e+01 2.01646375e+03 1.81199316e+04
 1.08022820e+05 1.80092703e+05 1.13652046e+02 1.01527148e+05
 1.20945015e+02 7.72943649e+01 1.20963379e+03 2.12627953e+05
 6.50960464e+01 2.11151749e+02 8.35446548e+00 9.94450378e+00
 2.32418609e+05 5.73144684e+01 7.41852417e+02 4.72574654e+01
 5.56085663e+01 3.52042656e+01 1.15899742e+02 3.29106079e+03
 4.65916939e+01 2.62564868e+03 3.49554688e+04 2.75219936e+01
 1.41340256e+02 1.12328119e+01 1.10247034e+03 2.58339447e+02
 3.49922241e+02 3.89996033e+02 7.43875061e+02 3.39443481e+03
 3.86545234e+04 4.10170156e+05 2.90764008e+02 6.35609398e+01
 6.23914500e+05 8.43361084e+02 1.95701599e+03 7.15554810e+02
 1.85222793e+04 3.73073984e+04 2.96074805e+03 7.36684084e+00
 1.51178781e+05 6.59939766e+00 1.53508716e+03 3.17949402e+02
 3.69442920e+03 1.00669342e+02 1.25693207e+02 5.35771406e+04
 1.12201073e+02 1.50661621e+04 8.15621719e+01 4.22979126e+02
 2.06364231e+01 2.01539219e+04 5.88445361e+03 3.08168152e+02
 2.52815088e+03 1.11896828e+02 6.66304688e+03 1.62411963e+03
 3.92037188e+05 1.39496641e+01 3.12795593e+02 1.52698288e+02
 3.78102142e+02 6.75636292e+01 9.70087128e+01 1.22368118e+02
 1.81049548e+03 2.23387871e+01 6.46452734e+04 9.07292656e+04
 1.77236365e+03 4.05336494e+01 8.29383691e+03 1.16316109e+02
 3.90091743e+01 3.79580269e+01 4.52269867e+02 2.14592225e+06
 6.11695595e+01 8.95755859e+02 9.71457520e+03 5.45710898e+04
 4.93750702e+02 1.86803467e+02 8.47643311e+02 7.35065918e+02
 3.48391998e+02 3.41334141e+04 1.10121140e+02 5.81901703e+01
 1.66318262e+03 2.67062958e+02 8.96066589e+02 1.40928584e+04
 6.67838821e+01 1.12062688e+05 4.89254494e+01 7.08544562e+05
 1.59752457e+02 2.07302773e+04 2.02865280e+02 3.48348389e+02
 1.17552460e+02 2.26862011e+01 3.60180237e+02 1.04242714e+02
 1.28701954e+01 5.55308380e+01 2.88949756e+03 1.72269258e+04
 8.39626465e+02 1.31254837e+02 4.35543895e-01 2.36657969e+04
 1.41768723e+02 2.95487061e+02 6.63174531e+04 5.15523594e+04
 4.23318573e+02 8.88710098e+01 5.04709258e+04 3.43737225e+06
 5.54717255e+01 9.88921967e+01 9.26405664e+03 2.80920483e+03
 7.51893311e+01 6.72064362e+01 3.84485260e+02 9.98926953e+03
 9.40335999e+01 2.09930000e+01 2.43574539e+02 2.64755127e+03
 5.94850830e+02 1.10376759e+01 7.00403671e+01 4.87219648e+04
 4.18535938e+03 1.28460633e+05 1.19598228e+02 1.78540909e+02
 9.14874902e+03 1.19202139e+04 7.77033539e+01 2.60363770e+02
 1.82263688e+06 2.88294160e+04 4.53348541e+02 3.74782524e+01
 2.35034729e+02 6.02939606e+01 3.14657446e+03 2.58939922e+04
 2.14606644e+02 6.81812500e+02 1.43205750e+00 6.42926880e+02
 4.32815125e+02 2.87287656e+04 3.59965363e+02 3.18392554e+03
 3.70323868e+01 4.04656448e+01 9.10310859e+04 1.72740674e+03
 1.37822628e+01 1.68945386e+03 5.40199814e+01 4.16924648e+04]
64471.67
7429631.5
