[8.80788281e+04 2.12386641e+04 8.96757188e+04 4.05066500e+05
 8.77121641e+04 1.59495141e+05 9.82738770e+03 5.76199414e+04
 7.81728850e+06 1.83186875e+05 2.31411172e+04 1.85510675e+06
 1.61211500e+06 3.91925430e+04 1.51045874e+03 1.34695516e+05
 5.61839438e+05 5.44011768e+03 9.59927562e+05 1.41793510e+07
 7.79120438e+05 1.98639087e+03 2.80580020e+07 3.65804550e+06
 2.51533938e+05 9.05830750e+05 4.84919938e+05 9.60415000e+04
 8.69140938e+04 1.66028266e+05 1.36087156e+05 1.20871075e+06
 1.62164812e+06 1.59502016e+05 1.59212800e+06 1.94075801e+04
 6.67273562e+05 7.65471016e+04 5.59996250e+05 9.97483008e+03
 7.02595547e+04 4.90282781e+05 1.63517797e+05 1.23365008e+05
 5.66242227e+04 2.04187562e+06 6.75299609e+03 8.82502812e+04
 1.65691406e+05 3.75512219e+05 2.21735375e+05 1.05634844e+05
 7.60309912e+03 7.48255050e+06 1.08341820e+05 1.24947023e+05
 2.56128652e+04 3.97286969e+05 4.29695094e+05 1.87321125e+05
 1.45157453e+05 2.73515156e+05 2.59259258e+04 2.93405125e+05
 2.43419863e+04 1.13352430e+05 2.99511465e+04 1.82510047e+05
 5.81925062e+05 4.55223344e+05 3.54566289e+04 7.01585688e+05
 2.52248531e+05 8.39173188e+05 3.85961328e+03 4.43087500e+05
 6.04872250e+05 6.66536312e+05 5.81755322e+03 1.32909262e+06
 2.85262125e+05 1.54039516e+05 8.91113203e+04 7.78326250e+04
 9.94436094e+04 1.38726599e+03 3.61853008e+04 3.13891772e+03
 2.00753848e+04 4.61581469e+05 2.12961975e+06 3.12390562e+05
 3.22641055e+04 3.63372375e+05 7.53324050e+06 1.22496240e+04
 1.21335883e+05 8.64683625e+05 1.10103550e+06 9.25974062e+04
 1.18547227e+05 2.14657000e+05 1.38336670e+04 2.19395234e+05
 6.56791719e+04 2.05243438e+05 8.84013281e+04 7.35010498e+03
 6.06519500e+05 7.37873145e+03 1.26288297e+05 1.43909350e+06
 1.50167344e+05 1.39845723e+04 1.37051000e+05 3.54862461e+04
 5.58970469e+04 1.39471388e+06 3.92854188e+05 1.39416318e+04
 1.07534875e+06 1.41078984e+05 4.54650219e+05 7.69984200e+06
 1.95723625e+06 2.49259512e+04 1.90483643e+03 6.45497422e+04
 1.26228457e+04 3.73308472e+03 5.60065438e+05 3.75659531e+04
 2.19542859e+05 5.05752246e+03 1.13353414e+05 1.78587406e+05
 1.64039484e+05 4.30217461e+04 1.54603105e+04 5.13854812e+05
 1.51958266e+05 1.76980953e+05 3.03863031e+05 1.04794512e+06
 3.21732469e+05 2.82200312e+05 5.22388242e+04 7.21880250e+05
 7.01249329e+02 5.22535906e+05 1.59614625e+05 1.91306504e+04
 1.95657172e+05 3.64024561e+03 7.68666602e+03 4.92016797e+04
 1.77288625e+05 2.35951775e+06 5.01751406e+05 1.57337550e+06
 4.56126950e+06 4.09767461e+04 8.13790547e+04 2.12390060e+02
 4.26537844e+05 1.03398180e+05 2.07169590e+04 1.96374125e+05
 8.01674219e+04 2.99700575e+06 8.85247031e+04 2.35986609e+05
 9.33595312e+05 1.27520248e+08 1.20613266e+05 2.85347871e+04
 8.05094453e+04 1.92535254e+04 1.21809422e+05 2.29144250e+05
 2.48369700e+06 3.16473906e+05 8.00646000e+06 1.32095016e+05
 3.78807938e+05 5.44933047e+04 1.62971777e+04 1.66171426e+04
 1.63544281e+05 4.24566504e+03 1.07182414e+05 6.82616484e+04
 5.55140352e+04 6.37036133e+03 1.64288475e+06 2.93288613e+04
 1.87054906e+05 4.05016250e+04 5.64718477e+04 1.72929438e+05
 5.52436279e+03 8.98691938e+05 1.18534275e+06 2.52355298e+03
 4.42523200e+06 2.00159838e+06 5.40440039e+04 5.20263977e+02
 1.62367803e+04 3.41274816e+08 3.22074969e+05 2.70513062e+05
 3.07651504e+04 4.48950281e+05 2.24903250e+06 3.61905977e+04
 1.72055594e+05 2.01334016e+05 7.53721191e+03 1.55843875e+05
 1.65186731e+03 7.08180750e+05 9.97903320e+03 1.12811625e+06
 1.14299668e+04 6.61333203e+04 5.58678000e+05 2.47212266e+04
 2.63065918e+04 1.94941641e+05 6.09266133e+04 3.33090781e+04
 3.89010656e+05 1.71516859e+05 4.44016328e+04 4.83370719e+05
 7.50118047e+04 1.55111602e+04 5.45270784e+08 1.13170398e+05
 3.55643094e+05 1.48947672e+05 3.76273219e+05 1.42731406e+04
 1.14197168e+04 8.68173672e+04 3.14228711e+04 1.00994141e+05
 8.97922949e+03 3.54138100e+06 7.22906016e+04 5.03069281e+05
 3.43953398e+04 7.81928857e+03 2.97724500e+05 2.79309473e+04
 8.62146172e+04 5.39516699e+03 4.28443164e+04 2.72942469e+05
 4.20078200e+06 3.51958344e+05 5.39720688e+05 1.11800908e+04
 4.40605039e+04 4.87661719e+04 5.91219844e+04 6.17262312e+05
 1.13067016e+05 7.74066125e+05 9.87483594e+03 2.67470900e+06
 2.30661304e+03 9.71114141e+04 1.95867225e+06 6.38742336e+08
 3.30074375e+05 3.58947025e+06 2.13761672e+05 5.82559312e+05
 3.15408569e+03 2.79688027e+04 1.07693001e+02 2.16414531e+05
 1.98312000e+03 7.11106484e+04 1.68611125e+05 6.85007688e+05
 2.94776719e+04 2.15881549e+09 2.46528480e+07 1.05823539e+05
 3.80388125e+04 2.49213088e+08 1.23509775e+04 8.31574219e+04
 6.10649609e+04 5.57815938e+05 3.03735350e+06 2.96056299e+03
 4.16396062e+05 3.58029761e+03 7.95389562e+05 5.08874031e+05
 1.72711000e+05 4.34682680e+07 7.63585547e+04 1.78820000e+06
 8.93832422e+04 1.28279727e+05 1.24365410e+04 1.19056538e+06
 1.04764210e+07 7.78511875e+04 4.58442148e+04 1.82622125e+05
 1.51319216e+08 2.61491175e+06 5.71128984e+04 3.59615188e+05
 7.64682324e+03 2.32823625e+06 5.60067344e+04 1.12951258e+05
 1.76133812e+06 1.81770254e+04 2.86645200e+06 8.95340156e+04
 1.25540988e+06 1.57944675e+06 2.30614406e+05 3.08638281e+04
 2.76658574e+04 4.53261688e+05 1.30257398e+05 7.26052812e+05
 2.04598389e+03 4.77579570e+04 6.89319900e+06 2.65003203e+04
 8.72970781e+04 1.65045018e+09 2.60079609e+04 4.68703555e+04
 2.46998906e+04 4.57325195e+04 1.66090352e+04 4.90364312e+05
 1.80164766e+05 6.99456328e+04 3.64915050e+06 5.01011300e+06
 1.72806719e+05 1.31128359e+05 8.66230371e+03 5.04691938e+05
 1.25656070e+05 4.18776172e+04 5.83081875e+04 1.98416238e+06
 4.11590078e+04 3.46861031e+05 4.42305344e+05 3.96312695e+04
 1.70438750e+06 2.26865359e+05 1.81409512e+04 2.92224023e+03
 4.75685703e+04 6.55977969e+04 8.30347188e+04 2.70389609e+04
 1.34223688e+06 9.38125938e+04 9.15973633e+03 3.90636375e+06
 5.85609375e+05 5.50511812e+05 5.52978857e+03 8.33477422e+04
 2.93179878e+09 1.57623312e+06 7.60760000e+06 2.99697094e+05
 3.66167469e+05 9.59840938e+05 1.25783375e+05 1.07651219e+05
 3.27640344e+05 2.85560125e+05 1.41494500e+06 4.67140533e+02
 5.02705127e+03 1.74255781e+04 6.31993984e+04 1.13597478e+09
 4.22982912e+08 6.17813350e+06 1.70180371e+04 8.66126500e+06
 1.97006359e+05 2.15649375e+04 7.15219219e+04 8.28317891e+04
 1.68652300e+06 2.47466344e+05 1.06414775e+04 2.00131445e+04
 6.37202900e+06 5.67971688e+05 2.53564422e+05 3.89097094e+05
 3.10817375e+05 1.37741984e+05 9.23303312e+05 9.08841062e+05
 2.41016800e+08 3.31820339e+09 5.02912695e+04 4.10870820e+04
 1.15740398e+05 5.75339188e+05 3.18430469e+05 1.02600758e+05
 9.38153516e+04 1.53333786e+02 1.25021075e+06 6.63891328e+04
 1.03348867e+05 5.10636250e+04 3.98873203e+04 1.53664000e+05
 2.22815500e+05 4.72272100e+06 1.83067031e+04 6.09193828e+04
 1.00449727e+05 3.81873901e+03 1.75824512e+04 5.29148320e+04
 4.70609082e+03 2.70264785e+04 7.43010188e+05 4.82179219e+05
 6.69107812e+04 2.62995293e+04 3.82000952e+03 3.72901469e+05
 7.21923359e+04 1.11515578e+05 2.06611934e+04 2.28533320e+07
 1.11886436e+04 9.09263672e+04 3.59340062e+05 6.64122578e+04
 2.84153633e+04 9.11681797e+04 6.92693000e+06 1.55556288e+08
 2.42824844e+05 9.88577578e+04 2.65991650e+03 5.33186484e+04
 7.58747688e+05 5.13218701e+03 4.42471344e+05 3.92700117e+04
 2.81775977e+03 2.77632475e+06 1.57761391e+05 1.16918938e+06
 1.37393691e+04 2.92195406e+05 5.53769092e+03 3.10114102e+04
 1.95371289e+04 7.27441562e+04 8.24840698e+02 3.29059812e+05
 3.03355938e+05 1.19176050e+06 2.39329547e+05 4.11305313e+01
 9.06462891e+04 2.04129062e+05 3.54415273e+04 1.19556840e+07
 2.23398141e+05 4.47342383e+04 6.33332062e+05 1.52344675e+06
 5.08427812e+04 1.05512992e+09 2.07454547e+05 5.07453906e+04
 2.82166543e+04 7.47718800e+06 9.80690000e+04 1.79932859e+05
 1.96019406e+05 1.71311906e+05 2.35491680e+04 2.66741281e+05
 1.42716309e+02 3.37619409e+03 3.11025664e+08 1.07028200e+06
 2.78603562e+05 4.16738406e+05 3.36488125e+04 1.50002250e+05
 2.70254238e+04 4.59599844e+05 1.25588525e+06 2.01341775e+06
 3.46944750e+05 5.51376797e+04 4.17083633e+04 1.58781182e+04
 4.72157959e+03 1.12493031e+05 1.50443828e+05 2.03875062e+05
 1.21059930e+05 9.31537344e+04 3.48677417e+03 1.28561711e+05
 4.29639727e+04 4.47911250e+04 1.14188758e+05 1.44067125e+05
 1.25148604e+04 1.26978008e+04 9.05017212e+02 2.00206016e+04
 2.33310312e+05 3.35069875e+06 4.99675508e+04 6.62761484e+04
 8.65503662e+02 3.87995219e+05 1.28498730e+04 6.85657500e+04
 4.74819766e+04 5.23789258e+03 9.41021172e+04 8.67743359e+04
 3.00851973e+04 3.36409453e+04 1.35826062e+05 1.41851836e+04
 3.59838398e+04 5.00584594e+05 6.73283281e+04 1.72635512e+06
 6.21916211e+03 3.02080371e+04 6.74466895e+03 1.13333844e+05
 2.20448850e+06 4.49871133e+04 5.09913008e+04 4.14050781e+04
 2.49974023e+04 1.15050977e+05 2.83431906e+05 6.59146900e+06
 5.82649312e+05 1.12458797e+05 9.51585703e+04 7.98899750e+05
 9.71419062e+05 8.67789750e+05 2.00168282e+09 3.93630344e+05
 3.18335410e+04 4.78469781e+05 2.36887625e+05 2.17907344e+04
 3.39228725e+06 1.54436855e+04 6.80942250e+05 4.06639141e+04
 8.05511172e+04 4.47732800e+06 6.35090508e+04 2.36497168e+04
 1.41923398e+04 3.94218844e+05 4.50875469e+05 3.46987648e+08
 7.31862656e+04 6.95135078e+04 1.45711912e+06 6.88371172e+04
 6.52733789e+04 4.38321445e+04 5.18710312e+05 1.59200625e+04
 3.54210525e+06 3.84545938e+05 7.88785791e+03 1.48357988e+04
 1.94515888e+06 1.45413271e+04 4.05478812e+05 3.25985977e+04
 1.65336688e+05 4.55903672e+04 5.05103125e+03 7.25125391e+04
 1.70281984e+05 4.20761906e+05 4.30689600e+03 3.14451625e+05
 2.23681700e+06 1.67344612e+06 1.48871075e+06 1.01346200e+06
 3.42194141e+04 2.29636656e+05 4.08107617e+04 1.45668154e+04
 1.41005969e+05 9.83800125e+05 6.46492539e+04 5.72532070e+04
 1.91602359e+05 1.14686975e+06 4.64857781e+05 5.26030547e+04
 1.19924805e+05 3.56474341e+03 6.74166641e+04 7.44234609e+04
 1.93958555e+04 2.18844946e+03 1.87715062e+06 1.33042812e+06
 3.09825625e+05 5.43440062e+05 3.33742250e+05 3.19522375e+05
 7.84924000e+06 1.10162375e+05 8.39482344e+04 5.51085312e+05
 2.17111297e+05 7.45955000e+04 2.67548535e+04 2.21397090e+04
 1.30280838e+02 4.65525312e+04 3.95129375e+04 5.37536523e+03
 1.16719312e+05 2.05406219e+05 3.48198594e+04 8.51833047e+04
 3.60017750e+05 3.35758800e+06 1.10360453e+05 2.11606562e+04
 3.78364594e+05 5.74471875e+04 7.00782394e+01 4.31496875e+04
 4.29501016e+04 1.59022162e+06 1.72728138e+06 9.04884863e+03
 3.15889746e+03 8.53932938e+05 1.02029562e+05 4.22476781e+05
 8.06630312e+04 3.30902406e+05 4.81962875e+05 1.72129125e+06
 4.45392853e+02 4.60294961e+04 1.61886312e+05 2.66542832e+08
 1.21115557e+04 4.43604336e+04 4.78077969e+04 2.13324650e+06
 6.36032617e+04 5.31059961e+04 1.40485141e+05 5.94185742e+04
 5.62426438e+05 1.15977400e+06 3.52500625e+04 4.40950250e+05
 5.27561750e+05 1.00989961e+04 7.60322363e+03 1.29480586e+05
 1.21206570e+05 1.50208142e+03 2.07102266e+04 6.78948059e+01
 2.04731973e+04 1.88651219e+05 3.83930391e+04 1.13876320e+05
 2.63789375e+05 2.70586182e+03 1.28842975e+06 5.79813047e+04
 7.34970375e+05 1.42677047e+05 7.90634688e+04 2.73346725e+06
 1.59744988e+06 3.85255420e+03 1.01155059e+04 4.59233359e+04
 5.65863625e+05 1.34518271e+04 6.83451719e+04 2.05744638e+06
 2.00448203e+05 4.46806016e+04 1.87988125e+05 5.98061062e+05
 1.57468888e+06 2.49518469e+05 5.20871062e+05 9.79841699e+03
 2.24529578e+05 2.25556150e+06 8.24183594e+04 2.02771719e+04
 4.52413281e+04 1.14481586e+05 1.56088312e+05 1.06773242e+05
 1.46187844e+05 4.27476807e+03 6.24355391e+04 2.19493018e+03
 1.47866156e+05 2.16104266e+05 3.23396150e+06 7.42151875e+04
 1.99150452e+03 4.99016602e+04 3.39099550e+06 4.56951172e+04
 6.91693594e+04 5.17168242e+04 2.50524922e+04 4.49910820e+04
 5.73232461e+04 4.68364312e+05 6.72288250e+05 2.22984199e+04
 1.99634297e+04 1.28664346e+04 1.01816375e+05 8.95620062e+05
 8.98872266e+03 1.55921734e+05 1.72782559e+04 1.77440801e+04
 6.50919438e+05 3.80834688e+05 6.67453312e+05 5.95371562e+05
 6.30257050e+06 3.37942875e+05 2.07757363e+04 3.66621250e+04
 1.06827125e+05 2.28660719e+05 1.23733172e+05 6.50172773e+04
 1.80801973e+04 8.86475469e+04 2.34683078e+05 4.15237812e+04
 1.84592910e+04 8.40267312e+05 2.79219475e+06 1.07899573e+03
 1.74917648e+08 1.48405020e+07 5.42175117e+04 5.92526875e+04
 2.85625977e+04 4.94705000e+05 5.68734375e+05 3.50323688e+05
 1.33804941e+09 7.48928281e+04 6.34211938e+05 1.49088762e+06
 2.11219968e+09 3.96986562e+05 5.44982438e+05 5.08743555e+04
 1.82050931e+09 1.27728719e+05 1.09815588e+06 8.65607891e+04
 2.58053906e+04 2.13150344e+05 5.05980781e+04 2.12608300e+06
 2.90725825e+06 3.15328540e+03 1.99743422e+05 3.89120273e+04
 5.75536484e+04 1.57477984e+05 8.25268173e+09 3.08994175e+06
 8.41677250e+05 1.97222125e+05 5.31059300e+06 8.00860791e+03
 1.79534578e+05 1.63536281e+05 2.64928203e+04 2.54156725e+06
 6.78250244e+02 4.57044453e+04 2.05982312e+06 9.61044938e+05
 1.02652406e+05 8.72151094e+04 2.50820531e+05 8.33774297e+04
 1.32840984e+05 2.17428027e+04 5.68591688e+05 2.65221816e+04
 1.00084625e+05 2.63135312e+04 2.03595508e+04 1.35533462e+06
 3.20984883e+04 3.41905688e+03 7.58429141e+04 8.38398359e+04
 8.13413594e+04 6.99490723e+02 9.30349312e+08 2.02760238e+06
 5.60533375e+05 3.73184906e+05 5.20755875e+05 4.41745350e+06
 1.22439602e+05 1.87310500e+05 1.32035019e+02 2.27028000e+02
 7.58600800e+06 1.45649359e+05 2.97611375e+05 6.45874250e+05
 3.90104531e+05 5.55476318e+03 5.51105312e+04 2.50715719e+05
 6.46862688e+05 1.10865921e+02 6.11430273e+04 2.20572559e+04
 8.69677266e+04 5.02452578e+04 9.11721016e+04 5.35016758e+04
 4.89293125e+04 1.55238172e+05 1.07351227e+05 1.52011875e+05
 3.77268242e+04 1.73342375e+05 1.30897875e+05 1.38391078e+05
 7.70003438e+04 2.91496719e+04 1.22818930e+07 1.60968212e+06
 1.36198328e+05 5.80008477e+04 1.32351445e+04 1.63450406e+05
 2.61071426e+04 3.24057202e+03 8.13096826e+03 2.04548240e+08
 2.06207969e+04 1.18250159e+03 4.75296250e+04 8.24057344e+04
 5.93399500e+05 2.01870391e+04 2.40843535e+04 5.92275352e+04
 6.98505029e+03 1.09654281e+05 2.06692363e+04 2.23108875e+05
 4.13013320e+04 5.05063744e+01 1.74339688e+05 1.03357953e+05
 3.70684344e+05 1.43558438e+05 5.04610742e+04 2.60241078e+05
 4.51676031e+05 6.09593125e+05 1.99293672e+04 9.19811250e+04
 5.21159625e+05 5.06844648e+04 6.24417812e+05 1.22988123e+03
 2.63083125e+04 1.54837609e+05 1.11637656e+04 3.84296075e+06
 6.72893688e+05 6.17383516e+04 2.70434562e+05 7.14086328e+04
 2.84551594e+05 1.80586211e+04 2.43505938e+05 1.76903086e+04
 1.04343109e+05 1.74754727e+04 9.81154766e+04 6.84218938e+05
 1.70577703e+05 9.93398984e+04 2.53707305e+04 3.19455597e+02
 5.08788086e+04 4.86113938e+05 3.00508175e+06 1.16724484e+05
 5.72244766e+04 1.02583305e+05 7.35746375e+05 9.24663938e+05
 1.70312888e+06 2.37341031e+05 3.57972949e+03 1.07307180e+07
 7.91454453e+04 1.66101113e+04 5.80938562e+05 5.25643906e+04
 2.98918375e+05 6.47349414e+04 2.59900359e+05 6.38464750e+06
 3.09752125e+06 1.00749695e+05 2.29967017e+03 1.40214951e+04
 1.58640760e+07 3.24791656e+05 7.84910059e+03 7.90526062e+02
 1.45665891e+05 4.80003516e+04 1.16097254e+09 9.25156864e+08
 6.59694812e+05 2.94472773e+04 2.74501348e+04 1.46771689e+04
 2.86033562e+05 6.68405391e+04 8.13135254e+03 4.82121440e+07
 1.35213462e+06 1.30778975e+06 1.82768965e+04 3.27950188e+05
 1.06137719e+05 1.24458594e+05 9.47638867e+03 2.69757700e+06
 6.78718516e+04 4.32157344e+05 8.70801375e+05 5.29754750e+05
 1.22671180e+05 4.20169727e+04 7.94007500e+04 1.20686631e+04]
35730468.0
8252681700.0
