[7.12595703e+04 2.00448856e+01 4.78587219e+02 2.04867828e+02
 9.29585632e+02 1.52706177e+03 2.28678417e+01 2.42051941e+02
 5.33797241e+02 1.55741370e+03 6.21495947e+03 3.03333447e+03
 4.19533203e+04 1.82608521e+03 1.90625537e+03 2.20843750e+02
 6.84577881e+03 2.85178247e+03 2.39122894e+02 9.79980664e+03
 1.69575901e+01 2.09214307e+03 2.40723375e+05 1.67872266e+03
 7.60359573e+01 1.21165674e+04 5.30261445e+04 3.68347388e+03
 8.39110184e+01 4.47467725e+03 2.41157007e+03 1.62731165e+03
 3.08526050e+03 1.74096405e+02 8.28692505e+02 1.30314856e+03
 1.50476618e+01 2.13020538e+02 5.91169067e+02 2.84587860e+02
 7.40918652e+03 2.89224023e+03 1.16126060e+02 2.54372900e+03
 8.12910004e+01 4.63032898e+02 2.19058643e+03 3.29602203e+02
 7.00769531e+03 1.16274890e+03 7.27695312e+02 1.20542732e+02
 1.56611176e+02 2.10132153e+03 6.94959717e+01 1.29343958e+03
 1.73626257e+03 2.29972534e+03 3.21857812e+03 2.75044434e+02
 2.16175723e+04 5.92033301e+03 1.08070850e+03 8.20822754e+01
 3.69049644e+01 1.68057285e+04 2.92321289e+02 9.88518143e+01
 6.60371399e+01 2.00809402e+02 6.58288879e+02 8.19618893e+00
 3.04031391e+01 1.68404053e+03 5.92259338e+02 4.12641663e+02
 2.67932648e+02 7.85692236e+03 3.76012970e+02 1.17831421e+02
 2.29021149e+01 5.40377344e+03 1.23888779e+02 1.37236035e+03
 2.74890076e+02 8.98047714e+01 4.14095764e+02 5.45910950e+02
 5.40959277e+03 2.39049438e+03 5.41766504e+03 1.67659785e+04
 4.42918472e+01 2.44199619e+01 1.88401531e+05 6.44014664e+01
 2.14731030e+03 1.63731177e+03 2.44672217e+03 1.09653552e+03
 6.94385840e+03 2.29684082e+03 2.28200119e+02 4.29349976e+02
 1.27654610e+02 3.13108423e+03 2.01456384e+03 6.52796289e+03
 5.51502441e+02 9.30285339e+01 2.55051343e+03 1.42761602e+04
 6.83276062e+02 1.25249161e+02 3.34581299e+03 9.72978638e+02
 5.22571831e+01 2.49676758e+03 2.00523575e+02 7.25996216e+02
 2.43881927e+02 7.21905945e+02 6.40032617e+03 1.99773254e+03
 1.25962402e+03 3.60339851e+01 1.00306931e+02 2.50190308e+02
 2.33860001e+02 1.00349472e+02 2.30884705e+02 5.41541710e+01
 2.87360083e+03 1.97537582e+02 3.72388794e+03 3.83651505e+01
 2.33735791e+03 1.19702387e+01 2.71846484e+03 3.63463020e+01
 1.05690292e+02 7.38304590e+03 2.35359644e+03 9.64235156e+03
 4.21518066e+03 1.79742996e+02 6.26384094e+02 9.32858594e+03
 1.68530786e+03 6.53911621e+02 3.16436127e+02 4.01603699e+02
 1.13696489e+01 2.50998193e+03 5.96338074e+02 3.33639801e+02
 1.23061371e+01 5.46936279e+03 3.35589676e+01 8.60880781e+04
 6.99298047e+03 2.01016388e+02 1.32774078e+02 1.40035437e+03
 4.40385498e+03 1.79587097e+02 3.42009766e+03 1.55160080e+02
 8.28243530e+02 1.22279727e+04 1.64526947e+02 2.27336899e+02
 3.08269135e+02 8.48821259e+01 2.27372131e+02 2.75769409e+02
 1.04680115e+03 5.67666702e+01 7.15978394e+01 4.49191328e+04
 1.53681602e+04 2.93124786e+02 8.59062109e+03 4.45749268e+03
 6.25256165e+02 1.16025360e+02 5.26137573e+02 3.74251526e+02
 4.51953644e+02 3.96716138e+03 4.04647705e+02 9.11887817e+01
 6.14121361e+01 2.78632397e+03 3.31980703e+04 6.77860657e+02
 1.56188047e+04 9.62011909e+00 2.23033350e+03 2.45572220e+02
 3.45638916e+02 5.52050110e+02 2.97212695e+03 1.89658997e+02
 8.82057715e+03 5.17136016e+04 7.10099106e+01 2.59134247e+02
 9.91622070e+02 7.96725616e+01 1.33027612e+03 2.99912256e+03
 3.81889557e+02 1.59515027e+03 7.75716992e+03 5.04275818e+01
 3.27555005e+03 5.70095825e+01 8.62156799e+02 1.13354260e+03
 4.73904762e+01 3.38681177e+03 4.09489403e+01 9.77586328e+03
 3.50716431e+02 4.64470215e+03 2.86138245e+02 7.97814392e+02
 2.90486450e+02 3.37235156e+04 1.22574231e+03 3.48630524e+02
 4.17732129e+03 7.25885742e+02 1.89826569e+02 1.85847034e+03
 9.92807312e+02 9.16402664e+01 6.81648102e+01 5.09975983e+02
 2.97746246e+02 2.04816696e+02 2.96714453e+03 4.88008652e+01
 3.27133936e+03 3.15649707e+03 2.87590454e+03 2.00459335e+02
 3.82196350e+02 1.47941656e+05 3.40058098e+01 2.10853442e+03
 2.37457611e+02 6.92944702e+02 8.88556290e+01 1.92133911e+02
 1.86671118e+03 4.51313324e+02 3.20275208e+02 1.17005356e+02
 6.47342305e+04 4.74693018e+03 1.23388408e+04 3.42455673e+01
 1.31319168e+02 1.23028223e+03 2.34927051e+03 1.44365686e+03
 3.04840723e+03 3.82038147e+02 3.49217224e+01 3.16751543e+04
 1.50723219e+01 1.33634912e+03 1.51155258e+02 2.22048242e+03
 3.75113281e+03 7.18438049e+02 2.98631592e+03 5.77068477e+04
 2.52791479e+03 5.48731567e+02 1.40065674e+02 6.71496964e+01
 1.77155975e+02 1.48705432e+03 1.22676735e+01 3.31680688e+03
 5.99509094e+02 3.28216650e+03 4.39314453e+04 7.23957642e+02
 2.09317529e+03 1.70414459e+02 1.40826709e+03 2.19175220e+03
 1.88647449e+03 5.02706299e+02 4.03122241e+03 1.09918999e+02
 2.75169702e+03 3.28353729e+01 1.41594082e+04 7.40218311e+03
 5.12618958e+02 9.51109922e+04 4.40916519e+01 8.12230042e+02
 1.46677675e+01 6.01787231e+02 3.73847008e+01 1.38055634e+02
 6.40713406e+00 3.37639343e+02 1.30238388e+02 4.02149731e+03
 3.11846069e+02 1.65234058e+03 2.29583878e+02 9.18068457e+03
 2.40330368e+02 6.83917334e+03 3.36592896e+03 2.56638574e+03
 1.81646426e+04 9.79885010e+02 3.42923218e+03 4.54423571e+00
 3.62965698e+02 5.28452698e+02 1.19661096e+03 9.59939728e+01
 1.22515601e+03 1.24757410e+03 2.67598358e+02 1.10026543e+04
 3.09478569e+01 1.32205536e+02 4.46198535e+03 5.49147400e+02
 1.45964905e+03 6.64597900e+02 1.79118457e+03 4.17648730e+03
 6.24093132e+01 1.37663904e+03 1.02132807e+01 2.38015625e+03
 7.73476318e+03 1.23073938e+03 4.16272461e+03 2.49621582e+04
 7.11353149e+01 2.41743066e+03 9.12376328e+01 3.42927393e+03
 8.55720215e+03 3.55262256e+03 4.24888489e+02 2.73152075e+03
 6.34782486e+01 5.21945166e+03 9.99180359e+02 1.83505481e+03
 1.60581748e+04 2.52813848e+04 1.89871570e+03 7.12468262e+02
 7.03799141e+04 6.13557129e+02 5.01031104e+03 3.11951318e+03
 6.36359570e+03 1.01900079e+03 1.19164711e+02 8.86468164e+03
 8.16581445e+03 2.49046582e+03 2.62978247e+03 7.07448669e+02
 1.71991623e+02 1.91144922e+03 1.01558337e+03 2.75125519e+02
 3.35044067e+02 4.14945850e+03 2.00795105e+02 2.35362549e+02
 2.84625464e+03 2.75586945e+02 3.18347925e+03 8.86585938e+02
 1.90554871e+03 8.39952469e+01 1.14934412e+03 1.16740078e+04
 1.57902722e+03 4.24669531e+03 3.75941772e+02 1.58188034e+02
 8.61884094e+02 1.22407676e+04 2.41392505e+03 5.46623955e+01
 5.41206360e+02 1.26996742e+02 2.04637573e+02 3.11321069e+03
 5.08703125e+05 3.81583252e+02 8.64302429e+02 1.44217168e+04
 7.94849426e+02 2.27204559e+02 1.01725128e+03 6.91886658e+02
 2.34800529e+01 1.13483203e+03 2.60541162e+03 1.04183728e+03
 4.76530322e+03 2.04977127e+02 5.22978058e+01 1.60751697e+03
 1.69992944e+03 6.83812927e+02 5.85847119e+03 1.47398880e+02
 3.59349792e+02 5.65557031e+03 1.34238708e+03 1.65670850e+03
 1.42091715e+00 1.00661328e+04 6.98863525e+02 7.32164154e+01
 1.89016235e+02 2.26751450e+02 4.45633362e+02 1.83325821e+02
 2.40586594e+02 1.36418506e+03 5.01345508e+03 1.66351050e+03
 1.11960564e+02 2.97946442e+02 2.95830841e+02 2.07842358e+03
 3.20315308e+02 9.26914673e+02 3.98372070e+02 3.26907062e+05
 3.99764984e+02 2.10448959e+02 1.06182581e+03 7.87112427e+01
 6.42107117e+02 1.65071278e+01 1.46073262e+04 3.85264435e+01
 2.73159241e+02 7.88046722e+01 7.92812500e+02 4.02580376e+01
 3.38800928e+03 3.65160789e+01 9.41047546e+02 5.74957047e+01
 1.27005630e+02 2.91840586e+04 2.20322983e+02 1.39822861e+02
 2.22365649e+03 7.95692215e+01 1.26083740e+03 1.91207188e+04
 3.69895386e+02 3.49847626e+02 1.69936096e+02 1.50974463e+03
 1.08207001e+02 1.66229370e+02 5.37289795e+02 1.93334106e+02
 1.04431628e+03 4.33335632e+02 2.25241074e+02 5.06289551e+03
 7.56468750e+02 1.70223315e+03 2.09663223e+02 5.72680615e+03
 9.86370361e+02 2.80754547e+02 5.12080225e+03 6.20194092e+01
 1.02634924e+03 5.81254736e+03 1.28957800e+03 2.31928198e+03
 3.57882294e+02 4.26198456e+02 2.41383618e+03 7.14925964e+02
 2.29171951e+02 3.38957471e+03 2.54835632e+02 8.71746948e+02
 5.21361023e+02 5.41575806e+02 4.39425110e+02 2.66222778e+03
 4.00223770e+01 1.25851074e+03 4.22104785e+03 3.46582092e+02
 5.07920459e+03 1.60319901e+02 6.44046631e+02 2.83588574e+03
 9.17183105e+02 6.50064688e+04 1.37348865e+03 3.94410132e+03
 1.49534424e+03 8.42626892e+02 2.77384644e+03 4.97795898e+03
 1.09468445e+02 1.33590430e+03 8.94785919e+01 7.33175598e+02
 1.01844080e+03 1.46977124e+03 1.45169708e+02 2.21582050e+01
 8.79790918e+03 1.78016682e+01 4.82296539e+02 2.54161816e+03
 7.55372656e+03 5.15737939e+03 1.91781714e+03 8.08701935e+01
 2.69942078e+02 2.89414349e+01 3.51554718e+02 3.42911148e+01
 1.33256543e+04 4.70220032e+02 8.24086853e+02 3.18475399e+01
 3.77981964e+02 2.78306035e+04 1.37502533e+02 5.84370483e+02
 4.32755157e+02 6.34644470e+01 1.80487268e+03 2.82491943e+03
 6.74236084e+03 2.60130298e+03 8.47114075e+02 2.42252407e+01
 8.30426483e+01 3.32818939e+02 2.14594208e+02 8.55880371e+03
 3.19441333e+03 8.39115112e+02 2.90425964e+02 1.27435388e+03
 3.56581421e+03 3.92697363e+03 5.98899561e+03 4.41178027e+03
 7.40643066e+02 3.79882050e+01 2.21812769e+03 1.26958565e+02
 2.16785117e+04 5.64416382e+02 5.16882178e+03 1.61841719e+04
 2.07034668e+03 1.85632849e+03 4.62731476e+01 4.02626587e+03
 6.24988098e+02 5.05791382e+02 1.25763516e+04 2.94086761e+02
 2.94774683e+03 6.22379074e+01 1.73115879e+04 1.23037568e+04
 7.58257217e+01 1.00938599e+02 2.91858594e+03 2.11648998e+01
 3.12732129e+04 1.15039819e+03 1.56399643e+02 1.02177094e+02
 6.64328918e+02 1.39542770e+02 1.49682483e+03 2.40784550e+01
 6.71320190e+02 1.87753235e+02 4.30962585e+02 2.23587936e+02
 8.36632812e+02 3.40326953e+03 7.18101685e+02 2.77521240e+03
 5.59964355e+02 1.62753672e+04 9.40588184e+03 3.69110016e+02
 1.89496069e+03 9.74092188e+03 2.08122778e+03 3.13862518e+02
 2.25349146e+03 5.94770813e+02 1.44743420e+03 1.02971912e+03
 2.60686060e+03 4.44031104e+03 2.23617212e+03 4.15971489e+01
 2.27399512e+03 2.76825830e+03 3.22885278e+03 9.76240112e+02
 6.91320877e+01 2.98386963e+02 8.72102966e+02 6.23269971e+03
 2.36525299e+02 1.73688105e+04 3.43666870e+02 2.07962906e+02
 3.66870000e+04 2.34883960e+03 8.82678040e+02 4.57817780e+02
 7.33858566e+01 2.04143689e+03 1.52663422e+02 6.28239975e+01
 9.83856323e+02 2.00522095e+02 5.63291211e+03 3.46559845e+02
 4.26334619e+03 1.03206602e+04 1.51113815e+02 2.47296906e+01
 2.22325912e+02 9.66377246e+03 1.39885254e+02 2.36533890e+02
 9.03097412e+02 2.06228491e+03 6.55827026e+02 1.83147297e+01
 1.23554297e+03 9.99288025e+02 2.49332544e+03 8.95093201e+02
 7.50645386e+02 1.09108096e+04 4.32259473e+03 3.85655703e+04
 5.53820267e+01 4.59846484e+03 4.26735449e+03 7.54319824e+02
 1.72645218e+02 2.94690155e+02 1.44187708e+03 1.18259155e+03
 3.38375031e+02 2.82415552e+03 4.24423492e+02 6.47161475e+03
 1.70996362e+03 4.38730811e+03 6.97996887e+02 4.39309717e+03
 2.85271875e+03 2.82007355e+02 1.12639246e+01 4.40042297e+02
 6.83055518e+03 1.53383240e+02 5.23450635e+03 1.75743668e+02
 6.54839050e+02 8.79810638e+01 2.91515228e+02 3.10229635e+00
 8.30213074e+02 2.40439893e+03 1.40393631e+02 1.44348392e+01
 3.96275208e+02 1.67874710e+02 2.51438354e+03 6.87217163e+02
 1.41760020e+04 7.00656055e+03 7.25276566e+01 1.77137183e+03
 3.29745544e+02 1.43818329e+02 2.74368091e+03 1.15466394e+03
 4.81393219e+02 9.52803802e+01 4.73287500e+03 3.19589941e+03
 8.73217773e+02 8.78009155e+02 1.41876707e+01 3.59007617e+04
 5.92966836e+04 1.55896594e+03 2.93320874e+03 1.76503967e+02
 2.60858288e+01 8.37405273e+03 7.89213684e+02 2.21394836e+02
 3.69126556e+02 2.00841080e+02 1.46018652e+03 7.04133911e+02
 1.50784170e+04 1.06090454e+02 6.61789502e+03 1.50621475e+02
 2.82653882e+03 6.90765198e+02 5.85837125e+05 3.23138867e+03
 1.76845642e+03 6.69800415e+02 6.76372620e+02 8.94469971e+02
 8.47482376e+01 7.54767036e+00 1.50081030e+03 6.47656250e+01
 1.02413658e+02 3.60133667e+02 4.05155078e+04 5.92967468e+02
 1.14395771e+04 8.95739899e+01 1.16713631e+02 1.26787295e+04
 1.37398224e+02 1.13900879e+02 4.70955566e+03 2.89431177e+03
 2.81630713e+03 2.32282007e+03 3.34289375e+04 1.90924060e+03
 2.21799336e+04 1.03934189e+04 8.27267212e+02 5.85027649e+02
 7.76701233e+02 6.42041443e+02 1.25813135e+03 2.17477753e+02
 1.43992078e+03 6.45616211e+02 1.78031165e+03 8.48367432e+02
 1.06656396e+03 3.18920312e+03 2.32078438e+04 5.65301270e+02
 5.52504005e+01 3.15551611e+03 2.02356522e+02 1.58369888e+02
 3.40357147e+02 4.34656104e+03 5.69815552e+02 4.09582520e+01
 2.23851147e+03 5.77535889e+02 7.76584766e+03 3.06454199e+04
 6.61007935e+02 1.58837708e+03 2.79078766e+02 1.46129431e+03
 6.16946973e+03 3.53641187e+03 9.95219055e+02 2.51943652e+03
 5.58092022e+00 1.99129684e+02 9.94242493e+02 4.15209045e+02
 5.85318555e+03 2.53804565e+03 3.47500946e+02 4.80007599e+02
 1.77834610e+02 3.36378662e+02 7.01140723e+03 7.04076758e+03
 1.82127869e+02 2.11185806e+02 9.60753809e+03 4.94654755e+02
 1.49504697e+04 1.23971146e+02 2.06563257e+03 7.99575049e+03
 1.68352020e+02 2.55142548e+02 1.67383713e+02 1.09233955e+04
 4.83659375e+03 8.05635803e+02 3.60488403e+02 8.32380615e+02
 1.04129248e+03 1.32838928e+03 1.02267793e+04 5.34312553e+01
 3.62648659e+01 4.28343994e+02 2.48242236e+03 3.74502539e+04
 3.38499487e+03 9.05541626e+02 7.60359570e+03 3.01720337e+02
 7.51762024e+02 3.05809113e+02 4.40021606e+02 1.16645058e+02
 2.16183203e+03 3.00468719e+02 9.26502319e+02 1.73524551e+04
 6.99235059e+03 1.10860195e+04 6.43029688e+03 9.08381042e+01
 1.84623750e+04 3.96356018e+02 1.78483752e+03 1.61764612e+03
 1.72691907e+03 5.62669861e+02 1.47946335e+02 2.72035645e+02
 6.20827881e+03 6.43676758e+01 2.44956372e+03 3.25633026e+02
 2.92536035e+03 4.67616547e+02 2.28648010e+02 1.08958931e+01
 1.90243372e+03 1.31601929e+03 4.77725906e+01 5.79577698e+02
 2.26404800e+02 3.07818115e+02 1.71733948e+02 1.75377344e+03
 1.02388730e+04 5.22544800e+02 6.59183350e+02 8.19707397e+02
 3.37817031e+04 4.11908760e+01 5.05498260e+02 1.11907385e+03
 1.09111633e+03 4.35699738e+02 2.03866455e+02 4.54336182e+03
 3.84074974e+01 4.54565308e+02 1.88771211e+04 4.59465576e+03
 1.09495569e+03 1.87714551e+03 1.07005592e+02 1.07049088e+02
 4.75701256e+01 6.99497437e+02 7.04395447e+02 6.70643506e+03
 1.15704944e+03 2.74033301e+03 2.76903259e+02 2.83708069e+02
 4.91993195e+02 4.99048248e+02 8.51800903e+02 3.30831079e+03
 2.95215088e+02 2.35835913e+03 1.33988757e+03 2.15599219e+03
 6.45695898e+03 3.05433887e+03 7.55372900e+03 7.85505493e+02
 1.18834808e+02 4.20994354e+02 3.96165466e+02 1.54203125e+05
 2.69930481e+02 3.69464111e+03 2.38038403e+03 3.40348730e+03
 1.42278870e+02 6.26935547e+02 1.44596885e+04 1.12528908e+02
 7.31143982e+02 5.14234497e+02 8.91257477e+01 3.47908569e+02
 3.21739349e+02 1.94460556e+02 2.45157288e+02 1.42026777e+01
 1.11466293e+01 7.76382263e+02 1.86431677e+03 3.42523499e+02
 2.53805957e+03 3.76621643e+02 9.36717163e+02 7.04446562e+04
 3.67909814e+03 1.14198486e+02 1.65120544e+02 6.61630000e+04
 3.36798401e+01 1.10740952e+02 9.44049744e+02 1.66662720e+03
 2.64099274e+01 3.09234985e+02 1.60297653e+02 1.83070593e+03
 1.29666348e+04 9.55957520e+02 3.97134009e+03 1.02518616e+03
 3.97945625e+04 3.34427612e+03 1.87133899e+03 2.22359009e+01
 4.48353906e+03 1.36147461e+03 7.03201355e+02 1.19911572e+03
 2.26811348e+04 3.25552216e+02 3.57773584e+03 4.85933876e+00
 1.15625772e+01 1.57891808e+01 3.01566748e+03 3.12754344e+05
 1.04184437e+01 4.55790222e+02 6.09671997e+02 5.60999902e+03
 3.31276764e+02 2.97410059e+03 1.22947324e+04 1.01255088e+04
 6.42955872e+02 1.18426196e+03 1.57080381e+04 2.48069496e+01
 1.17138916e+02 2.80552063e+02 1.00694104e+03 3.09392944e+02]
6105.892
585837.1
