[4.82175000e+05 4.34116943e+03 1.16481270e+04 5.60069812e+05
 3.02527734e+04 8.16915500e+05 2.89937598e+04 4.39082562e+05
 7.85302688e+05 1.37767324e+04 2.33992969e+03 1.16650875e+06
 3.23594300e+06 1.25744639e+04 1.41397734e+05 4.55031523e+04
 1.52827012e+06 3.39548344e+05 5.02391344e+05 1.44009797e+05
 5.85924658e+03 3.97852891e+04 4.17256920e+07 7.96163062e+05
 2.34970825e+03 1.26093453e+05 3.25762250e+05 7.49215625e+03
 2.32523301e+04 1.70675273e+04 1.91108812e+05 1.90646203e+05
 3.24811844e+05 3.59737070e+04 1.87556500e+05 5.18586875e+04
 5.46526641e+04 2.53347227e+04 7.85266094e+04 8.99727441e+03
 2.20328850e+06 3.76467344e+04 1.94997859e+05 1.30514141e+04
 8.67838750e+04 4.77401250e+04 6.99881445e+03 1.26303211e+05
 6.73937188e+04 3.96716406e+05 1.42977529e+04 1.68735469e+04
 3.45700732e+03 8.32571350e+06 3.70281104e+03 2.08132471e+03
 1.00777676e+04 1.09197500e+05 1.29879328e+05 1.29762195e+05
 8.86479297e+04 2.37086465e+04 1.06667070e+05 1.47418652e+04
 7.66763574e+03 1.43487703e+05 7.46665391e+04 7.89008750e+04
 1.04207822e+04 1.42935600e+06 3.73056602e+04 2.13215156e+05
 8.00042344e+04 2.83037000e+05 1.97684570e+04 4.82929688e+04
 1.36556703e+05 8.09587109e+04 3.84192749e+03 8.74747500e+06
 4.73524531e+04 2.56183242e+04 7.59299512e+03 1.42800371e+04
 6.67661250e+04 6.77818701e+03 3.62285117e+04 6.86087812e+04
 1.12313023e+05 5.68968625e+05 1.74254504e+03 6.43734812e+05
 2.62114922e+04 3.39170078e+04 7.00709438e+05 1.40753156e+05
 7.63295605e+03 3.98421094e+05 1.00381181e+06 2.84150605e+04
 1.87691074e+04 9.19552441e+03 1.49578350e+04 4.70150352e+04
 1.69528398e+04 1.77201000e+05 8.74301562e+03 4.51504297e+04
 6.69004688e+04 5.92536641e+04 5.61089570e+04 2.09704594e+05
 2.95889961e+04 1.86434312e+05 5.34014492e+04 1.24407891e+04
 4.18652802e+02 1.48017234e+05 1.25600367e+05 2.15844980e+04
 1.26224227e+05 1.12616734e+05 4.80167938e+05 4.80426350e+06
 9.68390859e+04 7.09938916e+03 9.54511406e+04 2.90233672e+04
 1.74071844e+05 1.32787844e+05 2.15720703e+04 8.03628750e+04
 2.29295293e+04 1.16522992e+05 3.00246660e+04 3.39620636e+02
 4.20776611e+03 8.01097412e+03 3.19441750e+05 2.72676219e+05
 3.28224625e+05 2.38818109e+05 6.13446406e+04 4.72301992e+04
 2.52490879e+04 2.15351660e+03 1.29708875e+03 2.68388926e+04
 6.52658812e+05 2.16642891e+04 1.10206084e+04 9.58813438e+04
 3.99795906e+05 5.41143018e+03 1.95040898e+04 1.45094404e+04
 1.77533154e+03 1.28423512e+06 2.05594180e+04 3.03702200e+06
 6.80337812e+04 1.07503408e+04 5.25169375e+04 1.90040215e+04
 5.53285742e+04 3.26016035e+04 2.77467656e+05 3.54783750e+04
 3.26665938e+04 4.50737625e+05 8.04785078e+04 2.47557578e+04
 3.87286188e+05 3.02036750e+05 1.24807836e+05 5.01421328e+04
 1.01322734e+04 3.49290469e+04 3.05072578e+04 3.48316925e+06
 1.26620000e+05 5.62950273e+04 6.41278188e+05 3.48974844e+04
 5.18860586e+04 1.56355957e+04 2.99582891e+04 1.47875547e+05
 5.59719971e+03 2.42397656e+04 1.07880555e+05 7.33036743e+02
 1.17342664e+05 1.68225734e+05 1.30613225e+06 1.27693836e+05
 7.04131312e+05 7.04427344e+04 5.57907080e+03 2.09496453e+05
 1.05391953e+04 3.49134531e+05 1.83231703e+05 2.36998428e+02
 6.82571719e+04 6.77715391e+04 1.05320254e+04 1.19209727e+04
 1.78706230e+04 2.17574355e+04 1.94757355e+02 2.76541062e+05
 1.41126270e+04 2.66425250e+05 6.96287266e+04 1.03669033e+04
 1.58989221e+03 2.96881738e+04 3.10485371e+04 1.14438484e+05
 1.21905283e+04 9.12533398e+03 3.18104541e+03 3.82447812e+05
 3.34088406e+05 2.22144199e+04 2.37425219e+05 5.96588330e+03
 9.32194043e+03 5.42927812e+05 4.93248047e+03 2.94139316e+04
 1.04133423e+03 9.10959922e+04 1.83234121e+04 9.56621438e+05
 1.01937328e+05 3.18660547e+03 1.00829742e+05 9.16582825e+02
 5.75667148e+04 1.80580625e+04 5.17497281e+05 6.20192688e+05
 3.45534297e+04 3.76307344e+04 9.30104446e+01 1.18929766e+05
 5.26306445e+03 1.76075612e+06 3.83326289e+04 1.01837422e+05
 1.63782812e+04 1.29362461e+04 1.45021660e+04 7.23192139e+03
 2.73316660e+04 1.02313438e+02 8.69742578e+03 3.64306641e+04
 2.57858422e+05 8.84791625e+05 6.55032812e+04 4.74926172e+03
 2.82392305e+04 2.01926758e+04 2.32749746e+04 6.06509336e+04
 7.97341562e+05 2.38924805e+04 3.02988062e+03 1.03162602e+05
 1.03725742e+05 2.40769156e+05 1.05674125e+06 4.50514500e+05
 3.38223562e+05 2.44165150e+06 7.34706055e+03 5.08984900e+06
 1.07637062e+05 1.44058688e+05 5.87205742e+04 4.49469297e+04
 4.78256445e+03 4.27039023e+04 2.94578003e+02 1.79917090e+04
 5.01991172e+04 7.12617266e+04 8.72493203e+04 7.65597070e+03
 5.88259863e+03 7.89702109e+04 1.90749250e+05 5.07759922e+04
 1.08931906e+05 1.81940684e+04 1.58052207e+04 7.26000183e+02
 7.63088916e+03 1.87770332e+04 8.38451062e+05 2.35058700e+06
 6.86389688e+05 3.80310025e+06 7.65296814e+02 7.19076062e+05
 9.70033125e+04 2.69542969e+05 3.14948926e+03 4.10656562e+04
 7.21631375e+05 2.39875176e+04 5.20780566e+03 1.80282484e+05
 1.32602172e+05 3.12653812e+05 1.48326375e+05 5.46976875e+05
 1.89255938e+05 9.41163184e+03 3.46045820e+04 2.28378149e+03
 1.24678740e+04 1.31920078e+04 9.53001172e+04 7.47376025e+03
 1.81301672e+05 1.39542938e+06 1.27011133e+05 1.61831553e+04
 1.47852451e+04 6.03108936e+03 1.68845781e+05 2.69949043e+04
 2.72610547e+04 1.13975762e+04 1.15301631e+04 1.74410172e+02
 1.00895242e+05 3.47199250e+05 2.01132930e+04 2.04232766e+05
 3.45940845e+03 1.59733447e+03 1.22569852e+05 5.19454094e+05
 3.40277000e+06 3.20338633e+04 2.37934047e+05 2.09792175e+06
 6.52701074e+03 8.58950438e+05 1.77000723e+04 1.01896318e+04
 7.44969297e+04 8.51897266e+03 1.71253145e+04 8.34727031e+04
 2.20567012e+04 5.63194766e+04 1.71187188e+05 1.01340492e+05
 6.87991438e+05 3.97968375e+05 8.06816484e+04 2.52681094e+04
 3.55126875e+06 4.92863594e+04 1.86267406e+05 5.41164312e+05
 4.95404100e+06 1.21564609e+04 2.06344422e+05 9.73805500e+05
 5.49920125e+05 3.84327891e+04 5.39665312e+04 3.07014473e+04
 8.81753809e+03 3.38174492e+04 4.57687000e+05 1.79608375e+05
 1.02851006e+04 1.84114469e+05 1.21902490e+04 1.85645516e+05
 3.49082062e+05 1.04536744e+06 2.84139812e+05 2.77168506e+03
 3.69428945e+04 9.46518359e+04 1.33405010e+04 1.06423461e+05
 1.07774180e+04 4.48808400e+06 9.23306934e+03 4.47819969e+05
 1.59672953e+05 1.49720312e+05 2.30288379e+03 9.59274531e+04
 6.73745812e+05 5.79469750e+05 2.37520000e+04 1.45778105e+04
 9.72382000e+06 3.07909906e+05 4.35261279e+03 1.94870488e+04
 2.73574531e+04 1.32733984e+04 1.26939297e+05 9.13430000e+05
 3.22030444e+03 3.55137344e+05 1.79955430e+04 2.40781797e+04
 7.89204453e+04 2.02911633e+03 1.51670328e+05 2.12374984e+05
 1.07305781e+04 3.70985859e+04 1.28992875e+05 1.17083096e+04
 7.75424875e+05 3.33794238e+03 6.72604053e+03 1.86093750e+05
 1.22358557e+03 2.42324344e+05 6.77417812e+04 7.08734453e+04
 1.21132812e+05 1.29903809e+03 1.17337070e+05 2.24210176e+04
 1.04803359e+04 5.01593799e+03 2.04837719e+05 5.68354812e+05
 5.81856885e+03 1.75423877e+03 1.64370215e+04 5.85121797e+04
 3.49290312e+05 2.18173281e+04 1.93632520e+04 1.85218200e+07
 1.24630457e+03 1.69188984e+05 4.89104281e+05 5.59513516e+04
 2.06564160e+04 2.14939766e+05 5.98282875e+05 5.86545703e+04
 3.35270625e+04 2.33116504e+04 1.08877586e+05 4.87287617e+04
 6.62180750e+05 1.05235605e+04 2.99963789e+04 4.32703174e+03
 2.33232891e+04 1.86668145e+04 1.03513486e+04 1.77408887e+04
 3.22251219e+05 5.08935742e+04 3.24905811e+03 1.41947469e+05
 2.56400537e+03 2.72052156e+05 1.75595375e+05 7.23506641e+03
 2.65561035e+04 2.52385938e+05 1.62843887e+04 1.08863305e+05
 3.77759727e+04 2.03659016e+05 4.66620898e+04 9.20858750e+04
 2.41413647e+03 2.16068188e+03 5.01501465e+02 1.45583411e+03
 1.01312180e+05 8.00536279e+03 7.73876562e+04 1.69944219e+04
 1.14952539e+04 1.97354984e+05 5.98347461e+03 1.92954734e+05
 1.29601787e+04 2.25652859e+05 9.56979688e+04 3.22221362e+03
 9.32543359e+03 7.25662188e+04 1.35211156e+05 7.14719766e+04
 2.59882363e+04 1.88839297e+04 3.06119995e+03 5.44102125e+05
 7.66161377e+02 3.56264209e+03 2.54377969e+05 2.89353750e+05
 1.08180888e+06 8.23778809e+03 3.08572969e+05 1.87797562e+05
 7.23154531e+04 3.54130550e+06 2.19739062e+04 2.63649438e+03
 1.41965025e+06 7.14739502e+03 8.20725781e+03 4.37411758e+04
 2.48185031e+05 9.08468672e+04 7.90059453e+04 9.58293457e+02
 1.60598953e+05 1.49962922e+05 1.94871179e+03 9.46922949e+03
 5.67769438e+05 6.03377734e+03 4.69917148e+04 4.16346031e+05
 1.12530445e+05 1.98491078e+05 8.22584688e+04 2.07047705e+03
 2.14847314e+03 2.38475021e+02 9.89954297e+04 1.10829688e+03
 1.52452469e+05 1.10041844e+05 5.06889062e+03 4.57304609e+04
 1.87643030e+03 1.60821062e+05 4.81752539e+04 8.63402938e+05
 1.02946484e+05 6.99974062e+04 5.83018311e+03 9.58384668e+03
 2.23455781e+05 2.22114180e+04 4.46799219e+04 2.95215031e+05
 6.02186035e+03 3.54146088e+02 1.36481734e+05 4.20250531e+05
 3.60648633e+04 2.01849199e+04 1.32363625e+05 1.15496461e+05
 1.29255638e+06 7.26436750e+05 3.86706211e+04 2.87226426e+04
 5.51225537e+03 3.66088721e+03 1.53448506e+04 6.32272656e+03
 4.57882969e+05 6.77908997e+02 1.89093125e+05 1.26627641e+05
 1.02324000e+06 3.08959250e+05 1.81178088e+03 8.30111172e+04
 6.56538025e+02 1.04141562e+05 1.44079141e+05 8.53845996e+03
 2.66350098e+02 1.39510693e+04 1.87161113e+04 2.52846035e+04
 2.37903078e+05 2.18706289e+04 6.57538477e+03 1.85111804e+03
 2.27012227e+04 2.78482983e+03 9.63085388e+02 1.39281064e+04
 2.51029492e+04 8.93672607e+02 2.32273262e+04 1.91312659e+03
 3.34709094e+05 5.15156172e+04 3.97875156e+04 3.92376680e+04
 4.34900281e+05 5.64604053e+03 1.76560359e+05 5.60508984e+03
 1.24573150e+06 5.43963000e+05 1.24129675e+06 1.34668469e+05
 9.46550000e+04 5.59228125e+05 4.11632148e+04 1.83809924e+03
 8.84499375e+04 6.84708375e+05 9.12363379e+03 1.33938172e+05
 4.92618516e+04 3.78688873e+02 4.34005859e+04 1.16775166e+04
 1.71701797e+04 3.05453442e+03 3.19860996e+04 1.10668875e+05
 3.62907344e+04 1.02656914e+04 4.36939087e+02 3.46038406e+05
 1.11643102e+05 2.40563550e+03 1.19758094e+05 9.96818906e+04
 1.18283088e+06 1.51954053e+03 2.39824004e+04 2.02918234e+05
 1.30399211e+05 5.06315137e+03 1.98103828e+04 1.97673926e+04
 1.18406572e+04 1.16675117e+05 1.24219082e+04 8.45455078e+03
 5.63320039e+04 3.76714812e+05 1.51071846e+04 6.58160400e+03
 4.34775664e+04 4.62849469e+05 8.67496484e+03 1.29495697e+02
 7.25386172e+04 2.51431763e+03 4.66320156e+04 6.48354443e+03
 5.23546367e+04 1.38734727e+04 1.75019203e+05 1.42262051e+04
 1.41984781e+05 2.32273398e+04 1.74351113e+04 1.20841133e+04
 2.61313516e+05 6.72961572e+03 9.49456172e+04 2.69255375e+05
 1.28162231e+02 3.06316582e+04 1.46676859e+05 1.03069070e+05
 1.07805352e+05 3.26440454e+03 6.29362988e+03 3.08104925e+06
 1.70856062e+05 1.33912062e+05 2.76547906e+05 3.89132438e+05
 3.63388867e+03 9.09717938e+05 3.50373022e+03 8.13196973e+03
 3.05005332e+04 6.16827759e+02 2.01013594e+04 3.86699219e+04
 4.47426367e+04 1.66933141e+05 4.87789600e+03 1.46283652e+04
 1.67995484e+05 2.15345288e+03 1.41868301e+04 2.01895977e+04
 5.58082227e+04 1.19383734e+05 3.35239000e+05 4.93381348e+03
 2.48164328e+05 8.70573594e+04 7.53835391e+04 3.73447975e+06
 2.37076438e+05 1.33557646e+04 2.30790645e+04 2.17443984e+04
 2.21658547e+05 1.12864289e+05 5.11753281e+04 6.87194275e+02
 9.72551074e+03 1.04442570e+05 2.06795656e+05 2.04219922e+05
 4.37711875e+04 1.27962766e+05 2.61567844e+05 1.26133242e+05
 5.64892188e+04 2.39001750e+06 1.03688219e+06 5.62618848e+03
 1.04253486e+04 1.30795740e+03 1.62357641e+05 1.48593997e+09
 6.82687031e+04 7.71913721e+03 7.45269775e+03 7.79139551e+03
 2.12307441e+04 3.23785250e+05 8.49829938e+05 1.48409203e+05
 2.80596816e+04 2.03794617e+03 1.02699769e+06 1.34829150e+04
 6.52299180e+04 6.71330371e+03 7.36096680e+03 3.14796875e+02
 1.38729521e+04 1.49436344e+05 1.32581325e+06 6.46309766e+03
 8.60096289e+03 4.58639941e+03 4.77469805e+04 4.29647031e+04
 1.42252646e+04 6.21413037e+03 1.17431758e+05 5.29760500e+05
 3.91099609e+04 2.02381219e+05 1.98722969e+05 6.15806250e+03
 1.85836262e+06 2.99063398e+04 1.20819414e+04 5.63117812e+04
 5.84956836e+03 8.95454395e+03 1.11654990e+04 8.26159766e+03
 9.64284668e+03 1.96664863e+04 5.92713984e+04 7.77307007e+02
 1.39536436e+04 3.29066000e+06 3.81313950e+06 2.59480625e+04
 6.11912402e+03 1.73072188e+06 7.15232266e+04 1.37570391e+05
 1.22537559e+04 5.17785969e+05 1.03545791e+04 8.26841328e+04
 1.82246191e+04 2.26051855e+04 6.39231016e+04 2.03007141e+05
 2.50269219e+05 2.63790375e+05 6.64511523e+03 1.64364594e+05
 9.69937109e+04 1.02564977e+05 4.83875594e+05 7.38435742e+03
 1.59605542e+03 1.72271362e+06 7.92290078e+04 2.32685650e+06
 2.23278242e+04 4.94735010e+03 1.18552080e+04 2.08489629e+04
 6.37555039e+04 1.57293344e+05 7.99268062e+05 2.51541562e+05
 7.53754609e+04 3.33167930e+04 4.60675195e+04 2.95061152e+04
 1.75077031e+04 4.56602781e+05 2.71708438e+05 8.83125625e+05
 2.09660820e+04 8.76352031e+04 3.63722031e+04 1.13315325e+06
 2.81972207e+04 5.08205195e+04 2.21515723e+03 6.54886182e+03
 1.40765538e+06 1.45431750e+05 1.31662738e+06 2.55201514e+03
 1.00402435e+03 8.10286230e+03 4.05892188e+03 6.64458625e+05
 1.34292090e+04 5.48863135e+03 4.69309570e+04 1.11610193e+03
 8.55695625e+04 6.45085571e+02 9.68589648e+03 1.67918418e+04
 3.71851289e+04 9.48881094e+04 7.33502750e+05 2.77485500e+05
 2.72600352e+04 9.66424141e+04 2.27673877e+03 7.53370703e+03
 7.72011625e+05 4.02109961e+04 2.92484250e+05 3.92694844e+04
 5.72267148e+04 1.67963398e+04 1.12157263e+03 6.71907344e+04
 9.39946062e+05 1.02856812e+03 2.22981906e+05 4.37026172e+04
 1.30008850e+06 1.26746084e+04 1.71188538e+03 1.58650531e+05
 5.57482188e+04 9.91164609e+04 3.51790508e+04 7.46045000e+04
 3.07602012e+04 9.31851074e+03 2.73317559e+04 2.31265234e+03
 7.23660125e+05 8.02421582e+03 3.02320600e+06 7.35975750e+05
 3.17712000e+05 2.54154863e+04 6.28815938e+04 4.95955820e+04
 2.56484953e+05 1.49246475e+04 1.06476670e+04 3.07379750e+05
 2.46264526e+03 4.20610059e+03 1.95252703e+05 1.66567148e+04
 7.28908750e+05 2.24144678e+03 1.35543234e+05 8.99724609e+03
 1.37890674e+04 3.83783125e+04 4.49170391e+04 1.70108112e+06
 2.09267754e+04 3.28572734e+04 6.18179766e+04 2.66999812e+05
 2.94007751e+02 3.91158447e+03 1.31975094e+05 1.02121172e+05
 6.89489624e+02 1.15576675e+06 2.12516172e+04 8.29295801e+03
 1.61348818e+04 1.05891750e+05 1.35965025e+06 1.17237641e+05
 7.06467891e+04 4.29792383e+03 1.52053848e+04 1.04388480e+07
 1.80949906e+05 3.99084453e+04 4.41805469e+05 1.94439629e+04
 9.73018672e+04 1.99240430e+04 2.18050781e+05 2.00836543e+04
 4.60719844e+04 1.00920830e+04 9.39326660e+03 1.91284859e+05
 1.10366234e+05 8.10380176e+03 2.71332598e+04 1.54471787e+04
 2.36180640e+03 2.86058375e+05 8.83795469e+04 1.79389727e+04
 4.95891211e+04 1.26951104e+04 2.20237622e+03 1.27637200e+07
 4.35696445e+04 8.82547969e+04 3.03278320e+04 7.34303250e+06
 9.05140625e+03 3.15830547e+04 6.65228562e+05 7.16840547e+04
 1.91234570e+04 2.09721753e+03 2.02406547e+05 4.84262062e+05
 2.46199766e+05 2.61009937e+03 5.86510039e+04 1.49280020e+04
 1.15800450e+06 1.59099562e+05 7.89542334e+03 6.48594922e+04
 8.85107227e+03 4.22307688e+05 1.91903496e+04 1.71212516e+05
 7.32692300e+06 6.70209062e+04 3.52831836e+04 8.57595410e+03
 2.11425020e+04 1.47239172e+03 2.38027222e+03 1.45751580e+07
 3.79990195e+04 4.94625562e+05 7.67958069e+02 7.70871172e+04
 3.31775312e+05 2.25850625e+05 8.69424072e+02 9.05796328e+04
 8.05424423e+01 1.28705283e+04 1.61411141e+05 1.37209962e+06
 2.49806562e+04 1.50681906e+05 1.42645938e+05 8.55902969e+04]
1851148.0
1485940000.0
