[8.46579163e+02 6.60236572e+02 3.59382764e+03 1.23377747e+03
 1.80864182e+02 1.38780896e+03 4.67291077e+02 7.18066992e+03
 8.52173633e+03 2.47347090e+04 3.46208282e+02 1.31513354e+03
 7.18968896e+03 3.16422534e+03 1.00963604e+04 3.72499219e+03
 1.64493738e+03 9.13438416e+01 3.91879082e+01 2.83964883e+04
 3.43364014e+03 3.80802930e+03 1.19021575e+06 6.39322363e+03
 9.48213867e+02 1.02993617e+05 7.48946172e+04 1.98613220e+03
 7.15341553e+02 5.71224518e+01 2.86954531e+04 2.85485078e+04
 2.08257227e+04 1.38855481e+03 3.41502500e+04 4.02855420e+03
 2.92424683e+02 3.26803741e+01 3.55450836e+02 2.45748558e+01
 8.83906006e+02 7.43115051e+02 3.53278259e+02 1.40168242e+04
 1.35470728e+03 3.32587852e+04 4.66436554e+02 1.97154993e+03
 1.03928135e+04 5.38022021e+03 1.77098618e+02 3.79674805e+03
 5.67737244e+02 4.70946641e+04 1.69097119e+03 3.21755273e+03
 2.54171494e+02 8.89324609e+03 1.21430771e+04 9.49834106e+02
 4.98776016e+04 1.48536694e+03 2.01322400e+03 8.41644440e+01
 2.04610291e+03 8.35418164e+03 3.34870331e+02 4.46313721e+03
 1.03709396e+02 3.74821328e+04 7.24172852e+02 1.13957922e+03
 9.13787537e+01 3.80216626e+03 1.37967789e+02 4.52165174e+00
 1.09720528e+02 2.27377686e+03 1.63301563e+01 1.57327438e+05
 9.57193054e+02 1.02779121e+04 2.63523193e+02 2.71149512e+03
 2.60664282e+03 1.49609290e+03 8.01150513e+02 3.01263062e+03
 1.38737217e+04 2.03847559e+04 7.05608594e+03 1.31106531e+05
 6.17069511e+01 3.22678375e+02 2.50278328e+05 2.52123062e+02
 6.27192139e+02 6.32353363e+01 2.52401929e+03 2.25838501e+02
 1.81667188e+03 1.77455774e+03 2.18223853e+03 1.92872693e+03
 6.35132861e+03 1.34179785e+03 7.96369629e+03 2.71509619e+03
 4.47720654e+03 1.07587036e+03 2.39076978e+03 2.87355273e+03
 2.32537766e+02 9.04193457e+03 1.00510352e+04 2.72556226e+03
 1.79562393e+02 9.83727112e+02 3.94339746e+03 2.53887158e+03
 1.80236816e+04 5.34109070e+02 2.18303543e+02 5.65518008e+04
 8.32999146e+02 7.83293915e+01 6.50301880e+02 3.38891846e+02
 6.77897827e+02 7.12159302e+02 9.69192581e+01 8.15162720e+02
 3.65627661e+03 1.36455847e+03 7.63069922e+03 5.51058057e+03
 2.05241328e+04 5.87813354e+02 4.81318799e+03 1.80941821e+03
 6.98902588e+02 4.86518213e+03 5.55724180e+04 2.75369980e+04
 1.14624512e+04 5.19294281e+01 2.03238831e+03 3.00009922e+04
 2.30752363e+04 1.28452988e+04 6.14081665e+02 1.73289590e+04
 1.74281482e+03 1.80855701e+03 1.40121436e+03 9.28765137e+03
 8.06171265e+02 3.96386211e+04 1.44352063e+03 1.04779229e+04
 1.45553193e+04 8.00744385e+02 1.46076807e+03 1.56744064e+02
 3.83893066e+03 5.86745068e+03 7.79799902e+03 1.56798083e+03
 1.05284607e+03 3.62617773e+03 2.57166443e+02 1.22920874e+03
 3.92236035e+03 4.70010449e+03 4.53282471e+02 3.63587573e+03
 6.11452393e+03 1.42883826e+03 3.05035095e+02 2.08453770e+04
 2.65983496e+04 2.07869824e+03 1.63434516e+05 7.30087402e+03
 1.00978369e+04 1.65210861e+02 8.72561218e+02 1.10379280e+02
 2.95764795e+03 3.39529858e+03 1.02494141e+03 1.73451187e+02
 1.41446387e+03 3.12234668e+03 1.56422100e+04 8.35711060e+02
 1.28456152e+04 4.90512939e+02 9.98569885e+02 3.49960278e+03
 1.25625610e+03 5.39912256e+03 1.73300977e+04 3.51920807e+02
 1.65400918e+04 9.87606836e+03 1.64321423e+03 4.32239502e+03
 5.14688354e+02 1.21017036e+02 1.44297913e+02 1.98745374e+03
 9.85860840e+02 6.25391418e+02 8.06642236e+03 1.15912480e+04
 1.51072241e+03 1.48499161e+02 7.35084900e+02 7.37990051e+02
 9.78746521e+02 4.18850391e+03 5.52273483e+01 8.47091699e+03
 7.62215723e+03 1.83482214e+03 5.83657654e+02 1.17388184e+02
 5.98347412e+03 1.70514863e+04 6.20562305e+03 3.02391895e+03
 2.98925659e+03 3.08741852e+02 3.01661167e+01 3.98943633e+04
 2.27403809e+02 1.31445684e+04 3.13725067e+02 2.34323633e+03
 9.94518982e+02 4.39761279e+03 3.28521777e+03 1.49488330e+03
 3.41860010e+03 3.46862524e+03 2.96911835e+02 7.47119336e+03
 2.98943268e+02 1.80949172e+05 2.44004044e+02 5.20341113e+03
 1.96129410e+02 1.07938196e+03 3.47496002e+02 1.39679688e+03
 2.74853088e+02 1.80675678e+01 1.51423975e+04 3.44082861e+03
 5.07771914e+04 1.41026807e+03 7.90971797e+04 2.20229932e+03
 1.37008850e+02 3.65010345e+02 4.13725281e+01 3.25092224e+02
 4.91441681e+02 6.16188843e+02 8.75437469e+01 6.21753086e+04
 1.41064575e+03 7.53898987e+02 2.19025488e+04 1.89296680e+03
 4.41135977e+04 1.63164980e+04 7.14902979e+03 1.38180781e+05
 2.89025360e+02 4.08889307e+03 1.73280884e+02 3.08304169e+02
 4.50250549e+02 1.02028057e+04 6.51568066e+03 1.68524316e+03
 1.82034637e+02 1.87883516e+04 4.36924180e+04 5.13516998e+01
 1.90215156e+04 2.03000281e+03 7.98495239e+02 6.95274902e+02
 1.29522791e+03 1.12054219e+04 1.14918359e+04 4.43038879e+02
 6.29127441e+02 2.78318695e+02 3.81281860e+03 6.94872803e+03
 1.88572534e+03 2.40347109e+04 1.58312775e+02 1.29141426e+04
 1.05575122e+03 1.65708960e+03 5.33843689e+02 1.10370987e+02
 1.00789570e+05 2.28602478e+02 1.49338257e+03 6.14075879e+03
 9.08358459e+01 3.11415000e+04 1.51963098e+03 1.50053545e+04
 8.11178040e+02 4.45356934e+02 5.33552441e+03 4.09471289e+03
 1.61746155e+03 9.13178040e+02 6.78570625e+04 1.18762573e+02
 8.83041602e+03 3.64900482e+02 6.08260742e+02 1.65861206e+03
 1.76332138e+02 1.55124426e+03 8.14337695e+03 5.06615918e+03
 2.25212207e+03 9.30000839e+01 1.05301543e+04 8.07327209e+02
 8.54214062e+03 2.26620801e+03 2.50605743e+02 6.11292358e+02
 1.48175256e+03 2.40542261e+03 6.85778564e+02 1.56587085e+03
 2.98314746e+03 6.15576172e+02 2.54685957e+04 8.68438965e+03
 8.93602234e+02 1.11954968e+03 3.24377563e+02 1.59661318e+04
 4.97861084e+03 2.73867358e+03 2.58130566e+03 5.93003955e+03
 2.74682949e+04 8.01541748e+02 2.54236934e+04 2.22678238e+02
 5.09920469e+04 1.54771846e+04 3.11893555e+03 1.39049377e+02
 4.59716260e+03 3.18725146e+03 6.69525696e+02 1.16301621e+04
 7.03850684e+03 1.09319544e+01 2.65995166e+03 1.18019912e+04
 7.71202812e+04 2.32369849e+03 1.81908401e+02 2.35374191e+02
 2.48628047e+04 2.74629199e+03 3.33633406e+05 1.37287939e+03
 9.19738708e+02 3.32043091e+02 2.15807080e+03 7.10547852e+03
 9.49766406e+03 9.42994995e+02 1.12256763e+03 1.51931793e+02
 1.99368848e+04 6.03582812e+03 3.84984131e+01 1.02325381e+04
 7.58038406e+01 1.71545371e+04 2.85726166e+02 8.71980273e+03
 4.97096289e+03 4.40945160e+02 3.26651184e+02 2.67858716e+03
 4.32799951e+03 1.10723477e+04 1.16067432e+03 8.13098267e+02
 1.96482453e+05 6.20126343e+01 1.40954027e+01 4.06404858e+03
 1.76248016e+02 6.23312256e+02 4.44330664e+03 3.80992645e+02
 3.97885254e+03 1.51293738e+03 3.62371002e+02 1.01985092e+02
 7.21472046e+02 1.16599854e+03 7.56040161e+02 6.97722363e+03
 3.22846466e+02 3.14082007e+03 2.40792944e+03 1.08050964e+03
 3.31124194e+03 1.52283906e+04 1.11239986e+01 2.80412671e+03
 7.03449707e+03 7.98657410e+02 5.10954639e+03 3.64663672e+03
 9.76945618e+02 1.19588184e+03 3.25991791e+02 3.83365625e+03
 5.61255322e+03 1.22028206e+02 3.98094292e+01 1.50391104e+04
 4.73546722e+02 1.01077374e+03 1.18936584e+03 1.84769062e+04
 2.33543930e+02 2.91783112e+02 5.17352600e+02 2.26444094e+05
 2.30824387e+02 1.00904053e+04 7.57557764e+03 8.08321655e+02
 1.57236182e+03 3.81818634e+02 5.00274453e+04 6.04424095e+01
 1.04945679e+03 3.03093353e+02 1.11111536e+03 2.31060410e+01
 7.14996631e+03 1.46699829e+02 1.22719727e+04 1.36089096e+02
 2.32273560e+03 4.73646992e+04 2.80152039e+02 2.98082837e+03
 4.47345459e+03 6.84147217e+03 1.67148712e+02 6.53669678e+03
 8.53233215e+02 5.17944922e+03 4.97150208e+02 1.53213089e+02
 3.41385986e+03 2.32495575e+02 5.80469824e+03 9.68928452e+01
 3.23825024e+03 5.65902783e+03 5.32718066e+03 1.25579180e+04
 3.18696869e+02 3.28756836e+03 2.11543286e+03 4.29803955e+03
 5.34705048e+01 4.15144385e+03 2.24560645e+03 1.23976189e+02
 4.98978955e+03 3.63794414e+04 1.19739148e+03 3.07423047e+03
 7.68635681e+02 1.85260859e+04 7.22859961e+03 6.06608276e+01
 1.95458301e+03 1.04285898e+04 3.85532074e+02 1.42495825e+03
 8.96411591e+01 1.14519897e+02 2.35636328e+03 1.00101630e+03
 8.61212036e+02 1.71947571e+02 4.67267236e+03 2.70631367e+04
 5.22092236e+03 1.25278343e+02 2.23839746e+03 2.37058670e+02
 9.76107239e+02 3.10906113e+04 2.88051050e+03 8.03897949e+02
 5.05559297e+04 2.33903641e+02 1.54367224e+03 2.00865692e+02
 2.57991974e+02 1.82309509e+03 6.73280640e+02 5.22099792e+02
 1.63053271e+03 2.96898621e+02 1.41667383e+04 1.02658859e+02
 4.20386230e+03 4.24310638e+02 5.25311829e+02 3.12134979e+02
 9.03166016e+03 4.20655219e+05 3.12097974e+03 1.43312598e+03
 7.40414795e+02 2.40502060e+02 3.58931458e+02 1.31885376e+02
 1.84983477e+04 1.04978137e+03 1.31113110e+03 1.24442126e+03
 1.08168359e+04 5.51280176e+03 1.37456750e+03 1.09935950e+03
 6.85162451e+03 3.37829517e+03 1.34528366e+02 4.20160126e+02
 1.96188135e+03 5.30411719e+03 5.08078308e+02 5.23709961e+03
 3.68712830e+02 3.95437134e+02 7.00318527e+01 1.68678262e+04
 1.52857837e+03 4.67732764e+03 5.44333374e+02 1.42056702e+03
 6.33831177e+02 1.65620605e+04 4.08344189e+03 1.48800598e+03
 5.41574805e+03 2.19519043e+03 2.21914575e+03 1.96611804e+03
 5.31621953e+04 1.29912292e+02 8.29677246e+03 6.01878271e+03
 2.06046289e+04 8.13754922e+04 2.39989433e+01 4.09551416e+03
 4.52604150e+03 3.50852124e+03 1.73057605e+03 2.71802026e+03
 5.68860889e+03 3.34895172e+02 1.27846057e+03 1.08926497e+01
 2.53263836e+01 1.21850601e+02 7.47224350e+01 2.44155444e+03
 6.65844531e+03 7.48326843e+02 1.66129065e+03 1.71427100e+03
 4.03479077e+03 7.87958447e+03 3.51617285e+03 1.96258575e+02
 9.99220117e+03 3.97932739e+03 2.29033105e+03 3.60134521e+02
 2.70777515e+03 7.29103851e+00 9.49358643e+02 5.79311523e+03
 6.48792109e+04 2.52558809e+04 6.29675049e+02 1.85171301e+03
 2.05263748e+01 3.89965308e+03 8.49165955e+01 3.97883179e+03
 1.81300659e+03 5.04062408e+02 4.18887012e+03 8.93357361e+02
 1.54156421e+03 1.11412129e+04 9.79990723e+03 1.59910522e+02
 3.29785675e+02 1.70840781e+04 4.19340424e+02 1.42246716e+03
 2.65252838e+02 1.16843665e+03 1.05487959e+04 4.20054102e+03
 1.52909302e+03 8.00420508e+03 5.04912061e+03 2.39491714e+02
 1.34988838e+04 1.74208167e+03 5.34095898e+03 9.69645691e+02
 5.57643433e+02 9.97400452e+02 1.79910156e+03 7.27556763e+02
 1.36203271e+03 6.14343376e+01 1.43538096e+04 3.37334131e+03
 3.57784821e+02 2.70493379e+04 7.22755249e+02 2.49994678e+03
 2.11733911e+03 7.00139551e+03 4.48013721e+03 5.02788696e+02
 1.63536836e+04 6.62924744e+02 1.64181396e+02 2.11641369e+01
 3.52607739e+03 2.33278296e+03 8.87359680e+02 3.22200592e+02
 1.82139258e+03 5.44876074e+03 8.46337219e+02 3.93900806e+03
 1.47751636e+03 9.32550049e+02 2.08421411e+03 9.11267090e+02
 8.60415710e+02 2.92032129e+03 1.38397995e+02 2.06698779e+03
 2.74200562e+03 8.27187378e+02 7.20510483e+01 1.32235172e+05
 2.40489838e+02 2.00121106e+03 5.10602509e+02 4.81539404e+03
 1.96590973e+02 4.01867188e+02 2.02536377e+02 9.36727356e+02
 6.08557500e+04 7.29843323e+02 2.18889551e+03 1.63192871e+02
 1.50009827e+03 1.14564056e+02 2.03612537e+03 4.75029938e+02
 8.32932129e+01 6.30603564e+03 3.43194165e+03 2.11345703e+03
 7.41868210e+01 1.10451050e+03 3.01174889e+01 6.78345642e+02
 4.18325000e+03 3.32444531e+04 4.26934326e+02 3.49438398e+04
 3.33835156e+03 1.13113632e+02 7.05291406e+03 1.34586365e+03
 8.30540723e+03 5.27370422e+02 4.81977600e+02 3.44043789e+04
 5.13703423e+01 2.02611682e+03 4.23859497e+02 6.98943516e+04
 3.29161484e+04 1.18910608e+03 1.15234307e+04 2.16237280e+03
 2.69685498e+03 2.38560547e+03 7.01249634e+02 1.35506384e+03
 1.16008118e+03 4.96999219e+03 1.09875898e+04 2.71713574e+03
 6.99538428e+03 1.58554535e+02 5.17664404e+03 1.62980518e+03
 1.40603918e+03 1.31502920e+04 1.52037094e+05 3.97826416e+03
 2.67172803e+03 6.69785786e+00 6.27107300e+02 1.18757959e+03
 3.44558276e+03 1.71828873e+02 3.60487256e+03 8.86877060e+01
 1.06236975e+03 5.20910547e+03 6.45306787e+03 8.16744995e+02
 1.56849385e+04 1.11662354e+03 1.77190588e+03 1.01338955e+04
 8.28076355e+02 8.54509735e+01 9.14458984e+02 5.47757141e+02
 1.19935791e+03 7.80720997e+00 3.88305371e+03 7.17527588e+02
 9.60780762e+03 2.43112168e+04 2.13533722e+02 1.46298511e+03
 1.29611679e+02 3.15252228e+01 1.97344609e+04 1.18231506e+03
 1.07403857e+03 7.96505432e+01 5.64711487e+02 1.31328113e+03
 2.76313892e+03 6.34508789e+03 3.09359668e+04 9.31063782e+02
 2.79418433e+03 1.04116000e+05 1.95720291e+02 2.13024277e+04
 1.37459335e+01 4.65807910e+03 1.01344482e+04 7.61343872e+02
 9.55496973e+03 2.38053711e+02 1.47021143e+04 2.05268066e+04
 1.26504570e+04 4.58850159e+02 9.53985413e+02 1.00066452e+02
 7.69828247e+02 6.98141553e+03 5.35384961e+04 3.31244043e+03
 1.21884998e+03 8.76130762e+03 4.34092102e+02 3.31211250e+04
 5.08645166e+03 1.30401392e+03 6.11483740e+03 2.04353235e+03
 1.91371704e+03 5.39388086e+03 3.99640088e+03 2.67024492e+04
 3.86289087e+03 1.57744385e+03 5.02012266e+04 1.07298096e+03
 1.86011719e+04 1.23595322e+04 2.49902661e+03 2.52985352e+04
 3.27674713e+01 4.97607520e+03 7.52034729e+02 1.44409692e+03
 1.55653650e+03 5.31851074e+03 4.01390442e+02 5.98559692e+02
 1.16531016e+04 1.31204883e+03 9.58895447e+02 8.96429297e+03
 1.28020869e+04 2.82668896e+03 5.33888016e+01 3.40424727e+04
 2.63504980e+04 2.73283398e+03 5.77680811e+03 2.85247095e+03
 3.08225784e+01 8.14892944e+02 8.73751221e+02 1.03124438e+03
 1.10441523e+04 1.35302461e+04 1.93354346e+03 3.44786953e+04
 3.49577930e+03 1.57097891e+05 5.36105957e+03 1.17229956e+03
 2.38333609e+05 3.06953345e+03 8.90108906e+04 2.45394800e+03
 1.68844116e+03 7.62230103e+02 1.34450378e+02 1.11121875e+03
 1.15287764e+04 1.34737817e+03 1.49234697e+04 1.42692517e+03
 2.34277953e+05 6.11803169e+01 7.86506885e+03 6.91237244e+02
 2.80467377e+01 2.17162689e+02 2.88602222e+03 2.75573223e+04
 1.89076214e+01 5.83462769e+02 2.19014282e+03 1.23836230e+03
 2.57765020e+04 1.55408081e+02 7.63204375e+04 3.36195977e+04
 4.23107656e+04 7.46917603e+02 2.62911304e+03 8.93845139e+01
 4.11192578e+03 3.35705981e+03 1.12492114e+03 5.32822412e+03
 7.74287720e+01 1.61776703e+02 3.92390442e+00 2.58930645e+04
 1.01162122e+03 8.91800995e+01 2.39530151e+03 2.35274805e+03
 7.39306458e+02 1.65916672e+02 6.07445312e+03 6.39013086e+03
 8.01675293e+02 3.91576599e+02 2.84714258e+03 1.87107285e+04
 2.20642812e+04 5.79138977e+02 1.69576348e+04 6.38323535e+03
 1.05091467e+03 6.90260864e+02 7.38043762e+02 9.54432831e+01
 4.05303955e+03 5.67373596e+02 2.01229077e+03 3.07026172e+03
 1.63624902e+03 1.22754414e+04 3.41357275e+03 4.98809094e+05
 3.89291748e+03 3.99989990e+02 1.15898425e+03 6.36797943e+01
 3.23369043e+03 1.13193573e+02 1.92180918e+04 1.91694849e+03
 5.04034088e+02 1.29354675e+02 4.67970306e+02 3.77783032e+03
 1.75323281e+04 1.03624887e+01 2.18394556e+03 1.05337395e+02
 1.28359802e+02 1.61292004e+03 4.20684424e+03 3.32619080e+02
 1.85740442e+03 1.39109039e+02 8.85910000e+04 6.72529688e+05
 8.65494629e+03 8.68572168e+03 1.06827893e+03 1.56038955e+04
 3.19286035e+03 7.13120794e+00 4.19052338e+02 5.88511108e+02
 3.17134430e+02 6.17605774e+02 2.53479736e+03 7.55577881e+03
 1.78334277e+04 1.01803021e+03 4.06138789e+04 1.06503203e+04
 9.82810254e+03 1.78155605e+04 1.89430893e+02 1.86485657e+03
 7.14854370e+02 4.07632715e+03 2.54279251e+01 9.17799225e+01
 3.59340273e+04 1.19719043e+03 2.57596436e+02 5.55145508e+02
 1.26140854e+02 8.67587524e+02 9.43689758e+02 2.76251200e+06
 4.41805176e+03 6.09680664e+03 1.72205856e+02 1.57988193e+04
 1.45932051e+04 4.22039697e+03 1.11360020e+04 1.07848789e+04
 1.51941858e+03 9.09187695e+03 1.59450485e+02 2.38964575e+03
 2.45144287e+02 1.05361108e+03 7.08431458e+02 4.91543896e+03]
14570.255
2762512.0
