[3.85836250e+04 1.97339279e+02 1.73459790e+03 5.93807739e+02
 2.65371313e+03 1.33235291e+03 3.07947412e+03 1.82633125e+04
 1.26052803e+04 1.47763989e+03 2.68024097e+03 5.41184814e+03
 4.66034297e+04 1.87631180e+02 8.88261509e+00 3.39744336e+03
 3.66472290e+03 2.26603729e+02 1.13936416e+04 3.07385332e+04
 5.44812158e+03 1.52340775e+02 3.59959781e+05 1.85489141e+04
 9.52297974e+00 2.07613926e+04 2.32154938e+05 7.75228516e+03
 4.53450958e+02 2.52451196e+03 1.24200943e+02 4.18703271e+03
 4.79686572e+03 2.84246558e+03 2.60316719e+04 3.12901398e+02
 7.80579492e+03 7.05716370e+02 3.17121338e+02 5.41581970e+02
 7.63791484e+04 1.91372754e+04 1.78100664e+04 9.21634082e+03
 1.27453535e+04 5.82887573e+02 2.40726196e+03 2.11987573e+03
 1.54496807e+04 1.26704803e+02 5.71502686e+02 1.25669060e+02
 1.37582779e+02 6.56858203e+04 3.62936615e+02 2.02898303e+03
 4.37721191e+03 5.40904219e+04 9.67882617e+03 5.10447559e+03
 2.98505884e+03 1.05031104e+04 7.78564258e+03 3.12807098e+02
 1.33446684e+01 1.87553184e+04 1.95060339e+03 3.92406982e+02
 3.59450645e+01 3.41861484e+04 1.55858069e+03 3.08647534e+03
 2.29594336e+03 4.35986328e+03 6.05235352e+03 2.05569531e+03
 2.74854785e+03 6.01012402e+03 1.76050232e+03 4.24496797e+04
 1.26397107e+03 1.61657385e+03 1.53552094e+02 3.63274487e+03
 4.30347656e+03 3.44113745e+03 4.31148224e+02 2.86117041e+03
 3.47895352e+04 6.20904834e+03 1.16706555e+03 3.60358350e+03
 4.57199440e+01 5.10018994e+03 7.37437891e+04 1.80635522e+03
 7.83433496e+03 5.67581055e+03 1.18879980e+04 1.77810681e+00
 1.68561230e+04 1.93682109e+04 2.70238232e+03 1.92584045e+03
 1.16814277e+04 4.61634583e+02 1.28271277e+03 7.27618774e+02
 4.94401318e+03 1.71232593e+03 1.56030273e+03 7.92890039e+03
 8.03844452e+00 5.81375732e+02 8.89882617e+03 1.20630261e+03
 4.41232764e+03 6.65880811e+03 7.24680859e+03 8.44412305e+03
 1.02072783e+04 5.39436584e+02 2.26340546e+02 2.15821875e+03
 1.46093545e+04 7.06061523e+02 1.53321057e+03 2.03716858e+03
 1.91837756e+03 5.04140808e+02 7.17337988e+03 2.95882935e+03
 3.16105273e+03 1.60390222e+03 2.00050256e+03 6.59838318e+02
 5.44703613e+03 1.36044907e+02 4.84118317e+02 7.50462891e+03
 1.07605635e+04 1.78731133e+04 1.92237168e+04 1.36229209e+04
 5.82957764e+03 1.13961655e+02 7.20048904e+01 5.53268604e+03
 1.49327090e+04 9.04092285e+03 1.65480133e+02 9.91291602e+03
 2.80090820e+03 1.38478149e+03 2.77652124e+03 1.83781082e+02
 3.09479736e+03 2.00030508e+04 1.75275726e+02 9.24909570e+03
 1.12369179e+02 1.62404224e+03 1.15160034e+02 1.85268234e+02
 7.27917041e+03 2.50614548e+02 4.47266133e+04 2.39389771e+03
 2.49534515e+02 5.09718359e+03 7.60090271e+02 5.48044739e+02
 1.43770422e+03 2.74276440e+03 2.86469312e+03 1.00479301e+02
 6.32783318e+01 2.23499072e+03 9.79807739e+01 3.45862578e+04
 5.58710791e+03 3.15845166e+03 5.74095840e+01 8.28938086e+03
 7.10207471e+03 2.55318802e+02 6.05390198e+02 1.00645248e+02
 6.83201904e+03 1.30759143e+03 2.22035791e+03 2.32695923e+03
 8.44465027e+02 3.09380225e+03 3.00582227e+04 1.99771216e+03
 4.50451133e+04 8.92539368e+02 1.45784485e+02 3.43188202e+02
 2.92949097e+02 9.33755469e+03 7.09112354e+03 1.36628979e+03
 7.01708125e+04 1.62650984e+05 8.42372437e+01 5.39555664e+02
 7.44253723e+02 3.15043602e+01 6.66626660e+03 4.71958398e+03
 1.87366760e+02 1.82627823e+02 1.16842705e+04 1.56891708e+02
 1.78323157e+03 2.78448090e+02 1.22383630e+03 3.04053906e+03
 6.04141769e+01 2.86830902e+02 4.12834412e+02 9.02129883e+03
 1.71297031e+04 6.04424512e+03 1.04389282e+03 1.57359161e+02
 4.93445557e+02 9.37848828e+03 2.09673364e+03 4.64045677e+01
 1.68139087e+03 2.62341523e+04 7.79140198e+02 5.62217871e+03
 3.62706299e+03 4.61631508e+01 3.94444153e+02 1.01318863e+02
 1.03954619e+04 1.66780792e+02 6.69370264e+03 3.72158325e+03
 5.14243279e+01 8.12891943e+03 2.74630469e+03 1.09784753e+03
 2.77949463e+02 4.20154023e+04 4.42777008e+02 1.87875078e+04
 2.19870947e+03 2.14846619e+02 2.53248001e+02 1.21395178e+03
 5.46498596e+02 3.46185303e+03 3.52177588e+03 1.79402026e+03
 1.71379941e+04 2.32811367e+04 1.00451865e+04 3.97903003e+03
 4.56845612e+02 1.48697424e+03 1.61610859e+04 1.05963438e+04
 1.74467224e+03 8.68269922e+03 1.17028366e+02 6.90667529e+03
 1.72573364e+02 1.20361035e+03 1.07261266e+05 2.33674121e+03
 4.80093848e+03 1.33824453e+04 5.40036768e+03 6.48345764e+02
 4.92373486e+03 6.36001807e+03 1.70368103e+02 1.97861182e+03
 2.34341406e+03 9.01012109e+03 4.31442676e+03 1.11808008e+04
 4.59071236e+01 1.06651885e+04 7.45207578e+04 3.28413770e+03
 1.90283711e+04 2.49590381e+03 1.72879959e+02 8.46680847e+02
 1.69637680e+02 6.39221289e+03 7.84250098e+03 3.31625938e+01
 3.78558655e+01 1.02271704e+03 2.15588535e+04 3.93828203e+04
 4.97480371e+03 2.31105828e+05 1.34066479e+03 1.75795000e+04
 1.18680103e+03 1.95629199e+03 5.89735535e+02 5.43426086e+02
 1.49170332e+04 1.80841492e+03 7.50988865e+00 1.62365982e+02
 5.34734619e+03 3.31006953e+04 3.81529883e+03 1.88309492e+04
 5.26410522e+02 1.96288721e+03 1.42471960e+03 2.73842520e+04
 4.34237335e+02 1.06958936e+03 2.59637188e+05 5.58240234e+02
 2.23282910e+03 1.86855098e+04 1.99797409e+02 6.06966125e+02
 4.86601181e+01 2.35608936e+03 1.45189600e+03 5.91448242e+03
 1.38402161e+03 4.67206238e+02 4.77550098e+03 2.94231815e+01
 1.67500877e+01 3.28988965e+03 3.16313379e+03 1.51279590e+04
 1.93273230e+03 9.29148407e+01 1.46239410e+02 1.54351133e+04
 5.37342920e+03 5.04520874e+02 2.09327305e+04 4.40712539e+04
 1.24873145e+03 3.04534570e+03 2.05836060e+03 1.17184497e+03
 1.96871765e+03 3.00540039e+03 4.61700781e+03 5.23524463e+03
 2.22168961e+02 2.68275659e+03 7.50750684e+03 2.14699048e+03
 1.60791504e+04 7.62107812e+04 2.43195328e+02 1.06978601e+03
 4.60713828e+04 1.18912480e+04 3.60671448e+02 1.44959678e+04
 6.82634531e+04 5.28953674e+02 1.56722998e+03 2.25946777e+04
 2.85904453e+04 2.41212427e+03 1.17069531e+03 5.01393127e+02
 1.02818613e+04 9.84030176e+03 3.52040000e+04 5.69432422e+03
 2.01259659e+02 7.92414941e+03 4.86529205e+02 7.89150391e+02
 5.68383827e+01 1.35155347e+03 1.04315332e+04 9.46932831e+01
 1.77358264e+03 1.17799854e+03 2.11339981e+02 8.27358105e+03
 8.38252441e+02 6.16723984e+04 4.90783882e+01 6.24013281e+04
 6.82646851e+02 3.01560273e+04 2.58842041e+02 3.70321274e+01
 1.45816143e+04 8.27457642e+02 6.56611267e+02 1.03570190e+03
 6.98201812e+05 2.07373161e+01 5.91268213e+03 1.49896631e+04
 9.71895020e+03 9.28633850e+02 2.42715781e+04 1.69553379e+04
 3.27170296e+01 4.70448682e+03 8.15786426e+03 3.50208472e+03
 6.85769580e+03 4.21339990e+03 5.83562451e+03 9.82812805e+02
 2.91278296e+03 2.12818677e+03 8.52933594e+03 2.18747388e+03
 8.95766504e+03 4.73059814e+03 1.79794385e+03 6.76754883e+03
 2.91061777e+04 9.06255703e+04 2.23427271e+03 1.07484790e+03
 7.06965820e+02 3.96436523e+03 1.20081444e+02 4.12135498e+03
 3.08525195e+03 3.56459253e+03 1.01635828e+05 7.78908643e+03
 2.24040479e+03 2.04617737e+02 2.09558983e+01 3.98910664e+04
 2.18353287e+02 1.46973804e+03 1.51197453e+01 1.14121826e+04
 1.81738922e+02 1.03808887e+04 6.25540344e+02 1.37658081e+03
 4.49371436e+03 1.40723230e+03 2.41801914e+04 1.78540298e+02
 3.27614868e+03 1.84150964e+03 2.27085175e+02 2.43786182e+01
 1.90865906e+03 7.79057068e+02 1.89730469e+03 1.07193779e+02
 8.66783630e+02 2.77421113e+04 6.60221497e+02 5.29639258e+03
 5.71542282e+01 6.94813232e+03 1.55826477e+03 2.09778320e+02
 1.00695633e+02 2.25861182e+03 1.28132877e+01 4.11480499e+02
 5.92834033e+03 3.08026099e+03 2.27994507e+03 5.83427295e+03
 8.41593140e+02 4.01776587e+03 4.66809723e+02 1.64313672e+03
 1.31755127e+03 1.03392517e+02 1.50304456e+03 7.82093750e+02
 8.95914429e+02 2.73866528e+03 7.90624805e+03 1.56205505e+02
 6.28541443e+02 3.07157544e+03 6.86696594e+02 2.24731104e+03
 9.51307373e+01 1.62306665e+03 5.79808301e+03 8.45991638e+02
 1.84396436e+03 2.25957214e+02 1.06048462e+03 5.85237305e+03
 1.37079846e+03 9.42833789e+03 1.38921921e+02 2.11455399e+02
 2.54841895e+03 2.28221484e+03 9.94409607e+02 5.24466553e+03
 5.48012354e+03 2.61759717e+03 4.85713379e+03 1.92508911e+02
 2.61622559e+03 4.39893594e+04 5.66296484e+03 4.44635645e+03
 9.12913047e+04 1.00082520e+03 2.42201978e+03 9.29603906e+03
 1.52374512e+03 3.81356030e+03 8.95463623e+02 1.08052467e+02
 2.20149521e+02 1.24330889e+04 1.61122595e+03 6.84133484e+02
 1.39965210e+03 3.55912158e+03 1.88124237e+02 6.02500391e+03
 2.89841553e+03 1.95944859e+05 6.83196640e+01 4.51514618e+02
 1.09062775e+02 8.60337524e+02 6.56031372e+02 3.49550146e+03
 4.55853633e+04 6.26126831e+02 3.21198730e+03 2.05628638e+03
 1.06249609e+03 6.44085234e+04 1.50992584e+02 1.32926392e+03
 1.21767899e+02 1.52563550e+03 1.66743262e+03 3.91135925e+02
 3.73272858e+02 6.92683496e+03 2.34717603e+03 1.45049402e+03
 1.58491791e+02 5.38045105e+02 2.87001831e+03 3.13294609e+04
 5.36797676e+01 4.18910980e+02 2.22577051e+03 2.08470322e+02
 3.64683867e+04 1.71345642e+03 3.38530670e+02 3.50953445e+01
 2.05782007e+03 9.47022324e+01 1.92046211e+04 1.47585962e+03
 3.57576367e+04 1.06054895e+03 2.80801641e+04 2.81690186e+03
 5.59292334e+03 2.13361035e+03 1.04684985e+03 3.45777759e+03
 4.08927368e+03 1.44863926e+04 1.21370781e+04 1.79526697e+03
 1.48997351e+03 9.91023621e+02 4.91488164e+04 1.12843867e+04
 1.25881744e+02 2.06335800e+02 2.29188477e+03 1.10119678e+04
 1.24775039e+04 3.10359253e+03 2.21929153e+02 2.98493579e+03
 1.35273105e+04 2.74731226e+03 1.37189624e+03 9.15586816e+03
 2.39946543e+04 8.95378320e+03 4.33298309e+02 2.35170312e+03
 1.90993516e+04 1.98696423e+03 4.90382520e+03 7.31355347e+02
 2.74379321e+03 1.40676836e+04 1.24305566e+04 3.20050527e+04
 2.14118115e+03 4.80322578e+04 1.95851166e+02 4.85081573e+02
 1.39794263e+03 1.17388291e+04 7.50924463e+03 3.02747192e+03
 2.32010107e+03 4.07722803e+03 3.33895068e+03 1.03391589e+03
 2.73059229e+03 2.73105420e+03 1.36565491e+03 5.36996582e+02
 7.25391699e+03 1.61407446e+03 2.29325879e+03 7.40408740e+03
 4.00667432e+03 1.87901770e+03 1.06232117e+03 1.66119641e+03
 6.49719805e+04 7.27418701e+02 1.89122437e+03 8.65711035e+03
 8.49486145e+02 9.34577026e+01 6.90263367e+01 4.97027466e+02
 4.72606738e+03 6.74997009e+02 3.51737524e+03 2.53382324e+02
 1.37609094e+03 1.81132690e+03 2.14064941e+03 1.38457321e+02
 2.36784473e+03 2.23909805e+04 8.66460645e+03 1.60402710e+02
 2.09012915e+03 1.54362756e+03 4.43088226e+02 2.49182266e+02
 4.90663385e+00 2.87793311e+03 4.06586328e+04 3.64944312e+03
 1.28344849e+03 7.34965186e+03 4.93767432e+03 3.10388135e+03
 2.34103662e+03 9.91521729e+02 1.05144648e+04 2.85804316e+04
 6.47372055e+01 1.65771820e+02 1.43859043e+04 1.14607674e+02
 1.91252539e+04 2.21007300e+03 3.50958214e+01 3.02300781e+04
 4.56366791e+02 5.65044385e+03 2.13182080e+03 8.75626074e+03
 2.30531567e+03 5.02193262e+03 2.64046265e+03 9.86913208e+02
 8.47300049e+02 1.75966568e+02 4.50278564e+03 9.68129822e+02
 2.14409760e+02 1.21430542e+03 2.87047607e+03 4.77513367e+02
 1.35063782e+03 4.18655742e+04 7.62614212e+01 2.15764258e+03
 1.33940537e+04 6.68355164e+02 1.05385967e+04 1.41703217e+02
 4.31058252e+03 2.43394043e+03 4.54056250e+03 4.78303789e+04
 1.81371934e+04 3.41614777e+02 1.82606091e+03 1.42533191e+03
 6.00009082e+03 7.24023926e+03 2.95464404e+03 3.04091465e+04
 1.95359326e+03 2.69869312e+03 1.77829370e+03 3.87001562e+04
 5.18775664e+04 5.34655701e+02 1.19348018e+04 4.73767883e+02
 2.47102686e+03 8.47921973e+03 1.50986328e+04 2.06854141e+04
 5.14671936e+02 1.74172241e+02 6.29915283e+03 5.37004757e+00
 1.95375156e+04 1.47227386e+02 1.13876494e+04 3.24686089e+01
 5.58820267e+01 4.01375641e+02 1.06574125e+05 6.34529785e+03
 1.02787568e+04 1.80036392e+02 3.59629648e+04 2.00163528e+02
 5.74193750e+03 6.31936328e+03 3.50970734e+02 2.07045639e+02
 5.60099243e+02 2.29536914e+03 4.51482148e+04 1.01188336e+03
 3.43407373e+03 4.80144073e+02 3.12074432e+01 1.58296807e+04
 1.82524246e+02 5.42946053e+01 1.92636368e+02 6.34268652e+03
 2.89936279e+02 3.52746289e+03 2.05731680e+04 5.12004395e+03
 3.02983094e+05 2.69112457e+02 7.66563965e+02 4.89280664e+03
 1.04948193e+03 4.29861412e+01 8.22561279e+02 1.80088464e+03
 1.31688025e+03 8.37723083e+02 2.40078087e+01 6.47654419e+02
 8.13261230e+02 8.84792676e+03 3.51181982e+03 1.05332565e+01
 2.60222559e+03 2.70052285e+04 2.96472217e+03 1.62714233e+03
 1.50742114e+03 1.24001465e+03 8.55165820e+03 2.48257422e+03
 7.31639648e+03 5.48037598e+02 6.80341016e+03 4.63469453e+04
 6.46224823e+01 2.77366138e+03 1.01038564e+04 2.05618042e+03
 3.19046655e+03 1.54039709e+03 1.92832397e+02 1.30471252e+03
 1.21662415e+03 1.01641855e+04 3.39895874e+03 3.71779688e+04
 2.53395977e+04 1.36137222e+02 3.11657471e+03 2.46664722e+03
 1.82353125e+03 2.60443298e+02 2.66297363e+04 3.52552188e+04
 2.83211445e+04 6.64403564e+02 9.51825781e+03 1.95309402e+02
 2.30021504e+04 1.25318994e+04 7.50897949e+02 4.09108203e+03
 2.09886673e+02 6.60977844e+02 1.20417393e+04 1.52857539e+04
 1.19398594e+04 3.07830505e+02 1.16653699e+03 1.74650842e+03
 1.31005035e+02 5.59494751e+02 4.14395660e+02 1.11960442e+02
 1.39040125e+03 1.24639258e+03 1.31800928e+03 3.86679883e+04
 4.25368408e+02 1.56409134e+02 5.56733337e+02 4.26345337e+02
 9.10289062e+02 7.86528870e+02 1.35513953e+03 6.62691211e+03
 2.30273755e+03 4.67310974e+02 1.71489375e+04 3.75094453e+04
 4.76556213e+02 2.51426211e+04 9.91359131e+02 8.76862717e+01
 6.29397562e+05 1.37169678e+03 5.33651250e+04 1.15522058e+03
 2.73889099e+02 1.99289453e+03 9.61963562e+02 1.07850861e+02
 1.32271846e+04 1.08723839e+02 1.56911006e+04 3.71592725e+03
 7.20864209e+03 8.55323181e+01 8.81156494e+02 3.77847144e+03
 8.60238770e+02 2.01100662e+02 6.81839844e+03 8.91066797e+03
 1.47288864e+02 5.73844287e+03 4.40473755e+02 5.96546143e+03
 1.53041865e+04 1.39088770e+03 2.42881274e+03 7.00584180e+03
 1.20381664e+05 5.69466406e+03 1.83882349e+03 1.07902657e+02
 2.82904724e+02 5.22748852e+00 2.54530354e+01 7.70389252e+01
 5.43024963e+02 2.12624329e+02 1.11392075e+02 6.08650781e+03
 2.53654727e+04 2.44932837e+03 1.25679611e+02 3.05561084e+03
 1.27749048e+03 1.69031448e+02 7.58028516e+03 3.15750059e+04
 1.35122583e+03 3.36505585e+02 2.35688522e+02 2.25251196e+03
 1.84656885e+03 2.56052490e+02 3.68298755e+03 7.75568115e+03
 1.94859058e+03 1.18614824e+04 5.72930969e+02 5.05750366e+02
 1.10972461e+04 1.13586075e+02 1.31695840e+04 3.72541089e+03
 2.06123096e+03 1.58146133e+04 6.68206543e+02 1.76860047e+05
 3.51023730e+03 1.34119385e+04 2.01226965e+03 1.66092786e+03
 7.39453796e+02 6.17547559e+03 1.46659873e+04 5.54258804e+01
 1.57533340e+04 3.20249977e+01 1.84230481e+03 1.16749385e+04
 6.28875537e+03 2.68048645e+02 1.37435734e-01 3.97272485e+03
 2.01409692e+03 8.84274023e+03 1.51752646e+04 1.77292761e+03
 3.96873413e+02 1.33335007e+02 5.32718213e+03 1.23869850e+06
 7.25599658e+03 1.65854358e+03 4.88507690e+02 7.74817656e+04
 2.41410938e+03 2.27470068e+03 2.15523926e+03 4.27669342e+02
 2.24596021e+03 1.45600571e+02 7.30358200e+01 6.69218896e+03
 9.85320984e+02 1.44332550e+02 5.05146875e+03 3.59955347e+03
 5.98168762e+02 6.66600244e+03 2.89423608e+03 2.65901147e+03
 2.92705005e+03 8.57659485e+02 3.64371979e+02 9.44768433e+02
 3.12377062e+05 4.68760107e+03 1.17538506e+02 1.55743628e+03
 2.78255322e+03 9.91565018e+01 3.63242798e+02 2.25049219e+05
 2.00976807e+03 1.03055293e+04 1.24295395e+02 3.35559912e+03
 2.52217871e+04 1.23908809e+04 8.75228613e+03 7.73652405e+02
 3.54091568e+01 1.95646797e+04 9.43095215e+03 1.82001191e+04
 8.75380005e+02 6.23973618e+01 4.09309845e+02 2.73335645e+03]
12087.548
1238698.5
