[1.75325996e+04 7.58145996e+02 2.19143994e+03 9.56016464e+01
 5.81358447e+03 3.06994385e+03 1.98099380e+02 3.89277026e+03
 3.28303633e+04 4.46862068e+01 3.27328418e+03 7.51597217e+03
 1.61633584e+04 2.57969849e+02 2.46711011e+03 1.42415344e+03
 4.78685400e+03 2.17843188e+03 5.83814307e+03 9.09047852e+03
 4.48957129e+03 2.79808350e+02 3.26163094e+05 5.63129425e+01
 6.47295715e+02 3.06222734e+04 2.11568156e+05 3.16202637e+03
 6.59552383e+01 6.27599915e+02 3.52843066e+03 3.03226465e+03
 7.20598572e+02 7.08713257e+02 2.41456328e+04 1.78978455e+03
 1.02299756e+03 2.29257056e+03 3.28641602e+02 5.12235840e+02
 2.69449854e+03 9.16178406e+02 4.23752832e+03 2.61665723e+03
 1.55738477e+03 6.03733594e+03 1.93959839e+02 1.50734912e+03
 9.36240768e+01 1.03081250e+04 2.20157520e+03 1.19692822e+03
 4.41172180e+02 1.15393203e+04 3.41863174e+01 2.88330841e+02
 2.77881372e+03 3.64380703e+04 3.70687402e+03 9.86949280e+02
 1.24177510e+04 2.53876147e+03 2.80175903e+03 7.81835205e+02
 3.09972900e+02 3.55913745e+03 2.59719543e+02 3.45867749e+03
 6.92147400e+02 8.07564453e+03 1.55310693e+03 2.34290015e+03
 2.30150293e+03 2.58996948e+02 1.43464111e+03 1.32018018e+03
 3.26960425e+03 1.22162031e+04 1.50850952e+02 1.15779766e+05
 1.96463843e+03 6.87008728e+02 1.28997888e+03 2.94865454e+03
 2.28213745e+03 2.87755188e+02 6.83456802e+01 6.56653076e+02
 1.92864026e+03 8.29671582e+03 2.18375342e+03 2.08446113e+04
 1.05507251e+03 5.07304346e+03 1.52229619e+04 3.77418701e+02
 3.31955640e+03 2.52493970e+03 4.60854004e+03 7.64108826e+02
 2.53515649e+03 2.15337427e+03 8.06914856e+02 5.71771362e+02
 2.02892236e+03 6.61334839e+02 3.99836377e+03 3.24046191e+03
 1.39850488e+03 3.30052673e+02 2.28766870e+03 1.69487578e+04
 2.00785852e+03 1.94874097e+03 3.21469995e+03 1.38122607e+03
 1.64069176e+01 8.76173145e+03 2.70833203e+03 1.21619568e+03
 8.79030859e+03 1.13047900e+04 3.05753247e+03 1.81822656e+04
 9.87898535e+03 1.10397021e+03 7.33041626e+02 1.85807770e+02
 5.58364944e+01 1.71771875e+03 3.17395532e+03 8.01468689e+02
 1.90398462e+03 1.16973145e+03 3.03682495e+03 5.37588745e+02
 2.77293262e+03 6.11281189e+02 2.17816064e+03 3.95175598e+02
 3.52880640e+03 9.44098816e+01 1.05021992e+04 3.43050928e+03
 1.61639114e+02 1.18199440e+02 3.17348053e+02 4.45774658e+03
 3.01965845e+03 1.50765479e+03 1.36534409e+02 1.93055103e+03
 1.01300775e+03 1.83667969e+03 1.24192236e+03 3.14768628e+03
 7.70564514e+02 3.97948359e+04 1.57895117e+03 1.83787048e+03
 7.65871429e+01 2.05536743e+03 1.35948151e+02 1.72330920e+03
 7.38407227e+02 1.36983704e+02 7.80170105e+02 7.33129272e+02
 4.35193359e+03 1.89671582e+04 4.55728271e+02 2.97571387e+03
 2.54348096e+03 1.01933044e+03 1.83466138e+03 4.90496307e+02
 3.84553979e+03 1.13550671e+03 9.43681641e+02 4.15235312e+04
 8.52446094e+03 3.05416382e+02 2.19041594e+05 5.83030225e+03
 2.20854233e+02 6.73469666e+02 1.65564941e+03 4.07059174e+01
 2.27389725e+02 1.46658432e+02 5.24648730e+03 4.81923859e+02
 2.91342285e+02 8.82278290e+01 1.95823865e+03 5.91306114e+01
 1.56583184e+04 2.43783691e+02 1.89077881e+02 2.66549072e+03
 1.35711377e+03 1.10019031e+03 3.95191479e+03 2.29702271e+02
 5.01921539e+02 5.26116523e+04 4.30506787e+03 1.25682690e+03
 7.57915344e+02 5.24992981e+02 6.71426331e+02 7.55600967e+01
 5.07034836e+01 3.79970532e+03 1.11587914e+02 6.17043579e+02
 1.83831287e+03 4.39472443e+02 1.71672090e+04 1.57063452e+03
 1.60515063e+03 2.49649414e+03 9.05630371e+02 2.33156113e+04
 5.05198779e+03 2.01477185e+03 1.97207031e+03 4.90119293e+02
 1.38518298e+03 8.94325684e+03 2.40686646e+03 4.27417725e+02
 9.11060303e+02 2.35392975e+02 1.12404028e+03 4.70851221e+03
 2.56779358e+02 8.04247925e+02 1.09996960e+03 1.86901746e+03
 1.27542480e+04 2.06764793e+01 1.90911987e+02 2.79055933e+03
 1.28886572e+03 5.30944482e+03 4.05264722e+03 9.77805420e+02
 2.43997900e+03 7.32886875e+04 3.16247986e+02 6.71621289e+03
 1.84548080e+02 9.51383484e+02 2.41164551e+02 2.21276703e+02
 1.09286003e+02 1.34466284e+03 1.60777783e+03 4.48046753e+02
 4.88128613e+03 9.69925171e+02 1.75768145e+04 2.41619385e+02
 3.04038269e+02 7.58289307e+02 2.28430695e+02 1.64889368e+03
 6.21418762e+02 7.08370850e+03 2.82937164e+02 5.24306055e+03
 9.20369873e+01 7.52814819e+02 2.32626611e+03 1.22308960e+03
 1.91372031e+04 8.19437439e+02 5.27622852e+03 2.41779473e+04
 8.14706787e+02 2.97097583e+03 1.73439172e+03 2.16956924e+02
 7.32279297e+02 6.42882422e+03 7.65728474e+00 2.71486719e+03
 3.40407610e+00 4.37790039e+03 3.06614414e+04 5.09819336e+02
 1.08829810e+03 2.26381421e+03 2.70153137e+02 5.30390991e+02
 2.92566772e+03 3.61661597e+03 6.63912354e+03 1.01795937e+02
 2.60877466e+03 1.03276070e+02 3.95274390e+03 1.08114521e+04
 1.72131055e+04 3.26084570e+03 6.37377747e+02 3.97374648e+04
 1.37502457e+02 6.45001953e+02 1.71418972e+01 2.71444043e+03
 3.07360864e+03 6.83774048e+02 2.44643463e+02 1.54891992e+03
 3.54062897e+02 7.79993604e+03 5.40456738e+03 2.01823105e+04
 3.09619922e+03 2.26433032e+03 1.33577686e+03 3.27782446e+03
 4.30171387e+03 6.40772095e+02 8.23347109e+04 1.40549683e+03
 7.59192188e+03 6.20314844e+03 6.08257202e+02 1.97719513e+02
 8.36751831e+02 2.04615247e+03 1.55154272e+03 3.79251392e+03
 1.31423303e+03 1.61474991e+02 1.66063945e+04 3.28623901e+02
 1.91385291e+03 1.15996277e+03 4.52106348e+03 1.96722626e+02
 2.81631641e+03 1.13294519e+03 6.98060974e+02 7.75159717e+03
 1.19568774e+03 7.46266907e+02 5.25560608e+02 5.66044062e+04
 7.40312866e+02 3.25994531e+03 5.24402197e+03 1.12170154e+03
 1.05003174e+04 9.09172791e+02 2.77922900e+03 2.66576538e+03
 6.02306836e+03 1.56390930e+02 1.72831270e+04 2.58358704e+02
 3.57994043e+03 1.45722844e+05 8.29914185e+02 1.65690674e+03
 9.80286426e+03 2.04618042e+03 3.90304907e+03 6.99890039e+03
 1.18375859e+05 2.53589404e+03 3.80700122e+03 1.57842100e+04
 1.17591453e+05 3.45611597e+03 3.58110535e+02 1.44422595e+03
 2.52870581e+03 5.01094434e+03 5.02895813e+02 1.75374603e+02
 9.35601868e+02 7.59580518e+03 1.65951294e+03 1.08575085e+03
 5.12732666e+03 4.39154720e+00 1.38713037e+04 1.18143994e+03
 4.35758362e+01 8.80280566e+03 2.11364574e+01 5.46462207e+03
 1.04699329e+03 6.73561475e+03 9.58035278e+02 4.60270172e+02
 4.66213837e+02 1.22622229e+03 3.27756805e+02 1.23817444e+03
 2.44064380e+03 2.61725317e+03 6.59943359e+03 2.39302139e+02
 1.07443810e+02 1.73440759e+03 4.21749359e+02 7.24419043e+03
 1.31285684e+04 8.16228638e+01 8.76656934e+03 9.90865784e+02
 1.70071777e+03 1.99711951e+03 6.53218457e+03 2.34713573e+01
 3.50885620e+03 9.03637085e+02 8.15324341e+02 6.57696631e+03
 1.28724255e+03 8.04499054e+01 1.08131506e+03 1.14596985e+03
 1.38738110e+03 2.96662720e+02 6.76732712e+01 7.62070215e+03
 4.62814893e+03 2.53348711e+04 9.22325928e+02 5.86084595e+02
 7.76137085e+02 8.98819824e+02 2.78397217e+03 2.95593170e+02
 2.79282300e+03 8.52492798e+02 4.68201660e+03 4.29838721e+03
 1.80421130e+03 6.40487976e+01 1.15845970e+02 9.22370020e+03
 1.56042810e+03 2.27875610e+03 8.06724487e+02 3.18210188e+05
 2.49524390e+03 1.05615234e+04 6.22521680e+03 4.53264847e+01
 1.15374377e+03 4.24496582e+02 5.58386133e+03 2.16151147e+03
 2.07324854e+03 8.94766296e+02 1.54259412e+03 9.97513199e+01
 4.91133008e+03 1.85307281e+02 1.17339832e+03 1.93223572e+03
 2.86632141e+02 3.78688086e+04 2.65471899e+03 3.12626807e+03
 1.31797864e+03 2.03206531e+03 4.19066315e+02 2.92306323e+03
 5.93007202e+02 1.79267896e+03 9.96719604e+02 6.34121765e+02
 2.85986511e+02 2.18847607e+03 2.49052979e+03 9.49411377e+02
 1.53190323e+02 2.63977759e+03 9.14096924e+02 1.45731953e+04
 1.24134607e+03 2.16681055e+03 2.47762622e+03 2.11622778e+03
 3.13860352e+02 2.96085620e+03 3.15855054e+03 5.88239685e+02
 1.03321887e+03 2.73270410e+04 1.08294482e+03 5.63626251e+01
 2.85987915e+02 6.83449365e+03 1.86828583e+02 1.16517249e+03
 8.91296875e+02 8.78007263e+02 3.13198891e+01 2.50931305e+02
 2.91168677e+03 8.31565247e+01 2.70630341e+02 1.51010120e+03
 1.02191272e+03 8.55733154e+02 4.46220801e+03 2.33686035e+04
 1.18821497e+03 1.93020740e+03 2.63128414e+01 1.41269617e+03
 1.66563583e+02 2.49828672e+04 3.73497656e+03 1.59940649e+03
 1.78536060e+03 4.17573944e+02 7.44808899e+02 4.56329785e+03
 1.68075867e+03 1.24184167e+03 3.24837921e+02 5.67273369e+01
 7.67491211e+02 1.70751074e+03 8.90172348e+01 1.37321448e+03
 5.37839160e+03 5.16725146e+03 3.00911597e+03 2.62447095e+03
 3.08529932e+03 3.28146406e+04 1.63085079e+01 1.74384857e+02
 1.24409950e+02 3.01480042e+02 3.84338794e+03 3.57623505e+02
 2.03786445e+04 1.26943396e+03 2.40702222e+03 3.76102066e+01
 1.78251709e+03 2.02346172e+04 6.41105530e+02 8.73811133e+03
 2.84808643e+03 7.32083923e+02 1.60710007e+02 2.75951874e+02
 1.12970547e+04 3.25861499e+03 2.77386182e+03 1.91592627e+03
 7.60242462e+01 4.10145660e+02 1.12646692e+03 6.11100049e+03
 2.26602783e+03 6.16992737e+02 1.61076855e+03 4.64766406e+03
 1.98645776e+03 6.75718945e+03 3.43761792e+03 6.66425635e+03
 4.60810432e+01 1.40589096e+02 4.07541626e+03 1.21654871e+03
 3.97132266e+04 1.17275505e+02 1.63896738e+04 2.41997607e+03
 1.02026768e+04 5.47832715e+03 9.71012756e+02 1.41259265e+03
 4.17741455e+02 2.84849414e+03 3.38426050e+03 1.30277100e+03
 1.69962112e+02 1.97691541e+03 3.59252954e+03 1.98641052e+02
 1.70190872e+02 2.91787659e+02 2.00488416e+03 8.38469849e+02
 1.52857773e+04 1.35554639e+04 4.32262451e+02 1.72545166e+02
 1.08434668e+04 2.59273071e+02 4.48783478e+02 1.13465393e+03
 3.82664795e+03 7.83463721e+03 1.27773811e+02 3.97433496e+03
 3.04098853e+03 2.78486450e+03 2.05735840e+03 2.29150610e+03
 4.45534219e+04 6.31941797e+03 7.32349060e+02 9.66469629e+03
 1.12363747e+02 4.00223096e+03 7.35080688e+02 1.11608391e+02
 3.63115356e+03 1.89770477e+02 5.37088525e+03 1.18313477e+03
 1.28402393e+03 1.01993042e+03 5.63717334e+03 4.38339172e+02
 1.57046985e+03 5.71186768e+03 6.15992798e+02 1.39145642e+03
 1.08743799e+03 7.96097595e+02 1.23057422e+03 4.33992334e+03
 3.33145111e+02 7.15910254e+03 1.98192871e+02 4.21366043e+01
 2.02051812e+05 2.30031689e+03 3.10727222e+03 5.16729883e+03
 5.97285461e+02 1.64527115e+02 1.34905502e+02 1.66020386e+03
 4.63000195e+03 3.36653564e+02 1.30826428e+03 2.13340234e+03
 1.73303564e+03 1.83581777e+04 1.49040552e+03 5.63763184e+02
 4.54797859e+01 3.39469062e+04 3.94484155e+03 2.97752246e+03
 1.44550964e+02 1.53890430e+03 2.33436630e+02 4.65658478e+02
 1.22206445e+03 4.82675049e+03 2.76691445e+04 4.84892139e+03
 5.13716492e+02 2.71557666e+03 4.51906769e+02 5.29768359e+03
 1.09835657e+03 3.84226416e+03 5.29418701e+03 2.03805684e+04
 3.20629311e+01 3.47555298e+02 1.12964661e+03 9.75376770e+02
 2.46270679e+03 5.51740234e+02 1.33327118e+02 7.02556836e+03
 4.31627295e+03 1.19367416e+02 2.36182812e+03 5.37791931e+02
 1.45531995e+03 2.23520166e+03 2.78613922e+02 3.35103210e+02
 2.43596484e+03 7.31506348e+02 1.31404883e+03 1.25057129e+03
 5.96168640e+02 1.09456909e+03 1.24945694e+02 4.10667969e+02
 4.55447205e+02 3.05212817e+03 5.84474243e+02 3.24939331e+03
 6.10274170e+03 4.11633636e+02 1.56694531e+03 1.45838074e+03
 1.19673853e+03 4.82445679e+02 9.05467957e+02 5.69412646e+03
 6.58246680e+03 6.30469177e+02 1.74818042e+03 1.50233606e+03
 1.64466016e+03 1.55404339e+01 4.93880707e+02 7.30515039e+03
 7.55950195e+02 2.02410793e+01 8.99596094e+03 7.39518125e+04
 4.77985791e+03 3.33692207e+01 2.86184082e+03 2.17686157e+03
 1.65584155e+03 2.93444375e+04 1.37909502e+04 1.66272351e+03
 1.69030975e+02 1.71798206e+03 2.63758228e+03 1.95213262e+04
 7.56626099e+02 1.34115112e+03 1.84977002e+03 1.43276733e+03
 2.40935449e+03 4.09297778e+03 6.09700977e+04 5.18579443e+03
 2.66695923e+02 3.09602051e+02 1.96745645e+04 3.38103600e+01
 2.18346603e+02 3.04832446e+03 3.44924103e+02 2.64590546e+02
 3.81190277e+02 1.46470496e+03 7.21603711e+03 2.10945969e+02
 2.94117090e+03 1.21356377e+02 1.29734009e+03 6.81001904e+03
 1.04320396e+02 6.53552734e+02 1.17775110e+03 4.32186890e+02
 1.44568860e+03 7.70410693e+03 1.72420566e+04 3.72445923e+02
 2.56824590e+04 9.67070007e+02 9.92321106e+02 7.53176804e+01
 6.96183838e+02 7.96924255e+02 1.31715625e+03 9.41073608e+02
 6.33259888e+02 3.74910913e+03 3.28333801e+02 1.65308777e+03
 1.87967224e+03 4.85836670e+03 1.97058496e+04 7.62803040e+02
 3.70886658e+02 3.56349453e+04 1.00913666e+03 1.48928845e+03
 1.03707324e+03 1.71874902e+03 1.27589258e+03 9.99691528e+02
 4.25230103e+02 1.31235742e+03 8.15628479e+02 1.33302793e+04
 1.07756787e+03 2.39654395e+03 1.65760293e+04 7.83007446e+02
 1.43861292e+03 1.30499792e+03 2.71041162e+03 4.83556030e+02
 1.44066809e+03 1.92104336e+04 2.85706879e+02 1.81901992e+04
 8.42298535e+03 7.11585144e+02 2.88988843e+03 1.01130295e+02
 1.78483414e+02 1.92817001e+02 1.34071748e+04 1.58751489e+03
 4.04098328e+02 1.43373914e+03 7.42382959e+03 6.69589844e+02
 4.83176904e+03 1.16128916e+04 6.76300049e+02 6.90367383e+03
 1.42417130e+02 1.67399512e+03 8.96360645e+03 9.16486426e+03
 3.20649597e+02 3.15260986e+03 1.39078296e+03 1.58062469e+02
 6.62501855e+03 8.15455200e+02 3.92257007e+03 1.50730682e+02
 6.65889893e+02 8.60756836e+02 2.16975732e+03 1.75915645e+04
 1.88047363e+03 7.37437057e+01 6.97374084e+02 2.59778168e+02
 7.99204254e+01 2.06065857e+02 2.27404980e+03 5.61172656e+03
 1.78123016e+02 5.23427551e+02 4.32186084e+03 1.10965107e+04
 6.21105859e+03 2.13431543e+04 2.72440698e+03 4.06704077e+03
 2.68960303e+03 2.56300537e+03 1.67778809e+04 2.87797583e+03
 1.75359802e+03 2.22923035e+02 1.93560822e+02 2.60626892e+02
 1.24182861e+04 4.45926208e+02 6.65881396e+03 2.81297913e+02
 3.09818574e+04 1.73368274e+03 4.80372864e+02 1.76107422e+03
 1.14222021e+03 8.58777390e+01 4.46476685e+02 1.39265454e+03
 1.05501721e+03 9.28293884e+02 1.56666229e+02 7.19015747e+02
 1.17347793e+04 3.25376514e+03 6.44044648e+04 3.64820947e+03
 6.40752227e+04 1.42891235e+03 2.07226807e+03 3.12362976e+02
 2.39715259e+03 6.95896667e+02 1.80828455e+03 7.68017761e+02
 1.68769690e+03 6.18808960e+02 1.52862048e+03 3.07383008e+03
 1.40560283e+04 1.62924670e+03 4.19053894e+02 1.54421155e+03
 3.76486725e+02 9.28826355e+02 1.81577441e+03 4.47208405e+02
 4.51206909e+02 4.63929248e+03 3.09380371e+03 1.45847327e+03
 7.29607471e+03 1.72721069e+03 6.25921777e+03 6.76616455e+03
 1.59705908e+03 3.84149146e+03 6.30891052e+02 1.27097729e+03
 1.95991621e+04 3.34742358e+03 2.95433032e+03 2.44029648e+02
 1.58980859e+03 9.15504199e+03 1.97525647e+03 1.17288945e+05
 7.02095886e+02 3.38373267e+03 1.96040576e+03 4.20879578e+02
 5.05012695e+02 1.27914355e+03 1.15355652e+03 3.00160107e+03
 1.67277328e+02 6.58519775e+02 1.20834814e+03 2.74238306e+03
 1.48873975e+03 1.73965894e+03 1.05544434e+03 2.51726880e+03
 2.08523853e+03 4.28048779e+03 2.05648413e+03 2.43240891e+02
 2.03982007e+03 4.52206177e+02 3.56981592e+03 8.22906688e+05
 3.43422803e+03 2.27837720e+03 1.16246667e+03 2.60350527e+04
 1.22220978e+02 4.91193329e+02 9.73581543e+03 4.20103455e+02
 4.99819183e+02 5.08749603e+02 1.36325330e+03 5.92163965e+03
 1.75545654e+03 2.64085907e+02 2.03598828e+03 1.59832117e+03
 1.56735635e+04 1.65699780e+03 2.05110672e+02 1.86818884e+03
 1.24873291e+03 1.19758521e+03 2.49287915e+03 2.87905731e+02
 1.70967578e+03 1.81195178e+03 1.33704570e+04 3.69640381e+02
 4.03705908e+03 5.98110962e+01 2.74982593e+03 2.98355957e+03
 7.79299011e+01 5.03358301e+03 2.54273941e+02 2.37353442e+03
 2.80279077e+03 3.77216040e+03 3.03809863e+03 7.07965918e+03
 1.09629810e+03 8.38690369e+02 6.08949585e+02 8.71767517e+02
 1.09882983e+03 4.52390594e+02 3.13151794e+02 3.56736646e+03]
6739.088
822906.7
