[2.21284434e+04 1.53586133e+03 6.29916077e+02 5.28486877e+02
 4.46115820e+03 1.22965870e+01 1.22659363e+03 7.11565796e+02
 2.59203149e+03 1.52040787e+02 1.02368662e+04 1.50343408e+03
 9.06926660e+03 7.11584167e+02 9.84870987e+01 1.31778564e+03
 5.84765918e+03 7.28956604e+02 4.32658398e+03 2.26380156e+04
 3.06964355e+03 3.54958313e+02 9.80721797e+04 4.14115448e+01
 5.78975677e+01 4.06622578e+04 8.79761719e+03 2.37234790e+03
 1.58629016e+03 1.97330032e+02 5.76664001e+02 7.27239404e+03
 3.31760254e+02 2.59420563e+02 1.24081897e+03 1.96725586e+02
 7.70500366e+02 1.10535767e+03 1.49347336e+02 3.29518280e+01
 2.53478027e+03 3.31442896e+03 1.40032593e+02 1.21442266e+04
 5.45488464e+02 7.45355652e+02 3.25924339e+01 7.06383896e+01
 6.53649597e+02 6.76232300e+02 2.18951626e+01 6.26522949e+02
 1.28487213e+02 8.60177656e+04 4.21766510e+01 2.19483081e+03
 7.72130664e+03 7.06239868e+02 5.36471680e+02 1.51652673e+03
 2.58618965e+04 5.29303369e+03 2.23711227e+02 7.39315857e+02
 3.24987030e+01 8.48428284e+02 1.47713333e+02 1.20849976e+02
 1.77696960e+03 1.68585167e+01 1.00203659e+02 1.92867639e+03
 1.11577478e+03 1.02119519e+03 8.89387939e+02 1.94838242e+02
 3.66176099e+03 5.49293799e+03 4.10516754e+02 2.96164307e+03
 2.47253265e+02 8.92505920e+02 7.22688843e+02 3.13152008e+01
 2.56110791e+03 1.63401318e+01 8.67157669e+01 9.60569916e+01
 2.81265063e+03 3.69171362e+03 5.16840759e+02 8.24877246e+03
 8.13116074e+01 3.29094336e+03 2.71969961e+04 1.29229663e+03
 3.36862622e+03 7.48769531e+02 2.78382019e+02 5.24760094e+01
 5.88244971e+03 4.47246631e+03 1.36945755e+02 1.71878870e+03
 1.54220435e+03 7.02594238e+02 1.30904736e+03 2.65038379e+03
 3.22318268e+02 1.51077896e+02 8.74442810e+02 2.88839404e+03
 2.30556168e+02 3.01052100e+03 2.68346875e+03 6.94599304e+01
 2.12978735e+03 1.44084062e+04 2.93297729e+02 3.45204854e+00
 1.43748428e+04 6.14246559e+01 1.30963525e+04 3.56378143e+02
 2.87419995e+03 6.19482971e+02 2.17188156e+02 2.70527588e+02
 1.98033545e+03 1.25427307e+03 1.74920691e+03 1.14455872e+03
 2.56036572e+03 4.80904617e+01 1.63511688e+02 6.80952225e+01
 1.12955603e+03 2.82807007e+01 6.80316699e+03 2.30480392e+02
 7.86333447e+03 5.04914246e+02 2.56764587e+02 5.49765576e+03
 1.24247632e+03 3.79676025e+02 9.68266678e+01 3.70472607e+03
 8.97003296e+02 5.03701855e+03 4.55755844e+01 8.95576538e+02
 3.04242041e+03 3.39169540e+01 1.48629248e+03 1.31305038e+02
 2.41705505e+02 4.33423594e+04 6.71688538e+01 9.06554297e+03
 7.84616406e+03 9.50482788e+01 7.26062805e+02 2.19556046e+02
 7.66862259e+01 1.78426392e+03 2.34713898e+02 6.47420410e+02
 3.62492261e+03 4.56540430e+03 1.31499451e+02 2.88382251e+03
 4.73696869e+02 2.15459976e+02 2.64592627e+03 1.32580460e+02
 1.11525467e+02 6.96366394e+02 2.39467957e+02 5.02367734e+04
 7.55213184e+03 2.33748169e+01 1.27170029e+04 8.15282959e+02
 4.45665436e+02 3.15015564e+02 2.65646851e+02 3.53728302e+02
 4.48573570e+01 1.27854968e+03 7.97445496e+02 1.69008820e+02
 5.98343445e+02 1.03961380e+02 5.05842227e+04 5.88851242e+01
 6.30559961e+03 1.99217468e+02 1.00867368e-01 5.68506738e+03
 2.26817114e+03 1.86687286e+02 3.53943970e+02 7.47844360e+02
 1.41029648e+04 1.95332012e+04 7.05678589e+02 5.31050244e+03
 9.67785358e+00 2.63914258e+03 1.18774681e+02 1.08222107e+02
 1.16158875e+03 4.12947607e+03 3.60913672e+03 6.50103989e+01
 2.24449072e+03 5.33044701e+01 8.33334290e+02 1.89230061e+01
 3.99966095e+02 7.02749634e+02 8.39375427e+02 3.12450684e+03
 1.43029724e+02 1.69489709e+03 5.60231384e+02 5.82686195e+01
 2.83642426e+02 4.80704375e+04 1.95159290e+03 8.33831940e+01
 5.27074341e+02 7.78479004e+02 6.96577393e+02 5.86131152e+03
 1.62151070e+01 5.44566772e+02 8.50866028e+02 4.53923492e+02
 6.90506897e+02 7.67705017e+02 7.74995459e+03 2.15612939e+03
 6.55227478e+02 3.87031250e+02 5.47692749e+02 1.35052963e+02
 7.79260712e+01 7.85946973e+03 7.73651810e+01 2.97049194e+02
 5.46188660e+01 6.98254333e+02 1.14992981e+03 2.99776936e+00
 7.37385315e+02 3.92862701e+01 3.08045563e+02 2.64453711e+03
 8.80875488e+03 4.92668266e+01 3.87665547e+04 9.83562866e+02
 5.14433777e+02 7.69355652e+02 7.15091553e+01 1.20753809e+04
 7.99461899e+01 6.76767761e+02 3.39295441e+02 2.67206836e+04
 1.89380981e+02 3.37211029e+02 1.41537610e+03 3.10683032e+03
 3.22865259e+03 9.57211914e+03 1.03989288e+02 5.24152969e+04
 7.62874222e+01 1.91771057e+03 2.62654400e+01 2.93343323e+02
 3.16423817e+01 4.21085114e+02 1.80237585e+03 5.64006653e+02
 1.12959389e+02 3.54749634e+03 3.25194312e+03 8.73311951e+02
 2.76040771e+02 1.15848608e+03 1.11307983e+02 2.05874939e+01
 2.36089062e+03 5.63232227e+03 9.06139160e+03 3.08933105e+01
 7.64420166e+01 1.73796959e+01 5.29630664e+03 4.20684717e+03
 6.53881042e+02 1.40883453e+05 1.73068066e+01 3.44533691e+02
 2.02214429e+03 1.06275549e+03 4.91725502e+01 1.92227879e+01
 2.78888794e+03 1.56716675e+03 1.80206360e+02 3.18962061e+03
 1.19376282e+03 4.97808990e+02 1.85641998e+02 1.84352129e+04
 2.17891992e+03 1.70074036e+02 1.52550757e+03 5.14720642e+02
 8.02424707e+03 6.47685852e+01 9.02138477e+03 8.67827271e+02
 3.61740430e+03 5.77779248e+03 2.62818085e+02 3.77467560e+02
 3.14043140e+01 5.87559738e+01 1.79719330e+02 6.13048340e+03
 1.31970566e+02 3.09328369e+02 3.29619702e+03 6.61504517e+02
 1.02828503e+03 2.94085767e+03 1.44649973e+01 7.65632959e+03
 2.40055103e+03 6.63012848e+01 6.78118958e+02 4.67893896e+03
 1.65679336e+04 6.49096924e+02 4.90615570e+02 2.05078633e+04
 3.54210129e+01 4.30417603e+02 4.25720406e+00 5.76382713e+01
 5.45126404e+02 4.98295703e+03 6.75587158e+02 2.58782471e+03
 3.66052393e+03 1.57158672e+04 6.77167847e+02 6.87008095e+00
 3.49593213e+03 2.53769648e+04 2.33676071e+02 5.30267601e+01
 1.28372648e+05 4.85373077e+02 7.28151733e+02 7.13009326e+03
 3.60356211e+04 2.41011322e+02 1.37405981e+03 7.99823181e+02
 2.24673315e+03 4.14483252e+03 7.59522552e+01 3.97511177e+01
 4.42224414e+03 9.23132227e+03 2.00567517e+03 8.01839828e+01
 1.91611938e+03 6.94521027e+01 4.96514587e+02 2.50544312e+02
 1.18717700e+03 2.27456665e+01 1.88981689e+03 2.23794880e+01
 5.57289648e+03 1.95974561e+03 7.47652664e+01 2.83339502e+03
 8.20270752e+02 6.97483154e+03 2.52305908e+02 5.86254102e+04
 1.19403534e+02 2.94799786e+01 3.14839600e+02 3.16158466e+01
 7.04709473e+02 5.57237500e+03 6.42615967e+01 5.38026978e+02
 8.14292969e+04 1.22535938e+03 7.05048218e+02 6.29050195e+03
 1.05551491e+02 1.30446274e+02 2.37123608e+03 2.99282446e+03
 2.18590240e+02 5.51357422e+03 3.45710913e+03 7.80535126e+01
 1.19665459e+04 1.67515173e+03 8.89762211e+00 2.24340015e+03
 1.20701306e+03 5.79092445e+01 4.16996191e+03 4.32563362e+01
 2.73914509e+01 8.39122391e+01 3.52969780e+01 1.83747894e+02
 3.94955048e+02 3.16776929e+03 1.68040752e+01 8.23966736e+02
 1.50464685e+03 2.51156567e+03 6.99782166e+02 4.00147339e+03
 5.05869843e+02 9.69364685e+02 2.03491943e+03 2.88665088e+03
 8.04767609e+01 1.11970894e+02 1.13142529e+01 9.82866394e+02
 5.22024193e+01 5.48946152e+01 4.61393814e+01 6.28719312e+05
 2.04748363e+01 2.39703711e+03 3.69814771e+03 4.88291321e+01
 4.36267281e+00 3.98730615e+03 2.16605371e+04 1.70879868e+02
 1.07201685e+03 6.97790985e+01 1.32980542e+03 1.06245581e+03
 3.99907690e+03 1.92889725e+02 5.80764709e+02 4.81405273e+02
 1.38497124e+01 3.53619375e+04 5.62386719e+03 7.91584473e+02
 1.51450403e+03 6.66984033e+03 3.33141266e+02 1.28987781e+03
 1.23538277e+02 2.23067764e+02 8.05340942e+02 5.76915779e+01
 3.23666962e+02 3.53590912e+02 4.04935684e+01 4.19284088e+02
 2.49177051e+03 3.73580902e+02 6.54429703e+01 1.82378882e+03
 2.49046356e+02 1.81399402e+03 2.14275101e+02 1.70455608e+01
 7.10832977e+01 3.87271240e+02 2.38365039e+03 6.23635864e+01
 4.62115967e+02 3.91951328e+04 5.93823303e+02 1.17808540e+02
 5.45270462e+01 5.14598389e+02 1.62212292e+03 4.17302856e+02
 4.66226692e+01 3.76115820e+03 8.28261047e+02 6.56097900e+03
 7.04993530e+02 3.52941467e+02 1.43457079e+01 3.77179736e+03
 9.61405334e+01 1.91885117e+02 1.46932800e+03 8.13085571e+02
 5.31031433e+02 2.83765918e+03 7.64683057e+03 1.38028394e+03
 2.37546777e+03 1.04725250e+05 3.70994293e+02 1.80062042e+02
 1.95945813e+03 1.10091972e+02 5.87925232e+02 6.61359253e+01
 5.67697998e+02 1.44764648e+03 3.66929688e+02 1.86764771e+02
 4.71363922e+02 5.14690771e+03 2.09782772e+01 8.63143616e+02
 6.40768127e+02 1.46272988e+04 1.05475559e+01 8.83245605e+03
 1.57077466e+03 3.51447656e+04 2.96806870e+01 2.25283081e+03
 9.49236069e+01 9.55354385e+01 2.57348022e+03 1.47576569e+02
 1.45192200e+03 1.05331140e+03 9.81426468e+01 3.30031403e+02
 1.60387207e+02 2.10242422e+04 4.07572845e+02 8.39061890e+02
 6.57202881e+02 4.51109772e+02 3.69820129e+02 3.79728851e+02
 9.01323364e+02 2.23855530e+02 1.94853668e+02 2.67712256e+03
 1.85507019e+03 6.84694458e+02 7.09435959e+01 2.76134937e+03
 2.04988831e+02 7.76749939e+02 6.61679810e+02 5.05270215e+03
 2.77321509e+03 5.37135773e+01 7.28484583e+00 1.12061987e+03
 1.54684280e+02 7.83549988e+02 5.74095361e+03 3.81671509e+02
 1.47714248e+04 3.66643341e+02 7.35488220e+02 8.01877808e+02
 2.13662500e+03 3.93561157e+02 2.36936539e+02 5.05228711e+03
 2.88869019e+02 1.60370499e+02 8.73350586e+03 3.45834839e+02
 1.16846228e+03 4.29290186e+03 1.29902461e+04 4.76894531e+03
 6.54671764e+00 1.51348312e+02 5.17907471e+02 9.07471313e+02
 1.45092930e+04 4.64665527e+01 2.67801910e+02 2.76676605e+02
 4.11195166e+03 1.27391647e+02 1.17491675e+03 1.89504868e+02
 1.05632866e+02 5.17676147e+02 8.14548798e+01 8.90737915e+02
 9.76730835e+02 3.34524841e+02 2.12124707e+03 3.24076050e+02
 1.02571768e+04 9.61992737e+02 9.50967346e+02 2.65080713e+03
 7.94248505e+01 6.29908643e+03 7.81836624e+01 4.47322357e+02
 3.89782446e+03 2.76552441e+03 4.74084625e+02 1.42330338e+02
 5.30734634e+01 2.25726562e+03 3.39711952e+01 8.59151367e+02
 3.51707642e+03 1.36622278e+03 2.78881055e+03 1.34441652e+01
 2.01748016e+02 6.63611023e+02 3.07252075e+03 3.60208164e+04
 1.92454895e+03 6.67156836e+03 3.91467237e+00 5.00289856e+02
 6.71063770e+03 1.04301239e+02 9.70798279e+02 7.63641541e+02
 1.72610283e+01 1.42695325e+03 1.50070053e+02 1.18003113e+03
 3.29230249e+03 2.77234802e+02 3.73395233e+01 4.41982568e+03
 1.76128723e+03 2.51827368e+03 1.84993988e+02 1.80671860e+02
 2.49313379e+03 2.24148755e+03 1.24388145e+04 8.62358398e+02
 1.60485889e+03 3.16929138e+02 7.65841370e+01 1.89674911e+02
 3.17549780e+03 3.06516250e+04 3.57804336e+04 2.33519653e+03
 1.16759106e+03 8.31757874e+02 3.33852124e+03 1.52351348e+04
 2.64091797e+02 1.27747070e+02 5.38204956e+02 7.23410254e+03
 3.50024353e+02 1.49333372e+01 1.07297522e+03 5.76711693e+01
 7.01204688e+03 6.77274246e+01 3.04250946e+01 5.06544180e+04
 3.63711212e+02 1.11954277e+04 3.49417651e+03 4.55029736e+03
 1.16308395e+02 3.73472778e+02 5.81460495e+01 1.85370020e+03
 1.21792273e+03 1.92320642e+03 1.53547986e+03 5.45991760e+02
 1.60551376e+02 3.19937891e+03 1.48375809e+00 3.23017914e+02
 2.35030713e+03 3.10050342e+03 2.78010101e+02 6.92854065e+02
 5.16043896e+03 1.35418250e+03 4.65288277e+01 2.66741364e+02
 1.59015410e+04 6.67892090e+03 3.88578339e+02 3.52916445e+04
 9.77862122e+02 2.31446934e+01 3.74915161e+01 5.99890327e+01
 3.69337006e+01 2.14282578e+02 3.64571869e+02 1.16597939e+04
 3.69201324e+02 9.55293701e+02 1.40774384e+02 1.14112256e+03
 1.56738416e+03 3.95725586e+02 4.06836987e+03 6.52712769e+02
 3.80795135e+02 2.95201289e+04 8.28591248e+02 2.39337378e+03
 2.08079636e+02 1.19075752e+02 4.02467285e+02 8.32933008e+03
 2.47485864e+03 2.51972687e+02 1.13916992e+03 1.21353477e+02
 5.49404346e+03 1.42239777e+02 4.88031885e+03 6.05241846e+03
 1.02728967e+03 7.97363892e+02 1.87613770e+04 2.72016309e+03
 2.81200098e+03 8.02957581e+02 3.60913467e+01 5.14876831e+02
 1.07079956e+03 4.76660352e+03 3.65079199e+03 5.30833679e+02
 8.20358032e+02 9.82118034e+00 1.12007275e+03 1.62488842e+01
 1.56284088e+02 2.79450340e+01 3.44362476e+03 6.82803040e+02
 1.08415271e+03 2.97252998e+01 1.59413965e+04 2.34244922e+03
 1.34520039e+04 1.67050684e+03 6.14930762e+03 6.30882263e+02
 1.71935749e+00 1.79020850e+03 2.56687241e+01 7.69042206e+01
 4.75775146e+02 3.71504565e+03 7.92703613e+03 5.96526062e+02
 1.87198959e+02 1.01306616e+03 3.10703735e+03 1.30340500e+02
 2.08651294e+03 2.54582324e+04 2.03226517e+02 6.68510254e+03
 5.72794418e+01 2.54572900e+03 1.03823523e+03 3.40749084e+02
 9.05012109e+03 4.26457306e+02 4.34550635e+03 1.27860996e+04
 1.73335840e+03 2.45853378e+02 4.97828430e+02 1.66107385e+03
 7.69953809e+03 6.82436963e+03 9.13250183e+02 8.67992401e+01
 2.01154770e+02 1.75049414e+03 4.19430275e+01 1.60561504e+04
 6.48352539e+03 1.41385901e+03 4.82707422e+03 5.38497066e+00
 1.97243988e+02 9.17618164e+02 1.86818711e+04 2.36406030e+03
 2.72641571e+02 7.17195129e+02 9.99673828e+03 4.75009651e+01
 1.62435095e+03 5.07389258e+03 3.10711426e+02 1.70400061e+03
 1.53079880e+02 1.07978905e+02 9.97728906e+03 1.92785645e+04
 4.77984528e+02 4.16433075e+02 1.22874193e+01 5.09194450e+01
 1.18836104e+04 2.27377579e+02 7.70155579e+02 4.03793365e+02
 3.30675392e+01 8.37374268e+02 1.53807678e+03 4.43995020e+03
 2.46342667e+02 7.16539001e+01 2.65614844e+03 8.31979599e+01
 1.87349438e+03 1.00526192e+02 3.76639618e+02 1.85462939e+03
 5.29996240e+03 2.29646820e+02 2.43085022e+02 1.78745352e+04
 2.04502454e+03 6.49839355e+02 1.90294702e+03 1.83859833e+02
 4.12845612e+02 3.88803638e+03 5.57906677e+02 4.78910303e+03
 3.05844458e+03 5.71717041e+03 3.69018738e+02 2.94342041e+02
 7.64169464e+01 3.59164581e+01 1.05520166e+03 2.31470398e+02
 3.26814355e+03 1.37742243e+01 1.42364453e+03 1.73460864e+03
 2.04806198e+02 1.86173370e+02 3.95787476e+02 4.39506927e+02
 2.00999802e+02 2.10628174e+02 1.70720482e+01 8.80577332e+02
 1.24563438e+04 2.87122339e+03 4.66536572e+03 2.02765117e+04
 1.25213547e+05 2.40271378e+01 4.60976887e+00 7.59186768e+02
 2.34355209e+02 3.92146820e+02 4.22419495e+02 3.72718628e+03
 2.17218384e+02 1.08920479e+01 3.06472351e+02 4.64274994e+02
 6.36723340e+03 3.62551758e+02 6.83186462e+02 6.58705933e+02
 9.15243835e+01 9.32802979e+02 9.47365379e+00 7.79115039e+03
 6.50171204e+01 6.28748230e+02 1.47634995e+02 5.58168994e+03
 6.62661072e+02 7.85593018e+02 2.58207397e+03 2.46349487e+01
 2.94375732e+03 6.11517883e+02 1.17314111e+03 5.97075653e+01
 6.38752539e+03 3.74533020e+02 3.80272656e+03 9.99519897e+02
 3.92553009e+02 2.39448218e+03 1.68380969e+03 3.63493481e+03
 8.10618286e+02 3.07564624e+03 2.89300977e+03 4.25951729e+01
 1.64509918e+02 4.79039612e+01 5.51150574e+02 7.70612183e+02
 7.47840958e+01 6.06834778e+02 5.88881104e+02 1.31393829e+02
 3.53173022e+03 9.78265869e+02 1.37188385e+02 3.82661072e+02
 2.99278247e+03 1.06685293e+04 6.93215759e+02 4.23620575e+02
 2.37269592e+02 2.13981494e+03 7.18797791e+02 9.68512031e+04
 2.54468506e+03 1.98719559e+01 1.12737915e+03 3.09773809e+04
 8.53370743e+01 1.23057451e+01 2.06899277e+04 1.05828101e+03
 4.32065811e+01 6.50063782e+02 1.49974829e+03 2.35400146e+02
 1.14493047e+04 1.14988503e+02 2.10546387e+03 1.88512415e+03
 8.18709424e+03 1.55840491e+03 1.23481483e+02 2.53563281e+03
 5.77761597e+02 2.40868729e+02 2.39219971e+02 1.93988876e+02
 1.16095648e+05 2.39485962e+02 9.07436328e+03 4.91542877e+02
 1.14209521e+03 2.54039431e+00 1.65463470e+02 2.09720547e+05
 1.01726105e+02 3.07345483e+03 2.33758972e+02 7.15624854e+03
 5.42621338e+02 6.87368359e+03 3.95821350e+02 8.46287292e+02
 3.80382874e+02 1.97432556e+02 3.51084808e+02 5.70449768e+02
 2.98628357e+02 7.02626038e+02 1.25258100e+00 3.50690259e+03]
4746.835
628719.3
