[1.29266345e+03 2.01418457e+02 2.78812531e+02 7.19671204e+02
 6.29924072e+03 3.57222168e+02 8.82011780e+02 1.06581764e+02
 1.55923828e+03 3.32101105e+02 1.75604443e+03 3.67904810e+03
 6.27885071e+02 3.82384766e+02 1.89317719e+02 1.18765100e+03
 2.85889923e+02 2.88425201e+02 3.78242725e+03 2.00666235e+03
 3.63367859e+02 5.21793945e+02 2.82220098e+04 8.16762268e+02
 3.40276428e+02 2.73169141e+03 3.49369873e+03 1.38203659e+02
 4.18664917e+02 1.76255066e+02 5.99065674e+02 3.62137329e+02
 2.73673096e+03 1.20625684e+03 1.09628654e+02 1.33056274e+03
 2.01917877e+02 1.47432280e+01 3.54367371e+02 2.40787239e+01
 9.56747168e+03 3.66705597e+02 1.63967236e+03 7.39232727e+02
 1.51606738e+03 3.21247833e+02 2.37084763e+02 3.09195461e+01
 4.31377594e+02 4.10800018e+02 1.77290173e+01 6.14844818e+01
 4.44560547e+01 4.84303809e+03 4.23705101e+01 1.34379864e+01
 3.24845062e+02 8.66396637e+01 5.05631348e+02 4.01678925e+01
 1.01929187e+03 9.78528748e+01 2.00232864e+02 1.60206726e+02
 4.00100327e+01 2.28188568e+02 4.55739807e+02 5.36743279e+01
 2.26008850e+02 6.92524658e+03 2.09971962e+01 4.15346161e+02
 4.46603851e+02 2.14554718e+02 4.88173096e+02 2.93211365e+02
 2.63815948e+02 4.91162300e+01 1.18181477e+01 3.58566133e+04
 1.64256775e+02 2.63203552e+02 1.36677275e+01 2.13282272e+02
 2.24764587e+02 4.50691452e+01 1.94517960e+02 5.08099480e+01
 2.81596069e+03 2.79670093e+03 3.54720044e+00 1.50326953e+04
 7.38668251e+00 4.48980835e+02 6.06861475e+03 2.89710236e+02
 1.57587585e+03 2.63233124e+02 3.68200745e+02 5.20872269e+01
 2.55212793e+03 4.59862610e+02 3.75397980e+02 5.97257233e+01
 3.11867767e+02 2.17420959e+02 6.32253685e+01 2.77969360e+02
 2.38681763e+02 3.52577896e+01 1.69448273e+02 5.74612122e+02
 1.89325211e+02 1.19273730e+03 4.42488379e+03 3.14746704e+01
 1.85057510e+02 1.47839453e+03 4.24291901e+02 2.20602589e+01
 4.11878510e+02 1.10521057e+03 6.05897278e+02 1.68670469e+04
 3.41132172e+02 4.41797400e+00 3.24703522e+02 1.92579361e+02
 5.51234253e+02 2.58190674e+02 3.52796936e+00 9.71756973e+01
 1.96561600e+02 2.46784821e+01 1.95308884e+02 4.82305861e+00
 7.27973755e+02 5.08108482e+01 2.69095276e+02 3.11211639e+02
 3.22776343e+03 9.54924988e+02 2.20588242e+02 1.78851196e+02
 7.46089233e+02 2.71564255e+01 3.13355465e+01 6.51167419e+02
 7.06267920e+03 6.80538818e+02 4.49201536e+00 2.56004822e+02
 1.89861679e+02 2.17878784e+02 5.19827652e+01 2.70558075e+02
 1.87181519e+02 1.49761445e+04 7.00139856e+00 1.48937256e+04
 4.08288452e+02 5.21272430e+01 3.75372009e+01 2.70860596e+01
 3.55606720e+02 1.73303696e+02 2.81367554e+02 1.09898087e+02
 1.72402618e+02 3.28005298e+03 2.08941727e+01 4.65971405e+02
 3.89755798e+02 3.17185913e+02 2.94316772e+02 2.32945602e+02
 1.00321167e+02 1.97066479e+01 1.04816261e+02 3.40062195e+02
 1.15857751e+03 1.47010832e+01 5.13731689e+03 1.96224762e+02
 3.83291718e+02 1.34780884e+02 6.43177795e+01 2.04598495e+02
 3.30962860e+02 1.87177444e+02 2.50921265e+03 9.16168213e+00
 2.61813259e+01 2.40701202e+02 9.59629333e+02 3.13654099e+01
 1.42939563e+03 1.17238550e+01 3.52433319e+02 1.15048141e+01
 4.02323059e+02 4.89461853e+02 4.07424316e+02 4.52767715e+01
 1.57065381e+03 3.24226538e+03 2.24847931e+02 2.04551544e+02
 1.99184708e+02 1.61090260e+01 2.08960373e+02 1.48907104e+02
 1.20039478e+03 2.55726831e+03 3.45373932e+02 6.27044868e+01
 6.71375122e+01 1.51154633e+02 5.01903290e+02 2.44794102e+01
 1.34001102e+01 1.95691772e+02 1.38572662e+02 4.58242432e+03
 3.60597870e+02 2.72506775e+02 2.02499237e+02 4.30629845e+01
 4.78735870e+02 1.09960706e+03 7.34923767e+02 5.27836456e+01
 2.71145233e+02 7.60537170e+02 1.72439453e+02 2.24627609e+02
 3.31206909e+02 5.96969795e+01 2.17283493e+02 2.11189289e+01
 3.29261108e+02 1.21702564e+00 4.91321625e+02 2.75874561e+03
 4.83863487e+01 2.43364456e+02 2.33629639e+02 3.11737671e+02
 2.49334137e+02 3.59102637e+03 2.67623016e+02 2.10719629e+03
 2.52481174e+01 1.03812939e+03 2.02090973e+02 2.87119446e+02
 2.73763763e+02 1.64742947e+01 1.83206833e+02 2.04591660e+02
 1.05532043e+03 1.25178833e+03 1.36557825e+03 2.25114746e+02
 3.76435204e+01 1.64857819e+02 2.18704758e+02 2.67740448e+02
 6.43744690e+02 8.88643799e+01 3.20923066e+00 9.68799316e+02
 3.86160889e+01 1.73357361e+02 1.75271406e+04 5.45933899e+02
 1.62045264e+03 9.51769897e+02 3.09655365e+02 3.69916479e+03
 2.08964310e+02 5.96728821e+02 4.45677643e+01 1.64018982e+02
 5.84539490e+01 2.17804016e+02 2.14726733e+03 4.88804169e+02
 1.24264898e+01 4.53302307e+02 5.24405127e+03 1.22020256e+02
 4.71314301e+02 6.89894836e+02 2.46499519e+01 7.57825232e+00
 8.93821526e+00 4.91240820e+03 6.30282410e+02 3.15443096e+01
 1.48061935e+02 5.93486786e+01 4.45965869e+03 7.00347107e+02
 3.93588593e+02 6.98152686e+03 2.57409525e+00 6.99431641e+02
 1.64605774e+02 5.13106728e+01 3.38949966e+01 4.17104797e+02
 1.07472876e+03 5.75409424e+02 8.73073292e+00 3.20940887e+02
 2.00877304e+02 6.75761035e+03 3.50350403e+02 1.10804724e+03
 2.31595428e+02 4.55052582e+02 3.65259827e+02 3.58494476e+02
 7.11912003e+01 1.34193542e+02 1.45090723e+03 1.64146061e+01
 4.45893213e+03 4.14009375e+03 1.91644882e+02 2.38177490e+01
 2.53750534e+01 1.52248352e+02 4.03050690e+02 1.62789413e+02
 2.49914227e+01 2.10624008e+01 7.03495410e+03 7.20561279e+02
 2.33508453e+02 2.82076660e+03 1.71776382e+02 1.81917099e+02
 2.59504974e+02 5.16697884e+01 3.41953239e+01 3.88083076e+01
 6.48064941e+02 1.27363472e+01 4.84734192e+02 2.37918872e+03
 1.99265915e+02 1.12733971e+02 4.51541473e+02 5.07171936e+01
 6.27378479e+02 2.59088013e+02 6.31642570e+01 7.98455582e+01
 9.09039307e+01 3.61815283e+03 7.13367859e+02 2.27993774e+02
 5.58205261e+02 2.26885449e+03 8.38768127e+02 4.40027069e+02
 2.68678979e+03 6.47541687e+02 2.97916504e+03 3.78806641e+03
 4.29365039e+03 2.34975739e+01 2.26523300e+02 8.12281738e+02
 5.42192383e+02 2.10769751e+03 3.99532738e+01 1.41737274e+02
 3.39690161e+03 5.95664917e+02 2.29039043e+04 3.40727875e+02
 4.28510132e+01 2.87344653e+03 1.20394112e+02 2.13646149e+02
 2.21261902e+02 2.28972794e+02 1.34299707e+03 2.47674122e+01
 4.37752724e+00 3.37109253e+02 4.61455597e+02 6.66782837e+02
 1.54806931e+02 7.07863464e+02 1.51202286e+02 2.21409570e+03
 2.46876083e+02 2.64492676e+02 1.98350506e+01 1.12155319e+02
 2.92506982e+03 2.18766800e+02 1.76829407e+02 2.04937088e+02
 2.49900719e+05 1.89482712e+02 2.38987274e+02 1.99450546e+02
 3.92243896e+03 1.39108459e+02 7.55255798e+02 3.86029907e+03
 4.32543610e+02 9.18387756e+01 5.44094910e+02 9.87910156e+01
 9.04799988e+02 1.55730774e+02 4.59270515e+01 4.55348724e+02
 2.00155441e+02 2.09855301e+02 2.22905444e+03 4.10603371e+01
 2.50366287e+02 2.63236908e+02 4.08522034e+01 2.15460474e+03
 2.72662292e+02 1.41222729e+03 1.55543106e+02 2.57664551e+02
 2.22952011e+02 1.67951447e+02 1.43922485e+02 7.22774506e+01
 4.13517975e+02 1.78751694e+02 1.58026566e+02 3.84251434e+02
 4.43152954e+02 4.16446075e+01 2.71181927e+01 9.36442383e+02
 1.61287665e+00 2.08523413e+03 3.81189636e+02 9.91502656e+04
 1.77564255e+02 9.74279602e+02 8.80578125e+02 2.67499786e+02
 1.12323513e+01 2.44482254e+02 7.11935303e+02 2.18471661e+01
 1.89283234e+02 1.99027496e+02 5.47252502e+01 4.69422569e+01
 6.00600098e+02 3.97872009e+02 4.12379913e+02 3.95188408e+01
 7.97014570e+00 2.19894580e+03 2.27666919e+03 3.31893494e+02
 1.91936905e+02 3.03709595e+02 1.11730064e+02 3.95645972e+03
 3.11350269e+01 6.19757996e+01 6.66469193e+01 2.58234497e+02
 2.87723999e+02 2.30484955e+02 1.47801010e+02 1.32927417e+03
 1.87866638e+02 1.29448257e+02 5.69593468e+01 1.59122498e+03
 1.08618370e+02 4.68837090e+01 1.36198938e+03 1.78204211e+03
 3.93662491e+01 2.27946548e+02 3.47119873e+02 4.38787598e+02
 1.12653032e-01 3.67147363e+03 2.43428085e+02 2.85343170e+02
 1.43146067e+01 4.54143585e+02 1.15050285e+02 2.20955715e+01
 3.88934860e+01 3.90907043e+02 8.67311554e+01 4.68982666e+02
 1.92418304e+02 9.57551117e+01 3.72039413e+01 2.06237381e+02
 2.51832932e+02 3.11996796e+02 3.55612579e+02 5.43326904e+03
 5.55153809e+02 2.77284718e+00 4.89596786e+01 1.24223686e+02
 1.59576996e+02 2.05771729e+03 7.93905106e+01 9.32562866e+02
 8.45555359e+02 3.93466263e+01 1.24429390e+02 2.61813184e+03
 7.04623413e+02 5.35070086e+00 4.66646851e+02 3.95106926e+01
 2.06709538e+01 2.48747864e+02 3.77293060e+02 1.06382874e+03
 3.44148096e+03 1.80268774e+03 1.22176771e+01 4.06237213e+02
 3.91944000e+02 3.78198560e+03 2.04220152e+00 1.58143860e+02
 4.24670601e+01 1.78363968e+02 2.68006567e+03 1.32147629e+02
 5.61502930e+02 2.73815689e+01 1.87199982e+02 8.49094162e+01
 5.42093277e+01 1.23671826e+03 2.61192560e-01 4.99661896e+02
 3.47648224e+02 6.89676147e+02 2.67503147e+01 1.63006287e+02
 4.24869751e+02 3.99735138e+02 1.05627576e+03 2.01587860e+02
 3.15788898e+01 8.50789124e+02 2.64641457e+01 9.33635071e+02
 3.75838013e+02 5.48587952e+01 1.57442627e+02 2.96205841e+02
 1.54479041e+03 6.96662903e+02 1.46393091e+03 4.08638306e+02
 1.54123367e+02 3.67916382e+02 4.82617725e+03 2.04619236e+01
 2.68008081e+03 7.77568130e+01 8.44170837e+02 4.93557404e+02
 1.28971649e+02 2.77609297e+04 1.43869949e+02 3.66097565e+02
 1.44404077e+03 4.29450775e+02 1.87321823e+02 1.39374109e+03
 2.27465234e+03 1.58218338e+02 3.65407928e+02 1.48070825e+03
 1.71186471e+00 2.25198193e+01 5.68144897e+02 1.90653744e+01
 3.36381079e+03 1.45102615e+02 3.89975700e+01 8.22672577e+01
 3.66426819e+02 4.21023315e+02 1.74910477e+02 1.27209793e+02
 3.88681458e+02 3.60833301e+03 6.64056320e+01 1.74779388e+02
 2.63630127e+03 3.12280518e+03 1.45175781e+02 3.96204834e+02
 1.18039270e+03 5.21536816e+03 5.19876404e+02 5.44114990e+02
 1.69421902e+01 6.71693192e+01 1.14948059e+03 1.17679548e+00
 1.72423816e+03 3.22361743e+03 3.19164703e+02 4.47547264e+01
 6.09078064e+01 3.69550415e+02 5.68321106e+02 1.07164249e+01
 1.05192749e+03 2.67316132e+02 1.45222214e+02 2.40307571e+02
 1.67383774e+02 3.01759262e+01 5.02560730e+02 7.90550049e+02
 1.83374588e+02 8.08177124e+02 1.91572983e+02 1.95444214e+02
 9.66907422e+03 1.75997833e+02 1.94594681e+02 5.48319702e+02
 1.91474781e+01 2.63041962e+02 2.19062061e+01 2.45891586e+02
 3.73532928e+02 5.63159119e+02 3.55704437e+02 2.87360199e+02
 1.20478528e+03 5.15386536e+02 3.17032745e+02 3.58623810e+01
 5.37397575e+00 1.83037292e+03 5.01130867e+01 1.19093304e+01
 1.90549881e+02 7.16645956e+00 2.54387302e+01 5.72563904e+02
 2.67254761e+02 1.10774023e+04 1.46875547e+04 3.08890228e+02
 2.89836845e+01 3.29751038e+02 3.81345972e+03 9.16899414e+03
 3.94331245e+01 1.50620438e+02 8.02783737e+01 6.62500916e+02
 1.86028427e+02 1.90615860e+02 1.54177905e+03 1.29238266e+02
 4.56927979e+02 2.41459217e+01 4.16518250e+02 1.24643970e+03
 2.33215012e+02 2.37590790e+02 4.56264111e+03 5.89229065e+02
 2.82227509e+02 3.00956635e+02 4.24175797e+01 3.28111625e+00
 3.02290381e+03 2.08969193e+01 2.19923355e+02 7.78187378e+02
 4.32723465e+01 1.50201248e+02 2.45454330e+01 4.71861954e+01
 2.02096415e+00 2.06491882e+02 5.12700844e+00 6.55930176e+01
 5.81861023e+02 1.80385391e+02 4.17308960e+02 1.60914078e+02
 1.02506824e+03 8.44975684e+03 1.39113928e+03 1.85209216e+03
 4.79611603e+02 2.76695557e+02 2.11901840e+02 3.17668823e+02
 4.94578796e+02 3.20059180e+00 2.03162689e+02 3.39789490e+02
 6.13639526e+01 1.79153824e+02 1.77403702e+02 2.10899146e+03
 3.06254224e+03 4.92798737e+02 4.46736719e+03 1.37085983e+02
 4.35308380e+02 7.86907166e+02 6.74493958e+02 1.87441559e+02
 1.45159998e+01 3.15409546e+01 4.33619904e+02 4.84765839e+02
 1.18247334e+04 1.20421043e+02 4.20839294e+02 1.26908020e+02
 3.55888123e+02 5.10967957e+02 5.39727734e+03 2.23765625e+02
 8.54231567e+01 3.07518806e+01 9.05520447e+02 6.33855896e+02
 2.03856934e+02 7.54289612e+02 2.88315125e+01 2.48665909e+02
 4.06937408e+00 3.62150764e+01 9.22754883e+03 5.27633972e+01
 2.45859961e+03 3.81010056e+01 2.51926208e+02 5.71901123e+02
 6.67738037e+02 3.91167946e+01 2.95723724e+02 5.46391724e+02
 1.97527130e+02 1.19876855e+03 5.75237549e+02 2.37373730e+03
 4.04204761e+03 3.23944183e+02 2.08713028e+02 2.20084724e+01
 4.58604523e+02 1.25807495e+03 2.05185867e+02 1.92474182e+02
 1.28709564e+02 1.69937427e+03 8.42953674e+02 7.81951065e+01
 1.05207726e+02 4.73107971e+02 8.78809448e+02 2.62086124e+01
 1.18547327e+03 2.16849951e+03 2.22342205e+01 2.78616241e+02
 4.31943703e+01 2.89424042e+02 1.18833427e+02 7.71093216e+01
 4.28796600e+02 1.63107239e+02 9.53060547e+02 5.93119678e+03
 3.01730835e+02 1.13170996e+03 1.46855078e+03 3.52938019e+02
 2.56389465e+02 2.47714279e+02 1.13377937e+02 4.19232239e+02
 1.07357893e+01 2.82528351e+02 1.73531662e+02 1.91240796e+03
 5.77352173e+02 1.83571960e+02 2.69284546e+02 2.81397343e-01
 2.00359783e+01 1.45789459e+02 2.25308545e+03 3.33824878e+03
 7.49714050e+02 4.55633307e+00 8.95295020e+03 2.44189529e+02
 6.53887390e+02 5.81019531e+02 3.84520782e+02 5.17383789e+03
 2.44681152e+02 7.97318909e+02 3.84817474e+02 1.24311768e+03
 3.81912964e+02 2.20146301e+02 1.88315678e+01 2.63973770e+01
 3.95345490e+02 2.27039452e+01 3.62822418e+02 4.97764587e+01
 2.29719803e+02 3.64599396e+02 1.15768420e+03 1.64313037e+03
 3.01264160e+02 8.55559540e+00 2.28833939e+02 2.96096592e+01
 2.05115906e+02 2.03996258e+01 1.42979828e+02 2.03225739e+02
 1.94586487e+03 1.94091431e+03 3.77506439e+02 8.01713989e+02
 3.26786865e+02 1.44783472e+03 4.57323364e+02 3.50251503e+01
 5.26183533e+02 4.83890015e+02 2.50680469e+03 3.82009424e+03
 2.43276505e+02 3.93553864e+02 3.79661102e+01 8.46022320e+00
 5.61456299e+02 3.64357109e+01 1.08241370e+03 1.69556465e+01
 1.48974512e+03 6.91029358e+02 2.37525620e+02 2.14821274e+02
 1.39341049e+02 9.09844284e+01 7.66638374e+00 3.02133301e+02
 8.47920227e+00 2.62505249e+02 8.28913452e+02 2.56429230e+02
 6.34787231e+02 8.74759140e+01 5.62742236e+03 2.38861294e+01
 3.96289966e+03 1.92508377e+02 2.37160919e+02 1.28887070e+02
 2.37917297e+02 1.74869919e+01 2.02562469e+02 2.33949020e+02
 3.34674530e+01 1.56713743e+01 1.36166351e+02 4.93888135e+03
 1.08464136e+03 2.18371811e+01 1.89543457e+02 1.43091034e+02
 4.03651886e+01 3.95019867e+02 2.78713348e+02 8.75954834e+02
 6.14799166e+00 1.74755753e+02 3.25521637e+02 2.71058624e+02
 3.36058807e+02 3.96716003e+02 1.49752319e+02 4.30423431e+02
 2.42399704e+02 1.29735153e+02 1.47451218e+02 4.03329529e+02
 1.31614233e+03 1.54956635e+02 7.07883606e+01 1.06996849e+02
 5.12888367e+02 2.37553299e+02 3.90074615e+02 1.85980742e+04
 1.88992340e+02 2.71884094e+02 1.48500319e+01 4.58879211e+02
 3.60466858e+02 4.55115570e+02 2.40715503e+03 2.85664825e+02
 1.84656174e+02 2.40425606e+01 1.06049614e+01 2.95820343e+02
 1.65051773e+02 1.03707446e+03 1.49143097e+02 1.69901917e+02
 2.24366776e+02 1.89892456e+03 2.80441821e+03 7.61346741e+02
 6.66471924e+02 2.52733856e+02 4.60964142e+02 1.61244824e+04
 4.08683655e+02 1.61896179e+02 1.22574890e+02 2.63710498e+03
 3.82808800e+01 8.96053711e+02 8.93778748e+02 1.89042435e+01
 8.12444458e+01 8.15349865e+00 5.17740356e+02 8.21862109e+03
 7.23726379e+02 2.50241623e+02 6.93724121e+02 2.27218735e+02
 2.23455249e+03 7.48423157e+02 3.08616089e+02 1.69744659e+02
 2.96723694e+02 3.64691315e+02 2.35935410e+02 2.03772354e+02
 2.91523096e+03 2.05540314e+02 1.37196793e+02 1.77232113e+01
 1.67301300e+02 2.72837906e+01 1.15247314e+02 1.04214512e+04
 1.31617432e+02 5.38281670e+01 2.81268711e+01 1.16380157e+02
 5.30783325e+02 3.22288132e+01 2.58317780e+02 9.62143921e+02
 2.13559780e+01 7.79339905e+02 8.90129822e+02 6.68207947e+02
 3.07406979e+01 6.54909210e+01 5.40233469e+00 1.81384644e+03]
