[1.18709941e+04 1.08259954e+01 2.32494034e+02 6.97979919e+02
 4.79453906e+03 9.24541870e+02 2.82964673e+03 2.01694482e+03
 1.26127100e+03 2.86357544e+02 1.79315076e+03 4.02302322e+01
 1.15822617e+04 1.41766553e+03 1.03480786e+03 1.76559952e+02
 1.67731616e+03 1.98974377e+03 6.17798157e+02 7.55976953e+04
 3.18668823e+02 4.63798340e+02 3.80951406e+04 6.71705078e+02
 2.38589127e+02 2.53175273e+04 1.41712051e+04 2.42681665e+03
 1.23581689e+03 1.78736121e+03 7.12698145e+03 4.85119287e+03
 4.11470032e+02 1.03529175e+02 3.46443823e+03 9.52342606e+00
 1.00992041e+03 2.15507007e+03 4.83782422e+03 4.24840637e+02
 6.76286016e+04 1.15923267e+03 9.33349365e+02 1.35353271e+03
 3.72556519e+03 1.98094287e+03 1.76117688e+03 7.49337036e+02
 4.44103027e+03 7.82874329e+02 4.10000191e+01 1.94896759e+02
 6.15788940e+02 1.73354504e+03 2.05711365e+02 1.38209558e+03
 2.76711914e+02 6.71345654e+03 1.67836243e+03 3.10027881e+03
 1.55093877e+04 6.61413040e+01 3.42546631e+03 1.54554947e+02
 3.38756287e+02 1.87495569e+03 1.06154114e+02 2.48867081e+02
 7.25457886e+02 1.03930103e+03 1.52198840e+03 4.16571747e+02
 7.74686646e+02 1.65658630e+03 2.16488525e+03 2.10577927e+02
 7.88240967e+02 4.14223340e+03 1.95338192e+01 1.78752695e+04
 1.43010818e+02 1.04066443e+03 1.60552063e+02 8.19790497e+01
 3.02749805e+03 1.42630768e+02 1.15193420e+02 9.50851517e+01
 6.12798096e+03 9.21910840e+03 4.84347107e+02 1.83982891e+04
 3.35886269e+01 5.28676025e+03 6.81866953e+04 2.67579803e+02
 7.30905090e+02 8.99435913e+02 2.04993921e+03 1.23204041e+02
 1.01596033e+03 3.63159698e+02 1.39520050e+02 1.25730737e+03
 6.95082092e+02 3.11540942e+03 5.66023254e+02 8.49778595e+01
 4.68912476e+02 5.49517029e+02 1.05375122e+02 1.12277441e+04
 1.66372787e+02 4.47045898e+02 2.37328633e+04 4.93602930e+03
 9.89929565e+02 1.20467109e+04 4.12164917e+02 5.01099304e+02
 6.15955762e+03 1.54613330e+04 3.47258105e+03 2.13331934e+03
 1.47983887e+04 6.34515869e+02 3.20354828e+02 5.46541100e+01
 3.55250415e+03 7.59520569e+02 3.31401440e+03 6.27272888e+02
 2.83819397e+02 5.06403503e+02 5.61406616e+02 3.32847870e+02
 3.86137482e+02 3.28907715e+03 2.23311328e+03 2.71256567e+03
 9.43349152e+01 6.79059863e+03 2.95484790e+03 1.38032349e+03
 1.54291418e+03 4.06140778e+02 1.22213303e+02 3.07872192e+03
 7.76314502e+03 7.01078809e+03 7.32204208e+01 1.34591516e+03
 1.52345203e+03 1.81046450e+00 2.65537903e+02 2.28764111e+03
 1.07847923e+02 1.87598184e+04 7.40907776e+02 3.63897812e+04
 2.94422705e+03 8.20135864e+02 6.40902527e+02 1.62665369e+03
 5.04513721e+03 2.90441333e+03 4.37068506e+03 2.19847961e+02
 3.84402435e+02 1.82950842e+03 3.21394348e+02 2.62063745e+03
 5.13996826e+02 2.75998511e+03 7.58624512e+02 3.95450317e+02
 3.84645337e+03 1.24941223e+02 3.50469330e+02 1.42147974e+03
 9.05736572e+02 7.46692581e+01 8.54800000e+04 5.52390088e+03
 3.28124786e+02 5.87644836e+02 2.83445343e+02 8.49586060e+02
 8.67989655e+01 5.23959446e+00 1.76107983e+03 1.57258358e+01
 1.06303658e+02 2.51548267e+03 2.38452207e+04 8.66881866e+01
 2.25716406e+03 1.49166397e+02 9.14321213e+01 1.60174072e+02
 1.17058762e+02 3.02977954e+03 8.26995703e+03 8.96129517e+02
 6.18017236e+03 3.28575049e+03 4.13352264e+02 2.46036713e+02
 1.21068201e+03 9.30202484e+01 2.24533646e+02 1.58612561e+03
 5.67757080e+02 1.35843018e+02 2.05462936e+02 1.51010513e+02
 1.94524989e-01 5.84680847e+02 4.26191620e+02 6.55439758e+01
 3.36402069e+02 2.65333984e+03 1.40279724e+03 2.51006406e+04
 1.77149414e+02 3.25232080e+03 1.02030682e+03 8.87184906e+01
 1.00197589e+03 1.98092793e+04 3.08982593e+03 7.03490356e+02
 2.15162525e+01 1.23219490e+02 5.85055481e+02 8.93391699e+03
 9.20278381e+02 2.30631046e+01 4.25313818e+03 6.30928535e+01
 5.32115723e+03 2.03245529e+02 1.03851826e+04 2.16054688e+03
 2.76867218e+02 9.64164734e+02 6.89238770e+02 1.07058545e+03
 1.55809717e+03 4.04878418e+02 6.68124161e+01 1.55962231e+03
 6.76302612e+02 1.20022751e+02 3.13370300e+02 1.04589185e+03
 7.26703308e+02 2.61859741e+02 1.56780777e+02 3.51937622e+02
 4.83282500e+04 8.26697754e+02 1.81482480e+04 3.88619263e+02
 1.24230316e+02 6.95483459e+02 2.05301367e+03 7.09076953e+03
 5.64637842e+03 2.73994507e+02 5.81989517e+01 8.40455566e+03
 5.40830536e+01 3.96505341e+02 4.75282324e+03 1.20962280e+02
 2.20232676e+04 6.18009949e+02 3.37061230e+03 3.57572681e+03
 1.99101181e+02 5.71638794e+02 1.72773972e+02 3.99449463e+03
 3.92969971e+01 3.06968774e+03 2.36731494e+03 7.77856104e+03
 6.97870361e+02 6.22019836e+02 2.39432969e+04 3.13816040e+02
 1.94891068e+02 6.54719238e+01 2.56215649e+03 2.75665283e+02
 7.33339172e+02 8.58473047e+03 2.46896802e+03 1.36174060e+03
 4.09529755e+02 8.25526962e+01 2.82780005e+03 2.43922827e+03
 1.25944336e+03 3.05836156e+05 9.96941071e+01 1.15927500e+04
 1.29976669e+02 4.42756042e+01 6.61803467e+02 4.21573517e+02
 9.60722363e+03 3.55737524e+03 2.04068237e+02 4.23237579e+02
 2.75880493e+02 3.78536407e+02 1.36284448e+03 9.85937793e+03
 1.20562329e+03 6.23925293e+02 3.10761902e+02 2.64170190e+03
 1.61673799e+04 2.14163037e+03 5.82825703e+04 9.12828979e+01
 4.63067741e+01 9.16909277e+03 1.50086288e+02 8.49295105e+02
 2.03336707e+03 1.47970871e+02 7.85350708e+02 8.65258594e+03
 3.63532677e+01 6.36911345e+00 1.18964629e+04 8.02109314e+02
 1.48989160e+03 2.94416553e+03 5.44561865e+03 5.06978467e+03
 1.83158615e+02 1.49386133e+03 1.17161469e+02 9.32869446e+02
 1.94891370e+03 1.44078812e+02 2.61335449e+03 4.24625049e+03
 5.76442749e+02 1.78953076e+03 9.65979797e+02 2.80589783e+02
 7.33178101e+01 1.32877393e+03 5.12318573e+01 2.87761211e+01
 2.34699658e+03 3.42546533e+03 1.04800010e+04 2.39463306e+03
 1.27932588e+04 1.61867578e+03 1.52254837e+02 2.73738556e+02
 6.47522305e+04 1.77586230e+03 5.03318756e+02 5.88347900e+03
 1.47314197e+03 2.79191620e+02 2.15918579e+03 2.20292139e+03
 2.42192129e+04 1.88454065e+03 1.18334253e+03 1.13447693e+03
 2.08239121e+04 2.35942993e+03 7.11503047e+04 1.15339319e+03
 1.70890430e+03 3.08917090e+03 1.03403052e+03 1.61897131e+03
 4.91873926e+03 9.63248596e+01 5.87077246e+03 4.02847366e+01
 6.11147095e+02 1.06272072e+02 9.46445236e+01 3.32671680e+03
 6.53492889e+01 8.33893652e+03 6.68098633e+02 1.57949385e+04
 2.30234318e+01 2.25214746e+03 8.96926636e+02 1.49410675e+02
 4.25591339e+02 5.62699585e+02 1.19839325e+02 2.97998608e+03
 5.24345312e+05 1.48193573e+02 9.39286804e+02 4.09732520e+03
 9.10908887e+03 1.10729431e+03 9.93559204e+02 7.35908594e+03
 3.11364868e+02 1.91436035e+03 1.61722076e+02 9.50320215e+03
 1.95726758e+03 1.59427222e+03 9.96635498e+02 1.46393835e+03
 3.39593079e+02 3.29495148e+02 7.94535645e+02 7.21609375e+02
 3.65676099e+03 8.73704346e+02 1.26784021e+03 1.58578735e+03
 6.51960449e+02 1.92607266e+04 1.93022354e+02 2.03632065e+02
 1.39217317e+00 7.86641312e+01 7.68393494e+02 4.19465869e+03
 3.39683643e+03 2.61523682e+02 3.33435327e+03 4.00042358e+03
 1.82459579e+02 7.45056091e+02 4.36646301e+02 1.06585437e+03
 1.82200577e+02 6.93848572e+02 6.28761978e+01 2.44519125e+05
 6.02849304e+02 2.61589539e+02 1.51266980e+03 3.40714478e+03
 5.03963394e+01 1.91994614e+02 8.98703125e+02 4.59076202e+02
 4.26176697e+02 2.24831940e+02 1.14602563e+03 2.35936661e+01
 2.31643311e+03 3.71166229e+02 1.70506744e+02 1.29211450e+03
 4.01140404e+01 9.49114807e+02 3.67702209e+02 3.66817749e+03
 8.81034424e+02 1.33781709e+04 2.96560059e+02 1.05345898e+03
 2.76267891e+01 1.25041760e+03 1.47622452e+02 2.22368679e+01
 1.49006485e+02 9.16370789e+02 1.24771881e+02 1.34002490e+03
 1.16850488e+03 1.72724854e+03 1.31019666e+03 1.27312708e+03
 9.45476929e+02 1.71366687e+03 9.56515408e+00 7.29674133e+02
 9.90330505e+02 1.50137915e+03 8.80125366e+02 1.14552551e+02
 2.29130814e+02 3.18794062e+04 1.24740149e+03 3.85486817e+00
 1.12154549e+02 1.02809216e+03 1.13640820e+03 1.19410620e+03
 1.13810760e+02 6.39369583e+01 8.14322052e+01 1.07093418e+04
 2.37711816e+03 2.07290967e+03 1.87118210e+02 6.93950537e+03
 3.10971161e+02 4.20803146e+01 9.01219336e+03 6.58541846e+03
 3.65346436e+03 4.48240723e+03 2.64415222e+02 1.31949341e+03
 1.07124847e+02 3.86583960e+03 1.21893753e+02 1.41773401e+03
 8.55747559e+03 8.80312805e+01 1.59448010e+03 2.72097729e+03
 4.08957855e+02 1.61927052e+01 2.46941971e+02 3.76103760e+02
 6.03681458e+02 2.58029614e+03 3.79345062e+02 4.90414925e+01
 3.67174878e+03 7.84107422e+03 7.94899130e+00 1.41987747e+02
 7.27687939e+03 1.80299883e+04 1.45056808e+02 6.74560913e+02
 1.98399826e+02 1.13041980e+03 2.29911850e+02 7.57518066e+02
 2.47981934e+03 1.17046460e+03 3.91586426e+03 4.99859863e+02
 1.91657568e+03 3.53012734e+04 3.30223663e+02 8.64410352e+03
 1.93628687e+03 8.18928589e+02 1.26168114e+02 1.77450659e+03
 4.07837134e+03 5.89650116e+01 1.77093005e+03 3.56937714e+02
 4.53376526e+02 1.52247021e+03 1.32721085e+02 1.18572930e+04
 1.72396027e+02 4.04895859e+01 2.47122192e+03 5.04584180e+03
 8.29426484e+04 5.16352844e+02 6.50826611e+03 1.23030352e+04
 7.66274658e+02 2.77872162e+02 1.01421650e+04 9.64607620e+01
 7.84592090e+03 4.76802521e+02 4.63437109e+04 2.09613754e+02
 5.47064648e+03 3.05411572e+03 8.78122681e+02 4.13721143e+03
 1.34293958e+03 8.74520569e+02 1.92221405e+02 2.23204712e+03
 2.45999374e+02 1.31611499e+03 3.12454559e+02 2.09162207e+03
 9.08800415e+02 7.53950500e+02 9.10055664e+02 9.01225967e+01
 6.84422344e+04 4.47287402e+03 1.51436676e+02 2.50191574e+02
 2.15145435e+03 1.62506128e+03 5.67730225e+02 7.57098389e+01
 2.41370581e+03 8.09993164e+03 2.18908577e+01 1.80664383e+02
 1.72678113e+03 4.11369385e+03 2.79968262e+03 1.46581445e+04
 2.09740234e+04 2.52796641e+04 2.54874824e+04 6.88196436e+03
 6.62041092e+01 8.58737640e+01 2.26570343e+02 4.34364738e+01
 1.21936157e+03 4.26660980e+02 2.42949561e+03 6.32779694e+01
 3.67800079e+02 5.55648633e+03 3.94651025e+03 5.83908142e+02
 1.48600928e+03 1.74510901e+03 1.83599060e+02 1.86509201e+02
 3.77523468e+02 9.85820801e+02 7.81762305e+03 6.08544531e+03
 5.43383484e+02 1.72825723e+04 4.13491504e+03 1.43669312e+02
 9.42045156e+04 2.76613674e+01 6.69198792e+02 7.88093079e+02
 6.52836227e+01 6.06159119e+02 1.47330200e+03 5.14885376e+02
 1.87988513e+03 1.80672779e+01 6.58850342e+02 4.30251526e+02
 2.81562939e+03 5.04321719e+04 3.95634033e+03 5.22255737e+02
 3.47762817e+03 1.02048701e+04 8.57553613e+03 2.99014496e+02
 2.14559839e+03 2.88143463e+01 1.12619392e+02 2.58172638e+02
 1.18352930e+03 1.10453772e+03 2.02922583e+03 2.19912796e+02
 6.38995600e+00 4.49712256e+03 2.18498428e+02 3.60946729e+03
 4.54594940e+02 2.20033984e+03 4.68076758e+03 2.00720059e+04
 1.20043182e+02 4.02324600e+01 1.05150525e+03 1.58954041e+02
 1.67626343e+02 2.65058777e+02 1.44254578e+02 1.14852090e+04
 9.26112305e+02 1.10574426e+03 1.09072180e+03 2.77178101e+03
 7.73648132e+02 4.81664856e+02 3.62632675e+01 1.43678391e+02
 2.52727368e+03 9.05245422e+02 1.14129971e+04 9.73567444e+02
 7.90809174e+01 4.99184685e+01 2.97738617e+02 6.51963013e+02
 1.04437329e+03 1.85763928e+03 1.66404678e+02 4.84654980e+03
 2.35251801e+02 7.94181538e+00 8.03696533e+03 1.38751538e+03
 8.39553467e+02 1.97304489e+02 3.81687164e+02 8.97944922e+03
 7.22228027e+03 1.58924774e+02 7.13726501e+02 1.50873245e+02
 2.09722961e+02 2.00405981e+03 3.73834668e+03 3.39202588e+03
 1.38082794e+02 2.40629468e+03 3.06062476e+03 1.76020469e+04
 1.06656230e+04 1.77752304e+02 4.61095557e+03 7.57708496e+02
 3.30452057e+02 2.60913262e+04 4.36120117e+03 1.60860474e+02
 1.24998276e+02 5.58594299e+02 1.79532349e+02 8.18042847e+02
 3.77033325e+03 1.49534332e+02 3.14947388e+03 4.80924988e+02
 6.01574658e+03 3.99558960e+02 1.45425672e+05 1.08083167e+03
 4.81389282e+02 2.94931335e+02 7.43424463e+03 2.34955139e+02
 1.74892114e+03 3.94710229e+03 2.67602112e+02 3.86390332e+03
 7.68996521e+02 5.90233826e+02 2.85762604e+02 1.10078636e+02
 5.80634326e+03 5.77470093e+02 6.25544739e+02 6.33339014e+03
 1.26981163e+02 5.75059021e+02 3.54324677e+02 6.04360547e+03
 3.76635327e+03 4.76764618e+02 4.76306152e+03 7.07348486e+03
 4.86979688e+03 1.07567207e+04 1.43351349e+02 2.24309357e+02
 2.67140289e+02 1.09847618e+02 3.82289453e+03 3.94467804e+02
 2.35722613e+00 1.17174431e+02 1.22110522e+03 2.21371704e+02
 1.93921722e+02 7.44139648e+02 6.10400312e+04 1.07929456e+03
 9.60560242e+02 3.94925195e+04 2.49644730e+02 1.41198694e+03
 5.11080475e+02 1.71467517e+03 9.74703979e+02 1.80432236e+02
 7.08268051e+01 4.65912872e+02 2.37537552e+02 6.14919385e+03
 7.82731323e+02 2.04216431e+03 3.27718091e+03 7.82865723e+02
 1.91071277e+03 5.60753320e+03 2.30748022e+03 6.80721970e+01
 2.98696777e+03 2.28283154e+03 2.47742163e+03 5.88434521e+03
 1.43573711e+04 1.43995923e+03 9.08875244e+02 1.33727236e+01
 9.66756287e+02 1.77112015e+02 4.66133398e+03 1.01110049e+04
 8.48089160e+03 1.52222461e+03 3.58010913e+03 2.89871436e+03
 9.73282617e+03 4.26943848e+03 8.72877686e+02 2.10189743e+02
 1.52713464e+03 6.56161652e+01 2.95993774e+02 2.36989004e+04
 7.00224805e+03 9.01531296e+01 4.05997238e+01 8.82886276e+01
 6.44180908e+03 6.13434143e+02 1.03532532e+03 2.88596741e+02
 2.18413269e+02 2.62317596e+02 2.21971146e+02 4.38772803e+03
 1.22616553e+03 2.12296661e+02 6.01461621e+03 2.78175598e+02
 5.47428955e+02 9.11899185e+01 2.28824631e+02 4.63087012e+03
 4.35018799e+03 1.05775010e+04 1.04409622e+02 5.28759644e+02
 2.56143768e+02 2.22875830e+03 3.44499170e+03 1.53400110e+03
 9.47854187e+02 4.91666656e+02 3.29178320e+04 3.25909698e+02
 2.12066577e+03 2.14176318e+03 8.77027664e+01 3.49068604e+02
 7.63794336e+03 5.54712219e+02 1.65196426e+04 7.25560364e+02
 1.31676685e+03 2.01979866e+01 1.87597412e+02 1.13992722e+02
 1.56525745e+03 1.01651654e+03 3.90733002e+02 3.31974951e+03
 1.35510117e+02 3.31841980e+02 2.77895905e+02 1.39128125e+03
 5.96126465e+03 6.99513977e+02 2.45983691e+04 1.52255408e+03
 8.12083203e+04 3.05624817e+02 1.63992578e+03 8.31123535e+02
 2.96369873e+03 5.32628662e+02 1.64444812e+03 2.39114014e+03
 8.83860657e+02 7.15605011e+01 2.19711166e+02 5.66836475e+03
 5.95386719e+02 8.36615417e+02 3.11193066e+03 2.41261035e+03
 3.78716858e+02 9.95932495e+02 3.84630066e+02 3.82039001e+02
 1.68817505e+02 3.11567017e+03 1.71499792e+03 3.54731323e+03
 1.50388702e+02 5.47006798e+01 1.20960596e+03 1.60847424e+03
 5.88358154e+03 2.83813507e+02 1.86295532e+02 1.48886597e+02
 5.95602197e+03 3.50474579e+02 4.84065869e+03 1.91085486e+03
 7.08399658e+01 4.03765723e+03 2.11037979e+02 4.75476221e+03
 1.43909721e+01 1.12595935e+03 5.77044220e+01 4.55132324e+03
 1.09944580e+03 5.94943115e+02 1.89025879e+03 5.90073669e+02
 4.24999390e+02 6.49372314e+02 4.02941132e+02 1.59515186e+03
 1.05703516e+03 7.22968567e+02 1.34514801e+02 2.67252899e+02
 2.23055801e+02 6.39883652e+01 6.59575342e+03 2.51517529e+03
 1.22211414e+03 1.99208350e+03 6.79461670e+02 3.02913875e+05
 3.55868335e+03 2.95408472e+03 3.02865137e+03 3.72437969e+04
 5.69565964e+01 1.55128479e+03 1.69699258e+04 2.84115753e+02
 3.68280640e+01 2.25354297e+03 1.14010191e+01 3.22278555e+04
 9.17237988e+03 1.03510689e+02 1.76990265e+02 7.87844824e+03
 6.07711768e+03 3.53135840e+03 1.98296143e+02 9.17457703e+02
 2.67309595e+03 6.71903564e+02 3.01491146e+01 3.58006348e+03
 3.48129858e+03 1.92038831e+03 8.23915710e+02 4.22617865e+00
 1.21781091e+03 1.25246925e+02 2.71149841e+02 1.07430391e+04
 1.77920251e+03 1.40346411e+03 1.02383324e+02 6.64334412e+01
 1.51204993e+03 1.27048755e+03 6.28082227e+03 4.78541699e+03
 1.37238464e+02 2.66316864e+02 2.86564746e+03 1.68930371e+04
 1.30831653e+03 4.49236542e+02 3.21379814e+01 7.48131287e+02]
5259.959
524345.3
