[2.09155188e+05 9.53478906e+03 3.55445820e+04 1.72036016e+05
 4.93684875e+05 6.80341943e+03 6.11130469e+04 1.63922812e+04
 3.45455531e+05 3.18161816e+03 4.12920312e+05 1.56323578e+05
 1.09155475e+06 5.85703672e+04 1.18931109e+05 7.24688828e+04
 4.46303094e+05 2.61117462e+02 6.38812812e+05 2.49107550e+06
 9.45992344e+04 7.45309619e+03 2.16679675e+06 5.79263750e+05
 4.21657715e+03 2.28123100e+06 1.32473047e+03 4.50726156e+05
 1.01221195e+05 4.43941504e+03 6.98518896e+03 3.55546914e+04
 2.15140840e+04 1.78750159e+03 8.81055250e+05 1.23016309e+03
 2.02221203e+01 1.55355557e+04 1.79772839e+03 4.68455292e+02
 8.74840625e+04 6.58022438e+05 6.66574453e+04 1.45888078e+05
 1.06952734e+03 1.16391789e+05 5.52882129e+03 2.28043301e+04
 1.50131042e+02 6.04211375e+05 2.01269272e+02 1.35262061e+04
 6.65326172e+03 1.45855000e+06 2.13960022e+02 2.63999746e+04
 2.77878656e+05 2.73739219e+04 4.68817383e+04 2.11988457e+04
 3.61580156e+05 5.09895820e+04 1.48959675e+01 4.01598945e+04
 5.09208906e+04 2.01585107e+03 2.23660938e+04 9.35402051e+03
 1.34880859e+05 1.00784956e+06 4.65290833e+02 8.45734375e+02
 2.53318789e+04 2.67694844e+05 5.74032959e+03 1.31693297e+05
 2.87924062e+04 1.67217859e+05 6.86093906e+04 2.00016469e+05
 2.81998322e+02 1.68504984e+05 4.72041523e+04 1.39650183e+01
 7.08400928e+03 1.53719467e+02 2.50887671e+03 5.14194531e+04
 1.47135797e+05 7.90625391e+04 1.16350953e+05 1.88627012e+04
 2.93218184e+04 2.18481422e+05 5.66213300e+06 1.35183828e+05
 1.99391094e+05 5.72454062e+04 6.41927250e+05 1.77054102e+04
 4.22415859e+04 2.02124516e+05 6.75042500e+04 4.49570156e+04
 2.08875766e+05 1.06316475e+02 4.86551123e+03 4.22327695e+04
 1.62957844e+05 1.35076904e+02 5.26529492e+04 4.17315125e+05
 1.21314990e+04 1.49186906e+05 9.21212598e+03 7.60251328e+04
 2.62661400e+01 3.97770969e+05 4.34451406e+05 6.30950039e+04
 8.27833679e+02 1.03252935e+01 7.67549141e+04 2.14881700e+06
 1.08616846e+03 1.00490381e+04 1.87196523e+04 5.16651602e+04
 2.66846893e+02 1.81240664e+04 1.66472107e+03 5.31239219e+04
 3.69320039e+04 3.07837866e+03 3.14246465e+04 1.42360071e+03
 5.65932266e+04 3.15567305e+04 1.45357797e+05 2.79449938e+05
 2.17749141e+05 1.77906453e+05 3.65097531e+05 1.45338453e+05
 2.63000844e+05 1.50562100e+04 2.50251770e+01 6.35680062e+05
 7.13735688e+05 5.73881484e+04 9.25362732e+02 4.05555878e+02
 6.49844102e+04 8.53375312e+04 1.02548820e+05 4.84984070e+02
 1.36641182e+04 2.61403770e+04 7.71193594e+04 1.76045975e+06
 7.52583084e+01 1.00988447e+04 2.70906074e+04 3.64733008e+04
 1.86408969e+05 2.12042734e+04 4.66517930e+04 1.19950812e+05
 2.23251895e+04 4.97813375e+05 2.87831074e+04 1.22856094e+04
 8.36582734e+04 6.48304453e+04 5.48086055e+04 3.15491650e+03
 6.89277188e+04 4.81351055e+04 1.96102734e+04 1.26078594e+05
 9.99585156e+04 3.47528828e+04 6.93283300e+06 3.34775094e+05
 2.19176344e+05 2.93129590e+04 9.68099219e+03 4.23268929e+01
 1.31430844e+05 1.02420453e+05 2.01244062e+05 1.41981787e+04
 4.35369492e+01 2.26068750e+04 1.50634000e+05 2.16521729e+03
 7.12626375e+05 1.02811737e+02 2.64694629e+04 5.62864014e+03
 1.15526508e+05 2.81348511e+03 6.59924438e+05 2.67253052e+03
 2.34619531e+04 3.19571934e+04 1.74586929e+02 1.42072297e+05
 2.12115341e+02 9.92787031e+04 3.31202031e+04 1.29318758e+05
 1.33995234e+04 7.56832812e+04 5.74161316e+02 1.60541230e+04
 1.11568719e+05 1.55495190e+03 3.21385188e+05 5.24406055e+04
 9.55136406e+04 1.94708531e+05 1.22223305e+05 5.61330625e+04
 4.23486953e+04 1.71795594e+05 1.15982354e+04 1.86188418e+04
 1.94609859e+05 1.42345288e+06 1.26230859e+03 5.14784012e+01
 1.40065406e+05 9.81756797e+04 8.98831348e+03 2.51584625e+05
 5.16147539e+04 3.06014434e+04 7.09427551e+02 2.20859258e+04
 1.92424922e+05 9.48605566e+03 1.19744977e+05 9.01678984e+04
 7.45365234e+04 1.01592344e+05 1.79802984e+05 1.53384344e+05
 2.04796188e+05 1.19011638e+06 6.78661084e+03 5.74456797e+04
 2.56694775e+03 1.42401547e+05 3.86110820e+04 3.53017344e+04
 7.97150684e+03 1.16191299e+04 9.95922559e+03 1.55807939e+04
 6.87630469e+04 4.12457891e+04 6.03922119e+03 5.22306367e+04
 2.72680396e+03 5.15258867e+04 6.62600078e+04 1.98691875e+05
 1.16777602e+05 1.17239984e+05 3.20228638e+03 1.23921773e+05
 1.78430293e+04 1.00597578e+04 6.18064250e+05 1.55729706e+02
 1.56020430e+04 1.15335986e+04 5.94759648e+04 2.78448725e+06
 3.88126484e+04 3.26780625e+05 4.81986328e+04 2.85683457e+04
 7.48271143e+03 1.83755156e+04 3.77742041e+03 4.43245594e+05
 4.29221240e+03 1.90257935e+03 3.66803359e+04 5.18244844e+04
 1.62560859e+05 4.60601270e+03 1.50197129e+04 1.94359355e+04
 1.88766272e+03 6.82155312e+05 1.35917344e+05 2.97373184e+04
 1.68367125e+05 2.56785547e+04 7.89683594e+04 2.32752453e+05
 3.96696992e+04 1.35329437e+02 9.68772888e+01 9.14882109e+04
 7.54813750e+04 5.35425938e+04 2.18854844e+04 3.65239531e+04
 1.27795000e+06 3.28219751e+03 8.86698242e+03 1.79137656e+05
 3.26974922e+04 2.20674547e+05 3.60125547e+04 6.93868938e+05
 4.24226797e+04 2.00562266e+05 1.23376594e+05 6.04696523e+04
 9.44062312e+05 9.42100703e+04 3.06394781e+05 2.34693105e+04
 3.67095000e+05 9.77546875e+04 1.01752031e+04 3.44840308e+03
 5.26224375e+04 6.51261914e+04 3.00498077e+02 1.34318281e+05
 5.81325928e+03 3.24768457e+04 9.73413938e+05 5.82063672e+04
 9.40246875e+04 1.73396984e+05 1.43428882e+03 5.30407906e+00
 1.76625938e+04 2.85250664e+04 1.24154419e+03 2.26801984e+05
 2.05178125e+04 6.76789844e+04 1.58432250e+05 9.71090562e+05
 4.12508008e+03 2.09317453e+05 1.70485766e+05 4.75722930e+04
 3.73974469e+05 2.78933531e+05 7.66899453e+04 2.56591064e+03
 6.11655625e+05 3.66143594e+05 2.19942500e+05 7.89775391e+02
 6.31481500e+05 1.36383078e+05 1.02838195e+05 6.82485000e+04
 1.23787150e+06 4.64363916e+03 9.69531562e+04 4.50186594e+05
 4.12590700e+06 5.90972773e+04 2.27362844e+05 3.39770068e+03
 4.06531000e+05 2.28135375e+05 4.24774844e+04 1.06406543e+04
 3.98369688e+05 2.87572437e+03 7.21994000e+05 3.37258750e+04
 2.04268691e+04 1.23468301e+04 4.51775625e+04 3.25544648e+04
 1.18886064e+04 3.38773984e+04 3.44453969e+05 3.13449531e+04
 8.85849141e+04 2.52564344e+05 6.08479570e+04 2.36994422e+05
 5.07113906e+04 8.41195750e+05 2.39928299e+02 1.04020669e+06
 1.21760773e+02 3.47138330e+03 7.44465000e+04 4.78677695e+04
 2.73090594e+05 1.78838516e+05 5.48034102e+04 2.95514893e+03
 2.15293275e+06 4.82641562e+04 1.51471672e+05 6.23098535e+03
 3.40553969e+05 1.07593103e+03 1.49395375e+05 1.10443695e+05
 1.08726234e+02 3.17230000e+05 2.08496924e+03 8.46913828e+04
 3.25023594e+05 5.39209336e+04 1.76334512e+04 2.39120527e+04
 1.10063838e+04 1.32460516e+05 4.90450117e+04 2.10079805e+04
 7.15024438e+05 9.75855566e+03 1.66169766e+04 3.12234500e+05
 1.51523594e+05 9.26397217e+02 5.37408359e+04 6.75106562e+04
 1.06515361e+04 2.90841445e+04 5.66117852e+04 2.99539160e+04
 3.10868958e+02 6.94001293e+00 1.45586406e+05 4.96599656e+05
 1.24411031e+05 6.36450898e+04 1.34597197e+04 9.07911194e+02
 1.45710453e+05 2.91399562e+05 2.17094023e+04 9.52181875e+05
 4.98253809e+03 2.41789312e+05 4.85237781e+05 1.00326266e+05
 1.14644209e+04 1.18677773e+05 1.19500075e+06 2.59653320e+03
 1.73706726e+03 1.51877949e+04 4.27889538e+00 4.92016680e+04
 2.59814906e+05 5.77843704e+01 4.26594287e+03 2.80997266e+04
 5.22985195e+04 1.17851265e+02 2.10834839e+03 3.70746328e+04
 1.54179719e+05 3.03537406e+05 3.21277559e+04 5.14527031e+05
 2.47422681e+03 1.93463340e+04 2.29575918e+04 1.01126564e+02
 2.09600176e+04 7.07303359e+04 2.26911973e+04 1.56928809e+03
 6.74685352e+03 2.18327672e+05 5.95632383e+04 2.06696250e+05
 5.18851602e+04 8.97038477e+03 2.82141719e+04 2.20166479e+03
 1.49763301e+04 3.49995148e+02 1.58962312e+05 1.03477119e+02
 6.51274883e+04 2.56449102e+04 1.08764984e+05 1.84421219e+05
 8.83848938e+02 3.13336312e+05 1.79597969e+05 1.84867266e+04
 3.39455835e+03 1.06457930e+05 1.78848418e+04 9.87391094e+04
 1.91300547e+04 1.75630117e+04 9.95691406e+02 1.97156875e+05
 8.91611797e+04 1.18526656e+05 1.89580125e+05 2.00908770e+04
 7.50787812e+05 7.44689453e+03 4.36281562e+04 9.39820801e+03
 6.69023906e+04 6.32312109e+03 8.11219609e+04 7.17111953e+04
 1.91417480e+04 5.12556484e+04 1.40175430e+04 1.35818391e+05
 2.80097578e+04 2.02003066e+04 2.78435760e+02 1.44311035e+04
 2.16571016e+04 1.17741141e+05 1.61924426e+03 7.57198906e+04
 8.54658105e+03 2.04795496e+03 6.70772969e+04 1.03778062e+05
 1.15049141e+04 7.84036750e+05 3.62824258e+04 2.33329758e+02
 1.62288184e+04 1.97653867e+04 3.26782695e+04 4.96762842e+03
 6.72626562e+04 3.06609062e+04 1.89836511e+03 3.21834590e+04
 3.64528789e+04 2.04766438e+05 5.65860000e+04 5.75058594e+03
 5.54201055e+04 3.86164627e+01 2.96145625e+04 1.62910359e+05
 2.82128955e+03 2.09925176e+04 6.57523828e+04 3.85351836e+04
 2.63003809e+04 3.80342070e+04 3.96839531e+04 9.07503438e+05
 5.73094453e+04 4.73716211e+04 9.30745703e+04 8.89287812e+04
 1.95545234e+05 8.64067578e+04 4.79805664e+04 2.39929109e+05
 4.90348789e+04 6.26616272e+02 3.87926055e+04 6.29773008e+04
 5.04413516e+04 4.74447539e+04 8.19962375e+05 1.79221543e+04
 1.77870430e+04 1.38597538e+06 4.73642480e+03 1.45174016e+05
 7.14019531e+04 2.99752783e+03 4.82510500e+05 1.18889148e+05
 7.37864453e+04 7.44672734e+04 5.31415250e+05 2.25540891e+05
 4.89089297e+04 1.08496863e+03 3.95282344e+05 4.60427812e+04
 1.67487288e+06 1.43243547e+05 6.31115674e+03 9.16453613e+03
 5.78700062e+05 6.98568047e+04 1.39740276e+01 1.31180797e+05
 6.04410706e+02 3.67339625e+05 4.03065000e+04 5.75590312e+04
 2.06246230e+04 3.16348719e+05 1.05614727e+05 9.78871641e+04
 1.26329400e+06 6.23524780e+02 7.72472250e+05 5.69817750e+05
 5.48958242e+04 1.04743250e+05 2.80292031e+04 2.05286388e+01
 1.86616375e+05 7.54768438e+05 1.50208359e+04 1.27411328e+04
 2.81642041e+03 2.40830609e+05 1.56236938e+05 1.26329873e+04
 4.39415026e+00 2.66754456e+02 2.95166426e+04 7.12666562e+04
 9.34733154e+02 2.31024048e+03 2.97108984e+04 2.54452562e+05
 2.10668770e+04 2.71758281e+04 1.78317781e+05 3.99578906e+04
 6.83136150e+06 2.12195137e+04 1.90583406e+05 8.16234875e+05
 4.09273086e+04 2.21663496e+04 1.40562756e+03 2.25401880e+03
 1.32327406e+05 2.29890430e+04 1.71213109e+05 2.41104203e+05
 3.11482480e+04 2.49658062e+05 1.49816719e+05 4.95763916e+03
 1.02192477e+05 5.00402979e+03 2.66375312e+05 8.92549219e+04
 8.67346719e+04 2.68259029e+01 1.27607041e+04 7.02472290e+02
 2.94745166e+03 4.78341875e+05 2.18814850e+06 8.20523750e+04
 3.76453711e+04 3.47944844e+05 5.84279312e+05 2.56770906e+05
 4.96849766e+04 3.06787598e+04 1.37371979e+01 9.07247344e+04
 1.09589898e+05 2.56590059e+04 1.83151234e+05 1.74393770e+04
 3.49385651e+02 1.98202957e+02 9.50344238e+03 9.66421387e+03
 1.29329586e+05 1.99805859e+04 7.54116953e+04 2.68516219e+05
 1.96094128e+03 1.68821828e+05 9.07743848e+03 1.06771117e+05
 1.44537891e+05 1.85295215e+04 1.20235234e+05 1.38315688e+05
 8.64346719e+04 7.48483047e+01 3.35248633e+04 5.29557930e+04
 2.99563257e+03 2.59235986e+03 1.20480213e+01 2.72861646e+03
 2.65387156e+05 5.19471802e+02 5.80287625e+05 1.16422461e+04
 3.39749562e+05 1.75545734e+05 2.85682266e+04 1.14336547e+05
 1.61571082e+03 5.70921641e+04 3.60024453e+04 6.82981875e+04
 2.96621938e+05 8.08079141e+04 5.17248555e+04 1.13747388e+06
 6.62799988e+01 7.76685312e+04 1.97936375e+05 7.79583000e+05
 5.73858750e+05 2.04542250e+05 4.43378719e+05 1.05760508e+05
 6.03457438e+05 1.19538262e+06 7.62915688e+05 1.09415489e+02
 2.33304824e+04 4.40687539e+04 5.98201914e+04 6.34836500e+05
 1.48637451e+04 2.60048462e+03 2.02079578e+03 9.95321838e+02
 2.25089672e+05 5.12580000e+05 4.86568450e+06 2.67972250e+05
 3.80650854e+03 2.33860566e+04 6.58281750e+05 6.65443516e+04
 3.63252695e+04 1.95481726e+03 8.25362344e+04 1.50056025e+04
 1.03590801e+04 2.62017761e+02 1.00884199e+04 3.97719263e+03
 4.54393672e+04 2.92910576e+01 1.52505732e+04 1.09949273e+05
 5.45634863e+03 1.04306250e+03 2.99307098e+02 2.72132531e+05
 8.12150269e+01 3.79260781e+04 9.79980500e+05 9.36221191e+02
 1.52193418e+04 6.58314922e+04 3.07207363e+04 3.45589258e+03
 6.28715703e+04 7.09770264e+03 1.59265500e+05 1.61529766e+04
 4.19907773e+04 1.46337695e+04 3.79124562e+05 8.45304844e+04
 1.05560664e+05 1.96910742e+03 1.75616262e+06 1.53110400e+03
 2.73316152e+04 9.13276500e+05 2.11607363e+04 3.05284594e+05
 4.24867539e+04 2.92817219e+05 1.44383141e+05 3.16499883e+04
 1.46118242e+04 1.31711094e+04 2.21313031e+05 8.05000750e+05
 2.29583594e+05 1.86838688e+05 9.00126016e+04 3.77688320e+04
 4.79244805e+04 6.28138633e+04 6.57152312e+05 1.73759590e+04
 5.15191016e+04 3.56204312e+05 2.13172930e+04 4.67420868e+02
 5.82978711e+04 6.53904419e+02 3.18031289e+04 4.62470312e+04
 2.88963432e+01 1.38964047e+05 9.88381625e+05 3.68963159e+03
 4.19820215e+03 1.08783751e+01 2.95435406e+05 1.85578301e+04
 5.13199531e+05 6.81805375e+05 3.77832148e+04 4.32868789e+04
 3.12203555e+04 1.40481720e+02 3.65678250e+05 3.91554656e+05
 6.14698438e+04 4.19839648e+04 4.64038164e+04 3.68727461e+04
 7.02909500e+05 7.26201484e+04 1.93070593e+03 2.53265176e+04
 4.33365576e+03 8.48108444e+01 6.96543047e+04 2.55394812e+05
 4.61556211e+04 6.31365137e+03 6.33021406e+04 1.57562217e+04
 2.25770801e+03 3.04517402e+04 5.73472875e+05 1.43886688e+05
 8.31132227e+03 1.49729906e+05 1.66841858e+03 1.91846777e+04
 1.79162312e+05 1.50264062e+06 1.13624297e+05 1.12283252e+04
 5.14283242e+04 1.92647953e+05 7.99573188e+05 3.40253219e+05
 4.71664648e+04 2.25488938e+05 4.10681484e+04 2.82133809e+04
 9.48385000e+04 8.08118457e+03 1.12230078e+04 1.52685596e+04
 9.06077891e+04 4.10684219e+04 1.06234602e+05 2.44619980e+04
 9.95776406e+04 8.85399805e+03 1.19266594e+02 1.82327422e+05
 2.75648418e+04 1.55693969e+05 2.21161816e+04 1.28377656e+05
 6.43453008e+04 3.61099219e+04 2.28220300e+06 7.02546250e+05
 1.94194953e+05 5.39323203e+04 2.58941781e+05 3.48910664e+04
 7.00282422e+04 4.07420156e+04 6.19559375e+04 5.89538477e+03
 9.96188068e+00 1.40577354e+04 2.45406219e+05 4.95283281e+04
 4.63290094e+05 4.02794922e+04 5.15377051e+03 1.93269806e+02
 7.08565292e+01 4.73566162e+03 3.99041289e+04 7.53669688e+04
 1.75684785e+04 3.68866281e+05 1.98953203e+04 3.43208789e+04
 1.09737607e+04 2.99995239e+03 2.85688875e+05 1.71820938e+05
 2.67063531e+05 5.89957375e+05 1.67095391e+04 2.34970352e+04
 5.11451367e+04 1.04502758e+05 4.01598701e+01 9.02429141e+04
 2.15450000e+04 8.32874375e+04 1.12551865e+04 5.51453809e+03
 9.77037500e+04 1.15724094e+05 7.46069385e+03 2.46557266e+05
 8.16838047e+04 6.88910986e+03 2.54356781e+05 1.52940674e+04
 4.64192383e+03 1.71246660e+04 3.21859180e+03 1.61639538e+01
 1.87456922e+05 2.82669287e+03 1.44995325e+03 1.96161281e+05
 1.31030734e+05 2.53984719e+05 2.41083891e+05 3.04080781e+05
 1.02964938e+05 9.33209961e+03 2.79427051e+04 7.28128350e+06
 5.55331406e+04 1.17975094e+05 2.04579336e+04 8.30290188e+05
 8.75505615e+02 8.06263281e+04 1.24186773e+05 2.47821121e+01
 9.29603906e+03 5.37036328e+04 1.56865953e+05 2.45471631e+03
 1.41490891e+05 1.83532578e+04 1.43398643e+04 1.59827136e+03
 1.66253900e+06 6.05550625e+04 5.75049727e+04 1.26757656e+05
 9.54590859e+04 5.34832227e+04 1.15982445e+05 1.02759590e+04
 6.46657100e+06 1.99976289e+04 5.31737842e+03 5.68134717e+03
 5.53402422e+04 2.02140859e+04 1.96583477e+04 3.19615150e+06
 6.54793242e+04 8.17357578e+04 1.49174850e+02 6.50753242e+04
 1.54157188e+05 2.32743984e+05 1.41913469e+05 1.37407246e+04
 6.99721826e+03 2.98206387e+04 2.01796234e+05 2.41153262e+04
 4.66675078e+04 2.54369141e+04 7.28379199e+03 4.09232734e+04]
199665.33
7281283.5
