[2.66441133e+04 1.55243973e+02 1.97273645e+03 3.58990869e+03
 1.54880713e+03 3.02166064e+03 6.40251770e+02 1.77499727e+04
 5.21803125e+03 4.08175537e+02 2.61648682e+02 5.83754456e+02
 1.26962959e+04 1.46119153e+03 5.58042603e+02 1.16831993e+02
 2.11930151e+03 1.20946655e+02 1.11135111e+01 7.14604922e+04
 1.71099548e+03 3.24915161e+01 7.19308750e+04 1.35701963e+04
 1.66454803e+02 2.02365059e+04 3.36649188e+05 7.50044287e+03
 2.70720184e+02 2.51974194e+03 1.51570342e+04 9.54312439e+02
 8.74367310e+02 9.45595032e+02 1.44943802e+02 1.66663123e+03
 1.00863892e+02 1.97798767e+02 6.16642090e+02 4.98457031e+01
 1.01139990e+04 9.03906677e+02 1.16743428e+04 8.64179102e+03
 1.98182605e+03 8.84565552e+02 9.71988773e+00 1.04083633e+02
 2.10059131e+03 2.44276147e+03 6.11052322e+01 4.77543610e+02
 1.84389923e+02 4.78291211e+04 6.78638123e+02 1.79132629e+03
 2.87678432e+01 7.09542847e+02 3.79648047e+03 1.09519055e+03
 3.23476880e+03 3.08615771e+03 1.73870764e+03 1.22798157e+03
 6.57173996e+01 3.47135303e+03 3.24138916e+02 5.64153748e+02
 9.17614258e+02 2.44365234e+04 2.34245529e+02 1.68690826e+02
 5.50834961e+01 5.85913916e+03 1.44029810e+03 1.87162939e+03
 2.85908130e+03 3.60922461e+03 9.21630005e+02 1.04235781e+04
 8.48869019e+02 2.36676807e+03 8.99612732e+01 1.81062830e+03
 3.87674438e+02 9.13239319e+02 4.01334326e+03 2.19822876e+02
 1.28968799e+03 2.43448770e+04 3.52813568e+02 1.28193145e+04
 2.80331726e+02 1.20469751e+03 5.63895742e+04 2.84262842e+03
 3.00455139e+02 7.34571411e+02 3.79157410e+02 7.69221497e+01
 4.40680859e+03 1.46140884e+02 6.34392548e+01 2.11999731e+03
 1.88102844e+02 2.04739700e+02 3.27305565e+01 2.66372583e+03
 3.12413239e+02 1.87644073e+02 1.70722461e+03 7.45174756e+03
 5.80761230e+02 1.39077896e+02 6.55802307e+01 4.47163574e+02
 1.00938428e+03 5.12393799e+03 6.17420508e+03 2.64414642e+02
 1.86613281e+03 2.86359348e+01 7.16240332e+03 5.92076465e+03
 1.53232756e+01 1.07942676e+03 3.41550102e+01 2.70685938e+03
 6.51208801e+01 1.73049805e+03 2.29659958e+02 3.39199585e+02
 9.68412537e+02 3.06288422e+02 1.40711609e+02 1.01946541e+02
 2.25791016e+03 1.19696770e+02 3.80125397e+02 3.30550635e+03
 2.74416504e+02 3.54230737e+03 3.03541626e+03 1.05982100e+04
 2.67104272e+03 2.45475479e+02 1.03675217e+02 2.10599194e+03
 1.82286209e+02 3.95245105e-01 6.42182922e+02 2.97867523e+02
 1.52506399e+01 1.53789139e+02 2.80962311e+02 3.74176123e+03
 1.32998295e+01 2.90644556e+03 1.84466133e+01 8.96090637e+02
 2.78496313e+03 2.18837875e+02 9.35717697e+01 5.93978844e+01
 4.55308545e+03 4.34155365e+02 2.70745312e+03 2.46831757e+02
 1.28752319e+03 8.06050586e+03 7.29050110e+02 1.82328625e+03
 1.94241989e+02 5.74459900e+02 1.84767065e+03 2.84896313e+03
 1.33364648e+03 1.06753638e+03 2.24003922e+02 1.12417618e+02
 3.03032788e+03 1.49575378e+02 7.49642188e+04 4.80702051e+03
 2.09696751e+01 3.99624100e+01 2.42400951e+01 3.24064722e+03
 2.56999874e+01 1.31042810e+03 2.03896313e+03 4.27027435e+02
 1.32919830e+02 1.84818436e+02 3.97391553e+03 6.00039368e+02
 1.07821606e+03 1.57386401e+03 1.21523605e+02 1.53025000e+04
 2.66203827e+02 6.88230957e+02 9.15527649e+02 7.83207336e+02
 3.37010468e+02 5.04088916e+03 1.62921005e+02 1.04263184e+04
 1.22045166e+02 3.18259979e+02 1.31901917e+03 2.69691376e+02
 8.50394745e+01 3.36802216e+01 2.26251904e+03 1.14783417e+02
 6.24660986e+03 3.41425354e+02 5.01573730e+02 6.60860840e+02
 1.44827405e+03 3.61203687e+03 4.25722266e+03 2.53795469e+04
 1.21898840e+03 9.78966999e+00 9.04106384e+02 2.09632702e+01
 1.62078491e+02 2.80298877e+03 3.31761719e+03 5.93739807e+02
 1.51023010e+03 3.09238342e+02 3.60969635e+02 1.69156812e+03
 1.53014282e+03 1.93089661e+02 4.27074646e+02 4.55173111e+01
 4.64004541e+03 1.00673932e+03 1.04132129e+03 7.41241211e+02
 6.36443909e+02 6.64127393e+03 3.36811475e+03 8.15793839e+01
 2.85491870e+03 2.92758086e+04 5.09783142e+02 1.76128760e+03
 1.98611679e+02 3.72316803e+02 2.81260254e+02 2.09740860e+02
 1.52139807e+03 9.88452911e+01 1.24044487e+02 1.74022385e+02
 1.07025391e+03 4.18731494e+03 3.76019824e+03 2.76404736e+03
 1.82139339e+01 1.06041296e+03 1.28980312e+01 3.44310107e+03
 1.00827783e+04 2.79401367e+03 2.52867432e+02 2.48901196e+03
 2.68675018e+02 1.57468231e+02 4.53975000e+03 4.71211334e+02
 1.42992354e+04 2.05112988e+03 7.12724182e+02 1.24783813e+03
 1.03758496e+03 1.23627236e+04 1.47054456e+03 1.53395889e+02
 1.68478748e+03 3.85431006e+03 3.30807007e+02 6.76199707e+03
 8.65955200e+02 6.50270386e+02 4.75864453e+04 3.94347572e+01
 2.56141083e+02 2.35003442e+03 7.88025574e+02 2.16241379e+02
 1.68348047e+03 5.49114258e+03 5.28989906e+01 1.19046768e+02
 2.14748657e+03 6.68582825e+02 8.37948438e+03 2.44222656e+04
 5.37857239e+02 4.56495039e+04 2.87293739e+01 3.12455048e+02
 8.74267822e+02 5.09050110e+02 3.79768372e+02 1.07803096e+04
 2.51963428e+03 7.47016068e+01 8.92606812e+02 2.61598730e+03
 3.76256152e+03 1.28063492e+02 4.27366150e+02 3.92920215e+03
 2.43723129e+02 7.75884460e+02 3.23929443e+02 3.02572693e+02
 3.15840039e+04 9.81254395e+02 7.83395691e+02 7.86611877e+02
 7.16054565e+02 2.46356836e+03 6.35927086e+01 7.83553619e+01
 3.44357147e+02 1.70077316e+02 2.00720178e+03 1.33820615e+04
 1.40566833e+02 1.09876697e+03 1.60956797e+04 5.45559998e+02
 3.44934502e+01 2.39680420e+03 2.38863495e+02 1.04980225e+02
 1.36654639e+03 7.62732925e+01 2.81375244e+02 2.09718530e+03
 3.77112656e+04 2.27461365e+02 1.84376196e+03 3.22666621e+04
 1.93663086e+02 8.63264648e+03 4.75688623e+03 4.55652390e+01
 6.74402930e+03 1.04523120e+03 2.78228223e+03 1.43794043e+04
 1.64871109e+02 1.32629590e+03 4.25166992e+03 9.50252151e+01
 2.64061707e+02 5.65966211e+04 3.12265137e+02 1.44942947e+02
 2.53326953e+03 9.25584961e+03 8.25837463e+02 6.11545801e+03
 1.21141719e+04 1.28321033e+03 1.03578845e+03 2.33939512e+04
 5.73050586e+04 4.60627747e+02 6.66702332e+02 2.43389252e+02
 5.34621033e+02 2.87586609e+02 1.31954969e+05 6.47655701e+02
 1.90344028e+01 7.70195679e+02 3.36669998e+01 3.56937939e+03
 3.83737744e+03 7.17778662e+03 1.93951538e+03 3.70379028e+02
 5.27159452e+00 1.10666908e+02 3.97912537e+02 2.81724182e+02
 2.35993286e+03 1.14615991e+03 2.32582739e+03 7.35714502e+03
 3.69060547e+02 2.07784637e+02 1.83872299e+01 1.44332672e+02
 2.90016577e+03 9.73202820e+01 2.17249115e+02 1.66473425e+03
 5.07671836e+04 3.22758447e+03 1.14810339e+03 6.44576355e+02
 1.00481256e+03 4.24587746e+01 6.56263672e+03 6.57303857e+03
 1.44040359e+02 3.24009741e+03 7.68211548e+02 1.21100354e+03
 5.83673438e+03 2.71772278e+02 2.17585840e+03 9.19571350e+02
 2.38989288e+02 1.77017334e+02 1.37369775e+03 7.59399796e+01
 3.32817944e+03 1.01242841e+03 1.03336998e+02 8.08597021e+03
 1.49633636e+01 1.31211328e+04 6.29270554e+01 4.49601807e+03
 5.71261780e+02 9.78740112e+02 1.59144958e+03 1.74615369e+03
 1.41266279e+04 3.35421783e+02 3.52580835e+03 9.53158496e+03
 1.17136581e+02 5.14714289e+00 1.11722305e+02 2.69961279e+03
 4.03011902e+02 2.10081738e+03 1.68963837e+02 9.15403906e+04
 4.05184875e+02 1.23112000e+03 1.18948438e+04 7.79357483e+02
 2.68502045e+01 6.06701721e+02 8.71317090e+03 1.72700757e+03
 1.03494836e+03 5.53488770e+02 1.92907190e+03 4.50002975e+01
 5.88824072e+03 3.56493744e+02 1.47095528e+01 1.42983551e+02
 1.68053207e+02 1.37803312e+05 4.61163216e+01 2.76369934e+02
 9.98114441e+02 6.97920801e+03 1.31438281e+03 1.13977129e+04
 1.61962753e+02 6.69599487e+02 9.76243210e+01 1.84516406e+03
 7.75412598e+01 2.91560376e+03 7.02207642e+02 2.43802124e+03
 9.33367767e+01 3.10999365e+03 3.87073730e+02 5.97235195e+04
 1.67997299e+02 5.62349365e+02 3.30588379e+03 1.52182007e+03
 3.48198364e+02 5.80560107e+03 3.61356274e+03 2.02905945e+03
 3.26330444e+02 5.66503711e+04 9.00131775e+02 1.49915405e+03
 5.06926636e+02 4.84260205e+03 2.85622656e+03 1.40610886e+02
 1.30906693e+02 1.27095726e+02 2.69883362e+02 2.29982208e+02
 2.16573022e+03 1.09411148e+02 1.36306702e+02 2.65644775e+03
 7.22265198e+02 2.74899463e+03 3.57246094e+03 1.46960378e+00
 9.63440625e+03 7.19745728e+02 1.67894519e+03 1.78620642e+03
 6.17097900e+02 3.06543652e+03 3.18340771e+03 5.13839844e+02
 1.06479004e+04 2.30992477e+02 2.13642105e+02 1.09706348e+03
 2.17477219e+02 6.02530640e+02 6.22431946e+02 2.94792671e+01
 1.04040076e+03 2.51126929e+03 1.81012375e+02 1.81425916e+03
 1.04756677e+03 3.02070459e+03 1.51344223e+02 4.62578857e+03
 2.34129907e+03 3.98796758e+04 2.73348663e+02 1.91074265e+02
 9.36017517e+02 2.32580704e+02 4.36338232e+03 1.12162460e+02
 1.76705039e+04 4.94532806e+02 1.06374722e+01 7.91101837e+01
 2.73753979e+03 6.01296436e+03 3.02786652e+02 1.36557920e+04
 2.45827539e+03 8.03879211e+02 2.08082733e+02 9.77483459e+02
 1.19208179e+03 1.16807556e+01 6.66988281e+02 2.19084253e+03
 1.36910919e+02 3.32757629e+02 8.02194138e+01 1.19750352e+04
 2.73313745e+03 1.29122711e+02 1.04234851e+03 1.87813721e+03
 1.23436611e+04 6.66099060e+02 1.35220508e+03 6.88888474e+01
 1.71531860e+03 1.68964392e+03 4.17917578e+03 1.94515648e+01
 1.86467070e+04 1.31393738e+02 3.06615781e+04 8.96563049e+02
 8.14704297e+03 4.02563320e+04 8.36308960e+02 3.35109937e+03
 3.26215576e+03 2.50426465e+03 1.00998334e+03 1.21304832e+02
 1.82696667e+03 7.74566211e+03 1.61241235e+03 8.91207324e+03
 8.04804443e+02 1.44641077e+03 1.11929307e+04 3.86854156e+02
 2.83333423e+03 5.11837695e+03 1.67452562e+00 7.95365540e+02
 4.76619659e+02 1.91786156e+01 3.49634613e+02 2.49222510e+03
 4.97090057e+02 3.50913208e+03 3.06171150e+01 2.25412744e+03
 2.18958945e+04 8.56960266e+02 1.18542242e+00 6.37782324e+03
 1.69752207e+04 9.77320923e+02 1.57708135e+04 7.54144336e+03
 1.11530540e+02 4.32155060e+02 1.79322830e+02 1.26411491e+02
 2.66479443e+03 1.86337878e+03 2.97854468e+03 2.92551147e+02
 1.15865857e+03 3.82745752e+03 8.73269897e+02 1.44110413e+02
 1.86337601e+02 5.86813232e+02 1.39002490e+03 1.93739807e+02
 2.89735699e+01 4.46524292e+02 1.38099072e+04 9.28694641e+02
 6.06280334e+02 1.56045742e+01 1.08522500e+04 3.58522278e+02
 4.93556348e+03 3.12565289e+01 1.29234644e+03 7.11065479e+03
 5.70151245e+02 1.36974316e+03 4.40734520e+01 1.44192642e+02
 1.43933142e+03 5.62353455e+02 5.77832397e+02 5.95743042e+02
 1.37056482e+03 6.64949768e+02 1.73098373e+02 1.18222046e+03
 7.74017517e+02 5.30038184e+03 1.03635215e+04 1.50907935e+03
 1.75332626e+02 4.41114716e+02 1.24156618e+01 1.19350000e+03
 1.65682312e+02 3.58352393e+03 2.72969238e+03 1.59578357e+03
 4.52885498e+02 4.69503857e+03 6.05027490e+03 5.94909131e+03
 2.05038452e+03 1.23826500e+02 4.56029980e+03 8.96119629e+03
 1.96668968e+01 2.86102936e+02 2.18532007e+03 4.91797089e+02
 4.53066992e+03 5.40541016e+02 3.49547043e+01 7.71211875e+04
 2.35924121e+03 5.86223438e+03 6.40984680e+02 8.63807715e+03
 1.59878540e+03 2.60249731e+03 2.71669579e+01 1.79748962e+02
 3.79106714e+03 7.51372925e+02 4.76953418e+03 7.77280212e+02
 3.91819489e+02 7.49041672e+01 1.16719685e+01 1.64193463e+00
 6.40693665e+02 2.26575058e+02 3.19737549e+02 1.17556694e+02
 4.40866791e+02 3.81626892e+02 6.20017529e+03 9.19178589e+02
 1.12708153e+02 3.95627899e+02 5.24382080e+02 2.13335273e+04
 1.22646328e+04 8.72443237e+01 2.23724341e+03 2.06061255e+03
 3.11396332e+02 5.45372375e+02 2.48453491e+03 8.29228613e+03
 1.94295197e+01 5.71335022e+02 3.19818726e+03 9.29417297e+02
 2.10766754e+02 7.71449280e+01 5.27756714e+02 5.16197449e+02
 1.47193066e+03 7.14163379e+03 7.12358594e+03 3.65133759e+02
 2.51304092e+02 1.30050247e+02 8.48919556e+02 1.13487964e+03
 3.34900537e+03 4.96535950e+02 5.29657104e+02 2.83358021e+01
 4.62661886e+00 1.30686494e+04 7.50349062e+04 3.51047485e+03
 3.61645966e+02 5.15689575e+02 6.13495972e+02 6.51597500e+00
 2.99115062e+00 1.10095856e+02 1.25664844e+03 4.32554131e+01
 1.44309143e+03 2.48646545e+02 7.74099976e+02 3.56628265e+01
 2.37937256e+03 1.86658600e+02 2.80669580e+03 7.02885498e+03
 4.56129547e+02 2.56961594e+01 3.55513086e+03 2.32813034e+02
 2.76088715e+02 1.14371448e+03 3.66719214e+03 1.62758411e+03
 2.03803564e+03 4.58445221e+02 7.46346588e+01 1.68337695e+03
 5.47732910e+02 1.09948822e+02 2.49585864e+03 2.98670929e+02
 8.39436417e+01 8.61020752e+02 7.22684814e+03 1.69026718e+02
 8.28939514e+02 4.86298889e+02 4.50914795e+02 6.88801758e+02
 7.33040405e+02 6.51390076e+02 9.27049805e+02 3.62524658e+02
 1.31914993e+02 5.93400146e+03 3.03249878e+02 5.14721240e+03
 6.38707031e+02 1.92948718e+03 8.07602637e+03 4.36965039e+03
 4.66059141e+04 8.18637756e+02 3.35431427e+02 4.59824609e+03
 3.90562935e+01 7.13198486e+02 1.06129175e+03 1.33514023e+01
 3.89700714e+02 4.80392969e+03 1.51355957e+03 5.63438721e+03
 6.95558447e+03 1.02354980e+03 4.47596802e+02 5.08923920e+02
 1.85058972e+03 6.81566544e+01 2.83288330e+03 1.16730908e+04
 2.07689990e+03 5.75281944e+01 1.90373262e+04 1.51781448e+02
 4.38335327e+02 7.81096924e+03 3.08963684e+02 9.61403613e+03
 2.46889209e+03 1.62122330e+02 4.39475537e+03 2.38049658e+03
 3.88514380e+03 1.22473755e+03 3.84525238e+02 2.40557080e+03
 3.52014648e+03 1.18243622e+02 6.84916699e+03 1.38253098e+02
 2.71445312e+02 8.94246582e+03 2.39905777e+02 1.22406309e+04
 3.98289452e+01 8.65407959e+02 7.97736572e+02 8.55634308e+01
 1.85857251e+03 5.73721069e+02 1.70521924e+03 1.94197418e+02
 8.41187500e+02 1.34319324e+03 1.22363818e+03 2.39341816e+04
 7.01969141e+03 1.94397168e+04 7.14484741e+02 2.02806061e+02
 1.71174902e+04 8.36776953e+03 5.23274561e+03 8.27561279e+02
 9.36125793e+01 1.86343365e+01 7.86872620e+02 1.16550537e+02
 4.16844531e+03 2.07030716e+02 3.25804590e+03 3.63325879e+03
 6.79252656e+04 7.92871887e+02 1.38416290e+02 1.06867957e+03
 9.59777954e+02 2.29760284e+02 1.48446472e+03 1.19837976e+03
 6.48475647e+02 6.64411011e+02 1.71394104e+02 3.24993317e+02
 9.71601074e+03 1.12629501e+02 2.70598105e+04 1.06621973e+04
 3.41393711e+04 2.69282202e+03 2.35573193e+03 1.40115271e+03
 9.10564270e+02 4.36143036e+02 2.66195564e+01 6.51934998e+02
 1.22128288e+02 1.52226990e+02 1.59186600e+02 1.40322666e+04
 9.74523071e+02 1.77143860e+02 2.11319733e+02 2.61242188e+02
 9.67374115e+01 1.04575366e+03 4.73507507e+02 2.00149434e+04
 1.31539734e+02 1.64730432e+03 1.31213745e+03 2.21928564e+03
 1.00445534e+02 2.10234650e+02 3.50787109e+03 4.91152382e+01
 2.54699097e+03 2.20743210e+02 1.16415125e+03 3.60166412e+02
 2.84555127e+03 4.33444122e+02 2.93606476e+02 5.15748100e+01
 4.63565521e+02 1.35646899e+03 1.73673328e+03 5.84532080e+03
 1.37797470e+02 3.45725616e+02 5.30627832e+03 2.12452591e+02
 1.36436975e+03 7.61704969e+00 4.92033813e+02 1.73592993e+03
 1.74006006e+03 4.73117584e+02 1.37743237e+03 1.16854724e+03
 2.93368262e+03 2.84415955e+02 2.15717392e+02 7.68452832e+03
 5.83350464e+02 1.77897537e+02 9.17656445e+03 2.23117993e+03
 4.11208534e+01 5.70271568e+01 9.33417969e+03 2.41388781e+05
 8.88498840e+01 3.48001404e+01 2.73080127e+03 4.87439941e+03
 8.72076035e+01 7.54500977e+02 7.07911682e+02 1.79131226e+02
 1.15033655e+01 2.32783020e+02 1.14551013e+03 5.64050488e+03
 3.77682544e+03 1.59452551e+03 3.50461475e+03 1.83692139e+03
 1.41232532e+03 4.99113373e+02 2.53554031e+02 7.86374268e+02
 1.14228796e+03 6.38070361e+03 2.11028271e+01 2.39171478e+02
 1.83662246e+04 6.07300110e+02 6.81078564e+03 9.93008347e+01
 4.37650391e+03 2.27194595e+02 5.71184326e+03 1.21853328e+05
 6.54655075e+01 9.22447205e+02 4.81479736e+02 5.40240784e+02
 7.94667435e+01 5.53436670e+03 1.72125900e+02 9.64654358e+02
 3.14325134e+02 1.06726270e+03 4.40755352e+04 6.17464111e+02
 9.17410828e+02 1.61836548e+03 8.09604416e+01 2.68377026e+03]
4657.599
336649.2
