[2.47084741e+03 4.46348381e+00 1.60891931e+03 1.22958328e+02
 1.92452031e+05 1.84035859e+04 6.04206602e+04 1.46722312e+05
 1.57745688e+05 5.53589922e+04 2.15706543e+04 2.02409516e+05
 1.08369373e+03 8.54180762e+03 7.93227881e+03 1.58765335e+02
 3.16745156e+04 1.08633459e+03 1.55563672e+05 1.26757500e+06
 2.74656219e+05 3.56755977e+04 1.25733210e+07 1.10916664e+05
 9.69343796e+01 9.57268125e+05 1.34517088e+06 2.45218613e+04
 5.63163203e+04 8.84886875e+04 3.81567000e+05 1.41905734e+05
 2.01387312e+05 4.92496045e+03 6.35477250e+05 1.22206641e+03
 3.18933672e+04 5.07823547e+02 1.25046948e+03 1.05340645e+04
 3.06456763e+03 5.82244629e+02 3.88792212e+03 2.51690031e+05
 1.56960635e+04 4.89836639e+02 3.96045654e+02 3.44339905e+02
 3.68938086e+04 1.51030444e+03 4.58736328e+04 9.31769043e+03
 1.52159698e+02 1.90849316e+04 8.51524609e+03 3.12789160e+04
 2.47955957e+04 7.25491062e+05 4.03164727e+04 5.14013984e+04
 3.33723406e+05 2.67461694e+03 4.96488438e+04 3.54546558e+03
 2.05574390e+03 1.98940808e+03 3.99393594e+04 5.23770547e+04
 3.27451080e+02 1.00569922e+04 4.16172695e+04 8.57984082e+03
 7.29835986e+03 8.87873154e+01 5.91190469e+04 9.78296582e+03
 1.22266797e+05 5.54225195e+03 5.52522469e+00 9.75136562e+05
 1.40969574e+02 1.75133923e+03 9.56470898e+03 2.80503693e+02
 6.35680156e+04 1.47359252e+00 2.26100332e+04 2.01791426e+04
 8.84654102e+03 3.76647217e+03 9.61257031e+03 2.85046836e+04
 2.25702357e+00 2.40067016e+05 9.77580750e+05 1.27200659e+03
 8.87287422e+04 3.33232344e+04 3.62195938e+04 9.75015869e+01
 1.93782484e+05 1.73703172e+05 3.40627031e+04 5.70999609e+04
 6.31488984e+04 1.43911926e+03 8.16573359e+04 1.12977891e+04
 3.62457642e+03 2.43574268e+03 3.06604956e+03 4.15174469e+05
 4.04087601e+01 1.26369080e+03 1.18566875e+04 7.10540466e+02
 3.22552417e+03 2.68683618e+03 2.27043062e+05 1.33706260e+04
 3.32922021e+03 1.55082734e+04 3.17373500e+05 1.45029525e+06
 2.23521265e+03 2.15517773e+03 1.16728096e+04 1.85327500e+04
 1.06308037e+04 3.49751328e+04 5.22364902e+00 7.98205750e+02
 3.77192070e+04 4.79278555e+04 3.35712183e+03 5.73316650e+03
 3.06081969e+05 1.01129424e+04 6.48730774e+02 1.79401266e+05
 2.49800508e+04 2.66195188e+05 1.78987562e+05 2.18216289e+04
 1.70041219e+05 1.29250479e+04 2.42760410e+04 2.96589594e+05
 7.88306484e+04 4.06563281e+04 4.45360382e+02 1.37737625e+05
 1.07619961e+05 3.03917520e+04 1.25602998e+04 8.78331152e+03
 1.03403357e+03 3.33877266e+04 1.40377212e+00 2.33488938e+05
 5.03608625e+05 1.52016855e+04 2.42983932e+02 2.19514206e+02
 3.56681396e+03 7.42443896e+03 7.66496216e+02 4.62724648e+04
 3.38548340e+03 1.55880823e+03 8.82751892e+02 1.40291141e+05
 6.73783203e+04 1.50593721e+04 5.88782617e+03 2.27187671e+03
 4.26990391e+04 6.76899121e+03 6.07770312e+03 7.83922578e+04
 3.68609922e+04 1.92330488e+04 2.37230547e+04 7.76884531e+04
 8.22992859e+02 6.77863388e+01 5.05678008e+04 4.66189893e+03
 9.84944434e+03 1.93268469e+03 3.88434648e+04 1.85825317e+02
 1.03473511e+03 9.51343750e+04 5.95579727e+04 1.36757891e+04
 3.94052438e+05 1.82206982e+03 2.64749341e+03 2.11393691e+04
 2.35198486e+03 1.24486084e+03 9.20917847e+02 3.24494767e+00
 5.99366812e+05 8.77303750e+05 3.01646875e+03 2.05418823e+03
 1.24836611e+04 1.75145477e+02 7.46695234e+04 3.44468079e+02
 8.48157500e+04 1.62992375e+05 4.74381602e+04 1.13075762e+04
 3.39191919e+03 3.03866133e+04 5.07147278e+02 7.77459619e+03
 5.44530898e+04 3.60181367e+04 6.30194336e+04 6.07997750e+05
 3.12033569e+03 2.55979175e+03 1.83794805e+04 1.31438843e+03
 8.44918359e+04 2.10227832e+04 3.63926836e+04 3.76157305e+04
 1.53205957e+03 4.98019684e+02 1.31616089e+02 1.97155125e+05
 2.71671265e+03 7.72506934e+03 2.02500352e+04 3.96644375e+04
 4.14727938e+05 3.52541046e+02 6.88139038e+02 4.87636475e+03
 6.48331445e+04 6.96545547e+04 1.27332852e+04 3.61033447e+03
 3.38225250e+02 2.02830238e+06 5.00349170e+03 2.54522188e+05
 5.33775391e+04 2.95771816e+04 3.11863770e+03 2.67427441e+04
 1.03823734e+05 1.61947549e+04 6.93047344e+04 4.96069805e+04
 2.16209750e+06 4.20002930e+04 9.02418030e+02 8.43389465e+02
 8.66582129e+03 1.47763623e+04 1.31276562e+04 2.09838484e+05
 1.56932875e+05 2.68946172e+04 1.01036163e+03 1.44414625e+05
 1.51446747e+02 1.93671465e+04 2.19800957e+04 2.41702637e+04
 8.96397562e+05 1.80516547e+05 9.47394531e+03 1.13108506e+04
 6.34771729e+02 6.79687842e+03 5.16569214e+02 3.59340882e+00
 2.05641479e+03 1.05723516e+05 5.76271875e+04 1.74164906e+05
 1.32208750e+04 5.31121436e+03 1.75510975e+06 1.80622406e+02
 2.22294571e+02 1.61725598e+03 1.06529014e+04 4.44342578e+04
 6.70749817e+02 4.08038828e+04 2.47883809e+04 7.67668518e+02
 8.58942031e+04 1.23600818e+03 2.30571503e+02 7.52601812e+05
 4.94444656e+00 1.18294562e+06 5.30712988e+03 3.57777375e+05
 7.68459297e+04 5.89869156e+01 1.74104736e+02 1.62340406e+05
 6.98103320e+03 3.73551641e+04 4.91407410e+02 1.07449293e+01
 7.73123047e+02 1.65797119e+03 1.02989746e+03 4.68005719e+05
 1.89587988e+03 6.18951211e+04 1.03437150e+00 9.97876797e+04
 7.00248688e+05 4.73748047e+03 2.53464185e+03 7.80718384e+02
 3.77830406e+05 1.98255141e+05 3.15307734e+04 4.32260010e+03
 8.03472046e+02 7.90566562e+04 5.40070664e+04 1.62563547e+05
 5.34189987e+01 1.11513213e+04 9.86431934e+03 2.99466191e+04
 6.39187109e+03 1.05587236e+04 7.11166484e+04 2.98118359e+04
 2.88574292e+03 1.24433916e+04 1.42922031e+04 2.90585449e+04
 2.80484023e+04 1.50543643e+04 4.15183398e+03 2.02577512e+06
 9.40612598e+03 4.22067657e+02 1.20511273e+05 1.26472375e+03
 7.31968506e+03 6.86914297e+04 6.06583008e+03 1.36808667e+03
 1.18192344e+05 1.38633406e+05 3.50328375e+05 4.92609229e+03
 3.75383312e+05 2.17212550e+06 1.69330840e+04 3.31394897e+02
 1.40694925e+06 1.39897844e+05 3.68746016e+04 2.87349906e+05
 1.75835312e+04 3.51617017e+03 7.89624805e+03 3.18285594e+05
 4.97341289e+04 5.10910000e+04 4.13472656e+02 1.07068453e+01
 2.06016650e+03 1.03162842e+03 1.15732289e+05 1.44150439e+04
 5.35980156e+04 2.26286031e+05 1.78963330e+03 1.19088989e+03
 1.25882336e+05 7.37134814e+03 2.21549512e+04 1.78123516e+04
 9.40202820e+02 1.74437090e+04 4.77515898e+04 6.16796641e+04
 4.67249883e+04 9.43855500e+05 5.87875352e+04 5.70136445e+04
 8.76046753e+02 8.89407734e+04 1.56675576e+04 5.40713440e+02
 2.28712188e+05 1.97305879e+04 3.60573047e+03 2.93786328e+03
 1.43843781e+02 2.84006665e+03 9.86615753e+01 2.00582266e+04
 1.64312844e+05 3.18621167e+03 4.38578857e+03 1.27858469e+05
 9.84990356e+02 1.48596423e+03 3.66782898e+02 9.37522852e+03
 8.59609375e+04 8.43619141e+03 7.59152266e+04 1.70221266e+05
 5.97959375e+04 6.35759619e+03 6.16582734e+04 5.35868225e+02
 1.48434641e+05 6.85523125e+04 1.67983086e+04 8.16958672e+04
 2.27342891e+04 5.03127438e+05 1.60818954e+02 2.69540552e+03
 6.07889893e+03 8.87330762e+03 4.68820586e+04 5.65516406e+03
 4.82474219e+03 5.03713086e+03 1.29704094e+05 3.09019844e+05
 3.14685215e+04 1.90802637e+04 3.17666748e+03 2.51961672e+05
 6.56327578e+04 4.10975647e+02 1.85808557e+03 5.00093562e+05
 1.33056777e+04 2.06885859e+05 1.51186672e+05 3.52922144e+03
 5.76754541e+03 2.83018652e+04 3.71467852e+04 6.93504346e+03
 9.00165156e+04 1.93192500e+04 2.69069688e+04 6.63615674e+03
 3.61136172e+04 4.26860898e+04 7.92316641e+04 4.32974182e+02
 5.68105811e+03 9.43859125e+05 1.28784453e+04 1.01827549e+04
 4.49547344e+04 1.53322328e+05 2.49870977e+04 5.55832178e+03
 6.91391406e+03 6.79391992e+03 1.69767044e+02 2.18023320e+04
 6.59204375e+04 8.68996716e+00 4.19390273e+04 4.12816748e+03
 3.87666138e+02 1.77564449e+01 2.42762520e+04 2.78550434e+01
 2.89733829e+01 3.34836133e+04 4.28032734e+04 8.09192932e+02
 2.43383130e+03 3.06632383e+04 5.96801211e+04 9.14151953e+03
 4.26081914e+04 8.57534812e+05 1.09551697e+02 9.55384609e+04
 2.28735430e+04 3.06156787e+03 1.20610547e+05 1.84455063e+02
 1.50506611e+04 1.17877939e+04 5.12590479e+03 6.56052002e+03
 2.45420078e+04 8.42666895e+03 8.90476318e+02 1.12293477e+04
 1.25589188e+02 6.57019844e+04 1.69891348e+04 4.90138438e+05
 2.93909102e+04 7.27151642e+01 1.51768172e+05 7.36672791e+02
 3.72109106e+03 8.58441484e+04 5.91821914e+04 6.71453906e+04
 4.97604688e+04 1.15428604e+04 7.37031689e+03 1.18953617e+05
 5.48105625e+04 3.27941328e+04 3.21602637e+04 1.91230664e+03
 1.55289980e+04 1.34953375e+05 1.86654199e+04 2.15894214e+03
 2.09843516e+04 2.43366172e+05 1.20377457e+02 1.36422156e+05
 1.21681562e+05 2.92397938e+05 1.15816760e+03 3.79364655e+02
 7.98020996e+03 2.34392988e+04 8.83712891e+03 2.16195251e+02
 5.78646523e+04 1.01392326e+02 8.41805312e+04 3.03951250e+04
 2.27174453e+04 7.70059844e+04 1.11082432e+04 2.42102188e+04
 8.06441406e+04 2.21933887e+04 1.43000322e+04 3.33408047e+04
 1.81907825e+01 1.51717749e+03 3.20368984e+04 4.75075898e+04
 1.06324551e+04 3.79710571e+03 1.28264795e+03 1.78928688e+05
 4.43233945e+04 4.28391162e+03 6.56675156e+04 1.69451875e+04
 9.53841328e+04 1.92584922e+04 2.63015742e+04 2.09503703e+05
 4.67157070e+04 1.33158478e+02 1.01358328e+05 3.29815137e+03
 2.89715576e+03 2.39968164e+04 1.17708602e+05 1.28299062e+05
 1.98103750e+04 5.88815332e+03 5.02724023e+03 2.70601593e+02
 5.73528164e+04 1.62724531e+05 3.30098062e+05 1.60881396e+03
 3.89896250e+04 6.71189922e+04 5.96382031e+04 1.32932016e+05
 8.02478149e+02 3.16035996e+04 5.89620508e+03 5.99677295e+03
 1.76820725e+06 4.62082852e+04 1.04641931e+03 1.95577417e+03
 1.84490219e+05 3.63552322e+01 4.31215664e+04 4.66901731e+00
 3.81017891e+04 2.46105859e+05 1.73361191e+02 1.06933936e+03
 1.95191562e+05 1.24134594e+05 4.99710986e+03 4.32024445e+02
 4.64675977e+03 3.41127375e+05 4.42626156e+05 1.69242859e+05
 1.35609668e+04 1.07353455e+03 2.50983379e+04 6.24986124e+00
 6.12022617e+04 3.89774585e+03 3.52383789e+03 1.40709241e+03
 1.29916242e+05 4.81680312e+04 3.24130664e+04 9.30302539e+03
 9.22799609e+04 1.01037727e+05 2.93028247e+03 6.41961279e+03
 7.01272812e+04 1.88755798e+03 1.05998621e+01 1.42996545e+03
 2.74597871e+04 2.37873672e+05 2.63294043e+03 6.92423462e+02
 2.37285500e+06 2.45960474e+03 4.23704570e+04 5.17590898e+04
 3.21639328e+01 2.15993320e+04 5.21593811e+02 2.22909912e+03
 3.12043994e+03 1.20768530e+03 1.04660010e+04 1.15864463e+04
 1.29740849e+01 2.36541172e+04 2.62214508e+01 1.51678320e+03
 7.34376318e+03 4.60762312e+05 1.97091281e+05 1.90559570e+02
 1.90529785e+03 8.50961182e+02 3.20663477e+04 6.52706836e+03
 4.00953945e+04 5.00167062e+05 8.50635859e+04 7.43415625e+04
 1.34547480e+04 9.56353984e+04 6.34771289e+03 4.83327875e+05
 9.17262634e+02 4.40787539e+04 1.55355254e+04 9.79214706e+01
 3.43756719e+04 4.79758838e+03 2.19460083e+02 3.30028359e+04
 3.24672607e+02 2.17977271e+03 9.15684052e+01 8.29181946e+02
 4.20146133e+04 1.32070906e+05 3.72937500e+04 1.75187234e+05
 2.02538926e+04 9.99703984e+04 2.32990161e+03 3.30271362e+03
 5.27572062e+05 9.65191113e+03 7.80292422e+04 3.49955893e+00
 5.12041602e+04 1.98490918e-01 3.58278833e+03 2.20758276e+03
 4.68967695e+04 2.83153839e+02 3.56512812e+04 3.85345039e+04
 3.45341016e+04 2.85398613e+04 4.70673847e+00 8.59805859e+03
 5.10365562e+05 3.10169812e+05 2.22578086e+04 1.71602207e+04
 5.80907656e+04 1.14171667e+03 2.25553406e+02 2.92076733e+03
 1.15771423e+02 4.97623672e+04 2.62244355e+04 7.73638984e+04
 1.78579668e+04 4.57882812e+03 2.69895781e+04 7.43563000e+05
 3.99110469e+05 7.29498828e+03 7.25932344e+04 1.17307988e+04
 2.33045239e+03 1.30085484e+05 9.22657812e+03 2.50552188e+04
 2.90429219e+04 4.71300781e+04 1.46568156e+05 9.86361953e+04
 3.25095688e+05 1.54031335e+03 2.12080344e+05 1.99279944e+03
 1.90943086e+04 4.17998926e+03 8.40367125e+05 1.06555273e+05
 1.28733826e+02 4.72033264e+02 1.18575852e+05 2.19789375e+04
 6.06832373e+03 1.28296695e+05 1.06879941e+04 4.12388516e+04
 5.20342461e+04 2.53804504e+02 6.36094961e+04 2.43148950e+03
 2.91913781e+05 2.45358228e+03 5.64633350e+03 2.14713599e+03
 5.54864697e+03 7.61171729e+03 1.91268359e+04 2.16231787e+03
 1.53696762e+02 7.17340771e+03 2.18677100e+03 3.97446997e+03
 1.94687562e+05 8.89262793e+03 3.11183563e+02 1.75172620e+03
 1.88969641e+03 8.72252083e+00 3.26261865e+03 2.63859336e+04
 1.42790059e+04 4.97231836e+04 3.88134651e+01 1.87366058e+02
 4.94339023e+04 7.99479062e+04 1.04757594e+06 2.05885078e+04
 2.67434540e+02 1.47098938e+06 6.51185889e+03 8.16959766e+03
 1.33978052e+03 4.68973359e+04 2.23274703e+05 7.13316953e+04
 3.98043984e+04 1.66919815e+02 5.02303467e+03 3.59097437e+03
 5.99311688e+05 9.22974531e+04 1.08509766e+04 1.08799238e+04
 2.26996562e+04 1.77929805e+04 2.78051147e+01 2.12535586e+04
 3.07442784e+00 3.37031484e+04 2.10891260e+03 2.76545234e+04
 3.09121230e+04 6.56080615e+03 8.60614531e+04 4.50460596e+03
 9.47823547e+02 3.54221133e+04 5.60393604e+03 1.19756075e+06
 6.69145859e+04 1.43980164e+03 1.78903637e+01 5.90777617e+04
 2.36699824e+04 3.20314922e+04 7.97824860e+01 1.30004758e+05
 6.12231903e+01 3.02186371e+02 2.09532625e+05 1.23001621e+04
 2.29212656e+04 4.72368011e+02 4.38671875e+03 5.66200146e+03
 2.78140156e+04 2.61978058e+02 1.21144355e+04 1.07288438e+04
 3.74846562e+04 1.20450264e+04 3.69691406e+03 1.44687838e+06
 3.59132959e+03 9.95312109e+03 3.16075117e+04 8.65843750e+03
 3.04205994e+02 5.04672119e+03 1.62242531e+05 1.02121094e+05
 1.56617891e+05 1.30145438e+05 2.80203688e+05 1.92794739e+03
 1.06032900e+04 7.84083672e+04 1.03320381e+04 3.85482373e+03
 4.90481562e+04 6.01182148e+04 1.16716675e+06 8.12340430e+03
 2.72220723e+04 5.91966094e+04 5.66449308e+00 1.11158828e+04
 3.37746211e+04 3.39980430e+04 2.72392363e+04 2.90891357e+03
 1.46520150e+06 2.75669214e+03 4.37413788e+02 1.98334070e+03
 1.49957166e+03 4.81644336e+03 2.32372207e+04 1.02982438e+05
 5.87356250e+03 7.20954736e+03 2.62423511e+03 1.13971336e+05
 6.56970312e+05 3.16605332e+04 2.15591895e+03 6.59198750e+05
 1.18299961e+04 1.31469344e+05 8.08359453e+04 1.60074268e+03
 1.59243500e+05 7.00009918e+01 6.40288477e+04 3.29558197e+02
 2.67837070e+04 6.52987305e+02 3.98629141e+04 4.02303750e+05
 1.37886045e+04 1.87237910e+04 1.15792875e+01 4.68847227e+04
 2.00455918e+04 3.89208145e+01 3.51302881e+03 4.10338320e+04
 8.77372949e+03 2.41764344e+05 2.03543060e+02 2.69801270e+03
 1.15775727e+05 2.35380449e+04 8.43561035e+03 1.68854234e+05
 1.79165762e+04 3.05863281e+05 3.26959883e+04 6.25771143e+03
 1.91845918e+04 4.89838867e+04 2.64337676e+04 2.47098945e+04
 2.40459453e+04 3.40780625e+04 3.20621191e+04 2.06805781e+04
 8.66353594e+04 2.07632090e+04 1.59293945e+04 6.07152812e+04
 7.22036875e+04 7.09521387e+03 9.86983337e+02 1.19271069e+03
 2.23563965e+02 2.22045807e+02 3.43026459e+02 4.50656557e+00
 7.42312012e+03 5.90231152e+03 7.41722595e+02 7.95123516e+04
 2.82425762e+04 2.30625312e+04 9.62118042e+02 1.91915508e+04
 1.59602594e+05 4.54821582e+03 1.04602156e+05 1.14681010e+07
 2.49442695e+04 2.75683379e+04 5.34028711e+04 1.45180798e+03
 1.03068835e+03 3.53554297e+03 6.30277266e+04 3.90967749e+03
 3.69335522e+03 2.62715469e+04 1.26173760e+04 2.98016969e+05
 1.11280547e+04 1.13373789e+04 9.21798516e+04 5.41857324e+03
 5.78361375e+05 9.81092969e+04 1.82370723e+04 1.10204164e+05
 9.50154266e+01 1.05655332e+04 7.68717031e+04 1.76167422e+04
 1.20306288e+06 1.08795188e+05 2.32869312e+05 1.47157402e+04
 9.86812344e+04 5.61619092e+03 3.34184336e+04 9.55800100e+06
 1.17830453e+05 7.95110312e+04 8.70969727e+03 2.08289526e+03
 5.54871277e+02 4.38042539e+04 5.31347168e+03 2.56019629e+04
 1.77857132e+02 4.37441914e+04 4.35118867e+04 5.72619805e+04
 1.27899902e+04 2.60021191e+03 2.23042622e+01 2.90830898e+04]
126756.69
12573321.0
