[3.61167175e+02 1.46164749e+02 3.21587598e+03 2.58583069e+02
 3.33249219e+03 6.46095947e+02 2.76435730e+02 1.31916351e+02
 4.76869080e+02 6.96861816e+02 1.30868698e+02 1.00643701e+03
 1.81788965e+03 2.44920972e+03 1.71640884e+02 7.11369934e+01
 2.32126416e+03 6.26518097e+01 9.09771484e+02 5.20843867e+04
 5.81608252e+03 8.40346985e+02 6.62266125e+05 2.15365698e+03
 1.35876297e+02 3.60516748e+03 4.72475000e+03 4.74947266e+03
 2.24124039e+02 1.85083752e+03 1.39327852e+04 5.74769629e+03
 3.03816650e+03 4.78104286e+01 1.45834268e+04 2.37497086e+02
 1.45253357e+03 3.28691748e+03 1.35993433e+03 6.59298035e+02
 6.37846069e+02 1.23047168e+04 8.88215332e+02 1.04381091e+03
 1.04426699e+04 1.70768164e+03 5.09931030e+01 9.46115875e+01
 1.13702161e+03 1.04219678e+04 1.42354767e+02 7.47398987e+02
 1.62336288e+02 2.86416074e+04 1.87405411e+02 1.77795776e+02
 2.22262802e+02 5.49721602e+04 9.84740829e+01 5.24276123e+02
 6.72085571e+02 3.80289032e+02 2.23010474e+03 1.94189255e+02
 2.36356461e+02 7.27194287e+03 8.43172729e+02 1.88704187e+03
 2.20631439e+02 2.55375137e+02 2.15871124e+02 5.99604443e+03
 2.22055862e+02 8.16263046e+01 3.04667358e+02 2.77156708e+02
 3.29728394e+03 2.16171313e+03 2.01188828e+02 1.06460109e+05
 4.02433228e+02 6.50567200e+02 1.29687586e+01 1.13224747e+02
 1.64265472e+02 1.28547729e+02 3.00905371e+00 3.92967712e+02
 5.53742432e+02 3.16271992e+01 1.03125537e+04 9.57935730e+02
 1.52663361e+02 1.08503687e+03 7.67276709e+03 1.47046216e+03
 7.30876465e+02 1.96567297e+03 7.55218555e+03 1.56059601e+02
 1.89584946e+02 1.17686333e+02 3.26649872e+02 1.50088959e+02
 5.22839294e+02 2.17072021e+03 2.29852554e+02 2.57852661e+02
 1.41525281e+03 3.93461700e+02 1.39779144e+02 1.98030811e+03
 1.92560394e+02 3.10030786e+03 4.50773834e+02 1.15091333e+03
 1.91905472e+02 1.21876602e+02 6.70388489e+02 1.95360184e+02
 6.07723682e+03 4.96048535e+03 3.22931470e+03 3.25311016e+04
 4.34613281e+02 3.15787754e+01 2.29701157e+01 9.57701721e+01
 6.77176575e+02 3.71434021e+02 3.52483960e+03 1.57775040e+02
 1.45942603e+03 1.53145981e+02 3.76204651e+02 5.48001892e+02
 1.22849609e+02 5.12858162e+01 1.82946021e+03 8.47045059e+01
 1.95550806e+03 7.55925560e+00 1.39687305e+04 5.66926514e+02
 5.71803564e+03 1.37339905e+02 1.47407455e+02 5.50106506e+02
 9.30179016e+02 8.08352539e+03 1.18690100e+01 3.62260803e+02
 2.73327661e+03 9.31145020e+02 2.04991745e+02 1.60789993e+02
 5.32909870e+00 1.08566978e+02 1.40904114e+02 2.02299453e+04
 2.68398301e+04 1.13484589e+02 2.27000713e+01 2.36564560e+02
 6.17968323e+02 1.96559753e+03 1.14054041e+03 1.53751965e+03
 4.62714920e+01 5.45045776e+02 3.10237675e+01 5.84492615e+02
 2.27904129e+02 7.61006250e+03 1.73597393e+01 2.34645117e+03
 3.08330688e+02 5.19381866e+01 6.81618500e+01 4.74320195e+04
 2.18912427e+03 2.22067719e+01 8.66129199e+03 3.95091614e+02
 7.56757568e+02 2.21397858e+02 1.48923767e+03 2.46783862e+03
 1.72556018e+03 3.96463547e+01 3.03452563e+03 9.08491669e+01
 6.91543503e+01 3.96524048e+02 1.90516129e+02 2.58556854e+02
 3.03105564e+01 3.36551929e+00 1.41261414e-01 6.37561874e+01
 5.67722473e+02 5.92562866e+02 1.29749329e+02 1.99741821e+02
 8.66282837e+02 2.56762500e+03 1.70935022e+03 1.45743118e+02
 1.02359808e+03 1.11556862e+02 2.80908260e+01 2.80666504e+02
 2.73366089e+02 9.89121094e+03 1.07842031e+04 1.43908478e+02
 1.59968640e+03 3.13822876e+02 4.40582520e+03 8.93748230e+02
 1.08659790e+03 1.66629028e+03 3.25128601e+02 1.31674668e+04
 2.91772705e+02 4.17916260e+02 4.76475433e+02 1.00581711e+02
 7.21619324e+02 2.36012520e+04 1.40562488e+03 1.41540375e+02
 1.66858551e+02 3.67518188e+03 1.69403809e+02 4.30077728e+02
 1.00825421e+03 7.92632019e+02 1.83467865e+02 2.99249176e+02
 1.92864668e+04 1.65516296e+03 5.58107568e+03 7.21826792e+00
 5.20030090e+02 4.98893524e+02 8.14151123e+02 1.57464752e+02
 6.45794580e+03 1.98983844e+05 1.02342117e+02 4.14526660e+03
 8.17874268e+02 9.53237228e+01 2.49545029e+02 7.10924988e+02
 4.74850731e+01 1.15645638e+02 3.18266699e+03 4.80385742e+03
 1.39693682e+04 3.95827179e+02 2.98918086e+04 6.64292908e+01
 5.28257629e+02 3.43318237e+02 4.98840637e+02 1.51012207e+03
 1.06947627e+04 3.83159741e+03 9.41268234e+01 1.89513496e+04
 2.99177429e+02 2.35292557e+02 1.36089478e+02 3.72125610e+03
 1.25418872e+03 2.62295527e+04 3.82112793e+02 6.24093789e+04
 5.07878955e+03 1.10184058e+03 1.68521698e+02 6.28389343e+02
 2.05693604e+02 8.05709863e+03 9.29064844e+03 1.79086578e+02
 6.35237244e+02 1.15822432e+04 1.62548955e+04 1.33818909e+03
 2.09990991e+03 7.66758606e+02 9.55019150e+01 2.11428101e+02
 2.84047527e+01 6.98965149e+02 6.61447754e+02 2.66376438e+01
 5.36360107e+02 2.13049103e+02 4.08662402e+03 1.00512390e+03
 1.07317217e+04 1.02893656e+05 1.37649216e+02 1.07580947e+04
 1.60513382e+02 7.04562073e+02 5.92720337e+02 1.31825793e+03
 1.43653845e+03 1.97068140e+03 2.02891045e+01 3.52130157e+02
 2.36429031e+02 5.41881065e+01 1.76891006e+02 9.27057312e+02
 2.21735748e+02 3.59530060e+02 9.80393799e+02 3.51205597e+02
 1.21508154e+03 1.69078102e+01 2.52010469e+04 3.21982788e+02
 8.58569431e+00 1.40184924e+03 6.38139526e+02 2.00242383e+03
 7.61935425e+02 1.40512558e+02 1.50628250e+02 4.08016724e+03
 1.23971052e+01 9.64681320e+01 6.94997314e+02 1.58635025e+02
 2.10368271e+02 2.46216528e+03 1.15700592e+02 3.95387230e+01
 1.87338776e+02 2.15115417e+02 4.50338013e+02 1.22379875e+01
 8.18988965e+03 2.03744644e+02 6.86205566e+02 1.39162476e+03
 1.51310901e+03 4.58196045e+02 1.50489905e+03 1.93081131e+02
 9.56889954e+02 3.51040771e+02 3.85189056e+02 6.18311340e+02
 9.02471582e+03 5.21222412e+03 1.18531689e+03 2.85567360e+01
 1.97048809e+04 1.32149775e+04 1.24009613e+02 2.29976709e+03
 5.86818047e+04 4.17305054e+02 9.99927307e+02 8.31769434e+03
 8.25766211e+03 1.64502222e+03 8.13199890e+02 3.85518402e+02
 1.24366638e+03 4.49623657e+02 2.39273865e+02 1.54535522e+02
 3.44997955e+02 2.03852097e+02 3.20080000e+04 3.27944977e+02
 3.25160156e+02 1.44022995e+02 1.62330582e+02 1.85536041e+02
 1.37479077e+03 1.53422773e+04 2.96843164e+03 5.86202271e+02
 1.06860693e+03 1.76957764e+03 1.60260651e+02 2.09529712e+03
 5.60246033e+02 2.90592804e+02 2.32773636e+02 2.23329219e+04
 3.00232452e+02 5.70097839e+02 1.38589218e+02 6.85253906e+01
 2.73615796e+03 1.40367664e+03 8.24354248e+02 3.34025208e+02
 1.61585922e+05 6.28050842e+02 4.94599884e+02 7.00734229e+03
 6.25013574e+03 1.26630310e+03 3.69966284e+03 7.42290283e+02
 1.13392822e+03 2.84760645e+03 3.36561005e+02 3.74697037e+01
 1.16937634e+03 1.10022437e+03 2.39164062e+03 3.76038892e+03
 8.22527161e+02 1.18607605e+02 9.98986023e+02 1.01268517e+02
 3.09186745e+01 1.80831284e+02 2.11498138e+02 2.31280054e+03
 2.31789648e+03 7.81073364e+02 4.03522308e+02 1.67122162e+02
 4.39380676e+02 1.95572067e+02 2.53076831e+03 4.86782227e+03
 3.16103076e+03 2.68665314e+02 6.13651953e+03 7.61558789e+03
 1.23732056e+03 1.16941216e+02 1.15896660e+02 1.12661436e+04
 4.54074072e+03 4.11687061e+03 8.83127441e+02 9.42880000e+04
 2.50580841e+02 2.12956958e+03 6.57322510e+03 9.67708801e+02
 1.48226379e+02 2.22362000e+02 6.30822388e+02 4.98650757e+02
 1.00917914e+03 1.29934967e+02 3.80712799e+02 4.64139160e+02
 1.30714645e+02 1.49859412e+03 3.73220154e+02 2.48464050e+01
 1.00964191e+03 6.90524561e+03 3.99893970e+03 2.62470166e+03
 2.14053787e+02 5.06296722e+02 1.73202393e+02 1.55402158e+04
 1.54003372e+02 5.70826111e+02 9.93511276e+01 4.11792267e+02
 1.77135706e+03 2.49630835e+03 2.29339136e+03 1.42931274e+03
 3.61168945e+02 1.32900101e+02 9.82738281e+02 1.69387109e+04
 2.42153540e+03 3.42067322e+02 9.20970947e+02 7.44360901e+02
 4.58297913e+02 1.42604272e+03 5.92826721e+02 4.27091255e+01
 1.48859665e+02 1.47525107e+04 8.09712585e+02 9.24548416e+01
 5.51557503e+01 5.81407959e+02 3.37566089e+03 6.53540649e+02
 1.52675791e+01 1.54166968e+03 3.40216904e+01 2.89814972e+02
 3.06093506e+03 1.12955652e+03 1.95203461e+02 1.99326096e+02
 1.49026831e+03 5.35260205e+03 4.64001892e+02 3.08460010e+03
 3.89416351e+02 1.37839539e+02 1.96788403e+03 5.59749298e+01
 1.51499634e+02 4.63197119e+03 3.33671265e+03 3.42120557e+03
 1.12405459e+04 2.60029816e+02 1.44268250e+02 1.73291840e+02
 5.30434753e+02 1.42967819e+02 3.93266510e+02 4.45612717e+01
 2.64036072e+02 2.84538513e+02 8.50990295e+01 8.92969131e+01
 1.07779111e+04 3.46381445e+03 1.46476440e+02 4.27117889e+02
 1.94481799e+03 3.21269375e+04 2.18594074e+01 5.14601318e+02
 7.61981506e+02 1.32640488e+02 1.69065857e+03 1.23871118e+03
 7.70720764e+02 1.89688797e+02 6.78947220e+01 7.79489822e+01
 1.81778885e+02 1.22409541e+04 1.83259247e+02 1.94318469e+03
 2.21224640e+02 1.19934219e+02 2.54727036e+02 3.87005615e+02
 2.28076685e+03 7.22145508e+02 1.74233017e+02 2.35179663e+03
 1.76344275e+03 1.69648877e+03 1.62177173e+03 8.89994385e+02
 6.85870056e+01 1.22780251e+02 5.19505249e+02 6.31872826e+01
 5.57914355e+03 9.46615723e+02 1.01463208e+03 7.99564636e+02
 3.62893906e+01 2.41757614e+02 7.41752588e+03 5.21293488e+01
 3.53272583e+02 5.97250244e+02 5.06802490e+03 2.43383224e+02
 2.01137891e+03 5.24264180e+04 2.25343307e+02 3.39018799e+02
 2.68686310e+02 5.37231079e+02 3.54959015e+02 3.06111622e+01
 4.38826123e+03 3.24961639e+02 1.67271719e+04 2.36764380e+03
 7.53877747e+02 8.63599731e+02 7.24377502e+02 4.44246254e+01
 2.80480488e+04 1.29029871e+03 6.28090954e+00 1.81030115e+03
 5.36500049e+03 8.89540634e+01 2.61582123e+02 2.61282898e+02
 6.47554016e+02 1.00589813e+02 5.55284119e+00 2.51617508e+02
 3.63927148e+03 4.58519348e+02 8.26261658e+02 2.08384570e+03
 3.38284131e+03 8.39701477e+02 1.16138691e+04 6.44443506e+03
 1.00424347e+03 1.85667139e+03 3.61840210e+02 1.79455662e+01
 3.10954132e+02 1.73814099e+03 5.64970703e+03 3.60262794e+01
 8.15296143e+03 2.47018896e+03 1.51966614e+02 6.19940918e+02
 1.23710846e+02 8.98571243e+01 1.95714050e+02 1.30674121e+03
 1.13219165e+03 7.65171509e+01 3.67599396e+02 2.13958496e+04
 1.02142010e+03 1.16275232e+03 1.20526093e+02 1.38824829e+02
 6.55420375e+05 6.99503326e+01 1.24359619e+03 2.11642627e+03
 1.34175934e+02 3.38404449e+02 5.82370567e+01 6.52935486e+02
 2.25217453e+02 1.40938690e+02 2.69963379e+02 2.79110352e+02
 2.03429248e+03 7.93100635e+03 2.42943172e+01 5.63522827e+02
 2.01566345e+02 6.43795947e+03 2.65199268e+03 3.63049126e+01
 9.52442444e+02 9.13717651e+01 4.25804596e+02 3.09511356e+01
 1.20730392e+02 6.01464661e+02 1.74009741e+03 3.50179230e+02
 1.02617065e+02 1.58878650e+03 9.75263770e+03 9.86499023e+03
 1.81116348e+02 9.73403442e+02 3.69916077e+02 1.58320483e+03
 6.97540222e+02 1.36361618e+02 4.12091293e+01 6.09386330e+01
 7.31900330e+02 1.06985486e+03 1.86269341e+01 8.15090039e+03
 7.25542831e+01 4.87733789e+03 2.11949707e+02 5.54722021e+03
 4.01321991e+02 1.19842944e+03 7.99832880e-01 1.19863647e+03
 1.12464062e+03 3.46141675e+03 9.57149475e+02 2.42687653e+02
 5.14536972e+01 2.31173294e+02 3.54370308e+01 1.30869446e+02
 3.17341900e+01 8.22226257e+02 3.87237183e+02 7.83130005e+02
 4.48928369e+03 1.25939011e+02 8.02497192e+02 2.85333588e+02
 2.63045142e+03 1.45679238e+04 1.49861597e+03 4.50120459e+03
 2.07974976e+02 1.07607864e+02 9.85942017e+02 2.75161682e+02
 2.28132797e+02 1.83121902e+02 2.19314117e+02 2.04384351e+03
 2.06013062e+02 8.56620102e+01 8.64193848e+03 2.17187210e+02
 1.03687783e+04 1.80434216e+03 2.15340308e+03 7.72278076e+02
 5.66158936e+03 3.01416113e+04 6.88590039e+03 9.00940674e+02
 1.19135231e+02 1.15011780e+03 1.75298584e+02 1.13639941e+04
 1.67569983e+03 6.45501938e+01 8.54082031e+03 8.31199341e+01
 1.13265480e+02 6.10380432e+02 2.46518027e+04 1.12704382e+03
 1.81735809e+02 1.04237564e+02 1.12451813e+02 1.10827248e+02
 1.46545056e+03 2.31093359e+03 6.78431396e+01 1.12980835e+02
 1.53473291e+01 5.29570984e+02 3.32553594e+04 1.28940334e+01
 9.76859180e+03 2.27174881e+02 9.21735535e+01 8.57068066e+03
 2.31455933e+02 6.65655746e+01 1.59973175e+02 6.61191101e+02
 2.80449658e+03 1.79303784e+03 2.65285254e+03 7.47165375e+01
 9.79024219e+03 5.12525330e+02 2.81737000e+02 5.96026855e+02
 5.30026184e+02 4.30111542e+01 2.30477448e+01 3.88284851e+02
 2.85208679e+02 2.47300244e+03 1.10088269e+03 2.12301611e+03
 2.06701660e+02 1.05606506e+02 4.03887734e+04 1.17372363e+03
 3.86256378e+02 2.35045264e+03 2.37258545e+03 3.51473340e+03
 1.80980087e+02 4.02874878e+03 2.86888599e+03 2.52949432e+02
 1.99649216e+02 9.30463028e+01 6.26590393e+02 3.34949268e+03
 8.38714478e+02 1.50222336e+02 2.55879074e+02 1.32685862e+01
 8.22580872e+02 1.81826880e+03 1.22249355e+04 1.14336060e+03
 2.48554199e+02 2.26214209e+03 1.16613354e+03 1.99028867e+04
 8.16032666e+03 1.03084985e+03 1.36942993e+02 7.95927612e+02
 4.01186310e+02 1.89289966e+03 3.25834326e+03 6.81124062e+04
 6.89458435e+02 3.64751526e+02 1.21455127e+04 1.85522385e+02
 5.48945752e+03 1.64242200e+03 1.85210205e+02 1.29353594e+04
 1.51619968e+01 3.20543900e+01 8.53421326e+02 4.49087486e+01
 5.86418604e+03 1.43330170e+02 4.99062927e+02 5.35377693e+01
 1.16257117e+03 2.55623184e+02 1.39640613e+03 4.66146393e+02
 1.67111768e+03 9.42399780e+02 2.96703833e+03 3.33632393e+01
 2.07904053e+02 1.82562836e+02 2.96417328e+02 1.10821693e+02
 7.83170898e+02 2.10556900e+02 2.10607275e+03 9.07484192e+02
 4.77021881e+02 5.86414795e+03 4.67878516e+03 9.79916602e+03
 2.10540222e+02 1.19307739e+03 1.86136145e+03 4.20523682e+01
 1.32863027e+04 9.20223267e+02 5.97858643e+03 3.71579742e+02
 4.36154004e+03 2.60797455e+02 7.71239166e+01 5.49613464e+02
 1.12324336e+04 9.30874481e+01 4.08610181e+03 1.25346291e+02
 1.30954844e+04 3.19018250e+02 2.50245392e+02 1.57146561e+02
 1.98930130e+02 2.26898117e+02 1.52211197e+02 3.61671265e+03
 3.85627991e+02 2.91494354e+02 4.53179810e+02 1.00058093e+03
 1.16140759e+03 1.80455902e+02 1.05149717e+04 1.89690117e+04
 1.09772406e+05 2.74486597e+03 1.07943494e+03 7.10055292e-01
 1.24317230e+02 2.09771338e+03 4.72970825e+02 1.11414856e+03
 3.88950386e+01 1.67432175e+01 2.76355933e+03 1.46164072e+04
 2.16613745e+03 1.04515976e+02 1.74877762e+02 1.01853351e+03
 6.36077087e+02 1.57507889e+02 4.13840869e+03 2.98344473e+04
 9.98359108e+00 3.71639844e+03 1.81545700e+02 3.45059052e+02
 3.03286841e+03 2.58369897e+03 2.91711816e+03 1.29151831e+03
 3.90209045e+01 1.36150793e+03 9.51827393e+01 6.12719040e+01
 1.81601892e+03 3.10252441e+02 1.41119072e+04 5.41667099e+01
 5.90743256e+01 3.95099060e+02 4.32782402e+01 3.41911250e+04
 1.03347168e+02 6.75321411e+02 3.00327667e+02 2.78797882e+02
 2.39930618e+02 2.35307121e+01 1.25948938e+03 3.53595020e+03
 1.01805923e+02 5.81524414e+02 1.67783020e+02 4.52080566e+03
 2.62902905e+03 1.90298569e+02 2.57394714e+02 1.65156641e+03
 8.22969299e+02 6.09854639e+03 3.15299225e+01 3.76869202e+02
 8.42196198e+01 1.03784326e+03 2.57312354e+03 6.86614688e+05
 1.49570105e+03 2.94381790e+01 1.05131482e+03 5.60835107e+03
 8.36847916e+01 3.05853241e+02 9.30121338e+02 6.74092773e+02
 7.14630127e+02 1.64349023e+03 4.56793701e+03 4.59582617e+03
 1.48353379e+04 5.26849632e+01 2.15916916e+02 1.26291763e+02
 1.67402893e+03 1.85226648e+03 1.01705551e+02 2.17958878e+02
 4.79851875e+01 1.59352612e+03 1.57024963e+03 1.01813354e+02
 7.70895703e+04 3.29820190e+03 4.05769629e+03 1.08788232e+03
 3.52989551e+03 5.54388390e+01 8.00080444e+02 2.98655737e+03
 1.49739120e+02 1.17314746e+04 3.16781647e+02 4.55803650e+02
 6.86391455e+03 7.58178223e+02 2.75216431e+02 4.28290558e+02
 3.64205055e+01 2.21990454e+03 2.40615381e+03 3.01961212e+02
 3.48671631e+02 2.70513672e+02 4.78056240e+00 1.20833093e+03]
5570.929
686614.7
