[1.53626988e+06 9.43323203e+04 2.01945328e+05 4.15523906e+05
 1.24410350e+06 2.93729438e+05 1.37840859e+05 8.89672250e+05
 2.20559175e+06 2.15887859e+05 8.04256484e+04 6.89100312e+05
 2.32914750e+06 1.51355031e+05 1.08821219e+05 1.93171250e+05
 1.20150962e+06 2.81040062e+05 2.12099188e+05 3.96094750e+06
 4.04022219e+05 3.42914062e+04 5.55577920e+07 1.25828412e+06
 3.23489004e+04 3.58246225e+06 5.29473050e+06 3.08927500e+05
 6.87929688e+04 2.40200047e+05 1.00903922e+05 3.21216875e+05
 2.40897891e+05 9.18830156e+04 1.29635112e+06 4.56131344e+05
 2.04378203e+05 1.42419469e+05 2.06526641e+05 9.92307734e+04
 2.06671725e+06 7.48242438e+05 1.72403547e+05 6.83153312e+05
 5.10207625e+05 2.70500344e+05 1.94030797e+05 5.28806982e+03
 2.80766188e+05 8.66870250e+05 3.78985469e+04 2.02135219e+05
 2.09781016e+04 1.85166425e+06 9.93632266e+04 1.95167719e+05
 1.95629109e+05 2.34279675e+06 4.70990898e+04 1.28051047e+05
 1.74246288e+06 2.00993938e+05 6.40456172e+04 6.85174062e+04
 7.73175000e+04 9.65680500e+05 1.10487367e+05 1.03625766e+05
 2.57890750e+05 8.97027438e+05 8.09839766e+04 3.80200969e+05
 8.45980312e+04 4.13082250e+05 1.77854781e+05 3.44653625e+05
 3.22319625e+05 5.75019562e+05 1.00390727e+05 1.15956620e+07
 3.68538828e+04 2.30320562e+05 7.28593672e+04 2.09400195e+03
 4.01423375e+05 7.75706604e+02 1.34476766e+05 5.97062578e+04
 7.70489531e+04 2.25432544e+03 7.73805125e+05 2.18581000e+06
 9.78983516e+04 5.47332812e+05 1.05809890e+07 3.01919375e+05
 2.87519844e+04 4.51692156e+05 9.05945875e+05 6.32921875e+04
 3.45103359e+04 4.34093062e+05 6.72950156e+04 1.42518656e+05
 3.62797062e+05 5.53449766e+04 1.56337359e+05 1.61946094e+05
 1.44921562e+05 3.80008750e+04 1.52374859e+05 4.27845031e+05
 9.43504590e+03 2.89499625e+05 6.43909000e+05 6.18671631e+02
 1.23099053e+04 1.28161625e+06 3.75492875e+05 2.14289414e+04
 5.32779812e+05 5.01133438e+05 1.34388050e+06 2.62108325e+06
 4.48929750e+05 5.01879590e+03 7.62499062e+04 2.55109734e+05
 5.40115234e+04 1.77504125e+05 1.88783422e+05 4.79908125e+04
 9.71814453e+04 1.24884307e+04 2.83486781e+05 1.04796195e+05
 7.12517312e+05 1.34059328e+05 7.24588359e+04 9.13087266e+04
 1.30823508e+05 5.99670062e+05 4.12937469e+05 1.82013594e+04
 3.61785156e+05 9.90043164e+03 2.19548320e+04 6.29621375e+05
 1.54523975e+06 8.49210688e+05 1.00733031e+05 3.39567000e+05
 1.28015320e+05 1.37199391e+05 2.92192938e+05 3.12205906e+05
 7.66613984e+04 4.49944400e+06 1.10654812e+05 2.26935725e+06
 1.16701350e+06 1.24189820e+05 3.53797461e+04 4.63105938e+04
 2.17056281e+05 6.64030176e+03 8.00246562e+04 2.16779766e+05
 8.13621406e+04 6.64143250e+05 7.10362109e+04 1.44016625e+05
 8.40380625e+04 3.69717781e+05 1.16614047e+05 6.00395117e+03
 3.26773000e+05 9.17187422e+04 1.65492125e+05 3.52177350e+06
 8.10458125e+04 2.38471289e+04 7.94717400e+06 3.82085219e+05
 2.48903875e+05 1.31143141e+05 6.23096581e+01 2.29558656e+05
 2.74749469e+05 3.34747750e+05 1.89411375e+05 1.25920461e+05
 4.41652695e+04 7.68457969e+04 2.35530400e+06 4.96400977e+04
 5.68682188e+05 6.05020020e+03 4.37451680e+04 4.42485250e+05
 3.64012852e+04 5.48100562e+05 7.29908500e+05 1.58152422e+05
 2.23336400e+06 3.95762050e+06 1.41880645e+04 3.13897719e+05
 2.87535391e+04 1.23282094e+05 2.39294609e+05 1.57074750e+05
 1.62386656e+05 3.37773938e+05 4.36676000e+05 8.96388594e+04
 1.92772625e+05 1.03775125e+05 2.03053438e+05 1.48645234e+05
 1.56078734e+05 2.48583453e+05 1.40416625e+05 5.63625625e+05
 1.19158930e+05 3.00662406e+05 1.61504859e+05 3.81780898e+04
 2.07113094e+05 2.76795900e+06 1.07992984e+05 8.70022969e+04
 2.84556969e+05 1.92093562e+05 2.16178172e+05 8.37183938e+05
 2.82302781e+05 5.86200781e+04 1.46733203e+05 6.72868906e+04
 1.48374738e+06 8.19434766e+04 1.02042050e+06 1.48298094e+05
 1.50206625e+05 2.09676047e+05 2.19457609e+05 6.16514961e+04
 1.66752203e+05 1.17774162e+06 4.00462773e+04 4.68545844e+05
 4.57101715e+02 6.46613633e+04 1.61657359e+05 2.30774785e+04
 1.86444453e+05 4.59146484e+04 1.19149680e+05 1.62391562e+05
 7.54455150e+06 4.75707688e+05 1.52071050e+06 1.65355094e+05
 6.23461758e+04 3.32289609e+04 1.24143125e+05 2.43466547e+05
 7.48866375e+05 4.96873500e+05 7.86426875e+04 2.08059812e+05
 8.18788125e+04 1.49712000e+05 4.55751688e+05 3.11161000e+05
 1.28832600e+06 1.15420712e+06 3.18271844e+05 1.57152488e+06
 1.69120781e+05 7.01570312e+05 7.51722812e+04 5.08384258e+04
 6.76545859e+04 1.81457969e+04 2.45303735e+03 9.98720062e+05
 1.89127480e+04 5.00917688e+05 6.16125750e+06 4.49025938e+04
 6.58790250e+05 1.23514625e+05 1.18420258e+05 9.45458984e+04
 1.86427938e+05 6.18556375e+05 5.78001938e+05 4.66532188e+04
 8.16709219e+04 3.15190059e+04 1.03161388e+06 1.06718925e+06
 8.21698125e+05 6.90747500e+06 1.06180570e+05 1.07575612e+06
 1.91213062e+05 4.04289453e+04 6.03528086e+04 4.32714000e+05
 2.38588350e+06 1.54561500e+05 4.49934336e+04 6.00206562e+05
 2.59690781e+05 1.31779450e+06 3.42136188e+05 1.35290050e+06
 1.37242734e+05 4.02437094e+05 2.91737281e+05 8.19297500e+04
 1.77726062e+06 8.84698828e+04 4.53111550e+06 1.79406359e+05
 3.39870906e+05 9.41266625e+05 8.04913359e+04 7.74830156e+04
 1.04667922e+05 1.89247791e+03 2.82951500e+05 6.81188750e+05
 1.20227406e+05 9.81613516e+04 1.04479131e+06 6.23828711e+04
 3.86499500e+05 3.52048438e+05 4.31694727e+04 5.85787438e+05
 1.25745156e+05 5.24456602e+04 7.62004688e+04 4.87007656e+05
 1.79326475e+06 1.19602961e+05 8.09618688e+05 6.51225438e+05
 1.07843914e+05 1.12667612e+06 2.05039828e+05 3.24566156e+05
 1.81090425e+06 4.10945281e+05 1.70667672e+05 4.38242500e+05
 3.82178375e+05 6.27318500e+05 1.59600488e+06 1.46774750e+05
 9.32192688e+05 4.36328700e+06 1.27785680e+05 1.07994703e+05
 1.22368000e+06 7.81000125e+05 5.31698125e+05 5.25455938e+05
 7.23429550e+06 1.20609484e+05 2.43924766e+05 1.62171588e+06
 4.43357600e+06 4.99533656e+05 4.65714531e+04 1.38504766e+05
 7.90582688e+05 6.58452312e+05 9.49652600e+06 4.13046844e+05
 1.79296703e+05 1.93984469e+05 1.11263906e+05 2.86513656e+05
 6.10381062e+05 4.67712312e+05 1.35711150e+06 4.63842109e+04
 1.73020797e+05 2.78915438e+05 1.58253469e+05 3.46428406e+05
 1.51968562e+05 1.25743312e+06 1.35977578e+05 1.63881700e+06
 9.53739453e+03 3.47362875e+05 9.91449453e+04 7.39565625e+04
 4.10728125e+05 4.11066000e+05 1.26015109e+05 5.69181758e+04
 1.44095160e+07 2.58170438e+05 9.51066719e+04 7.34227109e+04
 6.89913750e+05 2.54170078e+04 3.43543062e+05 4.52332156e+05
 9.34713359e+04 3.35869969e+05 8.04498562e+05 1.27947559e+03
 6.98169500e+05 1.22280141e+05 1.94407383e+04 7.34551312e+05
 3.55309531e+05 8.58619238e+03 4.58298750e+05 1.24574516e+05
 9.65972266e+04 1.10289672e+05 1.82167766e+05 2.13740098e+04
 2.26652375e+05 1.95725562e+05 1.15210070e+05 9.29802422e+04
 1.21631025e+04 3.54143359e+03 1.63908094e+05 2.36136969e+05
 2.92524785e+04 2.04979516e+05 3.25645062e+05 5.11591500e+05
 1.48944953e+05 3.26825104e+02 1.90497227e+04 1.05444188e+05
 2.12200188e+05 3.36224094e+05 9.53667422e+04 2.39974380e+07
 3.94245312e+04 7.68930469e+04 6.43744188e+05 2.81126895e+04
 7.73931094e+04 2.02215734e+05 1.01160381e+06 5.66452578e+04
 2.31010254e+03 1.42420656e+05 7.08881172e+04 3.30903164e+04
 2.02020688e+05 8.68857188e+04 2.57859141e+05 4.14471914e+04
 4.09610303e+03 2.29729625e+06 3.31218719e+05 5.09692969e+04
 2.18565469e+05 2.45679156e+05 5.84425117e+04 6.38258789e+04
 5.24864102e+04 7.27617031e+04 1.43263938e+05 6.90728672e+04
 1.92511953e+05 2.37463844e+05 2.13913219e+05 1.57913703e+05
 1.94764156e+05 6.91488828e+04 8.05916016e+04 1.88038675e+06
 1.17513992e+05 6.44116602e+04 2.06580688e+05 3.27949656e+05
 8.03243359e+04 5.00896523e+04 4.12649406e+05 1.21524814e+04
 3.63524258e+04 3.67008725e+06 2.26029250e+05 2.16361969e+05
 1.14098648e+05 3.58644336e+04 4.55430531e+05 2.06129004e+04
 5.35664570e+04 3.72500195e+04 2.39145898e+04 2.65547125e+05
 2.11195469e+05 9.70163984e+04 5.58215000e+04 4.00020844e+05
 1.61193500e+05 2.42949594e+05 2.38034359e+05 4.46720344e+05
 2.72450750e+05 1.68817406e+05 5.70761000e+05 1.49622531e+05
 1.46744547e+05 5.20670700e+06 2.31901344e+05 3.49253781e+05
 5.07053406e+05 3.52420820e+04 4.72245273e+04 4.30468188e+05
 1.72531484e+05 7.93500938e+04 1.83788086e+04 6.24552695e+04
 1.10771734e+05 3.93835562e+05 8.24889375e+04 7.53791406e+04
 7.98498875e+05 7.38584875e+05 3.98034844e+04 3.88138031e+05
 1.52043609e+05 5.92111200e+06 8.50388281e+04 6.84332422e+04
 4.25262930e+04 1.29482281e+05 1.44712625e+05 5.51371680e+04
 5.19463398e+04 9.98061797e+04 1.96761312e+05 7.95853984e+04
 1.43589547e+05 2.18690625e+06 6.94161406e+04 8.11720188e+05
 2.89034094e+05 1.24621234e+05 9.88381445e+03 2.30158047e+05
 9.39330312e+05 3.45142719e+05 1.56089953e+05 2.85242906e+05
 2.17365781e+04 1.43007594e+05 5.72936367e+04 2.35656275e+06
 3.76755938e+05 6.08612695e+04 1.85390297e+05 2.31166344e+05
 3.24726400e+06 3.22368613e+04 6.07670000e+05 1.96542109e+05
 1.56517750e+05 1.75486141e+05 6.37011875e+05 3.71567031e+04
 1.66746462e+06 4.56472578e+04 2.82006425e+06 6.15096125e+05
 6.58871000e+05 4.44401700e+06 8.14217578e+04 8.38485078e+04
 2.15649922e+04 5.40440875e+05 6.55121250e+05 2.15986906e+05
 4.18857406e+05 2.31225484e+05 7.44299500e+05 5.17731531e+05
 1.00429203e+05 8.94298281e+04 5.39648500e+05 1.24283643e+04
 3.47439125e+05 4.14160094e+05 5.23051465e+03 3.43326211e+04
 7.34850688e+05 8.91749688e+04 2.69476969e+05 1.36711250e+05
 5.47553688e+05 5.19933312e+05 1.16978867e+04 2.12351891e+05
 7.78729688e+05 6.51510938e+05 4.55056250e+04 3.17042906e+05
 2.01427800e+06 4.39083000e+05 8.29117438e+05 3.12734906e+05
 6.27232461e+04 6.10637688e+05 1.92849188e+05 3.30082773e+04
 3.23148375e+05 2.16591531e+05 3.97973719e+05 6.45247227e+04
 2.92722188e+05 1.45451984e+05 4.27708031e+05 5.62211914e+04
 2.92098969e+05 3.50453062e+05 1.55394203e+05 1.06767727e+05
 1.16919211e+05 6.69799453e+04 4.66141906e+05 1.56985612e+06
 2.90846594e+05 5.76465375e+05 1.08473414e+05 3.40501641e+04
 1.26229470e+07 1.11368164e+05 3.53250000e+05 1.37980250e+05
 3.82612578e+04 4.64355430e+04 8.54289375e+04 5.83941992e+04
 2.83811219e+05 1.65656531e+05 3.03356031e+05 1.56958141e+05
 6.08359102e+04 2.28234925e+06 3.69283219e+05 7.93986484e+04
 1.60713641e+05 1.77032012e+06 3.49190688e+05 1.18894211e+05
 7.38222812e+04 5.70979531e+04 1.22854516e+05 3.05445645e+04
 2.03382156e+05 2.08423800e+06 3.06304700e+06 2.68588691e+04
 7.86489531e+04 6.94768000e+05 5.97649188e+05 1.50448012e+06
 1.27453961e+05 3.27581562e+05 4.79772094e+05 2.02843703e+05
 1.67430031e+05 7.72069922e+04 2.52569344e+05 1.06362242e+05
 7.69687375e+05 1.02824438e+05 9.07938672e+04 1.82089350e+06
 1.75796297e+05 4.43260281e+05 1.16671023e+05 5.24116844e+05
 2.67111250e+05 5.02670938e+05 8.74817031e+04 1.74373477e+04
 1.66698838e+06 1.98880359e+05 2.18360020e+04 5.30041289e+04
 1.14670109e+05 2.39429844e+05 8.04227266e+04 3.02170000e+04
 4.33582383e+04 2.44676531e+05 8.90165938e+04 1.38434406e+05
 2.91905438e+05 8.26397578e+04 7.36565625e+05 2.30312016e+05
 1.34472700e+06 8.46265750e+05 5.92310625e+05 2.08598675e+06
 4.08689156e+05 3.53528320e+04 2.13951348e+04 1.59315891e+05
 4.14894062e+05 2.67497285e+04 2.53195344e+05 1.74838875e+06
 6.97070117e+03 3.57057188e+04 1.38352922e+05 1.57885325e+06
 2.25562625e+06 2.69299156e+05 5.67261680e+04 1.75282375e+05
 6.29665062e+05 2.86224225e+06 1.40694650e+06 2.08284785e+04
 3.87949961e+04 3.14071562e+04 5.65040625e+05 7.91205750e+05
 1.42882281e+05 5.18286836e+04 1.23221117e+05 8.82878125e+04
 3.85975406e+05 7.61024312e+05 1.05192980e+07 7.55282625e+05
 1.34769547e+05 5.81332109e+04 1.03954538e+06 6.13841914e+04
 2.42086484e+05 2.82947625e+05 1.17232133e+05 8.54393125e+04
 1.00343336e+05 1.37426609e+05 2.67593844e+05 5.63511992e+04
 2.11935969e+05 6.15513672e+04 1.36867281e+05 6.41122688e+05
 2.78014062e+03 5.50671328e+04 1.86703984e+05 2.06887109e+05
 1.85675219e+05 4.18681844e+05 9.94536375e+05 3.73393781e+05
 3.73600450e+06 4.79459750e+05 3.13831531e+05 7.13185391e+04
 3.92020938e+04 1.05576547e+05 4.13027250e+05 1.05034719e+05
 9.76579219e+04 9.52583750e+04 2.62326125e+05 3.36154219e+04
 1.54956470e+03 1.49235484e+05 9.69540875e+05 3.85845820e+04
 4.57878008e+04 2.26192016e+05 9.21748047e+04 6.06834875e+05
 1.16758938e+05 2.25029359e+05 6.24925078e+04 3.85481750e+05
 6.23985750e+05 1.26327094e+05 1.63564156e+05 1.18620662e+06
 1.06849075e+06 2.06447922e+05 7.80890438e+05 2.92184750e+05
 3.86273000e+05 3.29474469e+05 6.47373984e+04 3.25722383e+04
 9.31989219e+04 2.48419188e+05 9.37727734e+04 1.15928703e+05
 8.05440375e+05 9.92108594e+03 2.56419219e+05 5.08720352e+04
 5.03647705e+03 7.04601406e+04 7.82629500e+05 3.20106500e+05
 3.61751781e+05 7.16264922e+04 1.65622012e+06 1.08432883e+05
 7.53258562e+05 1.17001062e+06 1.54092359e+05 2.77836125e+05
 1.73255359e+05 1.27407695e+04 3.62994531e+05 1.00054556e+06
 4.82752375e+05 2.66358613e+04 1.62464844e+05 3.39573555e+04
 6.06197188e+05 9.48038984e+04 7.23249312e+05 2.86665898e+04
 9.82073594e+04 1.70841906e+05 4.82348555e+04 2.74484594e+05
 1.50118547e+05 1.56490625e+05 3.45938562e+05 2.76002480e+04
 9.71549453e+04 7.70909297e+04 8.89252188e+05 3.40485062e+05
 3.12827062e+05 1.31380719e+05 2.67121062e+05 2.21506225e+06
 3.80661625e+05 2.53105800e+06 4.25180375e+05 9.56931172e+04
 9.42578938e+05 1.67398578e+05 4.33175800e+06 6.72901250e+05
 1.40277641e+05 1.15109717e+04 1.87888047e+04 1.15582672e+05
 4.29517305e+04 1.08822484e+05 1.99238094e+05 1.12781273e+05
 3.19918275e+06 8.52709844e+04 2.68118750e+05 3.41855969e+05
 1.56947703e+05 2.81391750e+05 1.58693223e+04 4.98631500e+05
 6.71120625e+04 1.97453016e+05 2.14460742e+03 2.98872719e+05
 4.72109844e+05 1.40792062e+05 4.71609300e+06 2.18047675e+06
 1.28914830e+07 2.74724594e+05 2.85216969e+05 8.43109688e+04
 3.48210688e+05 1.09920562e+05 1.98399160e+04 2.95068086e+04
 8.84341953e+04 7.88093047e+04 2.03671938e+05 5.54579750e+05
 8.88387250e+05 6.55690000e+04 1.03161844e+05 1.56400875e+05
 7.41601484e+04 5.82189727e+04 2.55319531e+05 1.67579650e+06
 3.87561680e+04 8.92932578e+04 1.34438719e+05 2.95661375e+05
 4.40482844e+05 2.22426969e+05 5.69511562e+05 3.91399094e+05
 3.38635156e+05 5.00829141e+04 1.48464953e+05 9.54528125e+03
 1.03815862e+06 1.68712109e+05 2.88438250e+05 1.69785234e+05
 3.51746992e+04 6.14121000e+05 9.94722656e+04 5.27539750e+05
 1.77474578e+05 1.50578781e+05 3.79656531e+05 2.90895719e+05
 1.11773117e+05 6.05679648e+04 3.07523562e+05 3.61740969e+05
 9.06860156e+03 7.75692969e+04 3.13966724e+03 3.98791602e+04
 2.19202047e+05 1.68377438e+05 4.90883750e+04 2.06342250e+05
 1.24861812e+05 8.32571000e+05 5.76330812e+05 3.19824500e+05
 1.35513453e+05 5.40807969e+04 6.16789250e+05 4.75055960e+07
 4.18074469e+05 8.17685234e+04 5.59787422e+04 3.52468300e+06
 5.82007500e+04 2.05847156e+05 3.45016094e+05 4.65086016e+04
 9.12044766e+04 6.33869141e+04 1.85674672e+05 1.90043875e+06
 7.25208906e+04 5.13659062e+04 2.36414500e+05 5.10836406e+04
 1.70218612e+06 5.30248438e+05 1.02028312e+05 2.29478266e+05
 2.58877168e+04 3.29450188e+05 1.37103031e+05 2.30654047e+05
 1.10534840e+07 3.49067281e+05 2.95712539e+04 2.10025410e+04
 2.72074125e+05 5.31482227e+04 1.27596773e+05 1.69023740e+07
 2.59943734e+05 9.77139812e+05 5.34491445e+04 2.62397906e+05
 7.56523062e+05 7.47634453e+04 1.09634395e+04 1.94899438e+06
 9.39519844e+04 1.74125875e+05 5.97561375e+05 8.85188875e+05
 6.78026094e+04 2.61664941e+04 2.84844590e+04 2.70993062e+05]
697527.7
55557790.0
