[1.96486288e+06 1.77355347e+02 2.50452808e+03 2.26777578e+05
 3.13346281e+05 2.01840469e+05 1.42795929e+02 8.96532062e+05
 1.47115275e+06 1.51734516e+05 2.25782007e+03 4.88359375e+02
 2.17969175e+06 1.12667389e+02 4.44556236e+01 1.89076453e+05
 1.31813250e+06 2.19984344e+02 1.53448547e+02 2.23593887e+02
 2.19890020e+04 2.73749219e+05 2.88199277e+04 5.05217896e+02
 2.75014023e+04 3.91827979e+03 1.39544019e+03 6.24098250e+05
 2.35678879e+02 4.06296509e+03 1.26873062e+06 1.22043617e+02
 3.64216062e+05 1.15919016e+05 3.12010254e+03 1.59457077e+02
 4.25499902e+03 2.82980664e+03 7.56107031e+03 4.64102325e+01
 2.62902100e+06 2.99631866e+02 4.54353241e+02 5.81510925e+02
 2.01571716e+02 2.14973114e+02 8.85078223e+03 5.52059023e+04
 1.95347504e+02 5.02250098e+03 8.37605438e+01 1.60892181e+02
 2.95047874e+01 3.63900732e+03 1.35272461e+02 6.20725861e+01
 2.60515961e+02 1.58404053e+03 2.01645541e+00 7.30922070e+03
 1.09825859e+02 1.17252734e+03 1.63200638e+02 3.54363976e+01
 7.86608337e+02 1.42676041e+02 9.58720627e+01 6.14453320e+03
 5.79483376e+01 4.31042871e+03 5.73563423e+01 2.32098297e+05
 9.25478363e+01 6.82678438e+04 5.60000244e+02 1.48088408e+04
 7.72851562e+01 8.38074125e+05 5.27139570e+04 2.06514917e+03
 2.58638477e+03 1.41120172e+05 4.21066758e+04 1.74594446e+03
 3.87714156e+05 1.18948753e+02 1.05344984e+05 1.31095691e+03
 3.14658752e+02 3.95824799e+02 3.16213250e+05 7.73753845e+02
 1.13796924e+03 4.90303467e+02 8.97469141e+03 3.43759399e+03
 1.28272430e+02 3.00799164e+02 1.18865013e+01 5.78976172e+04
 4.23065938e+05 4.80617218e+02 2.44029053e+03 8.96893616e+01
 1.26814484e+05 3.40519019e+03 1.73301109e+05 7.13993906e+04
 1.75855359e+05 3.15582598e+04 2.03285503e+01 8.87113875e+05
 2.90894238e+03 2.37019348e+02 1.20628708e+02 1.30054602e+05
 3.04897754e+03 6.23431250e+05 5.98802071e+01 8.60597109e+04
 6.69390945e+01 2.04577713e+02 9.56157227e+02 8.22793555e+03
 9.69710754e+02 1.02763092e+02 3.19893848e+03 4.23181519e+02
 2.34347453e+05 4.99885703e+04 1.31661531e+05 4.27688477e+03
 5.42793994e+03 2.47722855e+02 1.83740844e+05 9.73393326e+01
 4.71637562e+05 1.79425629e+02 3.19738800e+02 1.46180062e+05
 4.18053040e+02 3.18243652e+02 2.14762964e+03 2.91117279e+02
 4.40419983e+02 1.26158707e+02 5.11182404e+00 1.09022888e+06
 3.32776367e+02 5.69042062e+05 4.15110693e+03 1.66459045e+02
 2.68933179e+03 1.44349823e+02 7.82088566e+00 2.42008422e+05
 2.27448965e+04 7.22325488e+03 7.17857361e+01 8.16316406e+03
 5.69225830e+02 2.90946472e+02 6.93604531e+04 5.75800244e+03
 3.18796265e+02 7.34576511e+00 3.52248871e+02 4.21521826e+03
 1.35032288e+02 1.56515823e+02 6.64788635e+02 8.70177734e+03
 2.86991669e+02 2.35597312e+05 4.71384424e+03 1.58175672e+05
 6.95108276e+02 6.58537422e+04 4.09495273e+04 3.06982935e+03
 1.79631424e+02 2.46287070e+04 6.78702250e+06 2.57583282e+02
 1.46499283e+02 1.79577118e+02 9.00193359e+04 3.08584290e+02
 2.11257516e+05 2.95498657e+03 4.08607849e+02 9.34758911e+02
 1.26552887e+02 4.87292969e+02 8.11194214e+02 1.29644379e+02
 1.67080838e+06 5.29046436e+03 6.90600891e+01 3.76927277e+02
 2.43087500e+05 3.70782715e+02 6.71010620e+02 1.32327808e+03
 3.25486725e+06 4.84101700e+06 3.84075975e+00 4.70698214e+00
 1.53534399e+03 1.83051804e+02 4.71905861e+01 2.01929047e+02
 1.72571960e+02 4.69017090e+02 3.52850844e+05 5.43802567e+01
 1.22345070e+02 7.30914536e+01 4.03865723e+02 5.98820686e+01
 1.08970349e+03 6.70369609e+04 1.64888397e+02 3.50038275e+06
 7.67467432e+03 3.61938086e+04 1.13788408e+04 7.62353058e+01
 1.67077812e+04 2.29722375e+06 1.33622141e+05 3.05515900e+01
 1.80019484e+05 2.30122729e+03 9.41603984e+04 5.53909250e+05
 6.71794434e+03 2.19500176e+04 2.20228195e+02 2.38975388e+02
 3.95071362e+03 1.10753075e+02 1.33567475e+06 2.66588104e+02
 4.87252832e+03 7.05227127e+01 1.22458492e+05 2.26268484e+05
 1.86763922e+05 5.17310350e+06 6.89267426e+01 1.10380300e+06
 1.26875378e+03 2.95329315e+02 3.12580643e+01 1.56667175e+02
 2.04640141e+05 4.87612969e+04 1.28585281e+05 2.27038525e+03
 3.75121338e+03 4.34845543e+01 1.80798188e+06 1.71012207e+02
 3.36194414e+04 4.75606108e+00 1.72128308e+03 4.72257469e+05
 4.42783250e+05 3.75133392e+02 1.86656342e+01 4.61275469e+05
 2.36878906e+03 2.53900681e+01 3.11278887e+04 4.90508127e+00
 2.23252029e+01 4.08093628e+02 2.78289917e+02 3.77045874e+03
 1.92137297e+05 4.39440826e+02 1.39210559e+03 3.63480225e+01
 8.07917480e+01 1.68369904e+02 7.79258118e+01 4.78193268e+02
 3.56990000e+04 6.16108312e+05 4.49566100e+06 3.69576569e+01
 5.53486625e+05 1.33795761e+02 3.88360039e+04 2.26732101e+02
 3.49870547e+04 1.68877988e+04 6.11517296e+01 1.13060266e+03
 2.47428925e+02 2.65923691e+01 2.03538855e+03 4.60658545e+03
 6.27615051e+02 3.37994360e+03 1.77960556e+02 2.57879395e+02
 1.03567305e+05 1.57612427e+03 3.67463646e+01 4.74193281e+04
 3.62776245e+02 1.46361694e+02 1.62388779e+02 3.36738251e+02
 2.16070435e+02 3.58793121e+02 3.15482153e+03 1.25011125e+06
 1.59848340e+04 5.82621500e+05 2.18435593e+02 8.55903438e+05
 3.36143188e+02 1.37964844e+03 1.54338604e+04 4.30111963e+03
 4.99115021e+02 6.48785583e+02 1.09907776e+03 1.95167031e+04
 1.33670059e+02 1.03539879e+02 1.21100874e+01 1.76419824e+03
 3.03459961e+04 1.02767703e+05 1.33282350e+06 2.48583618e+02
 1.79276611e+02 1.97883759e+02 4.99761475e+02 3.33613922e+02
 5.29401131e+01 1.31211182e+02 3.94021953e+04 3.18405609e+02
 4.85248477e+04 8.64615662e+02 3.14306030e+02 3.80400513e+03
 8.73864517e+01 8.24530258e+01 1.94341507e+02 1.66682072e+01
 6.41708812e+05 2.61351625e+05 3.43691577e+03 3.08444366e+02
 4.38746156e+05 8.93326599e+02 7.84314000e+05 1.51154236e+03
 4.62940369e+01 1.76712207e+04 3.01527069e+02 6.44371523e+04
 4.61776807e+03 2.50182678e+02 3.59668281e+04 2.26158911e+03
 6.85685550e+06 1.08408898e+05 1.22409133e+05 4.38083160e+02
 3.14315765e+02 4.42855438e+02 1.40019629e+03 1.43850256e+03
 3.87502441e+02 9.69976062e+05 1.56322305e+04 3.59106125e+05
 7.45831738e+03 4.14489875e+05 1.14163910e+02 3.81973381e+01
 1.76736084e+03 5.76728467e+03 4.50037469e+05 7.57049866e+01
 2.80592613e+01 6.94141388e+01 1.95975781e+05 1.22299162e+06
 1.70436426e+03 1.30995500e+06 1.41402156e+05 2.71082001e+02
 2.05403301e+04 8.49813461e+01 8.40029968e+02 4.82502695e+04
 1.51138318e+03 3.19575562e+02 8.35852344e+04 2.81673706e+02
 5.58946440e+07 1.74541214e+02 2.10096631e+03 8.15821438e+05
 1.10841479e+03 6.49415674e+03 9.43062439e+02 1.75714475e+06
 3.66379224e+03 6.31652625e+05 2.05737427e+02 3.00038300e+02
 9.14093000e+05 1.96845398e+02 2.15359360e+02 5.21682625e+01
 1.90581619e+02 8.56575938e+04 3.01012054e+02 1.48343857e+02
 3.77009613e+02 1.26411888e+02 2.22106590e+01 3.84430328e+02
 2.82301636e+03 2.14598575e+06 1.12011292e+03 6.95985469e+04
 1.18681311e+03 3.85723785e+02 1.60097366e+02 1.54617294e+02
 2.99202332e+02 2.08338745e+03 9.30154648e+01 1.45788994e+04
 1.32490814e+02 1.16947548e+02 1.43388770e+03 3.12660527e+04
 1.65685715e+02 4.41088152e+00 5.53756914e+04 3.40568359e+04
 1.13166832e+02 2.32326569e+02 1.35610120e+03 1.16331226e+03
 6.46927643e+01 4.19356842e+02 3.36599648e+04 4.22875625e+04
 4.59387549e+03 4.77989807e+01 6.32477812e+04 1.52206640e+01
 5.25691467e+02 8.29100647e+01 3.21532822e+01 3.41861719e+04
 1.20248405e+02 5.87362366e+02 4.60581131e+01 3.73943115e+02
 6.40827500e+04 2.89996979e+02 2.09910547e+04 1.76418225e+03
 2.44693086e+04 2.48799562e+05 2.35224304e+02 1.29049280e+03
 2.59423999e+03 4.27153672e+04 1.97811691e+02 3.60195351e+01
 1.89005554e+02 4.11212109e+03 2.67012665e+02 1.54474756e+03
 1.18959387e+03 3.14289062e+02 3.56579785e+03 3.81302719e+01
 3.39914155e+00 1.24905602e+05 2.38466049e+02 1.31417480e+02
 2.14321854e+02 2.64501150e+06 3.90824485e+00 3.97402954e+01
 5.25854263e+01 6.86653125e+04 5.03777219e+05 9.78655548e+01
 6.97935867e+01 3.52046216e+03 6.06337738e+01 7.93655518e+02
 2.28251641e+05 8.46550140e+01 4.78953094e+01 1.29300934e+02
 9.75453568e+00 9.60224805e+03 1.14654961e+05 1.59086800e+06
 1.57789429e+02 8.08984961e+03 1.95600234e+04 2.13043481e+03
 1.08166702e+02 5.02226100e+06 3.87787109e+02 1.50967297e+05
 8.01480312e+05 3.87376680e+04 1.32760852e+03 1.62260059e+03
 5.21650547e+04 1.29138885e+02 2.52702961e+01 1.01209122e+02
 2.05344734e+01 2.53232513e+02 1.15406715e+02 4.35491066e+01
 1.01312956e+06 7.14040812e+05 2.18116528e+03 1.06410713e+04
 2.42038125e+05 5.03373500e+06 8.58128235e+02 7.99680547e+04
 1.27070532e+03 8.22083817e+01 5.04068969e+05 1.29655273e+02
 1.29582938e+06 8.34309570e+02 3.47095166e+03 5.83229570e+04
 1.84587296e+02 3.33463725e+06 8.58554077e+01 1.06005100e+06
 2.23293427e+02 2.31677441e+03 9.42481537e+01 4.55860840e+03
 2.92462250e+02 9.80210938e+04 5.60912988e+03 2.09779938e+05
 2.27431641e+03 1.10497125e+05 5.33000742e+04 7.59333252e+03
 2.53855209e+02 1.95311938e+03 3.25465405e+03 2.79426666e+02
 2.43690210e+03 6.94964066e+01 1.50292505e+03 5.11897552e+02
 1.47382500e+05 3.12820038e+02 2.57754614e+03 2.13444824e+03
 3.46498800e+06 2.82850098e+02 3.37480377e+02 3.65562286e+02
 7.08857875e+05 4.80142250e+06 7.72778625e+01 3.71245825e+03
 2.60510620e+02 4.76572037e+01 9.63246625e+05 4.04315521e+02
 8.41929102e+03 3.45671606e+03 4.51596741e+02 2.71751801e+02
 5.37127266e+04 1.15749727e+04 8.17482438e+05 5.04379180e+04
 2.27438675e+06 1.72730847e+03 7.91580200e+01 3.98642529e+03
 1.33829547e+05 3.20947598e+04 1.03112832e+04 1.45459781e+05
 5.52603821e+02 5.72273562e+05 2.79855591e+03 7.53261642e+01
 1.82168496e+04 1.00390778e+01 6.06083594e+04 1.92871719e+04
 8.15752808e+02 3.24588501e+03 2.98727759e+03 1.98161499e+02
 3.29551239e+01 2.14465561e+02 8.71348047e+04 9.10802536e+01
 2.28678578e+05 2.88123535e+02 8.69420605e+03 4.27158398e+04
 1.33423309e+02 4.71431844e+05 4.91112812e+05 2.92578174e+03
 3.47410675e+02 8.45318848e+02 1.51146027e+02 6.27201157e+01
 4.88201758e+03 9.27509842e+01 4.91975189e+02 9.54036625e+05
 3.48445938e+05 2.43788359e+05 2.38126656e+05 1.53774377e+03
 1.30964730e+07 5.07198448e+01 3.55592539e+04 8.60189625e+05
 3.61704810e+03 7.08840179e+01 2.33865186e+03 1.24371056e+02
 3.33827594e+05 1.09174767e+01 2.66854431e+02 5.08729630e+01
 1.64724396e+02 1.48310600e+06 6.24503517e+01 1.85694809e+02
 1.75521912e+02 2.34178391e+01 5.81187000e+05 1.14925609e+05
 1.97647119e+03 1.94286285e+02 1.07280762e+02 1.26110260e+02
 2.32955176e+03 1.48351212e+06 1.31459988e+06 1.60375565e+02
 2.07140549e+02 1.25712029e+02 3.49184156e+05 5.64147606e+01
 1.65876083e+02 1.59159912e+02 7.43711000e+05 7.54186768e+02
 1.83799475e+03 9.39317261e+02 3.20527808e+03 8.82704391e+01
 1.56382675e+02 8.07253125e+04 4.07496582e+03 1.86687610e+03
 3.67809479e+02 3.33720734e+02 1.86421252e+03 1.06372986e+01
 2.57437378e+02 1.41139648e+04 2.45901660e+03 5.54251807e+03
 7.64755125e+05 7.94081406e+04 1.19554382e+02 5.54921951e+01
 1.47529953e+02 3.93579895e+02 5.72481250e+03 1.24309273e+02
 1.26258537e+02 1.83929184e+02 9.40201599e+02 7.87420883e+01
 1.67731216e+02 8.32117249e+02 5.14841370e+02 3.63912012e+03
 5.19829178e+01 1.36695025e+06 3.14165812e+05 1.46843433e+03
 1.76211349e+02 3.55803359e+04 2.31925339e+02 6.55096641e+04
 2.34363375e+05 5.35862305e+03 2.08716344e+05 1.64664225e+06
 2.74833050e+01 1.92931030e+02 4.29450719e+05 6.10374900e+06
 1.66810229e+03 8.78629395e+03 7.54984253e+02 4.47633789e+03
 2.36572327e+02 2.73661425e+06 6.99358643e+02 6.84453955e+03
 2.11776221e+03 4.75481529e+01 5.04774406e+05 6.88214478e+02
 1.18355169e+01 2.09988754e+02 4.02436218e+02 1.38852844e+02
 3.91663589e+01 4.85060188e+05 1.16247870e+07 1.27489661e+03
 4.67533867e+04 1.12299951e+03 5.08839142e+02 2.81915207e+01
 2.72165796e+03 1.51026768e+04 1.21711304e+03 1.29444226e+03
 7.20922891e+04 1.30416779e+02 2.63853525e+06 2.84376406e+04
 5.10284729e+02 8.82141235e+02 9.20671310e+01 8.98969375e+05
 7.30705338e+01 7.21748505e+01 1.58015359e+05 5.49622192e+01
 1.61196640e+02 1.25364490e+03 8.98287562e+05 4.84346676e+00
 9.43169629e+03 2.00993881e+02 6.61219775e+03 8.73196406e+04
 5.96019630e+01 3.46416235e+03 8.65777031e+04 1.51066626e+03
 4.42025572e-01 3.74947656e+03 2.57632477e+02 9.34266846e+02
 1.48670029e+02 2.49815100e+06 1.11940759e+03 9.24320602e+01
 1.73096672e+05 3.32701099e+03 5.64873594e+04 6.75445318e+00
 1.45912769e+03 3.47118591e+02 1.17195654e+03 1.40519135e+02
 2.60310120e+02 1.67372641e+05 3.10497253e+02 1.21583688e+06
 3.66963770e+03 5.52240419e+00 6.63703369e+02 2.28058304e+02
 4.72777906e+05 3.23410553e+02 4.46163025e+02 1.96380478e+02
 5.41351367e+04 1.41394688e+06 2.23572859e+05 2.76450439e+03
 2.03337888e+06 1.81562500e+02 4.04683380e+02 1.16576462e+02
 1.41244202e+02 1.90360132e+03 2.74405875e+06 1.98817900e+06
 2.87867469e+05 6.72638245e+01 1.21296814e+03 7.47636875e+04
 1.35683575e+06 6.29481875e+05 7.07554395e+03 1.42681625e+06
 4.93642845e+01 5.18781471e+01 8.79085312e+01 5.61221558e+02
 7.12693071e+00 1.24719242e+05 2.16180625e+04 2.80628567e+01
 1.30884662e+06 8.86427673e+02 5.47120056e+02 4.39278793e+01
 7.81205177e-01 2.73671356e+02 4.09189917e+03 2.39316870e+03
 1.59618609e+05 6.42704961e+04 1.06474045e+02 3.75104294e+01
 1.50757858e+02 4.64294701e+01 2.66762482e+02 2.39663506e+00
 2.52174031e+05 3.08712982e+02 6.79210999e+02 2.95959800e+06
 3.47568312e+05 9.54501094e+04 2.58555481e+02 1.97869336e+03
 1.66789246e+03 1.41919766e+04 2.19265479e+03 6.58381688e+05
 1.94554272e+03 5.92869873e+01 1.14621140e+02 8.50318985e+01
 1.98624188e+05 5.12110938e+03 7.28101562e+02 1.26736755e+02
 2.35922546e+02 9.81800171e+02 6.73536523e+03 1.38283156e+05
 1.88433386e+03 2.96511938e+05 6.39430481e+02 1.25363678e+02
 5.85359917e+01 3.64311781e+05 9.03666953e+04 1.55454344e+05
 1.17833862e+06 5.80918281e+04 3.94263086e+03 3.30361602e+04
 5.79475300e+06 1.67763336e+02 1.32586680e+04 1.30663688e+05
 4.08996438e+05 1.38162811e+02 6.98057404e+01 1.55596527e+02
 1.34798193e+03 1.05875220e+03 6.71609375e+05 2.90605316e+02
 2.78087129e+04 6.72570859e+04 1.41615686e+03 1.01571398e+05
 3.06982637e+04 5.00783516e+04 3.52795288e+02 1.15704602e+03
 2.20894019e+03 1.49137805e+03 7.12492218e+01 2.00869370e+01
 6.67103984e+04 4.73337793e+03 6.66694125e+05 8.82287109e+02
 1.77075592e+02 3.63613953e+02 6.08039062e+04 1.04347435e+02
 8.43323746e+01 2.25235938e+04 1.76521816e+04 1.23106911e+02
 6.02323799e+01 1.62142468e+03 6.51719236e+00 8.11266800e+06
 7.01621704e+01 9.48668194e+00 1.80610153e+02 6.42509375e+03
 1.42002533e+02 2.65815372e+01 1.56569229e+02 1.97268372e+02
 4.88844337e+01 1.51336456e+02 1.04030266e+05 2.19845963e+01
 6.05694438e+05 2.73834595e+03 2.87854347e+01 3.33390812e+05
 1.58197281e+02 1.11101685e+02 1.31637659e+03 3.55207428e+02
 3.93451156e+05 4.34367090e+03 6.12789250e+05 2.86519492e+04
 2.82460632e+02 8.29787344e+04 1.33870715e+03 3.50134625e+06
 2.42698535e+03 1.55589859e+05 8.21270500e+05 6.02287407e+01
 4.97945213e+01 7.58731155e+01 3.01489441e+02 7.04221680e+02
 1.93513633e+04 1.96608770e+04 2.91956219e+05 4.21244446e+02
 1.74812149e+02 2.02125565e+02 1.00366753e+02 6.24489899e+01
 9.59020312e+04 7.73578262e+01 1.76918506e+03 1.63492020e+02
 2.09897949e+02 2.10119827e+02 4.08030151e+02 6.89139557e+01
 2.95119580e+03 2.05196875e+03 8.98095947e+02 1.26613701e+04
 7.17098083e+01 3.35740845e+02 1.09675163e+02 7.65125562e+05
 1.18001062e+06 1.36672302e+03 3.47609039e+02 1.43903931e+03
 1.55223648e+02 5.12094971e+03 2.61348297e+02 6.94711426e+02
 7.40709381e+01 1.10556725e+02 7.86274185e+01 2.46577875e+05]
