[1.33468384e+03 1.91960358e+02 3.68362227e+04 1.20191883e+05
 1.50296050e+06 7.40052881e+03 2.54668921e+03 9.24102500e+04
 1.45377612e+06 1.27916156e+05 8.26457812e+05 5.14654724e+02
 3.35148711e+04 2.96430938e+04 2.17342926e+02 6.59299938e+05
 9.03474512e+03 4.17240576e+03 8.00918875e+05 1.37083344e+05
 2.28709000e+05 1.22768750e+03 1.19811736e+08 4.09629781e+05
 8.39914001e+02 9.38084188e+05 1.22790523e+05 1.25389316e+04
 6.60130615e+03 1.12245938e+04 2.63815391e+04 9.58397266e+03
 2.80527661e+03 9.09389062e+03 2.20693066e+04 1.08650320e+05
 8.00781934e+03 1.57605186e+04 4.16683438e+05 2.24420254e+04
 1.15694678e+03 7.14978809e+03 2.70291738e+04 3.04615594e+05
 1.07979014e+04 5.78489688e+05 7.11095508e+03 5.01556367e+04
 1.28464711e+05 9.56326953e+04 1.10030840e+04 5.64829102e+03
 3.16603784e+03 2.81405156e+05 6.07940000e+04 7.53715637e+02
 7.85878750e+04 3.10937781e+05 3.45603711e+04 6.31508828e+04
 1.73049408e+02 1.22106250e+06 2.17184692e+03 8.60573273e+01
 1.16756580e+03 1.97431504e+04 1.31615830e+04 5.58339348e+01
 2.75989656e+05 4.05551875e+06 4.02852173e+03 1.12496357e+04
 9.00360840e+02 3.22589156e+05 3.13744434e+04 1.16940766e+05
 3.37224792e+02 8.46838062e+05 1.84689590e+04 4.20922100e+06
 4.24297812e+04 1.51069641e+05 8.92885193e+02 4.07251068e+02
 1.17690008e+05 3.45386035e+03 5.80915312e+04 3.14171133e+04
 1.02313760e+04 1.47772969e+04 1.01982529e+04 6.52647688e+05
 1.55901733e+03 2.05417407e+03 1.00659000e+07 3.32293140e+03
 6.73565967e+03 7.23364375e+04 2.15740281e+05 5.43664001e+02
 2.24055906e+05 8.63076250e+04 2.10012094e+05 3.81070352e+04
 2.74776125e+05 5.17374609e+04 9.60220078e+04 1.53483569e+03
 7.93037109e+04 6.64317383e+02 1.01907334e+04 3.03956758e+04
 1.56392542e+03 1.34753344e+05 5.74483301e+03 2.18212359e+05
 2.30060234e+04 4.10303812e+05 3.39753555e+04 6.46773008e+04
 2.28677368e+03 1.65220700e+06 1.65798750e+06 4.82050078e+04
 1.02309290e+03 1.97616913e+02 2.86067461e+04 2.17799883e+04
 2.17015250e+05 1.26874812e+05 1.35867062e+05 3.64386572e+03
 2.19857300e+03 3.02350391e+04 5.27793701e+03 9.71572168e+03
 2.05159805e+04 9.82978438e+04 5.55631689e+03 8.01884938e+05
 4.42310125e+05 1.16356288e+06 1.20260477e+05 2.99952188e+05
 1.09954175e+06 2.72781201e+03 6.72901306e+02 9.66475875e+05
 1.87746675e+06 1.08834932e+04 4.19793121e+02 4.83893750e+03
 1.43409705e+03 4.56422375e+05 2.80618301e+04 1.24222148e+05
 5.52451367e+04 1.72426100e+06 4.80421875e+03 3.73594375e+05
 9.20032375e+05 3.57459412e+01 2.96326001e+03 2.26471313e+03
 1.11806805e+05 4.82596631e+03 3.78227734e+03 4.23170195e+04
 1.40904203e+05 1.20404141e+04 6.68264453e+04 1.38040833e+03
 2.46910498e+03 6.50623672e+04 3.67412422e+04 6.38377461e+04
 9.08725156e+04 4.59342773e+03 2.94699976e+03 1.22863195e+05
 5.01633781e+05 1.36267163e+03 4.64283969e+05 5.07924094e+05
 1.84745750e+05 1.77276135e+03 3.59290586e+04 8.78756797e+04
 1.60334365e+04 1.72424516e+05 2.70142812e+05 3.25935638e+02
 2.53690820e+03 1.81825527e+04 4.32274727e+04 9.77976367e+03
 4.34542594e+05 1.81550273e+04 2.14660547e+04 2.60172969e+05
 2.23106125e+06 4.72238086e+04 8.63303188e+05 8.13253047e+04
 2.82613825e+06 8.59749750e+05 9.93580078e+03 5.33056562e+05
 1.01290293e+04 1.30398743e+03 1.42795828e+05 9.87892090e+03
 2.87827319e+03 9.80597363e+03 6.55371188e+05 2.46459688e+04
 1.49738703e+05 8.84166992e+03 1.07637686e+04 1.19895557e+03
 4.84673008e+04 3.68243359e+03 1.31211816e+03 2.04464906e+05
 6.34650244e+03 1.50533716e+03 1.56015215e+04 6.05040898e+04
 2.16197207e+04 1.24086961e+05 5.21168438e+05 3.38600898e+04
 1.65845609e+05 1.74152406e+05 2.09925751e+02 1.64714641e+05
 5.45663984e+04 5.70710022e+02 1.83965918e+03 1.92616281e+05
 3.36001450e+06 1.60682336e+03 1.23958138e+06 2.70406156e+05
 1.03234363e+03 7.73687695e+03 1.09739268e+04 1.00341709e+04
 2.83637594e+05 1.46509860e+07 3.61053467e+02 5.20078281e+04
 5.23337744e+03 1.15901917e+03 1.61558109e+05 1.41378455e+03
 1.22710186e+04 6.97985077e+01 1.57990547e+05 2.13954953e+05
 1.78106641e+04 4.56107094e+05 4.72279453e+04 2.88787500e+03
 4.52807891e+04 1.79137988e+04 1.07597883e+05 2.54428784e+03
 1.59336025e+04 4.03558969e+05 3.51709961e+02 5.91655898e+04
 5.28179766e+04 4.73371399e+02 7.13248188e+05 2.46031763e+03
 1.86755908e+03 1.76186538e+06 1.32286266e+05 1.60540047e+05
 8.17808672e+04 1.85295586e+04 1.43293628e+03 2.32385039e+04
 1.03003815e+02 4.45233688e+05 9.56105078e+04 7.11921625e+05
 2.03205352e+04 1.14082984e+05 3.15372406e+05 4.62950859e+04
 2.73421719e+05 2.30377563e+03 4.01971436e+01 8.51783789e+03
 3.38825531e+02 5.72968812e+05 6.61162375e+05 1.21441673e+02
 9.99118125e+04 8.01727234e+02 7.94357188e+04 2.01788588e+06
 1.48485273e+04 1.52494350e+07 3.52180908e+03 5.66044844e+04
 2.57397453e+05 4.65208672e+04 2.65382935e+03 2.11190672e+05
 3.57422773e+04 5.34795947e+03 2.32420386e+03 7.26398877e+03
 1.58726279e+04 4.95177031e+05 3.17213219e+05 1.38777975e+06
 1.42061609e+03 2.82148291e+03 8.77341484e+04 3.29272188e+05
 7.95764609e+04 7.70091980e+02 1.48389688e+05 2.16828149e+03
 1.13565010e+04 8.56119141e+03 1.13183375e+05 3.07432227e+03
 6.44845703e+03 5.34251602e+04 1.33312344e+05 6.10772062e+05
 8.48824844e+04 4.72781094e+04 3.39614297e+04 9.07113574e+03
 3.75336499e+03 1.44364248e+04 3.79450610e+03 5.69344625e+05
 4.42789355e+03 4.87890656e+02 1.36060074e+02 1.48071448e+03
 1.47203738e+06 2.69454773e+02 4.32602305e+04 1.22570800e+06
 1.21714824e+04 6.65584312e+05 1.90888965e+03 2.33494922e+03
 1.11315550e+06 3.88237061e+03 1.46466750e+05 2.56494922e+03
 3.96807812e+04 1.88356934e+04 1.24776201e+04 2.22883406e+05
 3.34336188e+05 1.09803367e+05 1.67536141e+05 3.01356144e+01
 3.29483075e+06 1.82755500e+06 6.17478812e+05 7.83753857e+03
 9.86666500e+06 4.29816602e+04 7.13902979e+03 2.52338135e+03
 5.41334336e+04 9.75645312e+04 1.18333496e+04 2.77009857e+02
 1.64558008e+04 5.84963965e+03 8.13010000e+04 2.88105542e+03
 2.02015918e+04 2.51672998e+03 1.03826118e+02 7.24721250e+04
 3.24757594e+05 7.96123682e+03 2.15719100e+06 5.54008740e+03
 2.68673584e+03 3.77948584e+03 8.23434766e+03 8.02498062e+05
 8.95892525e+00 1.05120711e+05 2.15119355e+04 1.69089023e+04
 5.00860138e+01 1.13271234e+05 5.25618203e+04 1.34435364e+02
 2.89118875e+05 7.72833281e+04 2.87915405e+02 1.28478623e+04
 4.33645160e+07 5.68668604e+03 6.75876318e+03 4.08413375e+05
 2.41992461e+04 1.31224695e+03 1.10205025e+06 5.29015479e+03
 4.87017555e+01 1.97156469e+05 7.04523906e+04 1.00897828e+05
 1.91451328e+04 9.28677578e+04 1.00007031e+05 4.08899531e+05
 4.68202438e+01 1.36749084e+02 4.01798438e+05 3.03426914e+04
 8.41289500e+05 4.14507324e+03 1.31366865e+04 1.99113105e+04
 1.01136266e+05 7.80044875e+05 3.53809998e+02 8.12961094e+04
 5.83723535e+03 7.39165955e+02 5.75363125e+04 2.31713843e+03
 2.49615088e+03 1.38199890e+03 7.63542625e+05 1.34297938e+05
 1.96007886e+03 6.29581566e+01 9.42882500e+04 7.27770703e+04
 4.52757861e+03 1.26751836e+04 1.81974350e+02 1.56913950e+07
 2.85748613e+04 7.11233125e+04 3.25113969e+05 2.20188037e+03
 1.58986108e+03 5.85131958e+02 1.89321212e+06 3.31751587e+02
 1.87595483e+03 9.68323594e+04 3.03624390e+03 1.61759580e+04
 1.70592500e+06 1.46309021e+03 2.05113156e+05 1.24873093e+02
 7.56052307e+02 1.13202188e+05 5.97456914e+04 5.87446562e+04
 2.35507312e+05 2.24884570e+04 6.73079062e+04 5.00837156e+05
 1.44158920e+02 2.03721000e+05 1.31642444e+03 2.05639511e+02
 3.19553613e+03 5.55185730e+02 8.47966431e+02 2.05764203e+05
 2.16294946e+03 2.62889102e+04 1.19312900e+04 4.34645156e+04
 8.49112427e+02 3.44172180e+02 4.14334198e+02 3.97733469e+05
 7.97567993e+02 2.64595281e+05 4.66832812e+05 9.25119844e+04
 1.28942480e+03 3.36166875e+04 6.69710156e+04 9.74645469e+04
 1.68095566e+02 4.64692480e+03 3.40061375e+05 3.00215515e+02
 1.23056367e+04 3.92125366e+03 8.26518945e+03 4.87613375e+05
 1.59843738e+03 3.00616188e+05 1.73952698e+03 1.40225134e+03
 2.96427563e+03 1.22656824e+03 3.49998688e+05 6.43247363e+03
 1.76119038e+06 7.73738623e+03 8.64860535e+02 1.92753281e+04
 5.84073792e+02 7.05715350e+06 1.60915381e+04 1.28417211e+05
 8.45877539e+03 2.38867285e+04 1.21280835e+03 4.99414844e+05
 2.37965698e+03 7.46466328e+04 8.58965332e+02 1.45077637e+03
 1.26231104e+04 3.07506348e+02 2.98959888e+03 4.92803955e+03
 3.55626923e+02 3.57109906e+05 6.40829443e+03 3.88074102e+04
 1.61193347e+03 3.43277539e+04 5.31767871e+03 7.16627812e+04
 1.16768530e+03 1.07031305e+05 4.48925000e+03 9.90132734e+04
 6.00953516e+03 1.01518481e+03 2.76404219e+05 1.36974170e+03
 1.81912000e+03 9.00031641e+04 2.24230078e+04 1.46562422e+04
 2.07927876e+01 1.12647797e+05 1.14009387e+03 4.42144727e+03
 1.07556212e+06 7.54765137e+03 2.63661031e+05 3.86999536e+03
 8.84982605e+02 2.10425062e+05 7.78842266e+04 4.10550406e+05
 2.33838266e+05 9.42975469e+04 1.15911157e+03 3.94594055e+02
 3.74616625e+06 8.59675312e+05 1.69208027e+04 8.86326465e+03
 1.16990137e+03 7.74706406e+04 4.56496656e+05 1.73235664e+04
 1.47127425e+06 8.87609922e+04 1.25845212e+06 1.06208457e+04
 3.30696753e+03 2.56476219e+05 6.41674023e+03 2.69545781e+05
 3.34163257e+03 4.72311230e+03 9.03768359e+03 1.14242163e+03
 5.87375098e+03 3.46475688e+05 8.65643906e+04 5.76271875e+05
 1.18713859e+05 7.91852969e+04 5.21592594e+05 1.75351038e+03
 6.22850078e+04 3.87716750e+05 1.43739609e+02 1.21541794e+02
 1.67498828e+04 1.70751445e+04 1.02723809e+04 2.03190812e+05
 6.76988953e+02 6.41700781e+03 4.01766040e+03 9.49511719e+04
 7.26789600e+03 9.39968812e+05 2.84222015e+02 1.34917078e+05
 9.88939188e+05 3.54990352e+04 3.09551099e+03 3.47103945e+04
 1.14439575e+02 2.17993438e+05 1.62446031e+05 3.74329150e+03
 2.93112915e+03 1.11021727e+05 9.34357812e+03 3.06846558e+03
 1.44807007e+03 6.80245166e+03 4.31332594e+05 6.70358828e+04
 2.10499817e+02 5.14594629e+03 1.18379761e+03 2.17625098e+04
 5.37867090e+03 3.92770947e+03 2.07123291e+03 1.31982812e+04
 4.31946289e+04 3.04806812e+05 5.81035938e+03 1.41528101e+03
 9.00069600e+06 4.23558594e+02 8.03043281e+04 1.92339258e+04
 2.56831855e+04 1.33422888e+03 1.75330307e+02 2.30280098e+04
 3.44909082e+03 1.88418242e+04 6.69900156e+04 3.09115031e+05
 2.74489111e+03 2.11458781e+05 1.53049531e+04 2.73177812e+04
 2.06640533e+02 8.46783203e+04 1.35443887e+04 2.21474746e+04
 3.67264258e+04 1.58799524e+03 1.23876245e+03 9.15353394e+01
 1.53518344e+05 2.98768325e+06 9.61761719e+03 3.40837671e+03
 5.23568311e+03 1.40846006e+04 1.13208888e+06 5.68807383e+04
 1.21248093e+02 2.26301828e+05 3.35073090e+02 1.77501975e+06
 9.82025452e+02 4.94045750e+05 7.71240186e+03 6.02983867e+04
 3.34502156e+05 8.69237695e+03 6.70672969e+04 4.68622461e+04
 9.02197109e+04 2.82961094e+05 7.40594922e+03 1.02430194e+06
 1.90039844e+03 4.43963531e+05 3.24140674e+03 9.99351465e+03
 6.96141260e+03 4.00457373e+03 4.37962549e+03 6.41690430e+04
 1.26476143e+04 1.69758398e+03 6.66035950e+02 4.10368164e+03
 8.04549688e+04 3.50992938e+05 2.23506714e+02 5.65046143e+03
 7.13363818e+03 3.77674829e+03 3.27050969e+05 1.69766891e+05
 8.03544336e+03 1.43332188e+06 7.94882080e+02 3.79613672e+04
 4.34360820e+04 4.88925188e+05 1.65605609e+05 2.84779541e+03
 1.23278145e+04 3.02796680e+04 8.71397559e+03 4.58538062e+05
 5.04685469e+04 3.97672266e+03 3.62471562e+05 1.29296922e+05
 2.57706575e+06 7.23897891e+04 1.37846211e+04 4.86535522e+02
 1.01387688e+06 4.04352969e+05 1.36544492e+04 1.94995300e+02
 1.13616064e+03 7.60933281e+04 2.66863066e+04 4.31397188e+05
 7.90655469e+04 2.13647402e+04 1.31098750e+05 7.51756042e+02
 1.48575354e+03 1.02894863e+04 7.65943650e+06 5.77374125e+05
 5.54194609e+04 5.62253036e+01 3.95600375e+05 4.21483447e+03
 2.53982227e+03 1.02667998e+04 1.44739812e+05 3.81068817e+02
 9.76897559e+03 6.03724609e+04 1.49037998e+04 4.28681523e+04
 1.89982148e+04 1.56983533e+03 1.19073962e+03 7.80427979e+03
 1.36641833e+03 1.45880627e+03 3.87592480e+03 2.79752562e+05
 7.69299951e+03 5.77336922e+01 1.92905125e+06 3.99448188e+05
 7.90151484e+04 3.99272266e+04 2.29268359e+03 4.63213525e+03
 6.43401611e+03 1.40035719e+05 4.31321143e+03 1.55092896e+02
 3.19403662e+03 2.28340938e+05 4.95190656e+05 4.36159821e+01
 8.56878662e+02 3.28324875e+05 1.15851195e+05 2.53387695e+04
 1.27770615e+04 4.11523438e+05 2.40481226e+03 6.62398877e+03
 1.35078375e+05 4.37408125e+04 9.87342188e+04 6.84464062e+05
 4.97416656e+05 1.61252607e+04 7.98739141e+04 7.18934692e+02
 1.76251777e+04 1.42678918e+03 6.24370312e+05 9.63330078e+04
 6.89625244e+01 1.81302246e+02 4.16488156e+05 3.25084844e+04
 1.57590508e+04 4.41942578e+04 3.59224585e+03 1.74939750e+05
 2.56616504e+04 6.53402100e+03 8.21249329e+02 3.75937188e+04
 2.04275208e+02 2.22610156e+04 7.98392750e+05 5.10510000e+04
 1.42100024e+03 1.15457930e+05 7.42958105e+03 8.79852417e+02
 6.80012969e+04 1.75342598e+04 8.06973281e+04 1.17389368e+03
 2.82027656e+04 1.16911511e+03 1.08486138e+06 1.00989600e+04
 2.41298656e+05 3.17870630e+03 7.37664014e+03 5.90381523e+04
 8.26032617e+03 4.24059570e+02 1.56323252e+04 1.94886450e+03
 1.00359766e+03 1.07324297e+04 1.50229562e+05 7.62080188e+05
 2.43542313e+02 7.16780273e+02 2.61928109e+05 1.03378357e+03
 6.70028281e+04 1.19388831e+03 6.30502136e+02 2.06341162e+03
 2.25352881e+03 1.57413857e+04 8.80977109e+04 1.60503394e+03
 3.35185500e+05 1.90155612e+06 1.40377016e+05 2.32449570e+02
 1.93448188e+06 4.81714570e+04 4.42061133e+04 8.57071562e+05
 6.31236289e+04 1.61144531e+05 4.74174805e+04 1.33102380e+03
 6.34917383e+03 3.97902771e+02 3.07651650e+06 4.42227246e+03
 8.13986250e+04 1.79762268e+02 2.45834351e+03 6.81234688e+04
 1.37474844e+05 2.04840645e+04 1.43680444e+03 1.60833984e+04
 1.68561487e+03 5.39353375e+05 1.11302461e+04 7.81508252e+03
 3.60069116e+03 5.76415479e+03 1.88985962e+06 1.31143088e+06
 1.25926900e+06 3.42382906e+05 6.89613477e+03 2.63768312e+05
 7.24234062e+05 9.57025977e+03 4.40909961e+04 1.18953601e+03
 8.11299927e+02 4.87582861e+03 7.56268188e+05 6.80214500e+05
 1.04037949e+04 2.45726147e+03 6.55479688e+04 4.78669824e+03
 5.29586035e+03 1.19519984e+05 6.48372500e+04 1.32839450e+06
 5.55509521e+02 3.59595410e+03 5.88028381e+02 6.60362562e+05
 3.21623875e+05 1.15912008e+05 3.40431188e+05 4.40022344e+05
 3.98288477e+04 1.18776414e+05 2.93444977e+02 1.17256592e+04
 5.53565771e+03 3.64600078e+04 1.41475775e+06 1.00895336e+05
 4.74087930e+04 1.82719406e+05 1.18482080e+04 4.15372200e+06
 6.47500938e+05 2.61192700e+03 1.16461492e+05 6.50153938e+05
 2.08792461e+04 8.90940547e+04 4.66462891e+03 4.36114941e+03
 6.53813110e+02 8.18580780e+01 6.56161621e+02 1.34925645e+04
 2.90270500e+05 6.01412598e+03 1.13031789e+05 1.00669395e+04
 3.68966235e+03 2.39147281e+05 3.02591211e+03 1.54421448e+03
 2.22199219e+05 9.81666443e+02 3.42832438e+05 1.59166578e+05
 5.67300234e+04 6.83796406e+04 7.44844238e+02 3.12105325e+06
 4.02648193e+02 1.97314941e+04 2.04337938e+05 4.45974756e+03
 2.87339996e+02 4.67167969e+03 3.27263965e+03 1.56062838e+06
 1.13660062e+06 1.81772227e+04 1.48381299e+03 1.98270227e+03
 4.57532764e+03 3.91184125e+05 4.59287262e+02 2.69886841e+03
 3.65916748e+03 8.80821289e+03 3.31167070e+04 3.43432739e+03
 2.01230406e+05 2.64933562e+05 1.05319862e+06 4.38728174e+03
 5.09361377e+03 3.12863940e+03 3.80616445e+04 2.29133240e+07
 1.08278031e+05 6.41487070e+04 4.25031133e+04 5.07052562e+05
 1.12927686e+04 3.86736011e+03 4.00494438e+05 2.36056359e+05
 2.76398535e+03 7.42039453e+03 1.18803625e+03 1.13327523e+05
 4.24022583e+02 1.21333168e+02 2.41943726e+02 8.97062866e+02]
472272.56
119811736.0
