[6.09289600e+03 8.57331848e+02 7.25044141e+03 3.83530354e+00
 6.46103594e+04 8.04625146e+03 1.70665088e+03 1.27842529e+04
 4.47912988e+03 4.90844574e+02 3.47281128e+03 2.85713000e+05
 6.87018494e+02 4.17305603e+02 7.64385283e-01 1.69808945e+02
 4.93959082e+03 1.27786560e+03 9.03771912e+02 9.10704844e+04
 1.05410950e+03 3.16315649e+03 3.14212715e+04 2.70435009e+01
 3.72497437e+02 4.82119727e+04 2.45868378e+02 1.65922090e+04
 2.52790527e+03 9.99135742e+01 2.44511089e+01 4.46199989e+00
 8.22407617e+03 1.21792480e+03 1.48422073e+02 1.26855850e+04
 2.45644946e+03 1.62865973e+00 8.61987427e+02 5.00038452e+02
 1.11962041e+04 4.59761484e+04 3.89100635e+03 4.70596016e+04
 5.35570625e+04 7.62846802e+02 7.42816895e+03 7.80241016e+03
 1.20024043e+04 4.41387988e+03 3.16542721e+01 7.52726562e+02
 1.69733086e+04 1.90797539e+04 4.70265564e+02 4.74773834e+02
 3.61841187e+03 3.50324062e+04 3.57805884e+03 3.97726294e+03
 1.47477227e+04 2.11176699e+04 3.53003235e+02 2.05879517e+03
 6.49465256e+01 8.57061328e+04 1.27726572e+04 1.14422925e+03
 3.54531787e+03 1.70195618e+03 5.99411133e+02 4.02707715e+03
 2.26159888e+03 1.14946867e+05 2.40598226e+00 6.51872070e+03
 2.63969395e+04 2.84220679e+03 1.67929530e+00 4.38842500e+05
 3.52698853e+03 7.64978790e+01 1.94090307e+00 1.84529960e+00
 1.71504570e+04 1.15395386e+03 1.62184235e+02 5.51523193e+03
 6.24810576e-01 7.50831016e+04 2.03525391e+03 3.55454961e+04
 9.95962305e+03 2.48797688e+05 3.72643469e+05 1.31625107e+02
 1.17748230e+03 9.63171509e+02 1.21818250e+05 1.70690136e+01
 3.85620300e+02 2.23434570e+03 1.14242129e+04 2.10783398e+03
 5.89744806e+00 7.12437061e+03 2.21580399e+02 4.34910828e+02
 2.87361401e+03 3.68985438e+00 1.15051529e+02 1.37514887e+01
 4.78229834e+03 7.26376724e+01 2.10828003e+03 2.32406662e+02
 4.60111786e+02 5.21928857e+03 6.46857666e+02 2.03749316e+03
 6.75417627e+03 2.18944874e+01 1.61258219e+05 5.32366328e+04
 4.03463898e+01 2.04048828e+03 6.88346191e+02 2.41379285e+00
 1.08606239e+02 3.34046997e+03 3.36134180e+03 2.86918237e+03
 1.05178506e+04 3.07913330e+02 7.26538134e+00 1.28912628e+02
 8.54179199e+03 1.60773511e+03 2.91199097e+03 1.65084930e+02
 9.43976700e-01 1.30691219e+05 2.53982697e+02 3.67229250e+05
 1.23349792e+02 2.32583740e+03 1.14734459e+01 1.75201283e+01
 1.00250938e+05 1.94666875e+04 6.35137646e+03 4.93703857e+03
 7.38927364e+00 6.66540869e+03 6.63292480e+02 7.14411682e+02
 3.47255254e+00 1.84566812e+05 8.48021191e+03 1.15597598e+04
 1.33062339e+00 5.64275789e+00 1.84042931e+01 2.02470142e+03
 1.35370410e+04 1.16859200e+02 2.92225269e+03 9.11759375e+03
 1.68534727e+04 1.69089121e+04 6.28920020e+03 6.77421953e+04
 1.09512756e+03 6.44216016e+03 7.40821960e+02 6.60732865e-01
 5.74503662e+03 1.35067010e+00 7.80552917e+02 2.96930566e+03
 6.49789180e+04 2.99601895e+04 2.24262891e+04 8.78705859e+04
 4.58869688e+04 6.88686848e+00 5.17639922e+04 4.91924658e+03
 5.33211756e+00 1.31060889e+03 7.13500146e+03 7.43665222e+02
 3.44712842e+03 9.76498260e+01 2.75962875e+05 1.40571499e+00
 5.04091094e+04 3.58414886e+02 1.53501114e+02 1.90199414e+04
 5.12072705e+03 2.97986770e+00 2.78109668e+03 3.66904395e+03
 1.97320891e+05 7.21290156e+04 7.81091858e+02 6.45871162e+00
 1.50732842e+04 5.51548653e+01 2.95667539e+04 5.39451523e+04
 1.45919617e+02 2.16031297e+05 8.51674121e+03 3.61420807e+02
 7.40044531e+04 9.09070671e-01 8.95010352e+03 6.39135352e+03
 2.09319019e+00 5.33584424e+03 1.38324158e+03 2.04117517e+03
 1.63871655e+03 1.21272266e+03 1.44833679e+03 1.02425861e+01
 4.37755908e+03 4.16790314e+02 3.19181567e+03 1.24224438e+03
 9.38300705e+01 1.16453018e+04 9.80721760e+00 4.33307304e+01
 1.16729078e+01 6.58990955e+00 1.79435059e+03 2.09769688e+01
 1.77810453e+05 2.81380396e+03 3.41348359e+04 2.30920293e+04
 3.42169556e+03 3.84422943e+02 1.46744629e+04 1.69158652e+04
 7.09165344e+02 2.30634668e+03 2.17025391e+04 2.03606897e+03
 2.36001539e+00 1.53838098e+03 1.05529712e+03 1.76127563e+02
 1.40012048e+03 5.28243457e+03 6.11329590e+02 1.04480080e+02
 2.83410820e+04 9.88118359e+04 8.76325488e+03 2.66305103e+03
 2.45902500e+04 1.42072830e+02 1.06678828e+04 2.72623379e+04
 5.85350146e+03 5.93221069e+02 1.52804642e+01 2.08981656e+05
 4.37384583e+02 3.42813940e+03 2.56869336e+03 2.48448682e+03
 1.31937825e+06 1.74318266e+05 1.92072070e+04 1.98057539e+04
 7.15120898e+03 2.63063452e+03 2.63594653e+03 2.06604736e+03
 2.56833984e+03 3.98211133e+03 1.87990131e+01 6.32576953e+04
 2.00409551e+04 1.60818140e+03 6.50269023e+04 9.85653259e+02
 1.75650059e+04 2.61941748e+03 4.53892612e+00 7.11684229e+03
 5.01490387e+02 1.15025061e+03 1.66690445e+01 1.65923599e+02
 1.50359460e+03 3.14156403e+02 1.61802578e+01 7.24823914e+02
 6.80822510e+02 1.36799453e+04 1.74431534e+01 1.15358574e+04
 2.70920483e+03 1.46971834e+00 9.74650635e+02 9.67297137e-01
 2.86830684e+04 6.09838066e+01 5.72251465e+02 1.08519128e+03
 4.91361182e+03 3.63443222e+01 4.67458984e+02 2.66996582e+03
 2.14315942e+03 2.33113159e+03 3.63048755e+03 3.80865143e+02
 2.17971781e+05 3.68609595e+03 5.03157906e+05 7.26562012e+02
 3.87994922e+04 1.59700964e+03 4.39236328e+02 6.43264711e-01
 8.74335156e+03 1.03277087e+03 3.59613150e-02 2.37422943e+00
 1.87555389e+01 4.28101367e+04 3.71716522e+02 5.56349487e+02
 6.28631042e+02 4.64010938e+04 1.25329309e+03 9.81448914e+02
 2.64552665e+00 1.83528247e+03 8.21739388e+00 1.11681267e+02
 4.82830391e+01 6.82193018e+03 1.20045850e+03 1.97356465e+04
 4.53922852e+04 6.96107864e+01 2.36251129e+02 1.15622854e+01
 8.95910156e+02 3.19758447e+03 7.88442822e+03 8.38187793e+03
 1.97414587e+03 9.85999219e+03 4.90893984e+04 2.51927853e+00
 1.30029219e+05 8.95464125e+05 5.54420137e+00 1.94189277e+04
 1.12794962e+06 6.56725220e+02 1.39812231e+03 1.43844641e+03
 5.07685938e+04 1.12318633e+04 4.76952839e+00 4.72540869e+03
 5.21512793e+03 5.08299112e+00 7.96515579e+01 2.34380859e+03
 1.73993408e+03 1.43076591e+01 4.90063750e+05 1.61561633e+03
 2.29499573e+02 3.43916328e+04 2.73302956e+01 9.16855859e+04
 1.31500168e+02 2.16317344e+04 2.16103438e+05 3.21309143e+02
 6.85511551e+01 4.78225586e+03 2.08299048e+03 4.52553398e+04
 1.44770157e+02 7.73224304e+02 5.51478125e+03 1.64484921e+01
 5.26675476e+02 3.60027368e+03 3.23034248e+01 3.19322739e+01
 2.14660859e+04 2.43508133e+02 4.27706480e+00 1.25199326e+04
 1.22363672e+04 2.75702954e+03 1.22805262e+00 1.02164188e+05
 5.21478711e+03 1.29944550e+02 9.64706172e+04 1.43095503e+01
 1.08394958e+03 2.74110449e+03 4.96178741e+02 7.33790344e+02
 1.34781807e+04 2.73196350e+02 6.09090865e-01 2.94401169e+00
 9.08065979e+02 1.12974102e+04 2.48083511e+02 4.58103577e+02
 6.35645078e+04 3.12416089e+03 2.06322647e+02 1.41473408e+04
 2.25410414e+00 5.62443115e+03 1.38064807e+03 4.98336914e+02
 2.19599819e+00 7.84726366e-02 4.41238832e+00 1.14165993e+01
 4.16649902e+03 1.26297864e+03 4.03185211e+02 6.60229187e+02
 3.06057886e+03 4.33608215e+02 9.25576721e+02 4.51351715e+02
 3.48881372e+03 2.10551221e+03 3.85587266e+04 4.69631344e+05
 1.61028809e+02 1.40334766e+03 2.81288891e+01 1.06223120e+03
 6.36901855e+02 3.34379089e+02 1.28062141e+05 2.84960389e-01
 1.51832008e+00 6.86172891e+04 3.21390845e+03 2.61475171e+03
 1.16121846e+04 8.18970203e-01 8.08117867e+00 1.75346085e+02
 1.83420372e+01 1.84807251e+02 1.31312912e+02 3.73554932e+03
 1.63379648e+04 9.34448792e+02 9.90943015e-01 1.70886953e+04
 1.28883508e+03 1.91238730e+04 4.77809961e+03 1.25714697e+03
 2.82856055e+04 1.62147871e+04 1.35280293e+04 4.02471008e+02
 4.24127865e+00 5.34086494e+01 3.64329529e+01 1.98921406e+04
 1.39764685e+03 6.77868500e+01 4.90336445e+04 3.88054180e+04
 3.44189014e+03 1.75859902e+04 1.45059727e+04 2.53886646e+03
 2.18907983e+03 1.23787359e+05 7.04597412e+02 7.77554395e+03
 5.71068497e+01 1.40685718e+03 1.13874273e+05 4.99584412e+02
 4.24083038e+02 5.16002197e+03 7.90593689e+02 1.81600125e+05
 1.49409795e+00 1.19503555e+02 6.87598828e+03 8.79290044e-01
 2.04986646e+03 6.73464551e+03 1.16161162e+04 5.31309692e+02
 4.08545971e+00 8.73796616e+01 1.41309949e+03 4.62583398e+03
 1.35654694e+02 4.77683469e+05 1.96407971e+03 1.38922388e+03
 2.46286304e+03 1.05791405e+02 3.14059961e+03 5.53648663e+00
 1.07353965e+04 2.75295020e+03 7.86024719e+02 1.34360764e+02
 1.53997207e+00 1.02740602e+05 1.71831726e+03 1.06860757e+00
 5.01733984e+04 1.94572559e+03 7.65575378e+02 1.04881108e+00
 1.64546875e+03 1.47832656e+05 3.75789490e+02 2.19070898e+03
 2.30991699e+03 3.15309253e+03 1.96039141e+04 6.30514343e+02
 1.06240875e+05 5.28133850e+02 1.61634369e+02 2.02406540e+01
 1.05726201e+04 3.67647278e+02 3.21341431e+03 2.01478992e+03
 3.50657715e+02 4.19246054e+00 2.84233437e+01 5.30677843e+00
 3.92980865e+02 1.44155521e+01 9.22367188e+03 1.86839526e+03
 3.27302194e+00 9.82693493e-01 1.58584932e+04 5.48210664e+04
 1.15662756e+01 4.16650665e+02 1.00939209e+02 3.41051270e+02
 6.13690078e+04 9.73745996e+03 2.97895957e+04 6.15855652e+02
 5.37287109e+02 8.69356348e+03 3.04131688e+05 3.51753879e+00
 1.83572021e+03 1.26222339e+03 5.06400000e+04 4.17860430e+04
 4.23020312e+04 2.13778672e+05 1.42034435e+00 3.77572906e+02
 2.03156543e+03 1.09687798e+02 3.88003613e+03 2.68245923e+03
 1.38246277e+02 8.52130391e+04 1.36412547e+05 4.57947227e+04
 3.71423960e+00 7.85176849e+01 3.88250664e+04 2.99495053e+00
 3.95222500e+04 6.60572998e+03 3.18440914e-01 5.84373840e+02
 1.96207910e+03 2.31249054e+02 6.27795935e+00 8.53768051e-01
 6.06751221e+03 2.20737686e+01 1.18855870e+00 3.25619598e+02
 1.02506820e+05 4.50025208e+02 9.79137793e+03 9.54387109e+03
 1.02194081e+06 3.48908653e+01 3.37083130e+02 9.75194141e+03
 3.66989917e+03 5.46113539e+00 8.87349609e+02 1.68829694e-01
 1.30106344e+05 1.49515393e+03 2.80077850e+02 1.07880409e+02
 3.09106030e+03 9.34441641e+04 7.77241748e+03 1.15735535e+03
 1.33829785e+03 3.56984253e+02 1.88295862e+03 2.32856250e+03
 1.50560176e+04 4.81366760e+02 1.43017461e+04 2.66784590e+04
 6.38146496e+00 1.23888457e+04 6.86931201e+03 1.98023193e+02
 6.63955469e+04 1.04822075e+02 7.34816345e+02 5.13251914e+04
 8.61949414e+03 1.63795593e+02 1.69790936e+00 2.74340179e+02
 1.02798818e+04 4.73538008e+04 8.07638330e+03 8.87349609e+02
 1.47979614e+03 9.24382401e+01 1.17143266e+05 3.05470490e+02
 2.13484711e+02 1.12697253e+03 2.97556299e+03 1.18225258e+02
 2.54489029e+02 2.63534106e+03 2.67909727e+04 5.17393616e+02
 2.93982202e+03 5.55205688e+01 5.13079567e+01 4.30417266e+04
 1.61869006e+03 1.37000049e+03 3.01811865e+03 4.60560430e+04
 2.02549048e+03 1.19244400e+02 4.74788916e+03 4.52982812e+04
 1.07067466e+00 4.21485645e+03 5.72469824e+03 7.17715225e+01
 1.83363757e+03 1.08246814e+03 1.86265350e+02 1.01579706e+06
 5.49289131e+01 2.66963984e+04 3.73232886e+03 1.73111156e+05
 2.81162949e+04 4.30175385e+02 1.61830742e+04 2.91540710e+02
 1.04264819e+06 4.93719678e+03 3.25806699e+04 1.00874269e+00
 1.19729900e+00 1.12446404e+01 2.20167542e+00 3.57027233e-01
 1.61658228e+03 2.25347000e+02 6.98673534e+00 2.83562744e+02
 1.66254309e+03 4.24312317e+02 4.79192200e+02 1.61619843e+02
 2.67441992e+03 2.62993713e+02 3.87936890e+03 2.68258152e+01
 1.69400916e+03 1.79908984e+03 2.83012842e+03 5.68971055e+04
 2.03164661e+03 3.74423676e+02 4.37207937e+00 3.13680969e+05
 2.96627905e+03 1.49420642e+03 1.44630605e+04 8.11828979e+02
 2.58316445e+04 1.30368500e+02 4.68248750e+04 5.83378357e+02
 1.46783682e+04 4.27428125e+05 8.36112422e+04 2.99500977e+03
 1.35683060e+00 1.08618662e+04 2.28003047e+04 1.41027953e+05
 3.39742529e+03 1.87094971e+02 1.63644123e+01 2.46114227e+02
 3.40746484e+03 1.39116425e+02 1.34706984e+05 1.70930811e+03
 2.20870328e+00 2.28021777e+03 1.53055518e+04 2.93152710e+02
 5.22639465e+01 2.05040527e+03 1.25018555e+03 1.11297501e+02
 1.41048303e+03 2.44515854e+02 6.19214966e+02 1.08807251e+02
 2.82198984e+04 4.07784522e-01 7.88202820e+01 5.32299250e+05
 2.74293457e+02 1.47574795e+04 3.57792676e+03 5.12408691e+03
 9.57859898e+00 7.61962036e+02 1.25780713e+03 2.40186462e+02
 8.12945652e+00 2.43275122e+03 4.68083398e+03 9.93106544e-01
 1.28880291e+01 1.96411426e+04 3.88128589e+03 2.20517501e-01
 2.96317529e+03 3.69811060e+03 1.03223183e+02 4.13827087e+02
 5.97416016e+02 3.01758066e+04 5.06773789e+04 3.65673399e+00
 1.99415924e+02 6.52618561e+01 2.09759842e+02 2.15976031e+05
 4.01151581e+02 2.84070831e+02 1.81487520e+04 7.93054008e+00
 1.19555237e+03 1.28056116e+03 3.10492310e+03 5.32330625e+05
 4.20187773e+04 4.64289665e+00 8.00023270e+00 1.41784531e+04
 3.22397832e+04 3.55037140e+02 2.35454355e+04 3.63435486e+02
 6.14792664e+02 4.00280586e+04 3.26219010e+00 1.25223625e+05
 5.11886169e+02 2.40570742e+04 3.79388203e+04 3.29276967e+00
 1.13214688e+04 7.64026245e+02 2.43532906e+01 2.44727539e+03
 4.27160254e+03 1.87650040e+02 1.35595922e+05 1.31271118e+02
 2.66285343e+01 2.01564492e+04 3.92626392e+03 6.63972330e+00
 2.18125415e+03 1.50805175e+00 1.02581024e+00 4.30524375e+04
 6.57151807e+03 1.55455414e+02 5.05284863e+03 4.50152863e+02
 6.74645078e+04 5.71449219e+02 3.82962402e+03 1.07558770e+04
 2.38020142e+03 8.33160352e+03 2.29005039e+04 2.00902368e+03
 2.59828589e+03 1.60919647e+02 1.70767212e+03 4.64797705e+03
 2.18490234e+03 9.60410767e+01 3.14039656e+05 1.32545105e+02
 2.36848779e+03 3.86034375e+04 1.88586414e+00 5.65141846e+03
 7.85415053e-01 5.45597930e+04 4.18532257e+02 2.99440308e+01
 1.20178943e+03 2.33492922e+05 2.43653145e+01 3.61992798e+02
 6.76425928e+03 3.52677368e+02 1.26958423e+03 2.79582214e+02
 1.74395984e+03 7.31412744e+03 1.39065293e+04 1.06395959e+03
 1.93298328e+05 1.06325391e+03 4.24093896e+03 5.51965637e+02
 1.91487122e+02 1.74270654e+03 3.18012299e+02 1.96077598e+04
 2.17907730e+02 3.35369531e+03 5.13731299e+03 1.08905652e+03
 1.12305431e+01 9.78148560e+02 4.02755176e+03 3.05267422e+04
 2.77285025e+06 6.38631010e+00 1.51517664e+03 1.63554993e+03
 5.83134648e+04 5.73388577e+00 2.53971298e+02 1.38559799e+02
 4.58619165e+00 1.94369336e+03 2.51684395e+04 3.67172827e+03
 1.03910901e+03 3.62486298e+02 3.76858643e+03 8.46160950e+02
 1.35357068e+03 1.21265831e+02 1.51515881e+03 9.38858008e+03
 1.64128189e+01 4.42215723e+03 3.00542755e+02 7.77334518e+01
 5.39836243e+02 6.75271912e+01 4.09381934e+03 3.31652344e+02
 5.52608945e+04 3.71398242e+04 8.72481323e+02 2.08412305e+04
 3.09717847e+03 2.44308069e-01 9.89853203e+04 2.73574707e+02
 2.34203935e+00 1.92311951e+02 2.46345758e+00 6.59196854e+00
 7.38511914e+03 5.35298634e+00 1.93057117e+03 7.34124658e+03
 4.83859344e+02 5.06079346e+03 1.50842359e+05 1.22987666e+04
 1.73229578e+03 4.11571836e+00 1.11982468e+02 7.02118530e+02
 7.51860078e+04 3.58300049e+02 1.04277917e+03 1.14204033e+04
 7.32217285e+03 4.90664764e+02 3.20333340e+04 1.39191541e+03
 1.19687538e+02 2.31100293e+03 4.15994189e+03 1.41986890e+07
 1.99437750e+05 4.10678101e+02 5.19422949e+03 9.81525547e+04
 8.35253447e-02 6.27633118e+02 5.51170801e+03 4.93143799e+03
 6.72299561e+02 1.34478617e+00 2.48986130e+02 3.26829443e+03
 3.64253469e+05 3.74617157e+01 2.50310281e+05 1.91728047e+04
 3.80059395e+01 8.88600952e+02 2.90734222e+02 1.62368057e+04
 3.19053613e+03 7.47296570e+02 1.95301086e-01 6.94553185e+00
 3.75624487e+03 7.18892670e+01 9.53996643e+02 2.22842741e+00
 3.91989231e-01 2.34189707e+04 8.41243896e+02 8.68535000e+04
 2.56671357e+00 1.55874786e+02 1.05103643e+04 2.76293203e+04
 4.86334297e+04 4.46822803e+03 1.51107073e+00 7.09975547e+04
 3.26226685e+02 1.52985474e+03 7.80091211e+03 9.49654141e+04
 2.97115527e+03 5.95798445e+00 4.03495977e+04 3.10307434e+02]
43878.066
14198689.0
