[1.87561359e+05 2.45741748e+03 2.52764990e+03 9.67439453e+03
 7.46679688e+02 3.92394678e+03 1.83300293e+03 1.09352080e+04
 1.21884131e+04 3.68688306e+03 1.24972324e+04 1.66295352e+04
 4.56050293e+03 2.11574609e+03 1.92707947e+03 4.24364844e+03
 1.25619033e+04 5.96370020e+03 1.57282539e+04 8.67492578e+04
 5.62770654e+03 1.31493127e+03 1.32164953e+05 1.24517959e+04
 9.47029972e+00 5.65336523e+04 5.12647906e+05 4.44605078e+03
 4.53898584e+03 3.18201447e+02 1.43081299e+04 5.69703760e+03
 4.98970886e+02 1.78205640e+03 4.04267773e+04 3.05549957e+02
 5.23704895e+02 8.88124268e+02 1.31654688e+03 9.31976746e+02
 4.79363633e+04 1.18698926e+04 8.45670508e+03 8.73854688e+03
 1.42075020e+04 7.51981201e+03 4.72385303e+03 2.69745630e+03
 4.53409033e+03 4.10857773e+04 2.91185767e+03 8.51313379e+03
 4.69297949e+03 6.09452656e+04 7.78814331e+02 8.51818420e+02
 3.50537866e+03 8.07776250e+04 6.06116797e+03 6.16794385e+03
 2.11887852e+04 3.52126719e+04 3.57384839e+03 2.52024121e+03
 8.51696594e+02 8.75718457e+03 7.72388672e+02 1.74881018e+03
 2.16663843e+03 4.64582266e+04 4.90358368e+02 4.73017383e+03
 1.75624524e+03 5.99192871e+03 4.86413623e+03 3.04893125e+04
 4.68538672e+04 2.84285723e+04 1.09033936e+03 3.74172969e+04
 1.35280750e+03 2.78674146e+03 9.15702393e+02 1.91248523e+03
 2.97585303e+03 1.55919434e+02 1.65866724e+03 1.53564771e+03
 5.73156641e+03 2.98260254e+03 4.06206665e+03 1.67753125e+04
 5.02454492e+03 6.90205957e+03 1.39621562e+05 4.10182764e+03
 1.64443750e+03 8.04993994e+03 6.80216846e+03 2.56625537e+03
 1.18149062e+04 5.24953735e+02 5.35705176e+03 1.65670813e+03
 6.66878711e+03 4.57749756e+02 1.95182275e+03 6.76899231e+02
 5.53448584e+03 4.96294092e+03 3.81683228e+03 9.51460840e+03
 7.12502197e+02 5.47664941e+03 1.36886777e+04 2.12442236e+03
 2.72802832e+03 1.14253662e+04 1.48779785e+04 3.09646875e+03
 1.22077100e+04 1.43392383e+04 1.91832988e+04 1.16401789e+05
 4.22857070e+04 2.44598804e+03 1.48091699e+03 3.54459790e+03
 4.48045312e+03 2.54837329e+03 1.31192695e+04 2.81489453e+03
 3.46320581e+03 2.03462646e+03 4.68091699e+03 3.31621933e+01
 1.08636016e+04 2.83393164e+03 1.77147522e+02 1.19974912e+04
 3.71020801e+03 6.26897559e+03 2.18949585e+03 6.33932829e+00
 5.69512842e+03 3.09744775e+03 3.99792188e+03 1.60890938e+04
 1.76035107e+03 4.35640039e+03 1.75733536e+02 6.77788867e+03
 3.82068115e+03 1.73009537e+02 1.72134949e+03 3.57440356e+03
 1.84712329e+03 4.30081758e+04 1.48844958e+03 1.37874703e+05
 1.07140762e+04 1.99103992e+03 6.65967822e+03 6.34482617e+03
 4.79602832e+03 2.07177689e+02 3.03281226e+03 3.42689453e+03
 2.28820581e+03 1.25086104e+04 5.49478302e+01 7.86087646e+03
 8.53948633e+03 2.14734082e+03 5.77168115e+03 4.35007080e+03
 3.58760986e+03 6.92413391e+02 2.79142480e+03 6.95930625e+04
 2.98874395e+04 1.46785437e+03 1.15211430e+05 6.41145557e+03
 5.47722119e+03 2.36752759e+03 1.30717700e+03 3.38147617e+04
 3.14785889e+02 2.04671960e+03 2.95621465e+04 6.66821228e+02
 1.32870010e+02 4.05680811e+03 4.62611367e+04 1.13950366e+03
 1.62467227e+04 4.49732031e+03 8.66824280e+02 7.82983496e+03
 7.79487732e+02 3.79036758e+04 1.40481504e+04 5.39791260e+03
 1.30953680e+05 3.67485344e+05 1.74665985e+02 6.42803711e+03
 5.25316455e+03 5.12717432e+03 1.87435566e+04 4.61715088e+03
 6.66365771e+03 2.35643340e+04 5.07489844e+04 1.72175818e+03
 6.68037158e+03 1.25664380e+03 9.09326953e+03 1.14438281e+03
 1.99697983e+02 1.92375330e+03 1.33327759e+03 3.32583750e+04
 1.44502783e+03 3.87437469e+02 4.11609717e+03 5.36681335e+02
 3.97196436e+03 1.29308369e+04 1.84290344e+03 3.00012134e+03
 6.58933008e+03 2.41412549e+03 2.48797021e+03 1.49230664e+04
 1.22188779e+04 1.96599597e+03 6.45053040e+02 6.51742285e+03
 1.94024512e+04 9.08173279e+02 1.11093340e+04 6.45667139e+03
 2.04365601e+02 6.32392822e+03 2.57319116e+03 6.63797070e+03
 6.99140088e+03 4.18414297e+04 2.44549599e+01 2.03231445e+04
 3.10304736e+03 3.31674707e+03 4.01602417e+02 4.65578033e+02
 7.32813477e+03 9.50877991e+02 3.86692456e+03 3.05463574e+03
 8.13415469e+04 1.38290500e+05 1.06788037e+04 1.74138550e+03
 3.21113062e+03 2.01018845e+02 3.41045361e+03 6.01731348e+03
 5.87279062e+04 6.76316113e+03 3.13900635e+03 2.25613066e+04
 3.33609276e+01 1.98974316e+03 6.88930811e+03 8.42951660e+03
 3.75902188e+04 2.41994922e+03 5.36149756e+03 6.05635742e+04
 1.60036865e+04 3.45472461e+03 8.87868774e+02 3.86216680e+04
 8.36799194e+02 7.71231543e+03 1.18001836e+04 2.20266719e+04
 1.63560791e+03 1.94980410e+04 1.27548797e+05 7.98501831e+02
 1.08192310e+03 8.76043396e+01 1.28349258e+02 4.45945311e+00
 2.15458936e+03 1.10108359e+04 1.12331445e+04 6.70392029e+02
 1.90941772e+03 1.08154578e+03 9.01671172e+04 2.20188730e+04
 5.89918701e+03 2.30756047e+05 5.03920959e+02 4.40830781e+04
 1.36357086e+02 2.25341855e+04 1.07037109e+03 1.24638408e+04
 3.58759180e+04 3.49536108e+03 9.04033875e+02 1.56131582e+04
 5.19653662e+03 1.94058984e+04 3.36597388e+03 1.27656387e+04
 3.33174487e+03 2.98627026e+03 6.41321045e+03 7.19157959e+03
 1.33397373e+04 1.06237720e+03 1.14880381e+04 4.05546558e+03
 1.15540361e+04 1.99349453e+04 9.08724512e+03 7.68513367e+02
 7.03232129e+03 3.42963745e+03 5.10433960e+02 3.86125366e+03
 1.00042715e+04 2.06166333e+03 1.63921406e+04 1.09164490e+03
 3.21502930e+03 5.41113203e+04 1.81041191e+04 3.88303809e+03
 2.30961441e+02 3.68935815e+03 2.33308060e+02 1.14653870e+03
 2.84205127e+03 6.74519165e+02 6.78817344e+04 1.37863719e+05
 1.78078638e+03 1.07440068e+04 4.23285156e+03 1.13184680e+03
 8.41435059e+03 6.70415430e+03 3.02947314e+03 1.06519658e+04
 2.23422705e+03 2.48067065e+03 3.46185000e+04 1.14638486e+04
 1.18389828e+05 1.05237402e+04 2.94057251e+03 2.52976831e+03
 6.05247656e+03 1.02823506e+04 3.18094635e+02 1.70775332e+04
 1.52102688e+05 1.06906128e+02 4.99329346e+03 3.55319414e+04
 1.08828969e+05 2.17168604e+03 5.11752686e+03 1.59066858e+03
 1.87204375e+04 1.47269355e+04 1.35502172e+05 3.02326355e+02
 3.19466888e+02 2.91308276e+03 2.63048438e+03 6.18548291e+03
 1.89560625e+04 3.05455078e+03 9.31919141e+03 8.27885803e+02
 2.63848096e+03 9.16500610e+02 1.54202258e+03 1.22352158e+04
 1.19681580e+03 2.91557227e+04 3.99310425e+03 1.33559351e+03
 9.26606506e+02 1.18772871e+04 5.37759155e+02 2.78634985e+03
 8.19410840e+03 6.51028613e+03 2.35487573e+03 2.17275742e+04
 3.23603656e+05 3.33435010e+03 1.73166150e+03 1.23300684e+04
 7.07298594e+04 6.61245361e+02 3.32623477e+04 7.96557520e+03
 4.38854027e+01 5.65814014e+03 7.65862207e+03 5.64409912e+03
 4.84774463e+03 1.07724768e+03 1.53669385e+03 5.61383301e+02
 5.08451807e+03 2.98516113e+03 4.23007861e+03 1.02770776e+03
 2.09298633e+04 3.53475439e+03 2.36769214e+03 8.47637891e+03
 2.55418628e+03 1.86486348e+04 1.60338272e+02 1.63498613e+04
 1.00894043e+02 1.37852356e+03 3.34932959e+03 6.86685010e+03
 7.53381531e+02 4.79687225e+02 7.96642969e+03 1.52737646e+03
 1.64040076e+03 1.06662488e+03 1.73259717e+03 2.14318105e+04
 6.15172021e+03 1.13874678e+04 1.61223206e+03 2.13371078e+05
 5.00824127e+01 2.51873867e+04 5.72433594e+03 3.05503418e+03
 6.53748718e+02 3.46280688e+03 1.77673848e+04 4.24864307e+03
 1.88234467e+02 1.02836792e+03 1.05538525e+03 5.41229004e+02
 9.51983594e+03 1.17670251e+03 1.49869023e+04 3.02946802e+03
 4.38789551e+03 4.41476758e+04 6.19019336e+03 5.05645166e+03
 1.75232246e+04 4.70162695e+03 1.30896985e+03 6.45939392e+02
 6.17722510e+03 4.06011865e+03 2.75856128e+03 2.29892847e+03
 4.88317822e+03 6.33200195e+02 5.42002747e+02 2.91045703e+03
 3.71901642e+02 3.07013696e+03 1.93771790e+03 1.20712164e+05
 1.28878262e+04 1.15693872e+03 4.40052051e+03 6.56222314e+03
 3.68030420e+03 5.85578271e+03 1.43665784e+03 6.93653748e+02
 2.74084668e+03 6.47923633e+03 4.09134033e+03 4.17423523e+02
 3.78977637e+03 1.31812666e+04 7.35627734e+03 1.50247510e+03
 3.09317810e+02 6.72016748e+03 1.93740051e+03 9.78683899e+02
 2.53979813e+02 1.33383044e+03 2.43625708e+03 4.41806763e+02
 3.28672192e+03 4.11208203e+03 3.62030615e+03 3.00921543e+04
 3.47128906e+04 1.45710811e+04 1.99642832e+04 3.82545715e+02
 9.23804590e+03 1.50386219e+05 3.53974152e+01 7.86139746e+03
 1.95974492e+04 9.21475098e+02 2.71959058e+03 1.31598018e+04
 4.30815625e+03 1.56567883e+03 1.02138525e+03 2.28870654e+03
 9.72728711e+03 2.10663916e+03 1.03441638e+03 1.44255701e+03
 1.10353848e+04 1.22687109e+04 9.11663452e+02 1.59586963e+03
 1.38278242e+04 1.06674789e+05 1.04581665e+02 1.93114331e+03
 3.81449536e+03 2.24333105e+03 5.73141724e+02 2.56414165e+01
 4.82191064e+03 3.87255566e+03 2.95602759e+03 1.76530371e+03
 3.57949414e+03 2.93770664e+04 1.29712170e+03 4.85546680e+03
 8.09394238e+03 3.46538965e+03 3.52976099e+03 1.69750269e+03
 1.92018005e+03 2.39267212e+03 3.43329834e+03 6.91221045e+03
 1.15329033e+02 1.95518140e+03 1.70962915e+03 3.17976733e+03
 2.07914566e+02 2.70446924e+03 1.09723587e+02 1.03033411e+03
 2.42161133e+04 9.61385742e+03 1.74587129e+04 9.30268262e+03
 3.80219678e+03 5.95343457e+03 3.30902588e+03 1.26560059e+03
 5.84566992e+04 3.57025684e+03 2.96979473e+04 4.49843125e+04
 1.56927686e+04 1.48511572e+04 1.98899878e+03 2.29428076e+03
 1.38185098e+04 8.73244922e+03 2.72203003e+03 5.83606934e+03
 2.89209106e+02 2.64601929e+03 2.02283906e+04 1.38332822e+04
 1.02487610e+03 2.56983624e+01 7.96538574e+03 1.86871350e+03
 1.14764602e+05 6.20235898e+04 3.73568192e+01 1.03583557e+03
 1.09704561e+04 2.25130615e+03 2.13578105e+04 1.38293262e+04
 5.03955029e+03 3.09744287e+03 1.90979863e+04 6.22170264e+03
 7.66546045e+03 3.20187427e+03 7.89514648e+03 2.79803613e+03
 3.81651719e+04 3.60187227e+04 2.60798906e+04 1.17955742e+04
 7.49760389e+00 7.46987061e+03 1.42776587e+03 6.51776794e+02
 5.49167676e+03 8.25953027e+03 6.54642285e+03 2.04402319e+03
 2.10589590e+04 1.09147256e+04 2.11385117e+04 4.45587206e+00
 3.95437225e+02 1.99205188e+03 1.93048755e+03 2.58979248e+03
 2.30029587e+02 2.73860498e+03 3.30730273e+03 2.60081641e+04
 3.19042139e+03 1.05224031e+05 8.83916504e+02 3.50238086e+03
 5.20829281e+05 1.16887711e+02 3.15776337e+02 6.49341055e+04
 1.91286423e+02 1.48018445e+03 4.60150642e+01 1.12681860e+03
 4.12021777e+03 2.79441772e+03 1.10432207e+04 2.61665234e+03
 2.32014771e+02 1.04974304e+03 4.15285303e+03 1.40233801e+03
 3.04022827e+03 1.77908027e+04 1.20074939e+03 2.98609985e+02
 2.33079053e+03 4.42350586e+04 4.29905322e+03 6.73187646e+03
 2.83263281e+03 4.23592812e+04 7.85249297e+04 4.78980322e+03
 5.08684961e+03 7.19037061e+03 3.66597095e+03 6.87907617e+03
 1.18696313e+03 2.63271484e+03 1.71911543e+04 4.73013086e+03
 2.43667798e+03 1.28154938e+02 2.79219336e+03 3.59430156e+04
 9.83187793e+03 2.19166528e+03 2.74653003e+03 4.64029297e+04
 1.76130078e+04 3.11312842e+03 5.15426086e+02 7.86013232e+03
 4.99191357e+03 7.11607959e+03 6.82847366e+01 7.55945068e+03
 3.07482832e+04 3.68736420e+02 7.77067947e+00 3.34930566e+03
 1.05281555e+03 1.71411011e+02 1.63790161e+03 1.63158118e+03
 1.63667822e+03 3.68532349e+02 1.16909729e+03 2.40321118e+03
 1.54748232e+04 8.26663269e+02 1.11620908e+04 2.65669165e+03
 5.27718789e+04 1.69780020e+04 1.12104248e+02 5.02637188e+04
 2.01651309e+04 3.11272852e+03 3.82811768e+03 1.75262637e+04
 9.57321680e+03 4.36775781e+03 1.80907007e+03 1.22634227e+05
 2.80530762e+03 3.04483887e+03 1.72911780e+03 9.77200078e+04
 3.05118535e+04 4.63895605e+03 2.02431702e+03 5.18721313e+02
 1.76832413e+02 1.84533086e+04 5.35124531e+04 2.32192798e+03
 1.27796521e+03 1.06527529e+04 6.38390723e+03 1.91829062e+04
 2.05424561e+03 5.19215332e+02 1.22442393e+04 7.05087500e+03
 2.17968701e+03 1.24924180e+04 2.96831125e+05 9.68516309e+03
 2.54452344e+03 2.41451855e+03 3.67368555e+04 4.66772656e+03
 1.97323730e+03 4.95663623e+03 1.91539380e+03 4.59815039e+03
 1.22526489e+03 4.86789209e+03 3.92812344e+04 1.94050317e+03
 8.78616699e+03 1.09623743e+03 2.52837476e+03 1.49015205e+04
 1.46388770e+03 8.02809448e+02 4.55569727e+03 3.93811206e+03
 1.18483750e+04 3.46063354e+03 2.22715942e+03 4.26661230e+03
 1.89627328e+05 1.92075354e+03 4.31948389e+03 1.27325256e+03
 4.42200928e+02 3.52961621e+03 8.73370605e+03 4.13737518e+02
 1.35925549e+03 7.50173438e+03 8.43775879e+03 2.13381250e+03
 1.21462500e+03 2.23968828e+04 1.29802492e+05 7.78637024e+02
 6.72112891e+03 2.38731680e+04 3.69963257e+02 5.15134922e+04
 6.67484253e+02 1.76287051e+04 3.90242529e+03 1.20010071e+03
 3.36518335e+03 4.64595703e+02 1.20125244e+03 4.13080547e+04
 2.94797207e+04 2.05711136e+02 1.09117172e+05 6.45752734e+03
 4.34643984e+04 8.25206641e+03 1.32460986e+04 1.27832605e+03
 1.71619675e+02 9.18195605e+03 1.12266670e+04 2.20256062e+05
 2.91059023e+04 5.08893555e+03 1.13658809e+04 9.45715942e+02
 1.12823096e+03 2.16965918e+04 2.58864180e+04 2.60090869e+03
 3.82593188e+03 3.12845337e+03 8.42195312e+03 1.21755835e+03
 1.12907507e+03 1.70674453e+04 5.97755318e+01 8.49610901e+02
 9.79284119e+02 2.81701709e+03 3.11015991e+03 8.12560391e+04
 1.47602930e+04 3.37174390e+03 3.07436035e+03 1.58105408e+02
 2.19866875e+04 2.07215674e+03 1.54505527e+04 6.48633301e+02
 3.34772900e+03 2.80258472e+03 1.38832535e+02 8.12977148e+03
 1.23087292e+03 2.12879013e+02 4.93746094e+03 1.07595251e+03
 5.81861084e+02 1.09381531e+03 1.16803516e+04 3.88720703e+03
 5.24689355e+03 4.23445068e+03 1.06051582e+04 3.18182168e+04
 2.97625488e+03 2.15514844e+04 7.39299121e+03 2.43270239e+03
 9.74746289e+03 1.91090546e+01 8.88275781e+04 3.37089570e+04
 4.48799512e+03 2.85068701e+03 4.08712959e+01 2.01113220e+03
 3.73579663e+03 2.85957947e+02 2.29488379e+04 5.84427930e+03
 3.09639297e+04 3.41554785e+03 6.69554688e+03 1.18059863e+03
 3.48149414e+03 3.17825537e+03 1.33993994e+03 1.93044891e+05
 1.50713379e+03 1.01676221e+04 4.85741016e+03 5.84976855e+03
 1.43896387e+04 9.46717383e+03 3.37517109e+04 1.07574004e+04
 2.70672827e+03 2.30199688e+04 1.19684893e+04 1.73803696e+02
 5.59524048e+02 3.23408960e+03 2.29089209e+03 3.46440649e+03
 1.58890979e+03 5.35790967e+03 1.33603887e+04 1.50190049e+04
 1.04135406e+05 9.11201477e+02 2.75241919e+03 4.34810107e+03
 3.34212988e+03 4.89990540e+02 5.05140332e+03 8.22031934e+03
 4.89702942e+02 1.46399541e+04 4.12239807e+02 9.44396301e+02
 5.47965039e+03 5.99503906e+03 2.42222217e+03 6.31359619e+03
 4.34240771e+03 1.99243867e+04 3.64567047e+02 3.30645654e+03
 1.39272666e+04 1.42126504e+04 1.20597422e+04 6.44569946e+02
 1.84563501e+03 5.94526978e+02 2.13359238e+02 2.35858219e+05
 4.22568420e+02 3.65407275e+03 6.08942969e+03 2.69341162e+03
 2.68557715e+03 5.16178955e+02 4.66216602e+03 6.77951538e+02
 1.44130505e+03 9.38653851e+00 3.57096899e+03 1.53925010e+04
 7.72492725e+03 1.51127764e+04 1.10386523e+03 7.67239685e+02
 1.98014395e+04 3.82068262e+03 5.97790723e+03 5.48918604e+03
 2.23668828e+04 4.79640717e+02 3.36779883e+03 3.32561625e+05
 1.28499639e+04 3.17901831e+03 4.87962256e+03 8.09353672e+04
 7.96516846e+03 4.59254541e+03 1.15763027e+04 3.56948700e+02
 2.03578415e+02 4.72865479e+02 4.69980127e+03 1.81336113e+04
 1.41680010e+04 1.46972778e+03 9.86987598e+03 4.36846875e+03
 3.87297852e+04 2.16336670e+03 1.29417633e+02 3.76432007e+02
 2.21129028e+02 2.04762561e+03 8.51496484e+03 5.46126611e+03
 3.66821172e+04 8.01338074e+02 1.53866006e+04 2.19827539e+03
 2.57539014e+03 1.90546631e+02 7.58071533e+02 2.54475797e+05
 7.34348877e+02 1.86202828e+05 2.70179248e+03 9.66218652e+03
 5.64805117e+04 6.47911084e+03 3.72565771e+03 1.96569824e+04
 1.67154688e+03 1.17165029e+04 3.63689688e+04 2.59832207e+04
 6.31017517e+02 2.84820752e+03 6.39420959e+02 2.49496216e+03]
15482.542
520829.28
