[1.14231288e+06 3.90630156e+04 8.44419688e+04 8.18834610e+01
 4.26649219e+04 1.93479625e+05 1.46195244e+04 8.84982938e+05
 1.12301825e+06 6.44143848e+03 1.12304617e+05 3.94283562e+05
 3.42925156e+05 1.22822031e+05 5.92812852e+04 1.12577219e+05
 3.76283188e+05 1.70405344e+05 2.04805125e+05 3.17362425e+06
 8.48712969e+04 6.84514375e+04 9.01345600e+06 4.61263947e+02
 8.77500078e+04 3.69384600e+06 2.46071440e+07 6.93273594e+04
 7.36426016e+04 2.80477246e+03 1.44775656e+05 9.62796973e+03
 7.29184375e+04 1.32882156e+05 6.55300250e+05 1.69338672e+05
 2.65888574e+04 8.18252109e+04 4.78219219e+05 2.30413164e+04
 7.58417625e+05 5.14634469e+05 4.91568969e+05 1.55372637e+04
 5.29572617e+04 1.13697705e+03 8.49843516e+04 1.06377151e+02
 2.01738547e+05 2.50466625e+06 1.09697598e+04 3.25662578e+04
 2.37655352e+04 1.56582362e+06 8.29808203e+04 1.48320059e+04
 9.27363672e+03 2.91977425e+06 6.39676562e+05 5.96807656e+04
 6.37552188e+05 1.02884188e+06 2.07678969e+05 2.82418750e+04
 2.09695137e+04 1.92639547e+05 2.56514668e+04 1.67956891e+05
 6.09241914e+04 3.77974453e+04 7.35282891e+04 4.08614844e+04
 2.22374863e+04 3.61293375e+05 2.16857953e+05 4.32924688e+05
 1.17867680e+05 2.39483609e+05 4.38964180e+04 5.05364450e+06
 3.54905151e+03 8.33140234e+03 8.25530547e+04 4.48983359e+04
 3.88248688e+05 7.24769453e+04 2.05956672e+05 2.58538281e+03
 1.17531921e+03 7.04357125e+05 2.97192406e+05 2.07207750e+06
 3.19943750e+04 5.60291797e+03 8.32480562e+05 1.96373398e+04
 4.00539688e+05 4.64997695e+04 1.11445727e+05 1.17204170e+04
 2.56477559e+04 7.75569688e+04 3.61762422e+04 1.30354562e+05
 9.12998594e+04 2.60499109e+05 4.63913242e+04 7.39916357e+03
 1.85397219e+05 7.64622314e+03 7.08691797e+04 1.21192088e+06
 1.12540383e+05 2.20755938e+05 6.22904375e+05 3.43038398e+04
 7.57414375e+04 2.88572750e+05 6.59412562e+05 7.19251797e+04
 3.36189562e+05 5.14930250e+05 5.35794375e+05 1.31719336e+04
 1.66925879e+04 2.60467168e+04 2.00925449e+04 9.57632656e+04
 5.71181992e+04 5.50125039e+04 1.49875469e+05 4.51765508e+04
 9.05048516e+04 1.19771820e+05 2.20260844e+05 5.88686211e+04
 7.67317822e+03 1.11734133e+05 4.83986562e+04 1.77405359e+05
 2.90248938e+05 2.66795688e+05 1.02558300e+06 9.40664141e+04
 1.72733156e+05 1.14967109e+04 2.81655103e+03 1.27998775e+06
 5.68795875e+05 1.73324328e+05 4.04963750e+04 2.59549953e+05
 2.31108078e+05 5.03947998e+03 8.93583672e+04 7.10662734e+04
 1.84081914e+04 8.49097625e+05 8.43193672e+04 3.16730781e+05
 6.25028188e+05 7.52047119e+02 2.26667065e+03 9.35566797e+04
 1.64084969e+05 6.63878438e+04 1.07245133e+05 1.12995859e+05
 6.70300547e+04 2.75333375e+05 4.37226445e+04 1.36116297e+05
 2.65070190e+03 5.86437070e+04 5.68295703e+04 5.02848516e+04
 2.79321621e+04 2.08098398e+04 1.98693156e+05 4.53780375e+05
 2.29699469e+05 5.27297695e+04 1.97838125e+06 2.56948188e+05
 2.31523266e+05 1.55632859e+05 1.98930273e+03 7.96841250e+04
 6.45994531e+04 1.19288852e+05 2.04302062e+05 1.94650801e+04
 1.41894983e+03 2.66702938e+05 4.87862200e+06 8.95166172e+04
 5.99430664e+04 1.39207562e+05 4.70108047e+04 1.66150891e+05
 1.79136582e+04 4.08472594e+05 1.83560484e+05 1.35714047e+05
 7.86078438e+05 7.60668375e+05 1.07115986e+04 8.28027578e+04
 7.35589219e+04 4.63419805e+04 3.70516172e+04 9.86888672e+03
 3.63176001e+03 1.22961008e+05 7.08284863e+03 6.08068320e+04
 1.79811902e+03 1.83847986e+03 6.94792041e+03 1.22443184e+04
 4.72846875e+04 2.36275410e+04 8.93277031e+04 2.20484225e+06
 1.84112832e+04 6.38264258e+04 3.73902562e+05 6.25108984e+03
 1.52012484e+05 1.88642238e+06 1.02399121e+04 2.06525312e+04
 3.31754000e+05 5.04174609e+04 8.78705781e+04 8.65937875e+05
 4.20315664e+04 7.93036963e+03 5.67071533e+03 1.52302917e+03
 2.96726700e+06 6.36111484e+04 1.14302312e+06 2.01380969e+05
 1.27910188e+05 2.42155406e+05 3.78291844e+05 1.21181547e+05
 2.47393188e+05 8.91561300e+06 1.72322051e+04 1.69881078e+05
 8.11390674e+03 2.24985750e+05 3.39224258e+04 5.23494141e+04
 2.07859562e+05 1.09630430e+05 9.62298125e+04 1.49543891e+05
 1.15798938e+05 5.34856938e+05 1.00718219e+06 1.28013320e+04
 1.47578308e+03 2.47444809e+02 3.45177422e+04 3.90194219e+05
 1.84445891e+05 3.52492812e+05 6.71221562e+04 1.91168719e+05
 4.79711875e+04 2.67974414e+04 1.21195350e+06 8.99128027e+03
 3.96099500e+06 1.03082612e+06 2.51438969e+05 1.73811688e+06
 5.27026250e+04 7.25807000e+05 5.85131875e+04 5.13412842e+02
 8.72635645e+03 3.17379656e+05 2.82703969e+05 7.26931375e+05
 3.69421836e+04 4.25759094e+05 5.69639250e+05 3.98380273e+04
 3.95793688e+05 5.36444092e+03 9.63836328e+04 1.08640438e+05
 1.67584705e+03 3.99717406e+05 8.04889688e+04 2.83848750e+04
 7.50072266e+04 3.35898359e+04 5.36828750e+05 5.31066125e+05
 9.18484609e+04 1.12041060e+07 1.37495322e+04 8.17521688e+05
 1.10579812e+05 1.86047827e+03 2.53044604e+03 2.83054370e+03
 2.42900650e+06 3.14569746e+04 1.93605615e+03 1.47027500e+05
 1.58639391e+05 1.48111588e+06 2.55924656e+05 5.73936125e+05
 9.15371641e+04 2.41156641e+05 8.29511172e+04 3.64931250e+05
 2.68133400e+06 2.93151094e+04 4.80902150e+06 7.95435156e+04
 3.12018656e+05 1.07046699e+04 4.87430029e+03 5.94677148e+04
 4.02868384e+03 1.14890672e+05 1.68010766e+05 1.94031031e+05
 5.46724414e+03 4.72704141e+04 4.47547383e+04 6.96203906e+04
 2.30668496e+04 1.64060500e+05 2.12025280e+01 1.03623000e+05
 7.23509531e+04 1.73906406e+04 2.41138184e+04 1.57093656e+05
 2.99042100e+06 1.62217217e+04 1.62263800e+06 6.32131500e+05
 5.78954336e+04 3.90936500e+05 2.37565996e+04 3.56540898e+04
 6.44077250e+05 1.03171851e+03 1.07895342e+04 3.49766125e+05
 1.00887484e+05 3.00254781e+05 3.57387094e+05 1.31585750e+05
 8.54515000e+05 5.75968250e+06 3.75562266e+04 1.49592793e+04
 5.92176700e+06 1.63574062e+05 5.39692750e+05 1.37735162e+06
 8.28303300e+06 6.15216650e+03 1.00324805e+05 1.57893750e+06
 2.54537675e+06 9.55350000e+04 2.70768594e+04 4.27295977e+04
 9.95816406e+04 8.97149453e+04 4.31187500e+04 2.51267266e+05
 1.37854672e+05 5.76571688e+05 1.17526578e+05 2.37474883e+04
 6.38149688e+05 2.18833453e+05 6.25495625e+05 1.26011877e+03
 4.45803906e+03 5.73567188e+04 3.25005996e+04 1.31280098e+04
 4.33528086e+04 2.53156578e+05 1.12287047e+05 4.59894438e+05
 4.63345117e+03 7.30750234e+04 4.06633759e+02 4.68135508e+04
 3.77986000e+05 1.70481859e+05 1.12600908e+04 1.04013750e+05
 1.83433980e+07 7.30945391e+04 4.84070508e+03 1.52464719e+05
 1.50073375e+05 1.39925828e+05 2.00928562e+06 1.60280328e+05
 2.55565033e+02 3.38259406e+05 2.46071953e+05 7.45573000e+05
 2.55295797e+05 1.86665781e+05 8.39353828e+04 3.68370742e+04
 2.22362000e+05 1.51626191e+04 4.24370125e+05 3.91198853e+03
 1.01659838e+06 7.43246826e+03 5.24782695e+04 2.48255312e+05
 8.77484375e+04 1.30115112e+06 4.51815742e+04 2.16033340e+04
 1.67645820e+04 1.61646781e+05 7.99633984e+04 1.19145648e+05
 7.30419375e+04 7.05205000e+04 7.28596812e+05 5.77582000e+05
 5.49152930e+04 7.25927344e+04 2.71519570e+04 6.80000562e+05
 1.27102773e+05 1.50446531e+05 2.18942598e+04 1.48105720e+07
 7.95239219e+04 2.76730531e+05 6.27162250e+05 2.51441543e+04
 6.69953418e+03 3.62927625e+05 1.24089038e+06 6.78708594e+04
 4.20737344e+05 2.92060918e+04 1.64696750e+05 7.42092188e+04
 3.52709023e+04 8.43171387e+03 3.19631465e+04 1.92187598e+04
 4.40997070e+04 1.71429725e+06 4.28641531e+05 2.43457531e+05
 7.26777031e+04 1.51488828e+05 4.83395215e+03 2.38469703e+05
 1.47865552e+03 5.98905811e+03 6.09410625e+04 4.23363477e+04
 4.84171367e+04 4.72943633e+04 4.89160000e+04 7.09881719e+04
 4.58395664e+04 2.56814648e+04 5.03054727e+04 5.81256450e+06
 4.97456719e+04 1.58704953e+05 1.84035364e+03 4.98962578e+04
 1.25370727e+05 2.52121531e+05 5.38952375e+05 2.19669775e+03
 2.13132324e+04 2.29248828e+05 8.10658828e+04 4.01914500e+05
 4.47576445e+04 1.35848812e+05 2.39131031e+05 1.29778352e+05
 2.47205688e+03 6.56205859e+04 8.44288281e+03 2.92969625e+05
 8.16306875e+04 8.80873672e+04 4.64693672e+04 1.53337906e+05
 2.69890273e+04 2.68948125e+05 1.23592344e+04 5.70900500e+05
 5.62444375e+05 3.53363398e+04 6.28195500e+05 4.99997773e+04
 8.61146094e+04 2.75362075e+06 2.63782781e+05 6.67603203e+04
 3.18938000e+05 7.95717139e+03 3.76169531e+04 2.85729375e+04
 2.13070766e+05 3.44077031e+04 8.11044580e+03 1.90770430e+04
 4.72441992e+04 7.25683438e+04 1.12186578e+05 6.05255586e+04
 9.27671750e+05 4.44545312e+05 4.60787891e+04 3.42970188e+05
 1.08984711e+05 1.91100875e+06 1.39434092e+04 1.06258975e+04
 2.44717188e+04 8.06951172e+04 1.98523141e+05 2.92224951e+03
 3.24172688e+05 2.23072559e+03 7.07145703e+04 3.46067734e+04
 8.50237266e+04 3.17668175e+06 1.50845828e+05 9.13811938e+05
 2.58743234e+05 5.60146992e+04 4.18424766e+04 1.71099121e+04
 4.12137219e+05 9.69050469e+04 4.91691699e+03 1.53117016e+05
 3.00359711e+02 7.44965547e+04 3.15280249e+03 1.40668609e+05
 7.06100469e+04 1.99044360e+03 1.73712734e+05 2.07324000e+05
 1.42136238e+06 1.02304516e+05 1.12946898e+05 7.24831328e+04
 1.08491312e+05 1.57129625e+05 4.22469141e+04 2.02453848e+04
 9.43161438e+05 2.23154531e+04 1.50456700e+06 1.52337578e+05
 2.72950688e+05 2.37489325e+06 1.73874414e+04 2.61313809e+04
 6.88417031e+04 2.56708562e+05 3.14086312e+05 5.81072070e+04
 3.60715875e+05 1.73020219e+05 3.23828250e+05 9.18783438e+04
 1.56730146e+04 1.76230547e+04 6.67058359e+04 1.18914234e+05
 2.17537675e+06 2.12646906e+05 2.71950410e+04 1.51790762e+04
 1.41309656e+05 3.41895508e+04 2.14519258e+04 6.15952002e+03
 1.33914719e+05 1.22589586e+05 3.69632852e+04 1.60842672e+05
 7.48431750e+05 3.60040125e+05 8.01497109e+04 3.11156969e+05
 9.89481688e+05 1.13106588e+06 2.12300312e+05 8.00888047e+04
 2.72139844e+04 3.14308652e+04 1.31944688e+05 2.74467520e+04
 5.21092148e+04 2.32959023e+04 6.63784938e+05 1.48020142e+03
 1.29270820e+05 2.24952766e+05 3.94353540e+03 6.57727266e+04
 9.49412891e+04 1.30801125e+05 1.05861836e+05 1.35182422e+05
 1.16409047e+05 2.04061973e+04 5.64727312e+05 1.13282612e+06
 1.37975062e+05 3.48182906e+05 1.39423938e+05 1.90400430e+04
 2.03873750e+06 8.61493750e+03 1.24498391e+05 2.68406719e+05
 6.35591357e+03 2.40352539e+03 4.11736484e+04 7.80560254e+03
 2.31090781e+04 5.02653359e+04 2.52065109e+05 3.49582281e+05
 3.62955261e+02 2.67437438e+05 5.64053281e+04 1.26015859e+04
 1.07751508e+05 1.32601625e+06 2.11966578e+05 3.41087109e+04
 5.21682891e+04 4.26123281e+04 1.82773477e+04 1.30584672e+05
 7.40286328e+04 1.37780688e+05 1.04790944e+06 4.85132324e+02
 1.42268969e+05 1.25567088e+06 8.49782875e+05 8.37089922e+04
 1.46605420e+03 1.43681891e+05 1.43118530e+03 4.64305844e+05
 3.83049570e+04 4.51494219e+04 1.79133234e+05 6.57856797e+04
 6.82893375e+05 6.84773926e+03 6.93173516e+04 8.70936750e+05
 1.99104312e+05 4.46819750e+05 9.96807031e+04 1.10518414e+05
 1.85341875e+05 7.48444844e+04 3.79646072e+01 9.71081797e+04
 1.78036575e+06 2.82524160e+04 2.34467234e+05 2.45338711e+04
 7.22305312e+04 1.06314898e+05 4.97558320e+04 2.80521797e+04
 2.19765922e+05 3.51464531e+05 4.68765000e+04 1.50893656e+05
 3.52126523e+04 3.11837852e+04 3.62938375e+05 2.64147531e+05
 1.16952550e+06 4.06012156e+05 5.17711250e+05 2.89288875e+06
 2.35819297e+05 1.76952852e+04 4.92145156e+04 1.28555875e+05
 4.46461938e+05 1.14297607e+04 1.68743328e+05 4.58321281e+05
 2.84808965e+04 7.06813359e+04 3.65151031e+05 2.84351900e+06
 2.66645094e+05 5.19101289e+04 9.44654844e+04 7.35841875e+04
 6.85543984e+04 1.23743898e+05 1.11426000e+06 1.48710312e+05
 5.15017344e+04 1.06350596e+04 3.10228691e+04 1.45554088e+06
 1.70795375e+06 6.38390967e+03 3.40575625e+05 2.88537129e+04
 3.61080344e+05 3.64187031e+05 7.69262062e+05 3.49336289e+04
 6.97761875e+04 7.92045547e+04 1.33209912e+06 1.67108562e+05
 6.96431250e+04 3.99178625e+05 5.91278984e+04 1.81731262e+02
 2.26815410e+04 1.11826656e+05 4.79743594e+05 2.29336484e+04
 1.12587825e+06 2.31701123e+03 4.71326172e+04 3.00580656e+05
 1.45978016e+05 8.37300098e+03 1.17938730e+04 1.44511906e+05
 1.53236094e+05 3.20584562e+05 1.40761088e+06 8.26410078e+04
 3.56487094e+05 1.97267812e+04 2.22745801e+04 1.63910098e+04
 3.02068652e+04 2.82980933e+03 3.71746781e+05 5.58255977e+04
 2.87354473e+04 2.10498766e+05 2.16743328e+05 1.38807480e+04
 2.26473477e+04 1.06203450e+06 2.63309800e+06 1.19408994e+04
 2.80057438e+05 4.61165200e+06 6.05910312e+04 5.09049688e+05
 1.03719586e+05 3.67182886e+03 4.02743125e+05 1.93094277e+04
 2.10190356e+03 9.64589062e+04 3.67192719e+05 1.18499838e+06
 8.31763047e+04 6.75309453e+04 8.25062250e+05 2.66338688e+05
 1.70115641e+05 3.63679565e+03 3.89549594e+05 2.19413516e+04
 6.82295234e+04 5.76538184e+03 1.11688211e+05 1.43480038e+06
 3.18444500e+06 1.81345859e+04 2.45231125e+05 4.50827812e+04
 9.19647461e+03 2.29031885e+03 2.21533594e+05 1.66481162e+06
 4.92210625e+05 2.22186230e+04 2.84328031e+05 9.25481406e+04
 7.22688516e+04 1.59053312e+05 1.23209385e+04 1.33405038e+06
 9.52308750e+04 3.40109039e+02 9.90855500e+05 8.07824812e+05
 5.16234031e+05 5.02970068e+03 1.14790461e+05 7.81427100e+03
 1.14360888e+06 8.56748359e+04 4.04180844e+05 4.17654492e+04
 1.04090648e+05 1.24125883e+05 6.99933750e+04 6.35427383e+04
 2.08961844e+05 4.57464609e+04 1.19367959e+04 3.09518223e+04
 1.78155172e+05 3.90134727e+04 3.85367750e+05 6.95732891e+04
 1.28744067e+03 3.32085031e+05 8.98891016e+04 9.65679750e+05
 2.10686219e+05 2.00410656e+05 2.24099180e+04 9.58281348e+03
 8.31957000e+05 2.30283297e+05 4.72089500e+06 5.16276938e+05
 1.04888416e+03 1.97692594e+05 2.08145898e+03 1.68685195e+04
 1.27708305e+05 8.84111875e+04 1.91385650e+06 8.04734922e+04
 1.27446012e+06 2.92523984e+04 1.18056078e+05 2.03679160e+04
 4.29402295e+03 3.03300844e+05 6.18848193e+03 1.01943328e+05
 9.14938599e+02 8.02016641e+04 8.58952881e+02 2.69415125e+05
 7.19759812e+05 1.14099805e+04 5.90348500e+06 4.97805656e+05
 2.72224082e+04 2.49535278e+03 1.29959648e+05 4.35392344e+04
 2.91693781e+05 1.73229629e+04 9.10212207e+03 7.44595312e+04
 9.96205547e+04 8.00345886e+02 4.74062969e+04 1.02479819e+06
 1.54570059e+04 6.34237793e+03 1.47469131e+04 2.23077578e+04
 6.66704150e+03 1.38548604e+04 2.36500312e+04 4.04672688e+05
 1.64657090e+04 5.46282125e+05 1.97088613e+04 5.21314258e+03
 3.86502875e+05 2.03836973e+04 2.73553625e+05 1.91773469e+05
 4.86765195e+04 1.83037641e+05 8.34745391e+04 7.87701641e+04
 9.18815375e+05 1.18071279e+04 2.09728094e+05 2.30375516e+05
 1.56689893e+04 4.58573789e+04 4.00755127e+03 5.43911800e+06
 2.02971781e+05 6.17253477e+04 8.73457891e+04 3.15828625e+05
 3.01015586e+04 9.76024707e+03 2.64596938e+05 7.21827188e+04
 7.41897109e+04 1.10907500e+04 7.74564062e+03 1.53667172e+05
 2.44316484e+05 1.52602188e+05 2.46773223e+04 6.32184258e+04
 1.10352367e+05 5.70704250e+05 9.84383984e+04 2.29668953e+05
 1.97570438e+05 6.06656719e+04 8.91810625e+04 5.76536000e+07
 1.55455266e+05 1.80684562e+05 1.32064758e+03 2.79255150e+06
 4.64600938e+04 2.16206699e+04 4.36011875e+05 4.10391680e+04
 7.50746460e+02 5.38933906e+04 4.43234969e+05 9.89885000e+05
 9.43455938e+04 4.64875859e+04 2.88613330e+03 5.34313086e+04
 8.03203000e+05 4.58359469e+05 8.04481875e+04 1.32922672e+05
 2.85462685e+01 6.75814609e+04 3.74451406e+04 1.45914072e+04
 2.63570500e+06 2.44897156e+05 2.99708875e+05 1.32422158e+04
 4.96122344e+04 3.40420190e+03 2.21041719e+04 6.32154100e+06
 2.91805094e+05 3.31215875e+05 1.27630225e+04 5.66012750e+05
 1.43766734e+05 4.77259375e+04 4.71909594e+05 2.38609050e+06
 5.42126660e+03 2.51930137e+04 8.82656938e+05 1.97415188e+05
 1.30795483e+03 1.53216777e+04 3.68251836e+04 5.63545352e+04]
485720.25
57653600.0
