[4.39009781e+05 1.38304281e+05 2.38138328e+05 6.30968828e+04
 4.61806458e+02 8.33674062e+05 2.40431984e+05 1.48469109e+05
 3.91363525e+06 3.58089281e+05 6.06003760e+03 4.45444250e+05
 3.26468950e+06 1.74189121e+04 9.33816223e+01 7.76017344e+04
 2.04238844e+05 4.75679125e+05 1.66284162e+06 2.55859688e+05
 8.63838562e+05 2.41929438e+05 9.07521800e+06 1.59252762e+06
 1.62378453e+05 2.01280162e+06 1.27236460e+07 4.26410500e+05
 1.98883156e+05 4.23546969e+05 2.20318250e+06 8.17288125e+05
 7.43690562e+05 7.43982344e+04 3.09425566e+04 1.71535742e+03
 8.98581484e+04 9.29074219e+03 1.82325734e+05 1.33804016e+05
 8.12957250e+05 5.29491484e+04 1.51386375e+06 1.14061788e+06
 3.32591625e+05 5.26222125e+05 3.59920031e+05 4.24410820e+04
 4.38070906e+05 2.59085175e+06 5.83038320e+04 1.21129766e+04
 7.48991250e+04 1.23205320e+07 3.71962844e+05 7.40619219e+04
 7.36753812e+05 9.71084229e+02 1.78330975e+06 2.81924469e+05
 2.58262324e+04 3.94734938e+05 1.48566980e+03 1.07707055e+05
 1.38846130e+03 9.79808594e+03 2.01546578e+05 4.36979126e+02
 1.45946172e+05 2.61626016e+05 1.95348516e+05 2.72506062e+05
 2.39813080e+02 1.48018234e+05 3.64611031e+05 4.79573875e+05
 3.67467719e+05 1.11301900e+06 1.65315881e+03 1.89202300e+07
 1.60759344e+05 9.54796250e+05 2.27601953e+03 2.12520312e+05
 2.59162734e+05 4.67839893e+03 2.43921344e+05 9.77038208e+02
 8.98509000e+05 9.68279125e+05 2.92901294e+03 4.95850094e+05
 4.74097260e+02 8.86111375e+05 9.22780938e+04 8.16528625e+01
 5.63830938e+05 7.53990078e+04 1.67617715e+04 9.15434062e+04
 2.63928008e+04 8.15058828e+04 2.27238203e+05 7.14473672e+04
 5.22994500e+05 3.30285062e+05 4.18387156e+05 2.38367844e+05
 1.72136828e+05 1.55716821e+03 9.76633984e+03 6.36594938e+05
 1.18316612e+01 3.98754094e+05 2.02519438e+05 3.35652719e+05
 1.14361000e+05 2.68272000e+06 2.85090344e+05 7.36945938e+04
 9.51618750e+05 7.87236500e+05 1.50334362e+06 1.72854969e+05
 1.00839112e+06 2.36862559e+04 6.18108008e+03 5.59163789e+04
 6.01328125e+05 8.66815613e+02 1.82771375e+03 1.23166734e+05
 2.71314781e+05 2.18594734e+05 2.31207031e+03 2.60135938e+05
 8.50523625e+05 9.99943984e+04 6.55616312e+05 4.68734688e+05
 9.58697688e+05 1.07322850e+06 1.86302175e+06 7.66255188e+05
 8.22370605e+03 3.44159741e+03 1.47961670e+02 6.94171875e+05
 3.71321906e+05 1.64877238e+06 4.25455000e+04 3.18392670e+02
 1.10904656e+05 1.18148445e+02 2.01196016e+05 4.63455656e+05
 1.74974422e+05 5.22835250e+06 2.37223406e+05 1.00969922e+04
 1.99474141e+05 1.84019656e+05 8.99692307e+01 1.88886656e+05
 7.34722578e+04 4.52779258e+04 1.44910500e+05 4.45378174e+03
 2.00324328e+05 3.33933406e+05 2.30810820e+04 5.14929346e+03
 8.14780250e+05 5.34116875e+05 3.96587656e+04 5.34200125e+05
 5.77986625e+05 8.92942969e+04 3.60576969e+05 2.48275875e+06
 1.50867600e+06 1.67858008e+04 2.95602100e+07 2.38392781e+05
 4.13998438e+05 8.06372412e+03 3.15874756e+03 4.44100117e+04
 1.19063250e+05 2.20244217e+02 2.93576656e+05 1.87811078e+05
 1.11122258e+05 4.99526562e+03 2.17284125e+06 7.95816727e+01
 2.79413781e+05 4.98102656e+04 2.05044653e+03 1.13591266e+05
 4.78019531e+05 1.17567312e+06 1.98971912e+06 2.19486469e+05
 2.50501782e+03 5.91466000e+05 1.39685406e+05 6.80850188e+05
 3.78292993e+03 2.21049688e+05 2.52113013e+03 3.48371250e+05
 8.01276428e+02 8.78921375e+05 7.33933812e+05 1.42768719e+05
 5.45668438e+05 9.15951172e+04 1.04629619e+06 2.42420098e+04
 1.84878172e+05 2.59432109e+05 1.76208453e+05 3.73514650e+06
 4.61418594e+05 6.29113232e+03 7.16394287e+03 2.18475537e+03
 6.51780469e+04 3.65118725e+06 5.85227750e+05 1.17614945e+05
 4.44529500e+05 3.61380625e+05 1.59778578e+05 6.84606982e+03
 3.53686719e+05 7.64050598e+02 1.81618828e+05 3.30824570e+04
 6.85719000e+05 2.42029453e+04 6.04181580e+02 6.65351625e+05
 6.41147754e+03 6.26143262e+03 6.40924312e+05 4.25430273e+04
 1.96887625e+05 1.63106620e+07 1.38095139e+02 2.79785332e+04
 1.40284484e+05 1.23458539e+05 9.01258125e+04 2.41556641e+03
 5.12225500e+05 8.18885703e+04 4.54721625e+05 3.92286836e+04
 7.28207109e+04 1.03231450e+06 4.45177150e+06 3.20040312e+05
 7.84791172e+04 3.36654785e+03 1.54569094e+05 1.06693362e+06
 8.88681000e+05 2.12618637e+02 1.16071289e+05 1.33089125e+06
 1.01249703e+05 1.58651855e+02 6.56116875e+05 4.90059688e+05
 3.35082400e+06 4.06626797e+04 5.82796812e+05 9.59220400e+06
 4.61569281e+05 1.28714075e+06 1.24094409e+03 4.10527188e+05
 2.41403271e+03 7.61250078e+04 4.52342250e+05 1.06860362e+06
 1.70831234e+05 9.35450188e+05 1.77526360e+07 8.28591797e+04
 3.58866187e+03 5.22420215e+03 1.95080297e+05 3.73878242e+04
 3.72981094e+05 2.77293969e+05 1.03185606e+06 1.45552734e+02
 1.29926045e+04 4.37778900e+02 7.58858545e+03 5.60249102e+04
 1.04488281e+06 1.71862180e+07 1.03936250e+05 1.21427762e+06
 2.26435281e+05 7.04353594e+04 9.27842812e+04 4.83840283e+03
 2.43903922e+05 4.70675391e+04 4.09687930e+04 8.65313812e+05
 6.00316125e+05 1.30283188e+06 4.39239197e+02 2.14457575e+06
 1.17234805e+04 9.87158688e+05 7.02279062e+05 1.04610231e+06
 1.05971800e+06 1.14038578e+05 2.26614500e+05 4.30752062e+05
 2.64507051e+04 2.96869556e+03 5.85819180e+04 7.06109297e+04
 2.95771211e+04 1.10683508e+03 6.39563516e+04 1.07713788e+06
 7.44607188e+04 2.67924951e+03 1.73785918e+04 5.33916094e+04
 5.44211406e+04 8.00502002e+03 3.72771460e+03 7.59789562e+05
 3.12704812e+05 4.80326055e+04 1.11738266e+05 1.07337602e+05
 3.11122750e+06 1.83269516e+02 1.04982875e+06 8.18557300e+06
 2.34172469e+05 7.21045625e+05 4.64238062e+05 6.03454062e+05
 1.76118662e+06 1.13971641e+05 4.37721438e+05 3.44089125e+05
 1.13543350e+06 8.98323047e+04 2.25722350e+06 5.45199180e+04
 1.10185212e+06 8.33495078e+04 2.25880094e+05 5.95425938e+04
 2.09698050e+06 1.25224725e+06 2.01452850e+06 2.03157075e+06
 1.78779360e+07 2.53645828e+05 1.35644355e+04 2.62396450e+06
 7.32813450e+06 7.85408062e+05 1.00956898e+05 2.40074703e+05
 6.24670625e+05 4.38321906e+05 9.66451300e+06 5.47509000e+05
 7.88258516e+04 1.67892094e+05 7.32388516e+04 5.44608350e+03
 1.91443184e+04 5.42726188e+05 2.29665425e+06 2.95739038e+03
 7.01695312e+03 5.14111906e+05 4.54018812e+05 1.38014012e+06
 2.19841969e+05 2.48507852e+04 2.83434188e+05 5.01243250e+06
 4.96182861e+02 1.04829600e+04 7.22104688e+04 1.65554626e+02
 1.12351600e+06 7.10268896e+03 2.04775625e+05 2.88968062e+05
 5.68362500e+05 4.77778250e+05 2.08303833e+02 1.91358262e+04
 2.19421550e+06 3.31753438e+05 1.28349766e+05 2.54861738e+04
 9.37751855e+03 7.25012000e+05 1.83625094e+05 3.69381219e+05
 1.81778477e+04 2.59117422e+05 4.18787031e+04 8.09753250e+05
 4.41033781e+05 1.05478040e+03 6.44900098e+03 4.22629395e+03
 1.41413800e+06 9.51644500e+05 1.79816188e+05 1.51848172e+05
 5.09424062e+05 1.79667138e+06 7.48694922e+04 4.67718398e+04
 5.51707947e+02 2.47491609e+05 3.48581156e+05 1.56743688e+05
 1.78496000e+05 3.63206567e+03 8.73276562e+04 9.06918125e+05
 3.75010498e+02 3.76590234e+04 2.30074672e+05 2.28634200e+06
 9.56638123e+02 1.34072562e+05 1.33887848e+02 6.41473600e+07
 1.27975883e+05 1.27999812e+06 1.09779112e+06 7.40040781e+04
 1.23811930e+05 3.42394360e+03 8.85234766e+03 5.79200806e+02
 3.00825312e+05 2.27094562e+05 3.37906625e+05 1.17402250e+05
 2.05117047e+05 7.69721222e+01 1.46611218e+03 1.40959156e+05
 1.12257500e+02 9.64734400e+06 4.02381281e+05 7.37927000e+05
 3.18663406e+05 1.15547938e+06 1.06320752e+03 2.57826550e+06
 4.30509648e+04 3.31611816e+03 1.46563859e+05 2.66255625e+05
 2.84610156e+05 1.06991984e+05 2.14683625e+05 3.23757625e+05
 3.32319180e+04 4.18690469e+05 1.80281953e+05 3.86736350e+06
 1.99230203e+05 2.99470281e+05 1.52965906e+05 4.61766875e+05
 1.95586984e+05 5.57149463e+03 9.09920375e+05 5.25049988e+02
 1.96465219e+05 6.15648400e+06 8.24287500e+04 2.02031418e+02
 1.45286281e+05 6.94661875e+05 2.09081219e+05 5.98381445e+03
 5.54846797e+04 1.49084203e+05 4.20052773e+04 1.28571200e+06
 1.32027891e+05 3.55506469e+05 1.99030641e+05 7.06419875e+05
 3.68642041e+03 1.39279663e+03 3.92355312e+05 1.67091350e+06
 2.07475516e+05 1.77740891e+05 1.18821812e+06 6.69108984e+03
 3.13018469e+05 3.07254200e+06 3.93655156e+05 5.25230000e+05
 1.82715412e+06 2.29632126e+02 5.74679766e+04 1.27778700e+06
 1.87138688e+05 1.80860328e+05 8.45878711e+03 3.27614941e+03
 9.35831328e+04 3.40160656e+05 2.04018297e+05 1.58181578e+05
 3.81803789e+04 3.05599844e+04 2.79826816e+04 4.84306000e+05
 7.41012688e+05 9.34396700e+06 2.11782359e+05 1.41047424e+03
 4.37534883e+04 2.69846531e+05 8.36558750e+05 3.52202222e+03
 4.26287400e+06 2.07399781e+05 4.59185000e+05 2.98807373e+03
 4.20765688e+05 1.02931844e+06 1.64552227e+04 7.29215562e+05
 1.27682104e+03 1.48843391e+05 2.38363696e+03 1.17185928e+04
 1.69125684e+04 5.89065000e+05 6.12930039e+04 2.88811113e+04
 8.35104219e+04 9.76216875e+04 1.74620300e+02 1.47383688e+06
 1.14836846e+04 1.06039445e+05 3.29685906e+05 4.67438562e+05
 3.69762550e+06 4.21580762e+03 1.67026350e+06 4.77239375e+05
 2.53045547e+05 1.55478734e+05 1.94427912e+06 6.97246887e+02
 4.10089609e+04 1.34416614e+03 1.95399188e+06 1.26599385e+04
 1.26285600e+06 7.72220625e+04 1.05989830e+02 9.04447815e+02
 1.18547144e+03 2.79879492e+03 8.56221641e+04 2.91818656e+05
 7.84653312e+05 1.32393047e+05 2.36205275e+06 1.00227039e+03
 1.96021766e+05 1.15016008e+05 6.26451250e+05 1.28511891e+05
 3.07360300e+06 9.52517938e+05 1.31639922e+05 1.69688641e+05
 2.80059031e+05 2.64130969e+05 4.10582656e+05 6.47643828e+04
 9.21710500e+05 2.45991772e+03 1.59018672e+05 3.66594507e+03
 4.46919125e+05 1.68538672e+03 5.35013750e+05 7.00443000e+05
 4.60131000e+06 2.74914525e+06 4.69408047e+04 3.67747438e+05
 1.78496609e+05 2.30481973e+04 4.17041375e+05 5.39283555e+04
 2.39427906e+05 6.66224875e+05 4.13596906e+05 1.14553859e+05
 5.11290656e+05 5.44664990e+03 1.57013623e+04 1.28016555e+05
 8.83155938e+04 2.39817391e+05 1.63720188e+05 3.15665938e+05
 7.54417432e+03 1.86287048e+03 1.07108100e+06 3.07493200e+06
 7.45108281e+04 7.43371875e+05 2.54600094e+05 2.60368047e+05
 4.69019200e+07 3.42450897e+02 4.47928906e+04 1.83831288e+06
 1.22872672e+05 5.59522583e+02 1.55962406e+05 4.16218531e+05
 1.89188734e+05 8.25094531e+04 4.21218320e+04 4.28954562e+05
 8.63498359e+04 1.97099950e+06 6.34579443e+03 5.69037939e+03
 3.14519688e+05 2.21914025e+06 3.44743628e+03 2.95527438e+05
 9.27547969e+04 3.25390406e+05 4.24580957e+03 1.59148094e+05
 9.21747754e+03 1.83504043e+04 6.83087125e+05 2.84287036e+03
 2.66547312e+05 3.11038812e+05 6.40074365e+03 2.06791762e+06
 1.17904508e+05 4.23048875e+05 5.23482250e+05 1.10792650e+06
 2.01417578e+05 2.27694316e+04 2.34006895e+04 2.54589688e+05
 8.44768562e+05 9.41756875e+04 1.66546250e+05 1.98332050e+06
 2.71501219e+05 8.86439062e+03 3.34104922e+04 4.78622062e+05
 4.85895656e+05 6.76711188e+05 1.33140547e+05 3.38199492e+04
 7.86334531e+04 1.59388344e+05 5.19019438e+05 2.82376875e+05
 2.32048344e+05 1.13992590e+03 1.55332719e+05 3.06656281e+02
 1.19762352e+05 4.64689906e+05 7.85479834e+03 2.23620422e+05
 5.65448812e+05 5.28536445e+04 2.34681281e+05 2.89114969e+05
 3.02725750e+06 5.91786750e+05 2.65549406e+05 4.00027650e+06
 9.29472312e+05 6.08244629e+02 4.62386780e+02 3.34968711e+04
 1.41174984e+05 1.68235234e+05 7.81684609e+04 6.80406625e+05
 9.35068893e+01 8.70936094e+04 9.52402562e+05 4.09070352e+04
 3.28911255e+03 9.38934204e+02 2.77402783e+03 2.80588047e+04
 1.68556675e+06 1.18784225e+06 1.40844900e+06 1.05319180e+05
 1.03811438e+03 5.36590352e+04 4.79870508e+04 6.82802312e+05
 1.75746641e+04 3.35785977e+04 7.29433203e+03 1.52153375e+05
 6.24084473e+03 1.77638600e+06 2.58876425e+06 3.00876719e+05
 1.54141297e+05 1.94305266e+05 3.57027125e+06 2.90825250e+05
 3.51659469e+05 4.11357471e+03 2.17010195e+04 2.08717656e+05
 1.01197922e+05 2.31487516e+05 3.01176275e+06 1.12816781e+05
 9.82106000e+05 9.01267700e+02 5.73786797e+04 2.39625400e+06
 1.39383655e+03 8.70798125e+04 5.04939375e+05 5.67088516e+04
 1.86871655e+03 9.77444062e+04 2.21012650e+06 4.94368094e+05
 8.18906350e+06 1.15778288e+06 3.88128242e+04 2.62674000e+05
 5.00409570e+04 2.89619719e+05 8.24269188e+05 3.01320645e+04
 2.68477438e+05 8.10214111e+02 1.30424325e+06 3.36475067e+02
 8.74082520e+02 3.59249925e+06 3.27823850e+06 1.10009430e+02
 2.40867493e+02 6.17913650e+06 2.65067250e+05 5.59388625e+05
 6.04326953e+04 2.93634156e+05 6.53457125e+05 4.24935352e+03
 1.43408250e+06 1.74955969e+05 3.40715906e+05 1.14347475e+06
 1.77347625e+06 3.44651906e+05 1.89182531e+05 4.99100195e+04
 8.57597688e+05 2.19773008e+04 4.34470875e+05 1.67387188e+05
 1.92904406e+05 1.84298488e+06 3.55447875e+05 6.77316950e+06
 3.90396925e+06 4.57289297e+04 6.55510875e+05 1.09212234e+05
 9.94313125e+04 4.26036875e+04 5.18564950e+06 9.81903200e+06
 1.99746469e+05 2.26006969e+05 3.17334199e+04 2.03843344e+05
 3.64639209e+03 1.82602266e+04 3.46007344e+05 8.96143562e+05
 2.27283766e+05 2.16272266e+05 1.93802325e+06 2.12586300e+06
 6.22739160e+03 4.21120562e+05 4.17412500e+04 7.22558125e+04
 1.62020479e+04 1.88851172e+05 4.29809297e+04 2.68901459e+02
 7.73198608e+02 6.47912750e+01 1.59072906e+05 1.69964950e+06
 3.28585125e+05 1.91615797e+05 4.24237312e+05 7.76477891e+04
 2.37787988e+03 1.58028503e+02 1.28905712e+06 2.41508844e+05
 2.70748242e+03 5.31695459e+03 8.89277375e+05 2.16055781e+04
 2.70224812e+05 9.80155562e+05 1.22242752e+02 1.27102842e+04
 2.79554525e+06 1.11458550e+06 2.46786400e+06 3.92610889e+03
 8.97917786e+02 1.32668076e+04 8.75757812e+04 1.71371438e+05
 7.07191162e+02 5.80479766e+04 1.58263762e+06 4.49074883e+04
 1.75090469e+05 1.82162875e+05 2.21642547e+05 5.58623875e+05
 4.09229062e+05 4.57681469e+05 8.63334922e+04 6.75546625e+05
 1.65008875e+05 3.08032906e+05 2.10120219e+05 4.27483375e+05
 2.68867125e+06 1.11854077e+03 1.45981362e+06 1.04384331e+06
 9.13797266e+04 4.31030518e+03 6.12788062e+05 1.96553391e+05
 1.05464375e+06 3.33385188e+05 2.76634500e+05 1.37824516e+05
 5.29282500e+04 1.71260849e+02 1.67170527e+04 1.79984009e+03
 2.01468362e+06 9.25736641e+04 7.14297974e+02 3.01063750e+04
 1.19254992e+05 1.79022617e+04 4.86745117e+03 3.58922900e+06
 1.08224036e+03 1.15825605e+04 2.26922391e+05 9.79520020e+03
 1.08918633e+05 2.92718969e+05 1.19431075e+06 5.94761750e+05
 8.92773047e+03 7.71136438e+05 3.40920703e+04 6.31213135e+03
 5.96175977e+03 2.98443125e+05 4.50583344e+05 4.52750547e+04
 3.99309790e+03 6.24629625e+05 5.35785039e+04 2.39970280e+07
 2.21683562e+05 7.92297974e+02 1.50020566e+04 7.04279625e+05
 5.62300232e+02 3.94891211e+04 1.29981125e+06 4.17050562e+05
 2.16641562e+05 2.47436000e+05 1.84613797e+05 3.84437031e+05
 1.27677258e+05 4.12645361e+03 1.60947708e+02 1.25550195e+03
 2.45606156e+05 7.66124750e+05 5.94120938e+05 1.05033408e+04
 1.02940856e+06 3.30008531e+05 2.18388818e+03 1.96630000e+07
 1.20495125e+06 2.53965875e+05 8.45324297e+04 6.86850550e+06
 1.13318812e+05 5.96062625e+05 2.15530200e+06 1.61987906e+05
 7.49166870e+01 2.28095609e+05 1.01435760e+03 1.13297150e+06
 3.13344961e+04 1.14743525e+04 9.85283312e+05 3.67900094e+05
 1.80906125e+06 1.50150838e+06 2.04144547e+05 2.88494312e+05
 2.30623547e+05 2.08229578e+05 2.04971906e+05 1.89314281e+05
 1.60330660e+07 2.65700469e+05 3.53902227e+04 1.30816516e+05
 9.12666504e+03 4.32261200e+01 1.26341774e+02 2.01589422e+05
 1.24947594e+05 6.65625122e+02 1.43401609e+05 4.04274625e+05
 1.86973700e+06 1.01688606e+06 3.11741656e+05 2.54662775e+06
 1.94113525e+03 8.73460078e+04 2.34176094e+05 6.89367188e+02
 1.33382336e+03 3.88978784e+03 8.97211990e+01 7.23457422e+03]
