[2.08721828e+05 1.39235260e+02 2.67495213e+01 2.89715149e+02
 3.65932617e+02 2.54017930e+04 4.89021515e+02 1.20636902e+02
 1.02292783e+04 1.01005028e+02 3.14115508e+04 1.53481328e+05
 2.94373962e+02 4.72931091e+02 5.20137367e+01 1.32267441e+02
 1.07737663e+02 1.29544312e+02 4.26375146e+03 1.28443176e+03
 2.00705566e+04 2.13383694e+01 9.93036700e+06 4.73808975e+01
 6.37601807e+03 2.14296997e+03 7.25228906e+04 9.72363359e+04
 1.03150781e+03 3.01046810e+01 5.27130273e+03 4.17495898e+04
 2.06667404e+02 1.21831123e+02 3.22015015e+02 6.22109741e+02
 1.10790611e+02 1.43438095e+02 1.99513153e+02 9.69281464e+01
 9.50495850e+02 8.42796797e+04 2.07889740e+02 1.15133652e+02
 1.70265766e+05 2.86921673e+01 2.65983238e+01 5.27387886e+01
 4.45022003e+02 9.18184766e+04 1.63270630e+02 6.70362646e+03
 7.11529694e+01 5.19319125e+05 5.90560532e+01 6.20647507e+01
 4.34660225e+01 2.10192172e+05 3.27118652e+02 2.62267876e+00
 1.00203766e+02 3.20248926e+04 2.41272202e+02 8.60535059e+03
 1.31348679e+02 5.07018433e+01 8.42795105e+01 6.63338928e+01
 3.08638184e+02 4.66953796e+02 1.31392105e+02 8.75458221e+01
 5.01831451e+02 3.64174271e+01 1.97590820e+04 2.88145721e+02
 3.14621429e+01 1.89192795e+02 1.83538773e+02 1.12569592e+03
 2.89950623e+02 2.66010864e+02 8.58331757e+01 2.11983871e+02
 3.15456665e+02 7.11335983e+01 2.85146165e+00 9.51144028e+01
 2.59947422e+05 7.19166406e+04 2.30222290e+02 1.07244275e+03
 6.27696777e+02 1.97039917e+02 4.01449219e+04 2.16621750e+02
 1.51273117e+02 4.79932281e+02 3.90489136e+02 1.42758533e+03
 6.09375854e+02 7.14617920e+00 8.59298706e+01 6.55698776e+01
 1.03252182e+02 2.44066360e+02 2.62040162e+00 8.46097229e+02
 1.23413550e+03 3.90443954e+01 1.89179883e+04 1.82037500e+05
 2.54709911e+01 2.05708675e+01 2.55178585e+01 2.09858847e+00
 8.03151016e+01 1.58092062e+05 4.82449219e+04 5.71163559e+01
 3.41847137e+02 2.03765366e+02 3.44047578e+04 1.46343103e+03
 3.54308502e+02 5.58955231e+01 8.18572769e+01 1.09084311e+01
 9.89304626e+02 1.24561052e+01 1.37275244e+04 5.42108116e+01
 1.36597586e+01 1.27948789e+04 2.80293152e+02 9.37366638e+01
 1.61228256e+02 2.81678638e+01 1.26942528e+02 2.57541561e+01
 6.85484453e+04 6.60526505e+01 3.80508537e+01 1.04650758e+05
 3.50871368e+02 5.02133713e+01 1.59576324e+02 6.07685913e+02
 3.31786957e+02 3.19713574e+04 1.91465256e+02 1.29476898e+02
 2.66074097e+02 2.63664818e+01 9.32944794e+01 2.44336639e+02
 1.37817059e+01 1.05613312e+06 4.05214043e+01 8.35442438e+05
 3.53685278e+03 2.56184559e+01 1.00547966e+02 7.12149688e+04
 1.98909180e+03 2.92355255e+02 2.04848984e+02 1.36444626e+02
 2.59227417e+02 5.63431484e+04 1.61361786e+02 1.57332809e+02
 2.40084922e+04 4.52615143e+02 3.06118031e+01 9.99373245e+01
 2.87160034e+02 8.27708359e+01 5.36598854e+01 5.66786194e+02
 3.54639404e+02 6.49416275e+01 1.88815125e+03 1.26722234e+05
 5.58366394e+02 5.80452454e+02 3.01500893e+01 1.89452972e+02
 2.77728748e+01 1.92405060e+02 9.14091492e+01 8.20667953e+01
 7.84789200e+01 6.76133728e+01 3.12728394e+02 1.20983063e+02
 1.08531166e+02 1.39996643e+02 3.47847070e+04 5.42983780e+01
 5.57968359e+04 3.61255969e+05 5.88261375e+01 6.10012360e+01
 5.45011230e+02 1.62313208e+03 7.48359299e+01 2.81972717e+02
 2.32111725e+02 3.10317564e+00 6.80244675e+01 2.60700073e+02
 1.25303787e+02 1.37267188e+04 9.51524902e+02 8.96655029e+02
 1.62329547e+05 1.88950879e+04 3.14875519e+02 2.93948917e+01
 1.61372395e+01 2.68320560e+01 6.66702347e+01 1.25157739e+03
 1.22868347e+02 2.95535393e+01 2.04995438e+02 9.35520117e+03
 7.49244919e+01 2.36661680e+04 9.10995056e+02 3.13246979e+02
 1.51844818e+02 9.58453465e+00 2.83324699e+01 1.46204072e+04
 3.20313047e+04 2.61371552e+02 2.35972862e+01 1.14418961e+02
 7.14563938e+05 1.04944412e+02 2.18520874e+02 5.89322070e+04
 5.43110085e+00 6.22268616e+02 8.14927500e+04 1.25098885e+02
 1.42485291e+02 2.68628398e+04 1.48222900e+02 3.87353546e+02
 5.14565010e+01 5.53891003e-01 4.26240463e+01 1.00427773e+02
 2.23422699e+02 8.91816177e+01 1.07170830e+01 1.96594009e+01
 7.59701094e+04 1.92071000e+05 1.08760107e+03 5.21614441e+02
 5.05294580e+03 4.98524246e+01 2.12748833e+01 9.18350296e+01
 1.42908125e+05 1.66752429e+03 5.33322449e+01 4.32606625e+05
 3.80094025e+02 1.07296844e+02 6.28327938e+05 2.13440215e+04
 1.39150891e+03 6.14261902e+02 2.90966797e+04 1.33997351e+03
 2.33218826e+02 3.93276938e+05 4.93220215e+02 1.66956100e+02
 2.24113220e+02 1.22908806e+02 1.59632629e+02 4.37339386e+02
 4.12469902e+01 9.49316101e+01 1.82869781e+02 1.73172501e+02
 1.12419563e+02 1.05131617e+05 1.16464729e+02 7.81272049e+01
 2.73249245e+01 2.91880615e+02 1.84145203e+05 7.08722610e+01
 1.55813154e+04 1.26729482e+04 1.77521228e+03 2.14907562e+02
 1.14581306e+02 3.25187866e+03 2.45461731e+01 4.14175000e+04
 1.13427818e+02 5.05719872e+01 2.93916595e+02 9.57014542e+01
 8.25983398e+02 8.61639557e+01 2.71290156e+04 6.91157349e+02
 1.57307949e+01 3.84858734e+02 5.14242315e+00 2.09287395e+01
 3.70799844e+04 1.29060707e+01 2.28860458e+02 1.51770432e+02
 1.41813938e+05 6.46608459e+02 8.77576688e+05 1.47658469e+05
 4.11794037e+02 3.06828369e+02 6.06091194e+01 1.86732727e+02
 1.09971817e+02 2.23290146e+02 2.88277313e+02 1.90928101e+02
 5.76156120e+01 7.39739914e+01 6.71620459e+03 1.43948730e+04
 8.97078800e+00 2.18664473e+04 5.90407896e+00 8.87324844e+04
 1.81806406e+05 1.17914291e+02 8.22787704e+01 4.37384369e+02
 9.06570923e+02 1.29367207e+04 3.07119934e+02 1.95311250e+05
 4.17803253e+02 1.98325156e+04 3.34774811e+02 5.96580696e+01
 3.40122223e+02 3.31683998e+01 3.98291321e+02 5.55836406e+04
 1.81164871e+02 3.54420508e+03 4.12655853e+02 1.01703331e+02
 5.96832397e+02 2.60853100e+06 3.96024933e+01 2.71591270e+04
 6.76939697e+01 1.59213699e+02 2.27728066e+04 5.58609180e+04
 1.25930762e+06 1.55271594e+05 1.95212860e+02 1.30337117e+05
 7.69612938e+05 2.14852386e+02 1.14967720e+02 7.68300720e+02
 6.81454219e+04 7.50409766e+04 1.01579088e+06 3.00562286e+02
 2.05214554e+02 1.54414490e+02 4.67964439e+01 3.54498315e+03
 6.81474805e+03 5.41123657e+02 8.50821915e+01 9.62883008e+03
 1.60681076e+01 2.65722466e+01 2.43082657e+02 2.89492950e+01
 3.57967344e+04 8.03217224e+02 1.53219177e+02 3.60342773e+02
 2.81514893e+02 1.39894012e+02 5.14642525e+01 3.50799072e+02
 5.50223694e+02 3.41010078e+04 4.80305786e+02 4.87419414e+04
 1.63296338e+04 2.26019958e+02 1.40829483e+02 6.16899048e+02
 2.17535891e+05 2.90981758e+04 1.21585264e+04 4.67768125e+05
 9.24599609e+03 1.33057571e+02 6.31020470e+01 1.95773712e+02
 3.69458838e+03 5.66552687e+00 7.62348145e+03 2.55737228e+02
 1.26211405e+01 6.31332626e+01 1.22483597e+02 7.64345276e+02
 1.62958960e+03 3.46266133e+04 2.46352997e+01 9.55698828e+04
 3.78582245e+02 2.16264922e+05 2.52180061e+01 7.16407227e+02
 9.95635681e+01 4.25157013e+01 2.73930054e+02 1.41114670e+02
 7.59496016e+04 2.09844727e+02 3.61849518e+01 1.02055890e+03
 3.53634415e+01 2.50387894e+02 4.06248932e+01 2.64556091e+02
 5.33119965e+01 1.05223106e+02 1.18701042e+02 1.28917566e+03
 9.05493469e+01 3.52368335e+03 6.28319885e+02 3.50399208e+01
 3.54010223e+02 4.42967224e+02 2.83023407e+02 1.87113312e+02
 3.84716431e+02 2.94362946e+01 2.78333511e+01 1.04994492e+04
 2.60932852e+04 1.05816025e+02 3.46530029e+02 3.58658844e+02
 4.07677536e+01 1.48625977e+02 1.41006226e+02 1.76140385e+01
 2.48217224e+02 1.30060516e+02 5.87215723e+03 1.93597672e+05
 8.95397949e+01 5.18319092e+03 4.45495087e+02 4.96498451e+01
 9.68606339e+01 5.22897873e+01 1.12030014e+02 1.34037781e+02
 1.61808910e+01 9.78876495e+01 3.68883171e+01 6.28249500e+05
 3.99424652e+02 1.45746414e+02 5.84099243e+02 1.77692612e+02
 7.55797188e+04 1.09218445e+01 1.46899977e+01 1.49520410e+04
 2.59318047e+01 1.34870750e+06 2.06888123e+02 5.78178215e+01
 3.99052734e+02 5.82763023e+01 2.79028711e+04 3.90264206e+01
 7.96978711e+03 1.69610120e+03 9.94967117e+01 8.67252563e+02
 1.07147937e+03 9.45933685e+01 5.82117233e+01 1.28202621e+02
 3.33339310e+01 1.13508720e+02 1.29124498e+01 7.54985254e+03
 2.13124781e+05 3.43299332e+01 3.62088989e+02 8.60587341e+02
 3.40023906e+04 9.95593933e+02 3.12340179e+02 5.30867081e+01
 5.81400062e+05 2.63855286e+02 7.64786804e+02 3.64736523e+04
 1.14665031e+00 6.13614616e+01 2.53701831e+03 8.61229477e+01
 1.47846328e+04 2.68851328e+04 9.56539536e+01 2.91619644e+01
 2.48043042e+03 6.32214492e+04 4.62053589e+02 4.93341289e+04
 8.13885422e+01 2.77468201e+02 1.11323273e+02 2.54661388e+01
 9.65249786e+01 3.92064362e+01 4.79884805e+04 1.36900818e+02
 6.59628750e+04 4.36274834e+01 9.80739670e+01 3.03188599e+02
 1.39094143e+01 4.85759668e+03 1.31684082e+02 3.13148071e+02
 6.65449524e+01 8.33678741e+01 5.89332422e+03 2.86433716e+02
 8.86992344e+04 2.46096821e+01 7.98828173e+00 3.38607407e+01
 2.96838867e+02 6.28139877e+01 1.04495068e+03 1.93341904e+02
 5.47389954e+02 1.73620972e+02 1.13976013e+03 5.37885818e+01
 5.24923279e+02 7.81313203e+04 3.47014307e+03 3.75951691e+02
 3.09415985e+02 3.48497543e+01 1.07133582e+03 9.23402634e+01
 6.90189697e+02 7.39672394e+01 5.01432266e+04 8.13970947e+01
 7.37141797e+03 8.03454922e+04 1.59488022e+02 1.40378891e+02
 2.74009155e+02 4.84175415e+01 1.93632227e+04 4.59598516e+04
 2.08675537e+02 1.32277880e+01 9.09294510e+00 4.77281799e+02
 1.21340908e+04 1.29991714e+02 1.85484125e+05 1.03644073e+02
 5.27060898e+04 1.21566836e+04 6.00088623e+03 7.66046143e+01
 1.41332803e+04 4.17952194e+01 3.99540854e+00 9.25557404e+01
 2.76186353e+03 8.21260910e+01 4.03935730e+02 8.12579956e+01
 3.85384023e+04 6.40157837e+02 8.61793518e+01 1.40693283e+02
 1.92502365e+02 2.03373199e+02 5.62096863e+02 2.26562576e+02
 1.58635941e+02 2.15935254e+03 6.45755692e+01 1.34893997e+02
 2.57650312e+04 5.81673789e+04 1.72800873e+02 6.21228467e+03
 1.80759613e+02 3.79599438e+05 1.04702289e+05 1.47899092e+04
 5.09467583e+01 1.01895409e+02 2.19926620e+02 1.37457458e+02
 1.35909332e+02 1.41991287e+02 1.27662102e+05 2.44564743e+01
 1.62787637e+04 2.67992854e+00 4.30093431e+00 1.24190224e+02
 8.08668000e+05 1.23073776e+02 2.56121094e+03 3.04766309e+04
 4.10318336e+01 2.92005615e+01 3.69343536e+02 6.08129921e+01
 1.02937202e+02 2.44982491e+01 1.15492470e+02 2.25967539e+04
 5.53474503e+01 4.48341992e+03 4.19269066e+01 9.61949463e+01
 2.39650299e+02 6.32846729e+03 2.79422455e+02 5.67523743e+02
 1.62107568e+03 8.11059113e+01 2.88683453e+01 9.57217026e+01
 1.76095184e+02 2.19127609e+05 4.82380920e+02 2.89664703e+02
 6.66107025e+01 5.32410355e+01 1.21393672e+05 3.92903812e+05
 1.27681786e+02 1.19655969e+03 5.45818443e+01 3.72839264e+02
 2.45673843e+02 1.18907524e+02 6.56005554e+01 6.43674194e+02
 8.86162186e+01 5.27859573e+01 1.03018539e+02 2.26570984e+05
 1.09096642e+01 2.23756771e+01 2.17078049e+02 2.50126766e+05
 1.43027454e+03 4.90593799e+03 2.79957123e+02 1.91163312e+05
 5.00349274e+02 6.31026535e+01 1.23834095e+01 2.40752277e+01
 6.38024902e+02 2.08197922e+02 1.52771774e+02 1.16552475e+02
 1.25467291e+01 1.19092270e+02 8.32328033e+01 2.06646290e+01
 5.46196250e+04 6.71546533e+03 2.32752441e+02 1.51614212e+02
 5.69632812e+05 8.19656372e+01 1.66829128e+01 8.10683008e+03
 1.26378369e+04 4.41710898e+04 2.96895466e+01 2.10610332e+01
 2.01474945e+02 1.62584805e+04 3.76579666e+01 1.38655166e+04
 1.57206268e+02 1.03461861e+02 8.17076484e+04 3.31186719e+03
 4.14136953e+04 2.71767792e+02 1.80190338e+02 7.35348663e+01
 2.85890007e+01 5.51437561e+02 4.28440967e+03 2.41961327e+01
 1.22970009e+02 7.13992233e+01 4.41587305e+04 2.00655688e+05
 1.49655234e+05 9.86901172e+03 2.05348193e+03 8.80043640e+01
 4.19869118e+01 8.16472031e+04 1.80332391e+05 7.58505469e+04
 9.76864090e+01 5.08184433e+01 6.79360229e+02 1.32350159e+02
 2.54411652e+02 7.58065605e+00 3.72813867e+03 4.54805412e+01
 6.02219734e+01 2.13783594e+04 1.87113632e+02 4.73904785e+02
 1.34446991e+02 1.14655693e+02 6.70814133e+01 1.75169083e+02
 1.00260826e+02 1.12926056e+02 9.83747025e+01 2.21750984e+01
 6.79626541e+01 4.46328203e+04 2.93651000e+05 2.10235275e+02
 5.43714294e+02 3.83894938e+05 2.92443164e+03 9.48882129e+03
 6.91030127e+03 1.36630066e+02 3.72918457e+02 6.26320381e+01
 6.07653198e+02 2.24006100e+01 2.33902264e+01 1.09347397e+02
 1.96889000e+01 6.90227478e+02 6.67499390e+02 1.38680383e+03
 1.10729660e+02 5.75704188e+05 2.24248066e+01 9.01643524e+01
 7.97258072e+01 2.06275894e+02 1.98806094e+04 4.80626144e+01
 3.59065948e+02 6.98694305e+01 2.95482147e+02 1.27203117e+05
 5.19246582e+02 8.67221146e+01 7.71957500e+04 8.33865128e+01
 2.07329285e+02 1.63793640e+02 2.75438171e+02 9.59451523e+01
 8.98889923e+01 1.14433426e+02 1.33574661e+02 1.44946396e+02
 8.81124121e+03 4.24534760e+01 2.33512863e+02 9.48345996e+03
 1.53347441e+04 7.78521606e+02 5.67181885e+02 3.22062750e+05
 2.10441849e+02 9.44436550e+00 3.64035188e+05 9.87404492e+03
 4.62772797e+02 3.58739594e+02 3.72880859e+04 1.97633164e+04
 2.62461914e+02 8.18062286e+01 3.56773193e+02 2.18467316e+02
 8.60738602e+01 7.77556305e+01 6.05030811e+03 7.11577454e+01
 1.39350898e+04 4.89945117e+04 1.23850136e+02 7.61228711e+03
 1.29947845e+02 7.75901794e+01 8.69856339e+01 2.48182434e+02
 3.04591408e+01 1.09507773e+04 4.14575342e+03 9.13347397e+01
 4.57257111e+02 3.81323975e+02 1.04102471e+04 1.36726594e+05
 2.31307335e+01 1.81946875e+04 2.02412506e+02 7.74475688e+05
 1.69219763e+03 1.29742371e+03 6.25649757e+01 1.08291397e+02
 1.20955005e+03 3.97665222e+02 9.56729125e+05 2.76501038e+02
 2.59110260e+02 1.24684677e+02 1.56750214e+02 5.27494873e+02
 4.53803520e+01 1.27894702e+03 2.52592072e+02 2.33842087e+01
 3.28986000e+05 6.77180328e+01 8.83701965e+02 7.03237762e+01
 1.30635864e+02 6.35273476e+01 7.86892700e+01 3.01791420e+01
 6.50964160e+03 1.91994858e+01 1.31221344e+02 1.37034473e+01
 9.19535156e+04 5.91524620e+01 9.50164978e+02 2.72894263e+03
 5.65534812e+05 3.05547390e+01 1.31625198e+02 6.32302742e+01
 4.78751160e+02 3.37406807e+01 8.24700089e+01 5.02975044e+01
 4.11070526e+02 4.50557617e+02 3.08681562e+04 2.71235962e+02
 8.17294312e+01 2.95185730e+02 8.41164169e+01 9.85562439e+01
 1.10675596e+04 1.08956787e+02 1.89748627e+02 7.66308008e+03
 8.01713562e+01 2.55750757e+03 1.97648602e+01 2.48604904e+02
 1.09369148e+02 4.27646759e+02 1.04979932e+03 6.87858828e+04
 3.49078178e+01 2.43859316e+04 3.68888016e+01 8.61940994e+01
 1.69082969e+05 5.24772852e+04 6.59233284e+00 1.26889313e+02
 1.65898535e+04 1.02873141e+05 4.19887878e+02 2.86694375e+06
 2.03473145e+02 1.91133835e+02 4.86819531e+03 3.54783051e+02
 1.17258003e+02 1.51064424e+04 4.01163750e+05 5.20670052e+01
 2.81731949e+01 7.62602463e+01 4.06416595e+02 4.78447148e+04
 1.14191948e+02 2.86450443e+01 1.25404663e+02 9.67144348e+02
 2.39280396e+02 6.51096436e+02 8.90439453e+04 1.49731000e+05
 9.38112564e+01 6.35601318e+02 3.67276077e+01 2.79992090e+03
 2.15052832e+03 5.86071434e+01 8.59314575e+01 1.08530823e+03
 1.09707998e+04 1.69201508e+02 9.36695812e+05 6.50349805e+03
 4.49115845e+02 2.15504318e+02 8.94069195e+00 3.29756050e+01
 5.84689445e+01 7.51914139e+01 6.96341797e+02 1.90967172e+05
 1.99076016e+05 7.74008047e+04 3.63313246e+00 2.56746094e+02
 7.10131912e+01 7.71208801e+01 1.74805695e+02 4.55676690e-02
 8.62882935e+02 6.42940950e+00 1.99010422e+02 3.41373352e+02
 1.40206512e+02 8.04281158e+01 6.48240967e+01 8.00277100e+02
 1.01887093e+02 1.06724036e+03 5.17728821e+02 1.71999634e+02
 2.18327759e+02 2.26542902e+00 2.00346283e+02 6.43722290e+02
 7.54297028e+01 9.96126709e+01 7.85659790e+01 4.31640747e+02
 9.10961533e+01 6.20585213e+01 1.09414902e+02 1.51381378e+01]
