[6.29111133e+04 4.57209961e+02 6.52077783e+03 1.49435596e+04
 4.42634570e+04 6.30477881e+03 7.57224854e+03 7.11799365e+03
 5.54556367e+04 8.72253223e+03 8.09999805e+03 4.58159180e+04
 1.42230375e+05 1.24444641e+03 8.40388379e+03 1.53592520e+04
 3.48956016e+04 2.71578857e+02 4.98843066e+03 1.16110906e+05
 1.85725156e+04 4.68393604e+03 2.43635825e+06 3.46296289e+04
 1.14968315e+02 1.42226875e+05 2.41649906e+05 1.80598594e+04
 1.99345959e+03 6.67957825e+02 4.02938086e+04 1.21021582e+04
 3.80063047e+04 6.99750049e+03 3.27136543e+04 7.35081689e+03
 1.58635078e+04 1.26511011e+03 1.71699062e+04 9.48005078e+03
 4.20137383e+04 5.23499180e+04 3.28250352e+04 1.19992070e+05
 3.98459727e+04 8.78622168e+03 3.75577832e+03 1.39941467e+03
 8.27893066e+03 1.81883984e+04 3.43864209e+03 1.35358721e+04
 3.03946753e+03 7.75929297e+04 4.40533350e+03 4.95488428e+03
 1.28158379e+04 1.69901828e+05 5.99711562e+04 2.21995874e+03
 6.60662656e+04 2.10524727e+04 3.16959204e+03 2.07296069e+03
 5.29955566e+03 2.66827344e+04 1.33079941e+04 9.90503320e+03
 3.87006134e+02 1.17904336e+04 6.97346777e+03 8.51239062e+03
 3.76056372e+03 6.89253125e+03 6.87354688e+03 1.01439795e+04
 6.66217578e+03 1.59401504e+04 5.05882959e+03 2.06733422e+05
 3.19943091e+03 4.95475928e+03 2.61803320e+03 9.47617859e+02
 1.05863701e+04 2.38703766e+02 3.17199585e+03 4.36438477e+03
 2.55254160e+04 1.47301914e+04 4.96895039e+04 7.18473359e+04
 5.85694141e+03 3.27472051e+04 1.31876859e+05 8.18082031e+03
 1.00825371e+04 2.39716133e+04 1.79431387e+04 1.21037524e+03
 1.26162842e+04 3.64381128e+03 3.64525757e+03 2.67593652e+03
 1.66566406e+04 2.94959727e+04 4.91066064e+03 7.13987549e+03
 1.15277285e+04 1.63563770e+03 2.46637085e+03 2.18201221e+03
 3.72061108e+03 5.78222510e+03 3.53839922e+04 2.84674658e+03
 2.52577002e+03 3.94397695e+04 1.59227090e+04 1.04367266e+04
 2.00536270e+04 1.81995879e+04 2.87001426e+04 5.61004375e+04
 9.68592578e+03 2.51326172e+03 1.85283447e+02 4.81352979e+03
 7.56001123e+03 6.02432666e+03 1.44832529e+04 3.58685083e+03
 6.87105225e+03 2.06554248e+03 7.53844678e+03 2.49674829e+03
 1.34048330e+04 2.28926685e+03 1.82875605e+04 7.57072314e+03
 1.63340068e+04 1.12796543e+04 3.59837695e+04 2.06983027e+04
 1.96427930e+04 6.87605957e+03 3.59251740e+02 2.59337930e+04
 1.82590840e+04 1.27876924e+04 2.44380005e+03 7.05385449e+03
 3.03759648e+04 4.22506055e+03 1.84361206e+03 1.00837129e+04
 1.59924109e+03 1.06161102e+05 3.14311938e+03 3.72921680e+04
 3.01717188e+04 1.26979980e+04 2.39124780e+03 3.27904785e+03
 2.19222676e+04 4.36965918e+03 4.76071729e+03 2.38495728e+03
 1.10035723e+04 2.67513789e+04 3.90592578e+03 7.90738770e+03
 3.53298730e+03 9.33061133e+03 7.44349365e+03 1.08540625e+03
 3.50308398e+04 1.06574341e+02 4.79103076e+03 7.55053281e+04
 5.34831738e+03 2.54964014e+03 1.62375312e+05 1.57042031e+04
 7.01629932e+03 1.40425361e+04 3.38740698e+03 1.68573398e+04
 7.52020752e+03 1.55085254e+04 6.26753418e+03 2.07895557e+03
 7.06605713e+02 2.08510586e+04 1.07113578e+05 1.83904700e+03
 3.75843828e+04 2.25980640e+03 1.21391760e+03 2.26937969e+04
 6.51063525e+03 1.87346582e+04 5.40778125e+03 3.67773926e+03
 1.02521648e+05 1.36635750e+05 3.90628052e+03 1.13810283e+04
 2.59350024e+03 5.81520215e+03 4.38856885e+03 4.77325586e+03
 6.53712234e+01 2.55655645e+04 2.81739375e+04 3.50215187e+01
 4.36471729e+03 1.44277234e+03 2.44109824e+04 8.22000244e+02
 3.33119629e+03 4.55243262e+03 1.48373916e+04 1.17343570e+05
 6.21951562e+03 9.86925391e+03 1.31806572e+04 3.21995386e+03
 3.41853008e+04 5.23510430e+04 2.44488721e+03 3.70343799e+03
 9.92850293e+03 6.97574072e+03 3.18391553e+03 1.59964609e+04
 1.06373916e+04 3.16216095e+02 6.34084961e+02 2.20665942e+03
 3.74031875e+04 1.90986908e+02 2.55819668e+04 4.54373984e+04
 7.54200000e+03 1.74540898e+04 2.11868125e+04 2.53275317e+03
 6.06860840e+03 2.30163672e+05 1.81638025e+03 3.52579883e+04
 3.33419006e+02 5.01138379e+03 1.21905042e+03 3.70457935e+03
 1.43313105e+04 1.63317773e+03 5.06945947e+03 5.80242871e+03
 7.08260312e+04 1.44277393e+04 1.93078625e+05 2.31357300e+03
 5.66208301e+03 5.84882910e+03 4.44825488e+03 4.32067188e+03
 3.47919609e+04 5.42170703e+03 6.85906543e+03 1.53433406e+05
 1.81398926e+03 3.59831592e+03 4.74238359e+04 5.46330322e+03
 9.46515547e+04 6.88190078e+04 1.64036621e+04 4.95018312e+05
 7.81682715e+03 1.23397129e+04 5.13228125e+03 8.30487366e+02
 1.27570605e+03 9.10454688e+03 5.05295752e+03 1.18516461e+05
 1.24289075e+03 3.51073242e+04 2.29646816e+04 3.24214185e+03
 3.79220156e+04 5.88241943e+03 8.38222595e+02 4.91069971e+03
 8.25396484e+03 1.33170596e+04 1.44111406e+04 3.99178528e+02
 4.15720850e+03 3.23774658e+03 1.55769521e+04 5.72855781e+04
 2.93541641e+04 7.32754141e+04 2.19088574e+03 3.25427773e+04
 3.18297217e+03 3.38284863e+03 4.32963770e+03 1.77996016e+04
 1.20748422e+05 5.40441846e+03 2.18900098e+03 1.18655664e+04
 1.82783398e+04 6.75079844e+04 2.98103379e+04 1.31445906e+05
 3.29458032e+03 1.00300566e+04 9.22806348e+03 2.33389766e+04
 6.40565898e+04 5.17286768e+03 2.35667922e+05 9.67422266e+03
 2.14567832e+04 2.47746543e+04 2.38085718e+03 1.30880566e+03
 9.82698669e+02 4.21619110e+02 5.19278711e+03 2.80296680e+04
 1.19513936e+04 1.21560547e+03 4.12815430e+03 5.70272559e+03
 1.27642281e+02 1.04458027e+04 5.94470752e+03 1.87061328e+04
 1.14243359e+03 1.25273916e+04 3.94200000e+03 1.03097920e+04
 8.28747559e+03 2.04884033e+03 1.19437168e+04 3.45332188e+04
 3.37602075e+03 1.39444912e+04 1.39433276e+03 7.05521533e+03
 3.01349746e+04 5.62009392e+01 9.03692969e+03 1.36033340e+04
 1.77357461e+04 7.82296533e+03 6.74569375e+04 3.12263721e+03
 2.62964473e+04 1.99984219e+05 4.42325977e+03 4.54989502e+03
 1.28301414e+05 5.81412354e+03 3.00491152e+04 1.77457090e+04
 5.26224438e+05 5.91029688e+03 1.41487744e+04 7.39931562e+04
 5.50975352e+04 2.50874570e+04 1.69621716e+03 5.32170703e+03
 1.98916094e+04 1.90787402e+04 1.57627953e+05 8.25413281e+03
 2.52542871e+03 1.58699980e+04 8.41198438e+03 6.33090479e+03
 1.64282715e+04 1.27275986e+04 5.87201445e+04 5.40873682e+03
 1.82622773e+04 5.74005420e+03 1.56584805e+04 2.81746309e+04
 7.45539502e+03 3.43400781e+04 7.04274121e+03 6.11551797e+04
 1.47485608e+03 2.40553281e+04 1.86029858e+03 6.93171875e+02
 2.96866055e+04 3.13342114e+03 3.20896997e+03 3.68939917e+03
 1.34248188e+06 1.00920459e+04 4.16189990e+03 4.08247578e+04
 5.22996406e+04 3.76492529e+03 2.36368730e+04 4.79382812e+04
 2.21536426e+03 1.60587559e+04 1.25287520e+04 1.08194346e+04
 2.81998613e+04 1.39995986e+04 3.16842407e+03 1.29025127e+04
 6.75372607e+03 1.41994092e+03 1.22643281e+04 4.55236725e+02
 1.17775391e+04 1.17320703e+04 6.18846338e+03 1.49213076e+04
 4.63670605e+03 7.12520156e+04 8.11839676e+01 2.75037622e+03
 3.90034814e+03 2.78517383e+03 2.19862451e+03 1.04864893e+04
 3.95826660e+03 7.02525513e+02 5.03590000e+04 1.85379434e+04
 1.99579285e+03 1.72187332e+02 9.81458191e+02 9.59690391e+04
 3.81589673e+03 5.91571387e+03 6.00500684e+03 4.44603125e+05
 5.09101135e+02 2.22443047e+04 9.46505234e+04 7.56586279e+03
 1.01249130e+02 1.17345615e+04 9.46996719e+04 8.48495667e+02
 5.85386279e+03 4.20347412e+03 1.12141754e+02 1.12972705e+03
 2.43055137e+04 2.00791724e+03 6.04968750e+03 1.57351465e+03
 8.25864258e+03 9.46312734e+04 1.18591172e+04 6.40662598e+03
 5.10735742e+03 4.00929258e+04 5.09640472e+02 2.86481250e+04
 1.78415369e+03 1.07650410e+04 2.26231128e+03 1.20665918e+03
 2.06726035e+04 1.87407246e+04 6.21877979e+03 3.48716836e+04
 4.03107666e+03 5.10786719e+03 2.48593604e+03 7.97522422e+04
 6.68087549e+03 1.50281875e+04 5.35723535e+03 1.01699414e+04
 1.79186230e+03 1.44469678e+04 1.12268467e+04 2.66855255e+02
 3.30993677e+03 1.42593453e+05 3.38107495e+03 4.90854492e+03
 1.80018616e+03 1.35726377e+04 7.53003418e+03 1.53459573e+00
 2.55704443e+03 3.03725537e+03 1.40401904e+03 1.28784492e+04
 4.33889111e+03 1.95841907e+03 2.60337183e+03 2.58429805e+04
 2.96700146e+03 1.11466589e+03 1.92041973e+04 1.28758232e+04
 5.89180898e+04 3.18457690e+03 1.80729238e+04 3.77219873e+03
 1.46788025e+01 2.42292656e+05 4.97096094e+03 2.32277363e+04
 4.46494805e+04 1.82172156e+03 3.43420508e+03 1.81553301e+04
 4.14321143e+03 2.52262378e+03 1.72378491e+03 1.39807324e+03
 5.06536914e+03 5.38770874e+02 2.36214697e+03 1.63514980e+04
 1.83144883e+04 2.23776074e+04 2.38140527e+03 8.00504004e+03
 3.89552148e+04 1.86878094e+05 2.94011060e+03 1.16486592e+04
 4.33145361e+03 3.03302051e+04 1.34436689e+04 9.54364319e+02
 4.55851875e+04 1.14595371e+04 5.61678564e+03 1.72007947e+03
 1.01018154e+04 6.98190000e+04 7.84278711e+03 3.66574102e+04
 3.83920483e+03 2.50698364e+03 6.62741150e+02 1.28156387e+04
 4.94275430e+04 1.29890352e+04 3.69051685e+03 2.24607764e+03
 1.17774426e+03 1.81966211e+04 1.63357312e+03 3.17787469e+05
 9.79398743e+02 2.12653467e+03 5.84049902e+03 1.02287373e+04
 1.67643574e+04 2.27965137e+04 4.07936304e+03 1.55652061e+04
 1.64005896e+03 4.38538623e+03 2.58537832e+04 1.51628345e+03
 1.29718695e+05 1.27020850e+04 1.04666086e+05 1.45398418e+04
 8.40950488e+03 1.50713545e+04 1.30699548e+03 6.74804541e+03
 7.18506982e+03 1.19610586e+04 1.99630703e+04 3.36721655e+03
 5.09685791e+03 5.35365674e+03 2.89227598e+04 3.33547539e+04
 1.14941729e+04 5.33982080e+03 2.94774395e+04 1.89649158e+03
 5.83704531e+04 2.03107109e+04 1.51475818e+03 4.26477490e+03
 3.09559473e+04 2.39850000e+03 1.55920447e+03 3.18965942e+03
 7.29065613e+02 1.81224863e+04 2.93764014e+03 9.90790820e+03
 1.74138145e+04 9.10553418e+03 5.47101465e+03 9.63550488e+03
 6.89339766e+04 4.49775234e+04 3.86244648e+04 2.33989824e+04
 1.00117633e+03 1.76614102e+04 2.37017749e+03 7.77054565e+02
 1.02281885e+04 2.08413730e+04 5.16202344e+03 2.63248138e+02
 6.37215723e+03 3.04502227e+04 3.89547266e+03 6.43443994e+03
 1.96983533e+03 1.57638452e+03 5.46007373e+03 2.66167236e+03
 6.28978955e+03 6.63854980e+03 1.68003867e+04 3.87592617e+04
 9.67385449e+03 2.01434924e+03 1.32990898e+04 9.84136536e+02
 8.97268312e+05 2.39940063e+03 8.64095764e+02 5.72905371e+03
 2.50076099e+03 2.10204932e+03 2.10448853e+03 8.30508105e+03
 7.40556055e+03 5.76938184e+03 2.94157837e+03 6.23340771e+03
 4.61708252e+03 4.69145117e+04 1.42662852e+04 9.75556250e+03
 9.23576233e+02 4.26450703e+04 4.28356592e+03 4.78066406e+03
 6.02118652e+03 5.32486426e+03 1.94653027e+03 4.71204443e+03
 4.34820508e+03 1.42169656e+05 1.14359367e+05 5.14260107e+03
 3.74026538e+03 5.58121338e+03 4.85919688e+04 1.86999805e+04
 3.81947681e+03 8.70603418e+03 1.80404766e+04 1.33529312e+05
 2.34260767e+03 1.13254021e+02 1.41136396e+04 3.70564282e+03
 5.61472351e+02 3.81696509e+03 2.57372974e+03 2.52475734e+05
 4.14962354e+03 1.10556572e+04 3.43754199e+03 1.33463643e+04
 2.96619355e+04 1.81321230e+04 1.30634485e+03 2.01660376e+03
 1.01285438e+05 2.84703687e+03 2.21331113e+04 9.64991113e+03
 1.05343799e+04 1.40365356e+02 3.11495361e+02 6.66713867e+03
 4.20729541e+03 2.90701245e+03 2.75139209e+03 4.92112939e+03
 1.59068174e+04 1.90804102e+03 1.66429434e+04 5.21728369e+03
 7.08524219e+04 3.20869473e+04 2.08129062e+04 6.42833164e+04
 2.58192207e+04 1.72279846e+03 9.46465918e+03 9.07102051e+03
 1.01303516e+04 1.13080557e+04 7.33188086e+03 7.02498516e+04
 3.09124023e+03 5.23714307e+03 1.82208926e+04 1.39889316e+04
 1.67369707e+04 8.18592139e+03 5.87359258e+04 6.11111914e+03
 1.50380830e+04 3.39910117e+04 2.54315371e+04 5.12217969e+03
 8.29879272e+02 3.11093311e+03 1.93341680e+04 7.58484688e+04
 4.50221602e+04 1.55975469e+04 5.22738594e+04 2.07404517e+03
 4.03751123e+03 1.26374697e+04 6.85640938e+05 2.54936816e+04
 4.69069824e+03 4.08190796e+03 4.20833164e+04 3.70614575e+03
 4.27895898e+03 3.16525879e+04 1.97660168e+03 5.29962952e+02
 5.03370361e+03 1.21422021e+04 6.84944219e+04 3.83687561e+02
 2.95609692e+03 4.46929395e+03 1.04494307e+04 2.97894219e+04
 2.31101465e+03 1.20091516e+03 5.61386816e+03 1.69126250e+04
 1.80163125e+04 6.40774609e+03 1.05682086e+05 4.24340967e+03
 1.07660312e+05 7.80733008e+03 8.81780469e+03 1.22660752e+04
 1.42358057e+03 5.33292480e+02 3.63532593e+03 3.75509155e+03
 4.69519287e+02 6.13170312e+03 1.41335205e+04 1.80549951e+03
 6.25302246e+03 1.23204227e+05 6.33048984e+04 1.14529639e+03
 3.48280127e+03 1.27383584e+04 7.17591858e+02 1.30980273e+04
 3.43946948e+03 2.77990449e+04 3.77882891e+04 8.86809473e+03
 4.74276172e+04 1.42222910e+04 1.75337871e+04 8.28083516e+04
 3.16895332e+04 3.18607080e+03 2.25346387e+04 3.39154907e+03
 1.20263232e+04 1.14779961e+04 2.04398672e+04 2.16609033e+03
 5.86544922e+03 2.16886680e+04 4.63157471e+03 1.65427188e+04
 8.38808750e+04 8.81880273e+03 7.88767627e+03 1.40266133e+04
 3.02508740e+03 3.74277832e+03 2.00170047e+05 3.26648844e+05
 1.06456660e+04 3.30983984e+03 1.54765281e+05 8.64422266e+03
 4.34481445e+04 2.63672441e+04 4.75968799e+03 3.24585391e+04
 6.71168018e+03 3.21561328e+03 2.19472480e+04 1.91805527e+04
 1.53989297e+04 6.34168701e+03 3.96029956e+03 1.79742432e+03
 7.45428857e+03 5.92977539e+02 9.81149512e+03 1.00501825e+03
 2.72415674e+03 2.73183789e+03 3.51894995e+03 2.74688320e+04
 1.62350625e+04 6.58149048e+02 6.62656445e+03 3.13750732e+03
 9.58669531e+03 1.42191663e+03 6.16056348e+03 1.15794502e+04
 2.66884473e+03 1.08351094e+04 1.84102578e+04 8.94792188e+04
 8.11780420e+03 1.79476906e+05 2.36737031e+04 1.98927832e+03
 1.18172914e+05 1.25470918e+04 1.08377516e+05 1.35904443e+04
 1.09425674e+04 9.26275684e+03 6.32716248e+02 2.33713696e+03
 1.62640479e+03 1.20287427e+03 2.83636816e+04 1.35095186e+04
 1.74885922e+05 3.38419751e+03 5.58095264e+03 8.98706738e+03
 1.88536367e+04 8.64202344e+03 5.34471533e+03 2.61395264e+03
 3.75581909e+03 9.30214551e+03 3.53092896e+03 1.12081670e+04
 1.02124555e+05 8.39354688e+03 3.08210488e+04 1.55721709e+04
 6.19364844e+04 5.37641113e+03 1.09439326e+04 3.78433545e+03
 1.53373262e+04 2.78796948e+03 3.08486890e+03 8.59200195e+03
 4.05007495e+03 1.44774316e+03 1.24842188e+04 2.28349883e+04
 4.18295156e+04 7.79367371e+02 1.36532629e+03 9.02807068e+02
 1.04245283e+04 1.90662878e+03 7.45868311e+03 1.54635156e+05
 1.33640472e+02 1.49998154e+04 1.25689746e+03 1.63864121e+04
 1.91447969e+04 5.86214551e+03 1.81416562e+04 1.34453623e+04
 7.41439795e+03 2.40114434e+04 8.27386914e+03 1.41408411e+03
 6.40104492e+04 4.01214307e+03 3.60792422e+04 1.30433643e+03
 4.43069238e+03 1.29777051e+04 2.11069263e+03 3.20744906e+05
 9.48549707e+03 2.91562793e+03 4.10956641e+03 7.41030371e+03
 6.46399365e+03 1.45555408e+03 2.88507773e+04 2.37846094e+04
 6.82408496e+03 1.20947864e+03 4.33027344e+03 6.40618604e+03
 1.73226406e+04 6.72372998e+03 6.34241516e+02 1.32731719e+04
 3.51797876e+03 3.54680322e+03 6.76399902e+02 1.77024570e+04
 9.54025488e+03 2.62300488e+03 2.55472988e+04 2.75888750e+04
 1.34454961e+04 3.00939209e+03 4.24755957e+03 7.39746719e+04
 1.52085828e+03 5.06266748e+03 1.94707793e+04 1.64398450e+03
 2.61195605e+03 1.02863220e+03 5.16973438e+03 3.55466758e+04
 3.96271797e+04 1.04682800e+03 1.73374785e+04 1.14470518e+04
 3.47229766e+04 2.33307207e+04 2.51979590e+03 7.47199902e+03
 3.21942261e+03 4.71035645e+03 2.88737817e+03 2.04746753e+03
 8.05798828e+04 7.05747510e+03 1.87517578e+04 3.33131201e+03
 7.19941943e+03 1.11515820e+03 3.31412079e+02 6.50704750e+05
 6.59340479e+03 5.17332275e+03 1.35695007e+03 7.25673291e+03
 4.85794102e+04 9.66789746e+03 1.06635771e+04 9.79430156e+04
 3.42423804e+03 1.15940967e+03 3.72870156e+04 6.63320166e+03
 1.38239966e+03 2.29942407e+03 1.49860855e+02 6.43384570e+03]
