[9.72331177e+02 4.86967896e+02 7.60600403e+02 2.11418213e+03
 4.17716357e+03 1.03027563e+03 6.35881531e+02 3.19618652e+02
 1.19177285e+04 8.03226196e+02 1.65222388e+03 1.69378088e+03
 8.53989648e+03 4.44076111e+02 4.79864594e+02 2.42568384e+03
 4.39987030e+02 7.05110657e+02 3.68864087e+03 4.21737988e+03
 1.87126965e+03 8.91821838e+02 1.72694781e+05 1.73648865e+03
 7.21397827e+02 1.63862168e+04 1.40512476e+03 3.28960876e+02
 1.72849686e+02 1.44175613e+02 3.44152197e+03 4.40765625e+03
 3.56485535e+02 8.73803589e+02 8.00417114e+02 1.83513931e+02
 1.81819305e+02 9.27882324e+02 1.04366211e+03 4.48041046e+02
 7.35230371e+03 2.14177994e+02 2.54008569e+03 2.30556299e+03
 1.02539771e+03 1.31668396e+03 7.91947083e+02 7.70032410e+02
 1.07969507e+03 1.90570801e+03 5.26117920e+02 1.71288544e+02
 1.02014038e+02 2.89237207e+04 5.69521240e+02 1.74760956e+02
 1.84932300e+03 8.96647656e+03 8.70848206e+02 5.93920776e+02
 4.44639502e+03 2.40118484e+02 1.77441635e+02 3.88753113e+02
 1.18471680e+02 5.55294983e+02 5.12938049e+02 5.39004517e+02
 5.92681641e+02 5.20468140e+02 1.11613014e+02 1.48824304e+03
 3.88808167e+02 9.89445679e+02 1.02350476e+03 1.16881189e+03
 1.24618262e+03 5.40315527e+03 2.63657440e+02 7.48007969e+04
 1.62354895e+03 1.33244409e+03 3.62229279e+02 5.68186768e+02
 9.97667908e+02 3.06226349e+02 8.24507202e+02 5.66210388e+02
 1.61301611e+03 4.63841431e+02 1.70282971e+03 9.98651270e+03
 4.36634277e+02 1.85348108e+03 2.81429961e+04 1.86280899e+02
 1.98183289e+03 4.56767725e+03 3.05926001e+03 9.27554398e+01
 1.20998279e+03 9.38506714e+02 5.16353027e+02 7.12430908e+02
 1.11834692e+03 1.15762354e+03 6.76212341e+02 1.00078802e+03
 1.40724658e+03 3.80631195e+02 1.95712967e+02 1.06460876e+03
 9.76736267e+02 1.20469006e+03 1.02190015e+03 7.48910156e+02
 3.58102600e+02 4.87714062e+03 2.47245215e+03 3.47115051e+02
 2.29254443e+03 5.95874805e+03 7.36451233e+02 2.78772422e+04
 1.77935559e+03 5.43984924e+02 5.33097778e+02 6.31497803e+02
 1.26003992e+03 1.21894092e+03 6.47273438e+02 7.53234741e+02
 1.25247046e+03 4.75784546e+02 8.59188354e+02 1.07473401e+03
 2.08431226e+03 6.70118896e+02 2.06724902e+03 1.32025732e+03
 1.70972217e+03 4.31724365e+02 4.60766943e+03 1.64126892e+03
 3.78385547e+03 4.98309662e+02 3.75357971e+02 4.17023340e+03
 9.14225586e+02 2.95770239e+03 5.00774445e+02 1.61551599e+03
 1.16313831e+03 1.27619629e+02 2.01461983e+01 1.17304150e+03
 1.93987885e+01 6.78494873e+03 4.60441284e+02 1.51171643e+03
 6.04454932e+03 1.39533966e+02 9.99771881e+01 4.84507385e+02
 4.61801605e+02 5.85560059e+02 7.27222656e+02 7.77611465e+01
 1.18959192e+03 1.22509436e+03 1.21109276e+02 1.38289575e+03
 2.97197968e+02 1.59629379e+02 1.98802429e+02 3.04800598e+02
 1.47419800e+03 6.94283630e+02 6.66412476e+02 3.81109741e+03
 5.69770508e+02 3.36757416e+02 5.96094238e+03 3.55109772e+02
 8.49663452e+02 6.29843018e+02 5.85267151e+02 5.65194244e+01
 3.76858856e+02 6.81739868e+02 3.51021790e+02 3.59377838e+02
 9.95576630e+01 9.51829163e+02 1.95489883e+04 3.37035095e+02
 5.76880029e+03 5.28688965e+02 3.54610504e+02 1.36202600e+03
 2.09985156e+03 3.56890015e+03 8.46001709e+02 8.33764221e+02
 2.66001929e+03 2.58157949e+04 9.30424255e+02 9.33310425e+02
 7.17809448e+02 4.39703339e+02 7.55765625e+02 6.72811157e+02
 5.62510681e+02 4.12727142e+02 3.02274243e+03 1.02375137e+02
 8.16692505e+02 4.26556091e+02 2.47361719e+03 7.56583923e+02
 7.28770569e+02 9.45575989e+02 4.71272888e+02 3.88072876e+03
 7.92192566e+02 1.24527881e+03 5.33281128e+02 3.64542969e+02
 9.35052734e+02 1.53462476e+03 2.24171143e+03 4.24367065e+02
 1.16087500e+03 7.70407715e+02 7.28997559e+02 3.42158545e+03
 8.81428101e+02 5.73592262e+01 6.94334351e+02 5.06642792e+02
 7.89730225e+02 4.72107910e+02 1.71680957e+04 1.40224658e+03
 8.00112915e+02 1.04602661e+03 1.27190735e+03 1.34572229e+03
 3.64353662e+03 3.00686387e+04 1.35046143e+02 7.22265869e+02
 7.70047729e+02 8.86411072e+02 8.52205505e+02 1.63682907e+02
 1.66910010e+03 1.15520576e+02 1.13159534e+03 1.47532547e+02
 7.67021143e+03 3.08671582e+03 8.02689453e+03 3.96962830e+02
 9.22795029e+01 8.82710144e+02 6.65852600e+02 4.66517181e+02
 3.11013110e+03 3.67375214e+02 3.36194916e+02 1.31217100e+04
 3.99582794e+02 3.23694733e+02 2.89379688e+03 1.40823230e+03
 2.06520488e+04 2.09743790e+02 5.80565186e+02 2.68228555e+04
 1.27252344e+03 3.44073975e+03 4.15968933e+02 1.43104138e+03
 2.74298340e+02 2.93596497e+02 1.75279221e+02 2.36168506e+03
 3.24484894e+02 3.09474463e+03 2.76589688e+04 6.02779602e+02
 2.50407373e+03 1.14685623e+02 4.17190094e+02 4.50336304e+02
 1.24050928e+03 2.73771143e+03 2.01347424e+03 3.70832872e+00
 6.59613403e+02 3.02753021e+02 1.21659521e+03 9.80747742e+02
 2.41298560e+03 1.44142061e+04 5.04548340e+02 1.02556592e+03
 6.74375183e+02 1.24824341e+03 8.60954056e+01 6.14967834e+02
 9.27157715e+03 7.59019958e+02 7.91236389e+02 3.32580994e+02
 1.35658386e+03 1.12186562e+04 2.07855591e+03 5.36968799e+03
 9.42517700e+02 2.73751660e+03 1.06122449e+03 2.80715308e+03
 1.00097504e+03 4.54402985e+02 7.62835498e+03 5.56261292e+02
 6.38140320e+02 3.25324854e+03 4.95594604e+02 2.40877151e+02
 4.38958801e+02 9.40588806e+02 3.34442505e+02 4.74286957e+02
 5.08635559e+02 3.95462555e+02 4.97378857e+03 8.83651917e+02
 6.69620911e+02 7.53190857e+02 1.17118494e+03 4.36783356e+02
 1.58637558e+02 1.12393700e+02 2.88258636e+02 1.22454187e+03
 1.57576477e+03 4.45095398e+02 3.29487207e+03 3.08135781e+04
 6.57037231e+02 4.76560852e+02 7.58214478e+02 3.83004834e+03
 9.58376074e+03 3.78307343e+02 2.47621078e+02 3.33779785e+02
 6.46372620e+02 4.13175781e+03 9.62950500e+02 3.10473175e+02
 5.94362061e+03 3.43704443e+03 2.11348969e+02 7.21880188e+02
 4.11275703e+04 4.55343658e+02 3.82944092e+03 6.43030777e+01
 5.07363525e+03 5.68922302e+02 9.43945129e+02 4.05988135e+03
 4.97914307e+03 3.70252832e+03 5.52922119e+02 9.68136536e+02
 4.78561920e+02 2.64395044e+03 3.97002656e+04 7.91500305e+02
 9.56518982e+02 4.28840454e+02 5.49489258e+02 1.31756152e+03
 3.71699219e+02 2.95364087e+03 1.16732068e+03 4.14795624e+02
 7.06281250e+02 1.02819812e+03 1.02062787e+03 3.32541313e+01
 1.53935501e+02 4.60222754e+03 9.69036255e+02 3.39155103e+03
 7.30996704e+01 1.72603247e+03 4.88911163e+02 2.77255219e+02
 3.67651184e+02 1.00737292e+03 4.90322845e+02 8.63366089e+02
 7.54354531e+04 1.55580688e+03 5.67395874e+02 1.09762568e+04
 7.09723877e+03 1.42624524e+03 6.73271328e+04 6.55705713e+03
 1.50679901e+02 9.91893692e+01 3.79127100e+03 1.13564270e+03
 3.74836572e+03 9.23600342e+02 6.28836609e+02 4.08343018e+03
 2.18120041e+02 7.35383728e+02 9.82525879e+02 6.88742905e+01
 6.25354553e+02 1.53939990e+03 6.31141418e+02 2.88343048e+02
 4.31717090e+03 1.50247815e+03 6.06735718e+02 1.32304382e+02
 5.25647400e+02 7.40910217e+02 7.44661743e+02 1.14800623e+03
 1.08447937e+03 1.27350659e+03 4.30738953e+02 6.55939880e+02
 5.57580933e+02 1.04113686e+02 5.83981140e+02 7.43341675e+02
 1.27711780e+03 2.16768524e+02 7.50180054e+02 7.64987031e+04
 8.37255249e+02 3.61249561e+03 2.73410791e+03 7.28234375e+02
 4.35915924e+02 1.13047644e+03 2.47962646e+03 3.44861542e+02
 2.08414169e+02 5.35876160e+02 6.93352600e+02 2.04477905e+02
 9.24275208e+02 3.74752533e+02 8.15191711e+02 7.50168335e+02
 6.40249405e+01 2.58689062e+04 3.46215424e+02 4.40392609e+02
 7.21288696e+02 1.37708850e+03 3.21467896e+02 3.81098779e+03
 2.55176727e+02 1.54810144e+03 5.33041443e+02 4.36290588e+02
 2.05914139e+02 1.17617273e+03 6.35607727e+02 1.06143762e+03
 2.35556055e+03 1.07267749e+03 5.17950195e+02 1.08184004e+04
 5.05699921e+02 6.70526184e+02 4.64843945e+03 1.13838171e+03
 1.32521729e+02 2.37147803e+03 1.59335229e+03 3.76938477e+02
 1.41894397e+03 3.27105117e+04 2.13681931e+02 7.42657898e+02
 4.27846771e+02 2.28959033e+03 1.92212781e+03 5.23465942e+02
 4.65697746e+01 6.82180176e+02 3.62963776e+02 2.85641418e+02
 9.68058105e+02 4.93351471e+02 1.06517731e+02 2.46777420e+02
 5.06592712e+02 7.14996277e+02 1.56516235e+03 2.90784863e+03
 3.18063428e+03 6.49054993e+02 1.50957413e+02 1.79078088e+03
 5.49067505e+02 2.62119922e+04 1.47643018e+03 1.28355591e+03
 3.80794678e+03 1.17866211e+02 7.57965820e+02 1.14458588e+02
 6.86023438e+02 4.68289307e+02 3.90688477e+02 3.61879639e+02
 1.45946326e+03 1.08934326e+03 4.10858032e+02 7.96084167e+02
 8.14847412e+02 1.53359302e+03 1.01002277e+03 1.70354199e+03
 3.06431128e+03 5.60895947e+03 3.94209381e+02 2.01815216e+02
 1.52046524e+02 5.99606995e+02 2.61243701e+03 5.33372437e+02
 1.05091907e+03 3.64844696e+02 2.06068680e+02 6.94396667e+02
 8.99063843e+02 1.12265029e+04 8.77883667e+02 1.53589905e+03
 1.51488428e+03 7.60534790e+02 3.72103210e+02 4.58916351e+02
 5.81083801e+02 2.10168137e+02 4.43341034e+02 1.57259021e+03
 2.31089157e+02 8.07421814e+02 6.11865601e+02 7.97338623e+03
 1.03641467e+03 7.69702530e+01 1.78294968e+02 3.26545349e+02
 1.56804175e+03 3.21706299e+03 4.94318604e+03 2.80335400e+03
 5.40182678e+02 7.46073425e+02 5.48696240e+03 1.35909088e+02
 1.08488965e+04 5.67146423e+02 7.08902832e+03 3.27856836e+03
 2.72944116e+03 1.10273926e+04 1.42005981e+02 1.33815613e+03
 1.36949722e+02 4.66297314e+03 2.67740747e+03 8.61742554e+02
 3.52627686e+03 7.28757446e+02 3.23837988e+03 1.49083948e+03
 4.90359406e+02 6.33669739e+02 5.11495020e+03 4.01376678e+02
 1.70300742e+04 1.33768433e+03 3.02410492e+02 3.36892639e+02
 2.80394580e+03 4.07998962e+02 1.07248596e+03 6.51871826e+02
 2.13338354e+03 2.02450684e+03 2.83918579e+02 5.99875732e+02
 2.43750122e+03 1.28636182e+03 4.02312347e+02 3.72734833e+02
 6.36027490e+03 6.47686096e+02 8.74004089e+02 3.58114038e+03
 4.69399231e+02 1.90520215e+03 9.61042358e+02 8.71228104e+01
 1.58598438e+03 5.56389526e+02 1.65465747e+03 1.02722252e+02
 2.51764819e+03 2.31349292e+03 2.89860400e+03 5.22759033e+02
 1.23789038e+03 2.65112866e+03 4.93159668e+02 6.22380493e+02
 2.26762177e+02 6.52244263e+02 3.50955273e+03 7.15209473e+03
 6.82998474e+02 4.48805420e+02 1.01214911e+03 6.31961243e+02
 5.45998125e+04 5.61317932e+02 2.37148865e+02 2.07668579e+03
 6.95829285e+02 5.57947205e+02 3.16293427e+02 1.07794446e+03
 2.53278503e+02 1.10669263e+03 1.40130811e+03 2.19487476e+03
 2.08280014e+02 6.91700732e+03 2.05041211e+03 4.54170074e+02
 6.74368286e+02 6.97888867e+03 1.52639148e+03 4.59354004e+02
 8.75965271e+02 9.19667236e+02 6.38860474e+02 5.66230896e+02
 5.79493286e+02 2.67095215e+03 9.50736133e+03 9.06808716e+02
 4.65162170e+02 2.99480896e+02 1.01564795e+03 3.59889746e+03
 5.23251648e+02 2.20667496e+02 1.46303192e+02 5.32043408e+03
 6.60588013e+02 4.48316650e+02 1.12345490e+02 2.39124237e+02
 1.94052844e+03 5.33877869e+02 7.39471619e+02 1.46582939e+04
 6.77214478e+02 3.51420312e+03 6.83346863e+02 5.61362610e+02
 1.44239734e+03 1.61375256e+03 9.31363907e+01 9.37094910e+02
 2.03929626e+03 1.25464119e+02 9.00455505e+02 7.24337952e+02
 2.95215179e+02 7.90981934e+02 2.36340759e+02 1.13584114e+02
 6.39310913e+02 9.81815491e+02 5.76750244e+02 6.48642517e+02
 2.48025650e+02 3.80158203e+02 2.12331860e+03 7.03790405e+02
 6.36959766e+03 3.02734424e+03 1.97989001e+03 9.35583496e+03
 8.44721484e+03 8.96604767e+01 7.08012634e+02 7.83442139e+02
 1.92605750e+03 6.06774048e+02 1.30501892e+03 5.95555176e+03
 3.41438385e+02 2.36894806e+02 1.50128162e+03 2.79722705e+03
 1.69928931e+03 4.91196411e+02 5.20439026e+02 1.53409561e+02
 2.48370239e+03 1.33344482e+03 2.37985672e+02 8.17557678e+02
 4.13360138e+02 5.40511169e+02 1.98981396e+03 7.37235168e+02
 4.93493652e+03 3.82226685e+02 2.82460175e+02 5.36286438e+02
 3.00063812e+02 4.17246338e+03 7.79770156e+04 2.49094751e+03
 1.08357520e+03 4.46058441e+02 3.45836426e+02 6.30388611e+02
 1.25104395e+03 2.43816940e+02 6.47253113e+02 4.38578613e+02
 4.65282349e+02 9.49273682e+02 1.06924622e+03 3.93989166e+02
 8.87460510e+02 9.66968765e+01 5.44214111e+02 4.15917822e+03
 5.06807526e+02 7.97090302e+01 8.75272583e+02 1.69462109e+03
 6.91842712e+02 2.11916992e+02 4.46772754e+03 1.89561414e+03
 6.87903760e+03 1.41000122e+03 2.06823303e+02 8.26279602e+02
 3.20809967e+02 8.48055176e+02 1.24192200e+03 7.70542053e+02
 7.35208313e+02 9.42862854e+02 5.01510742e+02 3.23595428e+02
 5.12744385e+02 6.90643555e+02 2.32159336e+04 1.15949333e+02
 7.02823792e+02 1.66575898e+04 9.21471741e+02 1.31064661e+03
 7.67852051e+02 1.73870337e+03 2.30596390e+02 1.14554553e+03
 1.65397754e+03 5.41691711e+02 4.48134766e+03 5.88486719e+03
 6.80532288e+02 5.64998352e+02 2.12168311e+03 8.73144348e+02
 3.69939606e+02 9.15721558e+02 3.74920746e+02 3.94090179e+02
 6.11197815e+01 1.11096289e+03 5.10612549e+02 1.15379277e+04
 9.66493347e+02 1.49281616e+03 1.34472095e+03 6.08841309e+02
 5.85734924e+02 1.34608264e+03 8.06799756e+03 2.19852227e+04
 1.87729199e+03 5.40542908e+02 1.02252295e+04 1.03781128e+03
 3.73738379e+03 7.67803711e+02 7.66082092e+02 1.36271497e+03
 1.07507886e+03 5.08953308e+02 1.16429092e+04 5.45300000e+03
 4.81491913e+02 6.09214417e+02 8.10457520e+02 9.05436707e+01
 5.99668848e+03 6.43732544e+02 9.89006577e+01 2.81631622e+02
 5.17740540e+02 9.76081970e+02 7.88483948e+02 1.21441443e+03
 1.24282661e+02 5.39269287e+02 2.46419235e+02 8.08013916e+02
 5.50713196e+02 4.12395416e+02 1.90489062e+03 2.20474594e+02
 9.05487976e+02 1.05342493e+03 1.86904492e+03 2.99824585e+03
 2.94962256e+03 1.25816123e+04 1.27168518e+03 5.55395325e+02
 1.95602124e+03 4.12674414e+03 1.20934463e+04 2.71120636e+02
 6.82800842e+02 2.98872510e+03 4.32849121e+02 3.19683411e+02
 2.76269922e+03 5.96157349e+02 3.95091284e+03 8.26783997e+02
 8.45645312e+03 8.75081970e+02 9.37128296e+02 2.46962402e+02
 5.56782959e+02 1.90827869e+03 3.57470367e+02 1.86694141e+03
 2.65718842e+02 1.23678198e+03 6.99339478e+02 1.41439417e+03
 5.80012402e+03 4.85940002e+02 4.56741602e+04 2.68939258e+03
 6.32024780e+02 1.05699365e+03 8.00502686e+02 5.83391541e+02
 1.22530615e+03 9.00311035e+02 7.00621216e+02 6.53449951e+02
 5.72062378e+02 6.03510559e+02 3.71738312e+02 8.75332947e+02
 3.21070044e+03 1.00146338e+03 6.68150757e+02 7.53481934e+02
 4.12038574e+02 3.94806854e+02 2.23942163e+03 9.22033936e+02
 3.04778168e+02 2.02188831e+03 6.68201233e+02 2.06269165e+03
 5.78872949e+03 2.41416412e+02 5.19287292e+02 1.66309827e+03
 1.33917883e+03 2.99935669e+02 1.40499695e+02 9.67301712e+01
 3.40195386e+03 7.31343567e+02 5.62648877e+03 5.58671753e+02
 2.82576385e+02 4.51752594e+02 3.03752472e+02 3.15799668e+04
 5.32469421e+02 1.17041858e+03 2.84042114e+02 1.50993848e+03
 6.55561401e+02 7.51814636e+02 3.50977100e+03 9.77813660e+02
 1.53512463e+03 4.42853790e+02 7.54892456e+02 1.98774780e+03
 9.41523438e+01 4.34815102e+01 7.42070679e+02 1.85749084e+02
 1.11479077e+03 3.40447876e+02 3.12844574e+02 9.54191528e+02
 3.60204712e+02 6.62230469e+02 3.63104932e+03 1.23324359e+05
 7.25177622e+00 5.25434265e+02 5.32881470e+02 4.38767773e+03
 1.57353333e+02 9.28951599e+02 1.51240320e+03 5.23172119e+02
 4.18549713e+02 5.47047607e+02 1.08141907e+03 6.62906885e+03
 5.70876465e+03 8.04452133e+01 3.10936938e+03 1.55513354e+03
 7.63582910e+03 2.56042310e+03 6.87709900e+02 1.90734848e+02
 5.13749512e+02 2.04002151e+02 5.48766541e+02 2.90730316e+02
 2.37607148e+04 7.80369934e+02 2.72552271e+03 2.47406708e+02
 9.71271912e+02 2.79296143e+02 3.99742920e+02 6.16546406e+04
 6.51165466e+02 6.89993042e+02 3.66711548e+02 2.51846771e+02
 3.92959351e+03 2.10528290e+02 8.80287964e+02 3.49387183e+03
 3.60305206e+02 2.44687646e+03 5.90125635e+03 3.24954858e+03
 3.33263672e+02 5.84244202e+02 1.40754547e+02 2.25193085e+02]
2910.9448
172694.78
