[7.49451465e+03 1.98198669e+03 2.58872729e+03 1.19464563e+03
 7.76296680e+03 5.58953857e+03 1.42141711e+03 6.76025537e+03
 1.97729199e+04 1.09245325e+03 2.86912549e+03 4.51065820e+03
 8.56457324e+03 7.34367493e+02 6.86046997e+02 3.31453003e+03
 4.88913721e+03 1.22021155e+03 1.58461279e+04 1.48864150e+04
 3.43972046e+03 1.40964307e+03 2.53688375e+05 6.65359619e+03
 1.48382666e+03 2.52872090e+04 2.65489031e+05 1.04463318e+03
 1.32768042e+03 1.83371326e+03 2.00949199e+04 5.97668115e+03
 3.84625122e+03 9.05994019e+02 5.90330615e+03 9.56299072e+02
 2.22918115e+03 2.79869446e+02 3.34022485e+03 4.50774780e+02
 2.95047637e+04 7.30718750e+03 1.14658955e+04 1.45694307e+04
 4.79945752e+03 3.55654565e+03 3.97392676e+03 6.46129272e+02
 3.31261139e+02 9.45700293e+03 1.43927527e+03 1.56291125e+03
 6.94317383e+02 6.68854688e+04 7.04916992e+02 9.69143494e+02
 1.63544189e+03 2.12962129e+04 4.26674658e+03 1.20636633e+03
 1.34675039e+04 1.61664697e+03 1.81505322e+03 5.82588440e+02
 1.26015369e+03 2.04396570e+03 2.00448779e+03 2.88909351e+03
 1.65641589e+03 2.42442051e+04 9.67526611e+02 1.62415881e+03
 1.16445239e+03 1.62292480e+03 4.11834229e+03 2.24381738e+03
 1.41786755e+03 1.03060400e+03 4.96876709e+02 6.88584844e+04
 9.14481583e+01 3.87980493e+03 4.22621338e+02 1.63978125e+03
 1.73360999e+03 2.84307556e+02 1.93827368e+03 1.36863586e+03
 7.69449756e+03 6.33277246e+03 4.58917822e+03 1.07370918e+04
 7.73544006e+02 5.15397510e+03 1.07910850e+04 1.27112488e+03
 1.74879407e+03 1.75768201e+03 6.33465771e+03 9.11043396e+02
 4.69128760e+03 4.44319385e+03 2.37114893e+03 1.28092859e+03
 4.69364044e+02 1.97127698e+03 2.50231738e+03 2.44976147e+03
 1.53446484e+03 1.24783899e+03 3.79225635e+03 7.08196826e+03
 2.39544019e+03 1.47752502e+03 2.68357666e+03 1.49341235e+03
 1.82595422e+03 5.82412207e+03 4.63205029e+03 1.24584033e+03
 3.28283496e+03 4.74850635e+03 1.80394287e+03 2.38467832e+04
 3.58418774e+03 8.59973206e+02 4.44850769e+02 1.65032654e+03
 1.80019128e+03 1.09632886e+03 1.14350012e+03 1.64900525e+03
 1.24286963e+03 5.73120117e+02 3.21703369e+03 7.61187683e+02
 6.55248584e+03 1.43545667e+03 1.51089783e+03 2.23591187e+03
 5.14060449e+03 5.45525635e+03 7.92892822e+03 4.79260840e+03
 7.59674268e+03 3.60933990e+02 5.44826416e+02 4.58958447e+03
 8.72827454e+02 1.49698398e+04 4.90047211e+02 2.20091943e+03
 2.16989795e+03 5.21259277e+02 1.17849622e+03 7.12897095e+02
 1.54272046e+03 1.73490833e+03 1.42476355e+03 5.02574707e+03
 1.40996260e+04 1.07285925e+03 7.21815308e+02 1.17526160e+03
 3.96644336e+03 9.25525757e+02 7.93235016e+01 1.01495331e+03
 5.50400269e+02 1.54005872e+03 3.74294128e+02 2.32954907e+03
 2.46270166e+03 3.86138770e+03 5.43467090e+03 1.81451709e+03
 2.18749292e+03 1.57999893e+02 9.73519958e+02 5.77954639e+03
 1.34598428e+04 5.04468048e+02 7.38439766e+04 1.64330884e+03
 4.10289154e+02 1.39252954e+03 6.40031677e+02 1.57587158e+03
 1.05301514e+03 3.05595899e+00 7.34931213e+02 9.61483459e+02
 3.75171753e+02 2.89317090e+03 1.43389868e+03 9.51258972e+02
 2.14803145e+04 1.40900684e+03 8.65485657e+02 3.81770874e+03
 5.38942529e+03 7.86123389e+03 3.01236304e+03 2.29769482e+03
 8.18266875e+04 9.77414609e+04 9.44196411e+02 2.55497900e+03
 1.32813708e+03 1.12792664e+03 1.43548572e+03 5.52510132e+02
 4.41448291e+03 4.13405078e+03 9.99654541e+02 5.69118896e+02
 1.94867358e+03 1.72635144e+03 7.94458936e+03 1.36615210e+03
 5.50853638e+02 2.59057690e+03 6.86801941e+02 2.19972676e+04
 2.52274365e+03 1.59822046e+03 2.13036646e+03 4.15066528e+02
 2.05769116e+03 1.80649634e+03 1.97910107e+03 1.18831201e+03
 3.29342285e+03 2.15043848e+03 1.43786267e+03 6.24390234e+03
 1.39231470e+03 5.65379944e+02 2.13949072e+03 7.37174500e+02
 8.88800781e+03 1.44721509e+03 3.73415527e+02 2.09428857e+03
 2.32863940e+03 8.27277344e+03 1.37910669e+03 5.45517627e+03
 3.17919019e+03 2.97849688e+04 3.63293549e+02 1.15580918e+04
 2.78333179e+03 1.20707434e+03 1.04709802e+03 2.62070892e+02
 5.34047058e+02 1.21118384e+03 9.70982849e+02 1.52449133e+03
 7.32470312e+04 8.82452344e+03 4.87660205e+03 2.29696021e+03
 9.23496399e+02 1.50356006e+03 2.05000024e+03 2.36071777e+03
 7.19897949e+03 3.16100635e+03 1.58128271e+03 1.94630391e+04
 5.68659790e+02 1.98774927e+03 2.11838403e+03 3.15902661e+03
 1.56086514e+04 9.38553516e+03 6.66784131e+03 3.67244219e+04
 1.47909192e+03 2.72710181e+03 1.53376001e+03 8.63102055e+00
 9.85078796e+02 1.10459302e+03 2.99428149e+03 5.99391455e+03
 1.25085388e+03 3.30796997e+03 5.59294961e+04 1.54401789e+01
 6.76750342e+03 1.65093616e+03 8.99352295e+02 1.73647485e+03
 6.49297852e+02 7.03078613e+03 6.81407910e+03 5.99612427e+02
 2.12488794e+03 1.00657318e+03 4.33018945e+03 1.51954297e+03
 9.74701904e+02 5.80686484e+04 6.53224487e+01 3.46952578e+04
 1.65386230e+03 2.26797412e+03 3.44743500e+02 7.84572412e+03
 1.51583467e+04 3.46631042e+02 9.05624939e+02 3.73161401e+03
 1.15612097e+03 8.52032812e+03 1.19535376e+03 3.40368555e+03
 9.45790466e+02 4.61845898e+03 2.98784863e+03 4.41523730e+03
 2.85150859e+04 1.75489600e+03 5.00797578e+04 7.58009949e+02
 2.65305176e+02 1.27722742e+03 1.11449915e+03 1.02205841e+03
 1.43707031e+03 3.88439758e+02 9.74122437e+02 6.78280371e+03
 2.47940015e+03 1.64415588e+03 3.15077393e+03 5.83382751e+02
 9.52143188e+02 4.07616016e+03 1.35557617e+03 2.48426147e+03
 9.63490845e+02 8.08381836e+02 3.03830780e+02 3.55962451e+03
 1.83087148e+04 1.20014465e+03 2.86657227e+03 4.46268047e+04
 1.25273506e+02 1.27281372e+03 1.19798938e+03 5.01009125e+02
 5.25731006e+03 3.12102661e+03 1.45958655e+03 5.24270703e+03
 2.84905518e+03 8.47356836e+03 1.09134561e+04 1.53375403e+03
 2.94572485e+03 7.63966172e+04 1.16334094e+03 1.74434662e+02
 2.89319863e+04 1.13785996e+04 5.61945557e+03 4.41992285e+03
 2.29619102e+04 1.43191931e+03 2.05081055e+03 2.41940039e+04
 6.88369062e+04 6.01126343e+02 4.82008728e+02 2.37197363e+03
 7.10121484e+03 8.13928125e+03 1.90783184e+04 1.76415356e+03
 3.06953589e+03 3.99741797e+03 1.98640845e+03 3.29941223e+02
 1.72230151e+03 5.39736768e+03 1.73681504e+04 1.26241077e+03
 2.67711035e+03 1.32082251e+03 2.23902954e+03 5.65733105e+03
 5.37298218e+02 4.32231758e+04 6.21840430e+03 1.65617930e+04
 7.31271790e+02 6.13340515e+02 2.43339697e+03 4.32717987e+02
 2.17778271e+03 2.38936462e+02 1.76144641e+03 1.32396912e+03
 2.22738625e+05 4.00368726e+03 2.52067212e+03 1.73679902e+04
 8.25558203e+03 2.08034692e+03 8.71907910e+03 9.06867090e+03
 1.71920251e+03 6.56132129e+03 5.67342285e+02 1.44917755e+02
 8.77033203e+03 1.61467224e+03 7.50397186e+01 9.80660254e+03
 1.30427844e+03 1.69374744e+03 1.95212158e+03 4.01468079e+02
 8.14051172e+03 7.00770898e+03 1.65190051e+03 1.02497864e+03
 1.29521057e+03 1.16282920e+04 1.28241687e+03 3.61925995e+02
 1.79077454e+03 1.47446533e+03 2.06428955e+03 1.58634265e+03
 4.70811096e+02 5.08635712e+02 2.68391693e+02 2.43009735e+02
 1.88665088e+03 4.73282104e+02 7.13558105e+02 1.85414148e+03
 2.76087866e+03 2.50203613e+03 8.14921387e+02 1.91536609e+05
 1.03878650e+03 4.09940674e+03 6.64576465e+03 7.77779297e+02
 1.16432751e+03 4.14564014e+03 2.86375854e+03 9.09744263e+02
 1.08512207e+03 7.01666748e+02 4.53180328e+02 6.34201233e+02
 4.30943451e+02 7.97612610e+02 1.20395874e+03 5.20109924e+02
 1.68738928e+03 2.78510566e+04 1.79958899e+03 8.36373047e+02
 1.43579907e+03 2.73213428e+03 1.72960779e+03 6.36977148e+03
 3.83284485e+02 4.05782471e+03 4.30744904e+02 1.10368030e+03
 3.15407837e+03 5.29552588e+03 1.30588916e+03 1.64993030e+03
 4.27553436e+02 9.08757874e+02 1.06285498e+03 4.59605781e+04
 8.19321167e+02 1.91662268e+03 1.36123743e+03 1.49309338e+03
 6.25620361e+02 2.41444800e+03 2.72142944e+03 6.99003479e+02
 1.62950378e+03 1.64308574e+04 2.97373584e+03 3.27930493e+03
 1.44602490e+03 2.95612524e+03 2.32897021e+03 1.84078522e+02
 3.07817566e+02 3.37477075e+03 3.26755554e+02 3.30055396e+03
 1.34611560e+03 1.03828418e+03 8.23603638e+02 2.41843774e+03
 2.38626123e+03 4.39180450e+02 4.02010986e+03 1.28125137e+04
 1.06806787e+04 1.68310205e+03 4.36575537e+03 1.05703015e+03
 1.95181702e+03 1.28469805e+04 1.10515906e+03 2.20849625e+02
 1.87109355e+04 9.26199951e+02 1.26022751e+02 3.76185547e+03
 1.02671204e+03 8.63646729e+02 1.19369714e+03 7.18814209e+02
 6.96117737e+02 1.56672937e+03 6.55804688e+02 1.70845166e+03
 1.82312695e+03 8.26765332e+03 1.36353772e+03 3.50831323e+03
 2.31825220e+03 2.71728359e+04 1.25974768e+03 2.57545074e+02
 8.54889526e+02 9.05497681e+02 2.28932812e+03 1.01731653e+03
 1.47036807e+04 8.31136230e+02 1.00343469e+03 4.31206970e+02
 1.08842651e+03 2.11727500e+04 8.49516479e+02 4.61893799e+03
 4.95011621e+03 6.32099915e+02 5.46377808e+02 2.84884888e+03
 1.18412549e+04 2.08227808e+03 8.13126221e+01 4.57388916e+03
 4.51843842e+02 3.32013696e+03 5.74248901e+02 7.91396729e+03
 7.41644592e+02 1.08595129e+03 1.33216394e+03 1.39044629e+03
 2.24184741e+03 3.70365210e+03 1.39303870e+03 1.08743174e+04
 4.98730164e+02 2.25263818e+03 5.32934204e+02 3.75504578e+02
 1.93909551e+04 1.69918860e+03 1.59847666e+04 7.60832422e+03
 1.39674988e+03 2.76934961e+04 8.93489258e+02 4.33294434e+03
 2.99877368e+03 5.99291016e+03 4.38819971e+03 4.19168945e+03
 2.54179126e+03 4.21744812e+02 8.92219043e+03 2.44288834e+02
 8.53658569e+02 1.37477393e+03 9.14784082e+03 1.84241626e+03
 3.33173633e+04 8.41411426e+03 3.59480530e+02 5.26297729e+02
 6.88876123e+03 8.97279297e+02 1.04416870e+03 7.86710632e+02
 4.43230908e+03 2.61886322e+02 8.35138794e+02 3.57951196e+03
 3.34731934e+03 8.22406250e+02 1.08175037e+03 1.60486401e+03
 8.17354443e+03 2.81413605e+02 1.02742480e+04 8.46430273e+03
 1.95404456e+03 1.83796289e+03 1.98299341e+03 3.25784454e+02
 4.13979102e+03 9.88216602e+03 1.45136459e+02 7.38778564e+02
 4.24146094e+03 4.88400732e+03 9.04621484e+03 1.78991650e+03
 2.88713086e+03 3.00797485e+03 2.54739990e+03 6.52104492e+02
 3.15498413e+03 1.51088037e+03 2.70586890e+03 6.88972217e+03
 2.79186646e+03 8.25816406e+03 1.02918677e+03 1.49545410e+03
 1.92181891e+05 9.35055115e+02 1.03088232e+03 1.75460840e+03
 1.02685461e+03 5.33002869e+02 5.66808777e+02 1.57136182e+03
 2.51744409e+03 9.72630859e+02 3.26964844e+03 3.11814844e+03
 2.16781763e+03 1.04852139e+04 3.26735992e+02 1.74243933e+03
 1.66016663e+03 1.87539785e+04 6.81584229e+03 7.22419006e+02
 8.58840210e+02 2.00321729e+03 1.85450696e+03 2.24236865e+03
 1.33545703e+03 7.04787158e+03 1.63131074e+04 2.48598828e+03
 5.69261169e+02 7.62765808e+01 1.02490244e+04 1.59976289e+04
 8.13351440e+02 1.80666565e+03 1.57226489e+03 4.80395850e+03
 1.78416296e+03 1.85892773e+03 2.78569165e+03 6.22411499e+02
 2.68767163e+03 2.18450610e+03 5.13313538e+02 1.39284004e+04
 2.66823120e+03 3.58609180e+03 2.06056006e+03 7.31909033e+03
 3.82522925e+03 2.06421631e+03 6.54353638e+02 2.13471851e+03
 9.12884961e+03 1.29653491e+03 1.20153967e+03 1.59269214e+03
 5.36451233e+02 7.65607239e+02 6.08767517e+02 6.47795471e+02
 3.92219653e+03 1.39428821e+03 1.29571338e+03 2.70632324e+03
 2.24245483e+03 4.62914734e+02 4.21492578e+03 3.43235815e+03
 9.86023730e+03 5.52872852e+03 2.10166431e+03 3.70237812e+04
 3.59225610e+03 4.42057587e+02 1.77932446e+03 8.53085571e+02
 9.09657471e+02 1.44348914e+03 1.60225903e+03 3.23309121e+04
 3.99065857e+02 2.05973560e+03 8.33359009e+02 8.26554785e+03
 7.72564648e+03 2.08566064e+03 8.54532422e+03 1.14187912e+02
 4.24355225e+03 1.88386914e+04 7.41018018e+03 2.82780640e+03
 1.38054712e+03 1.11195337e+03 7.01272266e+03 1.53204987e+02
 2.55652324e+04 1.61181421e+03 4.05154175e+03 5.14850342e+02
 2.72897168e+03 1.94003357e+03 1.51853250e+05 2.89288721e+03
 2.01778931e+03 1.79632092e+03 2.69186406e+04 8.79188477e+02
 3.16293823e+03 4.50197021e+03 7.04381714e+02 7.62185120e+02
 5.94159912e+02 1.71606042e+03 8.13427832e+03 2.88547516e+02
 5.04321924e+03 1.22064917e+03 2.63445068e+03 5.16605225e+02
 6.39427124e+02 3.81712738e+02 1.90533240e+03 2.03541785e+03
 7.25066833e+02 1.34856824e+03 5.82869531e+03 4.04682861e+02
 5.84316328e+04 2.34749341e+03 4.18339990e+03 1.07160413e+03
 1.80938574e+03 7.97758240e+02 1.83389966e+03 6.79312073e+02
 9.25583862e+02 1.29078781e+02 6.83020557e+03 6.07876526e+02
 1.85046545e+03 5.03273584e+03 2.03484619e+03 6.16599609e+02
 1.31991809e+03 4.13710078e+04 2.25489795e+03 4.41708594e+03
 1.37064282e+03 1.64666650e+03 1.81260388e+03 2.02310620e+03
 6.17898682e+03 1.84819836e+03 5.89765381e+03 6.81321338e+03
 6.56986475e+03 1.22064246e+03 3.86870898e+03 3.80685059e+03
 1.17764514e+03 2.31439551e+03 2.57450781e+03 9.38501038e+02
 1.31124280e+03 3.51413208e+02 1.57121265e+03 3.20697949e+04
 1.18356621e+04 1.20392554e+03 2.51720630e+03 9.66106750e+02
 1.65168152e+03 5.47528931e+02 1.19658223e+04 2.37810215e+04
 6.87758008e+03 3.09032275e+03 1.43325098e+04 1.50789685e+03
 1.58138623e+04 4.67196484e+03 2.75978003e+03 5.02777734e+03
 2.50371729e+03 1.08216211e+03 1.15802539e+04 1.29057842e+04
 2.40598145e+03 1.32659216e+03 1.46658862e+03 3.77771454e+02
 5.57957520e+03 5.12840271e+02 3.56875146e+03 1.28584021e+03
 6.23020447e+02 3.49603320e+03 4.40643616e+02 3.25479473e+04
 2.17878247e+03 1.02978320e+03 6.46260071e+02 4.13027313e+02
 1.46946924e+03 4.21045441e+02 7.13910938e+03 2.83178955e+03
 2.24155151e+03 1.70325696e+03 5.32040967e+03 1.29766357e+04
 3.01848901e+03 1.52996602e+04 3.70067236e+03 2.14583496e+03
 3.26716328e+04 2.79389746e+03 3.51338711e+04 1.11402542e+02
 8.02947510e+02 4.14267871e+03 4.03127228e+02 2.08006274e+03
 1.05667358e+03 6.85604309e+02 5.61676025e+03 2.84021655e+03
 3.94956172e+04 1.62893909e+03 1.19590857e+03 2.60360254e+03
 8.95408447e+02 1.49257092e+03 2.28929565e+02 5.98788330e+03
 4.89612274e+02 1.66433923e+03 1.73945532e+03 3.57937549e+03
 2.57272695e+04 2.64444092e+03 1.91438672e+04 8.55289355e+03
 5.09313164e+04 6.04226013e+02 1.95113928e+03 1.51320752e+03
 2.18101025e+03 5.04435699e+02 1.29534631e+03 1.76723401e+03
 9.18764404e+02 5.21734375e+02 2.93992578e+03 3.39418915e+02
 8.36818652e+03 6.86735291e+02 1.77764294e+03 2.13756885e+03
 3.57874695e+02 5.04347626e+02 2.41851367e+03 1.33124004e+04
 6.75596313e+01 1.71613843e+03 1.56143835e+03 2.85745996e+03
 1.95379333e+03 7.82336426e+02 2.42133276e+03 1.98097363e+03
 3.63006079e+03 2.86900244e+03 5.44730835e+02 4.09601288e+02
 6.20205225e+03 2.02391919e+03 2.27710815e+03 9.15817505e+02
 7.24651184e+02 1.26594639e+04 8.17221802e+02 8.40932578e+04
 2.32786475e+03 1.69922449e+03 1.74094946e+03 1.94872021e+03
 7.64289368e+02 3.86452667e+02 7.01767334e+03 3.75608594e+03
 1.30217261e+03 7.32328369e+02 1.13860022e+03 2.45618311e+03
 3.10697510e+03 2.13367203e+02 7.44651062e+02 1.24417590e+03
 1.14072986e+03 4.82671729e+03 4.21532324e+03 2.48529938e+02
 1.18080917e+02 1.93800403e+03 3.38695044e+03 5.22953219e+05
 2.21767798e+03 2.35717651e+03 1.39940527e+03 3.51706719e+04
 6.08843201e+02 5.65776245e+02 1.68074648e+04 1.23270349e+03
 1.48957764e+03 2.28161401e+03 1.64703949e+02 3.68545938e+04
 1.03303594e+04 5.65827820e+02 2.28806137e+02 3.17665698e+03
 1.62542715e+04 9.90797266e+03 2.34119336e+03 1.42454224e+03
 1.74759753e+03 3.44341528e+03 1.11800574e+03 2.25193359e+03
 8.13700488e+03 1.31160181e+03 7.79319092e+03 4.90968872e+02
 1.08178723e+03 1.14398425e+03 5.35419800e+02 9.01473047e+04
 1.39156723e+02 3.21368237e+03 8.82044006e+02 1.64804272e+03
 1.07467100e+04 5.06809937e+02 5.27656746e+00 2.17031406e+04
 1.20189282e+03 1.59110537e+01 4.65343506e+03 1.10834561e+04
 4.09125641e+02 2.13363452e+03 9.67345886e+01 1.75785938e+03]
