[4.48023719e+05 9.07031484e+04 9.76853516e+04 1.32383261e+01
 1.74004656e+05 1.93772984e+05 5.53190703e+04 1.24062977e+05
 8.32636948e+01 9.91801357e+00 8.28918984e+04 1.47428818e+04
 8.85105750e+05 4.99310889e+03 5.99835273e+04 1.33267828e+05
 1.91513281e+05 1.02560469e+05 5.45216000e+05 6.41867625e+05
 9.89940156e+04 3.46914805e+04 3.27000150e+06 1.33064500e+05
 4.70901719e+04 1.75032438e+05 5.81865450e+06 9.62019766e+04
 2.88295190e+03 1.18004234e+05 2.09302469e+05 9.64920391e+04
 2.55398828e+05 4.72214160e+03 7.15829312e+05 1.08557867e+05
 1.38985719e+05 8.83078672e+04 5.65897314e+03 3.87169141e+04
 4.08057812e+05 4.36649312e+05 1.90078574e+04 3.66469906e+05
 2.98984062e+05 1.52608099e+01 2.61518086e+04 6.27461328e+04
 8.98639107e+00 1.22763550e+06 5.71309883e+04 3.64334805e+04
 6.63183365e+01 1.45042100e+06 2.10491367e+04 1.43560938e+04
 1.05909539e+05 2.02065750e+05 1.39467422e+05 4.04456875e+04
 3.54816919e+03 2.85106594e+05 5.57873389e+03 4.70643945e+04
 6.42715120e+00 1.59306969e+05 2.02525059e+04 6.16330430e+04
 4.49451484e+04 3.10010594e+05 7.67112734e+04 2.01561359e+05
 9.14614964e+00 1.55147812e+05 1.96130692e+02 1.88708391e+05
 3.88524805e+04 3.26281594e+05 3.55909562e+00 4.24042100e+06
 9.11381250e+04 1.17012510e+04 4.04749453e+04 1.00633812e+05
 6.88553467e+02 9.29179395e+03 2.50073125e+04 5.17235898e+04
 2.09639121e+04 3.00637969e+05 4.22300719e+05 1.05869773e+05
 4.81440938e+04 7.37576094e+04 5.51728700e+06 1.07264617e+05
 9.91787338e+00 1.43095703e+05 4.42522469e+05 6.15636719e+03
 2.68483875e+05 1.05684914e+05 1.04082016e+05 1.94281133e+04
 1.53015423e+01 1.20382312e+05 4.90766541e+02 1.18888883e+05
 1.88747158e+01 4.31042578e+04 8.01999219e+04 5.16919031e+05
 4.43282422e+04 1.39717844e+05 1.55636641e+05 3.61704531e+04
 1.39381311e+03 9.31094219e+04 1.29085342e+04 2.23134648e+04
 3.51968906e+04 6.35435078e+04 6.05036312e+05 6.62829438e+05
 4.74170391e+04 2.13040508e+04 4.28911211e+04 1.10648250e+05
 4.16127110e+00 2.35286035e+04 5.00160693e+03 1.80847598e+04
 2.58019043e+04 2.78208652e+04 5.17612383e+04 1.33258569e+03
 3.97265062e+05 2.24114824e+04 1.04017383e+05 1.46307156e+05
 1.28945800e+06 1.24087305e+05 4.80070000e+05 2.80783312e+05
 3.87595117e+04 4.00340820e+04 3.19714219e+04 7.29865112e+01
 2.16670031e+05 2.12526782e+03 5.67334258e+04 5.99951289e+04
 1.45282469e+05 9.00254297e+04 5.61140674e+03 5.36637115e+00
 5.91610586e+04 1.67893012e+06 1.44835977e+04 1.56046425e+06
 4.68515438e+05 1.59404697e+01 1.86599434e+04 2.46618105e+04
 9.63452188e+04 1.13204164e+05 1.16599594e+05 1.56389938e+05
 3.83688984e+04 3.67175844e+05 1.43083486e+04 1.48130469e+05
 1.30106031e+05 3.23085703e+04 4.21948945e+04 7.93258594e+04
 1.01009429e-01 2.70516738e+04 1.74855499e+01 2.01883050e+06
 1.53079891e+05 2.06298906e+05 4.20835876e+02 2.87967250e+05
 1.54761844e+05 8.77606328e+04 8.11891357e+03 1.11687145e+01
 6.54458672e+04 6.98176641e+04 1.97855438e+05 6.28338008e+04
 4.15610430e+04 5.44306592e+03 7.49302062e+05 3.54947217e+03
 8.42865625e+05 1.00729750e+05 1.32747100e+04 2.32997953e+05
 6.08947086e+00 2.45628643e+01 1.80837453e+05 5.85669375e+04
 2.26329875e+06 1.43053888e+06 7.16670656e+00 6.13676406e+04
 8.52485078e+04 1.07756891e+01 1.04604984e+05 1.14343695e+05
 1.15799195e+05 9.82408828e+04 3.21827500e+05 2.21017241e+00
 1.17032728e+01 5.19730977e+04 2.30427609e+05 3.64879990e+00
 7.25311250e+04 3.78552305e+04 8.39959453e+04 7.84094375e+05
 5.74521631e+03 1.46669172e+05 2.87055344e+05 3.90226733e+03
 7.30970156e+04 3.75943781e+05 3.29494067e+03 5.08459628e-01
 5.42011992e+04 2.62419238e+04 8.04276276e+00 1.97550531e+05
 1.30806773e+05 6.51175977e+03 2.02860762e+04 9.86901465e+03
 2.09166641e+05 4.86044492e+04 6.72615562e+05 1.20881859e+05
 8.33388984e+04 2.37851688e+05 3.71613711e+04 6.36556494e+03
 8.81505859e+04 8.62145875e+05 1.00904268e+04 5.88736562e+05
 1.84127285e+04 7.38272858e+00 3.21614062e+04 1.34126875e+05
 8.16777441e+03 3.17046582e+03 8.15278125e+04 9.80635391e+04
 2.48831609e+05 2.65183672e+04 4.13258531e+05 7.18715763e+00
 4.04119258e+04 8.46773750e+04 2.19147754e+04 2.41455344e+05
 2.01491816e+04 1.62646938e+05 3.32764531e+04 7.26500473e+01
 3.19175315e+00 1.00158141e+05 6.64960938e+05 4.64136484e+04
 6.42663250e+05 1.20158725e+06 2.42325616e+00 2.32355700e+06
 2.30018242e+04 2.27395916e+01 6.54670781e+04 5.05333281e+04
 3.89770039e+04 2.26028500e+05 1.78357516e+05 3.45347710e+01
 7.77869129e+00 8.95520508e+03 4.92883606e+02 6.01509688e+04
 2.91341000e+05 2.63043184e+04 9.89198145e+03 2.35567578e+04
 3.24473887e+04 4.83938156e+05 5.23820264e+03 3.79554785e+03
 1.20693352e+05 2.66535488e+04 2.31641750e+05 3.85656469e+05
 3.75346969e+05 8.25644100e+06 1.03305941e+01 2.47493969e+05
 7.29455938e+04 8.74844766e+04 1.85531934e+04 2.82983093e+02
 1.12294225e+06 9.93747578e+04 4.83641328e+04 1.10482798e+01
 2.94217969e+03 5.57733188e+05 1.63146125e+05 2.07035594e+05
 9.32756094e+04 1.36807197e+04 3.80866211e+04 3.30760688e+05
 2.01105938e+05 8.89204766e+04 1.00426656e+06 1.54894507e+03
 4.73939312e+05 5.11018062e+05 1.37305312e+04 3.13781250e+04
 4.68286445e+04 9.71236797e+04 1.54473734e+05 4.11628344e+05
 5.88695234e+04 9.96220703e+03 2.62460188e+05 3.11758887e+04
 2.96445117e+04 6.13936172e+04 1.62761143e+04 3.92122406e+05
 4.98697937e+02 2.28899634e+03 3.41794609e+04 2.80086688e+05
 4.08044375e+05 1.62253164e+04 1.56567312e+05 1.23437309e+02
 1.31197827e+03 3.12411062e+05 1.41073062e+05 1.10840703e+05
 3.41488711e+04 5.92596797e+04 1.43675719e+05 8.38352109e+04
 1.23393477e+05 7.76923523e+01 1.36614469e+05 8.53914062e+04
 3.45466656e+05 1.20179650e+06 1.23131065e+01 7.40730078e+03
 5.18080375e+05 1.11497354e+04 6.67397803e+03 8.18917266e+04
 5.39165900e+06 2.02282092e+03 1.96100273e+04 7.14331250e+05
 2.02956781e+05 2.21146500e+05 4.82401445e+04 2.33241387e+04
 4.47594070e+00 1.66884250e+05 9.52080562e+05 1.79498297e+05
 1.56566729e+04 1.12159312e+05 2.45163809e+04 2.32274805e+04
 3.42852938e+05 1.81791391e+05 3.54265812e+05 4.23500820e+04
 6.49888396e-01 5.41862734e+04 7.66065311e+00 4.03338188e+05
 1.04438641e+05 3.80499344e+05 1.00386312e+05 7.66372625e+05
 4.61616039e+00 1.04951977e+05 5.74847812e+04 4.47724414e+04
 3.59286625e+05 2.43924469e+05 6.20204414e+04 1.35707500e+05
 7.65058900e+06 1.94386597e+01 2.95723398e+04 8.55732422e+04
 2.09430046e+01 5.26186768e+02 3.38396906e+05 1.73557109e+05
 2.04038691e+04 7.18617656e+04 9.20616484e+04 2.60292062e+05
 6.16694385e+03 8.64123984e+04 1.42721934e+04 6.74196938e+05
 1.40622891e+05 1.07276468e+01 4.75887812e+04 2.08193115e+02
 5.09600594e+05 3.14831030e+03 7.97553594e+04 1.92534547e+05
 1.06064945e+05 5.94855547e+04 2.02797871e+04 7.61199219e+04
 5.93701875e+04 1.15453602e+05 1.08755914e+05 1.90164070e+01
 3.04391844e+05 1.24818164e+05 2.27022984e+05 4.11907469e+05
 6.80248281e+04 1.62929297e+04 6.16088398e+04 3.50968406e+05
 1.25919234e+05 1.93930125e+05 1.89685332e+04 5.19443375e+05
 5.08439023e+04 1.13444082e+04 2.56667976e+01 1.50092988e+04
 9.84387598e+03 1.58465094e+05 9.30201062e+05 1.65300584e+00
 1.54781797e+05 3.82664062e+04 5.94483945e+04 8.87123828e+03
 1.58966078e+05 9.92874908e+00 1.76859281e+05 3.69637609e+00
 2.99742969e+03 1.65625962e+06 9.44885000e+04 1.18898389e+03
 1.31981344e+05 1.93084031e+05 4.29052812e+04 2.60176888e+01
 3.99693438e+04 7.45975000e+04 7.19235547e+04 7.30775781e+04
 1.73231703e+05 1.03565141e+05 9.58557812e+04 2.92614422e+01
 3.70935977e+04 1.50320141e+05 1.90124707e+04 6.65776800e+06
 9.75874233e+00 1.27987022e+01 1.36282750e+05 8.37997344e+04
 6.10345030e+00 4.63988125e+04 1.44088335e+01 1.65368569e+00
 1.96286875e+04 1.20206825e+02 1.17411297e+05 1.16690523e+05
 2.76966230e+04 2.21764938e+05 2.50689938e+05 6.93886995e-01
 2.24097266e+04 1.31286766e+05 5.62445117e+03 7.22963285e+00
 2.72240723e+04 4.04092979e+01 5.16094180e+04 7.51840391e+04
 7.04824219e+04 1.28539188e+05 1.18760410e+04 1.24125063e+00
 5.77851062e+05 7.39509766e+04 4.09046312e+05 9.97888516e+04
 2.26535215e+04 1.74421425e+06 4.30541914e+04 4.43196250e+04
 3.39252125e+05 2.19386426e+03 7.60450312e+04 5.30738306e+00
 1.43483184e+04 6.09567344e+04 4.15860156e+04 2.31340112e+03
 4.31812930e+04 1.78833703e+05 6.08016406e+03 3.44842627e+03
 8.13362188e+04 2.24805047e+05 1.02596516e+05 3.34162812e+04
 4.97956094e+04 4.61511200e+06 9.06944727e+03 2.06930117e+04
 3.21469766e+04 2.58141918e+01 1.61585045e+01 6.36498828e+03
 5.24946523e+04 6.62343047e+04 1.61047188e+05 5.80330469e+03
 1.02174139e+00 1.60073462e+06 1.10251250e+04 5.10628438e+05
 2.88235625e+05 7.22615938e+04 3.53621758e+04 3.30609766e+04
 1.27630310e+01 6.31415039e+04 2.55076480e+00 1.19345789e+05
 4.31147578e+04 8.55261328e+04 7.67964649e+00 5.59829500e+05
 1.98284281e+05 8.41163477e+03 1.29703375e+05 9.91241406e+03
 1.42436300e+06 2.50695156e+05 2.67916031e+05 6.78016953e+04
 9.30987109e+04 7.81854375e+04 2.25657781e+05 2.19703223e+04
 2.03883730e+04 3.05299160e+04 9.59760562e+05 5.06156500e+05
 2.38228156e+05 1.95628588e+06 3.80180625e+04 1.67867031e+05
 1.28824945e+05 1.03946571e+01 3.97500312e+05 1.85383906e+04
 2.47764609e+05 1.54714750e+05 8.67270156e+04 3.11979125e+05
 7.47161670e+03 2.43227773e+04 2.39848003e+01 5.28261914e+04
 6.20734188e+05 1.35612562e+05 7.94067041e+03 7.24928564e+03
 8.35776875e+04 7.47078419e+00 1.06642437e+01 8.28215625e+04
 6.42044648e+04 2.12027938e+05 1.29546661e+02 1.21947695e+05
 2.89259834e+01 2.72626562e+05 1.48276703e+05 6.69607891e+04
 4.64603438e+04 7.52076688e+05 2.48536297e+05 2.98750191e+01
 4.74789883e+04 8.61330703e+04 1.96023281e+04 3.46405391e+04
 1.61119512e+04 7.04273875e+05 2.75436500e+05 6.30291650e+03
 1.87260094e+05 1.54008675e+01 2.15242594e+05 3.86830039e+04
 1.63043203e+05 4.30795586e+04 9.47824375e+04 1.07411389e+03
 1.35203953e+05 2.01979102e+04 2.14537697e+01 5.59623188e+05
 1.66392250e+05 1.56272156e+05 8.05158203e+04 8.03848047e+04
 4.09005000e+06 5.43999961e+04 2.05321109e+05 5.12915062e+05
 5.16400117e+04 3.10048804e+03 3.38897500e+04 3.56860898e+04
 1.89878094e+05 2.85607056e+03 4.75255156e+04 5.29448164e+04
 7.86200938e+04 1.27120523e+05 1.66977609e+05 1.04072670e+02
 1.19543711e+05 4.20082436e+01 3.29807156e+05 1.33529367e+01
 5.63422383e+04 1.22149961e+05 3.92161133e+04 8.74414844e+04
 1.18565250e+05 3.74626350e+01 2.80378235e+02 7.86469219e+04
 2.10973906e+04 3.60748094e+05 1.99885750e+05 1.92157297e+05
 8.81828516e+04 1.08387906e+05 9.55023125e+04 1.02959375e+05
 6.69898984e+04 4.11253320e+03 4.49571719e+04 8.95864453e+04
 4.75096500e+05 5.93008242e+04 1.75429160e+04 4.86746531e+05
 9.85686875e+04 2.48362516e+05 8.92479062e+04 4.20599188e+05
 1.32970672e+05 1.30477362e+01 4.08675508e+04 5.50749207e+00
 6.60384717e+03 3.31181211e+04 1.40113750e+05 1.65200156e+04
 7.31163438e+04 9.47502109e+04 4.63283359e+04 2.90872900e+03
 1.15289600e+04 1.27974102e+05 6.78153672e+04 6.83874805e+03
 2.94974414e+03 5.71917539e+04 1.13507094e+05 1.44826125e+05
 1.82184141e+05 6.72088625e+05 4.28756781e+05 6.61776074e+03
 1.60999688e+05 1.51964653e+00 8.83565156e+04 5.91868750e+04
 1.96209609e+05 1.56583900e+01 1.20924820e+05 1.03574062e+05
 3.75499102e+04 7.17243672e+04 2.95875781e+05 7.12905156e+04
 1.19501675e+06 2.29931177e+03 5.00460812e+05 1.10682008e+05
 3.66982375e+05 1.36557350e+06 1.97232469e+05 1.19943750e+05
 2.58036289e+04 1.65905938e+04 1.54475281e+05 7.41972500e+05
 1.89738719e+05 2.12563789e+04 2.00832594e+05 6.57872031e+04
 8.43482031e+04 1.69932613e+01 2.16171295e+02 2.90953219e+05
 5.82203242e+04 3.12697324e+04 1.06391962e+06 3.51212769e+03
 1.17209008e+05 4.39641289e+04 6.96400938e+04 8.89858691e+03
 1.06835518e+04 1.51654644e+01 3.78342219e+05 3.42476172e+04
 1.20943359e+05 6.88108740e+03 1.72734062e+04 5.77451125e+05
 9.46941875e+04 3.63014336e+04 4.39519596e+00 5.87863438e+04
 5.39478594e+04 2.84970531e+05 3.61185760e+01 2.55234391e+05
 1.45959438e+06 2.30521172e+05 1.64733672e+05 3.85276641e+04
 2.10338203e+04 1.68577594e+05 1.64521906e+05 7.86785547e+04
 6.75811719e+04 8.37426094e+04 2.22107453e+05 6.41393945e+04
 8.78451875e+04 1.12494262e+06 4.83273938e+05 1.06632347e+02
 8.93699219e+04 1.53816925e+06 1.35047974e+03 2.91668219e+05
 2.25155449e+00 1.55657891e+05 1.64802132e+01 2.25736016e+04
 2.73062077e+01 5.51138203e+04 2.85534039e+01 5.58648867e+04
 2.72485219e+05 1.16723984e+05 1.58203359e+05 5.72200898e+04
 2.62102484e+05 2.77078247e+03 1.65560484e+05 6.17417930e+04
 2.44624859e+05 1.91245297e+05 1.15596484e+05 8.51243100e+06
 3.04773625e+05 9.09589219e+04 2.18448766e+05 6.99873125e+04
 1.03606777e+04 9.90510469e+04 1.39932212e+06 8.03472266e+04
 6.63128320e+03 1.06677334e+04 9.27774562e+05 2.24051738e+04
 5.87561602e+04 2.23532141e+05 1.81122246e+04 2.31777312e+05
 2.88454609e+04 1.32955781e+05 4.73469500e+05 3.31477438e+05
 3.08629750e+05 2.83356738e+03 7.53774118e+00 6.63330518e+03
 2.58925250e+05 5.42584766e+04 2.03834781e+05 1.85726099e+03
 4.82084322e+00 5.54548867e+04 8.47294453e+04 2.02262305e+04
 8.86288881e-01 6.99027920e+00 1.67677391e+05 2.47113613e+04
 7.44992344e+04 3.42324844e+04 1.18398523e+05 6.07184180e+04
 2.11667953e+05 2.25087406e+05 3.41324812e+05 1.35748638e+06
 9.50693893e+00 2.56087922e+05 2.37016172e+05 3.97700664e+04
 1.99418075e+06 1.40302861e+04 1.54929779e+02 1.01683555e+05
 2.82868320e+04 1.85098719e+05 7.64066797e+03 7.09230566e+00
 4.53804219e+05 6.97108906e+04 2.60101203e+05 5.68242836e+00
 5.66727875e+05 6.38868672e+04 9.69562988e+03 9.66454531e+04
 9.88303594e+04 5.26749945e+00 4.92242891e+04 9.64634228e+00
 3.85361875e+04 5.84829187e+00 2.71081958e+03 1.64788297e+05
 1.43777262e+06 6.45503555e+04 8.78641938e+05 7.68222125e+05
 1.24165670e+07 1.43276281e+05 1.99552441e+03 8.03603281e+04
 2.23353641e+05 7.28271389e+00 2.39434414e+04 9.63857969e+04
 1.20219421e+02 3.87836313e+00 8.61351797e+04 4.98754125e+05
 5.18895531e+01 6.14783001e+00 3.91858398e+04 9.25863750e+04
 1.95353789e+04 1.60647168e+04 1.88694797e+05 1.29985362e+06
 4.58377500e+04 2.92886969e+05 2.08775137e+04 2.18466035e+04
 4.91544688e+04 1.10341094e+05 1.50897156e+05 9.99757290e+00
 5.78080664e+04 4.00994906e+05 1.85092578e+04 3.73611992e+04
 1.68418328e+05 1.99573105e+04 1.93853328e+05 8.94983359e+04
 4.37163711e+04 1.31610562e+05 1.34026733e+03 4.85628250e+06
 3.19086934e+04 7.00096989e+00 6.14330898e+04 2.15707812e+05
 1.01518525e+04 7.84219580e+03 3.16228638e+01 9.70073891e+00
 8.97987266e+04 4.28650331e+00 9.03658676e+00 1.36036234e+05
 3.24793969e+05 1.01720664e+05 4.32787773e+04 1.12457016e+05
 1.01272133e+05 2.80014656e+05 5.54597266e+04 1.49426391e+05
 2.09708500e+05 7.63809453e+04 1.33857646e+04 2.99270240e+07
 1.48384466e+01 1.27036609e+05 3.42066914e+04 2.74886125e+06
 1.81569336e+04 2.24224401e+00 2.71800688e+05 5.73932852e+04
 6.38228711e+03 7.46062708e+00 4.55064609e+04 9.95626312e+05
 3.16520920e+01 3.14608521e+03 2.82862053e+01 6.57242012e+00
 9.17852188e+05 2.51356188e+05 2.43320898e+04 1.67973844e+05
 1.40863632e+02 1.77621203e+05 8.65867188e+04 1.38462172e+05
 2.45347975e+06 1.46176453e+05 2.24600124e+01 3.66654491e+00
 1.19595430e+05 2.85195996e+03 6.32214609e+04 4.55747000e+06
 1.51762219e+05 4.26042375e+05 3.20867586e+00 1.01205359e+05
 1.10544912e+04 2.65384594e+05 1.05184695e+05 2.74214750e+05
 4.22603594e+04 1.61863018e+04 3.14553066e+04 2.40279391e+05
 1.40138896e+04 9.13340950e+00 7.50390625e+00 1.56167203e+05]
280513.1
29927024.0
