[3.23920064e+08 5.02713152e+08 1.95633296e+08 5.77133312e+08
 3.35658752e+09 3.02585140e+07 4.99583160e+07 2.30426445e+09
 1.29230800e+08 1.98067664e+08 2.84178534e+09 2.26462720e+09
 6.07231296e+08 6.03583550e+06 3.26835648e+08 5.42979648e+08
 5.92167744e+08 4.59011480e+07 2.99425229e+09 1.28557640e+10
 2.07714656e+08 5.29905824e+08 2.22112383e+11 3.43920230e+09
 1.40490800e+08 8.09983488e+08 5.08201114e+09 1.64747168e+08
 3.96573160e+07 4.88839960e+07 5.03053184e+08 3.74860840e+07
 3.23760096e+08 5.73403072e+08 3.61159040e+08 1.29914120e+08
 8.23536400e+07 5.69764160e+08 6.77155120e+07 1.76076736e+08
 7.17854669e+09 2.66430464e+09 1.82833664e+08 2.15345632e+08
 2.47388976e+08 1.76463923e+09 6.03718720e+08 5.00952768e+08
 7.29753600e+08 6.20238720e+08 5.18983240e+07 9.10328064e+08
 1.90337300e+07 4.96755098e+09 7.02646144e+08 9.41544960e+07
 5.92559552e+08 8.10969139e+09 1.59537216e+08 5.37005760e+07
 3.30912608e+08 1.90607923e+09 1.26661000e+08 3.80019360e+08
 3.18084900e+07 3.84053734e+09 3.88006880e+07 6.38369664e+08
 4.23367584e+08 6.74589888e+08 6.76049280e+07 1.40884275e+09
 3.13954176e+08 9.90586752e+08 7.77000240e+07 1.78732032e+08
 1.36210266e+09 1.86143373e+09 3.42312384e+08 2.11359885e+09
 5.23632416e+08 1.29692224e+09 3.70801720e+07 3.62691680e+07
 2.88247840e+08 1.26160032e+08 7.55113760e+07 1.94817700e+07
 6.86463488e+08 1.82616077e+09 2.31086272e+08 7.70630963e+09
 6.07858080e+07 2.37240909e+09 1.89974170e+09 9.01024512e+08
 7.48501760e+08 3.29788256e+08 2.49081574e+09 1.33156100e+07
 7.28090624e+08 1.31347725e+09 2.75349800e+07 6.46141680e+07
 1.70162500e+07 3.24403296e+08 6.01528720e+07 5.33389720e+07
 1.05959091e+09 2.19711440e+08 8.49547648e+08 9.06256640e+08
 3.06824160e+08 1.04487480e+08 5.12346208e+08 5.75411500e+06
 1.89593248e+08 2.34299760e+08 2.33224384e+08 4.69464080e+07
 4.66965312e+08 1.50778176e+08 3.06470835e+09 9.84936755e+09
 9.73534160e+07 2.09255488e+08 2.32463840e+07 7.99491456e+08
 4.19852224e+08 6.75643200e+07 4.58751680e+08 3.13516352e+08
 5.13759760e+07 4.55353408e+08 7.83445760e+07 2.46838740e+07
 2.55112166e+09 1.07599016e+08 1.02244304e+08 1.02001024e+09
 1.18173904e+08 2.24306483e+09 2.46571546e+09 6.82266880e+08
 2.11629658e+09 3.17542780e+07 1.46647710e+07 3.57302093e+09
 2.25036864e+08 1.64908006e+09 3.83395136e+08 1.26526579e+09
 8.63361472e+08 4.48333600e+07 1.62044000e+08 1.21305997e+09
 2.64510496e+08 1.06565530e+10 3.90872960e+08 1.22289285e+10
 5.77537520e+07 3.68695360e+08 3.25114880e+08 3.30714432e+08
 1.46201613e+09 3.35221504e+08 8.11733248e+08 4.95650920e+07
 9.95202720e+07 2.22012467e+09 8.70543500e+06 8.31905040e+07
 1.45033120e+08 1.11999672e+08 4.05058784e+08 2.32265180e+07
 2.09316288e+08 3.81682240e+08 8.69313664e+08 1.51685007e+10
 1.14605978e+09 5.59293560e+07 7.94898944e+09 3.23722784e+08
 9.75514240e+08 4.23511360e+08 5.02551040e+08 3.16636260e+07
 4.86351280e+07 1.25685752e+08 3.03095296e+08 2.63804340e+07
 6.92204200e+06 2.05671664e+08 9.51249101e+09 3.34488420e+07
 6.55445248e+09 5.07090112e+08 1.08323032e+08 1.12045776e+08
 1.12478835e+09 1.83816858e+09 3.75983155e+09 7.38008640e+07
 1.57119519e+10 2.26848195e+10 8.72052100e+06 1.50534784e+09
 5.28198240e+08 1.24984984e+08 5.56243520e+07 1.38448704e+08
 2.35290300e+07 4.40665376e+08 1.42380224e+08 2.87138225e+06
 1.34855180e+07 2.74285075e+06 1.30884296e+08 4.36233680e+07
 3.46742520e+07 1.69538144e+08 1.22869600e+08 3.10328128e+08
 7.49718720e+07 2.27093760e+08 1.42457754e+09 4.31220480e+07
 9.28015168e+08 4.15553120e+08 1.65734672e+08 3.76779584e+08
 1.30966451e+09 1.18252496e+08 5.38197568e+08 2.94169792e+08
 5.57608960e+07 2.01562896e+08 4.98882464e+08 2.67628640e+08
 4.57789088e+08 4.11222016e+08 1.57331344e+08 2.32560845e+09
 5.89129216e+08 1.65516368e+08 4.19411800e+07 7.59923776e+08
 9.80947584e+08 2.76516659e+09 7.22202050e+06 4.94053152e+08
 2.98024160e+07 5.45819776e+08 1.96676980e+07 2.60963940e+07
 6.34804416e+08 9.07952080e+07 1.91541008e+08 1.52774288e+08
 1.08268058e+09 2.51973990e+09 3.90584128e+08 1.92085388e+06
 8.66511300e+06 4.64514600e+07 4.53110400e+07 1.89962394e+09
 2.45091866e+09 1.92347251e+09 1.90216800e+08 5.93637888e+08
 2.46405900e+07 6.01214200e+07 2.96549478e+09 5.12991920e+07
 8.08340800e+08 7.65785856e+09 1.22755802e+09 1.95118157e+09
 2.18831136e+08 1.49166640e+08 3.80143104e+08 1.22740800e+08
 2.02860624e+08 1.42162522e+09 8.81460640e+07 8.11238640e+07
 7.09981920e+07 2.67776410e+09 2.74573742e+10 3.88990912e+08
 1.18746040e+08 3.72784896e+08 4.74862912e+08 5.32205184e+08
 2.09094440e+07 3.79022080e+08 2.82862874e+09 1.90745264e+08
 1.09706296e+08 1.76992060e+07 3.37405542e+09 6.12812749e+09
 1.83809984e+09 1.45418414e+10 3.36366880e+08 3.32111693e+09
 1.17791552e+08 5.63331968e+08 2.92348832e+08 2.31781900e+07
 1.48290816e+09 4.65377472e+08 4.46141200e+07 3.19100608e+08
 1.67736538e+09 8.87723520e+09 1.40262992e+08 3.24739942e+09
 3.45894816e+08 1.81294784e+09 1.13930420e+07 2.35085056e+09
 9.72848064e+08 9.44789500e+06 7.86446144e+08 3.32363840e+08
 1.97334208e+09 2.76463846e+09 3.71526432e+08 2.49248336e+08
 3.23065940e+07 7.62999360e+08 7.82528192e+08 2.61350256e+08
 3.19478720e+08 2.36406460e+07 8.16554304e+08 4.40898848e+08
 6.43982144e+08 1.58253555e+09 1.86920768e+08 1.18664730e+09
 4.48380896e+08 1.95040875e+06 1.39523712e+08 1.54225280e+09
 6.39585664e+08 4.74842656e+08 1.55686029e+09 1.39588332e+10
 1.03801840e+08 1.42427917e+09 5.81947280e+07 1.04060646e+09
 1.68760656e+08 1.25498608e+08 1.85506400e+08 1.73245184e+09
 1.75397709e+09 2.62463184e+08 1.96136576e+08 1.29320176e+08
 3.16093542e+09 2.67537592e+10 6.76869184e+08 4.36227008e+08
 4.76475597e+09 1.73925389e+09 3.35011917e+09 3.12696480e+08
 3.46171720e+10 5.90010880e+08 3.35106016e+08 2.59881907e+09
 9.72150336e+08 3.17397216e+08 3.65491225e+06 7.60733800e+06
 6.91793600e+08 3.62513408e+09 1.96551386e+09 8.95557440e+08
 5.16612000e+07 1.73200538e+09 6.02416704e+08 1.14077965e+09
 1.60613798e+09 1.67082368e+08 1.28293133e+09 2.32365840e+08
 5.75025472e+08 4.93087072e+08 7.52400960e+08 6.61515648e+08
 8.89750320e+07 5.64289434e+09 9.73319120e+07 1.98121421e+09
 1.11478368e+08 9.45973568e+08 1.63428144e+08 2.58717552e+08
 1.57451162e+09 1.40870880e+08 8.52772400e+07 7.72904768e+08
 3.76963866e+09 2.91915648e+08 5.33970336e+08 2.73028582e+09
 3.48404480e+09 5.35005184e+08 6.48225536e+08 3.09544499e+09
 3.87823776e+08 1.83924442e+09 2.23122080e+08 1.25031680e+09
 1.71453820e+07 2.78212992e+08 5.15203840e+08 9.21553792e+08
 7.81856720e+07 1.85311200e+08 1.56913459e+09 6.53229680e+07
 1.23187392e+08 1.59688128e+08 1.74983792e+08 1.68529472e+09
 1.09202336e+08 1.13574533e+10 4.33790400e+08 5.85704896e+08
 4.01270272e+08 7.45221120e+08 4.81657312e+08 1.29690086e+09
 5.18359040e+07 8.27999680e+08 1.23597645e+09 3.07322035e+09
 1.39571580e+07 4.11687640e+07 5.50628320e+07 2.33313613e+09
 7.52772320e+07 1.72539344e+08 2.02390420e+07 2.04663654e+09
 4.39877728e+08 2.22146970e+09 2.16731856e+08 3.19794000e+07
 3.06420480e+07 2.27590416e+08 3.44134067e+09 1.69328432e+08
 8.52569728e+08 5.28172384e+08 1.02981408e+08 1.17870380e+07
 2.07107648e+08 4.07948960e+07 2.75259040e+08 1.83313504e+08
 3.20506976e+08 3.71433421e+09 1.37942656e+09 8.37592720e+07
 7.50161280e+08 4.74032400e+07 2.82134560e+08 2.74738304e+09
 5.31136800e+07 2.07879400e+07 5.30858320e+07 4.04402560e+08
 8.16016000e+08 1.08068960e+07 3.55392032e+08 6.02041728e+08
 3.78933600e+07 6.14300680e+07 4.01709952e+08 1.08392100e+10
 4.10496256e+08 2.13972624e+08 2.06739184e+08 6.24668800e+08
 3.18919808e+08 1.18777485e+09 1.20902054e+09 1.78616580e+07
 5.88130624e+08 5.99358413e+09 2.68810240e+07 1.16822784e+08
 3.97811392e+08 2.66682440e+07 2.92177952e+08 2.03960304e+08
 5.48024700e+06 6.25307968e+08 2.48379664e+08 1.51709094e+09
 6.08225536e+08 1.23393980e+07 3.82764768e+08 7.75635200e+08
 3.86804840e+07 6.81324800e+07 1.73607885e+09 5.66175424e+08
 5.18465997e+09 3.99351648e+08 1.83746256e+08 7.06898960e+07
 6.27459776e+08 2.70955290e+09 1.69036240e+08 8.46955776e+08
 3.86329139e+09 1.57318360e+07 2.25283460e+07 3.79191104e+08
 7.43572992e+08 2.88035925e+06 1.02763100e+07 2.58258620e+07
 4.67442912e+08 1.87839440e+08 2.52220192e+08 1.96904640e+08
 3.10803584e+08 9.65029760e+08 1.15781392e+08 1.32533862e+09
 9.93924560e+07 4.28755814e+09 4.44999100e+06 7.73011680e+07
 9.70893400e+06 1.16098650e+07 1.01263686e+09 3.30660160e+08
 3.44113280e+09 4.02523328e+08 1.65671088e+08 1.59443188e+06
 2.30415160e+07 7.66884762e+09 3.31277376e+08 7.28655488e+08
 1.17941786e+09 2.37564200e+07 2.98754336e+08 5.97156352e+08
 2.96898586e+09 1.29064909e+09 6.68789800e+06 1.18952320e+09
 2.63293392e+08 1.36316256e+08 1.59791930e+07 9.91006003e+09
 1.22315098e+09 2.04480016e+08 8.49815300e+06 1.92482032e+08
 2.05433792e+09 4.46480486e+09 2.57492915e+09 1.85459814e+09
 4.25549792e+08 1.57478544e+08 4.12682547e+09 1.06326136e+08
 1.73428640e+08 3.44109728e+08 3.46231136e+08 1.19858072e+08
 9.53579920e+07 1.04314511e+10 1.95659984e+08 8.05470016e+08
 1.51562560e+08 6.71261824e+08 2.62159718e+09 5.12792240e+07
 2.47750432e+08 8.95009600e+08 3.34805146e+09 1.80066637e+09
 2.81536040e+07 4.79284000e+08 3.23750240e+08 4.66045632e+08
 6.12698816e+08 2.61055770e+09 2.80580768e+08 3.32579760e+07
 4.11957568e+08 4.76471104e+08 5.25729088e+08 3.91245320e+07
 1.09332314e+09 2.28613222e+09 2.39919120e+07 3.80095840e+07
 3.04326733e+09 1.26379571e+09 2.17893632e+08 2.84222016e+08
 1.94569485e+09 5.27202867e+09 3.14963264e+08 2.60722970e+09
 4.40940650e+06 3.22209480e+07 3.73688512e+08 9.16182800e+06
 1.68356288e+08 5.61814336e+08 8.99775200e+07 1.51639712e+08
 4.68466040e+07 3.58188288e+08 2.37715174e+09 2.63589968e+08
 7.27299520e+07 1.73387600e+08 4.31969400e+07 1.10899624e+08
 5.14308864e+08 9.87792400e+07 2.92498740e+07 5.29076224e+09
 6.93823360e+08 2.14936883e+09 1.01441344e+09 6.10848896e+08
 6.90361549e+09 1.01218664e+08 8.28875776e+08 1.17160666e+09
 8.21209120e+07 3.66856800e+07 1.92711200e+07 6.99522320e+07
 1.22518400e+09 1.98020100e+07 1.00054778e+09 8.03555136e+08
 1.89002660e+07 3.37366835e+09 1.51044608e+08 3.60596576e+08
 1.81433580e+07 5.09414592e+08 8.12817344e+08 2.51748500e+07
 6.86678336e+08 4.84691744e+08 2.80233580e+07 5.14675520e+08
 7.56200960e+08 6.06512333e+09 3.16190182e+09 5.74743160e+07
 1.45842910e+07 1.60392896e+08 1.19675424e+08 3.92394163e+09
 4.19784000e+07 5.50192192e+08 1.78101606e+09 4.63991552e+09
 1.11041016e+08 3.40499296e+08 2.24337616e+08 7.54272128e+08
 3.38973952e+09 5.43166720e+08 3.07479840e+08 1.07353651e+09
 1.71469500e+07 1.22973512e+08 4.37872288e+08 2.16886426e+09
 1.31806387e+09 7.54368512e+08 1.51731664e+08 2.85542400e+07
 8.11303270e+09 1.80062280e+07 2.91281088e+08 4.74995080e+07
 5.25753840e+07 4.45870880e+07 1.42993424e+08 1.80039072e+08
 1.12095672e+08 9.56130496e+08 4.98293760e+07 4.59522656e+08
 1.41925837e+09 2.39301792e+08 6.00080000e+08 9.64604352e+08
 3.81199718e+09 1.55854630e+09 2.19635814e+09 7.90980800e+07
 8.10908864e+08 1.49217950e+07 4.79474336e+08 4.66412800e+07
 1.60681536e+09 4.48313056e+08 8.38022080e+08 2.55061862e+09
 2.29071824e+08 1.45004448e+08 2.53989914e+09 7.28099136e+08
 6.74453056e+08 6.53600200e+06 6.25929520e+07 6.71425088e+08
 6.41838080e+08 7.48367923e+09 3.74058000e+07 7.88825984e+08
 3.79192192e+08 2.38744320e+07 1.88377498e+09 4.20565171e+09
 6.47542835e+09 7.48209200e+07 4.18165536e+08 3.09809568e+08
 7.75060736e+08 2.97101133e+09 4.55615775e+10 1.60295002e+09
 2.56267808e+08 3.26652800e+08 5.92289382e+09 5.75408384e+08
 3.31337640e+07 7.50666176e+08 3.01864416e+08 4.97628920e+07
 4.26997248e+08 7.92924560e+07 2.96971136e+08 1.19332632e+08
 3.32702592e+08 2.96219136e+08 5.67034240e+08 2.99498598e+09
 3.45977600e+08 3.18103860e+07 7.76912160e+07 6.65601600e+07
 8.65212032e+08 5.41597760e+07 1.21461133e+09 1.63543091e+09
 1.69774479e+10 1.00517741e+09 8.57440832e+08 4.10422912e+08
 3.54176096e+08 2.25575860e+07 9.50575808e+08 4.15869952e+08
 6.07487872e+08 1.81091248e+08 1.76985344e+09 3.40887616e+08
 3.24814060e+07 5.71603136e+08 1.14761651e+09 1.47619288e+06
 4.48242976e+08 1.27285944e+10 4.88976800e+08 4.34000320e+08
 3.09041536e+08 2.86032416e+08 1.93447757e+09 1.58617680e+08
 1.66499366e+09 2.51632624e+08 4.11234400e+07 2.08914448e+08
 5.01267712e+09 3.88408384e+08 4.73498560e+08 9.01437040e+07
 1.19484621e+09 1.95928620e+07 1.96267418e+09 4.06595104e+08
 4.15379296e+08 2.12091632e+08 2.37809248e+08 9.02582784e+09
 1.48668787e+09 8.07333056e+08 1.87617424e+08 4.30870640e+07
 2.32474576e+08 2.97958496e+08 8.30733056e+09 1.14689168e+08
 3.80914912e+08 1.04059248e+08 7.95966822e+09 8.99428500e+06
 1.99923680e+08 2.18772864e+08 9.46185040e+07 3.05997696e+09
 4.08109880e+07 4.19894528e+08 6.05701248e+08 6.67886400e+07
 1.64388979e+09 9.02045120e+07 4.59236608e+08 2.12007008e+08
 3.17903437e+09 3.88472352e+08 6.14796800e+08 1.24678440e+08
 2.48399480e+07 1.10086312e+08 4.31656240e+07 9.69444096e+08
 6.96709376e+08 2.98813856e+08 9.61442560e+07 2.27399856e+08
 1.29385824e+08 5.57035160e+07 1.37479296e+08 9.60301248e+08
 1.05068768e+08 1.16275392e+09 2.08532403e+09 2.07707686e+09
 2.92986200e+07 3.52855648e+08 1.62605168e+08 5.05208920e+07
 1.18222244e+10 6.93592240e+07 1.00147671e+10 2.17899290e+09
 5.42358464e+08 3.26881760e+08 2.62032672e+08 2.90039760e+07
 3.13284019e+09 5.49550080e+08 3.74821914e+09 6.49998720e+08
 2.16594586e+09 2.44549720e+07 8.80326560e+07 2.96181620e+07
 5.87198848e+08 1.14828408e+08 1.92652560e+07 1.03164064e+08
 1.74904840e+07 5.87245240e+07 2.07260580e+07 1.33210214e+09
 3.10516019e+09 4.39593120e+08 1.18875689e+10 3.57697485e+09
 2.56178770e+10 9.21134480e+07 1.03372506e+09 4.12381280e+07
 1.40614490e+09 5.94734528e+08 4.78345952e+08 4.58117152e+08
 3.99768064e+08 3.94556050e+06 1.93088154e+09 2.22359987e+09
 3.46927053e+09 1.63746192e+08 6.09270120e+07 4.56345056e+08
 4.85902150e+06 7.36182700e+06 2.84377040e+07 7.54252352e+08
 9.05547600e+07 4.52371840e+08 3.47667480e+07 9.38322432e+08
 1.18977306e+09 2.39708720e+07 9.72431920e+07 1.09055629e+09
 8.06559120e+07 2.65829168e+08 5.64344700e+06 2.57141184e+08
 3.77749312e+08 6.43414144e+08 2.08579744e+08 5.55921280e+08
 1.49357920e+07 2.17446720e+08 3.94213952e+08 6.77605786e+09
 6.17769080e+07 4.58971392e+08 5.58144320e+07 1.08983309e+09
 5.64310080e+08 1.84090224e+08 2.78353152e+09 1.21360602e+09
 4.13050752e+08 5.58538000e+07 4.08350560e+07 5.27994432e+08
 1.48712602e+09 6.61792320e+08 1.10316810e+07 1.93872224e+08
 5.46152000e+08 9.66307776e+08 1.80711280e+08 1.33233536e+09
 1.24951360e+09 4.93469344e+08 1.96181440e+08 1.81705851e+10
 1.73601523e+09 4.55195720e+07 5.44894336e+08 1.61254615e+10
 2.86816520e+07 2.46584740e+07 3.28124698e+09 2.88378976e+08
 5.43136256e+08 4.55026280e+07 3.58140840e+07 4.91761088e+08
 3.03992986e+09 1.35471056e+08 1.48390784e+08 1.52824307e+09
 2.26344000e+08 1.05377984e+08 9.54248100e+06 6.57977216e+08
 2.02755740e+07 1.36369280e+09 1.17423360e+08 9.71700928e+08
 2.13231043e+10 1.98909660e+07 6.17343744e+08 1.56957040e+08
 4.27173880e+07 1.82642368e+08 2.73925920e+08 8.35369011e+09
 5.61525400e+07 1.84618640e+08 3.86251480e+07 1.64641062e+09
 1.56683994e+09 1.51704666e+09 1.25948442e+09 6.23680410e+09
 1.73553888e+08 5.76370432e+08 2.51160192e+09 2.54856528e+08
 4.41723800e+07 2.84806272e+08 3.21919136e+08 6.89977520e+07]
