[3.58524180e+04 6.17508936e+03 4.31016328e+04 2.14551359e+05
 1.46138969e+05 1.14945734e+05 3.30326602e+04 1.36333172e+05
 1.38145000e+06 7.12043516e+04 2.16291234e+05 4.96297891e+04
 8.85815188e+05 2.15298711e+04 2.69159336e+04 8.92082578e+04
 1.69727719e+05 1.87747719e+05 3.26206125e+05 2.00398050e+06
 2.97427075e+03 1.05070911e+03 7.20487422e+04 4.10748250e+05
 3.57849414e+04 3.67731094e+05 9.30471625e+05 1.00687646e+04
 6.59547812e+04 4.77048340e+03 1.16388389e+04 2.35243281e+04
 8.38898594e+04 3.06199316e+04 5.58729844e+04 6.93690735e+02
 1.47334404e+04 6.22197500e+04 1.96612219e+05 1.37983139e+02
 7.15956875e+05 1.43864854e+04 3.71345750e+05 7.88520938e+04
 7.26169766e+04 1.42959922e+05 6.49079297e+04 3.38658750e+04
 4.62383562e+05 1.85322656e+05 3.97624847e+02 1.73712817e+03
 1.87509094e+03 1.66677906e+05 2.50902266e+04 7.73765625e+04
 6.02498828e+03 2.30360371e+04 3.97787262e+02 2.37604844e+04
 2.83198750e+05 3.34045594e+05 1.80277852e+04 5.46022656e+04
 2.69688995e+02 6.87587625e+05 1.44081201e+04 3.59617993e+03
 4.42573633e+04 8.55087988e+03 1.45405811e+03 9.58377832e+03
 1.64440356e+03 3.00508545e+03 1.58174878e+03 4.53647344e+04
 1.36832359e+05 7.31115812e+05 7.04026642e+01 2.25292344e+05
 6.79753906e+04 1.22386625e+05 3.92241406e+04 1.65062122e+03
 1.21524780e+03 3.25247344e+04 1.20428113e+03 2.71025391e+04
 5.15075750e+05 2.04606328e+05 4.68862852e+04 1.50841175e+06
 2.80521984e+01 1.41523594e+05 1.08209725e+06 9.04751875e+04
 2.13645844e+05 6.62359668e+03 2.02811234e+05 2.86268616e+02
 2.73328875e+05 1.90507359e+05 7.22856484e+04 3.90482930e+04
 1.84845469e+04 1.66658984e+05 8.86798750e+04 1.10190344e+03
 3.38577062e+05 1.88873291e+01 2.94198359e+04 7.42295459e+03
 1.01501245e+03 1.56774622e+03 1.07249329e+03 1.82806665e+03
 5.95728027e+02 1.05121512e+06 5.06151531e+05 6.93627266e+04
 3.73505812e+05 1.33949438e+05 1.97895234e+05 1.35778788e+06
 1.89923477e+04 4.00141895e+03 3.91929993e+02 8.44217606e+01
 2.38378750e+05 7.14699951e+03 4.27156562e+04 1.09237793e+03
 2.30524185e+02 3.69168506e+03 4.29492188e+03 8.15384141e+04
 1.16255623e+02 1.20321838e+03 1.79093062e+05 1.29463562e+05
 4.99208594e+03 4.58221523e+04 1.23709980e+04 3.08226094e+05
 1.53173157e+02 1.42357651e+02 3.16037231e+03 1.07418200e+06
 4.36193008e+04 1.55727578e+05 9.01363086e+03 1.14597705e+03
 8.52666484e+04 1.42799728e+02 8.81385000e+04 1.00035469e+02
 1.37318926e+04 3.35826938e+05 2.57044570e+04 1.86003425e+06
 2.43165453e+05 4.38232773e+04 5.41876038e+02 5.78649658e+02
 5.82328247e+02 5.76540710e+02 2.91504805e+04 5.64036875e+04
 8.15393281e+04 3.48515656e+05 2.69381494e+03 9.95064514e+02
 7.06152420e+01 2.18777026e+03 1.18306260e+04 8.55620078e+04
 5.36662598e+02 1.46177002e+04 1.36991150e+03 1.27484712e+06
 4.97894922e+04 4.60587695e+04 1.27824086e+05 6.96836670e+03
 2.72330078e+03 1.73513779e+02 7.33252441e+02 3.15555371e+03
 3.43861812e+05 1.66671362e+03 4.50970410e+03 1.37859131e+04
 2.43964746e+04 3.68380078e+04 9.07821750e+05 2.36175610e+03
 2.44308234e+05 2.53894004e+04 4.69028711e+04 2.51895609e+05
 9.29585781e+04 2.36311750e+05 6.11179443e+03 3.59699648e+04
 1.48147325e+06 3.90075525e+06 1.15888656e+05 3.74154517e+03
 3.62998364e+03 1.23028016e+05 3.23636865e+03 1.31546594e+05
 1.71267328e+05 2.95547375e+05 1.23873596e+03 1.53923816e+03
 1.04582289e+05 4.66371277e+02 4.68868062e+05 9.35571953e+04
 4.03514805e+04 2.03957324e+04 9.40762578e+04 4.21337383e+04
 7.95822500e+04 4.88521484e+03 8.99378125e+03 2.45895625e+04
 2.82470547e+04 9.85755875e+05 1.08957906e+05 5.86182129e+02
 2.94091938e+05 9.11872864e+01 2.01302719e+02 5.20306934e+03
 2.60252759e+03 1.91275742e+02 7.78936641e+04 3.28855029e+03
 3.59245625e+04 1.14401611e+04 2.93370281e+05 1.73543219e+05
 2.85269458e+03 8.81392773e+03 1.83217125e+05 3.42920438e+05
 2.92135590e+02 3.05710850e+06 5.18110901e+02 9.23717090e+03
 1.58022324e+02 5.77053613e+03 2.36838027e+04 8.38208438e+04
 8.03835400e+03 1.10555260e+02 6.07229844e+04 1.19039766e+04
 2.32504570e+04 2.04301514e+03 1.51412930e+04 5.79955430e+04
 2.88262817e+02 2.55380469e+03 4.60685508e+04 4.11122021e+03
 6.17182275e+03 1.20898154e+04 1.70045000e+04 1.32876138e+06
 2.37589404e+03 2.88063940e+03 9.99907617e+03 1.76219297e+04
 1.79567162e+06 1.05864025e+06 2.60356703e+05 2.24066000e+05
 1.04872789e+05 8.83444453e+04 1.98545911e+03 5.94249414e+04
 1.82990547e+04 3.80463477e+03 5.55428223e+03 1.67829000e+05
 4.08629913e+02 3.50551469e+05 1.50157156e+05 2.55146641e+04
 2.12943359e+05 1.00606984e+05 7.01857891e+04 1.54279590e+03
 4.58127490e+03 2.86525500e+05 2.92523125e+04 5.94241943e+02
 7.84591553e+03 2.86092430e-01 4.55168750e+05 1.02061914e+04
 1.75222949e+04 3.11871975e+06 7.96366250e+04 2.65464648e+04
 1.79191736e+03 1.72029578e+03 1.38031052e+02 3.27365176e+04
 2.70016113e+04 7.19881172e+04 5.87244180e+04 3.43658125e+04
 7.69133984e+04 5.82021641e+04 2.35293281e+04 5.53115812e+05
 1.06817219e+05 8.76185449e+03 4.93709336e+04 1.21767016e+05
 8.46840820e+03 8.12122578e+04 1.62939727e+04 2.25788721e+03
 3.38071484e+04 6.03215438e+05 8.20739258e+03 2.42568848e+03
 6.97094609e+04 1.44095813e+03 1.11173369e+04 1.98298406e+05
 4.72375984e+01 9.94282349e+02 8.80038770e+03 4.18943789e+04
 3.08231543e+03 2.14849854e+02 5.62466758e+04 5.01331445e+04
 6.50333906e+04 1.99378047e+04 3.02322906e+02 2.27351196e+03
 7.53978760e+03 1.79708887e+04 4.62547798e+01 8.13899625e+05
 3.01377173e+03 2.59101562e+03 2.48896562e+04 7.14536377e+03
 8.31267125e+05 3.56652905e+03 5.26284570e+03 1.64019199e+04
 2.09605688e+03 1.37573018e+04 5.12763164e+04 1.15040391e+04
 1.05727070e+04 3.60509850e+06 7.10821533e+03 7.75991328e+04
 5.86334450e+06 1.71517469e+05 4.75658438e+05 1.04310836e+05
 4.72022000e+06 4.06263320e+04 1.44059404e+04 8.45820812e+05
 5.32561328e+04 3.66645435e+03 8.87338867e+02 2.42141797e+04
 1.99006270e+04 3.18404434e+04 3.65550391e+04 1.57143531e+05
 3.85186548e+03 2.58026375e+05 1.78513828e+04 2.26190869e+03
 3.61105750e+05 1.93192474e+02 1.05379805e+04 2.13619707e+04
 4.05201172e+04 3.81555737e+03 4.41067480e+03 6.18262842e+03
 6.43478008e+04 9.18054993e+02 6.35574097e+02 1.16577738e+06
 4.87341797e+04 9.51290234e+03 1.05247188e+04 1.17657480e+04
 3.69324344e+05 2.41695312e+04 4.59728271e+03 1.80196500e+05
 1.66613290e+07 1.18896008e+05 3.09986445e+04 1.17066900e+06
 3.72423438e+05 3.26836328e+03 8.97129219e+04 1.20686500e+05
 1.09529431e+03 8.22781152e+03 4.19974500e+05 1.54787469e+05
 3.13537520e+04 1.92356312e+05 9.54342676e+03 1.58001781e+05
 6.62842334e+03 1.60171062e+05 3.56471250e+05 7.30478174e+03
 2.27299453e+04 2.87746289e+03 2.06455273e+03 7.45719688e+04
 4.76883789e+03 1.44426962e+06 4.76850742e+04 2.91332837e+03
 2.90907654e+02 2.66059845e+02 5.41591980e+02 1.91344906e+05
 2.22506938e+05 1.61103491e+03 2.21227737e+02 3.09088379e+03
 1.98074082e+04 2.52230301e+02 1.20567468e+03 6.68544750e+05
 3.69328223e+03 1.39103381e+03 1.14729609e+05 2.72429719e+05
 1.71466113e+03 6.01185875e+05 5.18852844e+05 3.02264819e+03
 6.12094116e+02 1.11506458e+03 1.74128203e+04 2.77888535e+04
 3.19186157e+03 7.59736511e+02 7.60012656e+04 7.14543762e+02
 5.81774188e+05 9.18763657e+01 2.46933789e+04 3.10911475e+03
 2.37765664e+04 2.00391612e+06 8.77741211e+03 1.29326990e+03
 7.69232578e+04 1.11116133e+04 4.49091110e+01 1.35835162e+06
 1.33864038e+03 9.21376953e+02 5.76642773e+04 9.25046289e+03
 1.67069297e+04 4.12322607e+03 1.93950840e+04 4.50876758e+03
 9.97881641e+03 8.00700635e+03 3.01009531e+04 3.87041992e+04
 5.52084229e+03 4.70090637e+02 3.62863984e+04 7.27976807e+03
 7.16522021e+03 1.00782781e+05 1.48867375e+05 1.63630212e+03
 1.11415430e+05 9.67678188e+05 5.80321602e+04 2.42921191e+04
 2.07902871e+04 1.98995781e+04 1.11039625e+05 5.10768828e+04
 5.12913780e+01 3.06501495e+02 1.19154309e+03 5.37581625e+05
 4.60613281e+04 3.87957539e+04 1.11178589e+03 4.23480078e+04
 5.86213745e+02 1.03609094e+05 2.88250250e+05 7.57595562e+05
 6.56133672e+04 4.06885107e+03 3.14282109e+04 1.00685570e+05
 1.49024482e+04 1.34603812e+06 6.35123164e+04 2.32032461e+04
 2.81817438e+05 1.83488928e+03 5.23480195e+04 5.48135498e+03
 3.53955225e+03 1.13534961e+03 2.92721649e+02 1.07756372e+03
 7.57852266e+04 1.63146078e+05 5.32583801e+02 2.24777026e+03
 2.12749953e+05 8.17800195e+03 1.53046936e+03 7.62311426e+03
 2.68233789e+03 7.12116400e+06 2.35869512e+04 6.12938008e+04
 2.92841187e+02 1.05723719e+05 5.69671680e+03 8.28686816e+03
 1.89299133e+03 3.38478477e+04 3.09107109e+04 1.05733240e+03
 2.35217812e+05 1.03917381e+06 3.43458945e+04 9.35910156e+04
 8.83530391e+04 1.45983118e+03 7.65648984e+04 4.46242812e+04
 2.58021016e+05 2.65674469e+05 2.09766625e+05 6.23675879e+03
 6.30300674e+01 7.69336230e+03 2.67762061e+03 1.45570293e+04
 5.97271094e+04 6.76686340e+02 4.76911963e+03 4.87001855e+03
 1.39166575e+06 1.45152750e+06 1.95510754e+03 2.12625875e+05
 5.16974258e+04 1.14530166e+04 5.47780500e+05 4.29559727e+04
 6.44608938e+05 3.74031797e+04 5.23494375e+05 1.96852188e+04
 5.98249902e+03 6.30196562e+04 2.86406543e+04 9.28920605e+03
 7.46020691e+02 2.73948344e+05 1.11691953e+04 1.69530713e+03
 1.68275012e+03 8.13059631e+02 3.01708031e+05 1.33073297e+05
 1.04697546e+03 4.04982739e+03 2.88326875e+04 4.61936279e+03
 2.97105127e+03 5.46823682e+03 3.71040547e+04 3.42916284e+03
 5.20308057e+03 1.04537461e+05 4.26918884e+02 1.48193154e+04
 1.29316289e+04 1.66905953e+05 2.92528125e+04 5.63360742e+04
 1.86514656e+05 3.06532906e+05 1.17751711e+05 1.07987758e+05
 4.65068262e+03 5.08860234e+04 8.68552344e+03 3.39724072e+03
 2.65597031e+04 9.70755781e+04 1.74335641e+05 3.58948578e+02
 7.04705938e+04 9.60662188e+04 4.50823750e+05 1.16841982e+04
 2.11332559e+04 1.18957832e+04 4.52039875e+05 9.36786560e+02
 6.18211992e+04 2.58949609e+05 5.17978809e+03 1.55226234e+05
 8.45362891e+04 3.99723663e+02 3.26091699e+03 1.57084609e+04
 1.55956562e+04 6.33673672e+04 1.03120516e+05 7.48686475e+03
 8.28037250e+05 5.49704529e+02 3.28836680e+04 2.95495312e+05
 1.70438555e+04 4.68926367e+04 9.36198120e+02 8.94832500e+04
 4.99852637e+03 6.24187031e+04 1.06136719e+03 1.05219336e+04
 1.83525078e+05 2.29253613e+04 4.90878711e+03 3.23970312e+04
 7.54771328e+04 1.48240600e+06 3.89992930e+04 6.70507202e+01
 2.09753945e+04 4.45148945e+04 1.18589150e+04 3.03079414e+04
 1.92698267e+03 1.50874725e+06 1.01532516e+05 1.17468969e+05
 1.72160098e+04 2.64862793e+03 3.56361719e+05 1.80416925e+06
 5.54106079e+02 6.21234141e+04 7.98300391e+04 2.11754109e+05
 7.15900547e+04 8.18281719e+04 5.64381409e+01 1.81971484e+03
 1.29674242e+05 2.14564438e+02 1.58193828e+04 7.69321875e+04
 4.36094883e+04 3.73031500e+05 1.37563385e+02 5.06259594e+05
 2.14024891e+05 3.44195859e+04 4.02100189e+02 1.79726516e+05
 1.42382898e+03 1.06368787e+03 1.58647766e+05 8.61828047e+04
 4.43563037e+03 9.70945078e+04 1.59723721e+04 7.22390967e+03
 1.66797791e+03 1.38394828e+05 9.28591406e+04 1.79778064e+03
 2.95737366e+02 2.30330215e+04 5.00913734e+01 3.98152734e+04
 2.71612109e+03 1.40861162e+04 2.35354094e+05 3.84631781e+05
 3.42053781e+05 1.81025508e+04 6.45863330e+03 6.92945898e+03
 2.06296997e+02 8.80457188e+04 5.52776550e+02 4.12189312e+05
 3.88798359e+04 1.15760000e+05 1.69489434e+04 3.86975500e+06
 5.63858125e+05 1.37548812e+05 4.13206494e+03 2.91161895e+04
 1.80867812e+04 1.24488812e+06 5.49055875e+05 2.15287939e+03
 2.92589630e+02 1.75792148e+04 3.25012938e+05 8.62200562e+05
 2.05270453e+05 2.61359009e+02 1.23819461e+05 3.29411914e+04
 1.22547742e+03 5.29304812e+05 2.31144050e+06 8.38294629e+03
 3.44433765e+03 1.25637686e+04 1.25589938e+06 4.57724219e+04
 2.51590942e+03 7.66625547e+04 8.74754181e+01 1.38559266e+05
 2.72649487e+03 1.73213049e+03 1.13596325e+06 2.46961108e+03
 9.92902344e+04 2.04410362e+01 4.98993896e+03 8.23052246e+03
 3.90699141e+04 9.68636523e+03 2.37227012e+04 4.80756201e+03
 2.65889648e+02 1.99663848e+04 1.78662129e+04 5.25396602e+04
 2.95213000e+05 1.89221594e+05 2.39056982e+03 3.47644062e+04
 5.34425742e+04 7.32205938e+04 2.92100742e+04 6.25772119e+03
 1.16483547e+05 1.53483062e+05 9.44856953e+04 2.90467363e+04
 2.33525610e+03 9.28377188e+05 5.85755859e+04 7.80393982e+02
 3.39148633e+04 3.02914675e+06 5.46029844e+04 1.10411255e+03
 2.92553931e+03 1.92320391e+05 1.14908130e+03 1.53738262e+04
 2.58147974e+03 2.00607315e+02 3.34227969e+05 2.77158770e+04
 6.71179736e+03 2.62389082e+04 8.19415820e+03 9.93219531e+04
 6.34698486e+03 1.14324111e+04 1.02940156e+04 3.48762344e+04
 7.90361267e+02 6.22657625e+05 2.17436890e+03 1.14402336e+05
 1.45192400e+06 2.74468945e+03 5.30327539e+03 7.87526953e+04
 7.60869453e+04 3.63832617e+03 4.19684258e+04 6.12244922e+04
 1.01569000e+05 1.54713578e+05 5.68365967e+03 1.04416963e+04
 4.66346812e+05 9.35336816e+03 4.92180664e+03 7.11919629e+03
 1.06581039e+02 4.74538867e+04 5.57957539e+04 2.63808562e+05
 5.99006445e+03 6.62852266e+04 7.32581406e+04 5.26995422e+02
 4.40588281e+03 6.34817773e+04 5.70544750e+05 5.78954285e+02
 3.19280469e+03 1.75254000e+05 1.59618320e+04 9.22488672e+04
 8.81520469e+04 1.13752869e+03 5.94527500e+04 1.01625238e+03
 2.86464883e+04 2.25101562e+03 2.99767281e+05 7.34116882e+02
 2.16816219e+05 6.27059265e+02 1.16043739e+02 4.99363867e+04
 9.67754492e+03 1.81984406e+05 9.79463281e+03 1.45340363e+02
 3.10372094e+05 2.83704188e+05 3.30123781e+05 6.04325117e+04
 7.95907288e+02 1.36190332e+03 3.68430542e+03 3.73758350e+03
 1.85750586e+03 4.90887390e+02 6.77750750e+05 1.70383047e+05
 1.84475288e+06 9.03511230e+02 1.72563641e+05 2.72580475e+02
 7.05389648e+02 1.13788008e+04 4.95333160e+02 1.63589500e+05
 2.20570664e+04 1.01933102e+05 4.37441641e+04 1.67339203e+05
 5.28859688e+04 6.83604062e+04 1.91942949e+04 2.74027871e+04
 6.04202461e+04 4.07158750e+04 2.50586734e+05 2.08324648e+04
 4.16799062e+04 5.50974170e+03 4.30166626e+01 3.01763580e+02
 9.25518921e+02 7.78081909e+02 4.35971863e+02 6.38605127e+03
 7.33572812e+05 3.29335977e+04 6.55327197e+03 4.26828047e+04
 1.33096692e+03 6.04313359e+04 7.90159912e+03 4.11627656e+05
 3.37882188e+04 6.42973250e+05 1.04648336e+05 1.17091180e+05
 3.38239941e+03 9.09510625e+04 9.44133828e+04 2.44687969e+05
 1.67775723e+04 2.55010766e+05 1.55321201e+04 2.38403965e+04
 4.93583154e+03 8.72582422e+04 5.17282344e+05 2.30752051e+03
 3.29735718e+03 7.10726562e+03 4.24180430e+04 3.04826800e+06
 4.06725098e+02 1.06328779e+04 1.17761703e+05 1.47796899e+03
 4.20726562e+04 2.25405039e+04 2.54655453e+05 1.04136875e+05
 3.38991094e+04 8.72440002e+02 9.78937134e+02 4.78729102e+03
 1.03951426e+04 7.75914453e+04 4.72577881e+02 1.39843384e+03
 7.32683899e+02 5.20889778e+01 2.02268477e+04 1.33162422e+04
 1.62038203e+05 1.82701740e+01 3.85887562e+05 3.22856380e+07
 2.04417719e+05 5.89375488e+03 7.14633203e+03 4.83340781e+04
 4.02922773e+04 2.72097715e+04 1.33501575e+06 7.40114766e+04
 6.58537531e+00 1.54778330e+04 2.95050020e+04 8.24593562e+05
 2.17961156e+05 2.59564707e+04 4.19563594e+05 8.38693828e+04
 1.47416312e+06 6.47330188e+05 9.61635859e+04 7.05635742e+03
 5.91731523e+04 1.75402969e+05 2.25043018e+03 2.29069727e+04
 1.18381012e+06 3.72703320e+04 4.17760562e+05 3.32258545e+02
 5.46319092e+03 7.00664648e+03 1.05305969e+03 6.95557578e+04
 4.99548730e+03 1.64674102e+04 3.19304590e+04 2.19605234e+05
 1.24904775e+06 1.23735840e+04 1.64092639e+03 3.39555547e+04
 4.53626211e+04 7.27142422e+04 6.81274609e+04 8.80269336e+03
 3.88911797e+04 2.12374683e+03 5.59772827e+02 1.84604078e+05]
