[7.47597969e+04 1.55550078e+05 1.71171062e+05 6.38554805e+04
 7.95948812e+05 1.88670359e+05 1.01456086e+05 4.31997375e+05
 2.22494100e+06 1.64029922e+05 5.98994312e+05 4.79176250e+05
 1.11395712e+06 2.22953105e+04 3.09725898e+04 2.03885500e+05
 2.66719906e+05 1.24637148e+05 1.86580141e+05 3.02508075e+06
 3.70516250e+05 1.28796898e+05 4.18682240e+07 7.00189688e+05
 3.39483555e+04 2.80664475e+06 1.26570800e+07 4.07103562e+05
 2.61440094e+05 4.24100586e+04 7.82798688e+05 3.69143438e+05
 3.11824031e+05 1.22714014e+04 1.77478297e+05 1.63850141e+05
 2.04030281e+05 6.55194258e+04 2.25210172e+05 7.87194844e+04
 2.19083275e+06 7.06167250e+05 4.75604875e+05 4.46748250e+05
 4.01409250e+05 4.45912656e+05 1.21413354e+03 9.07041250e+04
 1.05651133e+05 1.40751025e+06 3.19449395e+04 1.06987703e+05
 3.98031836e+04 3.88661600e+06 1.04615523e+05 6.32754180e+04
 8.49070312e+04 1.07724050e+06 5.38808500e+05 1.00736953e+05
 1.09226275e+06 3.41674938e+05 2.38800344e+05 6.58876328e+04
 7.90985156e+04 7.60699812e+05 1.09027289e+05 9.47198750e+04
 1.53873641e+05 6.69931500e+05 1.82577661e+03 2.75354594e+05
 5.41358867e+04 2.60335469e+05 7.16079297e+04 2.46846719e+05
 3.21891062e+05 5.36664500e+05 3.01790312e+04 8.45984000e+06
 1.13571609e+05 2.82728406e+05 5.71536797e+04 1.22773680e+05
 2.68216125e+05 9.84590430e+03 6.18015664e+04 7.55174766e+04
 2.51372516e+05 4.78002906e+05 5.33220375e+05 1.37135775e+06
 5.67404336e+04 2.57493750e+04 1.13201560e+07 3.39259258e+04
 2.45905438e+05 2.69855938e+05 5.64645500e+05 4.83625078e+04
 2.00946875e+05 1.84512656e+05 1.23191977e+05 6.26387227e+04
 1.16265684e+04 2.08987641e+05 1.11791359e+05 1.41313344e+05
 1.82193578e+05 5.97151523e+04 1.14509023e+05 5.96899938e+05
 6.95196953e+04 2.18826406e+05 3.58538062e+05 1.13959992e+05
 6.96828750e+04 3.20273625e+05 4.88655531e+05 1.35758032e+03
 6.46869500e+05 6.76093625e+05 7.91640812e+05 2.57382575e+06
 1.71879703e+05 6.43034414e+04 4.48060117e+04 2.16018297e+05
 1.50464656e+05 1.14324758e+05 9.58759453e+04 5.30681328e+04
 1.50249250e+05 3.88819219e+04 2.35668562e+05 2.90109863e+04
 3.08365625e+05 8.20733203e+04 2.76235969e+05 4.42125094e+05
 7.09961426e+02 8.37704609e+04 8.48291625e+05 5.90953750e+05
 4.62389688e+05 5.87479414e+04 3.10674746e+04 9.17310000e+05
 3.09568312e+05 9.75992750e+05 4.31540312e+04 2.56626344e+05
 1.83695516e+05 1.19237125e+05 1.12293094e+05 4.26785781e+04
 4.17433047e+04 6.37076688e+05 6.21825664e+04 3.13886900e+06
 9.10581625e+05 9.29304766e+04 3.93599062e+04 2.65495371e+04
 2.09413406e+05 1.55900859e+05 1.28350031e+05 1.79855766e+05
 1.03744062e+04 4.48242062e+05 6.10479414e+04 2.76998719e+05
 1.44993711e+04 2.01006969e+05 1.46305719e+05 2.03059641e+05
 4.50031031e+05 5.04523438e+04 1.51511375e+05 1.94699700e+06
 6.80893688e+05 7.42355078e+04 9.79749400e+06 4.41611594e+05
 1.30075602e+05 9.82367188e+04 9.20268828e+04 1.61984641e+05
 2.05350094e+05 1.59116703e+05 4.38889938e+05 7.90302500e+04
 1.81576055e+04 1.36206156e+05 3.75958275e+06 2.12613691e+04
 2.96542906e+05 1.05090781e+05 4.47288477e+04 3.94344062e+05
 1.03255180e+05 4.28775125e+05 7.09453688e+05 6.99621016e+04
 4.47699350e+06 3.72007875e+06 8.88362188e+04 2.24579656e+05
 1.43246859e+05 5.79081758e+04 7.17172412e+03 4.31895820e+04
 1.16978828e+05 4.27305875e+05 7.30638188e+05 3.14168774e+03
 1.19587469e+05 6.31118398e+04 6.30138625e+05 5.74202344e+04
 3.88186172e+04 1.26195523e+05 1.44397547e+05 1.18758227e+05
 1.22145281e+05 2.10760234e+05 1.92301047e+05 2.44904492e+04
 7.55879766e+04 1.63608488e+06 1.12900757e+03 7.05887969e+04
 5.63252109e+04 5.79733672e+04 1.48919953e+05 5.85929500e+05
 1.98095391e+05 5.36301367e+04 9.32637188e+04 6.25279922e+04
 9.18833625e+05 4.09995664e+04 1.22936900e+06 4.33943094e+05
 1.60010406e+05 2.58843016e+05 1.87016859e+05 1.53763875e+05
 2.61782766e+05 4.12740050e+06 1.11269746e+04 3.20170469e+05
 1.07500102e+05 1.10792992e+05 1.61676234e+05 3.82498398e+04
 1.58860281e+05 5.18659883e+04 2.46676344e+05 7.61160156e+02
 5.80873800e+06 3.68627062e+05 6.73550812e+05 1.14755016e+05
 5.89059688e+04 1.68671125e+05 9.64578750e+04 4.75539906e+05
 6.65240438e+05 3.25734500e+05 1.05945203e+05 1.70108062e+06
 6.52600430e+04 6.25892432e+03 9.10922062e+05 9.98557656e+04
 2.63425125e+06 1.56334562e+06 2.32353453e+05 3.61890150e+06
 1.74277156e+05 7.71699812e+05 7.21235234e+04 1.30697469e+05
 3.90586289e+04 2.48608141e+05 2.01632910e+04 4.16026406e+05
 1.24906426e+04 3.98573594e+05 6.94121375e+05 7.69199316e+03
 8.34365781e+04 8.27180312e+04 7.61936797e+04 1.08668852e+05
 1.23677539e+05 4.22588344e+05 5.22442656e+05 4.21411562e+04
 2.10160094e+05 1.28173818e+04 7.04284188e+05 1.26474225e+06
 5.70216812e+05 1.02909990e+07 1.06711250e+05 1.34216212e+06
 1.45615188e+05 8.61152891e+04 2.18651914e+04 5.76461938e+05
 7.65450188e+05 1.30655195e+05 9.05239941e+03 3.28305969e+05
 3.03661531e+05 1.02754706e+06 6.72540703e+04 8.89951375e+05
 1.08728141e+05 1.57453000e+05 1.87456766e+05 1.40147828e+05
 1.12909975e+06 9.81850859e+04 5.21016950e+06 3.13333359e+04
 5.45361188e+05 9.19146250e+05 9.82232188e+04 4.85391719e+04
 3.65211445e+04 6.28477422e+04 5.57998672e+04 1.73782422e+04
 1.09277289e+05 3.36122500e+04 3.52390750e+05 5.01973086e+04
 1.71820484e+05 3.04756531e+05 1.20546484e+05 8.12455438e+05
 1.13599367e+05 5.70718242e+04 4.89562305e+04 2.06332688e+05
 1.25893062e+06 5.19258867e+04 2.60341344e+05 3.61443300e+06
 9.83358672e+04 4.42408969e+05 1.95225750e+05 3.04389812e+05
 5.29241125e+05 2.36587438e+05 1.78138969e+05 5.22236344e+05
 5.78926375e+05 6.11871375e+05 1.01455494e+06 9.81062031e+04
 8.88792383e+03 6.81952400e+06 1.14937016e+05 2.40665391e+04
 3.37046550e+06 4.27667719e+05 2.47835297e+05 3.12199668e+04
 6.89973875e+05 9.75925625e+04 1.84320605e+04 9.84704750e+05
 4.19808700e+06 3.77158062e+05 4.60367070e+04 7.55846016e+04
 7.05195750e+05 5.74857062e+05 4.95607400e+06 1.69931141e+05
 1.38729781e+05 4.51230375e+05 7.10819766e+04 3.38106602e+04
 6.18148562e+05 2.62598219e+05 1.16458712e+06 5.09400703e+04
 1.00503336e+05 1.10142898e+05 4.40873672e+04 1.21558212e+06
 1.06733828e+05 1.29964425e+06 1.48841656e+05 1.67633600e+06
 6.55913047e+04 4.00902852e+04 1.07026492e+05 4.57331016e+04
 4.31873656e+05 4.00019719e+05 1.08412797e+05 1.89088562e+05
 3.07684020e+07 2.12564469e+05 1.19395852e+05 7.03688188e+05
 9.80591312e+05 1.18037031e+05 2.15830025e+06 6.27249562e+05
 5.17765117e+04 4.96116133e+04 4.00596625e+05 4.01266906e+05
 7.10878375e+05 1.72343797e+05 4.89949609e+04 6.17083188e+05
 2.64969375e+05 2.02640625e+05 3.04904812e+05 5.64440273e+04
 7.78244125e+05 1.68857469e+05 7.72526250e+04 3.69050844e+05
 2.01677641e+05 1.76901012e+06 2.76275742e+04 8.57874531e+04
 1.03603242e+05 1.39790828e+05 1.20808070e+05 2.78977156e+05
 2.21029562e+05 1.34827609e+05 3.32429375e+05 3.74848875e+05
 1.08919398e+05 6.81612500e+04 9.91738438e+04 5.95325062e+05
 2.72817781e+05 6.14848672e+04 7.84346484e+04 1.29712590e+07
 6.64259844e+04 1.08633195e+05 2.27534359e+05 4.14660498e+03
 5.03727070e+04 3.02237594e+05 1.21000575e+06 1.05649727e+04
 2.38433375e+05 1.02256797e+05 1.41170469e+05 5.56376055e+04
 6.52547562e+05 5.36694961e+04 1.90866641e+05 3.95313242e+04
 3.19879189e+01 1.12999758e+05 3.21653312e+05 3.82382250e+05
 1.51227734e+05 4.56286594e+05 7.36642109e+04 8.59163438e+05
 1.88793535e+04 2.60938219e+05 7.86246953e+04 1.35363359e+05
 1.12191182e+04 3.69527781e+05 6.73698594e+04 4.28628125e+04
 1.12148352e+05 2.01524688e+05 7.81622109e+04 2.17812275e+06
 1.08244070e+05 1.16620172e+05 2.30984875e+05 2.21705422e+05
 7.30143594e+04 2.65722625e+05 5.10618656e+05 4.91187734e+04
 1.11199852e+05 2.81406400e+06 1.21814711e+05 1.73484750e+05
 1.19056273e+05 2.73854781e+05 3.07255969e+05 1.51429883e+04
 5.75622705e+03 1.03256984e+05 4.33440156e+04 3.74452281e+05
 2.99023281e+05 8.62855312e+04 9.16436094e+04 2.51568578e+05
 1.20913172e+05 1.50819125e+05 3.05666188e+05 9.29517875e+05
 5.86410250e+05 6.60770020e+02 4.48489406e+05 9.98095547e+04
 1.56107406e+05 4.63699750e+06 1.30061344e+05 1.95205078e+05
 7.28555188e+05 1.95705212e+03 9.82555234e+04 4.26142750e+05
 9.31616562e+04 7.90204297e+04 2.79853789e+04 4.90821445e+04
 9.63571641e+04 2.57459844e+05 8.84944453e+04 1.09819367e+05
 6.42639438e+05 6.39045125e+05 1.45209016e+05 2.55461688e+05
 3.87121750e+05 5.03753350e+06 6.03186719e+04 2.13537715e+04
 1.93027383e+04 9.44504922e+04 3.74026469e+05 8.16069219e+04
 1.16375025e+06 1.08433055e+05 1.92674422e+05 8.42104844e+04
 1.32722141e+05 2.28563050e+06 6.94061016e+04 7.34446438e+05
 1.03255781e+05 1.03369992e+05 1.02794226e+03 9.92369922e+04
 1.16545975e+06 7.26790156e+04 1.27269875e+05 2.23888516e+05
 5.32454023e+04 1.92812344e+05 6.81012891e+04 2.02739388e+06
 2.42196203e+05 4.58379922e+04 9.79618984e+04 1.05579109e+05
 9.07153281e+04 5.12704750e+05 4.49881781e+05 3.53818938e+05
 1.27894656e+05 1.59315672e+05 1.22148875e+06 4.11225195e+04
 2.41200675e+06 3.40842031e+04 8.52980438e+05 1.94144984e+05
 6.16916750e+05 1.33619850e+06 4.77407773e+04 1.52273401e+03
 1.53529641e+05 2.21216375e+05 5.01484281e+05 2.69896531e+05
 3.08185344e+05 1.91804859e+05 4.45783719e+05 3.18269469e+05
 2.04866367e+04 8.28606172e+04 7.94895938e+05 9.79078438e+04
 1.14164100e+06 6.77910750e+05 1.01667547e+05 1.55085771e+04
 1.38399328e+05 1.10985957e+04 2.27458688e+05 1.09063547e+05
 8.84471188e+05 4.01880094e+05 8.29641250e+04 1.38897453e+05
 4.29382156e+05 4.04904625e+05 1.54838469e+05 2.86939031e+05
 1.67337700e+06 1.57457312e+05 5.80239625e+05 6.21551688e+05
 8.52430000e+04 2.51083953e+05 9.04402266e+04 2.22766738e+04
 2.06451953e+05 9.34337875e+05 3.40602188e+05 4.68884023e+04
 2.38086078e+05 3.35211031e+05 6.59334375e+05 8.02513516e+04
 1.94621047e+05 2.76511445e+04 1.23014305e+05 8.80053672e+04
 1.32890188e+05 5.48934883e+04 4.82706781e+05 3.82616125e+05
 2.53593219e+05 1.54155031e+05 1.89738641e+05 3.40724146e+03
 1.65149560e+07 2.75088691e+04 5.09904531e+04 6.31340438e+05
 7.91334609e+04 8.96859297e+04 8.60752031e+04 1.40411406e+05
 3.14524355e+04 8.01956406e+04 1.95385453e+05 3.00731094e+04
 1.46098734e+05 1.07209312e+06 3.65285344e+05 9.05196094e+04
 1.09707594e+05 5.69678562e+05 9.17559688e+05 1.01629469e+05
 1.38359781e+05 1.54215969e+05 1.11732289e+05 3.56619141e+04
 8.78971484e+04 1.88445150e+06 2.21154550e+06 2.00171016e+05
 1.13236289e+05 5.38164062e+05 5.53995500e+05 1.25753700e+06
 9.24419922e+04 2.12228031e+05 4.05155406e+05 2.10337250e+05
 1.25389656e+05 9.14801094e+04 1.44871188e+05 3.85963794e+03
 2.69336125e+05 1.40681547e+05 7.50571328e+04 2.19574500e+06
 1.20899680e+05 4.02243031e+05 1.04400289e+05 4.19632125e+05
 5.66294297e+04 2.78704594e+05 6.22256484e+04 7.24281719e+04
 1.69989578e+05 9.24251094e+04 3.18204883e+04 3.31193086e+04
 7.95413672e+04 4.80598203e+04 5.70893984e+04 9.03732422e+03
 1.21478922e+05 2.22577062e+05 6.38089258e+03 1.31636738e+04
 1.90367797e+05 6.48811875e+04 8.08549500e+05 2.57538672e+05
 9.24955957e+03 5.11982031e+05 3.74301281e+05 1.54193425e+06
 6.39263188e+05 5.39388359e+04 1.09292133e+05 9.73059609e+04
 2.94760750e+05 1.19282289e+05 2.49471047e+05 1.25488602e+05
 3.30818750e+04 1.68810957e+04 4.55205031e+05 3.13145475e+06
 1.32443984e+05 3.11773062e+05 5.64177000e+05 2.03797938e+05
 7.25789250e+05 2.62802475e+06 1.05644288e+06 1.73499359e+05
 4.64674219e+04 8.38173203e+04 3.67419938e+05 4.78026625e+05
 1.25157775e+06 7.98927500e+04 5.03643844e+05 6.47062070e+04
 3.31235031e+05 6.06365500e+05 8.43680200e+06 3.60632062e+05
 7.98383359e+04 7.76959688e+04 1.55562300e+06 7.12248962e+02
 1.64580953e+05 1.93449250e+05 8.58203047e+04 1.19818273e+05
 4.94329961e+04 2.38003953e+05 1.42077900e+06 4.52475938e+04
 4.62513469e+05 3.28207031e+04 9.26801172e+04 6.98106062e+05
 4.96444766e+04 9.92289746e+03 2.46747562e+05 2.43388094e+05
 4.46198789e+04 1.98054250e+05 8.47803875e+05 3.82393375e+05
 3.14278275e+06 4.57645469e+05 2.18364766e+05 1.04736477e+05
 4.11805977e+04 1.25115020e+04 2.07238438e+05 1.35753438e+05
 1.65308344e+05 2.17500656e+05 5.44364938e+05 7.18707344e+04
 1.01742898e+05 1.86585762e+06 1.59926225e+06 2.52239844e+04
 1.20085102e+05 3.14266000e+06 9.10181328e+04 2.36820641e+05
 1.18953352e+05 1.36593391e+05 3.31504125e+05 1.75748641e+05
 3.70064688e+05 1.28304820e+05 8.51905062e+05 1.13483412e+06
 9.59739125e+05 1.22230889e+04 7.34933375e+05 2.71773719e+05
 1.82171594e+05 3.69681469e+05 6.50060062e+05 5.21439297e+04
 1.04882375e+05 6.29455938e+05 1.15025479e+04 2.95901975e+06
 3.61312469e+05 1.25507156e+05 1.74533301e+04 6.52274492e+04
 1.15749898e+05 1.21657078e+05 2.10902775e+06 3.37248875e+06
 1.96656484e+04 2.03250391e+04 7.98452891e+04 6.94149375e+04
 4.97041938e+05 9.57801125e+05 1.73247594e+05 1.52845762e+06
 1.31362109e+05 1.07235945e+05 7.37874375e+05 5.63172500e+05
 4.46326250e+05 1.68214766e+05 1.17102500e+05 5.70579336e+04
 9.46878188e+05 5.33433125e+04 5.94338375e+05 2.03893127e+03
 6.92403125e+04 2.01213531e+05 2.20954234e+05 2.32914050e+06
 2.59298688e+05 8.12021953e+04 2.28097797e+05 1.83789297e+04
 1.76506344e+05 6.74485234e+04 4.12374500e+05 1.93546938e+05
 2.72146406e+05 2.85157250e+05 4.68172281e+05 2.81843275e+06
 2.35024062e+05 2.08825488e+06 9.30581328e+04 7.28796797e+04
 2.43005650e+06 1.19567555e+05 6.69482750e+06 2.55511375e+05
 1.30654570e+04 2.53010719e+05 4.46648281e+04 5.27155039e+04
 6.11940688e+05 6.84932188e+04 1.33008325e+06 1.57830328e+05
 2.18768125e+06 8.74390469e+04 1.24209562e+05 1.98457984e+05
 1.07756680e+05 2.74381031e+05 1.36576263e+02 3.08215188e+05
 5.99660039e+04 1.80308828e+05 4.99511836e+04 2.16335047e+05
 1.44674050e+06 3.20869277e+04 3.63873425e+06 1.14767500e+06
 5.32919125e+05 1.70505109e+05 2.08102469e+05 1.12424602e+05
 2.83418719e+05 6.72543125e+04 1.45392859e+05 2.16852598e+04
 3.69605566e+03 8.23844141e+04 3.84942875e+05 6.04816750e+05
 4.11156156e+05 4.36487812e+04 5.60080195e+04 3.10079648e+04
 1.87796699e+04 3.81885117e+04 1.93169141e+05 1.61672450e+06
 5.14205664e+04 6.06162938e+05 7.59260000e+04 4.33083750e+05
 3.82036812e+05 1.35933156e+05 4.94750844e+05 3.95131094e+05
 1.81023984e+05 7.05886250e+05 6.43620586e+04 5.28308359e+04
 7.24487891e+04 1.99222219e+05 6.40469125e+05 1.28537180e+05
 5.51850234e+04 6.72319688e+05 1.17054438e+05 6.23130600e+06
 1.78082250e+05 1.90788203e+05 2.45724500e+05 1.94350109e+05
 3.09400208e+02 5.60478281e+04 7.53547375e+05 1.79146578e+05
 1.39361438e+05 9.45288359e+04 7.06243750e+04 2.03260328e+05
 4.25874656e+05 1.44463891e+05 6.93295703e+04 1.57359547e+05
 8.43656328e+04 1.96960891e+05 5.86033750e+05 4.74407773e+04
 2.97195844e+05 1.08984633e+05 2.49816211e+04 4.27486440e+07
 3.32728312e+05 2.00412953e+05 7.44527969e+04 1.52989250e+06
 3.97194570e+04 2.98725781e+05 2.94167719e+05 8.47081328e+04
 2.55784199e+04 8.15899609e+04 1.76875266e+05 1.12795588e+06
 6.36694688e+05 1.36786953e+04 2.24054953e+05 2.42056672e+05
 2.69312050e+06 8.96250547e+04 1.72260938e+05 1.65618906e+05
 1.17168195e+05 3.07371438e+05 1.04600133e+05 3.43494406e+05
 5.75375200e+06 5.87504395e+03 2.80603750e+05 3.02081582e+04
 2.28383000e+05 4.81416914e+04 2.64050391e+04 2.59750300e+07
 1.26160719e+05 6.23462875e+05 4.74300195e+03 4.03856125e+05
 6.26654000e+05 3.98117312e+05 2.54395500e+05 1.32036412e+06
 4.76936445e+04 2.22878500e+05 6.73467688e+05 7.24390938e+05
 4.19642305e+04 2.55653691e+04 1.07694820e+05 6.18185039e+04]
656412.7
42748644.0
