[4.60724844e+04 2.73274719e+05 1.57796469e+05 3.07343125e+05
 1.28917638e+06 3.81483938e+05 1.48765547e+05 1.50438212e+06
 2.69005925e+06 6.50337578e+04 1.20187461e+05 2.37807125e+06
 1.19684938e+06 1.64835332e+04 1.43498094e+05 2.83586375e+06
 4.71975500e+05 6.75565625e+05 3.81896576e+09 2.60934150e+06
 2.05553690e+09 3.71437875e+05 3.14984950e+06 2.03289031e+05
 4.24223828e+03 8.07348250e+05 6.11370200e+07 8.26862344e+04
 2.52619578e+05 1.46336953e+05 1.92316362e+06 2.84069562e+05
 4.46437688e+05 2.34116152e+04 8.10746438e+05 3.25871719e+05
 1.15944094e+05 8.33875469e+04 5.89109258e+04 3.61306624e+08
 3.16528600e+06 2.76372070e+09 1.29547000e+06 8.28798000e+05
 5.08978711e+04 1.91440977e+04 3.42270531e+05 6.17240000e+04
 3.69778344e+05 2.02005188e+06 4.54901938e+05 1.98050516e+05
 5.98009688e+04 5.30222100e+06 1.65748844e+05 1.47343252e+04
 1.64678662e+06 7.22572125e+05 6.97509312e+05 5.05729856e+08
 5.01363600e+06 9.82328047e+04 2.86837461e+04 4.71049141e+04
 1.19572859e+05 4.39052531e+05 1.24055945e+05 1.03685125e+05
 1.67946484e+05 1.12499438e+06 5.45375680e+08 2.24629672e+05
 7.81061641e+04 3.22974531e+04 3.21735625e+05 3.57801656e+05
 6.58376016e+04 1.96487925e+06 1.98223047e+05 5.41636700e+06
 1.46797141e+05 8.90209062e+05 6.53943480e+07 3.68467938e+05
 1.03193006e+06 1.15120992e+05 2.03858391e+05 1.56198877e+04
 4.32203531e+05 2.35813344e+05 1.10429812e+06 1.77115212e+06
 4.83004453e+04 9.08437250e+05 3.12566497e+10 9.34466406e+04
 3.81554594e+05 3.65283906e+05 1.37046262e+06 2.20790624e+08
 4.67730312e+05 3.37086750e+05 1.14037203e+05 1.26074266e+05
 3.79305750e+05 5.90703750e+05 1.40566438e+05 5.10342500e+04
 7.28381312e+05 1.65664240e+08 3.38662240e+08 2.14760725e+06
 8.74116719e+04 6.08152312e+05 1.65371275e+06 3.21922906e+05
 3.93289688e+04 4.52526336e+09 5.90587250e+05 6.69665234e+04
 7.23851875e+05 7.85947188e+05 2.86603366e+09 4.10212425e+06
 2.07413125e+05 1.05207695e+05 8.55131875e+04 9.01815312e+05
 3.30569469e+05 4.76805938e+05 7.21378594e+04 2.63644781e+05
 2.59055000e+04 2.37666357e+03 3.45533312e+05 2.14079578e+05
 2.27941862e+09 4.78609568e+08 8.46749125e+05 8.03564438e+05
 1.06803738e+06 1.36140875e+06 2.42768047e+05 1.75266734e+05
 5.31951250e+05 2.20607438e+05 4.29785216e+08 2.64876425e+06
 2.85999475e+06 4.10896969e+05 2.65819616e+08 2.34286328e+05
 3.52683968e+08 1.37761375e+05 1.97929656e+05 5.11835000e+04
 2.03205488e+04 1.20824700e+07 1.23370375e+05 5.53818812e+05
 4.69411100e+06 4.98625312e+05 1.52843744e+08 2.99347938e+05
 3.37508000e+05 4.59602094e+05 2.64697406e+05 4.91007872e+08
 1.60860844e+05 1.42851075e+06 1.10122224e+08 3.70725312e+05
 2.42168047e+05 2.73408469e+05 2.45546219e+05 4.50273969e+05
 9.68809938e+05 4.38580273e+04 4.66559922e+04 1.40975240e+07
 6.48406125e+05 1.78651047e+05 1.69865820e+07 1.01467523e+05
 2.13755254e+04 9.55998359e+04 3.29371904e+08 6.32269961e+04
 5.18177750e+05 1.04422383e+05 4.43320352e+04 1.30062547e+05
 5.83830586e+04 1.56672734e+05 3.78356725e+06 2.45107438e+05
 1.01775131e+06 4.69165781e+04 1.23044039e+05 5.88542312e+05
 2.07896484e+05 4.81358688e+05 2.16624875e+06 6.08607936e+08
 9.94032800e+06 1.17151713e+10 3.39034607e+02 4.14112281e+05
 3.69923750e+04 6.98978125e+04 3.47502312e+05 7.79129500e+05
 4.96652781e+05 1.74247800e+06 7.93046484e+04 2.08410000e+04
 3.40474500e+05 1.26721102e+05 1.65077100e+06 2.61718906e+05
 5.11441875e+05 2.16217148e+04 2.95295594e+05 1.44600638e+06
 3.30093031e+05 2.32260516e+05 1.33140992e+09 4.97771602e+04
 1.31876494e+04 2.04245562e+06 4.35648844e+05 3.84136938e+05
 2.88765812e+05 6.11627344e+04 1.14665742e+05 1.13618141e+05
 4.22335250e+05 3.27787344e+04 4.14541781e+05 1.14043672e+05
 2.03871900e+06 1.67964469e+05 7.99963250e+05 9.99034922e+04
 1.78868574e+04 2.06462766e+05 2.58312453e+05 1.10504172e+05
 8.87406562e+04 2.54341100e+07 1.02301273e+05 7.62958625e+05
 1.86368656e+05 7.34425391e+04 6.24914375e+04 2.27163027e+04
 4.07220375e+05 2.45859500e+05 2.58853156e+05 5.70770812e+05
 5.77256200e+06 2.34116516e+05 7.02674850e+06 8.11859844e+04
 6.65705908e+03 4.58457344e+08 7.57380625e+04 9.26165312e+04
 1.63267038e+06 4.99175750e+05 4.27255000e+04 3.01842625e+06
 3.37689888e+08 1.43692031e+05 6.53921875e+05 4.44729469e+05
 1.03464622e+10 1.15747562e+06 7.06308312e+05 6.37857000e+06
 2.93436500e+05 1.39270812e+05 4.10983789e+04 2.96768438e+05
 4.17928516e+04 5.82365500e+05 5.09370938e+05 5.58957062e+05
 1.96250664e+04 6.99634000e+05 2.16182440e+07 1.41641656e+05
 3.57633156e+05 1.44299141e+05 2.95298125e+05 1.72237922e+05
 3.96420656e+05 1.99766162e+06 4.81970844e+05 1.22901192e+08
 2.83657438e+05 6.53499766e+04 2.51886875e+06 4.47992438e+05
 1.43734950e+09 7.58984240e+07 4.06138281e+05 6.58202500e+05
 1.46164250e+06 1.39302750e+05 9.55270547e+04 7.10692812e+05
 1.63748375e+06 4.59324688e+04 1.05930461e+05 1.60748656e+05
 1.22476312e+05 2.05745838e+06 1.16491469e+05 7.54755250e+06
 4.85313242e+04 1.21811610e+09 2.43444172e+05 1.52210078e+05
 2.50479411e+09 4.65463906e+04 4.70590300e+06 1.60478984e+05
 1.00038706e+06 3.37546496e+09 4.78910625e+04 3.18470938e+04
 2.01717344e+05 2.54858719e+05 3.22517688e+05 4.67870188e+05
 6.99758438e+04 3.67765430e+04 1.04558406e+06 6.18130820e+04
 1.22909609e+05 1.30891883e+05 9.50998750e+05 2.51617828e+05
 6.62743047e+04 1.11101477e+05 2.43587188e+04 1.70413775e+06
 3.41332500e+06 2.17173172e+05 1.91126325e+06 1.27823432e+10
 3.46530625e+05 3.15129656e+05 1.98595703e+05 8.05845875e+05
 4.40754375e+05 1.53643016e+05 1.17913906e+05 2.02337125e+06
 1.31540050e+06 3.05749018e+09 5.23226700e+06 2.92897719e+05
 1.59062406e+05 1.00680190e+07 3.13553375e+05 1.20853104e+08
 1.41440676e+10 1.93935938e+05 8.00733000e+05 2.23194163e+09
 1.96563300e+07 1.94352656e+05 2.30546328e+05 2.81602219e+05
 2.91390425e+06 1.64168312e+06 3.37272617e+04 7.28113828e+04
 7.92557375e+05 1.40073400e+06 8.43402100e+06 9.01450000e+03
 6.01291133e+04 2.59942906e+05 6.14795752e+03 3.38155344e+05
 6.21493188e+05 1.19065312e+06 4.36703750e+06 7.42456006e+03
 1.06276320e+05 2.05810703e+05 1.91549719e+05 1.50228975e+06
 5.24579312e+05 1.35384325e+06 3.55378438e+04 2.66604850e+06
 4.10713477e+04 5.18096094e+05 5.80387305e+04 2.25322400e+08
 7.45482875e+05 1.04740456e+06 6.97003047e+04 2.62911348e+04
 5.01555320e+07 6.68757812e+04 3.25283438e+05 9.85025250e+05
 1.59841262e+06 1.11327852e+05 1.34068550e+06 3.18579469e+05
 3.91552375e+05 1.65906588e+06 4.70691969e+05 6.84803625e+05
 4.01448875e+05 7.48093188e+05 2.84804406e+05 7.14382656e+08
 2.00154719e+05 3.50736750e+05 1.11210752e+09 4.14253719e+05
 5.10153656e+05 2.96274048e+03 2.13396125e+05 6.15544688e+04
 1.89207188e+05 2.11380900e+06 1.95739590e+04 3.90133281e+05
 1.00951992e+05 2.94608984e+04 2.90809562e+05 5.42854250e+05
 6.67922688e+05 2.16347125e+05 2.23836150e+06 6.45638812e+05
 2.60523184e+08 6.08570000e+04 4.71024544e+08 1.36665766e+05
 2.67341219e+05 5.13406562e+05 2.21537617e+04 4.98286160e+07
 7.03721172e+04 4.12255181e+09 3.11885500e+05 2.40027616e+08
 5.91466328e+04 8.96970500e+05 1.24383862e+06 3.28331656e+05
 9.66873625e+05 7.87736688e+05 2.39852734e+05 2.17824736e+08
 2.55241375e+05 1.33383272e+08 2.99132312e+05 3.39242734e+04
 3.98416448e+08 1.00029962e+06 1.24385212e+06 7.64335391e+04
 1.36366172e+04 4.22019500e+05 1.24823594e+05 2.95465975e+06
 2.37389808e+08 3.69564719e+05 3.61382695e+04 4.76295977e+04
 3.98388594e+04 7.67914062e+05 3.33515156e+05 1.07236977e+05
 1.77598531e+05 4.74598656e+05 4.40257625e+05 7.67035375e+05
 2.64990438e+05 6.34696812e+05 2.38587148e+04 8.27040375e+05
 1.46462672e+05 3.67961625e+05 3.74146211e+04 1.04749984e+05
 3.09035906e+05 5.91660800e+06 1.72257922e+05 4.12365094e+05
 4.38787266e+04 2.76613156e+05 4.42527469e+05 1.80275888e+08
 6.25160000e+04 1.80384438e+05 9.71486797e+04 4.61224844e+04
 1.01156734e+05 1.10771156e+05 2.96298719e+05 5.60758438e+05
 1.66630859e+04 2.03649453e+05 2.46302525e+06 4.91976806e+09
 2.77918281e+05 2.81940448e+08 5.70142312e+05 5.79682812e+05
 3.21693875e+05 9.04682100e+06 8.72657266e+04 1.03835570e+05
 3.86778219e+05 1.74114640e+08 1.41455984e+08 7.56267500e+05
 5.80049875e+05 2.12237920e+08 4.33039968e+08 7.15456484e+04
 2.40831584e+08 1.65339025e+06 2.15442703e+05 6.74665547e+04
 3.65454575e+06 8.60344875e+05 1.85137234e+05 8.46439438e+05
 1.40748262e+06 5.26125800e+06 1.55736203e+05 3.36537250e+05
 4.63073633e+04 7.83550080e+07 1.44067136e+09 3.36967930e+04
 2.18680969e+05 2.83569668e+04 3.18646094e+05 1.11022445e+05
 6.58316172e+04 8.57744000e+06 1.37314812e+05 4.10208219e+05
 5.66152750e+05 3.47826992e+04 4.86272500e+04 6.66824062e+04
 3.44346342e+09 1.32489933e+09 4.53106750e+05 6.04313375e+05
 9.49185234e+04 8.93410703e+04 4.38286836e+04 1.05831270e+10
 3.43007344e+05 5.25499258e+04 5.27561625e+05 1.14724633e+05
 2.90124500e+06 1.70232500e+06 1.71191922e+05 3.87187938e+05
 7.84547375e+05 2.11558547e+05 8.17738812e+05 1.93458912e+08
 3.02999325e+06 3.36243906e+04 8.29841188e+05 1.02718944e+06
 2.82014766e+04 9.89536300e+06 1.23892896e+08 9.75109570e+03
 9.77274500e+05 1.29431175e+06 2.48148175e+06 2.08180766e+05
 5.98489875e+05 3.48160062e+05 6.70762562e+05 7.19985312e+05
 1.63088984e+04 1.19410578e+05 7.69799125e+05 5.45691641e+04
 6.73544750e+06 2.67367438e+05 7.25537344e+04 4.62689688e+04
 2.52325281e+05 2.06330578e+05 6.76057024e+08 5.34787207e+03
 2.47751281e+05 8.21451484e+04 5.92819570e+04 2.85631660e+04
 2.40298982e+09 1.32425888e+06 6.43441875e+05 1.60553328e+05
 1.03686188e+06 4.36638050e+06 2.20258650e+06 5.18272563e+09
 2.21141172e+04 7.37071172e+04 1.10933578e+05 1.26735852e+05
 2.64775281e+05 1.08188450e+06 1.79149484e+05 1.40647844e+05
 4.64266688e+05 4.68315469e+05 1.17940188e+06 3.40485938e+04
 8.27472562e+05 1.96649984e+09 1.45725280e+08 5.25458906e+04
 8.18868750e+05 3.86343789e+04 1.29480133e+05 3.16224100e+06
 3.42302695e+04 2.19295953e+05 2.47538781e+05 2.93058944e+08
 1.94909780e+07 4.65499188e+05 6.63894400e+08 2.18415411e+09
 9.92162344e+04 6.62086797e+04 2.25971609e+05 1.73302328e+05
 9.65155312e+04 3.12992480e+04 4.69885281e+05 4.13710031e+05
 4.75616832e+08 2.44466550e+06 2.30884641e+05 6.42636719e+04
 4.00689531e+05 2.09224725e+06 1.03149656e+05 2.97130656e+08
 3.29128896e+08 1.05931501e+09 1.14575984e+05 2.88673000e+05
 6.60952246e+03 3.08729350e+06 1.13438659e+10 9.44335469e+04
 1.34676826e+04 1.05148600e+06 1.57463109e+05 2.67859000e+06
 1.01602852e+05 3.32925219e+05 3.99687031e+05 1.51684575e+06
 1.16700273e+05 8.50419297e+04 3.08899031e+05 1.01861555e+05
 6.52130944e+08 1.31984297e+04 2.36284883e+04 2.89797900e+06
 1.20023711e+05 3.74936812e+05 5.68052383e+04 9.24540812e+05
 1.78618809e+04 6.67495062e+05 2.44174141e+04 8.54013203e+04
 1.59505812e+06 3.89049906e+05 6.45723938e+05 1.07253037e+04
 5.05556736e+08 2.71155469e+05 1.50218422e+05 5.13292383e+03
 1.08828633e+05 1.35396047e+05 1.06596141e+05 2.81031309e+04
 1.21529588e+06 1.71284258e+04 1.83340281e+05 2.09430625e+05
 9.35111000e+05 5.35457062e+05 7.74012688e+05 3.76719062e+04
 2.59441344e+05 2.94236768e+08 4.46513562e+05 2.38749766e+04
 1.57347078e+05 2.93271219e+05 4.75384750e+05 3.75286750e+06
 7.50328906e+04 2.29709688e+05 6.74371688e+05 1.26730445e+10
 5.25063188e+05 4.58622500e+04 5.62798250e+05 3.52122578e+04
 1.23857825e+06 7.26148500e+06 2.44464594e+05 7.25731456e+08
 8.13349141e+04 5.28072500e+04 2.20142641e+05 3.45150234e+09
 9.25011700e+06 5.05805156e+04 1.68068234e+05 2.39708750e+05
 5.04411188e+05 2.54843453e+05 2.17890520e+07 1.96048371e+09
 3.45225742e+04 2.86020645e+04 3.79709275e+06 1.99892930e+04
 4.38746523e+04 1.43454825e+06 1.24065984e+05 1.39709141e+05
 1.33088375e+05 1.93042625e+05 2.02270500e+05 6.38344648e+04
 1.47705328e+05 1.01579469e+05 1.25734131e+04 5.56463188e+05
 5.10728625e+05 1.61781672e+05 9.82073688e+05 3.51599875e+05
 2.99230906e+05 1.06481350e+06 1.84791438e+06 2.21675000e+06
 9.45831700e+06 2.45614336e+04 6.40109824e+08 1.94760266e+05
 3.09920410e+04 3.93902812e+04 6.23715625e+05 5.06016484e+04
 5.17191438e+05 3.93358156e+05 1.49454042e+09 3.02875406e+05
 8.06253516e+04 8.10662375e+05 2.69620500e+06 1.21316578e+05
 2.43415016e+05 1.91221800e+06 1.99063203e+04 5.29463688e+05
 6.86807422e+04 2.56158725e+06 7.74504250e+05 5.60710062e+05
 1.58646225e+06 7.34380000e+04 9.21618250e+05 3.29720350e+06
 2.70757375e+06 2.16387953e+05 8.37838750e+05 5.82244336e+04
 1.11223812e+05 1.01294119e+06 1.69050516e+05 4.92929609e+04
 1.68187891e+04 1.86140075e+06 1.14316375e+05 4.38075400e+06
 3.67390075e+06 8.68848768e+08 1.32495775e+06 3.43592617e+04
 4.70297984e+08 4.00840117e+04 9.90562250e+05 5.80036000e+06
 4.01374750e+05 2.18573625e+05 7.42012350e+06 9.43524766e+04
 4.56802918e+09 6.18781875e+05 1.69643156e+05 4.34056312e+05
 2.25438047e+05 1.67412032e+08 1.90314650e+06 4.98647375e+05
 5.90610938e+05 9.70243750e+05 1.63968484e+05 3.05570098e+04
 8.57487812e+05 6.97818594e+04 2.12380339e+09 7.23254375e+04
 6.95255000e+04 5.57595801e+03 3.66343438e+05 9.67030400e+06
 1.50426109e+05 5.58112988e+03 1.16447559e+04 2.59560304e+08
 3.28101031e+05 6.79348984e+04 6.32774500e+05 3.11004656e+05
 3.29904727e+04 3.06849625e+05 8.17087360e+08 8.08058300e+06
 1.69899648e+04 4.64389500e+06 2.47194594e+05 1.77199844e+04
 1.61574512e+06 7.30491250e+05 3.76492225e+06 2.59089453e+05
 2.61694031e+05 4.41127680e+08 9.87102891e+04 7.07444922e+04
 7.89333938e+05 4.87362500e+04 9.58616125e+05 1.05334703e+05
 5.65929900e+06 6.35305176e+03 3.80007125e+05 1.37353025e+06
 2.87123633e+03 6.89883625e+05 2.62920812e+05 3.03529375e+05
 5.38907227e+04 1.05378175e+06 2.27065266e+05 1.71861078e+05
 4.92086450e+06 2.88566152e+04 5.93390600e+06 2.89306500e+05
 3.71658325e+06 5.73421375e+05 2.18822875e+05 4.52126912e+08
 7.47169000e+05 3.05995281e+05 1.44534746e+04 1.54077734e+05
 1.10905367e+05 2.05506608e+08 8.38333750e+04 5.49485508e+04
 1.70554338e+06 6.61341172e+04 7.64039531e+04 2.34590688e+05
 8.11209766e+04 7.30740156e+04 1.31073562e+05 2.00559425e+06
 1.17027391e+05 2.43097062e+05 3.75836125e+05 1.95836438e+05
 1.58948766e+05 3.01427617e+04 1.93348875e+06 2.77193906e+05
 1.48744625e+05 1.24480350e+06 5.58906406e+04 2.68773145e+04
 5.48581625e+05 6.27699188e+05 2.48687094e+05 1.91408891e+05
 8.83822168e+03 2.33006899e+09 9.55827031e+04 1.00874700e+07
 3.76235781e+05 1.25984125e+05 5.76789188e+05 2.48118297e+05
 4.62818594e+04 4.60620947e+03 2.93701156e+05 9.21339812e+05
 5.81780672e+08 1.14468477e+05 1.67015172e+05 1.09241894e+09
 1.37455175e+06 2.77441438e+05 1.15786922e+05 1.80811797e+05
 2.60505266e+05 1.31156125e+06 6.10330500e+05 3.61100625e+05
 2.70933688e+05 7.77869000e+05 1.11259262e+06 2.45700320e+08
 2.80664730e+09 1.04717336e+05 1.23011820e+05 1.06122212e+06
 4.43264219e+04 3.64705562e+05 3.94880812e+05 6.20718750e+04
 2.00767656e+05 3.52533094e+05 1.28366711e+05 2.91935325e+06
 1.66645107e+09 9.98624560e+07 1.29004400e+06 7.67321250e+05
 9.22859725e+09 2.44221175e+06 7.32534750e+05 1.24210789e+05
 9.81286172e+04 1.00364594e+05 6.09355781e+04 1.53282803e+09
 5.34014650e+06 2.62180000e+04 2.34702669e+09 2.55918969e+05
 3.05752531e+05 5.70492285e+03 2.35753781e+05 2.60594180e+07
 8.00783984e+04 1.73469325e+06 1.49241074e+04 8.66295875e+05
 8.62325125e+05 2.02181812e+06 2.63524438e+05 1.74430212e+06
 2.59311578e+05 5.75406375e+05 5.82812188e+05 2.05272575e+06
 5.49802891e+04 5.06034844e+05 5.97854727e+04 2.11190172e+05]
234895490.0
31256650000.0
