[1.15222852e+04 1.90852585e+02 2.98693924e+01 6.95368347e+02
 9.48582947e+02 9.91906494e+02 1.39786743e+02 4.03319116e+03
 9.51540588e+02 6.30986694e+02 2.60059351e+03 7.68744385e+03
 3.38108246e+02 1.32153595e+02 1.83507919e+02 1.82401941e+03
 7.43451660e+02 1.73529816e+02 9.89973083e+02 3.72342236e+03
 1.00373125e+04 2.05199585e+03 1.33130391e+05 2.51169968e+02
 1.35690201e+02 8.01966895e+03 4.74565430e+04 2.18308296e+01
 7.09097168e+02 5.00546417e+01 7.43426819e+02 1.52448633e+03
 1.73635840e+03 1.82324963e+03 1.51736206e+02 2.97865051e+02
 1.17790613e+03 7.18007126e+01 3.38122144e+03 4.28524048e+02
 1.30178479e+03 3.71320312e+03 4.73890674e+03 1.35682861e+04
 4.21746674e+02 8.07709045e+02 1.49935776e+02 7.19876465e+02
 2.91755188e+02 4.21895557e+03 1.36218918e+02 3.67991064e+03
 2.91226349e+02 4.47375830e+03 7.76389954e+02 2.09538452e+02
 1.90951025e+03 2.02768359e+04 6.95777197e+03 2.92369202e+02
 3.75080762e+03 4.01110986e+03 2.53139404e+03 1.72234634e+02
 1.38205185e+02 3.53353058e+02 2.75295361e+03 4.96751074e+03
 2.01651497e+01 6.90047559e+03 3.38974335e+02 3.59531348e+03
 2.12795807e+02 3.89326996e+02 3.51797437e+03 2.89662506e+02
 1.07968396e+03 5.24227490e+03 7.30719376e+00 4.07607129e+03
 1.64985489e+02 2.66317603e+03 3.19137726e+02 5.70280151e+02
 2.20241531e+02 2.84409302e+02 7.55402405e+02 7.19199677e+01
 2.99019800e+03 3.93350317e+03 7.91044922e+02 5.88885742e+03
 4.89649994e+02 1.29741333e+02 1.00943350e+04 4.35206032e+01
 2.56540070e+02 5.26136230e+02 2.64739917e+03 1.33506760e+02
 5.76416626e+01 1.02080978e+02 8.06030640e+02 1.51278601e+03
 2.74794373e+02 4.10733978e+02 2.29665967e+03 8.34269531e+02
 4.48760596e+03 8.95185242e+01 4.08921143e+02 3.23491626e+03
 1.25274695e+03 4.04149512e+03 3.61895557e+03 2.14427612e+02
 1.29132900e+01 1.58756210e+02 2.18054565e+03 3.58187752e+01
 5.19843262e+02 1.56196436e+04 5.34170654e+03 4.35801367e+04
 3.93746613e+02 4.38955164e+00 1.92325403e+03 3.50524445e+02
 6.10582031e+02 1.29000769e+03 7.86112452e+00 3.75489319e+02
 9.32197205e+02 4.22141327e+02 1.03893396e+03 3.48820312e+02
 8.65544043e+03 9.18659485e+02 2.24085571e+03 1.71558740e+03
 2.91050708e+03 1.92028717e+02 1.58050645e+04 5.63624084e+02
 1.61326147e+03 3.19244385e+02 2.94732697e+02 1.64373164e+04
 5.55278174e+03 1.46068115e+04 8.26112671e+02 2.77892975e+02
 6.15365112e+02 1.89900330e+03 4.02652740e+02 8.91472168e+03
 1.42206253e+02 6.86936951e+02 6.06688919e+01 3.81191289e+04
 8.91748828e+03 1.59426132e+02 4.83650330e+02 1.16158424e+02
 7.50464062e+03 6.70439606e+01 2.26761475e+02 2.97657593e+03
 6.94726929e+02 8.60458069e+02 4.94281044e+01 1.33241101e+03
 4.86559875e+02 2.80467102e+02 1.86442310e+03 2.03865112e+03
 3.02925323e+02 2.62539734e+02 1.14913013e+03 2.71425562e+03
 1.04584336e+04 1.76545273e+02 7.16993906e+04 6.02777490e+03
 6.69008606e+02 4.53838989e+02 1.58413132e+02 2.70133154e+03
 4.21438135e+03 1.90176355e+03 4.58895233e+02 8.67976379e+02
 3.82262787e+02 9.86314209e+02 5.70098203e+04 8.30147839e+00
 1.19490781e+04 5.41949890e+02 2.27271538e+01 2.66161377e+02
 7.86452393e+03 5.14152344e+03 1.32750117e+04 2.16816208e+02
 4.00103125e+04 1.77336755e+03 2.51236877e+02 6.40230371e+03
 3.10736938e+02 3.31570854e+01 1.13652563e+03 2.91262634e+02
 2.74945068e+02 8.00080872e+01 3.73605469e+03 1.11862236e+02
 3.74847260e+01 3.92261047e+02 4.70366406e+03 9.68031769e+01
 1.10206207e+02 1.90729477e+02 4.87576065e+01 1.70964824e+04
 9.79585632e+02 1.21286182e+03 6.48506531e+02 8.73632050e+00
 2.62424297e+01 1.23133984e+04 2.60741211e+02 8.25313904e+02
 3.48657501e+02 1.15671036e+02 7.23346481e+01 1.18501392e+03
 3.31145294e+02 7.67578354e+01 1.61891357e+02 1.21736076e+02
 1.40972156e+03 4.66818542e+02 2.17489722e+03 6.61443176e+02
 1.35852234e+03 4.28945020e+03 3.51582581e+02 2.78897156e+02
 7.13587646e+02 2.85279414e+04 3.29127075e+02 2.79573389e+03
 1.30649628e+02 2.00307556e+02 7.07504578e+02 1.53313464e+03
 6.06239600e+03 3.03695431e+01 2.89615753e+02 3.21860321e+02
 3.54589258e+04 1.30550244e+04 3.40727539e+03 1.27561821e+02
 4.53722572e+01 2.30587305e+03 5.50546265e+02 1.79985852e+03
 2.80734595e+03 4.06972729e+03 5.77479134e+01 2.93284225e+01
 2.81217804e+02 1.88981659e+02 2.07539941e+03 3.07570610e+01
 8.60912964e+02 9.91233398e+02 1.17533730e+02 1.37198223e+04
 5.68421680e+03 2.50244409e+03 1.47058624e+02 2.66272290e+03
 5.56795464e+01 2.05176437e+02 3.52280396e+02 1.69906891e+02
 1.02456775e+03 2.50470093e+03 4.26296758e+04 2.06257492e+02
 6.04033752e+02 5.59282837e+02 5.74385193e+02 1.71255798e+01
 1.50106445e+02 1.43023779e+03 9.16032776e+02 1.61061249e+02
 1.60556348e+03 2.66046478e+02 1.41089526e+03 5.31740295e+02
 6.70081665e+02 1.77459570e+04 3.47158875e+02 1.39417419e+03
 1.42568835e+03 9.90263123e+02 2.22290821e+01 3.19724487e+03
 6.14899902e+02 1.92023048e+01 3.18444550e+02 8.33581238e+02
 7.01179004e+03 6.94243555e+03 6.35970703e+02 9.37216699e+03
 3.67977409e+01 9.52272110e+01 5.44724770e+01 1.81785400e+02
 5.05985938e+03 6.82579727e+01 9.70067871e+03 1.46125439e+03
 7.78452942e+02 8.99835742e+03 1.01034625e+03 1.08584190e+02
 2.62760895e+02 9.58109436e+01 3.37148590e+02 9.71089453e+03
 6.48364807e+02 4.86447937e+02 6.81851562e+02 3.12836938e+03
 1.76866467e+03 5.73113480e+01 4.76400070e+01 1.24563896e+04
 8.85912552e+01 4.56610199e+02 1.72274094e+01 1.04506970e+03
 1.79910938e+03 3.39415710e+02 1.63487268e+03 8.43355566e+03
 1.75847916e+02 7.08224658e+03 4.50157227e+02 4.98609863e+02
 8.01108887e+03 3.24132538e+02 1.09013847e+02 2.78566797e+03
 5.66205688e+02 8.56162109e+02 1.10044373e+03 1.61796484e+03
 6.98390869e+02 4.39494092e+03 1.42074997e+02 1.73000381e+02
 1.94322644e+03 4.94128320e+03 4.29524414e+02 1.94740552e+03
 2.66925352e+04 1.02242242e+03 4.20477979e+03 1.38620801e+03
 2.79850439e+03 1.33523975e+03 3.10894184e+01 2.05848779e+03
 1.33822139e+04 7.64353638e+02 1.19232664e+05 1.42998871e+02
 6.17412476e+02 3.29452344e+03 1.29239136e+03 1.13024612e+02
 2.83577466e+03 5.28637772e+01 4.70956250e+04 8.75875244e+01
 1.89165405e+02 1.87939319e+03 8.87648193e+02 2.79781982e+03
 1.67330737e+03 1.10592029e+03 5.31803799e+00 1.16874482e+04
 3.30725670e+01 1.46397736e+02 2.27206589e+02 3.83982178e+02
 7.32739697e+03 4.27860474e+02 1.76878677e+02 1.77649384e+02
 4.91594250e+05 1.36543518e+02 6.63214172e+02 3.60559766e+03
 9.06816101e+02 1.05015022e+02 3.79315210e+03 8.14918274e+02
 6.83737106e+01 1.38715240e+02 3.20671240e+03 7.56726013e+02
 1.91342480e+04 6.65381714e+02 1.65991364e+02 4.77049316e+03
 5.66372314e+02 2.50626123e+03 6.09775200e+01 1.76148376e+01
 3.38220195e+04 1.02177635e+02 5.06703979e+02 1.04789673e+03
 1.25264233e+03 3.59710742e+04 1.15383034e+02 1.94658936e+02
 1.62674149e+02 3.20378369e+03 1.60309387e+02 6.03153906e+03
 6.57063293e+02 1.62340295e+03 1.63077295e+03 4.43159863e+03
 8.72474365e+02 6.82447327e+02 1.31317419e+03 6.20205176e+03
 4.99910698e+01 1.40151404e+03 1.33160675e+02 6.87997021e+03
 1.52074921e+02 5.57970276e+02 4.43463281e+03 1.33141211e+03
 3.71003235e+02 2.16366531e+02 4.03775879e+03 3.20288010e+01
 8.57899551e+01 1.06332617e+03 1.54820969e+02 3.22538940e+02
 4.72332959e+03 1.45078751e+02 2.52965039e+03 6.30164795e+02
 1.45184448e+03 1.14966641e+04 4.22018005e+02 1.14437329e+03
 4.66811462e+02 1.48560779e+03 3.34342560e+02 1.03489734e+03
 1.13975269e+03 1.14081506e+03 1.39850662e+02 3.22140533e+02
 1.81896667e+03 3.21943665e+02 7.41756668e+01 2.00450012e+03
 1.07004517e+02 3.31003296e+02 2.03073718e+03 4.08373505e+02
 7.21837341e+02 2.04598312e+02 3.01985588e+01 5.45987488e+02
 4.56747833e+02 8.55629700e+02 2.57706494e+03 2.44177704e+02
 2.59278839e+02 1.62856665e+03 3.84664703e+02 2.54687729e+02
 1.16222076e+02 1.83942249e+03 6.70872217e+03 1.43163757e+02
 6.56103882e+02 2.33917188e+03 2.26967621e+02 1.93940698e+03
 3.90923950e+02 4.56001251e+02 8.08934814e+02 1.43746631e+03
 1.48295227e+02 2.34791229e+02 3.70433617e+01 5.84520752e+03
 1.70367395e+03 8.79309570e+02 1.89403040e+03 1.40157019e+03
 1.48504257e+02 1.34449390e+03 1.93779831e+02 4.83125114e+01
 8.22257715e+03 9.95986862e+01 3.92075539e+01 4.20023584e+03
 1.93607880e+02 6.80114868e+02 1.31052200e+02 1.63523682e+03
 1.63990814e+02 3.03828564e+03 1.46619202e+02 9.79499207e+02
 6.52170898e+02 9.99028809e+03 2.53924463e+03 2.45398584e+03
 1.84835480e+02 8.49295234e+04 2.61007071e+00 5.83336914e+02
 1.36549713e+02 8.21139374e+01 2.04010910e+02 1.90267487e+02
 3.00261133e+03 3.75502815e+01 1.41317175e+03 3.51673279e+02
 1.30996326e+03 1.45807539e+04 1.29644604e+03 1.06480566e+04
 3.03441479e+03 1.37759399e+03 7.61867371e+01 4.80566162e+02
 1.17790078e+04 2.39764526e+03 1.39964514e+03 6.08223511e+02
 6.28721237e+00 3.55445740e+02 6.19361305e+01 2.10072832e+04
 5.14554138e+02 7.06365601e+02 4.43973503e+01 6.81781128e+02
 2.35887500e+04 2.27821213e+02 8.15816650e+02 6.24163965e+03
 1.98230499e+02 6.58824280e+02 5.79862695e+03 2.20895432e+02
 1.09758899e+03 3.05005703e+01 1.76563809e+04 1.83249500e+03
 2.82068024e+02 1.09828926e+04 1.64326953e+03 1.57858069e+03
 3.55382935e+03 3.31129736e+03 1.00493103e+03 4.64369629e+03
 1.73694244e+02 5.49571167e+02 7.30349951e+03 5.50717850e+01
 1.10221268e+02 1.78139374e+02 6.30888281e+03 5.36623108e+02
 1.42048574e+04 5.98020081e+02 2.63443909e+02 1.70385193e+02
 3.68817871e+03 3.74889893e+02 3.11834692e+03 1.65757019e+02
 3.65961987e+03 4.49373682e+03 2.30016235e+02 1.63107129e+03
 1.56060583e+03 5.09945947e+03 6.48010941e+01 8.12187988e+02
 1.14460229e+03 2.76933911e+03 1.08833411e+03 5.07684441e+01
 1.61009079e+02 4.32226074e+02 3.01551489e+03 9.72890167e+01
 3.37418427e+02 4.09361664e+02 2.14233200e+02 1.24912605e+02
 4.06862183e+03 3.02147461e+02 4.62730811e+03 1.08663429e+02
 4.64745880e+02 9.50003711e+03 1.47534082e+03 9.17882874e+02
 1.09840088e+01 1.11631644e+00 4.39575012e+02 2.05229551e+04
 5.16377625e+02 2.33559253e+03 5.97980881e+01 1.31569687e+02
 2.08534434e+04 3.40416595e+02 3.62275909e+02 6.59373718e+02
 4.12592377e+02 1.43117477e+02 5.06347198e+01 1.05069739e+03
 2.06765854e+02 3.41666321e+02 2.14448022e+03 2.49600540e+02
 6.79822388e+02 7.30975000e+03 5.01525330e+02 1.26689682e+02
 1.09814539e+03 9.80308105e+02 3.79871436e+03 1.31834363e+03
 1.96756836e+02 7.33198929e+01 1.56352173e+03 2.34220825e+02
 2.14672508e+01 5.09979736e+02 1.98501582e+04 5.07567474e+02
 5.92061096e+02 1.59911401e+03 4.42995850e+02 4.01222168e+03
 2.61674463e+03 1.52020096e+02 5.79350830e+03 4.17831152e+03
 2.17634933e+02 1.07949536e+03 3.40189362e+02 2.25936905e+02
 7.74546680e+03 9.08268738e+01 1.73450928e+03 1.97232480e+04
 1.62321976e+02 4.02935938e+03 3.81351395e+01 1.57585251e+02
 1.04059106e+03 1.06747236e+04 4.27470255e+00 4.01363184e+03
 9.20321875e+03 1.94546677e+02 4.20103564e+03 2.86685516e+02
 5.59089111e+02 8.38053589e+01 9.98419189e+00 1.61326950e+02
 2.08308057e+03 3.27910858e+02 2.38600204e+02 1.55797693e+03
 2.70201123e+03 5.10819672e+02 3.28621277e+02 2.71236938e+02
 1.01650742e+04 2.81024878e+03 1.76804489e+02 4.76817719e+02
 5.66964014e+03 2.03428223e+02 9.89238281e+02 8.80379822e+02
 2.45297510e+03 1.39723114e+02 2.41438354e+03 3.53900625e+04
 8.77239914e+01 3.10494824e+03 4.62822314e+03 4.17863203e+04
 1.63259111e+04 4.81762207e+03 5.29177686e+03 1.40512488e+03
 7.92022852e+03 2.04820630e+03 2.07828613e+03 2.02475818e+03
 9.57109131e+02 1.36585922e+02 5.58150488e+03 1.16236592e+04
 2.20164352e+02 1.36557446e+03 5.60838013e+02 2.01818199e+01
 4.35428894e+02 1.61457068e+03 3.31168384e+03 2.98511871e+02
 7.63273743e+02 1.05245361e+02 2.42604639e+03 8.26756973e+01
 1.39079666e+02 2.35394482e+03 1.20192871e+02 1.51159436e+03
 2.23703270e+01 9.89081848e+02 1.60763789e+04 1.94817551e+02
 5.65909790e+02 4.53716545e+01 8.26333618e+02 7.29343567e+02
 7.92665601e-01 1.77516270e+01 1.47054883e+03 3.89687744e+03
 1.32900574e+03 3.75260681e+02 1.39649792e+03 7.05252832e+03
 5.75589805e+04 5.39504004e+03 3.56093559e+01 4.63302368e+02
 1.42806473e+02 4.43544159e+01 6.62373352e+01 5.27091980e+02
 3.67369156e+01 4.53643158e+02 1.10823486e+04 1.01689789e+02
 1.22953819e+02 3.56828827e+02 1.50104431e+03 4.06998352e+02
 1.37529663e+03 1.62376328e+04 1.97430969e+02 1.81432648e+02
 3.52367096e+02 5.60914124e+02 7.13284180e+03 2.82052917e+02
 6.15866748e+03 2.83146216e+03 3.90261169e+02 9.35177832e+03
 1.23313711e+04 4.93842529e+02 6.49106201e+03 5.89849670e+02
 3.85907135e+02 4.75018115e+03 4.09738861e+02 4.01382675e+01
 1.70838364e+02 8.70372656e+03 4.74367981e+02 5.63935352e+03
 1.48771631e+03 1.12925012e+03 1.13587012e+03 1.18239380e+02
 4.30744049e+02 1.24344925e+02 1.29130359e+03 2.15619551e+04
 5.21116089e+02 1.96709839e+02 1.09160889e+04 3.08740088e+03
 5.16620996e+03 2.82293555e+04 1.09631805e+02 3.26559570e+03
 3.63934204e+02 8.53229736e+02 1.78306934e+04 4.14151581e+02
 2.65009375e+03 6.22293997e+00 4.27669287e+00 5.53673523e+02
 3.61742969e+03 3.89744385e+02 7.71320572e+01 2.58088684e+01
 3.68932495e+01 1.12089465e+03 4.32445755e+01 1.87058923e+03
 3.23789551e+02 2.15580582e+02 6.87480850e+01 2.21590958e+02
 3.84834351e+02 6.40863403e+02 3.41455127e+03 1.99412109e+03
 7.86573975e+02 6.59052795e+02 1.21959793e+02 3.13645820e+04
 5.69413965e+03 1.11526733e+03 7.47147064e+01 2.55294514e+01
 3.94265045e+02 1.99045578e+02 2.05439160e+03 4.62112061e+03
 1.22013538e+03 1.01577065e+02 8.11787872e+01 5.37417908e+02
 3.12943628e+03 1.16948511e+03 2.38922305e+04 6.66897430e+01
 2.59679150e+03 1.14865822e+02 1.63994202e+03 1.73425049e+02
 1.00315601e+03 1.55350049e+03 7.32231522e+01 9.62604141e+01
 9.61701538e+02 4.15181396e+03 3.82237778e+01 6.45489197e+02
 5.47081592e+03 1.83847656e+02 1.22026819e+03 8.28795959e+02
 2.09436108e+03 5.94767578e+02 2.24524463e+03 6.67851685e+02
 1.36683154e+03 1.36463760e+02 7.16124573e+02 3.28387375e+01
 2.79481903e+02 1.42010513e+02 1.11504541e+03 1.16000073e+03
 3.38383569e+03 8.23879089e+01 2.08975266e+02 8.29471436e+01
 1.30694504e+02 3.85849792e+02 2.72608795e+02 6.76652588e+03
 2.16964890e+02 2.35106128e+03 6.93894653e+02 3.36966125e+02
 4.96030078e+03 2.56937592e+02 4.41332779e+01 2.68953735e+03
 4.39816742e+01 6.67173633e+03 3.08315296e+01 1.37508499e+02
 3.96822144e+02 1.57340631e+01 3.83016754e+02 3.15537689e+02
 7.18311081e+01 7.11893896e+03 3.20012695e+02 3.98887036e+03
 3.29333611e+01 8.57711563e+01 2.24709732e+02 7.80695374e+02
 2.43808667e+03 1.54124557e+02 4.82539795e+02 2.68510498e+03
 1.04469238e+02 8.82572651e+00 1.73168060e+02 2.17374969e+02
 1.60892529e+03 7.19651031e+01 3.79107391e+02 4.19803558e+02
 7.35163574e+01 1.85919922e+03 2.98996979e+02 7.22706421e+02
 4.02604443e+03 6.11261368e+01 4.53174011e+02 9.01737578e+04
 1.86395911e+03 2.40947510e+02 2.30767261e+03 3.29209326e+03
 5.42878540e+02 2.57337585e+02 9.51883301e+03 8.56016445e+00
 2.28754150e+02 2.02014441e+03 8.26399078e+01 1.33479346e+04
 8.79895020e+02 2.88950714e+02 3.92896240e+02 4.99940063e+02
 1.76441577e+03 7.69948853e+02 4.27263245e+02 2.18609238e+02
 2.24403839e+01 2.76970367e+01 7.41798019e+01 3.53783661e+02
 1.02968740e+04 2.39729309e+02 1.87089905e+03 8.97609009e+02
 7.40585449e+02 3.77206696e+02 1.25606552e+02 6.58953047e+04
 3.22268359e+03 4.34874146e+02 6.06424866e+02 7.22224182e+02
 2.23296631e+03 1.15438599e+03 1.71068115e+03 9.59899609e+03
 1.29582901e+02 6.05616028e+02 4.93593353e+02 3.68943451e+02
 1.14193016e+02 1.13032265e+02 9.81229248e+01 4.07388885e+02]
3751.042
491594.25
