[4.50933359e+04 4.04121558e+03 6.89662402e+03 1.03939180e+04
 6.54502441e+02 4.52761182e+03 2.14674103e+02 7.16873281e+04
 8.48484531e+04 6.87588428e+03 6.13589648e+03 1.47652285e+04
 4.93548975e+03 1.73740674e+03 2.75529053e+03 3.56282734e+04
 2.52843340e+04 2.65127380e+02 1.79329062e+04 3.17092871e+03
 8.39698340e+03 3.39766968e+02 2.99757625e+05 3.16010547e+03
 6.70258203e+03 9.28709922e+04 6.17919938e+05 1.41116357e+03
 1.82398950e+03 5.71586426e+03 2.91795312e+04 5.07183789e+03
 7.80663232e+03 4.08960132e+03 3.88208711e+04 3.19308929e+01
 3.13328064e+02 9.04045508e+03 6.26704346e+03 1.68963342e+03
 1.31769019e+03 2.00299766e+04 1.19091123e+04 1.43057715e+04
 1.48202178e+04 7.85190088e+03 3.73555957e+03 2.09194849e+03
 9.32335156e+03 3.54414531e+04 1.14706226e+03 4.71841133e+04
 1.29565186e+02 1.15020055e+05 8.97416687e+00 8.41809082e+02
 2.75574434e+04 5.27870273e+04 4.78422266e+03 2.41690308e+03
 3.04812383e+04 3.46864966e+03 6.63571924e+03 1.49281128e+03
 2.48291870e+03 4.25770630e+02 1.61598232e+04 2.40669336e+03
 2.53080176e+03 7.69738750e+04 1.49525317e+03 6.51553955e+03
 2.50751495e+02 6.25463721e+03 2.09350708e+03 1.68321348e+04
 2.89740283e+03 2.72625625e+04 5.10159973e+02 1.65139906e+05
 5.99589722e+02 8.92337207e+03 1.65816971e+02 1.17941064e+04
 7.19661377e+03 1.33379730e+02 4.93484375e+03 1.58352112e+03
 7.70396826e+03 5.89824463e+03 7.65031396e+03 5.65930039e+04
 1.45980481e+03 9.34607422e+03 1.05388877e+04 3.43865186e+03
 7.25543701e+03 5.26399492e+04 1.28277222e+02 2.15238013e+03
 5.03770569e+02 1.11645156e+04 3.34718018e+03 9.16412720e+02
 1.31240088e+04 1.56694102e+04 2.66567920e+03 3.20433325e+03
 4.86767773e+03 3.56929535e+02 1.32021802e+03 8.47033569e+02
 2.20419312e+03 4.63670654e+03 2.25061279e+03 3.97583086e+04
 1.55425891e+03 1.45465938e+04 7.10222314e+03 3.33190002e+01
 2.03556470e+03 2.32297148e+04 2.31839023e+04 9.67301484e+04
 5.52201025e+03 2.30356094e+02 1.59349927e+03 1.05146260e+04
 5.03388037e+03 4.74481543e+03 6.33176953e+03 1.60359290e+03
 3.00040820e+03 1.33957718e+02 1.46740088e+03 3.22139038e+03
 1.18158926e+04 7.60422900e+03 1.65101532e+02 4.46058867e+04
 2.85030029e+03 2.23267246e+04 9.62373984e+04 2.27753164e+04
 1.74047773e+04 7.30665039e+02 3.30352081e+02 2.05846816e+04
 4.82367695e+04 6.13108496e+03 1.70256665e+03 8.60964661e+02
 4.87746143e+03 3.12663892e+03 3.32631909e+03 7.11086670e+03
 1.43183167e+03 8.04730225e+03 3.78329492e+03 6.75970391e+04
 1.86405332e+04 3.27234033e+03 2.32137451e+03 4.26407861e+03
 2.31790293e+04 4.97826904e+03 7.40809570e+03 6.09345850e+03
 5.74114551e+03 3.75453398e+04 8.30831223e+01 5.17710645e+03
 5.05085547e+03 3.76793896e+03 3.86659204e+03 1.25173584e+04
 7.36461084e+03 2.54780762e+03 1.16274766e+04 1.10021436e+04
 6.90068506e+03 7.23469922e+03 2.73606938e+05 1.09555537e+04
 1.38182617e+04 3.18713599e+03 3.94311615e+02 2.80796973e+03
 8.96432812e+03 3.13788159e+03 4.76684922e+04 3.70442169e+02
 1.81084610e+02 7.88907349e+02 7.81341719e+04 3.00984985e+02
 5.01046016e+04 3.56527734e+03 6.06482422e+02 1.27938682e+04
 3.00847260e+02 1.15450205e+04 4.07411694e+03 2.62569092e+03
 3.22453086e+04 1.79983081e+03 2.42002539e+03 8.87953320e+03
 1.81052589e+01 4.35682666e+03 1.36265121e+02 4.47593994e+03
 1.14987507e+01 1.69910781e+04 3.79241758e+04 2.54097388e+03
 3.88624609e+03 1.32199731e+03 1.75533340e+04 2.00337170e+03
 5.21538330e+03 2.05073096e+03 1.47946274e+02 5.40779766e+04
 1.49098311e+04 5.18584473e+03 3.39684414e+04 1.76629407e+03
 4.26636670e+03 1.87573279e+03 8.28226700e+01 1.34825818e+03
 1.07050391e+04 7.52407080e+03 5.55837549e+03 4.64545532e+02
 4.73144434e+03 1.83065125e+02 2.09571875e+03 1.65708838e+03
 3.42688320e+04 1.56435254e+03 5.11809229e+03 5.05311523e+03
 3.14168945e+02 1.64779707e+04 6.42247314e+03 6.25333984e+03
 5.36267578e+03 1.31355068e+04 1.57801514e+02 6.41947021e+02
 5.53437538e+01 9.62057007e+02 3.38504248e+03 2.12995392e+02
 1.74665259e+03 8.47564062e+03 4.84550830e+03 1.41811658e+03
 3.07617207e+04 3.29580835e+03 4.74049648e+04 2.35181958e+03
 1.30296436e+03 5.47727441e+03 5.44300146e+03 4.43977305e+04
 1.38527803e+04 9.99301855e+03 2.75527710e+03 3.90701289e+04
 1.46211349e+02 2.00230969e+03 5.62713633e+04 2.23938086e+03
 5.62137812e+04 3.63823706e+03 2.22777695e+04 7.46333438e+05
 5.52891064e+03 2.93352910e+04 2.90515454e+03 3.70088574e+03
 1.28288831e+03 5.36754590e+03 5.79627869e+02 1.92481191e+04
 5.43259705e+02 6.90703186e+02 9.75157344e+04 1.65001426e+04
 6.60928955e+03 2.48504004e+03 3.53115771e+03 3.57279053e+03
 8.38529480e+02 3.46761719e+04 9.20443726e+02 1.58656506e+03
 5.42026416e+03 8.43309668e+03 1.66044043e+04 2.80754434e+04
 1.32839326e+04 9.47028375e+05 3.41103052e+03 3.80697891e+04
 2.69928558e+02 3.73327100e+03 1.39867139e+03 1.27072969e+04
 4.23855586e+04 5.39524756e+03 2.72089920e+01 1.47385615e+04
 1.15297695e+04 2.71266934e+04 2.75655542e+03 3.92715039e+04
 9.95908997e+02 8.31580664e+03 1.22410242e+03 8.51702441e+03
 2.44174863e+04 4.39178223e+03 4.00865938e+04 3.48136426e+03
 1.41795822e+02 7.08115051e+02 1.23005150e+02 6.83620703e+03
 1.44965247e+03 4.83127832e+03 7.51745605e+03 1.40529111e+04
 1.70419299e+03 1.10441572e+04 2.86598926e+04 5.64522743e+01
 1.78116272e+03 8.56417090e+03 4.88694092e+03 3.81171016e+04
 5.34735059e+03 1.77640295e+03 1.17955945e+03 2.25215977e+04
 3.81848320e+04 4.14660339e+02 9.53067734e+04 1.31041484e+04
 3.15206348e+03 6.24691504e+03 9.77551270e+03 6.67203857e+03
 8.09894609e+04 9.00224512e+03 2.36294570e+04 6.00569648e+04
 1.66906992e+04 3.03798008e+04 1.26384820e+05 4.84040741e+02
 3.92187148e+04 1.13764273e+05 5.43724561e+03 2.36390332e+03
 1.48022125e+05 1.88352520e+04 5.12436719e+03 1.23211973e+04
 3.08854656e+05 8.82258972e+02 1.40239832e+03 3.32061016e+04
 1.04153359e+05 1.13972158e+04 2.63270239e+03 1.04448389e+03
 4.42784717e+03 1.13471765e+03 1.05933203e+05 6.05237939e+03
 2.93655957e+03 1.34185010e+04 3.04050439e+03 6.70997754e+03
 1.66547090e+04 1.81271855e+04 3.77183711e+04 4.89272614e+01
 2.21199976e+03 2.33683081e+03 3.53183472e+03 1.21923447e+04
 2.92045215e+03 1.42898657e+03 3.54803809e+03 5.86947305e+04
 6.31832886e+02 2.24624634e+03 8.72416870e+02 1.02528038e+02
 3.95211914e+04 2.44831680e+02 1.71308350e+03 4.88292090e+03
 3.78811969e+05 1.55617688e+03 1.72699585e+03 4.02131211e+04
 3.62260508e+04 1.02398457e+04 5.96737891e+04 2.54140859e+04
 1.15321953e+02 1.20109463e+04 1.10761260e+04 5.25341455e+03
 4.62591562e+04 3.56974243e+03 3.70857495e+03 9.94586621e+03
 6.60867627e+03 3.92421417e+01 7.92625635e+03 1.13970911e+03
 2.39798555e+04 1.23576445e+04 7.84446167e+02 1.51167444e+03
 1.17625476e+03 4.85460273e+04 3.69730688e+03 9.05198242e+03
 2.31121753e+03 4.45395459e+03 1.26207678e+03 2.39608292e+02
 2.49547095e+03 9.43505615e+02 9.12714746e+03 2.19557422e+04
 1.40138799e+04 4.92474243e+02 8.75838089e+01 1.01236139e+03
 6.12301709e+03 1.18794873e+04 1.84521021e+03 1.25567766e+05
 1.19278418e+03 2.04835953e+02 1.84048425e+03 2.41246069e+03
 1.17987686e+04 7.22680859e+03 3.31455312e+04 1.52200830e+03
 4.24123535e+03 3.06222437e+03 2.87755347e+03 7.69751099e+02
 1.31439294e+03 5.03519196e+02 3.95122009e+02 1.93943787e+01
 3.48958936e+03 7.03846953e+04 1.13929014e+04 1.33720156e+04
 4.29324902e+03 8.46220801e+03 7.99379346e+03 2.64121875e+03
 1.34797876e+03 2.50276352e+02 2.57080298e+03 1.68365869e+03
 6.88275439e+03 1.01774712e+02 1.13281967e+02 1.88827454e+03
 4.80379541e+03 9.36049023e+03 2.00450598e+03 2.59862793e+03
 4.20283966e+02 1.75638687e+02 4.07006500e+02 4.97454248e+03
 2.70625439e+01 1.08939473e+04 7.31328809e+03 2.04413037e+03
 9.36545753e+00 2.15257305e+04 2.04644727e+04 3.13846362e+03
 2.33905664e+03 1.77032556e+03 2.57051562e+03 1.19940527e+04
 1.13690048e+02 2.52110565e+02 3.49991260e+03 5.84144414e+04
 1.56275854e+03 2.01656128e+03 1.05485120e+03 1.21109209e+04
 6.94551620e+01 1.11588843e+03 1.08305742e+04 5.82931680e+04
 1.07661969e+05 4.10837305e+03 7.61627422e+04 3.77420996e+03
 4.23872900e+03 6.48398938e+05 3.89704541e+03 7.23564990e+03
 1.93040078e+04 1.15469980e+00 4.66412445e+02 4.34105898e+04
 2.74874561e+03 1.98253662e+03 8.53734277e+03 1.52834790e+03
 4.04808838e+03 1.17848926e+04 1.31728806e+02 3.19819678e+03
 2.29606387e+04 1.73773574e+04 2.98208081e+03 1.27390703e+04
 1.91844492e+04 3.03636992e+04 3.47855896e+02 1.38919226e+03
 1.51924866e+03 6.16574402e+02 1.00886426e+04 2.46321094e+03
 8.81257910e+03 1.52940430e+03 4.18997852e+03 2.09959644e+03
 4.28784210e+02 1.27439523e+05 1.92529028e+03 2.72300122e+03
 1.20743613e+04 1.37522666e+04 4.15133936e+03 2.44608984e+03
 7.52748203e+04 5.11399121e+03 1.08318335e+03 1.05493008e+04
 7.95137451e+02 2.03997285e+04 1.91449475e+03 1.94415656e+05
 1.12959834e+04 1.07289148e+03 8.31621094e+03 3.38095557e+03
 9.97845859e+04 2.56328926e+04 7.92787939e+03 4.60623322e+02
 2.14208813e+03 2.83109033e+03 2.46527930e+04 3.14620166e+03
 1.56198875e+05 3.11908600e+02 5.32770117e+03 8.98743652e+03
 3.28177185e+02 1.38772172e+05 2.58052832e+03 1.03703848e+04
 2.10838501e+03 2.87777802e+02 8.96002344e+03 1.29292664e+03
 2.37194531e+04 9.84856055e+03 4.38986875e+04 2.17012036e+03
 7.95842725e+03 3.98915918e+03 1.44367297e+05 2.29237183e+03
 6.18888688e+05 1.07170146e+04 1.66945569e+03 1.41021008e+03
 3.33251719e+04 5.73726990e+02 3.07940088e+03 1.27628467e+03
 1.77669609e+04 6.37105664e+03 1.37597803e+03 1.05476685e+03
 1.23268730e+04 7.34830615e+03 8.81669238e+03 7.13648047e+03
 1.13108899e+03 2.38807953e+02 3.51585703e+04 2.33096582e+04
 6.90794830e+01 1.40880801e+04 8.98223633e+02 9.74634473e+03
 1.59166550e+02 3.45553125e+04 3.36979336e+04 8.62117798e+02
 7.29885010e+03 1.16641670e+04 2.96285858e+02 1.42903369e+03
 3.51217969e+03 1.57325859e+04 3.19975781e+03 3.42864429e+03
 5.12459033e+03 2.10986963e+03 1.82049727e+04 2.62676836e+04
 1.86039136e+03 1.25220703e+04 5.38691113e+03 1.41468066e+03
 2.68163184e+04 7.52282043e+02 1.89736377e+03 2.54067793e+04
 2.61449512e+03 3.77684888e+03 2.16625391e+03 8.13210938e+02
 1.60665015e+03 2.12962585e+02 4.81024707e+03 4.85725586e+03
 2.27064795e+03 4.08699243e+03 1.70075891e+03 8.91217651e+01
 7.82053589e+02 4.70636992e+04 1.59097197e+04 1.27744043e+03
 1.19581596e+02 6.78014160e+03 2.78760693e+03 2.61469507e+03
 4.87271924e+03 9.19363892e+02 1.24301328e+05 1.94142480e+03
 4.30896533e+03 1.24172930e+04 2.50418896e+03 3.15553164e+04
 8.11109558e+02 3.39277148e+03 4.79094375e+04 2.08947344e+04
 2.54865259e+03 2.01090955e+03 5.57443945e+03 2.08200146e+03
 3.04240781e+04 2.00350952e+03 1.58547473e+03 2.35113906e+04
 6.53330225e+03 1.40246113e+04 3.37235034e+03 1.63551045e+04
 3.88517188e+03 7.86593994e+03 1.18434216e+03 8.09840137e+03
 4.60343203e+04 1.09912329e+03 1.38820007e+03 3.74097485e+03
 6.44074658e+03 9.82947693e+02 9.88802551e+02 9.92020325e+02
 1.95674353e+03 2.53997144e+03 7.90335815e+02 4.93625977e+03
 5.89149707e+03 3.00302612e+03 4.88398145e+03 2.27146680e+03
 9.88551660e+03 3.39950352e+04 4.16646436e+03 4.54568726e+02
 3.49110742e+04 7.57674561e+03 1.05122021e+03 2.74940063e+03
 1.05244617e+03 2.05171646e+02 3.86963965e+03 4.95683438e+04
 2.34272339e+03 2.06881641e+03 1.53290742e+04 1.05374281e+05
 1.20081219e+05 9.22627014e+02 4.31198779e+03 4.61411035e+03
 1.54106055e+04 7.90350146e+03 1.87018457e+04 2.76622461e+03
 9.59134473e+03 1.55556055e+03 2.43846582e+04 7.33187500e+04
 1.18349227e+05 5.61550522e+01 1.56441240e+04 1.98015308e+03
 2.82869214e+03 1.41054795e+04 1.90195938e+05 4.79708438e+04
 2.65414282e+03 1.38893219e+02 4.00434180e+04 2.57256714e+03
 2.17294995e+03 6.42552783e+03 8.14091553e+02 1.05537817e+03
 3.47270142e+02 2.62727710e+03 2.94496069e+03 2.23684375e+03
 4.85947773e+04 5.83584726e-01 8.91192188e+03 2.58862793e+04
 4.86698723e+01 7.78568848e+02 3.27884688e+04 8.27549512e+03
 2.11796172e+04 6.15534102e+04 9.91698181e+02 2.14612866e+03
 5.37136475e+03 1.80173340e+04 3.43960571e+03 4.74658447e+02
 4.09945770e+02 3.71521558e+03 6.61862061e+03 8.00219971e+03
 3.01841235e+03 9.96629883e+03 4.17797188e+04 2.69078882e+03
 2.21853687e+03 3.12413066e+04 4.40480420e+03 1.49846631e+04
 7.65086670e+02 1.65354953e+05 3.13050342e+03 5.88177656e+04
 7.05203018e+01 3.51025273e+04 8.82899414e+03 4.26691284e+02
 1.59069365e+04 3.12293970e+03 2.28559922e+04 3.82616445e+04
 3.96556665e+03 4.25472998e+03 2.85408125e+04 4.96360547e+03
 2.78242407e+03 2.04197383e+04 1.85693066e+04 3.66423608e+03
 1.35929990e+04 3.81951172e+03 3.26426831e+03 1.08454160e+04
 7.88964375e+04 4.21290430e+03 6.51766943e+03 2.01414124e+03
 5.78660812e+01 8.84351440e+02 3.03720562e+05 1.75162375e+05
 9.32051758e+03 4.76469727e+03 6.69416953e+04 5.07525482e+02
 1.09810852e+03 1.13188037e+04 5.48165967e+03 1.52868125e+05
 9.89074512e+03 4.16155273e+03 4.99585469e+04 1.24097334e+04
 1.15559023e+04 5.49867627e+03 1.73894287e+03 3.49022034e+02
 4.38300684e+03 1.56535681e+03 1.24906436e+04 6.29644489e+00
 6.42520065e+01 2.18202026e+03 1.26649792e+03 7.24231562e+04
 6.27764282e+02 8.41811133e+03 2.31014941e+03 4.71890900e+02
 8.19836523e+03 1.88181812e+03 2.66312168e+04 2.56872891e+04
 1.26195361e+04 2.86415436e+02 3.86152578e+04 2.95779629e+04
 1.17759900e+03 7.72135703e+04 3.30800439e+03 1.60305127e+03
 5.90495850e+03 6.02587842e+03 1.44905996e+04 1.27310361e+04
 2.67876831e+03 5.99706592e+03 1.39453186e+02 2.50945679e+03
 8.85465156e+04 2.22593335e+03 4.80959106e+02 4.53975830e+03
 1.00298742e+05 4.66688135e+03 5.89841113e+03 9.86816797e+03
 7.84853906e+03 1.29578750e+04 3.55818105e+00 4.09771826e+03
 1.84422021e+03 6.86106787e+03 2.74366284e+03 1.81906323e+03
 3.17333145e+04 4.07163574e+02 3.96800281e+05 3.39468828e+04
 2.41974828e+05 2.43232697e+02 8.21894727e+03 6.65005273e+03
 2.20725020e+04 1.34981104e+04 2.74349536e+03 1.16852898e+02
 1.95418671e+02 1.69787463e+03 1.40229854e+04 1.76930410e+04
 5.00954395e+03 9.09694641e+02 5.38575134e+01 2.71378442e+03
 1.08215063e+03 5.99853516e+02 1.49053223e+04 6.91366016e+04
 1.98747632e+03 1.36589551e+04 2.69389282e+03 9.86420508e+03
 5.36724463e+03 3.43785815e+03 9.16714551e+03 2.22617871e+03
 6.80735596e+03 5.69664014e+03 2.01210657e+03 7.82092224e+02
 2.68917041e+03 3.92256494e+03 2.73041846e+03 2.36742261e+03
 6.00191467e+02 1.68450977e+04 1.72664282e+03 3.64852625e+05
 3.78308228e+03 4.26015723e+03 1.90516943e+03 1.92521738e+04
 1.45300647e+03 5.67626831e+02 1.01295146e+04 1.02995889e+04
 2.22285254e+03 1.14654443e+03 6.72911426e+03 2.65510474e+03
 8.31779980e+03 5.62692236e+03 5.39893005e+02 1.87391541e+02
 1.20242668e+02 2.69746660e+04 4.92745996e+03 1.04032812e+04
 1.07274390e+03 2.06826440e+03 1.11781475e+04 2.55412312e+05
 8.83383789e+03 1.10271875e+03 3.65198242e+03 2.31873340e+03
 1.25950401e+02 7.17043457e+03 1.66934141e+04 1.29520439e+04
 8.28038269e+02 4.32363232e+03 3.68286768e+03 3.50293828e+04
 1.72119336e+04 1.16098120e+03 2.97683911e+03 5.57581299e+03
 5.53303398e+04 1.59391719e+04 3.11411108e+03 1.23745176e+04
 2.28775537e+03 4.70011035e+03 4.01005664e+03 4.86386230e+02
 8.52562438e+05 2.89201489e+03 8.51533105e+03 1.64481165e+03
 7.76989160e+03 1.19039688e+02 5.64800873e+01 5.31149875e+05
 4.03445386e+03 9.85208496e+02 7.73544189e+03 2.33507754e+04
 3.08755195e+04 5.58103125e+03 3.96184296e+02 4.09360078e+04
 4.16447510e+02 7.22830859e+03 2.68850215e+04 6.94916943e+03
 3.28670972e+03 8.50711914e+03 3.44669043e+03 1.17654541e+04]
