[7.85308500e+05 5.52646289e+04 3.40606641e+04 2.50374672e+05
 5.90376250e+05 1.80333359e+05 1.31961299e+04 4.59237781e+05
 1.11095500e+06 6.31306689e+03 1.58805141e+05 1.02966962e+06
 3.49453650e+06 1.19203584e+04 2.06107516e+05 2.55852969e+05
 8.37073250e+05 6.27382227e+04 3.53432594e+05 6.42791050e+06
 1.69303672e+05 1.16900283e+04 9.98560400e+07 1.17876664e+05
 1.06362012e+04 2.38031450e+06 1.69289612e+06 1.49179469e+05
 1.41544625e+05 4.32602997e+02 1.65086750e+05 3.15992324e+04
 9.14453562e+05 1.64993379e+04 9.04291392e+08 3.44029250e+05
 1.44651156e+05 1.20695648e+05 3.23025645e+04 3.49048555e+04
 4.06229275e+06 2.64238375e+05 8.18833047e+04 1.69946875e+04
 8.72321484e+04 2.78940750e+05 5.22198945e+04 7.57876172e+04
 8.43555156e+04 1.19606775e+06 5.95755195e+04 2.29339906e+05
 1.32888350e+04 4.37376410e+10 6.70803906e+04 4.03804805e+04
 1.91882906e+05 3.83745000e+05 5.80351750e+05 1.19853391e+05
 7.89523125e+05 1.10925225e+06 4.53714344e+05 5.17846826e+03
 9.13687988e+03 5.09432852e+04 4.13901016e+04 8.02192578e+04
 5.63626680e+04 1.27356453e+05 1.84950645e+04 1.43917688e+05
 2.16299434e+04 2.60483789e+04 3.42977031e+05 1.80627922e+05
 1.02444981e+06 5.85154250e+05 1.35768750e+05 5.35599600e+06
 1.74617984e+05 6.82307500e+04 9.12993281e+04 2.99237676e+04
 6.69555120e+07 5.36321045e+03 1.08687266e+05 3.33360820e+04
 9.97558312e+05 2.02714312e+05 1.79211484e+05 1.53419350e+06
 2.76393711e+04 3.15894344e+05 1.62682080e+07 5.24979688e+04
 3.27830898e+04 2.28890234e+05 1.48715406e+05 3.94164087e+03
 2.43304641e+05 1.00856445e+05 5.01826812e+05 1.55772062e+05
 6.39601562e+04 8.77463516e+04 2.59566344e+05 4.24794883e+04
 6.91544500e+05 1.37933311e+04 7.68556201e+03 1.45934162e+06
 1.02692883e+05 1.22656758e+05 8.01464688e+05 2.44940840e+04
 6.14816094e+04 1.02673250e+05 4.65193844e+05 4.36314062e+04
 7.22037062e+05 1.40818150e+06 1.19700038e+06 6.32268000e+06
 3.86079375e+05 3.48537344e+04 2.49418086e+04 1.08151414e+05
 2.04284980e+04 1.72631875e+04 6.05535977e+04 1.04816500e+05
 7.57489375e+04 5.58681484e+04 1.06527062e+05 7.03568672e+04
 2.04047375e+05 1.15631514e+04 3.26021438e+05 1.51856391e+05
 3.56147219e+05 9.95604562e+05 5.26482500e+05 9.17106240e+08
 1.52176781e+05 1.82288145e+04 2.28718016e+05 2.59951203e+05
 2.14768375e+06 2.89616281e+05 8.98360156e+03 5.35093562e+05
 7.50245234e+04 1.07209331e+09 1.73626191e+04 8.20190137e+03
 8.03952969e+04 1.05530538e+06 1.05127766e+05 8.65609100e+06
 8.69625812e+05 5.86853906e+04 2.31290430e+04 8.11451406e+04
 3.27705352e+04 3.30135375e+05 1.64722469e+05 5.87838250e+05
 7.15218312e+05 3.14131250e+05 3.00188750e+04 7.59108125e+04
 8.55608438e+04 4.50635938e+04 1.07206352e+05 5.81987305e+04
 2.60069299e+09 8.53023872e+08 3.15901688e+05 2.96760900e+06
 1.01949538e+06 1.09740957e+04 7.75600550e+06 8.67674062e+04
 1.11141664e+05 3.89216875e+04 1.23293662e+04 3.12254375e+05
 1.67423094e+05 3.70469906e+05 2.47592227e+04 7.65318359e+04
 3.68684258e+04 1.18114672e+05 2.88871578e+09 6.24460469e+04
 4.25816469e+05 1.87027641e+05 2.19636680e+04 6.31121797e+04
 2.77211656e+05 2.82509531e+05 5.85508312e+05 9.47381328e+04
 3.39408400e+06 2.14370650e+06 1.46888159e+03 4.36122188e+04
 1.07158773e+05 3.22168320e+04 2.35172359e+05 3.52613750e+04
 1.35393291e+04 9.48655391e+04 3.51303712e+08 1.05071143e+04
 3.02203203e+04 3.55490283e+03 2.06983734e+05 5.00108125e+04
 1.00182305e+04 1.14313383e+05 3.59820117e+04 1.37123425e+06
 7.14677969e+04 2.60999469e+05 1.63857523e+09 2.60589727e+04
 2.10570195e+04 2.75628000e+06 1.93688172e+05 1.41822109e+05
 1.43288906e+05 3.96726680e+04 4.69752773e+04 2.18432950e+06
 4.18901289e+04 7.58768652e+03 1.63844156e+05 8.51937207e+03
 2.41028500e+06 1.16192148e+05 2.45999812e+05 4.66673344e+08
 1.03090148e+05 2.09742156e+05 1.34205547e+05 2.82210781e+05
 4.00951758e+04 3.48379500e+06 1.06872275e+04 3.21165750e+05
 1.79306113e+04 3.91832781e+05 6.91816641e+04 7.22445250e+05
 5.14204062e+04 3.25449023e+03 1.19929094e+05 4.33261719e+05
 5.01834188e+05 4.85426656e+05 7.21584550e+06 1.37074775e+04
 1.02501162e+04 9.91589941e+03 8.05601719e+04 4.19064064e+09
 3.85087500e+05 1.15113958e+09 2.09320566e+04 3.41275725e+06
 1.00605273e+05 5.98782031e+04 1.49668162e+06 2.16664336e+04
 2.15315125e+06 1.47573250e+06 3.61025719e+05 1.06543780e+07
 9.86931641e+04 3.72834344e+05 1.93569734e+05 1.38844234e+05
 1.85605430e+04 6.62811094e+04 9.67210781e+04 9.04011062e+05
 2.59513574e+04 2.25322812e+05 2.06967900e+07 9.42806406e+04
 3.56079125e+05 1.90271309e+04 3.89299219e+04 3.64956211e+04
 2.14905977e+04 7.96288720e+07 3.75342031e+05 2.72119316e+04
 8.55842734e+04 5.26468750e+02 1.91418738e+06 3.13839031e+05
 3.28494094e+05 1.72548100e+06 8.98274078e+01 5.24992062e+05
 7.16179453e+04 2.24382656e+04 2.72544219e+04 1.19956700e+06
 5.92369000e+05 2.00568828e+05 6.20539805e+04 3.53365094e+05
 1.78870531e+05 2.54374266e+05 5.19516328e+04 1.53562225e+06
 1.73307516e+05 1.53201000e+05 3.83269102e+04 1.72095953e+05
 1.07696700e+06 2.02964516e+05 9.00090624e+08 1.51080322e+04
 3.48725375e+05 2.46849578e+05 6.82933438e+04 2.84789771e+03
 3.06744922e+04 2.82032969e+05 5.56194625e+05 2.79302625e+05
 2.27436914e+04 4.99324375e+04 1.78970391e+05 7.15189297e+04
 1.17461201e+04 7.53255625e+04 9.71456875e+04 1.72565254e+04
 3.51457031e+04 2.27503340e+04 2.34795352e+04 1.59446453e+05
 8.19089438e+05 2.51330609e+05 4.58162250e+05 3.72211150e+06
 1.90962297e+05 9.27750234e+04 9.86484219e+04 4.17494469e+05
 2.49201281e+05 1.67797000e+05 6.72844062e+04 8.94175125e+05
 6.03030875e+05 8.08904812e+05 3.18386656e+05 4.74551875e+04
 2.31346156e+05 5.29841000e+06 8.41588516e+04 1.11669951e+04
 5.05340300e+06 2.95386812e+05 2.74126688e+05 5.25632031e+04
 5.07234297e+04 3.87312539e+04 1.52771500e+05 3.86037856e+08
 3.23105700e+06 1.25335928e+04 1.72618730e+04 1.34847609e+05
 1.44112984e+05 4.81760188e+05 6.74711562e+05 7.08502109e+04
 5.19183984e+03 1.90503406e+05 4.34068688e+05 6.18697938e+05
 5.76895562e+05 4.80234625e+05 9.18463375e+05 2.57436289e+04
 2.97979453e+04 2.63688094e+05 1.39253656e+05 3.01521075e+09
 2.62945781e+05 1.02309869e+06 6.03379531e+04 2.59011942e+09
 2.19107285e+04 5.89263398e+04 1.57487609e+05 2.02798281e+04
 1.36525938e+06 2.71997312e+05 1.14899352e+05 9.05286250e+04
 1.19860580e+07 3.11460500e+05 2.76927750e+05 4.09844469e+05
 6.34849500e+05 3.95098789e+04 2.74553900e+06 9.12666750e+05
 9.50817266e+04 1.13167425e+06 2.96190781e+05 9.81559375e+05
 1.44661953e+05 1.60454130e+07 8.80732188e+04 5.91941938e+05
 9.21284141e+04 5.14211133e+04 2.16796339e+09 3.35040039e+04
 5.23798100e+06 1.96937797e+05 2.63715430e+03 6.64786812e+05
 2.17637125e+05 6.84856900e+06 1.63918613e+04 4.69690156e+04
 6.69571720e+07 6.87149531e+04 8.79979609e+04 6.08358320e+04
 9.99304297e+03 4.51577422e+04 2.70249156e+05 1.40448453e+05
 1.82642441e+04 4.12331719e+04 1.22432734e+04 9.46949062e+05
 3.42037031e+05 2.29218844e+05 4.98375391e+04 9.29954400e+06
 3.01106504e+04 1.96866594e+05 2.59755977e+04 3.37963789e+04
 4.61610859e+04 1.47538062e+05 6.85275062e+05 2.56421562e+05
 1.92447480e+04 6.24371914e+04 1.03793227e+05 1.99120254e+04
 6.88308188e+05 1.51370801e+04 7.02021924e+03 6.53911406e+04
 5.42488281e+02 4.69909050e+06 5.65083875e+05 4.23708469e+05
 1.55569953e+05 5.59729062e+04 8.47500195e+03 6.94103000e+05
 1.31570029e+04 2.85441688e+05 5.57197500e+04 2.95528848e+04
 1.11095856e+08 9.66626875e+04 1.80407094e+05 1.13181032e+08
 2.53076672e+05 6.28017266e+04 2.08410488e+04 4.69461500e+06
 4.27117461e+04 5.57843203e+04 2.63808711e+04 3.46144906e+05
 2.55097676e+04 1.73318848e+09 1.79083531e+05 1.26082334e+04
 1.96943711e+04 3.98588656e+05 1.23490609e+05 2.17549812e+05
 5.53261445e+04 3.49447156e+05 1.59131072e+09 1.22312500e+04
 2.99885781e+04 3.76799156e+05 4.06697461e+04 4.24274531e+05
 3.92338794e+03 6.94347734e+04 2.00085195e+04 3.29565344e+05
 1.03675055e+05 2.99656699e+04 2.49983856e+08 1.25206488e+06
 1.48380175e+06 5.83688555e+04 2.35682031e+05 2.75646875e+05
 7.05752500e+04 1.63396790e+07 3.13466281e+05 3.08322719e+05
 3.63249656e+05 2.50109648e+04 2.84683875e+05 2.69991344e+05
 1.23005398e+05 9.62821875e+04 4.41345898e+04 3.44107695e+04
 6.32960195e+04 1.56014328e+05 6.59553828e+04 4.52785000e+04
 2.00292582e+09 4.43838656e+05 4.61208945e+04 7.00123062e+05
 1.27007477e+05 7.22651300e+06 1.35359953e+05 4.87909609e+04
 1.80350117e+04 2.87102344e+04 3.42275750e+06 8.03874268e+03
 6.73043000e+05 2.41434109e+05 1.44710641e+05 1.52314521e+04
 3.67499292e+03 1.14389699e+10 2.55075332e+04 1.94309984e+05
 4.82358594e+05 3.58304531e+04 1.86467793e+04 1.05462188e+05
 2.32372400e+06 4.42653633e+04 3.44894648e+04 1.01552391e+05
 5.26025391e+03 2.29418625e+05 3.59528789e+04 1.05791262e+06
 9.27281875e+04 9.96305762e+03 1.42870312e+05 1.53791359e+05
 1.58608338e+06 4.13147438e+05 4.46294000e+06 2.42158031e+05
 5.37779199e+03 3.32366281e+05 2.35320531e+05 2.67057832e+04
 2.49515050e+06 2.18551172e+04 1.27228075e+06 1.87570078e+05
 4.12411469e+05 4.92997700e+06 9.28296094e+04 1.88802891e+05
 1.21145811e+04 1.09153875e+05 2.61386598e+09 4.65461812e+05
 6.76633125e+05 1.27530635e+04 5.98222500e+05 7.73978688e+05
 5.04938320e+04 9.45363750e+04 3.68364938e+05 1.96085859e+04
 3.34423400e+06 9.94745625e+05 4.45648486e+03 2.11495288e+03
 1.46751211e+04 1.30002406e+05 4.72215820e+04 1.24690992e+05
 3.35453562e+05 4.92173938e+05 6.33468359e+04 3.67752832e+03
 1.84738047e+05 2.53298359e+05 9.26049219e+04 1.74248750e+05
 1.75388138e+06 7.07651123e+09 1.72942650e+06 1.25589750e+06
 6.70057891e+04 2.54278042e+09 1.82127531e+05 1.41576504e+04
 1.15918102e+05 2.01391388e+06 6.33972562e+05 1.05598945e+05
 3.84762906e+05 9.28757000e+05 1.57292734e+05 2.48977324e+04
 9.65895703e+04 5.47985820e+04 8.21936641e+04 3.16032266e+04
 1.63191203e+05 2.15830078e+04 1.91657962e+06 2.26771172e+04
 1.40900703e+05 1.65264359e+05 4.82320440e+07 3.72329031e+05
 4.12079560e+07 6.60273750e+04 4.86846289e+04 1.12278906e+05
 3.84947305e+04 1.33011047e+05 6.00584141e+04 7.73003613e+03
 1.58238578e+05 1.15330242e+05 3.11824980e+04 9.96294609e+04
 5.52230039e+04 1.65239975e+06 1.72634875e+05 2.65067246e+04
 3.50273312e+05 3.99779840e+09 1.63177362e+06 1.98013398e+04
 4.17161992e+04 7.85980938e+04 1.90691141e+05 3.78538125e+04
 3.91556484e+04 2.51401400e+06 1.40527700e+06 3.65453281e+04
 3.96413765e+01 9.82119625e+05 1.06655412e+06 1.82784953e+05
 5.73554141e+04 7.60329375e+04 1.20423838e+06 4.41420250e+05
 1.01884746e+04 6.63986250e+04 4.54644092e+03 3.24249707e+04
 4.69641375e+05 6.11122773e+04 5.34973672e+04 7.99448125e+05
 4.81013633e+04 1.37916203e+05 7.95288984e+04 4.74180094e+05
 7.55552812e+05 5.30515352e+04 2.60188008e+04 1.34732148e+04
 6.68746438e+05 4.28706758e+04 3.51470352e+04 7.97263906e+04
 1.92358219e+05 4.31560859e+04 4.24001221e+03 2.68141426e+04
 1.45194141e+05 1.94811500e+05 3.31810898e+04 8.44052891e+04
 3.45227712e+08 3.54271914e+04 3.13261219e+05 1.55125719e+05
 2.23751900e+06 1.29496008e+05 5.84893125e+05 1.27920102e+05
 1.84247219e+05 5.73785977e+04 2.59271777e+04 2.93134062e+05
 2.85870285e+09 4.74662969e+04 3.07816973e+04 5.69614062e+05
 1.90606041e+01 1.08451533e+04 9.95978203e+04 1.59010688e+09
 3.22082375e+05 1.57757125e+05 4.00376344e+05 3.88790062e+05
 5.16185375e+05 1.40072828e+05 2.26597550e+06 3.06898906e+04
 5.04603320e+04 5.17336621e+03 2.12185938e+05 1.64487100e+06
 2.11055125e+05 9.91699375e+04 5.11878719e+05 1.88055508e+04
 1.83776016e+05 1.92530734e+05 1.60983800e+07 1.49399672e+05
 6.48064453e+04 2.24986938e+03 2.42603900e+06 7.70124951e+03
 2.10847500e+05 2.22833359e+05 6.00827500e+04 8.70088984e+04
 1.97897441e+04 8.63075312e+04 7.22794688e+05 6.79294062e+04
 1.15818234e+05 6.23832861e+03 7.47176270e+03 6.10826438e+05
 7.52565625e+04 1.58009883e+04 3.54725188e+05 1.97666734e+05
 5.28139438e+05 6.24769609e+04 6.56846719e+04 1.87108096e+09
 3.68704025e+06 1.42043188e+05 2.94116562e+05 6.01343040e+07
 4.51904297e+03 7.40181006e+03 5.70337938e+05 8.73521016e+04
 1.15789658e+04 1.45197406e+05 1.04660578e+05 3.06959812e+05
 6.22092578e+04 5.70268688e+05 5.13302531e+05 3.50430078e+04
 1.22324852e+05 1.91932612e+06 2.67790156e+05 7.82559062e+05
 4.90404844e+04 3.83393031e+05 5.58745250e+05 9.62422031e+04
 2.28381491e+09 1.10347008e+05 5.89477617e+04 2.45620750e+06
 2.40934609e+05 2.36283094e+05 2.01998477e+09 1.50743682e+04
 1.52491078e+05 4.79947773e+04 1.02521444e+06 2.46103141e+05
 6.41137354e+03 2.08805900e+06 6.09813952e+08 1.06758912e+06
 7.42483456e+09 1.05547836e+05 1.87709619e+09 2.41120516e+05
 7.87508838e+03 1.91496047e+05 1.42648499e+09 1.91710925e+06
 3.13433066e+04 1.37480094e+05 3.91528906e+05 4.08891289e+04
 3.49361304e+03 2.39347100e+06 9.99329219e+04 5.88006062e+05
 1.81229188e+05 5.07175859e+04 2.39025484e+05 3.63845625e+05
 3.23347156e+05 1.09557469e+05 2.08196125e+05 2.81211113e+04
 1.54721850e+06 1.58654062e+05 3.89173188e+05 7.59651270e+03
 2.55858438e+04 5.10575938e+05 2.28825656e+05 1.22999888e+06
 5.54246582e+03 4.42871914e+04 3.81021250e+05 4.94505273e+04
 9.52613438e+04 2.31696973e+04 4.61577219e+05 1.18434383e+05
 1.44098562e+05 5.47092125e+05 3.19423700e+06 8.81462000e+05
 4.14475547e+04 1.58200875e+06 7.68569344e+08 3.30645117e+04
 7.17042637e+09 1.02992858e+09 9.92832250e+05 1.31402109e+05
 2.10161562e+04 7.37811797e+04 6.67279600e+07 1.03841328e+05
 2.94518900e+06 5.47680039e+04 6.37393625e+05 3.70588320e+04
 3.31200775e+06 2.12985059e+04 1.25448141e+05 7.96841094e+04
 2.68633984e+04 5.89502750e+05 1.56355734e+05 4.81304609e+04
 5.20687734e+04 5.84534883e+04 1.70237559e+04 4.77308844e+05
 1.44232962e+06 1.17061672e+05 1.80374675e+06 1.69884766e+05
 3.12873950e+06 1.43274219e+05 5.50248312e+05 4.97962969e+04
 5.39927852e+04 1.17255049e+04 1.28883828e+05 1.56616738e+04
 2.53665137e+04 3.66205039e+04 7.80838125e+05 1.95636048e+08
 4.75765219e+05 1.23178965e+04 1.87476062e+05 2.09032871e+04
 4.60649658e+03 1.32610766e+05 1.72008578e+05 1.99975050e+06
 1.68242031e+04 6.35693000e+05 6.27293516e+04 9.51420703e+04
 3.09244750e+05 8.45495078e+04 1.02545325e+09 1.88279719e+05
 2.96279406e+05 9.46440312e+04 1.51259828e+05 3.82801636e+03
 1.83878109e+05 7.28775312e+04 2.12665750e+05 9.05943984e+04
 2.50555615e+03 2.22063584e+08 1.24668477e+05 1.82718850e+06
 4.53456562e+05 2.89051750e+05 7.47641719e+04 2.30924734e+05
 9.95285312e+04 2.19559668e+04 6.83112344e+04 9.31306094e+04
 7.56170361e+03 6.21076289e+04 8.39065000e+04 4.16675977e+04
 9.68718000e+07 2.32277203e+05 7.91294609e+04 4.51656160e+08
 1.85628234e+05 3.48152750e+05 1.04409712e+06 1.67157246e+04
 1.09177289e+05 5.19535791e+03 4.17565750e+05 1.25070740e+07
 2.64081812e+05 1.08468016e+05 1.92192891e+05 3.41028950e+06
 1.21376709e+03 8.52132227e+03 5.81250586e+04 8.55024062e+04
 1.65048750e+04 6.54873711e+04 4.48768359e+04 6.43725812e+05
 6.37900250e+05 3.78642969e+04 1.26822891e+05 9.39026484e+04
 1.00258331e+06 1.14855234e+05 1.19567992e+05 1.08576533e+04
 1.86988730e+04 1.06337477e+05 5.44889766e+04 4.41340820e+04
 1.50100225e+06 3.64179469e+05 1.97697281e+05 5.66926250e+04
 5.67293945e+03 4.39032461e+04 1.95379919e+03 3.63459600e+07
 8.88474219e+04 4.42446094e+05 1.58450186e+04 1.88977625e+06
 4.36058938e+05 2.71949500e+05 1.26652393e+04 3.90272225e+06
 3.76581133e+04 5.49273945e+04 4.25853688e+05 5.83031625e+05
 3.68479766e+04 9.18243047e+04 7.08634766e+04 4.59348188e+05]
