[1.56923804e+03 5.72476685e+02 8.99161926e+02 2.48038623e+03
 9.68720276e+02 1.22362305e+03 6.65714294e+02 5.35595665e+01
 1.99991777e+04 2.06039160e+03 3.87231348e+03 3.30690381e+03
 5.47034863e+03 1.24108630e+03 2.18914459e+02 2.06033752e+02
 1.68032104e+02 1.43567719e+02 5.77206592e+03 3.75919629e+03
 4.42192841e+02 7.71532776e+02 2.16145293e+04 5.21574080e-01
 8.48712921e+01 1.76757375e+05 1.15258789e+03 2.59842871e+03
 4.93011914e+03 1.45112137e+02 5.57831909e+02 2.87133728e+02
 2.17498096e+03 8.03794495e+02 2.45314606e+02 7.32529602e+02
 1.42111829e+03 8.49320068e+02 1.75811145e+03 5.92003746e+01
 1.84231738e+04 2.30754126e+03 3.91149200e+02 4.02938324e+02
 3.20748560e+03 4.10596143e+03 4.97047900e+03 4.16340515e+02
 8.20918579e+01 9.74240051e+02 1.03944489e+02 4.41484570e+03
 1.46145203e+02 2.72425708e+03 7.19781189e+01 1.32172318e+02
 2.38164459e+02 1.67637676e+04 7.45218079e+02 1.50724197e+02
 2.20980020e+04 6.84031921e+02 3.01266876e+02 1.33804703e+02
 1.81218652e+03 1.16047549e+04 1.91324921e+02 4.10438568e+02
 1.31763184e+03 1.87136914e+04 9.81584091e+01 2.71029907e+02
 4.03445709e+02 1.75402222e+02 1.36915802e+02 7.60002100e+03
 1.96250427e+02 1.31368428e+04 1.68705505e+02 4.18656875e+04
 9.55721283e+01 1.46389819e+03 1.07492973e+02 1.40776825e+02
 3.94974121e+02 1.46067596e+02 1.57090894e+03 4.33843079e+02
 2.51884460e+02 1.47642981e+03 2.93939728e+02 2.06604126e+03
 3.04124126e+01 3.80151886e+02 6.87686016e+04 4.38823586e+01
 4.65058838e+03 2.40156601e+02 1.86767578e+04 5.10370117e+02
 1.15108594e+03 2.74841309e+02 1.33179688e+03 5.72826111e+02
 1.21584412e+02 9.15395996e+02 1.61706177e+02 1.78018860e+02
 2.18932877e+02 1.84889145e+01 8.75280029e+02 3.54999390e+03
 6.40088623e+02 2.89425934e+02 3.52406654e+01 1.06201184e+03
 7.28134705e+02 8.33126221e+02 2.78901147e+03 1.01451874e+02
 4.67665100e+02 4.03469025e+02 2.08750122e+03 2.93558130e+03
 7.84484131e+02 8.47003540e+02 4.76172852e+02 7.91662048e+02
 1.78048973e+01 1.26400208e+03 4.05102753e+02 9.12346954e+01
 1.60192456e+03 1.55179214e+02 2.28211060e+03 4.71396851e+02
 6.37999219e+03 1.76907623e+02 1.09487073e+03 5.08696318e-01
 2.86644836e+02 5.58332092e+02 1.52008955e+04 2.69754663e+03
 4.38292694e+02 1.09892006e+02 9.16563416e+01 4.26248596e+02
 2.76036084e+03 5.22472473e+02 3.88604240e+01 2.94194244e+02
 1.30578516e+03 2.16465918e+03 5.74123474e+02 2.00749390e+03
 7.02951355e+01 4.19537578e+04 1.39379988e+01 1.25345593e+03
 7.34488647e+02 4.55088844e+01 1.51710892e+02 5.27794434e+02
 2.40275269e+03 8.39683533e+02 1.25928246e+02 1.39170911e+03
 1.56040198e+03 6.75950195e+03 4.47014404e+02 1.73284943e+02
 1.08099194e+03 1.48314209e+02 1.54625842e+03 4.04772949e+03
 1.34827380e+03 7.93719055e+02 1.47485083e+03 1.90951062e+03
 6.79627502e+02 1.24514801e+02 5.08872998e+03 1.09976111e+03
 1.14511843e+01 1.08676338e+02 1.08452065e+02 1.27374402e+03
 1.42271286e+02 3.39252228e+02 2.05280823e+02 6.93624649e+01
 1.09034866e+02 4.57389183e+01 2.24307812e+03 2.36445236e+01
 1.52734775e+04 3.53582001e+02 1.15107010e+02 6.91691553e+03
 2.03063354e+02 4.07787061e+03 1.03333032e+03 6.21319885e+01
 2.69963208e+03 6.05025000e+03 2.15517410e+02 5.55059473e+03
 5.34596497e+02 3.69410278e+02 8.23401489e+01 8.67057434e+02
 3.57252026e+03 4.50532440e+02 1.18428589e+03 9.93574371e+01
 2.44318555e+03 9.96278381e+01 3.24782324e+03 2.05340759e+02
 1.78642670e+02 1.99240991e+03 8.67534790e+01 1.16963232e+04
 1.10187790e+02 2.45301895e+02 1.76365494e+02 3.68642944e+02
 5.30338928e+02 4.31840088e+03 1.26630165e+02 5.14517899e+01
 3.81986847e+01 1.80363220e+03 1.38763718e+02 6.65241272e+02
 2.38688403e+03 7.56850739e+01 3.97797089e+02 7.30440247e+02
 2.76619537e+02 1.15207446e+03 4.52060760e+02 2.69599707e+03
 1.53186194e+03 4.43254425e+02 1.32256616e+03 1.46640649e+03
 2.17446838e+02 1.00562952e+03 8.63822327e+01 1.48937480e+04
 1.02374023e+02 1.51551074e+03 1.57018579e+03 4.62799316e+03
 1.68271411e+03 4.63867455e+01 9.51130737e+02 4.58817090e+03
 4.10204219e+04 3.22740601e+03 5.09954980e+03 1.38985947e+02
 1.19082289e+01 1.26293419e+02 1.45562576e+02 4.53786774e+02
 2.72781299e+03 2.67779492e+03 7.54634705e+02 2.32064902e+04
 7.87143021e+01 1.45026794e+02 2.02935883e+02 1.78137558e+02
 7.71695000e+04 8.33221973e+03 8.86273071e+02 1.11692871e+04
 4.40292969e+03 5.27539258e+03 1.19566788e+02 1.30111313e+02
 1.03470444e+02 1.03564404e+03 3.50886353e+02 5.29815125e+02
 1.16130469e+03 2.45503589e+03 3.08019844e+04 8.54629135e+01
 1.86600625e+04 1.14498413e+02 8.25378052e+02 1.09441467e+02
 9.19667603e+02 2.89787402e+03 3.42440247e+02 4.14425468e+01
 1.55309723e+02 1.24172760e+02 2.92527771e+02 5.21949890e+02
 5.66449609e+03 5.09916055e+04 4.25359314e+02 3.93294727e+03
 7.36519287e+02 1.08164581e+02 1.06475601e+02 4.82170361e+03
 1.57008411e+03 3.81502891e+00 4.70965942e+02 1.68105423e+02
 6.52905566e+03 2.59272520e+04 1.07398254e+03 7.12966553e+02
 1.35331274e+03 1.86446289e+02 2.58984497e+02 3.40549707e+03
 9.26934448e+02 9.88967834e+02 5.99343750e+03 1.29584564e+02
 1.04065332e+04 1.30682471e+04 1.06286774e+02 1.10661713e+02
 6.33440170e+01 6.29209167e+02 9.87046570e+02 4.00847192e+03
 5.84709969e+01 4.85009460e+02 4.07550513e+03 1.78728989e+02
 1.71747156e+03 2.68259155e+03 9.45223007e+01 1.28269702e+03
 5.59069748e+01 2.86204171e+00 4.67712341e+02 2.64669189e+03
 6.83954285e+02 1.08642197e+02 1.86569775e+03 2.29662964e+03
 7.46553284e+02 4.73823779e+03 9.02886719e+03 1.39876929e+03
 1.43277527e+03 2.22835632e+02 5.43407715e+02 2.43788403e+03
 3.78411743e+02 5.70941833e+02 4.94241058e+02 7.29668335e+02
 3.76082336e+02 2.39895742e+04 2.91912422e+01 2.30733505e+02
 1.22997012e+04 6.58453857e+03 4.69736176e+02 7.10754471e+01
 3.36913159e+03 6.46813431e+01 2.77365112e+03 6.44907715e+02
 5.84743945e+04 2.06643036e+02 3.95932251e+02 1.17647171e+02
 8.24971619e+02 2.96446472e+02 1.00110711e+05 1.86232498e+02
 1.73588791e+02 3.20019189e+03 1.19075562e+02 4.13162793e+03
 1.69177719e+02 3.34089905e+02 1.37688848e+04 1.69222855e+02
 9.76433945e+01 4.60563263e+02 1.20007462e+02 2.62722437e+03
 1.01881615e+02 4.39010376e+02 1.62596237e+02 9.80501367e+03
 6.30828133e+01 5.43986572e+03 1.52430964e+01 5.74174843e+01
 2.84330591e+03 1.87060608e+02 8.46157150e+01 7.26243347e+02
 1.51742119e+04 1.09103381e+03 1.19607750e+02 5.86883789e+02
 8.76867371e+02 6.19813721e+02 7.31088867e+03 6.39815625e+03
 1.79581421e+03 2.81323999e+03 5.43427930e+03 1.72024365e+03
 2.77899506e+02 1.49863922e+02 9.74013123e+02 3.93351379e+02
 1.82012161e+02 1.36104785e+03 7.17217178e+01 4.21051331e+02
 1.74134827e+02 1.97229175e+03 9.77511963e+02 1.30941846e+03
 9.86846924e+01 1.07391162e+03 1.88735275e+01 1.31826324e+02
 2.32623779e+03 5.83292969e+02 2.23490552e+03 8.82078323e+01
 1.48234119e+03 5.64733691e+03 9.34472168e+03 2.55086157e+03
 6.63786545e+01 1.16786865e+02 7.84948547e+02 9.13640320e+02
 9.35202515e+02 5.39416162e+03 1.91233643e+02 4.05658447e+03
 1.15957092e+02 7.66114319e+02 1.98483749e+02 7.14797241e+02
 5.91252632e+01 6.62170020e+03 3.62346924e+02 1.32279999e+02
 3.05265594e+02 1.02039862e+01 9.30977097e+01 1.03668411e+02
 7.23460400e+03 3.79927216e+02 2.95867950e+02 6.11113319e+01
 2.53826367e+03 1.58419188e+05 4.26685120e+02 2.46436783e+02
 1.61258899e+03 2.18752747e+02 9.26659546e+02 2.57695898e+03
 6.95864502e+02 1.37081909e+02 9.88252563e+01 1.28034012e+02
 4.56511572e+03 2.83651562e+03 1.40463928e+03 1.33594470e+03
 8.46313171e+01 2.30956543e+03 2.30092564e+01 2.68252344e+03
 9.68055038e+01 3.58624878e+02 1.69545090e+02 5.24329109e+01
 3.99135986e+02 2.08407812e+03 3.67914124e+02 1.03793480e+02
 1.38197968e+02 2.35933441e+02 1.20728401e+02 1.82125586e+03
 7.86421661e+01 1.71508191e+03 1.77512012e+03 8.27415039e+02
 3.54315369e+02 2.58022858e+02 1.06998466e+02 1.74405554e+03
 9.51147003e+01 8.40118958e+02 8.90615692e+01 3.46853088e+02
 6.93192291e+01 5.41693359e+03 1.79521436e+03 3.55039697e+03
 5.78727112e+02 1.03313812e+02 7.47016541e+02 1.11813858e+02
 8.00958710e+01 1.33307588e+04 2.10131363e+02 1.17316077e+03
 3.31944873e+03 1.05743340e+02 2.32246750e+02 1.42387891e+03
 1.54250580e+02 8.61305359e+02 8.59182129e+01 1.19112534e+02
 8.14315247e+02 2.33968338e+02 1.10101593e+02 9.45098648e+01
 2.08576233e+02 1.98973767e+03 8.32907944e+01 2.39354187e+02
 4.39972046e+02 7.55564609e+04 8.86206970e+02 1.53107925e+02
 8.84590378e+01 2.14493073e+02 4.42410553e+02 2.31381226e+02
 1.45841094e+04 2.23573547e+02 2.22087219e+02 3.73570435e+02
 1.41767957e+03 6.91638818e+03 3.43050507e+02 1.33472961e+02
 1.69468726e+03 1.36268066e+02 1.11939415e+02 1.03623337e+02
 1.20522363e+04 5.04613159e+02 9.32232910e+02 5.91557678e+02
 1.10583282e+02 1.25821326e+03 1.49226587e+03 3.95099487e+03
 2.89146088e+02 1.06786865e+02 2.69371368e+02 3.21906104e+03
 6.39372787e+01 4.20501526e+02 6.75111475e+03 3.38662170e+02
 1.02889839e+02 1.44307825e+03 3.97297998e+03 2.12046509e+02
 1.91565613e+03 5.82605934e+01 7.74090637e+02 4.74984039e+02
 9.45421777e+03 3.19074121e+04 2.62726784e+01 1.33541284e+03
 4.75059540e+02 3.22431427e+02 2.86664398e+02 1.63539871e+02
 4.41872559e+03 1.44530731e+02 8.73618652e+02 4.45717072e+02
 5.14566162e+02 2.37851929e+03 3.04329736e+03 7.40665970e+01
 2.33704434e+04 1.17540527e+02 5.26371460e+02 1.28854141e+02
 1.51943223e+04 1.30746750e+02 1.44378464e+02 6.75237366e+02
 3.43212921e+02 3.50983795e+02 1.51087326e+02 3.54917717e+01
 4.00386353e+02 1.32106873e+03 7.34556961e+01 3.33558154e+03
 1.11681641e+03 1.22344165e+03 3.82376709e+02 2.87135498e+03
 6.62454758e+01 1.02938738e+01 1.21798376e+03 9.11696106e+02
 2.82747498e+02 3.34807678e+02 9.65919531e+03 4.99711304e+02
 1.36806104e+03 2.79834155e+03 3.49809418e+02 5.15852539e+02
 4.33274756e+03 3.69017151e+02 4.74640503e+02 1.11656921e+02
 5.24413757e+02 1.57164688e+02 4.53282501e+02 1.65205786e+03
 2.19628372e+02 3.26282928e+02 1.63328751e+02 2.34905899e+02
 6.82643203e+04 4.11124344e+01 1.39279248e+03 6.41718945e+03
 2.80976734e+01 2.64051636e+02 2.14815048e+02 1.73556580e+02
 1.98605957e+03 2.16833908e+02 3.00422821e+02 2.79453278e+02
 1.36021317e+02 1.27397253e+03 4.00981152e+03 1.23315247e+02
 1.39536011e+02 7.34948975e+02 3.34808032e+03 7.37308426e+01
 1.31654138e+03 1.06961951e+03 5.37600281e+02 4.68733246e+02
 1.08573311e+02 5.90806396e+03 7.24347266e+03 1.58498077e+02
 1.03039536e+02 9.43207779e+01 6.16449951e+03 1.46436748e+04
 7.79448471e+01 2.02311450e+03 4.40770645e+01 4.36456152e+03
 3.65993958e+02 1.67310028e+02 3.53270752e+03 6.20120605e+02
 2.85698315e+03 1.22076675e+02 4.38276276e+02 5.80105859e+03
 5.51112061e+02 1.23583179e+03 1.34050537e+02 5.69344299e+02
 2.24864746e+03 2.19842972e+02 9.60625076e+01 1.45008377e+02
 1.58531436e+04 1.00853539e+02 1.86865341e+02 2.01854675e+02
 6.74244019e+02 1.21639740e+02 8.84419250e+01 1.08022369e+02
 8.59981628e+02 1.65498764e+02 8.59790573e+01 1.55635178e+02
 1.67430115e+02 5.90725064e-01 5.63675049e+03 1.59485046e+02
 8.96399292e+02 9.63758789e+03 2.91055389e+02 1.15643860e+03
 9.00409241e+02 1.12408760e+02 1.21568016e+02 1.02945061e+02
 2.50759430e+02 1.02928017e+02 1.36700317e+02 9.27913025e+02
 9.38232040e+01 1.23366165e+02 4.32402100e+03 2.95281787e+03
 8.42716797e+03 8.58552551e+02 5.92474805e+03 4.25737839e+01
 1.52949365e+03 8.47295215e+03 6.46293762e+02 3.90459412e+02
 7.02372864e+02 1.11502510e+02 3.39374390e+02 3.72328339e+02
 1.88830801e+04 1.97562531e+02 1.99322144e+03 1.45781653e+03
 4.14973785e+02 4.68580475e+02 3.52593164e+04 4.10953662e+03
 9.83606339e+01 7.15185852e+01 7.49114746e+02 1.07790588e+02
 2.67692627e+03 1.93265518e+02 1.51887589e+02 7.82737885e+01
 1.22492566e+03 9.83900528e+01 2.72474438e+03 7.64760742e+01
 3.30665210e+03 1.32728564e+03 9.92866943e+02 1.48088135e+03
 1.17852234e+02 1.52518402e+02 7.43435608e+02 3.77100311e+02
 1.43537689e+02 1.12939531e+04 3.47042847e+03 2.26807541e+02
 2.48158276e+03 1.81331512e+02 1.49286896e+02 1.30086105e+02
 1.12185730e+02 1.56373474e+02 2.22929907e+03 1.14247337e+02
 1.53487411e+02 1.79149414e+03 5.71312500e+02 4.92158394e+01
 3.32598480e+02 6.90907471e+03 6.98952148e+03 5.26938477e+02
 1.35531174e+02 1.93309668e+03 1.45408951e+02 4.85642090e+02
 1.24040527e+02 5.70925415e+02 6.19220410e+03 1.80976318e+02
 2.38515430e+03 5.33493500e+01 5.24910693e+03 6.56611145e+02
 6.70586975e+02 1.54812836e+02 7.93419092e+03 8.20881470e+02
 4.39711639e+02 1.18569885e+03 6.84335156e+03 7.66820679e+01
 4.73446838e+02 4.15301172e+03 3.44068024e+02 2.79578101e+03
 1.65673691e+04 1.20617058e+02 2.75411713e+02 9.94616318e+01
 1.35239334e+02 1.12233009e+02 1.14623596e+03 1.51361475e+03
 1.67496429e+02 8.89592285e+01 7.87448120e+02 1.61169336e+03
 6.52318237e+02 4.73646191e+03 7.12931976e+01 1.17784521e+03
 9.75047058e+02 1.26120459e+03 3.53122162e+02 6.01621826e+02
 3.19189880e+02 1.17852013e+02 3.53359344e+02 2.64089172e+02
 8.67503711e+03 1.50248886e+02 9.23570023e+01 3.14457855e+02
 3.39377046e+00 3.22442505e+02 1.27260414e+02 7.61771777e+03
 4.24924713e+02 1.13778656e+02 1.71055450e+02 2.90812347e+02
 1.00178394e+03 1.95812698e+02 5.16873633e+03 1.82070703e+03
 3.14381714e+02 1.97313736e+02 7.74680237e+02 4.90648010e+02
 6.20183154e+03 3.05280137e+04 1.40099951e+03 5.08650085e+02
 2.71499170e+03 3.22650977e+03 1.57787285e+04 2.96837524e+03
 9.48703461e+01 1.88270935e+03 1.04915581e+02 3.33263763e+02
 1.20688340e+04 8.13922302e+02 9.71071289e+02 1.31025909e+02
 9.97953516e+03 1.08519684e+02 1.25262390e+02 2.19921045e+03
 1.36174805e+03 1.85877411e+02 2.28547882e+02 3.25810620e+03
 1.22444305e+02 1.24893188e+03 1.49879944e+03 2.05061096e+02
 1.59346963e+04 1.40089185e+03 8.57716641e+04 3.16669336e+03
 1.48423818e+04 3.09088409e+02 1.38195715e+03 8.13115356e+02
 9.87414001e+02 6.70749756e+02 2.54684448e+01 1.34274231e+02
 3.52275574e+02 1.12045563e+02 5.18414574e+01 4.60282135e+02
 9.70748108e+02 1.08399727e+02 2.16571732e+02 8.56736450e+02
 4.91531921e+02 3.25715820e+03 4.04486377e+03 9.80903748e+02
 8.13911285e+01 4.96713770e+03 6.33042114e+02 1.78444611e+02
 8.01493347e+02 2.22513214e+02 8.66253357e+01 7.19324658e+03
 1.99189621e+02 8.25761426e+03 8.14289169e+01 1.01388245e+02
 4.54529907e+02 1.25207550e+02 3.02480518e+03 1.08533972e+03
 2.52924591e+02 2.58297339e+03 9.66239853e+01 3.61520469e+04
 2.56325197e+00 8.18421631e+01 5.67176056e+01 1.26672534e+03
 2.26949268e+03 5.81794586e+01 9.69032910e+03 3.51066992e+03
 1.46186493e+02 1.14078926e+02 1.08779228e+02 1.69147308e+02
 7.52574158e+01 1.82893051e+02 1.01088364e+02 1.57976160e+03
 6.25218506e+02 6.48731079e+02 2.16418091e+02 1.84083496e+02
 1.98273193e+02 1.15023842e+02 6.59164612e+02 1.35176031e+05
 3.13167261e+03 1.89724991e+02 3.00293732e+02 2.32811206e+03
 1.10084503e+02 3.40373608e+03 3.15204419e+03 1.04549568e+02
 2.79851379e+01 1.24009186e+02 1.56112671e+02 7.77943909e+02
 6.41124695e+02 1.07837944e+02 1.10313926e+04 1.19012878e+03
 9.52300488e+03 4.96184509e+02 9.12986633e+02 1.20887292e+03
 5.42662239e+00 1.68470840e+02 1.31146301e+03 2.59190979e+02
 1.70477246e+04 1.47736588e+02 3.88544897e+03 2.66244392e+01
 6.86324341e+02 1.06355057e+02 7.60477524e+01 3.28970703e+04
 6.33037109e+02 2.87500488e+02 9.99463577e+01 1.24038745e+03
 1.61498450e+03 5.34635986e+03 4.28395767e+01 9.34810791e+02
 8.48750992e+01 1.11577118e+02 1.19081702e+03 5.76054883e+03
 6.68008270e+01 6.15832825e+02 8.14007446e+02 2.37294724e+02]
