[1.04237744e+04 8.12008057e+02 2.32889600e+03 6.54354883e+03
 4.05346436e+03 5.18447363e+03 1.82384924e+03 1.55992224e+03
 2.26475566e+04 1.72151843e+03 3.95730347e+03 3.75234448e+03
 2.62032461e+04 8.43228455e+01 1.12463867e+03 9.73678467e+02
 1.41605591e+03 1.04737292e+03 1.18170312e+04 2.39736172e+04
 2.21149292e+03 1.26177197e+03 5.14109875e+05 3.78161938e+03
 9.02513672e+02 4.40322812e+04 3.61226416e+03 9.85101318e+02
 1.18987134e+03 1.55402820e+03 1.53308203e+04 4.58166748e+03
 5.25631445e+03 1.62225903e+03 3.23928438e+04 4.32751270e+03
 1.10595300e+03 9.36995239e+02 2.29630273e+03 7.86189697e+02
 1.14508262e+04 1.20076729e+04 3.45548413e+03 6.71659863e+03
 9.78066833e+02 3.63828955e+03 1.90530078e+03 6.81618591e+02
 3.35336060e+03 9.32158737e+01 1.44058582e+03 1.21200330e+03
 2.62973846e+02 5.49858789e+04 7.27544067e+02 6.99855835e+02
 2.87405981e+03 2.27669006e+02 3.47792017e+03 9.88361084e+02
 7.26843457e+03 2.21508691e+03 1.04402393e+03 1.87300916e+03
 7.47054260e+02 1.10466943e+04 6.25403320e+02 1.17051239e+02
 3.22038269e+02 1.48651782e+03 1.47430029e+03 5.60175781e+03
 1.02813123e+03 8.94953857e+02 9.25379883e+02 1.20565820e+03
 2.02521997e+03 7.26075378e+02 5.19201233e+02 1.37674781e+05
 2.14662183e+03 3.37569043e+03 4.32894318e+02 1.29699243e+03
 3.01186963e+03 6.68635315e+02 2.24839819e+03 1.45150073e+03
 3.23630371e+03 6.56640259e+02 4.96251465e+03 1.62539111e+04
 4.97926605e+02 3.03859033e+03 5.43959961e+04 3.95927979e+03
 4.40110596e+03 1.18059412e+03 3.84429395e+03 1.12946204e+03
 2.55161304e+03 3.55326831e+03 2.14241089e+03 3.02004077e+03
 5.20330273e+03 2.53230322e+03 8.47288391e+02 3.11851880e+03
 1.94641541e+03 9.20130859e+02 1.13461926e+03 1.06307246e+04
 5.01649292e+02 1.88944043e+03 2.01586548e+03 1.02936340e+02
 1.05872839e+03 1.25972871e+04 5.47334473e+03 5.75872803e+02
 2.85553174e+03 5.21759424e+03 2.16461738e+04 1.52548779e+04
 4.13052588e+03 1.40125061e+03 4.28516510e+02 4.85508447e+03
 1.25331348e+03 4.76188110e+02 1.63649280e+03 1.16142773e+03
 2.56168774e+03 1.20832129e+03 1.49241553e+03 1.28824841e+03
 5.07856592e+03 1.29896863e+03 2.93575122e+03 3.57352734e+03
 2.75160645e+03 4.08960236e+02 1.53140320e+03 4.66739111e+03
 4.57603760e+03 4.42415985e+02 5.99224243e+02 1.00660752e+04
 1.15034062e+04 3.80862915e+03 4.19517700e+02 1.20076685e+03
 2.93821808e+02 1.16614722e+03 2.99421777e+03 3.28623145e+03
 4.08895508e+02 3.29384375e+04 7.59355011e+01 2.71898376e+02
 5.67559180e+03 1.72345581e+02 1.23060883e+02 1.59613477e+03
 1.11683118e+03 1.32947418e+02 1.50871719e+02 7.17226501e+02
 2.42685867e+02 1.20520771e+04 1.32760544e+02 2.67636499e+03
 3.09039795e+03 4.40371875e+03 3.23010400e+03 1.56697888e+03
 3.90519873e+03 9.93954041e+02 3.78674072e+02 4.29246016e+04
 5.93489209e+03 5.68505920e+02 1.45339562e+05 3.50557770e+02
 2.97447418e+02 1.15557959e+03 3.65515015e+02 1.41760168e+03
 5.43084082e+03 2.82995667e+02 2.14382935e+03 5.31067627e+02
 1.72779129e+02 1.38332617e+03 1.21154980e+04 7.03885986e+02
 2.27419121e+04 1.85699677e+02 1.62319116e+03 4.44438525e+03
 5.24180811e+03 6.01190820e+03 2.12004468e+03 7.52500549e+02
 1.75048887e+04 3.09093945e+04 1.36633191e+03 2.00441248e+03
 1.04537891e+03 7.73309143e+02 2.20861743e+03 4.38245996e+03
 4.43284424e+03 3.06515625e+03 6.88461719e+03 9.32824219e+02
 2.38782690e+03 8.87745483e+02 5.32800684e+03 2.82545898e+03
 9.87408081e+02 1.09266760e+03 1.94486133e+03 2.07839277e+04
 1.54671802e+03 1.21758228e+03 2.53981909e+03 2.31509473e+03
 1.30682764e+03 6.27526953e+03 9.60385376e+02 6.98104309e+02
 3.94315186e+03 1.94910767e+03 8.71163086e+02 1.90667859e+03
 2.74221289e+03 8.25207153e+02 2.76790186e+03 8.78193909e+02
 5.34617529e+03 1.02589990e+03 1.00488516e+04 4.41550293e+03
 1.45184668e+03 3.12238525e+03 2.93749878e+03 2.95372778e+03
 1.37679797e+03 1.15360305e+05 5.68699219e+02 2.94629053e+03
 1.40742651e+03 2.15956348e+03 2.64856006e+03 2.49382178e+03
 4.34843994e+03 4.37625000e+02 1.97377625e+03 2.08035278e+03
 1.11142117e+05 3.93462476e+03 1.03160830e+04 1.01479865e+03
 4.62909882e+02 6.80260376e+02 1.00099817e+03 2.04442151e+03
 5.08290186e+03 1.01164658e+04 1.19134546e+03 9.11191504e+03
 4.95736877e+02 1.82989294e+03 9.52488867e+03 1.51847888e+03
 3.70024961e+04 8.33482324e+03 3.75397876e+03 4.49457969e+04
 1.19849341e+03 7.60186816e+03 1.14784998e+03 2.99913727e+02
 1.50679169e+02 5.08104199e+03 2.75667456e+03 2.37627148e+03
 1.89823218e+03 5.13346143e+03 2.81264414e+04 6.50026184e+02
 1.13800403e+03 1.70534521e+03 1.15332788e+03 1.80101819e+03
 1.11239954e+03 1.27624902e+04 5.41195605e+03 1.29928577e+03
 2.32831006e+03 3.87257904e+02 4.36112598e+03 1.19845915e+00
 4.16079785e+03 2.50562203e+05 1.47273511e+03 8.90348145e+03
 3.01390894e+03 1.94628259e+03 2.93899475e+02 1.69635413e+03
 1.80967109e+04 6.91694946e+02 9.25827454e+02 4.05425171e+03
 7.01176367e+03 2.58205840e+04 1.81484692e+03 2.05471719e+04
 4.11464648e+03 6.82169629e+03 3.55171069e+03 2.10617432e+03
 1.61600107e+04 1.85745956e+02 1.31168887e+04 8.31858887e+02
 9.54657617e+03 6.49113330e+03 7.88461121e+02 5.06708679e+01
 5.34390259e+02 1.13374780e+03 2.35654541e+03 2.14256519e+03
 1.11061926e+03 1.32182922e+03 1.22964551e+04 6.15321777e+02
 1.06725378e+03 6.45916687e+02 1.95239282e+03 2.78244043e+03
 1.63968201e+03 8.01738892e+02 3.45819122e+02 3.98071436e+03
 1.26923859e+02 5.81327759e+02 6.87599072e+03 4.78328086e+04
 7.65777527e+02 3.27373633e+03 3.49722388e+03 1.51171057e+03
 4.65019043e+03 3.96419653e+03 2.98962793e+03 4.32301849e+02
 3.10724316e+03 1.09849062e+04 1.15955986e+04 6.86073669e+02
 9.32312402e+03 5.24871643e+02 1.24621643e+03 6.74128906e+02
 3.31136450e+03 2.16839185e+03 1.79725703e+04 2.31267676e+03
 9.25529219e+04 1.79072961e+03 1.55457678e+03 9.84170410e+03
 1.26024551e+04 5.27668799e+03 1.14024817e+03 7.77315430e+02
 1.08424795e+04 7.48836572e+03 2.30164707e+04 3.53610864e+03
 2.07023755e+03 1.99472961e+03 1.12147363e+03 1.49604187e+03
 4.75635010e+03 3.06006299e+03 5.83976318e+03 1.06489417e+03
 2.91468481e+03 3.04263892e+03 3.05351978e+03 1.45954321e+03
 1.94487195e+03 1.76855449e+04 2.06315625e+03 1.81676016e+04
 3.52319275e+02 9.57243423e+01 5.27985046e+02 1.41323267e+03
 3.50606506e+02 2.38972363e+03 7.29254700e+02 2.36550049e+03
 5.77796387e+03 2.21728125e+03 1.55294836e+03 4.62647461e+03
 6.41075146e+03 1.58468921e+03 2.17406133e+04 8.22101855e+03
 7.53223999e+02 7.78986523e+03 1.03338223e+04 4.15327148e+03
 9.89786719e+03 9.73021240e+02 1.99173218e+03 4.97717383e+03
 5.88930273e+03 2.03790857e+03 1.10729843e+02 1.08572949e+03
 2.49298169e+03 1.82436047e+03 7.48675964e+02 1.23740479e+03
 3.51271631e+03 2.16805352e+04 1.54401355e+03 1.50992749e+03
 1.77078467e+03 4.20829883e+03 9.90001038e+02 3.47547095e+03
 4.69197266e+03 2.75921631e+03 3.22095337e+03 6.33990723e+03
 8.73265610e+01 1.33345886e+03 6.93442749e+02 5.30951965e+02
 1.46855042e+03 2.36199280e+02 7.50551758e+02 3.19601969e+05
 9.70681885e+02 4.59461621e+03 5.70682373e+03 1.93629700e+03
 1.41091125e+02 2.37179541e+03 9.34956152e+03 1.32144263e+03
 1.70832861e+03 1.46981921e+03 1.56344897e+03 1.62031860e+03
 8.19822559e+03 5.92891968e+02 1.19527557e+02 8.50735901e+02
 6.29199097e+02 4.56859883e+04 3.50059128e+01 3.46929663e+03
 1.04447229e+03 4.72712793e+03 1.30589075e+03 1.18667053e+03
 5.57362000e+02 6.40896667e+02 1.50818726e+03 3.27486499e+03
 1.61299695e+03 5.17228906e+03 6.37162415e+02 3.18115405e+03
 2.57397534e+03 1.65746057e+03 2.24632788e+03 2.44467129e+04
 1.60512390e+02 2.62591431e+03 1.99001416e+03 3.69734888e+03
 1.17407336e+03 1.13218042e+03 3.01275391e+03 4.99822845e+02
 2.69875000e+03 1.65730918e+04 2.81966406e+03 3.19928857e+03
 1.03392969e+03 9.63691406e+03 9.59660461e+02 1.65600525e+03
 5.07475189e+02 1.64911279e+03 7.00787659e+02 8.11976807e+03
 2.62552563e+03 1.65831970e+03 5.72933716e+02 6.65185791e+03
 1.83490430e+03 3.75048120e+03 4.73797217e+03 5.12210107e+03
 1.00988672e+04 8.42681152e+02 2.26051001e+03 2.39103653e+02
 2.95262305e+03 8.21817480e+03 2.00582031e+03 2.43422266e+03
 1.13483262e+04 7.34616394e+02 5.95841003e+02 1.71781702e+03
 2.07536328e+03 9.43064453e+02 7.22312866e+02 3.77654694e+02
 1.32489246e+03 3.44898633e+03 5.02033295e+02 1.46972876e+03
 1.35482861e+04 3.19338013e+03 2.78053662e+03 1.89159143e+03
 1.67280481e+03 4.98427070e+04 9.54892212e+02 1.00225348e+03
 4.47813538e+02 1.05087073e+03 4.39578125e+03 4.42329071e+02
 6.39312646e+03 5.11963776e+02 3.32756030e+03 7.53075317e+02
 2.34715039e+03 7.61381897e+02 4.47352448e+02 2.88751855e+03
 3.67658936e+03 6.14504639e+02 9.54442139e+02 5.55171753e+02
 8.53467969e+03 4.71686230e+03 1.42747327e+03 9.49900452e+02
 9.12097046e+02 2.36997900e+03 1.25958789e+03 1.30857744e+04
 1.96223218e+03 3.27092377e+02 3.89033173e+02 7.96777222e+02
 2.35796113e+04 5.05293799e+03 6.31264307e+03 5.08460205e+03
 2.84138477e+03 3.77535913e+03 2.35382812e+03 4.06146088e+02
 4.49448789e+04 1.07245874e+03 1.98921094e+04 5.22958643e+03
 6.54374023e+02 1.92123047e+04 5.96223389e+02 1.02227148e+03
 9.88809228e-01 2.85120630e+03 1.43887134e+03 2.30559131e+03
 4.72545013e+02 4.09568140e+03 9.28708887e+03 1.93388208e+03
 5.35061951e+02 3.00001892e+02 1.37292217e+04 4.78116028e+02
 1.16633789e+04 7.70046387e+02 4.07142944e+02 1.50253430e+03
 4.47886035e+03 5.89486450e+02 2.39991821e+03 1.69843726e+03
 1.34017542e+03 2.66635889e+03 4.39804504e+02 2.84926587e+03
 1.00188416e+02 3.89201953e+03 7.74780701e+02 2.81782471e+02
 9.81653027e+03 3.81546655e+03 2.55252856e+03 1.01890996e+04
 1.44085068e+02 8.11366760e+02 2.07010962e+03 5.61708679e+02
 4.97027734e+03 2.06747925e+03 9.57543457e+03 4.14170074e+02
 2.99957080e+03 5.06886035e+03 5.13921045e+03 1.83946533e+03
 5.12394531e+03 6.00557324e+03 2.02706445e+03 1.25324292e+03
 2.35007385e+02 9.64677246e+02 3.76802856e+03 1.28473477e+04
 1.04522888e+03 6.24709595e+02 4.47842090e+03 1.78860754e+03
 1.02100031e+05 1.31743921e+03 1.36123120e+03 3.29418481e+03
 5.09191284e+02 6.73302673e+02 1.14038620e+01 4.18194971e+03
 1.97554590e+03 1.39349292e+03 4.32330078e+03 4.52465454e+02
 2.50289526e+03 5.82761572e+03 2.78901074e+03 7.23098572e+02
 9.27412476e+02 1.71443398e+04 7.86659326e+03 1.10686389e+03
 1.43967773e+03 2.82105737e+03 1.26445544e+03 8.51735168e+02
 2.51845752e+03 1.02914287e+04 2.74415781e+04 1.17056274e+03
 1.08022900e+03 3.03052222e+03 8.03647656e+03 1.11542314e+04
 5.91770973e+01 2.84413745e+03 3.63318726e+03 1.60951501e+03
 1.67686414e+03 1.57323438e+03 1.36070642e+03 1.89956580e+03
 7.75572949e+03 1.07517969e+03 4.94413330e+02 6.53264111e+03
 2.48197128e+02 2.87005762e+03 1.94153650e+03 3.84732129e+03
 2.44553979e+03 3.55832544e+03 4.01305542e+02 1.90368481e+03
 3.73234297e+04 4.05996613e+02 1.21676135e+03 8.19609802e+02
 9.10615967e+02 1.99003833e+03 8.84174744e+02 7.13088318e+02
 1.48811121e+03 2.18125610e+03 1.43647888e+03 3.76244116e+03
 7.06018408e+03 4.18746124e+02 3.03779858e+03 2.67889673e+03
 2.60832617e+04 1.50031914e+04 2.00384412e+03 1.22081543e+04
 3.16234448e+03 5.29181824e+02 1.58002014e+03 1.76675574e+03
 7.86107324e+03 7.80238525e+02 5.63531787e+03 1.02315596e+04
 3.71699280e+02 2.13375732e+03 1.87850696e+03 3.27928398e+04
 9.37215918e+03 2.75731494e+03 1.34122529e+04 1.28723657e+03
 5.90666455e+03 2.17739531e+04 5.26746680e+03 8.41661835e+01
 1.82619983e+03 6.70654846e+02 5.98996924e+03 1.53047139e+04
 2.09863516e+04 1.06416003e+03 1.05734658e+04 1.24302002e+03
 3.86306152e+03 1.29462432e+04 9.98178359e+04 5.58278467e+03
 2.85150269e+02 1.13561670e+03 7.88845850e+03 2.28921899e+03
 2.71315405e+03 1.19633875e+03 1.09186499e+03 1.11084290e+03
 7.30964844e+02 1.50243140e+03 3.14818481e+03 8.51686584e+02
 1.62325366e+03 1.20460686e+02 1.96181653e+03 2.10770215e+04
 1.15637512e+03 9.63238098e+02 2.50075146e+03 3.06638232e+03
 1.89558752e+03 6.22924316e+03 6.35718262e+03 6.20948291e+03
 7.82929321e+02 6.24702588e+03 3.72163354e+03 2.44108627e+02
 7.67381714e+02 3.03883130e+03 1.23760681e+03 3.76639282e+03
 7.50023682e+02 1.08217200e+03 8.05911426e+03 8.81096252e+02
 3.10231860e+03 1.23948730e+04 3.11130742e+04 1.17344995e+03
 2.68856592e+03 6.19963203e+04 6.24277649e+02 1.85957678e+03
 5.97148499e+02 2.06901718e+02 5.88114075e+02 4.02344238e+03
 2.85805371e+03 7.09105042e+02 1.18169043e+04 5.94191406e+03
 1.89369727e+03 2.45748608e+03 4.07002228e+02 1.56772681e+03
 1.53031494e+03 1.48497961e+03 2.45761841e+03 9.81250671e+02
 9.80212524e+02 2.02294299e+03 3.08262939e+03 1.71616289e+04
 1.27598916e+04 1.35946533e+03 2.45715967e+03 2.88909985e+03
 1.60793030e+03 2.35257666e+03 1.54240537e+04 4.11601836e+04
 4.15022363e+03 2.32228711e+03 1.48141758e+04 1.59382947e+03
 2.06710449e+03 9.87567383e+03 2.05912134e+03 2.94579688e+03
 2.63684766e+03 1.34168140e+03 9.30322266e+03 4.46894678e+03
 5.26467041e+03 1.24254126e+03 1.03695508e+03 1.62727661e+03
 1.69487598e+04 1.41756909e+03 7.48247998e+03 4.28066406e+02
 1.99609509e+03 4.17391943e+03 2.85686963e+03 1.03706201e+04
 8.51281982e+02 2.26592651e+03 9.54777527e+02 1.04789575e+03
 4.67661011e+02 4.13733582e+02 5.94086230e+03 1.29555322e+03
 1.40947778e+03 7.21717383e+03 4.59175342e+03 6.92141895e+03
 4.89050977e+03 2.17601426e+04 2.62782056e+03 9.11209473e+02
 6.85408057e+03 9.08251953e+03 2.28673418e+04 2.78595215e+03
 1.42759900e+03 4.15137061e+03 8.21915894e+02 7.64747681e+02
 3.74082495e+03 7.62510132e+02 3.62870850e+03 9.65334229e+02
 2.73703105e+04 1.72521069e+03 2.91289624e+03 1.06299402e+03
 3.46265472e+02 1.66767883e+03 9.51444153e+02 7.92097949e+03
 1.78808008e+03 2.88792310e+03 1.27408447e+03 1.57608362e+03
 1.28292764e+04 6.57810181e+02 8.79926562e+03 1.94509766e+04
 2.79534668e+04 1.27122827e+03 2.65539453e+03 1.07231128e+03
 4.12081592e+03 1.25725867e+03 1.15592834e+03 8.28000793e+02
 9.04169739e+02 1.61804614e+03 9.80132996e+02 2.26249023e+03
 1.66457090e+04 1.39928992e+03 1.95637451e+03 1.61111365e+03
 3.23411041e+02 5.69765015e+02 2.49566406e+03 2.92769961e+04
 8.67356689e+02 4.86700195e+03 2.27182104e+03 3.10250513e+03
 2.33455981e+03 7.24350220e+02 3.02532715e+02 1.92714270e+03
 4.43000146e+03 5.44829651e+02 1.35892676e+03 7.12842468e+02
 5.13322803e+03 7.64338684e+02 6.45962524e+02 1.06374207e+03
 5.46337708e+02 3.90644824e+03 5.45521301e+02 1.32041328e+05
 1.00627740e+03 1.10045959e+03 6.90304102e+03 9.89013367e+02
 9.66350403e+02 5.46162720e+02 5.05934668e+03 5.43960449e+02
 1.06944946e+03 8.76058228e+02 1.32171130e+03 1.55092175e+03
 3.12371924e+03 2.14928879e+02 1.14602454e+03 3.95145760e+01
 1.21922339e+03 1.10631921e+03 2.56708301e+03 2.07048584e+03
 5.57225525e+02 5.93275085e+02 9.30214648e+03 3.97900208e+02
 1.08857385e+03 1.25120276e+03 7.21948608e+02 8.36193281e+04
 4.46446808e+02 2.35104614e+03 1.35966133e+04 9.37406738e+02
 1.23143591e+03 1.39821121e+02 5.44393848e+03 1.58094551e+04
 4.53305371e+03 2.40356598e+01 5.23638379e+03 2.01062927e+03
 4.47856211e+04 3.85319824e+03 1.39858704e+03 3.72892749e+03
 2.48852612e+03 1.52282532e+03 7.37723007e+01 2.57123657e+03
 1.67709180e+04 5.15622131e+02 3.30243335e+03 6.00724121e+02
 1.01045923e+03 3.66152985e+02 1.56020471e+03 2.32502359e+05
 2.88623755e+03 3.02508276e+03 6.19778671e+01 1.75372269e+02
 2.76132690e+03 3.45702222e+03 7.98202209e+02 1.70787891e+04
 4.15290192e+02 1.85135754e+03 5.79306152e+03 1.41687520e+04
 6.08535461e+02 1.29290637e+03 5.09807625e+01 1.90714514e+03]
