[9.69362610e+02 1.54799207e+03 5.88637886e+01 8.30633203e+03
 5.46058655e+01 1.13142688e+03 1.01936134e+02 4.19175629e+02
 2.48494980e+04 1.04601086e+03 1.59502502e+02 8.64991406e+03
 5.67215527e+03 1.10505066e+03 1.20206946e+03 3.67822433e+00
 4.55237610e+02 2.27914844e+03 3.98663965e+03 2.19954053e+03
 7.81793018e+03 3.13626929e+03 7.25146250e+04 5.67610303e+03
 9.40367920e+02 1.51855684e+04 8.81490312e+04 1.62928857e+03
 6.61690002e+02 4.63339893e+03 4.15187061e+03 5.08751434e+02
 1.91780383e+03 1.68593164e+03 1.01297100e+04 1.65228821e+03
 6.91991882e+02 1.51422348e+02 4.00604370e+03 1.05130295e+02
 5.40991797e+03 8.16600684e+03 7.80367236e+03 2.77753326e+02
 6.94765503e+02 1.69502295e+03 2.24039429e+03 5.18474121e+02
 5.65825073e+02 9.67677246e+03 7.68966293e+01 4.79252815e+01
 9.02010040e+01 8.03852441e+03 2.54723415e+01 9.43587036e+02
 2.38120679e+03 3.04415625e+03 7.92180566e+03 4.27060280e+01
 2.15776901e+02 1.57016125e+03 4.46543066e+03 2.69825043e+02
 2.78126648e+02 9.47910840e+03 3.02645599e+02 5.97635925e+02
 6.06221985e+02 1.64039844e+04 4.10768066e+02 1.13055261e+03
 5.72196533e+02 2.63515015e+03 4.64414697e+03 5.65530823e+02
 1.34917834e+03 1.59966492e+03 3.77268646e+02 4.25850220e+02
 2.33781128e+01 1.83384570e+03 9.09691162e+01 2.39039490e+02
 2.01199554e+02 4.45623169e+02 1.29093048e+02 2.78221130e+02
 4.07342358e+03 2.21922217e+03 6.37932800e+02 7.25468359e+03
 3.75110840e+02 1.27255806e+02 3.58852856e+03 2.29799866e+02
 2.17289902e+02 2.27448169e+03 8.16923193e+03 1.75244171e+02
 1.79509302e+03 4.78679871e+02 1.89154572e+02 3.58350006e+02
 3.91127300e+00 2.77876617e+02 3.35733612e+02 9.34214111e+02
 2.93147998e+03 8.89013290e+00 9.15446655e+02 1.00094893e+04
 1.03704208e+02 1.79187036e+03 1.38962227e+04 1.40968359e+03
 9.10439148e+02 2.62795176e+04 3.16227148e+03 2.07717651e+03
 1.53300703e+04 4.98977734e+03 2.05004834e+03 1.98853333e+03
 1.75784192e+03 3.47338745e+02 1.05385178e+02 1.48299158e+03
 1.03123291e+03 9.75703064e+02 1.56753632e+02 3.60776703e+02
 2.35492944e+03 1.34180176e+02 4.64930615e+03 8.90100159e+02
 3.99018951e+02 6.44281209e-01 2.60151245e+02 9.34838672e+03
 1.67295502e+02 3.30641235e+02 1.56281177e+03 2.66510010e+02
 1.83871802e+03 3.79649200e+02 1.02827278e+02 2.49317261e+03
 9.36033569e+02 1.48550176e+04 1.42172192e+03 9.32695007e+01
 2.28098486e+03 2.89784863e+03 6.85146912e+02 2.10547046e+03
 1.38521957e+02 1.65857070e+04 9.69806976e+01 2.61587930e+04
 6.58510254e+03 4.00342499e+02 5.88751404e+02 3.74490845e+02
 1.50699719e+03 3.53248511e+03 1.44770740e+03 2.41939487e+01
 2.00762903e+03 2.07932349e+03 7.78405029e+02 3.08739716e+02
 4.51558197e+02 1.38333545e+03 1.53178314e+02 9.19181396e+02
 3.58867188e+03 2.67889740e+02 3.14863495e+02 6.74045859e+04
 3.07122949e+04 1.78564548e+01 5.66896045e+03 4.31814911e+02
 2.75085205e+02 8.67081177e+02 1.02486353e+01 5.11377838e+02
 1.13625220e+03 2.48478302e+02 1.88533350e+03 6.06154541e+02
 1.51070572e+02 5.93716660e+01 1.18147480e+04 1.83521387e+03
 1.97430645e+04 2.09420435e+03 1.22221790e+03 1.31115491e+03
 3.90864355e+03 1.74069250e+03 2.10949066e+02 3.08000126e+01
 5.67108438e+04 2.22801406e+04 1.26677761e+01 6.84599426e+02
 1.10207288e+03 1.32864343e+03 7.13467773e+02 2.46042725e+03
 3.09014966e+03 1.52997646e+04 2.42025629e-01 2.73522339e+02
 1.50349475e+03 2.08394394e+02 8.21372910e+01 3.01787109e+03
 1.52836132e+01 1.59090686e+03 2.30810944e+02 8.77008008e+03
 3.13640161e+03 5.03591602e+03 3.73304596e+02 6.98723221e+01
 1.22490735e+03 4.44594678e+03 1.59720215e+03 4.87885468e+02
 9.55149918e+01 3.28075269e+03 8.33210373e+01 1.24315957e+04
 1.41147668e+03 2.76998718e+02 1.07609573e+02 1.13745667e+03
 1.24509219e+04 7.71945312e+02 1.33048525e+04 5.96112646e+03
 1.06975470e+01 3.61063599e+03 1.60937134e+03 2.97765839e+02
 2.75569360e+03 2.65516289e+04 4.39302612e+02 4.07346954e+02
 1.35664319e+03 6.55390015e+01 2.29578033e+02 2.34592533e+01
 5.60546729e+03 1.01809715e+02 6.05895874e+02 1.40242419e+03
 1.54267861e+04 6.02429297e+03 5.88877148e+03 3.08541107e+02
 1.17742996e+02 4.93468567e+02 5.72472534e+01 4.95376801e+02
 8.43637207e+03 2.06939621e+02 2.83241825e+01 1.42840479e+03
 2.57495613e+01 1.71706897e+03 5.44916211e+03 2.85916328e+01
 2.64867793e+04 1.39826895e+04 1.82149219e+03 1.98471621e+04
 8.45957275e+02 1.05091235e+03 5.53265320e+02 2.62627747e+02
 1.15725708e+02 8.14224487e+02 5.54929993e+02 5.81485791e+03
 1.77769873e+03 9.70694531e+03 6.88153125e+03 7.54546509e+02
 2.41859390e+02 8.02397232e+01 5.73630127e+02 5.43457617e+03
 3.86283783e+02 2.75823877e+03 5.70614990e+03 1.30527756e+02
 1.67700073e+02 1.43242096e+02 4.56768750e+03 1.33306797e+04
 2.20104351e+01 9.64270078e+04 1.84366852e+02 6.73564355e+03
 8.05764236e+01 5.43067505e+02 3.46195953e+02 5.36595459e+03
 2.18715503e+03 4.34044495e+01 5.43279762e+01 9.31322168e+03
 1.50534859e+01 5.69192305e+04 3.47271179e+02 6.48179871e+02
 2.86029388e+02 4.96599561e+03 5.92983365e-01 2.64332495e+03
 7.63056787e+03 1.83020798e+02 2.18213633e+04 7.65336227e+01
 2.78220825e+03 1.54082532e+03 3.22090645e+01 6.12958450e+01
 3.11948181e+02 5.90374695e+02 6.45161209e+01 2.91916382e+02
 2.47888290e+02 1.61746231e+02 1.41079375e+04 3.18616730e+02
 2.21251816e+02 2.16231104e+03 2.03311768e+02 9.19978516e+02
 1.47741287e+02 2.75046021e+02 1.97856888e+02 1.86956055e+02
 1.85696348e+04 1.02584595e+03 1.16413281e+03 1.72795078e+04
 1.82465637e+02 3.19966455e+03 2.36043335e+03 7.12904590e+03
 3.33729523e+02 1.55233276e+02 7.94466064e+02 3.89373970e+01
 5.93884087e+01 1.73874453e+04 6.96549854e+03 1.82688034e+02
 1.34375117e+04 3.24435913e+03 1.41902649e+03 1.82452161e+03
 4.10693994e+03 1.39590527e+03 8.73414258e+03 2.03220137e+04
 1.07093289e+05 1.78894934e+03 4.69304581e+01 7.68226270e+03
 1.94030605e+04 6.10853027e+02 1.27896706e+02 1.42027557e+02
 5.91733826e+02 1.37627576e+03 5.23440332e+03 2.03814465e+03
 7.07820862e+02 1.63742615e+03 9.07413635e+02 3.23597168e+03
 3.69206116e+02 1.20712862e+01 3.33116382e+03 1.05080627e+02
 6.05764893e+02 4.80141632e+02 2.64016781e+01 1.51832349e+03
 3.88637299e+02 8.86953906e+04 2.08382153e+03 1.57470410e+04
 7.48648977e+00 5.36029930e+01 2.48221680e+02 2.84300323e+02
 1.93137842e+03 1.11791382e+03 1.92220496e+03 3.30606543e+03
 1.47642297e+05 2.52088257e+02 5.83075098e+03 1.13126807e+03
 1.54431318e+04 7.70307541e+01 4.16671953e+04 4.43491260e+03
 1.47692032e+02 3.51040405e+02 2.83967651e+03 2.78227844e+02
 2.44384058e+03 2.22754565e+03 2.36461230e+03 3.21418652e+03
 4.04738281e+03 1.94309045e+03 1.40611646e+03 4.18117599e+01
 2.63233228e+03 2.89055811e+03 2.82539368e+02 9.62407520e+03
 4.01682129e+03 4.83802637e+03 4.45034561e+01 2.17016830e+02
 6.18105774e+02 4.89756958e+02 2.21485962e+03 8.50882187e+01
 1.26257068e+03 6.76754150e+02 1.04312271e+02 6.82697998e+02
 2.10905640e+02 7.67650909e+01 8.86184692e+01 1.44220496e+03
 7.66140442e+01 3.76279248e+03 3.48914246e+02 7.47249316e+03
 2.69502487e+01 4.77887543e+02 6.49240869e+03 1.72655249e+03
 1.61638794e+02 8.42657324e+03 1.76969824e+04 1.45234222e+02
 4.49856964e+02 7.23553894e+02 2.63605835e+02 1.48584076e+02
 2.16925918e+04 4.33524933e+02 4.68183746e+01 6.17431946e+02
 1.64705945e+03 1.54121357e+04 1.63707495e+03 6.77250879e+03
 1.15600578e+02 5.88352393e+03 1.26137390e+03 1.56011511e+03
 2.14063184e+03 3.50689185e+03 6.75483093e+01 4.85269775e+01
 6.93296875e+02 3.42370422e+02 3.19580536e+02 2.87795959e+02
 2.17447693e+02 9.42879944e+02 1.30798865e+03 3.18492305e+04
 1.59299194e+02 8.41050339e+01 4.07514114e+01 2.11640228e+02
 1.57578934e+02 2.89637842e+03 2.56255396e+03 9.01916382e+02
 1.13483960e+03 6.12889795e+03 1.79319897e+03 2.13722144e+03
 1.08834892e+02 4.65973926e+03 5.63716406e+03 3.08152740e+02
 5.45515503e+02 1.17280113e+02 1.95596676e+01 5.54024756e+03
 2.78817535e+02 1.11001282e+03 8.15938049e+02 1.60352942e+03
 1.40633881e+02 1.23324316e+03 2.27771057e+02 2.51630000e+04
 8.34779883e+03 1.60538345e+02 8.34942188e+03 8.02382629e+02
 2.23686011e+03 4.29499609e+04 2.04210709e+02 3.14441498e+02
 1.73038535e+04 5.74575424e+01 1.99038559e+02 2.93964648e+03
 1.12272224e+01 2.00038620e+02 7.25024719e+01 1.04110596e+03
 1.74828827e+02 2.03690918e+03 1.71231735e+00 3.22568970e+02
 4.85933545e+03 8.41514355e+03 1.26313560e+02 3.52182812e+03
 9.37902344e+03 6.86466211e+03 9.00812531e+01 6.22322226e+00
 6.64913559e+01 1.35086166e+02 3.42660449e+03 1.41485010e+03
 9.29722656e+02 2.56068192e+01 2.76072070e+03 2.41734676e+01
 2.45267236e+03 2.01483496e+04 1.76056335e+02 3.83445239e+03
 2.96374390e+02 5.54954102e+02 1.03834192e+03 2.53073730e+03
 4.72596619e+02 2.67783008e+03 8.33914368e+02 1.37178452e+02
 7.05391693e+01 4.82068848e+03 5.63413086e+02 7.73356247e+01
 4.46506592e+03 3.30832825e+01 6.34175186e+01 1.84912952e+03
 9.70729590e+03 1.20347080e+04 1.38202991e+03 1.04306445e+04
 1.50753821e+03 6.00529785e+03 3.79939600e+03 3.37572021e+02
 3.51728125e+04 4.94967613e+01 6.88792480e+02 1.54547686e+04
 4.68464111e+03 4.10152637e+03 4.64126953e+02 2.96470215e+02
 1.95477429e+03 1.21049484e+02 2.29360039e+04 7.66124878e+01
 1.73127356e+03 2.66611115e+02 1.06477661e+03 2.80336487e+02
 1.30572189e+02 1.52502365e+02 1.78093652e+03 9.24877644e+00
 1.35633569e+03 3.15105713e+03 5.76723824e+01 3.43324036e+02
 1.69157104e+01 2.31485844e+01 5.04432030e+01 1.98451614e+02
 1.83272656e+03 2.65922150e+02 1.35880847e+03 4.00138208e+03
 2.62409363e+02 3.96878687e+03 1.69123440e+01 1.85033032e+03
 1.46382314e+04 7.27044580e+03 1.48349092e+04 5.75930359e+02
 3.34787415e+02 3.40040588e+02 2.91200562e+01 3.82674065e+01
 2.80758032e+03 2.92860156e+03 5.65760645e+03 1.54089050e+02
 4.63109375e+03 1.70187170e+03 4.03262988e+03 3.32375610e+02
 3.36475610e+03 2.54064285e+02 2.17955176e+03 2.94500336e+02
 1.25768127e+03 2.40570679e+02 3.40251709e+03 2.60369180e+04
 7.75751953e+02 1.58345959e+03 3.56854419e+03 2.39804004e+03
 1.36631250e+05 6.13757812e+02 2.63841577e+03 1.28647637e+04
 1.06207043e+03 1.78743332e+02 1.73442551e+02 4.44930229e+01
 3.04275970e+02 6.24521484e+02 1.28638330e+03 7.96973633e+02
 2.52475540e+02 3.60125488e+03 2.61638489e+02 8.80123520e+01
 1.05291174e+03 3.97224457e+02 8.85892883e+02 1.28018616e+03
 1.20038892e+03 9.29849731e+02 7.94371826e+02 4.12656891e+02
 2.34868213e+03 1.43536072e+03 7.93972031e+04 9.58433685e+01
 1.43525977e+03 5.94165088e+03 1.52915894e+03 4.76585968e+02
 7.96484131e+02 1.20301903e+02 5.51995361e+03 1.68534607e+03
 1.73154465e+02 3.00429573e+01 8.97853394e+02 1.14708649e+02
 2.17489076e+00 9.86744995e+02 1.66971008e+02 3.01879062e+04
 3.83165833e+02 3.07218994e+02 1.46135950e+03 1.03834937e+03
 2.86484039e+02 1.45730591e+02 1.03824707e+03 9.21305466e+00
 3.36848906e+04 1.49517899e+02 1.40315994e+02 2.16305493e+03
 6.94095917e+01 1.29079407e+03 3.79341766e+02 2.28908310e+02
 4.30508636e+02 3.33018408e+03 9.13113861e+01 1.92065723e+03
 3.94666077e+02 3.93881622e+02 1.77038525e+03 9.23093872e+01
 1.05861096e+03 4.29065869e+03 1.96117175e+03 4.91975117e+04
 8.02783496e+03 1.35774521e+02 6.54544067e+01 1.13756750e+03
 2.73100854e+03 4.85345276e+02 6.65627869e+02 1.70410413e+03
 2.90573944e+02 3.01233545e+03 7.22836816e+03 5.72877563e+02
 2.25694946e+03 3.99715137e+03 4.09134253e+03 5.05983551e+02
 3.07000427e+02 1.50125225e+04 9.97936328e+03 6.83288513e+02
 7.73607178e+02 6.12115540e+02 4.34783545e+03 5.30166211e+03
 1.39792920e+04 5.50090027e+02 8.57227112e+02 1.57045776e+02
 4.07348193e+03 1.12841953e+04 6.64029766e+04 2.95770557e+03
 1.30427246e+02 1.47437531e+02 5.23540344e+02 8.16824768e+02
 1.52884668e+03 3.57604102e+03 5.08342028e+00 2.59030380e+01
 4.02043991e+01 1.70408875e+02 3.91027618e+02 1.19668800e+02
 2.60155469e+03 2.13268051e+02 7.23882263e+02 5.06160240e+01
 1.09731995e+03 4.20222565e+02 4.05721313e+03 7.30089661e+02
 8.76373657e+02 1.64330664e+03 1.21430029e+04 5.78084717e+02
 8.03797559e+03 1.29546484e+03 3.21090283e+03 8.58987854e+02
 5.59326111e+02 3.81868750e+03 2.54339890e+02 1.05210986e+03
 1.39744629e+02 7.31704651e+02 8.23216016e+03 3.17371216e+02
 2.26710840e+03 1.41289502e+04 2.53760703e+04 8.78237122e+02
 2.21929370e+03 8.07880000e+04 3.39976013e+02 4.95568634e+02
 1.17267505e+03 3.41172046e+03 6.00219678e+03 7.75095886e+02
 1.15504609e+04 9.83448853e+02 2.37711304e+03 1.06046912e+03
 2.18087671e+03 1.35298669e+03 2.48597583e+03 4.39609589e+02
 1.29166870e+03 1.14867371e+03 5.07759717e+03 3.84588684e+02
 7.53514282e+02 6.65025452e+02 4.58500275e+02 2.30200176e+04
 8.61531738e+03 9.72840393e+02 2.29764282e+03 8.19438721e+02
 1.03819908e+02 8.44752045e+01 5.33176208e+02 2.10604688e+04
 3.91990082e+02 9.23431458e+02 1.75205371e+04 1.73128372e+02
 1.51661455e+04 1.33891670e+04 2.52055103e+03 4.81576996e+02
 9.36810493e+00 1.09095374e+03 4.84384064e+02 1.39298896e+04
 8.37371277e+02 6.81765060e+01 9.23030518e+02 5.75226807e+02
 3.90532812e+03 1.82840317e+02 1.44043381e+02 2.22558301e+03
 8.88638733e+02 7.01290100e+02 3.11604150e+03 4.76847812e+04
 3.84567554e+03 7.67967834e+02 2.87991357e+03 1.18599480e+02
 1.01340283e+03 1.58198669e+02 8.67605225e+02 1.39161774e+02
 1.35309155e+03 9.36168671e+01 7.86761398e+01 1.48970166e+04
 3.84226562e+02 3.41407715e+03 1.50268496e+04 6.05071754e+01
 7.78173523e+02 1.22098671e+02 1.09467062e+05 3.77794495e+02
 1.91000952e+03 3.41269165e+03 3.34579193e+02 2.13083374e+02
 3.99861499e+03 1.01501099e+03 6.91950256e+02 3.15759985e+03
 5.32478594e+04 2.31859093e+01 1.14155481e+03 1.39699365e+03
 1.43373169e+03 2.17202051e+03 1.07354883e+03 3.98406030e+03
 7.47532227e+02 3.35643726e+03 9.57855652e+02 1.94519739e+03
 3.61840283e+03 2.41826736e+02 7.95414502e+03 5.16195166e+03
 2.41557861e+03 1.12141846e+02 1.53595108e+02 3.50875763e+02
 1.36531787e+03 4.22767578e+02 1.21031458e+03 5.33822021e+03
 1.19953564e+03 2.25391693e+02 1.98621368e+02 8.64238953e+02
 2.78998462e+03 1.23935410e+02 2.48749161e+02 1.84044348e+03
 6.24261932e+01 4.58944122e+02 1.54757233e+02 3.31046436e+03
 2.19646179e+02 5.00629921e+01 3.34565088e+03 3.24395190e+03
 5.81818896e+03 2.01449585e+02 1.76123230e+03 4.19583466e+02
 2.29150342e+03 2.03126685e+03 2.00874927e+03 6.76646118e+01
 2.66538574e+03 1.30804413e+02 5.94261328e+03 5.91151184e+02
 1.00021637e+02 2.29524658e+03 3.57069702e+01 4.20267139e+03
 9.30944443e+01 8.10138123e+02 6.99207947e+02 7.39274521e+01
 1.58072766e+03 9.57237816e+00 1.12858896e+04 8.87976953e+03
 7.38246078e+01 8.69958618e+02 2.02400360e+02 4.76436035e+03
 9.82362061e+02 1.36844006e+03 7.11835632e+01 2.11147018e+02
 5.71238136e+01 5.96062012e+01 3.86216357e+03 4.21810852e+02
 2.01767505e+03 1.87476990e+03 2.32287338e+02 3.80527773e+04
 3.71833618e+03 5.11461865e+03 3.27655334e+02 9.47658398e+03
 5.93675575e+01 2.77360687e+02 2.72209253e+03 1.46942352e+02
 3.25783521e+03 4.43079254e+02 2.27580109e+02 3.95008813e+03
 8.28493408e+02 8.30485153e+01 2.47564429e+03 9.34366150e+02
 1.92335352e+03 3.08927783e+03 9.06372147e+01 2.54507812e+03
 1.63666187e+03 2.55674341e+03 7.82214783e+02 2.98630737e+02
 5.11785273e+04 8.24202832e+03 4.76394873e+03 3.34231567e+02
 1.18234900e+03 4.21837387e+01 9.81190567e+01 7.39970547e+04
 2.51960617e+02 3.96107764e+03 5.27815857e+02 1.75885095e+03
 7.16943311e+03 1.94697235e+02 2.10135693e+03 5.84297485e+02
 7.38919495e+02 9.37394714e+01 7.91453552e+02 1.18563184e+04
 9.25066147e+01 2.37588058e+02 1.54488632e+02 1.59663708e+03]
4390.597
147642.3
