[2.11813641e+05 7.07045670e+01 8.81311035e+01 2.27129044e+02
 3.30871521e+02 3.46945679e+02 1.96111740e+02 3.49272031e+04
 4.29065375e+05 7.79951477e+02 1.29151195e+05 6.87412109e+02
 3.11138843e+03 6.75339890e+01 6.30724180e+04 3.35413300e+02
 1.89650906e+05 2.70581207e+02 4.00489111e+03 5.51806519e+02
 2.63583594e+05 2.00271034e+01 1.77030703e+04 2.45868140e+03
 2.46180420e+03 1.57082251e+03 8.93256302e+01 3.15683188e+05
 4.88108516e+04 6.32714577e+01 4.75274628e+02 9.31932129e+03
 8.52150879e+01 1.96709915e+02 2.35657211e+02 1.18314644e+02
 7.57278595e+01 3.32412903e+02 6.45006470e+02 1.15620285e+02
 1.77365137e+03 4.75796312e+05 4.39467964e+01 1.18878491e+03
 1.45530322e+03 1.51007355e+02 2.22814163e+02 1.16752953e+02
 3.30829544e+01 1.78264844e+03 1.82353607e+02 2.01286407e+02
 1.41291084e+04 6.37323975e+02 3.08524261e+02 1.16362830e+03
 8.93554492e+03 7.64557373e+03 3.78596008e+02 1.93777634e+02
 1.48348343e+02 8.00538757e+02 3.89998970e+01 4.72561719e+03
 1.13830410e+04 3.58356842e+02 1.34944565e+02 1.74760664e+04
 3.22701019e+02 6.92576477e+02 4.60454102e+02 8.99670469e+04
 1.67971699e+04 3.53774780e+02 2.17108667e+03 2.72649323e+02
 6.01939087e+02 4.44394836e+02 1.31302344e+04 2.07891387e+04
 1.80278473e+02 1.09047388e+03 1.74967224e+02 1.26112244e+02
 6.98926331e+02 2.24043438e+04 1.41061020e+02 1.56837845e+02
 1.85469062e+04 9.76768860e+02 2.49902084e+02 7.10542773e+03
 5.69727070e+04 1.04499168e+02 1.05691162e+03 1.05206125e+05
 9.24604309e+02 8.09927368e+01 4.66946016e+04 5.71426367e+03
 1.48066101e+02 1.01147504e+03 2.65884644e+02 1.81640869e+02
 1.39038284e+02 5.05246696e+01 3.29536346e+02 9.63013916e+02
 6.44672974e+02 1.50935020e+04 2.61483429e+02 5.85110718e+02
 1.48128845e+02 6.18743103e+02 3.12989197e+02 2.07931992e+04
 1.55651648e+03 4.99154266e+02 4.48416176e+01 3.14077320e+01
 1.25403664e+02 1.11079712e+03 7.19613037e+02 1.85558740e+03
 8.55645625e+04 4.89686584e+01 1.26200752e+02 1.11070076e+02
 6.90182617e+02 6.43145325e+02 4.29247803e+03 1.98664169e+02
 1.23428116e+01 1.08867706e+02 7.13316467e+02 8.04324170e+03
 1.81717562e+05 1.17291260e+02 1.18720520e+03 2.16639374e+02
 4.47621857e+02 4.28096649e+02 2.38935944e+02 1.38234082e+03
 3.63549875e+05 3.03484155e+03 1.00723721e+04 2.86322845e+02
 1.56446350e+03 1.40103195e+02 1.45517578e+02 5.13504700e+02
 6.42846863e+02 9.25050156e+04 4.74010529e+02 1.00202012e+04
 1.42602617e+04 2.97668604e+03 3.09868988e+02 2.77881226e+03
 8.27328516e+04 1.00209541e+02 7.80508484e+02 7.59619293e+01
 8.53144302e+01 2.34772858e+02 7.97109070e+02 6.08433777e+02
 2.57248993e+02 5.78055603e+02 1.36585117e+04 2.96281567e+01
 6.89645996e+01 5.68353125e+04 2.75549744e+02 1.89770584e+02
 2.13906895e+04 1.28019299e+03 5.66829102e+02 1.83822205e+03
 8.48124084e+02 1.86757578e+04 2.64947090e+04 1.95129375e+05
 2.32593201e+02 4.49811758e+04 2.52299576e+02 1.67109509e+03
 3.72551733e+03 7.43299561e+01 1.70038483e+02 2.76214941e+04
 9.70202087e+02 1.06659859e+02 2.56981055e+03 6.24628258e+00
 1.48451111e+03 2.12952438e+02 8.75157166e+02 4.67770081e+01
 1.01009375e+04 1.72369983e+03 8.90826050e+02 2.69142670e+02
 3.74920898e+03 3.71950073e+03 8.86152344e+03 1.41041397e+02
 1.86757736e+02 8.86046326e+02 5.56234283e+01 1.01228073e+02
 1.87715034e+01 2.00929163e+03 5.41290100e+02 5.93472070e+03
 8.23167847e+02 1.06095361e+04 3.97464294e+02 7.89164355e+03
 2.32636856e+02 4.63498993e+01 1.15188499e+02 8.32380500e+05
 1.15167725e+03 7.30249176e+01 1.08404755e+02 8.40050781e+03
 2.39860497e+01 7.15720500e+05 1.10548572e+03 1.10308220e+02
 1.46320156e+04 1.33181976e+02 6.96029205e+01 1.45447021e+02
 3.44631989e+02 1.46244775e+04 9.47221985e+01 1.17517792e+02
 1.33473938e+03 1.92122284e+02 1.20295128e+02 5.25304138e+02
 3.85516680e+04 1.67336655e+02 6.98143372e+02 2.74855723e+04
 7.52542236e+02 2.64502578e+04 1.23178750e+04 3.27860562e+05
 2.31064484e+02 5.89194632e+00 4.18220940e+01 3.86414075e+00
 1.78357697e+02 3.95622330e+01 5.32598938e+02 8.11592812e+04
 2.76750659e+03 3.85984312e+05 9.99067322e+02 1.58325078e+04
 1.08980701e+03 2.23823349e+02 1.81936150e+01 2.67053192e+02
 5.83054077e+02 1.31333789e+03 1.57375176e+04 3.84059814e+03
 6.57964746e+03 3.41115112e+01 9.81403992e+02 3.00679817e+01
 1.12320679e+03 7.79277405e+02 9.45696387e+03 9.88276172e+03
 6.28781006e+02 2.22967578e+03 1.41758818e+04 2.33153931e+02
 4.45449609e+03 1.15755062e+05 1.33415344e+05 2.88859436e+02
 5.88988916e+03 1.01468140e+02 1.51776219e+05 4.13484840e+01
 6.27640320e+02 4.42053418e+03 2.02688751e+02 5.78973477e+04
 2.62937866e+02 5.14222119e+03 9.57386169e+02 3.08319189e+03
 1.19913544e+02 8.20355273e+03 5.35351807e+02 1.82275708e+03
 1.27729358e+03 1.03074385e+04 2.22240020e+04 3.51014771e+03
 7.88817902e+01 3.60188263e+02 9.81437012e+03 1.30428552e+03
 7.69304375e+05 1.44886902e+02 6.49990511e+00 8.01767334e+02
 9.65918541e+00 3.96938745e+03 9.82767944e+01 7.31721130e+02
 2.14507858e+02 3.34345627e+01 7.90621567e+01 1.52431717e+02
 1.01288986e+02 2.05337334e+01 2.73917219e+05 7.97303174e+03
 6.00078186e+02 1.68916980e+03 2.10513159e+03 2.59304785e+03
 2.08901886e+02 1.34896683e+02 1.35572128e+02 5.83941345e+02
 6.11354866e+01 1.18623877e+04 2.38636133e+03 1.46735996e+04
 2.49842052e+01 4.54295990e+02 1.59715302e+02 6.03288513e+02
 1.98458936e+03 7.61960373e+01 1.49753906e+03 4.47372253e+02
 4.63381592e+03 5.53225684e+03 2.42609656e+05 2.01471179e+03
 2.96405701e+02 4.62956421e+02 5.92026306e+02 1.33956192e+02
 2.22513855e+02 1.53339767e+02 1.24044094e+05 2.50121368e+02
 1.38291174e+03 2.84506763e+03 6.08101125e+05 4.00297813e+01
 9.52400085e+02 5.02218652e+03 6.92402222e+02 8.14641342e+01
 2.37046216e+03 1.17116117e+05 7.73146797e+04 4.55865997e+02
 4.13001953e+03 3.80631744e+02 7.81356543e+03 2.33416426e+04
 1.60907695e+04 4.54493500e+02 2.34737915e+02 2.47499924e+01
 2.37114258e+02 8.32534863e+03 4.26736328e+03 3.38684845e+02
 8.93594482e+02 1.04021633e+00 3.64558044e+02 1.29377836e+05
 2.86576477e+02 9.82691040e+01 9.99129944e+02 1.22712173e+02
 7.00387598e+03 8.04112305e+02 2.69962695e+04 6.47296143e+02
 2.47130508e+02 5.43556104e+03 9.20526794e+02 6.60403931e+02
 1.42285355e+02 1.09007851e+02 8.20503922e+01 9.28651367e+03
 4.72733887e+02 4.64090637e+02 3.24777802e+02 4.99990448e+02
 1.00246336e+05 2.84411682e+02 2.22195786e+02 2.14022656e+03
 2.57691284e+03 1.34625625e+04 6.88613342e+02 7.11181152e+02
 1.27199824e+04 3.51986389e+02 7.82139221e+02 1.93748810e+02
 9.47114319e+02 9.65465012e+01 2.27664978e+02 1.65229233e+02
 9.63007507e+01 3.35183899e+02 1.78567184e+02 2.20293869e+02
 1.29715601e+03 2.49372421e+02 1.64175888e+02 2.71971594e+05
 2.68424957e+02 7.15313965e+03 2.68377380e+02 2.02562027e+02
 5.70406570e+01 2.91406158e+02 1.03782005e+02 1.80701950e+02
 1.91140198e+02 2.73449463e+02 1.54132324e+03 2.73227844e+05
 7.04537048e+01 1.96090605e+04 2.35641586e+02 2.09500519e+02
 6.04683533e+02 1.69044113e+02 1.44182663e+02 4.54258203e+04
 2.00343301e+04 7.72888123e+02 1.00014264e+03 1.54291885e+04
 1.89532440e+02 1.31709500e+05 9.56367031e+04 8.73411133e+02
 3.30149345e+01 2.39149719e+02 6.49888525e+03 3.02839883e+04
 3.89035370e+02 3.00966162e+03 1.55756270e+04 5.85058937e+01
 6.06262012e+03 3.25177930e+03 6.13494995e+02 1.75339395e+04
 2.91341278e+02 8.30924911e+01 1.99739136e+03 1.35409070e+03
 8.37295605e+03 1.09657393e+04 6.10467224e+01 3.56454376e+02
 6.32457886e+02 1.25713142e+02 5.09817841e+02 7.95622949e+03
 1.36420242e+02 5.35253334e+01 1.43600647e+03 9.09530579e+02
 1.11720833e+02 8.04996289e+03 2.62767517e+02 1.94741367e+04
 1.34032588e+04 3.37268646e+02 1.01718513e+02 1.19629443e+04
 7.20842969e+03 5.30255438e+05 1.99330536e+02 2.66940918e+02
 7.90392532e+01 2.20203400e+02 3.46712494e+02 1.48851670e+04
 9.77686133e+03 1.24039669e+01 6.38165186e+03 3.79041016e+03
 6.06203918e+02 4.19039062e+04 9.69268570e+01 8.56360550e+01
 1.40553802e+02 5.28148842e+01 1.33498303e+03 1.78351819e+03
 2.51400762e+04 2.55872818e+02 6.43212158e+02 8.68117676e+01
 1.48969955e+02 3.06902950e+06 2.28390884e+02 2.41032988e+04
 3.58660693e+03 4.71192920e+03 3.25899124e+01 4.98690704e+02
 2.72191711e+02 1.38890457e+02 2.25883911e+03 1.28130361e+04
 2.85632629e+02 1.77778915e+02 1.52281052e+02 1.14272242e+01
 1.75815262e+02 1.17753330e+04 2.72808990e+01 2.58473877e+02
 1.86480896e+03 2.74665479e+03 5.25618604e+03 7.49766162e+03
 5.19269287e+03 1.04257471e+03 7.58565381e+03 7.30172705e+03
 9.36665547e+04 4.92957773e+04 1.12916617e+05 2.58625364e+00
 2.30480176e+04 8.38601367e+03 9.30292773e+03 5.17795837e+02
 3.94535950e+02 1.09875938e+02 8.39500879e+03 3.90270615e+01
 1.14882410e+03 2.21511436e+00 1.76445508e+03 8.70397568e+00
 9.99713013e+02 6.69195328e+01 9.56105652e+02 1.40112585e+03
 2.27681717e+02 7.39827734e+03 4.47198456e+02 1.74434902e+04
 2.12216284e+03 7.43446655e+02 9.90756531e+02 1.38598406e+05
 8.95054398e+01 8.92827759e+02 1.16962219e+03 9.42206152e+03
 3.00980127e+03 7.64989441e+02 3.15461060e+02 2.33729126e+03
 3.10577469e+05 6.89139795e+03 3.05843848e+03 2.94086018e+01
 1.17111641e+05 2.23070953e+02 2.88789000e+05 4.95452698e+02
 7.37192017e+02 1.90844551e+04 3.73027227e+04 4.39520142e+02
 2.24098164e+04 1.50331970e+02 5.00506688e+05 3.07914004e+04
 1.96693640e+03 7.84654419e+02 1.32810254e+04 5.36602832e+03
 8.04510986e+02 1.97268323e+03 3.06822266e+02 8.08415781e+04
 3.81040253e+02 1.37043786e+00 4.45646240e+03 2.72263885e+02
 6.92178284e+02 1.56719437e+02 2.89312256e+02 1.05757019e+02
 6.40880310e+02 2.62256787e+03 8.36984680e+02 2.89424255e+02
 6.17057129e+03 3.20145782e+02 3.60164566e+01 3.07755615e+03
 4.48102617e+04 4.90269737e+01 1.98796600e+02 2.38380664e+03
 7.68067188e+04 8.13530045e+01 1.52123062e+05 3.91051914e+04
 1.73128296e+02 2.15576447e+02 3.91096283e+02 1.65897461e+04
 4.89209229e+02 2.95882227e+04 1.45392456e+03 3.86712354e+03
 1.03413261e+02 4.98404781e+05 1.72597446e+01 9.88900604e+01
 1.04048820e+07 2.11802399e+02 2.60009277e+02 2.45961963e+03
 2.73194863e+04 9.17236621e+03 1.79790247e+03 6.35678008e+04
 4.15114685e+02 6.17060938e+03 7.66304688e+02 1.19099971e+04
 4.08993645e+01 6.82815647e+00 2.77327606e+02 8.99204407e+02
 1.32389863e+04 1.11495093e+03 2.67839844e+05 3.58380898e+04
 2.37563614e+02 6.15463135e+02 1.89863266e+02 4.34081688e+01
 1.61550247e+02 5.95188086e+03 2.68071289e+03 6.55914230e+01
 1.50626523e+04 5.20335571e+02 3.56519653e+02 2.22440391e+04
 1.45293846e+01 8.73981953e+04 3.75253113e+02 1.22405676e+03
 1.34787842e+02 4.06018341e+02 5.33699265e+01 1.28273544e+02
 1.82520462e+02 7.19842911e+01 1.56208298e+02 5.98969727e+02
 1.54096924e+02 1.30278586e+05 2.26580734e+02 9.12535889e+02
 7.01423096e+02 1.09808472e+03 5.86099316e+03 4.79402148e+03
 8.82507874e+02 4.07274780e+01 5.36118591e+02 6.77498474e+01
 2.40530186e+01 3.56527191e+02 2.12808876e+01 1.12035049e+04
 4.40689844e+03 3.43068176e+02 5.00985586e+04 7.83074951e+03
 1.39365097e+02 1.75399323e+02 4.22337656e+05 2.13379498e+01
 4.08076569e+02 3.31624359e+02 6.66992236e+03 4.27502588e+03
 7.50017395e+02 5.78975293e+03 2.97676910e+02 1.72608398e+02
 8.90557861e+02 3.71336182e+03 5.06454803e+02 6.30584570e+03
 3.14025635e+03 1.01167297e+05 1.01321152e+02 1.36305275e+06
 1.17248792e+03 2.35414624e+00 2.95905518e+02 8.76555939e+01
 4.58611908e+02 3.46146826e+03 1.38825791e+04 2.88128113e+02
 2.43151062e+02 1.66843477e+04 7.22226746e+02 9.01527405e+02
 1.11459473e+03 1.07473408e+04 3.31411560e+02 1.14687370e+02
 1.00546650e+04 8.99821167e+01 2.05812378e+02 1.20555591e+03
 1.69797607e+02 6.35808563e+01 3.36547241e+03 1.08356924e+04
 1.48519714e+02 1.87064972e+02 1.34586000e+01 1.08594756e+04
 2.71117126e+02 1.28142426e+02 3.14558569e+03 8.16701221e+03
 5.42148682e+02 1.41858740e+04 5.42814751e+01 6.05199524e+02
 1.92696228e+02 1.00327812e+04 9.45210571e+01 8.82353897e+01
 2.50298508e+02 4.10933563e+02 2.12624487e+03 4.07567780e+02
 8.25791211e+03 1.55553992e+03 7.20517807e+01 6.86552930e+03
 3.93511279e+03 3.77633667e+01 6.96744232e+01 3.45557098e+01
 1.23382305e+04 3.98884186e+02 1.26992383e+03 2.05616013e+02
 5.91805176e+03 1.55084717e+03 5.03349219e+03 4.82915918e+03
 2.38886581e+02 9.37775085e+02 2.04250977e+03 2.19476715e+02
 4.57980322e+03 5.93682922e+02 3.06731506e+02 6.20769883e+04
 5.16447449e+02 4.15423950e+02 1.27777985e+02 2.44530396e+03
 2.05622119e+03 2.60739105e+02 4.04557770e+02 8.15875549e+02
 4.92619414e+04 2.95091915e+01 8.48443203e+04 8.34762305e+03
 6.68343658e+01 5.62964905e+02 4.07288452e+02 9.83269500e+05
 1.43608582e+03 2.17955276e+02 7.15053345e+02 2.54827175e+01
 2.91673370e+02 1.45984222e+02 2.67115576e+03 1.46451324e+02
 5.71832734e+04 2.61255402e+02 1.05959375e+03 5.61508064e+01
 3.40457812e+04 2.59076050e+02 3.38760590e+02 5.07765747e+02
 1.20380150e+02 2.42105530e+02 1.57582214e+03 5.38982605e+02
 1.59972449e+03 1.13737976e+02 2.56741406e+04 1.24341850e+02
 9.57258667e+02 6.60797272e+01 3.17417094e+05 2.03436504e+04
 2.37502766e+01 8.99726868e+02 4.45322113e+02 2.44079075e+06
 6.35733887e+02 9.67526758e+03 4.48421097e+01 1.48461133e+04
 6.64461094e+04 4.23281494e+03 3.95871124e+02 7.24097534e+02
 9.14840393e+02 2.98223022e+02 1.92946460e+03 7.34017517e+02
 9.64642517e+02 6.41590515e+02 2.27854172e+02 2.90226685e+02
 1.37867175e+06 5.87880737e+02 2.30471680e+03 4.60419197e+01
 1.07217499e+02 9.29188385e+01 9.81159821e+01 2.86923359e+04
 1.62962952e+03 3.46789276e+02 5.93978333e+02 5.96277771e+01
 3.03554321e+03 3.53196411e+01 2.32055801e+02 5.91726341e+01
 7.90612030e+01 1.40399834e+04 5.03746223e+00 8.94317932e+02
 1.70631367e+04 1.72308006e+01 3.76276917e+02 9.72258047e+04
 3.42347656e+05 2.17936844e+02 1.61216980e+03 1.09454871e+03
 4.50909229e+03 6.97850891e+02 8.81232681e+01 6.11538477e+04
 4.64148834e+02 1.86237350e+02 5.44391174e+02 1.54066116e+02
 4.55235254e+03 1.79837509e+02 2.62513561e+01 3.46917076e+01
 1.54864441e+02 3.38761017e+02 1.10039749e+02 1.72481594e+01
 3.65006982e+03 1.07624570e+04 2.37476641e+05 3.22901489e+03
 1.47903262e+04 9.38875549e+02 1.80846176e+01 4.26977383e+04
 1.37359009e+03 4.71639258e+04 9.48736572e+02 8.22383972e+02
 7.42345657e+01 9.28110391e+04 4.09203400e+02 4.43223984e+04
 1.04749474e+02 1.34190359e+05 4.78916168e+02 2.10331192e+02
 2.87297539e+04 1.17992529e+04 3.64644661e+01 1.16515867e+05
 8.29091949e+01 2.88150116e+02 3.14157135e+02 1.48219828e+05
 9.95474930e+01 5.61359619e+03 5.44476685e+02 4.11409645e+01
 2.23414291e+02 1.32725220e+03 5.58066943e+03 3.02975674e+01
 2.92031250e+02 1.40260010e+01 9.69392383e+03 4.27442169e+01
 1.50569534e+02 5.89685364e+02 4.26222076e+02 9.77104688e+03
 1.31652039e+02 7.32704443e+03 1.28825549e+03 2.26727168e+04
 1.49186951e+03 5.77388184e+02 2.37158984e+04 9.18848750e+05
 1.66717910e+04 5.37045349e+02 9.88328125e+04 7.54898242e+03
 2.56230547e+04 2.60380156e+04 1.13419785e+02 1.01105133e+02
 2.56083801e+02 7.73917090e+03 7.09530106e+01 5.26169701e+01
 3.48816406e+03 3.14729584e+02 7.46314545e+01 3.05930908e+02
 1.47359436e+02 1.29819275e+02 1.89996429e+02 2.10150436e+02
 9.70393555e+03 1.62514221e+02 1.06111646e+03 3.46863867e+03
 3.76261292e+01 2.54996899e+03 4.74093170e+02 5.25503500e+05
 7.47699432e+01 4.82165375e+02 2.15919540e+02 2.89001495e+02
 7.81733704e+02 1.42276359e+05 1.21295097e+02 4.04228394e+03
 1.93080742e+04 4.55298401e+02 6.06766602e+02 3.79453672e+04
 9.33957715e+03 2.18903687e+02 4.32112946e+02 5.86475182e+00]
