[1.00673367e+05 2.68645273e+04 3.06152383e+04 1.35297246e+04
 9.79872344e+04 4.15629609e+04 1.30017432e+04 8.77923203e+04
 1.77493000e+05 4.06603882e+03 8.38646016e+04 3.63763945e+04
 3.25846719e+05 1.97750273e+04 9.54965820e+01 4.79174492e+04
 1.47098297e+05 5.27874329e+02 1.47214391e+05 5.70822500e+05
 1.41408453e+05 3.03384796e+02 8.56859600e+06 1.03866484e+04
 3.35229961e+04 2.28690703e+05 4.57196328e+04 1.46783422e+05
 1.14455366e+01 2.55418613e+04 1.72194531e+05 6.77112969e+04
 8.01788828e+04 4.08730431e+01 3.19170688e+05 5.63549297e+04
 4.65744023e+04 2.53741719e+04 6.21305542e+02 5.28136816e+03
 1.47926953e+05 2.77480103e+02 1.50520728e+03 2.86627754e+04
 1.08920156e+05 1.20952125e+05 2.42451133e+04 1.60306084e+04
 3.28312111e+01 3.91757719e+05 2.24422441e+04 9.37187500e+04
 5.65131104e+03 1.96700650e+06 1.97871934e+04 3.28402979e+03
 5.36021367e+04 5.52814375e+05 2.77475684e+04 9.54475488e+03
 4.14109833e+02 1.11841547e+05 9.92281797e+04 3.98719258e+04
 2.12930542e+03 9.12725781e+04 9.96253777e+00 1.52577979e+04
 5.18685000e+04 4.10319000e+05 3.60260156e+04 6.48574219e+03
 8.48854141e+01 4.79988828e+04 8.22173462e+01 3.53998070e+01
 3.71169766e+04 3.97536055e+04 4.36232852e+04 1.18494750e+06
 2.30093574e+04 3.24033089e+01 5.00318994e+03 5.67093477e+04
 5.15321836e+04 1.55056182e+04 5.55667871e+03 2.97828827e+02
 4.54325447e+01 1.97224365e+02 1.32312773e+04 2.83478344e+05
 3.13547539e+04 8.24548111e+01 3.13155575e+06 3.84382176e+00
 3.14885178e+01 1.34175656e+05 2.03518766e+05 1.73040237e+01
 7.45093516e+04 1.46584346e+04 3.81183984e+04 7.33125781e+04
 3.35357031e+04 2.40581375e+02 5.40646240e+03 7.54424609e+03
 4.61889600e+03 1.38466631e+04 7.59631406e+04 9.53873750e+05
 5.49801602e+04 3.37700117e+04 8.49021953e+04 4.31415527e+02
 3.10653046e+02 1.07657637e+04 5.61573448e+01 2.67099927e+03
 1.25614148e+05 2.14172852e+03 2.02303500e+05 5.61747938e+05
 1.58825305e+03 3.37223672e+04 5.25783594e+03 7.68189307e+03
 8.74618626e+00 5.54679993e+02 2.15016816e+04 6.71476904e+03
 1.59000244e+04 1.91316133e+04 6.46051875e+04 1.30152759e+03
 1.15914688e+05 2.04177168e+04 1.48597334e+04 1.39291914e+04
 4.60057461e+04 9.76196406e+04 1.45930328e+05 4.62050906e+05
 1.28806800e+06 1.33707441e+04 8.60253613e+03 1.62147781e+02
 2.18370656e+05 1.07845820e+04 1.73452891e+04 5.74476094e+04
 4.93982969e+04 2.42443418e+04 5.46114551e+03 4.06783867e+01
 1.29094580e+04 8.20161062e+05 2.96817352e+02 4.52048438e+05
 1.30214053e+04 1.14730098e+04 6.50508545e+03 4.97894219e+04
 1.63612383e+04 3.12653223e+04 1.56475469e+05 6.58386016e+04
 4.79888125e+04 4.24215469e+04 4.26763721e+03 4.89447109e+04
 6.65330078e+04 9.75599512e+03 3.39625508e+04 2.43471152e+04
 9.29660938e+04 2.13561680e+04 5.28451855e+03 1.06585362e+06
 1.09057922e+02 8.71768570e+00 2.06815288e+06 1.18565569e+01
 8.27660312e+04 6.50414844e+04 6.51759375e+03 7.70695508e+03
 3.42163620e+01 3.55685508e+04 7.33661328e+04 1.82033105e+04
 4.41400684e+03 1.80393711e+04 5.67749375e+05 1.21244590e+04
 7.40366484e+04 3.49648281e+04 1.94007344e+04 7.18240625e+04
 8.58227539e+03 7.65382919e+01 2.64781094e+05 4.17747355e+00
 1.29098538e+06 4.44380350e+06 6.92119629e+03 1.10813586e+05
 3.30421250e+04 5.36951211e+04 2.80059141e+04 5.57790039e+04
 7.21369922e+04 1.75887589e+02 1.96899422e+05 7.12737109e+03
 7.28498926e+03 1.63238311e+04 2.12587598e+04 4.28296890e+01
 3.08309785e+04 6.13989766e+04 2.23023066e+04 3.58057906e+05
 3.88140106e+01 1.56550578e+05 1.26051641e+05 2.40753616e+02
 2.90761797e+04 3.78798969e+05 2.95507422e+03 6.74583447e+03
 2.43514843e+01 1.59488418e+04 6.89821289e+03 1.94619961e+04
 5.03161172e+04 4.96801172e+03 6.95355273e+03 7.23531201e+03
 1.15998242e+05 5.17209668e+03 1.81664984e+05 8.18393594e+04
 1.41302383e+04 1.08414203e+05 3.52233125e+04 9.57737988e+03
 9.60106750e+02 2.81544094e+05 4.98313446e+01 1.50148297e+05
 3.29597206e+01 4.54080547e+04 2.72561738e+04 1.08301857e+02
 7.42325000e+03 1.80672375e+03 1.90328594e+04 6.16401484e+04
 7.68240000e+05 1.64537062e+05 8.28951250e+04 5.40993115e+03
 4.23030469e+03 2.52490005e+01 2.18822617e+04 1.60482500e+05
 6.97678125e+04 8.16215625e+04 8.79368555e+03 2.67563719e+05
 8.88774796e+01 2.41073789e+04 3.58948969e+05 6.99791687e+02
 3.23025332e+04 2.76377188e+05 5.25116309e+03 9.36403000e+05
 3.17208716e+03 7.19694141e+03 3.57173750e+04 3.66603438e+04
 2.44979883e+04 9.07669609e+04 5.01675781e+04 8.07731953e+04
 2.45409351e+03 1.81485803e+03 1.29854762e+06 1.48148213e+04
 5.99742812e+04 1.02961152e+04 4.72832461e+04 1.84108164e+04
 2.85802051e+04 1.59682000e+05 1.97973828e+04 8.01816177e+00
 6.07133906e+04 2.90715918e+03 1.30786336e+05 2.48078703e+05
 1.12707953e+05 7.79067725e+03 6.32416846e+03 1.38317125e+05
 2.87401719e+04 2.74196113e+04 1.49628623e+04 1.00246945e+05
 2.35195508e+03 3.65633125e+04 1.57491689e+04 9.19085312e+04
 5.21716836e+04 5.83737500e+05 4.45632227e+04 3.90236987e+03
 2.76201133e+04 6.12008643e+03 4.01377490e+03 8.05369453e+04
 2.09996624e+01 2.88426191e+04 9.49770062e+05 1.71410938e+03
 6.29141174e+02 4.02683188e+05 4.59430615e+03 1.93445625e+01
 2.41253281e+04 2.21337189e+02 3.92184219e+04 1.80109955e+02
 1.22991314e+01 3.59356680e+04 4.52702156e+05 1.03837948e+01
 6.48449805e+03 3.63410742e+04 6.91888770e+03 1.15694430e+05
 1.05773706e+03 2.04473596e+03 1.31323516e+04 2.27238531e+05
 1.71954797e+03 1.03589629e+04 2.94749156e+05 2.17867281e+05
 2.57833438e+04 6.17928008e+04 1.38683000e+05 9.12603750e+04
 1.29368242e+05 9.29162292e+02 7.29756484e+04 1.14611609e+03
 1.91584172e+05 9.58780441e+01 3.55014844e+04 4.31549023e+04
 2.41670406e+05 1.80554950e+06 5.42577031e+04 4.42790674e+03
 6.92036987e+02 7.67874766e+04 1.86086602e+04 8.33481562e+04
 8.66646812e+05 1.15172592e+02 2.43437441e+04 1.83938672e+05
 8.34542812e+05 1.52384385e+04 2.01677285e+04 2.07348828e+04
 1.69394336e+04 1.08986025e+04 2.38942700e+06 4.13846406e+04
 6.32562207e+03 7.71770391e+04 4.77445078e+04 6.16188171e+02
 1.86969312e+05 1.61042953e+05 4.05283398e+04 9.10108398e+03
 3.71127148e+04 8.36196387e+03 1.24146671e+01 8.92436641e+04
 6.84014141e+04 3.18759781e+05 1.09415684e+04 1.17472656e+05
 3.92879028e+03 3.64914883e+04 1.37107812e+04 9.97242383e+03
 2.73872539e+04 6.08887266e+04 1.90815215e+04 1.17572195e+05
 3.90657850e+06 8.14237109e+04 2.30818320e+04 3.15535281e+05
 5.73044438e+05 4.65789766e+04 4.27630781e+04 1.48613672e+05
 7.85486133e+03 5.48861542e+01 4.39222227e+04 6.60345547e+04
 2.73728965e+04 3.39549141e+04 6.49023047e+03 6.13519211e+01
 4.68320469e+04 4.95533028e+01 6.91653750e+04 5.84427307e+02
 6.33068062e+05 1.05051672e+05 1.92546719e+04 5.92118750e+04
 7.04169688e+04 2.12555835e+03 1.83876914e+04 2.15596426e+04
 1.96939453e+04 3.15072012e+04 3.56584219e+04 1.96828899e+01
 1.92518330e+01 5.50845312e+04 9.99239120e+01 2.09747609e+05
 2.89744180e+04 1.53154688e+04 1.90855391e+04 7.90844688e+04
 3.03697559e+04 5.16242617e+04 2.79114380e+01 9.35278100e+06
 2.79961855e+04 3.00172534e+03 2.20980530e+02 1.83595781e+04
 3.08426602e+04 8.47164531e+04 2.33134922e+05 4.29079492e+03
 8.22604844e+04 4.51192734e+04 1.40266348e+04 1.19966377e+04
 1.42059438e+05 2.64898809e+04 7.05197734e+04 1.54815378e+01
 2.88898754e+01 6.68897812e+05 1.07526898e+05 3.90213406e+05
 8.97374297e+04 1.36947219e+05 3.24993105e+04 2.16160645e+03
 4.92729785e+03 6.90886035e+03 2.81568262e+04 2.01769766e+04
 3.16718984e+04 7.69020859e+04 2.52729121e+04 4.88546387e+03
 5.94991406e+04 9.88155859e+04 8.95529395e+03 1.19002906e+05
 2.58016895e+04 1.79819199e+02 5.63208359e+04 2.64197327e+02
 2.98780384e+01 4.27681953e+04 5.58210258e+01 1.09298105e+04
 1.40654219e+04 8.62001648e+02 2.95719277e+04 3.55725117e+04
 4.72112109e+03 2.22473083e+02 7.06239531e+04 2.72936426e+04
 7.07178760e+03 8.22847578e+04 9.87730957e+03 5.98533707e+01
 2.15946328e+04 1.55884302e+03 2.75258281e+04 2.52234750e+05
 6.09832666e+03 3.54074141e+04 6.17840781e+04 2.08004805e+04
 8.07667188e+04 6.48119629e+03 3.94853672e+04 1.22594000e+05
 2.10196484e+04 7.93039219e+04 1.53949881e+01 8.26029883e+03
 1.00492958e+02 2.22764868e+03 2.93405020e+04 1.22601414e+05
 6.53649844e+04 9.03534180e+03 1.26960516e+01 2.67928027e+04
 3.02212671e+03 3.51847485e+03 1.15817734e+04 1.57986522e+00
 4.85104062e+04 7.20958516e+04 2.28093887e+04 1.08580840e+04
 1.91597668e+03 2.47617425e+06 3.98347974e+00 5.35077422e+04
 2.14802070e+04 5.99874306e+01 5.58770676e+01 1.94316152e+04
 1.58514938e+05 1.55670801e+04 1.17185850e+04 5.77441992e+03
 3.80917539e+04 6.52415125e+05 6.44665869e+03 9.04449768e+01
 8.97652740e+01 5.11028125e+04 3.05073682e+03 2.78971562e+04
 6.57225234e+04 2.93503967e+02 2.96245026e+02 1.46048688e+05
 3.86890576e+03 3.98827812e+04 5.25010547e+03 4.88133844e+05
 5.94905352e+04 1.32467615e+03 8.70287500e+04 3.67492822e+03
 1.60037975e+06 2.83893301e+04 2.04705375e+05 5.96178477e+04
 2.62173281e+04 2.08423574e+04 4.84059469e+05 1.21660781e+04
 3.67420438e+05 1.31427744e+04 6.08375000e+03 2.21060889e+03
 2.15908656e+05 3.97006906e+05 9.59098730e+03 5.50531797e+04
 4.70203359e+04 5.64804531e+04 4.28553359e+04 3.00793223e+04
 8.35393750e+04 6.57264709e+02 2.91381897e+02 9.74010859e+04
 2.80091724e+01 7.94787903e+01 1.24951712e+06 9.53649609e+03
 9.87139219e+04 1.20809266e+05 2.40378784e+03 1.68852039e+03
 2.03394995e+03 3.61042529e+03 3.30191094e+04 3.34397500e+04
 1.45812195e+03 1.36113156e+05 1.02324848e+01 8.58177031e+04
 9.45691681e+01 1.31546859e+05 1.01652898e+05 2.95879766e+04
 5.37412422e+04 2.36547656e+05 3.53573031e+05 3.65823719e+05
 1.68725723e+04 3.16000059e+04 2.19834281e+05 8.70532812e+03
 3.47515406e+05 1.27729008e+05 1.08177258e+05 1.39647549e+04
 6.72103281e+04 9.00435938e+04 5.49816719e+04 8.05342969e+03
 1.95123539e+01 3.18576660e+04 2.60959902e+04 6.80389343e+02
 8.72523906e+04 6.98489307e+03 1.52015015e+03 1.27348047e+03
 9.76544219e+04 2.17590391e+05 3.43712227e+04 4.02575508e+04
 3.45148550e+06 2.83775449e+04 9.60548984e+04 3.01954844e+04
 6.72423535e+03 6.03979607e+01 9.75762939e+00 3.41664219e+04
 4.56567500e+04 3.78980255e+01 2.57688812e+02 3.91599258e+04
 7.50614609e+04 4.63331445e+03 8.81172578e+04 5.78757858e+01
 1.02075107e+04 7.02890854e+01 1.73299828e+05 2.41467915e+01
 1.66879236e+03 2.93644473e+04 2.77621269e+01 1.12972051e+04
 1.79888812e+05 2.32611350e+06 7.04956172e+04 3.84673711e+04
 2.64937949e+04 6.85160781e+04 3.70967781e+05 1.05300220e+03
 4.18776367e+04 6.54013164e+04 4.95820273e+04 3.46767070e+04
 5.58123555e+04 3.20811691e+01 1.39436156e+05 2.45033203e+04
 2.20977781e+05 3.81494408e+01 3.40481274e+03 6.86306763e+02
 2.32596367e+04 6.71734219e+04 5.46803281e+04 2.05047119e+03
 9.97792603e+02 5.37112188e+04 1.25150010e+04 4.62026398e+02
 5.86765312e+04 2.63421535e+01 3.14758340e+04 4.05141094e+04
 1.77197832e+04 5.72136055e+04 3.08896802e+03 8.23853516e+03
 6.34274864e+00 3.08009941e+04 1.57625879e+04 3.46402124e+03
 6.73208594e+04 1.21743965e+04 1.19310461e+05 2.78101904e+03
 4.20925594e+05 2.72242938e+05 7.60358359e+04 2.64591187e+02
 1.47122859e+05 2.03032837e+03 2.32206016e+04 2.35528540e+03
 1.00177562e+05 4.10728477e+04 6.49318909e+02 7.52308426e+01
 2.10188431e+02 2.68888672e+04 1.98976914e+04 1.50062650e+06
 5.32322000e+05 6.92443828e+04 3.05881469e+05 2.65249355e+04
 3.83454475e+01 1.59447734e+05 4.49271328e+04 3.50847070e+04
 2.36044199e+04 1.64219961e+04 2.90300215e+04 2.68392281e+05
 5.06995547e+04 2.88502905e+03 7.09355312e+04 2.66376152e+04
 1.84535250e+05 1.04815018e+02 9.21746777e+03 1.15582109e+05
 2.10857344e+04 1.15396172e+04 1.73622281e+05 7.95667236e+03
 2.94310684e+04 4.41960391e+04 1.97873086e+04 2.30319519e+02
 1.06161041e+02 3.14055410e+04 6.39657166e+02 2.74426880e+03
 2.66721401e+01 3.22621143e+03 1.80542695e+04 3.68385742e+03
 5.96140527e+03 6.79227441e+03 2.56116390e+01 2.82052344e+04
 8.65813438e+04 9.95739212e+01 7.38112106e+01 1.35503375e+05
 1.65816700e+06 1.73082891e+05 6.61244219e+04 2.29906494e+03
 3.98652344e+04 3.13196133e+04 4.56499141e+04 4.36731562e+04
 4.24915838e+00 8.84961484e+04 1.02488469e+05 3.10945938e+04
 1.73499570e+04 5.27421812e+05 1.05674939e+03 2.28151810e+02
 1.70626406e+04 4.07734875e+05 1.28194434e+03 7.28028125e+04
 1.97687656e+04 8.81166406e+04 5.14265781e+04 8.14665710e+02
 2.13286987e+03 4.11887539e+04 3.07271914e+04 8.53830719e+01
 1.02109898e+05 5.46921875e+04 2.49853969e+05 2.33108501e+01
 1.01055930e+05 1.17560539e+05 1.63625422e+05 1.31948340e+04
 8.51306738e+03 1.08194680e+05 1.03929633e+05 1.10176362e+06
 2.69704312e+05 9.17490527e+03 1.11958519e+02 5.02894062e+04
 3.27751055e+04 3.27581484e+04 2.83379750e+05 1.14450264e+04
 3.03503711e+03 1.75804531e+04 6.65811539e+01 9.46380176e+03
 4.15683823e+01 1.75248047e+05 2.26724492e+04 1.98369016e+05
 2.57550254e+04 2.99971387e+03 1.52472781e+05 1.19708086e+04
 4.93491172e+04 6.73353320e+03 1.99341172e+04 8.82574316e+03
 3.18068633e+04 1.85698438e+04 6.96298359e+04 1.72952734e+04
 3.20564728e+01 1.00951529e+01 1.52447021e+04 2.36269922e+03
 1.19077539e+01 4.01632520e+03 4.75339766e+04 7.20042432e+03
 1.98197852e+04 1.01399502e+04 2.73938031e+05 1.02797242e+05
 9.32493359e+04 3.25170605e+04 2.61767285e+03 3.66402469e+05
 3.81568451e+01 1.54776413e+02 8.48038047e+04 2.46738887e+04
 5.81467312e+05 4.49236797e+04 1.67842441e+04 5.65187416e+01
 1.93311973e+04 1.01480684e+04 3.75422344e+04 5.47809219e+04
 5.57629688e+04 1.56147373e+04 3.24372500e+04 4.36609116e+01
 9.11087891e+03 3.78959219e+04 1.23912914e+05 9.40816641e+04
 2.06718574e+04 6.04524707e+03 1.94543574e+04 1.37557598e+04
 1.91857578e+04 2.72299194e+00 2.19436531e+01 3.91054153e+01
 4.46024561e+03 2.17443516e+04 1.76257484e+05 5.14942781e+05
 1.13979138e+06 6.23893711e+04 5.16979453e+04 2.08966738e+04
 1.08191320e+05 1.62568848e+04 7.44618848e+03 2.82760273e+04
 6.57212982e+01 1.26972842e+04 8.62177505e+01 8.25087500e+04
 1.59487500e+05 3.97352588e+03 1.77559863e+04 5.05804977e+01
 1.40765674e+03 4.65897705e+03 7.96580811e+03 8.95925812e+05
 1.48615449e+04 2.25804473e+04 1.67830410e+04 2.65334355e+04
 4.46292695e+04 8.68607544e+02 5.49222578e+04 8.85335022e+02
 4.89247812e+04 9.90840312e+04 3.51835205e+02 5.12209521e+03
 1.62264328e+05 1.60727988e+04 1.03577977e+05 5.86144922e+04
 3.63378143e+02 1.60671211e+04 2.29329071e+01 5.23028613e+03
 3.38619219e+04 1.16675367e+01 1.81196203e+05 9.10625547e+04
 2.63809707e+04 1.95877852e+04 9.76752734e+04 5.24971809e+01
 2.02021562e+04 5.62196236e+01 1.28898035e+03 2.69101016e+04
 6.19505391e+04 5.32199922e+04 1.86790527e+04 3.49228164e+04
 3.27150605e+04 1.20608562e+05 4.12968750e+02 1.12824656e+05
 1.84035484e+05 2.56400840e+04 7.16330719e+01 4.33465234e+04
 1.21104281e+05 6.77458359e+04 2.30991426e+04 1.68524234e+05
 3.65717212e+03 4.06763641e+02 6.41929398e+01 1.65115566e+04
 2.95450592e+01 7.24943542e+00 3.01856543e+04 6.73703000e+05
 4.26015938e+04 5.23638477e+03 2.00123743e+03 1.47139406e+01
 6.12382438e+05 1.93299512e+04 8.22054785e+03 5.88166094e+04
 2.09731738e+04 2.76201191e+04 8.08518594e+04 3.17949141e+04
 3.04540725e+06 7.75587812e+04 8.11758252e+03 1.37646680e+04
 3.43056055e+04 3.78362329e+03 2.59582310e+01 3.53039650e+06
 6.89721797e+04 2.69276219e+05 2.41896348e+04 3.81057773e+04
 4.28473340e+03 5.27950664e+04 8.55650234e+04 5.44928076e+03
 1.03158750e+04 5.93346533e+03 3.77962000e+05 1.52908641e+05
 1.16671318e+04 4.69004883e+03 1.63787327e+01 4.50315312e+04]
133149.45
9352781.0
