[1.16584262e+06 1.37659844e+05 2.25632641e+05 5.28460875e+05
 3.59739094e+05 2.94593906e+05 1.28454188e+05 2.89331969e+05
 2.47263575e+06 1.36287461e+04 1.53774781e+05 3.88649062e+05
 3.81147688e+05 4.48571914e+04 2.97684258e+04 3.07566438e+05
 1.81060500e+05 2.15108328e+05 1.03651581e+06 2.95408625e+06
 6.09875125e+05 1.43915359e+05 9.99076400e+06 1.05039914e+05
 7.12383281e+04 4.72341800e+06 3.03973550e+06 2.91470125e+05
 4.76761289e+04 4.11955586e+04 5.02038156e+05 4.63838125e+05
 2.64324395e+04 2.03213125e+05 9.06320188e+05 1.61284109e+05
 4.76109375e+04 1.27274930e+05 3.20527656e+05 1.23668835e+03
 1.56877429e+03 3.02276156e+05 7.51375500e+05 6.95857625e+05
 6.06442062e+05 3.27605812e+05 1.68876875e+05 5.42254980e+03
 1.14811299e+04 1.06059062e+06 3.76940586e+04 5.59995273e+04
 1.62696387e+04 5.21265100e+06 1.52405875e+05 1.56133859e+05
 3.57239969e+05 1.85342912e+06 6.81221750e+05 9.53352891e+04
 1.19616862e+06 2.91502781e+05 1.77131828e+05 1.23372547e+05
 7.42897500e+04 6.81155078e+04 2.15970117e+04 2.04088184e+04
 1.30904846e+03 1.02675317e+03 1.17741164e+05 1.00057211e+05
 1.41420129e+03 2.85955438e+05 5.38071328e+04 3.60813031e+05
 1.91712922e+05 3.70705938e+04 6.04439307e+03 5.81961328e+03
 1.45042578e+05 3.60182844e+05 8.00065002e+02 3.36948086e+04
 6.91713359e+04 1.39001721e+03 2.06105000e+05 1.17376930e+05
 2.48371445e+04 4.07873688e+05 3.40054805e+04 2.08267675e+06
 8.40186562e+04 1.26912438e+05 6.82271200e+06 1.90903609e+05
 1.57384250e+05 1.12511984e+05 1.39254125e+05 1.37597529e+04
 1.01090344e+05 8.92415859e+04 9.84584219e+04 1.07295723e+04
 6.30910039e+04 1.14485000e+05 2.07647281e+05 4.20456289e+04
 3.20950219e+05 1.11371594e+03 2.15821156e+05 2.28781172e+05
 6.29250469e+04 2.08187672e+05 2.77898625e+05 1.64641656e+05
 3.06268585e+02 2.21622219e+05 5.84112812e+05 3.63198999e+03
 1.72321031e+05 5.97118250e+05 7.36229562e+05 7.11922000e+05
 4.93801844e+05 8.48860859e+04 2.42469238e+03 2.03020938e+05
 4.53133828e+04 4.55143750e+04 1.39880000e+05 1.00070283e+04
 2.01283438e+05 6.02042695e+04 5.77480898e+04 2.51078887e+04
 1.68157500e+05 2.66651348e+04 6.84104766e+04 2.83322375e+05
 1.13407727e+05 1.30896039e+05 1.67241375e+05 4.77532266e+04
 1.47492719e+05 1.48156484e+04 1.21860342e+04 1.03062194e+06
 2.16106672e+05 1.82508250e+05 1.82086973e+04 5.77478828e+04
 5.75242891e+04 1.38265891e+05 6.24807812e+03 1.52390264e+04
 9.21427031e+04 5.83179125e+05 1.62351656e+05 6.29525312e+05
 2.21895562e+05 1.69491906e+05 3.41971016e+01 1.33748016e+05
 8.42360234e+04 1.87748303e+03 4.30564297e+04 5.12824961e+04
 1.92017734e+05 5.08694844e+05 6.92235779e+02 1.20534268e+04
 2.49796125e+05 3.29857562e+05 4.13355859e+04 1.27071875e+04
 6.74800703e+04 1.80489727e+04 1.82180156e+05 7.60298750e+05
 1.29043412e+06 4.86074844e+04 2.22437100e+06 7.15693359e+04
 4.60810156e+04 3.56370781e+04 2.07426953e+04 2.72499969e+05
 3.29350688e+05 2.39584746e+04 3.09876438e+05 1.50626836e+04
 1.55625312e+04 2.60996375e+05 1.43243250e+06 6.54032410e+02
 1.26455038e+06 3.07535176e+04 8.67641541e+02 1.20273047e+05
 2.75300507e+02 1.35362375e+05 2.10593906e+05 2.21152109e+04
 2.82697350e+06 6.09185900e+06 2.23193320e+04 1.44024203e+05
 1.30195359e+05 3.48018008e+04 3.08695918e+04 4.73490586e+04
 1.42673281e+05 1.02164156e+05 3.09589812e+05 4.21021172e+04
 1.82927844e+05 2.27074097e+02 1.67947047e+05 1.88471716e+03
 2.41874395e+04 4.06106250e+04 1.34074781e+05 2.15014300e+06
 1.73647227e+04 2.05600297e+05 1.88950605e+04 2.54065508e+04
 2.25024094e+05 1.26843575e+06 1.07747953e+05 9.27440859e+04
 2.26393000e+05 3.50111055e+04 1.69282312e+05 1.58880422e+05
 5.50733359e+04 1.19942061e+04 4.77551016e+04 1.36067539e+04
 7.22987938e+05 3.81068438e+04 1.64745781e+04 4.06770688e+05
 6.98404141e+04 2.35176812e+05 1.98079336e+04 1.43094953e+05
 3.20223344e+05 1.49073650e+06 1.27619707e+04 5.01639750e+05
 1.42474814e+04 1.58309562e+05 9.81794531e+03 2.59435527e+04
 3.87534375e+05 1.36067871e+04 2.31229297e+05 3.92119023e+04
 3.44863000e+06 3.81119281e+05 1.35023550e+06 1.81838892e+03
 1.56872803e+02 1.67775732e+03 1.52511516e+05 2.61903406e+05
 4.28501406e+05 3.98879875e+05 1.51969697e+04 5.04320125e+05
 3.38720169e+01 5.76429932e+03 2.87270094e+05 2.13579203e+05
 3.71487725e+06 4.45671062e+05 2.09829746e+04 1.39333012e+06
 2.89644438e+05 6.84246062e+05 1.35006719e+05 1.73695453e+05
 7.79176709e+03 7.41555000e+04 3.11615438e+05 6.56747750e+05
 1.98016738e+04 1.06483508e+05 1.50208475e+06 1.01480656e+05
 1.05483375e+05 1.79857520e+04 6.50956885e+03 1.34315422e+05
 3.05037188e+04 4.87486594e+05 1.17913781e+05 1.22466367e+04
 1.72438164e+04 1.63528656e+02 3.36605000e+05 9.81412625e+05
 4.52000031e+05 1.01941250e+07 1.33804375e+05 3.58194500e+05
 1.57481297e+05 1.51049234e+05 1.12337070e+04 3.32866000e+05
 1.51503838e+06 1.51926359e+05 7.28209152e+01 2.64444551e+04
 1.51458047e+04 1.98860828e+05 6.82698516e+04 1.34795075e+06
 1.85403781e+05 4.88133938e+05 5.23966328e+04 4.36844625e+05
 9.34153375e+05 2.79399316e+04 2.61676925e+06 1.40734031e+05
 5.14204004e+03 2.47873031e+05 1.27415281e+05 7.46979004e+02
 1.01050398e+05 3.99102500e+04 2.34414438e+05 3.97879875e+05
 2.21849121e+04 5.93107422e+04 1.23545688e+06 1.40121469e+05
 4.24341367e+04 2.18946734e+05 4.33141953e+04 2.67114188e+05
 2.73116113e+04 1.49104752e+02 9.69284766e+03 2.62609031e+05
 1.94144336e+04 4.20426318e+03 6.80730938e+05 7.57303250e+05
 2.19828164e+04 2.75170531e+05 2.92262085e+03 2.18962793e+04
 1.01169050e+06 3.45504156e+05 2.08980234e+05 1.19186242e+05
 1.43011109e+05 8.78799750e+05 6.97733516e+04 2.93940078e+04
 3.17670531e+05 2.72937450e+06 8.51937988e+03 7.09139844e+03
 5.09623750e+06 5.37937562e+05 4.65704375e+05 2.31598846e+02
 1.32188962e+06 4.95823438e+03 2.72412051e+04 8.70601500e+05
 5.78388750e+05 1.16403898e+05 9.81712891e+04 3.99021367e+04
 7.82632625e+05 5.32907562e+05 3.33010400e+06 3.90291953e+04
 3.32989258e+04 3.78923312e+05 2.61049004e+04 5.48340859e+04
 3.38526719e+05 6.02181680e+04 3.47340125e+05 2.18133984e+03
 5.16095654e+03 5.45357852e+04 4.17608672e+04 4.08520844e+05
 3.49295234e+04 1.34714138e+06 6.60567109e+04 1.93156738e+06
 1.23722900e+04 7.95155938e+04 2.09523965e+04 1.57864756e+04
 7.11691357e+03 6.11446914e+04 4.88182266e+04 5.38213086e+04
 2.95570640e+07 3.31401562e+05 1.48965750e+05 1.14008700e+06
 9.05025188e+05 2.03333391e+05 6.11185375e+05 1.43674750e+05
 1.35828027e+03 2.33214391e+05 1.16492195e+05 8.35308672e+04
 5.58278750e+05 3.58203516e+04 1.73958938e+05 6.87443375e+05
 2.58503188e+05 1.27077086e+05 1.16096195e+05 1.53561797e+04
 5.44494188e+05 9.80606953e+04 1.35313328e+05 9.60851250e+04
 1.39308734e+05 2.57297200e+06 1.14843508e+05 1.94872832e+04
 2.10709414e+04 1.07108758e+05 2.32655234e+04 2.72822910e+04
 1.50020703e+05 3.38743086e+04 4.89846500e+05 1.35289234e+05
 1.59060234e+05 1.25162881e+04 2.64693496e+04 7.80154000e+05
 5.32524258e+04 7.35366484e+04 3.30097070e+03 2.43419480e+07
 1.93464395e+04 5.71278125e+05 1.95518500e+05 3.00140039e+04
 1.57589326e+04 3.13517812e+05 1.14028062e+06 1.34387969e+04
 1.98941547e+05 1.68419281e+05 1.47683359e+05 1.50161123e+04
 3.79534531e+05 1.86666406e+04 2.05258672e+05 6.71496631e+03
 4.29732275e+03 9.42441016e+04 8.34449922e+04 1.12344523e+05
 5.22108789e+04 1.04003180e+05 9.22060254e+03 9.64422625e+05
 6.52539883e+04 3.19178184e+04 1.27734445e+05 2.28086641e+04
 4.87404180e+04 2.54270453e+05 3.08369062e+04 3.89088711e+04
 4.54821836e+04 5.72485820e+04 1.41614469e+05 2.71268525e+06
 5.57107500e+04 1.65421906e+05 5.02103750e+04 1.45519016e+05
 4.32702441e+03 5.95215117e+04 2.43863633e+04 8.80385547e+03
 1.40155516e+05 1.68218766e+05 1.73969078e+05 2.11937375e+05
 1.11864121e+04 2.43077676e+04 2.21963750e+05 1.49838609e+05
 2.68076855e+04 2.06572391e+05 1.83060742e+04 1.05493508e+05
 2.25715828e+05 3.84393750e+03 1.10020586e+05 7.85392188e+04
 5.67895312e+04 2.02381391e+05 8.07605469e+04 2.15541688e+05
 2.74654570e+04 2.16405547e+04 1.55911469e+05 3.56879844e+04
 1.56213375e+05 3.28708075e+06 5.07218242e+04 2.51682062e+05
 8.64034062e+05 7.99747422e+04 2.35279277e+04 9.76881836e+03
 4.09037734e+04 8.52888184e+03 1.00104660e+02 5.70567676e+03
 1.11503469e+05 1.10469328e+05 1.18654953e+05 1.59928078e+05
 8.10260742e+03 1.60531859e+05 1.58338078e+05 3.74942844e+05
 3.53076875e+05 3.46903281e+05 7.74314062e+03 2.07570031e+05
 1.10472354e+04 1.38441031e+05 1.25629281e+05 5.30970669e+00
 1.41831475e+06 1.01324398e+05 2.08691500e+05 2.35142461e+04
 2.74091312e+05 5.90454938e+05 1.67552480e+04 4.73663379e+03
 2.95330625e+05 1.33878766e+05 1.78171016e+04 9.08411328e+03
 4.74843750e+03 2.89147812e+05 2.00632117e+03 2.61216453e+05
 6.13252002e+03 2.03247859e+05 1.46257168e+04 5.56252812e+05
 2.54781672e+05 1.17730234e+04 1.69282016e+05 3.17004719e+05
 2.38842725e+06 1.96750031e+05 1.31919594e+05 1.21773574e+04
 1.02280094e+05 2.09154547e+05 1.32335068e+04 6.72744043e+03
 3.26873750e+06 1.14384727e+05 1.88218150e+06 1.42804562e+05
 2.84441031e+05 8.68224062e+05 6.59126587e+01 5.72873672e+04
 4.38519922e+04 2.75670625e+05 2.17223281e+05 3.37734688e+04
 2.84885562e+05 1.78423875e+05 1.23161838e+06 3.40766938e+05
 8.14962402e+02 5.05105713e+03 6.83197422e+04 1.27828406e+05
 1.18519738e+06 3.77415125e+05 1.26736045e+04 9.65343164e+03
 2.19420641e+05 2.99320618e+02 4.21453555e+04 3.38681250e+04
 8.44620000e+04 4.07690562e+05 1.75214805e+04 1.95044719e+05
 1.28709570e+04 3.23295562e+05 2.34910750e+05 6.96570547e+04
 3.42250188e+05 6.86151438e+05 2.68462375e+05 6.66321062e+05
 6.34363379e+03 1.81938984e+05 2.09294043e+04 5.14119873e+03
 3.47518969e+05 8.46954609e+04 9.62915156e+04 1.47717100e+04
 2.05258719e+05 9.78663828e+04 6.11045977e+04 3.96386406e+04
 3.01297062e+05 2.96517250e+05 3.50928789e+04 6.60905957e+03
 4.67282070e+04 1.44601055e+04 5.21640312e+05 1.33751162e+06
 5.48281094e+04 1.08426414e+05 1.49648328e+05 2.20075566e+04
 1.43033020e+07 1.98404590e+04 6.18350469e+04 6.40268688e+05
 2.10361016e+04 2.52594219e+04 1.47010098e+04 1.85453391e+05
 7.12719766e+04 4.02748901e+02 3.33914156e+05 2.47072250e+05
 1.81882297e+05 8.12826250e+05 8.93271641e+04 1.62367227e+04
 2.07278812e+05 6.50854562e+05 1.33697000e+05 2.94525059e+04
 2.96999277e+04 1.73976203e+05 1.80218266e+05 3.19608887e+04
 3.92759805e+04 6.59574812e+05 8.07850250e+05 4.86898047e+04
 1.21937820e+05 3.38845688e+05 4.43831312e+05 9.15447625e+05
 1.40666312e+05 4.22367578e+04 9.86195391e+04 2.24941531e+05
 1.57768184e+04 1.44470656e+05 2.02393359e+05 4.20017578e+04
 6.74850875e+05 1.72286266e+05 7.63124688e+04 1.87032512e+06
 3.03950469e+04 3.08195406e+05 1.38418609e+05 1.35863062e+05
 3.11348344e+05 2.90653062e+05 1.40628494e+02 3.50549658e+03
 5.80618188e+05 2.47810938e+04 3.52685742e+04 2.42150742e+04
 5.95685312e+04 1.59939969e+05 1.28705725e+03 1.28970566e+04
 1.30106273e+05 6.48782305e+04 1.13710172e+05 1.92579422e+05
 1.43674922e+05 2.43843945e+04 7.20450859e+04 1.97683906e+05
 1.35069062e+06 8.58617625e+05 6.99630234e+04 4.70641000e+05
 4.17419875e+05 1.20945273e+04 2.75425664e+04 6.46331738e+03
 2.54962207e+03 1.56306906e+05 3.79137531e+05 3.04573781e+05
 5.46641406e+03 8.03358047e+04 4.02280875e+05 3.32218500e+06
 1.50182450e+06 2.23688828e+05 5.71601688e+05 1.65084656e+05
 5.91371125e+05 1.16276225e+06 2.59910137e+04 3.54017070e+04
 9.96961094e+04 8.38965078e+04 1.22541594e+05 2.08345016e+05
 1.26562275e+06 1.25737573e+03 5.63644750e+05 8.76993438e+04
 6.90651484e+04 1.53414812e+05 1.22297030e+07 3.13686219e+05
 4.15314795e+03 4.37194297e+04 4.82157781e+05 1.69996359e+05
 4.56599961e+04 2.79851594e+05 1.21835461e+05 1.30935086e+05
 9.25570469e+04 1.79856859e+05 1.07601175e+06 7.44757422e+04
 5.10217617e+04 1.20133379e+04 1.32409656e+05 5.81549250e+05
 2.59856289e+04 4.13513977e+02 2.85719875e+05 2.37674531e+05
 4.56591758e+04 2.45471016e+05 6.58217562e+05 3.04099941e+04
 7.26884438e+05 4.95193875e+05 4.83196719e+04 1.70513535e+04
 4.43117285e+03 2.15800281e+05 3.05139938e+05 3.26112598e+04
 1.18178994e+04 2.03235250e+05 1.68190188e+05 1.48678047e+04
 6.54372852e+04 3.27670906e+05 1.03836581e+06 1.08636353e+03
 1.84675984e+05 8.39882250e+05 1.23724062e+04 2.81946094e+04
 1.21677383e+05 3.24171152e+04 4.43564941e+03 2.36274359e+05
 1.40659828e+05 1.53122781e+05 6.73266688e+05 2.96407375e+05
 3.08174656e+05 4.91992852e+04 6.61197062e+05 3.78778320e+04
 3.20750969e+05 6.18949766e+04 4.01727062e+05 2.10194824e+04
 1.11644859e+05 5.37318438e+04 1.88793234e+05 8.17430375e+05
 3.76701750e+05 1.54881453e+05 6.44753086e+04 9.86273984e+04
 8.63343945e+03 2.33962734e+04 2.17177150e+06 5.41317500e+05
 2.38556469e+05 3.74467344e+04 1.02426194e+06 2.66838770e+04
 1.84735828e+05 3.24442781e+05 2.04306859e+05 1.13357862e+06
 1.69219047e+05 2.34959492e+04 5.83005125e+05 7.90472438e+05
 1.60990938e+05 2.37607234e+05 1.29381625e+05 6.33262744e+03
 2.20195156e+05 1.29604422e+05 6.23518164e+03 3.31855518e+03
 4.01846484e+03 2.81356438e+05 3.80726797e+04 2.98257650e+06
 3.80927070e+04 1.18223281e+05 1.56138662e+04 1.05364355e+04
 3.36506982e+03 8.40865000e+04 1.24590602e+05 1.61199984e+05
 8.50334062e+04 3.35424781e+05 5.47504625e+05 1.21561825e+06
 1.67901074e+04 2.42284425e+06 4.30081688e+05 5.81185820e+04
 7.60847375e+05 3.46967562e+05 9.39322250e+05 1.03847058e+03
 1.01010961e+05 7.46649609e+04 7.42195129e+01 1.76178253e+02
 7.35566062e+05 1.51777250e+05 2.38056688e+05 3.95553662e+03
 1.87443203e+05 1.94899824e+04 2.16456797e+05 6.20376289e+04
 3.77441055e+04 2.06051147e+02 8.60010469e+04 8.01155781e+04
 7.76704062e+04 3.91390000e+05 1.97917625e+05 5.63951797e+04
 1.55216200e+06 2.80044395e+04 2.48053125e+06 2.70186844e+05
 6.35547250e+06 3.09942676e+04 2.44043797e+05 1.54060062e+05
 7.78655000e+04 3.91095469e+04 2.97625586e+04 1.71271438e+05
 2.18382715e+04 3.76857305e+04 1.10606383e+05 4.63891211e+03
 9.90440562e+05 9.62320618e+02 2.51469707e+04 1.75450547e+05
 9.39193750e+03 2.26345879e+04 6.58115781e+04 9.45641000e+05
 1.54774043e+04 3.49256250e+05 1.43478719e+05 2.31994047e+05
 8.54979453e+04 1.16393711e+04 3.34156438e+05 1.67844281e+05
 6.51733398e+04 1.40726141e+05 8.39925547e+04 8.80443750e+03
 4.73820188e+05 2.65191211e+04 1.39864875e+05 6.95300000e+04
 1.81575059e+04 3.47870166e+03 2.17469668e+04 1.98323500e+06
 1.78474594e+05 6.12711094e+04 2.18090781e+05 7.23477891e+04
 3.46189258e+04 1.30713076e+04 6.94347250e+05 3.45445352e+04
 1.41637688e+05 1.92853359e+04 5.63197510e+03 6.12052578e+04
 1.49192109e+05 1.32121609e+05 1.08184211e+05 4.26394453e+04
 1.54414883e+04 9.57183594e+04 2.69278000e+05 8.13879375e+04
 7.69604297e+04 1.34582812e+05 6.30967000e+05 3.55336812e+05
 5.90087875e+05 1.79394469e+05 2.98655938e+04 4.64762950e+06
 1.11512930e+04 8.65030762e+03 1.05614738e+06 8.77796641e+04
 4.13768896e+03 4.46772656e+03 2.36271828e+05 1.63756438e+06
 9.58266312e+05 1.27462988e+04 1.43718359e+05 1.49082998e+04
 2.09527825e+06 9.28178750e+04 1.72710531e+05 6.49460586e+04
 3.01767441e+04 4.11742656e+04 1.31953609e+05 2.51277797e+05
 4.83460600e+06 2.65852753e+02 1.45871938e+05 1.56331799e+03
 1.83397938e+05 5.40168604e+03 8.75275547e+04 9.40578938e+05
 4.61377109e+04 4.27009750e+05 1.62533477e+04 2.14163656e+05
 4.45072219e+05 9.82273125e+04 2.46637250e+05 5.67211125e+05
 3.61332930e+04 1.70143297e+05 1.34364238e+06 5.25490000e+04
 1.84358535e+04 1.65051133e+04 9.41499023e+03 2.50401672e+05]
421113.47
29557064.0
