[8.96050078e+04 3.07487354e+03 9.62869034e+01 1.88991133e+04
 3.11471367e+04 2.83875031e+02 7.41990039e+03 5.64966016e+04
 8.95526797e+04 1.20467197e+04 4.72361023e+02 5.46658320e+04
 6.00753047e+04 4.98594580e+03 5.74381641e+03 8.39808398e+03
 6.15598438e+03 4.79279823e+01 5.49561602e+04 1.64241797e+05
 2.89264609e+04 7.84680078e+03 2.15359650e+06 2.24082402e+04
 9.17001831e+02 3.70036375e+05 4.71844656e+05 3.15750547e+04
 2.29733516e+04 4.41191943e+03 3.73735039e+04 1.26044922e+04
 3.03510117e+04 1.05210371e+04 7.48406000e+05 1.26065889e+04
 2.04218735e+02 1.03547165e+02 1.42344219e+04 3.38706079e+03
 2.13633031e+05 3.41466484e+04 4.07230508e+04 3.39603672e+04
 2.51622969e+04 1.30061318e+04 9.31264258e+03 4.52959595e+01
 1.95073145e+04 3.95475273e+04 5.41370557e+03 2.14967617e+04
 3.53027393e+03 2.77913844e+05 9.21140442e+01 1.17140088e+04
 1.26961377e+04 1.40188578e+05 2.59130312e+04 6.11325391e+03
 4.39695508e+04 2.44920859e+04 2.30816895e+03 3.35528125e+03
 8.95149231e+00 5.41834453e+04 7.80125537e+03 8.70253754e+01
 1.06572803e+04 1.49626672e+05 2.11019824e+03 1.48552080e+04
 1.71786344e+00 1.67305879e+04 2.10502617e+04 3.69068906e+04
 8.57486621e+03 3.58106219e+05 2.82995262e+01 2.63037188e+05
 9.81532288e+02 1.77000352e+04 8.32965374e+00 1.45539566e+02
 2.21950195e+04 1.34659473e+03 8.85703125e+03 5.23200488e+03
 1.80377598e+04 3.80770273e+04 1.18018193e+04 1.15158212e+06
 3.37928810e+01 1.48424814e+04 5.36805688e+05 2.35829077e+03
 1.49285844e+05 3.50142383e+04 1.98115125e+05 3.87827173e+03
 2.55343047e+04 1.96418223e+04 5.20842627e+03 7.23633984e+03
 1.58358320e+04 5.74937859e+01 4.47604395e+03 1.26435459e+04
 1.47049414e+04 8.24745703e+03 8.54760254e+03 9.33371460e+02
 5.14371582e+03 7.65695605e+03 3.67913647e+03 6.67168427e+01
 3.02975928e+03 4.13112148e+04 2.19437148e+04 6.07512744e+03
 2.85222531e+05 2.16155977e+04 1.10400141e+05 1.34537912e+06
 4.61345039e+04 7.83724170e+03 4.83100977e+03 1.34065684e+04
 1.00981628e+02 1.91383711e+04 7.48827133e+01 1.40059851e+03
 7.50948633e+03 2.42259692e+03 8.74573633e+03 7.00090137e+03
 3.94284607e+02 4.53270117e+03 1.01617910e+04 1.78941523e+04
 1.63265146e+04 2.76708965e+04 1.84599980e+04 3.11654844e+04
 2.13044062e+04 3.71590942e+03 2.38611499e+03 4.91050508e+04
 4.92326016e+04 5.39352578e+04 1.48883543e+01 2.15011562e+04
 6.55169971e+03 8.89392624e+01 3.08859682e+00 2.72606406e+04
 5.19645410e+03 2.45216812e+05 1.15789404e+04 1.90362547e+05
 4.25259805e+04 5.78383484e+01 1.12877293e+01 3.72908264e+02
 2.05502480e+04 2.15788013e+03 1.03731583e+02 8.01522217e+03
 2.10589874e+02 2.80734961e+04 3.80193506e+03 2.12217441e+04
 1.42112012e+04 2.94814512e+04 1.31954208e+02 4.61888161e+01
 1.89634141e+04 9.82854980e+03 3.46798968e+00 1.02322188e+05
 5.15443086e+04 1.45272293e+01 5.70626250e+05 2.97217715e+04
 1.37393164e+04 5.37742676e+03 4.44291000e+01 8.62388086e+03
 6.04270744e+00 2.05430481e+02 3.91566528e+02 2.36069202e+00
 8.98853149e+02 1.04021680e+04 1.05896812e+06 4.24845703e+03
 5.53507031e+04 5.50709076e+01 8.59405273e+03 2.54710812e+05
 1.97466328e+04 2.91936934e+04 3.70580352e+04 4.70301953e+03
 3.38891064e+03 1.43824312e+05 1.23140234e+04 1.23247949e+04
 9.65301437e+01 1.28935400e+04 1.74931137e+02 9.48455859e+03
 5.26919287e+03 2.55224915e+01 3.07961844e+05 2.52797803e+03
 1.01359873e+01 7.92111158e+00 4.28723047e+04 3.71213037e+03
 6.94609756e+01 7.09573291e+03 1.02965683e+02 8.72108281e+04
 6.43592188e+03 1.14159238e+04 4.19848389e+03 2.10329666e+01
 1.05396133e+04 9.43707031e+02 1.92239531e+04 6.09080518e+03
 6.06074219e+02 1.31437734e+04 1.23762695e+04 4.10806641e+04
 1.34114844e+04 8.43669006e+02 8.53851547e+01 3.75653229e+01
 4.67945391e+04 7.45893764e+00 1.18064883e+05 2.87767754e+04
 7.50897900e+03 1.45901203e+05 1.43934418e+02 1.89599863e+04
 2.12590625e+04 2.11962094e+05 2.23736024e+00 3.48739141e+04
 6.31488281e+03 2.81553841e+01 5.74933740e+03 2.14510391e+04
 2.34243848e+04 4.27705859e+03 1.68056381e+02 9.59440796e+02
 3.82923594e+05 4.13331211e+04 1.31710781e+05 6.90966162e+03
 1.85978947e+01 5.12154346e+03 1.11838154e+04 1.23109547e+05
 8.07069141e+03 8.01454053e+03 9.52074023e+03 5.26296914e+04
 4.16555762e+03 5.31545166e+03 4.34591797e+04 9.46551367e+03
 1.42753594e+05 6.12840586e+04 8.47845459e+02 2.81435656e+05
 2.28867520e+04 7.47126797e+04 7.82533569e+01 2.02358139e+02
 1.61601343e+03 1.69280352e+04 1.88096387e+04 1.48492119e+04
 8.18643994e+03 3.56342305e+04 1.06042500e+06 1.97165564e+03
 2.13300059e+04 7.07094729e-01 1.34933496e+00 1.08648232e+02
 7.00563037e+03 2.78072363e+04 6.73973755e+02 3.75560516e+02
 1.76144730e+02 1.94799004e+01 3.82617891e+04 9.93778438e+05
 6.65950928e+02 5.33472188e+05 6.31954498e+01 6.80664062e+04
 1.10021439e+02 5.70441846e+03 2.39396924e+03 1.38437516e+05
 6.18447500e+04 1.12606025e+04 5.93599951e+03 1.05593848e+03
 1.32536102e+02 1.03546227e+05 2.59869629e+02 5.25185625e+04
 1.69182037e+02 4.51776797e+04 1.62273224e+02 2.41701699e+04
 5.99060375e+05 5.72592651e+02 2.86416350e+06 7.62645312e+03
 1.30824707e+02 4.74362148e+04 7.29893945e+03 1.67761593e+01
 1.55946741e+01 1.40961533e+02 9.43567188e+03 4.60356680e+04
 8.14197998e+03 5.51534042e+01 3.37545812e+05 5.80881738e+03
 5.20541992e+03 2.88165605e+04 1.08295674e+04 3.97541875e+04
 8.66648633e+03 1.05922327e+03 3.05827563e+03 4.33613359e+04
 5.63051914e+04 3.35381813e+01 3.66870586e+04 2.49302859e+05
 7.83314667e+01 2.47160527e+04 8.84277246e+03 3.30408945e+04
 2.80550723e+04 2.37671738e+02 9.70652832e+03 2.48423105e+04
 6.20888733e+02 7.84878174e+03 6.06668125e+04 6.50529297e+03
 7.08366719e+04 7.40565562e+05 1.12175469e+04 7.58283301e+03
 1.61791578e+05 3.53678491e+03 7.52678125e+04 7.68662109e+02
 3.70841375e+05 1.47663125e+04 1.80686094e+04 6.04315000e+04
 1.37796078e+05 2.29391647e+02 1.12641617e+02 8.10907822e+01
 4.46869219e+04 3.72631523e+04 4.56234000e+05 1.41222588e+04
 1.09308496e+04 2.75866758e+04 5.98231583e+01 3.03274238e+04
 2.47597793e+04 1.60022891e+04 1.32640031e+05 2.30469437e+01
 5.15133820e+01 1.81894974e+02 1.45744839e+01 8.24459297e+04
 1.88250351e+02 7.87950688e+05 2.69237061e+02 4.89873125e+05
 6.40480661e+00 1.47100918e+04 1.19194221e+00 7.62383887e+03
 1.98069668e+04 5.56899766e+04 1.25302727e+02 2.58295483e+03
 1.59596712e+06 8.66855566e+03 1.10679871e+02 4.30889258e+04
 1.01628859e+05 1.33784600e+04 8.93536094e+04 1.81094609e+04
 4.12365088e+03 1.85473984e+02 1.34120693e+04 1.20445869e+04
 1.24623574e+04 1.89582077e+02 7.60960999e+01 2.52617051e+04
 3.07873389e+03 1.23401868e+03 1.35695547e+04 5.08654785e+03
 6.14135000e+05 3.90565857e+02 2.38892065e+03 2.85173156e+05
 9.31902051e+03 1.77310438e+05 2.81430855e+01 1.15481299e+04
 7.13442307e+01 7.25806046e+01 8.26645737e+01 2.79936714e+01
 6.43093701e+03 2.20256152e+03 2.28986367e+04 7.12512969e+04
 3.60502930e+03 1.78478735e+03 5.36015869e+03 4.93605898e+04
 5.76120996e+03 7.16593750e+04 8.68598242e+03 1.08132912e+06
 5.08245230e+00 3.78405273e+04 2.60292015e+01 8.75375586e+03
 3.34501855e+03 7.40602344e+03 4.44728281e+04 1.09564180e+04
 7.02738477e+03 3.58161182e+03 9.25390918e+03 3.31148389e+03
 3.37228828e+04 3.87119865e+01 1.89325566e+04 5.76224470e+00
 4.24022408e+01 1.51160262e+06 1.52776719e+04 2.97914102e+04
 1.30994659e+02 1.73103457e+04 2.46765625e+03 9.24231094e+04
 2.44502295e+03 7.21684473e+03 3.38161816e+03 9.48429413e+01
 9.63169824e+03 2.88148398e+04 1.73301147e+02 6.61761865e+03
 1.20339922e+04 1.45835236e+02 5.20090820e+03 4.77414375e+04
 7.48498688e+01 7.01250687e+01 1.35631709e+04 1.54736145e+02
 5.46566309e+03 7.64412793e+03 1.08973596e+03 6.16798682e+03
 1.68647051e+04 3.43093281e+05 7.84459521e+03 2.21249680e+02
 4.83662891e+03 3.96360321e+02 3.72822070e+04 3.63401961e+00
 2.89399757e+01 2.47359924e+02 3.24803223e+03 5.08833477e+04
 5.41645703e+03 6.87876855e+03 2.10661646e+03 1.54216992e+04
 9.10865039e+03 5.95959131e+03 1.24300557e+04 1.09809711e+05
 1.17974768e+03 8.40039746e+03 2.50387266e+04 1.82515228e+02
 1.11296532e+02 2.17922062e+05 9.96584320e+01 2.18881367e+04
 3.00727207e+04 2.00454330e+01 9.65531693e+01 3.81063906e+04
 7.00688934e+01 1.42542363e+04 9.35040092e+00 6.88920776e+02
 1.15649863e+04 2.29526520e+02 7.97310495e+00 6.34923553e+01
 4.58189961e+04 2.28736074e+04 1.27011345e+02 8.74968555e+03
 1.62997568e+04 1.17914488e+06 2.90011279e+03 9.37043359e+03
 2.11336719e+03 8.59387012e+03 4.76239023e+04 2.01380177e+01
 1.20352891e+05 6.65034033e+03 4.88964375e+04 4.40112335e+02
 6.51683331e+00 1.55838516e+05 2.96811752e+01 6.18238708e+02
 1.54628477e+04 3.01452612e+03 9.01153992e+02 1.86885910e+02
 3.52326562e+04 1.00521133e+04 6.09331322e+01 2.61513275e+02
 2.01319847e+01 1.09023178e+02 4.11982764e+03 6.79999531e+04
 2.12805781e+04 1.36868909e+03 6.01377979e+03 1.14843438e+04
 1.90676969e+05 3.24348613e+04 2.23659336e+04 2.58581074e+04
 7.44933496e+03 4.95325488e+03 1.20060461e+05 9.54865932e+00
 1.27705164e+05 1.24624474e+02 6.86990938e+04 3.16362207e+04
 4.49539734e+02 1.24572586e+05 2.40827759e+03 7.82100635e+03
 6.23241064e+03 1.65863027e+04 6.31547891e+04 7.00135010e+03
 1.80809688e+04 1.56671555e+02 6.13389893e+03 4.00761719e+04
 1.31650769e+03 8.77795410e+03 2.75388398e+04 5.69947412e+03
 2.42138391e+05 2.29095020e+04 4.10982422e+03 5.86562988e+03
 9.45016846e+02 5.53035156e+03 8.68223926e+03 1.43613159e+02
 2.58809479e+02 3.26533457e+04 7.77999756e+03 2.34255322e+03
 1.28829512e+04 8.43435391e+04 9.94172754e+03 1.39229473e+04
 1.05700633e+05 7.86624121e+03 7.49945781e+04 6.96602783e+02
 5.98099658e+03 1.75394824e+04 9.42554199e+03 9.40157812e+03
 1.50532806e+02 4.75507578e+04 2.59555938e+05 1.21957960e+01
 2.61114746e+03 2.61694355e+04 1.66078457e+04 3.84080518e+03
 1.15284781e+05 1.65926437e+02 5.48676318e+03 7.03545850e+03
 1.97651459e+02 5.72379395e+03 1.79425820e+04 5.26369922e+04
 2.63577173e+03 3.03625092e+02 1.43523651e+02 6.74213037e+03
 8.39246312e+05 2.58890356e+03 3.64734155e+03 2.71877949e+04
 6.74926318e+03 3.93486099e+01 4.69020996e+03 6.22153125e+03
 2.19505981e+02 1.10172549e+04 1.86976758e+04 1.79398730e+04
 5.06281396e+03 7.29272422e+04 1.02548027e+04 4.98001660e+03
 5.29726562e+03 9.75976641e+04 3.58665547e+04 7.15741602e+03
 7.29866943e+03 1.45292588e+04 6.68529980e+03 3.14104907e+03
 1.12940208e+02 6.70953047e+04 1.93145312e+05 6.30309668e+03
 1.69596814e+03 2.66522324e+04 3.23209238e+04 5.61135000e+04
 1.03040390e+02 6.55993576e+01 2.51162266e+04 4.80234961e+04
 8.69294861e+02 5.97170830e+00 2.38497284e+02 1.78788037e+03
 3.86949531e+04 6.38896179e+02 5.27333838e+03 9.90667969e+04
 8.85038184e+03 4.04267017e+03 1.98881973e+02 2.95981602e+04
 1.65505707e+02 1.66690469e+04 1.99460716e+01 1.39437900e+04
 1.10752914e+05 1.32396836e+04 1.02314404e+04 9.64276758e+03
 4.35422754e+03 1.16875183e+02 5.71589844e+03 2.80426407e+01
 5.96244888e+01 1.50125094e+05 3.27850418e+01 1.06688887e+04
 1.19995820e+04 4.79034766e+03 2.30901992e+04 2.53746387e+03
 4.17093398e+04 3.53214922e+04 1.68739624e+02 8.04381875e+04
 3.76147266e+04 1.90550480e+01 4.82530029e+03 1.62832520e+04
 4.17479218e+02 6.92170486e+01 4.64272690e+00 9.76089922e+04
 1.88384876e+01 5.60754051e+01 2.27439404e+03 4.07806156e+05
 6.94472109e+04 2.75816333e+03 6.06438633e+04 7.97286768e+03
 3.20741816e+04 8.54035938e+05 4.50993516e+04 9.16479590e+03
 6.58295166e+03 1.38434485e+03 2.69913828e+04 4.50209562e+05
 9.47827812e+04 3.63152246e+03 1.87040762e+04 3.40908154e+03
 1.33358057e+04 2.40113457e+04 4.05331969e+05 4.37777461e+04
 2.92297778e+03 5.39052124e+01 5.83603281e+04 4.70284326e+03
 7.22091492e+02 1.14678730e+04 4.84648242e+03 7.09062305e+03
 3.56641960e+00 1.00672305e+04 7.69854492e+02 1.88221130e+01
 3.87728125e+04 1.86716568e+02 6.64516260e+03 3.28118203e+04
 2.17616081e+00 5.79737793e+02 1.73989463e+00 3.71964813e+02
 1.90059357e+02 2.19921816e+04 6.45416875e+04 3.15370645e+04
 1.22104844e+05 1.93780861e+01 2.56415112e+03 6.86436426e+03
 3.85364795e+03 9.58106934e+03 2.83204321e+03 9.02325058e+01
 1.11319473e+04 1.79102832e+04 4.36960195e+04 5.63229102e+03
 1.65459859e+00 5.13089531e+04 7.28403500e+05 1.91445422e+03
 1.10842988e+04 1.56470828e+05 7.07331689e+03 1.59808438e+05
 2.86965308e+03 2.77196582e+04 2.78136188e+05 8.99094162e+01
 2.31037622e+03 8.91054230e+01 2.49781152e+04 8.72729453e+04
 3.85847422e+04 6.54256934e+03 3.37499844e+05 1.13029680e+05
 6.75083301e+03 7.85070557e+03 2.60835879e+04 4.83534431e+00
 6.63988379e+03 2.93595898e+04 2.30178174e+03 1.42834344e+05
 6.25500625e+04 1.15648857e+04 2.91936309e+04 2.94040088e+03
 7.48902734e+03 4.78362695e+03 1.50012875e+05 1.33738188e+05
 2.67778965e+04 7.83769043e+03 6.27517383e+04 9.00953320e+03
 8.05981484e+04 1.74836270e+04 5.54559570e+03 4.79559906e+05
 1.17504768e+02 6.51634619e+03 1.08687773e+04 4.79029932e+03
 2.32261523e+04 1.68847598e+04 2.86628199e+00 3.61606958e+03
 3.24571426e+04 2.38216699e+03 2.09025273e+04 3.49573828e+03
 9.85585156e+03 2.37548809e+04 4.65102832e+03 1.21061273e+05
 4.68650818e+01 1.17156025e+04 6.53726123e+03 3.52329865e+01
 6.22363330e+03 4.28372363e+03 4.12214883e+04 2.00907056e+03
 2.78566484e+04 1.14163535e+04 5.53449180e+04 2.74135969e+05
 6.65490417e+02 9.71774375e+04 4.02710052e+02 5.91789990e+03
 1.83126812e+05 2.56114141e+04 2.24551328e+05 3.16193469e+05
 9.11496289e+03 9.13762793e+03 5.88790771e+02 4.34771652e+01
 2.13368730e+04 7.23072217e+03 4.74387422e+04 2.17657909e+01
 1.89553562e+05 6.91330490e+01 4.84911182e+03 2.29703278e+02
 1.59704010e+02 4.99333239e+00 8.57241344e+00 1.28248311e+04
 7.35232910e+02 1.29914841e+02 1.47722769e+00 1.22208633e+04
 1.35282859e+05 4.38401562e+03 2.15149594e+05 1.55246781e+05
 2.68590812e+05 1.34335752e+04 9.74188574e+03 4.58257764e+03
 2.01003438e+04 1.76688027e+04 7.75001807e+03 1.06062803e+04
 1.51238527e+01 4.82405138e+00 2.92233156e+05 8.41838867e+02
 3.47303812e+05 2.75378735e+03 9.60963745e+01 1.50699561e+04
 1.81744202e+03 9.51541699e+03 1.77584000e+02 5.09531680e+04
 1.80993506e+03 5.27294453e+04 7.52706299e+03 1.88567617e+04
 1.37746260e+04 5.98713623e+03 2.03554180e+04 1.44351892e+01
 2.16317627e+02 4.39856494e+03 7.39482471e+03 1.01523142e+01
 4.44573594e+04 6.63287048e+01 2.25739980e+04 5.36351270e+03
 5.48179688e+03 2.67662227e+04 5.63612646e+03 5.20258562e+05
 2.67678604e+01 6.55656204e+01 1.12081221e+04 7.43049414e+03
 1.34866150e+02 9.67903748e+02 2.13946836e+04 1.26795928e+04
 4.75212936e+01 9.68709473e+03 4.38645477e+01 8.58886621e+03
 1.63434854e+04 1.12416931e+02 2.73856220e+01 7.26558105e+03
 1.53457245e+02 2.54778535e+04 5.95243555e+04 2.19931602e+04
 1.49840027e+03 4.18702930e+03 1.76696309e+04 5.80502000e+06
 1.39517217e+04 1.52690536e+02 4.40431934e+03 2.54952641e+05
 1.03479932e+03 1.37750625e+04 6.07269219e+04 4.78112109e+03
 5.43510596e+03 7.56580908e+03 1.46171260e+04 1.51136703e+05
 5.47402422e+04 6.72111511e+02 3.09597607e+01 1.00983704e+02
 1.71703469e+05 2.91298657e+03 2.03182617e+03 3.06077563e+03
 4.52110059e+03 3.14110596e+03 7.59919775e+03 9.24691620e+01
 4.01965200e+06 1.43957832e+04 1.97434551e+04 5.60207471e+03
 9.10525293e+03 7.41252136e+02 1.12001992e+04 7.51470200e+06
 2.08727493e+02 2.61057125e+05 1.87306404e+01 2.52250397e+02
 5.47435469e+04 3.46716992e+04 2.17607758e+02 6.41058125e+04
 5.24252100e+03 3.73232412e+00 5.55343359e+04 6.97101250e+04
 5.99544668e+00 5.93868652e+03 1.29708805e+01 1.65072363e+04]
72688.22
7514702.0
