[9.97716797e+02 9.41477585e+01 2.57136963e+03 5.57322461e+03
 8.30648071e+02 3.52137402e+03 8.39137039e+01 8.79608789e+03
 1.53703574e+04 1.77337317e+03 1.99879443e+03 1.61180029e+03
 1.70129517e+03 1.74353065e+01 7.15016113e+02 9.25494507e+02
 5.97192200e+02 3.78428284e+02 5.05234558e+02 1.24355762e+04
 2.01907764e+03 1.88191699e+03 1.50842391e+05 4.12276154e+02
 4.33374100e+01 2.70227856e+03 1.40267906e+05 3.89478180e+02
 1.85869690e+03 5.67422546e+02 1.08898467e+04 5.85580444e+00
 8.16251343e+02 2.85064941e+02 3.71096191e+02 2.48935440e+02
 3.12734718e+01 9.04627380e+01 3.07877271e+03 3.73866806e+01
 2.09206406e+04 3.20890594e+02 1.96586647e+01 5.03520166e+03
 2.13209442e+02 1.17460693e+02 1.53132126e+02 8.02106857e+01
 2.04703735e+02 1.87165469e+04 9.92028885e+01 2.96570950e+01
 1.60556625e+02 4.55035522e+02 7.20722473e+02 1.62196912e+03
 2.75335144e+02 4.53792822e+03 6.56078564e+03 1.87049402e+03
 1.34420234e+04 1.65002466e+03 3.10453125e+02 3.00908387e-01
 8.08790955e+02 1.16723511e+03 3.13495846e+01 1.34809204e+02
 1.98263596e+02 6.83230029e+03 1.23663284e+02 3.49118576e+01
 1.56181107e+02 2.29733566e+02 3.46466284e+03 3.99396637e+02
 3.70089905e+02 6.70248828e+03 3.18442780e+02 9.58998730e+03
 1.50962390e+03 5.43078564e+03 2.83879669e+02 6.68596268e+01
 3.36042419e+02 7.83727600e+02 4.52789093e+02 1.98678665e+02
 4.90021826e+03 3.49634125e+02 6.58531885e+03 1.02020514e+03
 1.17677040e+02 1.72065015e+03 1.17210914e+05 1.05489673e+03
 3.47674042e+02 6.76364502e+03 7.35666809e+01 1.51761932e+02
 4.96313232e+02 3.98279510e+02 1.09863892e+03 1.45819385e+03
 3.26623364e+03 9.23994263e+02 4.47112457e+02 3.31376343e+02
 7.55561142e+01 1.08607874e+03 9.83161072e+02 2.04637266e+04
 1.58928070e+02 2.52855713e+03 7.18250488e+03 2.30336105e+02
 1.69887985e+02 3.34923364e+03 4.72321289e+03 4.93848083e+02
 1.33990430e+03 1.35924915e+03 2.51604752e+02 3.68071625e+02
 1.40073560e+03 1.29703094e+02 1.56549316e+02 2.82845612e+02
 2.05348022e+02 6.63921875e+02 4.83017792e+02 6.53799438e+01
 7.25900391e+02 1.20516899e+02 7.18514587e+02 1.18831886e+02
 2.58979028e+03 2.19941193e+02 2.84695703e+03 2.49209619e+03
 3.71300385e+02 1.51130432e+02 6.11610547e+03 6.83025488e+03
 1.09280283e+04 1.04484352e+02 6.74370956e+01 1.18316089e+03
 1.52379990e+02 6.60225098e+02 9.52279816e+01 7.91391449e+01
 1.84532776e+03 3.00140038e+01 7.17215759e+02 1.26904549e+02
 2.39469409e+03 8.36101465e+03 1.27769623e+02 1.49311047e+03
 1.58196362e+03 3.42597382e+02 1.49660522e+02 8.85989990e+01
 5.13879547e+01 1.44373993e+02 2.35719275e+00 1.38160889e+03
 1.55194031e+03 2.41396777e+03 3.44882812e+02 1.05514917e+03
 3.41789207e+01 1.42538684e+03 2.53229263e+02 8.98763885e+01
 1.80705640e+03 1.07434799e+02 2.53880957e+03 7.10965156e+04
 2.23814966e+03 7.57626770e+02 5.99964258e+03 3.58283643e+03
 1.59200220e+03 3.78532684e+02 1.07933215e+03 4.93099213e+01
 2.09960278e+03 7.31507568e+03 1.60501266e+02 6.99626953e+02
 1.80707153e+03 8.05941895e+02 4.79275820e+04 1.41151123e+02
 3.37503510e+02 2.51924992e+01 3.95030792e+02 4.80097559e+03
 3.95120361e+02 1.00279004e+04 5.32585303e+03 1.66985855e+02
 8.55694922e+04 6.40443457e+03 2.02784653e+02 9.59437500e+02
 1.03875488e+02 1.44598511e+02 4.25732040e+01 7.14950943e+01
 4.02357349e+03 4.42737793e+03 3.98212402e+03 3.95013062e+02
 1.87190356e+03 4.42746613e+02 2.03784961e+03 6.90285522e+02
 1.09723389e+03 2.02368787e+03 1.99966782e+02 7.94452490e+03
 1.25920422e+03 2.41030225e+03 3.96525830e+03 3.29949463e+02
 2.68716260e+03 2.66809492e+04 1.49805771e+02 1.44230054e+03
 2.67584399e+03 4.62615234e+02 6.86897034e+02 1.65949102e+04
 1.21251671e+02 3.20758667e+02 8.90942749e+02 1.58784653e+02
 8.00089905e+02 3.81567932e+02 1.02511133e+03 3.39209814e+03
 1.65143250e+03 5.22589746e+03 2.04427124e+02 1.09886328e+03
 1.36738312e+02 2.46552832e+04 2.87091736e+02 6.81405469e+03
 1.14339630e+02 2.40179581e+02 8.18292480e+02 4.46745682e+00
 2.72756226e+02 1.69606415e+02 2.81592693e+01 1.12062463e+03
 1.03789287e+04 9.91921631e+02 2.88103086e+04 4.36734406e+02
 6.81887329e+02 1.97482834e+02 2.48851123e+03 5.12730371e+03
 4.04019116e+03 4.22515771e+03 1.78526099e+03 5.39380798e+02
 4.62074493e+02 4.93162720e+02 2.04783848e+04 1.04635547e+03
 4.04013711e+04 1.20806934e+04 2.50513840e+02 1.54147839e+03
 1.65090271e+03 5.80804883e+03 2.06748566e+02 3.80573639e+02
 7.84961426e+02 2.41086914e+03 1.91698352e+03 3.64946411e+03
 4.59468353e+02 3.40240942e+03 3.09596543e+04 9.29516174e+02
 9.95178040e+02 6.37797127e+01 7.26129684e+01 1.61267126e+03
 2.88730371e+03 1.07964863e+04 2.21830151e+03 1.42874664e+02
 1.24368127e+03 1.09672363e+02 1.83265274e+02 2.78997231e+01
 2.32535919e+02 6.10440039e+03 7.77998840e+02 3.11880234e+04
 1.44614761e+02 4.08698311e+01 2.80771103e+01 5.72859116e+01
 1.78678320e+04 5.95501442e+01 2.13797363e+02 2.86441333e+03
 2.57686499e+03 1.79370957e+04 1.88713745e+02 1.29586426e+04
 2.03170117e+03 1.33672836e+02 3.59223053e+02 1.45842847e+03
 3.75098633e+02 4.71637787e+02 1.11693799e+04 1.83777893e+02
 3.84633636e+02 2.64558643e+03 1.70892776e+02 1.45796463e+02
 6.66325073e+02 1.60665332e+03 9.48624390e+02 4.51568024e+02
 3.88034485e+02 1.38167102e+03 2.82885781e+04 2.38767041e+03
 6.18690308e+02 2.01927319e+03 2.25326557e+01 8.29263867e+03
 1.20381355e+02 7.26976471e+01 1.65784256e+02 1.27380066e+03
 2.76356250e+04 6.64868347e+02 2.35725342e+03 2.92600757e+03
 6.98876266e+01 5.52771729e+03 4.81982227e+03 3.34148071e+02
 8.47857605e+02 1.21256676e+02 4.64159546e+02 5.82356250e+03
 6.37772278e+02 4.44203955e+03 8.49859277e+03 2.15295700e+02
 1.94750309e+01 1.40266807e+04 1.56658203e+02 2.32231128e+03
 1.56375453e+05 2.06599268e+03 6.05476379e+02 2.14606714e+03
 2.02125000e+05 3.23590552e+03 1.97156812e+03 3.69591797e+02
 2.63384692e+03 4.50827759e+02 6.51014786e+01 1.40322723e+02
 9.09060352e+03 1.01188525e+03 2.59096729e+03 1.43193405e+02
 1.40502185e+03 6.88478394e+02 4.51977348e+01 3.73979370e+03
 1.53901526e+03 5.53934212e+01 6.47464609e+04 1.47982101e+02
 1.26108046e+01 3.66101624e+02 3.15493469e+02 1.26729609e+04
 6.00391197e+01 4.33614380e+02 3.38632660e+02 1.22533057e+04
 4.54881592e+02 2.07398682e+03 7.73506012e+01 1.41693451e+02
 1.44139633e+01 8.24919739e+02 7.83958435e+01 3.69155371e+03
 7.17487875e+05 2.46249985e+02 3.82761444e+02 1.78451660e+02
 1.06710281e+02 1.44274048e+03 8.76622949e+03 7.51176575e+02
 1.73352642e+01 1.41933096e+04 7.96152051e+03 7.48061523e+03
 1.18390596e+04 2.57455859e+03 3.83665344e+02 1.86563220e+03
 1.20571556e+01 2.96160553e+02 1.37886648e+01 2.19616852e+02
 4.74384094e+02 8.25078186e+02 1.61919165e+03 2.27388135e+03
 4.20230896e+02 1.23935193e+03 3.15982275e+03 9.43131714e+02
 3.83065137e+03 9.52770264e+02 1.74785995e+02 3.30573395e+02
 3.21698584e+03 1.17429939e+02 2.69730103e+03 7.17330615e+03
 4.44303772e+02 4.49355087e+01 1.77999927e+03 5.78718213e+03
 4.11985938e+03 3.95380322e+03 2.41167113e-01 1.76546594e+05
 1.77225159e+02 7.49859375e+03 1.32155654e+04 4.98316116e+01
 9.97033463e+01 4.63814453e+03 1.08840264e+04 4.59363365e+01
 6.04010803e+02 1.74835327e+02 1.39714722e+02 1.81135483e+02
 6.87489197e+02 5.91612740e+01 3.85227600e+02 1.45150391e+03
 5.82966492e+02 3.39811743e+03 4.21082977e+02 1.23956006e+03
 2.52168188e+03 6.68626526e+02 2.53205963e+02 7.33133740e+03
 1.50191147e+02 6.00868378e+01 2.02953809e+03 8.56204300e+01
 2.79999481e+02 7.36128613e+03 8.34154724e+02 9.90860107e+02
 1.38802505e+02 2.85156769e+02 5.32322205e+02 2.65118872e+03
 3.34901703e+02 7.96672668e+02 6.01794250e+02 2.22638016e+02
 6.01473450e+02 3.34982349e+03 3.66567413e+02 4.12647156e+02
 6.74681946e+02 1.42848965e+04 1.07052319e+03 1.52813721e+02
 8.20052124e+02 2.07306442e+02 9.34887598e+03 7.24586304e+02
 2.78247894e+02 1.59964539e+03 1.51958081e+03 2.95754395e+03
 5.04532745e+02 1.68205920e+03 1.38812659e+03 2.86870605e+02
 4.47381317e+02 6.07310791e+02 5.49032910e+03 6.35178125e+03
 4.79132385e+01 9.99035339e+01 1.11327529e+04 7.80050325e+00
 5.17599548e+02 4.37582109e+04 1.38314819e+02 1.87814758e+02
 6.59549316e+02 1.45061996e+02 1.25829639e+03 8.23930566e+03
 6.89042053e+02 3.10532715e+02 1.35829517e+03 1.59355499e+02
 2.14967499e+02 1.67216492e+03 2.31063786e+01 6.32238340e+00
 2.47015793e+02 3.97932935e+03 7.38052124e+02 4.71133984e+03
 9.16293823e+02 5.34644688e+04 8.99913025e+01 1.36575577e+02
 1.51721970e+02 1.46901215e+02 1.23600156e+04 5.39719658e+01
 2.71761414e+02 1.07552315e+02 1.21798633e+03 4.06676208e+02
 2.02537506e+02 1.74941836e+04 9.96290054e+01 1.63596667e+03
 5.57678467e+03 8.47133057e+02 6.05843067e+00 9.32632080e+02
 7.34163428e+03 2.74143481e+03 1.30596545e+03 1.97311084e+03
 1.57493179e+02 3.72653107e+02 1.26561743e+03 3.72504858e+03
 3.11996851e+03 1.24896072e+02 1.77275681e+02 6.49884644e+02
 3.31160859e+04 5.14559021e+02 1.03618088e+01 1.66272781e+02
 3.80985222e+01 1.25356216e+02 1.60108313e+03 8.79461670e+01
 8.53574219e+03 1.16697075e+02 1.01327969e+04 6.93798645e+02
 7.27253027e+03 9.65998438e+03 3.23807556e+02 2.77584808e+02
 5.43921753e+02 1.10230969e+03 1.93073633e+03 1.80229736e+03
 5.66872253e+02 3.72858772e+01 3.88913135e+03 2.93028107e+02
 6.58644714e+01 2.65518604e+03 2.08545190e+03 1.11712837e+02
 2.08854805e+04 3.36897241e+03 2.19358398e+02 1.52590805e+02
 1.38513748e+02 6.76180115e+02 1.23343132e+02 6.62714539e+01
 6.66879517e+02 2.75081958e+03 2.04445435e+02 2.52343185e+02
 5.12053516e+03 1.22481726e+03 6.53766602e+03 7.09981766e+01
 1.88857598e+04 5.11868555e+03 1.10206250e+04 7.14483838e+03
 3.62810547e+02 8.94234848e+01 8.34500504e+00 6.20620728e+01
 6.58767212e+02 7.55952515e+02 6.31866113e+03 7.41537476e+01
 3.32989990e+03 2.14441846e+03 1.08150713e+04 2.55782761e+02
 1.20465601e+03 5.10474512e+03 1.23981415e+02 1.06334061e+02
 1.70091599e+02 1.47278614e+01 1.03741809e+03 1.29241592e+04
 4.12120898e+03 7.31516064e+03 3.34683197e+02 5.40187340e+01
 9.35718203e+04 1.29022766e+03 2.71482910e+03 3.44786055e+04
 1.02897621e+02 2.68172913e+02 9.03506699e+01 1.60389246e+03
 1.14107727e+02 1.03425636e+02 1.04015588e+03 1.08002283e+03
 2.46269836e+02 8.78760620e+02 3.87066895e+03 1.54437585e+03
 6.98818237e+02 1.42812090e+04 1.32819678e+04 1.89795853e+02
 2.27797333e+02 1.47541428e+02 1.40893433e+02 8.07767029e+02
 1.80276184e+02 2.55905742e+04 2.11509941e+04 2.97958838e+03
 7.87952637e+02 1.72302209e+03 2.93187036e+03 4.68858691e+03
 2.19629492e+03 1.07345863e+02 3.39428558e+02 2.22129565e+03
 5.73424301e+01 1.78957596e+02 2.65751404e+02 2.24697388e+03
 9.40861035e+03 3.81698822e+02 1.38509827e+01 1.39298926e+03
 1.71092786e+03 1.04497205e+03 1.12476782e+03 4.08322363e+03
 2.57730621e+02 1.74585220e+02 1.60996460e+02 1.91582825e+03
 4.76328271e+03 1.77320972e+03 5.36664246e+02 1.50719470e+03
 1.17709521e+03 1.21647559e+03 3.46175156e+01 2.76479321e+01
 1.10995323e+02 1.77761169e+03 5.87268982e+02 1.41852509e+02
 3.27912769e+03 2.34958032e+03 1.97155627e+03 5.46587891e+02
 1.18211403e+01 4.59171600e+02 5.79249268e+03 2.47939453e+04
 2.47640552e+03 5.12142410e+01 1.95229919e+02 1.38977039e+03
 2.09999008e+02 5.06320557e+02 2.52073181e+02 1.12419277e+04
 1.84523118e+00 2.30278003e+03 3.38821313e+03 2.37893530e+03
 3.37339905e+02 2.80064185e+03 2.87341113e+03 1.59598953e+02
 3.18622021e+03 1.04704482e+04 3.50240143e+02 2.04140308e+03
 1.36750748e+02 1.01249641e+02 7.24380859e+03 5.07297559e+03
 1.10250273e+04 4.66144806e+02 3.66033789e+03 4.15920264e+03
 1.59525543e+02 9.68914062e+02 5.76861914e+04 2.81161450e+03
 1.25194992e+02 5.57018318e+01 3.28001343e+02 1.48970520e+02
 1.51950940e+03 1.00571973e+03 6.66576904e+02 4.23910484e+01
 1.88058197e+02 1.04441467e+02 8.47146973e+02 8.03602142e+01
 6.97830029e+03 2.94713776e+02 1.21199516e+02 4.48324463e+02
 2.17546280e+02 6.77477417e+02 1.92132300e+03 1.29183740e+03
 6.53998413e+02 7.61168896e+03 1.24640273e+04 1.01129482e+04
 5.00672812e+04 2.70995697e+02 5.03818024e+02 4.89781036e+02
 5.22654663e+02 1.05286169e+03 4.31620459e+03 2.60165991e+03
 1.76957239e+03 3.28440430e+02 6.22661316e+02 6.83612518e+01
 2.11333154e+03 1.88174561e+03 3.39780670e+02 1.46263168e+02
 1.09826343e+03 3.10398906e+04 5.45450781e+03 3.12646191e+03
 1.97551193e+02 4.10227979e+03 7.74294678e+03 1.29677109e+02
 6.28535986e+03 5.37941628e+01 1.92930334e+03 5.55480713e+03
 3.97908173e+02 6.01703064e+02 8.97808398e+03 3.90260651e+02
 1.86628210e+03 3.83901978e+02 1.19228389e+04 1.18218643e+02
 1.43896194e+02 1.67564087e+02 1.70191650e+02 3.25594800e+03
 3.24647773e+04 2.40089890e+02 1.15555945e+03 3.88578644e+01
 9.96630005e+02 5.19131775e+02 1.49700088e+04 6.21447461e+03
 1.12567419e+03 4.28831558e+01 6.53364014e+02 1.15740120e+02
 1.55051084e+04 1.13505432e+03 1.95197107e+03 8.96329163e+02
 1.16053658e+02 2.22354614e+02 1.30960425e+03 1.26254082e+00
 4.40084869e+02 1.55790997e+01 9.74603149e+02 1.59311813e+02
 3.00064111e+03 4.13731537e+02 3.58331512e+02 4.18963470e+02
 3.01101318e+02 2.71061188e+02 1.79188019e+02 1.33805811e+04
 3.11664219e+01 1.89966858e+03 7.52343201e+02 1.28681168e+02
 1.79465869e+03 6.42688232e+02 1.81622888e+03 2.43891602e+02
 3.89875061e+02 1.01180962e+02 6.82326294e+02 7.65812939e+03
 2.27243164e+03 4.95155296e+01 1.45210205e+03 1.02842552e+02
 1.21975525e+03 5.11123096e+03 8.34362266e+04 6.11177063e+02
 5.08022614e+01 7.16228149e+02 1.15681328e+02 9.73869247e+01
 9.33492383e+03 5.51912041e+01 7.51159363e+02 2.92416504e+03
 1.11661055e+04 1.84644897e+02 1.52064163e+02 1.55889465e+02
 7.18835907e+01 8.05991150e+02 1.09818016e+02 2.08258629e+01
 3.95485626e+02 2.08986597e+03 2.40921436e+03 1.24222632e+03
 1.58075674e+04 3.55522827e+02 1.56354053e+04 1.38738770e+02
 1.04994214e+03 3.00462677e+02 2.93188232e+03 2.11424927e+02
 3.32477051e+03 1.19000252e+02 4.04770813e+02 1.17767258e+02
 1.58716141e+02 7.58437134e+02 1.45519165e+02 4.83083374e+02
 1.83891089e+03 8.62322388e+01 4.10653000e+01 3.86009460e+02
 8.89145935e+02 4.10831528e+01 2.72467456e+03 1.85280156e+04
 2.90466278e+02 3.94797119e+03 3.10946136e+02 1.83360876e+03
 5.23000916e+02 5.42152466e+02 2.42130859e+03 4.47359570e+03
 3.40007544e+03 1.86953476e+02 3.98631616e+03 1.50074905e+02
 1.75046875e+03 2.42979599e+02 1.81259445e+02 4.58026093e+02
 5.02394836e+02 9.43750610e+02 9.12947769e+01 7.36342041e+03
 2.88087952e+02 5.21647461e+02 3.60025220e+03 5.67064795e+03
 2.42365601e+03 4.87122375e+02 2.99440735e+02 2.72235382e+02
 7.28609558e+02 2.09233139e+02 5.74475212e+01 1.89084619e+03
 9.19530371e+03 1.94782190e+03 3.45002319e+02 4.11899597e+02
 1.38226587e+03 4.10165039e+02 1.09286018e+02 3.49527710e+02
 1.10075874e+02 2.43174829e+03 5.47569580e+02 9.39799438e+05
 5.03177216e+02 4.98958588e+02 6.77766418e+02 4.58260742e+04
 2.55389130e+02 3.40460320e+01 3.91642426e+02 7.13411743e+02
 1.21372597e+02 1.32802734e+02 3.94147705e+03 5.45348584e+03
 3.07485390e+01 1.25264600e+03 4.75013428e+02 1.03885913e+03
 6.29013037e+03 2.92000879e+03 2.54974182e+02 2.24978428e+01
 4.97164825e+02 1.01752802e+03 6.39414902e+01 1.03369436e+01
 8.86707578e+04 1.90953162e+03 1.23783398e+04 1.70743011e+02
 8.71012020e+00 3.45259125e+02 5.75390564e+02 2.37114297e+05
 6.29083984e+02 6.81974658e+03 5.53212013e+01 4.48394629e+03
 1.03351038e+03 1.22279521e+04 4.64632141e+02 1.01335400e+04
 8.83159485e+02 1.42983780e+02 2.88255615e+02 2.66469849e+03
 3.12475098e+02 2.11595795e+02 8.04597244e+01 4.69918243e+02]
6096.204
939799.44
