[1.89158336e+09 1.23402616e+08 2.55784560e+08 4.44197280e+07
 1.49676656e+08 2.97609040e+07 1.49967408e+08 6.48071680e+08
 2.83982746e+09 1.92852176e+08 1.16552312e+08 8.93521088e+08
 1.97786688e+09 1.19412380e+07 8.88802200e+06 1.50478144e+08
 9.72411968e+08 1.63054816e+08 7.96941184e+08 6.37815744e+08
 7.26446160e+07 8.96866000e+06 5.43200215e+10 9.02075584e+08
 8.05828720e+07 5.49719168e+08 1.61626081e+10 3.00960704e+08
 7.94592000e+07 2.21518672e+08 1.34467552e+08 5.61284160e+07
 5.13435400e+07 4.46503520e+07 1.68064816e+08 2.60648288e+08
 6.55317520e+07 1.78230112e+08 2.71715104e+08 9.39105900e+06
 2.06911142e+09 3.64330720e+08 1.00259731e+09 4.76180840e+07
 8.38665600e+07 3.07524224e+08 1.19950080e+07 7.89083440e+07
 1.28829512e+08 2.28596966e+09 2.37843780e+07 2.64278112e+08
 1.02261350e+07 1.08312819e+09 1.19587540e+07 1.37188496e+08
 4.32670624e+08 4.60847232e+08 8.72043712e+08 2.64793580e+07
 1.01654310e+09 4.25719232e+08 6.77926880e+07 1.17020024e+08
 6.02956920e+07 2.01758352e+08 4.41829150e+06 1.20963680e+08
 3.11100100e+07 9.82562304e+08 1.55272880e+08 2.89169888e+08
 2.05344760e+07 2.50618420e+07 2.98877664e+08 6.67498120e+07
 2.40463600e+08 7.19266816e+08 6.78051750e+06 3.90710963e+09
 1.91415152e+08 1.59213990e+07 6.64219080e+07 2.02131472e+08
 7.04526880e+07 1.37878660e+07 2.51383160e+07 2.45922940e+07
 4.95608480e+07 7.13101760e+08 1.59313280e+08 2.84818611e+09
 9.96337200e+07 5.63171136e+08 2.95351245e+09 6.18130160e+07
 4.73547000e+07 5.64011776e+08 3.75172672e+08 6.99782900e+06
 3.38403712e+08 3.29518176e+08 2.10425500e+07 1.42908160e+08
 1.43002750e+07 4.40419360e+07 1.27089984e+08 1.72207780e+07
 2.10371152e+08 7.48742000e+07 1.43221860e+07 1.36140493e+09
 1.40020048e+08 2.07714352e+08 6.17769800e+07 2.09343008e+08
 5.44266550e+06 8.63584448e+08 1.25819552e+08 9.20071040e+07
 1.00091440e+08 7.09621440e+08 8.28108160e+08 3.97300915e+09
 1.17710912e+08 1.92756800e+07 6.27446760e+07 2.11230736e+08
 4.51515880e+07 2.67604680e+07 1.16293150e+07 1.62101008e+08
 1.98429300e+07 1.71007940e+07 3.45260256e+08 8.84968320e+07
 8.74060352e+08 3.03710060e+07 8.38939280e+07 5.08851560e+07
 4.59741376e+08 2.00363008e+08 7.03493312e+08 8.10776448e+08
 4.04942496e+08 8.86376240e+07 4.91650000e+07 1.97211616e+08
 6.18520896e+08 8.97944128e+08 7.72289440e+07 4.79033680e+07
 1.94402940e+07 4.41242400e+07 1.34733872e+08 2.66402900e+07
 6.08955050e+06 5.80531648e+08 1.42383392e+08 2.91186714e+09
 1.56168512e+09 4.93004240e+07 6.77382880e+07 9.60534160e+07
 4.85619712e+08 2.51200880e+08 6.75285840e+07 2.79927680e+07
 4.25547720e+07 6.90046272e+08 7.07311450e+06 1.58062640e+08
 3.32433120e+08 3.12212256e+08 4.60372040e+07 1.65483410e+07
 5.46899200e+08 6.24708000e+06 3.99144280e+07 3.99766554e+09
 3.77073056e+08 3.33639960e+07 6.98266266e+09 6.13410944e+08
 2.61138784e+08 1.47612660e+07 1.46027520e+07 4.86811080e+07
 2.43102800e+07 1.50687730e+07 2.40197700e+07 1.09880960e+08
 1.27236020e+07 2.64226208e+08 3.77766368e+08 7.14274960e+07
 6.97712640e+08 1.70972060e+07 1.90833060e+07 1.23515216e+08
 1.73505100e+07 4.22932360e+07 1.11378330e+09 1.44384944e+08
 7.33770688e+08 6.30086000e+07 1.78185088e+08 8.01043680e+07
 2.96144320e+07 3.81769080e+07 1.28390900e+07 1.80360440e+07
 1.68567104e+08 7.28755648e+08 6.36701000e+07 1.16334512e+08
 2.75571260e+07 1.03814264e+08 8.72520704e+08 2.30131600e+07
 6.22615850e+06 1.66719216e+08 1.61072352e+08 1.26958451e+09
 6.94497440e+07 2.85745088e+08 6.36735640e+07 4.35186600e+06
 1.81582272e+08 2.95402048e+08 1.97411696e+08 7.53073920e+07
 1.78066200e+07 1.69135120e+07 2.04617216e+08 9.46146304e+08
 5.13591520e+07 1.08270010e+07 1.73443824e+08 2.20355360e+07
 7.72299264e+08 1.19571480e+07 1.66378848e+08 1.82050288e+08
 1.12435920e+08 3.42537920e+08 9.94915280e+07 2.56898000e+08
 4.40327880e+07 6.22371174e+09 5.92318350e+06 6.89401792e+08
 1.40024288e+08 4.89556960e+07 6.92358240e+07 2.46436400e+08
 2.50585088e+08 5.76556440e+07 3.29256416e+08 4.31379440e+07
 7.85663424e+08 3.14312960e+08 7.98696192e+08 1.76548280e+07
 4.17196150e+06 1.86975776e+08 1.19260670e+07 2.27856304e+08
 9.94136000e+08 4.18923560e+07 1.64328720e+07 2.87215334e+09
 7.36962150e+06 1.30533672e+08 1.34942643e+09 2.16434000e+07
 3.03884774e+09 1.84880794e+09 4.19732416e+08 8.70145344e+08
 2.10983580e+07 7.12051456e+08 2.79775440e+07 2.69503460e+07
 8.43285520e+07 5.12810880e+07 2.61573760e+07 6.76341700e+06
 6.54684600e+07 1.29176552e+08 9.03975168e+08 7.41416600e+06
 3.93141640e+07 1.80395240e+07 1.27669504e+08 1.03420220e+07
 2.64612672e+08 3.13105632e+08 7.65682368e+08 3.37990850e+06
 1.92884780e+07 6.04153520e+07 2.20710752e+08 4.87848672e+08
 1.03048336e+08 1.91961641e+10 3.67721760e+07 1.63137126e+09
 1.37281040e+07 3.40495360e+07 8.30858320e+07 1.41799424e+08
 2.75306342e+09 1.90800128e+08 1.08093680e+08 6.03520064e+08
 4.30135168e+08 1.46710067e+09 3.39519760e+07 1.09984742e+09
 2.52637980e+07 5.62178816e+08 3.41284736e+08 3.97205184e+08
 2.38766768e+08 1.65535344e+08 3.58330394e+09 1.61952720e+08
 6.53771392e+08 1.02302074e+09 8.94547760e+07 1.26374730e+07
 2.92269800e+07 2.58860360e+07 2.22640224e+08 3.76936672e+08
 9.61885900e+06 8.58327040e+07 2.76101280e+08 1.26993920e+08
 1.41546128e+08 6.16925248e+08 2.41948048e+08 6.31899456e+08
 1.64003300e+07 8.82326800e+07 1.53172170e+07 1.47134704e+08
 6.64460480e+08 6.02978850e+06 4.31961024e+08 9.40373056e+08
 1.21158704e+08 7.90853040e+07 3.03413100e+07 4.41996320e+07
 1.46021261e+09 4.97302144e+08 2.56118080e+08 6.64541248e+08
 3.61756896e+08 1.12272538e+09 1.78542656e+08 1.89053104e+08
 1.30858355e+09 2.06749683e+09 1.60624490e+07 1.47370400e+08
 5.49893018e+09 6.61227200e+08 1.04527520e+09 7.90082432e+08
 3.16813056e+09 1.46773312e+08 4.81836200e+07 1.28629517e+09
 5.53036544e+09 4.56849184e+08 1.26900664e+08 1.85406416e+08
 8.53833520e+07 5.89845568e+08 7.67880858e+09 1.34207872e+08
 2.68592448e+08 1.77283568e+08 1.73420580e+07 2.24095184e+08
 9.43607440e+07 3.94731616e+08 1.95532672e+09 8.68556900e+06
 1.87925536e+08 2.22608320e+08 2.51435488e+08 1.31230256e+08
 2.64839140e+07 1.64642035e+09 3.15454740e+07 3.09873946e+09
 2.08014560e+07 7.73412400e+07 3.69751750e+06 2.20994200e+07
 2.09704944e+08 4.52586304e+08 1.62180176e+08 1.74818480e+08
 6.57263452e+10 3.48381152e+08 1.50221810e+07 1.22699622e+09
 9.15785408e+08 2.07564600e+07 7.70368256e+08 9.47590320e+07
 2.55866440e+07 5.07210272e+08 6.53233520e+07 3.74005408e+08
 1.93145184e+08 2.01831400e+07 2.18393312e+08 5.10659456e+08
 4.09162880e+07 1.66737472e+08 1.53017072e+08 9.89571280e+07
 2.00910736e+08 3.54797760e+07 1.11832720e+08 6.04897664e+08
 5.85566840e+07 1.91847680e+09 8.69392300e+06 4.39220680e+07
 1.31572856e+08 2.21869150e+06 3.42934440e+07 3.08199040e+07
 3.11923040e+08 1.77040032e+08 1.26778832e+08 1.69572976e+08
 1.41104240e+08 1.03958408e+08 1.90584360e+07 2.44623360e+08
 1.90104520e+07 1.01101824e+08 1.14598256e+08 9.17433344e+09
 1.30610160e+07 5.11391840e+07 8.96303840e+07 1.72845740e+07
 1.50452450e+07 4.72127080e+07 4.80948256e+08 8.65243500e+06
 3.14079200e+07 1.32357432e+08 1.71243200e+08 6.96548000e+06
 2.65898256e+08 4.34841000e+06 9.40794000e+07 1.05824970e+07
 1.25900976e+08 3.60681037e+09 4.66875168e+08 5.05829056e+08
 1.65153616e+08 3.71356544e+08 1.48621100e+07 2.28098464e+08
 8.85910160e+07 1.95840528e+08 8.29289440e+07 8.73489040e+07
 4.32671040e+07 4.44033856e+08 7.40601760e+07 3.88765600e+07
 2.59605560e+07 1.70470272e+08 1.15662472e+08 8.63950080e+08
 1.42012800e+08 1.53629300e+07 1.69759072e+08 6.18542880e+07
 4.56857800e+06 2.86931525e+06 6.76533888e+08 8.46545360e+07
 3.25947440e+07 4.24360730e+09 2.03689200e+08 3.93385240e+07
 1.31486740e+07 3.14869056e+08 1.66579520e+08 1.57911020e+07
 1.54598060e+07 1.71743680e+08 1.01254416e+08 7.00844224e+08
 3.93136920e+07 1.04212016e+08 5.59068400e+06 4.40561472e+08
 1.36967900e+07 3.15357060e+07 4.10334016e+08 3.07900000e+08
 1.99109360e+08 1.91971120e+08 9.86488320e+08 3.78531360e+07
 1.44018176e+08 7.37503744e+09 6.26886320e+07 4.32750160e+07
 1.03124269e+09 9.28187440e+07 3.49521840e+07 1.11203096e+08
 1.32571408e+08 1.39831600e+08 1.35165940e+07 6.60755250e+06
 3.99225720e+07 4.56234240e+08 1.10134928e+08 2.63581700e+07
 7.16043200e+08 7.73985472e+08 1.57861960e+07 3.93813320e+07
 1.08621384e+08 2.42022656e+09 6.58450160e+07 1.24371424e+08
 1.01418340e+07 1.92284752e+08 1.03102728e+08 6.12166360e+07
 1.23726234e+09 1.52973760e+08 2.60115600e+07 1.11056216e+08
 2.11616800e+07 2.11487693e+09 6.46851050e+06 1.11510566e+09
 3.67110816e+08 1.53646368e+08 9.22038640e+07 3.81191680e+07
 3.85852672e+08 3.86753952e+08 1.30022500e+07 1.45260590e+07
 6.16319640e+07 3.73770960e+07 9.53073040e+07 1.77946893e+09
 7.65968960e+07 1.94238680e+07 2.61910496e+08 3.10374784e+08
 9.86834432e+08 2.81336576e+08 8.64062080e+08 5.58414900e+06
 1.34308864e+08 2.32429680e+08 7.62281280e+08 8.87011680e+07
 1.27176320e+09 7.52706800e+06 2.17614976e+09 4.81070160e+07
 3.98806720e+08 5.71168717e+09 9.33106200e+06 3.23877440e+07
 2.81009340e+07 5.16728992e+08 8.11064240e+07 2.09114180e+07
 5.28185632e+08 1.68104688e+08 9.44983424e+08 7.43563840e+07
 1.25000248e+08 9.85879840e+07 6.74043456e+08 1.15363688e+08
 4.72982752e+08 2.35209968e+08 2.24646300e+07 2.21843520e+07
 7.22438656e+08 1.98403180e+07 1.93525328e+08 1.68252384e+08
 5.34827520e+07 3.80322176e+08 4.44892250e+06 3.41995880e+07
 5.62838336e+08 3.37648544e+08 4.88138680e+07 1.35860528e+08
 5.01681376e+08 6.73468480e+08 8.38476928e+08 6.62782144e+08
 1.27629928e+08 2.77421344e+08 1.12745720e+07 7.00470320e+07
 3.63565568e+08 6.57814208e+08 5.27435232e+08 6.09172000e+07
 5.68526200e+07 5.92834560e+08 8.18089280e+08 1.24459640e+08
 7.27363440e+07 5.15955424e+08 1.57053152e+08 1.59385952e+08
 6.13217040e+07 7.12346320e+07 4.63868576e+08 1.66816544e+08
 3.03287104e+08 1.27144320e+08 7.55989200e+07 1.32719096e+08
 5.43675392e+09 1.61027936e+08 3.33223420e+07 1.14796288e+09
 7.12055100e+06 7.79674960e+07 1.06132776e+08 1.97818920e+07
 4.51420544e+08 1.82127168e+08 3.65230912e+08 3.10347872e+08
 1.65386256e+08 7.18556672e+08 7.55351520e+07 1.04549750e+07
 2.19672224e+08 2.58946714e+09 7.99023616e+08 4.73012240e+07
 2.53416112e+08 1.67358272e+08 2.06809040e+08 2.28344800e+07
 1.66292544e+08 1.53808730e+09 3.71854208e+09 2.45230760e+07
 1.63430190e+07 4.78816960e+08 5.61481152e+08 1.13836544e+09
 2.11398304e+08 1.97916832e+08 9.05215600e+07 2.46734880e+08
 1.72887808e+08 2.04750420e+07 2.91671328e+08 1.32495330e+07
 3.90298304e+08 1.09791910e+07 3.31909280e+07 3.77141734e+09
 1.28895896e+08 1.96868128e+08 1.92018720e+08 7.14493120e+08
 2.38660128e+08 4.46212160e+08 7.10213520e+07 1.71175232e+08
 3.20865920e+09 9.72919900e+06 4.64816160e+07 8.77186500e+06
 2.42820280e+07 2.88696580e+07 6.71131920e+07 1.94924020e+07
 3.11560440e+07 3.02323232e+08 7.67909920e+07 2.06114208e+08
 8.56218000e+07 3.36881280e+07 2.57050304e+08 2.77073984e+08
 1.36383283e+09 9.68859840e+08 5.29881184e+08 2.16272742e+09
 6.66091640e+07 9.63464100e+06 2.45847480e+07 1.37862608e+08
 4.55988960e+08 1.06568392e+08 9.73930080e+07 8.54605632e+08
 8.17344480e+07 1.34349248e+08 4.83791392e+08 5.72799181e+09
 2.82730342e+09 1.00357160e+08 1.23391512e+08 3.47798920e+07
 5.93475360e+07 2.91528115e+09 1.24957146e+09 4.65629880e+07
 4.12044080e+07 1.41061072e+08 5.07205408e+08 8.95744256e+08
 2.09053504e+08 1.30750320e+08 4.32370880e+08 7.61699040e+07
 1.04370360e+08 1.19733608e+08 1.42440796e+10 4.50769040e+07
 1.87745100e+07 4.73160850e+06 2.23800256e+08 2.54942580e+07
 8.63079040e+07 2.87993440e+08 1.40439216e+08 1.46758912e+08
 8.67647500e+06 9.88679700e+06 9.96704384e+08 2.66427300e+06
 7.93295440e+07 5.75400520e+07 2.34513240e+07 9.00571648e+08
 1.00072650e+07 8.08577760e+07 1.59196790e+07 1.39179984e+08
 9.57940240e+07 5.51161472e+08 2.86096992e+08 5.35573280e+08
 2.61826253e+09 3.98929152e+08 1.96595056e+08 9.64675760e+07
 8.68255200e+06 3.71480600e+07 6.62785800e+07 2.15110992e+08
 4.07517240e+07 2.11043760e+08 1.53049376e+08 2.44878680e+07
 1.68339200e+07 2.48519344e+08 2.72962918e+09 7.57130560e+07
 2.07778480e+08 5.44604877e+09 9.48863700e+06 6.03300200e+07
 1.19780400e+07 6.41476032e+08 6.37193216e+08 1.67412410e+07
 5.14164520e+07 2.27572608e+08 8.25922880e+08 1.42587280e+08
 1.54382861e+09 2.96807712e+08 3.11864352e+08 4.18422160e+07
 4.56791160e+07 4.97231160e+07 8.26795392e+08 7.50499600e+07
 8.45326800e+07 1.06892134e+09 5.26553800e+07 4.33147136e+09
 2.15406874e+09 2.35788384e+08 5.06736800e+07 1.29337480e+08
 1.67111670e+07 1.24173620e+07 2.01873779e+09 2.56312896e+08
 5.73540736e+08 4.75525320e+07 4.64641728e+08 1.27415870e+07
 1.34608576e+09 2.95583648e+08 1.12140180e+07 1.55404016e+08
 7.96034480e+07 7.98756050e+06 1.00779066e+09 1.31663309e+09
 7.06700160e+07 3.86975240e+07 1.99744580e+07 2.95510000e+06
 1.37228467e+09 1.41040816e+08 5.68751424e+08 6.00020760e+07
 1.17506256e+08 4.03765440e+07 2.76110860e+07 5.47787648e+08
 3.47216240e+07 1.76918096e+08 2.32746704e+08 8.51290100e+06
 9.24341400e+06 2.87611260e+07 6.87613056e+08 2.90761440e+07
 4.79663840e+08 5.44432000e+08 6.03884416e+08 1.93257843e+09
 3.39033040e+07 3.64972608e+08 5.79731008e+08 3.55593250e+06
 4.02318387e+09 3.83675680e+08 9.03496832e+08 5.90331904e+08
 3.84727520e+07 3.62852800e+08 7.33383760e+07 5.40000550e+06
 8.72179456e+08 5.56242000e+07 1.03359872e+09 6.23728440e+07
 1.19354061e+09 1.23038776e+08 1.56688320e+08 1.12214096e+08
 3.25919620e+07 2.77188864e+08 1.10305328e+08 4.84632736e+08
 1.20585210e+07 4.80953320e+07 8.59930500e+06 3.52890016e+08
 1.69014528e+08 2.39791080e+07 6.69950144e+08 7.71335680e+08
 1.05361370e+09 8.43613120e+07 7.57546960e+07 2.09199216e+08
 6.53298760e+07 5.99446200e+07 1.57171180e+07 1.52287744e+08
 4.44823750e+06 1.93617020e+07 3.64569664e+08 4.24843776e+08
 9.96919760e+07 2.16833200e+07 1.97387744e+08 1.37809760e+08
 3.00976000e+06 3.45172360e+07 8.05090480e+07 2.30383200e+08
 8.53863440e+07 2.56463648e+08 1.44096416e+08 3.31557000e+07
 1.69702560e+08 1.16433832e+08 5.11741376e+08 4.22720680e+07
 1.70818040e+07 1.65717152e+08 1.49591744e+08 6.59269200e+07
 3.39629376e+08 4.41684720e+07 7.50596288e+08 2.49792580e+07
 9.73578960e+07 8.26785856e+08 7.51680080e+07 9.96265779e+09
 2.36901056e+08 1.49372640e+07 1.03796768e+08 2.41015240e+07
 2.04029408e+08 1.13662440e+07 8.99025216e+08 5.78879240e+07
 1.85215936e+08 1.55520650e+07 1.36548656e+08 7.22068400e+07
 4.98974208e+08 2.53833696e+08 7.34149760e+07 8.12396000e+07
 3.86552320e+07 5.95709080e+07 1.42181952e+08 3.53292032e+08
 2.11630240e+08 2.06878600e+07 7.15055808e+08 1.28332073e+10
 4.60183136e+08 2.50097568e+08 1.50407660e+07 3.88728474e+09
 9.29022720e+07 2.67147472e+08 1.25718630e+09 2.22241100e+07
 3.69331440e+07 1.11105776e+08 6.72830080e+07 1.21488986e+09
 2.00049280e+08 1.95846588e+06 5.67806528e+08 5.09422080e+08
 6.55045504e+08 9.16124960e+07 1.20939432e+08 2.55507080e+07
 2.11062864e+08 5.58191600e+07 3.25275140e+07 4.96774800e+07
 8.19085440e+08 2.99289120e+08 2.76609696e+08 8.24069800e+06
 4.21329200e+07 7.53503360e+07 7.73096750e+06 1.60853484e+10
 3.62186920e+07 5.15651328e+08 6.77812050e+06 5.08956600e+07
 1.87373776e+08 5.74268992e+08 6.28054920e+07 2.59624755e+09
 1.13327264e+08 2.85219480e+07 1.09166536e+08 5.17614912e+08
 5.58857120e+07 2.08802360e+07 4.62663300e+06 3.31123552e+08]
