[2.47944469e+05 2.82415161e+03 9.82778984e+04 1.82032953e+05
 3.76283594e+04 1.82583786e+02 1.40016580e+00 4.82255117e+04
 9.69788938e+05 8.75915078e+04 5.21714727e+04 5.98942375e+05
 1.33222141e+05 1.68444824e+04 1.81551230e+04 3.35735625e+04
 4.16967344e+04 5.13988945e+04 5.10545344e+05 4.18127281e+05
 2.44901641e+04 4.86600000e+04 4.65962050e+06 8.51105234e+04
 4.48175391e+03 4.68274094e+05 2.01233575e+06 4.85113086e+04
 1.95453016e+05 4.32744102e+04 3.25281680e+04 1.61418984e+05
 1.22349039e+05 3.43621406e+04 3.05146406e+05 4.74501953e+04
 1.34221406e+05 1.21599060e+02 1.02782055e+05 9.68483594e+03
 4.58286156e+05 8.72738828e+04 6.11817125e+05 2.37353359e+04
 1.25450234e+04 5.39104062e+04 1.74633293e+01 1.29102588e+04
 2.86945038e+01 4.53629812e+05 1.27175605e+04 3.73827095e+01
 5.46514099e+02 9.30071562e+05 1.98281133e+04 2.02690352e+04
 4.99080925e+01 2.22779125e+05 3.88600000e+04 7.72094844e+04
 4.36605562e+05 5.57864141e+04 9.49209534e+02 1.68867305e+04
 1.50242383e+04 5.52083594e+04 1.58354414e+04 7.02981172e+04
 1.01487055e+01 6.44458062e+05 1.08083105e+03 1.03906766e+05
 2.65896230e+04 3.42165156e+04 3.13534355e+01 1.50959359e+05
 3.57656484e+04 4.16008086e+04 1.60133525e+04 2.80683300e+06
 9.63416576e-01 5.84026133e+04 8.42707031e+03 2.97083008e+04
 7.17674219e+04 6.60000439e+03 2.61984825e+01 1.44549219e+04
 2.49249391e+05 6.93471250e+04 1.55464531e+05 9.10122812e+05
 1.75010547e+03 2.51149469e+05 4.09690500e+05 3.09076074e+04
 4.30759888e+01 2.82687250e+05 4.33768906e+05 6.80177259e+00
 6.84188984e+04 1.55616377e+04 4.72673242e+03 2.35543919e+00
 7.30852969e+04 6.96527344e+03 2.61108971e+01 1.76186538e+00
 1.03304992e+05 4.64197588e+00 8.81497269e+01 3.56534180e+04
 8.98752975e+00 3.32525039e+04 3.77156133e+04 1.91452484e+01
 9.78159547e-01 3.83384648e+04 1.91793652e+04 1.91629922e+04
 1.63672766e+05 3.96407148e+04 4.51742930e+04 4.07415594e+05
 1.78933625e+05 1.74285898e+04 3.85355735e+00 5.83018772e-02
 4.34371875e+04 2.32505566e+04 6.61553516e+04 1.21320801e+01
 2.52099316e+04 2.52983046e+00 3.36049258e+04 1.19448700e+01
 4.21856125e+05 1.59418430e+01 3.03708562e+05 8.72184668e+03
 1.57316006e+04 1.41686562e+05 5.12581172e+04 8.82898047e+04
 6.05686289e+04 6.70228906e+03 4.32446826e+03 3.83638438e+05
 9.02523117e+01 3.64942281e+05 1.41014805e+04 4.07781641e+04
 4.62250859e+04 1.81954937e+01 6.90650547e+04 2.20261094e+05
 1.80818574e+04 1.91118700e+06 1.48451543e+04 3.59603562e+05
 6.94494219e+04 1.52712755e+01 5.29079962e+00 1.31526756e+00
 2.37410234e+05 1.54889267e+02 4.30959727e+04 4.85052383e+04
 2.26027324e+04 3.71201094e+05 5.13174248e+00 1.55309281e+05
 1.17124328e+05 1.02636711e+05 1.92727036e+02 3.84689026e+01
 3.17253906e+05 3.98245543e-01 2.16766739e+01 2.00973762e+06
 9.68364844e+04 3.94393349e+00 6.09255850e+06 1.64307750e+05
 7.33651074e+03 6.28762674e+00 2.13565020e+04 3.98357048e+01
 9.83774219e+04 4.58260352e+04 1.44678469e+05 1.81992304e+00
 7.15207031e+03 3.13616953e+04 1.72356938e+06 9.66607910e+03
 8.98924609e+04 3.21017930e+04 1.60490371e+04 7.57451713e-01
 9.10008359e+04 5.11035094e+05 4.59559688e+04 1.62448906e+04
 1.83383704e+03 2.10903725e+06 2.23814824e+04 3.89489403e+01
 1.18981543e+03 3.48224727e+04 3.73480737e-01 2.10082837e+03
 2.76878848e+04 1.03315086e+05 1.22831109e+05 5.82722998e+00
 8.85887891e+04 1.56243115e+04 6.30085312e+04 1.91493187e+01
 2.21883574e+04 1.45850277e+00 1.73157480e+04 6.40349562e+05
 9.49714922e+04 3.31631680e+04 5.08618711e+04 1.14954317e+00
 7.00995234e+04 4.79028156e+05 7.81765312e+04 1.04353955e+04
 2.23485062e+05 2.40584824e+04 5.23113008e+04 5.44570898e+04
 3.65629616e+01 6.41521973e+03 1.51813376e+00 1.55341152e+04
 1.73278656e+05 1.04397324e+04 1.19335680e+05 5.10019570e+04
 1.38840961e+01 4.16051133e+04 1.28823016e+05 3.50761375e+01
 6.13448516e+04 6.64598500e+05 8.62661682e+02 1.52040734e+05
 2.30296191e+04 1.11967090e+04 3.30991211e+04 2.31858223e+04
 1.16792305e+05 3.10387921e+00 7.57546172e+04 3.36326647e+00
 4.90669812e+05 8.61692812e+04 3.20010345e+02 2.91743848e+04
 6.85582617e+03 2.15110540e+00 2.05585254e+04 5.82985977e+04
 2.85071125e+05 8.00640039e+03 1.51799521e+04 4.40276484e+04
 1.81481254e+00 2.16674862e+01 3.56923031e+05 3.20646858e+01
 2.59229188e+05 8.87047500e+04 6.13010454e+00 2.30102891e+05
 3.55902672e+01 5.29458086e+04 1.49746478e+00 3.92544023e+04
 3.73400000e+03 2.37096719e+05 9.63756797e+04 1.26647242e+05
 6.95580435e+00 2.56769512e+04 2.45134400e+06 6.02343994e+03
 9.36576843e+01 2.70439102e+04 2.27066699e+04 6.66169262e+00
 2.50623474e+01 4.65322617e+04 2.38375609e+05 5.68203369e+03
 1.56473108e+03 6.47858252e+03 7.55019688e+04 6.00392031e+04
 7.92890320e+01 4.72314531e+05 7.17102468e-01 3.88872719e+05
 4.89581738e+03 2.08516777e+04 3.35322784e+02 4.97005997e+01
 2.62281406e+05 1.06027773e+04 8.40243697e-02 3.68837906e+05
 4.87067261e+01 1.26246156e+05 2.93050586e+04 8.78440547e+04
 2.67058008e+04 2.72091062e+05 1.33423141e+05 3.98571055e+04
 5.20242469e+05 6.39085436e+00 1.13344925e+06 1.51288682e+04
 5.11307969e+04 4.98994688e+05 2.48649311e+00 4.26544434e+02
 1.56411963e+04 4.33525801e-01 1.75665898e+04 6.13792031e+04
 1.63699600e+04 3.00669765e+00 6.06036328e+04 1.35243066e+04
 3.41428594e+04 3.39352188e+04 3.65774883e+04 3.33526602e+04
 5.88254213e+00 4.37913322e+00 9.24004650e+00 1.77260562e+05
 4.54205156e+05 1.59637461e+04 2.85263398e+04 9.87163375e+05
 7.11455029e+03 7.81771562e+04 4.09040938e+04 8.23830312e+04
 1.14271219e+05 6.80502812e+04 5.35173242e+04 4.65136621e+03
 1.75360797e+05 8.61115625e+05 2.31017531e+05 1.97186899e+00
 6.82544375e+05 1.97650200e+06 1.94794235e+01 1.90512051e+04
 1.58375672e+05 2.24608891e+05 6.21842562e+05 3.02384551e+04
 8.67814062e+05 1.19924516e+05 1.06977445e+05 4.75581016e+04
 5.51211125e+05 1.50152334e+04 1.31826875e+04 1.70177559e+04
 3.07293812e+05 5.75555742e+04 6.31550625e+05 9.59700000e+04
 8.79503984e+04 1.97426211e+04 1.78969023e+04 5.90428203e+04
 4.64131445e+04 1.64868750e+04 9.52518359e+04 2.62706304e+00
 8.18519211e+00 3.83487266e+04 5.13059727e+04 3.41861094e+04
 8.00737686e+01 3.80316750e+05 3.67907578e+04 7.12769219e+04
 3.98528981e+00 2.29647168e+04 1.10187920e+04 7.58474976e+02
 2.22026621e+04 8.25222500e+04 1.78682793e+04 5.06178203e+04
 1.97869258e+04 3.58684570e+04 2.12127438e+01 6.41842852e+04
 3.63172719e+05 2.12032413e+01 4.74616438e+05 7.91107500e+05
 1.82655762e+04 3.13649200e+02 1.71125422e+05 5.40665859e+04
 3.77985586e+04 4.89764648e+04 3.59543242e+04 1.50634580e+04
 4.82714102e+04 2.99109211e+01 3.96322031e+04 9.86328711e+03
 6.98458938e+05 1.10861711e+05 5.83663477e+04 4.98627197e+03
 4.43500938e+04 2.20659000e+05 5.47707031e+03 1.65626289e+04
 1.79859160e+04 1.01539869e+01 6.77360439e+00 1.09477695e+05
 6.56540918e+03 1.12581039e+02 3.22778359e+04 1.47005578e+05
 3.25487637e+04 6.68495989e+00 5.12651367e+03 4.79069733e+02
 2.02976294e+03 2.31990430e+04 1.79336562e+04 9.02079100e+06
 8.06403923e+00 3.04598156e+05 3.23504219e+05 1.81062051e+04
 1.01512112e-01 4.33652266e+04 8.87336000e+05 1.25889099e+00
 1.37895000e+04 1.87385807e+01 1.79307830e+00 2.79939062e+03
 4.85522070e+04 9.71450984e-01 1.71260047e+05 7.58010071e+02
 2.39769375e+04 1.87054031e+05 6.25704141e+04 6.39485359e-01
 4.80013438e+04 1.40842938e+05 2.97247925e+03 9.14355562e+05
 6.32418115e+03 1.24925530e+00 1.24923725e+01 1.65467854e+01
 2.73025073e-02 2.33975203e+05 3.05513945e+04 7.98759453e+04
 2.51267793e+04 3.73545156e+04 1.73623770e+04 3.12427781e+05
 1.46906924e+04 1.80227928e+01 3.83163555e+04 6.46152979e+03
 1.28912939e+04 3.51614876e+01 1.06170416e+01 2.26811646e+03
 1.47235811e+00 1.11141588e+06 1.82692280e+01 1.63026703e+02
 1.34743613e+04 1.44925125e+05 3.71800586e+04 1.73801133e+04
 4.27775116e+02 2.90904902e+04 1.26140303e+04 1.85318844e+05
 1.14136548e+03 3.72308359e+04 1.40508477e+04 1.27867588e+04
 2.71334982e+00 3.56204180e+04 1.05973906e+04 1.30010750e+05
 4.48986758e+04 1.33195947e+04 6.51358008e+04 2.40992090e+04
 6.44035161e-01 3.57725531e+05 3.40844648e+04 2.21379594e+05
 3.98820531e+05 5.73109484e+00 3.08439434e+04 8.39251875e+04
 7.17555391e+04 2.18885586e+04 7.89262061e+03 2.94642329e+00
 2.21430684e+04 3.42590809e+00 1.34687578e+04 2.15052090e+01
 2.54950488e+04 6.37019375e+04 3.71685840e+03 1.32490875e+05
 1.14523301e+04 4.45779188e+05 9.07913574e+03 7.56794062e+04
 6.36528992e+02 9.09398079e+00 3.66297688e+05 4.54389502e+03
 1.33968188e+05 2.02430645e+04 2.21063354e+03 3.25829649e+00
 1.80151938e+05 7.94120703e+04 1.76304531e+00 4.79756406e+04
 2.03231525e+00 1.95188594e+04 3.75854254e+00 1.25849495e+02
 8.82595703e+04 1.54832080e+04 2.63727480e+04 3.11180137e+04
 6.69480753e+00 1.57667633e+02 1.12211602e+04 1.16521477e+05
 3.82918510e+01 2.46380981e+03 6.31330225e+03 1.02250664e+05
 7.80738062e+05 7.56073281e+04 4.88286797e+04 8.47453232e+01
 1.17950645e+02 1.58485198e+00 1.72992953e+05 8.17308496e+03
 2.03970112e+06 1.30835752e+01 3.49084938e+05 7.10490703e+04
 3.03905254e+04 2.00791375e+05 8.22713672e+03 2.71051211e+04
 4.23925469e+04 1.57626078e+05 3.43398008e+04 9.35561875e+04
 3.52578247e+03 5.40507422e+04 3.89916969e+05 2.99027000e+05
 6.43258953e+00 1.43320684e+01 2.94113562e+05 2.11649394e+00
 3.86475344e+05 3.47737227e+04 5.83107591e-01 2.90442461e+04
 3.27161504e+04 8.37360382e+00 1.59401794e+02 3.12412070e+04
 4.98660156e+05 1.83576562e+05 7.49062443e+00 2.71057988e+04
 2.88382312e+05 1.86687703e+05 5.85967676e+03 1.28598953e+05
 1.09630680e+05 5.15706094e+04 2.39871250e+05 2.01294707e+04
 1.03817979e+04 4.44844922e+04 1.29016173e+00 5.72543823e+02
 1.17851852e+05 1.72895969e+05 5.28412422e+04 2.66134715e+00
 1.49160889e+02 2.09867484e+05 2.73874688e+04 2.11615252e+00
 9.98771777e+03 1.02437578e+04 3.84596602e+04 4.36870843e-01
 1.28871399e+02 1.52059233e+00 9.15188477e+03 7.36585645e+03
 2.69315281e+01 1.94953594e+04 3.66006622e+01 1.21858841e+02
 7.66465500e+05 1.49257812e+04 3.75542227e+04 5.18388500e+05
 4.35441732e+00 2.38977718e+00 1.55257139e+04 9.22243828e+04
 4.88807070e+04 3.62774062e+04 5.76918477e+04 5.48628477e+04
 1.40761721e+00 1.04256789e+05 9.19673750e+04 7.84690332e+00
 4.28356016e+04 1.50841359e+05 3.58483125e+05 4.37287539e+04
 3.11577305e+04 2.56717676e+04 2.58745000e+04 1.80144894e+00
 4.70497070e+04 1.44666594e+05 5.63422773e+04 8.89433861e+00
 3.62302979e+03 7.96371172e+04 1.16594898e+05 5.68790742e+04
 2.15130859e+04 4.21914141e+04 4.19734727e+04 1.05350094e+05
 1.42181673e+01 1.38946074e+04 3.66952305e+04 3.49912964e+03
 4.38665438e+05 1.06819355e+00 1.25392686e+04 2.18511906e+05
 6.89597717e+02 2.36036750e+05 2.06455508e+04 2.46584000e+05
 1.25609072e+04 1.28250852e+05 2.83891630e+00 1.12879028e+01
 1.04659675e+06 4.33300066e+00 1.08523109e+05 5.75227734e+04
 3.29691976e-01 7.04185534e+00 7.69780397e+00 6.09383774e+00
 3.33152383e+04 1.84458301e+04 1.32924990e+04 1.20634329e+00
 9.89036816e+03 1.65112695e+04 2.10428926e+04 1.49469500e+05
 2.77834961e+04 6.30949188e+05 3.65160547e+04 8.21711328e+04
 4.99066812e+05 1.28768323e+03 1.94090801e+04 7.29422998e+00
 3.28604648e+04 3.65615161e+03 5.02294846e+01 1.51818625e+05
 1.07951562e+04 2.38683105e+04 6.05059023e+04 4.42700656e+05
 5.34485664e+04 1.33411201e+04 5.14681688e+05 6.48093402e-01
 7.78566641e+04 5.99762578e+04 3.42638477e+04 4.41591289e+04
 1.39439668e+04 1.35921201e+04 8.02719727e+01 2.60290234e+05
 1.23654766e+05 1.07491183e+00 1.05913096e+04 1.69778168e+00
 1.67242156e+05 2.71162812e+05 1.20354825e+06 3.64893477e+04
 1.39620029e+04 1.46441797e+03 2.61902641e+05 6.36745024e+00
 2.52165020e+04 3.31968164e+04 1.11452173e+03 2.42900000e+04
 1.22458193e+04 4.59825352e+04 1.94207750e+05 3.08493184e+04
 9.38195859e+04 1.65778320e+03 1.85766602e+00 1.13089672e+05
 1.87663412e+00 1.14095411e+01 3.33146629e+01 5.06978398e+04
 1.50887266e-01 5.79710195e+04 1.46036078e+05 1.06352648e+05
 2.86924938e+05 2.06407094e+05 5.67407891e+04 1.56674521e+04
 2.56994462e+00 7.14093984e+04 1.04620656e+05 4.01224536e+03
 6.99503984e+04 2.40412061e+03 1.23459812e+05 8.94018848e+03
 1.48234940e+00 4.72267266e+04 8.06326562e+04 6.74901514e+03
 6.59311875e+04 3.60849000e+05 8.23689747e+00 7.31487578e+04
 2.19366431e+03 6.63157734e+04 3.76542227e+04 5.02260781e+04
 2.32803422e+05 4.39620590e+00 6.15204438e+05 1.61559922e+05
 6.49326289e+04 2.92481172e+04 3.63878281e+04 3.34810042e+00
 9.18492500e+04 1.00612129e+04 3.82398828e+04 1.24014688e+04
 4.21861696e+00 3.28697344e+04 4.30553281e+04 1.39808062e+05
 1.00609984e+05 4.92367383e+03 1.37530438e+05 1.67010449e+04
 9.77755451e+00 1.65988223e+04 1.88310844e+05 1.60847766e+05
 8.76913357e+00 5.22811914e+04 1.37321062e+05 3.96409464e+00
 1.53479766e+05 1.30212406e+05 2.19763775e+01 4.45600469e+05
 2.24016152e+04 1.88377047e+00 3.39940094e+05 4.33919594e+05
 2.11230156e+05 2.92967439e+00 2.82275295e+00 7.56317188e+03
 8.25337812e+04 1.84750059e+04 8.22106172e+04 2.65110760e+01
 3.00088457e+04 1.62027852e+04 3.49059204e+03 9.43473047e+04
 2.33375397e+01 2.22337715e+04 1.22620570e+05 3.17924238e+04
 7.36832571e+00 4.38746338e+03 8.44811484e+04 2.58633179e+03
 8.01886353e+02 2.35081274e+03 8.45775000e+04 8.88908500e+05
 3.05481243e+00 2.29366344e+05 5.24051094e+01 1.96548712e+00
 4.25237000e+05 2.00118000e+05 1.44711188e+05 4.21710039e+04
 3.20694570e+04 3.77537346e+01 6.63860840e+03 8.66662693e+00
 2.08520059e+04 1.09280627e+03 1.50646250e+05 3.19233537e+00
 4.82317031e+05 1.30317861e+04 1.67751469e+05 3.82713359e+04
 6.74825013e-01 1.19798863e+00 1.36594854e+04 9.92110156e+03
 7.56870654e+03 4.63438599e+02 2.14703418e+04 4.70544548e+01
 5.56948203e+04 1.79672754e+04 2.77592025e+06 3.20930938e+05
 1.25932388e+06 1.61765422e+05 4.71066953e+04 1.85019141e+04
 2.09511234e+05 1.97764766e+04 2.10263770e+03 2.11466923e+01
 1.69348301e+04 1.21846045e+03 3.73848086e+04 2.13742938e+05
 4.24598781e+05 1.58664746e+04 2.22492090e+04 6.92277812e+04
 6.25822412e+03 1.27324316e+04 5.12830078e+03 5.86378711e+04
 7.74717725e+03 7.60322266e+04 1.85651550e+01 3.67358521e+03
 2.42653926e+04 2.52579473e+04 4.86888618e+01 1.84233984e+05
 1.18728203e+05 3.96531562e+04 1.27931182e+04 4.16750537e+03
 7.34558047e+04 3.09438535e+04 3.44073281e+04 2.39546582e+04
 4.09674805e+03 8.50345781e+04 1.33281768e+04 1.12424625e+06
 2.65951973e+04 1.19455359e+05 4.80557188e+04 5.26289570e+04
 2.97519469e+00 1.28934229e+04 2.01094980e+04 4.06517448e+01
 1.70480976e+01 1.97325718e+00 1.82955156e+04 4.29448633e+04
 5.97961211e+04 4.79101753e+00 3.39720821e+00 4.77142422e+04
 2.40082012e+04 2.78207969e+05 1.88450742e+04 6.30887422e+04
 1.10150117e+04 1.59037803e+04 1.79216641e+04 5.75519700e+06
 2.05744266e+05 1.39585312e+04 1.57641443e+03 5.68197312e+05
 4.05069244e+02 9.76943281e+04 1.01140266e+05 6.73789209e+03
 2.01753574e+04 1.34659969e+05 8.40996777e+03 8.45511797e+04
 2.25812344e+04 5.84133496e+03 2.64661562e+05 4.21686133e+04
 1.87080750e+05 3.00833062e+05 3.00150840e+04 7.10158008e+03
 2.96973594e+04 8.08679922e+04 1.34967899e+00 9.41172578e+04
 3.59522688e+05 4.92232383e+04 3.30947617e+04 8.37435840e+03
 3.28181211e+04 9.61747192e+02 1.22223193e+04 6.43972803e+03
 2.52923828e+04 1.55514906e+05 9.21091992e+03 3.71653242e+04
 6.60551625e+05 1.78765801e+04 2.13754250e+05 1.78958031e+05
 1.37492344e+04 2.64170189e+01 3.58527812e+05 4.59152539e+04
 1.97046113e+00 1.59301162e+04 6.55102873e+00 1.17760950e+03]
139599.02
9020791.0
