[4.71956635e+02 1.41848181e+03 3.18135834e+02 4.07659448e+03
 4.39988623e+03 2.22956146e+02 3.10711613e+01 4.37918182e+02
 4.22372510e+03 8.25809326e+01 5.30099754e+01 1.09043848e+03
 3.17160449e+03 1.01594181e+01 2.14927002e+02 1.70575581e+01
 3.92628345e+03 2.94961823e+02 9.98233948e+01 2.36291183e+02
 7.10647339e+02 2.25073792e+02 2.04347388e+03 7.81239258e+02
 1.41508301e+02 2.35452715e+04 1.21208330e+04 1.28810864e+03
 3.32635590e+02 1.07205482e+02 2.07895523e+02 5.43945679e+02
 2.18229004e+03 2.64131531e+02 3.26201587e+03 1.57350372e+02
 3.22909454e+02 1.25774612e+02 1.32983231e+02 1.14475632e+02
 4.76633545e+03 2.92942891e+04 3.99958832e+02 7.07059631e+02
 6.79117371e+02 4.61829010e+02 8.95705032e+01 4.05155106e+01
 4.61055511e+02 2.29591431e+03 1.68853516e+02 2.87255371e+02
 1.16969879e+02 4.06041040e+03 3.75537567e+01 5.26417427e+01
 1.23005286e+03 3.23564514e+02 1.20825513e+03 2.60079010e+02
 8.13174561e+02 2.11167432e+03 7.86031067e+02 9.16307373e+01
 1.38531750e+03 5.37866577e+02 3.50488663e+01 1.40965286e+02
 2.58744049e+02 5.23260596e+03 8.34384918e+01 3.89634369e+02
 1.90588531e+02 1.38798401e+02 2.97073578e+02 4.39062927e+02
 2.40255630e+02 1.55466028e+03 1.20811089e+02 5.02517139e+03
 1.53814621e+02 3.45169525e+02 9.78482971e+01 7.79081848e+02
 6.52928589e+02 7.36251712e-01 5.14607010e+01 2.62272377e+01
 1.83062244e+03 2.89955719e+02 5.60164612e+02 4.43240283e+03
 1.81116791e+02 1.96869373e+03 1.39736096e+03 1.16012793e+03
 1.10086670e+02 1.80727002e+03 2.88035742e+03 9.36430740e+01
 3.40691437e+02 5.25958252e+02 3.57431173e+00 6.60998535e+01
 1.39335193e+03 1.36956268e+02 1.48374963e+03 2.41309586e+01
 4.08357251e+03 7.65164490e+01 1.42612701e+02 1.52410388e+03
 1.74014267e+02 6.11991821e+02 4.25049896e+02 2.51731949e+02
 1.35399780e+02 7.34809998e+02 6.59462402e+02 1.16095566e+02
 2.79287964e+02 1.48224353e+03 9.36965820e+02 7.44107666e+02
 5.29386414e+02 2.06098083e+02 1.61820038e+02 2.75229156e+02
 3.13000366e+02 2.88287170e+02 2.61475250e+02 1.89225876e+02
 9.03994141e+02 4.71559944e+01 1.13144177e+03 2.05159439e+02
 1.30824561e+03 4.87771492e+01 1.94167648e+02 7.37657547e+01
 3.31823547e+02 4.40407715e+02 1.44015710e+03 5.89635559e+02
 7.64206177e+02 9.17940750e+01 8.59443588e+01 2.35325537e+03
 8.41929565e+02 4.66013885e+02 1.16302536e+02 4.55248909e+01
 3.20262909e+02 1.00202080e+02 2.74640808e+02 3.71010712e+02
 1.47520203e+02 3.70797827e+03 1.56363297e+02 2.53133325e+03
 8.32536804e+02 1.04663139e+02 3.55632095e+01 2.28135773e+02
 1.32538110e+03 2.86260559e+02 1.47594574e+02 4.04680481e+02
 1.45060760e+02 5.20073242e+02 9.88618774e+01 4.30984833e+02
 4.61580963e+02 1.41553009e+02 6.36971558e+02 3.52367859e+02
 3.02959595e+02 1.19610486e+03 2.59320221e+02 2.72520093e+03
 7.05645569e+02 2.03116730e+02 9.40411133e+03 2.16053076e+03
 2.09430862e+02 5.87064781e+01 4.33590698e+02 3.91075317e+02
 3.80062744e+02 1.56998425e+03 1.76792660e+01 1.64223099e+02
 7.08332672e+01 3.21226227e+02 2.08531836e+03 1.17738968e+02
 1.14798193e+03 2.20890610e+02 7.22259155e+02 1.47565491e+03
 2.55583679e+02 5.30064331e+02 1.32956787e+03 5.22384155e+02
 9.72475488e+03 3.83177832e+03 2.13374405e+02 3.96034332e+02
 2.27828934e+02 2.32869553e+02 1.26683670e+02 5.01016197e+01
 2.03746506e+02 1.57148605e+02 1.87867896e+03 2.21248817e+01
 2.64834015e+02 4.38646637e+02 2.89613983e+02 2.16368347e+02
 2.06699631e+02 2.89077362e+02 1.97388718e+02 3.38577188e+04
 2.37811111e+02 3.21610535e+02 4.96334106e+02 1.55046463e+02
 7.77324905e+01 4.50790625e+03 2.33379776e+02 1.01795364e+02
 3.01493622e+02 2.04857147e+02 2.69407196e+01 2.43250220e+03
 1.58678452e+02 1.51151413e+02 1.48686386e+02 1.97801315e+02
 3.82915674e+03 7.36756165e+02 6.01054565e+02 4.64395605e+03
 1.38946152e+02 1.05930371e+03 3.81795929e+02 3.07581879e+02
 9.17598572e+02 6.13687451e+03 2.82659607e+02 1.12853955e+03
 1.97940628e+02 2.05561466e+01 2.64505859e+02 2.48859650e+02
 2.58023071e+02 3.69578339e+02 1.26794296e+02 2.41315506e+02
 4.24792725e+03 2.50023071e+02 7.68676636e+02 3.34786987e+01
 1.04576019e+02 5.31203384e+01 5.46762793e+03 2.92857422e+02
 3.70673523e+02 4.24750793e+02 1.75357605e+02 1.62840271e+03
 4.66143265e+01 2.19256744e+02 3.61047046e+03 3.44641785e+02
 4.05343237e+03 1.93644202e+03 6.40515076e+02 2.95293848e+03
 3.23527100e+02 8.51372437e+02 2.09286484e+02 3.59803619e+01
 1.31555695e+02 1.29626404e+03 9.36714844e+02 6.06545532e+02
 1.69468658e+02 1.37369833e+01 6.20801562e+03 3.90618086e-01
 7.95237656e+01 1.63287646e+03 1.72049973e+02 1.91731033e+02
 2.68175018e+02 5.45062158e+03 1.33073572e+03 1.07130814e+02
 6.91089478e+02 1.60930710e+02 7.94817529e+03 1.08233057e+04
 7.82831177e+02 7.57908984e+04 4.37567635e+01 5.00515039e+03
 1.75559357e+02 1.82060452e+01 1.54559204e+02 9.21589600e+02
 1.05104773e+03 3.24949646e+01 1.62151459e+02 1.47912979e+04
 6.45990601e+01 1.54629626e+03 3.14644531e+02 6.00283264e+02
 1.43518581e+01 2.53689209e+02 4.42448212e+02 4.07173187e+02
 1.20286206e+03 1.74917801e+02 2.44991172e+04 2.04318283e+02
 1.11178726e+02 8.42123230e+02 1.66602371e+02 8.73470840e+01
 9.34890137e+01 2.58193573e+02 4.97355957e+02 6.50713867e+02
 5.81144104e+01 4.16675529e+01 1.10973413e+03 1.08614433e+02
 2.37790222e+01 4.97575537e+03 5.86015167e+01 3.32421112e+02
 2.27694366e+02 1.18362144e+02 1.19528740e+02 4.54922424e+02
 1.11437744e+03 1.18449028e+02 9.55203979e+02 2.99797974e+03
 7.78302689e+01 4.24472626e+02 2.12328049e+02 1.09516113e+03
 2.48195605e+03 7.83009109e+01 2.98348419e+02 9.04315979e+02
 9.22072021e+02 1.05303721e+04 3.77004761e+02 2.20625046e+02
 3.83782373e+03 8.33061133e+03 1.12708572e+02 2.23830582e+02
 1.29927917e+03 1.78066620e+02 6.92274353e+02 5.09803772e+02
 4.42490820e+03 8.62786636e+01 1.97727319e+03 1.12409656e+03
 3.74334741e+03 5.68028297e+01 1.92441193e+02 2.09182770e+02
 6.62225769e+02 1.54601941e+03 3.40589917e+03 1.28651947e+02
 3.40013397e+02 2.60973114e+02 2.41639572e+02 2.92354631e+00
 1.58733337e+03 3.92749054e+02 1.71779053e+03 1.30580444e+02
 2.24222000e+02 3.73700745e+02 1.97773071e+02 7.42909814e+03
 2.57665375e+02 5.51806738e+03 1.01696014e+02 2.48375568e+01
 7.33978348e+01 1.51710739e+02 1.16920080e+01 1.22463478e+02
 4.27173187e+02 3.40942566e+02 1.26890993e+01 1.37467804e+02
 1.27278922e+05 1.12159698e+02 8.21141281e+01 3.72549469e+02
 5.07934531e+04 2.55227234e+02 1.43359583e+03 7.47509229e+03
 1.01352631e+02 2.14108246e+02 5.16494263e+02 4.61741638e+02
 3.51333557e+02 3.05103302e+02 1.32695572e+02 2.23589432e+02
 3.45352448e+02 3.01535435e+01 2.08068985e+02 3.13449860e+02
 1.90856702e+03 1.11343811e+03 2.06161545e+02 2.36131638e+02
 1.95776245e+02 5.18575244e+03 8.88719482e+01 1.20453461e+02
 2.12677200e+02 2.18454010e+02 6.04554253e+01 2.84093201e+02
 1.66963184e+03 1.04034317e+02 5.97883850e+02 7.08341431e+02
 2.40099213e+02 1.29070541e+02 2.11731796e+02 5.29195496e+02
 2.94978485e+02 4.39252014e+02 1.87204193e+02 1.52066182e+04
 1.80198639e+02 7.43035217e+02 1.70094894e+02 2.42660583e+02
 1.41443039e+02 3.67686523e+02 5.86068213e+03 1.76773453e+02
 3.20332916e+02 7.55219793e+00 8.14569016e+01 1.55611053e+02
 3.06940948e+02 1.07954651e+02 2.28472565e+02 1.78434891e+02
 2.03393753e+02 6.29662903e+02 2.49969040e+02 5.60770325e+02
 2.80920013e+02 1.21360111e+01 2.61051884e+01 6.28127380e+02
 1.01644089e+02 1.28365891e+02 9.60124016e+00 1.44371281e+01
 4.75155487e+01 4.63248688e+02 2.13995209e+01 2.90108318e+01
 2.79820374e+02 6.04528625e+02 1.22350769e+02 1.58467358e+03
 2.16726822e+02 7.77926270e+02 2.51884064e+02 2.71706238e+02
 1.60996246e+02 2.47921715e+01 2.16624451e+02 1.36445648e+02
 2.21182251e+02 1.63024182e+03 1.45996140e+02 3.03286041e+02
 1.06034019e+02 4.95743744e+02 5.17524475e+02 2.07787247e+02
 7.84393921e+01 3.21667328e+02 1.16421066e+02 9.88157463e+00
 3.71919037e+02 1.72550613e+02 8.19003662e+02 3.27779510e+02
 7.99459610e+01 2.85476471e+02 3.77325226e+02 5.15346055e+04
 6.46416016e+02 3.05044327e+01 7.67627686e+02 2.46394180e+02
 3.49601013e+02 1.24290295e+03 3.32260323e+01 3.56131058e+01
 3.57912622e+03 3.26086655e+01 2.19696930e+02 9.39206848e+02
 2.62524445e+02 1.98599625e+02 3.09436584e+02 1.05406822e+02
 1.00555717e+02 3.98762085e+02 7.57144775e+01 1.25278328e+02
 2.60642181e+02 5.20823730e+02 1.45341263e+02 3.31606934e+02
 2.35415985e+02 2.33589824e+04 1.60176971e+02 9.70688934e+01
 1.52392227e+02 2.73318628e+03 2.50300476e+02 1.10061455e+02
 9.47469910e+02 3.53680372e+00 2.29633850e+02 2.12739220e+01
 2.52218887e+02 2.46415698e+03 1.85484085e+02 7.33342651e+02
 3.69788269e+02 2.02115021e+02 9.00074997e+01 9.95171738e+01
 2.37619736e+02 2.56099701e+02 1.08515698e+03 2.27914978e+02
 1.42687332e+02 1.86675720e+01 9.57681656e+01 6.81288635e+02
 2.82739594e+02 1.66051651e+02 7.91333740e+02 2.64491791e+02
 7.77451318e+03 6.87203491e+02 2.22619165e+03 3.12472900e+02
 3.90502167e+01 2.87667328e+02 9.65070068e+02 6.42084732e+01
 1.47899795e+04 1.03908936e+02 1.53583740e+04 5.35348572e+02
 9.22974548e+01 7.95626514e+03 1.45091125e+02 2.25209747e+02
 1.14527374e+02 1.61128063e+01 1.20693640e+03 4.01246155e+02
 1.87727087e+03 4.70255493e+02 3.35774121e+03 5.45339355e+02
 1.72612171e+01 2.23369583e+02 3.59394592e+02 1.88396744e+02
 3.71585693e+03 2.06734082e+03 1.64324112e+02 1.35306995e+03
 8.98340881e+02 3.18246803e+01 1.36478128e+01 2.31896332e+02
 4.98496826e+02 9.81868530e+02 1.32237805e+03 8.86591187e+02
 7.33076477e+02 1.20091133e+02 3.27782684e+02 1.04812646e+03
 1.23390417e+03 7.69968750e+03 3.19916016e+02 1.36166589e+03
 1.71189835e+02 2.46841156e+02 2.02061060e+03 1.17587500e+03
 4.60602036e+01 2.95724243e+02 1.21621628e+02 7.31913147e+01
 2.78546478e+02 3.81027856e+03 5.77104370e+02 1.80705475e+02
 1.42009598e+02 2.92274139e+02 2.64191925e+02 8.05170776e+02
 2.27396622e+02 2.52957463e+00 5.61455505e+02 1.08324365e+04
 1.42544666e+03 2.33333416e+01 2.67783325e+02 1.63460571e+02
 1.18850957e+04 1.77340714e+02 7.61456482e+02 1.24964990e+03
 1.89153488e+02 1.86711639e+02 1.38390228e+02 1.18860948e+00
 2.93250153e+02 1.02431909e+03 3.25925713e+01 2.62434692e+02
 2.63781067e+02 1.51705994e+02 4.28818085e+02 1.21365128e+02
 2.20287323e+02 1.40328125e+03 1.68396143e+03 1.37914780e+02
 2.71275696e+02 1.66108597e+02 2.08676510e+01 6.57292236e+02
 3.54262772e+01 1.55580701e+03 3.34168677e+03 8.14317856e+01
 1.74105820e+02 2.61087677e+02 4.85019188e+01 7.54705225e+03
 2.03470947e+02 2.89405029e+02 6.25714722e+01 1.46613452e+03
 4.02871704e+01 1.77544769e+02 1.94579868e+01 1.66909668e+02
 8.41698303e+02 1.30574982e+02 8.88617935e+01 2.33337524e+03
 2.17864212e+02 9.75043640e+02 7.29321289e+01 6.83065796e+02
 3.26879712e+03 4.73327576e+02 8.41031647e+01 5.99077148e+01
 1.64887324e+04 2.19118118e+02 1.27433830e+02 1.07428162e+02
 2.52683411e+01 1.93909836e+02 9.19990616e+01 1.37038376e+02
 4.21433220e+01 1.65023010e+02 2.02253418e+02 2.64985352e+02
 3.54677277e+02 1.64045162e+01 6.48115540e+02 3.60737305e+02
 5.12458252e+03 1.17684851e+03 5.18981201e+02 3.90113586e+02
 6.38732361e+02 8.79146271e+01 6.66992645e+01 1.58397327e+03
 5.07181335e+02 6.25887260e+01 3.76895386e+02 1.74380918e+04
 8.55567169e+01 2.82004714e+00 5.34732849e+02 5.26392236e+03
 1.34878430e+03 3.57046509e+02 2.86153296e+03 1.75483917e+02
 4.35174133e+02 9.93053162e+02 4.98613129e+02 2.97802917e+02
 7.79977112e+01 1.95993362e+02 4.75601959e+01 2.79967261e+03
 7.22825928e+03 1.59340881e+02 1.72800879e+03 1.56546967e+02
 3.83693115e+02 6.44082092e+02 1.06384980e+04 2.14254868e+02
 1.94164154e+02 1.92562408e+02 3.03645679e+03 2.63875458e+02
 1.42176865e+02 2.05032761e+02 1.84126148e+01 2.01302963e+02
 1.23971428e+02 2.61842926e+02 5.73263672e+03 1.18970970e+02
 9.14558887e+03 1.05617340e+02 2.99503204e+02 1.07532117e+03
 1.91909729e+02 8.73867569e+01 1.20789429e+02 7.86440613e+02
 6.41645935e+02 2.40576221e+03 7.77661926e+02 7.09072571e+02
 4.55962207e+03 4.57394829e+01 4.84117004e+02 1.17740456e+02
 9.03939285e+01 4.27550781e+02 2.82007416e+02 9.38927002e+01
 8.40619629e+02 1.44925934e+02 6.77152100e+02 1.82837234e+02
 6.36861328e+02 1.11988623e+03 9.32127197e+02 1.31510422e+02
 2.77545380e+02 9.24341211e+03 1.34112292e+03 4.47387047e+01
 1.79216802e+00 1.55135120e+03 1.30017163e+03 2.33101944e+02
 5.07087207e+03 5.83022461e+02 2.72671655e+03 1.06152161e+03
 2.06789673e+03 2.99013977e+02 7.21092834e+01 6.38112427e+02
 2.87950562e+02 4.21361511e+02 1.05555115e+03 9.74026775e+00
 1.71504761e+02 2.85463208e+03 4.71516632e+02 1.12274040e+02
 3.40984204e+03 6.69750732e+02 4.70929077e+02 1.51625336e+02
 2.05937241e+02 2.39696381e+02 2.26144849e+03 3.29473999e+03
 1.65279892e+02 1.65962372e+02 2.66450806e+02 2.11237213e+02
 4.66064893e+03 1.21837720e+03 2.73105896e+02 1.31907092e+03
 7.09976883e+01 9.11433945e+01 1.90398779e+03 5.15778870e+02
 6.37708008e+02 2.26106659e+02 1.46919174e+02 6.34032745e+01
 8.62511426e+03 7.06246033e+01 4.47817810e+02 9.39993134e+01
 1.85572418e+02 2.58458862e+02 1.81154232e+01 3.38396777e+03
 2.65075836e+02 1.87358063e+02 3.97224121e+02 6.92378540e+01
 2.80082703e+02 1.66268921e+02 6.53463501e+02 1.60934448e+03
 3.29299103e+02 4.25056091e+02 6.38158386e+02 5.67343555e+03
 2.31832910e+03 1.59107776e+03 4.78386444e+02 1.03748226e+01
 2.95581270e+04 2.19154678e+02 2.90376440e+03 2.48462189e+02
 1.83065781e+02 2.69601501e+02 1.13586731e+02 1.52513672e+03
 5.67234497e+02 9.81834030e+01 1.29824939e+03 1.66784836e+02
 2.14099023e+03 1.89557053e+02 2.06364349e+02 3.92305267e+02
 1.98546844e+02 3.62355103e+02 6.80114441e+01 4.42956787e+02
 1.80077286e+02 3.85704803e+02 3.26171295e+02 8.69107971e+01
 9.23161865e+02 1.97351578e+02 2.74132988e+04 3.69382617e+03
 1.64024082e+04 3.37603577e+02 8.26085739e+01 5.73375244e+01
 5.84187988e+02 5.83600769e+01 9.17609634e+01 2.14552841e+02
 1.02009758e+02 1.65086914e+02 2.74254688e+03 6.44470520e+02
 1.04854138e+03 7.69194641e+01 1.70661224e+02 5.63232307e+01
 9.10131607e+01 1.97352844e+02 1.28529968e+02 2.85943184e+04
 9.90500183e+01 7.97778778e+01 2.50638168e+02 2.09838848e+01
 4.76095428e+02 2.55956970e+02 3.72022400e+01 4.10584747e+02
 2.48772049e+02 7.56595154e+01 2.09341354e+02 8.59954300e+01
 8.66785339e+02 1.80728607e+02 5.97439453e+03 1.36933121e+02
 9.06658096e+01 2.60530371e+03 5.27887497e+01 3.80637476e+03
 1.88302673e+02 2.35526169e+02 3.06589966e+02 4.06668304e+02
 6.98108749e+01 9.64221954e+01 5.99538818e+03 1.50166077e+02
 1.74024567e+02 1.30264235e+01 1.96694855e+02 9.31162033e+01
 1.68485291e+03 3.71874420e+02 1.09371147e+02 2.86865082e+02
 2.01669952e+02 4.55558936e+03 9.68449219e+02 2.47671585e+02
 4.91703400e+02 3.06731720e+01 6.02228394e+02 4.92888086e+04
 5.01634155e+02 2.19596848e+02 1.13215027e+02 4.29154541e+03
 9.56552277e+01 1.80116821e+02 3.19564972e+02 1.80869202e+02
 4.76552734e+02 2.47245026e+02 7.09324341e+01 3.81107324e+03
 2.53981543e+03 1.79783287e+01 4.96152802e+01 8.48035202e+01
 4.29155371e+03 9.81318188e+00 6.16660217e+02 2.98829865e+02
 4.02097855e+01 1.12055092e+02 1.40863937e+02 3.43345978e+02
 1.88868408e+03 3.47077972e+02 4.05909424e+02 9.24473648e+01
 1.39789841e+02 1.67055130e+01 1.97607941e+02 3.82578281e+04
 2.20012451e+02 5.15576477e+02 9.54175262e+01 2.66379395e+03
 7.08475159e+02 6.55779785e+02 3.05355042e+02 3.58940674e+02
 1.20397682e+02 1.07693123e+02 1.93727759e+03 5.74915381e+03
 1.46414093e+02 3.75599152e+02 4.60695007e+02 3.64426208e+02]
