[1.15401289e+04 2.95990692e+02 3.00959741e+03 1.06087964e+03
 1.47605674e+04 2.08158325e+03 7.60757828e+01 1.28412305e+04
 4.31145898e+04 5.24302368e+02 1.07600283e+04 5.43612842e+03
 1.53002451e+04 1.51729107e+01 5.24253784e+02 9.03269887e-01
 9.42292383e+03 1.49048206e+03 9.07141113e+03 2.96202480e+04
 2.57523242e+03 2.60875684e+03 2.91150938e+05 2.15538984e+04
 2.12859535e+01 2.32019902e+04 1.13689789e+05 1.85835071e+03
 6.01403613e+03 4.19433044e+02 9.19720764e+02 2.43117993e+03
 2.55836230e+03 4.26260938e+03 2.53917285e+03 4.85674377e+02
 1.66061600e+02 2.13944336e+02 1.34191379e-01 1.46056140e+03
 7.83586719e+04 1.80534824e+04 1.37016394e+03 6.43817725e+03
 5.00592822e+03 3.32636865e+03 1.60527979e+03 1.89886865e+03
 1.40405676e+03 2.01127656e+04 1.25168571e+02 2.13127792e+02
 8.02908554e+01 3.15342500e+04 2.05866547e+02 6.69214905e+02
 7.97209106e+02 5.38799961e+04 1.95652988e+04 1.46067093e+02
 7.04403320e+03 5.85685645e+03 3.68599915e+02 1.33457715e+03
 9.30834389e+00 1.35739868e+03 1.34655975e+02 8.35738403e+02
 1.49077380e+03 2.50975098e+03 9.05138245e+02 7.31809326e+03
 3.49471092e+01 3.09197540e+01 4.06173737e+02 3.13761597e+02
 3.22731836e+03 1.08971182e+04 1.99632645e+01 1.28078008e+05
 9.22091675e+02 1.73068619e+02 5.41899597e+02 1.08417673e+01
 1.24095386e+03 2.01705826e+02 3.67316992e+03 1.91838951e+01
 1.03826624e+03 1.33821729e+04 4.03700854e+03 2.11909980e+04
 1.42105438e+02 3.24668335e+02 6.25578359e+04 1.60025635e+03
 5.80670410e+02 1.00352759e+03 7.35997266e+03 1.49316437e+02
 2.15889478e+03 1.90280444e+03 2.41688507e+02 1.81012375e+02
 2.86488037e+03 1.79062036e+03 1.48064954e+03 4.12117462e+02
 5.31340381e+03 1.56744675e+02 5.92943970e+02 1.30911211e+04
 2.13722782e+01 4.95522614e+02 1.95884802e+03 1.93213171e+03
 2.01604431e+02 1.62465840e+04 6.55604883e+03 7.83265686e+02
 5.29357422e+03 6.20428662e+03 9.20730667e+01 4.33132266e+04
 7.42048218e+02 5.40721802e+02 8.36245117e+02 4.07814380e+03
 9.90629028e+02 1.16659409e+02 7.36934021e+02 5.54870972e+02
 2.58884717e+03 3.78517639e+02 8.59316113e+03 6.88064148e+02
 5.35330029e+03 1.48572766e+03 1.55330493e+03 7.36319275e+02
 1.09100842e+03 1.97520007e+03 9.04261963e+02 4.78825635e+03
 4.24273438e+03 7.59748047e+02 7.90446167e+02 5.85496338e+03
 9.64036987e+02 8.71862402e+03 3.29390106e+01 3.32437622e+02
 3.44469312e+03 1.29954437e+02 6.70468506e+02 9.42268250e+02
 4.71767334e+02 1.45349438e+05 3.09820831e+02 3.47171211e+04
 7.92033740e+03 2.71948755e+03 5.75688057e+01 5.36328735e+02
 5.12654736e+03 7.74679077e+02 6.32635864e+02 6.91699756e+03
 7.18396143e+03 6.43673340e+02 1.47825562e+02 2.38250928e+03
 2.55203979e+03 1.44620703e+03 2.64058350e+03 2.55243799e+03
 2.13952588e+03 2.97269043e+02 3.60860327e+03 5.23174766e+04
 1.75094812e+03 5.78338203e+01 1.71684625e+05 6.41543506e+03
 8.16037842e+02 2.36186475e+03 2.76423988e+01 2.13257861e+03
 7.52243408e+02 2.55771533e+03 1.19783606e+03 2.00717583e+01
 1.07651440e+03 1.78666223e+03 2.14544238e+04 1.14364246e+03
 1.80999355e+04 1.05584412e+02 1.70833545e+03 1.26800918e+04
 1.87289819e+03 7.35563049e+02 1.16158906e+04 3.91422913e+02
 1.17380684e+04 2.07056973e+04 4.71174660e+01 2.72576790e+01
 1.39281702e+03 1.22320691e+03 2.73153662e+03 1.57727502e+03
 7.98701477e+02 2.99196484e+03 5.97194092e+02 6.58893616e+02
 5.40965637e+02 1.50568146e+02 2.75963086e+03 2.27085034e+03
 1.73017483e+01 3.97669995e+03 1.73792676e+03 2.62499976e+03
 1.04036487e+03 3.10831573e+02 4.70131152e+03 6.63081787e+02
 7.06700439e+01 2.54749414e+04 6.96205322e+02 8.48309250e+01
 1.74316614e+03 9.36584015e+01 1.63200806e+02 2.07093359e+04
 2.39359619e+03 3.91438293e+02 1.81689917e+03 1.85667465e+02
 7.95619238e+03 1.42444748e+02 4.79207422e+03 1.34141748e+03
 2.72579541e+03 1.89653577e+03 7.10375781e+03 6.16072363e+03
 1.11861401e+03 4.61125469e+04 4.50225311e+02 2.24961523e+04
 8.44854492e+02 6.06765820e+03 2.56955963e+02 5.78500916e+02
 7.62529883e+03 3.13841492e+02 2.84059033e+03 9.40760040e+01
 2.77336875e+04 6.31045264e+03 1.87126309e+04 2.10844162e+02
 4.79074005e+02 1.67745593e+03 9.80111816e+02 2.42833423e+03
 2.71138984e+04 1.45934595e+03 7.31078552e+02 3.30363711e+04
 7.05980835e+02 1.01977557e+03 9.43540918e+03 3.48400146e+03
 1.53268823e+03 9.62155762e+03 1.35736731e+03 3.47926328e+04
 3.24384863e+03 3.88970850e+03 1.28540665e+02 2.08164811e+00
 1.40484512e+02 5.51618652e+03 2.09450586e+03 8.83583887e+03
 5.32589302e+01 1.04761316e+03 2.85252480e+04 4.20323059e+02
 3.22355298e+03 2.54828888e+02 1.55390491e+03 1.41575012e+02
 1.17771576e+02 1.02736260e+04 6.40911426e+03 3.81457977e+02
 4.38787354e+03 1.79596771e+02 1.06187959e+04 1.52700986e+04
 5.46633105e+03 3.21424781e+05 1.41525732e+03 6.96238867e+03
 5.18615527e+03 1.25688074e+03 3.58024139e+02 6.50224548e+02
 3.66545312e+04 7.59622620e+02 4.68918648e+01 5.59821875e+03
 5.96796143e+03 8.29233301e+03 2.43132739e+03 1.20172988e+04
 3.24042969e+03 6.03879761e+02 1.42871423e+03 9.59518750e+03
 4.90153418e+03 2.97304535e+02 1.09651123e+04 3.31520294e+02
 1.59133142e+03 7.07527539e+03 2.14683853e+02 8.93890915e+01
 1.55699453e+01 1.13816177e+02 3.39628113e+02 4.72652283e+02
 7.52362549e+02 1.43706750e+03 1.77279358e+03 1.16781357e+02
 7.43055481e+02 1.11967129e+04 4.38035583e+01 4.04713359e+04
 1.94068405e+02 8.08557068e+02 5.08886566e+02 1.37556201e+04
 3.90254766e+04 2.46567657e+02 1.51772934e+02 1.78273574e+04
 8.42392578e+02 1.48334375e+04 4.06517627e+03 7.41216507e+01
 7.19568359e+02 5.21010840e+03 4.17625195e+03 2.07917441e+04
 1.36744421e+03 2.69256465e+04 1.35795645e+04 3.71813850e+01
 3.81179023e+04 4.12374570e+04 1.88179248e+03 4.70406677e+02
 2.73707676e+04 5.34637451e+03 1.05338857e+04 3.42958691e+03
 1.82401781e+05 7.21189880e+02 3.65034149e+02 1.59302188e+04
 5.42997500e+04 2.18709351e+03 1.07676094e+02 1.34237476e+03
 4.98368652e+03 6.36133203e+03 1.45543062e+05 3.21798218e+02
 2.51223129e+02 1.28058945e+02 2.00157068e+03 1.50137561e+03
 2.35453472e+01 1.05082373e+03 2.64864961e+04 6.76884583e+02
 1.26320374e+02 5.86375488e+03 8.08062988e+02 7.42549268e+03
 1.03127283e+03 5.39718945e+03 2.05237817e+03 1.48842002e+04
 1.07730457e+03 2.49752515e+03 8.68505615e+02 7.48707352e+01
 3.05596118e+03 3.01616382e+03 1.02148865e+03 2.90555973e+01
 4.17148344e+05 1.22853625e+03 1.77844925e+02 4.82314941e+03
 1.08841436e+04 6.39442078e+02 9.23008594e+03 1.36589023e+04
 2.28501083e+02 9.48472168e+03 2.99771094e+03 4.04931494e+03
 1.50809209e+04 1.18565088e+03 9.12582214e+02 2.51634229e+03
 4.94760400e+03 1.32039551e+03 8.14772583e+02 3.58829865e+02
 1.10279160e+04 5.60934131e+03 4.55543579e+02 2.17315521e+01
 3.22788672e+03 6.02213330e+03 4.66387238e+02 7.39207458e+02
 1.69359668e+03 2.72592449e+01 1.72457825e+03 2.23828271e+03
 4.18158105e+03 5.22875854e+02 4.48511914e+03 9.79702539e+03
 4.29116089e+02 1.24379173e+02 1.04855627e+03 1.51940369e+03
 6.29428833e+02 9.21955994e+02 1.76262952e+03 9.13780703e+04
 1.80879166e+02 6.15055713e+03 1.52941689e+04 6.21016479e+02
 6.11962090e+01 1.94491003e+03 1.90215488e+04 3.92197693e+02
 3.18175629e+02 9.95994995e+02 1.27170020e+03 9.26365479e+02
 1.26094131e+04 2.35012939e+03 2.15561005e+02 1.81541855e+02
 2.74672028e+02 4.47428984e+04 2.18429590e+03 5.40345166e+03
 8.67416138e+02 1.48690567e+02 7.64864563e+02 9.50813672e+03
 8.07808472e+02 1.90935620e+03 1.73462112e+02 1.71913745e+03
 1.55653345e+03 7.81186768e+03 1.14541345e+03 1.12058739e+02
 1.93067154e+02 3.40204193e+02 1.69372604e+02 9.81929297e+03
 1.08067274e+01 1.01389081e+03 4.22571191e+03 4.22280127e+03
 5.88716919e+02 1.09572192e+03 1.27694102e+04 5.76625610e+02
 2.09137842e+03 3.47402969e+04 1.20816582e+02 5.02909698e+02
 1.73174023e+03 4.86600928e+03 4.78142725e+03 5.65098572e+01
 3.05516205e+02 1.81699536e+03 1.45043839e+02 5.00144824e+03
 2.55913513e+02 1.31080780e+02 1.59107166e+03 1.78974634e+03
 1.68550000e+03 5.44856104e+03 9.94154480e+02 1.26352793e+04
 1.56531650e+04 3.14951935e+02 1.20616904e+04 1.81310840e+03
 1.28053284e+03 4.90912891e+04 9.28270508e+02 4.57077972e+02
 6.99217090e+03 2.80870911e+02 2.44710059e+03 1.47635361e+04
 2.59576874e+02 1.03869507e+03 7.93867111e+01 7.96901550e+01
 2.91861719e+03 1.23930774e+03 1.62890213e+02 2.57180713e+03
 2.74138721e+03 8.07541699e+03 1.93818579e+03 2.77709302e+03
 5.96605371e+03 9.46319922e+04 1.54761295e+01 1.07503625e+03
 5.96514702e-01 6.00734375e+02 3.47638574e+03 8.78900574e+02
 2.16442656e+04 4.73980370e+01 6.76775757e+02 3.62793541e+01
 1.89396667e+03 1.03542822e+04 1.38975525e+03 1.42495654e+04
 3.31960083e+03 2.60746246e+02 2.79775330e+02 1.07240393e+03
 1.67085996e+04 1.11518091e+03 2.85771637e+01 1.46144934e+03
 1.01118878e+03 2.72746387e+03 1.05581873e+03 2.73890820e+04
 3.63571472e+02 8.19949707e+02 1.32030518e+03 4.02859937e+03
 4.58243086e+04 6.64891113e+03 5.89726367e+03 2.97365479e+03
 3.93538379e+03 8.88389771e+02 2.65773621e+02 1.03966469e+02
 3.64096914e+04 5.52582825e+02 7.55978906e+03 5.51531104e+03
 8.22768066e+03 2.14061191e+04 1.10949936e+02 6.21739502e+03
 2.13207056e+03 3.94903662e+03 1.56313604e+04 4.49788483e+02
 1.44223035e+03 8.51229858e+02 1.20739233e+03 3.09778760e+03
 1.36570715e+03 8.62376556e+01 7.38499463e+03 6.25764251e-01
 5.12935469e+04 8.14130078e+03 2.32128708e+02 1.62775681e+02
 9.69588867e+03 1.17934319e+02 1.28314746e+03 9.22590271e+02
 8.99394238e+03 6.42167676e+03 1.21782524e+02 1.46141833e+03
 5.35279358e+02 4.61847852e+03 1.21348279e+03 3.71565601e+03
 1.02154678e+04 2.18974258e+04 2.59298867e+04 9.16490527e+03
 3.72374695e+02 7.40621680e+03 1.05579602e+03 5.30444641e+02
 4.33848145e+03 1.28333818e+04 5.12439014e+03 4.11960114e+02
 1.70776489e+03 6.63085254e+03 4.43996582e+03 7.35495544e+02
 8.10057617e+02 5.85479395e+03 1.84733435e+03 8.81688965e+02
 1.05184616e+02 4.33053589e+02 4.81073517e+02 1.24549004e+04
 2.43839478e+03 5.25307812e+03 1.15733696e+02 5.12697693e+02
 4.88850117e+04 3.83487030e+02 3.44997729e+03 3.65820508e+03
 1.18886023e+03 1.27850761e+02 1.02790369e+03 9.00773499e+02
 9.36711693e+00 7.47975586e+02 2.77329346e+03 1.98342480e+03
 1.80356323e+03 1.62988008e+04 5.19067432e+03 8.99005966e+01
 3.81370264e+03 1.77492676e+04 4.10944489e+02 1.15079639e+03
 3.08704712e+02 1.36295456e+02 2.15060986e+03 1.51465735e+03
 2.37934277e+03 6.35607239e+02 1.04595605e+03 6.14890771e+03
 8.80314880e+02 7.85840283e+03 1.44053799e+04 4.41351837e+02
 1.37272437e+03 1.52007239e+03 1.52128979e+03 1.98325527e+04
 3.34969452e+02 2.05234543e+02 2.21986279e+03 1.38345068e+03
 2.61716309e+03 1.15794263e+03 5.02771515e+02 1.21626602e+04
 2.36211572e+03 8.36060364e+02 2.78076363e+01 3.54841095e+02
 2.01998755e+03 1.49744116e+03 1.31685028e+01 1.33853943e+02
 2.51372539e+04 1.78291003e+03 1.48775928e+03 1.51924343e+01
 4.94291046e+02 7.34355042e+02 2.45456787e+02 1.52601303e+02
 3.35078784e+03 4.67226868e+02 2.83950775e+02 3.85458794e+01
 4.20072845e+02 6.56460022e+02 8.70322168e+03 7.92029541e+03
 1.69054434e+04 1.33250381e+04 3.37618744e+02 6.66130811e+03
 3.07794019e+03 5.92894470e+02 1.43187225e+02 5.86537170e+02
 2.68338318e+01 1.11681482e+03 4.56180322e+03 2.06865747e+03
 5.86084839e+02 2.00473376e+03 1.10869131e+04 1.40398223e+04
 1.72325645e+04 1.74322119e+03 3.89998352e+02 1.46974915e+03
 5.71786438e+02 6.15389709e+02 6.49146240e+03 1.19079053e+03
 1.87136246e+02 7.89769958e+02 6.43911316e+02 3.67804570e+04
 4.36630156e+04 4.34627808e+02 4.46581592e+03 5.44379395e+02
 9.77443665e+02 5.15980713e+02 1.85274625e+05 3.37756128e+03
 4.47184418e+02 2.32988550e+03 9.16333691e+03 1.12155603e+03
 1.76857959e+03 2.19189011e+02 2.60759449e+01 3.16623199e+02
 4.61786957e+02 2.33624435e+02 1.13410400e+04 5.74718933e+02
 5.11731982e+03 8.10833435e+01 3.34515961e+02 2.35874466e+02
 2.03056259e+02 1.67325836e+02 2.88346167e+03 1.29916748e+03
 1.70522058e+03 8.51475342e+02 1.30552051e+04 2.72764526e+02
 6.49639141e+04 1.02948318e+02 7.23984668e+03 6.11374878e+02
 2.45772419e+01 6.70183960e+02 1.22299756e+03 1.38732202e+03
 9.83050720e+02 4.47062207e+03 1.44128528e+03 8.62910583e+02
 1.43991425e+02 4.18259062e+04 2.35484141e+04 3.86730469e+02
 1.28290820e+03 6.48290820e+03 4.08626709e+02 6.63065918e+02
 1.19783057e+03 2.59550312e+04 8.28547168e+03 6.53421265e+02
 9.77288281e+03 1.62925430e+02 5.00848438e+03 1.15159492e+01
 9.38132617e+03 2.58890063e+03 1.01599219e+04 5.71289697e+03
 3.49440576e+03 4.02747925e+03 7.04333447e+03 6.35758057e+02
 4.65931793e+02 1.39778770e+04 5.89197273e+01 3.39414429e+03
 9.08048926e+03 9.38316467e+02 2.03526489e+03 1.82257605e+03
 4.84000740e+01 1.49362061e+02 3.61014688e+04 1.22683154e+03
 4.95317291e+02 2.79821558e+03 7.06816016e+03 3.76967041e+02
 9.28742969e+03 7.60716016e+03 1.71353439e+02 7.22826562e+03
 1.74156116e+03 5.55813538e+02 3.15931055e+04 2.93798516e+04
 3.81247266e+03 1.24478320e+03 5.01254921e+01 1.27065239e+02
 9.54125781e+03 7.18702942e+02 7.82918701e+02 1.02921179e+03
 1.09572498e+03 1.60063965e+03 2.48440967e+03 3.37860742e+04
 3.10783350e+03 3.59524170e+02 2.62939795e+03 3.80880280e+02
 1.86050842e+03 1.38826050e+03 2.32141626e+03 1.90962695e+03
 2.67085303e+03 3.02798340e+03 2.02196445e+04 4.63064893e+03
 3.07896826e+03 9.98323486e+02 6.54908594e+03 5.15372864e+02
 1.92041973e+04 3.71830103e+03 3.93205547e+04 1.05321777e+03
 9.94126038e+02 3.33021729e+03 2.38775558e+02 2.20202539e+03
 4.86720117e+03 1.74588330e+03 1.82811016e+04 3.98378357e+02
 4.98769482e+03 1.38857666e+03 5.81337744e+03 2.26908936e+03
 3.16325073e+03 4.74989795e+03 1.77234573e+02 1.04700757e+03
 1.31661087e+02 2.69052881e+03 1.61064209e+03 1.32279468e+03
 9.73484131e+02 5.72148987e+02 8.46056328e+04 3.09658374e+03
 3.63404727e+04 2.94909009e+03 4.86746436e+03 6.47757996e+02
 3.72922302e+02 8.08043701e+02 7.84407043e+02 1.30442358e+03
 1.56166061e+02 8.03634033e+01 5.14193213e+03 8.71044629e+03
 2.35261250e+04 8.04497299e+01 4.84102753e+02 4.66984894e+02
 2.94271423e+02 1.60373010e+03 3.63274683e+03 2.68257383e+04
 4.96538757e+02 5.96981641e+03 1.09324585e+03 3.53343750e+03
 4.13571436e+03 1.02312939e+03 1.23092981e+03 4.04224390e+03
 9.60763672e+03 3.44808252e+03 7.39080261e+02 3.24176086e+02
 1.74171953e+04 1.79944836e+03 1.00523096e+04 2.87337006e+02
 1.40065991e+03 3.18994214e+03 4.47485046e+02 9.12798203e+04
 1.59723669e+03 2.15161938e+03 3.13326147e+03 5.88331543e+03
 8.23225037e+02 1.02095161e+02 2.53069849e+03 1.26483917e+02
 6.28368042e+02 3.55508698e+02 1.78269440e+02 2.91084326e+03
 3.10557251e+03 1.90898712e+02 7.53238159e+02 1.02972183e+02
 1.45982104e+03 2.84954810e+03 5.68951611e+03 2.06344043e+03
 5.61692334e+03 1.64194214e+03 1.14592520e+04 4.67222906e+05
 4.38448096e+03 4.57391815e+02 1.39916031e+02 4.05106953e+04
 5.90897278e+02 8.44605560e+01 4.84072314e+03 1.01138412e+02
 8.06489624e+02 1.41215134e+02 4.26563379e+03 1.01063906e+04
 1.18899248e+04 6.16025269e+02 8.95867090e+03 2.04022812e+02
 1.83354062e+04 1.49009922e+04 2.21442703e+02 3.39850049e+03
 4.26255402e+02 3.34261963e+02 2.29965063e+03 1.68672058e+03
 3.22213496e+04 5.93735791e+03 9.16943359e+03 3.79616516e+02
 4.84229150e+03 3.74285309e+02 9.85195984e+02 3.77089844e+05
 2.54756519e+03 5.54725391e+03 7.01588867e+02 6.04126904e+03
 1.39582070e+04 3.38942627e+03 2.77783228e+03 2.36177676e+04
 1.39532728e+01 1.35593005e+03 1.58398457e+04 3.97407471e+03
 7.75028381e+01 8.67623413e+02 1.51636438e+03 1.18127795e+03]
8320.104
467222.9
