[1.34858857e+04 2.00051404e+03 5.75404883e+03 1.80804956e+03
 6.84082422e+03 3.84897607e+03 1.69979834e+03 2.89627129e+04
 8.09378760e+03 3.94682715e+03 4.14025342e+03 2.55383477e+04
 2.70673145e+03 2.89005444e+03 3.98768774e+03 5.63594678e+03
 4.04482837e+03 1.96481191e+04 5.64844297e+04 2.38179109e+05
 3.74386875e+04 1.95621826e+03 4.37413125e+05 6.51524756e+03
 2.83315948e+02 1.12760641e+05 1.40797938e+05 2.83097363e+04
 3.96949609e+03 2.54165332e+03 1.91856621e+04 8.24874121e+03
 6.79294922e+03 6.24285583e+02 6.09852812e+04 1.41105557e+04
 3.38109570e+03 5.92440063e+02 1.04877168e+04 2.34503174e+03
 3.12778491e+03 5.96113203e+04 9.42903027e+03 3.26492749e+03
 4.78557861e+03 4.11372168e+03 1.27847095e+03 1.69035461e+02
 4.97931305e+02 2.83682852e+04 1.45388904e+03 4.28746484e+03
 8.05594177e+02 3.08359938e+05 2.62502295e+03 8.67764282e+00
 7.34115906e+02 1.25963242e+05 3.77588906e+04 8.84799609e+03
 5.08092344e+04 4.33444678e+03 1.32311426e+04 1.05088953e+03
 5.97445007e+02 2.55412109e+04 1.72827576e+03 5.19733447e+03
 1.38618140e+03 1.91757949e+04 3.02754150e+03 3.92733301e+03
 6.85482666e+02 7.21409424e+03 3.44589233e+03 5.51980322e+03
 2.28653931e+03 3.06479141e+04 8.04397363e+03 1.42674375e+05
 7.54677856e+02 3.89678369e+03 5.30656311e+02 2.81491821e+03
 3.22599268e+03 4.89191699e+03 1.50641809e+03 2.06577856e+03
 4.05464868e+03 4.19624375e+04 4.37067188e+03 2.03337875e+05
 1.48705261e+03 1.51213604e+04 9.53048594e+04 6.65436719e+03
 1.63103638e+03 4.01382202e+03 3.04954746e+04 1.75489001e+03
 2.95444287e+03 5.44901428e+02 4.99419022e+01 5.29717224e+02
 1.08500391e+04 4.05505371e+03 8.96999451e+02 3.76241821e+03
 2.81939502e+03 1.26756409e+03 1.60907117e+03 9.27063770e+03
 6.52231201e+02 1.14484692e+03 6.32699219e+03 1.88474207e+03
 1.52214380e+03 3.33757930e+04 6.73900330e+02 3.90666077e+02
 1.95285583e+03 3.79307656e+04 1.80445938e+02 6.13065078e+04
 8.43670959e+02 1.30540329e+02 2.39149609e+03 3.03680225e+03
 1.10343188e+03 3.70444458e+03 1.80658044e+03 3.23344751e+03
 5.51781982e+03 1.50879004e+03 9.76474365e+02 1.03666406e+03
 3.88228906e+03 4.61296631e+03 1.04999785e+04 2.49949194e+03
 4.91878857e+03 3.38416602e+04 4.38338750e+04 6.68490430e+03
 4.59679736e+03 8.95668945e+02 8.85592651e+02 8.30784277e+03
 3.02567539e+04 3.05454126e+03 1.07151782e+03 1.27596387e+03
 3.13684253e+03 2.16213672e+03 2.21644336e+03 3.39318994e+03
 4.17143433e+02 1.76865312e+05 5.24570679e+02 2.52479984e+05
 1.54417910e+04 1.32788318e+03 4.26282562e+02 4.42210938e+03
 3.87972754e+03 2.90889990e+03 5.28932520e+03 1.58205786e+03
 4.11614307e+03 3.19144414e+04 3.36045093e+03 7.80503418e+03
 6.23712256e+03 2.19369165e+03 9.97825165e+01 4.91384766e+03
 1.12414277e+04 6.94835876e+02 3.57702246e+03 5.83175781e+04
 6.48019883e+04 2.31170142e+03 8.67330547e+04 4.62185898e+04
 2.02090371e+04 3.94641724e+03 1.56521558e+03 2.92663672e+03
 2.57325195e+03 1.71618542e+03 3.48775146e+03 4.34057312e+02
 1.02870752e+03 4.42402734e+03 7.39917656e+04 1.27990942e+03
 2.10944355e+04 3.34945947e+03 6.72725891e+02 1.10178828e+04
 8.42548828e+02 4.05398125e+04 9.94547913e+02 4.48276367e+02
 1.62686982e+04 1.46101969e+05 2.65968213e+03 2.44277124e+03
 1.70891760e+03 2.27049668e+04 3.24477563e+03 3.13090424e+02
 4.18083398e+03 9.38035742e+03 6.80636621e+03 7.16120239e+02
 1.88674451e+03 4.34352600e+02 4.12757383e+04 7.26540039e+02
 1.18565967e+03 7.80884827e+02 3.60038501e+03 1.26211703e+05
 4.60658496e+03 9.79550110e+02 1.07211641e+04 2.65014893e+02
 1.64839050e+03 4.47652832e+03 2.85638306e+03 2.17415991e+03
 5.50585469e+04 3.77482324e+03 2.43532764e+03 4.46939014e+03
 5.38141455e+03 3.94163269e+02 3.23827222e+03 2.17326172e+02
 1.33724854e+04 4.82549707e+03 1.09730713e+04 6.36291602e+03
 3.46486725e+02 1.16621230e+04 3.08728198e+03 5.47772314e+03
 3.97606445e+03 1.80648594e+04 2.72041809e+02 4.33409424e+03
 2.56480908e+03 8.08855347e+02 2.49023633e+03 3.49802832e+03
 4.11057373e+03 8.98841614e+02 1.26877568e+04 8.41106186e+01
 5.27649766e+04 4.03007148e+04 1.11745617e+05 1.25989807e+03
 1.28006567e+03 2.27857373e+03 7.41834473e+02 3.97828516e+03
 8.40741211e+03 1.87566191e+04 1.42394727e+03 1.02979000e+05
 1.52714026e+03 5.69860657e+02 8.22430469e+03 3.66893262e+03
 1.64166438e+05 1.41869062e+04 2.00852429e+03 3.36022500e+05
 2.86434906e+02 1.63251489e+03 1.72189661e+03 1.00348672e+04
 3.51827222e+03 2.42021338e+03 5.94772168e+03 7.56022314e+03
 6.81384424e+03 4.05614160e+03 4.91662031e+04 8.93740332e+03
 8.32530664e+03 4.58451294e+02 2.29110156e+03 4.37383301e+02
 1.26417383e+04 4.22981094e+04 2.93389668e+04 3.93660547e+03
 2.09820532e+03 6.99697571e+02 1.37073887e+04 9.38836035e+03
 1.23294648e+04 1.16008288e+06 1.54229370e+03 3.26585918e+04
 2.79281219e+02 1.56644324e+03 3.37030078e+03 3.49671118e+03
 5.34773867e+04 3.81419556e+02 7.69815552e+02 4.20206787e+03
 2.02315332e+04 9.28115000e+04 1.02919263e+03 2.28312734e+04
 2.29057446e+03 2.48136621e+04 3.54555737e+03 3.06004370e+03
 8.08545938e+04 1.03631213e+03 6.58128984e+04 2.02875720e+03
 5.40263428e+03 2.74245254e+04 1.04913928e+03 7.49865799e+01
 6.16840186e+03 1.56889636e+03 1.64720352e+04 4.14647227e+04
 1.09048059e+03 5.15237158e+03 7.33483438e+04 2.46382324e+03
 6.24839966e+02 1.69667126e+03 3.90443701e+03 3.57270430e+04
 1.50138496e+04 3.80420190e+03 3.99532410e+02 6.07392090e+03
 4.25967070e+04 9.22577148e+02 4.37117422e+04 2.35717609e+05
 4.16309082e+03 3.61755977e+04 1.39792297e+03 1.70733828e+04
 4.49104297e+03 2.72781006e+03 1.71756970e+03 2.06025430e+04
 5.49038379e+03 1.21448242e+04 6.09186602e+04 3.63954712e+03
 8.06094688e+04 8.20255125e+05 1.29556172e+04 1.52940845e+03
 2.70956094e+05 4.48988525e+03 8.95379004e+03 3.86401562e+04
 3.61981055e+04 2.72820850e+03 2.13286914e+03 6.65395938e+04
 1.86784062e+04 2.28984229e+03 2.66107935e+03 1.58486060e+03
 4.06506875e+04 3.97751133e+04 8.14361000e+05 2.63934375e+03
 5.80671875e+03 1.44590342e+04 2.53459888e+03 3.90465161e+03
 3.19154082e+04 1.09443018e+04 5.58653174e+03 8.30057312e+02
 2.89137427e+03 5.62153174e+03 1.17274600e+04 1.49562549e+04
 1.50194763e+03 1.07563984e+05 1.57109741e+03 1.17696602e+05
 1.42659131e+03 1.06904785e+04 6.82368164e+02 1.57193262e+03
 6.75419580e+03 2.81883711e+04 1.41764856e+03 6.76486877e+02
 2.76463300e+06 7.33841492e+02 6.19353223e+03 5.07445039e+04
 3.10802979e+03 1.73351282e+03 9.84780625e+04 1.04279111e+04
 4.36964941e+03 1.66105054e+03 3.23092383e+03 2.67712451e+03
 1.48034648e+04 1.96908472e+03 4.48468164e+03 5.54750039e+04
 2.80207666e+03 3.02677319e+03 2.20989570e+04 1.44027917e+03
 7.16051641e+04 6.49396240e+03 3.14258203e+03 2.78260234e+04
 1.53020288e+03 1.34688406e+05 1.29918628e+03 2.91914062e+03
 1.91875854e+03 2.94391693e+02 1.53283069e+03 1.08675498e+04
 9.72794238e+03 3.25185864e+03 1.39311514e+04 8.18260693e+03
 2.67909973e+02 5.84559860e+01 4.35968945e+03 6.95343516e+04
 1.77804004e+04 1.79091333e+03 5.48187378e+02 2.27876562e+05
 1.28335608e+03 9.01757520e+03 7.58146172e+04 5.32081689e+03
 8.33413281e+03 6.76410693e+03 8.89803223e+03 4.31377350e+02
 4.61430029e+03 3.76113403e+02 1.45206287e+03 8.73638382e+01
 1.28532930e+04 1.35144455e+02 7.14897510e+03 5.50111084e+01
 1.14601819e+03 2.49190156e+05 1.25766768e+04 3.22335571e+03
 2.83583545e+03 4.47725586e+03 4.92528595e+02 2.74274238e+04
 4.84533417e+02 4.46792725e+03 2.82370911e+02 4.11929443e+02
 1.76438391e+03 8.95892090e+02 3.41707324e+03 1.40112598e+03
 8.87794336e+03 3.14184814e+03 1.74807690e+03 1.63250391e+05
 3.58592554e+03 2.76561987e+03 5.31385547e+03 6.25821045e+03
 7.48323059e+01 6.31258691e+03 6.21173633e+03 5.57138489e+02
 3.17035693e+03 4.45163633e+04 3.25098560e+03 1.65707532e+03
 2.80836487e+02 2.56892505e+03 2.49347891e+04 3.20623486e+03
 1.42594727e+03 3.98961401e+03 9.54655371e+03 5.47163965e+03
 5.20883301e+03 3.01510925e+02 1.30428406e+03 3.28374951e+03
 3.33925635e+03 1.24512227e+04 4.18377783e+03 1.27427930e+05
 1.25530615e+04 1.20882825e+03 7.54166443e+02 9.69458496e+02
 2.06261060e+03 3.24646074e+04 5.37870239e+02 2.81623926e+03
 1.53115088e+04 5.58757019e+02 6.18483789e+03 8.25157227e+03
 1.52039197e+03 5.05991486e+02 5.59708801e+02 3.79304761e+03
 1.64108264e+03 3.32986060e+03 2.35776514e+03 2.50975586e+03
 4.32173438e+04 8.91637695e+03 2.02952075e+03 3.67576562e+03
 5.07117236e+03 1.11165117e+05 2.55355164e+02 7.48772949e+02
 3.18971655e+03 3.40656097e+02 2.94079551e+04 1.21916492e+03
 6.14942344e+04 5.04952393e+03 3.23970312e+03 7.34074341e+02
 3.26089526e+03 1.18409639e+04 8.04151489e+02 4.49638281e+04
 4.23113330e+03 8.29660217e+02 2.26709277e+03 1.10914917e+03
 9.71973145e+03 3.13335864e+03 2.90004712e+03 1.24168408e+04
 7.27406592e+03 6.11890686e+02 3.98206421e+03 1.13881750e+05
 1.84744067e+03 4.56888245e+02 1.70429346e+03 4.73465967e+03
 4.36983984e+04 1.27487070e+04 9.02831348e+03 2.72033027e+04
 3.87176953e+03 2.31024609e+03 1.54482344e+04 9.63175049e+02
 1.81226250e+05 6.89626846e+01 8.12320078e+04 4.86176836e+04
 3.47001978e+03 2.64603125e+05 1.40609717e+03 1.02090295e+03
 3.70087085e+03 9.00680371e+03 3.64493945e+04 2.25661646e+03
 8.43128516e+03 1.85176733e+03 1.81732832e+04 5.06144580e+03
 2.57725635e+03 1.41411875e+04 3.16198477e+04 4.95290436e+02
 2.04420594e+05 1.19095820e+04 1.34660425e+03 1.59030066e+03
 1.51514297e+04 1.69522900e+03 5.11778760e+03 1.33877380e+03
 2.66641504e+04 6.29383105e+03 2.16516968e+03 6.58603882e+02
 4.28135156e+04 2.22598281e+04 8.46476367e+03 1.87070227e+03
 1.34382688e+05 1.21564164e+05 7.01746797e+04 3.86871641e+04
 8.34408752e+02 4.61150830e+03 1.24883582e+03 4.66814087e+02
 7.23516797e+03 8.13603516e+03 2.93201172e+03 7.87487366e+02
 4.84742920e+03 4.37605273e+03 1.66866758e+04 1.43090796e+03
 3.05382422e+03 6.87917822e+03 1.47281897e+03 2.48634814e+03
 5.33475220e+02 3.11294043e+03 4.47314600e+03 1.07594797e+05
 3.58768738e+02 2.56684546e+03 4.71632715e+03 1.01953247e+03
 1.96033078e+05 8.08991150e+02 2.54898755e+03 1.46787861e+04
 4.38974487e+02 1.18714880e+03 1.28366113e+03 3.62855396e+03
 4.80254443e+03 1.55366223e+03 8.97951172e+03 1.02304510e+03
 3.35372144e+03 6.67238047e+04 1.59226477e+03 4.11412079e+02
 3.61433276e+03 3.87231680e+04 7.06209912e+03 1.41350293e+03
 6.25702100e+03 2.03731177e+03 1.41961243e+03 4.65761078e+02
 1.82207504e+02 8.69593047e+04 3.63098945e+04 7.64054626e+02
 8.09340271e+02 2.23219751e+03 8.92323926e+03 5.83984883e+04
 2.83102612e+03 3.46786621e+03 2.53616133e+04 6.01381992e+04
 9.86131653e+02 1.49570496e+02 4.41841650e+03 6.97716248e+02
 3.35467969e+04 4.22675439e+03 1.42916199e+02 3.84842070e+04
 2.33461670e+02 4.15311035e+03 2.26000317e+03 1.06786230e+04
 1.88485522e+03 6.24554199e+03 4.74652222e+02 4.33581006e+03
 1.94275684e+04 1.33856738e+03 1.93333215e+03 3.49618652e+03
 9.46106689e+02 9.00164490e+02 6.43530762e+03 5.48725708e+02
 1.20254805e+04 7.21547266e+03 1.80010413e+03 6.27080957e+03
 4.26097070e+03 2.81457617e+03 5.28915771e+03 2.68684741e+03
 1.36473330e+04 9.79452881e+02 2.19287773e+04 1.20713027e+04
 1.36772803e+04 2.00238513e+03 2.21510181e+03 3.57946606e+03
 2.14291577e+03 2.11124390e+03 2.55822681e+03 9.03934922e+04
 4.10248016e+02 2.58558447e+03 3.20757080e+03 6.36511797e+04
 2.28929219e+04 2.47205640e+03 7.17136328e+03 6.27132764e+03
 3.22721855e+04 2.32118320e+04 5.07073281e+04 2.33236670e+03
 5.16409424e+02 3.16250439e+03 4.52427002e+03 5.52044287e+03
 4.74325273e+04 9.64887817e+02 2.59302891e+04 1.72306067e+03
 4.46733252e+03 1.24680264e+04 5.43858875e+05 2.62456230e+04
 3.00641235e+03 1.41457837e+03 4.30464023e+04 1.52736847e+02
 6.55097949e+03 4.05888306e+03 2.08289722e+03 3.89135083e+03
 2.41948700e+02 1.39164673e+03 1.49738027e+04 1.04371887e+03
 8.71859766e+03 3.87382837e+03 1.92143689e+03 4.62848008e+04
 1.02042559e+04 1.34369336e+03 3.87639923e+02 4.68204102e+03
 6.50328418e+03 2.54976816e+04 5.91410664e+04 5.30162500e+03
 1.80373875e+05 5.00064102e+04 4.17299072e+03 3.92692223e+01
 4.40383179e+02 4.28032227e+03 3.34713477e+03 2.31209082e+03
 1.45273926e+04 4.33914160e+03 3.22743115e+03 2.16858154e+02
 1.34296295e+02 4.11099609e+03 1.19583570e+05 3.53649341e+03
 2.14891675e+03 2.13985531e+05 8.46139587e+02 2.18120938e+04
 9.94100684e+03 1.91300527e+04 2.41449922e+04 5.75545410e+03
 7.09960400e+03 8.30417358e+02 4.13108838e+03 9.77649121e+03
 6.53370078e+04 1.17545508e+03 9.75562695e+03 5.07952783e+03
 4.63893359e+03 1.83191498e+02 3.57571602e+04 2.54101855e+03
 1.74031433e+03 1.12001553e+04 2.15233472e+03 2.23817953e+05
 8.75822031e+04 9.68370020e+03 9.51388245e+02 6.24476953e+03
 5.45181580e+02 4.89852344e+03 1.31842297e+05 1.78130516e+05
 2.90177012e+04 1.44356613e+01 9.30753359e+04 2.33501196e+03
 1.98524121e+04 8.78072168e+03 1.57595349e+03 1.61313643e+04
 7.42714160e+03 1.48814587e+03 1.23636172e+04 2.84214282e+03
 3.92802515e+03 2.13393726e+03 6.36770386e+02 5.69339111e+02
 8.35837188e+04 2.47639258e+03 6.40500146e+03 3.30147552e+02
 5.11448303e+02 1.27655652e+03 4.81987762e+02 7.96286914e+03
 1.78682605e+03 2.76369568e+02 7.59996045e+03 7.54210938e+02
 5.16691406e+02 2.99437317e+02 1.89559023e+04 2.30270776e+03
 6.31486035e+03 3.33939722e+03 1.30144502e+04 2.20186375e+05
 3.08263574e+03 1.22298305e+05 5.32849365e+03 2.50816650e+03
 1.92668875e+05 8.41801758e+03 3.23972988e+04 2.77631191e+04
 2.06614258e+03 1.31754785e+03 4.74917090e+03 1.07039417e+03
 3.91233555e+04 1.93225525e+03 1.05978037e+04 6.77066223e+02
 1.76487203e+05 1.83332776e+03 1.01252362e+03 2.33922632e+03
 2.73992700e+03 6.23591675e+02 2.71719043e+03 3.80328491e+03
 8.46146484e+02 1.62860962e+03 3.91189551e+03 2.30420996e+03
 7.94659609e+04 6.75867432e+02 2.44242000e+05 7.79643438e+04
 1.03971773e+05 2.06481030e+03 2.63403595e+02 1.25127502e+03
 2.10270825e+03 2.62610498e+03 9.47858398e+02 8.09455615e+03
 2.37688751e+02 2.11898291e+03 1.04744788e+03 1.02908242e+04
 7.25680322e+03 1.24965615e+04 1.12143975e+04 1.53683521e+03
 1.00701611e+03 1.97213028e+02 3.01672266e+03 1.17946188e+05
 9.87443115e+02 1.48886602e+04 2.20770527e+04 7.90979834e+03
 5.14307812e+03 1.12706973e+04 3.30760742e+04 4.49444189e+03
 3.79579004e+03 1.35426064e+04 3.63110474e+02 9.29758850e+02
 7.74585547e+04 2.46716934e+02 2.12505225e+03 1.56036279e+03
 1.60154822e+03 1.21168535e+04 9.85763306e+02 1.09437133e+05
 1.40774915e+03 4.30733252e+03 5.99533398e+03 3.89101465e+03
 2.53992773e+03 1.02604863e+04 1.08424404e+04 3.79973984e+01
 3.60829663e+03 9.03755249e+02 1.47987671e+03 7.30209717e+03
 5.33450586e+03 6.61875488e+03 9.22042786e+02 9.52534375e+03
 2.97335400e+03 2.83794897e+03 3.89703125e+03 1.20578311e+04
 1.11085391e+04 2.49656616e+03 7.35087744e+03 9.32356562e+05
 4.52709453e+04 6.72061829e+02 1.21104651e+03 1.17255049e+04
 1.42856836e+03 2.15020874e+03 1.14063711e+04 6.06428101e+02
 1.14235559e+03 1.09140586e+04 1.20240527e+03 8.86933594e+03
 7.83321436e+03 1.17078015e+03 2.23942114e+03 1.23048340e+03
 1.79538766e+05 4.19493555e+04 2.49073950e+03 1.64898169e+03
 3.27618500e+02 3.73455591e+03 8.25963477e+03 6.56160156e+03
 3.58927969e+05 1.54088154e+01 5.29943237e+02 8.48832642e+02
 1.04916777e+04 4.04634766e+02 4.83625793e+01 2.14192328e+05
 2.48629810e+03 7.77204785e+03 5.57834900e+02 2.61909473e+04
 5.60444805e+04 2.54681523e+04 1.20606855e+04 1.28832910e+04
 2.57870148e+02 1.67947754e+03 5.79017617e+04 9.26910742e+03
 7.84291626e+02 2.29131607e+02 4.14371826e+03 2.74997009e+02]
25866.092
2764633.0
