[1.06882068e+03 1.46497787e+02 6.23611107e+01 1.29367249e+02
 2.78826080e+02 2.28781754e+02 6.29195290e+01 2.88254730e+02
 2.11039917e+03 2.28042099e+02 2.44964767e+02 1.99962073e+03
 1.26631299e+03 9.07052307e+01 1.27300476e+02 2.52750961e+02
 2.56666577e+03 2.75882080e+02 7.59276428e+02 3.22962866e+03
 6.61067200e+02 1.36204208e+02 1.78881094e+05 8.03641281e+01
 1.01060629e+01 1.21956914e+04 4.52228174e+03 2.12481763e+03
 2.25102478e+02 1.84832642e+02 8.78491882e+02 4.95134430e+02
 3.12621063e+02 1.61405899e+02 3.51232452e+02 1.07659607e+03
 2.18726959e+02 1.60232162e+02 7.74770447e+02 2.88704319e+01
 9.73493848e+03 4.90443787e+02 5.78992310e+02 5.11564819e+02
 1.75437866e+03 3.02061401e+02 2.17608841e+02 9.66584549e+01
 2.85516174e+02 1.41615308e+03 1.01596924e+02 2.42325409e+02
 1.19296932e+01 5.40265820e+03 1.87089996e+02 1.11651863e+02
 2.95435669e+02 1.70070935e+03 6.15225281e+02 1.68022583e+02
 8.85905334e+02 5.65038623e+03 2.39218857e+02 1.29306984e+01
 5.03755426e+00 3.42974561e+03 4.82918793e+02 8.86172180e+01
 1.41209152e+02 5.41359619e+03 2.68197113e+02 1.11672768e+02
 3.34409180e+02 2.70969055e+02 2.49628235e+02 3.30179138e+02
 2.53564484e+02 2.52845963e+02 3.88676643e+01 5.20373291e+03
 1.26870758e+02 4.07263330e+03 3.11865306e+00 2.15233322e+02
 2.41313293e+02 7.60733795e+00 2.39018875e+02 4.24169121e+01
 2.15913437e+02 1.59017105e+02 4.05507538e+02 2.12369922e+03
 2.60569397e+02 5.09299011e+02 7.74776611e+03 1.58662201e+02
 3.25225342e+02 3.99194977e+02 1.38089722e+02 1.83052414e+02
 1.15363928e+03 4.90095154e+02 1.37511948e+02 7.00614700e+01
 2.27587341e+02 2.19293625e+02 4.85594826e+01 2.10858734e+02
 2.63413452e+02 2.01683304e+02 2.06632401e+02 9.81932556e+02
 9.63808365e+01 2.99040813e+01 2.60540009e+02 1.60200409e+02
 1.16060829e+01 4.38735742e+03 1.46990454e+03 1.53485851e+01
 4.84212555e+02 8.07294922e+01 2.06894531e+02 2.39160229e+03
 4.40873749e+02 6.43499756e+02 7.85274887e+00 6.11132812e+02
 1.18540222e+02 5.54259071e+01 1.63421417e+02 1.29857376e+02
 4.84132202e+02 1.05328171e+02 2.64844147e+02 1.01093033e+02
 5.74830078e+02 3.12443115e+02 3.64669617e+02 3.60257416e+02
 1.04138037e+03 3.11750122e+02 4.35122986e+02 4.20129089e+02
 7.68870621e+01 6.25762177e+00 2.77211976e+00 2.71772339e+03
 5.51202820e+02 6.90330322e+02 8.99466248e+01 1.12073524e+02
 2.18274551e+02 1.92594254e+02 1.77696487e+02 2.80637939e+02
 5.11635742e+01 1.61681543e+03 1.11399307e+02 8.04480078e+03
 7.08020630e+02 7.63913116e+01 6.53050537e+01 1.68470154e+01
 4.40413544e+02 2.55305157e+01 1.79908646e+02 1.21762048e+03
 3.84734131e+02 3.87178314e+02 7.12681732e+01 2.25954483e+02
 3.77576218e+01 3.23825836e+02 2.11962509e+02 2.42493637e+02
 3.65675110e+02 3.33421898e+01 3.88585663e+02 4.26535126e+02
 1.18670288e+02 1.74630642e+01 7.03774219e+03 2.79249084e+02
 8.04560547e+01 1.46560488e+01 1.14492104e+02 2.49663101e+02
 2.79686432e+02 5.92879150e+02 3.37618561e+02 9.97489853e+01
 2.04208969e+02 2.18266342e+02 1.30877139e+04 4.77608871e+00
 1.25383972e+03 3.87988373e+02 3.76628494e+01 4.83573212e+02
 4.90458649e+02 1.56238489e+03 3.01083813e+03 7.13252380e+02
 2.84343384e+03 4.54664111e+03 3.48451080e+02 9.87511368e+01
 1.17441910e+02 1.96326256e+01 6.46505371e+02 3.61439819e+01
 1.76389114e+02 5.13203308e+02 1.36946396e+02 4.50706005e+00
 2.20407043e+02 9.64475822e+00 6.16612610e+02 1.48639587e+02
 4.71554756e+01 2.05695038e+02 1.45934082e+02 8.35200391e+03
 2.40504410e+02 2.46336960e+02 3.80605255e+02 4.70205593e+00
 2.62414032e+02 3.29530243e+02 2.11760468e+02 3.73945068e+02
 2.93772766e+02 7.42114929e+02 1.68231400e+02 2.02413843e+03
 3.91243553e+01 1.54286451e+01 1.97328384e+02 9.74217072e+01
 4.15729590e+03 1.29899273e+01 5.29793799e+03 3.21570068e+02
 1.32176529e+02 1.16888611e+02 2.33901749e+02 5.79956970e+02
 3.61105591e+02 2.79282305e+04 3.27643895e+00 1.34801113e+04
 1.20906456e+02 2.24818001e+01 1.46512253e+02 2.01789780e+02
 7.51702209e+02 6.96970215e+01 2.18479401e+02 2.89458752e+01
 4.96074658e+03 6.86361267e+02 1.72006836e+03 1.88546906e+01
 1.99990707e+02 1.37436066e+02 2.01131668e+02 3.71724335e+02
 6.66249146e+02 4.10741089e+02 3.58517075e+01 6.13608093e+02
 7.84468460e+01 1.69655762e+02 5.94370422e+02 2.00672302e+02
 3.08402686e+03 1.42253357e+03 7.61211609e+02 4.33513232e+03
 4.79576988e+01 1.99169470e+03 1.05718613e+02 1.78979416e+02
 3.02198339e+00 3.20338837e+02 2.86314789e+02 6.72708008e+02
 8.90226746e+00 4.90466248e+02 5.17719092e+03 8.49562645e+00
 4.15770905e+02 3.86468925e+01 1.48368179e+02 2.91843628e+02
 2.36617538e+02 5.98096497e+02 1.87477219e+02 1.19625893e+01
 1.49453003e+02 2.30201080e+02 2.27898148e+02 1.09200488e+03
 3.78552295e+03 1.47868467e+04 1.26809982e+02 4.61375488e+03
 2.39467422e+02 3.62888580e+02 1.88129440e+02 1.07700836e+02
 6.03325989e+02 1.60383865e+02 1.37162247e+01 4.16841431e+02
 3.30577118e+02 1.79772607e+03 3.36224731e+02 1.03269714e+03
 1.85157028e+02 1.60613611e+03 8.19772705e+02 5.95359924e+02
 4.39478699e+02 1.96552612e+02 1.35496357e+04 1.12834610e+02
 6.15811340e+02 2.20083057e+03 5.14369469e+01 3.98278308e+00
 1.03370453e+02 4.63933472e+02 1.84515564e+02 2.03105396e+03
 1.06742538e+02 1.02725891e+02 1.43682959e+03 1.06803894e+02
 2.34834427e+02 2.00142212e+02 2.10517288e+02 3.64726715e+02
 2.06653671e+01 2.06774033e+02 1.50371256e+01 4.66188721e+02
 3.36056915e+02 1.02191788e+02 4.44885107e+03 3.52469922e+03
 3.63594170e+01 7.83848343e+01 1.90851761e+02 8.81315857e+02
 8.17540833e+02 3.06500183e+02 2.40195236e+02 1.97789575e+03
 1.63299463e+03 2.43040186e+03 8.09565186e+02 2.06503479e+02
 1.06668982e+03 1.55971240e+03 1.94513184e+02 1.02119690e+02
 3.64070972e+03 4.47551849e+02 7.37357056e+02 3.49835419e+02
 8.50295703e+03 1.48892303e+02 7.54961166e+01 1.09643140e+03
 1.49401387e+04 4.21985260e+02 1.01248795e+02 3.85627670e+01
 5.35560059e+02 5.14227966e+02 1.71104590e+04 2.61582947e+02
 1.03371376e+02 1.45331238e+02 5.65595764e+02 7.87990845e+02
 3.54980530e+02 2.86787079e+02 1.12311279e+03 2.07843819e+01
 9.01863342e+02 2.64135315e+02 1.98903488e+02 4.23422119e+03
 1.64781128e+02 5.61849951e+03 3.01712341e+02 6.73377563e+02
 2.16386871e+02 4.31906525e+02 9.65167770e+01 4.70438051e+00
 1.48349991e+02 2.37949921e+02 3.16763000e+02 2.24003525e+02
 2.28659328e+05 8.58473083e+02 1.69770996e+02 8.58891907e+02
 3.71217334e+03 1.62884491e+02 1.13085376e+03 7.34641846e+02
 9.40734406e+01 2.18185318e+02 5.61585144e+02 2.13179614e+03
 6.39143250e+02 1.70915085e+02 8.18579865e+01 5.67845703e+02
 2.39154007e+02 1.80714676e+02 1.44328613e+02 5.16009378e+00
 5.53200684e+02 3.48585999e+02 1.40170944e+02 1.42324487e+03
 7.57321960e+02 2.35720142e+03 3.74681854e+01 3.38038750e+01
 6.42508316e+01 2.63359680e+02 2.33960114e+02 2.77878143e+02
 3.79392853e+02 1.92577347e+02 1.91071289e+03 6.51859619e+02
 1.53153900e+02 2.85802460e+02 4.37251511e+01 5.97643127e+02
 1.73228439e+02 1.09985329e+02 9.61321945e+01 5.56356719e+04
 2.74953308e+02 7.87478821e+02 2.41185165e+02 5.45434990e+01
 4.57376862e+00 3.36424438e+02 7.10578552e+02 9.77841377e+00
 1.23281604e+03 5.03286247e+01 1.90550034e+02 6.49055023e+01
 5.01742798e+02 9.77233200e+01 2.51992630e+02 3.44480095e+01
 6.74397202e+01 3.06353101e+03 1.08133777e+03 4.16856720e+02
 3.10063629e+01 1.44945740e+02 5.61625099e+00 3.05913116e+02
 3.20236349e+00 2.53590607e+02 4.91020889e+01 1.73552811e+02
 2.28676453e+02 1.91423792e+03 1.92608776e+01 1.13976550e+03
 5.77228271e+02 6.37939026e+02 9.69676819e+01 2.21704834e+03
 1.15464371e+02 1.71763031e+02 2.28634293e+02 3.06269287e+02
 1.02115868e+02 8.36929016e+02 1.89996552e+02 1.16931987e+00
 1.38992615e+02 2.44641724e+03 2.16111031e+01 2.05448730e+02
 3.03156109e+01 1.51639868e+03 2.00266312e+02 1.11492989e+02
 8.33626461e+00 2.27416611e+02 2.23074478e+02 4.78404846e+02
 2.08750549e+02 1.23667503e+02 1.03510262e+02 3.79586609e+02
 1.31748047e+02 2.20366470e+02 1.04601941e+03 7.07632935e+02
 3.10533838e+03 1.42584167e+02 1.98094666e+02 1.58662735e+02
 1.97169022e+02 3.50937231e+03 2.31189362e+02 2.30140152e+02
 8.08651794e+02 2.21956711e+02 1.19069832e+02 3.29482544e+02
 2.08855942e+02 1.13023582e+02 4.77446079e+00 1.96498322e+02
 1.22153404e+02 2.91917389e+02 4.10523720e+01 1.20029427e+02
 6.61654846e+02 2.01031815e+02 1.33947357e+02 4.38712738e+02
 4.77920349e+02 2.04587910e+04 3.16781845e+01 1.63610229e+02
 1.35212662e+02 5.71466797e+02 2.19689957e+02 3.57133102e+00
 8.90736450e+02 4.04847137e+02 8.62289581e+01 3.23893776e+01
 2.05658173e+02 2.27073379e+04 3.42304153e+01 4.15565796e+02
 2.73313354e+02 1.46746798e+01 5.11429024e+00 1.19947913e+03
 6.56592957e+02 3.11260590e+02 1.53307373e+02 1.94367279e+02
 5.21636152e+00 2.05124176e+02 4.90991974e+00 1.50744739e+03
 9.79264755e+01 8.54524899e+00 1.97511856e+02 5.34906128e+02
 2.44114355e+03 2.59082690e+03 3.67882660e+02 4.93173523e+02
 2.09186840e+01 6.98006363e+01 1.06020203e+03 3.14121008e+00
 2.41204053e+03 1.14239517e+02 1.19887195e+03 6.58053040e+02
 1.53846069e+03 1.18045479e+04 7.10194321e+01 3.55862854e+02
 6.91888306e+02 1.61580237e+03 1.23768517e+02 2.55835556e+02
 1.96509595e+03 1.78892609e+02 2.16957446e+03 4.05833008e+02
 3.58760567e+01 1.30611633e+02 1.90107300e+03 8.52738800e+01
 3.76857764e+03 2.98895905e+02 1.53197594e+01 9.43574524e+01
 7.40930359e+02 1.76741199e+01 8.08267883e+02 1.29317596e+02
 4.80164581e+02 2.92752539e+03 3.12082348e+01 2.07989304e+02
 5.87228882e+02 4.10984344e+02 3.12808990e+01 1.25336292e+03
 1.83553207e+02 3.31144214e+03 3.34728613e+03 6.51550842e+02
 2.62743439e+02 1.92438293e+02 8.46611481e+01 5.30241299e+00
 2.99136658e+02 5.26278137e+02 8.71353455e+01 5.72389317e+00
 9.47743912e+01 4.04011353e+02 5.03777618e+02 1.09208508e+01
 2.72093475e+02 3.20615265e+02 1.43213455e+02 3.82554512e+01
 8.56235199e+01 3.17695389e+01 1.28509497e+03 5.69491016e+03
 1.34743616e+03 4.67496613e+02 2.27264999e+02 4.53469200e+01
 2.15509570e+04 1.75490250e+02 2.92161194e+02 5.55732422e+02
 5.33728065e+01 4.80074501e+01 2.97875977e+01 1.97167175e+02
 2.80160980e+02 1.92460918e+01 8.46895203e+02 5.28171204e+02
 2.41169540e+02 8.41852356e+02 2.54654358e+02 3.52409729e+02
 2.02389099e+02 1.55084668e+03 4.82771240e+02 2.00648460e+01
 1.81472168e+02 1.55226532e+02 5.40515259e+02 4.27185211e+01
 8.79052063e+02 1.20019385e+03 2.50653687e+03 1.86491348e+02
 8.36346252e+02 2.68799622e+02 3.80074188e+02 9.48333496e+02
 7.97246887e+02 2.56666962e+02 2.30288513e+02 3.39828827e+02
 1.73192734e+02 9.91433258e+01 2.24455368e+02 1.65660515e+01
 1.99550635e+03 1.22628960e+02 9.29649506e+01 1.81095300e+03
 1.60476135e+02 4.66801666e+02 1.44090210e+02 1.54935645e+03
 2.74488007e+02 3.46631531e+02 6.65609217e+00 1.95294533e+01
 2.08407251e+03 5.34497864e+02 2.56032471e+02 4.14509506e+01
 6.51489441e+02 2.05584259e+01 3.26583160e+02 1.54551306e+01
 6.79442444e+01 2.62975647e+02 1.07885826e+02 8.38655930e+01
 2.87478180e+02 1.01304131e+01 8.01500793e+02 2.17745285e+02
 7.52145703e+03 1.18975977e+03 3.57464020e+02 2.06176538e+03
 6.29850281e+02 1.52684584e+01 1.64863159e+02 1.65002930e+02
 3.83450012e+02 7.90336456e+01 8.94926529e+01 7.00635986e+03
 2.88405085e+00 1.52652771e+02 1.74732910e+02 2.65597339e+03
 5.97867041e+03 2.53799042e+02 6.14542725e+02 8.84339600e+02
 5.48188354e+02 3.58664246e+02 8.79132568e+02 2.72783783e+02
 1.23263464e+01 1.05187431e+02 4.49652679e+02 3.16619189e+03
 4.82487158e+03 8.25468292e+01 4.51628235e+02 6.34977226e+01
 3.54163574e+02 2.12754272e+02 2.86812715e+04 2.84336670e+02
 2.41503662e+02 9.93649445e+01 1.12001843e+03 1.66923569e+02
 1.65675125e+02 2.55269211e+02 1.24927015e+01 1.28899612e+02
 1.15733978e+02 1.64161636e+02 5.31710742e+03 1.07387571e+01
 3.07759827e+02 1.55951471e+01 1.29556686e+02 7.28139343e+02
 3.73633728e+01 7.67663622e+00 1.33393524e+02 4.72658997e+01
 2.57393646e+01 4.60978613e+03 5.08894102e+04 3.84537781e+02
 2.46117969e+03 1.52635339e+03 1.83657150e+02 3.53770103e+01
 4.05702496e+00 4.45696625e+02 9.54213028e+01 3.28383179e+01
 3.81970276e+02 2.49894958e+02 4.82184479e+02 9.98983231e+01
 3.06519196e+02 8.10327209e+02 1.54332861e+03 1.94473251e+02
 4.24745422e+02 1.75473242e+04 1.25589668e+02 6.65558008e+03
 4.88369713e+01 4.63230560e+02 2.16061371e+02 6.88369995e+02
 5.70633545e+02 3.48901581e+02 1.98715344e+03 5.53682373e+03
 3.75388940e+03 2.58867767e+02 6.68091614e+02 2.22844986e+02
 2.08526685e+03 2.99555237e+02 4.05787384e+02 3.29885223e+02
 1.70360832e+01 4.59937469e+02 2.01868744e+02 2.58617456e+03
 4.66007959e+03 1.64325516e+02 3.38999878e+02 6.14583282e+01
 1.11516785e+02 1.59172440e+02 7.03799512e+03 9.70778418e+03
 3.54333160e+02 1.51189651e+02 1.16804285e+03 1.24780357e+02
 9.68916321e+02 7.04896790e+02 2.18562531e+02 1.28920398e+03
 2.30690231e+02 4.58251831e+02 2.45058578e+02 2.60345886e+02
 3.91192688e+02 2.60140839e+02 4.39363770e+02 4.17679453e+00
 7.14128601e+02 1.01282135e+02 5.75961365e+02 4.91373396e+00
 1.96843014e+01 2.77564240e+02 4.31404205e+02 6.01032776e+02
 1.72173553e+02 7.91567154e+01 2.75307739e+02 2.02128036e+02
 1.56310318e+02 2.98347168e+02 1.66620514e+02 7.91492981e+02
 2.94460510e+02 1.11383820e+02 5.80202637e+02 1.23027698e+03
 1.50980518e+03 7.04360205e+03 4.77871582e+02 1.03016434e+02
 1.81294006e+03 4.94366577e+02 2.73351166e+02 1.31003937e+02
 1.16062915e+03 2.98107819e+02 2.34977554e+02 1.15384521e+02
 5.84985046e+02 4.28364410e+01 7.11543848e+03 1.88076645e+02
 8.93477539e+03 1.01995644e+02 1.95102081e+02 2.68676666e+02
 1.30884613e+02 3.23321503e+02 1.21262207e+01 3.22608276e+02
 9.87536144e+00 3.13727905e+02 3.83763092e+02 2.72943756e+02
 4.45347900e+02 1.15600273e+02 3.07501904e+03 1.31211768e+03
 2.49387871e+04 1.05261951e+03 2.68393616e+02 1.66267109e+01
 2.48826416e+02 4.87305786e+02 1.49289688e+02 2.30955830e+01
 9.26293755e+00 9.70126915e+00 2.34604187e+02 6.69505005e+02
 8.07613708e+02 7.96765375e+00 2.93507324e+02 1.77729034e+02
 1.52627811e+01 2.56692444e+02 7.39080688e+02 2.12303076e+03
 2.26326141e+02 1.58695999e+02 2.09783569e+02 2.99549500e+02
 3.84472382e+02 1.92595882e+01 5.55193799e+03 3.57340027e+02
 2.95988983e+02 3.12170959e+02 1.10103310e+02 1.99724075e+02
 2.96413770e+03 4.18711151e+02 3.12206360e+02 1.85200977e+01
 6.87085056e+00 4.10877563e+02 4.00781799e+02 6.47652832e+03
 1.83734741e+02 2.16464783e+02 2.71583710e+02 2.93809357e+02
 1.66366165e+02 1.92821503e+00 5.34113708e+02 3.01335999e+02
 3.98604240e+01 3.57903519e+01 1.61460361e+01 6.38491516e+02
 2.81103271e+02 6.98464203e+01 6.76007366e+00 7.98885574e+01
 1.33980804e+02 1.21141235e+03 2.97010437e+02 2.95751862e+02
 1.48649548e+03 1.81740005e+02 1.43180457e+03 1.68217988e+04
 4.00984894e+02 1.93795212e+02 1.53309509e+02 1.07447080e+04
 2.25419006e+02 2.09683167e+02 2.22121411e+03 8.91525726e+01
 2.93798859e+02 1.60478821e+02 8.60014191e+01 1.19217175e+03
 9.09311707e+02 8.50379658e+00 1.50177661e+03 3.60628357e+02
 2.42974878e+03 6.54236084e+02 1.98979785e+03 3.14579987e+02
 3.87215546e+02 1.18924451e+03 1.56538956e+02 8.51707092e+02
 4.91325781e+03 3.25549393e+01 7.48769836e+01 3.55910087e+00
 2.04696533e+02 1.68844757e+02 9.17146149e+01 6.40378955e+03
 8.37078018e+01 3.27991357e+03 2.70035229e+01 1.38358594e+03
 5.98045166e+02 1.35647803e+03 1.70601086e+03 7.26339893e+03
 2.35118073e+02 1.07091362e+02 9.81864380e+02 7.89844727e+02
 9.96925640e+00 1.69637470e+01 3.84940369e+02 9.19780884e+01]
1528.837
228659.33
