[1.99962550e+06 4.68384297e+04 7.09882031e+04 5.73722188e+05
 3.50996031e+05 7.46352422e+04 1.99639203e+05 5.10226312e+05
 8.34365625e+05 2.26505938e+05 6.79126797e+04 3.93888281e+04
 1.65851112e+06 1.62257922e+05 2.52982363e+04 1.09346969e+05
 2.72468906e+05 1.12548820e+05 1.65643688e+06 1.15052075e+06
 8.10921125e+05 2.09622344e+04 1.21256100e+07 1.80471953e+05
 9.35230469e+04 6.78364500e+06 4.31297750e+06 3.30159719e+05
 4.44821969e+05 2.75432062e+05 1.25581125e+06 5.46052625e+05
 1.50263547e+05 5.12756602e+04 1.12537462e+06 1.93401469e+05
 2.22287453e+05 9.27762109e+03 3.51636188e+05 1.51375366e+03
 1.28187338e+06 3.64585906e+05 1.11678175e+06 9.09365250e+05
 2.02186172e+05 4.70546938e+05 5.44575039e+04 1.71768281e+05
 6.14179500e+05 5.90041938e+05 1.70474219e+04 4.54715820e+04
 5.15286914e+03 2.17753000e+06 8.43232266e+04 2.15307500e+05
 5.40784625e+05 3.03601925e+06 9.52140938e+05 6.61324531e+04
 3.74481656e+05 4.18603438e+05 1.85597297e+05 1.01745859e+05
 5.27332129e+03 2.85123656e+05 2.22719969e+05 2.97829969e+05
 4.11518086e+04 1.85068238e+06 3.75036602e+04 7.60629609e+04
 7.18204980e+03 3.90060719e+05 4.81635781e+04 7.24225062e+05
 4.62939469e+05 1.50327719e+05 3.31447852e+03 8.26155800e+06
 1.07005555e+05 5.68177812e+05 2.23204902e+04 2.42084625e+05
 2.70653188e+05 2.04984062e+04 3.35516906e+05 1.03437367e+05
 8.00568594e+04 1.82335500e+05 1.47360281e+05 2.11487650e+06
 1.53492406e+05 7.49000500e+05 9.77891100e+06 2.35664938e+05
 4.94350438e+05 1.61206719e+05 1.34917938e+05 1.08462883e+05
 4.94013625e+05 6.78084812e+05 5.87597422e+04 1.91581609e+05
 8.85536406e+04 2.74416250e+05 1.75231219e+05 2.88426750e+05
 2.50909094e+05 1.56994080e+03 2.04744984e+05 3.33796406e+05
 1.11343555e+05 2.50462672e+05 1.51997375e+05 9.17008047e+04
 1.27917461e+04 1.18952988e+06 1.47965953e+05 4.36445703e+03
 2.17072141e+05 2.76478312e+05 7.10625916e+02 2.18244375e+06
 7.21729766e+04 2.06599109e+05 5.40178164e+04 2.83410750e+05
 3.85453188e+05 2.32916031e+05 3.02405406e+05 2.13565645e+04
 7.10586250e+04 2.36078184e+04 1.58024531e+05 8.70955469e+03
 2.20418406e+05 2.44947156e+05 1.17100234e+05 3.88204656e+05
 2.27332891e+05 2.13839297e+05 3.16441344e+05 1.99126734e+05
 8.44442750e+05 4.65398047e+03 8.32884473e+03 1.15279912e+06
 3.50025031e+05 2.35369469e+05 1.47110791e+04 1.41640422e+05
 2.15937641e+05 5.33373867e+04 1.29395328e+05 1.02933352e+05
 5.53052539e+04 1.20065512e+06 4.21605195e+04 9.19029250e+05
 1.16295750e+06 2.18646781e+05 3.61032300e+03 5.69958555e+04
 1.90001375e+05 8.65090000e+04 2.62863562e+05 7.25839453e+04
 7.29734531e+04 1.55894766e+05 1.34312281e+05 2.41752891e+04
 1.04203117e+05 5.44081625e+05 7.92031484e+04 4.80153076e+03
 2.08871562e+04 4.27284863e+03 6.58561875e+04 4.05779297e+04
 1.49097625e+06 2.60685684e+04 2.18036000e+06 4.19819500e+05
 1.23417500e+04 1.95967344e+05 6.73968906e+04 4.90566969e+05
 1.19648633e+05 2.38248945e+04 4.63100844e+05 1.64111344e+05
 1.37494873e+03 4.27303750e+05 1.57209785e+04 9.45216172e+04
 2.09306703e+05 1.93575703e+05 2.61583770e+04 5.09048875e+05
 5.09040039e+04 1.93554766e+05 8.22052438e+05 1.43352656e+05
 2.16695375e+06 1.52689688e+06 4.69614697e+03 9.52233125e+04
 1.52083969e+05 8.26717480e+03 2.50895703e+04 1.01359531e+05
 1.16167523e+05 1.89228062e+05 1.79075906e+05 3.29270386e+03
 4.05969719e+05 2.98722754e+04 2.78071188e+05 3.74981602e+04
 8.33554766e+04 8.13270859e+04 1.34272484e+05 1.19382588e+06
 4.58058344e+05 9.98005234e+04 4.62806562e+05 5.08199799e+02
 3.96269500e+05 1.49645312e+06 6.02454961e+04 7.66700703e+04
 4.95576211e+04 1.28609977e+05 3.10339453e+04 2.69266719e+05
 3.86192906e+05 1.99607556e+03 2.66447031e+05 1.12809727e+05
 1.07385275e+06 1.59515734e+05 3.14430957e+04 5.92784312e+05
 1.85993125e+05 3.92619562e+05 6.72224375e+04 4.33168500e+05
 2.60745391e+05 4.68825950e+06 3.59673584e+03 3.45934188e+05
 1.29817805e+05 2.43101688e+05 2.30018203e+05 2.43796797e+05
 8.73261328e+04 2.13458374e+03 7.22359609e+04 1.98346938e+05
 8.00695650e+06 2.96396188e+05 7.63379625e+05 5.35221094e+03
 3.10819569e+01 2.44156469e+05 7.46753594e+04 6.68336953e+04
 1.19210875e+06 1.08356461e+05 4.09328784e+03 2.67734375e+06
 5.47942334e+03 2.54202078e+05 5.92453000e+05 7.89042578e+04
 4.33992900e+06 4.04924469e+05 1.92433625e+05 7.20199450e+06
 7.43860234e+04 9.93254375e+05 1.08731320e+05 2.48684344e+05
 3.05085547e+03 2.47249766e+04 3.61286062e+05 1.75668266e+05
 4.33575879e+03 1.42645359e+05 9.02016500e+06 3.83620820e+04
 5.93205062e+05 2.04736922e+05 1.77409805e+04 1.95390016e+05
 6.88086094e+04 2.56190641e+05 1.98926516e+05 9.09277344e+04
 2.17008484e+05 7.24464746e+03 7.36644562e+05 5.10123344e+05
 2.64018219e+05 1.55616910e+07 4.74425273e+04 5.19858656e+05
 9.81109375e+04 2.23985344e+05 2.23877207e+04 1.30438125e+05
 2.41552975e+06 2.41457047e+05 5.70019189e+03 5.83150703e+04
 1.74819922e+05 2.24393900e+06 2.21449969e+05 2.41771203e+05
 5.67638789e+04 7.41525500e+05 1.11481961e+05 1.10371281e+05
 6.16741812e+05 3.74014883e+04 1.77737725e+06 2.10081156e+05
 2.91638312e+05 3.02882281e+05 1.78651562e+04 1.61001257e+03
 1.86484406e+05 2.85017281e+05 7.80882578e+04 1.92397531e+05
 1.20574508e+05 1.05908008e+04 1.73552038e+06 7.78785000e+04
 5.87568047e+04 1.38859062e+05 2.60640500e+05 1.98920859e+05
 1.21899277e+04 1.26289102e+05 1.87775378e+03 4.11051031e+05
 7.62837031e+04 8.26032031e+04 1.03955025e+06 6.25763950e+06
 3.85822344e+04 3.73717156e+05 8.30286250e+04 9.15808984e+04
 2.38179453e+05 1.34100656e+05 6.39063672e+04 3.80406969e+05
 8.09455688e+05 9.01473281e+04 1.62665656e+05 5.68568320e+04
 1.41772438e+06 4.99166800e+06 7.05059141e+04 1.00171656e+05
 8.35629500e+05 8.30081188e+05 2.95445781e+05 5.43785938e+05
 1.10617680e+07 2.56924463e+03 4.87685625e+05 1.75152675e+06
 1.53130912e+06 8.11687875e+05 1.14154703e+05 5.32792695e+04
 5.62314648e+04 7.39361562e+04 1.79194400e+06 1.04300734e+05
 7.38774531e+04 1.01116336e+05 4.44286094e+04 9.12108672e+04
 5.05096344e+05 1.69300918e+04 1.04592538e+06 9.85622578e+04
 3.33698320e+04 3.70456812e+05 2.46327773e+04 2.37493625e+05
 6.08613398e+04 2.00602750e+06 8.93868047e+04 4.01101438e+05
 3.04751489e+03 1.30453289e+05 3.00784824e+04 5.84591895e+03
 4.19175000e+05 9.37397109e+04 1.98731656e+05 6.03239023e+04
 2.87115280e+07 3.72946188e+05 6.27295508e+04 4.04999625e+05
 1.35582575e+06 3.03535031e+05 1.72751488e+06 1.49993288e+06
 5.20288574e+03 1.46951641e+05 5.50350000e+05 4.88919875e+05
 1.60135984e+05 6.53722578e+04 3.01333047e+04 1.09454400e+06
 2.61100109e+05 3.67086031e+05 5.12884727e+04 3.10330908e+03
 3.45085750e+05 4.85476062e+05 2.88383535e+04 1.73906078e+05
 1.38472061e+04 8.82596938e+05 1.70631438e+05 4.32961367e+04
 2.07318406e+05 6.40207031e+04 6.12391641e+04 1.71098500e+05
 1.27580422e+05 6.00172578e+04 1.47918094e+05 2.37363000e+05
 3.53213438e+04 1.10412634e+03 2.14683312e+05 1.90232422e+05
 3.72226328e+04 3.95583781e+05 7.36596328e+04 2.83094740e+07
 5.90279023e+04 1.29485238e+06 9.25266188e+05 4.59821797e+04
 6.28883164e+04 4.54796000e+05 1.66781012e+06 2.39887617e+04
 2.20792531e+05 2.64188125e+05 1.84310719e+05 1.32605797e+05
 4.59861664e+02 1.69464438e+05 2.60213234e+05 3.13545664e+04
 7.63099766e+04 1.34462312e+06 3.14115000e+05 6.13604688e+05
 1.53338688e+05 1.49571453e+05 1.37822000e+05 1.22394038e+06
 8.01916484e+04 3.59638867e+04 3.59638711e+04 2.63438965e+04
 8.87582734e+04 1.15459391e+05 1.60285703e+05 3.11383625e+05
 3.06620969e+05 2.02438125e+05 1.51166891e+05 3.39349800e+06
 1.27229359e+05 6.26401289e+04 7.59663984e+04 1.28465867e+05
 3.40719434e+03 1.02765836e+05 5.06600273e+04 2.55701934e+04
 2.81911125e+05 8.26472375e+05 2.16158250e+05 3.10337625e+05
 1.75711929e+02 1.23603258e+05 1.37125266e+05 2.32563672e+04
 1.03518594e+05 2.50961641e+04 2.19315625e+04 1.12284200e+06
 3.96222344e+04 1.26231709e+04 1.48783016e+05 3.29817906e+05
 2.50091348e+04 4.02420898e+04 8.13008984e+04 2.12134434e+04
 8.21041312e+05 3.76907266e+04 2.37165969e+05 1.94502375e+05
 2.83659031e+05 5.63486900e+06 4.29349781e+05 3.78155531e+05
 1.56580781e+05 6.79419922e+04 3.85436445e+04 1.86926594e+05
 1.22319502e+04 7.67641250e+04 5.02358301e+03 3.26594727e+03
 2.46401016e+04 4.68530188e+05 3.99440547e+04 3.17139082e+04
 7.61393438e+05 1.15666289e+04 1.87768297e+05 5.23323688e+05
 2.25425094e+05 8.52249200e+06 1.43082016e+05 2.43793406e+05
 4.93591888e+02 2.71026875e+05 8.11040812e+05 3.29677734e+03
 1.76628012e+06 1.41167344e+04 1.04753484e+05 1.49735766e+05
 1.10751885e+04 8.77907812e+05 2.74816836e+04 1.92477695e+04
 4.62180719e+05 4.24882695e+04 1.35047922e+05 3.89489141e+04
 1.04939938e+06 2.61106641e+05 2.63349922e+04 5.19589023e+04
 1.74344082e+04 7.86937656e+04 1.33372328e+05 2.27684150e+06
 6.44919219e+04 1.25720205e+04 7.56473906e+04 9.15638750e+04
 3.46666950e+06 1.13994438e+06 3.79452938e+05 1.75150188e+05
 2.15595766e+05 4.21603672e+04 1.12279570e+04 3.97308945e+04
 1.65814938e+06 1.41978156e+05 6.55929750e+05 4.82797219e+05
 1.33397172e+05 2.32170250e+06 2.66563105e+04 2.45693062e+05
 2.67051531e+05 5.55778625e+05 7.90599792e+02 2.00033844e+05
 4.16013562e+05 4.75172734e+04 1.27992075e+06 4.91868656e+05
 4.60529932e+03 3.92282852e+04 1.20730612e+06 1.65966953e+05
 3.58941600e+06 4.95579562e+05 5.75766541e+02 4.80201758e+03
 9.66710875e+05 2.04797672e+05 3.10708812e+05 1.65761891e+05
 8.02000312e+04 6.56111562e+04 2.90841553e+03 2.54529969e+05
 6.96196719e+04 3.63811906e+05 2.16300609e+05 3.97523688e+05
 4.69492719e+05 5.16383656e+05 1.06278012e+06 1.89980812e+05
 3.41408398e+04 2.84690094e+05 6.24911641e+04 3.52150330e+02
 4.90185688e+05 7.02310812e+05 4.22218555e+04 1.65092017e+03
 3.28673250e+05 8.00113688e+05 7.38599000e+05 2.09159434e+04
 1.10870500e+05 1.31790094e+05 1.89586230e+04 6.02987939e+03
 2.68244906e+05 3.42695312e+03 3.88480906e+05 2.07628150e+06
 2.94601219e+05 6.75192812e+05 3.77953062e+05 2.29067844e+05
 6.71450650e+06 6.85715234e+04 1.20536469e+05 2.79675438e+05
 2.73089883e+04 5.77393359e+03 8.78291550e+01 6.92343281e+04
 5.36842852e+04 6.28795898e+03 3.63788594e+05 3.75877266e+04
 2.46122906e+05 1.76533031e+05 5.08528906e+04 3.13883667e+03
 2.40090328e+05 7.87462688e+05 2.40058438e+05 5.38629492e+03
 5.34143672e+04 1.63766422e+05 2.31967250e+05 8.72289688e+04
 4.05535039e+04 2.02787075e+06 1.25726300e+06 2.63133105e+04
 3.30521523e+04 4.32902094e+05 2.10580469e+05 1.57185388e+06
 2.54111438e+05 5.71371992e+04 1.48273154e+04 3.52181250e+05
 1.60148609e+05 1.93582594e+05 5.05010742e+04 2.10815016e+05
 8.91119375e+05 1.52098141e+05 1.70381750e+05 7.90411562e+05
 4.26346953e+04 1.29051734e+05 2.73923719e+05 9.58599562e+05
 5.16840156e+05 4.79851375e+05 8.19482910e+02 5.75787451e+03
 1.02534544e+06 4.13409102e+04 8.38625234e+04 9.30387031e+04
 2.04570109e+05 6.06479609e+04 2.29007070e+04 1.72368726e+03
 7.91158906e+04 3.39813719e+05 1.42385172e+05 3.15051406e+05
 1.33186094e+05 1.94943828e+04 8.85085562e+05 7.25723984e+04
 3.38352312e+05 7.97357082e-01 4.41657219e+05 2.87999275e+06
 7.73734375e+05 5.35052063e+02 5.88803438e+04 6.37938320e+04
 9.58870938e+04 2.23337688e+05 6.24409492e+04 1.38291225e+06
 1.60989478e+03 1.84217828e+05 1.31358219e+05 1.33828250e+06
 2.66478406e+05 2.83004188e+05 2.93704906e+05 2.04774375e+05
 2.24869094e+05 5.13275156e+05 9.80432125e+05 7.07976172e+04
 1.01996844e+05 1.19464422e+05 9.23272500e+05 3.55745750e+05
 2.10074875e+06 6.74993652e+03 2.03570172e+05 1.35398312e+05
 3.49283969e+05 2.81095812e+05 2.62922600e+06 5.06663375e+05
 2.90536895e+04 1.74334688e+05 7.41672688e+05 2.04362891e+05
 1.67304897e+01 9.68997109e+04 3.59255898e+04 2.37603750e+05
 3.84669336e+04 1.82530020e+04 3.92473867e+04 3.23857690e+03
 2.29614156e+05 8.82155078e+04 7.72427344e+04 3.85354438e+05
 8.15619141e+04 9.56699448e+01 7.54453203e+04 5.34860250e+05
 7.20751719e+04 1.17022070e+05 8.43455125e+05 1.28331984e+05
 2.64092050e+06 2.93611680e+04 2.63956188e+05 9.22107300e+02
 6.30189648e+03 3.44128031e+05 9.79045156e+04 2.61654062e+05
 2.58371469e+05 3.19304625e+05 1.88874188e+05 1.68672875e+05
 3.54415586e+04 1.20978000e+06 1.98592950e+06 3.59882007e+03
 2.24982594e+05 1.42899588e+06 5.09310742e+04 1.68681531e+05
 2.09396562e+05 1.80540828e+05 3.86603656e+05 2.92776562e+05
 8.83095812e+05 1.71001484e+05 4.98372469e+05 5.01410375e+05
 4.97614375e+05 1.13551258e+05 7.34089062e+05 1.06341977e+05
 1.50842828e+05 3.63256062e+05 2.73269281e+05 8.65665000e+04
 2.04121156e+05 7.37793375e+05 4.25940938e+04 3.73965300e+06
 5.22090156e+05 3.16544004e+04 1.01729125e+05 3.24325977e+04
 1.97766348e+04 1.75225830e+02 7.78307250e+05 4.06535375e+06
 6.58430812e+05 1.95809156e+05 1.00855312e+06 2.31962672e+05
 1.07882012e+06 2.90006844e+05 3.23714750e+05 7.77601562e+05
 6.28517695e+04 1.45344344e+05 7.04058438e+04 5.44647625e+05
 1.62172062e+05 7.50332266e+04 1.67080078e+04 7.02422333e+01
 3.88374688e+05 1.10198953e+05 4.17776211e+04 1.50041235e+03
 9.12522363e+03 1.17239688e+05 2.01676781e+05 4.57128531e+05
 1.08832783e+04 1.24996688e+05 2.94394906e+05 1.89518242e+04
 1.07489229e+04 1.36975078e+05 3.84144781e+05 3.24523031e+05
 1.04578422e+05 1.14648555e+05 7.43992062e+05 7.85853500e+05
 9.23618984e+04 2.75633025e+06 4.96988062e+05 9.52777969e+04
 3.35594000e+06 4.84351188e+05 4.27640750e+06 3.39262744e+03
 1.95741359e+05 4.15546250e+05 2.97666162e+03 3.63502148e+04
 3.11670656e+05 2.24643531e+05 1.06810800e+06 7.37203857e+03
 1.20285200e+06 1.28944914e+05 9.89532715e+03 8.70539453e+03
 2.27694250e+05 5.38847125e+05 1.61473312e+05 1.25040344e+05
 1.48727109e+05 8.89898906e+04 1.18403115e+04 1.98895625e+05
 2.04527638e+06 3.59324883e+04 4.33948950e+06 5.20123406e+05
 2.44039150e+06 3.15053531e+05 9.03216328e+04 2.48114109e+05
 2.36152391e+05 2.30936375e+05 4.21503125e+04 5.26295781e+04
 3.55381006e+03 1.52827891e+05 1.82597781e+05 7.58325312e+05
 1.40560238e+06 2.95799844e+04 4.26040869e+03 2.77682344e+05
 2.03405286e+03 1.89870469e+05 1.02752484e+05 1.81459025e+06
 1.30649641e+05 5.95151133e+04 3.25774750e+05 5.71771812e+05
 5.79845750e+05 5.00406523e+04 2.32349234e+05 2.73292688e+05
 1.09921828e+05 4.63846719e+05 6.70025469e+04 9.40007344e+04
 1.01036844e+06 3.62257305e+04 5.06712500e+05 3.80192969e+04
 2.76846543e+04 7.09853188e+05 6.89047500e+04 3.26504725e+06
 2.16427531e+05 6.60952109e+04 9.29445625e+04 4.75371680e+04
 7.29522109e+04 1.26734985e+03 2.26115375e+05 4.00453125e+05
 2.03115516e+05 4.25465332e+03 1.91295406e+05 9.14494141e+04
 4.39841719e+05 6.81514359e+01 1.41269797e+05 2.39690047e+05
 1.77281973e+04 1.33611109e+05 2.12719000e+05 3.75139906e+05
 2.32527797e+05 2.30467578e+05 1.40667203e+05 1.68352760e+07
 7.72116625e+05 4.38819375e+04 5.44081641e+04 5.28013650e+06
 1.51836924e+04 2.28225312e+04 1.08823600e+06 5.06702773e+04
 1.86203633e+04 1.83141113e+04 2.92183438e+05 4.26763438e+05
 9.16583875e+05 6.08020215e+03 3.59402188e+04 1.02328305e+05
 3.23115925e+06 2.45234250e+05 6.00877148e+04 3.08545594e+05
 1.11124273e+05 3.82763156e+05 1.39182256e+04 3.43866531e+05
 5.73087000e+06 8.73410703e+04 1.77067594e+05 3.36533228e+03
 1.46207562e+05 2.46267559e+04 3.54142227e+04 1.61681130e+07
 9.55574844e+04 2.14189344e+05 7.24779346e+03 2.56546281e+05
 1.15070100e+06 3.57982375e+05 3.63994570e+04 8.15172125e+05
 8.84814062e+03 3.95667812e+04 5.99392422e+04 2.09514094e+05
 1.49747016e+05 7.95586572e+03 5.50383789e+03 5.90840000e+04]
581350.0
28711528.0
