[9.45469238e+03 2.93174805e+02 2.36762787e+02 2.98759824e+04
 1.22121768e+04 1.50058174e+04 4.32536438e+02 4.46272314e+03
 1.47575439e+04 7.59743713e+02 2.60537305e+03 1.85394551e+04
 2.60490527e+04 6.19401611e+02 2.09749097e+03 8.65250320e+01
 7.62765088e+03 5.38752022e+01 6.64581689e+03 2.62329926e+02
 1.15667773e+04 1.52431503e+02 1.63440281e+05 3.80249297e+04
 2.47075879e+03 2.37459203e+05 4.57375703e+04 6.83328857e+02
 4.93926709e+03 1.09747421e+02 6.72198926e+03 5.22899658e+02
 2.37637207e+02 1.89135303e+03 1.83600330e+03 3.83177917e+02
 1.11360840e+02 9.58173340e+02 5.36165405e+02 3.46597595e+01
 8.48941406e+03 6.10539600e+03 2.32505957e+04 6.42747754e+03
 1.75526627e+02 2.80276318e+03 3.25116089e+02 1.66907822e+02
 2.59435474e+03 1.32375525e+03 7.54865646e+01 5.96237106e+01
 2.25879395e+02 1.06090602e+05 1.31419458e+03 4.65656787e+03
 1.45076202e+02 4.75348047e+03 5.32302734e+03 1.72737207e+03
 5.92885498e+03 6.49852637e+03 9.52428101e+02 1.45493210e+02
 3.29347534e+02 3.58844385e+03 7.32227173e+02 4.38574341e+02
 5.70360222e+01 1.26531250e+04 2.70948677e+01 1.61706558e+02
 1.23393311e+03 1.17993301e+04 1.35095203e+03 4.19109717e+03
 5.39904137e+01 6.87739258e+03 8.42574219e+02 6.60527588e+03
 4.40193329e+02 3.37501434e+02 5.78326355e+02 1.89827972e+02
 3.17382477e+02 9.90658813e+02 2.60644989e+02 1.02569641e+03
 2.47335815e+03 8.04332861e+03 6.24346533e+03 2.14485254e+04
 1.78264893e+03 6.09326123e+03 7.52525513e+02 3.13954419e+03
 1.20929710e+02 9.05440430e+03 7.44994775e+03 1.09253784e+03
 2.11253296e+02 4.68422168e+03 1.46616394e+03 2.08634968e+01
 2.53401688e+02 4.74502258e+01 8.91480652e+02 1.82415051e+03
 2.89980652e+02 1.58080032e+02 2.99670624e+02 6.54730273e+04
 6.98684937e+02 5.52342346e+02 2.78968658e+02 3.18244598e+02
 9.36137878e+02 4.51919250e+02 9.95467285e+03 8.19260071e+02
 2.80517188e+03 9.82182129e+03 8.17275781e+03 2.40926727e+02
 1.10959607e+03 1.57345447e+03 1.70081528e+02 9.19483337e+01
 2.64202734e+03 1.46644287e+03 5.05430518e+03 1.01617348e+02
 1.81141327e+02 1.41702710e+03 1.47218701e+03 4.86539551e+02
 5.64488586e+02 4.43188744e+01 7.71130860e-01 1.10096265e+03
 5.23577832e+03 1.89109824e+04 5.96391914e+04 5.76784082e+03
 1.71787146e+03 6.85489868e+02 5.47165649e+02 5.93043018e+03
 7.48811562e+04 2.45284717e+03 4.39422546e+02 1.34363269e+03
 1.03516394e+03 2.25861328e+02 1.94317429e+02 8.57518921e+01
 9.00896667e+02 1.11149600e+04 2.10339203e+02 1.40532197e+04
 8.95125793e+02 6.26750412e+01 3.97880768e+02 4.76937134e+02
 5.65495361e+03 5.66308594e+02 2.02987439e+03 6.82464661e+02
 4.37049835e+02 6.32267529e+03 3.85712128e+02 4.12933167e+02
 3.60090393e+02 1.58977173e+03 1.02828320e+03 3.63014465e+02
 3.33683301e+03 1.30812720e+03 8.90997168e+03 3.73125641e+02
 3.73215057e+02 8.28062897e+01 1.07061719e+05 1.18593438e+04
 3.11529083e+02 1.59676599e+03 2.61544739e+02 2.92126074e+03
 6.60594559e+01 9.97629089e+01 1.28035176e+04 1.91678284e+02
 8.38524857e+01 1.99388256e+01 2.59155322e+03 4.15381866e+02
 1.46410820e+04 1.85359222e+02 1.08250526e+02 5.00831238e+02
 1.76899170e+03 6.11296997e+02 1.15360840e+04 8.73429108e+00
 5.35461121e+02 3.95291602e+04 8.89640732e+01 5.11525195e+03
 3.38563446e+02 4.94620605e+02 3.44158752e+02 3.28128052e+02
 2.41011719e+02 3.95642500e+04 1.80701160e+03 1.06555428e+02
 9.97783756e+00 8.75933472e+02 3.62435889e+03 2.25349487e+03
 6.01700195e+02 3.01984741e+03 2.31430518e+03 2.09194570e+04
 2.45426611e+03 1.07477515e+03 8.16904590e+03 8.58080597e+01
 2.83684106e+03 2.70692407e+03 3.67609131e+02 5.00868103e+02
 8.65483475e+01 9.60632751e+02 9.03128418e+02 1.09897119e+04
 1.41407617e+03 1.03894508e+00 7.47966260e+03 4.26338776e+02
 9.32139258e+03 2.99413696e+02 9.36480560e+01 1.70407617e+04
 1.68244858e+02 1.28158545e+03 3.83191559e+02 2.70405713e+03
 1.22149707e+03 1.11865540e+03 8.09749603e+01 2.28537988e+04
 1.08565048e+02 1.19579437e+02 9.85953293e+01 7.92852097e+01
 2.68915833e+02 1.88870609e+00 2.60380829e+02 3.02790894e+02
 1.95088196e+02 3.58408672e+04 3.05604727e+04 2.03843842e+01
 1.98691553e+03 5.17994812e+02 5.33945007e+02 1.24672168e+03
 1.11583174e+04 5.42565796e+02 1.05919128e+03 4.60247695e+04
 4.50083936e+03 1.64077954e+03 4.04247998e+03 3.37718658e+02
 6.49678672e+04 2.13357578e+04 7.03884521e+03 1.02176055e+05
 5.26944141e+03 1.76837573e+03 3.01236305e+01 5.52670288e+02
 9.68002197e+02 1.47606702e+03 4.30344635e+02 1.90515293e+04
 6.54796875e+02 1.00707490e+04 2.72381094e+04 4.82559967e+01
 4.61348145e+03 1.50845203e+03 4.28470795e+02 1.48623376e+03
 1.63641022e+02 4.70658887e+03 1.88409119e+03 2.23267212e+02
 3.40393872e+03 7.43507263e+02 2.61484009e+03 1.28881172e+04
 3.35149561e+03 4.62323469e+05 1.43009735e+02 4.25266113e+03
 3.98718842e+02 7.07667419e+02 2.70662549e+03 6.28333435e+02
 3.55146680e+04 6.25704384e+01 3.16111786e+02 1.09377161e+03
 1.67371875e+03 6.75104446e+01 1.01168414e+03 8.44739062e+03
 1.04551016e+04 1.12608350e+03 5.60207031e+02 1.42166418e+03
 1.35317093e+02 4.60121460e+01 2.52376074e+04 9.53294434e+02
 1.31405010e+04 4.97596016e+04 1.82859619e+02 3.25033295e+02
 1.88075470e+02 2.29885513e+02 1.35245728e+02 2.10839825e+01
 7.25677368e+02 1.22385841e+02 1.77105322e+03 1.05009009e+03
 6.38770569e+02 1.39455353e+02 5.72569385e+03 4.99209375e+04
 1.72453943e+03 6.72439575e+02 7.28862061e+02 5.73502991e+02
 4.72066113e+03 7.60026884e+00 5.19025330e+02 4.74328613e+03
 8.00973282e+01 1.80003711e+04 2.34387802e+02 1.30999231e+03
 1.02248962e+02 5.24793311e+03 1.91615845e+03 3.16358130e+03
 7.65508301e+02 7.17181797e+04 8.40666309e+03 1.86451355e+02
 3.75133960e+03 3.65890906e+05 1.41244110e+02 3.10976929e+02
 3.87572383e+04 1.55153406e+03 3.17892852e+04 8.50990295e+02
 6.35371836e+04 6.21644348e+02 3.24635315e+02 1.20653359e+04
 2.43123281e+04 5.86555811e+03 6.08417297e+02 1.06049744e+03
 3.16996753e+03 7.94007080e+03 7.02664141e+04 9.87623730e+03
 1.90242334e+03 5.34932678e+02 5.57761597e+02 1.03080635e+02
 1.25310432e+02 3.27614380e+02 1.21624641e+05 7.33854126e+02
 7.01210938e+02 7.00445410e+03 2.58965881e+02 7.43658447e+02
 3.63688874e+00 4.02314219e+04 1.05992081e+02 9.17132721e+01
 7.97486877e+01 5.33925293e+02 2.70237457e+02 9.88174866e+02
 9.05364062e+03 3.46596588e+02 3.32990479e+02 2.82116846e+03
 2.16080234e+05 1.76312000e+03 2.86458435e+01 6.45608691e+03
 4.75073486e+02 1.37187793e+03 1.35233418e+04 5.14915466e+02
 8.06061020e+01 3.36522461e+03 1.77523755e+03 4.45414810e+01
 1.18318662e+04 9.67067947e+01 5.39189682e+01 4.41461035e+03
 3.03889191e+02 1.27186597e+03 3.32806797e+04 3.39835022e+02
 4.79495459e+03 3.55983447e+03 5.52982666e+02 1.24030357e+02
 4.18900665e+02 1.46015088e+03 1.72176178e+02 5.07299744e+02
 1.49623975e+03 2.63510084e+00 1.59709558e+03 3.15588452e+03
 4.09121979e+02 2.88161279e+03 1.64563940e+03 5.95376038e+02
 1.13680244e+02 1.28272119e+03 1.75895691e+02 4.79997705e+03
 2.63370880e+02 5.99521777e+03 8.42822876e+02 3.07974562e+05
 1.36182327e+02 1.27116089e+03 2.15084375e+03 2.69586646e+03
 1.58955353e+02 3.49327148e+02 1.15067598e+04 1.26172539e+02
 1.31134551e+04 2.03081345e+02 3.89277832e+03 1.64576660e+02
 2.40832837e+03 8.78469009e+01 1.90609363e+03 2.64094147e+02
 5.75653870e+02 2.44850928e+03 8.61672363e+01 9.30934509e+02
 8.13816345e+02 7.75027295e+03 9.55070312e+02 2.28604355e+02
 7.77659454e+01 1.01092674e+02 2.63151794e+02 1.43422028e+02
 6.32611755e+02 4.30971729e+03 6.11936760e+00 7.91431030e+02
 5.99145691e+02 5.24016907e+02 1.74908875e+02 8.09724854e+02
 2.18813049e+02 2.20579803e+02 3.25805371e+03 1.47514551e+03
 1.37633154e+03 2.72693115e+03 3.01451538e+03 4.63769531e+02
 7.40770691e+02 1.29188016e+05 1.84676184e+03 3.64075775e+02
 9.16836182e+02 4.62564117e+02 1.41384121e+04 1.49573456e+02
 1.36313873e+02 2.10039398e+02 2.21594208e+02 9.96731543e+03
 3.24001758e+03 2.09520386e+02 2.81704330e+01 5.07342383e+03
 5.79964790e+01 3.82968964e+02 5.59021057e+02 1.24786292e+03
 7.19213135e+03 5.88762169e+01 4.92277441e+03 2.30379785e+03
 3.70259247e+02 1.37666660e+04 2.39314746e+03 1.45946930e+02
 3.74051465e+03 2.32903214e+01 4.17577887e+00 2.69765508e+04
 2.69110962e+03 4.38564111e+03 5.40489136e+02 1.35791779e+02
 8.87294693e+01 1.97290637e+03 9.62314606e+01 9.56393433e+01
 6.21208008e+03 1.01666943e+04 8.99158081e+02 1.61838333e+02
 7.55547485e+02 2.30532266e+04 1.56630127e+02 1.58134924e+03
 9.51904984e+01 6.75033112e+01 1.79284824e+04 2.45130420e+03
 1.29815781e+04 1.93923080e+02 7.15363574e+03 9.51954575e+01
 1.22708643e+03 9.94483948e+01 2.38111011e+03 7.13678906e+03
 2.00898071e+03 5.29440979e+02 1.18552600e+03 2.19536377e+02
 4.39308750e+04 6.77991943e+01 1.09965332e+03 2.49605057e+02
 1.63760345e+02 1.85782593e+02 1.62491180e+02 1.97630725e+03
 5.22948877e+03 2.83424549e+01 1.01801099e+03 5.86250427e+02
 3.16205347e+03 5.88209473e+03 3.25786890e+03 1.24090805e+02
 2.08424591e+02 2.89771558e+03 1.04237900e+04 2.82220947e+02
 2.71923887e+04 1.86843735e+02 2.15780957e+04 7.46594092e+03
 2.56586304e+02 1.56642688e+05 1.68368744e+02 5.92061539e+01
 5.37094177e+02 4.24167676e+03 2.07966873e+02 3.16426221e+03
 1.75397327e+03 2.71397736e+02 2.70835859e+04 6.78571289e+02
 1.07564697e+03 4.24716125e+02 6.02529248e+03 7.00068817e+01
 1.08212891e+04 1.00399092e+04 3.26289642e+02 3.12565186e+03
 1.57885859e+04 5.79842110e+01 9.49794846e+01 5.54118994e+03
 2.27672778e+03 8.20345078e+01 6.92028885e+01 3.73942490e+01
 1.00072783e+04 2.57635693e+03 1.47268188e+03 5.23727686e+03
 2.45288809e+04 4.15417891e+04 3.50636758e+04 3.03224976e+02
 1.09824219e+02 1.09291162e+04 1.10141525e+02 1.11756210e+02
 2.19175830e+03 7.53784473e+03 4.92552277e+02 6.31154968e+02
 3.10738794e+03 4.20560028e+02 9.16555664e+03 7.03655457e+02
 2.33354541e+03 4.33686584e+02 8.74783301e+03 5.85638000e+02
 4.66151276e+01 8.06418213e+02 4.48030273e+02 7.48320312e+03
 3.76924400e+01 8.60745605e+03 2.61750781e+03 3.40853394e+02
 1.20441969e+05 2.20089630e+02 7.96364685e+02 1.75100266e+02
 2.31371170e+02 5.15238647e+02 8.18951904e+02 7.10332397e+02
 2.65442047e+02 1.90354176e+01 6.99167188e+03 7.51763184e+03
 1.16394751e+03 6.75865527e+03 3.97900238e+01 3.56417816e+02
 3.48654449e+02 8.37658887e+03 4.04291895e+03 1.17130566e+03
 7.83473022e+02 2.42376489e+03 6.71811523e+01 8.59737183e+02
 4.07556839e+01 7.06166870e+02 2.95824453e+04 8.08244141e+03
 2.40689697e+03 1.14360718e+03 1.74276270e+04 1.44309375e+04
 1.41382300e+03 1.00849457e+03 1.94414688e+04 1.24666104e+04
 1.59488129e+02 5.09725195e+03 1.12842664e+03 1.80733215e+02
 1.75239570e+04 3.35553558e+02 7.72487000e+02 7.00280078e+04
 7.63801147e+02 5.48938281e+03 1.37518311e+02 6.96094678e+03
 1.10010571e+03 3.04496021e+03 6.37779770e+01 1.37158035e+02
 2.27568789e+04 7.79121338e+02 1.66754883e+02 3.32542969e+02
 4.98859741e+02 1.35615747e+03 1.53241699e+02 4.65786957e+02
 2.29130173e+02 8.87499695e+02 9.97363037e+02 9.86215363e+01
 9.84941589e+02 1.13120375e+01 1.41465845e+03 1.24480782e+02
 7.78042236e+03 1.04681289e+04 2.24733063e+02 1.37388213e+04
 1.55374805e+03 9.83460815e+02 3.31706604e+02 7.01111572e+02
 1.58304749e+02 2.59556616e+03 1.77871558e+03 7.91313672e+04
 1.15884590e+02 4.37115440e+01 2.83154755e+02 4.80644023e+04
 1.35615051e+03 2.53637915e+03 1.23071313e+03 2.40507477e+02
 8.39174023e+03 1.48316494e+04 2.22657422e+03 5.15362701e+01
 6.78525085e+01 8.78346375e+02 8.23137207e+03 1.34626211e+04
 8.49725977e+03 1.69436020e+02 5.18160828e+02 1.29358472e+03
 1.18861182e+04 5.53731299e+03 3.34620391e+04 1.80408371e+02
 1.36494446e+02 7.37564331e+02 2.57605410e+04 7.33327103e+01
 4.95142242e+02 1.05716675e+03 3.90670959e+02 6.69782080e+03
 5.72196594e+02 5.61984619e+02 5.53669531e+04 1.27616125e+03
 6.66785156e+03 7.65665207e+01 4.82268646e+02 7.87778613e+03
 3.13368945e+03 1.30533539e+02 1.86433459e+03 2.42195215e+03
 7.99768311e+02 1.49554675e+03 1.07293335e+03 1.92573517e+02
 4.36458867e+04 1.37986494e+04 5.09385406e+02 2.89408112e+01
 4.20531586e+02 1.49801834e+02 1.18425636e+02 3.27598267e+02
 1.28548779e+03 1.31155603e+03 5.97354541e+03 1.55918045e+02
 5.32412476e+02 9.88219629e+03 2.22867012e+04 5.89258362e+02
 2.02187302e+02 2.75817734e+04 2.99396610e+01 1.22820312e+04
 1.07695854e+02 1.10196318e+04 2.00223379e+04 2.79880768e+02
 1.71182642e+03 9.09757202e+02 1.60015107e+04 1.01342354e+04
 3.66624062e+04 3.33874609e+03 1.04033311e+04 3.25055847e+02
 7.74360657e+02 1.34313599e+02 3.50874658e+03 1.93485031e+02
 2.23476929e+03 4.88523789e+04 1.42177322e+02 1.55561062e+05
 5.63542419e+02 2.08777802e+02 1.17244409e+03 1.39012756e+02
 9.14943008e+01 9.76662231e+02 1.82339570e+04 5.72324961e+04
 4.59398346e+02 7.48413818e+02 1.20717664e+03 9.87012024e+01
 1.85526211e+04 4.07074927e+03 1.38235273e+01 1.87634473e+03
 5.58547668e+01 8.20701981e+01 2.73964185e+03 1.62771064e+04
 2.05026416e+03 6.67752734e+03 1.52062347e+02 3.49559174e+02
 1.18844507e+03 5.74474915e+02 9.27458984e+02 3.51192139e+02
 2.09315140e+02 1.60860916e+02 6.19119751e+02 9.39627109e+04
 1.19522705e+03 4.33840607e+02 9.24290955e+02 3.89077209e+02
 1.77788379e+03 1.36339569e+02 6.03360596e+03 9.28151758e+03
 1.12798643e+04 6.58805084e+01 6.31937927e+02 1.50771750e+05
 6.11322754e+02 7.00750391e+04 2.33601880e+03 1.15182877e+02
 2.01257539e+04 1.58380969e+03 6.10750820e+04 9.65420117e+03
 3.02166992e+03 1.97482983e+03 3.08503247e+03 5.93996887e+02
 7.40998306e+01 4.93834534e+01 2.49082539e+04 8.01218384e+02
 6.76208887e+03 8.82912659e+02 8.01042252e+01 1.74074387e+02
 1.85667831e+02 8.60407166e+02 1.54196289e+02 4.33742969e+03
 7.66733856e+01 6.23113831e+02 4.39937598e+03 2.34796582e+03
 1.41551306e+03 5.24622498e+02 2.12274375e+04 9.86919531e+03
 8.64667266e+04 1.08312549e+03 9.91880664e+03 2.21832153e+03
 1.00954681e+03 5.25237999e+01 1.02639626e+02 8.01461105e+01
 8.70384949e+02 2.70770111e+02 3.50455493e+03 4.11745880e+02
 3.47730896e+02 1.52634363e+03 9.18685989e+01 3.26021338e+03
 8.89540588e+02 1.06967491e+02 3.33214935e+02 3.16859844e+04
 1.04678291e+02 1.13225391e+03 5.83313049e+02 4.50676025e+03
 6.04514990e+03 6.30012512e+02 2.85869556e+03 4.99777832e+02
 6.14210632e+02 2.87365723e+02 1.87342453e+02 1.00952812e+02
 5.93648804e+02 3.51084991e+02 5.15525146e+02 2.82386810e+02
 1.74690292e+02 1.01701569e+02 4.64920187e+00 5.90654688e+04
 2.68716461e+02 3.36351855e+03 7.95216125e+02 1.40202301e+02
 1.84304642e+02 1.24118706e+02 2.26806885e+03 6.40590759e+02
 2.92761555e+01 3.34855811e+03 6.67028809e+02 7.35120508e+03
 3.94452197e+03 1.07697395e+02 8.95722534e+02 8.95076416e+02
 2.66226227e+02 1.70114771e+03 1.62359209e+04 4.48784866e+01
 4.72084045e+01 1.04502075e+03 1.45370605e+03 3.57040430e+04
 7.64351074e+03 1.34090530e+02 2.38639575e+03 2.14871172e+04
 1.49773529e+02 9.81327332e+02 1.83434902e+04 6.12728210e+02
 8.61196167e+02 1.43634668e+03 8.65485901e+02 6.15769922e+03
 2.78443359e+03 2.75522858e+02 6.41663757e+02 7.64272949e+02
 2.68576392e+03 4.28067529e+03 2.18316269e+02 4.54626427e+01
 1.22732983e+03 2.68378937e+02 3.59227715e+01 1.85528491e+03
 1.89904824e+04 6.66268555e+02 5.22376611e+03 3.45122070e+02
 4.39329681e+01 1.25682043e+03 4.46580322e+02 1.19052445e+05
 1.25460327e+03 3.37763184e+03 1.06159279e+02 5.95544775e+03
 3.33749365e+03 3.50361475e+03 1.07116543e+04 1.07695088e+04
 2.29696045e+03 1.95763962e+02 7.28313047e+04 8.85130859e+02
 7.98441935e+00 1.79948486e+02 5.83057739e+02 2.53851147e+03]
8054.828
462323.47
