[4.16438707e+09 2.42954840e+07 4.40168800e+07 4.72225792e+08
 8.20230272e+08 7.32702400e+08 3.62760880e+07 1.49443008e+09
 2.17164851e+09 2.35231100e+07 5.69767552e+08 1.17303232e+09
 3.37649843e+09 1.94201860e+07 3.38521560e+07 1.97731888e+08
 1.21449894e+09 5.21484600e+06 9.30840384e+08 2.41766349e+09
 2.47831296e+09 2.95128192e+08 1.06663846e+11 1.40990643e+09
 1.72545552e+08 3.07197798e+09 2.82618900e+10 1.13517645e+09
 6.04325888e+08 5.38741696e+08 8.35688384e+08 7.74486848e+08
 7.89959360e+07 1.55939488e+08 3.20573440e+09 2.36894688e+08
 5.33726048e+08 2.06209880e+07 2.84153984e+08 3.92002525e+06
 1.70050931e+09 2.21499341e+09 2.33453472e+08 2.38077008e+08
 2.67766048e+08 8.31382960e+07 2.59052000e+08 6.57019840e+07
 5.36468032e+08 3.29990963e+09 1.58144790e+07 1.46040600e+07
 1.02328704e+08 4.34899149e+09 2.27158592e+08 9.78710640e+07
 6.03170280e+07 2.83296973e+09 1.28483507e+09 3.96005280e+08
 1.99560896e+09 9.32121600e+07 2.24563696e+08 1.42009510e+07
 9.96114960e+07 2.32923632e+08 1.37974416e+08 3.35352288e+08
 6.00088920e+07 3.96928256e+09 3.73407880e+07 1.03250184e+08
 1.18818130e+07 9.02515840e+07 2.01459920e+08 2.33025472e+08
 1.00462600e+08 1.30146560e+09 1.18489912e+08 2.70049260e+07
 1.58985808e+08 1.68843312e+06 5.74465120e+07 1.77344240e+08
 4.13633280e+08 2.04342920e+07 5.57598160e+07 2.78008300e+07
 2.49589152e+08 3.49247712e+08 7.98334528e+08 2.48147098e+09
 1.09301084e+04 3.60823008e+08 7.95376026e+09 1.12658338e+06
 5.55033920e+07 7.20889280e+07 7.47427328e+08 1.34087460e+07
 3.43918592e+08 6.37873280e+07 8.56801400e+06 4.15166880e+07
 3.60638480e+07 1.84631232e+08 3.74093632e+08 3.53980760e+07
 7.39846080e+07 1.03390384e+08 1.66068960e+08 1.13966784e+09
 2.19133904e+08 5.03792608e+08 4.79589056e+08 5.55521600e+07
 7.51988960e+07 1.67721872e+08 5.17893632e+08 1.29269392e+08
 1.08326438e+09 7.45773824e+08 9.75125312e+08 5.05558176e+08
 7.76454656e+08 1.94444675e+06 5.67265400e+06 4.16878040e+07
 4.76869850e+06 1.59390690e+07 9.56676875e+05 3.25695168e+08
 1.12610594e+05 7.03281600e+07 4.05350280e+07 2.21857525e+06
 7.27323072e+08 8.42828560e+07 2.98642528e+08 3.75137792e+08
 2.82134688e+08 4.48881376e+08 1.24400576e+09 8.77978752e+08
 5.94567744e+08 6.32424880e+07 4.90763720e+07 2.49394227e+09
 1.87874128e+08 1.86381069e+09 1.82912496e+08 8.82579584e+08
 2.10945664e+08 1.01660232e+08 4.81390816e+08 2.91744840e+07
 5.80329550e+06 2.36787405e+09 3.04806336e+08 4.76033843e+09
 1.54624896e+08 5.22431480e+07 5.33174480e+07 1.28684384e+08
 1.26837280e+08 3.25403140e+07 1.17251352e+08 5.05290208e+08
 3.23638140e+07 1.39149952e+09 1.72477904e+08 4.74047840e+07
 5.59958272e+08 3.13871260e+07 1.66941162e+06 1.34757056e+08
 1.06900314e+09 1.56094336e+08 8.23101200e+07 5.94663475e+09
 1.84600000e+08 2.19063888e+08 1.12855747e+10 1.21480000e+08
 2.08373072e+08 8.77414640e+07 7.36642400e+07 5.04440064e+08
 1.62275232e+08 6.19948520e+07 2.10611625e+06 1.59015290e+07
 1.40254112e+08 4.35442400e+08 2.31665843e+09 1.33399872e+08
 1.94640538e+09 3.04924992e+08 5.83335560e+07 5.70441536e+08
 4.50502760e+07 9.59261920e+07 1.54571571e+09 1.17775448e+08
 5.14779238e+09 3.87342054e+09 3.26536768e+08 1.28635750e+09
 3.05572288e+08 9.26682880e+07 3.31271680e+08 1.12385992e+08
 2.82163740e+07 6.96471872e+08 1.04642042e+09 1.94297547e+05
 1.10363360e+08 8.21099700e+06 1.78071462e+09 3.37058912e+08
 1.67955840e+08 4.18407232e+08 2.73605460e+07 1.79970291e+09
 4.66526304e+08 4.87791648e+08 3.07283936e+08 9.45683440e+07
 1.59955824e+08 1.09373722e+09 4.00081480e+07 4.58036200e+06
 2.33928256e+08 8.29050320e+07 2.39552025e+06 5.78777200e+07
 2.83631936e+08 5.02621640e+07 2.70938112e+08 7.88239040e+07
 2.32715904e+09 1.98646460e+07 2.73646694e+09 1.33026816e+09
 3.33383520e+07 5.74983880e+07 5.63024400e+07 6.81408512e+08
 2.08459264e+08 9.44402227e+09 3.13458140e+07 6.28480064e+08
 1.87112784e+08 4.89086406e+05 1.17051280e+08 2.55481120e+07
 2.51387008e+08 2.23381580e+07 1.30533336e+08 4.40407776e+08
 1.31128973e+09 1.27288435e+09 1.77306573e+09 2.08141632e+08
 7.36101680e+07 2.35291616e+08 1.70486944e+08 2.51359952e+08
 4.26537952e+08 4.47662720e+08 1.72514160e+07 5.55696128e+08
 1.81171424e+08 4.42652320e+07 1.59141082e+09 2.63699960e+07
 1.93769165e+09 3.47963469e+09 4.37093280e+08 1.42183456e+08
 7.50250880e+08 8.33661568e+08 6.13519080e+07 2.19445008e+08
 3.37878320e+07 6.62800448e+08 8.20503040e+07 9.83283760e+07
 2.72755340e+07 1.08895360e+09 5.72944486e+09 1.28063528e+08
 2.37966240e+08 7.84108880e+07 2.08082320e+08 1.10567944e+08
 2.76196032e+08 6.41992640e+07 3.83115680e+08 6.35295000e+07
 3.32484900e+07 3.75233040e+07 1.19608050e+06 1.56652192e+08
 1.40697168e+08 1.18092206e+10 2.73348880e+07 4.47261696e+08
 1.74153392e+08 1.40306512e+08 1.67595920e+08 3.82636800e+08
 2.16824038e+09 2.87850220e+07 1.80700528e+08 3.14161696e+08
 2.00472720e+08 1.08865412e+06 5.65717952e+08 7.27095424e+08
 1.08042912e+08 1.32207512e+08 2.76124416e+08 2.85127232e+08
 1.11343142e+09 1.96562736e+08 8.55093606e+09 3.00955320e+07
 1.71280656e+08 2.07598285e+09 2.24182112e+08 3.60990594e+05
 3.81596200e+07 4.81627840e+07 1.64018160e+08 8.80268096e+08
 7.24039120e+07 2.40728880e+07 1.43034048e+09 1.37315040e+07
 1.00115240e+08 7.78312000e+08 6.92339120e+07 1.86108144e+08
 3.45580160e+08 3.34643280e+07 4.84532320e+07 2.05392384e+08
 1.87622618e+09 1.20001520e+07 1.01248890e+09 2.78309888e+09
 4.75525536e+08 5.00164128e+08 1.99123792e+08 4.97661312e+08
 1.89787699e+09 4.82046720e+07 2.02030592e+08 1.11589683e+09
 4.01445840e+07 2.18681312e+08 2.26972723e+09 1.23698328e+08
 4.04626022e+09 1.02738528e+09 1.87206784e+08 1.41379888e+08
 5.21063424e+08 1.55162400e+08 4.15273056e+08 2.12934195e+09
 1.39619389e+10 4.71812160e+07 8.99610960e+07 3.17684326e+09
 1.39257075e+09 1.33228109e+09 2.69223600e+07 8.55948720e+07
 1.28918328e+08 1.27020032e+09 6.37188147e+09 6.99565504e+08
 1.51877344e+08 7.14780672e+08 8.68670720e+07 2.43775888e+08
 3.68283296e+08 1.72426096e+08 1.36440218e+09 1.92831648e+08
 1.69590768e+08 6.16064000e+08 4.25783320e+07 2.05679680e+09
 2.87533984e+08 4.28223232e+09 3.81936840e+07 1.75784166e+09
 5.17053440e+07 8.18536720e+07 9.63256800e+06 2.24928080e+07
 5.02551200e+08 7.73500160e+07 6.49642640e+07 5.93751080e+07
 1.83833313e+11 5.35412080e+07 1.50269360e+07 2.07987405e+09
 4.47945824e+08 5.15249125e+05 1.83486758e+09 7.95862720e+08
 1.06301728e+08 1.52029488e+08 4.10828864e+08 1.04132776e+08
 3.55801248e+08 3.63068960e+07 2.24155856e+08 1.05011712e+08
 5.91337640e+07 3.80332800e+08 1.29335625e+06 6.80754400e+07
 2.82246144e+09 4.48863456e+08 1.14876152e+08 3.35434350e+06
 6.91256720e+07 2.29805920e+07 2.80822912e+08 3.25286880e+08
 2.04404016e+08 9.84120720e+07 5.35353800e+07 2.97647008e+08
 2.39519120e+08 1.83635160e+07 1.21069773e+09 1.38219904e+09
 1.11800552e+08 5.43938160e+07 1.24430120e+08 5.64284750e+06
 1.77080112e+08 6.40780224e+08 1.80622688e+08 1.77909862e+09
 2.69067740e+07 9.13250624e+08 3.90022816e+08 1.79821664e+08
 2.54296976e+08 1.50850275e+06 3.26761152e+08 8.09607360e+07
 5.50281984e+08 1.23897144e+08 3.35995136e+08 7.96218800e+07
 1.58433775e+06 5.48244240e+07 6.80907968e+08 1.54223536e+08
 1.16069969e+05 1.17757146e+09 1.34172400e+07 9.91533824e+08
 5.66478592e+08 1.07333165e+09 1.47650464e+08 1.33693670e+09
 1.72854848e+08 1.40721520e+08 1.20191760e+08 1.73983168e+08
 1.17225792e+08 2.97737056e+08 3.04485184e+08 2.48996060e+07
 2.33986816e+08 2.01641184e+08 1.11123672e+08 2.69225856e+09
 2.49216160e+08 3.38276832e+08 2.74347720e+07 4.54050480e+07
 1.61461152e+08 3.46510592e+08 9.40964736e+08 2.51133940e+07
 4.63391392e+08 4.77568512e+09 1.96422304e+08 2.20245264e+08
 1.32858970e+07 4.46786496e+08 8.14801040e+07 2.44462864e+08
 6.94210560e+07 2.70262062e+05 4.12659640e+07 1.21798554e+09
 1.89220850e+06 3.17157120e+07 2.00715168e+08 4.63218464e+08
 3.53971640e+07 7.14955280e+07 9.30608160e+07 5.44227456e+08
 1.98287258e+09 4.05817280e+07 2.57880064e+09 8.63807920e+07
 4.98387300e+06 8.54985920e+08 1.40322612e+06 4.51575520e+08
 3.68550784e+08 3.61671280e+07 3.81686720e+07 5.02420288e+08
 1.71058320e+08 1.92683088e+08 1.59323700e+07 2.22681920e+08
 6.14021375e+05 1.77576560e+08 1.29723872e+08 3.89529920e+08
 3.05629056e+08 4.18197952e+08 1.56239984e+08 5.78960920e+07
 5.10542144e+08 8.57725952e+09 1.28351736e+08 2.40517140e+07
 1.16276870e+07 4.19088480e+07 2.66067728e+08 5.69313160e+07
 1.82673328e+08 2.10251480e+07 4.75952400e+07 8.84983120e+07
 1.41622528e+08 1.49626560e+09 8.96880560e+07 2.02012685e+09
 2.28400384e+08 2.52331920e+08 4.64744080e+07 5.23512440e+07
 1.52473072e+08 8.18899136e+08 2.32853312e+08 6.14625360e+07
 7.41630800e+07 2.01581840e+08 2.51848960e+07 4.97968032e+08
 6.20568160e+07 3.98585040e+07 2.36128544e+08 1.32775872e+08
 2.13414752e+08 5.09975488e+08 7.69297024e+08 1.80943824e+08
 3.05272640e+08 3.61831904e+08 9.63739392e+08 1.57898176e+08
 3.45243418e+09 8.48356960e+07 1.88275184e+08 9.89928256e+08
 6.51382912e+08 3.21312256e+09 1.18147890e+07 1.61570816e+08
 2.10131072e+08 3.88446752e+08 6.55710912e+08 6.68222200e+07
 1.62706738e+06 8.70719760e+07 4.18705760e+08 2.58563664e+08
 2.44277632e+08 1.31924856e+08 8.50435968e+08 1.66914848e+08
 9.82434080e+07 1.52292144e+08 3.69098200e+07 3.74542400e+07
 9.42368128e+08 6.81124080e+07 3.58175200e+07 4.31728576e+08
 2.31006624e+08 5.75691584e+08 1.54845088e+08 2.10749520e+08
 7.81597312e+08 3.98155264e+08 1.86463904e+08 6.35450560e+08
 1.81959142e+09 1.19542387e+09 1.88731533e+09 6.53714240e+08
 2.83339100e+07 3.22958592e+08 1.16566472e+08 4.07856575e+06
 2.75879904e+08 1.25918464e+09 6.60730760e+07 2.02752640e+08
 3.83406400e+08 2.57287456e+08 5.10913952e+08 1.06256416e+08
 2.24425952e+08 5.61631160e+07 2.61644896e+08 1.20080700e+06
 1.45678275e+06 8.65488160e+07 5.31421024e+08 2.69555814e+09
 2.08965952e+08 7.32097664e+08 1.23970944e+08 4.24645960e+07
 1.47003505e+10 3.35931360e+08 5.59061120e+07 1.30118304e+08
 1.35824790e+07 1.87505328e+08 9.06535360e+07 5.58609216e+08
 3.64315584e+08 6.50534840e+07 1.33863638e+06 5.57721920e+08
 1.85768840e+07 9.68305472e+08 2.07935920e+08 1.36454650e+07
 7.54827920e+07 2.96402560e+08 1.37593520e+08 1.36377216e+08
 2.89463760e+07 3.43750304e+08 2.66590752e+08 2.84851040e+08
 9.34406720e+07 1.50999949e+09 5.33865677e+09 4.63136736e+08
 1.45812460e+07 4.00178240e+08 8.52590720e+08 3.24962074e+09
 6.34581080e+07 6.22148480e+07 6.43937200e+06 1.54344218e+09
 1.54669940e+07 4.39741920e+07 1.09551232e+08 9.64703250e+05
 1.56125811e+09 7.47116350e+06 7.83346720e+07 5.13050784e+08
 1.80436672e+08 1.19421576e+08 3.76017720e+07 2.60593344e+08
 2.68302560e+08 5.97672120e+07 1.30413250e+07 2.80274432e+08
 5.54045952e+09 7.76372800e+07 5.58537240e+07 6.17932000e+07
 1.44643760e+07 1.20090568e+08 2.45214540e+07 4.89328080e+07
 5.91985440e+07 3.64284736e+08 3.49905920e+07 3.20597312e+08
 6.68191080e+07 6.70275000e+07 1.07975898e+09 6.07839680e+08
 3.06841395e+09 2.85819104e+08 2.33043072e+08 2.05764979e+09
 1.24215392e+08 8.57356562e+04 1.53056864e+08 1.21921368e+08
 6.19043520e+08 1.11380704e+08 2.31642528e+08 1.55938829e+09
 4.29426300e+06 1.64083664e+08 1.33724454e+09 3.42647962e+09
 4.07785888e+08 3.85534040e+07 4.87700512e+08 1.90058976e+08
 4.50996832e+08 3.81104576e+08 1.25479053e+09 1.18474424e+08
 1.11982208e+08 1.25790080e+08 2.80604992e+08 4.21617472e+08
 3.18341555e+09 5.18210480e+07 1.71148680e+07 8.22605280e+07
 7.56275680e+07 4.70213088e+08 4.60031437e+09 3.61472575e+06
 8.00606480e+07 1.17441408e+08 5.76483072e+09 1.67070720e+08
 1.79152096e+08 1.78332225e+06 2.17071328e+08 1.32888920e+08
 8.78616800e+07 1.19128080e+08 4.53224352e+08 4.59159800e+07
 2.08284275e+06 8.63700320e+07 2.66306336e+08 1.03824429e+09
 1.30811864e+08 6.98086200e+06 1.37546288e+08 1.84462016e+08
 7.59892188e+05 4.12680608e+08 1.91062208e+09 2.57328704e+08
 1.65196672e+09 2.73323060e+07 7.79758720e+07 2.63080448e+08
 5.07928920e+07 3.26240860e+07 6.98117952e+08 3.27823380e+07
 1.18925032e+08 1.41306784e+08 1.50820838e+09 8.82734240e+07
 4.48564096e+08 2.68757683e+09 1.02502278e+09 1.54404848e+08
 4.52694816e+08 4.11507405e+09 1.00079008e+08 7.14438912e+08
 1.26851304e+08 4.06285408e+08 1.12521288e+08 2.10516400e+06
 4.31113312e+08 1.21418144e+08 2.36635088e+08 2.65614976e+09
 2.33105632e+08 1.85506656e+08 2.56554368e+09 6.04366656e+08
 4.13781075e+06 2.97148224e+08 1.35857178e+09 1.18310032e+08
 2.43672048e+08 2.01312499e+09 6.04392000e+08 4.96685440e+08
 4.63196512e+08 6.69256840e+07 2.60445568e+08 3.80205075e+06
 3.52088480e+07 1.73119580e+07 2.47237168e+08 2.91978784e+08
 5.07252416e+08 7.76963600e+07 3.50460544e+09 1.13761650e+07
 8.07226500e+06 2.94713856e+09 7.05336960e+08 8.79130944e+08
 3.94119872e+08 7.29491840e+07 1.33019384e+08 1.85430656e+08
 5.24013152e+08 2.52774578e+05 5.44814600e+07 1.05873540e+07
 1.97232688e+08 2.22032960e+07 5.81688512e+08 6.08845250e+06
 5.93546440e+07 9.68880720e+07 8.01351280e+07 8.30825664e+08
 3.01504544e+08 9.84978800e+07 3.30290400e+08 4.82524400e+07
 3.61206760e+07 5.22757720e+07 5.08962720e+08 2.57593888e+08
 2.30637952e+08 5.44957952e+08 1.81988646e+09 2.97012557e+09
 4.45150528e+08 3.16064154e+09 1.65599565e+09 2.24771640e+07
 4.95641216e+08 5.14437216e+08 1.03575009e+10 5.37135808e+08
 1.37832832e+08 2.46554144e+08 8.67549840e+07 9.77114400e+07
 9.07322960e+07 6.50728960e+07 1.48828301e+09 1.69192192e+08
 6.72490598e+09 7.17800080e+07 2.03775920e+07 3.21890624e+08
 4.72327080e+07 2.43833344e+08 1.50564370e+07 2.62919440e+08
 6.85399360e+07 1.69474688e+06 8.01465040e+07 3.89513480e+07
 5.94541760e+07 1.24014600e+08 4.72496128e+09 2.94770784e+08
 6.84536512e+08 1.43064832e+08 1.27722016e+08 2.63270496e+08
 5.24173792e+08 1.61034048e+08 2.46131900e+06 3.72598464e+08
 1.10116992e+08 8.68044500e+05 9.95418560e+07 1.36912960e+09
 1.83061517e+09 1.07347848e+08 5.09472240e+07 3.79071360e+08
 4.98321360e+07 9.71222560e+07 4.54001440e+08 1.45682662e+09
 5.88389640e+07 6.90348864e+08 2.29971344e+05 2.42811616e+08
 2.31526880e+08 1.79082400e+08 5.89129920e+08 6.63224440e+07
 5.27298440e+07 6.32848896e+08 7.37504800e+07 1.01726632e+08
 1.09556442e+09 3.60182640e+07 1.29826730e+07 8.76359280e+07
 6.06408760e+07 6.05244096e+08 6.28843125e+05 2.69331686e+09
 5.31707840e+08 3.56026720e+08 2.28096560e+08 8.68827712e+08
 1.60675300e+07 2.56402448e+08 5.41275008e+08 4.90759480e+07
 3.98496704e+08 1.18939816e+08 3.60597900e+06 4.96520512e+08
 8.33122500e+06 5.33536768e+08 5.99040160e+07 2.48858192e+08
 1.46785232e+08 7.16263520e+07 4.62533824e+08 1.23342928e+08
 9.34260352e+08 4.15792600e+07 9.48191312e+05 1.75725507e+10
 8.23005050e+06 2.94749460e+07 5.55724560e+07 3.18918477e+09
 6.36693800e+07 1.18372408e+08 2.62132531e+09 1.96830272e+08
 1.31515310e+07 1.79886260e+07 1.16142536e+08 3.08333696e+08
 2.00923302e+09 7.62023300e+06 4.62927120e+07 4.68583280e+07
 1.82452339e+09 1.95746432e+08 3.13637760e+08 1.28253888e+08
 1.42554128e+08 4.61221720e+07 1.89535376e+08 6.38052992e+08
 1.94109700e+07 4.50264320e+08 4.02289408e+08 7.57341500e+06
 1.68063264e+08 4.42892600e+07 3.01017840e+07 4.65743258e+10
 1.10903296e+08 7.76413120e+08 2.81492440e+07 6.25622912e+08
 4.29197200e+06 1.23368947e+09 2.92137344e+08 6.46068224e+08
 6.15756000e+07 3.53594080e+08 4.86893800e+06 5.71780544e+08
 3.32494440e+07 7.42579840e+07 3.37516156e+05 1.95361152e+08]
