[1.87313037e+09 1.87156848e+08 2.04114960e+08 5.48142656e+08
 6.90317888e+08 3.62338816e+08 2.91587562e+05 1.10845768e+08
 3.66140518e+09 2.55559872e+08 1.55244698e+09 1.27630408e+08
 1.08194522e+09 5.44567000e+07 9.75087920e+07 3.30756928e+08
 1.95676493e+09 3.95514208e+08 7.60358400e+08 3.40529664e+09
 5.23643360e+08 7.30078880e+07 6.48794890e+10 1.61231152e+08
 1.66257600e+08 8.95199552e+08 2.34448548e+10 2.75302031e+05
 8.52096800e+07 1.65386368e+08 1.02389549e+09 3.02214368e+08
 8.80964928e+08 2.02811360e+08 6.96964736e+08 5.99731712e+08
 4.47866304e+08 1.04369720e+07 4.67657408e+08 1.52200880e+08
 4.75407667e+09 6.56991872e+08 2.24212160e+08 1.08523152e+08
 5.97544000e+08 3.70621240e+07 1.91806704e+08 1.80128680e+07
 3.03673792e+08 3.19402640e+07 1.58433440e+08 9.61648500e+06
 2.78206220e+07 3.82765120e+07 1.14000216e+08 2.98597792e+08
 4.70612480e+08 3.10941952e+09 1.23103488e+09 3.07787392e+08
 1.64794726e+09 1.12530816e+08 3.73994080e+08 7.70133760e+07
 5.81355920e+07 9.17207936e+08 5.99462850e+06 9.09127440e+07
 9.81993600e+07 4.31990426e+09 1.35934740e+07 1.21204776e+08
 8.86971440e+07 1.18501542e+09 3.12136928e+08 6.33412736e+08
 2.79093376e+08 3.41805920e+08 1.85226740e+07 3.44861517e+09
 4.22841504e+08 1.97440768e+08 3.77084800e+06 5.42793440e+07
 2.04277712e+08 2.51054960e+07 1.75253184e+08 3.43951584e+08
 2.22854416e+08 2.17690576e+08 3.82518400e+08 2.24561459e+09
 1.93986224e+08 2.46071040e+08 1.01105132e+10 2.05594500e+07
 2.33804336e+08 8.54307904e+08 1.13149658e+09 4.50229720e+07
 1.38347344e+08 3.66988640e+08 4.43668448e+08 1.91588960e+07
 6.00627712e+08 1.64614336e+08 1.34297024e+08 2.31062416e+08
 5.64392384e+08 6.87377920e+07 1.06791112e+06 9.97906720e+07
 6.59326840e+07 4.61966496e+08 1.62921766e+09 9.38360480e+07
 2.19310680e+07 3.18463584e+08 1.27556928e+08 7.53394160e+07
 4.43416992e+08 9.20905856e+08 2.35812301e+09 9.29270464e+08
 2.28942992e+08 1.17096824e+08 1.70476608e+08 2.52159120e+08
 3.46393240e+07 2.79574112e+08 2.45020240e+08 1.81657424e+08
 7.38051625e+05 7.37485360e+07 3.70844384e+08 2.34591376e+08
 4.76504864e+08 5.26470912e+08 3.06394272e+08 2.73744992e+08
 1.19775590e+09 4.39452920e+07 1.00527104e+09 1.14880848e+08
 4.04876544e+08 1.82860075e+06 3.62705760e+07 5.51527360e+08
 2.43370982e+09 5.61228850e+06 8.08104480e+07 3.40747232e+08
 2.61017744e+08 4.31300520e+07 6.83368800e+07 1.92577584e+08
 3.60905888e+08 4.71700096e+08 1.20355968e+08 4.81471437e+09
 1.65668621e+09 2.57845640e+07 4.85004960e+07 1.51945920e+08
 1.22484877e+09 1.62010416e+08 1.92382144e+08 1.22723888e+08
 4.61968288e+08 6.78915840e+07 1.62808032e+08 7.07616576e+08
 7.03239520e+07 6.34965280e+07 2.62629952e+08 3.44515550e+06
 9.46365760e+07 6.77781680e+07 1.80925648e+08 3.64679552e+09
 2.24407347e+09 8.36041040e+07 6.79028880e+07 1.61599328e+08
 2.03113840e+08 3.22415060e+07 7.37258720e+07 2.07730768e+08
 2.31035728e+08 1.16871792e+08 5.38931800e+07 1.01026648e+08
 7.03455120e+07 1.61913360e+08 5.98734490e+09 2.61555906e+05
 3.44106982e+09 1.22066296e+08 2.52359504e+08 1.26785357e+09
 3.56910144e+08 4.97973728e+08 5.64322624e+08 1.28824560e+08
 9.87524813e+09 2.30909940e+07 4.63801800e+06 3.36421792e+08
 5.16129280e+08 2.51457856e+08 8.43224875e+05 1.30259080e+08
 1.59839632e+08 3.47884040e+07 1.13102157e+09 1.31380512e+08
 6.78426080e+07 1.52092448e+08 1.73299763e+09 4.69804640e+07
 1.93346832e+08 1.52462864e+08 7.54109920e+07 2.40638157e+09
 3.04010340e+07 6.32729920e+08 6.62357800e+07 4.82614800e+07
 3.85122368e+08 2.00705690e+09 1.53200688e+08 1.13495130e+07
 7.47024576e+08 2.53961040e+08 5.15322160e+07 4.82070688e+08
 8.36510080e+07 3.52234840e+07 7.71716160e+07 1.05871840e+08
 1.61966976e+09 1.31466144e+08 6.18016960e+08 1.97584368e+08
 5.65262734e+04 8.05403280e+07 7.44322880e+08 4.22999680e+07
 1.06216144e+08 3.42645376e+09 6.20731480e+07 9.52290496e+08
 8.10691520e+07 3.25437536e+08 1.51468176e+08 3.64335904e+08
 1.74938912e+08 5.16574200e+07 1.44923872e+08 3.11833480e+07
 1.74366925e+10 2.36938086e+09 6.13525453e+09 6.34192320e+07
 8.01391760e+07 2.41582272e+08 1.13427896e+08 3.24759584e+08
 2.88818336e+08 9.88728192e+08 7.38383360e+07 1.63406400e+09
 4.63694960e+07 2.84541760e+08 4.51630144e+08 4.91851520e+08
 3.06680576e+09 4.48854720e+08 5.22568600e+07 4.43862989e+09
 1.43123904e+08 1.87949478e+09 1.49867620e+07 9.98075760e+07
 1.40652430e+07 1.21978536e+08 9.84445568e+08 2.20383632e+08
 1.54231530e+07 3.23655320e+07 2.30903030e+10 4.72539680e+07
 1.15444058e+09 4.53777720e+07 2.44820192e+08 5.41940680e+07
 4.65234160e+07 1.55634352e+08 8.48816480e+07 5.71327480e+07
 2.00660992e+08 7.19855520e+07 1.38637968e+08 6.20074560e+08
 1.43951565e+09 1.61243249e+10 1.05754216e+08 3.46786765e+09
 4.14655880e+07 6.20209560e+07 9.25889040e+07 2.63731120e+08
 2.21577421e+09 3.07114112e+08 1.67876992e+08 4.37472680e+07
 4.22793664e+08 1.40890445e+09 2.31496688e+08 7.89542912e+08
 1.39110336e+08 2.39599760e+08 1.05025293e+09 2.10513216e+08
 9.48552768e+08 2.87903744e+08 3.92283904e+09 1.47434570e+07
 1.46698714e+09 4.36815776e+08 9.65448000e+07 2.07242832e+08
 2.41113312e+08 2.60223376e+08 4.18308960e+08 1.48007216e+08
 2.12628208e+08 1.92355920e+08 4.68059360e+08 2.18957480e+07
 1.59680352e+08 2.56882544e+08 6.12324608e+08 1.07617370e+09
 2.44856360e+07 5.59142080e+07 1.89610560e+07 6.67023600e+07
 1.71641960e+07 1.00573640e+07 9.89845952e+08 2.54379180e+07
 1.15880760e+08 5.33557312e+08 5.41995440e+07 9.78631360e+08
 5.63006592e+08 4.82558016e+08 2.61140816e+08 1.06189267e+09
 8.83437280e+07 6.10275328e+08 4.27340320e+08 2.23989660e+07
 1.65184755e+09 3.40527040e+07 5.04084350e+06 3.27416980e+07
 3.07304602e+09 7.11983680e+08 1.60837312e+08 2.14661264e+08
 2.82951782e+09 2.72213152e+08 2.92608352e+08 2.41249650e+06
 1.59157901e+09 1.16552627e+09 7.68392080e+07 1.82574360e+07
 2.40076832e+08 8.54771584e+08 3.07279386e+09 1.01772168e+08
 1.29994976e+08 4.75423424e+08 1.09693912e+08 6.16463120e+07
 1.53937242e+09 5.41066920e+07 1.37955494e+09 9.14994560e+07
 3.26173300e+07 3.22808672e+08 7.63553040e+07 5.78449650e+06
 3.06489536e+08 4.08806067e+09 2.72187648e+08 2.59719398e+09
 9.76691680e+07 4.69544640e+08 7.21753750e+05 1.27202760e+08
 1.39135450e+09 2.85177152e+08 8.79941280e+07 2.94201180e+07
 6.84545106e+10 2.14769392e+08 3.81216096e+08 5.21595648e+08
 6.87830336e+08 1.58256896e+08 1.49865421e+09 2.16874778e+09
 1.10039976e+08 4.04704288e+08 6.62879168e+08 8.31833840e+07
 1.87208048e+08 5.21353280e+08 2.61478864e+08 2.26092704e+08
 8.47124560e+07 4.54319488e+08 4.31032928e+08 6.47341160e+07
 3.00862669e+09 7.32459648e+08 2.17672800e+08 8.20840384e+08
 1.65701456e+08 5.35476173e+09 1.41013808e+08 1.37008160e+07
 7.36581040e+07 8.72665120e+07 2.33371280e+08 2.00667120e+08
 1.99499040e+08 9.02673280e+07 5.70366656e+08 4.95202432e+08
 3.21809824e+08 3.95362450e+06 2.02085860e+07 5.36631600e+07
 1.52099600e+08 2.49995376e+08 3.40438625e+05 5.86826711e+10
 7.14200960e+07 2.88784480e+08 4.85933120e+08 1.60712770e+07
 1.22833800e+07 4.07390400e+07 1.68273037e+09 1.27059870e+07
 1.26721376e+08 1.40091504e+08 5.18242040e+07 3.72161000e+07
 6.35125504e+08 1.02474968e+08 2.04573248e+08 1.68137472e+08
 2.31833422e+05 4.16177818e+09 3.71038048e+08 8.06702080e+08
 2.29317296e+08 1.24000416e+08 1.52402656e+08 1.71351408e+08
 5.85473160e+07 4.76927360e+08 1.99023216e+08 3.09808608e+08
 8.42476560e+07 8.99081344e+08 4.39489632e+08 1.17014408e+08
 5.11289344e+08 3.38083808e+08 2.47193888e+08 4.65889792e+09
 2.38059424e+08 1.39140625e+06 1.69027940e+07 1.38258736e+08
 2.30998760e+07 4.39130560e+08 5.01280064e+08 8.54772560e+07
 5.66755500e+05 3.71654810e+09 7.22671760e+07 8.64884480e+07
 1.89687920e+07 3.37280384e+08 9.60251776e+08 5.39623200e+07
 3.31859880e+07 4.76253376e+08 3.70255520e+07 9.88674304e+08
 2.58932352e+08 1.97255792e+08 2.55210544e+08 3.71174912e+08
 4.88540062e+05 4.70754432e+08 7.89551488e+08 1.40570061e+09
 1.55125408e+08 4.17062880e+08 3.00627675e+06 2.68560280e+07
 2.91434020e+07 1.71292641e+10 5.09991616e+08 4.44382640e+07
 8.14160320e+08 1.80314520e+07 3.27436156e+05 4.59410816e+08
 1.88172976e+08 1.91143040e+07 2.24892992e+08 1.28059928e+08
 3.19340736e+08 9.41173520e+07 1.02277600e+08 1.15226248e+08
 6.74863850e+06 1.20096205e+09 2.10760976e+08 3.98395904e+08
 1.23417523e+09 4.74277939e+09 1.93953160e+07 6.77144844e+04
 9.56830800e+07 1.51814848e+08 4.21725408e+08 2.08329340e+07
 6.13347712e+08 5.35481560e+07 1.38688032e+08 5.92472320e+07
 2.85219168e+08 2.18460048e+08 4.00668520e+07 4.78672000e+08
 1.66556240e+08 1.93127392e+08 5.46125520e+07 5.81403062e+05
 2.89163750e+09 2.59870128e+08 1.16151992e+08 2.42899856e+08
 1.04114104e+08 4.21820608e+08 1.02941272e+08 1.90891840e+09
 7.04749120e+08 1.48840680e+07 1.10967216e+08 2.15714256e+08
 8.86306406e+09 2.95752896e+08 3.21022304e+08 2.26818672e+08
 3.99620992e+08 1.18431520e+08 3.85202842e+09 5.91075240e+07
 4.25562368e+09 1.67559056e+08 1.34272051e+09 1.24375514e+09
 8.71693920e+07 4.15820646e+09 7.65564320e+07 2.77349280e+08
 4.92249000e+07 3.62102848e+08 9.19082752e+08 1.41513216e+08
 6.81018880e+08 1.44882464e+08 1.99019891e+09 3.20992375e+06
 1.19896944e+08 3.37394250e+05 1.02738816e+09 4.44614480e+07
 3.74643558e+09 1.40726464e+09 3.60372040e+07 1.20720216e+08
 1.12047565e+09 1.12887456e+08 2.13925472e+08 7.40289520e+07
 7.93623424e+08 1.15276160e+09 1.33171832e+08 6.73258320e+07
 1.98665229e+09 2.26278900e+07 1.83884656e+08 6.12569536e+08
 1.20972237e+09 4.01740960e+08 1.06691757e+09 1.80123123e+09
 2.32731760e+07 3.05760352e+08 1.85152960e+08 2.47670475e+06
 6.21558976e+08 5.57884544e+08 1.07171085e+09 5.61154800e+07
 2.32004750e+05 1.01198016e+09 1.06241107e+09 6.62440400e+07
 4.97220000e+08 1.08137624e+08 1.22852080e+07 1.39504288e+08
 2.75490976e+08 1.07611560e+07 1.18689280e+09 1.27379802e+09
 8.95080640e+07 3.86053536e+08 2.33877715e+04 3.07133088e+08
 7.61950618e+10 9.62633360e+07 3.58059936e+08 4.02287648e+08
 1.30909340e+07 1.59680176e+08 1.06511272e+08 1.48216832e+08
 1.00367219e+09 2.16489560e+07 1.90474704e+08 5.47685376e+08
 1.18425168e+08 1.21163674e+09 1.90469232e+08 4.68667560e+07
 3.30107744e+08 1.04418362e+09 2.06503662e+06 1.30003136e+08
 3.41010752e+08 3.90605472e+08 2.95185536e+08 6.51856312e+05
 1.63601580e+07 1.80311002e+09 7.98522432e+08 3.73738272e+08
 2.54271344e+08 1.56215642e+09 1.80577024e+09 1.10086515e+09
 1.21010024e+08 6.22191760e+07 5.90691008e+08 2.23828480e+08
 2.60631000e+07 2.02260528e+08 1.88800944e+08 6.15372750e+05
 1.72185024e+09 1.28551896e+08 2.61999440e+08 2.27455462e+09
 2.68948575e+06 2.77495150e+06 1.08397672e+08 4.43690850e+06
 1.06256648e+08 5.13388864e+08 3.75761160e+07 1.79976176e+08
 1.45027392e+09 2.46496700e+07 5.62089280e+08 4.84351840e+08
 3.11213888e+08 4.31734240e+07 4.68403880e+07 1.90466560e+07
 5.27001250e+05 3.83149000e+07 2.18381340e+07 9.13570000e+07
 7.96584400e+07 4.98665920e+07 2.23365824e+08 4.49083072e+08
 2.38407066e+09 9.86783872e+08 1.50544102e+09 1.57284890e+09
 2.37779226e+09 3.58963560e+07 3.66756160e+08 3.61104192e+08
 1.33155392e+09 1.95288940e+07 4.25038720e+07 1.77734541e+09
 1.11370064e+08 4.07727040e+08 1.21462835e+09 4.09995802e+09
 2.15151539e+09 4.80630784e+08 1.69191488e+09 2.29876940e+07
 1.58445338e+09 1.55538035e+09 2.74613088e+08 2.89986304e+08
 1.22736040e+07 4.05938640e+07 7.20506960e+07 1.76920922e+09
 1.92500800e+09 1.13066000e+07 4.71581472e+08 8.53304400e+07
 3.32910112e+08 5.32588960e+08 1.11792691e+10 1.50249894e+09
 7.66677375e+05 3.99550625e+06 1.17794483e+09 4.41562560e+08
 1.25862928e+08 1.05363024e+08 4.63280000e+07 3.10774016e+08
 2.67371880e+07 4.19556160e+08 1.58245491e+09 6.15570280e+07
 7.19486848e+08 3.47865760e+07 1.49211200e+08 1.21659264e+09
 1.04086048e+08 1.60036860e+07 2.06980048e+08 5.38385680e+07
 3.63947872e+08 1.24502106e+09 1.16796019e+09 9.76763584e+08
 6.44247654e+09 9.33700224e+08 2.08851808e+08 1.54155530e+07
 6.77058100e+06 5.63685440e+08 2.21864208e+08 2.71199240e+07
 1.25161384e+08 2.05324650e+06 1.27513933e+09 7.81722640e+07
 2.32876048e+08 8.67861888e+08 3.90028288e+08 5.72131840e+07
 4.42096000e+07 3.55567514e+09 9.10470688e+05 6.98243440e+07
 2.40839060e+07 4.82307040e+08 5.56427850e+06 2.51078432e+08
 3.61320384e+08 1.13615096e+08 8.14702080e+08 2.93068698e+09
 4.06171085e+09 1.64602320e+08 1.46645363e+09 3.53321344e+08
 2.77138400e+08 2.21951872e+08 7.27145024e+08 5.04561120e+07
 6.72898640e+07 1.72348762e+09 7.51740688e+05 6.81078848e+08
 2.50151088e+08 4.87750440e+07 3.45284608e+08 1.43724848e+08
 1.49651710e+07 1.15871168e+08 1.97424448e+08 7.75961293e+09
 7.80781568e+08 1.08665936e+08 3.90088275e+06 1.31296368e+08
 1.21985318e+09 1.13760560e+07 2.68278048e+08 6.38657240e+07
 6.99262240e+07 1.24643240e+08 8.96541520e+07 1.24552600e+08
 3.26178144e+08 6.45303160e+07 1.01112696e+08 4.11192160e+07
 2.64586448e+08 5.24851040e+07 5.76806720e+08 6.37175760e+07
 3.08790816e+08 1.19483232e+08 1.60284416e+08 1.10623872e+09
 1.60584848e+08 1.96455856e+08 4.54302400e+08 9.64482080e+07
 4.95013880e+07 1.26846800e+08 5.41859008e+08 7.01580125e+05
 5.46264768e+08 5.43230320e+07 8.67906240e+08 2.67561574e+09
 2.09778608e+08 1.48436774e+09 3.44171840e+07 4.55714040e+07
 1.00492626e+10 1.14565517e+09 6.31262336e+08 8.09579008e+08
 1.34395808e+08 9.81987264e+08 1.62273300e+07 9.66812800e+07
 6.10306176e+08 3.85570800e+07 1.40530400e+08 2.20957712e+08
 5.35838771e+09 1.18557088e+08 3.29663808e+08 6.94140224e+08
 3.11681600e+08 2.58330816e+08 2.51997280e+08 2.52883968e+08
 7.20999680e+07 6.81347040e+07 2.45203320e+07 5.28261650e+06
 1.35614656e+09 4.51677375e+05 4.22942157e+09 1.56504461e+09
 1.54445568e+09 4.24296384e+08 1.45338016e+08 2.21907984e+08
 3.27229184e+08 2.36198250e+06 1.97279728e+08 2.81217240e+07
 2.62382144e+08 1.88672784e+08 4.52405280e+08 1.84506640e+08
 2.16858672e+08 1.31637728e+08 2.77345720e+07 1.15915656e+08
 9.70233680e+07 6.69530280e+07 2.68169700e+06 2.75808666e+09
 2.10748825e+06 1.15498496e+09 4.75616064e+08 4.88977280e+08
 2.86007800e+06 9.65578560e+07 9.38844240e+07 2.23202512e+08
 2.45786544e+08 2.04120112e+08 1.50377904e+08 1.92817920e+08
 4.69313600e+08 1.87080304e+08 3.15262880e+08 2.41221020e+07
 1.79522592e+08 1.64720230e+09 2.57447260e+07 6.12517734e+09
 1.71359712e+08 2.52187200e+08 6.00106920e+07 3.89210400e+08
 1.28166056e+08 5.79645840e+07 1.25741088e+06 1.12818976e+08
 1.31097632e+08 7.27494160e+07 2.12809776e+08 4.22682600e+07
 6.91393344e+08 5.84793960e+07 8.87425600e+06 1.27394312e+08
 1.48098210e+07 5.02738880e+07 1.76869773e+09 2.97871968e+08
 3.07777984e+08 2.86055648e+08 3.47286976e+08 4.65322148e+10
 1.96000784e+08 1.13142800e+08 4.23159488e+08 3.59310131e+09
 1.57894704e+08 5.70560400e+07 3.78821400e+07 1.97827344e+05
 8.89079200e+07 2.48989664e+08 5.49456875e+05 5.62892736e+08
 2.20782080e+09 6.73892188e+04 7.37534240e+07 2.97104864e+08
 1.90029069e+09 7.79440768e+08 6.55878656e+08 2.33559660e+07
 8.87181520e+07 1.87825520e+08 3.51141568e+08 4.06146040e+07
 8.17373901e+09 5.10324992e+08 7.13836864e+08 4.33498880e+07
 4.17067680e+08 7.87823920e+07 4.29747800e+07 3.92356004e+10
 4.98462960e+07 5.14041472e+08 1.60967536e+08 4.01534912e+08
 1.73028762e+09 2.86986304e+08 3.17811872e+08 1.89698701e+09
 1.17259660e+07 9.52563840e+07 3.68320742e+09 2.18721008e+08
 6.99392240e+07 1.34241710e+07 1.90828620e+07 3.68992000e+08]
