[3.64288788e+02 5.13792038e+01 3.24341870e+03 2.20859277e+04
 1.20524111e+04 5.15594531e+03 1.94910742e+03 3.07734253e+02
 1.68917539e+04 4.60545006e+01 3.22968994e+02 1.23561709e+04
 1.14397290e+03 5.72146950e+01 3.19272437e+03 1.56674683e+02
 1.08674734e+05 2.92418359e+03 5.46899719e+02 8.39447891e+04
 9.14415332e+03 4.17552719e+01 1.76948462e+06 1.06542090e+04
 2.87980022e+01 9.68005493e+02 4.09212988e+03 2.79329468e+02
 5.29255257e+01 5.85672951e+01 1.72664719e+02 2.04603485e+02
 1.71120148e+02 4.23903271e+03 6.80750793e+02 2.78229541e+03
 1.15657482e+01 2.87517757e+01 7.41581192e+01 2.12956600e+01
 1.05231030e+03 1.92280676e+03 1.93734922e+04 1.36216270e+04
 8.92257767e+01 3.80822046e+03 5.08670731e+01 3.24533463e+01
 3.10903473e+01 1.08225269e+03 3.84839249e+01 2.00630920e+02
 1.04710852e+03 2.69408179e+03 4.34125175e+01 1.40370508e+03
 4.47771484e+03 4.10651055e+04 2.26503555e+04 3.75514453e+03
 2.07133047e+04 2.87548523e+02 3.84915405e+03 9.88128662e+02
 1.57161877e+03 5.97670959e+02 1.46246802e+03 4.69764111e+03
 1.87225415e+03 1.58199188e+05 5.02614555e+01 1.20678879e+02
 3.57932587e+01 2.05269547e+02 5.91748096e+03 2.30278107e+02
 9.75143890e+01 1.20230798e+03 3.71429321e+03 1.69589641e+05
 2.41510963e+01 2.04729080e+02 3.23210487e+01 8.55054550e+01
 3.79677505e+01 4.93553047e+01 7.13031693e+01 3.76915627e+01
 4.77908252e+03 4.02238770e+01 2.15084793e+02 5.21932969e+04
 1.04627426e+02 1.77132721e+02 1.48300469e+05 9.92244186e+01
 1.57911102e+02 1.68247314e+02 4.00648651e+02 8.62194702e+02
 1.42680801e+02 4.57422754e+03 5.24920776e+02 1.17744861e+03
 5.79402008e+01 9.39636383e+01 2.93374878e+03 8.33736496e+01
 5.10073193e+03 1.39154081e+01 2.31723193e+03 5.93746826e+02
 2.30114209e+03 1.30544357e+02 2.75804901e+02 4.43932648e+01
 1.83366516e+03 2.82400703e+04 1.52884053e+04 7.39292450e+01
 2.02469160e+04 4.89250000e+04 5.47501259e+01 1.70414075e+03
 1.29663770e+04 1.07174414e+03 1.58668958e+03 3.06703491e+03
 2.92624170e+03 3.61027515e+03 3.74140869e+03 1.61079388e+01
 2.56643726e+03 1.71575647e+03 1.75197586e+02 1.12857544e+02
 9.15832031e+03 1.58602710e+03 2.89973663e+02 1.23433762e+02
 2.99929382e+02 2.94953613e+02 2.99776719e+04 3.31800117e+01
 4.63211212e+02 9.60341415e+01 1.44111133e+03 2.13741882e+02
 2.14977222e+03 7.19693298e+02 1.33921948e+03 1.59723663e+02
 5.66964160e+03 7.22505569e+01 4.21969299e+01 2.80794971e+03
 2.80384705e+02 1.56599976e+03 8.03167725e+02 1.45811523e+03
 4.67835541e+02 4.27733612e+01 3.68597488e+01 1.64885327e+03
 1.75874941e+04 1.39003677e+02 1.48835678e+02 5.67004204e+01
 2.18576953e+03 1.27601550e+03 1.88409143e+03 3.47655469e+03
 1.37620193e+02 1.86658142e+02 1.54544327e+02 7.23295312e+03
 1.87945770e+02 3.54709702e+01 1.23731743e+02 1.12866062e+05
 7.17999634e+02 2.42421509e+03 5.28079395e+03 8.10984473e+03
 1.09809372e+02 5.43871651e+01 3.80890923e+01 5.73980908e+03
 1.49829559e+02 2.36414185e+01 1.30341644e+02 3.32515640e+01
 1.33624353e+01 6.76459863e+03 1.41682935e+03 2.69808807e+01
 3.31383698e+02 5.31100082e+01 2.61888542e+01 6.09067432e+03
 1.32221436e+02 2.67085327e+02 1.52107783e+04 1.46232309e+01
 3.84805786e+02 2.01209961e+03 3.61515923e+01 4.38011865e+03
 5.06152077e+01 2.28614209e+03 2.28879077e+03 1.19967972e+02
 1.74344434e+03 1.99974594e+02 7.87533838e+03 2.14204858e+03
 3.11709690e+01 1.05588083e+01 2.46116074e+04 3.72483940e+01
 1.83932800e+03 1.97769642e+01 1.13801575e+02 4.84528516e+04
 2.44592480e+03 5.16186182e+03 8.61462988e+03 1.97095776e+03
 2.90400415e+03 4.23768262e+03 2.49809723e+01 6.30602570e+01
 2.52759361e+01 6.65866470e+01 6.19756409e+02 4.11439545e+02
 2.48277075e+03 1.65955750e+02 1.02393448e+02 1.88525061e+03
 7.95352478e+02 9.60360413e+02 1.62987705e+04 2.03372539e+04
 4.35672874e+01 1.15531465e+04 6.27659570e+03 3.63705347e+03
 4.37137305e+03 1.67943891e+05 3.62663116e+02 2.34745371e+04
 3.92686691e+01 5.40178871e+01 2.08019581e+01 5.13492725e+03
 1.69746631e+03 1.02345276e+02 1.55409836e+02 2.30237183e+03
 9.19977969e+04 4.39171600e+01 5.43734180e+04 2.78658765e+03
 3.94662056e+01 3.67425000e+03 1.94669592e+03 1.97050400e+02
 4.76042236e+02 6.15831836e+03 1.16932671e+02 2.60290898e+04
 1.05450531e+02 1.73722974e+03 6.54186914e+04 7.41814651e+01
 3.08679766e+04 1.18563501e+03 2.63322324e+04 2.04416500e+05
 1.09826736e+02 4.45939026e+02 1.08773594e+01 4.79304962e+01
 7.69393921e+02 4.75033643e+03 1.07614784e+01 2.88912262e+02
 3.43423653e+01 1.18290367e+02 9.33451562e+04 8.17857075e+00
 1.22156944e+02 4.52921257e+01 3.29095557e+03 5.31234207e+01
 1.95014990e+03 3.13924927e+02 1.72472366e+02 8.28504257e+01
 4.55315137e+03 1.44493005e+03 1.13719994e+02 2.53812207e+04
 2.48193054e+02 2.94285625e+05 1.33984528e+02 3.92923486e+03
 4.37798584e+03 8.72866089e+02 9.57872772e+00 4.22714941e+03
 2.08689316e+02 2.26312332e+01 7.80283936e+02 1.79650176e+04
 3.74655688e+03 3.46072449e+02 7.68626404e+01 1.43462393e+04
 3.65707373e+03 3.29342773e+02 4.16638232e+03 1.09076670e+04
 7.02425415e+02 3.29703418e+03 1.07556470e+03 1.71571814e+03
 8.00292266e+04 1.48684883e+04 8.53186462e+02 3.76104279e+01
 4.33661194e+01 5.65161171e+01 1.35815857e+02 1.03930117e+04
 4.40787012e+03 3.82136002e+01 6.12233215e+02 9.51670685e+01
 2.46709521e+03 7.19629199e+03 7.40027008e+01 1.38146836e+04
 3.63458748e+01 5.69149963e+02 7.86297684e+01 1.92960434e+02
 4.06015918e+03 9.78690613e+02 1.03986389e+02 6.21289141e+04
 1.14654761e+03 3.64727821e+01 5.87686816e+03 4.93765186e+03
 6.21873840e+02 9.00018750e+03 6.27176514e+03 2.50768112e+02
 1.41019863e+04 3.56002594e+02 1.30106094e+04 5.24037170e+01
 8.85104370e+02 1.23493213e+04 4.14093895e+01 1.16293991e+02
 2.91604443e+03 2.77151222e+01 5.09340179e+02 1.42168716e+02
 1.19046082e+03 3.75523338e+01 2.31935455e+02 2.18619258e+04
 2.33116748e+03 1.73382507e+02 3.15683632e+01 9.94290543e+01
 3.74551201e+01 2.59608398e+02 1.62812656e+05 8.00158539e+01
 2.19672656e+03 1.11791602e+04 8.97164993e+01 1.04056137e+02
 2.18936738e+04 8.15235254e+03 2.70966582e+04 9.21011414e+02
 2.77472363e+03 4.05099754e+01 1.63017517e+02 4.06430328e+02
 3.49781152e+03 8.59248840e+02 5.75335498e+03 3.17566230e+04
 1.46626575e+03 5.20776416e+03 3.73296089e+01 1.11056287e+03
 1.11151172e+03 4.12823047e+03 8.48420868e+01 2.65332764e+03
 7.44973875e+05 7.80355377e+01 2.98514990e+03 1.40347168e+04
 1.77792246e+04 4.53240700e+01 2.60336797e+04 1.40777393e+04
 1.66385828e+03 9.06792053e+02 3.64196211e+04 1.39317795e+02
 1.13012703e+02 4.63157568e+03 7.15130157e+01 1.28476582e+04
 2.19114017e+01 1.49427124e+02 8.71459732e+01 2.17289429e+01
 7.24615391e+04 5.67031006e+03 1.50374298e+01 2.79445740e+02
 6.44622266e+03 1.47365796e+03 4.84609985e+01 8.44657822e+01
 7.87793396e+02 2.30431767e+01 1.88229749e+03 3.88390846e+01
 2.18879410e+02 5.63250198e+01 3.33285309e+02 1.06921172e+04
 8.47767258e+01 1.67283840e+01 5.13741064e+03 5.95072937e+02
 1.61309235e+02 1.19144394e+02 2.63631348e+03 1.18968438e+04
 1.20497876e+03 3.15733093e+02 1.10621361e+02 1.83988611e+03
 3.39989700e+01 1.35426178e+02 3.96055977e+04 4.09904785e+01
 1.01682838e+02 5.60681348e+03 5.85882988e+01 1.28570837e+03
 4.74504944e+02 1.14099890e+03 1.61435196e+02 1.21100537e+03
 4.56722183e+01 2.61918311e+03 3.08761992e+04 1.42162533e+01
 8.78806591e+00 7.54779883e+03 7.89900940e+02 1.45154512e+04
 1.38596468e+01 7.27274951e+03 3.48717079e+01 1.08160004e+02
 2.03120129e+03 2.28188446e+02 1.02687981e+02 5.79700732e+03
 2.53273029e+01 8.78161392e+01 1.18310632e+03 5.08157031e+04
 8.33160858e+01 4.25419426e+01 3.62571655e+03 2.20534378e+02
 1.18771179e+03 1.88303436e+02 5.90617773e+03 2.81379822e+02
 9.12780838e+01 1.75662756e+03 1.67110004e+01 6.35889664e+01
 2.96613121e+01 4.82077783e+03 4.35594648e+04 8.59570251e+02
 6.63762360e+01 1.66634949e+02 9.78909760e+01 2.61597012e+04
 1.22251991e+02 1.25793433e+03 1.63162866e+03 3.76512769e+03
 1.33749561e+03 7.14538422e+01 2.80493958e+02 6.60380615e+02
 3.88744781e+02 2.05543652e+03 8.95083694e+01 3.00440044e+01
 1.61453516e+03 2.14031958e+03 1.05294670e+02 6.30752148e+03
 2.01375244e+02 4.57685730e+02 2.50706940e+01 3.30201141e+02
 4.72544670e+01 4.40913124e+01 3.61923447e+01 1.67942543e+01
 6.83840866e+01 8.77191086e+01 1.45945320e+01 3.14403572e+01
 1.82147773e+04 9.22288750e+04 3.31169739e+01 1.82306595e+02
 1.76448608e+02 1.02712758e+05 2.01921863e+03 1.45149011e+03
 1.02840198e+03 4.17782666e+03 3.08162842e+02 3.72607460e+01
 6.53978119e+01 9.31170654e+02 1.42842468e+02 3.27178154e+01
 2.40512573e+03 1.55199390e+03 7.74940552e+02 1.67970691e+03
 2.75054004e+03 1.53035095e+03 3.88030777e+01 6.30473938e+01
 3.01561890e+02 3.43389868e+03 1.61104248e+03 3.56367285e+03
 4.25643120e+01 1.07729187e+02 4.58413788e+02 4.65147949e+03
 2.17650681e+02 1.38880186e+01 4.45546646e+01 2.87595996e+03
 6.95041895e+03 1.50550117e+04 3.57710693e+02 3.51557770e+02
 3.58281372e+03 2.22480469e+03 3.66361992e+04 5.82776611e+02
 2.33031152e+03 4.66628113e+01 5.45301086e+02 3.88121033e+02
 7.47477295e+03 1.60588721e+03 1.96251030e+01 1.56315613e+02
 3.93318921e+03 6.41552686e+03 2.30507383e+04 1.86284653e+02
 2.13711014e+02 2.17890472e+02 1.80358154e+02 1.81875000e+02
 1.72415320e+03 4.43036865e+02 1.31172211e+02 8.61508362e+02
 2.35279434e+04 3.68632660e+02 1.55615250e+02 1.11869763e+03
 3.46943512e+01 1.21580063e+02 1.88305481e+02 4.48847885e+01
 8.59840332e+03 5.76616064e+03 3.50546837e+01 5.32232520e+03
 3.01572815e+02 7.27320801e+03 2.17853247e+03 4.76719238e+03
 3.09410859e+04 2.62823516e+04 5.36901207e+01 2.48003223e+04
 5.80961853e+02 9.47970657e+01 1.06575452e+03 1.06973524e+01
 1.38307220e+02 4.86827484e+02 9.82326889e+00 4.56140671e+01
 5.07611513e+00 7.97858505e+01 3.76998169e+02 2.94381466e+01
 9.03763809e+01 1.18766289e+02 2.16319141e+03 2.93141553e+03
 6.82644958e+01 1.03862419e+02 1.90375195e+04 6.09735535e+02
 8.27484970e+01 8.27620703e+03 7.35288544e+01 1.19586267e+03
 1.46455029e+03 4.64112335e+02 3.05070874e+03 1.83020996e+03
 1.56306335e+03 1.19674393e+02 2.38511562e+01 1.37809692e+02
 4.36890918e+03 2.40596729e+03 1.73482132e+02 7.57888037e+03
 5.67443542e+01 4.59971924e+02 9.28902893e+01 8.24778809e+02
 1.46468658e+02 2.69886523e+04 3.11580688e+02 1.38765173e+03
 9.66179962e+01 5.07548866e+01 5.41067047e+01 2.10951477e+02
 1.57009068e+01 3.88553467e+02 6.26874084e+02 3.29581885e+03
 1.70027832e+03 4.00578398e+04 5.71194878e+01 1.96203516e+04
 5.62306519e+01 2.64273853e+03 9.22238965e+03 3.46646836e+04
 1.13854517e+03 1.41811466e+01 7.14171436e+03 1.71029266e+02
 4.83453430e+02 1.26677759e+03 5.77259178e+01 9.71579468e+02
 1.58053809e+03 4.42660522e+01 1.48650830e+03 2.11555222e+02
 7.12118408e+03 5.97032700e+01 1.43466418e+03 3.21167627e+03
 2.76402324e+04 1.35157593e+03 2.22400532e+01 4.66534538e+01
 3.55574188e+01 2.06002075e+03 7.15458923e+02 4.76869965e+01
 4.40945625e+01 3.30436816e+03 1.18975067e+02 1.50916724e+03
 1.48016785e+02 1.63058899e+03 5.18756409e+01 3.01314502e+03
 9.93631210e+01 1.73129453e+04 2.83347626e+02 4.92663086e+04
 2.62228359e+04 1.09667244e+01 9.06915894e+01 4.58028450e+01
 1.12552773e+02 5.98368263e+01 2.00343216e+02 1.20380640e+01
 3.71973877e+01 4.54135010e+03 3.52261719e+02 1.34597969e+05
 9.67318604e+02 2.99073193e+03 2.41558926e+04 3.40657310e+01
 1.65732832e+04 9.62832422e+04 1.68863633e+04 1.06024670e+03
 3.15344563e+01 6.54670715e+01 3.77889709e+02 2.56687012e+03
 2.33956680e+04 9.33226852e+01 6.61059521e+03 7.99224487e+02
 1.17655977e+04 3.74635469e+04 6.67981055e+03 3.33557188e+04
 3.22773819e+01 2.90494604e+03 9.24509338e+02 7.80253601e+01
 1.01120926e+02 6.44970605e+03 1.48836096e+03 4.00252571e+01
 3.70341110e+01 6.82086572e+03 4.46573682e+03 2.88877773e+01
 3.57186035e+02 9.62220535e+01 7.68443787e+02 2.81329926e+02
 1.15820618e+02 8.14678192e+01 5.06559521e+03 2.22422066e+01
 3.40500073e+03 2.00782974e+02 6.50668869e+01 2.89504883e+02
 7.11950342e+03 6.90029150e+03 6.62125781e+03 2.17642261e+03
 7.61768921e+02 2.02605994e+03 4.47275488e+03 4.44482841e+01
 7.08372498e+02 1.67689087e+02 1.10469268e+04 4.02900200e+01
 2.86330737e+03 2.93846953e+04 3.10619751e+02 9.52801056e+01
 5.41113968e+01 5.96110039e+04 3.15125977e+03 7.17598584e+03
 2.24213281e+03 1.32095723e+04 9.13993408e+02 8.85794678e+01
 9.85136871e+01 5.32694550e+01 4.53204926e+02 1.01946279e+04
 6.58336670e+02 1.06742188e+02 6.60434036e+01 3.42902905e+03
 6.30714722e+01 7.62285010e+03 4.03156250e+02 1.49103821e+03
 1.22628761e+02 1.61340439e+04 3.86174365e+03 7.05082474e+01
 1.53753860e+02 5.94057007e+01 7.65731250e+03 1.21988480e+02
 7.26457959e+03 2.34172897e+01 7.71480164e+02 3.12508223e+04
 7.71386572e+03 1.73496265e+03 9.04360275e+01 1.26577039e+03
 1.74120664e+04 9.77119064e+01 6.97325592e+01 7.71430206e+01
 8.85197220e+01 1.09504032e+01 1.80649857e+02 1.48417139e+04
 3.72023193e+02 2.15058252e+03 1.91226587e+03 1.20048084e+01
 1.47121084e+04 2.55723291e+03 4.00724983e+01 3.52908142e+02
 2.07493750e+03 1.43778625e+02 6.51693344e+01 2.57792084e+02
 7.54104538e+01 4.07169113e+01 1.03754570e+02 1.20503552e+03
 7.03433990e+01 1.43692139e+03 1.23708594e+03 1.74357315e+02
 1.03778511e+02 2.65396545e+02 1.14637773e+04 4.77323516e+04
 2.19617004e+02 4.95644609e+04 2.00865402e+02 6.59888153e+01
 7.34257861e+03 5.77594873e+03 7.47619219e+04 1.01632947e+03
 9.35928574e+01 1.10093330e+02 8.47445190e+02 2.45544052e+01
 1.03183584e+04 1.47623096e+03 2.00030527e+04 4.58370312e+03
 5.17079141e+04 1.50117505e+03 1.08745583e+02 4.42623901e+01
 5.33612328e+01 1.36499451e+02 1.17123690e+01 2.55038513e+02
 8.49115524e+01 1.51799591e+02 5.82234497e+01 2.59192529e+03
 1.17298425e+03 7.14828949e+01 1.24022391e+05 3.20852466e+03
 1.85243701e+03 4.46487069e-01 5.55831833e+01 1.44113806e+03
 1.21400612e+02 4.67976990e+01 1.15211411e+02 2.64358521e+03
 9.56146423e+02 2.48186572e+03 1.78171641e+04 1.04446785e+02
 1.76168242e+04 7.61819763e+02 5.19451180e+01 2.21822339e+03
 4.74999176e+02 2.81549683e+03 1.54319122e+02 3.21762482e+02
 8.04825439e+01 1.46418091e+03 1.29982132e+02 1.02063416e+02
 3.05697052e+02 1.95895100e+01 2.10773438e+04 7.23552628e+01
 7.95075464e+00 1.38744812e+03 4.43314552e+01 4.12608002e+02
 8.06226501e+01 1.12104944e+03 1.24038359e+04 2.83743945e+03
 1.08213391e+03 8.82677832e+03 1.70323340e+03 2.54156625e+05
 1.95146912e+03 5.79301172e+03 9.89810715e+01 1.97175293e+02
 1.73687415e+03 1.34194153e+02 1.11566836e+04 3.13350781e+03
 1.43654739e+02 1.19430748e+02 3.55483780e+01 1.28616241e+02
 3.34756348e+02 6.82343457e+03 1.53548853e+03 4.01045020e+03
 3.21369141e+03 6.40921631e+03 9.74864648e+03 8.35192969e+03
 2.72388647e+03 1.32139624e+03 5.91718216e+01 9.30114750e+05
 7.48135681e+01 1.09881907e+01 5.74008984e+03 3.98190500e+05
 5.23804138e+02 1.84234985e+02 1.28138565e+02 4.42964844e+02
 3.62849007e+01 3.13783179e+03 3.14986743e+03 1.94831497e+02
 9.77383575e+01 5.61276611e+02 2.64783264e+02 1.82853012e+02
 4.69461992e+04 1.19566045e+04 1.72154199e+03 4.77035904e+00
 8.80416489e+01 3.84941455e+03 1.46707993e+01 7.48002396e+01
 7.47269104e+02 5.88612442e+01 4.17575073e+02 7.88575195e+02
 2.56897144e+03 3.44392252e+00 8.80063248e+01 9.21095215e+03
 1.78159447e+01 3.63546265e+02 2.04593277e+01 6.78106934e+03
 5.84851694e+00 2.16500183e+02 6.18456396e+03 2.93672500e+04
 4.09704704e+01 1.76136124e+02 7.17795837e+02 4.67343353e+02
 2.60594349e+01 2.20849667e+01 1.30977869e+03 1.52505890e+02]
10497.197
1769484.6
