[5.56456562e+04 7.01038477e+03 1.62068643e+04 1.57459938e+05
 3.92408813e+03 2.28624854e+03 6.61398984e+04 1.07513318e+03
 2.50179785e+04 8.55611572e+01 1.65637262e+06 2.00066156e+05
 2.13355410e+04 2.46342920e+03 5.35187927e+02 1.13421586e+05
 3.77350430e+04 6.27462305e+03 3.36463013e+03 2.53031719e+05
 3.26736688e+05 5.69649200e+01 1.95384412e+06 5.24389099e+02
 6.16861133e+04 2.05213138e+06 3.17248291e+03 2.38426971e+02
 1.17126500e+05 3.87291211e+04 2.59505000e+04 6.23125586e+04
 1.44189336e+04 9.01571797e+04 6.10314014e+03 1.11530762e+03
 7.14206482e+02 1.24864277e+04 8.90262656e+04 4.20492828e+02
 6.79449097e+02 7.13945375e+05 9.94482239e+02 1.43752325e+06
 1.40454163e+03 1.01171504e+04 9.11967896e+02 3.73261414e+02
 2.50706528e+02 1.03011562e+06 3.80936768e+03 8.78163379e+03
 6.70706421e+02 5.77567500e+04 7.44983765e+02 5.63608887e+02
 8.13682080e+03 3.63828550e+06 5.60955250e+05 1.44593518e+03
 1.19991541e+03 2.22958242e+04 2.59877136e+02 5.30458145e+01
 1.40858826e+02 4.01510781e+04 4.96115869e+03 1.99936699e+04
 1.05830737e+03 3.97966914e+04 8.60866016e+04 5.70919873e+03
 2.18296094e+03 3.23719826e+01 5.62655334e+02 3.01823706e+03
 3.73622650e+02 1.06847295e+04 2.21428564e+03 9.65998203e+04
 2.90137512e+02 2.22067123e+02 9.93112732e+02 5.42424889e+01
 9.58778984e+04 1.55463058e+02 4.88478613e+03 4.51739159e+01
 1.42296973e+03 6.07212070e+04 7.32218115e+03 1.44022662e+06
 7.82646484e+01 4.92892578e+03 5.02179805e+04 2.04017896e+03
 9.93680000e+04 2.08614141e+04 5.84113672e+04 4.21335678e+01
 5.48590698e+02 1.57687891e+04 7.84802891e+04 2.27196460e+03
 2.08557153e+03 3.71079062e+04 5.30925781e+03 1.53560583e+03
 9.99813750e+04 3.30273193e+03 1.16739133e+05 1.36166462e+06
 6.08143730e+01 3.18049082e+04 1.13174287e+04 4.18033252e+03
 4.81016211e+04 7.30671172e+04 9.06192505e+02 1.93407532e+02
 4.38253271e+03 3.48420594e+05 7.49343945e+03 4.02563656e+05
 1.99336755e+03 1.29817743e+01 2.56084688e+04 2.13021317e+01
 7.46681250e+03 5.48671191e+03 1.24030737e+03 7.28424805e+03
 4.27059863e+03 3.03649561e+03 1.70319062e+04 1.40766464e+02
 1.59817438e+05 1.80616547e+02 1.38495719e+05 7.15192017e+02
 7.01352844e+02 3.62559229e+03 1.70357062e+05 4.34127906e+05
 3.62997974e+03 4.51178418e+03 1.30382705e+04 2.98599980e+04
 5.21429297e+03 5.14598281e+05 2.00664148e+03 2.45687766e+05
 2.19172012e+04 1.29268970e+03 2.31033867e+04 4.13822754e+03
 8.99354531e+04 2.59851895e+04 1.85025284e+02 9.24110078e+04
 9.73812207e+03 2.74564316e+04 4.05881653e+01 4.83332634e+01
 7.12594678e+03 1.17470955e+02 2.59831079e+03 1.30476516e+05
 5.21068306e+01 1.88108311e+01 1.10007935e+03 1.05007938e+05
 1.15433887e+04 2.02934531e+05 7.88603223e+03 2.18924000e+05
 3.80826245e+03 2.87693542e+02 2.44699463e+03 3.55526225e+06
 1.40059862e+06 6.46917053e+02 2.60159550e+06 7.83750928e+03
 4.05858643e+03 7.18494751e+02 2.12412085e+03 1.06341555e+05
 1.30628210e+03 4.07622812e+05 2.03989771e+03 3.60853687e+03
 1.97435767e+03 1.60034902e+04 1.97474316e+03 1.26665535e+01
 2.70258812e+05 2.13145923e+03 1.41149902e+02 2.83914812e+05
 2.49480957e+03 1.51172422e+05 4.98168000e+05 4.81994775e+03
 1.15637100e+04 1.97423050e+06 1.12311201e+01 2.03542603e+03
 5.07586823e+02 7.32987671e+02 3.60256128e+03 5.91988525e+02
 4.44555176e+03 4.06471143e+03 2.83087949e+04 4.42135840e+03
 4.09390015e+03 1.50610184e+02 1.88501660e+04 4.82754141e+04
 8.12266418e+02 8.61799766e+04 7.64087646e+02 4.70381950e+06
 2.26149734e+02 1.13904333e+03 8.57976440e+02 4.44274368e+01
 7.54885781e+04 1.77134512e+06 2.24230005e+03 1.18754902e+04
 5.27806592e+03 6.09398047e+03 3.68568848e+02 1.99789941e+04
 1.57993984e+04 4.96801643e+01 2.17702515e+03 4.84436310e+02
 1.47206367e+04 2.86510815e+03 4.52714492e+04 3.70633716e+03
 3.16156616e+03 1.88503594e+05 4.34442383e+03 7.94747803e+02
 1.20899273e+05 5.02672734e+04 1.72860430e+04 1.62644538e+06
 8.17284607e+02 6.71203594e+04 9.68294128e+02 1.47510925e+02
 1.08389062e+03 1.38341888e+02 1.20762280e+03 7.82671875e+03
 3.49605273e+04 5.41161328e+03 2.61644078e+05 2.15058418e+04
 1.74323652e+04 1.07804906e+05 4.63784414e+04 1.09997664e+05
 5.77440137e+03 6.61829639e+03 1.81204629e+04 1.01039119e+06
 2.62733848e+04 1.35622177e+02 4.36837500e+04 1.43052328e+05
 4.28667600e+06 2.88701055e+04 1.66429688e+04 5.05719297e+04
 1.25527363e+04 3.57287305e+03 4.80657387e+01 1.66053594e+04
 1.09391035e+04 1.78298535e+04 8.34428711e+03 1.67663916e+03
 2.31078205e+01 1.20614250e+06 9.16583875e+05 6.60244827e+01
 1.94394859e+05 6.93227734e+04 2.34147793e+04 4.39517188e+03
 7.20321808e+01 5.31226688e+05 8.91757617e+03 1.01598232e+04
 4.19774506e+02 2.57570728e+03 5.51666809e+02 8.08914609e+04
 1.87351650e+06 7.34847300e+06 4.42127539e+03 3.97875156e+04
 6.55002197e+02 3.12841724e+03 1.12231544e+02 1.04295250e+05
 2.26751758e+04 1.79816504e+04 1.71216568e+02 1.07465055e+05
 7.58142578e+03 7.91567656e+04 2.14382754e+04 1.33639675e+06
 6.02596631e+03 6.20323145e+03 2.44718774e+03 3.01396484e+04
 1.30343567e+03 4.87206211e+04 1.56258297e+05 5.11973340e+03
 5.03646719e+04 1.39075562e+05 1.53249255e+03 5.98568481e+02
 1.00714569e+03 2.37263599e+03 1.44996016e+04 2.40221391e+05
 5.33192500e+04 3.19702812e+04 1.63706212e+06 3.50371185e+02
 8.17597778e+02 4.77686289e+04 1.37499156e+05 3.16430977e+04
 1.54672234e+05 2.82960986e+03 8.55513458e+01 1.49517832e+04
 5.12475000e+04 3.52581329e+01 2.34901294e+03 2.70489688e+04
 2.20538672e+03 1.51081689e+03 1.46432666e+03 2.70220875e+05
 3.65537844e+05 5.96535156e+04 5.50513123e+02 3.39723469e+05
 6.10101625e+05 2.46673312e+05 1.85381309e+04 6.21832336e+02
 2.44627475e+06 7.83606300e+06 9.88923438e+03 1.62929834e+03
 3.09008275e+06 5.44142688e+05 2.09138496e+04 1.90003926e+04
 9.80223600e+06 6.26783104e+01 9.85925156e+04 8.69282654e+02
 1.12914492e+04 1.61746828e+05 8.91880188e+02 2.28357315e+02
 2.05902461e+04 2.48581738e+04 7.05790625e+04 1.35781625e+05
 3.60865967e+03 6.61314209e+03 2.84428125e+03 7.21724844e+04
 5.72596680e+03 5.01739258e+03 9.34872656e+03 3.16471704e+03
 1.17255750e+03 2.22793381e+02 2.30748877e+03 4.75978969e+05
 1.70865417e+02 2.12171275e+06 1.17247359e+05 8.35201465e+03
 2.88247441e+04 8.20828906e+03 6.28726270e+03 1.60278992e+02
 2.20242691e+02 1.06048008e+04 7.03692480e+03 2.44781348e+03
 2.27968640e+07 5.10769379e+02 8.86281641e+03 4.69453400e+02
 2.43818125e+04 4.76179590e+03 3.16795020e+04 3.37815015e+03
 2.72112866e+03 8.93115625e+03 1.87868262e+04 2.68814160e+04
 7.76424688e+04 3.89244727e+04 2.93691870e+03 1.73426016e+04
 4.14327227e+04 1.19208727e+05 1.35438400e+06 3.99089062e+03
 5.11125098e+03 7.78649250e+05 1.19653259e+03 8.33781836e+03
 3.60707250e+05 1.24883750e+06 2.75749023e+04 1.33106781e+02
 6.46674118e+01 4.00213789e+04 6.98556719e+04 4.52766357e+03
 8.43900547e+04 2.94744897e+03 2.16216284e+03 6.78243516e+04
 3.92660430e+04 9.11676758e+03 1.03802404e+01 1.20689453e+04
 8.75058984e+04 5.43617812e+04 1.27031516e+05 2.08643900e+07
 1.97609258e+04 3.70664805e+04 1.00920615e+04 7.98596008e+02
 1.61747803e+02 9.20242981e+02 3.58473312e+05 4.60743065e+01
 1.49110375e+05 1.60672275e+04 2.04683716e+02 6.09603699e+02
 1.12743330e+04 3.01789819e+03 1.71987823e+02 1.16747937e+03
 5.40889206e+01 1.33466625e+05 4.73746307e+02 4.81373688e+05
 1.90169375e+04 1.11723645e+03 1.11644554e+02 8.17715723e+03
 1.04462861e+04 2.42947925e+03 2.41676270e+02 1.63662548e+01
 3.16596802e+02 1.77531641e+04 4.59103945e+04 9.00381934e+03
 2.99507559e+04 3.20796436e+03 9.85730078e+04 9.02117891e+04
 1.65944177e+03 2.48943384e+03 5.22629517e+02 4.76305562e+05
 7.84729766e+04 1.76713708e+03 3.26996973e+03 3.00696503e+02
 2.78109131e+03 1.66664906e+05 2.09695762e+04 1.97687524e+03
 2.40945459e+03 5.84805117e+04 2.53517148e+04 1.17470602e+05
 2.92079126e+03 1.47697588e+04 1.20184924e+03 2.50678688e+05
 2.49422500e+04 4.51679062e+04 3.86616211e+04 7.86024658e+03
 2.37222031e+04 2.44383252e+03 4.64714844e+03 8.78256125e+05
 1.26226738e+06 2.64439502e+03 1.70052350e+06 5.29778750e+04
 3.18000430e+04 8.21040700e+06 6.87689297e+04 8.39443420e+02
 1.71023633e+04 3.57686230e+03 4.23833740e+03 3.47333252e+03
 1.64206055e+03 7.58507996e+02 3.30867578e+03 5.42738586e+02
 1.03425203e+05 2.53067065e+03 2.05091141e+02 6.30379004e+03
 1.49545600e+06 6.25272070e+03 3.37173975e+03 8.91590703e+04
 1.01432275e+04 5.01679594e+05 1.60182831e+02 1.16612945e+05
 1.25427365e+00 8.93941602e+03 6.95082581e+02 6.22685425e+02
 2.69348242e+04 3.10572449e+02 1.11753570e+05 1.53971411e+03
 7.31883545e+02 1.54680438e+06 5.99825977e+04 3.59431211e+04
 1.63737091e+02 2.32499176e+02 3.78762036e+03 5.54625977e+02
 3.05290527e+02 6.01276914e+04 1.25537820e+05 2.08136895e+04
 7.61734924e+02 2.55111221e+02 3.58752539e+03 1.80363859e+05
 9.34163281e+03 4.01438080e+02 1.04480867e+05 8.22607656e+04
 4.59735469e+04 1.53157373e+03 4.44354727e+04 5.24659473e+03
 1.88553812e+05 1.16590771e+04 6.94866943e+03 7.89883362e+02
 5.18708545e+03 4.42079956e+02 4.43764609e+04 2.89870250e+05
 1.42940742e+04 9.96467562e+05 3.13363724e+01 1.77615149e+03
 6.64480322e+03 8.12522875e+05 1.76222012e+04 3.85149634e+03
 3.01429688e+02 2.76727112e+02 4.25082852e+04 7.49570984e+02
 1.40128510e+02 1.43394745e+02 2.79648164e+04 1.51874048e+03
 9.09262734e+04 9.09586750e+05 4.65325938e+04 4.53763672e+03
 3.47437408e+02 2.59696198e+02 3.29971265e+03 1.59298154e+04
 5.22408984e+03 1.14463172e+05 2.14261914e+03 3.70488086e+04
 1.43813984e+05 1.50007750e+05 6.24640781e+04 1.66494385e+02
 9.86346375e+05 9.35973047e+03 6.72733643e+02 8.29581250e+03
 6.18922913e+02 2.66953031e+05 2.37906665e+03 1.77858673e+02
 1.39032910e+03 3.04223853e+03 3.92619094e+05 4.35489746e+03
 1.79020471e+03 9.43174438e+05 4.13952197e+03 1.01007556e+03
 9.08659439e+01 1.62107938e+05 1.94862866e+03 7.14713806e+02
 1.03180857e+01 1.03438550e+03 2.61084082e+04 4.98974316e+03
 2.38358719e+02 3.07526250e+04 1.17219258e+05 2.31490723e+03
 5.24500688e+05 5.48753984e+04 8.85841016e+04 1.84644719e+05
 1.34395801e+04 1.15236743e+03 4.93533051e+02 5.41191040e+02
 9.52099023e+03 9.93095627e+01 1.73858521e+03 2.37181006e+03
 2.77178375e+02 5.22894971e+03 8.48311279e+02 1.57332129e+03
 4.62946875e+03 1.14094470e+03 6.28476250e+05 8.24878984e+04
 6.73829922e+04 1.27199893e+04 8.81069641e+02 5.48529199e+03
 1.66747480e+04 4.82709869e+02 1.31827078e+05 2.72642750e+05
 3.03641528e+03 5.07010031e+05 6.10653076e+03 4.15704805e+04
 2.23551926e+02 7.03866699e+03 5.68473877e+03 3.39789375e+05
 1.14979359e+05 1.00444504e+02 1.46059952e+02 1.09188263e+02
 1.17394199e+04 1.55486304e+03 9.30692749e+02 3.09222617e+04
 2.01893156e+05 9.79020000e+04 3.85941089e+03 1.27899307e+04
 4.84237744e+03 1.11424984e+05 4.92814180e+04 1.98988861e+02
 3.37664844e+04 8.23607422e+03 6.64805127e+03 2.94790938e+05
 1.65027786e+02 1.49826392e+03 1.87748633e+04 9.05951157e+01
 8.34401306e+02 2.57835400e+03 1.40863609e+01 3.87189880e+02
 9.50322500e+04 1.26373840e+03 1.69695996e+04 8.49629492e+03
 2.00327344e+04 1.57686953e+04 2.64787109e+04 3.35569375e+04
 2.14039261e+02 5.38462097e+02 6.48198547e+02 2.15305469e+03
 5.97345215e+02 3.59475659e+03 8.90967578e+03 4.16123875e+05
 8.90143311e+02 2.56813354e+03 3.80640688e+05 1.76906078e+05
 1.00056602e+04 3.58788544e+02 1.85572188e+04 2.47943828e+04
 7.49910449e+03 7.61574463e+03 5.30278875e+05 2.06038834e+02
 9.24446640e+01 6.60186768e+02 1.52786279e+04 2.06775938e+04
 1.39495800e+06 1.33979380e+00 4.93538721e+03 9.40633496e+03
 1.46446152e+04 4.11427500e+04 2.63061500e+06 1.18628516e+04
 2.91434497e+03 1.18450688e+05 2.96980723e+04 2.79180328e+02
 1.80398193e+03 2.23558047e+04 6.04990295e+02 3.68561450e+03
 2.27530859e+03 1.96425000e+03 7.22201875e+04 3.92316315e+02
 1.73501428e+03 7.54807892e+01 6.53343018e+02 5.25414812e+05
 1.89397290e+03 1.69777949e+04 7.46231641e+03 1.45627070e+04
 8.15004297e+03 6.33522754e+03 8.40005493e+02 7.18351135e+02
 1.92801379e+03 1.21565576e+03 1.51059766e+03 1.42625275e+02
 3.27511719e+03 6.31938904e+02 7.13476406e+04 1.83365448e+02
 2.23721832e+02 2.96808813e+03 3.64407125e+05 2.40778535e+04
 1.53980701e+03 8.76511963e+02 1.28689180e+04 1.99116684e+02
 1.90960229e+03 6.61296777e+03 5.83756104e+03 3.52385040e+02
 3.13020966e+02 2.35733750e+05 3.17990051e+02 4.88083203e+03
 4.60964630e+02 1.62352500e+04 5.46714336e+04 1.74345469e+04
 2.59660525e+06 3.58677905e+03 7.70697750e+05 3.68682812e+04
 6.10305225e+03 1.11982598e+04 1.08139756e+04 6.39996445e+04
 1.10226721e+03 1.79693591e+03 1.92603589e+03 7.94384141e+04
 9.16093750e+01 1.64216797e+03 3.93689995e+01 1.10856165e+03
 3.79597422e+04 5.56777686e+03 2.48238203e+04 1.26207662e+06
 1.81274727e+04 7.34887842e+03 8.69313750e+05 6.92820435e+02
 9.61445020e+03 4.60647119e+03 5.28966309e+02 1.10785162e+06
 9.65090000e+04 6.62030938e+04 1.60634824e+04 5.82327578e+04
 5.00607969e+05 7.41848926e+03 1.18233801e+03 1.10745697e+02
 6.55780703e+04 2.51587676e+04 2.60332078e+05 8.48029297e+03
 8.73156738e+01 1.48087692e+02 2.08002029e+02 2.52167453e+05
 5.57201602e+04 1.61957397e+03 7.08056104e+03 4.20490918e+03
 3.90941797e+03 3.84428558e+02 1.57887672e+05 3.38008250e+05
 4.27659033e+03 3.24418823e+03 4.32769281e+05 4.61142969e+05
 1.33492844e+05 1.31389844e+04 4.64024536e+02 1.33848303e+03
 1.49844620e+07 2.22803578e+05 2.01694406e+05 1.63746182e+04
 6.48618408e+03 5.53161328e+03 5.83501172e+03 1.46956018e+03
 1.03566199e+03 8.26156445e+03 2.29678477e+04 2.14563086e+03
 2.06633926e+04 2.20873340e+04 8.25734473e+03 8.27417734e+04
 4.33016523e+04 4.96789844e+04 5.07457129e+03 1.75146078e+05
 1.31434009e+03 5.15564355e+03 1.47626501e+03 5.64183789e+03
 4.14804312e+05 4.73891797e+04 1.68685812e+05 1.12718602e+05
 1.11191742e+05 1.75038025e+03 4.33005812e+05 7.09714502e+03
 7.24345375e+05 8.74146953e+04 2.99251152e+04 1.97478676e+01
 2.28104187e+02 1.22989221e+03 2.78187402e+03 4.62180156e+05
 7.07724219e+03 4.44510195e+04 1.40170020e+04 5.63734912e+03
 1.18818884e+03 6.45957886e+02 5.74537256e+03 4.84867578e+04
 3.11620514e+02 9.84091797e+04 1.21449792e+03 3.21501538e+03
 1.78363672e+05 5.55347168e+02 1.66969434e+04 7.40493591e+02
 1.54192041e+04 3.66082852e+04 6.22089180e+04 1.42774060e+03
 6.44807625e+05 2.59473816e+02 5.73923291e+03 3.31018242e+04
 1.50101297e+05 1.31916592e+04 7.71591016e+03 4.87532100e+06
 7.30626404e+02 1.68445142e+03 3.78925415e+03 4.47381738e+03
 1.09345728e+03 3.61609421e+01 4.13970531e+05 7.56752393e+03
 7.10841370e+02 3.55563293e+02 1.03229724e+03 3.39450635e+03
 3.40089219e+05 5.10058984e+03 1.59298660e+02 1.31551987e+02
 8.92641309e+03 9.19585938e+03 9.45331348e+03 3.12625342e+03
 1.03569805e+04 1.54632703e+05 5.82513281e+03 8.34250562e+05
 6.61622656e+03 7.67870703e+04 6.43241806e+01 9.84977700e+06
 1.27155502e+02 2.02653770e+04 2.90638105e+04 1.37627319e+02
 1.22807373e+03 4.22635547e+03 1.49503983e+02 4.63198344e+05
 2.13709969e+05 2.34984573e+02 7.65115234e+02 2.10709259e+02
 6.60781800e+06 2.12927938e+05 1.72333031e+05 3.77235132e+03
 2.91225439e+03 9.93697812e+04 2.57458618e+03 3.99640438e+05
 6.84890500e+06 7.81023125e+04 1.31641703e+05 1.18757190e+03
 1.13687477e+05 3.90086401e+03 1.02358008e+05 4.78880300e+06
 9.58059998e+01 2.77452002e+03 2.19342334e+03 9.48355859e+03
 1.69463848e+04 1.60246899e+03 5.61037344e+04 1.83918625e+06
 5.86680374e+01 4.54163910e+02 2.56491699e+04 1.33745642e+03
 3.22140472e+02 1.64012852e+01 4.06855011e+02 1.88176348e+04]
251137.19
22796864.0
