[3.83452656e+05 2.27562598e+04 1.16026465e+04 1.14043586e+05
 9.66131328e+04 1.00834055e+05 2.32567285e+03 6.68022375e+05
 7.77609875e+05 2.12237281e+05 4.04946055e+04 2.31245250e+05
 2.68686938e+05 5.96938828e+04 2.32621660e+04 5.82950562e+05
 7.83361280e+08 5.94180352e+04 1.96618500e+06 2.18832700e+06
 8.92227422e+04 1.39671641e+05 1.60668790e+07 8.80765391e+04
 2.43442993e+03 1.39803940e+07 1.51397275e+06 1.46986344e+05
 1.88340649e+03 4.79486094e+04 5.37946750e+05 2.97746594e+05
 2.51470969e+05 6.26758711e+04 7.82745188e+05 1.81485656e+05
 3.76145156e+04 1.96453730e+04 2.02954355e+04 2.59689922e+04
 9.14300938e+05 8.21342407e+02 7.93848281e+04 1.55813906e+04
 2.16741953e+04 7.57374188e+05 5.11813594e+04 4.67502500e+04
 1.43891109e+05 1.34150550e+06 6.89800244e+03 6.92522266e+04
 4.14481960e+07 3.66271000e+06 3.84332656e+04 1.16474539e+05
 4.21306250e+05 4.37940906e+05 1.37031050e+06 1.83379000e+05
 6.48324438e+05 4.45882214e+09 7.25851328e+04 7.04962734e+04
 1.17563662e+04 3.59043550e+06 8.98756328e+04 3.27199023e+03
 2.09037672e+05 2.28525575e+06 1.89777500e+04 2.20124609e+05
 2.34572754e+04 4.80016357e+03 7.20883688e+05 3.81835969e+05
 1.10727053e+09 5.54609812e+05 2.51977305e+04 1.04802030e+07
 6.57336768e+03 9.74094844e+04 8.47427539e+03 2.24759859e+05
 2.64429344e+05 2.05576547e+05 1.35794891e+05 5.54716484e+04
 4.68050469e+04 2.52050016e+05 5.02202000e+05 1.40333762e+06
 1.07046543e+04 5.78924938e+05 1.67367790e+07 2.25852703e+05
 2.21246984e+05 9.05064688e+04 5.76491875e+05 5.66172500e+04
 2.82083312e+05 2.54918453e+05 2.29002656e+05 5.61640469e+04
 1.96573641e+05 3.53636562e+05 1.52881172e+05 2.16560344e+05
 1.55388922e+05 1.10499922e+04 5.70189812e+05 5.99187562e+05
 1.34475203e+05 9.64076406e+04 2.25253500e+05 1.50124391e+05
 2.57402441e+04 8.49523750e+05 1.41492281e+05 1.51623516e+04
 2.28279150e+06 1.23262600e+06 1.02381488e+06 9.46551091e+09
 3.13192500e+05 1.02045020e+04 3.39455078e+04 1.51496922e+05
 4.38149688e+04 5.70498711e+04 7.10478359e+04 6.57437317e+02
 2.48153469e+05 4.17981406e+04 1.45695969e+05 3.91013477e+04
 2.77087562e+05 5.69036211e+04 2.58705578e+05 5.17937125e+05
 2.22007469e+05 2.85703500e+05 1.29192742e+05 1.52091688e+05
 3.03974219e+05 1.22323975e+04 1.23603418e+04 9.94570703e+04
 1.14027888e+06 5.60476062e+05 4.24452344e+04 1.34839238e+04
 1.35157328e+05 5.75026133e+04 2.17956453e+05 5.53904219e+04
 1.19867734e+05 1.39402462e+06 5.14332812e+04 2.34531675e+06
 5.23262406e+05 4.68306250e+04 1.67760605e+04 5.34907734e+04
 2.53724186e+09 1.36922750e+05 1.37680500e+05 6.27254609e+04
 5.81157930e+04 1.17577750e+06 5.22364375e+04 2.56902078e+05
 1.55466766e+05 1.46939746e+04 9.37370312e+04 5.42301211e+04
 1.13831844e+05 1.82033047e+05 4.15337734e+04 2.95504550e+06
 4.51294200e+06 2.21058262e+04 2.51948640e+07 3.68628125e+05
 3.37841133e+04 5.99058086e+04 2.43943008e+04 3.32595438e+05
 4.11424344e+05 3.70124688e+05 1.59647516e+05 1.60249121e+04
 3.27512031e+04 6.18974453e+04 1.12582625e+10 8.44534922e+04
 2.44380050e+06 1.68135656e+05 1.51251523e+04 1.81299766e+05
 1.15421977e+05 8.11800438e+05 5.86713375e+05 9.38532188e+04
 2.23796900e+06 3.71838800e+06 1.96233672e+04 8.09121875e+04
 1.60747703e+05 5.42722422e+04 1.29526156e+05 1.76922234e+05
 4.63153406e+05 2.52412390e+09 4.10021973e+03 4.50925898e+04
 1.39760422e+05 4.87770430e+04 3.43581969e+05 9.73451484e+04
 6.33140000e+04 8.98667109e+04 3.61056567e+03 2.71399225e+06
 5.50990312e+04 1.82473516e+04 2.74023812e+05 3.20709204e+03
 1.12130820e+04 2.22385300e+06 2.87645410e+04 2.87680410e+04
 1.01037961e+05 1.93414422e+05 5.37499844e+04 7.68421125e+05
 4.33876188e+05 1.46046188e+02 6.66033906e+04 1.12511539e+05
 1.02669194e+06 7.84282959e+03 1.51469262e+06 8.26075062e+05
 3.03445176e+04 2.99396062e+05 5.71841250e+05 1.62114547e+05
 7.77501406e+04 4.09747450e+06 3.32168164e+04 3.55270688e+05
 2.69829023e+04 9.18990820e+03 9.05255625e+04 8.56659219e+04
 9.59712812e+04 3.13868145e+04 4.66936250e+04 5.43936211e+04
 4.72784906e+05 2.79128656e+05 7.27211500e+05 2.91028955e+03
 6.48177734e+02 3.39469188e+05 1.71688688e+05 7.55830391e+04
 3.34689469e+05 2.10569370e+09 3.22931035e+04 5.43362700e+06
 1.37164893e+04 9.76703125e+04 2.43778250e+05 1.43311078e+05
 5.05487406e+05 7.46339250e+05 1.46630453e+05 2.89022950e+06
 8.28387656e+04 1.56638675e+06 8.47524922e+04 2.76280281e+05
 2.63654629e+04 3.24531072e+08 7.45861312e+05 2.79010281e+05
 1.21616695e+05 5.39837250e+05 1.37845062e+06 1.79649938e+05
 2.75626844e+05 4.54804102e+03 1.92793625e+05 4.38968457e+03
 6.28371758e+04 4.84626125e+09 4.66089812e+05 3.35594062e+04
 2.93916156e+05 9.89735312e+04 4.91157094e+09 1.94061312e+06
 3.14915219e+05 1.11630510e+07 1.52055195e+04 1.59674388e+06
 7.31765625e+04 3.85917188e+04 1.98361270e+04 5.80886688e+05
 1.51922350e+06 9.41765938e+04 1.86417480e+04 2.72773219e+05
 4.77117000e+05 2.14569275e+06 3.58654344e+05 2.70272525e+06
 4.16759297e+04 5.22972803e+03 3.69454766e+04 2.61379121e+04
 7.58259766e+04 5.47921836e+04 1.39895562e+06 1.12924032e+09
 3.86211594e+05 2.34864125e+05 4.99599268e+03 8.25788359e+04
 1.47859070e+03 1.13345430e+04 5.77026836e+04 2.84638156e+05
 1.65531506e+03 1.76298203e+04 4.92867656e+05 1.91023438e+04
 1.73923250e+05 1.38491203e+05 1.61785840e+04 2.72106469e+05
 4.76833350e+03 2.89988320e+04 5.06329766e+04 2.81484219e+04
 4.16564000e+06 2.35670566e+04 4.42528750e+05 1.09839650e+06
 6.50806328e+04 8.44594062e+05 1.85687781e+05 8.16353594e+04
 3.11372031e+05 1.91477031e+05 7.99763281e+04 3.58768938e+05
 9.89967578e+04 5.62725938e+05 3.27086156e+05 9.44293672e+04
 2.00680602e+09 2.11556050e+06 2.04674844e+05 2.45230566e+04
 1.68110100e+10 3.33614031e+05 2.35323328e+05 4.54866125e+05
 2.97229775e+06 2.89556656e+05 1.40172188e+04 4.62905344e+05
 1.07032038e+06 6.34469438e+05 4.66450977e+04 1.55186699e+04
 1.69024203e+05 1.65568844e+05 7.22084450e+06 3.16706875e+05
 1.82647297e+05 3.47926062e+05 2.22669121e+04 4.80975560e+07
 1.52117141e+05 2.80220844e+05 1.82056100e+06 1.25513311e+04
 3.76268242e+04 5.71820273e+04 1.68880141e+05 6.24880750e+05
 2.03149453e+04 1.75601075e+06 3.69285547e+04 3.74300900e+06
 9.41596484e+03 2.93093926e+04 1.61186934e+04 6.51916484e+04
 1.16400359e+05 1.69836141e+05 3.64170547e+04 2.85317812e+05
 8.13532160e+07 1.38230328e+05 4.76680820e+04 7.12571312e+05
 5.54278875e+05 5.61570000e+07 3.31780675e+06 2.13673450e+06
 4.19697773e+04 6.18962875e+05 1.77128550e+09 3.43319344e+05
 5.55504219e+04 1.02438062e+05 4.03254258e+04 3.45940562e+05
 7.97142031e+04 7.10632031e+04 5.47793438e+05 1.51985156e+05
 9.16907062e+05 2.65600062e+05 4.64938945e+04 9.08332734e+04
 7.64351172e+04 1.57128888e+06 6.39860430e+04 2.12162852e+04
 8.90780160e+08 7.88021172e+04 3.41976523e+04 4.20294180e+04
 1.89937969e+05 3.90386172e+04 7.54087500e+05 8.67574720e+07
 3.51154180e+04 1.97625415e+03 5.27437969e+04 5.49365375e+05
 1.69322641e+05 5.28866055e+04 1.06509258e+04 1.62654830e+07
 2.47722930e+04 4.17891219e+05 2.48631562e+05 7.14555360e+07
 5.16217539e+04 9.00223438e+04 4.71160288e+08 4.17848828e+04
 4.42163250e+05 2.29676294e+03 4.31843828e+04 1.85914004e+04
 3.82662336e+08 3.44931562e+04 4.12040281e+05 2.34259824e+04
 8.60420312e+04 1.26417960e+07 3.81227594e+05 8.17204688e+04
 7.12413438e+04 1.44362359e+05 1.68615156e+04 5.62066062e+05
 1.42694604e+03 3.94840312e+05 1.79167773e+04 3.52833875e+05
 1.59094258e+04 2.37064281e+05 7.66887451e+03 1.39135016e+05
 3.09490219e+05 2.42831953e+05 9.08933691e+03 2.54910300e+06
 6.00819883e+04 3.62735977e+04 1.19455562e+05 1.92571984e+05
 4.80869492e+04 3.42180500e+05 9.13061750e+05 8.62690527e+03
 1.60676143e+04 1.56875512e+06 3.10737500e+04 2.21533422e+05
 3.77623633e+04 4.29663781e+05 3.75540406e+05 1.01210605e+04
 3.35301758e+04 2.62786016e+04 1.50914434e+04 6.88108125e+04
 2.10908016e+05 1.24890879e+04 5.22278906e+04 3.07402832e+04
 6.24830117e+04 2.96898344e+05 3.53823219e+05 2.91279200e+06
 8.77060688e+05 1.25320886e+03 2.31475020e+04 3.33875898e+04
 2.67865488e+04 2.39044150e+06 1.29831611e+04 8.85102656e+04
 7.80880812e+05 1.91044453e+04 1.63166016e+05 2.13013953e+05
 7.79481719e+04 7.48227031e+04 8.16928857e+03 1.74837598e+04
 1.40708203e+05 2.45969844e+04 9.99035000e+04 4.34702773e+04
 3.21191055e+04 2.89920020e+04 2.95539281e+05 1.11687242e+05
 4.18207844e+05 6.61978850e+06 5.01157227e+04 1.07533742e+05
 2.99098008e+04 8.56699766e+04 7.23245391e+04 5.15177891e+04
 3.70757125e+05 1.83517832e+04 1.50932109e+05 4.29518994e+03
 8.98591992e+03 1.65107888e+06 5.64998164e+04 2.18356891e+05
 3.99547781e+05 6.84179531e+04 1.31031680e+04 1.25516406e+04
 5.10892227e+04 2.01302070e+04 8.07968203e+04 1.36825531e+05
 3.54344604e+03 1.57689016e+05 3.00772949e+04 1.26939112e+06
 2.60170750e+05 8.12960498e+03 2.61220820e+04 2.76536781e+05
 3.45726050e+06 8.40971312e+05 8.73877248e+08 2.87026211e+04
 4.71125898e+04 1.30510127e+04 3.04278469e+05 5.57100430e+04
 2.48683725e+06 2.53015562e+05 1.08567275e+06 1.53304229e+04
 1.97740438e+06 8.76547200e+06 1.27854482e+04 1.58951422e+05
 2.48030938e+04 5.11835750e+05 2.18121891e+05 8.90996406e+04
 1.09511711e+05 2.97153625e+05 3.77322930e+04 6.44044938e+05
 1.32011689e+04 3.49193477e+04 4.09147062e+05 6.32261484e+04
 2.33792391e+05 2.08315266e+05 8.41973906e+04 7.01598047e+04
 3.12379000e+05 1.72427266e+04 2.74646219e+05 1.66591875e+05
 2.48114172e+05 2.49273797e+05 2.32470391e+04 4.21106656e+05
 3.30811969e+05 1.53576512e+06 1.62613760e+08 1.26506125e+05
 1.25316312e+06 1.19016758e+04 1.92852516e+05 4.28916312e+05
 1.11405242e+05 8.48908281e+04 1.01452609e+05 4.91622461e+04
 1.74204438e+05 4.43510438e+05 6.67829312e+05 1.48127500e+05
 2.64995469e+05 7.25058203e+04 3.91498219e+05 1.88836406e+05
 2.66244094e+05 5.17864609e+04 2.49256387e+04 1.42123562e+05
 3.02188496e+04 7.91810938e+04 2.06714344e+05 1.85319812e+05
 2.18995625e+05 1.45850969e+05 5.64876094e+04 1.19011594e+05
 1.80229280e+07 2.26111469e+05 1.57696359e+05 1.02290581e+06
 1.14868105e+04 1.20980664e+05 2.02934668e+04 9.55085840e+03
 6.74649312e+05 1.14618062e+05 1.58410422e+05 8.09309688e+04
 7.04374219e+04 6.26890250e+05 1.26038719e+05 1.31732828e+05
 6.04702539e+04 4.21369125e+05 1.59958141e+05 4.54724656e+05
 1.45939703e+05 1.67881172e+05 5.65005742e+04 6.85973438e+04
 7.90845469e+04 9.14766125e+05 1.31280594e+05 3.19336080e+07
 3.71465508e+04 1.13454117e+05 2.73726855e+04 4.60290188e+05
 1.27845166e+04 5.88732125e+05 7.25064188e+05 5.13779375e+05
 7.37461797e+04 1.27122938e+05 1.13880812e+05 1.76926734e+05
 1.66828902e+09 2.05299941e+04 2.90232910e+04 1.71272425e+06
 4.10263164e+04 3.24162625e+05 3.58353047e+04 3.51442531e+05
 8.26975562e+05 1.54495266e+05 3.65264966e+03 6.62793438e+04
 2.95990625e+06 5.22378945e+04 8.77317578e+04 1.48824658e+04
 1.25118336e+05 5.61709750e+05 5.76871729e+03 3.59237812e+04
 9.68753672e+04 2.03256922e+05 1.59879629e+04 7.43864766e+04
 7.61404562e+05 1.16899891e+05 7.58552750e+05 3.11396531e+05
 1.94298672e+05 5.14218562e+05 2.59984766e+05 1.64831112e+06
 9.98766699e+03 8.79812109e+03 3.51133398e+04 1.63596531e+05
 3.33940719e+05 3.39366969e+05 1.01162664e+05 9.49834188e+05
 2.38265801e+04 2.46685742e+03 1.34178438e+06 8.19337875e+05
 4.55466781e+05 7.62632578e+04 3.00415775e+06 1.68438062e+05
 1.76046047e+05 1.97413525e+06 4.16131482e+09 2.23616906e+05
 5.20193984e+04 7.15874375e+04 6.46576367e+04 2.62692050e+06
 6.45058625e+05 1.85056758e+04 1.40029469e+05 8.25147188e+04
 3.85581312e+05 4.70779844e+05 2.08281760e+07 9.38985250e+05
 6.29883711e+04 1.74529727e+04 5.29882422e+04 3.86700188e+05
 6.11343594e+04 2.15637811e+09 3.73565508e+04 8.62430000e+04
 2.11274746e+04 1.49048109e+05 3.88656031e+05 8.76216641e+04
 2.76667344e+05 6.15161230e+03 6.08301328e+04 6.25167875e+05
 6.76937188e+04 1.05613969e+05 1.00610195e+05 4.19815062e+05
 9.00770859e+04 3.94296719e+05 3.49483312e+05 8.22048000e+05
 7.93450950e+06 2.10666688e+05 3.54742062e+05 8.01488672e+04
 6.96735391e+04 2.76966938e+05 1.17435889e+04 2.57888141e+05
 2.05029570e+04 9.32608906e+04 1.99476812e+05 2.65883320e+04
 4.92257324e+03 1.59332797e+05 6.51438150e+06 2.73376055e+04
 1.63097234e+05 6.55543812e+05 4.11653500e+05 4.24446438e+05
 1.88999492e+04 7.63443594e+04 3.38791117e+09 4.55429805e+04
 1.02524594e+06 7.04594609e+04 2.14633094e+05 1.22000025e+06
 8.78186750e+05 7.55533250e+05 8.69433203e+04 1.53227875e+06
 2.04150109e+05 2.72207781e+05 4.04250719e+05 3.20810938e+04
 2.08175039e+04 3.97885594e+05 1.68892812e+05 5.27798312e+05
 1.75373088e+06 1.65950562e+05 5.45468875e+05 1.91029844e+05
 1.80434359e+05 7.22187734e+04 4.11528094e+05 6.78944250e+06
 3.03030688e+05 1.79209648e+04 4.65039550e+06 7.17680781e+04
 2.38740875e+06 6.41370562e+05 1.51225781e+04 2.17741925e+06
 1.61294326e+04 2.69332344e+05 2.44094850e+06 8.72654625e+05
 9.33780156e+04 1.47602734e+05 2.21352359e+05 3.22306211e+04
 2.53916797e+04 5.13857734e+04 2.40108938e+05 2.47089199e+04
 6.86753828e+04 3.65514719e+05 8.07290967e+03 4.13397344e+05
 4.66457461e+04 3.07922715e+04 4.20529760e+07 1.28050098e+04
 3.14701188e+05 6.04937057e+01 5.66367188e+05 4.02550281e+05
 3.03757248e+08 5.67899597e+02 8.86278875e+05 6.51601625e+05
 4.09002156e+05 2.37118775e+06 3.11765000e+04 2.44971500e+05
 1.57059850e+06 1.61566250e+05 2.09699262e+06 2.39171558e+09
 3.04306836e+04 2.64938094e+05 1.22664602e+05 1.94051602e+04
 1.95470012e+06 1.75349414e+04 8.08660625e+05 3.11444629e+04
 2.36068100e+06 1.85977219e+05 3.89332539e+04 9.43814141e+04
 2.66033262e+04 2.29691125e+05 5.97762695e+04 3.42445969e+05
 1.86784143e+03 2.00453141e+05 5.45136445e+04 6.21920938e+05
 2.27344312e+05 7.06032064e+08 3.70646150e+06 2.16230675e+06
 2.42493450e+06 2.97574629e+04 1.91942925e+09 2.83415879e+04
 3.44447375e+05 2.38927812e+05 2.56023172e+05 1.52437900e+04
 7.90216250e+04 1.36128242e+04 7.03823188e+05 3.53366250e+05
 5.46600000e+05 1.81256934e+04 3.17298062e+05 1.25320918e+04
 8.64433105e+03 4.67045859e+04 2.72195449e+04 2.20002906e+05
 2.38041133e+04 2.14038719e+05 1.11599902e+04 5.92172688e+05
 5.16750281e+05 5.71345781e+04 2.31129078e+05 2.36302312e+05
 1.17805055e+05 2.50824550e+06 8.19167578e+04 5.49931641e+03
 2.12744648e+04 4.92834023e+04 9.34832891e+04 3.75631641e+03
 3.47779297e+04 1.14531250e+06 3.97784023e+04 3.18228800e+06
 2.24212734e+05 1.73079516e+05 4.40991344e+05 1.04791547e+05
 4.81168242e+04 6.57755781e+04 4.59834219e+05 5.55007305e+04
 5.36101641e+04 2.18141777e+04 4.15901016e+04 5.84404688e+04
 7.90042891e+04 1.70253062e+05 3.66995977e+04 2.89308379e+04
 2.41698364e+03 9.70373312e+05 2.26412375e+05 4.68217969e+05
 4.00659258e+04 4.09351758e+04 7.99025375e+05 4.07117240e+07
 5.23408594e+04 4.54440859e+04 3.15116035e+04 4.37507469e+05
 1.51163116e+02 3.06150684e+04 4.65209688e+05 7.95459375e+04
 1.99265588e+03 1.81448609e+05 3.37160938e+04 1.37401050e+06
 2.89117594e+05 7.37691641e+04 3.50438094e+05 2.49513625e+05
 1.70182344e+05 2.65322312e+05 3.09054590e+04 1.55060469e+05
 8.63221562e+04 1.12495336e+05 5.83521992e+04 5.82640703e+04
 1.20953940e+07 5.39903748e+02 2.66572281e+05 1.96474668e+04
 3.19996250e+04 1.54108691e+04 3.68828711e+04 5.70145600e+07
 7.78806812e+05 4.05039156e+05 1.46554875e+05 1.27572442e+09
 5.60751211e+04 9.75138379e+03 1.17486336e+05 1.69093372e+03
 1.18718789e+05 2.34229797e+05 1.14617438e+05 4.01474281e+05
 1.62255734e+05 1.49644844e+05 1.21399948e+02 3.12595656e+05]
