[7.12280151e+02 1.43665710e+03 3.09135590e+02 1.20502304e+02
 2.95796655e+03 5.81552637e+03 1.83535049e+02 2.72414673e+03
 4.96580078e+03 2.55737573e+03 7.35253760e+03 3.49127289e+02
 7.07448242e+03 1.07845490e+02 1.01637195e+03 1.20533371e+02
 1.17664282e+03 5.04549255e+02 1.38323022e+03 3.99492578e+04
 3.20052466e+03 1.55017578e+02 6.84429844e+04 2.94471387e+03
 6.16108337e+02 3.53180195e+04 1.30972578e+05 3.58075317e+02
 5.76051208e+02 4.92157135e+02 9.13951074e+03 2.29823532e+02
 4.88439026e+02 6.91017838e+01 7.22419678e+02 2.41212256e+03
 1.67552582e+02 4.19067596e+02 1.32918381e+02 6.22816620e+01
 1.35120928e+04 3.54583691e+03 2.24491113e+03 3.44561249e+02
 1.85360992e+02 7.11153809e+02 4.47715607e+01 7.69436417e+01
 3.35971619e+02 2.40806367e+04 6.45846313e+02 9.95503906e+02
 4.34741211e+02 5.88724570e+04 5.14884583e+02 1.18475906e+02
 1.45990857e+03 1.65635352e+04 6.98383740e+03 1.93476318e+03
 1.98819375e+04 6.62596875e+03 2.57139087e+03 8.27108154e+01
 1.26705246e+02 1.13165674e+03 2.95672302e+02 9.06513672e+01
 5.11525024e+02 2.56287451e+03 5.43050003e+01 3.75186371e+02
 2.18172363e+03 1.38074084e+03 4.70738965e+03 4.49290314e+02
 3.65747461e+03 1.18436162e+04 1.82173748e+01 4.57559033e+03
 1.18119095e+02 2.70140350e+02 9.57756577e+01 2.06654761e+03
 3.90762524e+03 6.33457825e+02 1.77848779e+03 2.87172302e+02
 2.40232349e+03 3.58592438e+02 4.16870508e+03 3.99704590e+03
 7.95236664e+01 1.22266484e+04 1.04077219e+05 9.46928528e+02
 2.22933789e+03 4.41260284e+02 4.16173682e+03 1.98273941e+02
 2.31406921e+02 4.97147510e+03 7.34082764e+02 6.30547058e+02
 9.71112976e+01 1.33766589e+03 1.32891260e+03 1.11061157e+02
 3.32877716e+02 2.51696339e+01 4.51115265e+02 1.40911780e+03
 5.18854065e+01 5.46708488e+01 1.54702606e+02 1.18260461e+03
 2.43296326e+02 3.08514618e+02 2.66038330e+03 1.61388672e+03
 1.69436328e+04 5.68459717e+03 1.06536348e+04 5.45172773e+04
 2.88848267e+03 4.44929871e+02 7.54680298e+02 8.58758728e+02
 4.99749268e+03 4.29287354e+03 1.73593726e+03 1.03687622e+03
 6.43546143e+02 1.00383630e+03 5.83385742e+02 1.35550323e+02
 1.79220361e+03 3.34223137e+01 2.24967139e+03 1.27240796e+03
 9.94547882e+01 9.05480859e+03 6.41636230e+03 1.01683730e+04
 3.24476489e+03 1.74813690e+02 9.64588379e+02 8.89669128e+02
 9.15072949e+03 3.54994727e+03 4.63798401e+02 1.93850415e+03
 2.89514478e+03 3.64039955e+01 2.08932533e+01 9.25454688e+03
 7.18618469e+01 4.25851367e+04 8.74205627e+01 5.71923047e+04
 3.16346021e+03 1.53990616e+02 1.45818008e+02 1.56550415e+02
 7.24356628e+02 1.45822888e+03 9.65024536e+02 1.57579822e+03
 2.07390771e+03 9.91571484e+03 4.08913078e+01 2.05079980e+03
 3.22803955e+03 1.32525116e+02 1.71435959e+02 8.47638321e+01
 1.30275732e+03 2.22524951e+03 7.58740906e+02 1.54073867e+04
 2.09635859e+04 1.12466504e+03 1.80949422e+05 3.88060516e+02
 2.33358569e+03 3.03237598e+03 3.16713684e+02 1.33813611e+03
 1.43592285e+03 2.76442041e+03 2.39491516e+02 4.41772675e+02
 2.25591980e+02 8.17190781e+01 7.76576367e+03 2.66518677e+02
 3.57945618e+02 1.50876416e+03 4.60880846e-01 3.20233002e+02
 2.89184021e+02 2.08296509e+03 5.38375635e+03 1.39462643e+01
 4.61013867e+03 3.33789307e+03 9.58131332e+01 8.57927734e+02
 1.02981133e+02 1.70510168e+03 3.51020691e+02 3.32658234e+02
 3.50196875e+03 3.99690674e+02 1.07688887e+04 1.72348843e+01
 1.73346631e+03 6.26648010e+02 4.04164368e+02 1.20265152e+02
 5.16672607e+02 2.90623413e+02 1.50812683e+03 4.14327490e+03
 1.48253503e+03 7.39618988e+01 3.85088715e+02 1.02072891e+02
 7.06349365e+02 7.01662256e+03 1.90831116e+03 3.37234711e+02
 1.84127185e+03 9.84067249e+00 2.26720703e+03 4.24782333e+01
 2.23367749e+03 1.29769995e+03 2.18376755e+02 2.62673416e+01
 2.40052271e+03 6.53016479e+02 2.70850840e+04 3.10483691e+03
 2.08960190e+02 5.02990814e+02 1.44936304e+03 3.19417139e+03
 2.24074512e+03 7.72452881e+03 1.45476761e+02 6.72378613e+03
 5.85419434e+02 7.30139389e+01 2.32680405e+02 1.58134106e+03
 1.61378186e+03 5.60957031e+02 1.34401514e+03 3.88416290e+01
 1.54626367e+04 1.52320389e+02 2.51200527e+04 1.66107224e+02
 3.74708176e+01 1.40023087e+02 7.27895584e+01 2.48684341e+02
 7.58411963e+03 2.74583557e+02 9.09321060e+01 2.13972324e+04
 1.27923303e+03 3.64010101e+02 8.75148926e+02 6.20865186e+03
 4.83503711e+04 9.16821680e+03 1.57560486e+02 4.72596680e+04
 1.01575922e+03 6.88991623e+01 8.12254562e+01 2.59566113e+03
 3.80347023e+01 6.98363892e+02 6.31851135e+02 2.94913501e+03
 4.98217621e+01 2.12876770e+02 2.00425000e+04 6.00788818e+02
 4.49952930e+03 7.20107422e+01 7.63628906e+02 4.71815063e+02
 7.64998718e+02 5.58835205e+02 2.11035059e+03 4.12530594e+01
 5.93068428e+01 6.30567093e+01 1.02029230e+03 1.21971582e+04
 1.47817001e+02 1.46751156e+05 2.50829849e+02 1.27668086e+04
 6.74046692e+02 1.82890793e+02 4.33207062e+02 4.18427441e+03
 2.11887402e+03 4.02661499e+02 7.11089966e+02 2.38007812e+03
 8.34332581e+02 8.98604004e+03 5.71306801e+01 2.18250293e+03
 2.00366602e+03 1.21151398e+02 2.02811371e+02 5.62404518e+01
 1.25247930e+04 6.80395813e+02 3.45960273e+04 1.67212234e+02
 1.56810486e+02 1.04414636e+03 5.22455627e+02 1.86605339e+01
 8.27486572e+01 7.76138977e+02 1.93641663e+03 7.66856262e+02
 1.60600601e+02 1.05476067e+02 1.59834089e+01 2.23373871e+01
 2.46152075e+03 7.79002319e+02 1.13221025e+04 2.84121484e+04
 3.76098694e+02 1.93357764e+03 5.53961426e+02 5.23958008e+03
 2.28975903e+03 9.25484238e+01 3.93336938e+03 2.17509277e+04
 8.49330978e+01 7.65952783e+03 1.39701508e+02 1.46940598e+02
 6.27191992e+03 2.69626367e+03 1.54129349e+02 3.41747620e+02
 4.50030029e+03 2.10851621e+04 2.59806445e+03 2.00890308e+03
 1.47682021e+04 2.59033867e+04 1.64418591e+03 1.45083618e+03
 6.76736572e+03 1.41463269e+03 8.27755176e+03 1.83412903e+03
 1.06317297e+03 2.38823120e+03 4.76792358e+02 8.20221313e+02
 5.19329376e+01 7.59756622e+01 5.24865723e+02 1.46689880e+03
 5.18311182e+03 1.42030737e+03 1.78166562e+04 1.32734351e+03
 1.45753952e+02 3.72097559e+03 9.73632629e+02 4.45672119e+03
 1.41929238e+04 8.93372650e+01 1.17570190e+03 1.76083832e+02
 3.44626617e+01 2.55465584e+01 1.53081348e+03 7.11574341e+02
 7.26426758e+02 2.78162781e+02 3.65957146e+01 1.97995941e+02
 6.90802734e+02 1.23705518e+03 4.46954765e+01 8.69425415e+02
 5.70287842e+03 2.38916901e+02 1.08140161e+03 6.81855811e+03
 7.63778271e+03 2.43655090e+02 1.61781113e+02 3.61447705e+03
 1.71543887e+04 1.57089935e+02 5.81122375e+02 5.02267480e+03
 1.67107178e+02 4.12148145e+03 1.81792285e+03 6.48511279e+03
 1.14785938e+03 1.21501929e+03 1.35913635e+03 1.05176270e+03
 2.96328602e+01 2.58474854e+03 3.45190479e+03 1.22968651e+02
 1.74570195e+04 1.91486926e+03 5.38817688e+02 4.16431198e+01
 7.79231201e+02 9.24429980e+03 1.20506462e+02 5.18819885e+02
 3.08420105e+02 4.61694385e+03 5.90173759e+01 3.10638477e+03
 2.88485443e+02 4.96244690e+02 1.11519414e+04 1.55856836e+03
 5.32546883e+01 1.27432838e+02 1.11033765e+03 9.48344543e+02
 3.51038628e+01 5.87208740e+03 6.22422607e+02 5.05412656e+04
 5.12320862e+02 8.32991943e+02 4.38811554e+02 1.35808777e+02
 3.47606110e+02 5.23693945e+03 2.67362969e+04 1.19177856e+02
 4.90827515e+02 7.54653931e+02 2.28851001e+03 2.19389362e+01
 3.41868799e+03 1.23565392e+02 2.58177094e+02 2.09652295e+03
 2.02479468e+03 8.18362891e+04 1.03059448e+03 7.86868042e+02
 4.12051300e+02 1.77642468e+03 4.72758026e+01 1.95790991e+03
 1.19718262e+03 1.02276172e+03 1.39688965e+02 1.47930481e+02
 1.47704016e+03 3.21383740e+03 1.26084984e+02 1.61909680e+03
 1.44968115e+03 5.39547424e+02 1.60693512e+02 5.02191211e+04
 1.23481918e+02 1.62812363e+02 2.83223608e+03 1.61249243e+03
 9.87917786e+02 2.33733463e+01 1.70870422e+02 5.10339050e+02
 1.59157166e+02 5.19911279e+03 7.43348877e+02 4.45502686e+02
 9.19459229e+01 6.04653320e+03 7.13381396e+03 1.54399927e+03
 6.34316978e+01 5.24282417e+01 2.04394946e+03 1.90709434e+04
 1.46333386e+03 1.13757068e+03 2.79218201e+02 7.51842041e+01
 1.30910181e+03 6.04809021e+02 4.71080658e+02 1.23058574e+04
 1.30827900e+04 4.61310889e+03 5.09103564e+03 1.98853271e+03
 6.60236588e+01 7.54448181e+02 1.85076489e+03 7.02904114e+02
 4.61685352e+03 7.75934753e+01 7.79445007e+02 3.16882739e+03
 3.45377710e+03 5.51049309e+01 3.54634796e+02 6.70625977e+02
 1.28131149e+02 4.65743164e+03 4.15534180e+02 5.81659546e+01
 8.46342163e+01 1.52048169e+03 2.11675625e+01 2.41444382e+02
 4.71965186e+03 1.76239551e+04 4.59910278e+01 1.51301465e+03
 3.40011169e+02 1.56346786e+02 5.98930029e+03 1.01289520e+02
 1.62681299e+04 1.17089709e+03 8.58287598e+02 4.26162628e+02
 7.35606003e+01 2.14523950e+03 1.05492119e+02 7.74609619e+02
 4.04193359e+02 1.94130237e+03 1.47473221e+01 1.94873047e+02
 2.63602356e+02 6.88132324e+02 2.38468262e+02 1.28950427e+03
 4.12166595e+01 7.30547241e+02 5.24823380e+00 1.99112656e+04
 7.70265961e+01 2.97582031e+02 1.09749707e+03 1.89002673e+03
 5.52346680e+04 8.12194678e+03 4.26109082e+03 2.90598486e+03
 2.96089344e+01 4.07091187e+03 1.56437539e+04 1.01487141e+01
 3.78006531e+02 1.03262497e+02 1.23584009e+03 4.81564148e+02
 2.05277002e+03 5.18247119e+03 1.15837051e+02 1.09227905e+03
 4.42351904e+03 1.79924072e+02 1.59468779e+04 3.18537537e+02
 1.62412573e+03 3.26636982e+00 9.58328223e+03 5.82838074e+02
 3.74152527e+02 1.80101532e+02 6.14748633e+03 1.45166351e+02
 8.60492969e+04 6.36924170e+03 1.63506897e+02 5.69802368e+02
 2.32308130e+03 1.58716278e+01 6.30828667e+01 1.06332550e+02
 3.18394409e+03 1.90214099e+03 1.03820488e+02 3.31592560e+01
 8.90579224e+01 6.20175488e+03 4.68628540e+02 1.73626755e+02
 1.37514482e+04 8.36331055e+02 9.48636426e+03 1.44804352e+02
 1.22646729e+02 4.01914001e+02 8.90735352e+02 7.18241959e+01
 2.63343555e+03 7.86207861e+03 6.75325391e+03 4.21889458e+01
 2.69609741e+03 1.26391040e+03 1.49219177e+03 1.97641861e+02
 2.34229663e+03 1.95122961e+03 1.82832776e+03 2.11748245e+02
 3.54010956e+02 2.14008194e+02 3.36918164e+03 1.94230261e+03
 4.53695215e+03 1.72723254e+03 4.67741241e+02 8.63778763e+01
 9.68545469e+04 1.73379745e+02 1.20661025e+04 6.24769434e+03
 2.22930835e+03 9.10925110e+02 4.03092377e+02 1.10420215e+03
 3.67455322e+02 2.14500381e+02 1.46324182e+03 1.59941541e+03
 9.98687592e+01 8.74963379e+03 1.22602368e+03 7.89344025e+01
 1.83257706e+02 1.78344751e+03 7.02599548e+02 2.32427759e+03
 1.10348035e+03 2.62317212e+03 8.82518250e+02 3.52589935e+02
 2.51004562e+01 9.77217834e+02 3.36474922e+04 2.45420197e+02
 9.94561157e+02 6.39540186e+03 5.41465723e+03 2.68033281e+04
 4.16973000e+01 6.39996277e+02 2.51739639e+02 1.19840466e+03
 1.61660568e+02 4.40268188e+02 2.31089990e+03 8.01467041e+02
 8.07716699e+03 1.80673904e+01 9.90670166e+01 8.89749902e+03
 7.11006958e+02 1.59347290e+03 4.20414467e+01 2.74112769e+03
 5.92810852e+02 1.93487244e+02 5.57566223e+02 9.36728210e+01
 2.17950256e+02 3.00112769e+03 5.84271826e+03 1.27204834e+03
 2.46568192e+02 4.20267792e+02 7.60384064e+01 1.58526581e+02
 3.62753235e+02 2.96953644e+02 3.37661896e+01 3.57472076e+02
 4.18138458e+02 2.88630848e+01 4.11814258e+03 1.09628137e+03
 9.58179688e+02 1.33512146e+03 6.19204529e+02 5.57337227e+04
 8.78090759e+02 1.03853600e+02 3.75991211e+02 2.25996811e+02
 5.18042334e+03 2.28022705e+03 3.62159155e+03 6.16235498e+03
 3.39193542e+02 2.25167862e+02 3.53303052e+03 2.19859399e+03
 3.37949492e+04 1.38571362e+03 3.94467676e+03 1.48847070e+03
 4.18132129e+03 1.49420264e+03 9.60193359e+02 1.87095520e+02
 3.20994995e+02 1.69065384e+02 6.96023828e+03 7.87672058e+02
 2.36117822e+03 1.65812476e+03 2.33794220e+02 4.84254456e+02
 2.12227515e+03 1.24278398e+04 2.79015781e+05 4.35029102e+03
 8.68737366e+02 6.03655273e+02 1.27709448e+03 7.09387085e+02
 1.57880591e+03 2.88350928e+03 6.20128746e+01 8.01052933e+01
 2.35997086e+01 8.30849670e+02 1.03057178e+03 4.75905724e+01
 2.50861841e+03 2.61503620e+01 1.61730225e+03 5.62197388e+02
 3.09742645e+02 2.33153744e+01 3.33485069e+01 1.12481921e+03
 1.02667383e+03 1.40422058e+02 9.98856738e+03 3.51437744e+02
 5.00176331e+02 8.31127637e+03 9.43688721e+02 1.62464386e+02
 1.04999182e+03 7.97774475e+02 3.34261597e+03 1.49427161e+03
 5.76294403e+01 2.37895386e+03 8.97194153e+02 3.97359009e+01
 6.41448181e+02 1.14465322e+04 3.35827332e+02 1.48982513e+02
 5.87762222e+01 4.81840352e+04 6.60073914e+02 3.31728607e+02
 1.03616364e+02 4.70708435e+02 2.03665085e+02 1.92216418e+03
 3.93391992e+03 1.75685229e+03 1.95906270e+04 1.07701484e+04
 8.46534607e+02 2.76876343e+03 6.16967529e+03 6.45909851e+02
 9.57365540e+02 4.02797455e+02 4.40575244e+03 6.57648438e+02
 1.33806503e+02 1.68711641e+04 1.57549060e+03 2.59888306e+03
 3.13204175e+03 1.44567459e+02 5.92710254e+03 7.13089523e+01
 8.28683716e+02 1.10848145e+03 2.26456641e+03 8.68368750e+03
 3.89303857e+03 1.57202911e+02 2.41263223e+04 1.11689099e+03
 8.23639355e+03 9.99276306e+02 1.95445776e+03 3.97155820e+04
 2.85140674e+03 5.45887573e+02 1.46042090e+03 1.17288025e+03
 1.64745996e+03 3.01464264e+02 1.20447937e+03 5.30236435e+01
 1.17975771e+04 5.45304680e+01 6.87432227e+03 2.95166046e+02
 2.22863135e+03 1.03325623e+03 1.67237778e+02 1.59036592e+04
 1.74000763e+02 2.31230373e+01 1.89442383e+02 3.40812988e+02
 1.16888403e+03 9.72640015e+02 1.35597822e+04 4.35326508e+02
 4.94196136e+02 8.63874817e+02 6.53323047e+03 1.55363535e+04
 1.92348080e+01 1.52114575e+03 1.09779355e+04 1.01626538e+03
 7.37232422e+04 5.84155273e+02 3.27629907e+03 3.74186548e+03
 9.53560944e+01 4.14863342e+02 2.12856627e+00 8.67565002e+01
 5.47198242e+03 6.93251419e+01 2.61708179e+03 5.64033203e+02
 1.64428613e+04 1.15792580e+02 1.92072217e+03 3.88752124e+03
 9.07146454e+01 1.33608777e+03 1.38434105e+01 9.09885803e+02
 2.58541901e+02 8.88332520e+02 8.78664246e+01 3.60260681e+02
 1.68676055e+04 6.73532028e+01 2.08661523e+04 1.97413311e+01
 3.20063599e+03 1.03861328e+03 2.65334790e+03 1.57322388e+02
 2.66551941e+02 1.33028833e+03 1.09828186e+02 9.06292786e+02
 7.67522461e+02 1.52105957e+02 1.26846912e+03 9.38565430e+02
 2.35212949e+04 4.45484200e+01 1.10794727e+03 3.42910728e+01
 5.80706299e+02 8.40528320e+02 3.94381860e+03 1.19951904e+03
 8.45910583e+02 7.79903760e+03 1.10330396e+03 6.42914893e+03
 1.30895420e+04 9.84444733e+01 3.83691870e+03 3.38200593e+00
 4.47649574e+00 6.92457910e+03 8.92487183e+02 5.29330627e+02
 6.61472949e+03 1.92862109e+03 5.90562012e+03 4.33190186e+02
 3.16851826e+01 9.42515747e+02 8.39081879e+01 5.07523945e+04
 2.80929028e+03 9.07324280e+02 1.49833435e+02 2.49235791e+03
 5.06960716e+01 4.55329514e+01 1.68382593e+03 3.15266663e+02
 8.44975052e+01 6.93732147e+01 2.10134839e+03 2.51916256e+01
 1.37687842e+03 9.41874542e+01 1.12717114e+03 9.27108337e+02
 4.44654346e+03 7.51314600e+03 4.89529199e+03 2.74593799e+03
 2.24615997e+02 1.07036499e+03 2.51289215e+02 5.77435859e+04
 8.34232117e+02 1.89463782e+03 1.75444934e+03 2.08757129e+04
 1.26433510e+02 1.46873511e+03 5.81376160e+02 4.92097076e+02
 5.27762329e+02 1.08982506e+02 1.09308723e+02 3.83597891e+04
 1.04337480e+04 2.55771011e+02 1.30444568e+03 2.98513940e+03
 5.68676880e+02 1.03445093e+03 2.50449524e+02 5.97441772e+02
 8.98244781e+01 1.43231430e+02 2.53396654e+00 3.06049469e+02
 3.60032773e+04 4.18402496e+02 6.72132031e+03 3.39852875e+02
 6.66598633e+02 3.83459137e+02 6.03973198e+01 1.28013109e+05
 9.25487854e+02 5.97861755e+02 4.68921356e+01 5.60082886e+02
 9.43523535e+03 8.02127539e+03 4.90020996e+02 1.16237705e+04
 3.20087982e+02 1.07162415e+03 8.44241943e+02 3.45800977e+03
 7.68824310e+01 5.14629250e+01 4.14755249e+02 2.45938428e+03]
4778.767
279015.78
