[3.75564960e+08 9.45982080e+07 4.17703776e+08 3.13078592e+08
 1.59912883e+09 9.97652700e+06 1.47599968e+08 5.97886912e+08
 5.45171776e+08 5.00904160e+08 1.64323488e+08 1.27211968e+09
 8.92728640e+08 1.26719104e+08 1.56486960e+08 7.08515712e+08
 4.09052040e+07 1.29236680e+08 1.50175760e+08 2.79098496e+09
 1.56578864e+08 7.93504250e+06 8.93060465e+10 2.01776880e+07
 7.85150600e+06 3.52441574e+09 2.45534797e+09 7.82335650e+06
 4.39545400e+07 4.38323168e+08 4.66105120e+08 6.98337200e+07
 2.67095616e+08 4.17876096e+08 1.27908832e+08 4.63065248e+08
 4.17143392e+08 1.86031072e+08 9.59532400e+07 7.60744450e+06
 3.15194880e+09 4.37533088e+08 1.89761562e+09 3.62904000e+08
 4.31110368e+08 7.78385344e+08 6.93343920e+07 9.66774320e+07
 2.80671360e+07 3.78191616e+08 1.09710950e+07 9.86937000e+06
 6.76400640e+07 3.00368256e+09 1.22847750e+07 1.18170040e+08
 2.44784192e+08 2.36285491e+09 6.76946950e+06 3.01326848e+08
 3.78605152e+08 3.88387168e+08 9.09907760e+07 1.32923440e+08
 2.31736875e+05 2.79691168e+08 3.35962680e+07 5.03758040e+07
 2.77941150e+06 1.74622520e+07 3.04816384e+08 4.08700880e+07
 2.03422980e+07 7.27330112e+08 6.65823960e+07 3.67616512e+08
 5.20927050e+06 8.33842176e+08 1.99488224e+08 1.62566118e+09
 1.75622000e+06 1.11379760e+08 4.40743080e+07 8.84148700e+06
 3.07065088e+08 1.21496008e+08 4.36688128e+08 2.75830432e+08
 3.98905240e+07 1.42505677e+09 9.04002640e+07 5.00255320e+07
 1.38229612e+06 1.89598576e+08 2.02473042e+10 7.62586640e+07
 6.29388480e+08 6.21093440e+08 2.89519340e+07 1.08041588e+06
 9.36673152e+08 1.05438112e+08 3.52684576e+08 3.99414760e+07
 8.12077400e+06 1.84330384e+08 1.40235952e+08 2.20643168e+08
 2.24562192e+08 1.06611464e+08 5.97343400e+06 1.79329267e+09
 1.63749536e+08 1.11702576e+08 3.59258368e+08 2.15159088e+08
 4.36549200e+07 1.88932442e+09 5.00199800e+07 1.69032740e+07
 1.90891504e+08 1.02221180e+07 1.97787408e+08 6.05906995e+09
 8.54636032e+08 1.30518050e+07 9.57355200e+07 1.62940220e+07
 3.49076544e+08 1.54685600e+07 3.74386752e+08 3.29921840e+07
 4.74143360e+08 2.41067584e+08 4.76261696e+08 8.03105050e+06
 1.34448115e+09 3.44894304e+08 2.62902256e+08 4.95365184e+08
 1.09491880e+08 1.36593072e+08 5.84860800e+07 7.78614144e+08
 3.24230496e+08 6.92600880e+07 1.41761984e+08 2.53359360e+09
 3.31408288e+08 7.58349056e+08 2.44451600e+08 1.43242272e+08
 3.58280120e+07 1.19047820e+07 3.29007488e+08 5.60227648e+08
 1.66374790e+07 5.92054630e+09 2.23159968e+08 1.40917453e+09
 4.44655936e+08 3.44868680e+07 1.39852516e+05 8.90380080e+07
 6.13642880e+08 1.34141376e+08 7.67990900e+06 1.73166080e+07
 1.32819850e+07 2.36921696e+08 7.45807360e+07 8.73556160e+07
 7.28551520e+07 1.36875328e+08 5.44587560e+07 4.66368608e+08
 7.63278208e+08 1.81071456e+08 2.27097100e+07 6.84738918e+09
 2.26241306e+09 1.29413780e+07 7.02736282e+09 1.20921688e+08
 5.17415776e+08 3.13172928e+08 7.34945600e+07 4.58991872e+08
 5.68789760e+08 1.41876090e+07 6.86624192e+08 2.43558656e+08
 2.61665500e+07 2.47336080e+07 9.30672320e+07 8.76205438e+05
 3.27411405e+09 1.11160696e+08 1.07163090e+07 3.01467960e+07
 5.73052288e+08 8.88603904e+08 1.63971610e+09 2.74863936e+08
 1.85333376e+08 1.14653491e+10 2.35036160e+08 4.91413200e+07
 5.87686600e+06 1.77544144e+08 3.39813125e+06 3.88928960e+07
 3.24733920e+07 2.97134304e+08 1.24334992e+08 8.44845800e+06
 4.62271904e+08 3.36033760e+07 1.31956237e+09 2.16480832e+08
 1.61143776e+08 2.75712725e+06 2.62107680e+07 1.04177648e+08
 5.26428992e+08 2.59227460e+07 4.92983720e+07 2.07871340e+07
 1.26636360e+08 3.48210080e+08 3.48402360e+07 5.26556360e+07
 5.46009280e+08 1.08314072e+08 9.71127100e+06 1.31835558e+09
 9.37720600e+06 2.36986360e+07 1.31562232e+08 2.06670544e+08
 3.33645389e+09 2.29563060e+07 2.65360752e+08 8.89468480e+08
 2.00567232e+08 8.95226432e+08 1.22265824e+08 2.23901540e+07
 3.07844180e+07 4.09423872e+08 4.21352750e+06 1.55057984e+08
 4.77845320e+07 1.54064390e+07 2.98237088e+08 3.37953952e+08
 1.98415472e+08 5.84020700e+06 1.68056592e+08 4.54089696e+08
 4.52795494e+09 1.86474509e+09 4.40541088e+08 5.36557840e+07
 7.51028150e+06 9.98631000e+06 2.19508016e+08 4.52801600e+07
 3.58767584e+08 8.45546400e+07 2.06204864e+08 3.58857600e+07
 1.05661480e+07 6.76550300e+06 1.80768448e+09 6.06320120e+07
 8.38392064e+08 8.58309440e+08 6.24183104e+08 4.93803469e+09
 3.22764032e+08 1.42573616e+08 1.20989464e+08 1.03096688e+08
 3.48925960e+07 6.47472832e+08 6.21600320e+08 4.74854080e+07
 1.14095330e+07 1.50689242e+09 7.46610240e+08 2.68171220e+07
 7.18956160e+07 3.33349969e+05 3.80629720e+07 3.57508050e+06
 7.99053600e+07 6.92095840e+07 9.32115584e+08 9.59209440e+07
 4.43255160e+07 1.29875400e+08 5.80579840e+08 1.64559667e+09
 2.80163392e+08 3.11337124e+10 2.62118736e+08 2.78427674e+09
 4.16160960e+07 6.11864440e+07 1.26094256e+08 3.74024560e+07
 9.74840576e+08 3.66562400e+07 1.12307270e+07 2.10943152e+08
 7.71501824e+08 5.27074400e+08 6.40813696e+08 3.73242701e+09
 3.13854060e+07 1.14537620e+07 2.32311168e+08 5.19985560e+07
 3.30326835e+09 1.69742125e+06 9.94711616e+08 3.62555552e+08
 1.63637632e+09 1.17197096e+08 2.41860896e+08 5.89506480e+07
 2.02713872e+08 3.49938176e+08 3.20630976e+08 1.25323174e+09
 5.87664120e+07 2.27702380e+07 4.84442368e+08 3.14827125e+06
 1.14861552e+08 4.76518560e+07 2.22374260e+07 6.59725056e+08
 3.82639104e+08 2.92085380e+07 8.14620250e+06 9.34980880e+07
 2.76566400e+08 1.29380688e+08 1.63134170e+09 1.34326106e+09
 1.62650832e+08 2.00245080e+07 4.98624224e+08 1.41463584e+08
 3.97901088e+08 2.05805680e+07 5.06436256e+08 2.32708736e+08
 1.68393260e+07 1.09003072e+09 1.98996528e+08 9.88863700e+06
 1.18169510e+09 1.11228200e+08 3.76968680e+07 2.31044688e+08
 2.01978726e+09 1.40329710e+07 3.28927872e+08 8.76075008e+08
 1.60534753e+10 2.35598816e+08 3.85791240e+07 1.16878938e+09
 1.04592659e+09 5.90830720e+08 7.88905760e+07 1.53111312e+08
 6.42682280e+07 6.74908800e+07 1.67117107e+09 5.37787520e+08
 4.40267968e+08 5.60045504e+08 3.01267552e+08 5.89962688e+08
 2.62899020e+07 9.24369600e+06 1.19761613e+09 6.23724650e+06
 1.79258384e+08 3.65632896e+08 2.33694816e+08 3.83507600e+07
 4.17830360e+07 1.65779699e+09 2.15315136e+08 1.80186675e+09
 1.45537088e+06 6.69063000e+07 2.49866825e+06 7.54595800e+06
 3.21928720e+07 1.84121232e+08 5.99232000e+07 1.75201480e+07
 6.34382656e+08 5.87011648e+08 4.09549952e+08 2.57093018e+09
 1.35163568e+08 3.45040440e+07 3.22796979e+09 1.91762432e+09
 1.55183824e+08 9.29960256e+08 3.81296320e+07 9.75065216e+08
 3.28606304e+08 5.02891040e+08 2.78554080e+08 6.80285520e+07
 4.98970816e+08 5.66161472e+08 7.68409792e+08 7.67126080e+07
 4.19442960e+07 3.62668600e+07 6.05891400e+07 2.82560060e+07
 2.55047260e+07 1.39818150e+09 2.76960096e+08 1.27957680e+07
 1.65563225e+06 6.60221360e+07 1.34725312e+08 5.39225728e+08
 1.32127152e+08 1.04966260e+07 8.03525760e+08 4.09700160e+07
 1.64051440e+08 1.16670680e+08 9.36013500e+06 3.90598400e+07
 1.42187088e+08 8.58600128e+08 3.49546080e+07 3.60368742e+10
 7.74228550e+06 3.36838304e+08 2.46148160e+08 2.65018784e+08
 7.64828700e+06 9.10345344e+08 3.03208832e+08 2.46225600e+06
 1.08541648e+08 3.20647460e+07 3.25906112e+08 4.48693120e+07
 2.10436992e+09 4.20941450e+06 7.72264720e+07 9.01862900e+06
 7.98069520e+07 3.10968090e+09 7.64129920e+08 2.10695936e+08
 1.01913240e+08 1.14516672e+09 1.10105130e+07 1.27109688e+08
 6.02998800e+06 4.29385216e+08 2.84065088e+08 2.67294912e+08
 3.34109344e+08 5.41452352e+08 4.56613960e+07 4.21110624e+08
 7.49681360e+07 5.28446528e+08 5.73362100e+06 6.11454080e+08
 1.15966310e+07 2.52812960e+08 5.80546850e+06 7.04976256e+08
 1.66869562e+06 7.57806848e+08 2.74750400e+08 2.12161660e+07
 1.71412462e+06 3.78508384e+08 1.32889792e+08 3.18787375e+06
 1.22583238e+06 8.37763360e+07 2.05520240e+08 2.10090256e+08
 3.06528000e+07 5.27854176e+08 4.09719475e+06 2.16978352e+08
 1.68527700e+07 2.32702768e+08 2.83393632e+08 4.04194080e+08
 3.08140416e+08 2.48893980e+07 1.32750250e+07 4.66886720e+07
 4.43576224e+08 8.33080560e+07 1.75635728e+08 2.05577792e+08
 5.84341000e+06 1.13192735e+10 5.92584768e+08 1.35869500e+07
 4.64425696e+08 4.21682880e+07 1.31107140e+07 4.83385200e+07
 2.32000880e+07 1.69868752e+08 1.29172976e+08 9.37897600e+06
 2.12509600e+08 2.95117200e+07 1.73968575e+06 3.31027360e+08
 1.26315090e+07 8.54253120e+07 2.10480560e+08 6.25426368e+08
 1.39930000e+08 1.12459766e+10 1.64117872e+08 2.96824975e+06
 5.16248500e+05 2.41494944e+08 7.95359040e+08 1.16344550e+06
 2.71920998e+09 1.30691662e+06 4.27626300e+06 4.20883520e+07
 8.92296080e+07 6.72129126e+09 1.07046588e+06 1.12048152e+08
 2.97322432e+08 1.67525312e+08 2.45592300e+07 2.05654775e+06
 1.90470925e+09 1.45207632e+08 1.56994290e+07 1.11196488e+08
 1.62379008e+08 4.06317504e+08 1.41773328e+08 1.18317197e+09
 2.88979040e+08 1.76589960e+07 2.80739680e+08 1.63959840e+08
 2.52233702e+09 3.14098700e+07 6.84767600e+07 4.12756960e+07
 1.70938384e+08 4.31156520e+07 1.24131904e+09 7.01823400e+06
 9.58984909e+09 2.70427328e+08 3.24431514e+09 1.43407648e+08
 2.44507920e+08 9.79366810e+09 1.33404540e+07 5.44218000e+07
 2.63374180e+07 9.70538176e+08 1.28516936e+08 3.66379552e+08
 1.93211296e+08 1.72408768e+08 2.16884816e+08 4.84692440e+07
 1.24644120e+08 1.35142780e+07 1.82710928e+08 6.32488640e+07
 1.25186048e+09 1.31863642e+09 1.33698630e+07 3.48165475e+06
 3.17618336e+08 1.67158400e+08 4.93390912e+08 1.02367760e+07
 7.07035712e+08 9.93484864e+08 2.04704944e+08 8.79129000e+06
 6.39152704e+08 5.90154720e+07 1.01264584e+08 1.94044368e+08
 2.15347456e+09 2.58559040e+07 9.73621440e+08 2.04882176e+09
 2.04141420e+07 9.59778240e+08 3.55819360e+08 4.60562080e+07
 3.19038780e+07 1.97650342e+09 7.92447680e+08 3.22740312e+05
 5.66537856e+08 2.13904112e+08 7.40329024e+08 1.09986768e+08
 3.58836800e+08 5.04498950e+06 1.93644912e+08 2.41541120e+08
 1.36618560e+07 5.94018280e+07 5.58116736e+08 2.45060378e+09
 7.10977680e+07 1.29606784e+08 4.12951456e+08 3.27255040e+08
 3.19322803e+09 2.76217344e+08 5.06920736e+08 1.11223757e+09
 7.20384900e+06 7.06759600e+06 1.37107408e+08 6.54904600e+07
 8.76506560e+07 2.39723440e+08 7.67622080e+08 1.48823776e+08
 1.53821152e+08 5.65742976e+08 1.03915680e+07 1.29939912e+08
 9.50818160e+07 7.56756240e+07 1.49701808e+08 1.80049456e+08
 1.86444312e+06 8.18505200e+07 1.56369872e+08 1.94650380e+07
 7.27468640e+07 3.22206624e+08 8.65244467e+09 1.75885936e+08
 9.65898720e+07 1.45272256e+09 1.70223654e+09 6.32293680e+07
 3.30425952e+08 5.52414120e+07 9.47485312e+08 3.88057728e+08
 9.10264300e+06 2.96450208e+08 5.13251880e+07 2.59371088e+08
 1.04966336e+09 1.69535952e+08 1.95445460e+07 1.73595360e+08
 4.69627900e+06 1.06454042e+09 5.31238400e+07 1.10604070e+09
 9.44951440e+07 7.82193856e+08 1.23487456e+08 1.96024660e+07
 3.52529504e+08 5.39193800e+07 2.40265600e+08 3.34461152e+08
 2.19019460e+07 1.44478200e+07 1.83981262e+06 4.64462250e+06
 3.78768896e+08 1.24223672e+08 1.61777088e+06 1.31131480e+08
 4.59807640e+07 1.34701024e+08 5.81376192e+08 3.26032096e+08
 2.63554611e+09 3.51645360e+07 3.65563880e+07 2.78533043e+09
 9.66341824e+08 1.27033096e+08 3.02457024e+08 4.13384096e+08
 1.19202672e+08 1.91994832e+08 6.98884224e+08 4.68136294e+09
 8.83551200e+06 8.81947800e+06 7.44037440e+07 8.63417152e+08
 5.00070758e+09 1.63968740e+07 2.05314944e+09 1.40189500e+07
 2.70746144e+08 9.45649280e+07 1.88563533e+09 2.05189056e+08
 2.37854820e+07 3.81769600e+07 2.41393120e+08 1.43794406e+09
 3.09761056e+08 1.44028256e+08 8.87723840e+08 1.67796192e+08
 3.00690820e+07 1.66691558e+09 1.38109264e+08 9.77335168e+08
 9.84055840e+07 1.68334800e+08 1.12149384e+08 7.70782800e+07
 3.37003320e+07 4.71143320e+07 3.03874920e+07 2.65939104e+08
 1.98844040e+07 3.03297600e+08 1.49563955e+09 7.33723680e+07
 1.51646064e+08 1.47104256e+08 2.78529640e+07 1.23783590e+09
 1.97752448e+08 7.02577120e+07 1.76542560e+07 9.40961520e+07
 4.11196720e+07 1.03237459e+09 2.44387635e+09 2.82907552e+08
 5.45022157e+09 1.60598890e+07 5.99750250e+06 1.02859256e+08
 1.80593936e+08 3.09610304e+08 7.03198320e+07 7.38569760e+07
 4.38116150e+06 1.75838300e+07 9.73990208e+08 1.77365800e+07
 2.69332928e+08 3.14337101e+09 5.08806195e+09 9.05228800e+06
 3.17525184e+08 8.55872358e+09 2.15822512e+08 1.38836192e+08
 1.15913170e+07 1.50463152e+08 6.22192880e+07 1.77281104e+08
 9.20173440e+07 2.62117120e+08 1.23092954e+09 3.20294195e+09
 2.03165616e+08 4.02001536e+08 6.99015520e+07 5.92082496e+08
 1.88816032e+08 7.37026112e+08 1.30083968e+08 8.99025600e+07
 9.93770400e+07 4.42855328e+08 1.58250448e+08 3.52019584e+08
 3.11295130e+09 2.43464900e+07 3.73346360e+07 7.13144720e+07
 8.78712160e+07 3.18435275e+06 5.07651840e+09 1.28351864e+08
 9.45858320e+07 2.30237616e+08 4.60237722e+09 7.28679120e+07
 1.54888512e+08 4.09111320e+07 1.42949020e+07 3.00788920e+07
 3.38663760e+07 6.19487100e+06 1.40591142e+09 9.28179440e+07
 7.49625280e+08 4.29722432e+08 2.85405632e+08 1.24338520e+08
 1.34733709e+09 4.93088640e+07 1.89607014e+09 1.12878136e+08
 2.71139072e+08 3.32881056e+08 1.61654336e+08 7.11823680e+07
 2.09361104e+08 2.25358752e+08 3.28484256e+08 2.69228156e+05
 2.95085280e+08 6.83916320e+07 2.02719488e+08 5.59909568e+08
 1.67182912e+08 6.93505856e+08 1.21411610e+09 4.78663014e+09
 6.61051080e+07 3.77396360e+07 1.07122992e+08 1.11492390e+07
 6.49795123e+09 1.50501260e+07 9.88936499e+09 9.06883648e+08
 1.81899904e+08 2.49231824e+08 1.25902016e+08 2.12932128e+08
 1.08580365e+09 2.01892600e+07 2.57142240e+08 2.35092425e+06
 1.50006451e+09 4.32649800e+07 2.88093728e+08 1.07681840e+08
 1.67284256e+08 3.91448040e+07 1.31807880e+07 1.76995968e+08
 2.00670840e+07 4.20523296e+08 1.10629512e+08 7.75389120e+07
 3.61047578e+09 2.58813340e+07 3.98409248e+08 3.23761984e+08
 4.33884928e+09 2.87241536e+08 3.76201440e+07 1.82788464e+08
 1.16798790e+07 5.05270100e+06 1.93273632e+08 4.34042080e+08
 1.98836300e+07 4.67111760e+07 6.74139520e+08 1.96361120e+07
 2.12767066e+09 3.13941540e+07 3.24208640e+08 3.94862624e+08
 4.36372120e+07 1.63626462e+06 2.67856768e+08 4.02017880e+07
 6.78008400e+07 1.08279248e+08 3.35767072e+08 6.63155712e+08
 7.20021360e+07 3.97510440e+07 2.54901380e+07 1.09505830e+09
 1.27150770e+07 1.71609677e+09 2.17147744e+08 1.93896500e+07
 3.18460064e+08 4.31869056e+08 7.28068480e+07 1.08478224e+08
 6.25021520e+07 6.01656550e+06 1.67801088e+08 7.06580736e+09
 1.36368288e+08 3.10300320e+08 2.17964300e+07 4.08096576e+08
 1.20563568e+08 1.81017540e+07 2.59664880e+08 3.77700480e+08
 1.06293200e+08 6.45253040e+07 2.38187540e+07 6.19552000e+07
 6.83860880e+07 2.63800900e+06 1.14651992e+08 3.79275264e+08
 2.05778784e+08 1.34195944e+08 1.02742426e+09 3.12997632e+08
 5.93542016e+08 2.21320096e+08 1.31904870e+07 9.43180513e+10
 1.19619968e+09 3.35529400e+07 3.44545088e+08 1.37657999e+10
 6.42651600e+07 2.50538560e+08 1.79012032e+09 2.01301640e+07
 2.47437872e+08 1.72898560e+07 8.77297300e+06 2.40650240e+08
 2.14405136e+08 9.39300960e+07 1.35172147e+09 8.91148375e+05
 5.19452928e+09 5.75337600e+08 4.04819232e+08 5.52626816e+08
 3.01466800e+07 6.73679400e+06 2.71039100e+06 3.03722208e+08
 8.68310426e+09 4.67535680e+08 7.69543440e+07 5.73360880e+07
 2.09158820e+07 5.48948350e+06 1.44595470e+07 1.04810810e+09
 1.05428656e+08 6.67719600e+07 1.05537280e+07 2.01813600e+07
 1.49047706e+09 3.36658440e+07 6.03778816e+08 3.21826560e+08
 7.52267840e+07 7.50632880e+07 9.77252800e+07 1.21831296e+08
 1.93902262e+06 1.17269960e+07 7.76803650e+06 1.29578090e+07]
