[3.51961250e+05 1.89580578e+05 6.54563828e+04 2.68943219e+05
 3.08559667e+09 1.21178188e+06 1.72056262e+03 1.20896947e+09
 4.66654259e+09 2.51536080e+08 2.25929725e+06 1.26223164e+05
 4.42320794e+09 4.19472734e+04 6.00186328e+04 6.81101760e+08
 2.65285050e+06 3.29928784e+03 7.38327750e+05 4.86082100e+06
 1.74022464e+09 5.50317184e+08 5.16579440e+07 1.82691674e+09
 1.94287728e+08 1.06018621e+10 7.25882560e+07 1.22746061e+09
 8.10346172e+04 1.77259906e+05 3.88941133e+09 1.36031523e+04
 6.93548875e+05 1.24721219e+05 8.60177250e+05 6.68004160e+08
 2.11138969e+05 2.01099395e+04 1.45429969e+05 9.10565600e+06
 6.12279091e+09 2.04510412e+06 1.17481011e+09 1.23906477e+05
 2.00860467e+09 5.81081312e+05 6.35339805e+04 2.94500073e+03
 5.71923584e+08 4.25004237e+09 4.25531914e+04 7.07640875e+05
 1.45254384e+08 1.11233410e+07 2.46109266e+05 3.53777539e+04
 3.08609812e+05 3.76985000e+05 8.12176312e+05 9.34916641e+04
 1.58673425e+06 8.86582336e+08 1.02862208e+08 7.13137734e+04
 1.55568992e+08 3.66069000e+05 2.30499156e+05 1.00093719e+05
 2.57594355e+04 3.06880925e+06 1.07779930e+05 6.23997305e+04
 1.26819375e+04 9.86109824e+08 1.02523656e+05 2.07812703e+05
 6.91153938e+05 5.62108812e+05 3.60871520e+08 2.96694875e+06
 3.36429536e+08 1.13682734e+05 8.66302160e+07 4.78063242e+04
 2.78342656e+05 1.29785272e+08 6.87439297e+04 5.01514727e+04
 7.48673024e+08 2.68934758e+09 4.04541250e+05 1.66460912e+06
 8.26625488e+03 7.04667188e+05 4.35371050e+06 6.89268750e+04
 3.24131750e+05 7.24090250e+05 2.50568755e+09 4.19795781e+04
 2.53198062e+05 3.57072594e+05 2.95228750e+05 4.63580117e+04
 9.61595392e+08 7.70835062e+05 3.45914969e+05 4.78612736e+08
 2.94480969e+05 2.33862336e+08 4.29851594e+05 1.42938550e+06
 2.19740416e+08 6.26946304e+08 5.90467062e+05 2.23415828e+05
 2.34690098e+04 5.44840688e+05 1.66882573e+09 1.50132812e+05
 4.34117094e+05 2.76789043e+09 4.09866854e+09 1.42597796e+10
 4.97044287e+03 3.11243047e+04 1.34214176e+08 5.06008008e+04
 5.44585688e+05 9.93619922e+04 4.97314219e+04 2.81552090e+04
 5.20070688e+08 4.35008672e+04 1.18873075e+09 2.32637266e+05
 9.68951562e+05 4.70499375e+05 1.89825094e+05 1.14414688e+06
 8.91767616e+08 3.00971800e+06 2.17363775e+06 1.37343578e+05
 6.63373938e+05 1.45043088e+08 2.25620625e+04 1.46425575e+06
 3.58361062e+09 9.39466719e+04 3.28172344e+04 9.05327375e+05
 1.34638734e+05 7.70808188e+05 3.71566938e+05 3.13358969e+05
 6.69401807e+03 1.86045484e+05 3.69117734e+04 1.83054488e+06
 1.80015918e+04 1.28302562e+05 1.37199121e+04 1.99753516e+04
 1.69687117e+09 1.25767100e+04 1.36125562e+05 4.13668984e+04
 6.93954875e+05 8.80690312e+05 1.13198789e+05 5.99513188e+05
 2.07805297e+05 8.71782848e+08 4.25432129e+03 9.02128064e+08
 5.66757696e+08 2.83854125e+05 4.27130624e+08 5.24882850e+06
 7.70242188e+04 2.33995547e+05 1.94549425e+06 1.05918253e+09
 4.71481133e+04 1.99966250e+04 1.03250391e+05 5.34662336e+08
 1.65976094e+05 5.58123812e+05 6.05181888e+08 1.08882668e+02
 6.63865312e+04 2.37130734e+05 3.79901500e+06 2.47255552e+08
 3.61240525e+09 6.43540288e+08 3.17375156e+04 1.01935200e+09
 1.37780547e+05 1.69925850e+09 5.00898281e+05 3.05734562e+05
 8.21792750e+06 1.44352891e+10 2.24958560e+08 5.01906344e+05
 3.10434043e+04 1.36851656e+05 1.69883594e+04 3.80448625e+05
 6.01868096e+08 3.96075594e+05 7.64779375e+04 1.26643906e+04
 1.50709891e+05 1.61370508e+04 1.34541683e+09 4.93251744e+08
 2.74496484e+04 3.73091328e+08 2.76117504e+08 5.90243994e+09
 8.11721045e+03 6.71258252e+03 1.67495297e+05 1.45782764e+04
 1.38934406e+05 5.44076750e+06 3.83351406e+04 3.05885215e+04
 7.42889125e+05 3.62917656e+05 1.20910086e+05 2.52516557e+09
 1.24151347e+09 9.90898730e+03 6.36888242e+04 2.20176512e+08
 3.40857475e+06 1.96470703e+04 5.95863450e+06 1.71655322e+09
 9.95391719e+04 1.46350766e+05 7.36002112e+08 1.54062797e+05
 9.07944188e+05 5.16538828e+04 1.83378768e+08 3.13981200e+06
 3.35305391e+04 7.32621484e+04 2.30588535e+04 3.85400640e+08
 2.32442547e+05 1.51596387e+04 3.09054453e+04 4.09202432e+08
 2.80630520e+07 4.27552281e+05 7.06192026e+09 1.94681133e+04
 3.54802852e+04 2.69995898e+04 1.64445875e+05 7.64532736e+08
 3.86292031e+05 1.22034211e+05 1.07504734e+05 1.18789138e+06
 2.48324592e+08 5.67970944e+08 3.69529037e+09 3.75455156e+05
 9.54907853e+09 2.72544614e+09 2.10517797e+05 8.00855900e+06
 4.28301344e+08 1.93763047e+05 6.36041719e+04 1.84456672e+05
 1.09263072e+08 2.49779422e+05 2.62204469e+05 2.69183104e+09
 3.75648022e+03 1.01768032e+09 1.42978355e+10 4.05164688e+04
 9.72208448e+08 1.93572875e+05 4.51106758e+04 5.03840352e+08
 1.20269648e+05 2.26007075e+06 4.97059750e+05 1.71258464e+08
 8.66287812e+04 1.45216576e+08 3.13318272e+09 3.08848175e+06
 3.01839539e+09 2.73756979e+10 5.48183643e+03 3.48906000e+06
 1.43042578e+05 5.44651008e+08 4.54812148e+04 1.33483422e+05
 7.68350003e+09 1.62913184e+08 8.82378672e+04 1.32398740e+04
 1.03645328e+05 2.05624375e+06 5.12590820e+04 2.66708736e+09
 2.93359031e+05 8.19520960e+08 3.17365719e+05 9.69748160e+08
 5.90846750e+06 2.37252844e+05 3.13247975e+06 1.22683391e+05
 9.00493438e+05 1.27671695e+05 2.15562048e+08 1.14512234e+05
 5.26440195e+04 6.48958208e+08 1.89369000e+05 5.69077750e+05
 3.17277984e+08 1.13987852e+05 3.49059789e+09 1.72099391e+05
 6.66168960e+08 7.68933184e+08 8.67631312e+05 2.68211712e+09
 3.48020117e+04 6.12510859e+04 7.66448560e+07 1.08349600e+06
 7.57016375e+05 8.31040820e+03 1.69207900e+06 2.23244493e+10
 2.54481672e+05 2.39837517e+09 9.30974080e+08 2.19317375e+05
 1.50293891e+05 7.24112750e+05 7.16522688e+08 1.14963430e+09
 1.17237402e+09 1.04099828e+05 2.26381517e+09 1.81042438e+05
 1.50744438e+06 4.76446400e+06 7.88637312e+08 2.31729727e+04
 1.75320556e+10 1.25110862e+06 6.41563047e+04 1.38080717e+09
 2.18649060e+07 5.85185088e+08 7.22747875e+05 2.72263625e+05
 1.34583800e+06 3.76596406e+05 5.42068555e+04 2.60050528e+08
 1.85856474e+09 5.88131688e+05 1.00211907e+10 3.63218000e+05
 5.15332750e+05 5.70704688e+05 6.10059776e+08 3.09774281e+05
 9.20346438e+05 5.37620480e+08 5.24658650e+06 8.78571797e+04
 1.42358516e+05 2.80353000e+05 7.34781172e+04 1.47400484e+05
 1.92003496e+04 2.98444250e+06 8.80794176e+08 6.43271936e+09
 1.32215977e+04 1.09083150e+06 2.69485078e+04 6.35618906e+04
 3.19279102e+04 3.65571250e+05 2.25745078e+05 6.73057422e+04
 4.50047000e+06 8.79705312e+04 5.92869184e+08 2.61572000e+05
 3.15506406e+09 8.27359550e+06 1.53278975e+06 1.70834600e+06
 4.76021328e+04 7.59079438e+05 1.02205178e+09 1.25917888e+09
 3.77144300e+06 3.55623200e+08 1.22442375e+05 8.52650750e+05
 3.62066062e+05 4.15250000e+05 1.03043461e+05 1.55236062e+05
 3.17989400e+06 4.31153000e+05 9.37131250e+04 1.65952219e+05
 2.57458938e+05 1.71389300e+06 3.38708711e+04 1.76413156e+05
 1.18719852e+05 1.93694416e+08 7.67637109e+04 1.71012375e+05
 2.42395422e+05 1.39817656e+05 9.10775469e+04 5.18222148e+04
 9.36330859e+04 1.73067136e+08 3.11184648e+04 2.09304788e+06
 3.76964961e+04 2.52961582e+04 2.31649703e+05 5.54442120e+07
 4.08432227e+04 7.77137250e+05 1.88387302e+09 5.22194453e+04
 1.87713203e+05 3.29926367e+03 4.42047200e+06 2.54661953e+05
 1.16075302e+09 9.12981953e+04 1.75868164e+04 6.47529648e+04
 8.72722750e+05 1.85864048e+08 2.20546344e+05 1.36297451e+04
 4.09401952e+08 2.31720400e+06 1.21800474e+09 3.34806281e+05
 1.12096653e+09 1.28530061e+09 3.33379840e+08 3.53663062e+05
 3.78675820e+04 9.06183250e+05 5.36767969e+04 2.34618184e+04
 7.30765781e+04 4.48411008e+08 5.01471250e+05 3.91857227e+04
 3.47309344e+05 8.15029440e+08 1.12125734e+05 1.21171010e+07
 2.02633438e+05 4.36707031e+05 1.55581594e+05 7.51374453e+04
 8.82755469e+04 6.81224192e+08 9.56373312e+08 6.29629609e+04
 7.70455312e+04 7.20067800e+06 1.74581219e+05 1.08382490e+04
 3.06669805e+04 1.34733031e+05 9.72579297e+04 4.64103136e+08
 3.05424648e+04 2.68557281e+05 2.78114176e+08 7.90276938e+05
 2.19476078e+05 3.09942528e+08 4.45475328e+08 5.59573789e+04
 1.04785791e+04 7.73636953e+04 2.22679234e+05 2.77490425e+06
 6.58373047e+04 3.50502375e+05 2.70254688e+05 2.05440281e+05
 2.10349484e+05 2.43305050e+06 6.84208281e+04 4.72854912e+08
 1.87363531e+05 6.21040469e+04 4.50158528e+08 2.78999094e+05
 1.08999633e+05 4.51542844e+05 2.50226176e+08 1.65359936e+08
 2.57627088e+08 1.18291612e+06 3.83800117e+04 5.30325312e+04
 5.48976875e+05 2.40839350e+06 2.18306984e+05 1.06976710e+09
 1.83474688e+09 1.56685984e+05 8.67580938e+04 2.37607391e+05
 1.06824117e+05 3.16843456e+08 1.26068992e+09 2.55729200e+08
 4.11490022e+09 1.41409406e+05 4.44478656e+08 6.35704883e+04
 8.39127734e+04 1.41150612e+06 3.48336736e+08 3.02738975e+06
 7.10706750e+05 5.04090039e+04 1.81201504e+08 1.53889547e+05
 5.26569750e+05 8.00724352e+08 5.68429696e+08 6.49434492e+04
 1.12793633e+04 5.02533469e+05 1.21420570e+05 5.59999750e+05
 5.09330400e+08 4.34585586e+04 5.23663488e+08 1.03457421e+09
 2.60489750e+06 6.95005062e+05 1.04050224e+08 8.66302875e+05
 3.22246112e+08 1.48378562e+05 1.84393656e+05 5.10428945e+04
 5.63448550e+06 1.05220656e+05 1.70101538e+06 2.14588550e+06
 1.75725376e+09 1.73975360e+07 1.97890894e+03 2.44768750e+05
 1.10872947e+09 5.70332250e+05 1.73032730e+09 4.45134144e+08
 1.58879156e+05 4.50807406e+05 1.24190288e+06 5.17784688e+05
 2.17974719e+05 4.17351968e+08 1.12140900e+06 6.53130820e+04
 1.16032594e+10 3.43476602e+04 6.57460156e+04 2.36937031e+04
 6.58179125e+05 8.69565430e+03 2.33114590e+04 1.67419500e+05
 3.07193281e+05 6.07351375e+05 2.25198172e+05 3.79962250e+05
 1.30111821e+09 2.20123906e+04 2.38179719e+05 9.38702272e+08
 7.41321165e+09 2.74122800e+06 7.57269385e+03 1.97017500e+05
 9.54237188e+04 7.38583188e+05 7.10249453e+04 1.88935360e+08
 4.75629625e+05 2.53596625e+06 6.12307959e+03 9.11684297e+04
 4.32556602e+04 4.59059594e+05 1.14701402e+09 7.95890576e+03
 7.59140480e+08 5.96092416e+08 2.61216688e+05 5.48529920e+08
 4.20800344e+05 7.71734688e+04 9.36806188e+05 1.41196800e+06
 3.11046375e+05 6.19275188e+05 1.02126164e+05 7.46136328e+04
 8.06279741e+10 7.45225234e+04 3.35225898e+04 2.05037788e+06
 1.54223896e+04 1.68772844e+05 1.20805203e+05 6.58035078e+04
 9.41699188e+05 4.29315969e+05 6.29626875e+05 4.93076641e+04
 1.86976594e+05 4.83452375e+05 4.20820094e+05 6.22346484e+03
 3.65822360e+07 5.72574750e+05 1.01824619e+06 2.10560359e+05
 6.17292617e+04 2.58964781e+05 6.73695938e+04 4.86573584e+03
 2.02701453e+05 4.23278874e+09 1.14284493e+10 8.52932160e+08
 1.99650254e+04 1.00783586e+05 1.25218253e+09 8.82718125e+05
 3.20396594e+05 1.04454312e+05 5.84726144e+08 4.77151078e+09
 7.18908281e+04 1.93511906e+05 4.99279744e+08 1.05522836e+05
 2.64627500e+05 5.47433984e+04 5.16996055e+04 1.39833950e+06
 1.47537393e+04 6.95764312e+05 5.98147227e+04 2.13499750e+06
 1.31039838e+06 7.76894297e+04 5.91006797e+04 2.61012539e+04
 1.92200312e+05 3.04892656e+05 4.75773406e+05 5.48008000e+08
 7.00992344e+04 5.97611328e+08 6.18455312e+04 4.41217617e+04
 3.12529504e+08 8.54497600e+08 2.34076914e+04 2.42977531e+05
 4.58734500e+05 7.68862812e+04 1.94271334e+09 6.33217188e+05
 1.05111288e+06 2.61779000e+06 1.79488984e+05 1.85268875e+06
 3.61135002e+09 2.51837949e+04 9.78200781e+04 2.31410762e+04
 9.87726641e+04 1.56147891e+05 3.12858938e+05 1.26394000e+06
 3.21062344e+04 2.12462859e+05 3.18689094e+05 7.05304950e+06
 2.68827600e+06 1.24150100e+06 5.11475312e+05 4.36295648e+08
 1.30639162e+06 2.90523125e+06 2.56007680e+09 3.11734240e+08
 4.23446328e+04 4.29240430e+04 1.00344425e+06 4.86712422e+09
 2.88340200e+06 6.23798359e+04 2.12123827e+09 2.13026516e+05
 5.40022812e+04 9.65870912e+08 2.56064100e+06 3.74059500e+05
 1.76630422e+05 6.81487969e+04 4.22835712e+09 3.98931992e+04
 5.28781250e+05 8.93194752e+08 9.28937812e+04 2.26445062e+05
 4.76436672e+08 3.07419531e+05 1.33974950e+06 1.33823844e+05
 1.31129078e+05 2.10541968e+08 1.27571539e+05 1.56345962e+06
 6.05238711e+04 1.78631328e+08 5.52715625e+05 4.10597188e+05
 8.18700234e+04 1.25816953e+05 5.11725363e+09 5.19801844e+05
 8.01370726e+09 2.63394406e+05 4.14402312e+05 8.21236562e+04
 4.09369688e+04 2.86434624e+08 7.05113125e+05 1.97385156e+05
 1.24347945e+05 1.07274477e+09 1.76038750e+06 2.24431797e+05
 5.24777812e+05 4.20267000e+06 5.85038100e+06 2.47732695e+04
 1.98220112e+08 9.24799562e+05 2.92113969e+05 7.59734453e+04
 7.19529375e+04 8.01347840e+08 1.21002138e+06 8.93631250e+04
 6.52673500e+05 4.39435552e+08 4.73134562e+05 2.62104550e+09
 2.04288269e+09 2.02223156e+05 1.04157306e+06 2.68430312e+05
 7.01945562e+05 2.51483188e+05 3.09770675e+06 2.71009656e+05
 7.08942822e+03 1.01223194e+06 6.34566875e+05 9.00455219e+09
 7.49445812e+05 3.60222852e+04 3.19389902e+04 3.40114156e+05
 2.24331968e+08 8.17197578e+04 5.76316200e+06 2.52151050e+06
 1.47044328e+05 1.06891968e+09 3.28516000e+06 2.03862637e+04
 1.68613662e+06 2.82541281e+05 5.42975360e+08 1.45543938e+06
 2.22578406e+05 1.11400906e+05 8.01493125e+05 1.46162388e+06
 1.89019766e+05 7.14704384e+08 3.82144141e+04 7.76543125e+04
 3.67596902e+09 1.03630695e+05 5.04776219e+05 5.87900078e+04
 9.66660000e+04 1.10782410e+03 5.24642624e+08 1.09622129e+10
 1.53573469e+05 4.67202930e+04 2.43417625e+05 8.92002422e+04
 4.90124704e+08 8.32538984e+04 5.35259125e+05 1.41936031e+05
 2.47695266e+05 3.30533242e+04 1.57094310e+09 3.27790325e+06
 9.84407680e+08 2.80527406e+05 4.79989750e+05 1.51160031e+05
 1.22465238e+06 3.87475781e+04 2.96958050e+06 6.23770368e+08
 2.90512160e+08 7.54033828e+04 1.43253125e+05 7.17816953e+04
 5.83151688e+05 3.29575977e+04 7.47582938e+05 3.00229043e+04
 1.08590800e+07 3.26786548e+03 1.64578734e+05 1.04804277e+04
 6.73811136e+08 3.09382562e+05 5.68965938e+04 1.65656102e+09
 6.62944922e+04 8.67515703e+04 5.74713375e+05 1.97907094e+05
 1.49215625e+06 5.62741696e+08 2.57571975e+06 4.46681344e+05
 4.91826600e+06 6.99618375e+05 1.63413594e+04 4.91937781e+05
 6.33770812e+05 2.38330137e+04 4.85000293e+03 1.04507281e+05
 1.15434932e+04 1.08055320e+05 2.72244775e+06 1.36160200e+06
 1.92034483e+09 6.78415820e+03 3.96898880e+08 2.75974176e+08
 1.72331360e+08 6.48647314e+03 6.89579072e+08 2.04585450e+06
 2.39914492e+04 2.43668941e+09 7.44290234e+04 1.31463156e+05
 1.27273602e+05 3.68303968e+08 1.25439091e+09 7.87065078e+04
 1.73271391e+05 1.55733862e+09 1.30315305e+05 2.26506144e+08
 5.37622250e+05 7.31019875e+05 1.17743750e+06 2.29681712e+08
 2.69550180e+07 9.78490781e+04 1.26157600e+08 7.15033438e+04
 2.46975488e+08 2.30894078e+05 2.46558672e+05 5.41992438e+05
 4.93936125e+05 6.22080820e+04 4.86362281e+05 2.18114312e+05
 4.35378867e+04 3.56024800e+08 1.59622281e+05 3.93433824e+08
 1.43921818e+09 2.82524906e+05 3.97921875e+05 1.51738188e+05
 6.30808828e+04 1.17426483e+09 1.55436531e+09 2.61681109e+05
 1.00059375e+05 1.04803469e+05 1.05081445e+05 2.95381050e+06
 8.08607000e+05 9.54813906e+04 1.09220537e+04 1.42763418e+10
 2.25555449e+04 5.18788768e+08 3.31217792e+09 2.92609920e+08
 2.30481984e+05 3.03978816e+08 3.25550848e+08 2.41811844e+05
 6.82223500e+05 6.05544531e+04 4.59857312e+05 2.47540742e+04
 8.20317850e+06 6.25764688e+05 6.95851264e+08 6.32875264e+08
 5.17702240e+08 2.09495609e+05 1.39146797e+05 3.21905200e+03
 3.42585800e+06 2.69672812e+05 1.71158758e+09 2.19462512e+08
 3.14407754e+04 4.69314648e+04 4.20921888e+08 2.06717100e+07
 9.11204480e+08 2.23744461e+09 4.40174023e+04 1.03632094e+05
 4.20140237e+09 1.47855398e+09 8.74383562e+05 2.23724925e+06
 3.05733809e+04 9.39624688e+04 3.92368469e+05 1.69076088e+06
 8.53189440e+07 2.37257024e+08 1.05714859e+05 5.47554375e+05]
