[7.31116638e+02 6.24994507e+02 1.61731796e+02 1.92508850e+02
 1.34637894e+02 1.93537842e+02 1.45703528e+03 5.70242271e+01
 1.33215527e+03 1.20811531e+02 5.39466019e+01 4.66346100e+02
 5.87996033e+02 2.13662695e+03 6.50346680e+02 2.99201294e+02
 3.22828540e+03 7.83553589e+02 5.38956238e+02 3.42790698e+03
 1.99794910e+03 9.30397720e+01 2.65580219e+05 3.29191284e+03
 1.43401718e+02 2.24145557e+03 4.82377539e+04 1.13284033e+03
 1.29182556e+02 1.35095795e+02 5.38145081e+02 1.89402374e+02
 2.15692188e+03 1.06770828e+02 1.96863848e+04 1.51507370e+02
 2.42899124e+02 7.65825134e+02 2.19024261e+02 3.50872253e+02
 2.78217114e+03 3.40206812e+03 4.16635468e+02 4.58711035e+03
 3.66689117e+02 1.55474036e+03 1.49163132e+02 1.07920578e+02
 1.56935532e+02 1.65442383e+04 6.45131302e+01 2.03694778e+02
 1.05124466e+02 1.64158457e+04 2.71635681e+02 9.81642609e+01
 4.64510590e+02 5.53515859e+04 5.58312744e+02 1.11800735e+02
 5.87751831e+02 7.17145615e+01 1.91404724e+02 6.95473099e+01
 1.02751306e+03 2.93319116e+03 1.24805054e+02 9.25852844e+02
 1.09677368e+03 1.22011035e+03 4.88091393e+01 2.09306046e+02
 3.34917816e+02 1.26049023e+03 1.13257092e+03 1.79340256e+02
 2.68035461e+02 5.16847076e+01 2.55035568e+02 2.64830938e+04
 1.05582207e+02 2.86077881e+02 1.08154991e+02 1.17710335e+02
 1.55912598e+03 1.10296593e+02 8.42065552e+02 1.07494104e+03
 1.76398941e+02 1.02699631e+02 3.99249573e+02 1.11583057e+03
 4.04729675e+02 3.53395294e+02 4.57968242e+04 3.05555237e+02
 1.69655798e+03 1.18610254e+03 2.94385315e+02 1.09903168e+02
 1.15936719e+03 2.25801782e+03 1.24031982e+02 6.35830116e+01
 1.07245438e+02 3.17036926e+02 4.94071884e+01 1.24928186e+03
 1.15591833e+03 4.96746857e+02 3.26197281e+01 4.02633759e+02
 3.78930542e+02 2.01670715e+02 3.54360619e+01 1.05922180e+02
 1.20373401e+03 4.01775604e+02 2.12918774e+03 6.01051758e+02
 4.32245270e+02 1.69392676e+04 4.25882782e+02 1.19788672e+03
 2.39532593e+03 7.77012451e+02 4.18368561e+02 1.40408432e+02
 1.34334741e+03 3.11927930e+03 9.47210159e+01 1.06659167e+03
 6.95783020e+02 4.55776520e+01 7.76649231e+02 1.04492455e+02
 9.93583618e+02 6.07391907e+02 3.27943939e+02 2.58756409e+02
 2.75496155e+02 1.68613052e+02 1.27549133e+03 2.14908301e+03
 2.97905127e+03 1.09608521e+02 2.87624573e+02 9.97268164e+03
 2.69023779e+03 3.36297266e+03 9.54602417e+02 2.91561005e+02
 1.04616501e+02 1.11650444e+02 1.11640289e+02 1.39837326e+02
 1.22082024e+01 6.48838318e+02 8.62290192e+01 6.05435547e+02
 7.34395935e+02 1.33299591e+02 1.34382080e+02 1.07140518e+02
 3.75623779e+02 7.44654175e+02 1.26612396e+02 1.50720276e+02
 9.65969238e+01 1.51216638e+03 1.11051437e+02 9.03074158e+02
 3.84315674e+02 2.02336353e+03 2.44348999e+02 1.16652087e+03
 2.87383911e+03 8.12943115e+02 8.77144852e+01 1.02665247e+03
 9.80896387e+03 1.03208168e+02 5.29065977e+04 1.11228540e+03
 1.53586761e+02 1.15410477e+02 8.05318146e+01 1.75506763e+03
 1.54326929e+03 5.15901001e+02 2.14699142e+02 8.59183960e+02
 7.45649872e+01 1.87963699e+02 1.24872178e+04 7.14798965e+01
 6.77638828e+04 1.23004318e+02 5.51400642e+01 2.53696719e+04
 1.24046924e+03 5.15206348e+03 2.03671158e+02 6.71325073e+01
 2.67479639e+03 1.48326914e+04 1.11510725e+01 7.44727722e+02
 1.47973889e+03 1.01880682e+03 1.41387451e+02 5.00161713e+02
 1.11387915e+03 3.71588501e+02 2.48229218e+02 2.45167023e+02
 1.86753998e+02 1.46566971e+02 4.57147736e+02 9.16972122e+01
 9.21574097e+02 1.56770493e+02 1.11652016e+02 1.31810654e+04
 1.33066742e+02 2.32300024e+03 3.58250885e+02 1.14553635e+02
 1.82671753e+02 1.50303174e+04 1.75369568e+02 6.18568764e+01
 1.19890198e+03 1.45642441e+02 1.55296478e+02 1.76528931e+03
 1.83537094e+02 3.83127899e+02 1.47590378e+02 9.23614685e+02
 1.05194180e+04 5.80033035e+01 7.83428662e+03 3.73698657e+03
 8.50966003e+02 3.22895215e+03 1.80926193e+02 1.39932968e+02
 1.76401111e+03 5.66114355e+03 1.18005951e+02 8.12581543e+02
 8.26853256e+01 1.27395515e+02 1.22201141e+02 1.92771179e+03
 1.51055740e+02 7.08301025e+02 6.57937158e+03 1.58915344e+02
 1.78809648e+04 5.25300964e+02 1.04862219e+03 1.38020828e+02
 1.44463715e+02 1.20570763e+02 9.72419006e+02 3.77077209e+02
 4.45128448e+02 5.14921289e+03 8.21469040e+01 2.26495273e+04
 1.32018776e+01 2.61341626e+03 1.83658545e+03 1.93346570e+03
 3.15784937e+03 1.42119751e+03 3.08950745e+02 3.11688965e+03
 1.28890549e+02 4.22050244e+03 4.99910767e+02 1.36008569e+03
 1.03407913e+02 1.22102246e+03 2.28627136e+02 1.35868176e+03
 1.19256729e+02 3.29515198e+02 3.78293140e+03 7.66757324e+02
 2.87271515e+02 4.94070984e+02 2.81160431e+02 9.97799561e+02
 1.37641541e+02 7.87217636e+01 5.76210938e+03 1.05197205e+02
 2.53534958e+02 1.09355583e+02 2.86945374e+02 4.65366730e+02
 2.00409802e+03 1.75093469e+05 6.22685364e+02 1.34170264e+03
 1.41322571e+02 3.28105493e+03 3.82373413e+02 3.45595093e+02
 1.03766675e+03 1.26096062e+02 6.31342278e+01 3.69296460e+03
 2.15593506e+02 5.84234717e+03 1.15933728e+03 6.35103613e+03
 1.09476341e+02 1.76186005e+02 5.43582947e+02 1.24856262e+03
 1.06187927e+03 3.70976196e+02 1.83272480e+04 4.21822845e+02
 2.49944116e+03 4.53095932e+01 8.29288635e+01 1.10654274e+02
 3.39054704e+00 3.83196350e+02 2.06759941e+04 1.12670891e+02
 6.37126831e+02 7.79767075e+01 1.26558643e+04 6.43555374e+01
 2.17417557e+02 5.54050195e+03 1.60190765e+02 3.91750565e+01
 1.13774132e+02 8.90546265e+01 1.04859505e+02 8.35710754e+02
 4.17013232e+03 1.26921257e+02 8.61985901e+02 1.60157056e+03
 5.80574768e+02 9.78089844e+03 2.52569604e+03 1.58230066e+03
 3.98710254e+03 2.07801010e+02 3.34286865e+02 8.90491180e+01
 4.66667529e+03 7.79992090e+03 5.01690369e+02 1.16173424e+02
 1.66370190e+03 1.42362183e+03 1.22848198e+02 9.08658752e+01
 3.31783906e+04 2.68876489e+03 4.43031158e+02 7.30134506e+01
 3.53511406e+04 1.29319458e+03 1.24384155e+02 1.17855010e+04
 1.46172871e+04 1.15605371e+03 8.65001648e+02 1.15274399e+02
 1.45731309e+04 5.50968457e+03 1.51358618e+03 1.50616467e+03
 8.45517883e+02 6.87786230e+03 6.69699890e+02 1.62536285e+02
 1.40211777e+02 1.78660614e+02 7.53723389e+02 1.12810440e+02
 1.41384497e+03 1.97461502e+02 1.06443372e+03 9.89256744e+01
 1.05331177e+02 7.50854065e+02 1.58451355e+03 9.34765332e+03
 1.09141823e+02 9.18648633e+03 7.67204712e+02 8.26291733e+01
 4.42694043e+03 2.74732452e+02 1.03958176e+02 7.43388916e+02
 1.06562203e+05 2.62578687e+03 8.59628754e+01 5.91513123e+02
 1.01225693e+04 1.01461601e+02 6.98096484e+03 5.35482178e+03
 1.27380730e+02 5.51593876e+00 2.57784637e+02 2.66547285e+04
 3.89315771e+03 1.45543103e+03 1.59696252e+03 8.05650711e+01
 5.41047803e+03 1.70410309e+02 1.83263359e+01 1.99454212e+01
 8.97352441e+03 2.43288452e+02 9.42998047e+02 6.96462402e+03
 1.24487900e+02 4.36003164e+04 1.19773048e+02 1.26616158e+02
 2.00738861e+02 1.56668869e+02 1.03482719e+02 8.88228943e+02
 2.14336685e+02 1.15575195e+02 2.55241470e+02 2.61052246e+02
 2.70057129e+02 2.43441343e+00 4.95905365e+02 5.36181702e+02
 3.95737000e+02 2.09435039e+04 9.32681961e+01 1.57651906e+05
 1.07615204e+02 6.11980908e+03 2.98976227e+02 7.35747681e+01
 1.86031586e+02 3.02210724e+02 7.43785217e+02 1.32462265e+02
 2.68538544e+02 4.96394463e+01 1.43233780e+02 1.15782600e+02
 3.14120239e+02 2.63230560e+02 4.49757812e+03 7.29952850e+01
 1.20197495e+02 4.54467407e+02 3.28398041e+02 1.56692932e+03
 2.50080063e+02 5.15023987e+02 9.84566345e+01 3.61833282e+02
 1.11580055e+02 1.39465042e+02 1.16149734e+02 5.79617310e+02
 9.68650589e+01 2.27946094e+04 1.16670578e+02 1.94965179e+02
 1.52942688e+02 7.18342407e+02 5.64385254e+02 1.52179932e+03
 9.91971512e+01 1.46555005e+03 1.12133167e+03 2.32857971e+02
 8.04159088e+01 9.54011902e+02 1.76612961e+02 9.03702316e+01
 7.76929626e+01 1.53421748e+04 1.11442207e+04 6.57765503e+02
 1.25706749e+02 2.24012711e+02 4.28629541e+03 1.28453430e+02
 3.70957794e+02 1.44208572e+02 8.36311493e+01 5.05006787e+03
 9.54544373e+02 4.12576050e+02 9.76809406e+00 1.37041968e+03
 7.27799530e+01 2.08247543e+02 2.10911719e+04 4.82443701e+03
 6.75452026e+02 5.85164986e+01 4.85165619e+02 1.37594568e+03
 1.48055923e+02 5.64152266e+04 2.50763745e+03 1.18024139e+02
 6.99607129e+03 8.70768890e+01 9.12832260e+01 3.86179785e+03
 7.98388672e+01 8.65060120e+01 2.95512066e+01 1.18220169e+02
 9.33405762e+01 2.15381927e+02 7.55615463e+01 9.64876709e+01
 2.42601196e+02 2.89994507e+02 2.33554245e+02 2.88325012e+02
 1.76072778e+03 1.13813369e+04 1.00664833e+02 8.41088562e+02
 1.08088333e+02 1.56085953e+02 2.11194229e+02 1.07489868e+02
 1.12889185e+03 3.10530586e+01 3.11882355e+02 3.73184052e+02
 1.49185501e+02 1.05630603e+03 1.11494637e+02 2.65094849e+02
 1.31693188e+03 5.57858337e+02 9.95284958e+01 1.05243828e+02
 4.35031219e+02 1.57208994e+04 4.74591461e+02 8.31331360e+02
 7.60195618e+02 4.19436646e+01 6.74638000e+02 4.60455780e+01
 2.38310117e+04 1.08981010e+02 2.95405457e+02 1.58942542e+03
 3.30904785e+02 1.44336631e+04 1.54713879e+03 9.82321411e+02
 1.03381958e+02 1.75375168e+02 3.65421722e+02 2.45391296e+02
 2.41864609e+04 3.96122589e+01 8.44185974e+02 4.65769165e+02
 4.82291412e+01 7.94427930e+03 2.26610229e+02 4.22886182e+03
 1.31663605e+02 1.58218665e+03 1.40577417e+03 2.17309253e+03
 1.80710419e+02 1.50977753e+02 8.94021973e+02 4.21556396e+03
 4.87399963e+02 1.11255630e+02 8.96006055e+03 7.30900345e+01
 1.84060400e+03 1.96074531e+04 3.17567474e+02 1.28820663e+02
 8.44608691e+03 5.50251343e+02 1.57311722e+02 1.17345993e+02
 3.56890900e+02 3.60923584e+03 5.80542679e+01 1.32166763e+02
 4.03063538e+02 6.48165588e+02 2.61836029e+02 1.77626282e+02
 1.11375696e+03 3.52284424e+02 3.59962109e+03 7.63172058e+02
 1.53831512e+02 3.47703629e+01 9.13170395e+01 1.05654152e+02
 2.91960205e+02 8.24578003e+02 4.59370178e+02 8.05596069e+02
 1.27261902e+03 2.64589893e+03 3.13078552e+02 6.67789307e+01
 3.75650574e+02 2.05070581e+03 1.28383011e+02 1.56898547e+03
 3.81408356e+02 2.83438721e+02 3.16467438e+02 6.97847656e+02
 1.72457996e+03 4.91276172e+03 1.30190216e+02 2.31241501e+02
 2.07022750e+05 4.55488495e+02 2.62006256e+02 5.23029846e+02
 2.26864944e+02 1.02994202e+02 7.42614380e+02 1.32128983e+02
 8.33765442e+02 2.79295258e+02 1.29050977e+03 2.83675751e+02
 4.53842529e+02 1.82031445e+03 1.97660248e+02 7.25706787e+01
 9.55418640e+02 2.14965391e+04 3.63351990e+02 1.15466103e+02
 6.86203247e+02 5.51335510e+02 6.93898010e+02 9.37651825e+01
 2.82363068e+02 7.49674927e+02 2.49839883e+04 1.36274084e+03
 3.13387299e+01 2.07452866e+02 2.18244043e+03 5.80259338e+02
 1.35489258e+02 7.20041931e+02 2.82791290e+01 5.85772156e+02
 3.37910254e+03 1.00831459e+02 2.87120789e+02 1.48924850e+02
 7.74754248e+03 1.19764221e+03 8.05544186e+00 1.20879971e+04
 6.57338409e+01 3.00560547e+04 1.13598343e+02 3.38194611e+02
 2.34877368e+03 2.88478296e+03 1.14312119e+02 1.20571022e+02
 1.71192148e+04 1.00653961e+02 1.93170685e+02 1.11709503e+02
 9.46725006e+01 1.26221069e+02 1.17464142e+02 3.86230588e+00
 7.51863159e+02 1.66781754e+02 7.61490784e+01 1.56334518e+02
 2.40261139e+02 1.01461845e+02 4.46350555e+02 5.46233154e+02
 6.27525818e+02 2.89940283e+03 1.48629746e+04 5.99050732e+03
 4.61995363e+00 1.12775246e+02 1.24500069e+02 6.99653503e+02
 3.38180695e+02 9.88036926e+02 1.42546899e+03 5.69216943e+03
 1.06237724e+02 3.09951569e+02 6.52478711e+03 7.77192725e+03
 2.23275732e+03 6.94701709e+03 5.13045068e+03 1.59873947e+02
 4.96647217e+03 1.87447051e+04 2.46117920e+03 8.59493591e+02
 1.12113937e+02 1.42786331e+01 1.96543896e+03 5.33451836e+04
 1.16291211e+03 3.70899994e+02 7.86556213e+02 8.78686371e+01
 3.06916046e+02 1.70371399e+03 1.07201943e+04 1.47364355e+03
 6.93652466e+02 2.25696487e+02 5.96522217e+03 1.47876892e+02
 1.37500778e+02 1.91035309e+02 1.03891197e+02 1.29734839e+03
 1.11289383e+02 1.00890358e+02 9.09833301e+03 4.66175934e+02
 2.98428589e+02 4.36634766e+02 7.49211121e+01 2.96241919e+03
 7.19790771e+02 1.04975273e+02 6.85025940e+02 1.59984058e+03
 7.33317505e+02 2.72298008e+04 5.87105225e+03 2.28209869e+02
 1.24381604e+03 1.92344147e+02 1.18148706e+03 7.45789948e+01
 1.52039276e+02 1.53984802e+02 1.73183807e+02 2.88679382e+02
 2.12768579e+03 2.30472122e+02 3.50304047e+02 1.81919128e+03
 8.39824219e+02 3.89701996e+02 5.49587451e+03 1.08557610e+02
 1.39828308e+02 2.12930371e+03 8.17571182e+01 2.95697205e+02
 3.12910519e+01 5.01181030e+02 8.71058197e+01 2.30734595e+03
 3.63161987e+03 2.42057220e+02 5.82943909e+02 5.96532288e+02
 2.50476639e+02 3.20012146e+02 3.34300488e+03 1.73827835e+02
 4.88230347e+02 1.57005725e+03 1.46505005e+02 1.67340851e+00
 9.05572937e+02 3.58218018e+03 3.34668945e+02 2.14304492e+04
 3.54621836e+04 1.16893570e+02 2.40117172e+02 8.44632950e+01
 1.67553665e+02 9.20795822e+01 1.18644067e+03 1.29051544e+02
 8.77602344e+03 9.64099045e+01 6.74645947e+03 8.72842712e+01
 1.33746277e+03 1.16120190e+03 1.61214462e+02 1.25784375e+03
 1.76605270e+02 9.23113632e+01 3.71367096e+02 5.88042236e+02
 2.95933929e+02 1.18411476e+02 1.94077551e+03 1.06977829e+02
 5.52944489e+01 5.39902573e+01 3.25910034e+03 1.03910843e+02
 2.80508148e+02 1.86246567e+02 1.73122681e+03 3.37318984e+04
 7.47419373e+02 1.01484390e+02 2.42287183e+03 2.34811554e+02
 1.28960510e+02 5.59800659e+02 1.58991760e+02 3.31672638e+02
 3.79870117e+02 2.31371399e+02 4.31763062e+02 1.47514326e+04
 1.48162231e+03 1.25668384e+03 8.70962708e+02 5.26467896e+01
 1.54983997e+03 2.84218262e+02 2.12786621e+03 3.56714211e+01
 9.52671204e+01 2.34988208e+03 1.06098259e+02 1.00486580e+02
 3.98596161e+02 1.26930420e+02 6.14164551e+02 1.67849548e+02
 1.09829370e+03 2.05037937e+01 1.56974878e+03 1.96324670e+03
 1.20800880e+02 1.35003067e+02 8.38168793e+01 8.65599243e+02
 8.75945007e+02 1.26200897e+02 6.79543152e+02 1.18595691e+03
 8.26380615e+02 5.74781837e+01 1.45823682e+03 1.62038350e+04
 3.87837622e+03 1.54258194e+02 1.28719116e+03 1.16486320e+02
 4.41057910e+03 5.93126099e+02 1.58080154e+02 1.29535110e+02
 1.27478241e+02 9.57914886e+01 1.93597733e+02 2.56407559e+04
 3.24988008e+04 6.12105103e+02 1.02373550e+02 1.30934845e+02
 6.76193726e+02 1.04748581e+02 1.77343155e+02 2.32905746e+02
 1.14439230e+01 1.05315758e+02 9.77856995e+02 2.20042480e+02
 1.40330059e+04 9.06089783e+02 2.83622864e+02 2.53356003e+02
 1.06375171e+03 2.06348534e+01 7.17766876e+01 2.78692688e+02
 3.49522949e+03 1.23653023e+02 4.37360199e+02 3.06386261e+02
 8.34892197e+01 4.49383423e+02 8.24108337e+02 3.14653613e+04
 2.89459869e+02 1.75941626e+03 5.28072388e+02 2.71046753e+03
 2.48043274e+02 8.53219070e+01 8.05481689e+02 1.26668182e+02
 1.16991066e+02 5.38489647e+01 8.60892868e+01 1.70178497e+02
 7.87051855e+03 1.44766748e+03 1.01775459e+02 1.27845850e+03
 8.72244873e+01 2.01767468e+03 1.30652417e+03 6.95080383e+02
 3.40331207e+02 1.56324780e+03 1.31328934e+02 3.65747422e+04
 2.72967505e+03 6.53514282e+02 6.45050171e+02 2.43154102e+03
 1.10467026e+02 1.30020416e+02 3.69331177e+02 5.17964134e+01
 3.98201942e+01 8.34411377e+02 1.58983398e+02 1.52191797e+03
 1.74746875e+04 1.93812500e+02 2.32653046e+02 1.61088699e+02
 1.22247852e+03 4.49623260e+02 1.16087012e+03 2.12983627e+02
 1.20602722e+02 2.32735215e+04 8.82239075e+02 6.43198340e+03
 2.56460474e+03 5.44682068e+02 6.57405334e+02 7.25904388e+01
 2.46977997e+02 1.07520653e+02 1.94995956e+02 8.78027344e+04
 2.26642258e+02 4.43868073e+02 5.62743042e+02 4.47692725e+03
 1.13997314e+03 1.04010010e+03 5.99797935e+01 2.13779102e+04
 8.01790924e+01 2.34408096e+02 4.50203555e+04 4.99000854e+02
 2.20738010e+01 1.71769214e+03 1.26162827e+02 2.40464096e+02]
