[1.25440128e+09 1.48340048e+08 1.89837125e+06 4.44809024e+08
 8.42039680e+08 3.19124672e+08 1.02160370e+07 1.57229264e+08
 3.45513344e+09 2.99492704e+08 8.36277056e+08 5.05697344e+08
 2.33788621e+09 1.08178000e+08 1.76583632e+08 4.04566816e+08
 2.03547968e+08 3.20414480e+07 1.36804688e+08 5.67538330e+09
 1.54081600e+08 2.15840740e+07 5.24784067e+10 1.64856448e+08
 3.73018275e+06 5.83383757e+09 3.88128538e+09 8.55090560e+07
 2.11740380e+07 2.29991024e+08 1.53749904e+08 3.15627904e+08
 6.94431200e+07 1.96580160e+08 9.91482816e+08 1.54670240e+08
 1.59524688e+08 2.23708280e+07 3.73011712e+08 6.35273600e+06
 1.52352666e+09 1.43056704e+08 5.12699520e+08 1.14727696e+08
 5.04718592e+08 4.59984128e+08 2.37998220e+07 1.50244128e+08
 4.69021184e+08 2.19375130e+09 1.05791890e+07 4.87685560e+07
 3.90969750e+06 6.10930432e+09 3.33307540e+07 8.16828500e+06
 5.16800040e+07 2.54176128e+09 9.28032960e+07 1.79424240e+07
 2.65963024e+08 1.28767008e+08 2.94862680e+07 7.44823050e+06
 1.00414544e+08 1.34352736e+08 2.87884600e+07 2.40622720e+07
 5.28019200e+07 1.08314432e+09 2.37724120e+07 4.62386432e+08
 1.04746648e+08 3.81259760e+07 2.01271680e+08 3.02645800e+07
 1.80571360e+07 4.40578112e+08 1.12696480e+07 5.29545523e+09
 1.32521640e+08 2.35100144e+08 5.82713960e+07 1.44765552e+08
 4.54316960e+08 9.70603360e+07 4.15038280e+07 1.22231320e+07
 2.13305900e+07 1.27202000e+08 3.78650432e+08 2.04844762e+09
 9.38487200e+06 1.01865048e+08 1.43781926e+09 1.45234544e+08
 7.89999280e+07 6.01228480e+07 3.93196448e+08 3.91755600e+06
 3.19347488e+08 4.57628300e+06 1.97030660e+07 1.24020660e+07
 5.03332080e+07 4.53517360e+07 1.56866960e+08 1.80427675e+06
 3.29753344e+08 8.23546480e+07 1.66984752e+08 1.25421978e+09
 7.67690950e+06 1.24084090e+07 7.29608640e+08 2.71828720e+07
 1.83308160e+07 1.15000499e+09 5.80834560e+08 1.31797376e+08
 8.69638912e+08 1.64761568e+08 8.51766784e+08 4.62636896e+08
 5.23638592e+08 2.97896220e+07 2.55975820e+07 2.08617788e+06
 2.88617696e+08 2.17969500e+07 1.54908448e+08 2.07725800e+07
 3.39082800e+07 7.80523200e+07 2.50729248e+08 1.13725060e+07
 4.75624360e+07 2.37949100e+07 4.15545344e+08 3.37695360e+07
 4.90505320e+07 1.07335600e+08 3.60197056e+08 1.78463568e+08
 7.57148000e+07 3.91814250e+06 3.82881300e+06 1.30121690e+09
 1.00166560e+09 7.95745600e+08 7.41518960e+07 3.23365472e+08
 6.15055560e+07 2.80087960e+07 5.54278920e+07 2.78553088e+08
 8.60434000e+07 3.89489075e+09 1.77322080e+08 2.85269094e+09
 1.59369395e+09 9.30442960e+07 1.05572560e+07 1.20782392e+08
 4.06890688e+08 1.26905510e+07 1.71596928e+08 4.69372720e+07
 4.04705080e+07 7.88643776e+08 5.91061100e+06 2.40053000e+07
 3.11791584e+08 7.05137440e+07 1.62526992e+08 5.38430280e+07
 3.88457024e+08 1.52810480e+08 2.72821184e+08 1.41909619e+09
 1.87074576e+08 1.07230260e+07 9.55093840e+07 2.28462176e+08
 1.89212896e+08 2.52076120e+07 1.26453656e+08 6.40736800e+07
 6.26633200e+07 1.73997088e+08 4.52519456e+08 2.19800380e+07
 1.19425990e+07 3.85071440e+07 2.76237798e+09 1.00418784e+08
 3.14921824e+08 1.11346128e+08 4.54278900e+06 4.10771360e+08
 2.99154400e+08 7.24876160e+07 7.70547008e+08 1.95696600e+07
 2.98501018e+09 5.30486733e+09 1.59845568e+08 7.87508880e+07
 2.78120680e+07 1.73616816e+08 1.80083140e+07 2.41112448e+08
 2.19861632e+08 8.57536192e+08 6.67425216e+08 7.69122720e+07
 3.64382160e+07 1.38764090e+07 7.45543296e+08 1.03948664e+08
 1.06881680e+08 1.01345860e+07 1.49077136e+08 4.37307443e+09
 9.54946480e+07 2.80566368e+08 3.98925750e+05 9.15097040e+07
 4.94882200e+07 1.86219750e+09 2.53462128e+08 1.17727808e+08
 4.79681320e+07 7.66867440e+07 1.63881360e+08 8.81401728e+08
 6.35401480e+07 4.88692350e+06 1.78896768e+08 2.18664040e+07
 5.47828096e+08 5.02585950e+06 3.88375296e+08 8.16160960e+08
 1.00489210e+07 1.83042752e+08 2.84821420e+07 3.28891552e+08
 2.11425140e+07 3.53556173e+09 8.59244800e+07 3.21398272e+08
 1.37921952e+08 4.18854960e+07 2.52673360e+07 1.60070832e+08
 5.01625280e+07 1.00201056e+08 2.53962832e+08 3.64897880e+07
 1.95716019e+09 9.86790912e+08 2.04167053e+09 5.21286200e+06
 8.72866240e+07 3.56266680e+07 3.25319720e+07 3.81754944e+08
 1.62916704e+08 1.42618208e+08 1.19896590e+07 4.65073120e+08
 4.53190850e+06 2.07641140e+07 1.75439584e+08 2.98247980e+07
 3.65983960e+07 1.48088627e+09 9.24258250e+05 4.26481843e+09
 4.78672800e+07 6.31305344e+08 2.83123920e+07 1.81376576e+08
 2.18486500e+07 4.29816064e+08 8.02828560e+07 6.06381312e+08
 1.61460480e+07 4.20183712e+08 1.17836032e+09 2.17432420e+07
 5.87577728e+08 1.08125150e+07 2.27546352e+08 4.39385160e+07
 3.66983800e+07 3.40081216e+08 3.22811424e+08 3.88430480e+07
 2.24246048e+08 7.57153440e+07 3.54052256e+08 4.30251488e+08
 3.66835360e+08 4.22653440e+09 1.45824410e+07 3.08995520e+08
 3.53460760e+07 1.55132790e+07 4.87436300e+06 3.98581056e+08
 7.87273664e+08 2.11431296e+08 1.65137990e+07 1.46852592e+08
 1.39333664e+08 9.22377856e+08 2.99214260e+07 1.34725222e+09
 2.12139820e+07 2.22462992e+08 6.23821040e+07 4.30593664e+08
 2.79567904e+08 1.14935384e+08 7.68702464e+08 3.54570000e+07
 3.05785792e+08 8.90222080e+07 9.69153000e+06 5.97166750e+06
 1.13357832e+08 1.58690304e+08 2.89681952e+08 1.01369690e+09
 1.33010610e+07 3.88410080e+07 4.80364096e+08 1.21993536e+08
 1.11412190e+07 3.38306944e+08 1.64915696e+08 1.88818416e+08
 1.47554608e+08 9.82694880e+07 1.88244720e+07 7.14148640e+07
 2.00679091e+09 1.25463048e+08 1.06173350e+09 1.28382387e+09
 4.76315600e+07 5.96376256e+08 2.90714320e+07 1.86120688e+08
 1.10401702e+09 7.36053440e+07 2.63085680e+08 4.71404440e+07
 4.21220480e+07 9.19595040e+07 1.42892518e+09 1.40774912e+08
 1.80845811e+09 2.05270912e+09 6.15482360e+07 7.34645120e+07
 5.23565952e+08 7.22227072e+08 1.58967952e+08 7.55568960e+08
 3.08617139e+09 1.89292592e+08 2.44865760e+08 5.22614752e+08
 3.48603341e+09 8.26218320e+07 2.51230760e+07 1.45582960e+07
 4.64789440e+08 4.58929952e+08 6.85135923e+09 2.31197000e+07
 3.02064520e+07 4.19137376e+08 2.14480000e+08 2.47385700e+07
 3.26290368e+08 3.82106144e+08 3.00866208e+08 5.17216300e+06
 1.23782200e+08 2.54869600e+06 2.36533620e+07 3.87375904e+08
 1.44692650e+06 3.96510144e+08 2.27403344e+08 1.64680064e+08
 4.03413200e+07 4.80830480e+07 1.78253760e+07 8.70026880e+07
 1.07026992e+08 4.55961888e+08 3.33440480e+07 2.13012400e+08
 3.29492972e+10 2.30086496e+08 2.01263200e+08 3.03444704e+08
 8.85514304e+08 1.99294000e+08 1.16661280e+08 1.13301171e+09
 3.21199700e+07 4.10557984e+08 5.60417408e+08 7.48792080e+07
 7.15471936e+08 1.66294896e+08 1.56798832e+08 1.84520560e+08
 3.68110752e+08 7.08611760e+07 1.29733176e+08 1.25457904e+08
 1.60675232e+08 2.80207200e+08 1.73177344e+08 7.74007440e+07
 2.10956060e+07 3.21695693e+09 1.43547152e+08 2.60296620e+07
 1.44323344e+08 1.88884992e+08 2.20555856e+08 3.43535104e+08
 1.41661536e+08 2.23715136e+08 5.82083136e+08 1.84149632e+08
 9.21235400e+06 9.26595760e+07 9.58684400e+07 1.67313632e+08
 3.26619600e+07 6.48221760e+07 1.08845648e+08 2.07727616e+08
 1.02015800e+08 6.62787008e+08 1.18728408e+08 1.60429456e+08
 9.95639500e+06 3.00678432e+08 1.08165235e+09 1.37513056e+08
 2.35865120e+08 1.38859744e+08 1.32387109e+05 7.00645040e+07
 4.67597920e+08 7.05090880e+07 2.21276400e+08 2.85230040e+07
 1.52525952e+08 1.62650726e+09 4.46196064e+08 5.43156736e+08
 2.11542352e+08 5.47280320e+08 1.04616984e+08 1.21616397e+09
 1.35398210e+07 1.96253152e+08 1.69957184e+08 1.10504464e+08
 1.62229500e+07 4.95287680e+08 1.10119136e+08 1.76359900e+07
 1.78425900e+07 6.79970320e+07 7.64211600e+06 1.11469210e+07
 8.37525150e+06 1.65035136e+08 3.29322048e+08 4.01973480e+07
 1.08629430e+07 4.26842880e+07 1.80069824e+08 5.65458560e+07
 1.02599910e+07 3.30345472e+08 4.97476120e+07 1.69658888e+06
 3.42913280e+07 5.18170976e+08 1.90565056e+08 6.62624400e+06
 2.02107975e+06 1.80000928e+08 5.65102960e+07 4.08903200e+07
 1.42195650e+07 1.43324288e+08 2.74456740e+07 1.56026256e+08
 1.49506368e+08 1.93583760e+08 3.42777120e+08 1.20066800e+08
 1.17266216e+08 9.64188480e+07 8.85827904e+08 1.77612962e+06
 2.08821180e+07 1.57254784e+09 1.47149500e+07 2.94556864e+08
 1.30549453e+09 5.64126720e+07 4.58351080e+07 4.45577824e+08
 2.14531680e+08 5.05819550e+06 3.30368960e+07 4.28768950e+06
 1.01938230e+07 3.75880064e+08 5.52978950e+06 3.83875880e+07
 8.95528832e+08 1.43479520e+08 5.37328320e+07 4.82615840e+08
 2.48636480e+08 3.50501837e+09 6.72750200e+06 1.55766512e+08
 8.68958400e+07 3.15706560e+07 5.08426240e+08 1.18846720e+07
 1.20761971e+09 1.38545296e+08 3.05671136e+08 4.48230100e+06
 2.37225088e+08 5.08977024e+08 6.79896400e+07 1.27728464e+08
 7.99356720e+07 1.45313472e+08 7.20226320e+07 1.67689168e+08
 7.58834944e+08 8.66987280e+07 1.44716960e+08 2.23227696e+08
 5.82938700e+06 8.90290938e+05 1.16457384e+08 2.88537139e+09
 2.23338736e+08 8.24731040e+07 4.95474440e+07 2.46620176e+08
 4.02746240e+09 1.22853734e+09 8.99908560e+07 4.78466336e+08
 1.17422200e+07 3.31819500e+07 1.71539824e+08 3.87555675e+06
 4.86965248e+09 4.57677960e+07 2.40758400e+08 7.57335936e+08
 6.50688512e+08 6.08198246e+09 3.64202500e+06 6.66657200e+07
 2.53687488e+08 3.71675400e+06 8.87454400e+08 2.67796528e+08
 4.01379800e+07 3.87726240e+07 3.40857792e+08 4.20892864e+08
 1.97935220e+07 9.85722640e+07 7.25407120e+07 8.89300480e+07
 2.20629632e+09 1.75631232e+08 8.68252400e+07 1.47997168e+08
 1.83349728e+08 1.70383040e+07 1.50381808e+08 5.01978080e+07
 6.80668160e+08 6.48263616e+08 6.93850320e+07 3.44209520e+07
 7.94125440e+08 3.36805664e+08 2.44307120e+08 3.85296960e+07
 4.52145184e+08 9.27377856e+08 1.80893024e+08 1.24993760e+08
 1.00397224e+08 2.94480192e+08 1.65745344e+08 4.91146440e+07
 4.82621056e+08 6.00078144e+08 1.24113040e+08 2.63446875e+06
 3.96452544e+08 3.37239480e+07 1.06801184e+08 2.64330160e+07
 2.58818704e+08 2.01638224e+08 2.37613008e+08 1.64824368e+08
 2.78144120e+07 6.00995040e+07 4.24206208e+08 1.62601459e+09
 3.82966560e+07 8.17669248e+08 1.04913250e+07 4.38148720e+07
 3.98033434e+09 2.62061120e+07 5.72878840e+07 7.27771440e+07
 1.10028312e+08 9.07671600e+06 3.93529575e+06 2.05082448e+08
 2.42082304e+08 1.90897300e+07 7.60928400e+07 3.84394400e+07
 7.48324640e+07 1.21930010e+09 5.34763280e+07 1.07864488e+08
 4.10569520e+07 2.40620646e+09 3.64692480e+07 8.24574400e+06
 2.99071480e+07 1.44086720e+08 1.40823840e+08 1.50763210e+07
 1.35837264e+08 1.37006131e+09 8.32188864e+08 3.09788800e+08
 4.59309640e+07 7.25026816e+08 5.63951000e+07 1.83263898e+09
 5.24669920e+07 2.10070425e+06 1.93347728e+08 9.04760640e+08
 1.50096320e+08 7.62621200e+06 2.83580352e+08 6.57555800e+07
 7.50672256e+08 1.19054224e+08 9.07324080e+07 1.99589811e+09
 1.16819856e+08 4.69222120e+07 3.26812220e+07 2.77122560e+08
 3.68036128e+08 1.44745168e+08 5.29445080e+07 3.51656160e+07
 1.93345421e+09 1.09866136e+08 2.97414900e+07 1.66966304e+08
 3.10716880e+07 1.97612200e+07 4.98257550e+06 7.36416480e+07
 1.38773540e+07 3.67321280e+08 1.27038040e+08 5.36095800e+07
 4.50293800e+07 1.13672464e+08 2.30764128e+08 2.95266020e+07
 1.38649165e+09 1.01533952e+09 4.61572960e+07 2.02665792e+08
 9.98678016e+08 8.28255360e+07 1.89440336e+08 2.11257760e+07
 9.26174800e+07 1.70806960e+07 2.46813820e+07 3.63024224e+08
 6.16189600e+07 2.50131904e+08 1.16563136e+08 5.42205850e+09
 3.60142400e+08 3.24437024e+08 1.08193395e+09 1.85537940e+07
 1.00583462e+09 1.07260806e+09 1.32151504e+08 2.30498688e+08
 7.62497350e+06 7.45551440e+07 6.21870848e+08 8.12344256e+08
 1.37908826e+09 6.95753920e+07 5.38380288e+08 5.27712900e+06
 1.01509200e+08 5.91148608e+08 8.48058624e+09 1.47934608e+08
 1.41387990e+07 1.48836560e+08 2.65867034e+09 1.26112648e+08
 2.18897540e+07 1.84739584e+08 1.43157168e+08 3.75784680e+07
 1.81480672e+05 1.42868352e+08 2.51247456e+08 4.24807000e+07
 7.12618752e+08 3.78272950e+06 3.30193160e+07 7.40759488e+08
 2.16678100e+07 7.07064400e+07 1.82514960e+08 3.69005440e+08
 1.08571704e+08 7.07320240e+07 7.11656640e+07 5.15801376e+08
 3.65737344e+09 2.74094360e+07 2.29059488e+08 1.30750800e+08
 8.55252900e+06 1.50277136e+08 3.71970240e+08 5.81727600e+07
 4.35356280e+07 4.05493760e+07 8.51263360e+07 1.31888528e+08
 6.85309650e+06 4.43877696e+08 2.76044979e+09 1.96388300e+07
 1.77424432e+08 3.44752896e+08 1.41166912e+08 7.16153040e+07
 1.67661150e+07 7.92392448e+08 6.16727424e+08 2.89548896e+08
 7.13663552e+08 1.19301170e+07 1.02628902e+09 1.31121203e+09
 1.35190067e+09 2.41776360e+07 7.81707200e+08 3.55606432e+08
 5.87226560e+08 2.37442336e+08 7.21877568e+08 1.11094240e+08
 2.08136560e+07 1.34074008e+08 3.75065440e+07 1.44718451e+09
 1.75345728e+09 6.21432360e+07 4.91027680e+07 5.54452650e+06
 2.70207600e+07 1.53312048e+08 1.83768800e+08 1.16125632e+09
 6.26141184e+08 1.65753680e+07 4.30488672e+08 1.08773616e+08
 1.58107072e+09 2.03129888e+08 4.13720360e+07 9.24209024e+08
 3.00898140e+07 4.60166600e+07 1.30054424e+08 2.20787024e+08
 7.83190320e+07 1.95281872e+08 3.41924440e+07 4.07190525e+06
 5.72205120e+08 9.28476000e+06 1.32855688e+08 1.76603360e+07
 4.41098400e+07 3.60342368e+08 2.21512176e+08 6.44786240e+08
 2.44685952e+08 1.55449680e+08 7.99185120e+07 8.58375800e+06
 7.08928320e+07 9.73065625e+04 2.32176976e+08 3.43611040e+08
 3.41945440e+07 4.99551616e+08 6.86983520e+07 3.33650592e+08
 5.17865920e+07 3.08821709e+09 1.27125048e+08 1.56828912e+08
 4.22153600e+09 6.85811200e+08 8.83291392e+08 5.51105920e+08
 3.80019680e+07 2.90582020e+07 3.26401025e+06 3.10731680e+07
 9.56427328e+08 1.53062752e+08 9.71900928e+08 2.27708900e+07
 3.45183974e+09 1.51617392e+08 2.46025140e+07 4.77587240e+07
 1.36104050e+07 2.60554060e+07 1.04965216e+08 3.23484608e+08
 9.53616720e+07 3.63871168e+08 1.90895800e+07 6.84136080e+07
 1.90105312e+08 1.26481690e+07 1.03686867e+09 3.39225600e+08
 8.52952986e+09 3.07662950e+06 2.41401216e+08 1.87095648e+08
 8.06138880e+07 1.44152800e+08 2.16034656e+08 1.85302662e+06
 1.42810864e+08 8.70652240e+07 8.14655680e+07 9.81348352e+08
 8.58648880e+07 7.25149450e+06 5.88074750e+06 1.57449830e+07
 5.76627050e+06 1.55869808e+08 2.08886160e+08 1.78794547e+09
 1.60393070e+07 3.10909248e+08 9.18946500e+06 4.11400160e+08
 4.49504832e+08 6.05253080e+07 8.40680896e+08 4.29813216e+08
 2.89937820e+07 9.45256240e+07 1.71236048e+08 4.65827400e+06
 2.79840928e+08 4.10149520e+07 4.33462464e+08 1.23742025e+06
 1.21607944e+08 6.22011200e+08 5.22407100e+06 2.25441894e+09
 2.13401320e+07 6.00172400e+07 2.47733360e+07 4.03995712e+08
 1.13060740e+07 3.13335180e+07 6.02789248e+08 3.72637960e+07
 9.93473280e+07 7.09529280e+07 1.19631064e+08 3.02135360e+08
 6.42901760e+08 1.28686256e+08 2.04406800e+07 1.52029696e+08
 1.73278640e+08 3.69645856e+08 5.15442680e+07 2.23217872e+08
 6.44615800e+07 1.09294144e+08 5.17892550e+06 5.71416064e+09
 5.81473216e+08 2.00221800e+07 1.39807950e+06 4.87564800e+09
 6.21213320e+07 3.34418320e+07 9.65783296e+08 6.80340950e+06
 2.73430880e+07 1.57564064e+08 3.46515168e+08 5.64190784e+08
 1.26237824e+09 3.94457975e+06 2.08489408e+08 3.72460480e+07
 3.20426464e+08 1.21775040e+09 1.88820880e+07 4.68829960e+07
 4.05737880e+07 2.76306048e+08 4.16884320e+07 2.99718304e+08
 8.46957568e+09 2.88837312e+08 8.18203776e+08 1.00354896e+08
 8.65893840e+07 3.16174950e+06 1.43030500e+07 3.38811008e+09
 4.52153080e+07 7.86259280e+07 1.18815144e+08 1.44227024e+08
 1.23536768e+09 2.11630752e+08 3.91857216e+08 1.36772762e+09
 8.27268480e+07 2.64562944e+08 1.14355034e+09 1.20365504e+09
 9.82782880e+07 1.07087688e+08 8.13623900e+06 2.36427560e+07]
