[1.79971600e+06 4.56925760e+08 6.68161856e+08 1.07794650e+09
 3.32351411e+09 8.59861888e+08 3.42642752e+08 1.07396352e+09
 5.06397184e+09 6.61593984e+08 2.05986330e+09 2.10263552e+09
 3.61990835e+09 1.40765600e+08 3.38445024e+08 6.11237504e+08
 2.61371674e+09 3.00892640e+08 1.73386406e+09 8.84132454e+09
 1.30449498e+09 4.12519712e+08 1.36260304e+08 2.93312691e+09
 9.02808281e+04 1.24284815e+10 3.16091924e+10 1.22818931e+09
 1.11570262e+06 3.86475456e+08 2.64852813e+09 1.55483648e+09
 1.62293350e+09 6.41972608e+08 6.86850250e+05 6.17236928e+08
 3.53239136e+08 2.40413136e+08 8.41623680e+08 1.55351072e+08
 8.17248307e+09 3.32603853e+09 1.98517250e+06 2.10567296e+09
 2.07798605e+09 6.37250112e+08 5.14565000e+05 5.01204570e+04
 9.23609792e+08 1.82571612e+06 1.50674832e+08 6.74417088e+08
 6.25335400e+03 1.12547328e+10 2.59971696e+08 2.02975520e+08
 6.64599680e+08 6.37374310e+09 2.28322714e+09 3.36763360e+08
 4.08330061e+09 1.47406050e+06 5.30454688e+08 3.95599000e+07
 1.60167808e+08 2.12750784e+09 5.77961133e+04 2.46318496e+08
 1.21185000e+05 3.80262275e+06 3.83093164e+04 3.16437910e+04
 1.83667136e+08 4.52032992e+08 7.23549632e+08 1.88523953e+05
 9.99872000e+08 1.40364442e+09 2.35395136e+08 2.07528796e+10
 3.50330496e+08 1.19147226e+09 1.08739424e+08 1.03811203e+05
 8.77825088e+08 8.53757891e+04 3.34599296e+08 1.89696938e+05
 2.35633953e+05 2.33593498e+09 1.98521907e+09 1.02610913e+10
 1.94036496e+08 2.11069914e+09 2.41451704e+10 1.16569156e+05
 3.61347872e+08 1.77092326e+09 2.75585894e+09 1.60711184e+08
 9.80225792e+08 1.00610470e+09 5.60098752e+08 1.94151920e+08
 5.55314560e+08 8.21689216e+08 5.76622080e+08 6.45055232e+08
 8.45930391e+04 9.68511120e+07 3.40485536e+08 2.23882138e+09
 2.15620672e+08 2.18788594e+05 1.65480986e+09 5.36331232e+08
 5.84327422e+04 2.72205619e+09 3.67012656e+04 2.39610320e+08
 1.91196582e+09 2.55240243e+09 4.12833792e+09 7.61601331e+09
 9.23428416e+08 2.79897266e+04 1.04928613e+04 5.57269952e+08
 5.49616064e+08 8.90262080e+08 2.39089008e+08 2.13137968e+08
 3.64608032e+08 3.12025088e+08 7.76912256e+08 2.20690320e+08
 2.26325146e+09 4.75092416e+08 8.82942400e+08 1.57682531e+05
 1.29785933e+09 2.35129958e+09 2.20505318e+09 1.69724928e+09
 2.71542528e+09 1.40539728e+08 2.34479424e+08 1.83990541e+09
 2.58737357e+09 2.48196429e+09 1.50464812e+05 1.27519744e+09
 7.63289024e+08 3.51666016e+08 2.62968368e+08 1.20357786e+09
 3.20849184e+08 5.82387405e+09 3.79863104e+08 3.61606050e+06
 3.72620518e+09 1.75007391e+05 1.52577824e+08 2.64085008e+08
 1.43198374e+09 5.85007808e+08 4.18937024e+08 8.21221056e+08
 5.94369536e+08 1.72466650e+09 8.77320898e+03 7.20594176e+08
 8.15604672e+08 1.78696094e+05 7.32896768e+08 3.97247936e+08
 9.12726400e+08 2.38629568e+08 4.52740096e+08 8.70391200e+06
 4.04216806e+09 9.10551367e+03 6.95604920e+10 1.29820378e+09
 4.93440096e+08 2.40414496e+08 3.70776531e+05 8.41428736e+08
 7.43725696e+08 4.12737056e+08 8.19819328e+08 3.03748224e+08
 1.69993760e+08 4.82053856e+08 3.36439175e+06 1.32516664e+08
 6.09837312e+09 4.15467072e+08 2.84777344e+08 1.13621504e+09
 7.93935232e+08 1.33141837e+09 3.34704512e+09 7.57700146e+03
 8.09852062e+05 1.85239777e+10 3.13208064e+08 7.14443264e+08
 4.12337280e+08 2.76653440e+08 6.93990528e+08 7.19780928e+08
 6.25961024e+08 1.87109158e+09 1.09517120e+09 2.84647936e+08
 6.23508000e+05 1.73908359e+05 2.84885965e+09 1.09840617e+05
 2.90373792e+08 2.61906680e+04 2.22941904e+08 4.16520038e+09
 6.05486016e+08 5.61875968e+08 1.33816922e+09 8.20085703e+04
 7.39838912e+08 5.16831232e+09 6.99881750e+05 2.65745840e+08
 8.22776512e+08 7.40449792e+08 5.32764000e+08 1.43353754e+09
 7.14181248e+08 1.08909304e+08 2.73585024e+08 1.95644062e+05
 5.40848742e+09 1.63690864e+08 3.91443405e+09 1.50743744e+09
 4.12812128e+08 1.10764941e+09 5.78712704e+08 6.16584960e+08
 4.79276640e+08 2.12101919e+10 2.04750544e+08 2.84455168e+09
 3.58377792e+08 4.91531360e+08 4.98815200e+08 6.50486016e+08
 1.33982963e+09 2.12456560e+08 4.95118208e+08 2.97432032e+08
 1.79375206e+10 3.30403906e+05 4.12894387e+09 3.65439616e+08
 2.97380957e+04 4.33665312e+08 4.79708032e+08 1.07732979e+09
 2.03973363e+09 1.80711667e+09 1.94999648e+08 6.07386470e+09
 1.55487664e+08 3.52959520e+08 2.61674650e+09 3.71249728e+08
 9.35167795e+09 4.63172813e+09 4.00876288e+08 1.84038052e+10
 7.65926720e+08 2.15934234e+09 2.65022736e+08 5.94184704e+08
 1.55418768e+08 8.13042438e+05 6.08948288e+08 2.63539942e+09
 2.21417872e+08 2.27907277e+09 2.55206420e+10 2.84253536e+08
 1.45278131e+09 3.80842688e+08 5.29406400e+08 2.76029408e+08
 5.60398848e+08 1.99299085e+09 1.97376102e+09 1.09430392e+08
 5.68406848e+08 1.50535361e+04 1.72299584e+09 4.77054310e+09
 2.54146458e+09 3.76482447e+10 2.44276928e+08 1.70101094e+05
 6.13492224e+08 1.66783641e+05 7.66769440e+07 9.07564062e+05
 4.73371853e+09 2.25065552e+08 1.58016816e+08 8.68478938e+05
 9.64295000e+04 5.61453824e+09 1.49090010e+04 4.23672883e+09
 3.80362688e+08 1.11147366e+09 9.36487296e+08 2.28876365e+09
 5.82679194e+09 3.21825152e+08 1.01510902e+10 2.96613280e+08
 3.02189670e+09 1.99584320e+09 2.72130528e+08 1.73675584e+08
 2.37098160e+08 4.49871531e+05 6.39603264e+08 2.58211405e+09
 2.75399904e+08 4.45927040e+08 4.39752755e+09 1.09659523e+05
 4.53115584e+08 8.25005568e+08 7.08078144e+08 2.34828902e+09
 4.50264800e+08 2.60657440e+08 8.81380234e+04 1.70985050e+09
 5.18364928e+09 2.87763320e+04 2.55055462e+09 1.30517627e+10
 1.35689141e+05 8.89454912e+08 4.04171520e+08 5.96485938e+05
 4.40550861e+09 1.19214579e+09 1.09173030e+09 1.67447327e+03
 1.32072781e+09 2.76296625e+06 3.95775462e+09 3.52353952e+08
 6.68925625e+05 2.17122058e+10 3.19791680e+04 3.22414176e+08
 1.41311703e+10 7.23935680e+08 2.73050675e+09 1.09394534e+09
 3.22872361e+10 1.29916836e+05 2.77849125e+05 4.25787290e+09
 2.19968344e+05 2.26951398e+09 2.56709856e+08 1.80164176e+08
 4.42282496e+09 1.52892608e+09 1.27239117e+10 4.91471040e+08
 3.57031968e+08 9.22873984e+08 3.61059232e+08 1.15024678e+09
 2.18120474e+09 4.97145536e+08 5.20660275e+09 2.41591168e+08
 4.62076192e+08 9.25506880e+08 8.20620864e+08 1.59255514e+09
 2.06445566e+04 4.33166541e+09 7.45302144e+08 6.28497306e+09
 2.26426288e+08 8.52655616e+08 2.95715072e+08 2.30401680e+08
 1.94500109e+09 7.73575938e+04 2.34707828e+05 7.61302528e+08
 5.97439324e+10 8.93622528e+08 2.48467088e+08 3.12104115e+09
 2.37960269e+09 3.16906688e+08 5.81498522e+09 6.42915664e+04
 2.96881536e+08 1.53690470e+09 5.62891968e+08 3.94913125e+05
 1.32774541e+09 9.48527552e+08 3.01663072e+08 1.47424410e+09
 8.79422976e+08 7.82848704e+08 1.06849472e+09 1.17453219e+05
 2.74930893e+09 1.53157978e+09 3.63379264e+08 1.04783334e+09
 7.12024512e+08 9.75495987e+09 1.49416544e+08 4.87478304e+08
 1.35641136e+08 7.31726016e+08 6.55070528e+08 8.00088000e+08
 2.46714304e+08 4.17951328e+08 1.33483699e+09 2.12775450e+09
 3.09080672e+08 2.47193392e+08 2.48225520e+08 1.93759488e+06
 1.26291738e+04 1.24808755e+09 2.54656624e+08 4.17581629e+10
 3.85588359e+04 1.84625997e+09 1.56543488e+06 2.96931136e+08
 1.66762448e+08 1.13679053e+09 5.19691059e+09 2.06785040e+08
 8.46420672e+08 7.12534531e+04 4.97569472e+08 8.50577441e+03
 8.91863812e+05 2.90807531e+05 1.01178519e+06 1.70451728e+08
 1.81403264e+08 1.39932109e+10 2.34222547e+05 1.02644122e+09
 4.27062976e+08 5.98572250e+05 1.06254219e+04 3.06399514e+09
 2.80994944e+08 3.75982560e+08 3.07628887e+04 2.67482285e+04
 4.03925568e+08 7.53012352e+08 4.28387104e+08 7.59652096e+08
 6.18127616e+08 9.47115776e+08 3.32854848e+08 5.33643188e+05
 2.97660281e+05 2.55268484e+05 5.96911680e+08 8.34361280e+08
 1.01207232e+08 5.88617536e+08 1.16747494e+09 2.14508896e+08
 4.88323328e+08 6.86009242e+09 4.69858816e+08 6.35549760e+08
 1.80523696e+08 5.13411520e+08 1.93388570e+09 1.72212734e+04
 1.64652976e+08 5.75459264e+08 2.41721888e+08 2.05360115e+09
 3.75885024e+08 3.10045280e+08 3.99267136e+08 7.85050432e+08
 3.24578720e+08 4.36617728e+08 7.80708096e+08 3.76869197e+09
 2.67075302e+09 2.57093712e+08 3.72109312e+09 5.04390720e+08
 3.95090464e+08 1.94883625e+10 3.17781469e+05 1.03757043e+09
 4.15367936e+09 1.92744688e+08 1.91437500e+04 1.79120755e+09
 5.46512896e+08 2.73796224e+08 2.40776352e+08 8.98534219e+04
 4.63665760e+08 1.00236070e+09 2.03879456e+08 3.77009632e+08
 1.56682266e+09 4.02702734e+04 7.79143438e+04 1.30191245e+09
 1.08481677e+09 2.05284352e+10 1.58880768e+08 2.90624434e+04
 1.63862560e+08 4.46882688e+08 1.55205389e+09 1.06595800e+08
 3.30707533e+09 1.41747641e+05 6.51057536e+08 1.51724976e+08
 5.46387200e+08 6.45414554e+09 2.30656304e+08 2.52417485e+09
 5.82617088e+08 2.73014496e+08 2.72022656e+08 1.82212192e+08
 5.04814812e+05 9.54754240e+08 2.25195104e+08 6.81862656e+08
 8.12365332e+03 5.25555840e+08 1.77921392e+08 7.36365158e+09
 5.93172562e+05 1.83483104e+08 5.63048000e+08 5.89223104e+08
 7.88456499e+09 3.39587661e+09 2.22406758e+09 2.29166080e+09
 1.86235632e+08 5.42443264e+08 1.44349662e+06 2.62535936e+08
 8.06127053e+09 1.79466272e+08 5.03930931e+09 1.80470093e+09
 2.05813350e+09 1.09474417e+10 2.22685024e+08 8.09711232e+08
 5.78398464e+08 1.06064205e+09 2.17828454e+09 6.85347328e+08
 1.65388531e+05 5.55234112e+08 4.21772083e+09 1.49365133e+09
 2.13838736e+08 3.67449792e+08 1.88900595e+09 9.15648359e+04
 1.51749540e+10 1.48026266e+09 2.53556064e+08 1.86475504e+08
 2.13439578e+09 4.47916992e+08 7.79714560e+08 3.25976312e+05
 1.08615850e+06 1.01629114e+09 1.82340656e+08 6.17405440e+08
 1.27230400e+09 4.94507000e+05 7.01718592e+08 5.51441536e+08
 5.89580749e+09 2.72833638e+09 3.29010227e+09 8.16042688e+05
 2.16111984e+08 1.08444890e+09 6.67999296e+08 2.03547600e+08
 8.21459136e+08 3.14442266e+09 1.67315174e+09 1.02291088e+08
 6.03608256e+08 1.64784013e+09 1.23065958e+09 1.88862976e+08
 9.09594496e+08 7.72412992e+08 4.10203680e+08 4.37477088e+08
 7.31400832e+08 6.04510000e+04 4.34747500e+05 2.74750182e+09
 8.98663168e+08 2.32520653e+09 7.64473408e+08 2.66474176e+08
 3.77575096e+10 3.10010144e+08 6.68278848e+08 1.68346432e+09
 1.78306309e+04 1.83458656e+08 5.38364355e+03 7.68075072e+08
 9.71577216e+08 6.28986816e+08 4.57151104e+08 1.69065984e+05
 6.48283072e+08 4.54037760e+09 1.26098547e+09 6.63707092e+02
 3.63342208e+08 5.07582464e+09 2.57323776e+09 3.21078400e+08
 4.84367656e+05 5.54158528e+08 4.28711840e+08 3.19714880e+08
 5.99207125e+05 5.08328346e+09 9.71101184e+09 3.73572320e+08
 1.52010384e+08 2.59753523e+09 1.44679053e+09 3.03424800e+06
 2.68504192e+08 7.71145344e+08 9.54764864e+08 3.57585869e+09
 2.95329728e+08 1.98664031e+05 5.86127680e+08 5.30035232e+08
 1.58150874e+09 3.39692672e+08 2.86332480e+08 9.63727872e+09
 5.34385920e+08 8.95856832e+08 4.96424128e+08 1.32116000e+05
 5.26716836e+04 1.38782848e+09 1.26166256e+08 2.21746368e+08
 7.82211584e+09 2.66620768e+08 6.13185024e+08 2.20244672e+05
 3.29908416e+08 6.43676096e+08 1.40311824e+08 1.94739296e+08
 5.17502176e+08 8.97092096e+08 2.44686976e+08 3.85254528e+08
 1.19948211e+09 1.52194576e+08 8.89998188e+05 9.17840256e+08
 4.09494221e+09 2.57034394e+09 1.19899418e+09 6.38252954e+09
 9.64591328e+04 1.57947904e+08 5.59075136e+08 4.44234560e+08
 3.32051914e+04 4.84061344e+08 6.07504000e+08 4.13166080e+09
 1.75664688e+08 3.11943406e+05 1.44239962e+09 6.79076750e+05
 3.69760550e+06 5.83178624e+08 1.47747622e+09 5.50015744e+08
 2.24572749e+09 4.46857523e+09 2.70296781e+09 6.64496832e+08
 1.54898304e+08 3.94415328e+08 2.95661344e+05 1.78947443e+09
 4.09981286e+09 2.42798416e+08 1.25348787e+09 4.79679776e+08
 4.83912896e+08 2.95117952e+09 5.49183406e+10 1.51458355e+09
 2.69596928e+08 2.64941264e+08 4.37770854e+09 3.82684896e+08
 4.66722432e+08 4.61934624e+08 3.65488320e+08 2.01195781e+05
 4.64203008e+08 6.57110592e+08 5.98068500e+06 2.42619883e+04
 1.49022413e+09 1.06321688e+08 4.95343552e+08 4.45027328e+09
 2.32749968e+08 2.21193952e+08 6.52417536e+08 9.03607040e+08
 3.22485216e+08 1.40767462e+09 4.55573248e+09 6.31146000e+05
 3.00530875e+06 1.35265609e+05 2.72874375e+05 5.91987438e+05
 2.38577760e+08 4.94519744e+08 8.20245056e+08 3.66201760e+08
 4.73353728e+08 6.58138752e+08 1.38804109e+09 3.11380320e+08
 2.00510480e+08 5.22857011e+09 5.59475405e+09 1.99948544e+08
 3.47259392e+08 1.95148525e+06 3.91317760e+08 1.53066522e+09
 8.97384688e+04 1.08449178e+09 1.60296156e+05 5.29590720e+08
 1.33288026e+09 2.15750293e+03 9.12293688e+05 2.79685018e+09
 2.71643187e+09 7.74812736e+08 2.09287375e+06 9.84678144e+08
 1.25960051e+09 7.08274304e+08 1.13393162e+06 2.10492688e+08
 2.59327472e+08 1.84046106e+09 5.98363776e+08 9.10313267e+09
 2.98710426e+09 4.09882784e+08 1.02543469e+09 3.39731000e+05
 2.64243856e+08 3.95737344e+08 5.84097946e+09 1.71868388e+06
 1.06575379e+09 3.00358633e+04 4.16455987e+09 3.76046594e+05
 3.26120141e+09 7.13261750e+05 5.22783936e+08 2.85998541e+09
 2.98433856e+08 2.97828656e+05 9.63708608e+08 2.82217267e+09
 1.52914368e+09 3.98953594e+05 4.55243168e+08 1.41336984e+05
 1.50685312e+09 6.22239414e+04 1.57579789e+09 1.58821360e+08
 2.65216375e+05 1.00846182e+09 5.38702016e+08 7.88143350e+06
 6.55255616e+08 3.91614368e+08 6.60772875e+05 1.62752208e+08
 8.93758272e+08 4.87760312e+04 1.00174556e+06 8.76753408e+08
 8.67296064e+08 1.60068134e+09 1.66498842e+09 7.96487475e+09
 3.32188781e+05 9.87584512e+09 8.75299392e+08 3.13841760e+08
 7.29306061e+09 1.16080762e+06 8.24591309e+09 1.43983245e+09
 5.22115552e+08 7.17976448e+08 1.94419840e+08 2.61821984e+08
 2.23564237e+09 4.99001250e+04 2.89763584e+09 6.93453562e+05
 8.42637978e+09 2.33558896e+08 2.85384199e+04 9.84512062e+05
 3.38782560e+08 6.81805376e+08 2.32275968e+08 1.00649101e+09
 2.97130304e+08 6.13669120e+08 6.55487250e+05 2.09292953e+05
 3.53192294e+09 4.14137344e+04 6.52818000e+06 4.77226957e+09
 1.77294397e+10 5.56779136e+08 8.12756160e+08 5.12470784e+08
 1.11849971e+09 4.70005632e+08 3.34190560e+08 3.38642272e+08
 2.99671136e+08 2.59703568e+08 1.18680051e+09 2.72456960e+09
 2.36564378e+09 2.61504912e+08 2.52241008e+08 1.57440020e+04
 1.03221320e+08 3.13432416e+08 6.53145792e+08 5.03156173e+09
 2.86110752e+08 3.99374688e+04 6.35377024e+08 9.11207488e+08
 1.94832602e+09 4.41181312e+08 1.19835008e+09 9.09648064e+08
 1.27625677e+09 2.49333197e+09 1.59797728e+08 1.75955680e+08
 2.83699738e+09 4.66254176e+08 1.56213402e+09 2.61992094e+05
 3.08439872e+08 1.76782989e+09 8.10458047e+04 2.56917586e+10
 6.29164544e+08 1.18958289e+05 5.11060320e+08 1.13271795e+09
 1.70153859e+05 2.06373840e+08 1.15354202e+09 1.01174643e+09
 4.11889248e+08 2.42916992e+08 3.07500032e+08 3.08654344e+05
 9.90731904e+08 2.84588352e+08 1.56197328e+08 6.90177920e+08
 2.41243744e+08 8.13699712e+08 1.22032653e+09 7.06919488e+08
 5.04356064e+08 6.26202752e+08 1.00125440e+09 6.35432000e+07
 1.07874931e+09 3.14433024e+08 3.04338592e+08 1.26925701e+10
 1.63146816e+08 5.60875328e+08 2.57549875e+05 3.33156672e+08
 2.26601024e+08 4.66968256e+08 6.17457536e+08 3.64448435e+09
 3.12581683e+09 1.60367120e+08 5.73549760e+08 9.43768960e+08
 2.20558500e+06 2.39991322e+09 3.39843392e+08 5.32679062e+05
 3.96930112e+08 1.12065500e+06 4.36343938e+05 8.81836736e+08
 3.13578625e+06 3.77846953e+04 1.99372762e+09 2.01211360e+08
 7.59765056e+08 1.87965392e+08 4.07604064e+08 4.72349696e+10
 4.16814368e+08 1.70771315e+09 2.59266976e+08 1.52891315e+09
 2.36596557e+09 1.52792653e+09 8.84490560e+08 6.97918515e+09
 2.36202640e+08 4.37383840e+08 3.98370662e+09 2.05754637e+09
 1.84360144e+08 3.52602400e+08 2.22239136e+08 7.54297024e+08]
