[4.58775078e+04 9.95039355e+03 3.42917944e+03 5.05931016e+04
 2.25753003e+03 1.76012090e+04 2.76309546e+03 2.89002246e+04
 1.18062695e+05 5.12034033e+03 2.73419902e+04 2.74892402e+04
 6.84096250e+04 2.02041797e+04 1.09200762e+04 7.31862793e+03
 9.75396484e+04 2.64168809e+04 6.98521953e+04 1.31426109e+05
 4.46313281e+04 2.11006641e+03 1.52248790e+07 1.98517453e+05
 1.30291528e+03 2.82471938e+05 7.41536188e+05 6.38858789e+04
 5.38069629e+03 8.71194727e+03 4.16560508e+04 8.67194824e+03
 3.95962070e+04 1.89751562e+03 1.20974328e+05 2.14350342e+03
 1.23991152e+04 2.96113594e+04 6.57521094e+03 2.22956372e+03
 6.34791875e+04 2.55081309e+04 3.39429727e+04 1.47465250e+05
 5.19705547e+04 6.53743203e+04 2.78360596e+03 2.18057251e+03
 1.72429492e+04 8.02797969e+04 7.82304639e+03 9.74196582e+03
 3.57722949e+03 1.08376588e+06 4.81411621e+03 9.40281982e+02
 1.49146465e+04 9.25622031e+04 5.54309912e+03 1.09940459e+04
 2.92465688e+05 1.17542461e+04 8.50766016e+03 4.84614502e+03
 1.70987415e+03 3.42342539e+04 7.15316260e+03 3.08811309e+04
 2.79475137e+04 5.33831172e+04 1.34523779e+04 2.08098828e+04
 8.44192871e+03 4.29930664e+04 5.06461963e+03 6.82629932e+03
 5.57595312e+03 2.25265312e+04 2.06750840e+04 1.96045000e+05
 3.27992695e+04 1.36186084e+04 5.09971094e+03 9.84664551e+03
 1.90774219e+04 7.54874219e+03 4.84031445e+03 8.39833398e+03
 3.29513555e+04 1.18158232e+04 1.88976582e+04 4.78866875e+04
 1.29895488e+04 3.90392188e+04 1.93629200e+06 1.31119980e+04
 1.28756260e+04 2.71639219e+04 1.41663047e+05 4.21853418e+03
 5.43528594e+04 2.84016211e+04 1.08168662e+04 6.09375684e+03
 2.49737715e+04 8.48153442e+02 1.20005664e+04 4.98590234e+04
 1.00381465e+04 4.87387402e+03 5.63758838e+03 2.01177598e+04
 3.05968286e+03 1.00863213e+04 4.56080664e+04 1.60067310e+03
 9.49359766e+03 6.96454844e+04 1.67650625e+05 8.00280762e+03
 4.52212891e+04 3.78717266e+04 1.71844785e+04 3.42054844e+05
 2.18249453e+04 1.01809775e+04 6.12331104e+03 9.40474512e+03
 2.09289824e+04 1.24179170e+04 1.34982803e+04 5.71683545e+03
 3.46981995e+02 5.27933740e+03 5.59126807e+03 6.37013184e+03
 1.73004312e+05 3.13759814e+03 4.49979258e+04 1.80337109e+04
 6.67674766e+04 2.42316094e+04 3.74364492e+04 1.08385117e+05
 6.77608594e+04 1.46600439e+04 3.52203418e+03 2.19959734e+05
 2.99561211e+04 2.67191270e+04 4.77166406e+03 1.41511680e+04
 3.86077422e+04 5.57259033e+03 4.62917139e+03 2.12415918e+04
 6.19463477e+03 2.87740219e+05 4.57153955e+03 2.51830276e+02
 7.19477734e+03 4.47959229e+03 3.20606030e+03 1.62688656e+01
 1.47433172e+05 7.91598340e+03 2.04218652e+04 8.99520312e+03
 9.81636230e+03 2.78174512e+04 5.52217676e+03 2.19839121e+04
 1.47789868e+03 3.83759619e+03 1.67693730e+04 4.21224375e+04
 2.44592383e+04 1.04652324e+04 3.23100410e+04 4.46464844e+04
 1.06191195e+05 2.08590576e+03 1.91183462e+06 8.14853438e+04
 1.05553223e+03 7.69855859e+03 7.90023535e+03 1.05291738e+04
 8.44514941e+03 1.13113125e+04 2.51527422e+04 7.56643311e+03
 1.68439277e+04 1.24245439e+04 3.49250344e+05 5.56497803e+03
 5.01320117e+04 5.67263525e+03 7.06505518e+03 3.66655625e+04
 1.21407041e+04 1.00355164e+05 6.89367822e+03 5.58579102e+03
 8.33919250e+05 1.25384250e+06 2.81600342e+03 1.24125264e+04
 6.12995312e+03 2.06161074e+04 7.65133691e+03 1.22598701e+04
 1.77644883e+04 2.17733145e+04 1.69094160e+04 2.18526514e+03
 2.04597266e+04 2.86795825e+03 6.86526484e+04 1.03225957e+04
 5.88928857e+03 2.50306445e+03 2.16663232e+03 6.83820078e+04
 4.55633691e+03 9.06983984e+03 2.44321826e+03 9.11977051e+03
 4.43161475e+03 3.45133594e+04 5.52087354e+03 1.25028691e+04
 1.41620566e+04 1.77113379e+04 9.61695996e+03 5.61290430e+04
 6.52444531e+04 9.08344727e+03 5.52531836e+03 3.22259155e+03
 1.02756748e+04 1.77461243e+03 3.40624146e+03 2.31598691e+04
 6.78226660e+03 2.21136504e+04 1.31858330e+04 2.31147793e+04
 1.52338715e+02 1.51798288e+06 1.56865833e+03 7.17281484e+04
 3.09212744e+03 2.45573008e+04 2.98286504e+04 2.76688359e+04
 6.28317695e+04 6.42395703e+03 9.92808496e+03 1.86903262e+04
 1.75615175e+06 4.66181914e+04 1.95021828e+05 1.72287732e+03
 2.64319946e+03 1.97655977e+04 3.23778076e+03 5.72350312e+04
 4.89814023e+04 2.34350469e+04 3.68660620e+03 4.36860430e+04
 5.98983496e+03 9.88204785e+03 4.27102422e+04 1.07701904e+04
 5.41706562e+05 9.88408750e+04 2.52163379e+04 1.53676950e+06
 6.08670752e+03 5.15862773e+04 2.52701636e+03 1.06454951e+04
 7.59345459e+03 8.29790625e+03 2.85881992e+04 2.99543711e+04
 6.34871582e+03 9.50727478e+02 2.67037156e+05 3.10415469e+04
 1.74996426e+04 4.43558447e+03 2.21943628e+03 3.99298096e+03
 4.01372852e+04 2.06750406e+05 4.84448789e+04 1.02039609e+04
 1.00090234e+04 3.14279102e+03 4.67188750e+04 1.16690801e+04
 5.41036963e+03 7.21414875e+05 7.15447168e+03 5.73144775e+03
 1.35374375e+04 1.79731311e+03 1.23584058e+03 1.02908337e+03
 3.17231211e+04 1.43239951e+04 2.65516138e+03 2.66380215e+04
 2.36422656e+04 1.45695469e+05 4.97502227e+04 3.13408887e+04
 5.86940869e+03 9.52797461e+03 1.24694946e+03 6.78899707e+03
 7.22479766e+04 1.07302939e+04 1.08172023e+05 9.38225977e+03
 1.25635352e+05 1.88436266e+05 1.47109729e+03 1.60810876e+03
 5.73147949e+03 2.69913242e+04 1.23849004e+04 5.35669805e+04
 2.84142822e+03 1.15249004e+01 2.18960688e+05 1.75111465e+04
 3.24693730e+04 2.76114453e+04 3.12728955e+03 4.81266133e+04
 4.76251514e+03 1.73164600e+03 2.86772925e+03 2.84199297e+04
 2.96233094e+05 2.09151152e+04 7.80303203e+04 1.79298375e+05
 2.18545176e+04 3.75204651e+02 7.39930762e+03 1.33470264e+04
 3.20573281e+05 1.91230977e+04 1.20727041e+04 3.05647266e+04
 2.86114648e+04 4.22709258e+04 8.24039453e+04 2.46496641e+04
 1.86661062e+05 4.59927344e+05 1.15341787e+04 1.51519629e+03
 3.77021219e+05 5.91340039e+04 2.14957266e+04 4.79127539e+04
 1.41706400e+06 3.28256372e+03 3.16825513e+03 5.64419297e+04
 1.93793766e+05 3.22007891e+04 1.84823418e+04 1.78531641e+04
 2.53123242e+03 3.20564043e+04 5.43792062e+05 1.24526631e+04
 1.84250410e+04 1.34677920e+04 7.59774561e+03 3.49748438e+04
 9.80249512e+03 1.16523883e+05 5.25504258e+04 1.66807988e+04
 5.05057666e+03 2.18982832e+04 5.29496094e+03 1.70701406e+04
 3.37545273e+04 4.23476602e+04 8.36268281e+04 2.07986328e+05
 3.74640039e+03 1.93988496e+04 5.47030957e+03 3.23039526e+03
 1.11406201e+04 7.97130000e+04 2.49770762e+04 6.63814766e+04
 3.24853094e+05 1.60356738e+04 1.28301270e+04 2.41928359e+04
 3.06031500e+05 1.66709277e+04 2.14218922e+05 2.78867207e+04
 1.16109932e+04 4.94943066e+03 1.91823340e+03 6.09232812e+03
 5.86068008e+04 2.63512930e+04 1.49750918e+04 1.36886844e+05
 1.69733809e+04 6.35507275e+03 2.11521660e+04 8.55693945e+03
 6.37552979e+03 2.20407207e+04 1.59873796e+00 9.05052344e+04
 6.62507969e+04 1.00902320e+05 2.24631445e+04 4.66773730e+03
 2.89545044e+03 5.37157617e+03 3.61582383e+04 1.30970000e+04
 1.95683047e+04 5.89657324e+03 2.49324824e+04 1.50278244e+02
 1.37271396e+04 1.81037817e+03 4.87011523e+03 5.00851719e+04
 2.66871406e+04 2.54746465e+04 5.83882178e+03 1.52793788e+06
 5.63076172e+03 2.64691000e+05 5.20922734e+04 1.95807734e+04
 1.86502271e+03 1.13068906e+05 1.41018896e+04 1.38491377e+04
 8.95816589e+02 8.61281836e+03 6.90130908e+03 4.16152246e+03
 3.42791188e+05 5.94616553e+03 2.54831055e+02 4.66945703e+03
 9.95447949e+03 7.39132250e+05 3.21487383e+04 8.98364219e+04
 1.89397598e+04 3.75464336e+04 3.40551367e+03 2.32839750e+05
 3.89511230e+03 4.66870850e+03 1.08195566e+04 4.51999414e+03
 7.62152295e+03 3.51125430e+04 2.97082227e+03 1.40492490e+04
 9.65807922e+02 2.25359180e+04 3.93670093e+03 2.74483633e+04
 1.83310168e+03 2.38941528e+03 5.24320000e+04 5.29740078e+04
 1.29248022e+03 2.50311094e+04 7.82803125e+03 1.32626807e+04
 6.65854248e+03 5.86968875e+05 2.22696328e+04 4.09148071e+03
 2.36221948e+03 6.62322969e+04 2.49628574e+04 1.73334727e+04
 4.32821631e+03 2.09592926e+02 7.75160034e+02 3.17029473e+04
 3.30916914e+04 1.88863906e+04 1.82747363e+04 5.15323828e+04
 2.44480078e+03 8.08659326e+03 3.22209668e+04 1.16752914e+05
 5.19675964e+02 6.56918701e+03 1.57552484e+05 2.83682754e+04
 4.14446094e+04 5.42491375e+05 1.55754150e+04 5.76466260e+03
 7.44496797e+04 3.32282666e+03 3.87071899e+03 2.21089629e+04
 2.09649941e+04 3.52733667e+03 1.82712500e+03 3.93035229e+03
 2.79322070e+04 1.90897188e+04 2.77452734e+03 1.05015693e+04
 5.74138008e+04 2.40780225e+03 6.18376807e+03 9.46178828e+04
 6.67018516e+04 1.44116150e+06 3.57698560e+03 7.70554639e+03
 1.49311934e+04 7.99699219e+03 1.54917471e+04 1.36982947e+03
 5.93197656e+04 1.84417129e+04 8.30309766e+03 4.06731567e+03
 1.73484941e+04 1.17630844e+05 3.18343579e+03 5.25654805e+04
 2.52077402e+04 2.15870039e+04 1.42843848e+03 7.35713135e+03
 6.13018828e+04 2.66728750e+04 3.34457788e+03 1.06852373e+04
 2.11945874e+03 3.51862852e+04 1.61059717e+03 9.90362422e+04
 1.32397871e+04 2.30439011e+02 1.46567695e+04 1.45962812e+04
 7.50028062e+05 4.58354297e+04 4.53206016e+04 6.41442930e+04
 3.61696641e+04 7.72656250e+04 2.79437344e+04 1.60120410e+03
 6.48175500e+05 2.90830249e+03 3.76430250e+05 1.17250459e+04
 6.67993984e+04 1.42259893e+04 4.64733350e+03 7.30264062e+04
 1.61465186e+04 1.12255771e+04 5.75326611e+03 5.29976172e+04
 9.20545508e+03 1.12521230e+04 1.58603391e+05 1.11655830e+04
 4.54643115e+03 1.66646973e+03 2.68877075e+03 4.46990283e+03
 2.83688688e+05 1.42069953e+05 3.10253687e+03 2.74739209e+03
 4.61341641e+04 1.01647646e+04 6.11967529e+03 8.89068457e+03
 1.83155396e+03 2.47993691e+04 2.41399023e+03 2.14676973e+04
 1.33076328e+05 8.95683828e+04 5.40450830e+03 2.27933262e+04
 4.91230312e+05 5.62741445e+04 3.98313080e+02 2.82252578e+04
 2.38414961e+04 2.17803574e+04 1.47448132e+03 5.95383545e+03
 2.68216211e+04 3.10736738e+04 1.13500781e+04 1.81870325e+03
 5.65704492e+04 1.69058379e+04 1.73933853e+02 3.49861060e+03
 1.09465836e+05 2.38781992e+04 9.78899765e+01 2.57748086e+04
 1.00183408e+04 5.38779932e+03 9.91821777e+03 1.29549492e+05
 7.87645938e+04 7.13347031e+04 4.50284961e+03 6.30597949e+03
 6.89276875e+05 2.74375635e+03 1.51724873e+04 1.28874561e+04
 8.11318896e+03 5.12588721e+03 5.93746582e+03 1.22790547e+04
 3.46674414e+03 7.29907178e+03 1.28910752e+04 8.39724414e+03
 1.34949463e+04 2.52830484e+05 7.46437646e+03 4.85833203e+03
 9.22637207e+03 1.16744180e+05 1.61077832e+04 8.47285254e+03
 1.35771270e+04 8.10684326e+03 2.53123711e+04 2.17464371e+02
 2.92541914e+04 1.10657055e+05 8.51351000e+05 1.76777625e+03
 1.11450264e+04 3.58297695e+04 9.83333125e+04 1.64871387e+04
 4.97241992e+03 1.74806758e+04 1.10376242e+05 3.59664492e+04
 1.72588125e+04 1.86428359e+04 1.19365527e+04 2.07310996e+04
 1.69014490e+03 1.95666191e+04 1.41160762e+04 5.23624658e+03
 4.03991852e+02 6.21804492e+04 8.60692090e+03 4.62438203e+04
 6.49891797e+04 1.10758428e+04 2.87699658e+03 1.04858174e+04
 4.75591875e+04 2.14314111e+03 3.95591626e+03 6.70667822e+03
 5.60120557e+03 9.13476440e+02 5.32986230e+03 5.44897949e+03
 2.09097344e+04 2.22589043e+04 2.03963745e+03 1.07284404e+04
 1.38260869e+04 4.74088379e+03 2.51357812e+03 8.81328223e+03
 1.63903125e+03 2.56915410e+04 3.16101758e+04 5.13784062e+04
 1.61739172e+05 4.33086230e+03 7.75619434e+03 3.11686890e+03
 4.50297913e+02 2.73252051e+03 2.50191992e+04 8.27598438e+04
 2.01842139e+03 4.87118604e+03 1.25704717e+04 6.59993812e+05
 8.74038203e+04 5.02278076e+03 8.52176953e+04 5.04980664e+03
 1.21406855e+04 2.80323531e+05 2.05329355e+04 1.00129404e+04
 1.05152344e+03 7.62615039e+03 7.21888516e+04 7.66247578e+04
 8.51322734e+04 9.96380664e+03 6.51336953e+04 1.74944375e+04
 1.48403955e+03 1.02866977e+05 5.74353000e+05 8.53292090e+03
 5.84131104e+03 6.85919873e+03 1.75176406e+05 9.00755664e+03
 1.34362314e+04 2.09416055e+04 5.30382129e+03 3.92869824e+03
 9.67068555e+03 2.35156660e+04 2.94709156e+05 4.96528320e+03
 3.25967207e+04 9.43287305e+03 4.82633838e+03 1.54319312e+05
 4.15126025e+03 1.97515576e+03 1.22600771e+04 8.81715430e+03
 3.26584355e+04 7.49799922e+04 2.26436750e+05 2.50637090e+04
 2.47896000e+05 8.57706738e+03 1.15329766e+04 4.88073975e+03
 3.43428931e+03 9.87448145e+03 1.45786343e+01 9.09287988e+03
 4.23195605e+03 2.83456855e+04 2.42092402e+04 1.01806787e+04
 1.13744336e+04 7.30244297e+04 2.08127500e+04 2.52887598e+03
 1.65858379e+04 3.54200250e+05 1.01661680e+04 2.17172070e+04
 2.79131372e+03 1.59810439e+04 1.39489551e+04 5.21466162e+03
 1.68131469e+05 4.38577930e+03 1.30137719e+05 1.11570078e+05
 5.43225684e+03 2.50877856e+03 1.25304385e+04 1.25594775e+03
 4.61863477e+03 1.21508633e+04 1.60669250e+05 1.12264775e+04
 6.97559326e+03 1.36650719e+05 1.06442861e+04 5.74679562e+05
 3.92910431e+02 1.95246367e+04 1.66181992e+04 1.22838008e+04
 1.74633630e+03 3.36561641e+04 1.34939078e+05 7.73100781e+04
 1.76189004e+04 1.36200186e+04 1.17364023e+05 5.34627319e+02
 4.77779375e+04 2.84798625e+05 5.83385742e+03 1.27667119e+04
 1.67968672e+04 3.66633423e+03 4.36898486e+03 3.50705742e+04
 7.32242859e+02 1.60575615e+04 1.03008701e+04 1.15557744e+04
 2.22223141e+05 1.17463916e+03 9.15072188e+04 3.96242749e+03
 3.45778979e+03 9.73965625e+03 1.14315967e+04 3.09855250e+05
 9.90270801e+03 1.40638906e+04 5.84897021e+03 1.97026543e+04
 4.06107383e+04 9.67127344e+03 1.33515125e+03 1.15952217e+04
 1.07782246e+04 2.95417114e+03 3.03944121e+04 2.00617438e+05
 5.47895234e+04 1.74146219e+05 3.51576289e+04 5.72397461e+03
 2.33154766e+05 1.65375371e+04 1.47202562e+05 1.56774873e+04
 4.53872539e+04 1.58111836e+04 2.44444995e+03 8.59023828e+03
 3.27519648e+04 1.75022736e+02 3.23738457e+04 3.59503003e+03
 3.99865938e+05 3.98143530e+03 1.92720078e+04 2.32544297e+04
 3.87791382e+03 7.89221680e+03 4.86023877e+03 1.40433818e+04
 8.75283105e+03 1.23805557e+04 1.89852891e+04 6.78046641e+04
 3.43800742e+04 4.05232788e+03 7.56693047e+04 8.76728516e+04
 9.69816875e+05 4.62865469e+04 1.29543994e+04 2.48058164e+04
 2.67854517e+03 3.30476147e+03 6.12523193e+03 1.95899355e+04
 8.70349219e+03 5.11158789e+03 1.36761758e+04 4.95648828e+04
 1.61230375e+05 2.08304004e+03 3.13496406e+04 3.24346914e+04
 5.15139111e+03 3.82017065e+03 6.17733828e+04 9.99828594e+04
 3.61661279e+03 1.37893945e+04 8.65406250e+03 1.69510996e+04
 3.58070391e+04 4.27044141e+03 2.48277319e+03 3.99735078e+04
 2.98860156e+03 2.17299863e+04 3.63474731e+03 8.87761133e+03
 3.67185000e+04 5.88824707e+03 1.14636750e+05 3.12402129e+04
 3.04642041e+03 1.01010672e+05 7.52613916e+03 2.58562250e+05
 1.95745068e+03 8.50932324e+03 6.38142656e+04 4.14302656e+04
 1.23173376e+03 8.46762891e+03 2.70833203e+04 1.31240537e+04
 2.21154297e+04 1.15212568e+04 2.09746208e+01 3.94360586e+04
 4.64023789e+04 1.39283887e+04 2.23574194e+03 4.74797412e+03
 1.07059883e+04 9.46306445e+03 5.41371602e+04 1.31179189e+04
 9.80246797e+04 5.79499170e+03 1.30640371e+04 9.39805000e+06
 6.80106875e+04 1.07632490e+04 7.00976367e+03 1.25221641e+05
 5.14976660e+03 5.49004883e+03 3.94162617e+04 3.52390942e+03
 2.45180273e+03 2.67194977e+02 7.58251562e+03 6.23245039e+04
 1.35961828e+05 5.84626123e+03 2.44601270e+04 2.70540059e+04
 1.45430156e+05 1.30031945e+05 1.35815371e+04 2.10999805e+04
 9.95472363e+03 1.41747529e+04 1.50518721e+04 8.82570215e+03
 1.06300738e+06 8.88411816e+03 3.93671328e+04 4.02446704e+03
 4.64420898e+04 3.16927002e+03 6.06715674e+03 5.26933800e+06
 3.50733795e+01 1.20187275e+04 2.49734985e+03 1.50345488e+04
 4.03349961e+04 8.53958398e+03 6.22419297e+04 8.49373047e+04
 1.08647842e+04 1.12638662e+04 1.38241703e+05 1.54445078e+05
 2.42829321e+03 5.67273047e+03 5.75535254e+03 1.42121729e+04]
