[2.11785391e+04 2.36649033e+02 6.45845215e+03 9.51424255e+01
 2.68151245e+02 1.78211349e+02 3.41983459e+02 6.93317627e+02
 2.24070874e+03 3.02125156e+05 5.27803772e+02 5.20711708e+00
 2.52452661e+03 2.53480586e+04 2.94016785e+02 2.68672333e+02
 1.17833386e+03 3.34612305e+02 1.50398468e+02 9.70135132e+02
 5.98957397e+02 1.74864365e+02 1.88115406e+05 2.82395776e+03
 9.26345547e+04 9.51631641e+03 2.30070293e+04 8.98773132e+02
 6.86705322e+02 2.40819977e+02 2.87771704e+03 8.42610168e+02
 6.06045593e+02 3.50461969e+05 1.13766736e+03 3.68561890e+02
 2.82993530e+02 3.32164337e+02 5.72659500e+05 2.05545957e+04
 6.16040466e+02 8.97238098e+02 2.58922760e+02 4.36723602e+02
 6.55730938e+05 8.71404114e+02 5.93391479e+02 1.17366653e+02
 1.11665312e+05 2.03430591e+03 1.52228284e+03 1.28833133e+05
 6.42966992e+04 1.85273574e+04 1.99968903e+02 2.02743562e+05
 2.38694000e+02 6.20413965e+03 1.31801405e+01 2.29456836e+03
 8.04278870e+02 3.99757233e+02 1.53350620e+01 1.62003234e+05
 3.17293633e+04 2.56515312e+04 1.82123276e+02 9.77918164e+03
 9.11749420e+01 1.95888000e+03 5.91145935e+01 1.61871201e+02
 3.52057930e+04 2.43604797e+02 1.78796211e+04 1.45045911e+03
 7.31479721e+01 5.23254822e+02 1.26998281e+05 1.60531422e+05
 1.21754951e+02 5.50071472e+02 1.55725375e+05 4.27279755e+02
 7.44673538e+01 8.52968984e+04 2.83842000e+05 6.66353809e+03
 4.29897656e+04 8.70448340e+03 1.99632477e+02 1.04877356e+03
 9.65201953e+04 2.07190845e+03 4.59000391e+03 4.99893150e+01
 8.67657043e+02 8.16324036e+02 1.56490862e+06 7.57054541e+03
 3.98484222e+02 2.65902771e+02 3.60112719e+05 4.60873596e+02
 8.35262222e+01 3.47521698e+02 5.76974609e+03 8.72606888e+01
 6.27187625e+05 5.70622266e+04 4.27560425e+01 4.45033936e+02
 9.74649922e+04 3.71889191e+01 6.17040771e+02 8.06128027e+03
 1.84691719e+04 1.53344125e+06 2.40696838e+02 3.64014160e+02
 1.90656235e+02 5.62285767e+02 1.30134680e+03 3.39596973e+03
 5.95342875e+05 1.91812073e+03 7.27224609e+04 7.04123383e+01
 2.39767637e+04 2.46983078e+02 2.60413971e+01 1.33614766e+05
 4.91639709e+02 1.36606391e+05 7.78819504e+01 1.75684328e+05
 1.43211945e+02 4.46776367e+02 5.78891938e+05 2.75683346e+01
 2.22997192e+02 3.85583679e+02 7.29112244e+02 1.12148491e+02
 2.22483154e+03 2.66542578e+04 1.10685445e+05 3.83217334e+03
 7.06376892e+02 1.23601475e+06 1.97413156e+05 1.46364761e+02
 3.47709656e+02 9.12569427e+01 3.77667383e+04 9.85992737e+02
 6.22827188e+04 2.89620874e+03 4.10815088e+03 1.73405380e+02
 2.69653857e+03 5.59708496e+03 9.26467383e+03 2.78682343e+02
 1.38085928e+04 3.22532196e+01 6.63191406e+02 1.38839737e+02
 2.57126190e+02 4.23880096e+02 1.71776484e+04 3.10669281e+02
 3.39209137e+02 4.16235586e+04 4.67882312e+05 2.89999924e+01
 7.53635234e+04 1.00893281e+05 1.24394094e+05 4.12962695e+03
 1.01522217e+03 1.22715148e+05 6.13477539e+03 3.51584358e+01
 3.89254417e+01 1.90540833e+02 2.14425484e+05 7.34428406e+02
 5.17559631e+02 1.87531540e+02 1.06552994e+02 1.84252656e+05
 1.19829201e+02 3.32923775e+01 3.89371411e+03 8.53816875e+04
 5.59006738e+03 1.85738430e+01 1.75823219e+05 2.24720032e+02
 1.91659859e+05 2.37197046e+03 9.37238037e+02 1.82969696e+02
 1.43746265e+03 1.54218652e+04 7.70155312e+04 9.58807220e+01
 2.98543031e+05 1.47954609e+05 2.22886536e+02 1.55736038e+02
 3.44839125e+05 1.74748022e+03 1.05153290e+02 5.27161084e+03
 3.12850375e+05 1.48865996e+04 4.39536926e+02 2.68566938e+05
 7.97069092e+01 2.08274948e+02 1.64467697e+02 6.55663281e+03
 4.14971130e+02 3.21676270e+02 9.23878662e+02 3.52292695e+04
 4.60393158e+02 2.16945752e+03 4.37622188e+05 1.71532990e+02
 1.94198945e+04 2.54246353e+02 2.95581177e+02 8.35179367e+01
 1.68001118e+01 1.11895430e+05 1.44378738e+02 5.24519727e+04
 1.31103040e+03 1.22641582e+04 5.00760742e+02 9.88222580e+01
 1.41083531e+05 2.57955994e+02 8.62393799e+02 3.45412461e+04
 9.71638428e+02 3.21801001e+03 3.82092656e+04 3.87893127e+02
 2.60336191e+04 3.24764375e+05 2.64957123e+02 2.81537048e+02
 7.98541748e+02 2.65783320e+04 1.81807648e+02 1.71406860e+02
 1.05418298e+03 2.92639862e+02 1.41425201e+02 9.25951406e+04
 9.00812422e+04 2.09020248e+02 1.76079484e+05 5.05758759e+02
 8.74570007e+01 1.56623076e+04 6.11707910e+03 8.67912750e+05
 2.22366680e+04 3.30942375e+05 1.05161353e+03 2.49142812e+05
 1.66603748e+03 8.22524353e+02 3.04731914e+04 1.90410723e+04
 2.95492035e+02 6.70056030e+02 2.11405533e+02 2.32429047e+02
 1.55801602e+04 1.24984790e+03 9.79328079e+01 3.62802010e+01
 3.85758228e+03 1.77010962e+03 7.06692871e+02 2.78035400e+02
 1.57916153e+02 1.64309438e+05 5.62034521e+03 5.65537338e+01
 1.56290619e+02 3.69099487e+02 4.95952415e+00 1.63160947e+04
 3.30903290e+02 7.63626641e+04 1.61780215e+04 2.79676099e+03
 4.01647400e+02 3.21349902e+04 2.61103988e-01 1.02001660e+03
 3.15309906e+05 5.88677100e+03 8.03648984e+04 1.03203479e+03
 5.38727800e+06 4.85915680e+01 5.22335999e+02 3.19718323e+02
 7.49540062e+05 6.11558289e+02 8.04306641e+02 6.48900024e+02
 6.74253369e+03 7.28190186e+03 1.44270935e+02 2.24179459e+01
 5.66285034e+02 7.03889236e+01 3.89675464e+03 1.14509648e+04
 6.51113403e+02 8.11098389e+02 4.58627100e+03 4.33286562e+04
 1.63389725e+02 7.64731064e+01 5.15799927e+02 1.69859700e+06
 4.69787750e+01 3.53914520e+02 2.64472850e+06 2.29456969e+05
 3.51235693e+03 3.42263641e+02 4.09820374e+02 6.08154358e+02
 2.25158457e+04 4.35114727e+04 8.65167891e+04 2.83696045e+02
 4.29876600e+06 4.74244219e+04 1.45659216e+03 2.76698145e+03
 3.69529602e+02 3.17630676e+02 1.63003082e+02 3.83635178e+01
 3.04484075e+06 9.90816113e+03 8.91606140e+01 1.52525444e+01
 3.00570435e+02 1.90054886e+02 7.46384705e+02 8.84959106e+01
 3.42739319e+02 7.15527490e+03 9.33825938e+04 8.50100293e+03
 1.31473125e+04 8.93289795e+01 2.54073804e+03 6.12510193e+02
 1.40253838e+04 1.93805408e+03 1.22454384e+02 3.25054975e+06
 3.39885895e+02 5.14191093e+01 2.84130478e+01 3.97256622e+02
 1.66170750e+06 5.51506885e+03 4.65721191e+03 3.39325928e+02
 4.84922180e+02 9.90279968e+02 1.03148727e+02 8.15088120e+01
 9.20246973e+03 1.49455933e+02 8.40900818e+02 1.43942031e+04
 2.66930215e+04 1.15046072e+01 1.62963369e+04 6.52080444e+02
 3.77255781e+05 1.61845715e+03 1.83945999e+02 5.69104750e+06
 5.89219219e+04 2.40535522e+02 4.31237422e+04 6.48248125e+04
 1.17123912e+06 9.50900818e+02 9.30228500e+01 1.00283211e+02
 8.05540283e+02 3.06425720e+02 2.22433121e+02 1.53358428e+04
 1.61972912e+06 1.15649082e+04 3.50530249e+03 1.16069775e+03
 6.98203278e+01 3.10655609e+02 8.75076771e+00 6.90563049e+02
 3.42887909e+02 2.70352173e+02 3.20332825e+02 9.52399521e+01
 9.32578049e+01 4.64698364e+02 2.67264038e+02 1.08393633e+04
 7.49244385e+02 1.24081904e+04 1.37637157e+01 8.82246500e+05
 1.52380081e+02 5.03752136e+02 3.77072815e+02 5.65111914e+03
 3.87987427e+02 9.74980259e+00 2.86924114e+01 1.17202393e+03
 2.53157333e+02 6.90814133e+01 2.01056549e+02 2.15235489e+02
 1.33845337e+02 8.65877051e+03 2.21204514e+02 6.70729828e+01
 2.74448334e+02 2.76856766e+01 1.10378539e+05 1.01715908e+04
 1.63086514e+04 5.63929710e+01 2.28638013e+03 3.03730164e+02
 8.59453594e+04 1.06968536e+02 1.96244522e+02 5.48778281e+04
 3.55125389e+01 3.77705200e+02 6.07033838e+03 1.89139238e+04
 1.71193176e+03 2.17474658e+03 1.66756348e+02 9.85925781e+03
 2.15583418e+04 8.77266211e+03 1.95962540e+02 2.31791595e+02
 5.59729250e+05 2.96051884e+00 2.18277695e+04 2.76964264e+02
 1.30364195e+05 3.83990688e+05 2.15386844e+05 3.37417419e+02
 2.55577377e+02 3.85018646e+02 1.48835587e+02 1.28562914e+05
 3.99025543e+02 1.72113342e+02 1.81938354e+02 9.23792773e+03
 4.25897064e+02 2.76992688e+05 5.36569901e+01 1.34928711e+02
 2.22800586e+04 1.03145943e+02 2.52464863e+04 1.59053726e+02
 3.99079023e+04 5.25053369e+03 4.17843438e+05 7.21473083e+02
 1.30218195e+05 1.27937148e+04 8.56521625e+05 1.58270020e+02
 5.22456797e+04 2.92906036e+02 8.57972070e+03 1.75591443e+03
 1.62107437e+02 4.52172485e+02 1.20941141e+05 7.02291412e+01
 1.03481742e+05 1.17377352e+05 3.13318024e+02 2.27226953e+03
 1.69295063e+01 2.27212953e+05 1.56672205e+03 1.09337025e+01
 1.81454834e+02 8.80030518e+01 3.36044922e+02 1.31129425e+02
 8.15434562e+05 8.22763203e+04 7.58237762e+01 1.15091174e+03
 1.21406418e+02 1.45309141e+04 7.91374453e+04 1.09004883e+05
 1.28898389e+04 6.41999875e+05 3.74513867e+03 1.79475516e+05
 8.63500366e+02 1.69933862e+03 5.45392570e+01 5.08915222e+02
 1.15119838e+06 1.22634473e+04 6.06491992e+04 7.06148987e+01
 1.00395141e+05 1.56031953e+04 5.53598250e+05 9.08821641e+04
 4.00750293e+03 1.14113190e+02 4.72345398e+02 1.12265556e+02
 8.44228809e+03 4.52399805e+03 3.26044941e+04 1.79441418e+03
 7.74286041e+01 3.24001617e+02 1.28737375e+05 3.24559021e+01
 4.49631989e+02 7.64263000e+01 4.15406586e+02 3.08873627e+02
 4.03345985e+01 4.41373031e+05 7.38221172e+04 4.94251904e+03
 3.74373230e+02 6.71071562e+04 4.88623047e+02 8.51219406e+01
 4.15706055e+03 8.89503540e+02 1.46967975e+06 1.76923853e+03
 7.68377457e+01 3.87390556e+01 7.45747864e+02 1.18179266e+05
 9.71167500e+04 6.72033594e+04 4.62591846e+03 1.33397583e+02
 2.81981018e+02 1.96932568e+03 1.11411039e+05 4.98727074e+01
 2.97853180e+02 1.57422302e+02 4.59388275e+02 6.22608154e+02
 8.01960938e+02 1.59258469e+02 9.96009500e+05 1.64660690e+02
 1.02191543e+04 1.53743622e+02 6.88894958e+01 1.89842953e+05
 8.57389258e+03 4.55018829e+02 1.40272562e+05 4.63906719e+04
 1.65573624e+02 1.31888781e+05 2.67368744e+02 2.31342173e+00
 5.70173218e+02 1.09560188e+06 1.60386438e+05 1.21684570e+02
 5.57680115e+02 1.84280167e+02 2.89051361e+02 3.89663010e+01
 8.76850098e+02 2.99360669e+03 4.42348938e+02 1.52016443e+03
 1.60372391e+05 9.50101812e+05 5.45385508e+04 4.33612148e+04
 1.10365295e+03 1.96422745e+02 3.68285251e+00 1.26882625e+05
 6.24923500e+05 5.97694688e+05 1.98859375e+02 1.86575641e+05
 6.36069794e+01 4.28734314e+02 2.24799561e+02 1.63538281e+05
 1.74838150e+02 1.97279883e+03 1.04181116e+03 3.33838348e+02
 6.49647000e+05 1.01325537e+04 2.08166763e+02 3.93168884e+02
 5.19206375e+05 3.66331512e+02 5.61256714e+02 2.75570020e+03
 1.30406383e+05 1.34295578e+02 8.80569922e+04 1.55532043e+02
 7.77611312e+05 2.44834961e+04 1.95252899e+02 3.24480713e+02
 1.41444984e+05 1.68114978e+03 3.90025146e+02 1.21661875e+05
 4.43651156e+05 4.17438025e+06 1.33264172e+03 1.11314008e+05
 6.72025967e+00 2.48208527e+02 9.57609141e+04 6.17501106e+01
 4.62699768e+02 3.78015442e+02 6.33128845e+02 5.78251877e+01
 1.22963281e+05 3.08365784e+02 1.24708405e+02 3.61201752e+02
 2.79897217e+02 2.51541962e+02 2.94904877e+02 2.09419876e+02
 3.02075653e+02 1.26053064e+03 5.51140686e+02 3.20458221e+02
 5.43921570e+02 4.20267188e+03 7.94297546e+02 3.61359741e+03
 1.43462387e+02 8.28708557e+02 2.26844528e+02 2.40344742e+02
 7.66263275e+01 3.19943573e+02 5.00282305e+04 1.42695188e+05
 3.19167550e+06 9.68268984e+04 2.74646576e+02 2.22721233e+01
 2.91366768e+01 3.34211731e+02 1.14167461e+05 8.64105391e+04
 1.08139717e+04 5.17713000e+05 1.05942764e+04 6.86028672e+04
 6.56269836e+01 1.78143982e+02 2.29898574e+04 9.11234760e+00
 3.15193091e+03 2.47433050e+06 8.78917770e+01 6.21342041e+02
 1.98578796e+03 8.42261875e+04 3.24427155e+02 2.73314688e+04
 1.71628477e+04 2.86367375e+05 5.14553938e+05 2.22923022e+03
 9.55461250e+04 4.61608948e+02 2.88311279e+02 1.22008467e+04
 4.56134529e+01 5.94179871e+02 5.71486084e+02 1.40514404e+02
 9.14891418e+02 2.18917871e+03 5.50761780e+02 5.07630157e+00
 1.40434062e+05 1.72136836e+04 8.67339812e+05 4.86475830e+02
 3.07368134e+02 1.36837938e+05 2.00568176e+02 2.65357361e+02
 4.92991211e+03 3.91559265e+02 1.05876294e+03 4.65227386e+02
 1.42526901e+02 1.12619742e+05 3.35279980e+03 2.66167053e+02
 4.68580719e+05 3.51582245e+02 2.72839355e+02 1.78367062e+05
 7.63195312e+03 1.02918114e+02 5.73707336e+02 2.76486602e+04
 1.55657394e+02 3.90801250e+04 1.30130859e+05 4.81632843e+02
 3.86936680e+04 7.42243457e+03 6.93493591e+02 7.70478516e+02
 2.24064087e+02 9.18508179e+02 1.88289413e+02 8.81073062e+05
 6.96757900e+06 6.15096985e+02 3.56466370e+01 2.17452266e+04
 9.63192812e+04 2.39746170e+02 1.57711426e+02 4.23326263e+02
 4.89377783e+03 5.12077188e+05 1.44577103e+02 1.12746201e+04
 6.01854897e+01 4.31150940e+02 2.13860645e+03 2.64081128e+03
 2.39020569e+02 8.97314355e+03 4.44852734e+04 5.16088989e+02
 9.46311111e+01 3.74472733e+01 3.76099670e+02 2.12963699e+02
 5.85221562e+05 3.06240807e+01 2.54227002e+03 6.23480896e+02
 1.21959460e+03 2.60858063e+02 2.62069360e+03 3.48960175e+02
 4.95865479e+02 1.56360703e+02 1.42895410e+03 1.16362430e+05
 1.15925359e+05 1.37549976e+03 5.72179565e+01 1.34858566e+02
 4.58739941e+03 1.60927143e+01 1.73789948e+02 2.34846859e+05
 6.34520508e+03 9.22765427e+01 5.94016296e+02 2.02639697e+03
 2.89642625e+05 2.58548086e+04 6.84554688e+02 1.99060312e+04
 6.17275940e+02 1.53667419e+03 2.32489044e+02 6.52528320e+02
 2.26266983e+02 4.86580124e+01 6.43997009e+02 1.30960132e+03
 2.45180626e+01 9.32417847e+02 7.98364502e+03 3.68593125e+04
 3.17853149e+02 1.27810875e+02 3.07769604e+01 1.19798641e+05
 1.18627991e+03 1.40631546e+02 3.18534781e+05 1.14859375e+03
 3.92075469e+04 4.50937402e+03 2.00374237e+02 1.04796260e+04
 3.76899094e+05 1.08884484e+05 1.28289233e+03 6.56339035e+01
 1.38563293e+02 8.46490125e+05 5.43699036e+02 2.18418921e+03
 8.59781876e+01 7.69608521e+02 2.60699005e+01 1.61565016e+05
 5.71551855e+03 8.97057877e+01 1.10080615e+03 5.16111267e+02
 1.37713156e+01 5.32514526e+02 4.18472617e+04 5.42430000e+04
 1.48572412e+06 1.03814552e+02 2.23226950e+06 1.65100891e+05
 3.16292480e+03 1.46672219e+05 7.45660703e+04 5.99337219e+02
 5.81960156e+03 5.60732651e+00 1.45802032e+02 1.85958008e+02
 1.26200720e+03 5.66406136e+01 8.21280469e+04 4.14791756e+01
 1.55711945e+02 1.66473320e+04 5.56930127e+03 2.72630347e+03
 1.43888418e+04 1.83105698e+02 6.89952875e+05 5.22790031e+01
 2.57530451e+00 1.26700432e+02 5.35097534e+02 2.83021667e+02
 3.37842529e+03 1.25620586e+05 1.25596800e+06 2.03889175e+02
 8.14829651e+02 1.57534109e+05 2.94161934e+04 5.08764687e+01
 4.14561953e+04 1.51277641e+05 7.62531204e+01 1.93744421e+03
 7.61869219e+04 1.28563425e+06 1.71893594e+05 4.06186188e+02
 3.58382339e+01 3.65336876e+01 3.72218781e+02 2.68887115e+02
 6.78929688e+05 5.04648323e+01 6.99736572e+03 6.67541406e+04
 4.34502960e+02 5.82579529e+02 3.95936371e+02 7.63340988e+01
 1.30520984e+05 1.16022549e+04 5.81352637e+03 7.11208496e+03
 7.44340363e+01 1.14117703e+05 8.24452250e+05 7.15685000e+05
 1.60831650e+02 9.88465078e+04 1.56339380e+03 7.38576279e+01
 2.32734024e+02 1.59709668e+03 5.05200195e+03 9.40582466e+00
 5.01295746e+02 4.70847961e+02 1.04257454e+02 1.87400314e+02
 9.17009735e+01 4.67102264e+02 7.21018372e+02 1.63109421e+02
 8.20752062e+05 1.92086151e+02 8.73078491e+02 1.16635352e+03
 1.96756020e+01 1.89610489e+02 7.68035126e+01 2.93472632e+03
 1.11169852e+05 1.09790422e+05 1.59102097e+02 6.63258516e+04
 2.43998262e+04 2.80246964e+01 7.65453491e+01 3.30156150e+06
 1.61721008e+03 7.18463438e+04 1.76692554e+03 8.12090234e+04
 2.28648560e+02 4.93642151e+02 7.21142822e+03 5.26108562e+05
 1.19294342e+02 6.71328125e+05 4.76789734e+02 3.03946045e+02
 1.83399609e+03 3.07322815e+02 2.72793854e+02 1.23225703e+05
 1.67499832e+02 6.82729062e+04 7.95927539e+03 6.29598682e+03
 1.57581635e+02 3.05473419e+02 1.40576781e+05 2.67811218e+02
 3.20490942e+03 3.68973572e+02 9.98942627e+02 2.14487825e+06
 1.19828422e+05 6.04748840e+02 2.08176988e+06 1.25232275e+03
 4.48872852e+04 1.53014562e+05 2.78555908e+02 3.65588165e+02]
