[1.01269023e+04 7.45325134e+02 1.63362988e+03 1.30669540e+02
 4.06789624e+03 6.57323380e+01 1.44475684e+03 2.87911797e+01
 1.15929846e+03 3.05111133e+03 9.73500781e+03 3.10076050e+03
 1.06393311e+04 3.92731209e+01 1.26791724e+03 7.79987122e+02
 5.22501904e+03 3.16191113e+03 3.23062164e+02 3.21461865e+03
 1.15122888e+03 1.89213161e+01 1.82873500e+05 3.74598486e+03
 1.29599350e+02 3.20614941e+03 2.19768469e+05 1.36385510e+03
 1.32573743e+03 1.02331744e+03 5.18819580e+02 1.96058997e+03
 1.09705957e+03 3.83722076e+01 1.54177334e+04 1.96210754e+03
 1.03179834e+03 1.06477234e+03 2.31377869e+02 4.97003510e+02
 9.01192627e+01 1.30803943e+03 6.23042285e+03 3.80333954e+02
 5.99376648e+02 1.57042053e+03 2.83000031e+02 2.31771179e+02
 4.33609406e+02 5.27066602e+03 2.58398804e+03 2.88045312e+03
 7.16494827e+01 1.61913652e+04 4.53946564e+02 1.48322766e+03
 1.96928574e+02 3.67267163e+03 5.06520215e+03 6.08434944e+01
 1.96571797e+04 2.77283862e+03 1.17876355e+03 4.81078873e+01
 3.03933926e+01 4.65770166e+03 3.68710571e+03 2.12539959e+00
 2.26572845e+02 8.23617773e+03 8.31610229e+02 1.12209631e+03
 2.12644867e+02 1.39043823e+02 7.76159134e+01 2.26762939e+02
 5.68588989e+02 2.08987256e+03 2.47683411e+01 4.41183545e+03
 1.30951981e+02 2.02009182e+01 1.53903149e+03 1.03809973e+03
 2.39074219e+02 6.10096970e+01 3.79451965e+02 3.47567230e+02
 5.02131104e+02 6.80301807e+03 2.44386200e+02 1.78937988e+04
 6.89723892e+01 4.54316978e+01 1.40764443e+04 2.35762012e+03
 2.85005273e+03 1.20117493e+03 5.34688916e+03 4.85554291e+02
 9.49013477e+03 5.70154932e+03 7.85809509e+02 1.05099438e+03
 2.04338226e+02 2.19649072e+03 1.49537537e+03 2.54549393e+02
 7.37813232e+02 4.94405457e+02 3.19108521e+03 5.07187695e+03
 1.39448563e+02 8.58949585e+02 1.50204089e+03 1.15379700e+03
 3.52179230e+02 1.04555996e+04 2.83184998e+02 1.25765511e+02
 3.23803467e+03 2.05066025e+02 2.46793594e+04 3.29076875e+04
 1.03255486e+02 8.63915405e+01 2.25510197e+01 1.87849451e+03
 2.74846582e+03 1.39740906e+03 1.29631750e+03 1.53032471e+02
 4.15899872e+02 5.71910522e+02 8.68439407e+01 1.60746570e+03
 3.52503320e+03 3.22350922e+01 2.56075757e+03 8.25039185e+02
 4.96298737e+02 1.13037756e+03 3.01443848e+03 1.05531116e+03
 1.32676184e+03 3.53917145e+02 6.75145035e+01 9.74390015e+02
 1.22908779e+04 7.45127930e+03 7.57790070e+01 5.50324829e+02
 3.64831329e+02 2.69549414e+03 7.80062134e+02 3.62991553e+03
 1.38165436e+02 8.37657520e+03 3.18190670e+01 2.73676211e+04
 1.06421104e+04 5.09288940e+01 8.45450012e+02 3.52539520e+01
 1.20331338e+04 1.39131738e+03 2.23196191e+03 2.73093481e+03
 4.19733545e+03 7.64704248e+03 5.81463890e+01 1.65087585e+03
 4.48113574e+03 2.09638016e+02 8.50302048e+01 2.78573389e+03
 2.17475488e+03 1.15558723e+02 4.02666602e+03 6.34711992e+04
 4.26446533e+03 8.63832397e+02 1.54481562e+05 1.17042740e+02
 1.79974991e+02 1.58446863e+03 1.08603990e+00 2.68377563e+03
 1.87805469e+03 7.12941513e+01 4.19951111e+02 1.30661530e+02
 1.52488867e+03 7.76803125e+03 3.76460039e+04 3.22278290e+01
 1.08553398e+04 9.85590439e+01 5.46886963e+02 1.66707207e+04
 4.24163300e+02 9.99315234e+03 4.89149609e+03 4.23526428e+02
 7.82927246e+02 6.78283828e+04 1.32055420e+02 6.88417542e+02
 8.04916687e+02 4.40143951e+02 2.23878345e+03 1.14669141e+03
 2.12757599e+02 2.69951465e+03 6.47500000e+02 8.14807617e+02
 3.31764282e+02 3.15081207e+02 3.67230957e+02 1.84095871e+02
 2.01808047e+00 2.99603247e+03 6.17630249e+02 4.89362969e+04
 1.44430896e+03 9.48044043e+03 2.16747461e+03 1.11835327e+01
 1.10523033e+02 2.28797422e+04 1.61266187e+03 1.22623940e+02
 2.42871826e+03 8.66313110e+02 4.07076477e+02 4.35230042e+02
 7.27297485e+02 2.88422794e+01 7.51679321e+02 8.50707321e+01
 2.79940098e+04 2.42147400e+02 2.62698926e+04 7.59539856e+02
 1.87742630e+02 1.28411340e+03 1.24585181e+03 4.11605664e+03
 1.49976822e+02 6.43715430e+03 2.07828918e+02 3.23919409e+03
 5.43000061e+02 9.78279953e+01 5.69787476e+02 2.03011963e+03
 4.64795361e+03 6.86126785e+01 5.50639648e+03 2.76216202e+01
 7.99000547e+04 5.27410449e+03 1.53928662e+04 5.43705177e+01
 1.29878281e+02 6.03074036e+01 5.55152397e+01 6.79802295e+03
 3.10813843e+03 9.25707129e+03 2.11445328e+02 2.07876836e+04
 8.88535843e+01 8.49874954e+01 1.47546572e+04 1.86899231e+03
 5.76219961e+04 6.14423291e+03 7.30926514e+03 2.45305493e+03
 1.28864304e+02 2.40742334e+03 5.39703560e+01 3.57768677e+03
 7.00127441e+02 3.54373877e+03 8.40713257e+02 1.00848301e+04
 2.02055939e+02 1.22086462e+03 1.72291191e+04 1.31041031e+02
 1.06494263e+02 1.43842395e+03 5.07820435e+02 8.11395386e+02
 4.72637329e+01 1.33902756e+02 5.35362354e+03 9.42886475e+02
 1.39001265e+01 3.46488708e+02 5.62382278e+01 4.72035781e+04
 5.49440576e+03 2.82500273e+04 7.73986694e+02 2.09544297e+04
 6.02589844e+02 4.24755974e+01 1.24856396e+03 7.67658768e+01
 1.34925957e+04 3.76807785e+01 4.27934341e+01 1.99884619e+03
 3.85310181e+02 9.15787500e+03 1.94866257e+02 1.09116211e+03
 1.16791455e+03 5.41852783e+03 4.81777100e+03 4.17852881e+03
 5.27862939e+03 1.19232068e+03 3.98246562e+04 1.72368933e+03
 5.90093506e+02 2.07546230e+04 7.26176208e+02 1.06376953e+02
 9.47249634e+02 1.21528979e+03 2.12483215e+01 1.39775620e+02
 1.30577606e+02 4.37621307e+01 2.68068008e+04 6.46826111e+02
 4.60969116e+02 8.21266895e+03 2.28818823e+03 9.82962891e+03
 2.82885254e+02 1.74647995e+02 5.26360535e+02 5.29123047e+02
 6.80950244e+03 1.74095825e+02 1.08858633e+04 2.05721660e+04
 4.29530670e+02 3.09188379e+03 2.49676697e+02 2.36844629e+03
 2.68857153e+03 3.92196191e+03 6.89330225e+03 1.34806504e+04
 7.74002625e+02 5.32490918e+03 3.49591797e+03 5.74500671e+02
 5.26636182e+03 4.57666836e+04 1.14694629e+03 2.12916245e+02
 1.59014031e+05 7.05251660e+03 1.00405859e+03 1.67071465e+04
 2.08056689e+03 2.25629089e+02 2.59486108e+03 2.52991553e+03
 2.01157012e+04 3.07096069e+03 1.20168732e+02 5.70066040e+02
 6.65766357e+02 3.10947876e+03 2.82152402e+04 2.73483978e+02
 4.77615448e+02 2.08022046e+03 4.72845764e+02 2.12287061e+03
 4.34112305e+03 1.09605127e+03 5.36778809e+02 5.26949219e+02
 2.52205410e+01 2.97664526e+03 9.71234680e+02 1.30480996e+04
 1.26664453e+03 1.32494902e+04 4.06330170e+02 2.48005444e+03
 2.66179409e+01 9.14080872e+02 4.08620667e+02 2.24603973e+02
 2.92705786e+03 3.08980176e+03 6.12345581e+01 2.61197796e+01
 2.44569961e+04 6.56366196e+01 1.37037585e+03 1.00319373e+03
 2.44854584e+01 1.92322296e+02 4.10187402e+03 2.27724463e+03
 5.21857117e+02 3.75287994e+02 5.45660010e+03 2.49842725e+03
 2.07756519e+03 7.91329651e+02 1.12091553e+03 1.70096667e+03
 4.39663086e+02 6.14814148e+02 6.60092712e+02 3.83171921e+01
 1.60353008e+04 2.18933640e+01 2.72143250e+02 1.74369373e+03
 1.74071838e+03 4.41612070e+04 3.22104759e+01 1.18233423e+03
 3.02816010e+01 6.62870178e+02 9.10932434e+02 6.26106262e+02
 1.32738062e+03 1.67078796e+02 1.26363367e+03 7.94352197e+03
 1.63252307e+03 5.06106110e+01 1.96178271e+03 2.49279565e+03
 3.41468567e+02 9.99077026e+02 3.13592133e+02 1.17377334e+04
 3.08804321e+02 1.03996387e+03 3.92606885e+03 6.20517731e+01
 8.23358948e+02 2.57340668e+02 4.22433014e+01 3.03779419e+03
 1.34388077e+02 4.33562653e+02 1.93168396e+03 2.27569870e+02
 1.26985657e+03 6.56393066e+02 1.13197363e+03 2.33351536e+01
 1.42750732e+02 8.70277422e+04 1.01960950e+03 3.34545403e+01
 9.62958191e+02 1.24155960e+02 1.47827698e+02 4.81879730e+02
 1.38725691e+01 9.50769653e+02 2.72312897e+02 2.74672266e+03
 1.53424520e+01 2.79045679e+03 1.51655310e+03 4.77830391e+01
 9.37400360e+01 9.25072949e+03 2.05411279e+03 6.91778174e+03
 8.98656494e+02 1.64699265e+02 8.38873779e+02 8.75728302e+01
 2.70246338e+02 9.95278687e+02 3.46789111e+03 1.57451599e+02
 1.49594559e+02 2.79319611e+02 4.74546387e+02 8.00744751e+02
 4.35100342e+02 1.39634598e+02 3.84500928e+03 8.10757568e+02
 8.56548843e+01 2.40035010e+03 1.27691963e+02 2.51477734e+03
 1.49254736e+03 8.90031311e+02 3.24460602e+02 3.19586792e+03
 9.52920532e+01 4.75808691e+03 1.28909167e+03 1.88041309e+03
 1.57616272e+03 6.55385742e+02 1.91607266e+04 5.12268799e+02
 3.59234863e+02 2.28762207e+04 3.63326508e+02 2.57096631e+03
 3.37959922e+04 1.32511047e+02 1.33673523e+02 1.17001748e+04
 5.95266235e+02 1.34671436e+03 6.03723816e+02 3.45270752e+02
 2.96053195e+00 1.70764856e+03 1.67557281e+02 3.64189209e+02
 2.06172073e+02 1.60647998e+03 1.48613052e+02 2.93803009e+02
 1.04015322e+04 7.59552578e+04 4.64581787e+02 3.94042328e+02
 2.10816841e+01 1.83435229e+03 9.39213184e+03 2.37133545e+02
 6.62613525e+03 6.91437073e+02 4.35495459e+03 8.23802368e+02
 1.33350049e+03 2.58381328e+04 5.12474518e+01 4.18731348e+03
 2.41915039e+02 1.22975146e+03 1.64658928e+01 2.60398682e+03
 4.89348145e+03 3.63440857e+02 1.03511284e+02 9.58333130e+02
 1.61539276e+02 2.94497131e+02 7.05604309e+02 2.06612866e+03
 2.53454028e+03 1.48774158e+03 1.32557053e+02 1.00457788e+03
 4.81977295e+02 2.34042188e+04 1.74260071e+03 7.98848682e+03
 2.11608691e+03 1.60566992e+03 2.47410400e+02 5.76701904e+02
 5.86876221e+02 2.10185181e+03 2.05961602e+04 4.23508740e+03
 8.28673047e+03 3.25273770e+04 7.00642700e+02 5.16078308e+02
 6.62563538e+02 8.14396875e+03 2.01159160e+04 4.11599609e+03
 2.68840039e+03 3.23325134e+02 4.79489838e+02 2.15010205e+03
 8.23376083e+01 1.76441696e+02 2.80734922e+04 7.06281967e+01
 4.84995361e+03 1.37487695e+03 5.03409233e+01 4.75824890e+01
 2.17591621e+04 7.80245239e+02 7.32615173e+02 4.74057190e+02
 2.67455615e+03 4.80678369e+03 1.17328806e+01 1.23215666e+01
 2.83712793e+03 5.44020898e+03 1.39827026e+03 3.85591333e+03
 2.67576934e+04 1.78004248e+03 5.17643066e+03 3.79927515e+03
 6.43089523e+01 3.52057349e+03 3.11992920e+03 2.62521942e+02
 9.38566132e+01 2.50651978e+03 3.74039429e+02 2.93320618e+01
 2.96394092e+03 2.46396069e+03 4.82755127e+03 3.37786926e+02
 4.15967346e+02 1.06112617e+02 5.22451965e+02 8.13012268e+02
 1.33645660e+02 5.23538940e+02 6.62325134e+02 1.22604202e+02
 4.57372070e+03 5.62970166e+03 5.19634438e+00 1.15138831e+03
 2.01546816e+04 1.48266809e+03 1.01937396e+03 2.08401428e+02
 5.73339233e+02 5.72569824e+02 5.34820618e+02 5.83127441e+02
 1.57606918e+02 1.04996423e+03 3.60553497e+02 9.56615540e+02
 2.97090967e+03 3.03655640e+02 4.49556702e+02 1.60778030e+02
 2.63700806e+02 1.39276904e+04 8.01578857e+02 6.31097839e+02
 2.10884674e+02 7.05012329e+02 7.65653625e+02 1.56075159e+03
 1.53444153e+02 2.77717432e+03 8.27245000e+04 7.89806824e+02
 1.68958594e+03 5.17407812e+03 4.61235199e+02 9.51279449e+01
 7.02229233e+01 2.71839264e+02 1.27242419e+03 7.48980176e+03
 1.28032349e+02 1.38418799e+03 2.31499438e+03 2.01076196e+03
 3.26144604e+03 1.49136572e+01 1.46680695e+02 1.51937812e+04
 1.77398621e+03 7.67512329e+02 2.91948013e+01 8.74501074e+03
 4.16039844e+03 7.19800635e+03 1.33457977e+02 4.07987213e+02
 2.53191504e+03 3.11534985e+03 1.61546875e+03 1.27132645e+02
 4.05087769e+03 1.89977127e+02 6.62592621e+01 7.15183105e+01
 3.62397552e+02 1.05879309e+03 1.16887543e+02 1.81772888e+03
 1.70124548e+03 9.28090363e+01 1.78915680e+02 3.29757690e+02
 8.56451953e+03 7.33458191e+02 9.72800903e+02 9.14472578e+04
 1.05035742e+04 4.85912903e+02 1.46415857e+03 9.93721436e+02
 6.10359497e+02 1.46537872e+02 8.43439331e+01 1.87738047e+04
 3.04251804e+01 1.55949866e+03 6.57876953e+03 1.02624658e+04
 4.84001556e+02 4.06734680e+02 2.07034351e+03 1.19509387e+03
 3.37499072e+03 2.45374629e+04 2.17294727e+03 9.14309845e+01
 1.80067093e+02 5.04218811e+02 1.79529407e+03 6.01236511e+02
 1.36695273e+04 1.40860596e+02 1.94706250e+03 4.28858276e+02
 7.79268115e+03 2.73844214e+03 2.47621836e+04 3.51365601e+02
 1.39427353e+02 3.61840302e+02 3.08741992e+04 6.33775208e+02
 1.81850745e+03 9.25972900e+02 1.33495682e+02 4.17710693e+02
 1.39209473e+02 1.13227715e+02 1.45848438e+04 8.71907997e+00
 5.42651416e+03 1.31181976e+02 2.27699982e+02 7.01333594e+03
 8.90217590e+01 1.88792267e+02 2.59128247e+03 3.71888013e+03
 3.39273145e+03 2.00796887e+03 1.87070527e+04 1.11551125e+02
 3.55416821e+03 3.14961426e+03 1.75755707e+02 1.18828284e+03
 8.90133118e+02 1.69065384e+02 8.19951782e+01 3.59173203e+01
 2.55242825e+00 1.31727005e+02 2.95803247e+03 8.38346619e+02
 2.16250763e+02 3.15052002e+03 5.95544678e+02 3.63082771e+01
 4.35803497e+02 4.38561562e+04 1.69273392e+02 2.25905615e+03
 1.47369165e+03 1.47235645e+03 1.18836719e+04 4.20754492e+03
 1.22152075e+03 1.32541650e+03 2.28441086e+01 1.59020107e+04
 3.29683325e+03 7.64676514e+02 8.12383398e+03 1.45143152e+03
 7.18787170e+02 2.09940161e+03 1.02831357e+04 1.74965546e+02
 1.23506073e+02 1.51099609e+03 1.19376013e+03 2.51669863e+04
 7.48749390e+02 1.35960156e+03 8.13717651e+01 2.01378036e+02
 2.00784714e+02 1.93283951e+02 2.20365039e+04 1.04705615e+03
 2.81044751e+03 1.70028976e+02 2.64356445e+03 1.60025720e+03
 1.03133896e+04 1.37885962e+03 2.85017071e+01 4.95818970e+02
 9.37234306e+00 3.03260889e+03 6.47576660e+03 9.06686890e+02
 2.62544849e+03 3.44346680e+02 9.42650940e+02 1.57229172e+02
 1.00377949e+04 5.60993958e+01 1.80435684e+04 5.41968307e+01
 3.67288147e+02 3.47379883e+02 1.63051196e+03 2.51122285e+04
 3.35737823e+02 1.72099594e+02 5.93010742e+02 1.20815071e+02
 3.17338181e+01 3.17875854e+02 4.74210352e+03 1.46676880e+03
 2.20066357e+03 3.08074249e+02 3.17113965e+03 1.22601904e+03
 2.85415039e+03 9.50193652e+03 1.26309375e+03 8.69283630e+02
 1.57247812e+04 6.09693799e+03 1.74170391e+04 1.04975366e+03
 1.85039563e+03 3.95308342e+01 4.17509186e+02 2.83567578e+03
 1.18417786e+03 1.52410950e+03 1.40344727e+04 4.69246140e+01
 5.70349453e+04 1.70434021e+02 7.64480591e+01 2.05215771e+03
 1.60143164e+03 1.84532867e+02 3.06397972e+01 1.01122522e+03
 3.49686394e+01 7.67197266e+02 5.68814125e+01 4.04536719e+03
 6.11140576e+03 7.92128906e+01 1.26367444e+03 3.05419653e+03
 4.57564492e+04 2.31656570e+01 8.45656189e+02 9.18713135e+02
 6.93281592e+03 2.56819763e+02 1.44825964e+03 2.99911255e+02
 7.91174927e+02 1.24938232e+03 2.68660181e+03 4.18350977e+03
 1.38420010e+04 2.25706934e+03 8.82892075e+01 6.74798035e+02
 1.42983198e+00 4.02871613e+02 4.02542877e+02 1.43379382e+03
 3.37984314e+01 1.51673309e+02 1.79248242e+03 6.05015820e+03
 1.73819219e+04 3.95192169e+02 8.25473145e+03 8.84787048e+02
 6.72375061e+02 8.77594238e+03 1.78627686e+02 1.00388237e+02
 5.75658594e+03 1.19611194e+03 1.15946377e+04 2.08733691e+03
 1.00699725e+03 5.05821143e+03 6.33629150e+02 3.51882324e+03
 1.14663367e+03 1.00868439e+02 1.55876990e+03 2.27710547e+03
 1.35513159e+03 1.27740005e+02 6.01910352e+03 2.45706863e+02
 1.50419043e+03 1.04598376e+03 8.88799286e+01 3.22949731e+03
 5.63618604e+03 2.02129724e+03 8.70262268e+02 4.65307007e+02
 1.31847717e+03 1.09603115e+04 4.40252289e+02 2.62835968e+02
 3.50992096e+02 7.34443726e+02 6.34161438e+02 1.37955609e+05
 1.74036560e+02 4.54937363e+01 9.71054016e+02 3.31443242e+04
 1.15852380e+03 3.53386523e+03 3.86995361e+02 8.85480194e+01
 3.30680054e+02 2.49004248e+03 3.74917145e+02 3.67968323e+02
 1.33385266e+03 5.08802605e+00 2.61991895e+03 1.81694016e+02
 2.58672754e+03 9.40664648e+03 3.18262054e+02 1.48744617e+03
 1.34911536e+03 7.02705566e+02 1.63757324e+03 2.53744720e+02
 5.26303223e+03 9.52232849e+02 6.92714539e+02 2.86799896e+02
 2.54176666e+02 7.30306519e+02 7.10709229e+01 5.10484531e+05
 7.65739502e+02 9.55943604e+02 1.34224023e+03 2.01197522e+03
 4.53252525e+01 1.08703125e+03 2.54792892e+02 9.52389453e+03
 6.20861694e+02 5.11430092e+01 3.19440991e+03 1.59138184e+04
 2.45465210e+02 1.93423975e+03 1.38248886e+02 5.89279004e+03]
5311.601
510484.53
