[2.66621069e+03 1.97290955e+03 8.23480606e+01 1.78699922e+04
 2.73365796e+03 2.79416901e+02 2.33490894e+03 3.43363062e+03
 6.04492041e+03 5.95427881e+03 6.43534851e+02 7.79411279e+03
 3.07542578e+04 2.12000763e+02 2.56665942e+03 2.26468231e+02
 1.23161387e+04 4.78376350e+01 9.26274414e+03 6.12685742e+03
 3.66478577e+01 1.15787476e+03 1.92863391e+05 5.63889258e+03
 3.73496918e+02 2.11403926e+04 1.26303809e+04 8.17233704e+02
 5.42122803e+03 8.81752701e+01 1.20551074e+04 6.75055359e+02
 2.31981128e+03 5.72210510e+02 1.34246550e+01 6.13548950e+02
 3.58118134e+02 1.28795090e+02 2.59801239e+02 1.31277954e+02
 1.87640955e+03 1.08574939e+03 1.24029675e+03 3.41406616e+03
 7.03874951e+03 1.25741443e+03 2.77886719e+02 1.55585449e+02
 1.56655472e+02 2.86564233e+03 1.30012207e+02 9.93863525e+02
 2.85700703e+01 8.19356738e+03 1.11074493e+02 1.71899500e+03
 3.71289014e+03 3.80869263e+02 2.16865552e+03 2.87594092e+03
 7.19778174e+03 1.32927032e+02 1.67835388e+02 1.44221436e+02
 3.00146881e+02 2.85964264e+02 1.28889404e+02 2.27278194e+01
 3.46913681e+01 3.05016748e+03 2.04767181e+02 3.25500488e+03
 2.11308212e+02 1.79822266e+03 1.90256378e+02 2.01277271e+03
 7.11389746e+03 6.63962402e+03 8.72064209e+02 5.55579285e+02
 3.92720642e+02 2.50391870e+03 8.60258301e+02 1.65342310e+03
 3.51723047e+03 2.75367432e+02 1.62507294e+02 6.16291992e+02
 6.09989319e+02 1.63640125e+03 8.67640015e+02 3.77211255e+03
 6.27748156e+00 1.45595703e+04 1.34348141e+05 1.27108887e+02
 4.24591455e+03 1.07680579e+03 3.06277405e+02 1.31020538e+02
 3.48427832e+03 4.04713477e+03 1.17788586e+03 2.45343018e+01
 6.39241882e+02 2.11652435e+02 8.70695740e+02 1.23633679e+03
 2.02035965e+02 2.42088150e+02 9.95555273e+03 2.22170868e+02
 9.19967957e+02 2.40228470e+02 4.87739014e+03 1.27350550e+01
 1.53172485e+02 9.78204199e+03 7.64680004e+00 1.89297083e+03
 4.90408643e+03 6.96630096e+01 1.86320801e+04 6.11274121e+03
 4.81429810e+02 1.00579346e+03 2.13394527e+01 4.08876587e+03
 4.88048145e+03 2.78906708e+02 1.29364227e+02 1.05937329e+03
 1.85364014e+02 2.00898026e+02 2.84686865e+03 4.27454529e+02
 6.32497949e+03 1.69093124e+02 3.18592236e+03 4.58106250e+03
 1.05348291e+03 2.02609512e+04 2.99966455e+03 8.77490625e+03
 5.36349121e+02 5.51706177e+02 1.41371552e+02 4.73110449e+03
 1.64764941e+04 3.29776587e+03 7.46985840e+02 5.54640015e+02
 2.15035568e+02 3.97835266e+02 3.42289215e+02 6.74345520e+02
 3.48461456e+02 5.58122559e+02 4.02199390e+03 2.01519180e+04
 1.50755383e+03 8.43291199e+02 2.71300629e+02 1.22459290e+02
 7.38355652e+02 9.65391113e+02 3.12617456e+03 9.35584167e+02
 4.14230127e+03 3.74685938e+03 2.11945770e+02 1.85783176e+01
 3.19372803e+02 1.41816187e+03 3.72298828e+02 2.35193222e+02
 1.38200171e+03 2.52690353e+01 2.08991013e+02 1.88545508e+04
 1.18290068e+04 7.03453064e+01 2.71411250e+04 9.37882812e+03
 2.08915787e+02 1.47687820e+02 5.48555946e+01 4.79328760e+03
 5.70996033e+02 5.85300171e+02 1.59204071e+02 7.30199585e+02
 8.71146240e+01 5.23183838e+02 6.99920234e+04 1.67725723e+02
 1.03994199e+04 1.49531128e+03 2.72278137e+02 3.97731226e+03
 1.54720007e+03 1.50900049e+04 2.96758057e+03 1.56545593e+03
 3.10240039e+03 5.48226328e+04 6.49594543e+02 2.33043408e+03
 2.60713843e+03 1.86223755e+01 1.97618134e+02 8.84769669e+01
 5.53201074e+03 6.83024353e+02 1.57849951e+03 9.56484451e+01
 1.09498999e+03 7.98374557e+01 7.56736279e+03 2.40517380e+02
 4.14665070e+02 1.29679480e+03 6.87874832e+01 8.93182910e+03
 3.96724829e+03 2.17087646e+03 2.34714890e+02 1.04227837e+02
 6.93605103e+02 1.02862119e+04 1.07219580e+03 1.64261887e+02
 1.08682480e+04 1.13363794e+03 2.84562714e+02 6.87938623e+03
 1.48273819e+02 2.87617588e+01 3.34573975e+03 8.37075073e+02
 1.89488066e+04 4.46502045e+02 1.06818066e+04 8.01405811e+03
 9.30185928e+01 5.53302197e+03 3.66436011e+03 5.71867188e+02
 9.62328308e+02 3.81212852e+04 3.69262939e+02 1.09136682e+03
 1.96969568e+03 5.71225647e+02 1.74663353e+01 4.30177116e+01
 6.16269264e+01 1.66610095e+03 2.34393784e+02 3.39051880e+02
 1.97345825e+03 5.26369678e+03 2.62012598e+03 1.50016937e+02
 1.46404312e+02 1.23793884e+03 4.16920410e+02 1.03035420e+04
 6.52015186e+03 1.69284683e+02 5.00013184e+02 1.03290752e+04
 1.23803497e+02 2.29851059e+02 1.48291523e+04 2.07764062e+03
 2.43658906e+04 1.38298018e+04 1.80899939e+03 4.50820166e+03
 1.83544104e+03 4.64376402e+00 1.21628914e+02 7.28190735e+02
 6.47849960e+01 8.47634888e+02 3.35407928e+02 4.34756787e+03
 1.31280090e+02 1.35559982e+02 1.83307129e+04 2.67826904e+02
 8.25409790e+02 2.82006493e+01 1.82512939e+02 1.68100183e+03
 9.29959106e+02 4.83831348e+03 1.78706879e+02 3.42542768e+00
 3.54457153e+02 3.01814697e+02 3.00087708e+02 3.43680450e+02
 3.13791821e+03 1.44537471e+04 6.22447388e+02 1.04322412e+04
 1.46897876e+03 1.17515900e+02 9.02986450e+01 2.04843704e+02
 5.94210144e+02 1.63540848e+02 3.22447296e+02 1.61596240e+04
 2.28230542e+03 9.98337207e+03 1.01682739e+03 1.61648213e+04
 7.73759705e+02 2.06378467e+03 5.76469849e+02 4.23746735e+02
 3.24345093e+03 3.13601013e+02 6.39175938e+04 1.20920563e+02
 1.91876617e+02 1.86786597e+03 1.69869598e+02 8.19071426e+01
 5.92990875e+01 1.44938989e+03 8.87230591e+02 6.47922900e+03
 5.39290283e+02 2.35089340e+02 5.50421406e+04 3.59279175e+02
 1.37276294e+03 1.73971573e+02 3.91773926e+02 3.07923889e+02
 4.26079674e+01 1.09860367e+02 2.17073560e+03 5.26489258e+02
 1.17900281e+03 1.02930473e+02 7.26746887e+02 2.87878296e+03
 1.66464706e+02 4.87166895e+03 5.95880394e+01 7.60819629e+03
 9.95308838e+02 5.73756981e+01 8.02830872e+02 4.40114307e+03
 1.60065643e+02 3.12577466e+03 1.56219751e+03 4.04580170e+02
 9.81053906e+03 3.49301523e+04 2.69251129e+02 8.71033707e+01
 4.07173730e+03 2.04693176e+03 3.03265576e+03 3.85826196e+03
 3.70285312e+04 1.29771057e+02 2.32385693e+03 8.62549121e+03
 3.42148590e+02 6.07407666e+03 7.22914490e+02 2.00071060e+02
 4.17785522e+02 1.00164277e+04 1.03141086e+05 1.80046219e+02
 2.56290552e+03 4.83497284e+02 4.61018921e+02 7.05066284e+02
 6.08510449e+03 1.67716345e+03 1.82998125e+04 3.68554573e+01
 2.38185986e+03 3.52880371e+03 2.16270874e+03 1.12145127e+04
 5.17481323e+02 2.32266571e+02 2.22525085e+02 1.42950332e+04
 3.21192139e+02 5.26313721e+03 9.23094666e+02 3.78287926e+01
 1.82369043e+03 5.64978882e+02 1.42725488e+03 2.36934888e+03
 1.00442008e+05 3.69155762e+02 1.93927059e+01 8.93029785e+02
 8.20272852e+03 3.75738708e+02 9.74869434e+03 2.89491119e+02
 1.93319733e+02 2.00753528e+03 9.79049927e+02 1.19057898e+03
 3.78893188e+03 2.26733658e+02 1.54342117e+02 6.82449341e+02
 8.13799500e+02 1.96175858e+02 5.87555176e+03 8.30126572e+00
 4.52372900e+03 6.97252490e+03 2.49673047e+03 1.06601845e+02
 2.93921777e+03 4.45955933e+02 3.97896729e+03 1.29122986e+02
 9.93616257e+01 2.42324121e+03 3.28642426e+02 1.56325493e+01
 1.50369125e+02 3.98907544e+03 7.47631165e+02 8.74689209e+02
 2.46104202e+02 5.08326538e+02 5.56234985e+02 2.15194922e+03
 1.30003113e+03 1.55158569e+03 9.25445374e+02 1.16739238e+04
 2.87091980e+01 4.21400830e+03 7.57442871e+03 1.25889603e+02
 9.12372437e+02 5.42259827e+02 3.01425977e+03 1.07718983e+01
 9.93072449e+02 3.04432030e+01 4.06612167e+01 1.64337601e+02
 7.59250107e+01 4.43201904e+01 4.92076073e+01 8.95875671e+02
 3.61981964e+01 9.57239929e+02 3.87922949e+03 1.33480959e+01
 1.45143848e+03 5.62890967e+03 7.21893082e+01 9.99367981e+02
 4.50339233e+02 8.91666321e+02 9.43708618e+02 1.16387463e+03
 2.08962622e+03 6.52763818e+03 5.11556976e+02 7.21601013e+02
 5.95096436e+02 2.26771362e+03 7.54661194e+02 4.57261445e+04
 9.88318024e+01 5.90842041e+02 1.60168628e+03 5.11201263e+02
 4.86940613e+02 4.17488086e+03 2.98700146e+03 2.12095230e+02
 1.80607635e+02 1.22124219e+04 2.61216248e+02 9.94337997e+01
 3.74493179e+01 1.36008948e+03 2.07480682e+02 3.26638824e+02
 2.12573044e+02 2.99375488e+03 8.23496704e+02 8.07269104e+02
 1.84848584e+03 3.32670135e+02 6.30247192e+02 3.36361792e+03
 5.15533691e+02 2.50741257e+02 2.54151123e+03 5.36110547e+03
 8.75251953e+03 1.08261584e+03 5.45540771e+03 4.24049225e+02
 1.61035446e+02 5.62240381e+03 2.21637863e+02 6.14139771e+02
 3.15398022e+03 1.38914581e+02 2.62649597e+02 3.91288306e+03
 2.99480255e+02 1.03741138e+03 1.63378159e+02 6.78986969e+01
 5.21704163e+02 1.26032471e+03 4.73837708e+02 2.27165088e+03
 9.27534409e+01 1.15858389e+04 6.41770020e+01 2.17276621e+00
 2.45842758e+02 4.68096445e+04 2.90308628e+01 2.11915253e+02
 2.63312195e+02 1.23820976e+02 4.52066406e+03 7.88202133e+01
 8.40406348e+03 4.24039124e+02 7.05120801e+03 1.56841064e+03
 5.90932129e+02 1.88896348e+04 7.99425659e+02 8.45713745e+02
 2.37959546e+03 9.09304626e+02 1.07697302e+03 7.81574036e+02
 6.21448059e+02 8.80645813e+02 3.56334045e+02 2.99354077e+03
 9.25663300e+01 3.95663086e+03 1.34710419e+02 9.50709045e+02
 4.12233447e+03 1.56225529e+01 2.23990692e+02 2.05926758e+02
 1.79396426e+04 7.96716003e+01 1.27684680e+03 6.92055225e+03
 1.71656097e+02 9.46627655e+01 8.99589539e+02 1.38102307e+03
 1.77743115e+03 1.47905670e+02 7.53129639e+03 1.25716394e+03
 8.20355957e+03 8.52058672e+04 1.06585620e+03 1.15545068e+03
 3.06382812e+03 3.55002411e+02 6.16835938e+02 3.43243378e+02
 3.74156128e+03 7.42404663e+02 9.38051147e+02 1.67551699e+04
 8.05298096e+02 4.82364685e+02 1.37459924e+03 2.56896301e+02
 9.07340039e+03 2.98975537e+03 1.42233215e+02 1.10425674e+02
 2.74727734e+04 3.80177574e+01 1.02309778e+03 8.15899170e+02
 3.64524683e+03 1.67341028e+03 2.15547009e+01 5.00177948e+02
 8.41294922e+03 1.31279053e+04 3.01063892e+03 9.18600540e+01
 6.77557910e+03 4.08477686e+03 1.03562324e+04 3.78562408e+02
 8.23082447e+00 1.99467139e+03 1.99678955e+03 3.48759430e+02
 2.47083771e+02 8.39478027e+02 3.37701978e+03 1.72608292e+02
 4.03966713e+01 8.17190527e+03 5.14914978e+02 3.75344971e+02
 1.44753830e+02 5.07449341e+02 5.58893164e+03 1.10175896e+02
 9.31060608e+02 1.66793121e+02 2.76654785e+02 2.16692065e+03
 1.78381680e+04 2.53383008e+03 2.20178589e+03 4.89592072e+02
 2.52401594e+05 1.53227209e+03 6.00823547e+02 7.15390967e+03
 1.17185889e+03 1.52695227e+03 1.41459152e+02 1.81948883e+02
 7.07952698e+02 1.27870605e+02 1.41613123e+03 5.32082634e+01
 2.14617090e+03 1.19394619e+04 3.86157776e+02 3.69736237e+02
 4.62040186e+03 1.34868965e+04 9.54631543e+03 6.19645142e+02
 2.27118576e+02 3.40843567e+02 3.48195305e+01 1.57277176e+02
 5.48414368e+02 8.92812305e+03 2.12130444e+03 1.86146741e+03
 1.47224922e+01 1.78154163e+01 3.15641937e+02 9.05462769e+02
 3.48495026e+01 4.71401062e+01 2.86903174e+03 4.81474213e+02
 2.68550385e+02 1.15173914e+03 2.97180939e+01 2.70035425e+03
 1.01157751e+03 9.11635113e+00 5.03733948e+02 5.94203984e+04
 7.54695679e+02 8.23195618e+02 1.22013721e+03 9.31814346e+01
 3.83162964e+03 4.86324219e+02 2.92706726e+02 6.10771362e+02
 2.96120361e+03 2.74754059e+02 3.61303125e+03 2.28149121e+03
 1.19915857e+03 6.77265442e+02 3.55446747e+02 3.35915210e+03
 3.77179077e+02 1.10246069e+03 4.72524185e+01 6.12010437e+02
 2.03371692e+03 4.66067924e+01 3.21175488e+03 4.87158154e+03
 5.61750244e+03 2.38149292e+03 5.80617142e+01 2.69962812e+04
 2.79599182e+02 2.58701599e+02 1.02306531e+03 1.21883533e+03
 8.90341858e+02 1.03666649e+02 1.79711621e+03 2.72503418e+04
 1.58839310e+02 4.35268250e+02 1.16171807e+04 1.19277539e+04
 6.20857324e+03 5.07670654e+03 1.66912628e+02 7.50999832e+01
 1.53580156e+04 1.85460840e+04 4.58891602e+03 1.78242920e+03
 9.51078979e+02 9.94664230e+01 1.30326624e+03 1.13213599e+03
 6.85872253e+02 3.47493561e+02 3.64243359e+03 6.00280823e+02
 3.16335724e+02 1.13269492e+04 1.41841875e+05 8.18031067e+02
 1.29739471e+02 1.70509995e+02 8.92000549e+02 3.91453552e+02
 1.57582764e+03 1.17175452e+03 1.83284900e+03 1.86451306e+03
 2.60781372e+02 8.36038940e+02 1.13687705e+04 1.04748039e+02
 2.63435254e+03 4.29107208e+02 8.98316528e+02 2.03865234e+04
 1.50212372e+02 8.02755585e+01 1.58668542e+03 1.35450043e+02
 1.15661102e+02 2.12735229e+03 1.05137047e+02 1.76054825e+02
 3.23126797e+04 1.76455399e+02 1.45024979e+02 1.33489819e+03
 3.83535805e+01 2.15600488e+03 2.70156030e+03 6.56336899e+01
 4.99397278e+00 1.86559314e+03 3.80010895e+02 1.07547691e+02
 3.49912158e+03 8.24538269e+02 2.25048574e+04 2.71655655e+00
 4.44336719e+03 7.99241455e+02 1.16978992e+03 5.94248828e+03
 1.84311905e+01 6.94398145e+03 5.33187927e+02 1.52345813e+03
 5.15761719e+03 4.93743744e+02 3.42810620e+03 5.57814990e+03
 5.71712036e+02 1.69964197e+03 1.59949133e+03 4.28190186e+03
 5.90304785e+03 1.65825897e+02 3.72504059e+02 3.56260437e+02
 1.52735681e+03 2.55200562e+02 8.88261841e+02 2.08837305e+04
 5.79233555e+04 2.31338715e+02 2.26295578e+02 1.25015564e+02
 1.10725594e+02 2.27185043e+02 2.21428467e+03 8.00802295e+03
 3.90214062e+03 1.33163635e+02 3.76762354e+03 5.59901314e+01
 1.32553796e+03 5.56589893e+03 1.19505440e+02 2.27851578e+02
 1.31986145e+03 4.25903282e+01 2.39623779e+03 3.12419824e+03
 2.54410815e+03 1.74833655e+03 2.62232971e+02 9.90981674e+01
 1.07137754e+04 1.27347046e+03 8.59351746e+02 3.15724163e+01
 6.29049927e+02 3.18475861e+02 1.82854443e+03 4.24367920e+03
 2.18696509e+03 6.51152466e+02 3.26888855e+02 1.55394543e+03
 1.31069812e+03 1.04151160e+03 4.56673004e+02 5.19227417e+02
 5.38753235e+02 1.20077209e+03 2.70907715e+03 1.23770371e+04
 1.04010571e+03 1.45938652e+04 6.83364716e+01 1.14806007e+02
 2.76299343e+01 5.70233704e+02 4.16672266e+04 1.25432762e+02
 7.28675903e+02 2.08218384e+02 1.07686938e+03 1.26947472e+02
 6.56630957e+03 3.17464905e+02 7.52707080e+03 1.43170975e+02
 6.46045078e+04 2.42149109e+02 2.45614355e+03 5.18425659e+02
 1.24246130e+03 4.03706207e+02 4.30009521e+02 1.39216278e+02
 3.99205983e-01 1.17564807e+03 1.16775887e+02 3.24111267e+02
 2.52896289e+04 1.71815369e+03 2.50785664e+04 2.06604956e+03
 2.81344873e+03 4.26789258e+03 3.13571167e+02 2.19754736e+03
 5.74809863e+03 2.91538639e+01 1.53383057e+03 8.87763748e+01
 1.17302161e+03 1.28817444e+02 6.91945419e+01 3.01666992e+03
 1.14679922e+04 1.26918663e+02 2.63883057e+02 4.87051971e+02
 6.85797348e+01 1.95899438e+03 1.80443695e+02 4.29391875e+04
 4.02959290e+02 3.18965137e+03 2.29201233e+02 3.66491138e+03
 1.28112976e+02 9.69058411e+02 3.26339459e+00 7.56784790e+02
 1.31193555e+03 2.36463550e+03 1.29986267e+02 9.91740173e+02
 1.33913757e+03 1.80223938e+03 5.75382812e+03 2.39422363e+02
 7.65729858e+02 1.57802271e+03 2.14036148e+02 4.96693984e+04
 4.96953552e+02 1.71364502e+02 9.91386292e+02 1.49622940e+02
 5.36977844e+02 8.67621689e+01 4.63024463e+03 2.64836975e+02
 5.53217407e+02 1.06616699e+03 3.36489532e+02 1.09028149e+03
 1.41223926e+03 7.38723022e+02 4.23944031e+02 1.40359753e+03
 1.78209521e+03 2.59370289e+01 9.82916069e+00 1.78454163e+03
 3.07643774e+03 2.24690161e+03 1.03982886e+03 1.26702344e+05
 7.23121338e+02 6.77210922e+01 1.04193713e+03 1.26560758e+05
 9.62951294e+02 8.90895264e+02 1.11445908e+04 3.97287598e+02
 9.67464371e+01 2.27444482e+03 3.80081100e+01 7.59993164e+02
 8.68598145e+03 9.40820980e+00 3.73477539e+03 2.28662582e+02
 1.34225762e+04 4.50633105e+03 8.80751495e+01 5.20534302e+02
 8.53629761e+02 3.59528491e+03 5.03413300e+02 3.17729297e+03
 3.12718223e+04 6.85225754e+01 9.83496857e+01 4.81706772e+01
 4.37841156e+02 6.47028320e+02 5.50474670e+02 4.44570947e+03
 8.76584106e+02 2.13883560e+02 1.44255943e+01 1.83278244e+02
 1.59993037e+04 2.30100635e+03 7.20272461e+02 1.77918438e+04
 2.04616108e+01 4.45688690e+02 2.74868359e+03 3.67912842e+03
 8.68273849e+01 2.83625458e+02 6.99379578e+02 1.60135022e+03]
4563.686
252401.6
