[5.04510430e+04 3.25119629e+02 1.21818857e+04 1.26278918e+03
 3.91389180e+04 3.27357109e+04 3.52106958e+03 2.20871562e+04
 2.72179688e+03 4.60640137e+02 8.87113477e+03 2.46279629e+04
 1.76224984e+05 5.01243457e+03 5.42490479e+02 1.14143965e+04
 8.55054199e+03 5.77437683e+02 4.45711426e+03 2.25286406e+04
 9.77692969e+03 1.19473412e+02 5.64135938e+05 1.21698818e+04
 3.86498962e+02 2.74014331e+03 1.89114844e+05 3.22240918e+03
 1.10785112e+01 1.19711861e+02 3.41283740e+03 1.51318701e+04
 4.16591278e+02 1.85209070e+03 1.62855762e+04 5.03142920e+03
 9.52842676e+03 2.51775073e+03 5.66012512e+02 6.83009644e+01
 9.27393438e+04 8.57333789e+03 3.80275391e+03 1.16912659e+03
 9.59848203e+04 1.08736875e+04 8.37870703e+03 1.03100476e+03
 5.65066650e+03 2.70721533e+03 3.11021875e+03 3.11942944e+03
 8.36980820e+01 2.26681191e+04 1.06526398e+02 1.40409863e+03
 1.47126990e+03 9.41068906e+04 6.14315898e+04 1.65221228e+03
 7.67085889e+03 4.22785312e+04 1.60691882e+03 1.01801910e+02
 1.36624414e+03 4.79596211e+04 4.71141309e+03 9.53796680e+03
 2.44983130e+03 1.61743623e+04 7.35993958e+02 1.32068828e+04
 5.86996521e+02 2.38896286e+02 1.43515381e+03 4.11444855e+02
 2.79728729e+02 2.26181177e+03 9.67102234e+02 1.57136953e+05
 8.58565625e+03 4.27015747e+02 6.33058228e+02 6.54330627e+02
 1.77323901e+03 2.27552319e+03 1.87544785e+04 1.87085205e+02
 1.07830352e+04 3.01157684e+02 6.21637695e+02 6.22527490e+03
 1.55452484e+02 3.87129517e+02 8.11977750e+05 5.64632629e+02
 2.74386749e+02 1.12097891e+04 1.08635826e+02 4.60646667e+02
 8.00150049e+03 1.79227368e+03 2.81363574e+03 8.49791016e+02
 2.44473022e+03 3.01349531e+04 1.28417761e+03 3.70299683e+02
 1.20850850e+04 2.40280502e+02 2.98479419e+03 6.09235498e+03
 7.72751923e+01 1.23318993e+02 8.61147995e+01 2.40940527e+03
 1.03746994e+02 2.49537891e+04 1.26561012e+02 8.02684753e+02
 7.77542627e+03 5.93496436e+03 9.27474316e+03 1.28904590e+03
 4.48300293e+03 3.09712067e+02 1.57942773e+03 4.85535156e+03
 5.81126328e+01 6.38796484e+03 3.63020459e+03 6.95180054e+01
 9.78321655e+02 1.90555710e+02 4.16965674e+03 1.83724609e+03
 1.25081016e+04 2.73587354e+03 4.79660107e+03 7.21287256e+03
 7.44171875e+02 7.39357910e+03 2.03237520e+04 2.75775547e+04
 1.33588223e+04 8.76066208e+00 4.68777985e+02 2.92985996e+04
 5.16549805e+03 1.67279094e+05 1.56741223e+03 7.21161270e+01
 1.31774824e+04 6.63700342e+03 1.86592361e+02 1.42332451e+04
 3.52733252e+03 1.91633262e+04 3.84334326e+03 2.87856274e+03
 8.85257109e+04 1.08666660e+04 6.10164502e+03 9.18534698e+01
 3.71419556e+02 2.16848328e+02 8.12794873e+03 3.75228027e+02
 1.66071130e+03 8.92723984e+04 9.51695633e+01 2.41702441e+03
 2.30381274e+03 3.65144043e+03 3.56648096e+03 2.97408936e+03
 1.15712451e+04 7.96127014e+01 2.09598816e+02 2.35281406e+05
 1.03904775e+04 1.25634422e+02 3.25933156e+05 3.70205640e+03
 4.45852814e+02 1.20949059e+02 9.33059158e+01 1.10729469e+02
 1.35778057e+04 9.73568457e+03 1.85018828e+04 2.09278101e+03
 1.22977417e+03 2.35840225e+02 3.49774390e+03 1.48248581e+02
 1.43328312e+05 5.14059082e+02 3.98025708e+03 1.85805234e+04
 1.29804794e+02 2.95042139e+03 1.70850293e+04 1.10510742e+03
 7.07495859e+04 4.55357734e+04 5.04738464e+01 4.59850293e+03
 2.92291374e+01 7.79759180e+03 1.17505347e+03 1.61890610e+02
 7.10211865e+03 7.88251719e+04 3.09630957e+04 9.33509521e+01
 1.87217371e+03 5.45364844e+03 5.63423320e+04 1.86180684e+04
 8.13159943e+01 4.44823242e+03 2.28683618e+03 1.00757773e+05
 2.27051224e+02 1.89255905e+02 5.55885658e+01 1.60582166e+03
 9.61091211e+03 1.55467314e+04 1.14763031e+01 1.52623291e+03
 2.05573624e+02 6.00600732e+03 1.61659033e+03 2.18558984e+03
 7.44910706e+02 4.06105881e+01 7.57594604e+01 1.85861218e+03
 1.59798047e+04 3.27265320e+02 4.28256512e+00 3.42415454e+03
 1.07277336e+01 3.25991602e+04 8.55622681e+02 5.49907080e+03
 4.11816992e+03 1.73017773e+04 1.22420378e+01 8.71587695e+03
 2.68588232e+03 4.51338623e+03 1.87041370e+03 1.20148140e+02
 6.47240332e+03 2.07422981e+01 1.18144519e+03 1.15567719e+02
 2.45610922e+05 5.80516367e+04 4.92649844e+04 1.97001755e+02
 9.96217712e+02 2.22009521e+02 1.46737595e+02 2.88201582e+04
 3.54715039e+04 2.33564551e+03 6.95705261e+01 4.22492432e+03
 3.32336853e+02 2.01169763e+03 3.27146875e+03 7.71079834e+03
 2.76499004e+04 8.89464609e+04 6.29611182e+03 2.88449043e+04
 6.68250439e+03 3.36282471e+02 5.89789941e+03 1.94266602e+02
 4.50897766e+02 1.29498230e+02 3.26976044e+02 6.26117529e+03
 6.93005800e+00 1.15954453e+05 7.63947688e+05 1.63159275e+01
 2.67515771e+03 7.25626278e+00 2.99912415e+02 7.09817529e+03
 4.92258154e+03 4.86279150e+03 4.29581104e+03 9.05658569e+01
 9.60819168e+01 1.43157861e+03 6.99926709e+03 1.21934188e+05
 1.94560996e+04 1.06375141e+05 1.06176674e+02 4.97731299e+03
 8.16482162e+01 5.32478210e+02 5.85403252e+01 5.45594678e+03
 1.22814072e+04 5.90510254e+03 5.63428802e+01 5.45572461e+03
 3.26367737e+02 1.08060986e+04 8.67912170e+02 1.89715688e+05
 1.99495935e+03 3.88844375e+04 3.70422168e+03 4.87990967e+03
 2.66688496e+04 1.47831494e+04 1.87682410e+03 2.45076538e+02
 2.30664297e+04 7.93830713e+03 2.56383575e+02 7.27850952e+02
 9.30344543e+02 3.68735199e+02 7.58612122e+02 2.03313047e+04
 5.74274864e+01 2.18737109e+03 1.88815016e+05 3.60921265e+02
 3.46940771e+03 5.03332617e+03 5.17968201e+02 8.11138721e+03
 7.79773096e+03 2.88576447e+02 3.37805688e+03 3.88465851e+02
 2.54323022e+03 8.83219681e+01 3.36319458e+03 9.18434766e+03
 1.34482147e+02 2.66769414e+04 1.36933086e+04 3.27467102e+02
 1.11916904e+04 1.33663857e+04 2.49801392e+03 9.25525781e+03
 2.50207642e+03 6.79174951e+03 1.22835547e+04 2.84488106e+01
 1.02120869e+04 1.53797412e+04 9.54070557e+02 1.48078415e+02
 1.06728389e+04 3.72110469e+04 1.72157484e+05 9.07921484e+03
 1.85989172e+05 3.60990479e+02 2.67077539e+03 4.47444648e+04
 4.59743711e+04 3.56888550e+03 7.16249084e+02 2.95885889e+03
 5.93579141e+04 3.61548086e+04 8.07312109e+04 1.88080542e+03
 7.88025635e+02 8.14339844e+04 7.62249222e+01 2.61660522e+03
 1.76604883e+04 4.35459326e+03 1.56827754e+04 1.29180566e+03
 2.05056787e+03 1.36666016e+03 3.26119232e+02 1.16934258e+04
 2.05556244e+02 1.33795911e+03 9.89444397e+02 3.09015500e+05
 1.09643152e+03 1.83082916e+02 2.68307419e+01 8.89434570e+02
 4.14129913e+02 1.60185938e+04 1.50361984e+02 2.00388770e+03
 2.35246925e+06 7.01900879e+03 1.27508398e+03 9.73737488e+02
 4.17533203e+04 2.97351636e+03 6.01564880e+02 1.20129836e+05
 3.29492126e+02 1.14839990e+04 9.41696191e+03 2.05071094e+03
 2.24219620e+02 5.61447449e+02 2.91334082e+03 6.48317305e+04
 1.31250647e+03 1.01825432e+02 4.90017480e+03 1.01958931e+02
 5.21867139e+03 9.61944434e+03 1.22960791e+03 6.71963594e+04
 8.74669629e+03 4.45896240e+03 1.16652319e+03 1.27747192e+03
 1.14367090e+03 1.35675586e+04 4.35849213e+02 3.08917969e+02
 3.84969375e+04 2.36890488e+04 3.43944492e+04 7.34032776e+02
 9.90819855e+01 1.49194534e+02 5.62659225e+01 2.79493340e+04
 4.73047510e+03 7.44432434e+02 2.34346481e+02 3.74786281e+05
 2.41835327e+03 3.90419883e+04 2.63151445e+04 5.63757202e+02
 2.08726318e+03 9.60607178e+02 9.99469727e+03 1.12165930e+03
 1.90757256e+01 8.52177673e+02 1.96757874e+02 6.36797510e+03
 9.69502930e+03 5.46910889e+02 3.58672607e+02 4.16278906e+03
 1.99319168e+02 4.65862148e+04 1.43130957e+03 5.44070361e+03
 7.18014679e+01 3.01105377e+02 1.64299390e+03 4.21960156e+03
 1.52281726e+03 1.58135938e+03 7.28118506e+03 1.53387024e+02
 1.82090833e+03 1.19338721e+03 5.02755035e+02 2.52839277e+04
 3.24960388e+02 9.72621948e+02 2.95849951e+03 9.98469922e+04
 1.40357849e+03 8.32451294e+02 1.05848877e+03 2.91695801e+03
 3.33560889e+03 6.62076562e+03 7.87423828e+03 9.95858917e+01
 1.15795508e+03 8.08120947e+03 2.40193335e+03 4.52565381e+03
 9.28471863e+02 2.65915747e+03 4.24005890e+02 1.37536841e+03
 9.38061426e+03 2.51346188e+01 3.11031860e+03 2.20714798e+02
 1.50730515e+00 6.73962646e+03 6.91817505e+02 3.74765454e+03
 6.00788672e+03 1.33790332e+04 1.50692559e+04 2.02557988e+04
 9.42383362e+02 1.54126973e+04 2.74420645e+04 1.82520294e+02
 8.27217285e+03 6.56261094e+04 1.74007666e+03 7.20560913e+02
 1.73150586e+04 1.39666772e+03 1.88387192e+02 7.20383008e+03
 1.06238447e+04 5.05967957e+02 1.67168945e+03 3.35725159e+02
 3.17215552e+03 3.96605542e+03 9.28977737e+01 1.45873767e+03
 5.26297617e+04 1.22339673e+03 1.33818672e+04 4.24460156e+04
 4.97116680e+04 2.61627359e+05 1.81707104e+03 3.26268359e+03
 1.39187332e+02 3.98860303e+03 4.59186230e+03 1.26097925e+03
 4.62798320e+04 1.09194994e+00 5.62573425e+02 2.37373364e+03
 8.88359766e+03 4.85733555e+04 1.17466895e+03 7.73422089e+01
 5.52649316e+03 3.58463843e+03 6.23963074e+02 1.40924568e+01
 2.31015894e+03 3.59145664e+04 2.05560165e+02 3.16791592e+01
 1.09089556e+01 2.00733301e+04 4.15163612e+01 1.28230586e+04
 1.21482881e+04 7.05691223e+02 1.75733838e+03 7.29679337e+01
 1.32642451e+04 1.53185071e+03 1.58921826e+03 2.63623016e+02
 1.11009644e+03 8.69516406e+03 6.30733337e+02 5.20841797e+02
 2.88548906e+04 1.05954504e+03 3.24037715e+04 1.37851367e+04
 1.97746021e+03 8.09874219e+04 9.09234619e+02 2.22679639e+03
 4.42427295e+03 4.71832715e+03 9.60896301e+02 1.85796890e+02
 1.68456812e+03 6.93118896e+03 3.53160938e+04 2.88631567e+03
 5.73786914e+03 9.06351074e+02 5.08002783e+03 5.93220459e+02
 1.17585664e+05 5.31740381e+03 9.95971680e+02 3.47155737e+03
 1.28840258e+05 1.31265915e+02 1.12238076e+04 3.68030298e+03
 2.42838721e+03 1.35501147e+03 1.12707996e+03 7.86499878e+02
 2.77169746e+04 4.70801300e+02 7.40035938e+03 2.54297363e+02
 4.02563008e+04 1.92951758e+04 1.96177461e+04 3.22662720e+03
 4.11644653e+02 1.14371807e+04 2.72645166e+03 1.81711788e+01
 4.78521143e+03 1.34044594e+05 1.26168152e+02 6.65543335e+02
 2.01763398e+04 4.15289062e+03 1.98436096e+03 9.30220581e+02
 3.14084869e+02 3.95895630e+02 4.16402473e+01 1.09467148e+02
 2.47401123e+02 5.24270201e+00 2.82399170e+02 6.07162812e+04
 2.18820630e+03 6.69781094e+04 5.29736133e+03 8.18377344e+03
 1.19725906e+05 2.08979126e+03 3.21623993e+02 4.18856592e+03
 1.06883497e+01 1.92645728e+03 1.70398590e+02 1.67068730e+04
 2.54604541e+03 1.35434656e+03 3.22229218e+02 1.03173572e+03
 1.21501084e+04 5.00200742e+04 2.61797656e+03 1.59950272e+02
 5.52188135e+03 3.52625820e+04 7.81785254e+03 8.14403809e+02
 2.09430206e+02 6.63571045e+02 2.18703101e+03 7.19386230e+03
 6.14612427e+02 5.20938281e+03 8.22281875e+04 5.18999561e+03
 1.06837151e+02 5.96743799e+03 9.26591211e+03 6.90570190e+02
 1.78007919e+02 1.56290237e+02 1.80237640e+02 7.33547070e+03
 5.85590332e+03 1.06136914e+04 5.89031372e+02 1.29916122e+02
 3.37101025e+03 1.56964062e+03 1.14471545e+03 2.37936094e+05
 2.79731982e+03 2.31170264e+03 3.63124542e+01 2.55040820e+04
 3.47793488e+02 8.03318359e+03 8.43651810e+01 2.53875076e+02
 1.03228828e+05 6.37299133e+02 8.30026184e+02 7.05760742e+02
 9.96651660e+03 1.81766479e+02 3.01885132e+03 5.69917297e+02
 2.41667032e+00 2.25637769e+03 9.75771866e+01 4.72219421e+02
 2.74107739e+03 1.12149573e+03 5.80999961e+04 1.69052649e+03
 7.55315625e+04 1.28855742e+05 2.41085938e+04 4.12040312e+04
 1.85228552e+03 1.10828552e+03 1.09633064e+02 2.84546826e+03
 2.64781836e+04 1.13899307e+04 3.27502295e+03 1.58205508e+04
 4.64221405e+02 1.70812698e+02 4.04334141e+04 9.89350891e+02
 1.64595391e+04 9.60877563e+02 3.79902979e+03 1.61634106e+03
 6.41510986e+03 2.88587598e+04 5.49366797e+04 1.93036230e+03
 1.42562469e+02 1.40817224e+03 3.26802578e+04 4.62065156e+04
 2.91601074e+04 3.25305347e+03 2.78095098e+04 1.57444725e+01
 6.52631494e+03 9.45151855e+03 5.87879250e+05 1.03269531e+04
 4.50392639e+02 1.28472839e+02 3.09770820e+04 2.91593872e+03
 1.31345886e+03 1.13457666e+04 1.70422745e+02 1.87508643e+03
 5.57267822e+02 2.35553711e+03 1.39370719e+05 5.44760475e+01
 3.20353174e+03 2.22586319e+02 3.59552026e+03 4.28366719e+04
 8.82630249e+02 9.83579773e+02 1.86476230e+04 1.64937973e+02
 6.78772583e+02 4.20501416e+03 1.95066844e+05 1.64698125e+04
 6.63565137e+03 6.15648633e+03 4.88164160e+03 3.84505249e+03
 2.36767188e+03 6.26227979e+03 3.00482056e+03 2.54469437e+02
 7.74387793e+03 3.11480713e+02 1.41076309e+04 8.38375488e+02
 1.24268896e+03 2.58250781e+04 8.91275156e+04 3.33133496e+03
 6.39354395e+03 3.34873867e+04 7.22821924e+03 8.05140967e+03
 2.23245410e+03 7.35126318e+03 1.66155918e+04 2.53735703e+04
 3.62406641e+04 8.30199829e+02 1.51423125e+04 7.24219922e+04
 5.10262549e+03 6.67146759e+01 4.70941309e+03 2.60777891e+04
 3.42985938e+03 1.53683151e+02 6.75507812e+03 1.67783569e+03
 1.83232666e+02 3.76665117e+04 5.45433740e+03 3.04811188e+05
 2.30114673e+03 5.29830029e+03 4.53768994e+03 8.10396729e+02
 4.91748145e+03 7.02139526e+02 6.58314404e+03 1.48653641e+05
 1.57799866e+02 1.20483740e+03 4.37157227e+04 1.49493774e+02
 2.28423691e+04 3.31629336e+04 9.11146484e+03 3.27904932e+03
 5.48173389e+03 1.38695984e+02 1.40887451e+04 1.25365625e+04
 9.79654980e+03 2.75232056e+03 1.08352280e+02 2.57518188e+03
 7.11998340e+03 1.88299805e+02 5.92542297e+02 7.80496674e+01
 2.30658813e+03 3.20617920e+03 1.70889420e+02 2.44364902e+04
 8.37468506e+02 1.19135291e+03 1.20170049e+04 2.13132362e+01
 1.70967871e+03 1.54382889e+02 1.30867627e+04 1.20327820e+02
 3.53349579e+02 2.34497437e+03 5.70433154e+03 2.12592930e+04
 1.39896484e+04 5.64690078e+04 3.34974426e+02 2.32050064e+02
 1.26149328e+05 9.51336609e+02 2.15298828e+04 3.55583711e+04
 1.76323151e+02 4.66993866e+02 9.33125305e+02 2.27873268e+01
 2.25143872e+03 2.50482642e+03 9.15054492e+03 4.60956078e+01
 9.72637402e+03 2.55036792e+03 2.13834335e+02 4.80758740e+03
 1.45601139e+01 4.94230029e+03 1.36749756e+02 9.13824890e+02
 3.28889370e+00 4.38219531e+03 1.46519196e+02 1.33231250e+03
 3.18724453e+04 2.14688086e+03 2.05925953e+05 8.57754150e+02
 2.12361816e+04 2.88982300e+02 1.79785383e+00 1.58520911e+03
 2.77602324e+04 9.70688324e+01 1.46884613e+02 1.58460022e+03
 1.55373059e+03 1.50047070e+03 4.92764453e+03 1.00000234e+04
 1.04376312e+05 6.63080292e+01 1.27949756e+03 3.15432983e+03
 1.37988800e+02 1.99875293e+03 8.07629639e+03 2.51919141e+04
 7.22663879e+02 4.29803564e+03 4.94622363e+03 1.89227637e+03
 3.84311523e+03 1.65005737e+02 9.03419434e+03 1.04923086e+04
 1.65262036e+03 1.20025674e+04 7.50131836e+02 8.00542725e+03
 9.55111719e+04 1.53802478e+03 1.09372180e+03 1.91700085e+03
 1.07753578e+02 2.76292773e+04 8.92261124e+00 2.55195828e+05
 1.72564612e+03 2.83374731e+03 6.54829346e+02 2.63345245e+02
 7.12678406e+02 5.66086304e+02 4.73545459e+03 3.55015259e+02
 1.93718185e+02 5.64802979e+03 3.34276703e+02 1.85794910e+03
 6.84817969e+04 2.28600269e+03 2.02661938e+03 1.39553055e+02
 5.33392725e+03 3.26191559e+02 1.57524854e+03 5.93694922e+03
 4.24871735e+02 1.90681250e+03 4.36232574e+02 3.84146200e+06
 4.10801123e+03 3.54632843e+02 1.92890881e+03 3.41961031e+05
 4.78295752e+03 6.68673291e+03 2.24121704e+03 1.44071518e+02
 7.70222534e+02 1.10886121e+03 1.90808838e+02 3.29771781e+05
 1.00276455e+04 1.35108965e+04 7.24044062e+04 1.06079834e+03
 3.27020117e+03 7.94828125e+02 4.02831818e+02 7.11479590e+03
 1.14432178e+03 9.52247363e+03 1.54608551e+02 1.31049670e+03
 4.35393750e+05 3.29459961e+02 9.95559668e+03 4.07640472e+02
 3.86637427e+03 9.56354492e+02 3.53175537e+03 9.53324750e+05
 1.88066621e+04 1.28927461e+04 4.60933350e+03 4.55586719e+03
 7.46459473e+03 2.26621699e+04 4.33223541e+02 8.25517812e+04
 1.65217151e+03 1.72742871e+04 1.08630310e+03 7.53344922e+03
 7.58040283e+02 4.81943408e+03 2.39887280e+03 2.20172314e+03]
