[7.98687000e+05 2.20282168e+04 3.61379969e+05 1.74568438e+05
 1.59880078e+04 3.03924688e+04 1.51827510e+04 1.30215383e+05
 1.12167773e+05 1.19371504e+04 3.11259250e+06 2.12244438e+05
 2.14647200e+06 4.42200969e+05 1.81880293e+04 1.82191504e+04
 9.71693203e+04 2.34964453e+04 4.24772383e+04 4.84933516e+04
 7.25080562e+05 6.54308359e+04 9.84425300e+06 2.33262832e+04
 8.33822070e+03 1.41682362e+06 8.26438562e+05 6.83989531e+04
 8.33473730e+03 3.89098156e+05 4.70655812e+05 7.38416602e+03
 2.59223250e+06 1.98292175e+03 5.98695195e+04 1.17947388e+06
 4.33147461e+04 7.53832688e+05 1.69312949e+04 3.79057539e+04
 2.29269766e+05 5.33127832e+03 1.40896453e+05 1.29860928e+04
 1.44704941e+04 9.89217109e+04 3.65313086e+04 2.94855508e+04
 5.16083516e+04 2.07098538e+06 2.74408094e+05 3.37909492e+04
 6.59992344e+04 6.68357875e+05 2.32172285e+04 2.01533679e+03
 4.17640688e+05 2.02007617e+04 2.21708125e+04 3.46844482e+02
 6.92770469e+04 9.38591719e+04 4.20859375e+04 3.47830371e+03
 2.84347469e+05 7.56789551e+03 4.35080352e+04 1.82658008e+04
 9.20799500e+05 1.10288690e+07 5.00790688e+05 1.87511475e+06
 5.64552490e+03 1.68125117e+04 2.84200742e+04 3.21558125e+04
 4.71667656e+04 6.37791406e+03 3.40296844e+02 4.17603640e+07
 2.38392754e+04 5.27401992e+04 3.67330786e+03 7.89549625e+05
 4.05862695e+03 1.25011201e+04 3.26193115e+03 1.07227617e+04
 5.90785107e+03 1.32975479e+04 2.06718262e+04 1.68248740e+07
 2.53418281e+05 9.43436035e+03 7.52721000e+05 1.19541025e+04
 2.61362281e+05 2.30452832e+04 3.97599675e+06 7.81748438e+00
 1.47092744e+04 2.28911331e+02 7.85815469e+04 6.34701025e+03
 1.01978662e+04 4.57795898e+04 2.40906470e+03 6.34335562e+05
 9.65361172e+04 1.55967578e+04 6.29375684e+03 4.47675800e+06
 1.55702266e+05 4.39203242e+04 2.05858535e+04 3.03410625e+05
 2.78895361e+03 5.02249688e+05 9.86464688e+04 6.48361719e+03
 3.02902250e+05 1.11916865e+04 6.20425950e+06 2.87581625e+06
 4.21508164e+04 2.10646533e+03 1.04454463e+04 2.59208184e+04
 1.39718574e+04 1.02152606e+06 1.74332305e+04 1.05620293e+04
 6.36861680e+04 1.23668193e+04 1.05350164e+05 2.72575957e+04
 8.11454688e+04 2.09287344e+04 4.04052578e+04 2.91182441e+04
 8.69108008e+03 4.59225625e+04 2.93097949e+04 3.84139750e+06
 2.33828535e+04 3.16155322e+03 5.21932764e+03 1.35782000e+05
 6.38519550e+06 1.19294188e+05 2.44042651e+03 4.86778125e+03
 1.48958682e+04 1.43333076e+04 1.41657832e+04 3.03301531e+05
 4.48780127e+03 3.41059250e+05 5.25949023e+03 1.45204906e+05
 1.86260020e+04 5.58351602e+04 3.44906079e+03 4.51404199e+03
 2.40431225e+06 9.88423125e+05 1.01985738e+06 1.08020225e+06
 3.87097729e+03 3.06841172e+04 7.72861035e+03 4.26033047e+04
 5.70060547e+03 8.98323906e+04 6.55632109e+04 1.36322158e+04
 4.54660430e+04 1.32511487e+03 1.93142891e+04 3.52724906e+05
 7.67518750e+05 9.44551773e+01 1.05325062e+06 9.54264609e+04
 3.35300250e+05 3.21123633e+04 3.42729279e+02 7.20282109e+04
 6.32499062e+04 6.87057500e+04 1.86879500e+06 1.16714785e+04
 8.30327539e+03 8.67783691e+02 5.55273250e+05 7.77227686e+03
 8.83159400e+06 2.63011680e+04 1.07868682e+04 2.12843375e+06
 1.75662246e+04 3.25458800e+06 1.29164050e+06 3.30273633e+04
 2.13127266e+05 7.07760812e+05 1.35462471e+04 2.31967234e+05
 6.17754336e+04 1.10370117e+04 5.38077490e+03 9.60204062e+05
 9.77903375e+05 9.04292344e+04 7.63343562e+05 8.50543457e+02
 2.89949375e+04 2.14529766e+04 1.85033711e+04 5.79625352e+04
 3.59893604e+03 5.08752502e+02 2.15517402e+04 1.59110312e+05
 5.18965039e+04 1.14968688e+06 2.57261225e+06 3.24308350e+03
 1.62235559e+03 1.36425062e+06 2.95181523e+04 1.62009873e+04
 9.38430391e+04 1.06977406e+05 8.19850688e+05 2.08235391e+04
 3.13258789e+04 7.87239355e+03 1.25625869e+04 5.48618591e+02
 8.39675200e+06 1.74550964e+02 3.68514375e+05 5.48122500e+04
 4.61848781e+05 2.80398156e+05 1.60922172e+05 2.18667441e+04
 9.86001172e+03 1.39485025e+06 6.93379395e+02 5.08650400e+06
 1.43726113e+04 1.44857236e+04 3.30992529e+03 9.46594824e+03
 1.44485950e+06 2.91343842e+02 3.67997250e+05 3.01705625e+04
 1.40818328e+05 3.33717617e+04 1.04122125e+05 2.66240879e+04
 1.27942957e+03 3.37385718e+03 2.02755332e+04 1.31828031e+05
 1.40208281e+04 1.21091438e+05 4.33069336e+04 2.83262406e+05
 3.33180809e+00 8.26243312e+05 6.74464400e+06 5.81920410e+03
 4.12864344e+05 1.89481988e+06 1.41240266e+05 2.08701312e+06
 8.89072266e+04 4.09399275e+06 2.81674805e+04 1.27305750e+05
 1.48097449e+03 4.15379102e+04 1.00065438e+06 6.59775391e+04
 3.44503398e+04 3.34126602e+04 7.57076438e+05 9.97460098e+01
 3.02646875e+05 1.23205566e+03 7.52378688e+05 2.53080762e+04
 7.27788438e+04 2.47999980e+04 3.55901276e+02 3.71311562e+04
 1.39534859e+05 2.82010010e+03 3.99913867e+04 2.61277881e+03
 6.59780938e+04 3.51782525e+06 3.98725049e+03 1.36200250e+05
 3.98345850e+03 6.10557324e+03 4.36737061e+03 8.45778672e+04
 9.12668750e+05 8.08124365e+03 1.19838105e+04 4.65933945e+04
 4.96756641e+04 1.39016844e+05 1.46289838e+06 2.54439400e+06
 7.63080312e+04 2.38573850e+06 1.15386297e+05 1.60536703e+05
 1.71263359e+04 1.13004578e+05 2.09658281e+05 6.93494336e+03
 1.27934805e+05 9.43286875e+04 8.17983105e+03 1.48679189e+04
 4.65860693e+03 6.66044873e+03 1.11613638e+06 6.45406750e+05
 1.95156738e+04 6.18876074e+03 1.07315258e+05 3.78313164e+04
 1.93381875e+04 5.67893555e+04 6.13151250e+04 9.14308906e+04
 2.08132988e+04 1.78997400e+03 1.89444703e+05 1.37296531e+05
 6.63025312e+05 2.04467700e+03 4.48474250e+06 2.32900641e+05
 5.24805188e+05 8.50461250e+04 1.52704406e+05 1.79234925e+06
 4.31915562e+05 5.73808105e+03 8.63958008e+03 2.90601688e+05
 2.15195215e+04 2.95199629e+04 1.51619609e+05 1.30180633e+05
 5.23941938e+05 9.69525375e+05 6.04532861e+03 8.09723291e+03
 2.00627406e+05 1.15138883e+05 4.84158750e+04 4.15291750e+06
 2.62981875e+05 7.72944062e+05 5.56229443e+03 1.07909600e+06
 1.93123000e+05 9.39544043e+03 1.22734314e+03 6.65022438e+05
 8.51217578e+04 2.09130254e+04 3.44726520e+07 4.33404053e+03
 2.46782422e+03 9.06048633e+03 5.66275375e+05 1.62627925e+06
 1.49747625e+05 9.94359188e+05 1.32264188e+05 2.48714136e+03
 8.62165527e+03 4.02578945e+04 1.15602954e+03 3.82880391e+04
 8.05680250e+05 2.10366650e+06 3.46342920e+03 4.71286656e+05
 5.51302673e+02 3.90691562e+04 5.62247656e+03 3.02581274e+03
 3.59809814e+03 4.05140430e+04 8.51125854e+02 2.05509023e+04
 4.54369050e+06 4.40994678e+03 1.46084346e+04 2.07604594e+05
 6.44336914e+04 1.87142993e+03 2.44155531e+05 1.28573273e+05
 1.49856260e+04 1.05448291e+04 5.87382109e+04 1.80520215e+04
 3.04725859e+04 3.98137969e+04 9.07860547e+03 1.00970383e+05
 3.90673555e+04 3.11126172e+04 2.53449539e+02 3.04471741e+02
 2.08995234e+04 1.32116885e+04 3.52401844e+05 4.56892812e+04
 1.11396338e+06 2.38313100e+06 5.34329250e+05 4.47876611e+03
 1.48433547e+05 6.13475117e+04 7.99089531e+04 6.89831484e+04
 7.17513672e+04 1.00650512e+06 2.71873325e+06 3.69676375e+06
 3.05241162e+03 3.90248926e+03 6.77915674e+03 2.72951895e+04
 1.01313344e+06 1.39077844e+03 2.18154932e+03 1.24704840e+07
 9.92249316e+03 4.79149531e+05 3.34079414e+04 2.04783145e+04
 1.02162686e+04 6.63485078e+04 1.14981138e+06 3.34345430e+04
 1.33866975e+06 6.99672375e+05 5.28883203e+03 9.14948203e+04
 4.59786172e+04 1.47044922e+03 2.50119180e+04 5.59062695e+03
 1.74238281e+04 8.70179812e+05 2.19703600e+06 8.62974121e+03
 1.13785508e+04 1.77839883e+04 8.99389648e+03 2.03229484e+05
 1.74524562e+05 5.59924883e+04 3.21455500e+05 2.86148926e+02
 2.23358770e+04 2.54361699e+04 7.01761562e+05 1.08248721e+04
 1.16341736e+03 1.18363992e+05 5.11866357e+03 1.51169800e+07
 9.05088203e+04 2.74929053e+03 1.84028595e+02 2.53653887e+04
 9.59634857e+01 1.09819668e+04 7.43450312e+04 1.18856797e+05
 5.19825049e+03 3.83127875e+05 2.38872090e+04 9.75451625e+05
 4.44071500e+05 8.14474531e+04 1.86442094e+05 6.11367041e+03
 7.53754639e+03 3.80642695e+04 1.38290195e+04 2.55794102e+04
 6.82756500e+05 1.66263708e+03 1.90841141e+05 1.42085000e+06
 1.77069983e+03 2.45284824e+04 2.46280344e+05 2.93199668e+04
 4.43016650e+03 2.43963965e+04 1.39579859e+05 1.44917125e+05
 6.43899062e+04 2.53706350e+06 1.24046504e+04 7.51210234e+04
 4.16396445e+04 8.37581445e+03 4.19908154e+03 3.46205650e+06
 2.92571777e+03 3.63052661e+03 6.40058105e+02 1.03289004e+04
 5.01713135e+03 7.16019434e+03 4.69875885e+02 5.20069727e+03
 2.54291973e+04 3.60244019e+03 1.90351953e+04 6.82964219e+04
 1.80481035e+04 1.15178438e+05 2.37281812e+03 7.59488812e+05
 3.01108960e+03 1.47927588e+04 1.34366396e+04 4.76091484e+04
 5.40470078e+04 8.86041992e+03 2.59098625e+05 2.39731812e+03
 1.69707559e+04 1.15235531e+05 2.10427516e+05 1.20374562e+05
 1.63049795e+04 2.50330137e+04 9.81701328e+04 8.02756312e+05
 1.17328906e+05 4.62482070e+04 2.69087090e+04 1.12847676e+04
 2.82980977e+04 8.99093555e+03 3.69443677e+03 3.49901000e+06
 1.36864344e+05 1.71197119e+03 1.76663172e+05 2.46375039e+04
 2.15145000e+05 1.87834844e+04 4.23315664e+04 3.33173531e+05
 3.52574219e+03 2.43349668e+04 6.35055300e+06 2.03076516e+05
 2.88251062e+05 5.07952734e+04 4.31981562e+05 5.77093789e+04
 3.18178175e+06 2.25591280e+07 1.63160283e+04 5.57755859e+04
 1.61872500e+04 1.80037975e+06 4.36342383e+04 5.20800830e+03
 1.56139109e+05 1.56460625e+04 1.16712844e+05 2.78681100e+06
 2.19374292e+03 4.01529712e+03 1.50293953e+05 4.84838898e+02
 1.08162922e+05 5.51555125e+05 1.04271387e+03 7.41292664e+02
 5.09673350e+06 7.81659717e+03 7.49618945e+03 1.90290967e+03
 6.95205312e+04 2.96149625e+05 2.01242358e+03 1.16430650e+06
 4.49482852e+04 1.34705693e+04 5.82675898e+04 6.33203467e+03
 1.32171859e+05 2.16313750e+05 3.27699938e+05 2.06500938e+05
 1.86561188e+05 4.51103594e+04 1.94274121e+04 5.44557188e+04
 9.07027188e+05 3.39694375e+04 1.35907109e+05 1.85546844e+05
 1.57936900e+06 6.29046367e+04 2.38737988e+04 6.97121436e+03
 1.20985262e+06 6.01929492e+03 1.55291000e+05 1.87536992e+04
 8.41695625e+04 5.44414404e+03 2.53370175e+06 6.12265156e+04
 2.11561855e+04 3.91131953e+04 4.16701523e+04 8.27922754e+03
 2.06260050e+06 4.31136172e+04 7.37495234e+04 1.31651266e+05
 4.47632250e+05 2.91386694e+03 1.47835205e+03 8.18471375e+02
 9.73087793e+03 2.11899023e+04 1.39868770e+04 6.85921338e+03
 9.60892688e+05 6.67833100e+06 3.41049656e+05 3.56056689e+03
 5.38558555e+04 1.16438383e+05 6.87386641e+04 2.13794453e+04
 1.44033078e+05 9.31160062e+05 4.33346729e+03 7.90626438e+05
 8.54537812e+05 7.47042250e+06 7.67587125e+05 1.55641162e+04
 1.46260156e+04 2.61373613e+04 7.46543438e+04 6.66904600e+06
 2.86510688e+05 3.23694873e+03 5.24675938e+04 6.91951318e+03
 5.66662625e+05 2.16304565e+02 7.36721328e+04 5.41633047e+04
 7.87201250e+04 6.51589812e+05 4.05768242e+04 3.07334781e+05
 1.04002966e+03 1.85196562e+05 4.33480127e+03 3.76177656e+04
 1.56168738e+06 3.11106055e+03 3.21573844e+05 8.91433008e+03
 1.07218550e+07 4.18053760e+03 2.81466621e+04 1.37533164e+04
 2.30486594e+05 8.62565703e+04 2.07432781e+05 7.40516357e+02
 8.09841719e+04 2.77398500e+05 1.17293506e+04 1.32967944e+03
 8.41501094e+04 9.60808047e+04 3.16570972e+03 4.22671953e+04
 1.73961112e+06 1.09086838e+06 2.98037637e+04 7.81759188e+05
 9.80130625e+04 7.13339404e+03 7.25348000e+05 8.98676660e+03
 3.65900906e+05 1.12977195e+05 1.78884863e+04 2.15572391e+05
 2.01585000e+05 5.67446758e+04 6.01711000e+05 9.36894500e+05
 3.74959141e+04 1.55110800e+06 3.33393750e+05 9.47056055e+03
 2.29205266e+05 5.41781094e+04 5.72532800e+06 1.45418740e+04
 6.97722031e+04 5.04095752e+03 3.58436680e+04 1.82509172e+05
 1.42116438e+05 5.11972266e+03 4.60549072e+03 3.53834058e+03
 4.68852656e+04 8.53830781e+04 8.15667062e+05 1.28699180e+04
 7.37875830e+03 3.27679248e+03 3.56623250e+05 6.12514141e+04
 9.27981938e+05 6.03895742e+04 1.89773792e+03 1.32178926e+04
 8.46260469e+04 5.28741846e+03 6.37979125e+05 1.65914404e+03
 4.32821000e+05 2.37733105e+04 1.88657246e+04 3.61115234e+04
 4.39931738e+03 8.65027954e+02 1.09622125e+06 1.74713125e+04
 4.58228516e+03 2.95396150e+06 6.92877422e+04 2.60234675e+06
 2.05529400e+07 7.74556055e+03 1.39934838e+06 4.50820410e+03
 4.99977734e+03 7.54047852e+03 6.43695156e+04 4.18969141e+04
 1.03072100e+04 2.01432953e+05 3.34519975e+06 5.64466431e+02
 7.13001438e+05 9.45444700e+06 8.24964531e+04 2.37129785e+04
 3.66485547e+04 1.39235500e+07 6.77328467e+03 6.78176641e+04
 8.22527969e+04 4.41717920e+03 6.97902578e+04 3.32781616e+03
 1.65441266e+05 7.58839188e+05 1.36822328e+05 3.33135200e+06
 2.66637094e+05 9.77152250e+05 4.15613098e+02 3.31215742e+04
 1.57102797e+05 1.59161250e+06 1.92535547e+05 9.36551392e+02
 1.16595254e+04 5.29563900e+06 1.15218400e+06 1.15873162e+06
 9.39563800e+06 7.79337250e+05 3.22282324e+04 2.41305449e+04
 2.39137842e+03 1.27412646e+04 1.24722250e+07 1.87346560e+07
 6.24566172e+04 6.79868062e+05 2.56800391e+04 9.94137695e+03
 1.81593625e+05 5.69080500e+05 1.29363320e+04 1.42399781e+05
 7.87760625e+05 9.46228882e+02 5.22165469e+04 1.77531425e+06
 2.06123672e+04 3.28732070e+04 1.03391719e+04 1.39343457e+03
 2.00089719e+05 7.59793750e+04 4.07088050e+06 4.93620068e+03
 7.75488672e+03 7.20023633e+03 5.09360859e+04 7.38082031e+04
 1.60543594e+04 1.02276055e+04 1.71485338e+06 7.61778870e+02
 9.75464766e+04 3.89258960e+03 3.05996328e+04 1.62175875e+06
 1.85560125e+06 1.65201388e+06 2.55892406e+05 3.36941625e+05
 1.03302039e+05 1.48545562e+05 7.35086016e+04 1.10886475e+03
 1.20080176e+04 6.95814062e+05 1.37615800e+06 2.68897734e+04
 2.76263418e+04 3.75683516e+04 2.85068301e+04 2.13143140e+03
 7.99403812e+05 3.68704500e+05 7.03447550e+06 1.95540918e+04
 1.13315430e+05 5.78129688e+03 3.56152734e+03 2.06678496e+04
 3.52302216e+02 4.37833594e+03 3.82459406e+05 5.15331758e+04
 9.62066953e+04 3.20706504e+04 2.87546924e+03 2.08305664e+04
 4.15096445e+04 4.15374688e+04 3.27017156e+05 1.99801828e+05
 3.50828680e+07 3.18412062e+05 5.68532656e+04 7.27244995e+02
 6.09873281e+04 8.64377637e+03 2.46478422e+05 8.18665625e+03
 9.75509277e+03 6.55707861e+03 1.32811816e+04 1.06054328e+05
 8.66601172e+04 1.63744910e+03 2.22167922e+05 9.07801312e+05
 4.31650757e+02 9.70221558e+02 2.91185605e+04 1.86318469e+05
 9.94335352e+03 1.92334844e+04 8.32556250e+03 1.34019814e+04
 7.85675625e+05 2.36219551e+04 2.53058984e+04 9.85004438e+05
 6.82266309e+03 4.51741172e+04 1.90664139e+02 2.03662610e+03
 1.19754000e+05 1.81356958e+03 3.72765700e+06 7.32238875e+05
 2.97832104e+03 2.88817109e+04 2.19347632e+03 1.10778412e+06
 2.18526109e+05 3.22956250e+03 5.96771914e+04 8.64592109e+04
 1.04087588e+04 2.63731567e+03 2.99166312e+05 3.47160000e+04
 3.11551969e+05 1.41464661e+03 2.45858105e+03 5.04433643e+03
 3.46550750e+06 9.74214438e+05 1.79331938e+05 3.17108672e+04
 7.47001562e+04 2.47131825e+06 4.61311531e+05 6.33189961e+04
 3.35509375e+05 2.01021582e+04 9.75269824e+03 3.02925220e+07
 1.09322383e+05 1.00682894e+06 1.82276250e+04 2.61128703e+05
 7.57428513e+01 7.94526514e+03 2.26527500e+05 4.44277393e+03
 1.15647588e+04 3.65587227e+04 4.17872963e+01 7.83457700e+06
 2.98150400e+06 3.06048594e+04 8.12005625e+04 2.41119516e+05
 1.16469326e+04 1.08081575e+06 2.27102695e+04 9.85298875e+05
 6.57878125e+03 2.31247715e+04 2.58490020e+04 1.25630575e+06
 6.77216688e+05 1.16048475e+06 3.47096075e+06 4.99176484e+04
 1.33044453e+04 1.12024834e+04 1.25695862e+03 1.15058938e+06
 5.38261062e+05 8.94466953e+04 6.12329834e+03 2.13988016e+05
 5.07088200e+06 2.80940500e+06 4.78370039e+04 6.24754453e+04
 1.83800359e+05 5.33397754e+03 1.32039891e+05 8.10853359e+04
 7.03413232e+03 1.03101299e+04 1.89580508e+04 3.50476719e+04]
