[5.55161182e+03 2.07858017e+02 2.34057922e+02 9.04279395e+03
 2.54574936e+02 4.62182617e+03 1.33625885e+02 4.50669043e+03
 3.35987213e+02 1.30972931e+02 6.95950391e+03 1.14479691e+02
 2.44752266e+04 1.48249609e+03 2.80680447e+01 4.16414307e+03
 2.43615646e+02 1.20702917e+03 1.10109053e+04 2.34074082e+04
 2.00087854e+03 1.08604004e+03 1.32345732e+04 2.04791621e+04
 1.04442360e+02 8.84632324e+03 2.54147375e+05 1.22403406e+03
 2.56416821e+03 2.70648315e+02 6.44368066e+03 1.74992297e+03
 4.97946358e+01 1.03421791e+02 6.52666748e+02 1.79724658e+03
 6.35059631e+02 1.09848926e+03 1.81245865e+02 6.50117569e+01
 1.77029022e+02 7.31887744e+03 8.45620193e+01 2.19386948e+02
 1.90144653e+02 7.71362152e+01 1.12465918e+03 6.30604370e+02
 2.37707336e+02 3.74943695e+02 1.06955066e+03 3.04511279e+03
 7.25243835e+01 3.35954219e+04 8.68911255e+02 3.93645599e+02
 4.63081006e+03 6.68622422e+04 2.49566357e+03 1.31745007e+03
 1.45614238e+04 6.82285303e+03 4.22105957e+02 2.31819336e+03
 1.52138489e+02 1.23776746e+03 3.19901123e+01 7.94781311e+02
 1.49491531e+02 6.99707959e+03 1.38811386e+02 2.33249100e+02
 3.62259613e+02 2.61032593e+02 8.63127258e+02 4.95861230e+03
 1.36126831e+03 3.39859009e+02 1.38291351e+02 7.66336914e+03
 2.50438794e+03 2.50834692e+03 5.51453796e+02 6.46067871e+02
 5.16918516e+00 1.35368347e+02 7.92831360e+02 9.95841446e+01
 3.20272949e+03 1.03087119e+04 2.03211938e+03 1.14315430e+04
 2.40779526e+02 2.34803028e+01 4.30398291e+03 1.43120972e+02
 3.48835034e+03 1.10536201e+04 3.43100403e+02 2.79821587e+01
 3.14939014e+03 1.09978592e+02 3.90265845e+03 3.37917969e+02
 1.09595740e+03 1.67291602e+03 2.21971649e+02 7.41567421e+00
 4.33051117e+02 4.48012543e+01 2.83248138e+02 1.26282092e+03
 7.65865326e+01 6.49934863e+03 1.87391821e+03 1.44335602e+02
 1.15368477e+02 3.10192324e+04 5.08279004e+03 5.82598022e+02
 7.52010840e+03 3.27641113e+02 9.61007751e+02 1.23062903e+03
 1.04577217e+02 7.18095886e+02 2.53064442e+01 5.92040869e+03
 2.34666702e+02 1.97917383e+03 1.12745087e+02 1.56759424e+03
 8.13176193e+01 7.33816345e+02 1.30611353e+03 6.15264038e+02
 3.41450012e+02 1.07991646e+02 1.62742676e+02 5.33291504e+02
 6.48768425e-01 1.93336868e+02 4.66651917e+01 8.78484428e-01
 1.42412256e+03 3.63879395e+01 9.35805664e+01 8.60674023e+03
 8.20984668e+03 2.00670258e+02 9.03154907e+02 1.13194870e+02
 8.74446594e+02 1.26538305e+01 2.18732300e+03 3.72484131e+03
 2.36196732e+02 2.39184375e+04 1.98461334e+02 2.89641934e+04
 2.12273901e+03 6.24526672e+01 6.28589905e+02 2.96870923e+03
 5.53045850e+03 2.33852203e+02 3.29726372e+01 1.91447144e+03
 1.64059351e+03 2.22646167e+03 3.12177429e+02 1.97948218e+03
 2.26453223e+03 2.25108496e+03 8.53277771e+02 4.88516162e+03
 3.49965851e+02 8.09561691e+01 6.14551807e+03 1.62736445e+04
 3.23949927e+03 5.94618469e+02 6.48192930e+04 5.07427588e+03
 2.12766388e+02 1.42897018e+02 2.88761597e+02 1.58748611e+02
 2.14791040e+03 1.19825661e+02 5.79751465e+03 7.27679382e+02
 1.49830542e+03 5.41009399e+02 5.17310791e+03 8.68241425e+01
 2.89284844e+04 1.15790413e+02 2.04219193e+02 3.74895874e+02
 2.18436011e+03 1.37222131e+03 5.57433789e+03 5.80681519e+02
 5.52544961e+04 2.79918574e+04 5.56102356e+02 1.34618811e+03
 2.10212128e+02 1.93078136e+01 3.67956268e+02 6.49407227e+02
 6.90464249e+01 4.14374847e+01 1.09378406e+03 7.25944092e+02
 1.64718237e+03 1.06818115e+03 4.38258301e+02 1.44291687e+03
 4.09107330e+02 1.91923126e+02 6.04111206e+02 5.05607373e+03
 1.08578835e+02 2.56298309e+02 2.42724243e+03 5.24930000e+01
 9.99274719e+02 5.23553406e+02 2.85798169e+03 8.77817261e+02
 6.71060645e+03 1.97361889e+01 2.26435593e+02 1.24802744e+04
 1.77006372e+03 7.05339661e+02 4.34836426e+01 3.62445007e+02
 9.87814514e+02 3.57569580e+02 4.41801880e+02 2.11206104e+03
 6.20614075e+02 1.30869580e+03 6.94886093e+01 3.44756787e+03
 1.51714249e+02 1.25961074e+04 9.34386719e+02 6.64701080e+00
 3.17355743e+02 1.53417419e+02 2.30965061e+01 1.48609756e+02
 2.80485046e+02 1.15764969e+02 3.11804993e+02 3.09528015e+02
 2.70471387e+04 1.60658051e+02 1.17201160e+03 3.57578394e+03
 8.38263321e+00 1.25646094e+03 1.88935022e+03 3.07420898e+02
 2.23784790e+03 9.67886426e+03 6.66272507e+01 2.16309258e+04
 1.23080872e+03 7.00944397e+02 2.08616133e+04 1.03860828e+03
 1.38376055e+04 2.84018281e+04 3.76325244e+03 1.83115698e+03
 1.50961731e+03 9.51765060e+01 1.83851547e+02 6.20465210e+02
 1.57062561e+02 7.70099640e+01 7.51083130e+02 3.11810889e+03
 5.50523682e+02 4.26630762e+03 3.39789492e+04 1.60232803e+02
 2.40667432e+03 1.22244759e+02 2.64816138e+03 3.35616379e+01
 2.52992859e+02 2.28228418e+03 4.06726245e+03 1.08197655e+02
 1.63745801e+03 7.86898346e+01 1.59994080e+03 1.11081748e+04
 8.63226990e+02 4.21575312e+04 1.93111829e+03 8.97951050e+02
 1.60290515e+03 8.54545288e+01 1.17776894e+02 2.75358032e+03
 8.06933125e+04 1.40140961e+02 2.29913040e+02 1.37498865e+03
 1.60897522e+03 2.47946387e+04 4.23733887e+03 1.45133691e+04
 1.01103989e+02 5.19237158e+03 9.99647766e+02 9.18544434e+02
 1.06730654e+04 3.83363525e+02 1.99693809e+04 6.65970337e+02
 1.18097974e+03 5.92320801e+03 1.70502612e+03 4.92652054e+01
 1.04265637e+03 9.17106628e+02 1.92720654e+03 9.85767441e+01
 6.64552490e+02 2.20883862e+03 2.12755723e+04 2.39816635e+02
 7.62096313e+02 8.65252502e+02 2.38042920e+03 8.02660938e+03
 2.24871606e+03 4.62067352e+02 4.03793091e+02 1.53238940e+03
 1.37080518e+03 7.71907104e+02 8.31388977e+02 7.04907129e+03
 6.40597107e+02 1.06176929e+01 5.32159668e+03 2.00773392e+02
 4.97609520e+00 1.48989868e+02 3.62941456e+00 2.22056787e+03
 8.80953430e+02 4.66541357e+03 1.36073535e+03 3.09973564e+01
 4.26012012e+03 1.17161582e+04 5.17745422e+02 1.63404541e+03
 2.86900879e+04 1.65524155e+02 7.44009375e+03 7.43403516e+03
 8.04244297e+04 4.04735889e+03 2.13659210e+02 2.22932349e+03
 2.53714941e+04 4.97771149e+01 1.96761035e+03 2.12004578e+02
 7.33943726e+02 3.41635803e+02 2.67714922e+04 1.43450821e+02
 2.11744949e+02 2.54522980e+02 2.50432666e+03 4.17381935e+01
 5.27770630e+02 1.08489612e+03 9.39748145e+03 7.39198151e+01
 8.10150391e+02 1.27964905e+03 1.03913521e+02 1.61430029e+03
 8.92498657e+02 8.29269104e+02 1.65072668e+03 2.59275742e+04
 1.44980316e+02 1.52281946e+03 1.25037336e+01 1.51451187e+02
 1.17441431e+03 3.26697540e+02 3.90536957e+02 9.56399475e+02
 3.51575938e+04 1.38362167e+02 3.52449921e+02 1.47383032e+03
 4.09103210e+02 1.04776360e+02 1.74809875e+03 6.14217773e+03
 5.00098846e+02 1.76828522e+02 8.12982971e+02 2.00053333e+03
 3.67377197e+03 9.50153137e+02 1.51448914e+02 2.52108301e+03
 6.90982617e+03 2.29365829e+02 6.49490918e+03 2.69677826e+02
 2.07670762e+04 4.70324127e+02 1.68161972e+02 1.14991626e+03
 6.31675224e+01 5.45309648e+04 1.15326286e+02 2.32650195e+03
 5.98497238e+01 8.55140533e+01 1.36272095e+03 1.16926025e+03
 3.04639258e+03 9.81621582e+02 2.60598511e+03 1.58245576e+04
 2.26612518e+02 2.44448593e+02 5.32855408e+02 9.85870605e+03
 8.69740112e+02 4.84132843e+01 3.74931221e+01 2.81704219e+05
 8.81814804e+01 4.40758789e+03 2.98228424e+02 6.79974365e+02
 2.53585472e+01 8.14122681e+02 9.59765332e+03 3.26006500e+02
 4.67455383e+02 6.66425720e+02 1.57986914e+03 6.88081665e+02
 4.44611938e+02 4.19492798e+02 2.93839282e+03 7.48668623e+00
 5.74518471e+01 3.23755840e+04 2.88060944e+02 3.27144135e+02
 1.24657188e+02 3.83337921e+02 1.17222046e+02 5.16065636e+01
 2.61207489e+02 2.03307770e+02 5.08865479e+02 3.74712671e+03
 2.25004468e+03 7.72235303e+03 3.82826309e+01 1.28952972e+02
 1.85522485e+03 6.83055811e+03 4.41544876e+01 7.55614297e+04
 1.27033508e+03 7.58790283e+02 1.98749805e+03 2.26050122e+03
 4.78242859e+02 1.30394495e+03 4.01138184e+02 5.84804840e+01
 5.89042236e+02 5.09925830e+03 1.04355017e+03 2.64576721e+02
 4.00158310e+01 3.31586353e+03 4.57961621e+03 1.08926599e+03
 2.02314682e+02 4.29840332e+03 1.77178589e+02 6.67246887e+02
 2.61462402e+02 3.23952026e+02 9.04143448e+01 2.07114258e+03
 1.36094177e+02 2.18435303e+02 4.21762543e+02 2.05233414e+02
 1.73105234e+04 7.27499573e+02 5.91632080e+02 6.43916138e+02
 9.98120422e+01 6.75758906e+04 1.22024622e+03 4.49805713e+03
 2.68761749e+02 2.19994980e+02 1.31462921e+02 4.40828467e+03
 1.93545135e+02 6.18253632e+01 6.03080902e+01 4.00179052e+00
 4.96683228e+02 1.53320435e+03 1.62061523e+02 1.60925476e+02
 2.76084692e+03 6.37880078e+03 5.07223053e+01 7.13832031e+03
 2.55789246e+02 1.01714766e+04 8.05370483e+01 9.26861023e+02
 1.00317375e+02 5.33614062e+03 4.07964691e+02 5.30768394e+01
 2.32508667e+03 5.91176636e+02 1.57472412e+03 1.35816284e+02
 1.00027002e+03 2.73832344e+04 9.06002869e+02 6.09710645e+03
 2.27668530e+03 6.91887329e+02 1.48200851e+02 9.85224304e+02
 1.87059668e+04 2.54228806e+02 5.27694016e+01 5.93799629e+01
 7.87439651e+01 2.23462891e+02 5.42338074e+02 7.51097656e+04
 1.02000983e+03 1.43067041e+03 2.93741260e+03 4.99061963e+03
 1.78217715e+04 6.94779053e+03 2.09070923e+03 5.81745239e+02
 6.12921875e+02 2.43041428e+02 1.46696660e+04 3.99105492e+01
 3.56900977e+04 1.58618336e+01 1.61805947e+04 2.08095483e+03
 1.49862878e+03 1.04812559e+04 7.26814148e+02 8.37000061e+02
 4.80432037e+02 1.62020950e+02 1.37189561e+04 8.92729797e+02
 1.33435822e+02 9.36709351e+02 1.33546921e+02 4.71720367e+02
 3.35471344e+02 7.84046265e+02 2.01188340e+04 6.30376396e+01
 1.54176143e+04 3.90311792e+03 7.87764221e+02 4.34582977e+02
 7.46202930e+03 2.68593799e+03 2.27219702e+03 3.20686920e+02
 5.67280334e+02 1.21140234e+04 6.24734436e+02 4.86529999e+01
 8.65988770e+03 3.77566467e+02 6.08087921e+01 8.20709045e+02
 1.22768887e+04 9.70186157e+02 1.73237503e+00 1.72642105e+02
 5.75557098e+01 1.82190332e+03 7.06094666e+02 3.25741386e+01
 1.28737134e+03 2.67580835e+03 4.75367966e+01 5.11562805e+01
 1.33949878e+03 1.13903955e+03 4.94380176e+03 1.71046570e+02
 7.11750488e+02 3.69931152e+02 9.69720032e+02 1.85490742e+01
 2.60855865e+02 1.34143051e+02 5.44570898e+03 5.73248926e+03
 2.74652124e+03 1.60148706e+03 3.77815361e+01 3.04929771e+01
 2.86519004e+04 5.00553665e+01 2.80427185e+02 2.59702148e+03
 1.45037628e+02 5.54744141e+02 1.11137878e+02 3.21166748e+02
 1.85984375e+02 1.47405640e+02 6.69671082e+02 2.88576317e+01
 1.11453198e+03 2.63111953e+04 1.37091217e+02 1.31904116e+01
 4.96979706e+02 2.38244019e+03 3.52650977e+03 3.57336464e+01
 1.02366400e+03 1.26081352e+01 1.37991272e+02 4.22006714e+02
 5.00233398e+02 2.44856372e+03 3.93346445e+04 6.22025085e+02
 6.99946411e+02 5.82189827e+01 1.05715912e+02 1.83152698e+03
 2.35172333e+02 1.23204480e+03 1.32430933e+03 8.22160721e+01
 1.47914453e+03 1.81863289e+01 2.43059143e+02 1.15042023e+02
 7.98617383e+03 4.16147003e+02 7.50294399e+00 9.73285095e+02
 5.55741043e+01 7.28034326e+03 4.04627953e+01 5.26916455e+03
 3.19533844e+02 2.82129834e+03 3.34868286e+02 4.10889496e+02
 2.82121460e+03 2.04387195e+03 3.31903168e+02 1.94719727e+02
 3.57737064e+00 8.40719055e+02 1.01470831e+03 1.40859268e+02
 4.61542480e+02 2.40394638e+02 1.26728052e+03 6.39819794e+01
 9.19837418e+01 8.62223145e+02 1.45680635e+04 1.64346228e+03
 5.77950806e+02 1.63801484e+04 2.83143646e+02 1.94757363e+04
 1.74077148e+04 2.34506226e+02 7.93148071e+02 1.81351425e+02
 5.02057495e+01 6.11675964e+02 3.77124725e+02 8.14240845e+02
 2.80618103e+02 2.56067688e+02 3.81158643e+03 5.70844414e+04
 3.44370605e+03 9.51040918e+03 2.58729858e+02 1.13725488e+03
 5.70517920e+03 1.14766318e+04 7.10456494e+03 1.38225903e+03
 2.51050903e+02 9.55326080e+01 7.79574854e+03 2.69170547e+04
 1.18786807e+04 1.15721825e+02 1.90994617e+03 2.55232346e+02
 2.45743225e+02 5.97610596e+02 3.58449258e+04 5.63495850e+03
 4.23409332e+02 3.56095032e+02 1.86664395e+04 8.65348755e+02
 3.99118622e+02 1.33681482e+03 6.51802856e+02 2.35925757e+03
 1.01266687e+03 2.50965576e+02 2.42691895e+02 9.99628662e+02
 3.59296875e+03 4.29035919e+02 6.55406067e+02 4.84768860e+02
 7.43276245e+02 7.14937897e+01 1.48261353e+02 3.77699463e+02
 1.84556366e+02 6.61156799e+02 8.06980530e+02 4.70378998e+02
 9.07441309e+03 2.44326508e+02 1.08123059e+03 6.82080994e+01
 7.37604218e+01 6.88620178e+02 1.41617722e+02 4.72333313e+02
 2.85614575e+03 1.08733972e+03 4.12563428e+03 1.15126086e+03
 1.07416069e+02 1.12939609e+04 7.61599182e+02 5.18309204e+02
 2.14262497e+02 1.80173702e+01 1.27372955e+02 2.28426987e+02
 3.74965057e+01 6.52232605e+02 5.71204395e+03 1.70518356e+02
 5.51975781e+03 1.50870407e+02 6.21975537e+03 4.89023865e+02
 6.90436157e+02 1.01235095e+03 2.45633130e+03 4.08401831e+03
 2.30998511e+03 3.35014819e+03 6.59525574e+02 1.69564331e+02
 2.14141022e+02 1.57695642e+03 8.95469818e+01 1.12410474e+03
 9.43881152e+03 3.51705750e+02 1.38561829e+03 1.50698181e+03
 2.79689117e+02 3.37591382e+03 1.28435364e+03 4.29130625e+04
 8.22648535e+03 1.29279129e+02 3.73072388e+03 3.30536206e+03
 3.12150781e+04 1.79009497e+03 3.54049622e+02 8.43001282e+02
 2.16401978e+03 5.87152283e+02 6.46870898e+03 1.09968281e+04
 3.44702515e+02 1.85250049e+03 1.68643417e+02 1.47094788e+02
 1.07734521e+03 1.23389305e+02 8.76585449e+03 2.22312027e+02
 1.35231372e+03 2.71095886e+02 1.71147021e+03 1.17946729e+04
 1.12075790e+02 1.68164233e+03 1.47828171e+02 7.53017807e+01
 2.14439062e+03 4.93144653e+02 9.05353516e+03 4.77112579e+02
 8.96659119e+02 3.94644263e+03 1.48038684e+03 4.28232086e+02
 6.19890527e+03 2.28875605e+04 1.38430127e+03 1.39036157e+03
 4.58222266e+04 6.62624084e+02 3.58946460e+03 5.19534363e+02
 3.97259204e+03 2.53399544e+01 4.84998589e+01 3.04188934e+02
 6.08052246e+03 1.39240930e+03 9.58228320e+03 2.70214331e+03
 9.80752441e+03 9.60198212e+01 6.91558289e+02 4.95367725e+03
 2.99535181e+03 8.71279373e+01 1.86122818e+02 4.32117090e+03
 1.09936243e+03 1.25364343e+03 2.33394684e+02 1.31217651e+03
 1.16488242e+04 4.09396515e+02 1.05007168e+04 1.04334277e+04
 2.29646660e+04 4.19006805e+02 1.47264084e+02 6.27047314e+03
 2.11202930e+03 3.17999039e+01 1.69755722e+02 1.68476315e+01
 4.46231689e+01 8.58959595e+02 1.33210388e+03 8.58061914e+03
 2.41986011e+03 6.77424927e+01 2.23991760e+02 9.42566490e+00
 1.49292578e+03 1.90508289e+03 1.77764267e+02 2.74565857e+02
 2.57245850e+03 3.06545337e+03 6.66419144e+01 1.53221146e+02
 5.50228223e+03 1.28750098e+03 6.71818213e+03 2.74056702e+02
 9.46932861e+02 8.88018945e+03 1.43592048e+00 1.00806816e+02
 4.99583301e+03 8.79926376e+01 5.43673145e+03 2.08064136e+03
 5.15756042e+02 1.58121716e+03 5.64114857e+00 4.92938770e+03
 7.81382935e+02 1.44228870e+03 4.39607617e+03 6.33987808e+01
 2.17223587e+02 4.04123871e+02 1.51384424e+03 2.39562134e+02
 4.07022217e+02 1.65327682e+02 4.31055573e+02 5.02692920e+03
 1.45734033e+03 4.99927855e+00 2.93667774e+01 1.02287341e+03
 1.70716465e+00 5.08222998e+03 1.17960264e+04 7.44356384e+01
 1.05858667e+03 2.84857452e+02 1.07902588e+03 5.70541938e+05
 3.65583203e+03 2.83119312e+03 6.22739807e+02 9.53674121e+03
 1.26805359e+02 3.25643433e+03 1.68920645e+04 1.10214958e+02
 2.14451187e+02 1.07078589e+03 1.36467010e+02 6.13477051e+03
 1.38979993e+03 2.48345337e+02 1.59274646e+03 3.17243835e+02
 1.94473535e+03 4.87086548e+02 5.13989014e+02 4.00443555e+03
 2.35863086e+03 6.39750391e+03 9.61261673e+01 2.68250141e+01
 6.36136094e+04 1.20629480e+03 3.51216919e+02 1.40775543e+02
 9.35521790e+02 6.29310486e+02 2.52252783e+03 1.06103781e+05
 3.43001172e+03 1.03818633e+04 2.05712799e+02 3.96062720e+03
 1.80184590e+04 1.72103845e+03 1.58954773e+03 4.73782227e+04
 3.39955109e+02 9.57309570e+02 8.81601660e+03 9.45289795e+02
 2.25470932e+02 4.72443771e+00 2.40147034e+02 4.92268750e+03]
5024.9995
570541.94
