[3.80079712e+02 9.87770996e+02 8.08527222e+02 1.43843896e+03
 6.77107666e+02 2.59577539e+03 2.99509216e+02 1.23431348e+04
 2.40084043e+04 1.32371045e+03 1.38369805e+04 7.25615723e+03
 1.32371680e+03 5.18482161e+00 1.60810571e+03 1.11552588e+03
 3.75471535e+01 2.26741760e+02 8.78418121e+01 4.01595898e+03
 2.85356396e+03 6.13511162e+01 4.44616094e+04 7.60012634e+02
 1.13731728e+01 4.04554590e+03 1.80516641e+04 1.49904993e+03
 4.91170311e+01 1.01766563e+02 1.43786792e+03 2.07198242e+03
 5.52478906e+03 5.62059692e+02 4.74460999e+02 1.54684464e+02
 1.61796448e+03 2.50093948e+02 3.28623877e+03 1.64302504e+00
 1.44208438e+04 1.53742761e+03 9.69753809e+03 2.11826904e+02
 4.86889209e+03 3.22685864e+03 6.16004802e-02 1.43108948e+02
 9.66977295e+02 1.76516833e+03 1.14522424e+03 5.77124609e+03
 3.28316841e+01 3.77387188e+04 3.18347855e+01 2.89779468e+03
 2.98743073e+02 4.51621680e+04 4.07275116e+02 1.55790726e+02
 5.65682178e+03 1.57270172e+02 8.25447876e+02 5.65709961e+02
 1.79153915e+02 3.11382383e+04 1.62264053e+02 1.91108246e+01
 2.96322119e+03 1.17933574e+04 6.81233215e+01 4.83837013e+01
 1.88220016e+02 3.97193359e+03 1.07936816e+03 5.76085663e+01
 1.15290063e+03 9.22838867e+03 1.35022964e+02 6.49042285e+03
 1.94091019e+02 2.70738049e+01 5.44773369e+01 5.58088074e+02
 2.00028931e+03 3.35367004e+02 6.90440918e+02 4.14929077e+02
 3.69458008e+03 5.69293604e+03 3.38508154e+03 1.58411543e+04
 8.56002731e+01 7.70824707e+02 1.39105342e+04 5.78240547e+01
 1.11328354e+01 4.11438281e+03 4.08683862e+03 2.09043674e+01
 2.70395142e+03 4.19900830e+03 1.87878125e+03 1.25605873e+02
 8.48595215e+02 1.07234337e+02 3.29511575e-02 2.38559253e+03
 7.99237732e+02 1.23283318e+02 1.90474048e+03 2.63408276e+03
 8.62279358e+01 2.07335449e+03 6.81798682e+03 2.82353442e+03
 7.88333740e+01 7.89385840e+03 1.64103723e+03 1.98286343e+01
 6.24845459e+02 3.19039111e+03 1.24617065e+03 1.35747051e+04
 3.35839429e+03 4.51230347e+02 1.27785210e+02 1.86166443e+02
 2.52144424e+02 1.52478836e+02 1.10333276e+03 2.05286591e+02
 1.22650887e+02 3.81035614e+01 6.00939484e+01 4.28277191e+02
 2.38573242e+03 1.26377380e+02 2.28088226e+02 9.56929626e+01
 1.03526184e+03 3.53772412e+03 1.55387168e+04 5.24984570e+03
 3.40525708e+03 6.33805084e+01 7.62595673e+01 1.70944473e+04
 1.40673711e+04 5.46260986e+03 7.44182068e+02 1.27604724e+03
 2.35834335e+02 3.35203308e+02 6.56921265e+02 6.84929504e+02
 9.06001205e+01 1.17311462e+03 5.48561829e+02 7.48542627e+03
 5.85946838e+02 5.27671936e+02 1.40386429e+02 1.61768799e+02
 1.74060510e+03 2.49014473e+00 1.99569569e+01 2.46640076e+02
 8.23241882e+02 4.79664062e+03 1.18736848e-01 1.04735954e+02
 2.85769165e+02 1.86232239e+03 3.51323657e+03 2.92589539e+02
 1.40305615e+03 1.66561569e+02 2.12685089e+02 5.34757373e+03
 1.14026306e+03 1.33721298e+02 2.54360376e+03 7.05948096e+03
 4.25347168e+02 7.09365234e+02 3.43891998e+02 5.56582031e+02
 8.84944397e+02 1.16343842e+02 8.63923730e+03 2.35330620e+01
 1.13879023e+01 6.21376305e+01 1.78587344e+04 1.11940620e+02
 1.06352747e+03 6.15543091e+02 1.07230515e+02 2.11249268e+03
 1.51361829e+03 1.71326111e+03 6.21334619e+03 8.64474243e+02
 4.28859023e+04 1.12499502e+04 1.02907578e+02 3.63879456e+02
 1.05109367e+02 1.30510666e+02 2.44304230e+02 3.51970947e+02
 2.62764526e+02 9.68561426e+03 1.41534814e+03 1.54759506e+02
 2.79551270e+02 1.09382874e+02 2.61247021e+03 2.94960889e+03
 4.19438110e+02 1.12648605e+02 9.08204193e+01 6.51729395e+03
 2.06322647e+02 6.04724854e+03 1.77072098e+02 1.29710464e+01
 3.31937256e+02 4.79773486e+03 1.38049652e+02 1.73643433e+02
 4.85283301e+03 1.27517017e+03 2.13382797e+01 2.90240234e+03
 4.02134562e+00 1.25705383e+02 3.39970093e+03 1.31003510e+02
 1.27732197e+04 1.09144080e+03 2.08436401e+03 6.45393311e+03
 3.27672150e+02 1.05339851e+02 3.33964661e+02 2.42231421e+03
 4.23400879e+03 6.91654297e+04 4.43618851e+01 2.04459717e+02
 2.19160736e+02 2.43443680e+02 2.95160614e+02 9.37893963e+00
 3.31224194e+03 3.66321907e+01 2.70478424e+02 1.73095264e+03
 1.23900293e+04 2.63014551e+03 2.46449707e+02 1.32222473e+02
 1.25219925e+02 6.12777344e+02 1.81617050e+02 4.48162262e+02
 7.39831360e+02 2.02216418e+03 1.64913376e+02 7.23330371e+03
 9.01652649e+02 6.23079224e+02 7.09396606e+02 9.91668625e+01
 1.44215564e+03 1.01108945e+04 6.44926331e+02 4.09115088e+03
 6.36787292e+02 3.05910400e+02 2.98804688e+02 1.57593628e+02
 7.12865219e+01 5.00096680e+02 1.70481348e+03 1.54589075e+03
 5.26320190e+02 3.27806000e+02 3.69158828e+04 2.35140039e+03
 5.53860657e+02 5.43399719e+02 2.10248364e+03 6.83009720e+01
 1.67810455e+02 1.82497180e+03 7.73126709e+03 1.21830368e+02
 2.11834106e+03 1.73723328e+02 4.24828760e+03 8.83683594e+03
 2.46544113e+02 5.78009062e+04 1.63849773e+01 4.25457910e+03
 1.68255847e+03 2.57192383e+03 7.16309021e+02 6.41019287e+02
 7.28432568e+03 2.70287781e+02 3.67999687e+01 2.28457886e+03
 5.32246387e+03 8.78438599e+02 2.60969276e+01 1.16018311e+03
 2.04299500e+02 1.56873169e+03 7.63481250e+03 3.03042261e+03
 6.45843896e+03 3.27742896e+03 1.72810273e+04 2.18128448e+02
 3.17368805e+02 6.09555481e+02 5.33277344e+02 9.05652039e+02
 1.49562256e+02 4.43703995e+01 1.04428207e+02 3.43148804e+02
 1.84220047e+02 1.66200256e+02 1.17148457e+04 2.94685726e+01
 2.10652023e+02 2.59419946e+03 4.04272980e+02 2.22792012e+04
 1.45531693e+02 1.25127968e+02 1.39842383e+03 1.14220532e+03
 1.26135681e+03 3.58564529e+01 1.60411748e+04 1.56020766e+05
 7.57895447e+02 4.92355585e+00 1.11857190e+03 1.04896240e+03
 6.34135071e+02 3.52173926e+03 1.16207837e+03 3.59495361e+03
 8.47976758e+03 8.43361511e+02 3.70918433e+03 8.12739868e+02
 6.12029541e+02 3.21931602e+04 1.37380640e+03 5.92826347e+01
 8.50002197e+02 5.70709863e+03 9.10031250e+02 1.66950378e+03
 3.15924668e+04 1.45789536e+02 5.19612579e+01 2.08960159e+02
 3.05611597e+03 1.97310410e+02 2.52996033e+02 9.69571304e+01
 2.59454712e+02 5.21187553e+01 7.55950830e+03 1.43273773e+02
 1.55423996e+02 2.88155174e+01 3.34592781e+01 1.79318420e+02
 1.31535352e+03 2.65552930e+03 1.66660078e+04 9.19662170e+01
 5.81697266e+03 2.59767065e+03 4.60914093e+02 7.10910645e+03
 2.55094376e+01 5.43724304e+02 2.00237946e+02 1.60147402e+04
 6.06414375e+01 4.44058014e+02 1.77289749e+02 7.32533264e+01
 2.02203047e+04 9.65192188e+03 1.33749707e+03 1.67333801e+02
 3.20824250e+05 2.02735413e+02 1.37396759e+02 1.11500928e+03
 7.81419678e+02 1.27615005e+02 6.54381328e+04 7.08944580e+02
 7.50548218e+02 1.15135486e+03 1.48693811e+03 1.42663782e+03
 1.06853359e+04 1.67369522e+02 4.03302246e+02 7.64379297e+03
 1.60472363e+03 4.72735962e+02 1.43626868e+03 1.70567719e+02
 3.30255249e+02 4.98172070e+03 1.43565942e+03 2.70444965e+01
 2.27040390e+02 1.14781777e+04 1.48065262e+02 8.20585022e+02
 1.71603104e+02 1.19997839e+03 6.99873535e+02 6.32504639e+02
 4.69006299e+03 1.63346344e+02 5.41494812e+02 1.54234241e+03
 4.28458221e+02 1.50769730e+02 1.99780042e+03 1.21799780e+03
 3.42140576e+03 4.03592453e+01 5.10056725e+01 3.43424180e+04
 1.43354416e+02 9.82888245e+02 1.66343665e+03 4.84860687e+02
 3.40777466e+02 4.92168030e+02 7.27686462e+02 1.93815948e+02
 1.70611499e+03 1.34042212e+03 2.25947128e+02 2.60705757e+01
 1.13593239e+02 6.52055969e+02 1.12003204e+02 1.57762711e+02
 1.14457741e+02 1.83738789e+04 2.28620410e+03 2.54441064e+03
 1.46751477e+03 3.23095532e+03 9.88355591e+02 1.00139398e+03
 1.22362795e+01 4.26373260e+02 8.23627625e+02 3.28996735e+02
 2.53517261e+03 1.28527686e+03 1.15482170e+02 3.46888135e+03
 9.71228882e+02 2.65362061e+02 5.75545593e+02 5.51642029e+02
 7.24414902e+01 5.53111610e+01 1.24354393e+02 2.18717575e+02
 1.65657043e+03 3.31583496e+02 1.37332443e+02 3.96757889e+01
 1.96083533e+03 1.09276650e+04 1.47631140e+03 1.68543091e+03
 1.94528580e+02 4.19001465e+01 3.40484399e+03 3.65273865e+02
 6.07802010e+01 9.83453796e+02 5.87148376e+02 8.33934631e+02
 5.69515625e+02 6.45773193e+02 9.20062485e+01 9.57461243e+01
 6.51050491e+01 2.41334302e+03 1.79532727e+03 7.39800098e+03
 1.50147559e+03 1.35527527e+02 3.12138428e+03 2.14924146e+03
 3.11800806e+03 4.12734219e+04 9.74163940e+02 1.02677100e+03
 4.68983856e+02 9.81947266e+02 1.67235764e+02 5.73198193e+03
 1.93359436e+03 4.66366028e+02 6.39949989e+01 1.20697546e+03
 1.39738416e+03 1.88582104e+03 3.59402496e+02 1.33944702e+02
 1.25913115e+04 8.51682949e+00 9.72565369e+02 2.27901199e+02
 7.80215576e+02 6.16745020e+03 7.06647797e+01 9.98678360e+01
 9.31281948e+00 1.23126709e+03 1.48168488e+02 8.39941101e+01
 7.59866028e+02 1.27882996e+02 7.56996078e+01 9.09766479e+02
 2.93647900e+03 1.92765977e+04 1.79447290e+03 4.02632202e+03
 3.43239355e+03 4.97511826e+01 1.70276459e+02 1.66498547e+03
 2.70959503e+02 1.32793936e+04 9.06250305e+01 2.62246857e+02
 6.78893494e+02 8.97608704e+02 8.39751465e+02 2.57652871e+04
 1.93700073e+03 8.32099457e+01 6.56549301e+01 2.49795090e+02
 1.50526038e+03 1.40848633e+03 2.69567871e+03 3.14647644e+02
 5.75370728e+02 2.25130835e+03 8.89273438e+03 3.40079651e+02
 4.59947070e+04 2.06952832e+03 1.72554648e+04 6.16422302e+02
 1.30984192e+03 3.74686797e+04 8.57693851e-01 1.14151758e+03
 6.33377151e+01 3.57329102e+02 7.60546143e+03 4.31974274e+02
 6.74847046e+02 1.14053017e+02 3.11831816e+04 2.52967090e+03
 9.02368927e+01 1.29544083e+02 5.68789185e+02 2.53049225e+02
 2.19303184e+04 1.48098254e+03 1.49717346e+02 7.49604874e+01
 2.23964414e+04 9.71561813e+01 4.89505493e+02 4.66480316e+02
 4.84840381e+03 1.35961230e+03 1.44693762e+03 1.33240955e+03
 2.43991724e+03 3.27603882e+03 6.06190538e+00 4.08185486e+02
 2.50855835e+03 1.80477207e+04 1.61244739e+03 4.52123389e+03
 4.46759644e+02 6.81562439e+02 1.27190576e+03 1.24923805e+02
 2.08253711e+03 4.76381317e+02 1.15971948e+03 1.24095322e+02
 1.87220039e+01 5.22268408e+03 1.04482764e+04 4.09528229e+02
 3.04971409e+01 4.86976868e+02 1.60355209e+02 3.64029045e+01
 4.34589539e+02 1.90144165e+03 2.89891064e+03 1.78990820e+04
 5.70350244e+03 1.38027515e+03 3.34190918e+02 3.62963562e+01
 1.76755938e+04 2.11810532e+02 1.32855554e+03 4.36290820e+03
 1.67700455e+02 8.34434692e+02 6.54832153e+02 3.81074188e+02
 1.93031906e+02 1.87139429e+03 2.56869702e+03 9.53550720e+01
 6.73302841e+01 5.06923438e+03 1.00303822e+01 1.84208755e+02
 2.02686508e+02 7.65822388e+02 3.90192407e+03 1.27380875e+02
 2.76830627e+02 1.59589752e+02 9.29371155e+02 2.10718719e+02
 1.03399372e+00 7.47590332e+02 1.08900488e+04 7.50723145e+03
 1.52026230e+02 4.12949365e+03 1.98027124e+03 3.80276953e+03
 2.75385278e+03 1.02285576e+04 1.25049902e+03 1.29609314e+02
 1.64303818e+02 5.97178528e+02 2.68390015e+02 1.39071808e+02
 2.33713348e+02 5.26976379e+02 5.39002533e+01 1.11617285e+04
 3.50403046e+02 1.66590557e+01 3.55980652e+02 6.10501648e+02
 1.58020401e+02 4.14061377e+03 3.06840706e+00 2.13182022e+02
 8.33573730e+03 7.30122314e+02 2.10933929e+02 1.16074121e+03
 5.50729065e+02 1.00103589e+03 2.17470840e+02 9.77761917e+01
 2.01064087e+02 2.09710724e+02 3.98262915e+03 1.06674637e+02
 3.40156152e+03 5.23441010e+01 1.58110828e+03 2.01307663e+02
 6.41971729e+03 2.07218604e+03 1.53628540e+03 1.45985730e+03
 9.72762891e+03 1.40437180e+02 5.29283264e+02 5.49231689e+02
 5.25014526e+02 1.48070984e+02 9.39622192e+02 1.16150059e+04
 2.20135452e+02 2.86496362e+03 8.60435608e+02 2.81792871e+04
 8.28789844e+03 2.88469629e+03 3.44427588e+03 1.30814026e+02
 4.81116504e+03 7.70143005e+02 6.45101074e+03 2.32355820e+02
 8.43433716e+02 1.24581177e+03 2.84532446e+03 3.77985443e+02
 5.09021582e+03 1.61657822e+02 7.63164795e+02 7.26795425e+01
 5.51131592e+03 7.74115332e+03 3.19483936e+03 6.98838818e+03
 9.79008865e+01 1.04920822e+02 1.03863318e+03 2.04915833e+02
 1.20933510e+02 2.05510162e+02 4.80666870e+02 1.26375313e+02
 1.24860696e-01 3.57577286e+01 1.47386218e+03 1.08341541e+03
 7.02961426e+01 8.81119934e+02 4.81616783e+01 7.04778809e+03
 1.77771942e+02 1.37405579e+02 1.24742222e+01 3.16044800e+03
 1.37209253e+03 6.47976221e+03 9.71948914e+02 2.93411499e+02
 1.44668516e+04 2.14229785e+03 1.80120407e+02 2.59567280e+01
 8.38416809e+02 4.93070740e+02 2.35819122e+02 1.12270317e+02
 1.39727325e+02 7.56256485e+01 8.96175232e+02 1.08413437e+02
 8.47489471e+01 2.92443176e+02 1.47694795e+04 1.35675491e+02
 9.22760620e+02 1.89286914e+04 1.40821609e+02 3.34268115e+03
 7.64513367e+02 1.68614233e+03 6.07822327e+02 1.00829047e+03
 6.52718445e+02 4.43456757e+02 4.54276758e+03 8.61818848e+03
 1.88461367e+04 3.69170494e+01 3.72788379e+03 5.10219536e+01
 1.68160004e+02 2.06615381e+03 1.61571570e+03 2.17055481e+02
 1.51587921e+02 2.36749512e+03 1.81708298e+02 3.72583405e+02
 1.10383506e+04 2.61735809e+02 1.69623877e+03 1.21437878e+03
 4.83561621e+03 5.53753967e+01 3.72234314e+02 5.93217969e+04
 3.83077126e+01 8.22243164e+02 5.29845264e+03 4.17994751e+02
 5.52949023e+03 9.71346484e+03 1.78548752e+02 1.21143481e+03
 8.55851517e+01 1.06733467e+02 3.18107324e+03 1.57983850e+03
 5.95256897e+02 2.97100250e+02 2.48884567e+02 1.44952835e+02
 3.05280762e+02 7.96606064e+01 5.25304688e+03 7.13788986e+01
 4.48552582e+02 7.41828223e+03 1.46692627e+03 3.14091235e+03
 1.60800507e+02 1.76796887e+03 1.02314563e+03 1.44286560e+02
 1.00730560e+03 7.12786789e+01 1.08639526e+03 6.20461578e+01
 1.10993274e+03 3.03542603e+03 2.96500000e+03 7.18579141e+04
 3.44142792e+02 2.09412168e+04 8.05373291e+02 2.55326706e+02
 4.78245859e+04 1.16817993e+03 2.76187573e+03 6.50858398e+02
 7.88677246e+03 4.21562891e+03 4.81208221e+02 1.49139328e+02
 2.09396445e+04 1.57788220e+03 4.58055518e+03 1.89419373e+02
 3.99868622e+02 1.32272705e+02 1.40867212e+03 2.43225586e+02
 7.53359741e+02 1.34955481e+03 1.12116577e+03 1.86246170e+02
 8.91019592e+01 1.92129028e+02 8.26123123e+01 1.83546768e+02
 1.32688330e+04 5.15135231e+01 3.47479834e+03 3.51048706e+03
 3.34679272e+03 2.86445862e+02 5.40672852e+02 2.09167725e+02
 1.01225397e+03 3.92837639e+01 7.82160095e+02 6.01449585e+02
 7.34142578e+02 5.37823410e+01 1.50173267e+03 3.85492920e+03
 3.19190723e+03 1.04700928e+02 1.73923813e+02 1.39162125e+02
 3.10814857e+01 6.50154297e+02 1.30202747e+03 6.09257178e+03
 3.60488167e+01 8.35377625e+02 2.77654266e+02 1.89830063e+02
 3.91129810e+03 1.78313477e+02 2.66811310e+02 2.58847437e+03
 3.88109833e+02 3.81843506e+02 1.58867508e+02 2.34200745e+02
 4.32526758e+03 6.85516296e+02 3.07201758e+03 1.43297529e+01
 1.63340759e+03 3.66421582e+03 1.90275375e+02 5.40250508e+04
 2.15919128e+02 9.05351807e+02 1.55878525e+01 4.06656421e+03
 6.23030579e+02 9.65806770e+00 7.05754590e+03 3.14500732e+03
 1.50273209e+02 6.85768250e+02 9.29679321e+02 3.36870911e+02
 2.25800171e+03 1.30650116e+02 5.21229675e+02 2.74493160e+01
 8.64111938e+01 8.07310104e+01 2.24072778e+03 1.02899487e+03
 5.84183105e+02 1.07281246e+01 4.15037964e+02 2.43522109e+05
 7.48896826e+03 1.71236847e+02 8.03362198e+01 1.57682109e+04
 7.89487381e+01 3.02188965e+02 1.08225732e+03 1.52261181e+01
 7.60616760e+02 9.22905884e+02 3.39096948e+03 7.71892853e+01
 3.77717383e+03 8.16215210e+01 6.54056104e+03 2.76197784e+02
 6.50436279e+03 7.21183716e+02 6.64716110e+01 3.04961414e+01
 2.39371384e+02 2.42595627e+02 7.96192322e+02 3.01482910e+02
 5.30160508e+04 4.57722290e+02 4.95296289e+03 1.12335791e+03
 2.02576248e+02 1.03697441e+02 1.49616852e+02 2.75271406e+05
 1.09823837e+02 2.45869614e+02 2.26522644e+02 4.81944427e+02
 1.05999150e+04 4.01324951e+03 3.44028595e+02 1.31986536e+03
 4.14076805e+01 3.83821899e+02 1.36912769e+03 7.82791977e+01
 1.68312698e+02 2.29993653e+00 8.80872726e+01 7.41548438e+03]
4096.8296
320824.25
