[1.28469690e+03 2.81045288e+02 1.27384041e+02 6.08072510e+03
 1.34904814e+04 1.05193096e+04 7.85542145e+01 5.46350250e+05
 2.16418015e+02 2.15513401e+01 3.08221426e+04 5.46041931e+02
 5.26944000e+05 2.64343047e+04 2.58626543e+04 1.57370875e+05
 1.41361891e+05 6.93414160e+03 2.01143933e+03 6.83720312e+05
 3.39407196e+02 1.61571960e+03 5.10621250e+05 4.42163594e+05
 2.84292505e+03 5.60877562e+05 1.79248875e+05 6.45917891e+04
 3.79319062e+04 3.92509216e+02 3.81306797e+04 1.99234375e+03
 9.91069107e+01 9.68064575e+02 6.81903672e+04 2.98031113e+04
 8.53751484e+04 1.61596777e+03 7.82370972e+02 4.36884258e+04
 1.37891538e+06 4.81913750e+05 3.40235938e+03 5.40845850e+03
 5.70490173e+02 3.47500352e+04 1.46013809e+02 7.57841919e+02
 1.32037830e+03 6.11237812e+05 2.63420547e+04 1.88453918e+03
 9.02510156e+03 2.40526650e+06 2.24283981e+02 4.34571055e+04
 3.68649292e+02 4.92988750e+04 1.65484492e+04 5.97581523e+04
 2.33099414e+03 1.65713359e+05 8.07539062e+03 1.52804956e+01
 1.22061121e+03 1.24289404e+04 3.82667908e+02 2.23383148e+02
 1.18051733e+03 3.43372500e+04 6.74322217e+03 1.61829828e+05
 6.93007520e+03 2.57233410e+01 3.26997284e+02 2.49406445e+04
 2.42956141e+05 9.93771387e+03 3.79704773e+02 1.67277025e+06
 8.20599375e+04 1.15631266e+05 8.42599902e+03 9.92405762e+02
 1.61743286e+03 3.41566467e+01 4.01785797e+02 7.29171143e+01
 2.97870044e+03 2.13951406e+04 6.14204688e+04 2.29190356e+03
 2.94835859e+04 1.43963562e+05 6.96445050e+06 4.66283057e+03
 1.67691625e+05 6.24136719e+04 4.82119904e+01 1.35133881e+02
 6.05791992e+02 2.55826660e+03 8.68981875e+04 3.24768335e+03
 4.21686484e+04 1.61062844e+05 2.82685645e+03 8.65559387e+02
 6.61000342e+03 6.69967102e+02 7.42996240e+03 6.35676575e+00
 9.56691016e+03 1.90407953e+05 8.45738086e+03 1.92287878e+03
 2.73350195e+03 1.14301086e+05 2.59606270e+04 3.90159399e+03
 1.15244531e+04 1.44454993e+03 2.50231543e+03 2.58701800e+06
 3.14312031e+05 1.18239229e+04 5.24104065e+02 7.64916504e+03
 7.25125046e+01 6.73715469e+04 2.00422195e+02 1.26091650e+04
 2.73134058e+03 1.79427942e+03 2.00742936e+00 2.33781300e+01
 2.69362266e+04 5.86281677e+02 3.55050547e+04 1.53216328e+05
 1.20369739e+03 6.29984863e+03 3.89262281e+05 5.12162062e+05
 4.47260156e+05 3.95663633e+04 1.65756409e+02 5.05711781e+05
 1.76576969e+05 2.48603438e+05 1.44817822e+04 6.92483252e+03
 3.30856909e+03 4.67251318e+03 1.52892354e+04 3.32554535e+02
 9.29852344e+03 3.07153574e+04 3.34939922e+04 1.36920000e+06
 6.75248516e+04 8.34524844e+04 4.63555023e+02 3.40031562e+04
 4.93666725e+01 2.84512383e+04 3.59465866e+01 1.91787910e+04
 6.95058516e+04 2.36303031e+05 3.26323169e+03 7.26080547e+04
 5.05372658e+01 9.64445234e+04 6.34480664e+03 1.25611267e+01
 1.77575488e+03 1.40043591e+03 4.75104062e+04 1.02275398e+05
 6.22263625e+05 6.54910195e+04 6.14260156e+03 5.00071045e+03
 1.08968375e+05 4.46432891e+04 6.70060625e+04 3.53004648e+04
 1.36886353e+03 2.48658264e+02 3.05016861e+01 1.71204004e+04
 4.21119824e+03 1.05845898e+03 2.37135864e+03 3.82518005e+02
 1.20634909e+01 8.17231274e+00 9.55729858e+02 4.52574158e+02
 2.73227730e+01 2.34682959e+03 3.87063203e+04 5.89630078e+03
 1.89234888e+06 3.67954375e+04 3.08518872e+03 6.41387422e+04
 6.54045850e+03 3.62015869e+03 9.92653125e+04 6.53196992e+04
 1.96373840e+02 3.97190750e+05 1.67746719e+05 2.37525696e+02
 8.62326660e+03 1.29141052e+02 3.56585742e+04 2.89323828e+03
 5.22199648e+04 1.31947058e+03 5.59357300e+02 3.46490250e+05
 5.26979980e+02 5.43773125e+04 1.01385602e+05 1.16669600e+04
 4.36509473e+03 2.39021141e+05 7.65702500e+04 1.38291760e+03
 2.94029688e+03 3.34607734e+04 4.02166412e+02 4.33118516e+04
 4.10708350e+03 3.65422681e+03 1.30661853e+03 1.94621602e+04
 1.76444734e+05 1.02391621e+04 7.65363184e+03 1.30533172e+05
 4.98746368e+02 2.31626062e+05 1.10700000e+05 5.64949608e+00
 5.73922578e+04 4.35230781e+04 2.87708160e+02 1.70005981e+03
 2.73514771e+03 3.29625430e+04 4.42604531e+04 5.14979648e+04
 5.60360352e+04 4.05844067e+03 1.98146948e+03 2.30033862e+03
 1.67514203e+05 1.78991391e+05 3.72006500e+05 1.28348071e+03
 1.83834476e+01 2.05018457e+03 4.82006992e+04 1.75937695e+04
 4.20067236e+03 2.53310391e+04 5.55511230e+02 1.51548596e+03
 2.98530249e+03 4.22342720e+01 4.41083984e+02 7.29757578e+04
 2.08312150e+06 1.53753464e+02 5.76794922e+04 2.18195820e+04
 7.65659766e+03 2.91232513e+02 2.74150312e+04 4.74988623e+03
 2.03543008e+04 9.44666484e+04 1.73524219e+04 3.99827759e+03
 3.43772364e+00 8.82104919e+02 3.59521950e+06 4.91501953e+02
 1.65601797e+04 3.16284973e+02 8.69253359e+04 2.13926855e+04
 2.79920013e+02 1.54108469e+05 8.39738516e+04 2.91412734e+04
 7.68894141e+04 3.26480938e+04 1.88663016e+05 5.88167076e+01
 9.23226328e+04 2.40874484e+05 1.01609039e+03 8.12105000e+05
 8.09235547e+04 2.62407637e+00 7.58399170e+02 7.00146118e+02
 1.52921375e+05 9.69859497e+02 8.28358398e+02 3.12900293e+03
 3.05340723e+03 9.15674902e+03 1.23767180e+05 8.75311914e+03
 2.24637671e+03 4.22232539e+04 8.51978320e+03 3.85878938e+05
 2.38647500e+05 9.08333435e+02 2.85879275e+06 2.88456323e+03
 1.09210876e+03 2.99763469e+05 1.66246211e+04 8.47271423e+02
 1.62171268e+01 5.41291504e+03 1.66738297e+02 2.37687594e+05
 4.20408633e+04 4.41344574e+02 3.86443516e+04 4.72936484e+04
 8.78547344e+04 3.80337906e+05 1.47385266e+03 3.99299469e+02
 8.61145203e+02 2.73585215e+04 1.27215508e+04 7.73895081e+02
 2.52951953e+04 1.02355646e+03 2.69858960e+03 1.58875297e+05
 1.91698379e+04 8.94428750e+04 2.44236113e+04 5.63147339e+02
 2.22579469e+05 3.21693188e+03 2.28396719e+04 2.89040833e+01
 1.98330391e+05 1.85478172e+05 1.66422363e+04 2.82054565e+02
 8.99812000e+05 1.51453188e+05 5.35698750e+04 1.73188522e+02
 1.82057400e+06 3.63491486e+02 4.53049562e+05 6.69829844e+04
 7.09936950e+06 4.48650049e+03 1.72281797e+05 5.90125671e+02
 5.52739188e+05 6.91901367e+03 6.13097717e+02 2.37838672e+03
 3.40444188e+05 3.70325344e+05 4.75158000e+05 6.46144414e+04
 2.27798233e+02 3.24426807e+03 5.97467651e+02 1.25091531e+05
 2.10376660e+04 2.08414203e+05 1.85263859e+05 1.11743418e+04
 2.28324341e+03 5.06298113e+00 2.94752106e+02 3.64125156e+04
 1.75747009e+03 1.58827825e+06 3.34778839e+02 5.08271719e+05
 1.92562218e+01 4.57805625e+04 2.18840942e+03 2.91878027e+03
 3.37062344e+04 4.24939746e+03 6.73217285e+02 1.47838806e+03
 9.41426000e+05 5.67686719e+03 3.17704863e+04 3.70132070e+04
 4.20447449e+02 2.23172891e+04 3.44852906e+05 6.18671125e+05
 5.55376038e+02 2.53928672e+04 2.25156074e+04 4.49692090e+03
 1.21018181e+02 1.93889023e+02 2.10729077e+03 2.63685107e+03
 6.91701328e+04 4.66562070e+04 8.23986133e+03 1.58449189e+04
 2.59127016e+05 4.59617822e+03 2.22133438e+02 1.77265594e+05
 3.25194275e+02 2.86250438e+05 1.04449805e+03 1.49370127e+04
 3.16564312e+01 5.95052734e+04 3.22865649e+03 2.45946797e+04
 3.58944258e+04 2.10711255e+03 5.20457703e+02 4.67472695e+04
 3.35139922e+04 4.91611377e+03 9.13791719e+04 4.81442920e+03
 2.94264199e+04 2.04788609e+05 3.05034551e+04 6.57163350e+06
 7.93461328e+03 1.98169519e+03 4.07545664e+04 7.36163916e+03
 1.43907608e+02 1.45876953e+05 3.14927906e+05 5.82888555e+04
 1.73289160e+03 2.19280060e+02 1.04495527e+04 3.98773689e+01
 1.80736203e+05 1.51087344e+04 5.36022705e+02 2.35449104e+01
 1.59935117e+04 3.66434062e+04 1.04656539e+05 1.81120828e+05
 6.51614023e+04 1.01359802e+03 4.48043335e+02 8.20081055e+03
 1.76890137e+04 3.98772031e+04 4.61836377e+03 3.01406787e+03
 1.02931188e+05 3.04587982e+02 3.97753833e+03 3.48871055e+04
 1.17210479e+04 3.17230743e+02 2.17288651e+02 8.72135391e+04
 1.23138037e+03 2.57969629e+04 3.28986389e+02 9.18835254e+03
 4.98718867e+04 1.79412828e+05 1.00633828e+05 5.33159229e+03
 2.90909058e+03 2.43578150e+06 2.78182292e+00 1.17587844e+05
 2.55826465e+03 1.52304031e+05 9.49043945e+03 6.84301484e+04
 1.87690580e+00 1.00924078e+05 4.71193867e+04 1.68877182e+01
 1.24523157e+03 1.37725317e+00 3.71216660e+01 1.87003984e+05
 4.58900414e+01 1.10865662e+03 2.81742266e+04 2.29321594e+05
 2.19398223e+04 2.13193970e+02 5.47099121e+03 6.77535583e+02
 2.57502207e+04 4.07229031e+05 1.34307516e+05 3.75631189e+00
 4.62397766e+00 9.30268288e+00 2.10647702e+00 2.85009351e+03
 6.40534851e+02 2.63003731e+01 2.24441266e+00 1.51792793e+04
 2.39833813e+03 1.05989570e+04 1.31110083e+03 2.20192676e+03
 1.23930332e+04 1.60256281e+05 9.52177344e+03 1.13940562e+05
 6.28196945e+01 4.90706300e+06 2.90679169e+02 3.04018994e+03
 3.03791250e+04 1.90763464e+03 2.04607363e+04 3.34098853e+03
 5.80524570e+04 1.97061445e+04 3.38697217e+03 1.29063806e+03
 7.50910522e+02 1.67951075e+06 1.16164248e+04 4.17757233e+02
 4.48032812e+03 2.73174492e+04 2.72671947e+01 1.14616219e+02
 2.33263156e+05 6.95856250e+04 9.77912734e+04 5.25326758e+04
 5.96542969e+03 2.19946259e+02 6.02357080e+03 2.10288703e+05
 1.35064719e+05 3.98578613e+03 2.48648535e+03 4.46338438e+04
 8.26795117e+03 3.08654648e+04 1.13425469e+05 5.29953633e+04
 1.22725732e+03 1.01646844e+03 1.06109045e+03 8.82044238e+03
 1.11164971e+04 1.09258568e+00 6.17609875e+05 6.34034363e+02
 8.66749207e+02 2.08216688e+05 6.09062462e+01 2.69264531e+04
 9.40995514e-01 1.93378812e+05 2.22679375e+04 2.27618628e+03
 2.38602812e+04 3.10717246e+04 5.70316875e+05 4.45772688e+05
 9.93347351e+02 7.87043594e+04 2.22632422e+04 1.91578223e+04
 3.47767625e+06 8.52243281e+04 1.14828346e+02 2.23030014e+02
 4.50463320e+04 9.10701294e+02 2.30845654e+03 2.74196875e+04
 2.54156625e+05 3.16742773e+04 3.52745743e+01 4.66169805e+04
 1.39239547e+05 2.16973078e+05 3.83611255e+03 6.36591367e+04
 1.00416344e+06 8.16257875e+05 5.02644750e+05 1.01571031e+05
 2.07161621e+04 1.18723492e+05 2.64609436e+02 9.38706726e+02
 7.93994019e+02 6.60687598e+03 1.75559781e+05 3.07643341e+02
 1.14380605e+04 1.98849250e+05 1.07472812e+05 6.42367617e+04
 3.54716641e+04 5.45591055e+04 3.50719219e+04 3.96770273e+04
 1.42025281e+05 1.21023107e+00 8.89278516e+03 9.57864531e+04
 7.41780806e+00 1.23942363e+04 2.50006177e+03 7.45587012e+03
 3.54039648e+04 1.08638062e+02 2.26610767e+03 8.91284863e+03
 3.60624390e+02 6.66804062e+04 8.00424271e+01 6.19025098e+03
 2.44302480e+04 1.08502646e+04 2.19784492e+04 1.04173781e+05
 1.71834387e+03 2.32913734e+05 1.03303127e+01 2.28504162e+01
 8.89369766e+04 2.37334888e+03 4.15360596e+02 3.95609727e+04
 3.22283828e+04 1.35976721e+03 1.15135693e+03 2.79709497e+03
 9.52166953e+04 1.92574258e+04 8.80822109e+04 5.49294092e+03
 6.07253750e+04 2.61356656e+05 5.29470273e+04 2.58392688e+05
 9.13063047e+04 3.79139722e+03 3.49537625e+05 1.71247305e+04
 4.13912148e+04 2.29686699e+01 4.31072021e+02 4.85671367e+04
 3.18088656e+05 9.70195410e+03 1.80273340e+04 3.79671000e+05
 7.07128227e-01 4.86264219e+04 2.15381885e+03 3.81839038e+03
 2.01127112e+03 2.18323750e+04 1.82931030e+03 6.96873193e+03
 5.48388688e+05 1.62971426e+04 2.91958301e+04 3.84087671e+03
 2.24199219e+03 3.37202344e+04 1.08839121e+04 8.23174866e+02
 7.56829375e+04 6.61635513e+01 1.87731094e+04 9.61781860e+02
 1.33055652e+03 1.42706711e+02 1.68450156e+04 5.65217590e+01
 1.01901055e+05 8.86873779e+02 2.50855016e+05 2.16858574e+04
 3.92766969e+05 1.17286026e+02 4.99752930e+04 7.48286621e+03
 2.83296387e+03 1.39406482e+03 2.01207141e+03 4.54183289e+02
 1.12966263e+02 1.59575305e+03 2.21256543e+04 7.36392822e+02
 9.06444922e+03 1.34105656e+05 6.99353857e+03 3.59751289e+04
 1.79020215e+04 9.42936016e+04 1.71923156e+05 4.58681055e+04
 5.02417627e+03 9.02869727e+03 9.64845859e+04 6.16874500e+05
 2.01478406e+05 4.97077637e+03 1.51089125e+05 6.54294586e+00
 7.26083801e+02 2.93050219e+05 8.60033105e+03 4.08320587e+02
 1.37335703e+04 2.77234414e+04 1.20141101e+03 2.86345898e+04
 6.07510107e+03 3.07509570e+03 2.59571930e+02 4.39620911e+02
 3.58233252e+03 2.52131638e+02 9.31737312e+05 2.89909180e+04
 2.48887637e+04 1.19382734e+04 1.10864185e+03 2.36583521e+03
 8.59212036e+01 6.09699170e+03 1.16255005e+03 4.60306523e+04
 1.05192200e+03 1.66561804e+03 8.15165588e+02 4.24830719e+05
 3.52292236e+03 4.04871523e+04 1.14238062e+03 2.30906274e+03
 3.04525781e+00 5.14655371e+03 5.67044983e+02 1.30885654e+04
 6.39498779e+03 1.42004703e+05 1.20077021e+04 8.62839233e+02
 1.07737939e+03 4.58604297e+03 1.06583679e+03 6.88692444e+02
 4.90453125e+03 9.62839188e+05 7.05422314e+03 3.51465352e+04
 1.30719592e+03 2.78858398e+02 1.97902747e+03 1.73572906e+05
 6.04868555e+04 2.70138916e+03 3.03572031e+05 6.25642938e+05
 8.14131062e+05 5.80909668e+03 3.96513594e+05 2.06909790e+03
 1.66923938e+03 3.31021602e+04 9.49309998e+02 4.82985306e+00
 3.88773867e+04 1.78891760e+03 3.68404794e+00 2.32790020e+04
 1.20094988e+06 5.54078320e+03 4.42246680e+03 1.47429658e+04
 7.10338818e+03 8.15263245e+02 2.58522141e+05 1.52007605e+03
 1.50415320e+03 1.19773218e+03 1.66146297e+05 4.86107788e+01
 1.96115438e+05 6.05205688e+05 2.49875078e+04 7.60320752e+03
 3.54049609e+04 2.86729199e+03 4.21758350e+03 3.75782776e+01
 7.66075156e+04 1.11631885e+03 1.05129590e+03 5.21817852e+04
 4.92862688e+05 3.90430786e+03 2.28087594e+05 3.68285820e+04
 1.68067780e+02 1.84327719e+05 2.16412622e+03 3.15588711e+04
 5.80966759e+00 7.57550232e+02 1.78107988e+04 1.44321765e+03
 2.86355938e+04 9.88730469e+01 2.24037979e+02 1.96166781e+05
 1.37381578e+05 5.79588135e+03 2.60480542e+03 8.67770938e+05
 5.64509805e+04 3.34244492e+04 1.13798828e+04 1.34730576e+02
 8.39372754e+03 6.02602500e+04 7.01475438e+05 5.63273682e+03
 7.41518438e+04 3.45664336e+04 3.43375214e+02 1.84378403e+02
 1.19392742e+05 4.86626807e+03 2.62308223e+04 7.46077812e+04
 1.50410437e+03 7.75853088e+02 9.02857605e+02 1.34403688e+05
 3.70471406e+04 1.69763965e+03 2.20698730e+04 7.25383838e+03
 4.15179102e+03 4.72677338e+02 6.35483496e+03 3.85329614e+03
 1.14452576e+03 1.10202019e+02 4.25582471e+03 9.75001953e+02
 2.99170650e+06 3.16538403e+03 2.75781763e+03 4.48734741e+02
 3.96479053e+03 9.71537891e+03 2.23643770e+04 1.28337227e+04
 3.73924609e+04 1.44126074e+03 6.64060391e+04 2.12091777e+04
 1.16472648e+05 1.80478409e+02 2.01033535e+01 1.92885208e+02
 1.91480117e+04 7.53282471e+03 4.36283906e+04 1.08696712e+06
 5.15198682e+03 9.73010840e+03 4.97332734e+04 1.62188734e+05
 1.62260547e+03 4.93580859e+04 1.06264430e+05 3.63936758e+04
 4.74571973e+03 2.66524562e+05 7.81364219e+04 9.37262146e+02
 2.22746156e+05 3.40365015e+03 5.55132812e+04 1.60755869e+04
 3.35938989e+03 8.22348828e+03 4.49731836e+04 1.48306950e+06
 4.91062842e+03 2.90048438e+04 1.85808172e+05 3.27388977e+02
 4.09044647e+00 1.62858311e+04 3.65961523e+04 8.63424609e+03
 7.06142151e+02 9.84132129e+03 3.72856519e+03 6.66262024e+02
 1.01787742e+05 8.91347422e+04 3.38875198e+01 1.07109290e+03
 4.88291130e+01 5.85450745e+02 2.98652783e+03 1.75832625e+05
 4.73943555e+03 3.24991191e+04 1.05085078e+04 2.85781580e+07
 2.05489281e+05 1.72150254e+04 4.88573750e+04 1.83351250e+04
 1.43111157e+03 3.56364846e+00 2.08289938e+05 1.48291767e-01
 1.39586472e+02 2.48167896e+03 2.85708862e+03 7.53496387e+03
 7.46130156e+04 3.03618958e+02 6.58560547e+02 6.65473594e+04
 1.12419629e+03 6.20168188e+05 9.47182129e+03 1.79104211e+03
 3.59681055e+04 1.43921234e+05 2.39851934e+04 1.12988660e+03
 3.18187500e+06 2.82574585e+02 3.19226594e+05 1.93641211e+04
 8.54903750e+04 3.49889766e+04 5.95499992e+01 3.90926031e+05
 1.29616922e+05 2.09950500e+05 5.95130539e+00 4.61263594e+04
 4.17360742e+04 5.44925430e+04 1.32931062e+05 1.42236938e+06
 7.14134033e+03 1.48685303e+03 1.53576768e+04 2.16923164e+04
 1.02722815e+03 1.32985175e+00 6.04918789e+04 2.51651199e+02]
160306.88
28578158.0
