[1.33487510e+04 9.86166504e+03 9.85897070e+03 4.95728467e+03
 2.66604805e+04 2.86943726e+03 6.04252812e+04 7.58203984e+04
 1.50633223e+04 1.63306396e+02 3.32934062e+04 1.21271558e+03
 3.92230078e+04 3.44421338e+03 1.67274951e+03 5.19195117e+03
 1.66106660e+04 3.91342529e+03 1.83756621e+04 6.52017383e+04
 2.30946362e+03 1.08611641e+04 1.59429734e+05 2.95947876e+03
 2.62237988e+01 3.72729858e+03 2.92498711e+04 4.72552422e+04
 6.75768672e+04 3.73635156e+04 1.67322938e+05 3.89829132e+02
 1.48804277e+04 2.15664627e+02 5.41991719e+04 7.86248750e+04
 4.93730273e+03 3.57149561e+03 2.61589502e+03 5.47932434e+02
 8.35005438e+05 1.53288531e+05 8.45412598e+03 7.15902832e+03
 9.11513770e+03 1.01794100e+01 5.80091019e+01 7.39884961e+03
 2.31488916e+03 1.22343250e+06 3.00174243e+03 2.80563934e+02
 2.18470352e+02 4.32825938e+05 4.54272217e+03 2.56778467e+03
 5.76283867e+04 3.90332656e+05 2.18745879e+04 1.00646621e+04
 4.36512184e+01 7.15912158e+03 1.74956055e+03 3.13070264e+03
 1.08694214e+03 1.52763096e+04 8.43460449e+03 1.59365273e+04
 7.30817871e+02 4.11690742e+04 1.23767078e+03 2.03470618e+03
 1.21472400e+03 1.10231628e+03 5.17449121e+03 7.62707617e+03
 1.14777607e+04 1.30229346e+04 4.30966911e+01 1.50832773e+04
 1.52774634e+03 3.47050903e+02 2.41998462e+03 5.20499219e+03
 2.74316641e+04 1.08869177e+03 3.23213027e+04 9.93780566e+03
 1.61678574e+04 3.59926445e+04 4.14174658e+03 7.93345898e+03
 3.51068258e+00 1.45967667e+02 4.20561484e+04 1.49458142e+03
 1.24717172e+05 5.01382852e+04 1.49398330e+04 3.22162552e+01
 2.66196035e+04 2.06228262e+04 5.61990112e+02 3.90192017e+03
 5.49540088e+03 6.81097998e+03 8.29997891e+04 4.91623505e+02
 1.22633164e+04 5.50197998e+03 6.99585889e+03 2.86510566e+04
 1.11485059e+03 3.89190649e+03 1.04305498e+04 1.23262434e+01
 4.44827109e+04 5.09551096e+00 6.52157910e+03 3.91577197e+03
 4.88717812e+04 2.33740684e+04 1.23562256e+03 5.08892500e+05
 9.36481875e+04 5.56240674e+03 3.42111250e+04 9.75802734e+04
 9.14628672e+04 2.00420923e+03 1.17036943e+04 6.30165649e+02
 4.29587402e+03 1.00839716e+03 2.16542305e+04 1.37105713e+04
 2.67833643e+03 2.16773242e+03 1.35532844e+05 4.59192969e+04
 1.29564180e+04 8.38798730e+03 1.38462910e+04 4.00245386e+03
 4.31769727e+04 2.62033828e+04 2.86722852e+04 5.08584688e+05
 5.42472998e+03 2.46724365e+03 3.28861987e+03 1.02116709e+04
 1.29429016e+05 5.63075547e+04 9.05912734e+04 2.36927148e+03
 7.12892529e+03 2.03410547e+04 1.67737747e+02 3.34994609e+04
 2.76954727e+04 2.20630444e+03 2.05003796e+01 8.32096924e+02
 5.28612031e+04 2.92197949e+03 8.81595938e+04 1.22813789e+04
 4.78111084e+03 3.79138125e+04 1.53516963e+04 1.06896645e+02
 5.74582373e+03 1.44949812e+05 2.17844702e+03 1.29550615e+04
 8.96909973e+02 4.99119414e+04 9.15674453e+04 5.67507648e+00
 6.26213264e+01 1.23159081e+02 5.93594453e+04 9.30071838e+02
 8.25102539e+03 6.96737793e+02 2.93230884e+03 6.32778857e+03
 3.30301001e+03 1.45699697e+04 1.06633682e+04 6.10321777e+03
 2.91096582e+03 3.68726367e+03 8.61363672e+03 1.19656580e+03
 4.96103809e+03 8.25508516e+04 8.86621033e+02 3.72776172e+04
 6.52067078e+02 4.28314648e+04 3.93794873e+03 1.44476410e+02
 2.26227812e+04 4.12245234e+04 5.03389961e+04 2.02352209e+03
 3.38944580e+02 7.82397754e+03 4.81045801e+03 6.38381787e+03
 7.57413984e+04 4.41506367e+04 1.24843408e+03 8.86344922e+03
 3.61188623e+03 7.45726196e+02 9.03376953e+03 6.31697119e+03
 8.64299512e+03 1.83404941e+04 7.64170410e+03 3.86476094e+04
 1.07304344e+05 1.60570479e+04 3.63414766e+04 1.36711349e+02
 1.64662147e+00 2.45703828e+04 1.15620081e+03 1.28035721e+02
 2.40999878e+02 7.74680078e+04 7.36326981e+01 1.62826187e+02
 9.18476074e+03 6.95080872e+01 8.00320078e+04 7.23286328e+03
 8.40527500e+05 2.15709814e+03 4.81226514e+03 3.89309033e+03
 5.70142578e+03 1.14967100e+04 1.04049194e+02 3.25097632e+03
 1.11211035e+04 3.60771200e+06 6.19026327e+00 5.23615273e+04
 5.66243047e+04 5.08779004e+03 4.15074561e+03 1.11750342e+03
 4.98810859e+04 2.85295703e+03 6.26208057e+03 5.89252148e+04
 7.31027062e+05 6.47891016e+03 4.23544258e+04 6.15167908e+02
 3.32946467e+00 7.01836944e-01 8.20381328e+04 3.10184497e+03
 1.09627969e+04 7.01841309e+02 2.70104102e+03 2.53872281e+05
 9.34065723e+03 1.21572471e+04 3.56796289e+03 1.30755869e+04
 8.54234844e+04 1.75948008e+04 3.77374048e+03 4.54180094e+05
 1.41422148e+01 1.11500176e+04 5.68223828e+04 1.07657629e+03
 2.99890957e+01 9.14874573e+02 1.12100449e+04 9.04381348e+03
 8.42085352e+03 2.46368042e+03 4.82133164e+04 2.02007776e+03
 1.27476930e+05 9.84615540e+02 5.97563750e+04 7.02116953e+04
 7.79580547e+04 8.42471484e+03 5.71710664e+04 9.63696191e+03
 8.77594147e+01 3.88072485e+03 1.38838896e+04 7.16183281e+04
 3.83930586e+04 8.64134300e+06 3.71016992e+03 1.37936047e+05
 2.16840684e+04 1.00092041e+03 1.75137955e+02 3.77810791e+03
 1.77724656e+05 4.29477588e+03 6.19913025e+02 3.62166138e+03
 4.94341406e+04 2.14331973e+04 9.59390039e+03 5.06063359e+04
 5.45524463e+03 1.52683604e+04 1.37788219e+05 1.36173232e+04
 7.21558789e+03 1.17237559e+04 2.07894648e+04 1.89860684e+04
 4.35210500e+05 1.28449629e+04 1.65656784e+02 1.62971997e+03
 1.51116905e+01 2.84438184e+03 3.80450000e+03 1.32307410e+03
 1.79263457e+04 1.62510828e+03 6.81691504e+03 4.19839404e+03
 4.10120264e+03 2.38369971e+03 2.05300840e+04 4.25161594e+05
 5.68025820e+04 2.85594121e+04 6.72411194e+02 6.44315576e+03
 4.64488916e+03 4.36156845e+01 1.29593030e+03 6.22631094e+04
 4.31631494e+03 2.37654297e+04 6.46524109e+02 2.83010913e+03
 2.97033672e+04 2.80832886e+03 1.99872534e+03 1.55373938e+03
 3.24307788e+03 1.01604160e+04 2.71756096e+01 3.61566602e+03
 1.27474320e+05 1.79208203e+04 8.98267212e+02 1.22754700e+03
 2.99830762e+04 1.97242462e+02 4.45994594e+05 5.63814990e+03
 2.49227050e+06 4.22508008e+04 7.44321680e+00 1.77252832e+04
 1.49618344e+05 6.12537891e+03 6.44530518e+02 6.23602656e+04
 1.19462998e+04 3.61516406e+04 2.45559781e+05 1.18803479e+03
 4.38364935e+00 1.10624060e+03 8.63642960e+01 4.80587939e+03
 1.47507686e+04 8.28302979e+02 1.73532832e+04 5.41109863e+03
 2.34777634e+02 5.33515625e+03 1.00881805e+03 2.68792877e+02
 1.10605352e+04 3.92631328e+04 1.24682446e+03 8.75279297e+03
 3.20964325e+02 9.99982971e+02 6.82818311e+03 6.14594002e+01
 1.45698389e+04 1.04139172e+03 8.40446777e+01 1.74153699e+03
 5.30742562e+05 1.65144141e+04 5.24844805e+04 1.94749355e+04
 1.22710176e+04 2.09409485e+02 6.16223633e+04 6.08037996e+00
 6.84632446e+02 4.76923561e+00 6.43561865e+03 1.36570625e+04
 2.90437793e+03 7.36085205e+02 1.89079010e+02 7.65718516e+04
 9.52383545e+02 6.67179102e+03 6.34648984e+04 1.12495093e+03
 2.22454932e+03 3.07060596e+03 3.42498505e+02 2.47661377e+03
 2.28758350e+03 1.07563625e+05 1.10982385e+03 6.96838047e+04
 5.87582773e+04 3.32222148e+04 1.01540234e+04 3.97321021e+03
 1.82621125e+05 5.02367041e+03 1.17497090e+04 6.34892090e+03
 1.76580156e+04 1.11703896e+04 1.01732910e+02 2.67825781e+04
 2.41497025e+02 5.47098633e+03 4.26481934e+03 4.06667438e+05
 1.49187903e+03 1.37042627e+03 2.35839701e+00 3.88546021e+03
 2.58999084e+02 7.28362891e+03 1.63964746e+04 1.62942566e+03
 5.88018203e+04 5.95920273e+04 1.55407150e+02 1.51111609e+03
 3.94126000e+05 9.85873718e+02 1.83530586e+04 3.07967480e+03
 5.99813525e+03 1.68191234e+05 5.94605518e+03 6.33103088e+02
 3.22752979e+03 2.33056270e+04 1.97427715e+04 1.94439270e+03
 2.00800674e+02 4.34862793e+02 5.89008484e+02 4.48911285e+01
 8.22315039e+03 1.23319971e+04 3.00281323e+03 3.77693486e+00
 2.04219590e+04 4.94237207e+03 4.46243477e+00 2.05782156e+05
 6.60588359e+04 7.09910507e+01 1.93444226e+03 1.67065840e+04
 4.81775879e+03 4.36773242e+03 1.00345195e+04 3.15296509e+02
 1.38011572e+04 1.63116565e+03 1.10409070e+03 1.31237524e+03
 1.06104895e+03 6.85311356e+01 5.32130371e+03 1.87309558e+03
 4.53437592e+02 1.76992517e+03 2.20843848e+03 2.03625266e+05
 9.95313574e+03 2.87940381e+03 3.84484124e+00 9.70936813e+01
 5.53118213e+03 3.10208203e+03 3.37491382e+03 5.17532344e+04
 5.02729736e+03 9.41144043e+02 9.99213984e+04 1.12556946e+02
 1.52975508e+04 2.04188725e+06 3.57610687e+02 7.74206787e+03
 2.73819023e+04 2.69657478e+01 5.94876831e+02 2.37947480e+04
 5.06881592e+02 8.04091980e+02 8.44345932e+01 1.42689865e+02
 4.12668518e+02 4.57470703e+04 2.62219788e+02 3.03009902e+04
 3.52434863e+03 1.10855977e+04 4.97241797e+03 1.11252861e+04
 2.64174531e+04 5.77097559e+03 1.05893965e+04 6.97059844e+04
 8.37442398e+00 5.92163849e+01 1.11618982e+03 1.27467102e+03
 8.83884375e+03 7.00773315e+02 1.20334192e+03 1.57940369e+03
 3.45087799e+02 1.26524219e+05 1.28202148e+03 2.01734703e+05
 8.24852051e+03 1.97988398e+04 6.46827100e+03 1.53701892e+03
 4.88678223e+03 3.76852612e+03 1.44175989e+03 1.03586597e+03
 1.42025635e+02 1.98248035e+03 7.34995557e+03 1.39288047e+05
 5.54998682e+03 3.14075195e+02 1.10754761e+03 5.87558887e+03
 2.44224750e+05 4.96230176e+03 4.58069434e+03 6.45386865e+03
 1.96022461e+03 2.26525073e+03 5.98860303e+03 2.56164124e+02
 2.07086445e+04 1.32672266e+03 5.42461758e+04 6.93821335e+00
 3.48266772e+03 1.81774047e+05 1.01493695e+03 2.22333301e+03
 2.55838711e+04 2.18406188e+05 3.24536500e+05 1.05064824e+04
 2.08073792e+02 1.34547383e+04 2.00922559e+04 9.90388594e+04
 3.90457153e+01 2.59726746e+02 2.27384172e+05 5.63408386e+02
 1.85437031e+05 5.04364648e+03 2.31658555e+04 5.36905029e+02
 1.38088320e+04 7.22790479e+03 1.72149536e+02 1.28200869e+04
 1.37490205e+04 3.11355020e+04 4.05857056e+03 4.14268951e+02
 2.11260812e+05 1.39448938e+05 2.81664331e+03 1.34858740e+04
 2.36972681e+03 1.28351426e+04 6.66035375e+05 6.26183398e+04
 3.90085962e+03 5.10311523e+03 4.84945648e+02 5.73097595e+02
 5.42893896e+03 1.25544461e+05 3.21237930e+04 2.63707656e+04
 5.32533057e+03 1.74648867e+04 1.84767126e+03 8.67762939e+02
 6.36858887e+02 1.07716162e+04 2.94912207e+03 3.67184265e+02
 8.54534424e+02 6.99087769e+02 5.92245331e+01 9.09373984e+04
 1.53817744e+04 8.87031348e+03 3.88699844e+04 8.49256172e+04
 1.81409625e+05 1.63198242e+02 3.49434399e+03 1.11591943e+04
 8.07848486e+03 1.31612432e+04 7.68783630e+02 8.19642422e+04
 1.28195282e+02 1.28645667e+03 6.86866617e+00 8.32116211e+03
 4.59439258e+03 2.07660273e+04 1.64793125e+04 1.17595129e+03
 1.49413379e+03 9.15862500e+04 1.48683750e+04 6.16177216e+01
 1.00757385e+03 8.02360469e+04 3.90969627e-02 3.01144160e+04
 1.67586731e+03 5.64274979e+01 1.03708606e+03 1.26257510e+04
 3.66269922e+03 1.60796281e+05 2.20553594e+05 8.56486719e+03
 3.58384805e+04 4.23717316e+02 8.88171265e+02 2.74949646e+02
 1.50509443e+04 8.24914307e+02 7.24026611e+03 2.10917770e+02
 8.34258423e+02 2.02308423e+03 2.68679077e+03 3.58029590e+03
 2.71483320e+04 1.19618091e+03 1.44422998e+03 4.66737158e+03
 4.73926758e+03 1.67107578e+04 1.75372223e+02 4.82680023e+02
 2.08929316e+04 5.68078369e+03 7.06617725e+03 4.66715918e+03
 2.34255469e+04 2.40335840e+03 2.84585743e+01 9.53418396e+02
 5.44256982e+03 9.81062195e+02 1.15912231e+03 1.90460425e+03
 2.01808008e+04 5.10800018e+02 4.59338135e+03 2.51044140e+01
 1.66761063e+02 2.29566113e+03 1.60072959e+04 6.51283789e+04
 3.33492781e+05 1.30249405e+02 8.68591211e+03 8.19485950e+00
 1.68264047e+05 3.26251050e+03 2.21755600e+01 1.36957852e+04
 2.00768447e+00 2.08187280e+03 3.83333618e+03 5.79225438e+05
 3.90443242e+04 1.16230371e+04 1.67813301e+04 1.00486820e+05
 6.96378784e+01 9.19179250e+05 1.56976094e+04 7.70760840e+03
 2.58957202e+03 7.71933289e+02 2.49957656e+04 3.77853711e+04
 4.68677704e+02 4.80903271e+03 1.42360664e+04 7.55583679e+02
 2.41184902e+04 3.54222156e+05 1.50327672e+05 5.03545929e+02
 6.02773291e+03 1.83629639e+03 1.25312484e+05 6.40527051e+03
 1.82297815e+03 8.75013984e+04 2.47894775e+03 1.27898596e+03
 1.53494250e+03 5.40356903e+01 5.21318945e+04 1.99042200e+03
 3.76282344e+05 1.21213135e+03 1.53431396e+02 9.03636414e+02
 2.02007678e+03 1.45291794e+02 1.17765020e+04 1.28841426e+04
 3.83201953e+03 6.33957812e+03 1.95365953e+05 4.43030078e+03
 2.22260059e+04 3.34519531e+04 2.36627173e+03 4.27520117e+04
 5.54743604e+03 9.33365051e+02 1.27753040e+03 7.85131016e+04
 1.38303467e+03 2.59423828e+03 3.90644580e+03 4.87660586e+04
 1.03607336e+03 2.21791914e+04 2.64400000e+04 1.41085205e+03
 9.59711562e+04 6.56340078e+04 6.78048594e+04 1.18997156e+05
 1.51309219e+02 2.84029805e+04 2.57820526e+02 5.93805195e+04
 9.59041875e+04 9.56275146e+02 6.37777424e+00 1.91317188e+05
 1.12726670e+04 2.25916387e+04 1.95745332e+04 4.86040352e+04
 1.93056484e+05 2.49714722e+03 8.22983750e+04 5.50852100e+03
 5.75363818e+03 3.52026416e+03 5.40281006e+02 9.29040703e+04
 6.34126914e+04 5.87217627e+03 1.06531909e+03 4.42079297e+04
 4.62218477e+04 2.13932632e+02 2.04458218e+01 3.46241064e+03
 9.77659766e+04 1.01521797e+04 8.64351016e+04 5.69597949e+03
 1.90473266e+05 9.07926270e+02 1.03580107e+04 2.49280332e+04
 4.65582275e+03 2.51751465e+03 2.86567754e+04 1.82796250e+05
 9.91047363e+03 3.35913940e+02 4.78997900e+03 2.78421664e+00
 1.11928943e+03 8.22779297e+02 1.92901781e+05 6.97114929e+02
 6.39018164e+03 1.42898092e+01 2.81766309e+03 1.87381543e+04
 6.70601660e+03 2.38876641e+04 8.89941641e+04 1.52721216e+03
 5.94091553e+02 2.82397632e+03 2.02850647e+03 3.83387617e+04
 3.35371509e+03 7.58332959e+03 1.38152820e+03 3.80797734e+04
 1.04852295e+03 2.33704023e+04 1.47760425e+03 5.45837250e+01
 1.03557586e+05 3.91947388e+03 2.65997266e+04 2.29196781e+05
 1.21237676e+04 4.03999585e+03 2.49613907e+02 2.45056953e+01
 4.21695039e+04 6.69848359e+04 3.03970703e+04 2.75043750e+00
 8.19963984e+04 5.03394867e+02 1.41171436e+04 3.54500513e+03
 6.62635156e+03 1.56057141e+03 2.23255039e+04 5.33691064e+03
 1.95258652e+04 1.66815406e+05 4.30547461e+03 4.55611328e+03
 1.87714441e+03 1.15057304e+02 1.85322375e+05 3.19870176e+04
 6.91077891e+04 4.68732764e+03 8.88041229e+01 8.25871372e+00
 2.95174146e+03 3.83262695e+02 1.02990977e+04 3.08199707e+04
 2.95933887e+04 3.68564297e+04 3.10989282e+03 1.23917336e+05
 8.94634668e+03 3.51560859e+04 1.99101929e+03 3.78636230e+02
 1.21603882e+03 9.34120972e+02 1.28533955e+04 1.49739346e+04
 2.86769922e+04 8.53283594e+04 1.48762317e+03 6.23521533e+03
 2.77689922e+04 6.16474805e+03 2.27834188e+05 2.76379805e+04
 2.27086484e+04 4.71744238e+03 1.78738208e+03 2.77770312e+04
 6.43052852e+04 6.55828672e+04 1.58636211e+04 1.11507690e+03
 1.40525012e+03 2.08786230e+04 1.16651169e+02 1.03966383e+05
 2.50919971e+03 3.02776699e+04 4.60194775e+03 1.74244316e+04
 1.95680725e+02 1.37494653e+03 3.57431519e+03 8.51820508e+03
 5.48463623e+03 8.84408203e+03 2.29271582e+03 4.83936836e+04
 3.60162406e+05 6.57326074e+03 4.47057324e+03 4.36749365e+03
 1.75561646e+02 6.82576025e+03 3.97436211e+04 8.47400098e+03
 6.05666504e+03 5.33887939e+02 1.24842102e+03 2.05616133e+04
 6.77384141e+04 2.09003815e+02 3.17998364e+03 5.74315250e+05
 2.52949746e+04 7.17451875e+04 4.59448486e+03 5.76842578e+03
 2.58553457e+04 1.06499326e+04 1.14904287e+04 2.60635925e+02
 2.79331169e+01 2.36281191e+04 7.64369287e+03 1.65335007e+01
 4.66306445e+04 3.55660391e+04 6.68109473e+03 9.63490906e+02
 8.14813047e+04 4.38766504e+03 9.62762817e+02 6.00825195e+03
 5.19354141e+04 8.24530457e+02 1.40786602e+04 2.62959564e+02
 9.20963594e+04 5.18454053e+03 7.96978149e+02 2.06467641e+05
 1.71648560e+03 6.57601562e+03 7.45782166e+02 5.04921797e+04
 1.32843408e+03 2.57432031e+04 2.50035278e+03 9.84902441e+03
 3.33809688e+04 1.07751344e+05 5.46668281e+04 4.82258250e+05
 2.70921421e+00 1.05792981e+03 6.99241577e+02 2.46781982e+02]
52783.28
8641343.0
