[7.26801636e+02 8.77535019e+01 1.66279236e+02 1.17904266e+05
 3.62070503e+01 8.71586719e+04 1.61097180e+03 1.14081702e+03
 7.28178040e+02 8.57689258e+03 1.98337646e+02 1.21281531e+05
 2.60492688e+05 8.54224014e+01 9.89825058e+00 3.54199102e+04
 1.06361812e+05 4.06066699e+03 5.67086914e+02 9.31608625e+05
 7.60710234e+04 3.79906616e+01 1.75315938e+04 2.07782135e+02
 6.49519444e+00 9.64503052e+02 4.24833649e+02 1.03693516e+05
 2.08092539e+04 2.26870842e+01 1.43425359e+05 2.85532349e+02
 2.09037079e+02 6.11681671e+01 2.92765059e+04 8.42678146e+01
 5.85611839e+01 1.06773567e+02 2.11016830e+02 2.16061328e+03
 2.65120941e+02 1.85911875e+05 4.90332422e+04 2.98868805e+02
 4.04417847e+02 2.57125793e+02 1.09472580e+02 1.15604443e+03
 6.25557539e+04 2.07070312e+02 9.51676559e+00 4.28665924e+01
 2.92423582e+00 3.19329346e+03 7.66647491e+01 3.22315521e+01
 2.47954666e+02 3.55207642e+02 1.53340807e+01 3.56372383e+04
 4.73183562e+05 1.09204406e+05 1.44251678e+02 1.23861560e+03
 1.38535223e+01 2.67656006e+02 1.72654614e+03 4.13993874e+01
 3.31009717e+03 3.93161156e+05 3.11858177e+01 1.80546722e+01
 2.97284451e+01 7.39746552e+01 4.01486168e+01 1.32259506e+02
 2.55820957e+04 1.12598206e+03 1.07798874e+02 4.20480713e+03
 6.27790108e+01 5.99236107e+01 9.58976593e+01 2.70816746e+01
 6.43044662e+01 2.90231609e+00 4.79466438e+01 1.24690643e+02
 8.09455625e+04 7.04099561e+03 1.88364668e+04 1.15228688e+06
 2.73381348e+01 1.17140039e+05 7.97375305e+02 3.01361621e+03
 1.11062965e+02 1.70158844e+02 2.94188406e+05 9.15290833e+01
 1.21835518e+02 1.87221523e+04 4.52017969e+03 6.62025604e+01
 1.84593994e+02 3.60261401e+03 4.67116203e+01 6.84933887e+03
 9.57060471e+01 7.66047510e+03 5.30290186e+03 2.49703873e+02
 1.44614294e+03 1.31043991e+02 1.03840112e+03 1.13517881e+04
 2.84061794e+01 1.86863719e+05 1.74455582e+02 1.03726715e+02
 2.01284359e+05 4.29212463e+02 1.77645516e+05 8.42876062e+05
 1.50468979e+02 1.15579346e+03 1.73752632e+01 5.09592018e+01
 1.78564148e+02 4.06549609e+04 4.00573578e+01 1.18930303e+04
 6.12737305e+03 1.39158301e+03 6.17042236e+03 2.11346816e+04
 1.44497719e+05 1.72082520e+03 1.80306549e+02 2.70328522e+02
 6.84731522e+01 3.38688110e+02 4.04882538e+02 2.08990509e+02
 2.08056547e+05 1.70183276e+03 3.17824879e+01 6.20256592e+02
 6.09895996e+02 1.99048578e+05 1.20671619e+03 3.04272090e+04
 6.34493904e+01 7.09364700e+01 3.91818390e+01 5.59296562e+04
 2.85324097e+01 1.48100183e+03 3.37132301e+01 1.48893162e+06
 6.27802124e+02 7.58236694e+01 5.76732178e+01 1.40498303e+03
 3.30661346e+02 4.59769516e+01 3.29089575e+03 8.14790674e+03
 3.09711836e+04 6.04340782e+01 2.42773657e+03 2.03967972e+02
 7.20151291e+01 2.23786362e+02 6.87016309e+03 1.95339508e+02
 2.73388252e+01 3.12186719e+03 4.49267578e+01 1.68060875e+06
 2.63911523e+04 1.17820679e+02 1.23023875e+06 1.20315723e+03
 3.22071826e+03 1.66540271e+03 3.30964966e+01 1.98460999e+02
 5.10272369e+01 7.45223535e+03 5.01249561e+03 8.93022633e+00
 3.26965370e+01 5.41972198e+01 1.14356550e+06 2.09442969e+04
 1.24914379e+01 1.24250038e+02 2.78774910e+01 3.85397188e+04
 4.34459152e+01 1.99996826e+02 2.96861582e+04 3.78801270e+01
 5.06787018e+02 9.55813562e+05 2.32064668e+04 1.18097861e+04
 1.88582739e+03 1.25091339e+02 6.01434326e+03 5.27903320e+03
 2.52573901e+03 1.88317383e+02 2.86437103e+02 5.69616943e+03
 9.75233002e+01 8.10630188e+01 1.19847988e+04 1.37816589e+02
 3.15777283e+01 2.49125996e+04 6.47471237e+01 1.71807825e+03
 1.94551361e+02 8.34726855e+03 2.39658890e+02 1.10400753e+01
 2.63793730e+04 1.02122614e+03 2.26401602e+04 2.61437842e+03
 4.71544766e+04 1.90883945e+04 2.81100146e+03 2.25074125e+05
 7.27102266e+04 8.95855255e+01 4.58405469e+03 2.63801440e+03
 4.76923187e+02 1.89899654e+01 1.95257219e+05 1.01232969e+05
 2.35281445e+04 7.67013818e+03 3.24282070e+04 2.08311371e+02
 8.60870667e+01 2.03828357e+03 8.63793884e+02 1.62882290e+01
 3.59451408e+01 2.37138013e+03 5.03608665e+01 1.50582809e+02
 2.27057449e+02 2.14507324e+03 1.34297379e+02 8.42597046e+01
 3.83325098e+03 9.48701328e+04 6.41078873e+01 3.71910547e+03
 7.21463013e+02 9.94111426e+03 1.70341394e+03 4.64824609e+04
 2.72458282e+02 8.69872891e+04 2.91779272e+03 3.07581940e+02
 2.01281052e+01 1.86074939e+03 3.82021271e+02 1.77026474e+02
 4.94821523e+04 5.51740662e+02 6.94312891e+04 3.17645850e+03
 4.77421484e+04 1.13019241e+02 3.42389030e+01 1.23141151e+02
 1.19608911e+03 6.79554766e+04 1.09009922e+04 6.76884141e+04
 2.86452236e+01 9.28399887e+01 1.22885950e+06 3.00786419e+01
 9.08446094e+04 2.13428078e+01 4.78279152e+01 1.39369275e+03
 1.10047768e+02 4.47672791e+02 4.87191376e+02 2.70301604e+00
 4.09508691e+03 4.99990143e+02 2.19273094e+05 9.42800049e+02
 1.63426984e+05 9.18036328e+03 1.45639915e+01 8.26309326e+02
 4.91031456e+01 1.74122620e+01 9.06181717e+01 6.65225293e+03
 2.25502563e+02 1.03913658e+02 8.77038574e+03 1.18825211e+05
 1.20851963e+04 4.35215469e+05 8.94390918e+03 1.72990719e+05
 1.35622803e+02 8.26275000e+04 9.70651562e+03 3.19084381e+02
 2.70816688e+05 4.59005890e+01 1.58810693e+03 4.43018990e+01
 1.57347155e+01 4.73095917e+02 8.30347347e+00 9.42760372e+00
 2.87743872e+03 2.37958203e+03 5.09401367e+03 3.26101288e+02
 3.17126656e+01 1.03902063e+03 1.93292219e+05 2.98179272e+03
 4.75590591e+01 1.72620078e+04 5.36396523e+01 3.36475067e+02
 2.99894619e+01 6.23102713e+00 1.07151650e+04 1.61651459e+02
 2.81898496e+04 2.52184058e+03 2.14336047e+05 2.03936874e+02
 3.49902319e+03 2.24340531e+05 5.96169375e+04 7.00619431e+01
 4.58141846e+02 4.66358320e+04 5.67640114e+01 9.86480312e+04
 1.19818625e+05 1.89243531e+05 2.27864641e+05 4.44237012e+03
 5.73680750e+05 2.08008374e+03 3.74499626e+01 1.14305668e+01
 9.25566328e+04 1.25572789e+05 9.12100312e+04 1.68189961e+04
 2.35976733e+03 4.83184521e+03 2.38413301e+04 8.32472839e+02
 2.75169189e+03 8.13049688e+04 9.53349365e+02 4.08749542e+01
 2.35209244e+02 5.16010284e+00 1.17159277e+04 1.73926160e+03
 7.11840363e+01 5.37138125e+04 1.41009399e+02 3.78152776e+00
 8.02691797e+04 6.70927588e+03 1.41602562e+05 2.00432129e+03
 2.57694785e+04 4.77579498e+01 5.16516367e+04 3.79071812e+05
 1.11161751e+02 6.11443625e+05 4.96572305e+04 2.10129486e+02
 1.05757356e+00 4.38123932e+01 8.98183044e+02 1.60368567e+03
 2.46453531e+05 2.78784966e+00 1.83730872e+03 7.64039453e+03
 8.56617422e+04 6.41156540e+01 4.52187691e+01 4.60843140e+02
 3.78555781e+04 2.92472344e+04 2.43726257e+02 5.50066772e+02
 2.77082024e+01 8.79209656e+02 4.52575156e+04 5.18557968e+01
 3.70499329e+02 2.49630127e+03 1.43594971e+02 4.22418671e+02
 1.12354439e+02 6.81376877e+01 1.93710083e+02 1.81628184e+04
 5.77844124e+01 3.13788391e+02 3.29667031e+04 9.57179077e+02
 3.54242554e+01 2.27830887e+02 3.56862720e+03 4.21705017e+01
 2.86099727e+04 4.21921533e+03 2.22112500e+03 4.20925903e+01
 9.51595154e+01 3.80506812e+03 9.13455312e+04 1.40870850e+03
 4.31669678e+03 2.09335522e+03 3.25326636e+03 2.78041328e+04
 1.66557999e+02 1.19079346e+04 2.82930508e+01 1.21317988e+04
 8.47981445e+02 6.19186157e+02 1.79677656e+05 4.05304947e+01
 1.40736208e+01 9.66615781e+04 1.32965317e+02 3.09629297e+03
 3.27293628e+03 4.55722852e+04 1.13645782e+01 9.21723099e+01
 1.53785859e+05 6.86806774e+00 4.29273926e+03 2.77867699e+01
 3.16350632e+01 4.11932648e+02 2.39737213e+02 1.31394684e+02
 2.85538525e+03 3.02609436e+02 2.49031944e+01 3.76933258e+02
 9.69269592e+02 1.08164082e+04 3.68289795e+01 3.80290430e+03
 6.86343613e+01 1.01184723e+02 6.36625252e+01 5.28657500e+04
 3.17400837e+01 4.45935974e+01 3.63683891e+01 1.50170502e+02
 3.20066147e+01 5.75356750e+01 8.31523535e+03 1.00969589e+02
 2.52603149e+03 1.90875534e+02 1.71434375e+05 1.79136584e+03
 1.96055066e+03 3.39417500e+05 2.22611938e+03 1.46817093e+02
 1.85103931e+01 1.98438828e+02 1.39146203e+05 1.54732654e+03
 8.35886180e-01 4.76050488e+03 1.48876648e+03 2.89380829e+02
 6.19813423e+01 3.93965259e+03 8.81938076e+00 1.03809580e+04
 1.61715430e+04 1.64959908e+01 5.66772656e+03 6.30056396e+02
 4.73735199e+02 7.99987335e+01 7.78422394e+01 4.97907471e+03
 4.48846436e+03 2.96397852e+03 8.48855820e+01 3.47439219e+04
 4.34271027e+02 6.87379169e+00 3.94526807e+03 3.18553741e+02
 4.23510742e+01 1.62689294e+03 7.20029541e+03 8.82922729e+02
 5.83351479e+01 1.00736797e+04 1.75331067e+03 3.85584302e+03
 1.44031616e+03 1.39548547e+05 2.09035645e+03 4.37583594e+04
 1.18322758e+05 4.30992480e+03 2.68908539e+01 1.43737656e+02
 6.43353223e+03 1.27085869e+02 2.97413879e+02 1.25461494e+04
 2.52348164e+04 3.12734814e+01 7.70804310e+00 1.78040485e+01
 4.66538867e+03 5.24960205e+03 1.26308027e+04 1.90974255e+03
 2.12421616e+02 6.96486206e+01 2.00028235e+03 1.26979813e+02
 1.36320419e+02 9.02642266e+04 4.82869482e+03 7.92700171e-01
 9.46458435e+01 1.50378433e+02 9.63069727e+03 8.37663125e+05
 1.05049004e+04 5.35902939e+01 6.72129688e+03 8.39445078e+04
 4.11118477e+04 4.50474701e+01 3.48331879e+02 8.21934062e+04
 1.27139061e+02 1.24057939e+04 3.96371429e+02 1.18538456e+01
 6.92349188e+05 3.65406418e+01 9.11204346e+02 7.59484297e+04
 2.87165436e+02 8.93529375e+05 6.25868164e+03 3.49017700e+03
 1.77741013e+02 1.76075959e+00 1.46313643e+04 6.34631787e+03
 5.50135010e+03 7.88607471e+03 1.90569004e+04 2.06339328e+05
 2.93986499e+03 3.82877002e+03 4.48196594e+02 2.90667934e+01
 2.22833325e+03 1.94633145e+04 7.87206482e+02 7.14327832e+03
 4.04012085e+02 3.03099899e+01 1.49188950e+02 4.25886963e+03
 7.11612812e+04 8.60677539e+03 2.37919482e+03 3.89670117e+03
 1.05226532e+02 2.99327942e+02 1.64471512e+02 1.09405020e+04
 2.55288062e+05 3.25177734e+04 2.28906836e+03 1.08795283e+04
 2.35663403e+03 1.21170172e+05 6.09736484e+04 1.11802695e+04
 1.08776484e+04 2.03937109e+05 3.44168425e+00 2.45551147e+03
 5.54752881e+03 1.42933975e+02 3.70843964e+01 2.34782617e+03
 7.90612335e+01 6.69097595e+01 4.90722427e+01 2.92571201e+01
 3.17899097e+03 8.00903027e+03 1.54544205e+02 3.91321228e+02
 1.51352753e+02 1.41265479e+04 1.70325745e+02 3.64697342e+01
 6.02429077e+02 7.69512787e+01 1.58722725e+04 4.95485382e+02
 8.78858337e+01 2.89331684e+01 2.76275952e+03 6.25241162e+03
 5.10236719e+03 4.05479468e+03 9.17988892e+01 8.56296875e+03
 2.56523094e+01 1.72315062e+05 6.58338438e+04 1.45326543e+04
 3.21739966e+03 5.49657898e+02 2.01555777e+00 1.69050684e+03
 1.26003014e+02 1.35028137e+02 1.78557207e+04 1.67546387e+03
 3.99170190e+03 3.03087156e+05 1.13949243e+03 4.42337158e+03
 3.80101357e+01 1.24298279e+03 1.21165188e+05 2.06520125e+05
 1.18095645e+04 1.64489365e+01 1.42583516e+04 6.82582031e+02
 5.91197166e+01 2.93013696e+03 5.28312445e+00 1.15339470e+02
 1.49390312e+05 1.82662134e+03 2.72841263e+01 5.95761953e+04
 9.24328918e+01 2.39073135e+02 2.57213281e+03 7.05764375e+04
 9.45114899e+01 1.26960098e+02 1.52945215e+04 5.39991357e+03
 2.51195923e+02 4.03435767e+03 4.53097607e+03 1.66824268e+03
 2.57040527e+03 5.00175629e+01 7.63520813e+02 9.14354019e+01
 5.79869308e+01 4.00188446e+01 9.44372654e+00 5.24810156e+03
 1.11825508e+04 1.16202515e+03 8.36934297e+04 6.59813721e+03
 2.08343555e+04 2.28088608e+02 2.85648376e+02 1.08475537e+03
 6.85924988e+01 1.80661072e+03 4.76149756e+03 3.74290015e+03
 6.37328906e+04 1.59775696e+03 5.62420692e+01 6.56477295e+02
 9.32447968e+01 8.62775192e+01 9.66567383e+01 3.60467468e+02
 5.55351929e+02 7.66776848e+00 4.33723175e+02 9.85659256e+01
 1.97822388e+02 1.10187675e+06 2.13010117e+04 1.51695328e+02
 8.32932617e+02 3.28691025e+01 1.89798233e+02 2.21134692e+03
 7.12057922e+02 5.32298279e+01 8.36496289e+03 7.11964941e+00
 1.20732188e+05 3.20995087e+02 2.57644531e+03 1.58708844e+05
 2.34766089e+03 3.02254162e+01 1.46735229e+02 4.01756897e+01
 3.84124023e+04 2.59839954e+01 1.28593530e+03 3.86615112e+03
 3.39737320e+01 6.00469704e+01 1.81192078e+02 9.42030847e-01
 1.17544763e+03 5.00261182e+03 1.55183340e+04 2.89553595e+00
 1.00218036e+03 8.83966064e+01 1.91865646e+02 2.78046074e+01
 5.23556137e+01 1.01794596e+01 5.39589883e+04 2.40714142e+02
 3.68565826e+02 1.19480570e+05 8.87850879e+03 2.05822207e+04
 1.03679033e+04 5.83150928e+03 8.65380703e+04 4.18914719e+01
 4.30043755e+01 5.46384229e+03 3.03328033e+02 3.24392334e+03
 3.80040092e+01 1.75351219e+05 3.18136688e+05 1.65812512e+03
 2.01097156e+03 8.73254822e+02 1.29852722e+02 3.43394203e+01
 3.57598572e+01 1.02509469e+05 8.76975159e+02 3.18793301e+04
 4.02672386e+01 1.68075793e+03 2.02570719e+05 4.93784058e+02
 1.70167078e+05 4.02834570e+04 1.78656067e+02 7.75746182e-02
 6.93809453e+04 1.14762354e+04 1.30732642e+03 2.70503120e+01
 1.96952368e+03 1.74454956e+03 4.11411719e+03 1.83861294e+01
 6.70829163e+02 1.48843582e+02 2.29424362e+02 3.73562431e+01
 3.43854126e+03 9.90649567e+01 1.10041306e+02 7.22333188e+05
 1.70050507e+02 1.31418730e+04 4.49945188e+05 3.78633728e+01
 5.99477722e+02 2.99651459e+02 5.42099414e+03 1.46713438e+05
 4.88708763e+01 3.32227075e+03 3.08468086e+04 2.26787125e+02
 6.24964492e+04 6.76042969e+03 2.87025957e+04 4.04313818e+03
 3.04571381e+02 9.16059753e+02 6.25269203e+01 1.50185032e+01
 1.62079175e+03 9.75434375e+03 2.47935205e+03 2.67390900e+02
 3.36835976e+01 1.56334631e+03 1.13707466e+02 8.39648132e+01
 5.92135277e+01 2.48312492e+01 1.55095984e+05 1.09970439e+04
 1.13870186e+04 1.00675148e+02 1.42286422e+05 7.86019775e+02
 1.49097015e+02 5.34033447e+02 1.03747910e+02 9.72191956e+02
 7.05698486e+03 8.19908594e+04 2.16029370e+03 9.55254089e+02
 3.07723511e+03 1.77002655e+02 9.14167090e+03 2.83165474e+01
 1.38178797e+05 1.39251526e+03 3.99882094e+05 7.94767075e+01
 9.39550415e+02 3.95462549e+03 1.47836243e+02 1.00017344e+04
 2.51820202e+01 8.27318750e+04 2.71644592e+01 4.27373962e+01
 5.37835156e+03 2.96552601e+01 4.43784033e+03 3.49227562e+01
 8.57341919e+02 5.29281578e+01 1.17115800e+06 4.90781647e+02
 3.63538062e+03 6.96705933e+01 1.50698547e+01 2.12564673e+03
 3.16187129e+04 3.45802994e+01 3.69214883e+04 2.91965771e+03
 1.08999245e+02 1.00110474e+02 9.26877197e+02 1.33688141e+02
 1.60175735e+02 8.25469727e+02 2.88059131e+03 1.56351517e+02
 9.11117935e+01 2.91995898e+03 1.32473907e+02 1.93603531e+02
 7.84915924e+01 1.30276562e+05 2.26855396e+03 8.24538422e+01
 7.38665332e+03 1.79059315e+01 2.62652250e+05 6.04509688e+04
 5.84113216e+00 2.95855469e+02 3.36655859e+03 7.40095264e+03
 1.73346984e+05 4.48226242e+01 2.77571344e+05 1.47188311e+04
 1.46382285e+04 1.70501938e+02 3.22485522e+03 1.05242322e+03
 2.06845947e+03 3.78029663e+03 7.71737289e+01 3.59927109e+04
 1.85071423e+03 8.12757812e+02 9.39243698e+01 1.58636719e+04
 3.64979515e+01 1.00736621e+04 2.37436289e+04 2.89513428e+03
 1.52804531e+05 2.35739795e+03 2.61321754e+01 4.82626991e+01
 2.46702652e+01 1.31379359e+05 2.92982727e+02 6.98155029e+03
 2.55925323e+02 3.09331079e+03 7.92781689e+03 2.41860879e+04
 5.96768867e+04 2.57906177e+03 3.84682312e+01 6.80055812e+05
 6.98498291e+03 1.83472324e+04 4.45153320e+04 1.02263916e+03
 3.05843868e+01 4.29477578e+04 6.38969879e+01 7.85913696e+02
 5.32215820e+02 9.03247070e+01 2.17961472e+02 1.65486710e+02
 3.53221953e+04 3.75942657e+02 8.74893875e+01 6.25279846e+01
 4.14417686e+01 6.63397656e+03 2.80759125e+01 3.63654761e+03
 6.84371521e+02 9.77126312e+01 1.04973604e+04 8.64720306e+01
 3.62711353e+03 8.93819451e-01 2.92136694e+03 3.60585750e+06
 1.35463486e+02 1.36005391e+05 8.60312598e+03 7.51389014e+03
 3.42541531e+05 2.12640472e+02 8.03248828e+04 1.07600281e+03
 2.46281281e+01 2.38635742e+03 7.40803452e+01 5.91426331e+02
 2.36166260e+03 2.91007690e+01 1.65819004e+04 1.25010643e+01]
43469.824
3605857.5
