[1.32817128e+08 9.12032000e+07 5.57673408e+08 1.27583200e+08
 1.79754202e+09 1.15275544e+08 3.18908768e+08 1.46056544e+08
 3.91474304e+09 5.03492360e+07 8.93453440e+08 1.76781555e+09
 2.27464678e+09 5.84634150e+06 2.15351168e+08 3.52087968e+08
 2.36506778e+09 2.03987212e+06 9.47813440e+08 2.31239856e+08
 3.83985720e+07 1.80881240e+07 5.08034765e+09 3.92960928e+08
 8.50600080e+07 1.06164173e+10 3.08787610e+10 1.22297933e+09
 4.33996512e+08 6.58302040e+07 2.50269184e+09 9.09083520e+08
 6.59338400e+07 7.09190080e+07 6.80054272e+08 3.52469400e+07
 4.62159950e+06 2.03924320e+08 6.58569408e+08 4.17947880e+07
 3.90834970e+09 8.31022240e+07 2.32263920e+07 1.73497677e+09
 9.52655760e+07 5.27543200e+08 2.58283056e+08 1.75321891e+05
 3.44169440e+08 4.25676040e+07 1.32328416e+08 8.42577300e+06
 9.05513000e+06 6.27395789e+09 5.73428100e+06 1.38503200e+08
 6.13636352e+08 5.98832640e+09 1.59767322e+09 9.16556240e+07
 2.66047795e+09 5.77507680e+07 6.34267968e+08 1.55934528e+08
 1.21434910e+07 1.77659955e+09 1.34314720e+08 2.50680384e+08
 1.05193480e+08 6.74239872e+08 2.29849120e+08 1.18525608e+08
 3.72266160e+07 1.07026120e+08 3.68825950e+06 5.01808840e+07
 8.03001792e+08 1.62873088e+09 2.89777440e+07 7.21993472e+08
 1.66305000e+06 5.06274120e+07 6.86913520e+07 3.79546800e+07
 8.18868544e+08 9.92282880e+07 3.49047072e+08 1.02002024e+08
 2.82890160e+07 6.77447360e+08 7.11290800e+07 3.06469606e+09
 1.93958576e+08 1.62537616e+08 2.23532913e+10 4.10530304e+08
 1.24572024e+08 8.26589040e+07 1.08561971e+09 5.12071150e+06
 3.20061620e+07 5.78953152e+08 2.51637475e+06 2.17787936e+08
 2.90111328e+08 4.67536288e+08 4.36312896e+08 2.38134120e+07
 1.22842024e+08 8.88420600e+06 4.35515600e+06 5.91052840e+07
 1.49645120e+08 4.11421856e+08 1.30152960e+09 3.65295776e+08
 5.45745360e+07 2.06331379e+09 4.23317320e+07 1.70047960e+07
 1.18479500e+07 1.79215757e+09 1.97044288e+09 1.53051056e+08
 9.36439168e+08 5.73680500e+06 1.48367392e+08 1.40413536e+08
 3.37456800e+08 7.83635250e+06 6.08636100e+06 1.07510280e+07
 8.92685840e+07 1.42155408e+08 5.08401080e+07 3.92086920e+07
 3.22783744e+08 2.36462740e+07 4.25199680e+07 8.24920128e+08
 7.46587712e+08 5.88963280e+07 8.58376640e+07 2.49371880e+07
 4.82111200e+08 1.29581064e+08 8.72907100e+06 1.37960704e+08
 3.00759808e+09 1.50701120e+07 4.95075500e+05 7.28648640e+08
 3.84017056e+08 2.71599872e+08 3.06552060e+07 3.00518656e+08
 6.85089040e+07 2.39541360e+08 2.92325800e+07 1.07356216e+08
 2.54686592e+09 2.43656816e+08 3.31857260e+07 2.63847968e+08
 2.91297680e+07 8.08171360e+07 3.05074980e+07 2.33072576e+08
 3.51539904e+08 1.43794253e+09 1.69151120e+07 1.18990776e+08
 5.76775552e+08 7.70473280e+08 7.30291520e+07 6.37973120e+08
 7.09611648e+08 8.28847700e+06 8.05661120e+07 1.49779302e+09
 1.45075750e+07 1.12570736e+08 7.97092736e+08 8.20462272e+08
 5.53190760e+07 1.01867584e+08 4.32808640e+07 1.10574880e+08
 2.59023100e+07 6.77843750e+06 1.61448150e+07 2.22561100e+07
 2.90087920e+07 6.91273200e+07 6.27214592e+09 3.23257140e+07
 3.36294042e+09 3.82944544e+08 2.09098368e+08 2.43913700e+07
 4.53893888e+08 2.84325420e+07 2.78760397e+09 1.39082580e+07
 1.10173530e+09 2.24400205e+09 2.29589696e+08 1.45347744e+08
 1.93531250e+06 1.41826016e+08 2.23017968e+08 3.36403440e+07
 1.32963784e+08 5.22903424e+08 2.73389664e+08 1.25587330e+07
 3.33167040e+07 4.55401120e+07 3.39711200e+08 2.75960040e+07
 1.50250620e+07 1.71303560e+07 2.77822200e+07 3.37761408e+09
 4.49237440e+08 3.82569120e+08 7.37449152e+08 1.04644472e+08
 1.88375460e+07 2.24591002e+09 5.13100288e+08 1.40904570e+07
 7.49352000e+08 1.92879200e+07 2.80146720e+07 3.83171776e+08
 3.86295232e+08 5.93364750e+06 1.45788900e+07 3.89035640e+07
 1.66035968e+08 1.56590768e+08 2.50779878e+09 1.40189901e+09
 2.01944975e+06 1.23053672e+08 7.30492480e+08 8.51977840e+07
 4.42498912e+08 1.33944044e+10 2.26297480e+07 9.37721120e+07
 2.28610440e+07 7.98607760e+07 3.92738528e+08 3.19654912e+08
 6.23142336e+08 3.72227525e+06 1.66945552e+08 1.71836840e+07
 1.94333635e+10 9.30567360e+08 1.94768336e+08 2.74856600e+07
 3.19133719e+05 3.68082075e+06 1.33215624e+08 9.62050000e+06
 1.34979930e+09 1.05702522e+09 4.36128600e+07 2.37069712e+08
 6.01669150e+06 2.53712460e+07 6.56264448e+08 1.34596570e+07
 3.26136832e+08 3.27883238e+09 3.75259520e+07 8.08895872e+08
 3.40039760e+07 7.83066368e+08 2.26426000e+08 3.15019640e+07
 1.33550520e+08 8.49116800e+08 5.84748544e+08 7.68874080e+07
 2.12443900e+07 3.12653460e+07 2.55034547e+09 1.60392800e+07
 1.99434560e+07 2.11115136e+08 1.23583530e+07 1.41204370e+07
 3.45955456e+08 1.24889568e+08 1.64142928e+08 1.61936960e+07
 3.78191080e+07 7.11721040e+07 2.38443536e+08 3.57912781e+09
 1.99207040e+09 3.77264742e+09 1.52316512e+08 3.18425088e+09
 1.36662656e+08 3.31237480e+07 2.75074650e+06 5.40643968e+08
 3.04816704e+08 3.22636928e+08 7.84204150e+06 7.56453056e+08
 1.38427360e+08 2.80667213e+09 5.93304896e+08 2.05893709e+09
 1.17738496e+08 3.33243560e+07 4.61176320e+08 2.62197040e+08
 1.46031706e+09 2.92155136e+08 1.97112038e+09 5.82864080e+07
 1.06090906e+09 1.64652467e+09 3.30624260e+07 1.64138290e+07
 1.90140832e+08 2.53866600e+06 3.94823800e+07 4.30449888e+08
 1.79390176e+08 9.56312880e+07 3.01898650e+09 2.13589072e+08
 1.99219740e+07 8.71017408e+08 3.79070528e+08 5.15369880e+07
 2.38633440e+07 5.37263500e+06 1.00971119e+06 6.59220720e+07
 2.02608816e+08 5.41714500e+06 1.21385498e+09 5.42542680e+07
 4.02278720e+07 1.17439000e+08 3.22503648e+08 7.95706450e+06
 5.66200640e+08 9.42474080e+07 1.45158500e+07 9.61824320e+07
 1.57142234e+09 5.37499456e+08 4.42778688e+08 2.90938688e+08
 1.78002752e+08 9.23744240e+07 3.81987200e+08 1.28248840e+08
 1.70717069e+09 1.33936486e+09 3.02155540e+07 1.83150438e+09
 4.26376883e+09 3.75974520e+07 8.82869760e+07 1.45451584e+09
 9.01852672e+09 7.70264064e+08 3.32450280e+07 2.66246900e+07
 2.40658560e+09 1.42731251e+09 1.61282509e+10 5.18747840e+08
 1.60315040e+08 1.15962291e+09 2.53523900e+07 7.39400080e+07
 1.09596808e+08 2.01824528e+08 3.31974144e+09 1.65625012e+06
 6.07349240e+07 1.42467664e+08 7.06003650e+06 1.59358016e+09
 3.10688260e+07 1.85305248e+08 3.31641060e+07 1.97955008e+08
 1.36787584e+08 7.70884800e+07 8.62588080e+07 1.79057792e+08
 9.49024576e+08 7.46723584e+08 2.99472544e+08 4.33095520e+07
 2.35092378e+09 4.03717888e+08 3.69505440e+08 2.72257434e+09
 7.71444720e+07 3.98500352e+08 5.10491168e+08 1.61718246e+09
 1.34703810e+07 3.90088224e+08 1.33257608e+08 8.41420352e+08
 1.94253776e+08 9.21842800e+07 8.64709900e+06 1.10318680e+08
 2.45965840e+08 4.34695712e+08 7.96578624e+08 1.32547630e+07
 2.02918630e+09 7.92706304e+08 9.25300200e+06 1.89175360e+07
 4.32184880e+07 6.07711846e+09 1.89632800e+07 1.50303936e+08
 3.02210560e+07 3.45284352e+08 4.18681720e+07 7.29941250e+05
 7.52971120e+07 4.06866840e+07 1.02440864e+09 3.29596384e+08
 2.87848768e+08 9.18062160e+07 2.85169540e+07 1.43530300e+07
 2.35166544e+08 1.03850408e+08 1.21340140e+07 9.85884058e+09
 1.01567310e+07 4.23231584e+08 5.69583000e+07 4.63260080e+07
 1.24760408e+08 7.08139840e+08 9.06802000e+07 2.36695904e+08
 5.91922944e+08 1.28649850e+06 2.14081984e+08 2.81723200e+06
 7.37903360e+07 1.15192338e+06 6.86643008e+08 7.91915200e+07
 8.79940100e+06 4.19299640e+07 1.04003398e+09 1.19285722e+09
 4.70414464e+08 4.37806080e+07 1.03725840e+07 3.55077824e+08
 1.62883696e+08 4.75024320e+08 1.02034016e+08 8.75671500e+06
 6.51996440e+07 9.95620480e+08 1.15186168e+08 8.94208250e+05
 5.14990800e+07 7.81093200e+07 1.56489075e+06 2.60744000e+08
 1.33921544e+08 8.95374960e+07 4.69882720e+08 2.75384352e+08
 1.48391220e+07 4.52648288e+08 8.15315200e+07 1.69312240e+08
 4.65457560e+07 6.17774438e+09 1.30010890e+07 1.66588710e+07
 1.87541552e+08 2.58544768e+08 5.96400050e+06 8.36112250e+06
 9.77478240e+07 3.53735400e+07 8.95205920e+07 1.14718464e+09
 5.56648576e+08 3.57818550e+06 2.27995712e+08 1.03332120e+07
 3.19867168e+08 3.84126520e+07 1.10826790e+09 8.36299120e+07
 2.50261658e+09 2.26336288e+08 1.13682240e+09 4.04669280e+08
 2.13880512e+08 8.22704026e+09 2.34876240e+08 4.01481075e+06
 9.32493760e+08 2.95868100e+06 2.93092480e+08 6.94079168e+08
 4.30966144e+08 4.23246520e+07 4.75770120e+07 2.14183024e+08
 2.02596240e+08 2.57430256e+08 1.51928560e+08 3.13257248e+08
 1.18043208e+08 7.33353200e+07 1.56326448e+08 1.20113312e+08
 1.18945805e+09 7.70743347e+09 1.42799872e+08 4.63270600e+06
 1.50553000e+05 7.28586800e+07 7.05338062e+05 4.38835900e+06
 1.76564275e+09 3.95196240e+07 4.06240120e+07 1.61698224e+08
 3.62736800e+08 6.57017139e+09 2.04590656e+08 1.43042957e+09
 3.09483940e+07 7.05546960e+07 7.24874900e+06 2.18547040e+08
 3.72727080e+07 1.89625920e+08 1.04478780e+07 9.54547360e+07
 1.88356112e+06 7.65092080e+07 6.20083800e+06 5.02426848e+08
 1.61473056e+08 1.38658464e+08 1.82045080e+07 2.68452960e+08
 4.20875968e+08 2.83228320e+07 1.12910003e+09 6.62538432e+08
 2.91245696e+08 3.44272475e+06 3.87157536e+08 3.30786140e+07
 7.45141043e+09 2.08061696e+08 8.19906880e+08 4.07922600e+07
 1.21350579e+09 2.89684506e+09 1.86199936e+08 4.71339136e+08
 5.45730688e+08 4.11248832e+08 1.42219238e+09 4.08246624e+08
 4.18885880e+07 1.38408208e+08 1.83387408e+08 5.46587840e+08
 8.16400200e+06 2.18150224e+08 1.94654336e+08 1.79380176e+08
 3.20233600e+09 2.81169536e+08 1.42204688e+08 1.94502192e+08
 1.85653210e+09 3.67608960e+07 1.26099096e+08 6.73994050e+06
 2.69246016e+08 7.29443120e+07 1.50936688e+08 4.66187160e+07
 1.53680755e+09 3.72398240e+08 4.58724352e+08 3.91228240e+07
 1.92101990e+09 7.91954560e+08 6.85891840e+07 9.92567424e+08
 1.40591184e+08 9.46226688e+08 2.40531340e+07 9.45769120e+07
 6.59970400e+07 5.49075360e+07 1.11893581e+09 8.26207040e+07
 5.07265440e+08 6.74771200e+07 2.86415136e+08 1.30735464e+08
 2.83083780e+07 6.23131328e+08 3.66732672e+08 6.07335240e+07
 9.24846720e+07 4.58061160e+07 9.73940736e+08 2.89119437e+09
 2.00541344e+08 7.99868096e+08 1.13917340e+07 1.28786264e+08
 4.10813809e+10 3.32045216e+08 2.59716320e+07 3.83945680e+07
 8.02785950e+06 3.51651719e+05 8.01115875e+05 3.52757625e+06
 5.09259392e+08 1.18517216e+08 7.91001856e+08 7.62616000e+07
 9.17957120e+07 2.87133792e+08 4.46807520e+07 6.96032080e+07
 5.14445600e+08 3.36919757e+09 2.58463904e+08 1.00016430e+07
 2.92474048e+08 1.85347220e+07 6.73129760e+07 6.81663840e+07
 4.30876520e+07 9.17885600e+07 8.85224512e+08 5.25638280e+07
 4.22622280e+07 2.08231552e+08 2.98020240e+07 2.15743536e+08
 2.98282400e+08 1.48624432e+08 9.26080256e+08 1.01152435e+09
 2.53402768e+08 6.43093520e+07 1.45378620e+07 3.78713080e+07
 3.29436416e+08 1.41349850e+07 2.33446200e+07 2.81577600e+08
 1.62339008e+08 5.97269824e+08 2.65712560e+08 5.98454560e+07
 7.91804640e+07 2.34556000e+07 2.51307940e+07 3.19239680e+08
 6.95030272e+09 3.54536880e+07 3.69779760e+07 3.12710048e+08
 2.39073232e+08 2.97004576e+08 1.30352990e+07 2.72048200e+07
 2.08699488e+08 1.76839300e+07 2.03539264e+08 1.63908580e+07
 4.00888480e+07 1.37410464e+08 2.96380500e+07 2.73115140e+07
 2.93662054e+09 1.98347354e+09 5.68905700e+06 1.82659840e+09
 2.74364736e+08 7.17780720e+07 2.45124520e+07 3.26794440e+07
 6.34981696e+08 2.92693952e+08 7.93957312e+08 1.72174416e+08
 1.41993920e+08 1.84547488e+08 5.99478480e+07 3.00295872e+08
 1.39315046e+09 4.13061080e+07 1.27179620e+07 1.16707250e+07
 8.45748288e+08 4.02386406e+09 2.26941760e+08 1.71676928e+08
 1.67367184e+08 8.42294480e+07 3.48409824e+08 4.58950336e+08
 3.80228429e+09 1.68548160e+08 1.36035162e+09 1.98028304e+08
 5.83410112e+08 1.77995750e+09 7.68920896e+08 1.42070944e+08
 1.92915712e+08 1.17820440e+08 1.05101293e+09 4.08304128e+08
 4.00692512e+08 6.59339320e+07 8.86874000e+05 1.00462728e+08
 2.02133024e+08 1.89918640e+08 3.26366515e+09 1.77993300e+07
 1.76971760e+08 9.40890080e+07 1.24082840e+08 2.05335283e+09
 1.58801330e+07 2.92684500e+06 4.00011648e+08 2.88693060e+07
 9.20237920e+07 2.05382656e+08 9.36970720e+07 4.94304064e+08
 8.76427072e+08 6.11884800e+07 2.79067900e+07 2.13417616e+08
 8.84286000e+06 4.36757632e+08 1.54509296e+08 6.49941750e+06
 2.13160992e+08 1.87565380e+07 8.27448950e+06 1.27447568e+08
 1.78254976e+08 9.62110960e+07 2.52929472e+08 9.90462560e+07
 3.61786360e+07 8.87155098e+09 5.46880375e+05 8.84336640e+07
 3.17119050e+06 7.06165632e+08 4.92567360e+07 1.56596760e+07
 1.54130509e+09 1.80449360e+08 1.69341338e+09 7.77728000e+08
 2.29928269e+09 2.61880950e+06 1.30737638e+09 3.11707232e+08
 9.02068416e+08 4.39553536e+08 1.13286040e+08 8.05585200e+07
 8.07824800e+07 4.80187360e+07 2.98443296e+08 2.54663219e+09
 6.20255744e+08 1.54508240e+07 1.40027104e+08 5.22914720e+07
 1.42324048e+08 6.68218650e+06 2.27041894e+09 3.11925376e+09
 4.42768440e+07 6.49520160e+07 1.24988339e+09 3.17058320e+07
 2.28199142e+09 1.69127488e+09 2.81878720e+08 2.64384026e+09
 1.82977200e+07 3.13234592e+08 1.36062630e+09 1.40822048e+08
 6.52703400e+07 7.39561600e+07 5.87116080e+07 1.30957504e+08
 5.21157000e+07 1.67246340e+07 1.16420365e+09 1.22481010e+07
 2.27385520e+07 7.13257600e+08 4.55259040e+07 3.53877056e+08
 3.77383808e+08 2.86948128e+08 2.59017080e+07 7.49073840e+07
 1.70867664e+08 8.35871440e+07 1.73096538e+09 1.50726816e+08
 2.02782624e+08 1.65540688e+08 1.29106202e+09 8.11265120e+07
 2.85144300e+07 8.94780864e+08 3.66536520e+07 1.93092300e+07
 8.88787760e+07 1.17964936e+08 4.62177728e+08 4.04585024e+08
 3.94003525e+06 7.87093568e+08 9.56837840e+07 1.99854540e+07
 1.51878195e+09 4.66245469e+05 3.82378240e+07 6.67375250e+06
 5.62371072e+08 1.20084632e+08 2.45699820e+07 7.62852160e+08
 1.31148190e+07 5.06218144e+08 9.22227000e+06 1.38220832e+08
 1.30674760e+07 5.58402880e+08 3.57923360e+08 6.01204096e+08
 8.03495040e+07 6.73379600e+06 5.45379584e+08 4.27226528e+08
 1.80564890e+09 8.48189680e+07 5.99764864e+08 2.98196992e+08
 8.86303520e+07 2.43591776e+08 6.12124480e+07 4.04723840e+08
 5.07123320e+07 1.01102925e+06 6.42236160e+07 1.22917005e+09
 7.48154160e+07 8.65695300e+06 1.51334048e+08 2.32001744e+08
 7.43844625e+05 2.26072300e+07 2.64771584e+08 8.13907760e+07
 4.27085360e+07 9.07284720e+07 4.37961632e+08 3.66649920e+08
 1.73430160e+08 3.80288544e+08 1.76671024e+08 7.98615280e+07
 1.58677330e+07 1.07237126e+09 1.06367376e+08 9.44136200e+06
 1.79179469e+09 3.29011584e+08 9.40820700e+06 3.81158144e+08
 2.75186050e+06 9.47313280e+07 9.93883440e+07 5.13594214e+09
 4.11666944e+08 1.97565632e+08 2.60260980e+07 6.32611776e+08
 3.94916800e+07 4.98433840e+07 1.19508877e+09 3.92354440e+07
 6.71628875e+05 4.53732360e+07 7.30825400e+06 1.00092376e+08
 1.20251264e+09 7.45811520e+07 1.09386190e+07 3.00100928e+08
 3.62680960e+07 1.02176224e+09 6.26238960e+07 4.77133152e+08
 3.33377320e+07 1.89817960e+07 9.10527552e+08 9.22912448e+08
 2.88672896e+08 3.10480320e+07 1.36479088e+08 1.06232566e+10
 1.28831270e+07 9.66142400e+07 1.35034640e+07 1.51335664e+08
 1.08274648e+08 2.54038400e+08 9.89974800e+07 1.88427712e+09
 4.43465440e+08 1.18966520e+08 1.64632656e+08 9.23276400e+06
 3.42665952e+08 3.39373760e+07 1.24864290e+07 1.27169512e+08
 1.23618896e+08 5.62027136e+08 4.31190280e+07 4.48421560e+07
 1.10925363e+09 5.46751232e+08 1.26793690e+09 1.48147776e+08
 9.38903040e+07 1.11888240e+08 7.92464960e+07 6.06622362e+09
 1.42323680e+08 1.15765299e+09 5.88696300e+06 3.63574272e+08
 5.40580400e+07 9.78084224e+08 4.30180640e+07 2.55539312e+08
 2.45818020e+07 2.56161456e+08 2.02389600e+08 2.28887347e+09
 2.10000144e+08 3.37395000e+05 1.01258216e+08 1.08599400e+07]
