[3.88026875e+04 2.08940918e+04 2.45372547e+05 2.61707625e+05
 8.60287062e+05 2.09208828e+05 1.48319734e+05 6.35033562e+05
 2.73094125e+06 2.61892703e+05 7.04973438e+05 3.58865781e+05
 1.27744738e+06 3.02398926e+03 9.07215781e+04 1.48386445e+04
 8.58468812e+05 2.78110656e+05 5.09273406e+05 5.43963350e+06
 5.24662562e+05 2.79156219e+05 8.59962800e+07 2.73559238e+04
 1.84676102e+02 4.24518800e+06 1.89007520e+07 7.43830156e+04
 1.43537484e+05 1.73090609e+05 1.66554862e+06 4.09847188e+05
 3.09100938e+05 8.58204766e+04 1.06212012e+06 3.63603312e+05
 1.26674539e+05 1.91290062e+05 8.86818047e+04 1.10544828e+05
 1.37397288e+06 9.77184000e+05 8.35132422e+04 2.89669375e+04
 1.36739219e+05 6.23575977e+03 1.88019266e+05 1.40433781e+05
 3.32858406e+05 1.13454012e+06 8.73989062e+04 4.94206328e+04
 2.10304346e+03 8.85503100e+06 5.81641328e+04 1.85977453e+05
 1.39128672e+05 7.53188047e+04 4.54195406e+05 1.99966270e+04
 1.54732438e+06 2.46591172e+05 1.49779656e+05 1.36154951e+04
 1.52538938e+05 4.03146562e+05 1.06288102e+05 3.91979297e+04
 2.33595000e+05 1.11042275e+06 1.76342017e+03 5.78767188e+04
 2.15125422e+05 3.29871812e+05 1.30643953e+05 4.92932469e+05
 2.05442734e+05 3.68170406e+05 2.96832559e+04 1.27985275e+06
 7.85280469e+03 3.18997070e+04 9.57733438e+04 2.00619422e+05
 3.67965234e+04 4.83196484e+04 1.74185672e+05 9.54493125e+04
 5.75214688e+05 5.33373312e+05 1.00624289e+05 3.61608844e+05
 5.90724023e+03 2.76928094e+05 7.25462650e+06 2.65137281e+05
 1.40667609e+05 7.23748250e+05 1.32075266e+05 7.66829688e+04
 7.45401250e+05 3.68103594e+05 1.28993984e+05 6.51454453e+04
 2.01018457e+04 4.78903984e+04 5.86998047e+04 2.71564812e+05
 4.48276281e+05 1.11778699e+03 6.26623200e+06 1.10668138e+06
 1.70293828e+05 1.97614551e+04 8.33596938e+05 1.77162688e+05
 7.61894609e+04 1.38958888e+06 7.53499875e+05 6.80257188e+04
 1.74572078e+05 1.02626744e+06 1.96443312e+06 4.97282250e+06
 4.76226211e+04 4.11440771e+03 5.42253516e+04 1.27610336e+05
 2.04262531e+05 1.95529953e+05 2.61946875e+05 3.22123945e+04
 7.13914219e+04 1.46871766e+05 4.05115719e+05 1.99979297e+04
 6.56836250e+05 1.64891328e+05 1.64415078e+05 1.49789391e+05
 2.39505328e+05 8.83214875e+05 1.50165000e+05 1.92220500e+05
 9.03207938e+05 5.91238516e+04 6.48707617e+04 1.95897060e+07
 9.57585188e+05 6.68783125e+05 6.13514102e+04 1.72444531e+05
 3.26012625e+05 2.59421984e+05 3.34761531e+05 3.05388945e+04
 2.56600797e+05 1.59778890e+07 1.77808219e+05 2.56364025e+06
 2.74274825e+06 6.13667822e+03 4.28527734e+04 3.21407129e+04
 3.01352312e+05 2.95953750e+04 1.65444750e+05 3.19587688e+05
 3.59469531e+04 1.65601719e+05 9.66694766e+04 1.29399570e+05
 4.80718867e+04 8.61099453e+04 1.00350492e+05 9.52482812e+04
 1.75438234e+05 1.46289812e+05 1.53044391e+05 4.09533250e+06
 1.46938900e+06 1.47958922e+05 1.68217100e+07 9.32076562e+03
 1.44548922e+05 2.19804492e+03 1.07969797e+05 1.61763922e+05
 3.49009031e+05 2.38380828e+05 3.15858203e+04 7.84117891e+04
 1.06549391e+05 4.99376270e+03 3.68233575e+06 8.65374297e+04
 8.11654000e+05 7.67766875e+04 3.98507695e+04 3.89389094e+05
 4.58651465e+03 4.75838000e+05 1.16693562e+05 8.48040466e+02
 4.17258125e+06 7.74025050e+06 9.68083828e+04 2.26608594e+05
 5.89867891e+04 1.71118047e+05 2.23264859e+05 1.86234488e+06
 2.30257227e+03 5.67823125e+05 6.58879062e+05 2.82446719e+04
 2.42552859e+05 6.01695977e+04 2.70303281e+05 1.04492688e+05
 6.12374961e+04 1.02039055e+05 8.01079688e+04 3.90519250e+06
 5.68707266e+04 3.63440938e+05 5.75475812e+05 4.91046924e+03
 5.51576250e+04 2.59328825e+06 1.56109141e+05 5.53843242e+04
 2.22843797e+05 7.67425234e+04 2.11708145e+04 1.14426055e+04
 5.72854727e+04 1.03128914e+05 1.70962719e+05 1.75022949e+04
 9.24264938e+05 3.12205547e+04 1.91090925e+06 4.07156000e+05
 4.23938945e+04 8.02879453e+04 4.11161992e+04 6.84855234e+04
 3.11092844e+05 4.56975900e+06 6.22778320e+04 1.51684422e+05
 8.45629922e+04 5.77483672e+04 2.86721816e+04 2.19026516e+05
 9.94892500e+04 1.18728675e+06 6.35475078e+04 2.44989375e+05
 8.84000200e+06 1.05695742e+05 1.57882359e+05 5.33772266e+03
 1.03877041e+04 1.02716484e+04 2.49257031e+04 5.06797812e+05
 6.12948312e+05 8.81914875e+05 1.08438672e+05 1.35648275e+06
 9.98097266e+04 4.99697734e+04 2.69987469e+05 2.08461281e+05
 3.12069094e+05 2.32648400e+06 3.60006188e+05 8.44906700e+06
 2.99453312e+05 9.47888250e+05 2.26320605e+03 7.06866602e+03
 2.18099121e+04 2.55815359e+05 1.48433688e+05 1.69977412e+06
 4.32709219e+04 8.33786438e+05 2.31150200e+06 7.52336250e+04
 4.25806914e+04 3.25974492e+04 4.92088867e+04 1.62115098e+04
 2.31770953e+05 4.86314875e+05 8.27291875e+04 8.95705000e+04
 1.59142002e+04 5.93964648e+04 9.25509062e+04 1.94405950e+06
 4.82173062e+05 1.19949250e+07 9.97236797e+04 1.28294488e+06
 4.94395938e+04 9.90888594e+04 4.11258148e+02 2.72421055e+04
 3.92047281e+05 6.51830957e+03 3.94256860e+03 2.67114969e+05
 6.09492500e+05 1.80109200e+06 3.28765500e+05 3.41047562e+05
 2.22326906e+05 6.26768875e+05 3.64745156e+05 1.87566641e+05
 6.40287012e+03 2.03505656e+05 2.36616475e+06 7.23454531e+04
 6.53114805e+04 1.02317131e+06 1.32315332e+04 7.26227979e+03
 8.83943945e+03 1.25384766e+05 3.44718125e+05 1.65442578e+04
 1.82116543e+04 5.84870078e+04 9.50248340e+03 1.39346344e+05
 1.57286828e+05 3.58025656e+05 2.48924609e+05 8.66509625e+05
 4.94578398e+04 8.64676172e+03 1.02607744e+04 3.38236125e+05
 7.97206562e+05 3.19906973e+04 5.07120125e+05 4.13146406e+05
 1.09873102e+05 2.85215406e+05 3.66470438e+05 5.40519812e+05
 1.96057300e+06 3.34755781e+05 1.15868975e+04 1.22255805e+05
 6.12346016e+04 7.37918281e+04 1.50191844e+05 4.40762852e+04
 6.83098203e+04 6.69622875e+05 1.67475844e+05 3.81669995e+03
 6.25122050e+06 5.31288000e+05 1.02825150e+06 7.80325062e+05
 7.26932900e+06 2.68098926e+04 8.74156641e+03 1.24746875e+05
 7.16987300e+06 4.08010281e+05 5.60541328e+04 5.33331938e+05
 1.16011525e+06 9.49380125e+05 5.69193500e+05 8.46753281e+04
 4.43905713e+03 7.10578359e+04 1.65700578e+05 9.79652578e+04
 2.13156109e+05 3.13802594e+05 2.41372350e+06 2.38368828e+04
 8.18388359e+04 2.68053003e+03 1.22324734e+05 1.72143469e+05
 2.14739797e+05 6.61387500e+05 1.50631109e+05 4.12950250e+06
 7.48893203e+04 3.49103555e+04 2.51365078e+04 1.17212164e+05
 4.14753531e+05 5.70531125e+05 1.40234891e+05 6.31299414e+04
 5.21428960e+07 1.37611906e+05 2.95833203e+03 1.80307656e+05
 5.33192625e+05 3.23042363e+04 4.26987305e+03 3.31971600e+07
 6.24058984e+04 3.11826387e+04 6.39380750e+05 2.96075375e+05
 1.04636850e+06 2.17374000e+05 1.20101221e+04 8.29116875e+05
 1.32531734e+05 2.67630281e+05 6.51711914e+03 1.41224172e+05
 1.48319781e+05 4.78157625e+05 1.55317062e+05 1.72920906e+05
 6.72596436e+03 8.65363672e+04 9.92150547e+04 5.62006250e+03
 4.70053131e+02 9.82040938e+04 2.38274000e+05 1.13203262e+04
 1.57924938e+05 2.42432988e+04 2.49898531e+05 2.06193086e+04
 1.86160359e+05 1.27844946e+03 1.00263414e+05 6.10242062e+05
 9.29235703e+04 3.80497539e+04 5.30618555e+04 7.14445700e+06
 1.63984906e+05 6.22760250e+05 3.61813750e+04 1.50513098e+03
 1.32496904e+04 3.32567844e+05 7.47497266e+04 1.22966211e+05
 1.84398609e+05 4.25312656e+05 4.71244062e+04 1.09648838e+04
 1.66031406e+05 1.33333297e+05 4.16501875e+05 4.32640273e+04
 5.45574805e+04 5.33421950e+06 5.84058938e+05 7.26766375e+05
 2.14329321e+03 6.83213375e+05 3.94684492e+04 3.72929656e+05
 3.12238719e+05 2.07391375e+05 8.40585000e+04 1.78795375e+05
 3.09481504e+04 5.04507594e+05 2.40411656e+05 9.18065039e+03
 1.59346859e+05 1.77425500e+05 2.14507547e+05 5.25992700e+06
 6.59556172e+04 1.30700947e+04 4.85591406e+04 4.82210938e+03
 1.28373086e+04 9.27936016e+04 3.38088531e+05 1.40563000e+03
 1.52029656e+05 3.59881562e+05 3.51051406e+04 9.52674141e+04
 8.91123901e+02 3.01557875e+05 5.47776312e+05 1.44387438e+05
 3.91600703e+04 4.10452422e+04 1.03743525e+04 1.89111375e+05
 2.75464562e+05 1.28199094e+05 1.39054141e+05 3.10422312e+05
 3.02550332e+04 2.37449146e+03 3.55023938e+05 3.53716800e+07
 4.44744344e+05 1.62590406e+05 7.87688500e+05 2.30516188e+05
 1.01993188e+05 2.27118078e+05 7.03456953e+04 2.54406125e+05
 1.21590988e+06 4.25434180e+04 1.61201344e+05 5.07490594e+05
 1.29959375e+04 1.66600672e+05 1.27609338e+03 6.41896289e+04
 4.09918398e+04 4.98099906e+05 9.69264355e+03 3.28642358e+03
 2.08660156e+05 5.62610859e+04 3.63602461e+04 4.22482438e+05
 8.34481750e+05 1.71888344e+05 3.43958750e+04 7.41479443e+03
 5.99141052e+02 1.83929031e+05 1.87531815e+02 4.30398633e+04
 3.76880000e+04 1.38218203e+05 1.73949391e+05 2.45993613e+04
 2.94270078e+04 7.60367562e+05 3.99691914e+04 3.96818250e+05
 2.29617212e+03 6.34953955e+03 2.07377344e+04 1.56813016e+05
 2.93197438e+05 5.46309812e+05 2.03506766e+05 1.46736016e+05
 4.76170312e+03 6.17839531e+04 8.98801367e+03 4.46468125e+05
 1.71126422e+05 6.25314961e+04 1.31091578e+05 2.77654094e+05
 3.96778000e+06 1.81582328e+05 8.22448375e+05 2.44010531e+05
 2.34890359e+05 2.92474188e+05 4.05524200e+06 8.71797109e+04
 8.25453250e+05 8.02666016e+04 5.90766094e+04 6.51473188e+05
 5.73542438e+05 8.54585300e+06 6.83486406e+04 3.67633156e+05
 3.30003031e+05 3.18328062e+05 4.63483781e+05 1.30734680e+05
 5.58872125e+05 8.25288062e+05 3.70767719e+05 6.60742500e+05
 6.15826523e+04 1.84479984e+05 2.14590645e+04 8.48626328e+04
 4.92008344e+05 4.54159844e+05 7.53149561e+03 9.21974060e+02
 6.10635375e+05 1.53509281e+05 1.52325266e+05 4.16198086e+04
 3.42013696e+03 6.45052312e+05 6.37508887e+03 1.39591719e+05
 1.96384500e+05 1.64888422e+05 9.29865312e+04 9.50985059e+03
 1.44863600e+06 1.52945838e+06 1.96881141e+05 4.19548312e+05
 1.08464000e+05 5.64675000e+05 2.12355737e+03 4.16465977e+04
 9.70611562e+04 1.58168275e+06 4.58744281e+05 7.23348125e+04
 3.72319625e+05 2.19269688e+05 2.12676719e+05 1.28141846e+04
 2.51397344e+05 6.33701875e+05 7.41709062e+04 4.76139375e+04
 1.69145234e+05 2.04607324e+04 1.60977641e+05 1.66256038e+06
 9.39696406e+04 8.08947875e+05 6.65924297e+04 1.17033234e+05
 9.62679100e+06 1.47783828e+05 7.91139062e+04 4.01604531e+05
 7.33282109e+04 1.84447129e+04 6.37188906e+04 2.86921680e+03
 2.29362328e+05 1.19305459e+04 7.78247109e+04 2.54958008e+04
 6.73523672e+04 1.55040238e+06 6.66203000e+05 1.95308242e+04
 3.38403086e+04 2.08918734e+05 7.27675312e+05 1.28722977e+05
 1.43759072e+04 1.39904641e+05 1.50120172e+05 1.49692047e+05
 7.68529219e+04 2.04172425e+06 2.07062175e+06 3.88695938e+05
 6.47492676e+03 1.18365988e+06 3.73027383e+04 9.83353938e+05
 2.63283469e+05 2.66873219e+05 5.09236156e+05 3.46306156e+05
 7.12593438e+04 2.11233262e+04 2.47727156e+05 1.90423484e+05
 2.19124766e+04 1.95993844e+05 1.11807820e+05 2.36944438e+05
 3.16591719e+04 5.67973875e+05 2.00908469e+05 4.79202250e+05
 3.72367031e+05 9.27850938e+04 7.86278281e+04 2.13270969e+05
 2.01049406e+05 1.71359062e+05 2.85041750e+05 1.36985840e+04
 3.84918750e+04 7.15396484e+04 1.26823344e+05 8.67746797e+04
 7.74091406e+04 3.59270594e+05 3.72251904e+03 1.01518406e+05
 4.87119875e+05 7.97097031e+04 6.69606938e+05 4.02810586e+04
 3.79130312e+05 5.54702625e+05 1.19653000e+05 3.16874025e+06
 2.98017844e+05 4.69894375e+04 2.13080273e+03 1.10509422e+05
 1.66657766e+05 1.40431891e+05 1.00989277e+04 4.44546312e+05
 6.04394482e+03 4.93337207e+03 6.76819125e+05 6.31661328e+04
 7.08088125e+05 2.76980062e+05 1.38379609e+05 8.27828828e+04
 5.60611500e+05 2.95631750e+06 1.14409312e+06 9.52409297e+04
 3.40564062e+04 8.41360078e+04 6.96908750e+05 7.02121125e+05
 1.13094234e+05 1.02782375e+05 5.06214625e+05 2.25443223e+04
 1.80809395e+04 8.92660188e+05 5.06534550e+06 7.17915405e+02
 1.21551859e+05 1.28283838e+04 2.84781750e+06 9.55179882e+00
 1.35404469e+05 7.59553672e+04 1.70554031e+05 1.77742246e+04
 1.10835609e+05 1.00257227e+04 2.84165977e+04 2.95540508e+04
 9.20112188e+05 2.60101074e+04 6.16857109e+04 9.69782625e+05
 1.36591781e+05 6.09236572e+02 3.04480875e+05 4.93714812e+05
 1.66944469e+05 3.18514969e+05 1.03571181e+06 1.05452242e+05
 3.85517531e+05 6.61156812e+05 2.04809875e+05 5.11916550e+06
 3.34035391e+04 1.99026250e+04 4.07642188e+05 7.50959297e+04
 2.05331812e+03 3.87516438e+05 3.98032125e+05 1.25265125e+03
 1.64795172e+05 1.19052588e+04 1.24874238e+06 1.56067285e+04
 3.11947598e+04 7.05173500e+05 3.87816680e+04 3.28917562e+05
 3.58040508e+04 1.43641531e+05 6.31615688e+05 2.65017688e+05
 3.62662656e+04 1.11647148e+04 1.20461672e+05 1.54323600e+06
 1.78880938e+06 3.59350625e+04 1.28376625e+06 3.18173938e+05
 1.76581266e+05 1.21577100e+04 1.56787112e+06 8.56480000e+04
 1.39561469e+05 2.21115600e+06 1.08652211e+05 5.38350150e+06
 2.06725262e+06 1.50390562e+05 1.06341357e+04 2.63453535e+04
 5.67979346e+03 2.12888141e+05 3.34717675e+06 4.77388850e+06
 1.07892375e+05 1.29270062e+05 3.83361531e+05 1.58788391e+05
 3.84013281e+05 7.96633312e+05 1.53659365e+04 3.59182594e+05
 1.91073242e+04 2.50381250e+04 1.17044350e+06 2.36276844e+05
 6.38037930e+04 2.29314531e+05 1.61517094e+05 5.20615625e+04
 4.13691156e+05 2.28743242e+04 2.97218242e+04 1.60167493e+03
 9.27225156e+04 2.06727156e+05 6.73184609e+04 7.79640750e+05
 1.66988391e+05 1.67584844e+05 4.01598062e+05 3.35249453e+04
 1.48302172e+05 1.32895837e+03 3.15978613e+04 4.24627188e+05
 1.38911359e+05 1.34921531e+05 1.88581230e+04 3.06976900e+06
 1.03460461e+05 1.74054162e+06 2.72174180e+04 1.59250078e+05
 4.93429950e+06 8.00232500e+04 4.74386312e+05 6.32005500e+05
 1.51781865e+04 6.60601758e+03 6.88459531e+04 5.90792812e+04
 1.02097294e+06 5.84515078e+04 2.39753640e+07 4.98184219e+04
 1.10836662e+06 2.33756367e+04 5.82422266e+04 1.55290719e+05
 2.37076641e+04 2.73338688e+05 2.59768184e+04 1.62742562e+05
 8.70135000e+04 3.70931281e+05 2.51752871e+04 1.39088906e+05
 1.94274859e+05 4.92197266e+03 6.21501641e+04 1.70710656e+05
 6.62285450e+06 1.92110844e+05 4.03672344e+05 1.61698750e+05
 4.43576000e+05 4.11515195e+04 1.80429980e+04 1.27020742e+05
 4.98540391e+04 1.16891113e+04 2.17825172e+05 1.60350688e+06
 2.88373094e+05 1.00425166e+04 1.63095000e+05 2.32303141e+05
 1.01853102e+05 2.67797480e+04 1.55247510e+03 4.55449000e+06
 5.12052539e+04 1.48831281e+05 1.63039270e+03 8.27287695e+03
 1.27008875e+05 1.46428000e+05 7.73078625e+05 2.21396750e+05
 7.38045859e+04 7.82286812e+05 7.48666748e+03 3.24166309e+04
 1.45787559e+04 1.27671258e+05 1.56190725e+06 3.09776426e+04
 1.27342588e+04 1.53601306e+03 9.67451270e+03 6.04595700e+06
 1.18895879e+04 8.03434668e+03 3.99236219e+05 4.01078812e+05
 4.19361250e+04 7.65443047e+04 3.06386562e+05 2.79388301e+04
 9.95506953e+04 1.04390133e+05 2.65642344e+05 6.00806396e+03
 5.01366719e+04 4.26108917e+02 4.19232031e+04 5.76394125e+05
 1.07300133e+05 4.14726000e+05 2.04633887e+04 7.44789922e+04
 4.84400094e+05 1.86920844e+05 9.49854531e+04 5.48697920e+07
 7.03307734e+04 4.62987891e+04 1.64004922e+05 1.56436238e+06
 5.10801016e+04 1.11009891e+05 3.03855812e+05 5.30114414e+04
 2.29147125e+05 1.74875031e+05 3.38668688e+05 6.34318062e+05
 6.18861328e+04 5.44265000e+04 4.28538438e+05 3.39209219e+05
 5.61232625e+05 1.17104609e+04 6.98086016e+04 1.93476172e+05
 2.15093109e+05 2.69334938e+05 2.85342480e+04 5.28040273e+04
 2.27164453e+05 3.45821219e+05 1.88949355e+04 1.00821641e+04
 1.04169359e+05 2.54581421e+03 2.60799004e+04 4.31100450e+06
 2.19617062e+05 2.56751141e+05 2.73543203e+04 1.44685538e+06
 1.94005625e+05 6.76282625e+05 4.82408906e+04 2.42717050e+06
 4.46382383e+04 1.06851742e+05 2.12096297e+05 1.65795078e+05
 4.91818398e+04 4.25241219e+05 3.03293301e+04 1.51987578e+05]
854839.44
85996280.0
