[9.30420605e+03 9.07710327e+02 2.54491479e+03 9.76659790e+02
 2.67606836e+03 1.44678088e+03 1.02128522e+03 1.10454919e+03
 8.19607031e+03 8.53408020e+02 4.13706006e+03 1.74874023e+04
 7.29051575e+02 9.97092743e+01 4.73637161e+01 4.08622437e+03
 4.63210840e+03 5.33594849e+02 4.21796191e+03 3.05410095e+02
 1.03039758e+03 1.78126236e+02 3.69129000e+05 9.81258594e+03
 7.83582458e+01 4.35121523e+04 1.50496084e+04 1.56731311e+03
 2.95666113e+03 6.69108429e+01 2.50948441e+02 3.14733093e+02
 4.59287793e+03 1.46227173e+03 3.55249268e+03 2.10603442e+03
 1.85034619e+03 9.95443115e+02 4.34244324e+02 2.79230652e+02
 1.81686853e+03 1.53747961e+03 5.78364307e+03 2.10773594e+04
 2.31557300e+03 4.70619690e+02 1.82368530e+03 2.99640732e+01
 2.84886719e+02 5.86009180e+03 1.10749988e+03 8.51535034e+02
 5.97751770e+02 1.20369082e+04 8.52932556e+02 6.43223267e+01
 2.41323013e+02 1.98735974e+03 2.93805884e+03 6.03123108e+02
 2.93926270e+04 1.21256763e+03 1.51319446e+03 7.06378906e+02
 3.56823044e+01 1.61665244e+04 8.27650635e+02 1.90377716e+02
 4.76427246e+02 8.55181348e+03 2.00789703e+02 3.01804886e+01
 3.78640039e+03 1.41392957e+03 1.11177124e+03 3.07333179e+03
 3.96926636e+02 1.56721497e+02 1.68722864e+03 7.12581934e+03
 2.46678238e+01 1.07571484e+04 4.48866158e+01 6.75124939e+02
 7.81864380e+02 1.95058655e+02 9.39351868e+02 1.99467758e+02
 1.20251331e+03 5.12309961e+03 1.70050427e+03 1.48858760e+04
 5.91333862e+02 4.36738037e+03 6.25919375e+04 1.10028101e+03
 1.23326660e+03 1.51177856e+03 1.03000459e+04 4.73844147e+01
 2.83608862e+03 2.07343091e+03 2.53808081e+03 3.10047241e+02
 1.60807762e+01 1.91322437e+03 1.24195068e+03 4.53035303e+03
 4.38342041e+03 3.61565338e+02 8.26224182e+02 5.29398682e+02
 7.36316223e+01 2.28419238e+03 4.42711914e+03 4.12324310e+02
 3.41020111e+02 2.64555127e+03 1.41295135e+02 2.54511743e+03
 6.17869934e+02 7.40180481e+02 1.34247119e+03 2.88815820e+04
 1.04350975e+02 5.47950401e+01 2.34350739e+02 6.84912109e+02
 6.59972559e+03 3.28137817e+03 6.82113495e+01 2.46061554e+02
 4.32336029e+02 1.12196487e+02 8.01066956e+02 3.12417316e+00
 1.99739954e+03 4.67621918e+02 1.02658765e+03 1.94071472e+02
 5.21684509e+02 5.19934509e+02 9.82428418e+03 1.45047083e+03
 1.42312354e+03 6.50640411e+01 6.58612289e+01 4.78896250e+04
 4.99786523e+03 1.15639268e+04 2.37258392e+02 1.53790894e+03
 1.51079993e+03 2.26814795e+03 3.10644501e+02 2.72017505e+03
 1.72383118e+02 1.05113252e+04 7.26849915e+02 5.64469141e+03
 7.46052246e+02 2.20816943e+03 5.28969788e+02 2.13685669e+02
 1.06190820e+03 5.44264832e+02 7.52360992e+01 1.49393054e+03
 6.80311523e+02 4.99238342e+02 1.40111704e+01 5.94986182e+03
 1.77155640e+03 1.59477734e+03 1.00943976e+03 2.21080103e+03
 6.14270569e+02 1.05534058e+03 5.57207886e+02 3.12822695e+04
 4.28399316e+03 2.38058109e+01 2.67348691e+04 6.30448779e+03
 4.93688770e+03 3.23536682e+02 2.04175003e+02 1.41576828e+02
 1.50710913e+03 5.92936829e+02 2.68281158e+02 1.43823767e+03
 1.38912079e+02 1.50573776e+02 4.86824658e+03 3.71240959e+01
 2.38102910e+04 9.86362000e+02 3.82909088e+02 2.74172394e+02
 3.48422729e+03 5.91405411e+01 6.93028271e+03 1.40546619e+03
 6.14557080e+03 1.27968574e+04 2.56533350e+03 2.99327808e+03
 3.66644554e+01 2.13073560e+03 2.61632764e+03 1.36261267e+03
 1.31917346e+03 4.53796143e+03 2.64425049e+03 4.61399612e+01
 5.00367126e+01 3.66378857e+03 7.17260132e+02 1.18094368e+02
 9.62903824e+01 1.60755688e+03 1.43564771e+03 1.03254795e+04
 2.89109644e+03 8.04018433e+02 9.14546738e+01 3.27931732e+02
 5.20639221e+02 8.47997070e+03 1.28120190e+03 3.32529716e+01
 3.79272705e+02 1.68275330e+02 7.23088623e+02 4.55859985e+01
 4.31089404e+03 2.81994080e+02 1.79535187e+02 3.86003227e+01
 7.77854980e+03 1.75517044e+02 4.16049365e+03 2.36280908e+03
 1.88067822e+03 7.24515576e+03 6.31755981e+01 1.51766953e+02
 3.27666455e+03 1.25216352e+05 3.99032013e+02 2.13123804e+03
 2.61234406e+02 5.34339783e+02 3.86860931e+02 1.80245496e+03
 4.79379578e+02 1.92726440e+01 1.90005078e+03 1.22505896e+03
 1.92824883e+04 2.46999980e+04 1.27367627e+04 7.62575317e+02
 2.59425446e+02 2.69467871e+03 1.90102997e+02 2.47023657e+03
 1.01456650e+04 2.22461475e+03 1.42417310e+03 8.63251892e+02
 7.19356812e+02 1.49689697e+03 6.25924707e+03 8.60600281e+02
 4.79635234e+04 3.89332812e+03 1.12914148e+03 2.67558594e+03
 1.20688806e+03 1.58234682e+01 8.55610809e+01 1.95821045e+03
 1.47474930e+02 9.12965851e+01 1.24717212e+03 3.04463440e+02
 1.11001930e+02 5.41784363e+02 7.04275469e+04 6.42590759e+02
 8.23646387e+03 2.01004456e+02 7.43772583e+02 1.14350464e+03
 3.00055878e+02 1.35175854e+03 9.80343689e+02 1.54977646e+02
 4.91166260e+03 4.55583611e+01 6.05544873e+03 1.45462354e+03
 3.06975610e+03 7.48077812e+04 7.11857414e+00 2.05106445e+04
 3.05116528e+03 7.28761230e+02 2.20093399e+02 4.69349030e+02
 1.89939961e+04 8.99610825e+01 7.02403076e+02 6.87183496e+03
 1.47309990e+04 7.35320703e+03 4.45685107e+03 5.08673340e+03
 3.85497437e+02 1.58840442e+03 1.20935339e+03 1.56061426e+03
 1.78565371e+04 9.44295776e+02 2.50160000e+04 1.53463989e+02
 9.09122070e+03 1.75168518e+03 3.18857422e+01 3.04238159e+02
 2.12256958e+03 1.16719019e+03 4.98486426e+03 5.57517334e+03
 1.76216339e+02 3.17848267e+02 4.47943115e+01 1.28730209e+02
 5.06059189e+01 3.57167285e+03 9.42828064e+02 6.55734912e+03
 3.29690576e+03 1.37963708e+03 1.39352951e+02 4.60883270e+02
 1.99612183e+03 1.86164200e+02 4.33969922e+03 1.30141602e+04
 2.37003922e+02 2.27229736e+03 4.00477637e+03 5.26840234e+03
 1.66050818e+03 3.76977197e+03 9.89454224e+02 2.45154434e+02
 5.33392151e+02 5.26594434e+03 6.04016064e+03 2.38715881e+02
 5.03306250e+03 7.97010234e+04 1.00018967e+02 1.58168549e+02
 1.08740672e+05 1.48189990e+03 9.99028223e+03 5.77184265e+02
 8.09660000e+04 6.23412514e+01 1.52603247e+03 3.59923516e+04
 2.35440742e+04 1.74234009e+03 1.48712692e+02 5.14270386e+02
 4.87804492e+03 1.60752222e+03 5.83036523e+03 1.63523267e+03
 1.55285083e+03 1.49203186e+03 1.98128571e+02 3.72069794e+02
 3.79944800e+03 1.09359727e+04 2.83653564e+03 2.22281590e+01
 5.63354874e+01 2.27353076e+03 1.24646875e+03 6.23180371e+03
 4.32360916e+01 9.93412012e+03 1.46344934e+03 1.87546875e+04
 3.53298615e+02 2.75177338e+02 1.79165665e+02 3.01841984e+01
 2.83552808e+03 2.83008041e+01 1.12895317e+02 4.80075391e+03
 9.29766688e+05 3.23675842e+02 1.69844559e+02 2.58116016e+03
 1.88099238e+04 2.28250488e+02 2.36366973e+04 5.88954620e+01
 4.61548950e+02 1.05316152e+04 2.10208228e+03 5.82098572e+02
 3.52616162e+03 5.29797424e+02 1.29028516e+03 2.88255558e+01
 1.41834143e+03 2.35526276e+02 7.28025781e+03 1.12065559e+02
 1.51370977e+04 3.55499365e+03 1.61700952e+03 9.74298828e+03
 1.36885315e+03 1.12610986e+03 5.25829887e+01 1.81396790e+01
 3.34711266e+01 8.88290215e+00 3.02482681e+01 2.65095642e+02
 3.76417175e+02 1.57074097e+03 3.10045288e+03 6.90435913e+02
 1.40168442e+02 7.35359116e+01 4.05036713e+02 6.04164795e+03
 1.06683923e+03 3.91352203e+02 1.25473785e+02 7.47820605e+03
 9.57262955e+01 1.57292549e+04 3.64223584e+03 7.94086914e+02
 4.70741730e+01 1.55448083e+03 4.88937842e+03 2.79818604e+02
 1.48477417e+03 5.46710388e+02 1.34942474e+01 1.03469702e+03
 6.38674377e+02 6.34332504e+01 2.31535454e+01 7.26901184e+02
 5.27956543e+01 2.80469082e+04 1.44919873e+03 9.34637085e+02
 2.82092480e+03 1.95273547e+03 1.30958755e+02 2.86767236e+03
 4.86413193e+00 4.49689258e+03 1.42425598e+03 6.40215683e+01
 3.72362757e+00 1.91604749e+03 1.20047318e+02 1.88677148e+03
 4.78530713e+03 1.68406204e+02 3.09607819e+02 9.79561328e+04
 1.64605017e+03 5.40989136e+02 1.24792648e+02 9.61754822e+02
 1.73067520e+02 2.19836597e+03 4.91944092e+02 3.25560341e+01
 2.30725174e+02 2.19236758e+04 2.28987106e+02 1.61878223e+03
 5.45142334e+02 7.62060242e+02 1.28369209e+04 1.86804718e+02
 1.00956566e+02 1.74203918e+02 9.74756653e+02 1.27425781e+04
 4.94382935e+02 2.00743698e+02 3.01636200e+02 1.09025269e+03
 6.48927490e+02 2.29021313e+03 2.18416748e+03 2.08719590e+04
 6.28870850e+03 9.34626282e+02 7.76247375e+02 1.84529480e+03
 2.61358252e+03 3.92199297e+04 2.97772144e+03 2.52371765e+02
 6.41918652e+03 1.49376923e+02 1.60416473e+02 9.81228711e+03
 1.49016815e+02 3.47338684e+02 3.39173608e+03 9.63014587e+02
 2.80620544e+02 2.87722229e+02 2.16271820e+02 6.17533035e+01
 1.10243445e+03 5.11614551e+03 5.24143127e+02 1.92023132e+03
 8.76827393e+01 2.20563013e+03 2.28073273e+02 1.32350372e+02
 4.32023804e+02 2.14787369e+02 8.72679297e+03 3.20067505e+02
 1.65379707e+04 1.17658838e+03 4.11493149e+01 1.25643982e+03
 8.48997040e+01 7.84770605e+03 1.41023254e+03 5.37879150e+03
 1.24292920e+03 9.97480530e+02 4.96247528e+02 1.19983899e+03
 6.52674707e+03 3.08704803e+02 3.74922562e+01 2.59899365e+03
 1.10002815e+02 1.00834552e+03 7.91295624e+01 2.78131504e+04
 3.09725525e+02 4.93800201e+01 2.12974873e+01 2.85712598e+03
 2.05983633e+04 1.42995148e+02 8.75427832e+03 3.39004102e+03
 3.70444061e+02 3.18018750e+03 6.16138672e+03 1.43183191e+03
 6.17329844e+04 1.66890686e+03 1.12390146e+04 8.52811816e+03
 6.87698608e+02 1.50878789e+04 1.72306000e+02 1.85890411e+02
 2.22198639e+02 1.17455823e+03 2.55386108e+02 1.60922461e+03
 8.33381226e+02 1.61372729e+03 7.06119971e+03 1.86797409e+02
 1.09707556e+03 1.74227310e+02 2.73964014e+03 1.08697583e+03
 5.71959922e+04 2.55592188e+03 1.15275215e+02 9.95660629e+01
 7.07507129e+03 1.13793311e+03 7.26737366e+01 5.88329004e+03
 5.64783350e+03 1.35833154e+03 1.42521149e+02 1.82859167e-01
 4.66365723e+02 1.04123809e+04 3.68601001e+03 4.05901733e+02
 1.56536719e+03 5.48069031e+02 1.68328629e+02 7.62164258e+03
 2.05392639e+02 2.01225854e+03 8.29686203e+01 8.93734741e+01
 1.08881677e+03 2.51063008e+04 8.99728333e+02 3.69844452e+02
 1.82587964e+03 4.28941803e+02 1.66087512e+03 1.15687202e+02
 7.60038757e+02 1.54785242e+03 2.29487524e+03 5.31720764e+02
 1.02543298e+03 1.34659470e+02 7.13152222e+02 1.34504944e+03
 1.32371021e+03 2.31222437e+03 5.74189453e+03 5.11160309e+02
 8.17224141e+04 3.48950806e+03 2.42513794e+03 1.47668574e+04
 8.48528290e+01 1.27771094e+03 2.02452297e+01 7.44518616e+02
 7.09765196e+00 2.12262314e+02 1.55942493e+03 2.97098096e+03
 2.81153174e+03 1.32383301e+03 4.38469873e+03 1.58309387e+02
 2.54136987e+03 1.76241641e+04 3.97152026e+03 2.19589417e+02
 4.81338463e+01 3.49852829e+01 2.75914978e+02 2.43282547e+02
 3.85205475e+02 2.10944504e+02 1.01969772e+02 2.42852124e+03
 1.43845739e+01 2.80234985e+03 1.44006946e+03 2.22038672e+03
 7.23194458e+02 6.90537781e+02 4.94935107e+03 4.87644141e+03
 2.75146027e+02 1.49618323e+03 4.76985059e+03 7.23995898e+03
 3.91422821e+02 3.77677803e+01 4.69042358e+02 9.92248145e+03
 1.32902740e+02 8.40012695e+02 1.23378040e+03 2.39677795e+02
 2.10869189e+03 2.13053247e+03 4.54616516e+02 3.00952698e+02
 5.38128320e+03 4.49306982e+03 8.16625366e+02 2.10826157e+02
 7.61254883e+02 1.30003796e+03 1.70978836e+02 4.68283272e+01
 5.06888794e+02 1.09044873e+03 5.47907372e+01 2.01519641e+03
 3.91241760e+02 4.85941040e+02 2.53763916e+03 2.91961011e+03
 6.34144238e+03 2.13246045e+03 9.52759399e+02 1.60207979e+04
 4.37363037e+03 5.18178825e+01 4.53134827e+02 8.06677856e+01
 8.30450000e+03 6.91251892e+02 7.04435852e+02 7.71996777e+03
 1.44685989e+02 1.36108057e+03 8.81855176e+03 5.84020068e+03
 2.92630391e+04 5.94139795e+03 4.72273975e+03 1.48357792e+01
 2.00607251e+03 8.13737488e+02 5.60918799e+03 6.92168579e+02
 7.14691696e+01 1.19011365e+03 4.90098389e+03 4.95003369e+03
 1.37559512e+04 4.27124262e+00 5.65032654e+02 4.76480865e+01
 1.27604790e+02 6.73741650e+03 1.58491438e+05 1.40783655e+03
 1.89671521e+03 1.92379626e+03 6.00262891e+03 2.43849097e+03
 6.18182178e+03 3.95618945e+03 1.74906998e+02 1.54693323e+03
 1.30079681e+02 1.52647754e+03 1.91330554e+03 1.70494580e+03
 1.13272812e+04 4.90872116e+01 1.84245605e+02 1.02140771e+04
 9.76595886e+02 1.26510498e+02 1.51733606e+03 4.58593842e+02
 1.01953583e+03 2.71040015e+03 1.53069666e+03 6.92747070e+03
 1.42278699e+03 2.70930688e+03 1.25654541e+03 1.95325592e+02
 6.47068298e+02 1.56329315e+02 1.27126434e+02 1.67218665e+03
 2.79282471e+02 9.63276794e+02 6.46717957e+02 1.20833542e+02
 4.35437042e+02 9.58225000e+03 1.59980383e+03 1.23715370e+02
 2.77985748e+02 2.73586523e+04 3.05739563e+02 1.43533630e+03
 9.77059082e+02 2.31305664e+03 9.59422266e+03 1.04210938e+03
 2.87980591e+02 3.76596710e+02 2.18752856e+03 7.28826416e+03
 2.76203638e+03 6.53194702e+02 6.10632629e+02 7.07310059e+02
 1.10376599e+03 4.59089404e+03 3.14405786e+03 3.73354553e+02
 9.44781952e+01 3.35242676e+02 2.10357886e+03 7.83684668e+03
 6.96912012e+03 1.27328857e+03 2.88522369e+02 6.81173035e+02
 5.77174759e+01 9.97324371e+01 1.38219824e+04 5.95557520e+03
 2.52779858e+03 5.05941650e+02 2.55985376e+03 1.16345589e+02
 3.32167993e+03 5.00238672e+03 8.66882095e+01 4.17776154e+02
 6.64190735e+02 4.87898407e+02 1.16400410e+04 4.82591113e+03
 1.35751514e+03 1.36547165e+02 3.40623840e+02 9.97827148e+00
 8.38925488e+03 1.79388485e+01 3.57111499e+03 5.62078796e+02
 8.61814087e+02 3.41371193e+01 9.12513794e+02 1.70869648e+04
 7.65259949e+02 1.65857819e+02 7.64569629e+03 6.42322083e+01
 8.03972839e+02 6.86413803e+01 2.03088403e+03 2.24585449e+02
 3.79916772e+03 3.79206714e+03 4.61674377e+02 1.36382690e+03
 1.52367630e+02 4.24334570e+03 6.03076270e+03 1.87497070e+02
 5.21544824e+03 9.78853223e+03 7.99149658e+03 1.00907939e+04
 2.44383276e+03 4.30700592e+02 1.23117882e+02 8.85967834e+02
 1.75671118e+03 1.31670883e+02 2.46871973e+03 1.42277237e+02
 3.50827734e+03 2.63055615e+03 1.93482037e+01 3.74199463e+02
 1.39689856e+03 2.60852966e+02 5.32253418e+01 2.28404517e+03
 1.92680618e+02 2.54547290e+03 3.25430725e+02 3.51777197e+03
 7.09922302e+02 8.38840820e+02 1.31854922e+04 1.70439609e+04
 6.01966602e+03 7.90921555e+01 1.42704376e+02 8.28510895e+01
 1.22889844e+03 1.79404626e+03 1.15132103e+02 1.03258331e+02
 2.65867981e+02 1.19835645e+03 5.27664404e+03 4.77965381e+03
 1.14347144e+03 6.40452957e+01 2.16632202e+02 1.31002295e+03
 3.43094727e+02 1.00605243e+03 2.99963843e+03 2.61503555e+04
 3.26980347e+02 1.92108618e+03 6.32833435e+02 1.01010522e+03
 7.88183057e+03 3.44821930e+02 7.76256445e+03 4.85342578e+03
 1.33040955e+02 2.62678894e+02 9.59930847e+02 6.87323364e+02
 3.19002197e+03 1.60739343e+03 3.40891876e+01 8.41909729e+02
 8.97390213e+01 3.08500684e+03 1.40117273e+01 2.11560117e+04
 2.70376495e+02 8.58159485e+02 1.49153418e+03 2.92375164e+01
 1.58054947e+02 1.43949927e+03 6.00085754e+02 1.03872656e+03
 1.72957718e+02 1.34202734e+03 1.18019727e+03 1.59249756e+03
 1.40364990e+03 1.50728836e+02 6.65978241e+01 3.84872955e+02
 3.90221802e+02 9.77088623e+02 6.38352966e+02 1.74380383e+03
 2.62053894e+02 1.76567627e+02 1.10645984e+03 2.12765125e+05
 3.66422290e+03 4.74932220e+02 5.63914856e+02 2.18215176e+04
 1.06518555e+03 1.90794043e+03 5.41175537e+03 4.96463013e+01
 3.85339546e+01 5.66892517e+02 2.58902344e+03 5.44012266e+04
 1.44802704e+02 7.94140472e+01 8.40042419e+02 4.39194727e+03
 2.05643921e+03 2.20678491e+03 2.60230652e+02 1.43891678e+02
 5.35676041e+01 2.05067505e+02 1.11252472e+02 2.29961255e+03
 2.00111836e+04 2.12115601e+03 1.25587656e+04 1.58182281e+02
 6.19002808e+02 1.84256535e+01 4.55379944e+02 9.58828500e+05
 1.11407997e+02 9.72552344e+03 1.41829315e+02 5.38666870e+02
 7.38477588e+03 1.80024048e+03 3.48768616e+02 6.32968262e+03
 5.18888184e+02 8.79695984e+02 1.20191138e+03 3.52499695e+02
 1.01130927e+03 1.70603470e+02 5.92578796e+02 2.60053284e+02]
6538.077
958828.5
