[7.68903750e+04 7.14516602e+03 8.14602422e+04 1.53835141e+05
 5.02552832e+03 5.42986914e+04 7.17390078e+04 4.28884531e+05
 3.52180547e+04 1.37843844e+05 1.61588740e+04 1.72158844e+05
 2.10831675e+06 3.65357930e+04 7.68549609e+04 2.05846899e+03
 1.38533475e+06 1.03269445e+05 9.64912875e+05 1.11225075e+06
 1.65884359e+05 1.34102803e+04 5.33840080e+07 1.02392419e+06
 9.02840430e+03 6.19437400e+06 3.78601031e+05 2.79023500e+05
 2.14310875e+05 3.57205594e+05 1.19078734e+05 6.98313750e+05
 2.49945375e+05 3.33676538e+03 2.03125438e+05 6.04914688e+04
 2.49003969e+05 8.42320020e+03 1.30384388e+06 8.43745996e+03
 1.28703225e+06 1.24459462e+06 1.11871992e+05 4.63638125e+04
 4.14062438e+05 1.39403250e+05 3.78141406e+03 1.57998936e+04
 1.59545547e+05 8.49447109e+04 2.22794067e+03 8.29661804e+02
 3.78070195e+04 2.11990875e+06 2.68020172e+01 1.97252344e+04
 3.24353031e+05 1.08141688e+06 7.85766328e+04 1.12345242e+05
 7.03976125e+05 1.59921516e+05 7.88122422e+04 8.68822070e+03
 2.85963965e+04 8.65134453e+04 5.02856250e+03 3.75566719e+05
 5.06579961e+04 1.18084588e+06 1.77284000e+05 3.49246655e+03
 7.61482578e+04 9.15073425e+02 7.99975391e+04 2.88034531e+05
 5.22051172e+04 8.49683105e+03 1.55165375e+05 2.25722025e+06
 5.85820752e+03 4.54951062e+05 7.18150787e+01 2.01887363e+04
 5.75810889e+03 1.71706873e+03 1.16254438e+05 2.64423242e+04
 7.53333359e+04 3.44144125e+05 7.21651367e+03 4.87026875e+05
 3.94274194e+03 3.29788086e+04 5.79459700e+06 3.20741781e+05
 7.59706562e+04 6.58540078e+04 1.25617012e+04 9.41661499e+02
 3.97343375e+05 2.11620410e+03 3.44559875e+05 1.44164234e+05
 3.48404028e+03 1.84131922e+05 9.65431641e+02 2.89612305e+04
 7.80472109e+04 1.07227695e+04 8.91139141e+04 9.46498047e+04
 1.08219995e+03 8.05610938e+04 3.78317017e+03 1.59156406e+05
 7.99117578e+04 1.99195250e+05 2.42938379e+04 9.07758850e+02
 4.57534102e+04 1.45491325e+06 5.38254500e+05 1.54948700e+06
 5.33392500e+05 1.34792094e+05 1.65473945e+04 2.79580786e+03
 1.04362367e+05 9.72845000e+04 5.68643359e+03 3.61476523e+04
 4.20231396e+03 1.20051738e+04 7.09668500e+05 3.30276514e+03
 6.23657625e+05 1.91711279e+03 1.53852641e+05 2.79396602e+04
 2.40784210e+02 1.84366962e+06 5.29058000e+05 1.12469838e+06
 9.28983594e+03 3.14570645e+04 3.22365410e+04 5.17151484e+04
 1.18786016e+04 1.07754414e+05 6.42595508e+04 6.20757031e+04
 3.14543926e+04 1.60892395e+02 2.41010801e+04 4.31433828e+04
 1.67235828e+05 1.04638644e+06 7.89696899e+02 6.38065600e+06
 9.54631250e+05 1.15675576e+04 2.57995723e+04 8.87743594e+04
 3.84046250e+05 1.14209277e+04 3.74471836e+04 6.77608906e+04
 3.12480312e+05 2.54371781e+05 2.11425684e+04 1.23936289e+04
 7.21290703e+04 1.37630250e+05 1.22222508e+05 1.14623516e+05
 9.53982891e+04 1.36059912e+04 1.52461062e+05 1.93790562e+05
 5.00736844e+05 4.46703203e+04 7.43871938e+05 1.06822211e+05
 1.01689852e+05 3.89582227e+04 4.60391016e+03 2.53822715e+04
 1.49470844e+05 2.66918062e+05 2.65789562e+05 3.34743750e+04
 2.57881699e+04 1.79528418e+04 9.25089688e+05 3.95680547e+04
 3.60567625e+05 9.65367344e+04 3.67720312e+04 4.29281406e+05
 7.08739688e+04 1.54727625e+05 4.68678271e+03 1.18219031e+03
 1.56255734e+05 1.98934280e+07 1.63338062e+03 3.90861680e+04
 1.31667598e+04 1.26518428e+04 4.72933789e+03 2.04501367e+03
 1.42684281e+05 7.02799609e+04 3.48589102e+04 5.99171211e+04
 1.03197695e+04 1.00619438e+05 5.51852188e+05 6.59065088e+03
 8.91199609e+04 3.61183984e+03 1.09803289e+05 1.09804475e+06
 2.60489688e+04 9.13463359e+04 7.30135000e+04 1.21235254e+04
 3.49544570e+04 1.39209488e+06 4.11515547e+04 2.71032300e+03
 3.70326719e+05 9.55036406e+04 1.60670469e+04 7.32156172e+04
 8.73587305e+03 5.91543555e+04 1.83450352e+04 4.89290576e+03
 3.26627475e+06 1.60051300e+02 3.35034781e+05 7.05476312e+05
 5.68143320e+04 3.15282938e+05 8.34274719e+02 2.14669484e+05
 1.04592394e+06 3.51775950e+06 1.22964785e+04 2.82587625e+05
 9.30618984e+04 8.17571045e+03 1.89139484e+05 4.46136279e+03
 1.54866344e+05 7.35798828e+04 1.67030906e+05 8.73069219e+04
 2.06711238e+06 1.62717617e+04 7.33514812e+05 3.17944067e+03
 7.14534973e+02 4.34489180e+04 1.38095547e+04 1.20289188e+05
 1.51338375e+05 7.51275072e+08 2.23261681e+01 9.21289312e+05
 5.29221211e+04 1.33164248e+04 3.31911425e+06 2.05469414e+04
 8.25080938e+05 1.59841859e+05 7.68132734e+04 2.72554300e+06
 1.55703656e+05 1.36497812e+06 2.10091504e+03 2.79656016e+04
 1.49491172e+05 7.95960703e+04 6.78623062e+05 1.41078447e+04
 7.83098984e+04 3.96272625e+05 2.85729925e+06 1.02078485e+03
 3.74875500e+05 1.29684383e+05 1.42687866e+02 4.16854406e+05
 7.71545459e+03 5.93940625e+05 1.91061859e+05 4.17853633e+04
 3.38729541e+03 4.39118945e+04 7.18850625e+05 4.48351700e+06
 1.99531484e+05 9.11467578e+04 2.78370850e+03 6.22296533e+03
 8.45562812e+04 7.88276016e+04 3.83138403e+03 2.37405531e+05
 1.18387150e+06 1.98366234e+05 3.00904077e+03 1.00595117e+04
 3.40464023e+04 5.17334412e+02 4.74146953e+04 9.26062305e+03
 3.69209399e+03 1.95744160e+04 9.11620020e+03 2.95355219e+05
 1.89418650e+06 2.72474160e+04 4.36399200e+06 1.96910020e+04
 6.59333203e+04 6.65448438e+04 7.78207471e+03 7.80354932e+03
 7.48022949e+02 4.87881219e+05 2.93808380e+02 2.62677400e+06
 1.36933438e+05 6.45716260e+03 1.20400138e+06 3.61528369e+03
 1.23761164e+05 8.77714438e+05 2.16236297e+05 6.42747688e+05
 8.41312500e+04 2.05235605e+04 4.83232969e+04 9.80810312e+04
 8.56510812e+05 2.08891211e+03 6.36253271e+03 2.89308750e+05
 7.39783125e+04 1.47703703e+05 3.62705508e+04 1.45318760e+04
 8.78042250e+05 6.39650562e+05 9.39354141e+04 7.01504453e+04
 2.55950703e+05 1.39746578e+05 4.40829750e+05 7.21346094e+04
 7.00998291e+03 4.89331875e+05 6.64124453e+04 2.29006030e+03
 5.26001094e+04 2.39467062e+05 8.03212688e+05 1.33912750e+05
 1.32583440e+07 6.04894531e+04 7.62914141e+04 4.16603750e+05
 1.73029062e+06 3.33352750e+05 5.42748486e+03 9.75645801e+03
 5.23832812e+05 2.65956592e+03 1.32001828e+05 3.83618047e+04
 2.48828766e+05 8.21495375e+05 5.20297266e+04 3.99784312e+05
 1.79785281e+05 8.68666602e+03 7.24857266e+04 5.44919824e+03
 7.64469910e+02 3.20636719e+04 1.31646688e+05 1.04466890e+07
 4.42204102e+04 1.36144275e+06 2.13926348e+04 5.56261188e+05
 1.36573376e+03 3.91892875e+05 1.06337598e+03 5.64419092e+03
 1.34267588e+06 6.21628375e+05 1.00932666e+04 4.74660107e+03
 7.13572560e+07 7.81009619e+03 2.08773379e+04 3.52685859e+04
 5.95159727e+04 9.98258906e+04 6.99083125e+05 2.61209609e+05
 1.93997637e+04 1.90653325e+06 5.69328500e+05 2.14184844e+05
 8.97611000e+05 2.54394849e+03 3.78184090e+01 1.55137500e+05
 3.51207578e+04 6.63399658e+02 6.43377625e+05 3.34592266e+04
 2.01867562e+05 1.76757188e+05 2.52897656e+04 2.23937438e+05
 4.72671680e+04 3.26439600e+06 2.70018242e+04 1.24111926e+03
 2.61977539e+04 2.57814395e+04 9.46258125e+04 2.28260656e+05
 1.51370654e+04 8.95031348e+03 2.07271969e+05 8.58729938e+05
 1.61190445e+02 8.87006484e+04 1.00987939e+03 9.97901812e+05
 1.87001047e+05 7.39016438e+05 1.25032334e+04 1.26491680e+07
 2.85217334e+03 9.10351685e+02 2.41694668e+04 1.13266543e+04
 3.30158711e+04 4.99873375e+05 5.92189750e+05 6.81052637e+03
 1.75743219e+05 1.23290320e+05 6.24367891e+04 1.35412256e+03
 1.51571462e+06 4.38335596e+03 2.81408926e+04 3.19473535e+04
 2.54270109e+05 2.84859275e+06 1.56633172e+05 1.08687866e+03
 3.00341656e+05 2.65303656e+05 1.33882431e+02 1.37980638e+06
 6.74145203e+01 1.15549773e+05 2.09621602e+04 1.34824484e+05
 1.86729391e+05 3.31636084e+03 1.54782617e+03 1.04091357e+03
 3.20925125e+05 5.01406719e+04 4.51020117e+03 2.02787525e+06
 5.59327383e+04 2.24621641e+05 6.54875391e+04 5.48203750e+05
 1.11627213e+02 3.21738965e+04 2.32675312e+04 5.52324609e+03
 1.40475098e+04 2.36411400e+06 7.82987734e+04 1.70259961e+04
 2.25943652e+04 1.11231775e+06 1.86945453e+05 8.66395630e+02
 1.87492617e+04 2.35732484e+05 4.04174102e+04 2.51889172e+05
 5.25784229e+03 4.17954883e+03 9.33448926e+03 3.35809156e+05
 7.47533359e+04 5.85549250e+05 4.89572812e+04 6.42414727e+04
 5.65224883e+04 1.23089023e+04 3.57029875e+05 6.95900960e+07
 1.12912875e+05 3.53817850e+06 1.69781777e+04 3.96024707e+03
 4.33393406e+05 1.02901831e+03 4.54321836e+04 8.68839160e+03
 2.55724453e+05 2.21949434e+04 5.25358447e+03 3.82078656e+05
 8.36694688e+04 3.71302969e+05 2.18606953e+05 8.96436719e+03
 1.00543025e+06 2.23865984e+05 4.43183516e+04 1.23911688e+05
 1.24557012e+06 3.18672350e+06 4.03351992e+04 1.32712881e+04
 6.78566895e+02 1.03582742e+05 7.01904785e+03 3.93639492e+04
 2.30106152e+03 2.43160293e+04 1.03200146e+04 2.14636191e+04
 4.64857666e+03 2.98029825e+06 1.20002627e+04 2.25036425e+06
 1.54595352e+04 3.79736987e+03 1.04275891e+05 5.74995703e+03
 3.66422100e+06 3.36952148e+03 5.35500679e+01 8.49648750e+04
 6.92648877e+03 7.01672344e+04 1.18578750e+04 3.75115703e+04
 1.00707207e+04 4.14492310e+02 3.55064102e+04 7.58572769e+01
 3.40097906e+05 1.13440112e+06 2.97434644e+03 4.11415234e+04
 1.40126782e+03 1.86420562e+05 7.07672188e+04 1.15661523e+05
 1.34108725e+06 2.17214380e+03 2.48083945e+04 1.66279419e+02
 4.76141602e+04 2.09808750e+06 3.35459961e+04 1.84907031e+05
 9.75697188e+04 3.66379500e+05 1.69177266e+05 1.22187688e+05
 2.65311953e+04 4.22794336e+04 3.44358594e+04 1.85416203e+05
 6.98807812e+04 1.23084938e+05 1.55157000e+05 1.30704502e+04
 2.17020000e+04 3.92506680e+04 7.23343203e+04 7.89780090e+02
 6.21043312e+05 1.41034502e+04 5.66918047e+04 7.72024766e+04
 4.34543750e+05 2.63833000e+05 3.89427856e+02 1.01237373e+04
 3.20967594e+05 5.19118906e+05 2.12321016e+05 7.64598984e+04
 1.60638266e+05 6.61074438e+05 6.31830664e+04 5.02134750e+05
 1.64327783e+03 2.73586594e+05 1.64526543e+04 1.64336523e+03
 1.24815957e+04 1.13014248e+04 5.68436812e+05 9.87561719e+03
 2.11400062e+05 2.37402438e+05 6.36027812e+04 3.12909824e+04
 1.91940484e+05 2.32685422e+05 2.41534082e+04 5.67364550e+00
 2.04634609e+04 1.15150400e+04 1.29567188e+05 1.20677234e+05
 1.41516484e+05 2.15178672e+04 4.64372314e+03 1.61604266e+05
 3.30327660e+07 1.27877023e+05 1.02005350e+06 3.54680781e+04
 4.49264648e+04 4.58276758e+03 8.08928984e+04 6.56664453e+04
 3.56662617e+04 1.73983086e+04 5.07486094e+04 2.63375742e+04
 3.74273086e+04 3.33556300e+06 2.19312062e+05 4.42219287e+03
 6.40549707e+03 3.15715088e+03 1.68666844e+05 1.62656885e+03
 9.97795215e+03 1.10889297e+04 4.74680078e+04 2.51660137e+04
 3.45589429e+03 6.82011750e+05 1.36372328e+05 1.60127234e+05
 4.09077246e+03 1.66075750e+05 5.67338688e+05 5.05465977e+04
 1.16164521e+04 1.65598035e+03 7.64210889e+03 4.88806150e+06
 3.60197852e+03 1.15341180e+05 2.86107324e+03 1.25738219e+05
 2.48919516e+05 2.25883156e+05 2.59361108e+03 2.87819297e+04
 7.15138281e+04 2.28264719e+05 8.74641875e+04 9.53541750e+05
 9.36676875e+05 1.76764234e+05 1.48232531e+05 1.08500320e+05
 6.23127500e+05 1.08946640e+02 2.52265552e+03 2.69258926e+04
 3.98244653e+03 8.82228438e+04 3.04204258e+04 5.14077087e+02
 5.16054648e+04 6.61267109e+04 8.24929375e+04 2.59455828e+05
 1.39254125e+05 1.66529953e+02 3.91788116e+02 1.95463234e+05
 7.32155908e+03 2.24852750e+06 4.43032031e+05 3.32847695e+04
 2.31281523e+04 6.36790479e+03 3.66015195e+04 1.52516125e+05
 6.53272510e+03 9.07972500e+04 7.18646562e+04 1.37909875e+06
 2.14938867e+04 3.53621445e+04 1.95757125e+05 6.67039812e+05
 1.40647175e+06 6.20549688e+04 1.41654725e+06 2.44007531e+05
 2.32478078e+05 1.01926088e+06 1.63331675e+06 2.79520281e+05
 2.44987231e+03 1.02175375e+05 1.14375422e+05 7.77924938e+05
 1.19535055e+05 2.42077246e+03 2.34190828e+05 6.14983633e+04
 4.00920188e+05 7.58396533e+03 1.10187370e+07 1.94274212e+06
 1.15628442e+03 5.36013125e+04 1.30218112e+06 1.42033859e+05
 1.45508016e+05 1.90748891e+05 4.41652812e+04 3.85316284e+03
 5.05039746e+03 2.42235742e+03 3.59516825e+06 1.59097988e+04
 7.77773281e+04 8.46247461e+03 5.65684844e+04 1.61916938e+06
 8.08949512e+03 2.97091094e+04 1.37741812e+05 8.95622109e+04
 4.63359906e+05 8.50795688e+05 1.69948700e+06 2.27457141e+05
 2.13856875e+06 2.84864562e+05 1.27969902e+04 3.36108203e+04
 7.55203828e+04 1.46382859e+05 2.69067906e+05 3.33942891e+04
 4.59508740e+03 9.80875703e+04 8.94078516e+04 1.02144639e+04
 1.10620762e+04 1.44707188e+06 4.19459062e+05 1.03323799e+04
 1.20179500e+05 1.30790825e+06 3.10356128e+03 4.11534453e+04
 4.55940039e+03 4.61279844e+05 1.82204016e+03 5.79156953e+04
 2.88535406e+05 9.38456641e+04 3.04824219e+04 2.37477539e+04
 6.74643906e+04 1.09241023e+05 2.89022875e+05 1.64814344e+05
 2.21382983e+03 1.38963984e+05 7.04550078e+04 1.23952414e+05
 4.77572500e+04 3.22623594e+04 9.42531172e+04 5.28729125e+05
 1.11371862e+06 6.42122578e+04 1.64784688e+04 5.05661250e+04
 4.00307266e+04 8.90921797e+04 2.60774859e+05 2.02164212e+06
 8.83025812e+05 2.63416938e+05 1.64556250e+06 8.04736406e+04
 1.23151104e+04 2.24560215e+04 1.99197578e+04 1.73278212e+06
 1.44605891e+05 9.43969531e+03 1.28434336e+05 6.05089905e+02
 8.19026062e+02 2.39826016e+05 3.02328926e+04 2.08307083e+02
 7.96252188e+04 1.28186938e+03 1.10242219e+05 4.19464795e+03
 2.93891992e+04 6.28535312e+04 1.43605103e+03 3.55865125e+06
 1.45395266e+05 1.63544297e+04 8.14091750e+05 5.08994482e+03
 6.43552344e+04 5.98761353e+02 1.02839600e+06 1.03380788e+06
 4.22471914e+04 8.87250977e+01 1.65084891e+05 5.01507700e+06
 3.34288844e+05 1.40024141e+05 3.49850750e+05 1.27579141e+05
 2.91207832e+04 2.43345094e+05 1.91485266e+05 4.42615200e+06
 4.50728320e+03 4.57654297e+04 5.82828555e+04 6.42176797e+04
 1.53906436e+04 4.61342255e+02 9.31305188e+05 1.39839473e+04
 4.49432750e+06 1.15121812e+05 1.30236367e+05 1.33257797e+05
 3.28969258e+04 1.58900586e+04 2.06824883e+04 4.47585938e+05
 5.84904785e+03 6.84130615e+03 1.41635986e+03 1.53119854e+04
 6.27199650e+06 7.71708828e+04 7.31092656e+04 1.63940862e+06
 2.32354700e+06 7.59148203e+04 8.85560250e+05 2.55364707e+04
 4.94322314e+03 3.95078906e+04 1.22513961e+05 1.00507759e+02
 1.54883398e+04 2.88633496e+04 5.01438500e+05 1.56007612e+06
 4.17680391e+04 3.82197969e+04 4.19593281e+04 4.86296777e+03
 3.02171362e+03 3.45276797e+04 5.42966750e+05 8.47636750e+05
 5.43854531e+04 7.39720938e+05 6.71729590e+03 2.95982070e+04
 2.71155005e+03 3.50701904e+03 6.28218000e+05 2.59283609e+05
 1.48646680e+03 1.62437262e+06 2.15421387e+04 1.49499988e+06
 8.18559062e+04 3.06062720e+03 8.48052562e+05 3.90125854e+03
 1.72918867e+04 1.35881055e+04 2.49111133e+04 3.05320300e+06
 7.56667891e+04 1.25938383e+05 8.34618188e+05 4.22317891e+04
 9.20970391e+04 8.25101406e+04 3.34501094e+05 2.29243125e+04
 1.17834750e+05 1.17837969e+05 6.64729844e+04 7.66189000e+05
 7.75464375e+05 1.78882844e+05 3.72109070e+02 1.34120251e+03
 3.19163469e+05 2.39798250e+05 3.93115509e+02 7.50626625e+05
 6.39620625e+04 5.13240586e+04 1.36132297e+05 6.47083500e+06
 8.16628750e+04 6.22880547e+04 8.87917734e+04 4.66188400e+06
 8.68696777e+03 2.30902656e+04 1.05245325e+06 1.13541660e+04
 2.32994590e+04 1.97367812e+05 3.89804761e+03 1.26208662e+06
 4.80575688e+05 1.88207344e+04 3.42890703e+04 1.23161906e+05
 7.15256750e+06 4.20128047e+04 4.54076289e+04 4.41778867e+04
 2.16009491e+02 2.00121859e+05 1.15591625e+05 7.26968125e+04
 5.41004950e+06 1.60672861e+04 2.42159734e+05 4.70999805e+04
 6.80070156e+04 1.66913672e+04 2.28876895e+04 4.10743960e+07
 2.87448789e+04 1.60663172e+05 7.84169531e+03 5.81751562e+05
 6.64136688e+05 3.04009156e+05 2.16326000e+05 2.13564100e+06
 2.98635234e+04 1.12814664e+05 9.48565859e+04 1.28761172e+04
 4.02456512e+02 1.37432031e+04 3.47352031e+04 1.46043281e+05]
1437626.9
751275100.0
