[6.04631172e+04 9.06238708e+02 2.36680664e+03 2.92806494e+03
 1.06211359e+05 1.23247205e+03 1.47120987e+02 8.18950348e+01
 7.08247021e+03 1.43406177e+03 5.68591895e+03 1.26146445e+05
 1.15506104e+03 1.29534082e+03 1.10008887e+03 9.89882874e+02
 2.11104065e+02 2.38464554e+02 6.26812939e+03 2.03908312e+05
 1.52613926e+04 1.76526453e+03 1.44187338e+06 1.20868555e+05
 8.14467468e+01 1.44428262e+04 3.58853156e+05 2.71164893e+03
 4.64261963e+03 4.15230908e+03 1.64194000e+05 1.52707832e+04
 1.90478455e+03 2.41991968e+03 1.79066803e+02 8.41047656e+03
 1.49753008e+01 2.28311935e+02 1.45426294e+03 9.76571716e+02
 3.42191748e+03 3.21498413e+03 6.02806213e+02 5.27534570e+03
 3.18207275e+03 2.33452363e+04 2.16501001e+03 5.74763184e+03
 3.73253174e+03 1.32646078e+05 3.18063647e+03 2.26793481e+03
 4.76848511e+02 1.54217197e+04 1.24164346e+04 9.98081970e+01
 3.19023834e+02 1.72251938e+05 3.43740771e+03 2.70287622e+03
 5.83362539e+04 9.41254199e+03 2.91241058e+02 1.12416284e+03
 2.98432800e+02 1.58384639e+04 3.06456567e+03 2.89170068e+03
 1.11478350e+04 7.76480312e+04 1.24299057e+02 2.63301538e+03
 9.43130310e+02 3.61266327e+02 6.79726196e+02 2.12924927e+03
 6.13103760e+03 2.12567993e+02 1.76300664e+04 7.01592656e+04
 2.93872998e+03 1.21169180e+04 2.14066299e+02 1.54533707e+02
 4.27330589e+01 6.99669571e+01 1.01954781e+02 1.26612146e+03
 5.10772021e+03 5.53600586e+04 5.33435742e+03 4.62172148e+04
 9.21202545e+01 4.42636602e+04 6.42021625e+05 1.71341211e+03
 1.42816006e+04 4.98092480e+03 1.36000791e+04 7.17913757e+02
 5.93287563e+00 6.08609180e+04 2.88554199e+02 1.72790857e+03
 6.73199951e+03 1.60429092e+02 2.98345410e+03 5.74918672e+04
 4.19824609e+03 6.24194336e+03 3.25732227e+04 1.15270732e+04
 6.33889648e+02 8.03327087e+02 1.66772266e+04 2.77519302e+01
 1.41315991e+03 1.12578428e+04 8.95305664e+02 1.77677917e+03
 1.09968818e+04 4.18820361e+03 1.36601357e+04 4.83541133e+04
 9.76264551e+03 5.05939636e+02 9.65656799e+02 1.19654837e+01
 1.84435883e+01 2.79975073e+03 2.39565201e+02 1.58965264e+04
 8.98153906e+03 2.88301422e+02 8.88918164e+03 1.13206909e+03
 5.11073389e+03 1.10284050e+02 4.88191113e+03 4.27901953e+03
 1.84933594e+03 4.89506592e+03 7.16111094e+04 8.97602188e+04
 1.18915127e+04 9.02605469e+02 1.20707390e+02 3.28101281e+05
 6.60717422e+04 6.28205273e+03 5.84792236e+02 1.40924414e+03
 9.63844299e+02 2.15737354e+03 4.64152588e+02 2.05316406e+03
 8.37799316e+02 1.96993262e+04 5.71184998e+02 6.54460352e+04
 1.49181426e+04 1.21762000e+03 8.70475082e+01 1.20325592e+02
 3.22505859e+03 2.66503613e+03 7.70214746e+03 2.16577969e+04
 6.13419800e+02 7.29265137e+03 8.00939014e+03 3.72602921e+01
 1.46032013e+02 7.64616748e+03 3.71681367e+04 2.55450488e+03
 5.16197656e+03 3.34592133e+01 1.40234970e+02 2.44471582e+03
 6.58673516e+04 1.21106482e+03 4.46464258e+04 1.30530047e+05
 3.72246582e+02 1.81505811e+03 2.29786182e+03 9.44764709e+00
 1.35801987e+02 7.16858887e+02 2.52293594e+04 9.97074585e+02
 4.65299561e+02 5.94577002e+03 2.89839625e+05 1.03703271e+03
 1.39383809e+04 4.24178528e+02 1.59044104e+03 3.44754565e+03
 2.55042456e+03 3.40172241e+02 7.73118591e+02 2.30516357e+03
 1.18907263e+03 1.64617695e+04 1.14284192e+03 1.65825714e+02
 7.43955154e+01 3.94352844e+02 2.69498901e+03 2.45167041e+03
 2.21159595e+03 1.23264482e+04 5.29472778e+02 3.34442944e+03
 2.67378101e+03 1.82824951e+03 8.86469141e+03 2.28946823e+02
 2.34847656e+03 1.26435509e+01 7.55839386e+01 7.71589609e+04
 7.64159863e+03 2.57094849e+03 1.43194922e+03 7.05724792e+02
 3.77775352e+04 8.47780547e+04 1.98206934e+04 3.56835602e+02
 5.89290527e+03 1.22853467e+03 2.41754077e+03 2.97801367e+03
 1.01079131e+04 2.04834961e+02 4.33466064e+03 2.60431152e+02
 4.66213594e+04 1.61740369e+03 4.15066094e+04 8.79601953e+04
 2.76253003e+03 7.96098572e+02 4.45139027e+00 1.85229285e+03
 4.05695312e+04 8.52024625e+05 3.81527197e+03 1.05698877e+04
 1.12344208e+02 4.82055725e+02 7.72881494e+03 2.55173613e+04
 1.15340303e+04 7.86644727e+03 1.36602139e+04 1.58341995e+02
 1.16653550e+06 1.74537637e+04 3.83111656e+05 5.06708447e+03
 1.10025842e+03 1.34725317e+03 4.00621124e+02 6.42615674e+03
 5.13103242e+04 7.48744727e+03 7.82733215e+02 1.26929043e+04
 5.84536362e+00 4.36257874e+02 1.11615557e+04 4.08390015e+03
 4.78521312e+05 2.11968340e+04 5.49060156e+03 1.01731938e+06
 1.45520279e+02 1.97958047e+05 1.60516327e+02 5.49665833e+01
 8.74455566e+01 1.49633838e+03 3.69632471e+03 6.83829736e+03
 1.19681621e+04 1.18497219e+05 5.39592461e+04 8.73263611e+02
 3.53158828e+04 8.95539368e+02 1.59375439e+03 7.73956848e+02
 2.93180103e+03 9.87950469e+04 6.29379578e+02 4.63250146e+03
 1.15278748e+03 3.14360321e+02 2.77260913e+03 2.09042500e+04
 5.47364014e+02 2.88794094e+05 9.38571167e+01 2.79749941e+04
 4.48912402e+03 2.51844177e+01 1.89605898e+04 1.13401113e+04
 1.09866235e+03 1.72869592e+03 1.33743849e+01 2.87242114e+03
 7.86386963e+03 1.97043375e+05 1.07552607e+04 2.03276641e+05
 3.06789761e+01 6.08128438e+04 7.80319375e+04 5.35935303e+03
 1.90169312e+05 3.91732452e+02 5.71312500e+02 7.06027771e+02
 3.10464551e+04 8.84657812e+03 8.27338086e+03 4.95059753e+02
 2.17255908e+03 4.52078735e+02 2.51987422e+04 5.78882764e+03
 1.93790161e+02 1.93091589e+03 4.87268701e+03 4.74062012e+03
 7.07541748e+02 4.21265039e+04 5.84872398e+01 4.53959023e+04
 2.13779785e+03 2.56962280e+02 2.49435638e+02 9.77476196e+02
 3.52524585e+03 2.80973438e+03 2.40323656e+05 7.16479199e+03
 3.17196509e+03 3.99604492e+04 1.24145107e+04 1.36908371e+02
 1.66736934e+04 5.58129980e+03 2.70491621e+04 3.72562012e+02
 5.26786377e+03 1.05298305e+05 2.06678711e+03 6.66683044e+02
 2.36835109e+05 2.06828809e+04 1.32124336e+04 2.71791077e+02
 2.20478516e+04 8.96212266e+04 1.26208859e+05 5.22755078e+03
 5.60105977e+04 2.52692090e+03 5.80354785e+03 3.81890117e+04
 4.51786375e+05 1.12712158e+04 1.22468518e+03 1.25248230e+03
 3.67226328e+04 1.19260320e+05 3.60900742e+04 2.31788887e+04
 6.52035706e+02 3.45290576e+03 1.98441360e+02 2.57518768e+02
 1.02336560e+03 2.40849442e+02 9.06323486e+02 4.47122803e+02
 3.11565845e+03 1.54176245e+03 3.70262183e+03 2.87491113e+04
 2.12573502e+02 3.91873203e+04 3.00482935e+03 1.65430430e+04
 6.68875961e+01 2.01473462e+03 2.70916626e+02 3.01625967e+00
 2.90211699e+04 1.44594883e+04 1.08197070e+04 1.49825342e+03
 4.53533562e+05 4.89783838e+03 6.76391678e+01 1.25116320e+05
 7.08677881e+03 3.05373268e+01 1.12651779e+02 5.14044031e+05
 1.92413196e+03 1.70390273e+04 9.96385742e+02 3.57046606e+03
 1.22302803e+04 7.70589294e+01 1.03095764e+03 3.32676133e+04
 2.60179175e+03 1.39660263e+02 2.18900254e+04 1.00309916e+01
 6.74343213e+03 1.28253189e+02 4.76330231e+02 1.10539336e+04
 8.52475891e+02 3.65773375e+05 5.94628944e+01 2.76413086e+02
 1.47104504e+03 1.62349869e+02 1.15781494e+03 1.31996143e+04
 1.97315906e+05 2.55300332e+04 5.67057031e+04 1.31437952e+03
 1.94480234e+04 2.86947918e+00 1.64723767e+03 3.42684023e+04
 3.09738867e+04 3.53515391e+04 4.77614160e+03 7.53046450e+06
 2.00037903e+03 4.52481289e+04 1.43725283e+04 7.00375793e+02
 6.02989319e+02 3.37495239e+02 2.71207202e+03 1.37600537e+03
 1.56482410e+03 3.22643799e+02 8.91993066e+03 2.27834625e+02
 9.29045000e+04 5.81698145e+03 3.10769272e+01 1.52812292e+03
 5.60967896e+02 3.96358633e+04 3.39180566e+03 9.54387988e+03
 1.01764758e+03 2.94794653e+03 4.59334912e+03 1.48518027e+04
 6.38285400e+03 3.59371484e+03 1.77861487e+03 6.10948677e+01
 1.00615521e+03 7.36557129e+03 2.09068314e+02 1.22543213e+03
 9.94274805e+03 5.90886353e+02 2.81168690e+01 1.70120898e+03
 1.93947887e+01 1.01817012e+04 2.55662949e+04 2.42258691e+03
 4.20603180e+02 1.54710672e+05 1.05374824e+04 9.66186035e+03
 5.98904533e+01 5.01903564e+03 2.13407153e+03 7.01066406e+03
 6.59957520e+02 2.37309399e+03 5.75037891e+04 7.80494003e+01
 3.50103638e+03 3.11412582e+01 3.62950668e+01 7.50060742e+03
 1.12429752e+01 1.77923126e+02 2.88496876e+01 1.54588857e+04
 1.87158533e+03 4.27684922e+04 4.44525732e+03 5.14756396e+03
 7.35440039e+03 8.87294769e+01 2.43536543e+04 1.68959579e+02
 5.31629822e+02 1.68490453e+05 4.34059863e+03 1.36678408e+04
 1.25847227e+04 7.65763062e+02 1.50843076e+04 4.91849531e+04
 2.49935474e+03 2.56351489e+03 1.70216016e+03 6.80565186e+01
 8.69439941e+02 5.22743438e+04 1.00103301e+04 9.95760925e+02
 1.72724312e+05 8.45563516e+04 1.81229565e+03 5.01871094e+03
 1.28547648e+05 3.38361055e+04 1.34323242e+02 3.15838776e+02
 9.01250854e+02 1.95145340e+02 1.95591191e+04 3.11214264e+02
 2.19626191e+04 1.09045566e+04 1.09150909e+02 9.55053997e+00
 7.37415894e+02 2.11328730e+04 3.58251007e+02 2.85700171e+03
 6.76821289e+03 1.47854541e+03 2.69262695e+03 1.19464340e+02
 1.16590320e+05 1.65440234e+03 3.29312714e+02 2.43899023e+03
 3.03203735e+01 3.50743506e+03 1.05492386e+02 5.36677617e+04
 2.89410938e+03 2.59352512e+01 2.58062347e+02 2.01877881e+03
 4.73837031e+04 4.25092930e+04 8.03221797e+04 9.30304141e+04
 1.93086895e+04 4.59473305e+01 1.96442129e+04 3.75101538e+03
 3.51799719e+05 1.84687836e+02 2.62988594e+04 1.71681189e+03
 5.57251611e+03 5.31677188e+05 1.02161475e+03 1.13519153e+03
 6.33157178e+03 4.61925342e+03 3.58403945e+04 5.14694023e+04
 1.27218616e+03 9.33485938e+03 6.27772217e+02 6.57073608e+02
 4.54089783e+02 1.76862549e+03 6.06627031e+04 1.06580803e+02
 4.21426074e+03 8.06927979e+03 1.12373901e+02 9.70865906e+02
 1.16775719e+05 4.11132874e+02 3.15285950e+02 1.21281523e+04
 8.95823047e+03 1.50347203e+05 1.57669382e+01 5.68306982e+03
 4.65750049e+03 9.70305859e+03 6.40296826e+03 7.68436562e+04
 2.00658965e+04 8.81116328e+04 1.66478848e+04 4.01299375e+04
 1.63683936e+03 4.63696094e+03 1.50045740e+03 2.48536841e+03
 1.58287119e+04 1.50017363e+04 3.14279688e+03 5.41174854e+03
 5.31022070e+03 2.67402393e+03 4.85343604e+03 1.53456650e+02
 8.18016602e+03 4.38489844e+03 8.13525488e+03 4.53692676e+03
 4.13021179e+02 6.72596558e+02 5.90931602e+04 1.70217051e+04
 3.05013428e+03 6.60369580e+03 2.74646851e+03 1.53816895e+04
 3.54455156e+05 5.66384338e+02 1.85401099e+03 7.34252891e+04
 3.51190430e+02 1.56183863e+01 1.29987373e+04 3.23899872e+02
 9.38247559e+03 1.13490738e+02 1.85196960e+03 1.85645039e+04
 1.50431229e+02 3.51206133e+04 3.79752289e+02 7.13426697e+02
 6.50106543e+03 3.17207109e+04 9.26445215e+03 8.13452576e+02
 1.87553479e+03 6.49527588e+01 1.26156067e+02 1.22343773e+02
 6.28663750e+01 1.51807906e+05 7.99003438e+05 4.87813568e+02
 3.41555176e+01 2.53806895e+04 6.12310742e+04 1.24657195e+05
 1.29947388e+03 3.86486755e+02 2.36569277e+04 1.30012500e+04
 1.68567215e+02 8.86038818e+02 7.50887222e+01 1.12160791e+04
 2.43563496e+04 1.90479797e+03 1.51842026e+02 5.83229766e+04
 8.75632935e+01 5.31517461e+04 1.07481348e+03 5.78478662e+03
 3.50403247e+03 3.80659609e+04 3.77542450e+02 6.83033691e+03
 2.75380200e+03 6.74916687e+02 3.04253125e+03 2.50757080e+02
 1.95942129e+04 3.84216562e+04 5.44126709e+03 1.38078033e+02
 2.12050977e+03 2.78285553e+02 4.97405469e+03 6.69172412e+03
 1.69966101e+03 3.85122437e+03 1.18334873e+04 3.32830054e+03
 1.20581738e+04 4.39425262e+02 6.51506484e+04 1.37989703e+05
 1.09570734e+05 1.89841016e+04 1.27835381e+04 4.75212708e+01
 6.14571533e+03 7.51118848e+03 3.23907623e+02 1.93461938e+05
 1.57137390e+03 3.07454175e+03 6.45182007e+02 2.46786426e+04
 4.12178750e+04 1.75972998e+03 6.46181934e+03 1.07001550e+03
 6.45168828e+04 5.73462646e+02 2.04279065e+03 5.02133740e+03
 1.49024805e+04 1.69859143e+03 8.89335144e+02 3.47754761e+03
 1.83151172e+04 3.61666602e+04 8.05248828e+04 1.60646082e+03
 3.52456689e+03 4.02375024e+03 1.03720273e+05 1.69439468e+02
 3.31847510e+03 1.73783173e+02 2.82617109e+04 2.38991626e+03
 2.91897510e+03 2.09663208e+03 2.15126978e+03 7.78578076e+03
 2.48264633e+02 5.92336082e+01 1.31761777e+04 1.18600616e+02
 1.09026865e+04 1.76341675e+03 1.34984351e+03 6.82979922e+04
 1.60366992e+03 5.31952881e+02 5.69243945e+03 6.17692078e+02
 3.49425879e+03 2.70360098e+04 1.04441348e+04 4.55107578e+04
 3.50988531e+05 9.08259219e+04 2.51288605e+02 5.55700378e+02
 4.62683441e+02 2.01806580e+03 3.28238965e+03 3.21667090e+04
 7.22102722e+02 1.36873779e+03 1.87621035e+04 1.53117249e+03
 2.07762665e+02 6.34498242e+04 7.57624658e+03 7.05364380e+02
 1.87218066e+03 7.92970312e+04 1.51133923e+03 2.95423086e+04
 1.26652773e+04 8.22893359e+03 3.48429141e+04 9.34865417e+01
 2.23582703e+05 1.04533978e+01 2.91067031e+04 3.22766281e+05
 5.32928760e+03 9.98931213e+02 9.01563203e+04 9.07918262e+03
 3.72369883e+04 2.96309741e+03 2.37134258e+04 1.32039453e+03
 1.59050934e+02 2.09990605e+04 2.43974585e+03 2.39359955e+02
 4.51232266e+04 3.13217529e+03 2.34983740e+03 5.50110645e+03
 2.76856365e+01 1.82227588e+03 2.10861703e+05 3.82109336e+04
 1.72453162e+03 1.70462878e+03 4.99556188e+05 2.02355988e+02
 2.09093281e+04 1.86319434e+04 9.70739746e+03 5.43759583e+02
 2.55966934e+04 5.01893701e+03 1.27432202e+03 1.00731338e+04
 6.52910950e+02 1.59653397e+02 1.79411896e+02 4.84851532e+01
 9.40604609e+04 2.65722321e+02 4.24800842e+02 1.09355029e+04
 2.00198804e+03 9.87720703e+03 4.29612158e+03 1.17965010e+04
 1.95490059e+04 6.31062841e+00 2.11762744e+03 6.95729541e+03
 1.12048836e+02 1.93437207e+03 3.86056787e+03 3.94836211e+04
 9.49244385e+01 4.35400430e+04 2.09189893e+03 1.28455420e+04
 4.55273584e+03 3.16214469e+05 2.34208618e+02 1.16567344e+04
 2.30710449e+03 9.38794141e+04 6.88901953e+04 6.36342529e+02
 8.80723114e+01 1.04440605e+04 1.33776855e+01 2.21279541e+03
 1.36272172e+05 1.10323413e+03 4.72928203e+04 1.19328857e+02
 1.35140562e+05 1.35404160e+02 8.99284863e+03 4.48041016e+03
 1.37899353e+03 7.80911942e+01 2.19736633e+02 2.32717261e+03
 1.35260146e+04 3.43978955e+03 5.33909149e+01 1.46645928e+04
 1.11908156e+05 8.21455231e+01 5.94973694e+02 6.19754219e+04
 4.94863281e+04 4.63845123e+02 1.04430820e+04 9.29041797e+03
 7.48821484e+03 7.12444641e+02 3.35647308e+02 7.65928418e+03
 1.28064001e+03 4.21086617e+01 9.93040918e+03 1.24506064e+04
 1.38747021e+04 1.17568420e+03 1.59560205e+03 1.57581482e+02
 7.09909521e+03 1.51686438e+03 9.47912500e+03 1.30976445e+05
 7.80727112e+02 1.20211279e+03 1.37015547e+04 5.01418359e+03
 7.56552344e+04 1.75750938e+04 7.48337207e+03 5.63687927e+02
 9.75963965e+03 3.72077969e+04 5.69125732e+03 5.70466260e+03
 1.86319844e+05 9.60010840e+03 1.28932953e+02 1.26634854e+04
 3.24788094e+01 9.10889219e+04 1.09010156e+03 4.31759906e+05
 3.45050392e+01 1.01403461e+03 1.00146543e+04 1.27340352e+05
 3.13106152e+03 9.12362137e+01 2.01055266e+05 1.30177666e+04
 1.02302856e+01 1.69447253e+03 7.99466846e+03 4.82169727e+03
 5.22235449e+03 1.25933081e+03 1.01433368e+03 5.78694305e+01
 4.18065521e+02 1.61032939e+04 6.03187598e+03 1.73729141e+02
 1.32792578e+03 7.57200928e+03 1.47374084e+02 9.20843188e+05
 6.54725732e+03 2.20627026e+03 1.40702696e+01 2.95393875e+05
 1.48736694e+02 1.37758701e+04 2.03091203e+05 1.09506775e+02
 9.84245361e+02 2.02066870e+03 4.88314570e+04 1.35513107e+02
 1.40979893e+04 4.68111084e+02 9.42584351e+02 1.34865977e+04
 2.51679312e+05 9.09365156e+04 3.02739771e+03 1.12542468e+03
 6.79627869e+02 8.70756042e+02 2.68448853e+02 6.57095642e+02
 6.00004120e+01 6.75076111e+02 3.86444648e+04 1.71845752e+03
 2.75192529e+03 9.00379395e+02 1.82748511e+03 4.74484594e+05
 2.62791290e+02 4.38984180e+03 7.79252563e+02 5.34027344e+03
 7.26798203e+04 6.61052979e+03 1.96830969e+03 2.24339156e+05
 9.19211975e+02 2.78214844e+03 3.74310406e+05 8.17544385e+03
 6.26523499e+02 1.24253748e+03 1.84788892e+03 2.16769547e+02]
