[8.25372009e+02 2.01466809e+03 4.18467484e+01 8.42724609e+01
 2.91581299e+03 1.28951160e+03 4.24188538e+01 8.25751266e+01
 1.02274818e+02 2.96625137e+01 2.71898560e+03 1.39069092e+02
 2.07196113e+04 8.89365112e+02 2.67708130e+01 9.21160095e+02
 2.73959424e+03 6.33940002e+02 4.87225769e+02 5.60972534e+02
 1.98147205e+03 1.30968689e+03 2.20661875e+04 4.88695374e+02
 4.39465446e+01 2.36283618e+03 1.07274914e+05 2.08806689e+03
 9.29128052e+02 2.47853348e+02 2.99285736e+02 1.95875885e+02
 5.44076294e+02 1.73339917e+03 5.49456787e+03 8.88837830e+02
 2.89669287e+03 5.98140186e+03 3.27730469e+02 1.73398972e+02
 2.74342880e+01 1.64502213e+02 4.40940771e+03 9.22284729e+02
 8.27525757e+02 1.77995636e+02 1.66702347e+02 1.93516960e+01
 5.63532295e+01 3.24884705e+02 4.83830780e+02 2.07346411e+03
 4.83744049e+01 4.26259155e+01 1.54941559e+02 1.65575470e+02
 4.00259985e+03 1.95297090e+04 4.97962793e+03 5.99873474e+02
 1.03817783e+04 1.37351514e+04 1.39572937e+02 1.18894066e+02
 9.12067413e+01 4.25478809e+03 9.63869324e+01 5.40077332e+02
 3.39628601e+02 2.24427090e+04 9.19801941e+01 4.26152069e+02
 1.14547107e+03 1.41196075e+02 4.67049805e+02 3.76085840e+03
 1.52845496e+03 3.09153442e+03 9.28109818e+01 3.43331172e+04
 2.35646973e+02 2.62944092e+02 2.56339417e+01 7.57269821e+01
 1.05569351e+02 1.60918438e+00 2.62737640e+02 3.28556641e+02
 1.40185583e+03 1.06465088e+03 6.83901215e+00 6.38324570e+04
 1.78165100e+02 1.30496741e+03 6.19523125e+04 1.76765945e+02
 2.56383765e+03 1.15620459e+03 1.24708086e+04 5.29423645e+02
 6.64585156e+03 5.33080322e+03 6.80925941e+00 1.33373489e+02
 7.91789160e+03 4.61304346e+03 3.22434120e+01 1.21339813e+02
 2.17345532e+03 1.52107376e+02 1.15737610e+03 3.89738525e+03
 3.76749420e+02 1.49406876e+02 2.65743046e+01 9.74944275e+02
 8.90181702e+02 8.98596741e+02 3.15551331e+02 5.30604858e+01
 4.46711975e+02 1.84296619e+03 2.36807935e+03 1.15988110e+03
 3.19751953e+03 6.80296509e+02 2.85081697e+00 1.27827942e+02
 3.02294556e+03 8.11205444e+02 2.08667725e+03 2.56698275e+00
 6.75468521e+01 1.15001686e+02 1.35342273e+03 8.02822723e+01
 7.34308643e+03 1.81001785e+02 2.48633130e+03 4.33531738e+02
 2.27185440e+02 1.22259192e+03 1.35710068e+02 5.51672168e+03
 4.28600311e+02 2.87070656e+01 2.26731377e+01 6.46597534e+02
 3.73216820e+01 1.10539307e+04 6.44252625e+02 1.77694727e+03
 6.34009521e+02 2.17003525e+02 3.25259131e+03 2.67646454e+02
 4.52378044e+01 2.01829062e+04 6.39938721e+02 4.37823555e+04
 4.12899609e+03 5.69753906e+02 1.64730103e+02 3.41478462e+01
 9.34521387e+03 1.42038040e+02 8.36518433e+02 3.42338354e+03
 2.96738839e+00 1.41784943e+02 1.22425079e+02 9.18995850e+02
 3.33752710e+03 1.17588608e+02 3.00528137e+02 2.24306519e+03
 4.35512207e+02 1.42951279e+02 5.34308167e+02 4.46751025e+03
 1.47918518e+03 1.49177780e+02 4.60877490e+03 1.31689478e+03
 1.88250458e+02 1.35916595e+02 8.90482544e+02 5.56451416e+02
 4.29821808e+02 4.63541351e+02 1.31867090e+03 1.09264061e+02
 2.97369785e+01 3.11000488e+02 4.95709412e+02 9.71440125e+01
 1.03886975e+03 1.69826874e+02 5.50872078e+01 5.87792908e+02
 2.12978455e+02 3.51051239e+02 7.11797461e+03 1.07053776e+01
 2.44525410e+04 8.79328906e+03 1.13734656e+03 5.88702488e+00
 2.96147919e+02 9.69689751e+00 4.22692047e+02 2.61337219e+02
 4.09667480e+03 2.03373291e+03 2.82876440e+03 3.16286774e+01
 2.36607727e+02 1.58749298e+02 3.28459326e+03 1.78007553e+02
 7.48139343e+01 1.99783533e+03 5.79783447e+02 1.87390469e+04
 5.63573303e+02 1.60399768e+03 4.18208008e+03 3.76632629e+02
 1.55536938e+03 1.34257852e+04 8.75895325e+02 4.17772675e+02
 3.45695099e+02 2.17445099e+02 3.43656006e+03 6.50211670e+03
 4.29045898e+03 1.30037064e+02 6.76595215e+02 1.65686554e+02
 5.18872031e+04 7.57145569e+02 1.32222864e+03 8.97183594e+02
 2.74329300e+01 2.37077217e+01 1.88218445e+03 3.23615540e+02
 1.36217603e+03 2.83380225e+03 1.13173607e+02 6.21938379e+03
 1.29346167e+03 1.90841782e+02 2.66500757e+03 1.26990738e+02
 1.79455887e+02 4.05017433e+01 2.81379669e+02 2.90862061e+03
 7.95616309e+03 3.81053052e+03 9.38859082e+03 7.42079712e+02
 2.07699875e+02 5.58114136e+02 3.73689911e+02 3.83047104e+01
 9.77485449e+03 1.98830249e+03 1.32090302e+02 4.92823975e+03
 1.65832977e+02 2.32352173e+03 1.12489601e+02 3.67659570e+03
 1.10833984e+04 1.10472090e+04 1.42877502e+02 3.39093726e+03
 2.85313354e+03 4.17877693e+01 2.97776184e+01 1.00770105e+03
 1.31041214e+02 1.85633875e+03 1.70885510e+03 1.75271570e+03
 5.35773438e+02 6.93688867e+03 5.35326445e+04 7.49358276e+02
 1.64884811e+02 3.47859573e+00 1.65197784e+02 6.14807617e+02
 5.78473450e+02 1.90312073e+03 1.90937415e+03 8.38042679e+01
 2.82791455e+03 6.54363953e+02 8.33593750e+03 1.53967053e+03
 2.46056250e+03 4.81989258e+04 1.89742844e+02 1.54456582e+04
 5.57011528e+01 2.56345093e+02 1.55490515e+03 1.19215546e+02
 1.40397217e+04 1.41270506e+00 7.22005432e+02 1.88975391e+03
 8.25460754e+02 1.81370371e+04 5.32311462e+02 2.04514453e+03
 3.72132416e+02 7.82097607e+03 7.74030701e+02 2.30920868e+01
 6.97805859e+03 1.30031116e+03 6.82453047e+04 1.42023438e+03
 7.19577051e+03 1.31431311e+03 5.17860909e+01 1.27471771e+02
 1.82833649e+02 2.16677070e-01 1.33145294e+02 4.22622467e+02
 9.09918152e+02 3.50825348e+02 3.23222598e+04 1.03053007e+01
 3.02520215e+03 1.94904373e+02 5.39896631e+03 9.98336975e+02
 9.88599426e+02 6.05657837e+02 1.19825714e+02 3.13110986e+03
 1.35496619e+03 3.18328430e+02 1.23853674e+03 2.37516895e+03
 8.15706604e+02 5.79671387e+03 4.40519485e+01 2.68177094e+02
 8.58723511e+02 4.83667755e+01 6.46781250e+03 5.79926807e+03
 6.65120010e+01 5.18517090e+02 3.97050122e+03 7.77179565e+02
 3.02038965e+03 9.33822500e+04 3.23176489e+03 4.39861412e+01
 2.83525293e+03 8.00161426e+03 4.56622168e+03 4.24505615e+02
 2.92522090e+04 3.25285596e+03 2.93389832e+02 1.15424976e+03
 1.93108145e+04 1.04242773e+03 5.29735962e+02 9.17152863e+01
 4.62226837e+02 1.85486316e+03 4.83786641e+04 6.30538037e+03
 7.37690735e+02 5.35162842e+02 5.17090759e+02 2.37023071e+03
 4.93059766e+03 2.09674927e+03 1.25627283e+03 7.02843628e+02
 6.79428467e+02 1.16879004e+03 7.07971680e+02 1.53918518e+02
 9.72114868e+02 4.08754883e+03 6.51662781e+02 1.97987910e+04
 3.84290733e+01 5.22932205e+01 1.07889412e+02 3.65042999e+02
 2.63046936e+02 2.96483856e+02 2.44458795e+00 2.52227954e+03
 4.33262375e+05 2.10230118e+02 8.77602234e+01 1.08840991e+03
 5.35933105e+02 1.20521446e+02 8.67542285e+03 6.82808203e+03
 1.94011627e+02 1.03275378e+03 3.34576416e+02 2.13577319e+03
 1.34883984e+04 2.35710645e+03 6.95031982e+02 2.26074902e+03
 9.30300476e+02 3.79985425e+03 2.55131271e+02 2.59275421e+02
 1.82082168e+04 2.00184131e+03 2.29384827e+02 5.98662939e+03
 6.79072754e+02 3.58910234e+04 3.75461609e+02 3.25053296e+03
 1.99303497e+02 7.96054764e+01 5.95201965e+02 3.42101974e+01
 2.02049545e+02 3.68097610e+01 2.39202197e+03 1.28282153e+03
 4.18436546e+01 2.84769775e+02 1.04285205e+03 4.05639844e+03
 4.33767273e+02 1.24340063e+03 1.55409644e+03 1.27009266e+05
 2.54238663e+01 1.72235275e+02 4.88288770e+03 6.84439087e+01
 2.99351898e+02 3.16990210e+03 8.54332504e+01 2.76604156e+02
 4.47852631e+01 1.89545593e+03 1.33609955e+02 3.45000725e+01
 7.08938416e+02 3.29042816e+02 6.16548645e+02 1.83898486e+03
 2.00971329e+02 2.27948809e+04 1.60893021e+02 6.86668152e+02
 1.67348862e+02 7.18657074e+01 1.29287476e+02 1.50588409e+02
 5.91926819e+02 4.45333176e+01 1.27674194e+02 1.78952530e+02
 1.15875195e+03 2.64693164e+03 3.79777718e+01 5.35347412e+02
 1.02991956e+03 4.39571106e+02 1.44099167e+02 9.34202148e+03
 2.69897632e+03 2.95335968e+02 1.35180444e+03 3.66644859e+01
 2.56731903e+02 1.03189674e+02 4.33460205e+02 6.15720100e+01
 3.33940268e+00 6.84946826e+03 9.50985336e+01 1.55568329e+02
 6.33812828e+01 5.20088574e+03 2.47589981e+02 2.89500885e+02
 1.43456650e+02 7.42382690e+02 3.94069824e+01 2.20077118e+02
 2.79274902e+02 2.76553284e+02 8.82527954e+02 5.44841980e+02
 1.33159592e+02 7.10117737e+02 3.11420190e+03 3.22338110e+03
 4.14727246e+03 3.58151611e+02 7.79122363e+03 2.53564362e+02
 7.52449402e+02 3.54164414e+04 4.19827539e+03 8.76267700e+01
 1.19798363e+02 1.79898773e+02 3.39001709e+02 9.50055664e+02
 1.30517929e+02 2.57702087e+02 5.36413757e+02 1.66795093e+03
 4.08687286e+01 2.19348480e+02 3.50458298e+01 7.90113449e+01
 1.12983994e+04 3.17235718e+02 4.27884131e+03 1.18024421e+00
 2.48649487e+03 1.03218384e+03 3.41201050e+02 4.07007294e+02
 1.17897522e+02 7.56464615e+01 4.15693457e+03 3.82358456e+00
 1.96806067e+03 1.07507996e+03 4.81274750e+02 1.57013641e+02
 5.25526611e+02 1.94303467e+03 3.70863434e+02 8.36373596e+02
 1.16232979e+02 7.49371948e+02 3.27066162e+02 1.00878822e+02
 4.54561719e+03 6.08965149e+02 4.98998749e+02 2.09014209e+03
 1.45353867e+02 1.37906204e+02 3.52066956e+02 8.86340625e+03
 2.40599243e+03 1.79175735e+02 4.00124023e+02 1.55547485e+02
 3.83967227e+04 3.51570312e+02 7.30618286e+02 8.28803906e+03
 5.80643799e+02 2.19012650e+02 5.67860400e+03 1.39673413e+03
 5.14937773e+04 5.97289619e+01 1.31049189e+04 1.31319138e+02
 3.78801660e+03 3.15397754e+04 4.35976601e+01 2.73389191e+02
 1.41886124e+02 9.68861328e+03 2.08143042e+03 2.52742142e+02
 4.85123810e+02 8.33814331e+02 4.42845020e+03 1.01006305e+03
 2.54293945e+02 4.67314911e+01 1.04724037e+02 6.45816101e+02
 3.27489673e+03 2.24829736e+03 4.76861237e+02 6.09740112e+02
 1.78615859e+04 1.63353851e+02 2.97890472e+00 5.84133072e+01
 6.68316528e+02 1.04968896e+03 9.39295532e+02 3.24387589e+01
 1.05140996e+04 3.26557642e+03 5.57018242e+01 2.65000952e+03
 2.95972402e+04 3.34074561e+03 2.93760586e+04 1.98757877e+01
 1.51808119e+01 2.63450659e+03 3.16744580e+03 5.98321915e+01
 2.00947304e+01 5.62102734e+03 1.42599182e+03 1.91854523e+02
 1.85985938e+03 2.28584518e+02 1.01945221e+03 1.73387891e+03
 3.22538965e+03 3.71753711e+03 9.31718369e+01 1.22593880e+02
 4.67114795e+03 4.39626312e+01 6.53581396e+03 8.09198047e+03
 3.24583105e+03 3.37632886e+03 5.27689600e+03 8.74318085e+01
 9.31211875e+04 4.50011902e+01 1.28748810e+02 3.21041426e+04
 1.46372299e+02 1.80545990e+02 1.65796094e+03 3.56104553e+02
 3.11521777e+03 1.05874414e+03 5.31437012e+02 2.95096924e+02
 8.48567688e+02 8.52925391e+03 5.16512744e+03 2.17390076e+02
 7.39522705e+02 8.10385986e+03 2.02736401e+03 9.05234131e+02
 4.58764420e+01 2.52357544e+02 8.06407288e+02 1.24801123e+03
 6.91083984e+02 1.85959375e+03 1.69682559e+04 1.20121887e+02
 9.22689915e+00 4.02648120e+03 1.25568726e+03 5.99226990e+02
 1.82875076e+02 1.41715576e+02 4.50302197e+03 4.62929053e+03
 6.53551636e+02 2.63787817e+03 5.00553131e+02 3.35511743e+03
 3.94278473e+02 6.58599915e+02 2.13750366e+02 5.24623901e+02
 1.32389136e+03 7.79399707e+03 6.40905151e+02 1.44095993e+02
 9.45345886e+02 1.15175256e+03 7.51248322e+01 1.03663086e+02
 1.38949688e+04 2.26636499e+03 1.00240857e+03 1.03653101e+03
 3.61899071e+01 1.70762671e+03 7.60790482e+01 1.40937820e+02
 8.49926636e+02 4.59536865e+02 1.86816299e+02 6.86756042e+02
 1.48945007e+02 1.73596802e+02 7.34707581e+02 2.10537793e+03
 5.08950073e+02 1.98881396e+03 2.89304138e+02 1.25027295e+04
 1.77110254e+03 6.19098572e+02 1.15453711e+03 1.32457306e+02
 6.62424927e+02 1.73513147e+03 1.24729407e+03 1.65742754e+04
 1.23687866e+03 4.11855408e+02 1.76823029e+02 1.47075303e+04
 2.08527305e+04 4.21991748e+03 7.76831604e+02 8.78536072e+02
 3.54468353e+02 1.54382539e+04 1.47009302e+03 1.46551599e+03
 1.13097946e+02 1.28907013e+02 1.70075317e+03 8.52781641e+03
 1.34631561e+02 3.79522064e+02 1.56082169e+02 5.54602112e+02
 2.09988022e+02 5.36048047e+03 9.32447168e+03 5.95693311e+03
 1.84068924e+02 9.29868126e+00 1.42991318e+04 9.77575500e+02
 9.47855896e+02 2.79199036e+02 1.07048706e+03 2.14425720e+02
 4.07338562e+01 1.23309517e+02 3.56276016e+04 2.03674870e+01
 3.76045563e+02 4.49173203e+01 7.36973755e+02 1.70501807e+03
 7.98809998e+02 3.70143646e+02 1.64094269e+02 2.37473242e+03
 1.26363289e+02 6.62658997e+02 4.68474463e+03 1.91875684e+03
 3.34867114e+03 1.74716504e+04 7.82175964e+02 6.32717468e+02
 6.08053101e+02 7.28109314e+02 5.49035547e+03 2.71254425e+02
 5.05580711e+01 9.43328629e+01 1.04052773e+04 3.48449066e+02
 2.70587585e+02 5.56863623e+03 2.81950342e+03 3.34160118e+01
 1.72354630e+02 3.64581360e+02 1.02657312e+03 6.06026562e+03
 8.67068787e+01 4.06658173e+02 2.07430151e+03 2.46284155e+03
 6.40454773e+02 6.19466431e+02 9.25860779e+02 7.83401367e+02
 3.49650952e+03 1.78574814e+02 2.03006191e+04 2.69217072e+02
 3.85313751e+02 1.88645844e+02 8.41163477e+03 3.80946198e+01
 6.44881226e+02 1.41078992e+03 9.25132874e+02 8.71747363e+03
 4.91415955e+02 5.31572144e+02 2.77834564e+02 1.09816826e+02
 1.42843292e+02 3.07519043e+02 1.60477793e+04 2.37692969e+04
 9.74264355e+03 2.03284744e+02 7.19080582e+01 5.84359283e+01
 4.44726257e+02 5.10813568e+02 7.83167480e+02 5.20762354e+03
 2.82594580e+03 6.52680420e+02 8.30792603e+02 5.55959717e+03
 1.74082949e+04 2.05344177e+02 2.46179047e+02 1.23568832e+02
 2.23806758e+04 1.90846725e+02 7.22735107e+02 6.55670715e+02
 1.06101184e+03 9.58967834e+02 3.51190857e+02 5.97542617e+04
 6.68898773e+01 1.66606461e+02 4.57984131e+03 2.85847046e+02
 2.73154968e+02 9.07938995e+01 4.22279022e+02 1.44014069e+02
 7.32848572e+02 1.21311987e+03 5.61402771e+02 2.75519263e+03
 1.34096777e+04 5.53350391e+03 1.22521252e+03 1.98841228e+01
 2.06959590e+04 3.38672900e+03 4.37377578e+04 1.71774280e+03
 5.83010864e+02 2.27139014e+03 1.28780640e+02 1.38979996e+02
 6.57546631e+02 1.33965442e+03 5.81848877e+03 1.13855958e+00
 1.68532637e+04 4.64168549e+02 1.88060760e+02 8.04421265e+02
 5.57580322e+02 2.56566821e+03 4.44762695e+02 2.52031152e+03
 1.66917236e+02 2.13539966e+03 6.94880371e+02 1.60859973e+03
 1.35550654e+04 1.93788391e+02 1.95333477e+04 3.90633398e+03
 2.66147998e+03 2.55631714e+02 3.34537451e+03 5.11880226e+01
 1.85548230e+03 2.09161797e+01 2.40466938e+01 3.37811084e+03
 6.65175232e+02 1.44950439e+02 2.35501855e+03 6.95523730e+03
 2.50250566e+04 2.68588448e+01 1.28159317e+02 5.67367737e+02
 3.92393677e+02 1.55167236e+02 3.02789856e+02 1.47741162e+03
 1.14583595e+02 4.35902588e+03 3.10083569e+03 1.81685144e+03
 1.71169080e+03 4.09820251e+01 4.59461029e+02 1.41482002e+04
 3.16850220e+03 3.38942944e+03 1.91089203e+02 1.09693817e+02
 1.27283032e+03 1.20182770e+02 7.15713037e+03 9.38731201e+02
 4.07554283e+01 3.24391479e+03 2.57106860e+03 1.80951641e+04
 7.07047272e+01 3.19731171e+02 4.37580859e+03 3.27814014e+03
 1.86580981e+03 4.14659119e+02 2.27815503e+03 4.37561722e+01
 2.41054306e+02 1.28960785e+02 4.28396179e+02 6.43307373e+02
 2.68464355e+02 5.70663795e+01 3.54103241e+01 2.81161401e+03
 1.95692245e+02 4.90007172e+02 1.94333655e+03 1.08788843e+03
 3.50597076e+02 8.46513428e+02 1.20377100e+03 3.76569062e+04
 1.08205237e+03 1.71873795e+02 8.43033997e+02 4.47225469e+04
 4.01596100e+02 1.48104407e+03 2.28087646e+03 2.81153503e+02
 2.40364099e+00 2.10151321e+02 5.99849365e+03 2.00416870e+03
 1.23676489e+03 3.50083466e+02 2.59231396e+03 5.19741821e+02
 2.72499082e+04 7.85106140e+02 5.09550964e+02 3.73464355e+02
 6.85992615e+02 2.06633392e+02 1.15891199e+03 3.14356689e+02
 3.25760801e+04 1.16304834e+03 5.63492529e+03 3.48728912e+02
 1.54354810e+03 1.12617027e+02 3.52476221e+03 1.02000205e+04
 2.26263672e+02 1.74671914e+04 3.20171509e+02 2.33065112e+03
 8.51203223e+03 2.40917908e+02 2.21139618e+02 1.17426550e+03
 3.64026581e+02 1.08326088e+02 4.56915918e+03 4.63095752e+03
 2.83799744e+02 1.66574211e+01 1.12758044e+03 2.51336426e+03]
4082.1665
433262.38
