[4.45563379e+03 2.87996273e+01 1.25846390e+02 9.03579590e+03
 1.20408179e+03 5.30569775e+03 7.19419617e+02 8.53790625e+03
 2.65641895e+03 1.52331207e+02 3.97004175e+03 3.19988477e+03
 1.71945239e+03 8.30730896e+02 1.81322754e+02 1.48819885e+03
 2.94604648e+04 7.91412659e+02 2.17308398e+03 1.89874890e+03
 2.94473267e+02 7.74322510e+01 2.76242938e+05 7.23462463e+02
 2.73781834e+01 4.45853564e+03 3.10228656e+05 1.57829932e+03
 2.20047461e+03 2.70362976e+02 4.64278107e+02 1.68479541e+03
 3.13137622e+03 1.08630676e+03 7.31846497e+02 8.14125854e+02
 8.73442383e+01 7.46849670e+01 3.75830383e+02 4.89607117e+02
 6.80211279e+03 6.71874561e+03 5.36422217e+03 3.04970303e+01
 1.50570898e+03 3.05269165e+02 1.08975793e+03 6.83150879e+02
 2.69654956e+03 9.07454004e+03 2.28922256e+02 1.37570178e+03
 8.41187820e+01 2.40190381e+03 1.13953503e+03 1.42295105e+03
 1.71154587e+02 3.27094086e+02 3.20824487e+03 5.43038177e+01
 6.66551904e+03 3.83967651e+03 2.90062305e+03 2.80386600e+01
 1.52657486e+02 3.48880664e+03 1.99535995e+02 7.45457825e+02
 2.67477570e+02 1.67912988e+03 1.29736572e+03 9.40558105e+03
 1.19204435e+01 6.88430176e+01 1.38433667e+03 5.94871875e+03
 2.76807690e+03 3.17639087e+03 1.18822495e+02 5.65142344e+04
 2.42291748e+03 8.26292578e+03 2.57543884e+02 1.24266113e+03
 6.00542725e+02 1.50383636e+02 9.85305176e+02 1.09928207e+02
 1.60434619e+03 2.63188159e+03 6.12633643e+03 1.16394961e+04
 9.98862183e+02 1.11414678e+04 5.87454443e+03 4.19963745e+02
 2.30929810e+03 1.98143982e+03 5.76230835e+02 1.15086255e+03
 4.90531197e+01 4.86560010e+03 1.26865942e+03 9.92400513e+01
 5.80809814e+03 2.21776489e+02 1.20115613e+03 1.21697742e+03
 2.17345688e+02 5.64830444e+02 5.50603027e+01 1.10461304e+02
 1.23927808e+03 1.66505356e+02 2.82078369e+03 5.18482300e+02
 7.73753357e+02 8.20994690e+02 1.44750586e+04 1.26323340e+03
 8.55581421e+02 1.38654678e+04 2.78782074e+02 9.80253845e+02
 3.20886279e+03 6.18372375e+02 1.89730194e+02 1.36381775e+02
 2.57315820e+03 2.01160779e+03 1.54569092e+02 5.55602966e+02
 2.17298187e+02 2.61550537e+02 4.86675439e+03 4.57826111e+02
 1.58154834e+04 7.20653076e+01 2.04033875e+02 4.21471619e+02
 5.15594531e+03 3.36161768e+03 4.40735718e+02 5.21295801e+03
 1.35408467e+04 5.87578468e+01 1.48846407e+01 4.79745850e+03
 3.94148779e+03 2.40800234e+04 2.93256470e+02 1.12560828e+03
 2.44982910e+01 4.68343353e+02 3.30441437e+01 1.39051331e+03
 9.02620300e+02 3.58789570e+04 5.20938721e+02 7.10726660e+03
 1.33565161e+03 2.76379608e+02 8.38155594e+01 1.33167023e+02
 1.64209702e+02 3.63589624e+03 5.90237183e+02 8.68613052e+01
 5.11642944e+02 3.16460693e+03 7.00868408e+02 7.88521484e+02
 4.11353271e+03 8.97221619e+02 4.83581146e+02 2.96131152e+03
 2.90844824e+03 4.26112274e+02 2.02304468e+03 3.64999961e+04
 3.46170679e+03 2.04681754e+00 3.52729712e+03 1.12431702e+03
 2.82494116e+03 2.49122119e+03 9.68319016e+01 8.52208008e+02
 4.84863007e+02 2.18181122e+02 1.15507947e+03 1.27722862e+02
 3.24918579e+02 1.46887805e+03 7.26541992e+02 4.12810608e+02
 8.87918750e+03 1.33157581e+03 2.66060254e+03 6.12370850e+03
 1.79774033e+02 1.62623486e+03 1.80788367e+03 1.09156570e+02
 9.25503601e+02 1.06098506e+04 7.65612976e+02 3.47216260e+03
 3.05990723e+02 1.17472058e+03 8.47458130e+02 2.55600562e+03
 5.38453979e+02 7.47525391e+03 4.97149162e+01 4.49604111e+01
 1.07475464e+02 1.81107452e+02 5.74188293e+02 1.29234338e+03
 9.73704041e+02 2.08601608e+02 1.42677505e+02 1.36196064e+04
 8.71205994e+02 2.03264198e+01 1.70502527e+03 9.27321091e+01
 1.99737732e+03 3.01984023e+04 1.81359310e+01 2.21848507e+01
 1.84347009e+03 1.54643097e+02 1.58985962e+03 7.16302930e+03
 1.97618332e+01 1.91008392e+02 4.15056427e+02 1.93580078e+02
 7.62242725e+03 1.85767822e+01 9.66778711e+03 1.57768079e+03
 1.66560410e+02 1.99310986e+03 1.80002588e+03 2.68647363e+03
 1.14068042e+03 1.26809695e+05 9.05722809e+01 1.54553650e+03
 8.31984619e+02 3.82415869e+03 5.36061401e+02 1.25518152e+03
 1.12784653e+02 4.96781952e+02 7.70613647e+02 6.88047562e+01
 6.44069492e+04 9.95347070e+03 3.87418579e+03 1.47778122e+02
 1.19997520e+02 1.26686920e+02 1.92227014e+03 3.48080835e+03
 1.21049307e+04 6.26209766e+03 1.54534290e+03 4.05434688e+04
 6.27450195e+02 3.20469409e+03 8.23647168e+03 1.89648682e+03
 1.11552773e+04 2.73909062e+04 4.62896338e+03 5.23752979e+03
 2.84525879e+02 3.20135718e+03 2.35179639e+03 1.17211499e+03
 5.52320251e+02 1.80588562e+02 3.66719727e+02 6.60277466e+02
 4.59004517e+02 6.67535742e+03 1.08592719e+05 1.64039270e+03
 3.01773834e+02 1.26305840e+02 5.45689163e+01 8.10780640e+01
 2.56930176e+03 5.95971642e+01 2.66215759e+02 7.05181732e+01
 1.89465668e+02 3.09909668e+02 1.73159314e+03 4.39935486e+02
 4.94382996e+02 1.40070967e+04 3.79540015e+03 2.97491816e+04
 8.51833191e+01 1.44963318e+02 1.95811188e+02 2.19737817e+03
 6.46643896e+03 4.99405090e+02 6.03798828e+02 3.36216125e+02
 2.65391870e+03 1.06309365e+04 2.60545825e+03 8.73015625e+03
 2.09144306e+01 6.09030151e+02 2.19667908e+02 2.68952789e+01
 4.90254150e+03 9.63239594e+01 9.67938171e+02 1.48438683e+01
 2.88684399e+03 1.65453406e+03 8.58882385e+02 3.15315887e+02
 2.45869045e+01 4.92468311e+03 1.43698596e+03 2.48438614e+02
 1.03095032e+02 4.28153381e+02 1.19582129e+03 1.75923364e+03
 2.17095532e+03 4.82020605e+03 2.33921387e+02 7.99934912e+03
 1.24560944e+02 3.24720093e+02 5.39346375e+02 5.23450317e+02
 6.18344189e+03 2.75355743e+02 5.71549988e+02 2.24958472e+03
 1.19711830e+02 1.94663660e+03 6.44058685e+01 2.40071335e+02
 1.04631621e+04 3.56048022e+03 3.10294098e+02 3.14110278e+03
 5.95436890e+02 6.28010449e+03 1.46155459e+04 2.30020660e+02
 2.83307686e+01 5.34654443e+03 1.13211646e+03 5.44233398e+02
 2.05212852e+04 1.15737451e+04 3.74285132e+03 9.80697461e+03
 9.52039219e+04 1.12018054e+03 3.16536255e+02 5.19769189e+03
 3.04923652e+04 1.27903918e+03 1.44943893e+02 5.40500107e+01
 1.07054316e+04 5.11222705e+03 2.03929434e+04 1.78341019e+02
 3.14583069e+02 4.46472015e+02 9.86536789e+01 1.21780530e+03
 1.14340645e+04 2.30998779e+03 6.22844238e+02 4.20412476e+02
 2.29787216e+02 7.95798950e+01 9.24078003e+02 3.11089386e+02
 5.18763390e+01 2.76424927e+02 9.51160278e+02 6.57416687e+02
 5.94761963e+02 2.64632538e+02 1.35557605e+03 1.01321216e+03
 1.34048076e+04 5.09607544e+02 5.49345898e+03 2.41407251e+03
 4.28086445e+04 1.97412463e+03 2.83063794e+03 4.35830566e+02
 3.94608667e+03 4.81438538e+02 8.59901270e+03 1.98809912e+03
 1.19042480e+02 2.38044531e+03 1.87985815e+03 1.02726501e+03
 1.00532739e+03 2.27524872e+02 1.53985176e+01 5.07879785e+03
 1.98574243e+03 3.86857361e+02 3.23537231e+03 1.54463577e+02
 3.99068188e+03 3.55522339e+02 1.10805044e+01 5.41245850e+03
 5.75405945e+02 1.41305957e+04 2.96039276e+02 4.04884338e+02
 1.97831726e+02 1.07612085e+03 3.47151367e+02 2.93072729e+03
 5.34875830e+03 4.77610931e+02 5.69159912e+02 4.32085352e+03
 3.87579559e+02 6.27056770e+01 1.15498734e+02 4.23204932e+03
 2.53811743e+03 1.28266223e+03 1.32485522e+03 1.82593297e+05
 1.46418677e+03 1.75443145e+04 7.60114014e+03 7.34558945e+01
 1.63676941e+02 1.13614570e+04 4.15390234e+03 4.64951172e+01
 1.38428809e+03 1.42663806e+03 5.86204834e+02 3.27260925e+02
 3.62542229e+01 6.72784973e+02 4.04343042e+03 1.16253564e+03
 7.69105225e+02 1.26623743e+03 3.47315283e+03 1.07255957e+04
 5.61333105e+03 5.42347119e+03 6.25785156e+02 6.19242249e+02
 6.59138428e+02 1.74696991e+02 6.62029572e+01 5.46816406e+02
 7.27136719e+02 2.80004089e+02 5.23525977e+03 3.34326057e+01
 2.42922803e+03 2.97600830e+03 8.77014923e+01 1.20784219e+04
 3.28229332e+01 2.29497543e+02 4.63956494e+03 2.43754102e+03
 1.28845947e+02 1.01382123e+03 5.56163513e+02 1.07016045e+02
 7.54168091e+01 1.03045293e+04 5.27815918e+02 2.65307526e+02
 1.89146896e+02 2.70618750e+03 1.36395312e+03 1.15211441e+02
 2.04416122e+02 2.15340927e+02 6.17608414e+01 5.05051465e+03
 3.96046326e+02 1.18975716e+02 1.33754471e+02 1.79759143e+03
 7.09610535e+02 4.91811523e+03 8.98942773e+03 8.66891895e+03
 2.74513457e+04 1.37390674e+03 7.86866309e+03 4.24667358e+02
 1.39389453e+03 2.56963184e+04 1.64372406e+02 2.42659988e+02
 5.90593506e+02 3.38135162e+02 1.09299988e+03 4.19462929e+01
 1.47533005e+02 4.11062698e+01 2.23733032e+02 7.31469971e+02
 3.02916660e+01 2.38600445e+01 1.41058411e+02 2.36421484e+03
 2.68863922e+02 1.03575218e+02 6.72685913e+02 6.94333545e+03
 6.15287437e+01 3.91241064e+03 6.11734657e+01 1.60426868e+03
 1.30007965e+02 6.85308685e+01 1.56253052e+03 7.43558289e+02
 8.87011621e+03 7.45243912e+01 4.29781860e+02 2.14530792e+01
 5.87863342e+02 1.27202646e+04 7.67201233e+01 9.62192871e+03
 2.14358081e+03 1.01544868e+02 3.05423492e+02 5.00706543e+03
 2.01857376e+02 4.18522998e+03 1.15966805e+02 2.77208081e+03
 1.97510620e+02 1.14448799e+02 5.08104645e+02 1.55594434e+03
 4.90991699e+03 6.20613831e+02 1.75645885e+01 6.81504333e+02
 2.94260293e+04 3.89866447e+01 1.04124097e+03 4.65517792e+02
 4.54123199e+02 1.99899963e+03 2.04792812e+04 3.85740256e+00
 1.79111133e+04 8.45020203e+02 7.44010400e+03 3.53708374e+03
 4.74676123e+03 1.26854590e+04 5.24867859e+02 1.04114062e+03
 3.86848083e+02 2.43177681e+01 5.41036911e+01 9.17775940e+02
 1.70751733e+03 1.53547559e+03 6.64794739e+02 9.29546585e+01
 1.79637012e+03 2.16859497e+02 1.92409683e+02 6.92339294e+02
 3.62341875e+04 3.44417458e+01 3.29678345e+01 5.61304810e+02
 5.26452441e+03 8.49234802e+02 3.23000702e+02 9.71802292e+01
 1.22421021e+03 9.99757843e+01 3.87838721e+03 1.09599182e+03
 1.10596729e+03 1.06377478e+03 2.83672607e+02 2.25760889e+03
 3.66963843e+03 4.77524414e+02 3.72166650e+03 7.62804395e+03
 2.44874725e+02 1.18191162e+02 2.59520215e+03 3.40794739e+02
 9.45231400e+01 1.27917822e+04 6.40266406e+03 2.00230789e+02
 2.54709692e+03 1.49977285e+04 5.06694489e+02 3.08643982e+02
 1.32113428e+03 9.84854736e+02 8.44154724e+02 6.47901733e+02
 3.09439453e+03 1.19117508e+02 4.00539459e+02 1.19464954e+03
 5.12674805e+02 1.49771454e+02 8.84155176e+03 2.37398706e+03
 5.32989727e+04 5.03827400e+01 5.90982275e+03 5.11353809e+03
 1.61009262e+02 2.29924146e+03 1.03783714e+02 1.65085419e+02
 2.39249939e+02 3.29217163e+02 2.04736755e+03 2.16159473e+03
 2.62176178e+02 1.85283848e+04 1.66354492e+03 8.64499207e+02
 3.31195755e+01 1.18462188e+04 2.10908203e+03 4.41966553e+02
 6.39101990e+02 1.59069666e+03 3.71911133e+02 1.38355518e+03
 6.76055374e+01 1.83428672e+04 2.40869287e+03 4.79567822e+03
 5.01093231e+02 8.93708789e+03 4.31706024e+02 2.13249496e+02
 3.96393280e+01 1.79299597e+03 3.50951367e+03 6.78354346e+03
 1.89220801e+03 5.12727417e+02 3.20961914e+02 3.13167477e+00
 5.38996887e+02 1.41691833e+02 1.41807236e+02 7.60090771e+03
 3.79191577e+03 4.28271143e+03 8.00897827e+02 5.14902197e+03
 2.54589282e+03 1.70230237e+03 3.25344543e+02 9.17521606e+02
 4.01204414e+04 1.38795215e+03 1.37699634e+03 9.84218079e+02
 3.71484489e+01 1.01484276e+02 4.92388458e+02 1.78268311e+02
 1.31472498e+03 8.86844531e+03 1.70345703e+02 5.79315002e+02
 1.59080338e+02 2.09076025e+03 6.98924902e+03 3.33423291e+03
 5.99011292e+02 1.70362640e+02 3.05066479e+03 7.49641846e+03
 3.49959131e+03 6.95405045e+01 2.72188129e+01 1.88243622e+02
 8.56637634e+02 1.30801178e+02 2.70705762e+03 9.29963623e+02
 6.27298470e+01 1.34258936e+03 1.94184814e+03 1.59316562e+04
 1.61507402e+04 2.76375488e+02 1.06257979e+04 3.67693066e+03
 1.42649219e+04 4.83227979e+03 1.12244087e+02 2.64897980e+02
 4.76515427e+01 5.45108497e-01 4.25750610e+02 1.68945605e+03
 5.69143188e+02 2.00766504e+03 2.65632959e+03 1.94460095e+03
 5.70720654e+03 6.69192352e+01 2.98247324e+04 1.32381506e+03
 2.55847583e+03 9.78847595e+02 1.64142754e+04 2.88485077e+02
 2.18304840e+02 1.88102490e+03 1.58043457e+03 5.72575256e+02
 1.31995508e+03 1.44303101e+02 3.26771973e+02 6.70151424e+00
 1.62201982e+04 1.25145035e+02 1.51682396e+01 3.46702124e+03
 3.01946503e+02 4.99407673e+00 1.44891821e+03 2.36776031e+02
 3.95435327e+03 7.31897363e+03 7.43564453e+02 3.41645312e+03
 6.94053955e+02 2.07858130e+03 1.80908191e+03 4.59199286e+00
 5.36328430e+02 1.88504318e+02 5.28305542e+02 3.70114966e+03
 7.32694458e+02 1.71794205e+02 4.28063770e+03 7.61490112e+02
 1.28305505e+03 2.36107793e+04 1.13302646e+04 7.98499878e+02
 4.43893929e+01 2.55773438e+04 1.23250806e+03 1.29057922e+02
 5.89573746e+01 7.99291797e+03 1.26435925e+03 5.89406445e+03
 4.10548389e+03 7.49607086e+01 1.07114600e+03 8.40490039e+03
 3.69766992e+03 7.07081360e+02 1.13794404e+04 1.40807532e+03
 1.98010876e+03 4.94298389e+03 2.62674658e+03 1.55861969e+02
 2.84333423e+03 4.18951660e+03 8.89709961e+02 3.28825508e+04
 9.56875098e+03 1.77103653e+02 3.02663696e+02 6.67589111e+02
 2.01849991e+02 2.71448944e+02 1.54461709e+04 1.01570908e+04
 8.33196045e+02 4.48462097e+02 1.09787227e+04 1.01026718e+02
 8.20325012e+02 1.09962686e+04 4.48627739e+01 1.70654504e+03
 8.76857361e+02 4.88035059e+00 1.10079736e+04 3.29039331e+03
 1.65570984e+03 1.09340930e+03 7.49892273e+01 5.14096191e+02
 2.41686035e+02 5.12288391e+02 8.62026855e+02 2.66872192e+02
 1.53666919e+03 1.58921521e+03 2.30212474e+00 1.22213096e+04
 6.03338806e+02 1.65939307e+03 2.64399390e+03 1.17128052e+03
 1.20840918e+03 1.61914685e+03 1.05402539e+04 1.12845390e+02
 1.45333118e+03 3.92889111e+03 4.66934433e+01 1.01044409e+03
 2.70967920e+03 2.90834277e+04 2.51386987e+03 1.09830956e+02
 2.18739570e+04 1.85692459e+02 6.02622998e+03 2.37183130e+03
 1.30527679e+02 2.34132977e+01 1.97075531e+02 3.06007782e+02
 7.13373047e+03 1.88803116e+02 4.34635107e+03 6.38534363e+02
 6.07098320e+04 7.03534622e+01 8.36569275e+02 1.86182910e+03
 4.64009369e+02 3.23296700e+01 9.06914307e+02 1.39138117e+01
 1.49498489e+02 2.97341705e+02 9.09935913e+02 2.38223877e+03
 2.12661387e+04 3.87546959e+01 2.12382324e+04 1.38797668e+03
 7.32626367e+03 3.07287537e+02 3.24505566e+03 1.54138904e+03
 2.58175439e+03 1.94923340e+02 1.80180344e+02 1.26174255e+02
 2.78983545e+03 1.82822742e+01 1.07783554e+02 9.40857617e+03
 1.36286133e+04 3.76489532e+02 1.98123779e+02 2.94651685e+03
 2.04272690e+01 2.17832355e+01 1.12740979e+03 4.34255811e+03
 1.31556854e+02 2.61288788e+02 2.32390283e+03 1.47799036e+03
 1.59011755e+03 9.79904175e+00 3.36940460e+02 9.17501373e+01
 1.99472290e+02 1.46619736e+04 8.68321609e+01 2.78542938e+02
 9.05444580e+02 4.63660797e+02 1.52870529e+02 4.31048203e+01
 2.96860992e+02 4.92914355e+03 5.70125183e+02 1.27578219e+05
 5.56271505e+00 1.19988279e+01 1.95232043e+03 1.55118622e+02
 7.39139648e+02 3.16148468e+02 4.12484009e+02 2.22558655e+02
 1.61443817e+02 3.72071114e+01 6.19786743e+02 6.94279938e+01
 3.58066577e+03 9.26347473e+02 2.61746788e+01 1.53318311e+03
 2.62147579e+01 6.32623535e+03 1.75713367e+03 7.67366272e+02
 1.26195581e+03 1.49144373e+03 1.53159924e+03 4.19837875e+05
 3.12683301e+03 4.33060107e+03 9.15801575e+02 2.22840859e+04
 1.54496231e+01 7.15205664e+03 2.12839615e+02 1.12765601e+03
 7.50164124e+02 2.17338843e+03 8.95813965e+02 4.05522705e+03
 6.64004288e+01 1.30032761e+02 4.28956250e+03 4.54811084e+03
 1.64092090e+04 4.25831152e+03 5.36266602e+02 3.37692871e+02
 9.21037598e+02 2.86637020e+01 1.95620132e+02 1.45748450e+03
 3.12945684e+04 1.07861877e+02 8.87781830e+01 1.60967728e+02
 1.03878674e+03 6.96081726e+02 8.56299210e+00 1.77559316e+04
 6.71076599e+02 6.68646094e+03 1.43157361e+03 2.04654675e+03
 1.20372961e+03 4.85366504e+03 1.87639478e+03 5.74275146e+03
 3.12485626e+02 4.48298193e+03 1.30207637e+04 1.88164453e+03
 2.39438889e+02 1.30945267e+02 7.42433777e+02 5.46950134e+02]
4859.1113
419837.88
