[2.56640098e+04 1.16255371e+03 5.23878845e+02 2.27009009e+03
 2.95607080e+03 1.13869214e+03 7.19885864e+02 4.52312500e+03
 1.59375059e+04 1.84276917e+03 1.46073120e+03 9.44295215e+03
 6.51743477e+04 2.63150269e+02 6.89970322e+01 5.58643018e+03
 3.85609253e+03 1.81907092e+03 6.18086426e+03 7.05264893e+03
 1.81629724e+03 6.28510986e+02 9.98938906e+04 3.75449249e+02
 9.73360962e+02 1.24251738e+04 3.20175244e+03 7.76139014e+03
 1.24605005e+03 7.17088165e+01 2.29011182e+03 1.14060273e+04
 3.56596655e+03 2.86886196e+01 1.56953574e+04 2.00490466e+03
 1.56559534e+03 1.14838940e+03 3.28843872e+03 1.23954826e+02
 1.77522607e+03 1.23507197e+04 7.05482275e+03 3.81739355e+03
 7.51046680e+03 1.67865430e+03 1.95764697e+03 2.51648560e+01
 1.61147232e+02 4.18529541e+03 3.38117180e+01 1.21313945e+04
 1.60490494e+02 9.61714355e+03 1.95280884e+02 3.57914581e+02
 2.41204239e+02 1.38702500e+04 8.02479688e+03 1.40388403e+03
 9.54262012e+03 6.34937891e+03 2.61734546e+03 2.48696640e+02
 9.49853897e+01 4.72126172e+03 2.14528491e+03 1.38159717e+03
 1.42660217e+01 1.94365698e+03 4.04539853e-01 3.82434570e+02
 1.84852576e+03 7.86728134e+01 1.95310547e+03 2.60461157e+03
 1.22496899e+03 1.09152793e+04 1.26155060e+02 1.01699719e+05
 1.46505530e+03 3.86282837e+03 8.48649120e+00 6.03832275e+02
 1.99671417e+02 1.90309982e+01 1.19074414e+03 3.07342224e+02
 3.89134155e+02 2.87251343e+03 4.37087109e+03 1.73421523e+04
 1.46556042e+03 5.01508392e+02 3.16431699e+04 4.98853912e+02
 2.64453955e+03 1.03656201e+04 8.91375879e+03 5.11631256e+02
 1.29609692e+03 1.20246838e+03 7.15335693e+02 2.36581345e+02
 3.59300610e+03 1.42187073e+02 9.37206909e+02 3.38870386e+03
 4.36566833e+02 1.28293671e+02 3.80165443e+01 2.28286572e+01
 3.65305084e+02 1.07121716e+03 2.31095059e+04 8.04270386e+02
 4.36385986e+02 8.92144629e+03 3.55068799e+03 7.06055908e+01
 6.41575244e+03 1.70566855e+04 2.93813750e+04 2.25887363e+04
 9.97991516e+02 8.72015076e+01 1.08434204e+03 1.03296802e+03
 1.48165527e+03 4.22732080e+03 5.49403259e+02 1.59265884e+02
 2.30576172e+03 4.81009552e+02 1.72386032e+02 2.47276929e+03
 1.20363928e+03 9.72200012e+01 2.49584180e+03 2.61868726e+03
 3.77067944e+03 6.70167578e+03 1.67776230e+04 4.51463916e+03
 1.12529529e+03 4.87327057e+02 5.46433655e+02 1.59098467e+04
 6.43946484e+03 5.35788135e+03 6.47290588e+02 1.04448730e+04
 1.07187317e+02 2.01945820e+01 3.37677979e+03 2.47595166e+03
 1.12200401e+02 9.95650586e+03 2.01124725e+02 3.73733672e+04
 1.48712677e+02 2.02878015e+03 2.81958649e+02 2.18302505e+02
 2.94064648e+03 6.10014014e+03 7.86734009e+02 4.88303253e+02
 1.34619202e+03 2.92498730e+03 3.33791580e+01 1.32877795e+03
 3.50175171e+02 4.67377052e+01 2.35577374e+01 1.21814539e+03
 1.03612158e+03 1.16277686e+03 1.87328613e+02 3.88194751e+03
 2.55655737e+03 2.34240088e+03 5.98075312e+04 1.84068860e+03
 1.36429858e+03 1.68056900e+02 1.20424110e+02 1.60388641e+02
 2.17201196e+03 1.61880066e+03 1.79271667e+03 6.57911865e+02
 6.35060730e+02 1.54911877e+03 7.36497266e+04 1.47716782e+02
 1.79594199e+04 7.87743713e+02 8.34827194e+01 3.88838672e+03
 3.20281281e+02 4.16758154e+03 1.54807849e+03 4.95956543e+02
 4.05370195e+04 6.69420215e+03 1.37891553e+03 2.19406708e+02
 8.87483276e+02 2.54791748e+03 5.22224060e+02 9.08743713e+02
 4.88978424e+02 1.00862347e+03 7.37887158e+03 6.73897461e+02
 3.44816284e+02 8.01822567e+00 4.78127100e+03 1.74214996e+02
 2.52119287e+03 1.33236649e+02 1.27546167e+03 1.94277441e+04
 4.32138123e+02 4.03593597e+02 1.06433765e+03 8.35595215e+02
 2.54308681e+01 1.01263605e+03 2.68927808e+03 1.13053589e+03
 5.21019971e+03 1.85036682e+02 4.56034813e+01 5.70341602e+03
 6.83216650e+03 2.42225990e+01 1.23156213e+03 1.67108898e+01
 2.28733398e+03 4.07699524e+02 8.51065625e+03 6.66447296e+01
 3.24485303e+03 1.80101746e+03 8.64351855e+03 4.73526074e+03
 1.71632227e+03 4.40367188e+04 1.03850014e+02 6.60329834e+03
 4.81964020e+02 1.20365283e+03 2.04003296e+03 2.22576929e+03
 3.23245093e+03 5.66964417e+02 2.44065456e+01 7.71715698e+02
 1.01686859e+03 2.03161348e+04 2.53068691e+04 4.36731758e+01
 1.05077477e+02 3.40277252e+02 1.52191211e+03 4.01545239e+03
 3.21175024e+03 9.67386902e+02 1.13178497e+02 3.83720430e+04
 8.07110748e+01 7.16820801e+02 1.42712139e+04 5.22629578e+02
 4.27534229e+03 3.43434492e+04 1.99015674e+03 2.57765405e+03
 1.12954431e+03 1.02048760e+04 1.42163406e+02 2.81534497e+03
 1.02235559e+03 2.22937622e+02 8.42443787e+02 1.17702305e+04
 5.91453674e+02 1.65429871e+02 1.14987680e+05 3.56104279e+02
 1.43504187e+03 1.51921860e+02 1.70329269e+02 4.58649384e+02
 7.06899902e+02 7.78309766e+03 8.07088477e+03 1.07275146e+02
 1.77118213e+03 1.57727081e+02 3.69613647e+03 1.96243652e+04
 7.19966406e+03 6.81129443e+03 3.10803076e+03 1.25047109e+04
 6.79406006e+02 2.20643237e+03 2.50677353e+02 2.33221997e+03
 1.21987773e+04 7.46184204e+02 7.67385712e+01 3.53085498e+03
 2.12289600e+03 2.02014355e+03 8.51312485e+01 8.77861719e+03
 6.79790527e+02 1.23264343e+03 2.47225098e+03 5.01511279e+03
 9.12058044e+02 5.36491638e+02 5.01038330e+03 1.48957007e+03
 4.88617065e+02 1.72886758e+04 3.94086990e+01 2.75972076e+02
 1.60114490e+03 1.75063818e+03 2.31159619e+03 5.92111816e+03
 1.88636438e+03 5.77656975e+01 1.53972012e+04 5.98430847e+02
 1.09306030e+03 1.40409302e+03 1.50301477e+03 6.95545410e+03
 1.02268542e+03 7.63441467e+01 2.23504700e+02 7.14811523e+02
 1.91565979e+03 3.58230560e+02 3.90761646e+03 2.18202344e+04
 3.89453163e+01 4.49799194e+02 2.20802246e+03 1.93134033e+03
 2.42745117e+04 1.01587588e+04 9.67750320e+01 3.96167163e+03
 5.34374219e+03 1.51722920e+04 1.24761368e+02 2.61626495e+02
 7.50268738e+02 1.43755381e+04 1.69852859e+02 1.03678160e+01
 2.50747383e+04 2.11676437e+02 1.01244971e+04 1.16892217e+04
 4.26717480e+03 7.60856552e+01 9.45514343e+02 2.17333652e+04
 2.16905547e+04 2.52241325e+01 1.04342029e+03 2.88595386e+03
 1.86307734e+04 3.76273193e+03 5.47146758e+04 2.00797839e+03
 1.90398376e+03 1.34376184e+03 2.84408691e+02 5.97305713e+03
 4.65914209e+03 3.08982446e+03 1.55146558e+03 2.67095044e+03
 4.46737701e+02 1.34971082e+03 6.64424988e+02 3.56324414e+03
 2.24303207e+02 7.75123438e+03 8.11390972e+00 4.92731836e+04
 1.27013683e-01 2.05636749e+02 2.56943054e+02 3.06869087e+01
 1.24629766e+04 4.15419464e+02 1.62299103e+02 2.02936121e+03
 1.08843450e+06 2.78351978e+03 1.84565784e+03 1.31048828e+03
 1.33272051e+04 4.27573700e+01 2.80197632e+03 6.22876660e+03
 1.16442009e+02 2.11982959e+03 1.05898965e+04 7.92590027e+02
 2.36688672e+03 1.26189270e+03 7.66011902e+02 8.98169922e+03
 3.69644585e+01 1.50314502e+03 3.40300690e+02 3.50247231e+01
 1.59012529e+04 2.06141675e+03 2.97940649e+03 1.21762805e+03
 5.71523987e+02 1.93526738e+04 6.81669189e+02 7.47857849e+02
 5.22832336e+02 1.58707666e+03 1.77860962e+03 3.31995178e+02
 2.00463232e+03 1.88894287e+03 8.32024219e+03 1.62127129e+04
 1.07408472e+03 9.68891785e+02 4.84350006e+02 6.36655469e+03
 4.84856934e+02 1.89679004e+03 9.01632919e+01 5.48706188e+05
 4.42258728e+02 1.23234541e+04 1.08677754e+04 1.08081714e+03
 4.22536224e+02 9.27050684e+03 5.34987646e+03 1.45915726e+02
 3.57663794e+03 1.98383252e+03 1.20959778e+03 1.83770178e+03
 4.76868262e+03 1.48972278e+03 1.04928036e+01 2.75306885e+02
 1.13883278e+02 3.47771719e+04 8.56668945e+03 9.08089355e+02
 2.40329761e+03 1.04139941e+04 8.44374466e+01 4.71153961e+02
 2.64085865e+01 5.14140991e+02 1.55764124e+03 1.45461133e+03
 3.71553986e+02 2.37824292e+03 1.83979529e+03 9.66382935e+02
 7.18331055e+03 1.05894104e+03 2.51337143e+02 9.38737915e+02
 1.22639580e+02 1.82029358e+02 9.36740784e+02 1.97273669e+03
 5.26673096e+02 2.88827148e+02 7.11046814e+02 9.37829834e+02
 3.49051074e+03 3.29110234e+04 1.59985687e+02 1.96153748e+03
 1.01834106e+02 5.18065283e+03 1.13560608e+03 7.83518494e+02
 4.93264343e+02 4.55553009e+02 1.17340875e+00 4.93250336e+02
 8.92671326e+02 3.24972610e+01 3.74044342e+02 8.55463086e+03
 1.22830688e+03 1.27703589e+03 5.02175000e+03 2.52372773e+04
 6.03837207e+03 5.04665161e+02 8.94806152e+03 1.77911301e+02
 3.50366486e+02 3.07385801e+04 7.96806091e+02 1.93124658e+03
 6.16428223e+03 8.63732544e+02 1.43705688e+02 9.48663477e+03
 4.20835571e+02 1.94169525e+02 5.65783348e+01 1.23438644e+02
 1.91667999e+02 1.48659045e+03 2.96542328e+02 4.45647070e+03
 1.74403702e+02 1.02308955e+04 4.75302368e+02 5.71987256e+03
 1.44516689e+04 1.53738936e+04 2.06028824e+02 1.22830170e+02
 3.83713379e+01 1.20572662e+01 8.48784863e+03 3.83622467e+02
 2.87106289e+04 6.59369568e+02 1.95831458e+03 1.03230774e+02
 2.28416162e+03 7.67436401e+02 1.19279610e+02 3.89914917e+03
 6.96101685e+02 2.61523560e+02 6.13408691e+02 6.81390808e+02
 8.21299316e+02 1.84950531e+02 1.49231491e+02 2.88636627e+02
 6.58754150e+02 5.61461243e+02 1.33935638e+02 1.42950225e+04
 2.93042358e+02 8.40118042e+02 1.19347582e+01 1.23323743e+03
 1.69364883e+04 1.63632370e+02 2.19361797e+04 1.01719965e+03
 1.72678604e+02 1.24493811e+03 1.78712539e+04 3.07206970e+02
 1.86556738e+04 1.33704025e+02 9.04756348e+03 7.81149463e+03
 8.05524219e+03 7.95992812e+04 1.36076233e+02 4.28198456e+02
 3.67956451e+02 2.89152344e+03 1.15134268e+04 6.31509949e+02
 1.36965286e+02 3.65078174e+03 1.37524277e+04 4.56363525e+03
 6.25309631e+02 5.23870125e+01 8.13927100e+03 2.82953613e+02
 2.68956152e+04 8.94280566e+03 2.56179981e+01 1.26011560e+03
 6.36322803e+03 1.30679883e+03 2.68506445e+03 1.74233691e+03
 9.37174023e+03 7.70786084e+03 5.64272766e+02 1.87595596e+02
 4.48226660e+03 7.40256787e+03 2.17921432e+02 1.31935559e+03
 1.29123857e+04 7.84225235e+01 3.74256860e+03 4.89208643e+03
 3.17974701e+01 4.89557080e+03 1.18482800e+03 8.42136688e+01
 1.02641632e+02 1.53648545e+04 2.01104517e+03 7.16079855e+00
 2.39716724e+03 6.64628369e+03 5.13519775e+03 1.75154892e+02
 3.22232153e+03 3.37780225e+03 3.54496674e+02 4.85538544e+02
 3.74105493e+03 9.34151077e+01 1.42417224e+03 3.37574805e+04
 9.29516418e+02 9.78837207e+03 7.50399170e+02 2.08465897e+02
 5.45419482e+03 1.27013879e+03 2.06429077e+03 1.63596710e+02
 5.55700439e+02 2.31069946e+02 1.92182117e+03 1.69284106e+03
 1.18072986e+03 5.72335815e+01 6.04639160e+02 2.07779907e+03
 1.17211658e+03 1.81305054e+03 2.05189526e+03 3.58797722e+01
 1.79237646e+03 2.39318164e+04 5.55815491e+02 1.50551300e+02
 1.61803748e+03 1.76194153e+02 4.51347992e+02 3.11700878e+01
 1.19284656e+03 6.26729492e+02 1.52955449e+04 2.97721826e+03
 7.90343704e+01 6.20781738e+03 4.08293921e+03 8.93846289e+03
 4.51620911e+02 6.08470581e+02 2.50671646e+02 1.44884805e+04
 1.55841110e+02 1.91089920e+02 3.85951569e+02 2.05276443e+02
 4.65730664e+03 3.32251709e+03 5.91872986e+02 7.75848877e+03
 8.77234375e+02 4.02005469e+03 7.21612061e+02 1.11254951e+04
 1.37610754e+03 6.62701953e+03 1.38036621e+03 1.34961951e+03
 2.92891445e+04 2.30737695e+03 1.07903931e+02 1.26071274e+02
 4.62266617e+01 7.57356453e+00 9.12308884e+01 1.29041550e+02
 3.75877734e+03 1.33046851e+03 3.94159851e+02 2.36841003e+02
 2.68095435e+03 9.81290665e+01 4.97143018e+03 6.93475098e+02
 6.20428101e+02 8.81936914e+03 9.42904282e+01 5.26924023e+03
 1.87084512e+04 1.84308655e+02 4.45647095e+02 6.33402283e+02
 2.07658887e+03 8.04067932e+02 5.91314758e+02 2.75906855e+04
 2.75202637e+02 2.00119165e+03 1.75497046e+03 1.77859473e+04
 1.12132891e+04 4.37749951e+03 2.66307642e+03 6.08401489e+01
 7.25529004e+03 2.26047734e+04 1.35345300e+03 1.54459351e+03
 3.70484589e+02 1.10911914e+03 1.17901436e+02 5.53638037e+03
 2.70279932e+03 1.27964294e+02 1.62552856e+03 3.69684387e+02
 2.49446094e+03 1.57250565e+02 2.11073453e+05 4.91525977e+03
 1.91175797e+02 3.71488075e+01 4.18351406e+04 4.10154150e+03
 7.86474243e+02 1.02440991e+03 2.82843903e+02 1.00331537e+03
 1.20517715e+02 2.50540698e+03 2.46044531e+04 7.51380432e+02
 2.49192236e+03 3.65587883e+01 1.81043625e+01 1.37662773e+04
 7.06558533e+01 2.75441406e+02 2.57779834e+03 1.96856677e+03
 1.93642554e+03 6.39480176e+03 3.76175195e+04 9.43820724e+01
 3.49761680e+04 3.18714136e+03 4.84326074e+03 8.67230713e+02
 5.80546265e+02 4.07256432e+01 3.32982007e+03 8.21380310e+02
 7.28728882e+02 1.03309265e+02 8.74221484e+03 9.72861206e+02
 1.04324414e+03 9.35861816e+03 7.77803750e+04 2.75008907e+01
 1.74337585e+03 9.81983643e+02 8.78951550e+00 6.99444727e+03
 1.11475182e+01 9.43260449e+03 5.54026172e+03 3.39518481e+03
 6.00660934e+01 9.83347961e+02 1.04261885e+04 2.40451094e+04
 2.73278833e+03 2.77022705e+03 1.85368311e+03 9.90079712e+02
 5.35996143e+03 2.80401831e+03 6.78105225e+02 1.05136024e+02
 1.17975256e+03 6.63074512e+03 1.30443091e+03 2.08294062e+04
 1.87890527e+04 1.04473419e+02 1.45578564e+03 4.79219452e+02
 7.42839737e+01 1.98444617e+03 3.91286719e+04 1.10187634e+03
 2.16409937e+03 1.79769312e+03 7.24310059e+03 8.23532776e+02
 1.72853262e+04 2.72079219e+04 4.78595551e+02 2.06090698e+03
 3.78456934e+03 1.73546295e+02 1.54966484e+04 8.27882227e+03
 1.20987158e+04 2.17074600e+02 2.79178040e+02 2.47862778e+02
 5.42252783e+03 5.17350098e+02 1.01635000e+04 2.61702728e+02
 8.02315125e+02 2.09849658e+03 7.94475327e+01 2.54768005e+02
 2.80233228e+03 6.65104553e+02 1.43067859e+03 1.64889565e+01
 3.81523590e+02 1.57821213e+02 4.32341699e+03 1.63623254e+03
 1.94217834e+03 1.12214783e+02 3.66543433e+03 1.14894932e+04
 8.62353394e+02 2.98354517e+03 3.60145801e+03 9.25272278e+02
 1.34406714e+03 2.32249756e+03 1.31515469e+04 2.41338364e+02
 1.40619043e+03 3.90148096e+03 3.38937225e+02 5.24719189e+03
 1.05532012e+04 1.95911636e+02 3.25215552e+03 4.75332855e+02
 2.35536992e+04 3.67042023e+02 1.67342090e+03 7.77354797e+02
 1.01076746e+03 2.08835791e+03 7.62777649e+02 3.54444678e+03
 1.58122894e+02 7.37951477e+02 4.05017871e+03 2.62401099e+03
 7.66669385e+03 4.40375214e+01 3.61557578e+04 8.46677637e+03
 2.60085938e+04 4.18096924e+03 1.36555443e+01 2.77502197e+02
 2.85154144e+02 1.61959549e+02 1.83800623e+03 1.76891205e+02
 1.18005591e+03 6.16418762e+02 7.87380762e+03 7.37499951e+03
 1.58992100e+04 8.46079712e+01 1.17320740e+03 3.57921411e+03
 5.91026428e+02 3.28876404e+02 3.34299133e+02 1.28483457e+04
 5.56321350e+02 8.05681494e+03 2.02094849e+02 2.03504248e+03
 3.42099152e+02 1.45125891e+03 1.05988145e+04 1.78588342e+03
 5.10668335e+02 1.07681714e+03 1.32987076e+02 7.95600510e+01
 7.35784912e+03 2.55190723e+03 7.18737256e+03 7.36203308e+01
 1.29522864e+03 1.23781998e+02 2.01912744e+03 6.76553438e+04
 9.89588745e+02 9.90621277e+02 1.65175415e+03 1.65231311e+03
 1.31316772e+03 9.40923462e+02 7.17230615e+03 2.08972168e+03
 9.91538513e+02 7.49130127e+02 3.49130127e+02 1.26674146e+03
 6.67647168e+03 5.49826355e+02 1.19996106e+03 1.49499634e+03
 1.55413055e+02 1.01442725e+04 5.08261523e+03 9.62472168e+02
 2.43647217e+03 1.73165817e+02 7.72176880e+02 1.44090752e+04
 2.77018286e+03 1.38752795e+03 2.08351410e+02 2.77191426e+04
 1.20095200e+02 8.37302856e+02 1.71044360e+03 9.80694733e+01
 2.45363678e+02 4.18168060e+02 1.24947827e+03 1.54339219e+04
 1.97830957e+03 8.61642227e+01 2.76362744e+03 3.57634790e+03
 6.94544727e+03 1.95107969e+04 1.23225720e+03 2.31679932e+03
 4.95101196e+02 1.19126807e+03 1.14685925e+03 1.28638013e+03
 8.42183125e+04 3.59357642e+03 6.32274463e+03 6.23339905e+02
 2.72417749e+03 9.04998322e+01 5.35266846e+02 4.17678320e+04
 4.18257861e+03 4.14407861e+03 1.08542824e+02 5.15357861e+03
 1.82764824e+04 6.26615967e+03 4.15791504e+03 1.02061367e+04
 4.55156067e+02 3.54274487e+03 2.85711094e+04 1.73758408e+02
 9.02200012e+01 3.36630493e+03 5.07350800e+02 2.98735382e+02]
6755.402
1088434.5
