[1.87877871e+04 8.25250778e+01 8.59037018e+01 4.36207336e+02
 3.03514941e+03 8.23254089e+02 5.17995377e+01 5.64573486e+03
 5.12651123e+02 1.13903918e+03 3.86379590e+03 3.64072705e+03
 1.46397275e+04 6.17715034e+01 5.45304443e+02 4.58094711e+01
 8.67619141e+03 2.62592700e+03 8.64537402e+03 7.98372998e+03
 3.41674756e+03 2.24401886e+02 3.42372031e+04 1.92604004e+03
 1.49299667e+02 2.28530137e+04 9.76888379e+03 7.88655908e+03
 3.16121216e+03 5.92953918e+02 6.30062793e+03 1.87800903e+03
 2.83674591e+02 4.77501488e+01 1.56723328e+03 6.29836044e+01
 1.36040723e+03 4.21981836e+03 5.18932007e+02 2.60032539e+01
 5.55762012e+03 2.07085039e+04 6.94320312e+02 5.22402161e+02
 7.22297168e+03 3.64314545e+02 1.15545950e+01 9.71206360e+01
 8.42864807e+02 1.26500127e+04 1.11589526e+03 4.20270447e+02
 2.83462772e+01 1.25524609e+03 6.30848198e+01 6.73573608e+01
 2.88354346e+03 4.61361445e+04 1.91058770e+04 2.38304370e+03
 1.08542651e+03 1.05541089e+03 6.95309692e+02 1.40621155e+02
 3.84139648e+02 9.42533008e+03 2.18571762e+02 4.95928070e+02
 2.08577466e+03 1.04202588e+04 2.88489227e+02 8.73526611e+02
 7.46736450e+01 2.68151733e+02 6.82587585e+01 3.53202295e+03
 9.54039258e+03 1.26886665e+02 6.82136536e+02 7.11678906e+04
 1.14771357e+01 2.35453186e+02 1.47529190e+02 7.10936401e+02
 1.49187305e+03 3.10102173e+02 2.48154028e+03 3.03717010e+02
 2.07625293e+03 4.52361328e+03 4.45657861e+03 3.98539648e+03
 5.54674866e+02 1.15934297e+04 2.74689941e+04 1.24733383e+02
 4.32702783e+03 5.08903760e+03 2.29246338e+03 1.11911011e+03
 3.81066821e+03 4.81035840e+03 4.69337158e+02 1.18985039e+02
 4.25658226e+01 2.67764130e+02 3.65526489e+03 1.09266089e+03
 5.27002625e+02 2.69165375e+02 6.66949387e+01 8.28296509e+02
 6.89301453e+01 1.30599548e+03 1.45261875e+04 1.89014465e+03
 1.62657013e+02 4.03461792e+02 2.44458122e+01 1.69873459e+02
 5.70914062e+03 8.93459668e+03 8.56680664e+03 2.47325566e+04
 9.56308105e+03 2.04635269e+02 5.40729004e+02 2.28605820e+02
 1.26763000e+03 1.06711536e+03 1.63941040e+03 1.07772009e+03
 1.94518356e+02 3.17256592e+02 7.50076965e+02 1.28165985e+02
 9.29368359e+03 1.37587048e+03 2.84039722e+03 3.41270020e+02
 8.90693750e+03 2.85918530e+03 2.47738232e+03 9.26559570e+03
 5.65318945e+03 8.23330872e+02 1.63982544e+02 2.15070957e+04
 6.43741357e+03 1.02732141e+03 1.20455750e+02 8.65097534e+02
 2.24003955e+03 8.21334167e+02 4.07705193e+01 3.90725372e+02
 1.44563501e+03 3.34823804e+03 4.03906128e+02 2.89884453e+04
 3.96561426e+03 2.08014819e+03 1.33065295e+03 4.17700104e+02
 4.69156543e+03 7.73751648e+02 3.38677521e+02 1.09098595e+02
 1.75274719e+02 6.76751953e+02 3.99089813e+02 1.77988196e+03
 1.20836014e+02 7.01656952e+01 7.05801636e+02 8.21741699e+02
 2.07832870e+02 6.81782715e+02 1.90801544e+02 1.53563550e+03
 5.06976660e+03 1.93376503e+01 4.39167695e+04 2.38888000e+02
 3.40405457e+02 3.48623505e+01 6.22152405e+02 2.03249069e+02
 8.82047363e+02 1.21749109e+03 1.79225449e+02 1.31595749e+02
 4.08422882e+02 2.55299789e+02 2.66796082e+02 6.12845154e+02
 1.55417200e+03 3.57976837e+02 1.50424896e+02 2.59037769e+03
 1.34168655e+02 9.03654102e+03 3.97773555e+04 4.65391815e+02
 1.83961426e+04 8.37319043e+03 6.88277969e+01 1.53331702e+03
 4.83171204e+02 1.45449023e+03 3.11376404e+02 1.17090442e+03
 3.20277405e+02 2.41208789e+03 5.73370972e+01 3.57623444e+01
 9.79740234e+02 1.08574715e+02 8.10539355e+03 1.92182571e+02
 3.82636292e+02 1.36904333e+03 1.87867386e+02 1.33472498e+03
 7.98611267e+02 2.61977264e+02 1.88327332e+03 2.00334991e+02
 6.84723434e+01 7.15888135e+03 9.08668823e+02 1.40695404e+02
 1.03590613e+03 1.30546036e+02 7.07537109e+02 2.87171240e+03
 1.70021045e+03 6.70238495e+01 9.88370972e+01 6.34386780e+02
 6.10969824e+03 7.90662994e+01 6.40154248e+03 7.07996155e+02
 1.26437744e+03 2.17258228e+03 6.35349121e+02 1.83469128e+03
 2.42626511e+02 1.23359383e+05 1.37967262e+01 6.42051392e+02
 8.15726929e+02 9.86736145e+01 1.14683304e+02 2.05704712e+03
 6.59795532e+01 7.83053589e+02 2.49357620e+02 1.73488174e+02
 3.96228516e+04 9.65349316e+03 1.75993958e+03 1.74815338e+02
 8.18168762e+02 1.95004211e+02 4.40474335e+02 8.64914844e+03
 1.37470245e+02 7.60417969e+02 6.07788696e+02 2.01508145e+04
 4.12250061e+01 1.43155029e+03 6.38989502e+03 6.70956482e+02
 8.13976123e+03 9.47419556e+02 3.29142700e+03 2.75485898e+04
 6.51181702e+02 5.84500586e+03 1.13378320e+03 5.22145813e+02
 3.52291077e+02 3.88640918e+03 2.81347900e+03 9.23539917e+02
 1.80867386e+02 9.15555566e+03 5.11676406e+04 1.07980591e+03
 1.13905495e+02 6.64846954e+01 7.78710709e+01 1.44896805e+02
 1.51267380e+02 1.29083740e+02 1.16431311e+03 2.08378479e+02
 1.47708176e+02 4.19462463e+02 5.55771045e+03 1.01946143e+04
 3.55276001e+03 1.15099469e+05 1.63857605e+02 9.10601465e+03
 1.07429102e+03 2.79695557e+02 1.05927963e+02 1.02743140e+03
 1.68868054e+03 7.08526855e+02 1.11722420e+02 2.25487915e+03
 5.13561440e+01 4.12686719e+03 4.59973389e+02 4.24538184e+03
 1.07046875e+02 1.94156738e+02 2.65829041e+02 5.04421661e+02
 4.65919373e+02 8.99601135e+02 4.37993604e+03 8.15919556e+02
 5.73886658e+02 2.85454248e+03 7.16368408e+01 1.73843042e+03
 5.43476753e+01 5.00846130e+02 3.09124756e+02 4.33168304e+02
 1.63932663e+02 1.72464676e+02 5.19037939e+03 5.22289467e+01
 5.05787891e+03 1.48624622e+03 6.84435196e+01 4.32910400e+03
 1.50417139e+03 6.35342957e+02 6.07844482e+02 6.12333838e+03
 9.18764453e+03 3.04792297e+02 2.02693253e+02 1.17138794e+03
 2.22705317e+00 4.05799878e+03 4.62898389e+03 5.89488831e+01
 2.75696777e+02 1.05957909e+02 2.98373749e+02 1.04493760e+04
 5.37783008e+03 8.95069824e+03 1.15321924e+03 8.21306274e+02
 7.71731445e+03 1.67423340e+04 2.46228857e+03 3.00192352e+02
 1.37038340e+04 4.99843604e+03 2.05895044e+03 7.30289307e+03
 4.36728867e+04 1.54149139e+02 1.08902405e+03 2.51077598e+04
 5.45693516e+04 1.15706039e+02 1.97610168e+02 1.32952917e+03
 2.66735382e+02 6.58833237e+01 1.22798867e+04 1.54522083e+03
 2.39278076e+02 5.36233936e+03 1.00052814e+03 3.56492218e+02
 7.94086670e+02 1.48424158e+03 1.83140391e+04 2.14090500e+02
 2.22427661e+03 2.38745224e+02 9.05936508e+01 1.49757568e+04
 2.33675232e+02 2.41175918e+04 3.46697412e+03 4.04051099e+03
 8.67237985e-01 3.33518829e+02 2.32509131e+03 1.32093250e+03
 1.24275354e+03 4.22586523e+03 2.23890335e+02 2.73837573e+03
 7.74690781e+04 5.21861328e+03 7.31725281e+02 7.44829529e+02
 3.25554895e+00 8.43116455e+02 1.26875145e+02 2.38031006e+03
 3.62260529e+02 5.41796924e+03 4.56036768e+03 3.66931572e+01
 4.46071991e+02 2.99077539e+03 1.26300464e+03 1.41245508e+04
 9.34662476e+02 2.76744800e+03 3.62547925e+03 1.94554260e+02
 8.07384814e+03 3.32855568e+01 4.33836975e+01 1.74469719e+01
 2.24390594e+02 5.34563293e+02 4.30944244e+02 1.33672729e+02
 1.21472366e+02 2.68391388e+02 6.47400696e+02 3.49455615e+03
 1.12770923e+03 1.85761707e+03 1.96096054e+02 5.35329004e+03
 1.51093872e+03 1.81045502e+02 9.16986633e+02 1.20586387e+04
 3.17808868e+02 3.74272144e+03 1.08405472e+02 5.21000352e+04
 1.50659775e+02 3.36214874e+02 2.87975903e+03 1.26707654e+03
 6.02351807e+02 9.58847961e+02 1.54175256e+03 1.95104752e+02
 9.01229858e+02 4.02598000e+00 1.56832581e+03 1.44237320e+02
 3.58308765e+03 2.02192947e+02 1.41514417e+03 1.78815613e+02
 2.03435791e+02 6.48992656e+04 8.05601514e+03 1.09041431e+03
 2.47307520e+03 1.34677637e+03 7.29094116e+02 2.02446133e+04
 3.59711227e+01 5.95650879e+02 1.42648453e+02 1.98079578e+03
 1.29076428e+03 1.26704880e+02 2.92938916e+03 2.15288330e+03
 6.93937988e+02 2.69584521e+03 3.49123192e+01 2.36050439e+03
 1.11068138e+02 2.86392310e+03 1.44812347e+02 9.97135620e+01
 6.38018616e+02 2.25663818e+03 1.51104889e+02 6.38595154e+02
 1.79818222e+02 2.39975820e+04 1.24086990e+02 7.30004944e+02
 8.02047195e+01 9.30206641e+03 1.03593896e+03 6.13238831e+02
 2.45903870e+02 2.99185718e+03 6.92037811e+01 2.51579434e+04
 2.28693665e+02 2.03289398e+02 1.44164722e+03 2.79743701e+03
 2.44637939e+03 1.17539970e+02 1.59733826e+03 2.74146924e+03
 7.06653174e+03 3.19664307e+02 1.11656909e+03 9.33440918e+02
 2.51279510e+02 1.85425818e+03 8.56082947e+02 4.02244067e+03
 1.49009424e+03 1.22040710e+02 3.67386719e+02 6.36146606e+02
 1.58157639e+02 1.46029541e+02 6.17545357e+01 1.71477127e+02
 2.73135529e+02 4.05294946e+03 7.28744324e+02 1.81631104e+02
 4.97631250e+03 1.08171514e+04 1.79757782e+02 1.46518372e+02
 6.48874023e+03 3.92443750e+04 7.76620178e+01 1.03325012e+02
 5.29629135e+01 1.86745285e+02 8.30676346e+01 1.61687988e+02
 2.13744556e+03 7.12970495e+00 3.51366455e+02 2.44687622e+02
 5.99801514e+02 9.86602422e+04 4.88502228e+02 8.58878479e+02
 6.70492615e+02 2.42296387e+03 2.99676331e+02 4.37439575e+02
 1.36037415e+02 1.85636917e+02 1.01835604e+01 1.38990631e+02
 2.61469513e+02 2.46669385e+03 1.20370407e+02 1.86846426e+04
 1.33994236e+01 8.99609070e+01 1.45476074e+03 6.29782593e+02
 5.51916992e+03 6.95707178e+03 5.52276807e+03 4.18525195e+03
 9.22858826e+02 4.44850146e+03 3.18099121e+03 3.28880524e+02
 2.21603496e+04 4.53343811e+02 1.74818594e+04 1.43661224e+02
 1.88827136e+03 4.91151562e+04 5.35756348e+02 5.97851074e+03
 7.14248413e+02 1.38129077e+03 3.13314095e+01 7.68543213e+02
 1.14229126e+03 9.93839050e+02 2.35255859e+03 5.99192993e+02
 8.35715942e+01 2.63282166e+02 2.15776074e+04 1.21570549e+02
 4.71266641e+04 6.58178711e+03 5.89924126e+01 7.03252316e+00
 1.72437012e+04 4.18311096e+02 2.68049780e+03 2.51718750e+01
 1.06125146e+03 8.60700500e+02 4.75063110e+02 1.02834448e+03
 1.33533018e+04 2.25264664e+01 3.10162716e+01 4.16965723e+03
 3.07813281e+04 3.95626074e+03 7.92638037e+03 1.30316797e+04
 5.65014877e+01 2.05475073e+03 2.09499487e+03 1.00400549e+03
 2.25971375e+02 8.67860474e+02 5.31994568e+02 1.75802643e+02
 6.27274023e+03 1.93433594e+03 1.75610828e+03 6.17672997e+01
 2.43734619e+02 9.04762988e+03 8.84614258e+02 1.16590381e+03
 2.93051819e+02 1.01732658e+02 1.35664856e+03 1.18378535e+04
 8.42558838e+02 4.79863281e+03 4.85008881e+02 8.15729919e+02
 2.11039238e+04 2.56737061e+02 3.77330737e+03 1.98976699e+04
 9.44741699e+02 9.21268799e+02 6.63792603e+02 5.26013088e+00
 7.04444809e+01 1.31337085e+03 3.89520142e+02 1.18027124e+03
 7.14790955e+02 5.69276416e+03 2.71349902e+03 2.35169409e+03
 7.70859131e+02 1.61916736e+03 4.11782666e+03 8.60086365e+02
 2.11767639e+02 4.08281746e+01 1.42711395e+02 6.14360107e+02
 1.73032910e+03 6.57941650e+03 2.51562676e+04 2.09775818e+02
 3.32060852e+01 3.33051709e+03 5.41755029e+03 2.09673926e+04
 1.46314133e+02 2.74704529e+02 1.23318042e+03 7.69795068e+03
 4.22483978e+02 1.52649475e+03 4.95670197e+02 2.65212720e+03
 1.13305603e+03 1.25285423e+02 1.06351123e+03 3.10286450e+03
 8.34079529e+02 4.48717578e+03 1.37176489e+03 1.30446777e+02
 3.42977066e+01 4.84528076e+03 7.20917587e+01 4.11922684e+01
 1.34518740e+04 1.80807495e+02 5.63881287e+02 2.36493408e+03
 2.15783252e+03 9.87094666e+02 3.78927002e+02 1.53830490e+02
 6.78857727e+02 2.82406952e+02 7.59720230e+01 1.65639206e+02
 2.60811450e+03 7.95806503e+01 1.59124829e+03 3.50075244e+03
 2.11193237e+02 2.66979028e+03 9.96377106e+01 2.23082886e+03
 2.54502466e+03 3.91749603e+02 4.22209961e+02 6.67744629e+02
 2.54080566e+03 1.07245288e+03 7.87380859e+02 3.12184043e+04
 2.21855530e+02 1.01644183e+03 1.33306580e+03 2.75100137e+04
 4.98231104e+03 6.84961670e+03 3.70109772e+02 2.53920630e+03
 8.04628467e+03 8.04017529e+03 1.53513403e+03 3.73491699e+02
 6.41363144e+01 5.35876282e+02 7.53834229e+03 3.22534009e+03
 2.34512720e+03 8.42122498e+02 2.65639868e+03 4.34137207e+02
 1.66250330e+03 2.29882263e+02 6.06341562e+04 5.21283997e+02
 8.15550995e+01 5.11297699e+02 1.28071484e+04 1.75149109e+03
 1.08782829e+02 8.54792542e+02 4.91540222e+01 9.21949463e+01
 2.70746536e+01 2.83721741e+02 4.14937744e+03 6.59834518e+01
 1.11773584e+04 1.37781342e+02 1.35728058e+02 2.77305542e+03
 8.71838856e+00 6.17024353e+02 4.06738495e+02 4.07661133e+03
 1.92269241e+02 1.95083008e+02 1.76565781e+02 1.31666101e+03
 1.18781074e+04 7.26976990e+02 2.31128357e+02 7.27769241e+01
 4.27087860e+02 8.92535461e+02 2.38146045e+03 9.54563370e+01
 1.81994431e+02 5.14124756e+02 1.20291221e+04 1.92732391e+02
 1.70154892e+02 6.21679980e+03 1.48291528e+03 1.54151581e+02
 3.64838074e+02 1.62073500e+05 1.64093665e+03 2.31424530e+02
 1.24159676e+02 1.57495923e+03 1.18780884e+03 1.73975977e+03
 4.17739307e+03 6.27253723e+02 9.20675781e+03 4.92379199e+03
 1.54668066e+04 2.15615894e+03 1.10465430e+04 3.34120044e+03
 1.51998694e+03 1.82691772e+02 4.48172119e+03 6.81481079e+02
 2.65836731e+02 1.38399902e+02 4.44347656e+03 4.75635273e+04
 5.68630249e+02 1.24211426e+03 2.80969263e+03 1.10519081e+02
 2.58218140e+02 4.56369324e+01 2.16968945e+03 3.05551099e+03
 2.52924756e+03 3.38749902e+03 3.38268982e+02 1.61531082e+02
 1.75680188e+03 2.19322192e+03 2.06641941e+01 1.41019055e+03
 6.09471985e+02 2.63946228e+01 9.34722961e+02 1.72601836e+04
 7.17809387e+02 2.20980209e+02 1.02472974e+03 1.00128235e+02
 3.54856293e+02 1.18726768e+02 3.31184052e+02 9.16139069e+01
 3.28461266e+01 8.63601135e+02 2.61110168e+02 1.34265149e+03
 5.34388672e+02 6.60312012e+02 1.85840820e+03 6.94046448e+02
 1.21491199e+03 1.53317163e+03 3.76128564e+03 3.07783600e+02
 1.10693701e+03 2.25092798e+03 1.65037060e+01 1.79397207e+04
 3.39692169e+02 1.54784453e+04 1.02510168e+03 1.58098190e+02
 7.96461094e+04 3.23697632e+03 6.67871797e+04 1.02948994e+04
 2.36464355e+02 2.66732349e+03 1.53359253e+02 2.11161353e+03
 5.93905518e+02 1.35240723e+02 1.26692207e+04 1.35984021e+03
 9.71580234e+04 4.58486023e+02 1.27413647e+03 1.85364197e+03
 2.20388574e+03 3.71123138e+02 1.42332184e+02 1.41997383e+04
 3.39834442e+01 3.63314233e+03 6.27762024e+02 2.90457153e+02
 1.03616582e+04 8.05409851e+02 9.32056738e+03 5.89962939e+03
 4.73390039e+04 1.65158417e+02 3.66762299e+02 1.37594490e+01
 7.38021545e+02 1.07713982e+02 8.02389404e+02 3.61990991e+03
 3.90926422e+02 2.75743270e+00 1.09723303e+03 8.66875793e+02
 1.58235498e+03 4.04940338e+02 3.92183319e+02 6.46472717e+02
 1.99395767e+02 5.96131958e+02 2.75202563e+03 8.50012109e+03
 6.42859802e+01 7.82305469e+03 4.37096985e+02 3.91389380e+03
 7.86449854e+03 1.11267456e+02 2.77293188e+03 1.50752396e+02
 3.92438965e+03 1.47693916e+04 7.35155640e+02 4.13482330e+02
 1.10597969e+04 1.33733191e+03 3.11316626e+03 2.24287308e+02
 3.63032288e+02 3.42870337e+03 2.06269547e+02 7.39980234e+04
 9.96282654e+02 1.56337708e+02 6.92387891e+03 2.43397314e+03
 6.43932861e+02 7.99755920e+02 3.63080591e+03 2.62951318e+03
 2.96440372e+01 4.13570831e+02 8.91708069e+02 3.30679443e+02
 1.77717700e+03 1.96630005e+02 7.67863281e+02 1.01763922e+03
 1.10507361e+03 5.36686523e+03 1.00051602e+04 1.29228699e+03
 3.09392188e+03 6.15677429e+02 6.48583923e+02 2.68095879e+04
 1.74012817e+02 7.18944824e+02 2.08820312e+03 1.22393567e+03
 1.48300461e+02 2.36294022e+01 8.71816345e+02 1.79182053e+02
 1.25068169e+02 3.25282074e+02 3.18936493e+02 4.71994354e+02
 2.09013403e+03 2.90818604e+02 4.33517139e+03 2.82558807e+02
 5.24016895e+03 1.87318555e+04 3.21253784e+02 1.95325671e+03
 1.04189392e+03 3.18735107e+02 1.48307220e+02 1.94306458e+03
 1.77250156e+04 2.33906812e+03 1.59443477e+04 2.53032669e+02
 6.00239220e+01 6.76677628e+01 1.42770374e+03 1.94531406e+04
 1.95889084e+02 7.12770935e+02 8.74313782e+02 6.15870068e+03
 1.76558535e+04 3.56119458e+03 8.26717468e+02 3.38290195e+04
 9.42971191e+01 3.01031250e+02 6.35917206e+01 1.14101699e+04
 6.62898636e+01 1.36936508e+02 5.78482361e+02 1.47217361e+02]
4418.4775
162073.5
