[1.81309180e+04 1.06345386e+03 3.56091404e+00 5.34972314e+03
 1.00474561e+03 2.22387549e+03 3.95721924e+02 1.96960117e+04
 3.20342578e+04 7.95745972e+02 6.27971777e+03 1.56206250e+04
 2.37754883e+03 5.70477715e+01 4.21377490e+03 3.64657324e+03
 1.06510046e+03 1.81157678e+03 3.41880493e+03 2.35596992e+04
 5.26238098e+02 9.29739456e+01 3.72985875e+05 5.29920959e+02
 7.27918777e+01 9.65973125e+04 1.10214092e+04 3.11146576e+02
 1.14352307e+03 1.12893295e+02 1.42560410e+04 4.52005432e+02
 1.08105347e+03 5.18720055e+01 3.84189336e+04 2.62497955e+02
 2.84191162e+03 2.21818085e+02 5.19684961e+03 4.78381805e+02
 6.55787109e+04 1.20369543e+03 1.05324648e+04 1.86822668e+03
 9.07099902e+03 4.60924347e+02 2.46230981e+03 4.82496490e+01
 1.46682327e+02 1.96409844e+04 2.48815292e+02 1.75172165e+02
 6.46622543e+01 6.99192773e+03 6.35836124e+00 5.08495636e+01
 3.66786041e+02 3.14363745e+03 4.77090149e+02 1.36854407e+03
 9.97577637e+03 3.51515991e+03 2.38547058e+02 4.95425377e+01
 2.08134098e+01 6.19032861e+03 6.30315018e+01 1.25898430e+02
 4.92893494e+02 2.34987891e+03 8.27423553e+01 4.06628906e+03
 2.94032501e+02 4.01746289e+03 9.61587601e+01 5.57009766e+03
 2.37376114e+02 7.25890320e+02 7.64192505e+01 7.55248984e+04
 2.03710709e+02 6.89947052e+01 6.18165131e+01 2.77661316e+02
 4.84326233e+02 1.04358849e+02 1.44550522e+02 4.25631641e+03
 7.33590927e+01 4.91521393e+02 3.82908716e+03 4.08746680e+04
 5.54259949e+02 7.55082764e+03 6.58686621e+03 2.01430396e+03
 6.16561230e+03 2.48542627e+03 9.06507617e+03 6.43074265e+01
 3.93807648e+02 3.59496973e+03 8.25394470e+02 4.02085449e+02
 1.76185272e+02 1.59782092e+03 1.08582288e+03 1.26173149e+02
 6.03578873e+01 1.96459747e+02 2.01276331e+03 7.67058838e+03
 5.95722168e+02 2.91681183e+02 8.05107971e+02 3.19501758e+03
 6.33567696e+01 2.44104102e+04 1.09546558e+03 3.27322754e+02
 8.97017944e+02 1.45182715e+04 1.37284229e+03 4.18202930e+03
 5.67562683e+02 5.46839905e+02 1.18964729e+02 1.17579102e+02
 7.13953491e+02 1.39942535e+02 4.18335991e+01 1.25053003e+03
 1.49694321e+02 5.25153580e+01 2.70782043e+02 5.29674006e+00
 8.45230103e+02 3.27927399e+02 3.05585376e+03 5.42380371e+02
 1.61075668e+02 3.58388940e+03 1.06314297e+04 1.16628210e+03
 1.34897522e+03 3.67501343e+02 2.77733459e+01 6.17515967e+03
 5.74280334e+02 5.21365784e+02 1.09778154e+00 4.25762402e+03
 1.80040192e+02 1.05563759e+02 7.69395142e+02 1.72041248e+03
 6.87678766e+00 3.67292725e+03 3.69262218e+00 9.60409922e+04
 5.20055127e+03 1.51335724e+02 6.29772766e+02 1.51939545e+02
 8.79916699e+03 2.15756616e+03 4.43493347e+02 3.27214111e+02
 2.98708691e+03 2.68773999e+03 1.55011330e+01 1.68848450e+02
 1.10588721e+03 4.26888086e+03 7.96389465e+01 2.64870923e+03
 6.35811272e+01 2.36978348e+02 3.90342102e+01 3.99723535e+03
 9.46495789e+02 7.05066910e+01 1.17972508e+05 7.51241516e+02
 1.93037903e+03 4.11006104e+02 3.92254486e+02 5.64402771e+01
 3.00843262e+02 2.67173004e+02 2.76783667e+03 9.90816956e+02
 2.38216972e+01 5.31166115e+01 3.27443237e+03 2.75634122e+00
 1.16714783e+03 2.43956787e+03 4.45535812e+01 4.80738464e+02
 2.64073608e+02 6.53418274e+01 7.74674121e+03 8.62069473e+01
 4.15090078e+04 9.57255664e+03 5.65454903e+01 2.41209546e+03
 4.73106041e+01 7.60418091e+01 1.24349319e+02 3.79727325e+02
 1.45357498e+02 5.50062598e+03 1.11223770e+04 6.38470398e+02
 6.74749069e+01 4.66308441e+01 3.52012817e+02 9.34759617e+00
 1.04607058e+01 1.52508191e+03 1.05440643e+02 3.49071924e+03
 2.75933740e+03 4.87227106e+00 5.14581116e+02 1.14807480e+02
 1.25571266e+02 2.56063184e+03 7.06686157e+02 6.39215698e+02
 1.05824425e+02 3.97989471e+02 1.10567212e+03 7.51776611e+03
 2.04044226e+03 4.94905891e+01 1.57634778e+03 4.06831970e+01
 1.69425671e+03 8.05869568e+02 2.79021934e+04 3.83363525e+03
 4.24904594e+01 4.84663696e+02 4.09213623e+03 5.90577660e+01
 8.44495850e+02 4.99498711e+04 5.77062805e+02 9.01510864e+02
 1.76912866e+03 1.23676895e+02 1.55968979e+02 2.80106720e+02
 3.62866553e+03 5.10121807e-02 4.94468750e+02 6.68922913e+02
 1.54874658e+03 5.79817139e+02 3.77159814e+03 2.02183266e+01
 2.41892204e+01 1.14550774e+02 1.38355859e+03 1.51311005e+02
 1.25121216e+03 1.12728818e+04 6.28087854e+00 1.59021521e+03
 1.19527025e+01 2.24395081e+02 8.24494336e+03 3.28462433e+02
 3.88140472e+02 2.42612720e+03 3.54328638e+03 8.85366406e+04
 5.47212372e+01 5.04407812e+03 7.85536346e+01 5.21563673e+00
 5.07586243e+02 1.53826477e+02 1.05817666e+04 2.60404388e+02
 3.69282745e+02 8.77593460e+01 6.29738828e+04 3.93228088e+02
 4.74282715e+02 2.81626761e-01 7.96859375e+02 7.70202179e+01
 9.86431519e+02 1.14962393e+04 1.06324355e+04 1.60778198e+02
 1.24819849e+03 6.45290909e+01 1.37189221e+03 1.56397334e+04
 4.10933655e+02 1.61286312e+05 2.68184319e+01 1.66137188e+04
 1.66164551e+02 1.31328528e+03 1.00738182e+02 1.09893594e+04
 2.60993213e+03 2.24539380e+03 1.60767151e+02 9.94673691e+01
 4.04793119e+00 2.93439850e+02 3.54878418e+02 1.78409412e+03
 1.39365189e+02 3.47951874e+02 2.44015771e+03 6.69715042e+01
 2.02157971e+03 8.83205414e+01 2.93899180e+04 2.82781334e+01
 1.72804395e+03 5.02570526e+02 2.53892944e+02 6.43485779e+02
 7.88500793e+02 2.33613358e+02 1.52415390e+02 4.02912695e+04
 5.11325150e+01 2.54975617e-01 1.84610645e+03 6.53886719e+02
 9.45962341e+02 5.87987671e+02 1.63896088e+02 1.62604785e+04
 1.18736168e+02 3.65176636e+02 3.05966309e+02 4.11111450e+02
 2.16220215e+03 3.23393829e+02 1.20896064e+04 8.00772656e+03
 6.90034180e+01 4.25212451e+03 3.15087988e+03 4.27318817e+02
 1.38286533e+04 1.28238144e+02 4.15945996e+03 6.69281494e+02
 7.83489600e+03 2.07311641e+04 2.28809668e+04 2.21880150e+00
 5.49829922e+04 7.49001953e+04 1.56995239e+02 7.47662354e+00
 3.77687476e+03 8.97904907e+02 5.64207947e+02 7.77668652e+03
 1.64767516e+05 9.78532944e+01 3.82298682e+03 8.14692529e+03
 8.22727112e+02 4.40044531e+03 6.96468430e+01 1.75335046e+03
 1.72099941e+04 1.42446655e+03 9.41193906e+04 3.71806610e+02
 3.10048267e+03 6.25848145e+02 1.13882608e+01 5.37526512e+01
 8.23401733e+02 4.96563995e+02 3.89128906e+04 5.90866089e+02
 3.81559351e+03 2.16550552e+02 8.67628098e+01 9.08859192e+02
 1.27515091e+02 1.84539316e+04 1.96838226e+02 3.22127695e+04
 1.16344458e+03 1.35898727e+02 7.82391907e+02 6.99825439e+01
 2.79598950e+03 2.88529877e+02 6.56210995e+00 2.17231873e+02
 3.29338188e+05 1.85937842e+03 6.35122131e+02 1.71238123e+03
 1.19832069e+02 1.22261475e+03 1.72192500e+04 3.78138733e+02
 4.04640015e+02 2.34927871e+04 3.89735016e+02 3.61162781e+02
 6.40888037e+03 1.21673851e+02 1.19231201e+02 5.33512329e+02
 2.05380371e+03 1.63259506e+02 3.62549487e+03 3.09546112e+02
 7.56855762e+03 4.60400665e+02 3.65052954e+03 5.21785156e+02
 2.80031376e+01 5.66886055e+04 1.54100266e+02 8.56253113e+02
 5.70330696e+01 2.75517120e+02 4.62245166e+03 5.50227478e+02
 3.95200537e+03 2.77626617e+02 6.20096893e+01 7.28099426e+02
 1.03609558e+03 6.48640594e+01 8.30524673e+01 1.09970322e+04
 3.70295746e+02 2.26108765e+03 4.82323837e+01 7.15780029e+03
 2.08178596e+01 8.44258881e+01 1.00060501e+02 4.50366974e+01
 1.24625403e+03 5.10326019e+02 1.85680298e+03 7.00951691e+01
 2.75675751e+02 4.60679293e+00 4.26018295e+01 5.64072876e+02
 1.04548071e+03 4.59635925e+01 5.47171692e+02 7.31770802e+00
 9.59684448e+01 5.38522949e+03 3.04537231e+02 6.50821960e+02
 5.61273682e+02 6.17745422e+02 9.92427921e+00 1.92827759e+03
 2.23841965e+02 3.93153101e+03 6.21079346e+02 1.04915991e+03
 3.16354767e+02 2.26676978e+03 3.83646069e+03 4.40216034e+02
 1.18385217e+03 3.51105640e+03 6.79219543e+02 4.09590332e+03
 1.49739426e+02 1.86081333e+01 2.29693433e+03 1.74324573e+03
 8.84229279e+01 2.64864288e+02 1.42437103e+02 1.28026184e+03
 1.04755783e+02 2.99328184e+04 1.61850998e+02 1.93889877e+02
 6.81456757e+00 2.46813202e+02 1.55993042e+02 1.23579025e+02
 2.19860077e+02 1.28433386e+03 3.20639687e+01 1.72678711e+02
 1.48111511e+02 2.74957245e+02 5.36324921e+01 2.67204150e+03
 9.06312103e+01 1.99485156e+03 2.89072418e+02 1.46747461e+04
 1.59050439e+04 1.50074112e+02 2.52801651e+02 2.18108917e+02
 8.80195190e+02 6.40870508e+03 2.31671118e+03 5.67718697e+01
 4.11915436e+02 6.42014389e+01 6.78943604e+02 7.19731323e+02
 4.75335617e+01 3.45373138e+02 3.26192894e+01 2.13370422e+02
 1.34403052e+03 4.22546570e+02 8.72427292e+01 1.89665051e+03
 9.57611633e+02 5.32780884e+02 1.50623337e+02 3.07002173e+03
 3.63045996e+03 9.33901074e+03 1.04671227e+02 7.70583130e+02
 2.18314316e+02 5.84328365e+00 7.10288037e+03 9.57807236e+01
 3.33564056e+02 2.85616180e+02 3.83763428e+02 1.40121558e+03
 2.03085007e+02 3.68319189e+03 4.61296120e+01 1.28011707e+03
 2.30892944e+02 9.66434097e+01 2.52749176e+01 1.13104591e+02
 1.62981860e+03 1.16359529e+01 6.12707214e+02 4.97731055e+03
 5.21755142e+01 2.76562775e+02 5.56749573e+02 3.22659009e+03
 1.33016309e+03 2.70508087e+02 3.40340796e+03 8.86448746e+01
 4.10815381e+03 1.56466895e+03 1.29744629e+04 3.42041089e+03
 3.80041242e+00 1.36407593e+03 1.23427673e+03 4.21521225e+01
 5.73773281e+04 7.81782455e+01 2.11891602e+04 2.28199097e+02
 5.43220215e+03 6.55114307e+03 7.78662491e+01 3.76890594e+02
 2.66284119e+02 2.41361618e+02 8.39444275e+02 1.58815094e+02
 6.89349365e+02 1.88435883e+02 1.42429717e+04 2.46267700e+03
 7.49770508e+01 7.59190552e+02 4.38512360e+02 5.63321609e+01
 2.08362324e+04 8.76628296e+02 6.50395432e+01 3.34465027e+02
 1.20759346e+04 6.06138840e+01 2.78801453e+02 6.67423157e+02
 7.81850195e+03 4.06000275e+02 1.34760925e+02 3.36738586e+02
 9.64709930e+01 3.77420441e+02 4.78967224e+02 2.36073657e+03
 3.04635376e+03 3.10228203e+04 5.13890479e+03 4.77408234e+02
 8.38381805e+01 5.81150244e+03 4.81632385e+01 2.32592316e+01
 6.40939331e+01 3.90948059e+02 1.13837090e+02 8.46593994e+02
 3.98886993e+02 3.48508514e+02 1.29723267e+02 1.00821808e+02
 1.33239343e+03 4.73425690e+02 2.75194434e+03 7.57211151e+01
 1.94421768e+02 1.02835114e+02 1.21333992e+02 2.67246250e+04
 2.52429321e+02 2.77429565e+02 3.13074097e+02 1.95689026e+02
 2.11359906e+05 8.90503723e+02 3.53469092e+03 1.07378442e+03
 1.62929895e+03 5.52044373e+02 3.75675079e+02 2.39157608e+02
 4.12378967e+02 1.79946545e+03 4.09493347e+02 2.08851593e+02
 2.28538609e+00 8.14993286e+02 4.38862793e+02 9.59920807e+01
 2.75865845e+02 2.41289200e+02 7.65919556e+02 2.24256821e+01
 1.08971497e+02 2.48814282e+03 8.85398407e+01 1.14712425e+02
 1.49146765e+03 5.08199371e+02 3.57981992e+04 1.85508240e+03
 9.50508690e+00 9.71591919e+02 1.28476978e+03 1.86280371e+03
 5.21458359e+01 3.74229370e+02 1.61966582e+04 5.90261768e+03
 4.83266327e+02 4.43061066e+01 3.02444604e+03 1.89649597e+02
 9.55703979e+02 5.31838417e+01 4.82345009e+01 1.88397266e+03
 9.70502197e+02 1.05000867e+03 1.75705963e+02 1.84344434e+04
 3.93108459e+02 1.82964767e+02 1.87690773e+01 7.73022385e+01
 1.66492139e+03 2.98300304e+01 1.57195831e+02 5.31626282e+01
 4.72563416e+02 7.05112152e+01 5.06500893e+01 7.13509155e+02
 2.13381226e+03 3.75666443e+02 1.17341301e+02 1.55377258e+03
 2.97539734e+02 9.25184860e+01 1.82885098e+04 1.96963257e+02
 9.79487305e+03 1.30191162e+04 3.67214648e+03 9.93298633e+03
 1.02362769e+03 6.47784500e+01 2.09367752e+02 8.18050842e+01
 4.34641510e+02 1.03001282e+02 1.01114868e+02 1.48356903e+02
 1.29621017e+02 1.32806238e+03 6.33755469e+03 8.32800000e+03
 1.55364082e+04 3.49213452e+03 2.79150195e+03 1.13507149e+02
 1.62723221e+02 7.61111250e+04 6.06968604e+03 5.22672485e+02
 5.12944603e+01 7.82270630e+02 8.43784082e+03 5.66357715e+03
 2.34034058e+03 3.77807388e+01 3.33949402e+02 7.90645218e+01
 1.03106482e+03 9.66775818e+01 6.07192305e+04 1.22394849e+03
 5.01176872e+01 1.28934998e+02 2.42605469e+03 3.08965454e+03
 1.61970657e+02 2.43372284e+02 1.68602753e+02 8.49817047e+01
 1.43507828e+02 5.38967224e+02 2.25106958e+03 7.02570129e+02
 2.69073212e+02 6.43930588e+01 1.52700769e+03 6.50357849e+02
 6.24687683e+02 2.30572510e+01 2.97644019e+03 5.34298340e+03
 1.98544873e+03 7.94049683e+02 2.14361953e+04 4.62525781e+03
 4.56780957e+03 3.42344879e+02 1.47304413e+02 1.13547203e+02
 1.14320259e+02 3.48380890e+01 2.84133636e+02 1.09987297e+02
 3.38515289e+02 2.50836151e+02 1.11348848e+04 3.97641754e+02
 1.73537109e+03 1.45158818e+04 2.85999170e+03 8.15041122e+01
 3.17546582e+00 7.53063906e+04 2.74490051e+01 5.97355347e+02
 9.00925369e+01 6.46832214e+02 5.97089722e+02 3.27335999e+02
 3.56488495e+02 1.19998390e+02 5.90734131e+02 5.59167041e+03
 1.58037329e+03 1.33470926e+01 8.60731506e+02 1.54278442e+03
 9.39499512e+03 1.03374817e+03 3.93714209e+03 9.17809814e+02
 2.06632767e+01 8.96375293e+03 2.87955835e+03 1.50702500e+04
 6.70995026e+01 1.41467255e+02 4.57975049e+03 7.57093277e+01
 7.05922318e+01 2.18475388e+02 3.63351523e+04 2.18286133e+03
 3.83971362e+03 4.88179016e+01 1.22118494e+03 4.33776970e+01
 9.44474414e+03 1.31628992e+03 6.35803369e+03 3.86721250e+04
 1.03214767e+02 8.48193817e+01 4.05606641e+03 2.75501221e+02
 7.22826538e+02 4.83476067e+01 7.17004180e-01 3.10228610e+00
 1.87039209e+03 1.22657585e+02 5.40154736e+03 1.32946348e+01
 7.18653412e+01 5.14862122e+02 3.67845673e+02 2.42405586e+04
 2.38237801e+01 3.67218597e+02 1.60701062e+03 1.37525131e+02
 7.27471619e+01 2.11497025e+02 2.10972441e+04 4.93996582e+03
 3.74422681e+03 4.28274841e+02 8.40734863e+02 6.64338516e+04
 5.86640430e+03 7.76823125e+04 2.12472763e+02 7.52218857e+01
 3.31423413e+03 2.77248804e+03 5.78759033e+03 1.66888320e+04
 3.47252197e+01 1.56804028e+03 1.02594772e+02 5.02231689e+02
 1.06780054e+03 7.31301651e+01 3.24443848e+04 8.45612259e+01
 1.93370325e+03 6.58472717e+02 1.46312915e+03 3.92205597e+02
 3.41003442e+00 4.58870728e+02 1.42073288e+01 1.00763115e+02
 1.00742516e+02 1.07921313e+03 5.98092773e+02 2.33633484e+02
 2.14349731e+03 1.23716072e+02 3.88259570e+04 1.45708899e+03
 4.09117456e+03 2.18292435e+02 7.83855615e+03 7.83209610e+01
 9.40430984e+01 7.90184326e+01 1.07159332e+02 2.56185620e+03
 6.81588745e+01 8.52771149e+01 7.65097473e+02 6.59135803e+02
 8.05424683e+02 4.93447990e+01 6.83963547e+01 7.92316101e+02
 1.09735123e+02 1.53809473e+03 3.48810974e+02 4.92736035e+03
 2.02712036e+02 7.55279968e+02 8.17269714e+02 2.11178760e+03
 4.87457275e+03 1.92150726e+01 2.64333496e+02 2.66309351e+03
 5.74763574e+03 7.65928528e+02 7.46532440e+01 1.29665689e+01
 2.16616191e+04 1.81952881e+03 9.55257019e+02 6.49626589e+00
 2.35849743e+01 2.30246933e+02 1.60518436e+01 5.23224976e+02
 8.75621080e-01 2.90210693e+02 1.90507678e+03 4.39402649e+02
 2.23330734e+02 2.88376122e+01 8.13113220e+02 3.55206665e+02
 1.00623688e+03 2.06119873e+02 1.22041176e+02 3.19706757e+02
 7.12706604e+02 5.89342334e+03 3.55638618e+01 2.93302460e+02
 1.90660559e+03 1.22189978e+03 1.42703672e+04 4.41982544e+02
 4.63059357e+02 3.95046501e+01 1.10431201e+04 4.34351594e+05
 7.42216110e+01 2.01315479e+03 1.10162086e+02 5.53070586e+04
 4.96430603e+02 6.20833015e+01 1.07475403e+03 4.24875717e+01
 3.54729767e+02 1.06439827e+02 2.38802197e+03 2.01416284e+03
 1.89577591e+02 6.39378891e+01 9.05119858e+01 1.79796753e+03
 3.25698477e+04 1.20239001e+03 1.17514297e+02 3.48070825e+03
 4.22724268e+03 2.55695781e+04 9.63424911e+01 2.32512573e+03
 6.29340586e+04 3.34035614e+02 9.08487402e+03 3.25890732e+01
 4.34897217e+02 2.74135094e+01 4.91153778e+02 2.93536992e+04
 1.87617966e+02 6.89490771e+03 9.79979797e+02 8.08238428e+03
 1.58896064e+04 6.74179541e+03 4.53177551e+02 2.90753945e+04
 8.50660782e+01 1.47173645e+02 7.65807520e+03 7.00046814e+02
 3.89251740e+02 3.16712677e+02 4.94773712e+01 7.08672302e+02]
5838.143
434351.6
