[5.45270300e+06 8.39069248e+08 1.05822624e+09 1.13130022e+09
 6.29960038e+09 1.78186688e+09 7.29385984e+08 5.84629376e+08
 3.27721242e+09 1.28704461e+09 9.74080512e+08 9.94694400e+08
 8.76675379e+09 4.27210080e+08 7.48926720e+08 4.11601728e+08
 1.54208922e+09 1.18095411e+09 2.26867328e+09 7.42584883e+09
 3.65802470e+09 2.68574560e+08 2.28150919e+11 1.57151795e+09
 6.80108400e+07 2.05715436e+10 2.42109542e+10 2.75816986e+09
 9.29929728e+08 3.51557856e+08 1.56786150e+09 4.90544384e+08
 2.19030195e+09 3.56598945e+04 1.51685402e+09 3.68358240e+08
 9.87587072e+08 8.49959616e+08 1.42932122e+09 3.03798912e+08
 1.22080860e+10 5.36791296e+09 5.46714500e+05 7.98126976e+08
 1.28909222e+09 4.10362912e+08 1.07233830e+09 1.07344232e+08
 7.89143375e+05 2.06454387e+09 5.93863552e+08 2.30750112e+08
 6.15824720e+07 2.32835625e+10 2.16804064e+08 1.07771264e+08
 4.90734812e+05 1.10748221e+10 6.62947968e+08 1.58756736e+08
 1.06009619e+09 7.03770368e+08 1.22751488e+09 4.17449248e+08
 1.32784600e+08 2.04687225e+06 5.95690304e+08 6.70792192e+08
 7.50669440e+08 1.15805737e+10 5.58514880e+08 1.71677171e+09
 1.30935488e+08 1.34229453e+09 1.01000294e+09 5.38790272e+08
 3.65150719e+05 2.70204467e+09 1.64323504e+08 6.26000742e+09
 1.60173904e+08 6.22011938e+05 7.84308720e+07 2.99805952e+08
 6.89165120e+08 2.87863872e+08 2.91416128e+08 5.78468160e+08
 5.06904594e+05 1.25445619e+09 2.76173389e+09 1.77864868e+10
 1.11332000e+08 6.01524928e+08 5.01499904e+10 9.57390400e+08
 1.93278707e+09 4.83474240e+08 2.80806374e+09 2.54983232e+08
 4.91660032e+08 4.19406816e+08 9.78012672e+08 1.64706224e+08
 1.19276378e+09 4.18978304e+08 2.00925184e+08 1.03322502e+09
 1.22740122e+09 6.93862800e+07 2.53851760e+08 4.49536563e+09
 5.44191104e+08 3.16686240e+08 3.26547584e+09 2.01457906e+05
 2.23404156e+05 2.66054961e+04 1.36653594e+09 4.80460512e+08
 4.77660416e+09 1.37170227e+09 5.13740032e+09 1.76061420e+10
 2.84853197e+09 1.58144000e+08 1.17195464e+08 1.94819216e+08
 9.89331008e+08 1.84287776e+08 8.19581312e+08 5.92667392e+08
 3.88488156e+05 5.07168864e+08 1.53750950e+09 2.14355297e+05
 1.14470042e+09 1.52703104e+08 1.51159194e+09 1.16094975e+06
 2.15476736e+09 1.09981478e+09 5.09940685e+09 6.72474496e+08
 5.06651955e+09 2.60994160e+04 3.38875200e+08 4.57854150e+06
 1.17959373e+09 2.62755525e+06 1.32920248e+08 4.55925312e+08
 1.07354746e+09 7.83550912e+08 3.65318848e+08 3.94540704e+08
 8.34571840e+07 1.64792545e+10 5.72926912e+08 1.51774792e+10
 1.85866278e+09 6.91844416e+08 7.02367040e+07 1.37888176e+08
 9.16500160e+08 9.27084992e+08 2.80287520e+08 3.46615456e+08
 1.15060237e+09 7.84086656e+08 3.85978240e+08 1.77755635e+09
 1.52482675e+09 1.45609267e+09 1.01036365e+09 2.26813338e+09
 1.92332442e+09 6.41748352e+08 7.97719552e+08 1.99092285e+10
 2.39042355e+09 5.05058848e+08 1.30466460e+07 8.53483500e+05
 1.17836922e+05 2.00766464e+08 4.90915968e+08 4.03998784e+08
 1.57594854e+09 3.57665792e+08 1.96341299e+09 4.87731712e+08
 8.97689440e+07 1.17391501e+09 3.00271437e+09 4.09747104e+08
 2.82502707e+09 6.64243328e+08 1.22304608e+08 5.10700160e+08
 4.05145156e+05 8.37357568e+08 7.37283686e+09 2.02377312e+05
 1.45208044e+10 3.01087764e+10 1.63441088e+08 3.23709728e+08
 1.26442384e+08 8.04671680e+08 2.19520208e+08 9.25093888e+08
 1.88708272e+08 2.14898842e+09 6.81299072e+08 4.12826208e+08
 8.11360938e+05 2.25228922e+05 8.74904192e+08 2.42339680e+08
 5.10880576e+08 2.54378096e+08 6.93596736e+08 3.06788992e+09
 3.76314240e+08 1.25457818e+09 4.17327264e+08 1.07897816e+08
 1.31141952e+09 9.90244045e+09 2.24149568e+08 1.29099258e+05
 3.75573888e+08 1.06390362e+09 3.89305781e+05 8.38305216e+08
 1.34109402e+09 5.45548600e+07 2.26108192e+08 8.35033440e+07
 8.81766093e+09 5.02909344e+08 1.30830515e+09 3.07704688e+05
 8.04166016e+08 1.40430131e+09 1.11092800e+09 1.25046310e+09
 3.85991456e+08 2.60583096e+10 5.64684240e+07 3.69637120e+09
 5.79163392e+08 2.95061504e+08 7.78074880e+08 3.21071744e+08
 3.19312192e+08 4.39812480e+08 1.46019686e+09 2.09234736e+08
 8.75317375e+05 4.38348186e+09 4.34092390e+09 9.52472320e+07
 5.44194400e+07 7.45650048e+08 2.21645184e+08 1.12798725e+06
 3.29431825e+06 8.58837891e+04 1.62312281e+05 4.04076562e+05
 3.82665024e+08 2.25097776e+08 8.85129600e+08 3.72265000e+05
 1.99229706e+10 8.88843571e+09 6.69381188e+05 5.21969600e+06
 3.96177184e+08 2.09410450e+06 1.34352112e+08 1.05578323e+09
 4.71379760e+07 4.20318784e+08 2.21085466e+09 3.49394406e+09
 2.10272891e+05 3.79632031e+04 1.50532490e+07 4.92640256e+08
 7.56791616e+08 2.09473712e+08 2.27950750e+05 1.48974048e+08
 3.26532224e+08 3.01500211e+09 8.05153152e+08 1.02060117e+04
 1.79825600e+08 3.29943072e+08 4.45896243e+09 9.81085184e+09
 4.27549082e+09 4.11923480e+07 1.28356400e+08 2.36197530e+09
 7.66907904e+08 8.43570176e+08 3.13558048e+08 6.84516736e+08
 1.09852477e+10 8.11585152e+08 2.55119312e+05 4.80401824e+08
 5.09018944e+08 7.20273700e+06 3.94435168e+08 7.33773363e+09
 1.10363750e+09 2.45635891e+09 1.84209165e+09 2.50159386e+09
 3.26967142e+09 6.70522048e+08 2.99141714e+10 6.82767808e+08
 1.12853210e+09 4.21937792e+09 4.41592736e+08 9.89843600e+07
 9.58268000e+07 1.53832064e+08 2.82251936e+08 3.10437837e+09
 6.44918720e+08 1.23662528e+08 7.83409050e+09 8.80870898e+03
 1.06378688e+09 2.70544000e+09 8.54718592e+08 3.41420156e+05
 4.11623656e+05 2.98968384e+08 6.10522200e+07 2.32085453e+09
 9.45985126e+09 4.56881696e+08 5.38695219e+09 2.31499325e+10
 1.13628616e+08 2.94565274e+09 1.32064422e+09 4.72064544e+08
 5.46244147e+09 2.87591776e+08 3.20811156e+05 6.71814336e+08
 3.31541965e+09 1.27337459e+09 5.35073485e+09 7.87247872e+08
 2.71404006e+09 6.77071053e+09 4.03935062e+05 5.23622016e+08
 8.19339674e+09 1.18997525e+06 1.84405300e+06 9.12787840e+08
 2.78265320e+07 2.95942560e+08 2.12899188e+05 7.23425997e+09
 1.52696030e+07 6.29146432e+08 1.21639136e+08 6.96704512e+08
 4.27886618e+09 3.43920051e+09 2.56583885e+10 4.81106432e+08
 2.78177812e+05 3.09421363e+09 9.54185984e+08 2.65875792e+08
 3.74233728e+09 1.65640269e+09 1.29654625e+06 3.47496832e+08
 1.41659792e+08 3.64527136e+08 1.37229104e+08 9.76193280e+08
 7.48613568e+08 1.49705625e+06 1.24137254e+09 3.14162970e+09
 6.37796080e+07 2.07067533e+09 8.83589840e+07 4.05694848e+08
 7.29684672e+08 3.70831808e+08 9.01966720e+07 1.37644211e+09
 2.19133215e+11 4.33051520e+08 2.01475840e+08 1.44582413e+09
 6.35786368e+08 2.10496000e+08 9.83675802e+09 4.53011302e+09
 5.00812608e+08 9.08080128e+08 2.23920461e+09 4.58157984e+08
 3.50286566e+09 8.85659297e+04 8.77264448e+08 1.28648589e+09
 8.45938625e+05 1.05454867e+09 2.62944282e+09 6.34912440e+07
 5.30489293e+09 1.67887232e+09 6.86277952e+08 1.00848512e+09
 1.01691782e+09 4.17975910e+09 9.33185728e+08 3.85555969e+05
 4.83386880e+08 2.51214688e+08 8.85450304e+08 6.08120500e+05
 1.71441907e+09 9.04628288e+08 4.41317088e+08 7.27118848e+08
 8.38518528e+08 6.97242400e+07 1.41269936e+08 7.15993984e+08
 7.18716328e+04 6.15623812e+05 8.82078080e+07 5.51207800e+07
 1.09344504e+08 2.55009175e+06 1.00343866e+09 6.03087808e+08
 8.80127680e+07 4.72622816e+08 7.92730214e+09 2.63980281e+05
 2.77143168e+08 1.39380416e+08 5.84184320e+08 2.90467296e+08
 1.27526298e+09 1.12695864e+08 2.78740448e+08 1.65445712e+08
 1.98617344e+08 5.74803046e+09 2.05512730e+09 4.91891456e+08
 2.40893104e+08 5.18321568e+08 7.11608480e+07 2.07869088e+06
 4.32992736e+08 7.04552500e+05 5.25484928e+08 1.70979792e+08
 1.35684992e+09 3.01126176e+08 8.76069760e+08 1.45397969e+05
 3.47454592e+08 1.15714394e+09 6.00756032e+08 3.18702797e+09
 1.65978816e+08 7.60369219e+04 2.35465422e+05 6.04597500e+05
 1.68698032e+08 4.83807531e+05 2.81526144e+09 5.40164160e+07
 2.09838128e+08 3.05273114e+09 2.53897392e+08 1.99980976e+08
 8.96719120e+07 3.68923104e+08 5.46401536e+08 6.47946496e+08
 7.06114000e+07 1.30348454e+09 5.61155160e+07 2.01711000e+06
 1.11920026e+09 2.30478562e+05 4.25732768e+08 4.14084672e+08
 7.86736704e+08 9.13696128e+08 2.16627994e+09 2.10177690e+09
 2.92654525e+06 7.95112896e+08 9.07176768e+08 2.73565856e+08
 1.43969088e+08 6.39569459e+09 5.87463812e+05 2.80323648e+08
 1.25438566e+09 5.40475480e+07 1.53914288e+08 3.36518605e+09
 8.01383680e+08 1.10202544e+08 8.02427440e+07 9.98504560e+07
 1.35394704e+08 3.83610562e+05 3.74835872e+08 3.32952617e+04
 9.67069632e+08 6.77073472e+08 8.91026944e+08 2.42742400e+09
 6.91466560e+08 3.92248156e+10 1.38404096e+08 8.27410112e+08
 7.74111840e+07 1.91877440e+08 1.58749325e+09 3.07270528e+08
 7.09913037e+09 4.73935712e+08 3.04631104e+08 1.88695047e+05
 2.39944141e+05 2.42272179e+09 1.24047867e+05 3.93432090e+09
 1.54628288e+09 7.54131456e+08 4.13916832e+08 1.09210483e+09
 2.15544200e+06 1.44496051e+09 6.51113750e+05 4.36849824e+08
 3.55307008e+08 9.31292992e+08 6.97591328e+04 1.30419169e+10
 5.64478208e+08 3.62474208e+08 2.12776256e+08 2.52888032e+08
 2.90474445e+09 1.87873434e+09 7.05169728e+08 3.18235494e+09
 1.28563456e+08 2.67663104e+08 6.25591706e+09 5.88522720e+07
 2.18501550e+10 4.63564000e+08 2.68103552e+09 4.91468192e+08
 3.10776499e+09 2.52793795e+10 1.27083352e+08 1.34495616e+09
 2.79209376e+08 1.03281300e+06 1.20943425e+06 1.38851392e+09
 1.96004531e+09 3.92888064e+08 5.92447181e+09 5.52424000e+08
 5.91114304e+08 1.39924720e+08 9.72921792e+08 4.12101280e+08
 2.03645604e+10 1.30646464e+09 3.65365472e+08 1.79374016e+05
 1.69787674e+09 5.38645248e+08 2.95730208e+08 2.06958864e+08
 3.30833843e+09 4.25008448e+08 1.59287968e+08 1.02244608e+09
 7.43225216e+08 2.84749389e+09 7.60877266e+04 1.59887642e+09
 4.20843100e+06 5.81633229e+09 6.67564288e+09 5.65827456e+08
 1.02476584e+08 7.07009856e+08 3.81016836e+04 3.54259200e+08
 1.72281805e+09 1.14787994e+09 6.18963456e+08 4.03242272e+08
 1.18913688e+06 1.85355686e+09 4.85706848e+08 1.12772952e+08
 1.80275674e+09 2.13451443e+09 7.78733760e+08 7.77306176e+08
 3.50023008e+08 3.61593504e+08 9.83457250e+05 1.42525125e+06
 2.96506208e+08 2.94246246e+09 4.71963776e+08 7.67927424e+08
 3.64934717e+10 7.31692928e+08 1.91736922e+09 5.01570765e+09
 5.18569824e+08 6.63872448e+08 4.68138624e+08 2.19576400e+08
 5.04744608e+08 4.84294961e+04 4.08511008e+08 1.09538672e+05
 1.09838502e+09 6.12378938e+05 4.57683392e+08 9.03178160e+07
 1.16216768e+09 5.36910350e+06 2.86936064e+09 7.12977792e+08
 9.13158848e+08 2.63627104e+08 2.40923172e+05 1.68748016e+08
 9.78073728e+08 9.51649894e+09 5.72928666e+09 3.11726272e+08
 3.65108656e+05 3.60530074e+09 7.75580544e+08 7.01118003e+09
 6.70222720e+08 1.66852960e+08 2.03954534e+09 1.25176588e+06
 5.93981184e+08 5.48280832e+08 2.43857520e+08 8.04739904e+08
 1.46396588e+06 5.24709472e+08 4.99014272e+08 3.35717990e+09
 6.25476096e+08 1.67054638e+06 1.86339504e+08 3.08036352e+09
 9.54306812e+05 2.38345498e+09 4.27794912e+08 1.39165984e+08
 5.11577446e+09 1.53443200e+08 2.31426800e+08 1.61088800e+08
 1.20254856e+08 2.61077376e+08 3.53420128e+08 9.44783828e+04
 1.76631136e+08 3.38623360e+08 1.09733864e+08 2.35854938e+05
 1.76696922e+09 3.49894496e+08 1.19983142e+09 2.75505088e+08
 2.29834342e+09 6.68266547e+09 5.58885632e+08 1.41426278e+10
 4.70765773e+09 1.21504867e+05 1.90172272e+08 9.62909376e+08
 2.60505754e+09 1.53042768e+08 1.82617779e+09 1.11659827e+10
 9.95332656e+04 2.40696368e+08 3.63109811e+09 4.97359667e+09
 1.27212513e+10 4.04289216e+08 1.55609101e+09 1.02581107e+09
 5.80613312e+08 4.32584755e+09 5.12264090e+09 2.75532672e+08
 8.03991680e+07 4.34979040e+08 3.37398963e+09 1.26094118e+09
 2.11545216e+09 1.08271789e+05 7.59080500e+05 4.79428960e+08
 2.13609434e+09 8.02215104e+08 2.51444400e+07 2.65255552e+09
 6.64208064e+08 1.32869840e+08 1.06193715e+10 3.84312781e+05
 1.19273613e+09 3.86350624e+08 5.73185152e+08 1.37108304e+08
 2.43366080e+08 9.16514304e+08 2.56816026e+09 2.77491904e+08
 3.14053914e+09 5.43172920e+07 7.37287104e+08 2.45536200e+06
 6.39301248e+08 2.69398432e+08 1.46495040e+09 3.57834816e+08
 1.04487379e+09 2.95815706e+09 8.63202000e+05 6.40344062e+05
 4.06804915e+09 1.11898862e+06 4.21786272e+08 1.26555781e+05
 2.87795648e+08 1.77905952e+08 3.10296192e+08 2.83237856e+08
 7.06369024e+08 1.35398950e+09 1.05586625e+06 4.98037696e+08
 6.99996096e+08 1.97807512e+06 1.21791775e+10 9.74772400e+07
 2.52258496e+08 8.14470042e+09 7.01446976e+08 2.55683917e+09
 6.26270464e+08 7.61174528e+08 2.16986214e+09 2.43884320e+08
 1.11021645e+09 2.09562312e+05 1.18108134e+09 7.57607782e+09
 1.73029466e+09 5.90682891e+04 4.60092262e+09 1.49572813e+09
 5.30493728e+08 4.75958112e+08 4.65142323e+09 5.48445696e+08
 1.36371808e+08 1.47008819e+09 7.96093632e+08 1.97174477e+10
 7.80751002e+09 9.02298176e+08 5.21104096e+08 1.07736944e+08
 1.53072528e+08 2.19351472e+08 1.48792740e+10 1.17390340e+07
 1.10151325e+06 1.53502080e+08 9.61026188e+05 1.27671592e+04
 6.03911424e+09 1.79353125e+06 2.38534048e+08 5.62778522e+09
 1.03920768e+09 6.45226816e+08 8.97982784e+08 1.01832480e+09
 7.81541440e+08 9.31370048e+08 5.61407808e+08 6.61631480e+07
 1.64174618e+09 3.70836448e+08 1.00790662e+09 4.09805781e+04
 1.36083920e+08 1.49608794e+09 1.76522400e+08 2.12389642e+10
 5.43912188e+05 1.17842128e+08 1.44095206e+09 2.70753312e+08
 8.17125696e+08 3.14632800e+08 4.43739802e+09 4.14100832e+08
 3.08114848e+08 1.76613837e+09 4.09455872e+09 4.67655885e+09
 5.62876416e+08 1.67610900e+06 1.77784730e+09 5.37153024e+08
 5.65575014e+09 6.17372864e+08 7.31741235e+09 1.04856930e+05
 1.35026304e+08 1.95705869e+09 5.87709560e+07 5.71966720e+08
 4.23935923e+09 7.17162560e+08 7.56342477e+09 2.21227264e+08
 3.99257754e+09 1.44762448e+08 1.11036032e+09 2.18331280e+08
 1.73051840e+08 1.18811418e+09 4.23929248e+08 2.26605389e+09
 5.58527488e+08 1.79980621e+09 2.08583456e+08 1.41010650e+09
 6.76487936e+09 1.20978296e+08 2.50852045e+10 1.34068902e+09
 3.68154337e+10 4.10002422e+04 1.41370035e+09 5.37498240e+08
 4.20950720e+08 1.45352096e+08 2.10381456e+08 3.09092992e+08
 8.99807520e+07 2.04799504e+08 1.80318675e+06 4.15026406e+09
 1.01619569e+06 8.36084400e+07 1.10122752e+08 1.28689752e+08
 1.13918488e+06 6.32574976e+08 2.98610176e+08 6.22770312e+05
 1.14561960e+08 3.28139802e+09 1.79242352e+08 1.49555686e+09
 9.49926080e+08 1.92184736e+08 7.90742272e+08 1.89666227e+09
 1.75052301e+09 6.50094592e+08 6.15190656e+08 4.25299040e+08
 9.41225472e+08 2.11147424e+08 3.91287757e+09 1.96146880e+08
 3.19663040e+08 3.96298829e+09 1.22031864e+08 4.54684918e+10
 1.98923296e+08 2.71158944e+08 2.93010592e+08 3.90081152e+08
 8.58696128e+08 9.04769360e+07 1.91100723e+04 2.39379536e+08
 1.27776104e+08 6.52048640e+08 1.12760808e+08 1.90105392e+08
 3.80047206e+09 8.60360320e+08 4.11186688e+08 3.91037536e+08
 7.52632576e+08 2.30423245e+09 3.14081459e+09 1.27856819e+09
 7.25249856e+08 2.07491280e+08 3.82168038e+09 2.58369405e+11
 5.23896160e+08 9.22826688e+08 1.30513256e+08 1.51716938e+06
 1.00618280e+08 1.21819059e+09 3.52157100e+06 1.00828623e+04
 3.60646094e+05 8.62342656e+08 1.44476979e+09 1.94384064e+09
 1.54004301e+09 3.10832768e+08 9.58446656e+08 4.65928768e+08
 2.66087501e+09 4.24894950e+09 2.31914368e+08 3.24294592e+08
 5.76578432e+08 3.67047840e+08 8.04369536e+08 2.86669504e+08
 5.78811085e+10 2.46907104e+08 8.81366720e+08 1.27810352e+08
 6.67539938e+05 6.67496360e+07 5.38944704e+08 3.59717640e+07
 1.31534003e+09 1.07603558e+09 3.55328448e+08 2.61027661e+09
 9.98675904e+08 2.94014157e+09 3.20500992e+08 5.92768000e+06
 3.70583936e+08 1.98502531e+05 1.32549542e+09 2.64440925e+06
 3.80623808e+08 1.73749616e+08 8.86092720e+07 4.94059968e+08]
2647832000.0
258369400000.0
