[9.53298926e+03 2.86852448e+02 2.17985275e+02 2.05662744e+03
 5.49146851e+02 1.89392322e+03 5.21898232e+01 6.96034668e+03
 8.05297998e+03 1.18802209e+03 1.37172583e+03 9.68104797e+02
 5.75579199e+03 1.11703381e+03 8.30329514e+01 3.75922318e+01
 9.05483105e+03 8.61862671e+02 2.02556875e+04 2.72099097e+03
 3.01326733e+03 4.17509766e+01 1.04542633e+05 5.68622620e+02
 5.84378433e+01 9.19747363e+03 6.07520605e+03 2.39537939e+03
 6.00478088e+02 1.70173378e+01 1.23948340e+03 8.78507812e+02
 1.77807983e+02 4.30079395e+03 5.28017773e+03 1.37741013e+01
 2.67138336e+02 6.25839691e+01 1.93750717e+02 2.33992035e+02
 1.97676575e+02 2.95765039e+03 8.53702164e+01 3.98737030e+02
 2.78770325e+02 4.07854858e+02 9.19666687e+02 1.66399084e+03
 5.94752197e+02 6.45643311e+03 2.84597778e+03 3.74639941e+03
 1.43939606e+02 5.74868408e+03 8.55016785e+02 1.60264111e+03
 1.86327850e+02 8.80484668e+03 2.35108047e+02 2.47319687e+02
 1.74452686e+03 1.23549463e+03 3.47296802e+03 3.12303772e+02
 9.74157639e+01 2.40890942e+01 1.78095337e+02 1.52405136e+02
 1.63332047e+02 2.69894653e+02 4.55105682e+02 1.76514511e+02
 1.00518829e+02 1.12230237e+03 1.49347034e+03 3.21404938e+02
 5.22343848e+03 1.44626465e+03 1.78871201e+02 1.78133719e+05
 2.43707733e+01 5.45292969e+02 1.74929562e+01 8.44266281e+01
 1.24545700e+02 1.68757584e+02 2.18828223e+03 2.12034897e+02
 3.96686987e+03 5.72589798e+01 4.49669531e+03 1.26665928e+04
 3.32219048e+01 3.63301239e+02 2.45845500e+05 4.22133423e+02
 1.04369919e+02 4.28383209e+02 2.22869171e+02 4.15387764e+01
 1.11807739e+03 7.18590637e+02 2.12098129e+02 3.99390182e+01
 3.87797585e+01 7.23090172e+00 5.59282166e+02 2.16015076e+02
 3.10438232e+02 7.03622293e+00 1.72103745e+02 2.03094678e+03
 2.36374487e+03 3.16029419e+03 8.90018457e+03 5.82340584e+01
 2.46757107e+01 8.94157837e+02 7.25207596e+01 3.85123177e+01
 1.00392444e+03 3.14768280e+02 5.60034058e+02 1.60359833e+02
 4.94067993e+02 1.18138313e+02 3.72711449e+01 1.43798508e+02
 3.13143372e+02 1.91217670e+01 1.59707797e+00 3.75717224e+02
 1.06014783e+03 2.52542554e+03 5.38905371e+03 3.44942055e+01
 2.55547943e+02 9.70026733e+02 6.75387061e+03 7.46337891e+02
 5.64541602e+03 4.19157520e+03 1.47829932e+03 1.66354639e+03
 1.85561966e+02 4.64225082e+01 2.34116501e+02 5.57639221e+02
 1.46581104e+04 3.71083405e+02 4.60100372e+02 1.00221869e+03
 9.60373718e+02 5.19213672e+03 1.88813708e+03 2.55603828e+01
 5.84891296e+02 7.24008118e+02 1.44209045e+02 4.91093701e+03
 4.82585052e+02 5.06051216e+01 3.91723976e+01 4.05618286e+01
 3.49235352e+03 1.76431675e+01 2.53376123e+03 5.06134872e+01
 3.31499854e+03 1.43436035e+03 8.02584457e+01 1.99870682e+02
 3.49328796e+02 6.10594116e+02 4.41064307e+03 3.76872375e+02
 7.43407898e+01 1.51786057e+02 2.04621658e+02 1.07360352e+04
 3.53400488e+03 8.65076733e+00 4.43585430e+04 6.67318213e+03
 1.60412018e+02 1.36559738e+02 3.92443207e+02 5.42901489e+02
 4.46539276e+02 1.97303772e+03 6.38770508e+03 2.10872314e+02
 8.26977234e+02 7.02976685e+02 5.60799707e+03 4.44781952e+02
 5.46997681e+01 5.85206970e+02 5.45595512e+01 2.62601379e+02
 5.04896545e+01 2.25864160e+03 4.82058057e+03 1.07296021e+02
 4.39982656e+04 1.28372119e+03 1.31267960e+02 2.21031906e+02
 2.21532898e+01 4.26081161e+01 2.73019135e+02 1.31696277e+03
 1.50887183e+03 4.04898590e+02 1.65225562e+03 2.39417822e+03
 9.16239929e+02 4.77817917e+01 4.22054596e+02 2.20601395e+02
 1.21010902e+02 5.71704826e+01 1.36778244e+02 1.47671033e+03
 2.04660797e+01 1.01098492e+03 4.47207825e+02 5.77508278e+01
 1.60751907e+02 3.61367358e+03 2.62047699e+02 4.02160095e+02
 1.54307812e+03 1.28927567e+02 1.14718102e+02 2.36149146e+03
 5.05338867e+02 1.37654129e+02 1.38295853e+02 9.41034927e+01
 2.50063354e+03 1.88593774e+03 7.14590759e+02 1.23180994e+03
 4.21709564e+02 3.04438599e+02 2.90348694e+02 4.25009277e+02
 1.96093964e+02 2.25925293e+04 1.53254074e+02 5.51560974e+02
 3.91550941e+01 1.58440210e+03 1.74784966e+01 2.96904175e+02
 7.60968872e+02 6.89618835e+01 1.49360214e+02 1.36914505e+02
 2.10638516e+04 4.71282959e+02 5.65929414e+04 1.31873444e+02
 4.96184265e+02 9.57808838e+01 3.17595264e+03 2.05882111e+02
 7.54747498e+02 5.16036194e+02 5.71266079e+00 4.75617461e+04
 7.71520157e+01 2.40415924e+02 1.51925064e+02 3.95159363e+02
 1.79682129e+03 9.78993530e+02 2.23744971e+03 2.21633203e+03
 2.66293365e+02 7.66195435e+02 5.36224556e+01 7.88084839e+02
 8.80872879e+01 5.11898315e+02 4.30498648e+00 2.89961792e+02
 3.31415138e+01 1.23609558e+02 1.16351758e+05 3.18787785e+01
 8.95407422e+03 9.85172844e+00 9.70585556e+01 2.79608154e+02
 5.41377106e+01 3.76155981e+03 7.15781311e+02 8.81338882e+01
 4.32649536e+01 9.92080688e+01 1.00515327e+02 7.75911682e+02
 2.99599030e+02 9.67855664e+03 1.50798981e+02 1.44949424e+04
 1.29872513e+02 4.48218651e+01 8.64525299e+01 1.14523407e+02
 7.80431934e+03 1.82646751e+01 6.00807991e+01 9.26326904e+02
 1.12869202e+02 1.28934707e+04 2.79430469e+03 9.05296973e+03
 1.78166351e+02 7.78295715e+02 1.54244165e+03 9.95726758e+03
 6.99852393e+03 9.41996841e+01 8.28054141e+04 2.31026573e+01
 1.33091201e+04 6.79815137e+03 1.68542041e+03 5.50642090e+02
 8.09053421e+01 1.71756916e+01 3.15507832e+01 3.53488251e+02
 7.68508484e+02 2.96538483e+02 8.61960742e+03 5.11663132e+01
 8.05535522e+02 2.20091968e+03 1.42150620e+02 3.57184601e+02
 3.67309036e+01 2.15508232e+01 1.41748840e+02 1.48797522e+03
 4.45834534e+02 2.63310181e+03 1.19949562e+02 2.43916235e+03
 1.60126233e+03 5.20025757e+02 2.48076147e+03 1.58190405e+03
 6.09690399e+01 1.01622241e+03 9.04621643e+02 2.12651917e+02
 1.40940613e+02 8.41808594e+02 1.31635254e+04 1.44250168e+02
 1.10457754e+04 2.19787402e+04 1.25626183e+02 6.52912674e+01
 6.97966895e+03 2.95358215e+02 1.23614639e+02 7.93766022e+01
 3.71656274e+03 3.29131126e+01 4.43199561e+03 7.32457520e+02
 1.43591453e+05 2.31927124e+03 5.20808830e+01 3.23586914e+02
 2.05856075e+01 1.19036224e+02 2.99067578e+03 1.05479712e+03
 1.68629663e+03 3.99779443e+03 4.34508057e+02 6.18180847e+02
 1.34198962e+03 2.06510880e+02 5.46308167e+02 2.48933125e+01
 3.67108498e+01 3.86458588e+02 2.11840763e+01 8.73901074e+03
 2.99671631e+03 5.42303477e+04 4.25011963e+03 1.10328308e+03
 2.27834759e+01 5.71187500e+02 6.84201889e+01 3.51071167e+01
 1.17913037e+03 3.13392853e+02 7.99893494e+02 1.38604639e+03
 2.10067594e+05 8.16550098e+03 7.43014893e+02 5.79479553e+02
 1.47414541e+04 1.76973953e+01 1.52189819e+02 4.09232568e+03
 2.57608246e+02 1.98841553e+03 1.37665918e+04 2.69053619e+02
 9.35895508e+02 3.01039233e+03 3.73142731e+02 7.25902148e+03
 2.88647099e+01 1.41154333e+03 6.48383838e+03 3.65712677e+02
 9.41296094e+03 2.42816963e+01 4.24149361e+01 3.02145325e+02
 3.62000183e+02 1.03677844e+03 3.66368439e+02 1.29630356e+02
 8.52296753e+01 1.06282446e+03 4.91603165e+01 2.89395355e+02
 2.32839203e+02 2.08931982e+03 7.56671429e+00 9.47482422e+03
 2.31004196e+02 2.91277802e+02 2.75939980e+01 6.15229431e+02
 3.04844629e+03 1.11906921e+03 6.49303760e+03 3.86485376e+03
 3.25399933e+01 1.71670239e+03 2.28328857e+03 9.21156158e+01
 7.10354209e-01 1.49920135e+02 2.59223828e+03 1.86463623e+02
 1.38310715e+02 5.61327148e+02 1.03621204e+03 1.04410492e+02
 3.80438452e+03 4.90009689e+01 1.10975533e+02 4.15777496e+02
 8.58359619e+02 6.76647812e+04 9.97444305e+01 4.02551636e+03
 1.21813927e+01 1.40328259e+03 1.32358032e+02 1.09426836e+04
 2.18020950e+02 2.35674057e+02 1.21633435e+03 8.05080795e+01
 1.28876575e+03 7.07927429e+02 4.69088478e+01 2.46114319e+02
 9.97218689e+02 6.10653223e+03 2.03755966e+02 5.21380806e+01
 3.70465431e+01 1.39363052e+02 5.44437256e+01 8.69830750e+02
 1.49332077e+02 1.20824316e+03 3.46502106e+02 7.72577148e+02
 1.72217579e+01 2.13710498e+03 3.79110205e+03 1.45058002e+01
 3.79848137e+01 1.44926254e+02 4.74501457e+01 1.92917679e+02
 1.20580053e+01 1.38876438e+01 1.17310867e+02 3.55647070e+03
 6.63770654e+03 8.41486931e-01 1.02213608e+02 1.97407211e+02
 9.45737915e+01 1.41966047e+01 1.86893509e+02 4.48984741e+02
 8.35779590e+03 1.30857574e+02 1.65597009e+03 2.41838875e+01
 2.54220068e+03 2.17539136e+03 2.76312195e+02 8.48320862e+02
 1.59555862e+02 1.36032629e+01 1.38148880e+02 8.20819824e+03
 6.68756561e+01 2.03775024e+02 2.48418182e+02 7.10948944e+01
 1.92243738e+03 1.01568768e+03 1.11486137e+02 2.74497650e+02
 9.03963989e+02 2.23972852e+03 2.68869385e+03 1.37378708e+02
 3.41455383e+02 5.89458594e+03 6.32865486e+01 4.75254761e+02
 4.42340393e+01 7.17822495e+01 2.23957611e+02 1.00930702e+02
 6.68936890e+02 2.08926056e+02 1.19677124e+03 3.97178955e+01
 1.34961084e+03 9.29742188e+02 1.12830994e+02 8.45173401e+02
 3.39848671e+01 5.32051353e+01 3.91542816e+02 9.82250122e+02
 3.44081787e+02 1.04783562e+02 4.88177910e+01 4.31901123e+03
 3.50189667e+02 1.79786148e+02 2.71650665e+02 4.39329980e+03
 3.74428864e+02 9.70155945e+01 4.72273730e+03 5.12326123e+03
 3.69270630e+02 3.10990429e+01 5.27564160e+03 2.84272656e+03
 1.06678992e+03 8.33443298e+02 1.14202441e+04 2.67122555e+01
 2.66624121e+03 8.66838760e+01 2.89901929e+03 6.07483252e+03
 7.25971222e+01 1.51831201e+04 6.40235413e+02 1.83157669e+02
 1.99248206e+03 3.31640015e+03 9.65464630e+01 1.03317825e+02
 2.43949768e+02 1.09986992e+02 1.19835327e+03 2.56650909e+02
 7.61106934e+02 6.51609344e+01 4.57644165e+02 2.88539391e+01
 4.32641754e+01 8.81121521e+02 6.15514870e+01 3.83439026e+01
 6.87497498e+02 3.84424477e+01 5.47271729e+02 1.39569458e+02
 5.54049988e+02 3.09607513e+02 1.11566277e+02 8.33756470e+02
 8.23397070e+03 9.35565125e+02 1.11740196e+02 5.92922852e+03
 3.92084253e+03 1.13597490e+04 1.15532190e+03 4.33068164e+03
 8.83080673e+01 2.62137354e+03 4.65268173e+01 4.63072777e+01
 4.19247266e+03 5.40079297e+03 1.15690400e+04 1.57950554e+01
 4.57475879e+03 1.07209404e+02 6.67090530e+01 1.23665199e+01
 3.39047510e+03 4.38492371e+02 7.01950912e+01 3.83677032e+02
 7.57059998e+02 1.07649429e+02 2.92349701e+02 1.07593213e+04
 3.51401221e+03 2.94540558e+02 2.02246475e+01 1.43359024e+02
 8.62074902e+03 6.09801270e+02 5.88512085e+02 4.12892871e+03
 4.97668571e+01 7.56852356e+02 1.32032516e+02 3.60780566e+03
 1.59141357e+03 6.40069641e+02 3.01366235e+03 1.37200464e+03
 2.60291602e+03 5.83031425e+01 2.18838409e+02 1.46178024e+02
 4.64397003e+02 2.73250332e+04 3.70583679e+02 1.51195020e+03
 3.00752167e+02 4.68944817e+01 6.56190872e+01 7.01001205e+01
 3.94750952e+03 1.33783127e+02 2.22940293e+04 8.98342102e+02
 1.18487213e+02 3.69662695e+03 1.11782906e+02 2.93502350e+02
 9.06352921e+01 1.29759186e+02 9.70953979e+01 5.05449902e+03
 2.17660843e+02 4.29308044e+02 3.04114361e+01 9.57739487e+01
 9.31422348e+01 8.28619080e+01 2.54687305e+03 1.83197464e+02
 6.63779541e+02 1.46687286e+02 1.05248575e+01 4.92564278e+01
 2.04499893e+02 1.00107562e+03 1.77234253e+03 1.48124268e+03
 1.01251523e+04 1.85061218e+03 4.67687042e+02 7.85825119e+01
 4.68414993e+01 2.32119604e+03 5.20464439e+01 1.51804047e+02
 1.51431351e+02 1.56484680e+02 1.72679626e+02 2.78413745e+03
 8.89131958e+02 4.38799210e+01 1.20868379e+04 5.49637680e+01
 1.34736542e+02 6.94923523e+02 1.46004321e+03 1.25319727e+03
 2.59195723e+04 1.22304947e+02 3.11441864e+02 4.30686378e+01
 1.38997635e+02 1.00979061e+01 1.09769397e+03 1.18667102e+03
 6.42408371e+01 1.69638965e+03 3.12381665e+03 2.77590674e+03
 5.59978174e+03 4.39611145e+02 3.98764069e+02 3.83983192e+01
 6.56475296e+01 1.15145146e+04 2.07715012e+02 8.42568054e+01
 6.16041412e+01 3.91780624e+01 2.88924255e+02 4.52130432e+02
 1.72468347e+03 1.16839038e+03 3.04151917e+02 3.33208084e+01
 4.75928223e+03 5.36958679e+02 3.29629531e+04 5.29708130e+02
 2.25718155e+02 7.35588150e+01 6.79205322e+02 6.21403381e+02
 8.68414307e+00 1.94520044e+03 1.31199356e+02 4.03013649e+01
 3.80655594e+01 2.91124268e+02 1.37080449e+04 7.75403357e+00
 9.48035278e+01 4.08208008e+01 1.64134331e+01 6.15742737e+02
 3.12523003e+01 7.48889008e+01 2.48795944e+02 2.70822601e+02
 1.19866707e+02 2.07640320e+02 8.78299789e+01 1.96277600e+03
 7.98686182e+03 1.02563257e+03 1.39308423e+03 3.61761841e+02
 4.73584351e+02 2.18150879e+02 2.02256195e+02 8.93392761e+02
 1.49558289e+02 4.45430573e+02 1.71776337e+02 2.12332672e+02
 1.22714868e+03 7.90822205e+02 1.96494629e+04 7.25759460e+02
 6.21981430e+01 2.47598047e+04 1.49639511e+02 9.74659851e+02
 1.30489410e+02 3.43909271e+02 2.21017731e+02 7.54715149e+02
 7.05534912e+02 7.28129425e+01 1.39306799e+03 7.32883179e+02
 3.67210977e+04 2.00318436e+02 4.26270485e+01 3.89624062e+01
 5.51944336e+02 1.64337097e+02 3.26190765e+02 1.00958435e+03
 2.17094498e+02 6.81710144e+02 5.03745911e+02 1.17148311e+04
 3.46277109e+04 2.44479199e+03 7.48784790e+01 1.56866837e+02
 8.47195435e+01 7.76037827e+01 2.71480996e+04 1.89206992e+04
 2.56380188e+02 1.45775192e+02 1.48289429e+02 9.43260345e+01
 2.97840684e+04 2.48399155e+02 2.86999878e+03 6.82170947e+03
 2.51041229e+02 3.64188194e+01 2.19621277e+02 1.05802148e+03
 9.21672168e+03 2.27108490e+02 7.26192627e+01 9.93722458e+01
 1.26896826e+04 8.44499664e+01 4.56408905e+02 1.65417576e+01
 5.99349480e+01 1.75201465e+03 1.64044763e+03 1.42745911e+03
 9.33033295e+01 5.38034630e+01 2.15121490e+02 9.46980362e+01
 1.22861023e+03 2.16929657e+02 1.35320947e+03 1.26579647e+01
 1.12293556e+02 1.04950244e+03 1.55197864e+03 2.54188848e+04
 7.59717188e+03 8.45614548e+01 2.21215790e+02 1.60757599e+02
 2.36793799e+03 2.68467194e+02 1.21076953e+04 3.60502246e+03
 9.82345581e+01 6.69751038e+02 1.42276581e+02 8.56211166e+01
 2.58991425e+02 8.14407501e+01 7.12575830e+03 7.29402734e+03
 3.02643125e+04 5.18480721e+01 8.77312439e+02 1.50313766e+02
 3.29794922e+02 2.93553589e+02 4.18148880e+01 9.21890137e+03
 4.80374146e+02 4.71281891e+01 1.45668335e+02 1.15763603e+02
 2.60620667e+02 1.15489357e+02 6.91867432e+02 2.23476587e+03
 5.90078711e+04 2.28631421e+03 5.85777664e+00 2.68181787e+03
 8.19053955e+01 5.92695389e+01 8.20911377e+02 8.18080017e+02
 1.82030548e+02 8.20845215e+02 4.33502930e+03 7.58883820e+01
 3.94430688e+03 7.35235229e+02 2.15784009e+03 2.50111719e+03
 1.28799423e+02 1.04164627e+02 8.88968652e+03 2.65125195e+03
 9.66522598e+00 8.18568604e+02 9.53174622e+02 6.69226440e+02
 5.46725807e+01 4.53613815e+01 2.59710114e+02 4.72992920e+02
 4.65608740e+03 2.50461865e+03 3.80275269e+01 4.45369949e+01
 2.35487988e+03 4.65871277e+02 1.33497461e+03 5.40015945e+01
 6.62012390e+02 4.18583641e+01 8.87091637e+00 4.47535693e+03
 1.69435699e+02 4.36282196e+01 1.35873242e+03 7.54217072e+01
 1.04755775e+02 1.22641129e+02 4.44652588e+03 2.75546051e+02
 5.13488007e+01 3.74445572e+01 4.38506744e+02 1.54909180e+02
 2.05474365e+03 2.22834732e+02 1.36522186e+02 2.42066968e+03
 1.58774658e+02 6.80490906e+02 3.10014709e+02 2.43905830e+01
 4.42030525e+00 1.35708857e+00 5.84459961e+03 2.92444004e+04
 1.09244512e+04 2.20788254e+02 6.03721375e+02 2.85059082e+03
 9.84730453e+01 2.26531296e+01 2.21940308e+03 5.81441711e+02
 8.65456970e+02 8.18870697e+01 1.05577606e+02 2.08493384e+03
 6.93042676e+03 1.49022064e+02 4.85026184e+02 4.77685814e+01
 4.00236401e+03 8.21187195e+02 1.07424695e+03 2.35494751e+03
 1.70530164e+03 1.58285965e+02 4.09372559e+02 1.40008835e+02
 1.74627930e+04 2.60701569e+02 4.94136627e+02 2.50761642e+02
 5.38478882e+02 2.03166142e+01 5.15833984e+02 1.41061113e+04
 1.30626526e+03 5.28158386e+02 2.63186073e+01 2.84376123e+03
 2.98575653e+02 1.00026312e+03 2.62368896e+02 5.90865707e+01
 1.55300183e+03 8.61097412e+02 4.86338593e+02 3.08352881e+03
 4.79615967e+02 5.03000546e+00 2.35140152e+02 1.15757812e+03]
3361.856
245845.5
