[1.69286658e+03 1.04200315e+01 2.13253174e+02 1.71773331e+02
 6.47591187e+02 3.01862000e+02 3.62199615e+02 1.32317676e+03
 1.68339880e+03 2.70769897e+02 1.54818283e+02 5.57066345e+02
 5.55349414e+03 4.24844284e+01 7.60176926e+01 1.97288403e+03
 2.34687866e+03 1.51138897e+01 7.43483276e+02 3.04310693e+03
 6.37268555e+02 2.18187241e+02 5.12985273e+04 8.51480835e+02
 5.77227859e+01 1.35596445e+04 1.37509131e+04 1.84736206e+03
 2.28089996e+02 2.02764816e+02 6.05049011e+02 4.78340668e+02
 1.76418835e+03 2.10643463e+02 2.40618317e+02 9.87380371e+02
 2.48746567e+02 1.55384888e+02 2.82582153e+03 4.41186371e+01
 5.82719360e+02 5.65055420e+02 5.56044434e+02 7.01814795e+03
 2.34933057e+03 3.31983368e+02 3.65431671e+01 1.83974136e+02
 5.41444153e+02 1.31202881e+03 4.41698975e+02 1.07034680e+03
 2.49408684e+01 2.43797109e+04 7.21337585e+01 7.83610535e+01
 3.82068604e+02 5.78923401e+02 8.14381299e+03 3.43102386e+02
 1.05459631e+03 2.90395172e+02 2.28917252e+02 8.16659851e+01
 1.04026665e+02 6.93900146e+02 3.59485962e+02 3.34559479e+02
 9.51098145e+02 1.15886438e+03 2.91426544e+02 8.31797546e+02
 4.76415901e+01 6.65335938e+02 2.52276047e+02 1.55523511e+03
 3.08589233e+02 5.27125439e+03 1.12239395e+02 4.88057324e+03
 2.04990051e+02 2.85353943e+02 2.56671234e+02 4.59460876e+02
 4.00666168e+02 4.34996681e+01 4.09000244e+02 6.88057480e+01
 1.66386670e+03 7.07851929e+02 3.91780121e+02 2.00335938e+03
 2.05942879e+01 1.53778577e+03 3.64839331e+03 1.89694717e+02
 2.73457458e+02 3.77263367e+02 5.19829651e+02 7.47610397e+01
 2.69466528e+03 3.76036652e+02 1.72395776e+03 4.95711441e+01
 2.27239090e+02 2.93661987e+02 1.91668549e+02 1.17749855e+02
 2.61714569e+02 2.32949951e+02 1.17785011e+02 5.14051270e+03
 4.67818756e+02 1.97741379e+02 2.69820068e+02 1.93646606e+02
 4.60912056e+01 5.74658630e+02 1.98213733e+03 3.43498108e+02
 8.87315369e+02 7.36200623e+02 4.55962868e+01 2.26506250e+03
 1.41675659e+02 7.81730118e+01 5.62639847e+01 9.88816284e+02
 5.21528259e+02 1.01107776e+03 1.03977837e+02 8.70284348e+01
 9.93157532e+02 7.55973358e+01 1.37729663e+03 6.75659561e+01
 2.50610611e+02 8.80476746e+02 1.33218250e+03 3.49651215e+02
 5.44024353e+02 3.26194629e+03 4.75235748e+02 3.87678833e+02
 2.05180518e+03 1.26127167e+02 4.14573326e+01 7.94019897e+02
 3.93141333e+03 2.51994751e+03 1.17064674e+02 3.08395721e+02
 2.05620529e+02 1.31205603e+03 5.22490356e+02 2.74785339e+02
 6.77299271e+01 8.16564819e+02 1.43159103e+02 1.73494543e+03
 6.63129211e+02 1.51324402e+02 2.60375843e+01 6.11895866e+01
 5.80341980e+02 7.44020874e+02 1.41123371e+01 9.97533569e+01
 2.17271301e+02 2.29160913e+03 1.66703873e+02 5.31136169e+02
 2.94263672e+02 1.17357452e+02 1.94679761e+03 7.08936691e+01
 2.31157806e+02 1.30230515e+02 1.83888855e+02 2.32230884e+03
 9.14288879e+02 1.09240135e+02 4.58379053e+03 2.61483704e+02
 8.93377747e+02 2.18571216e+03 6.35244293e+01 2.91295746e+02
 2.21238632e+01 2.08430557e+02 3.21190735e+02 7.14733200e+01
 2.38121826e+02 7.24997025e+01 1.65304810e+03 5.38045578e+01
 5.93764832e+02 2.13240845e+02 1.35106335e+01 3.46463165e+02
 2.48460800e+02 2.52119849e+03 2.61552832e+03 2.12388016e+02
 2.68802490e+03 4.08033301e+03 7.50930664e+02 9.48104492e+02
 1.39084747e+02 9.23404236e+01 1.89284332e+02 2.61670593e+02
 8.30393410e+00 6.39212891e+02 4.24086853e+02 9.29073410e+01
 1.38567596e+02 8.69953537e+01 7.56009399e+02 9.05956879e+01
 4.69586296e+01 1.99637177e+02 1.43644775e+02 1.30241006e+04
 1.26643883e+02 2.27695694e+01 9.88209045e+02 4.07604103e+01
 1.72133621e+02 1.39989307e+03 1.30961548e+02 1.76496445e+02
 1.53247327e+03 2.37437744e+02 6.65869904e+01 1.43541299e+04
 2.30185127e+01 2.59772949e+01 7.71161728e+01 3.83465942e+02
 8.43627380e+02 4.28514740e+02 1.10097424e+03 8.36034088e+01
 4.69545715e+02 4.36720612e+02 3.25273285e+02 3.15689911e+02
 3.28814209e+02 6.28035352e+03 7.01436462e+01 2.89930237e+02
 4.59114258e+02 1.60581360e+02 4.51843140e+02 1.96079758e+02
 3.27671906e+02 4.69807373e+02 2.71171387e+02 1.63625046e+02
 4.70284326e+03 4.73143127e+02 1.21076648e+03 3.02255383e+01
 4.18848038e+01 1.37715286e+02 1.39389679e+02 1.57788162e+02
 2.42458691e+03 2.36926050e+03 4.96997070e+02 1.27428992e+03
 1.26404144e+02 8.24769104e+02 6.09449890e+02 2.29065186e+02
 2.91801855e+03 9.04176172e+03 8.13879150e+02 4.13671533e+03
 6.38082397e+02 6.27322461e+03 7.48144073e+01 2.34481216e+02
 3.13682068e+02 6.72551208e+02 2.73060913e+02 2.31010815e+03
 4.21166595e+02 5.69357361e+02 1.72429922e+04 5.36584595e+02
 1.93168823e+03 2.86158352e+01 2.49503223e+03 1.44062897e+02
 9.00266235e+02 5.68700500e+02 2.26996780e+02 8.20067291e+01
 1.78050537e+02 8.80172501e+01 1.85754013e+00 1.53685986e+03
 5.42315247e+02 9.92726465e+03 1.59314041e+02 6.00374878e+02
 1.80557846e+02 3.77817902e+02 4.24116402e+01 2.98387848e+02
 2.23836938e+03 1.57584915e+02 1.10843719e+02 3.95163177e+02
 3.72741150e+02 1.31793030e+03 2.69579407e+02 1.35142480e+03
 6.34012512e+02 2.82865692e+02 8.84147522e+02 1.90007361e+03
 1.22387559e+04 1.95131821e+02 2.94729346e+03 4.32890358e+01
 6.21456665e+02 6.66429199e+02 1.33144211e+02 2.04270039e+01
 2.87240326e+02 1.73114517e+02 2.19501251e+02 6.58825745e+02
 3.00609528e+02 7.25558395e+01 4.96048248e+02 5.78938789e+01
 1.89607025e+02 2.00315857e+02 8.40650818e+02 3.85395905e+02
 3.60566315e+02 3.05411510e+01 2.65617809e+01 3.51779358e+02
 1.28972324e+04 2.39497269e+02 6.43374023e+02 4.37861279e+03
 9.76234055e+01 2.81218994e+02 7.83288330e+02 2.77219513e+02
 1.00163037e+03 2.95959625e+02 9.07697449e+02 1.86942224e+03
 2.54131616e+03 7.09315369e+02 7.13790820e+03 1.51947113e+02
 1.65559705e+03 3.75916504e+03 2.30051987e+02 4.67679100e+01
 2.73755508e+04 4.37404266e+02 8.31225891e+02 3.40157532e+02
 1.73891465e+04 2.76512146e+02 3.01311157e+02 6.96772705e+03
 4.29635303e+03 2.57914722e+03 5.07510834e+02 5.54612854e+02
 5.02874908e+02 7.17877441e+02 3.77819824e+03 1.29476282e+03
 1.15457504e+02 1.81326355e+03 6.47953491e+01 2.48582809e+02
 3.34814758e+02 2.73876526e+02 1.37785852e+03 4.37052917e+01
 3.74643677e+02 2.58603943e+02 1.31540161e+02 5.69749695e+02
 1.18832446e+03 1.24456226e+03 1.30117175e+03 1.67102881e+03
 2.73463821e+01 1.58893811e+03 1.43519470e+02 2.31318607e+01
 2.71446594e+02 2.99257141e+02 1.09489487e+02 2.16160553e+02
 1.35827207e+04 1.60823511e+03 3.75083313e+02 6.02699776e+01
 9.76443665e+02 9.97037659e+01 6.22370728e+02 8.58516296e+02
 4.67429619e+01 1.11553200e+02 4.02830475e+02 4.62039185e+02
 6.27161865e+02 2.02182404e+02 9.48882599e+01 1.46677905e+03
 8.58340530e+01 2.11033432e+02 2.00475296e+02 2.59590271e+02
 2.72283234e+02 3.33616852e+02 1.52134766e+02 2.51194534e+02
 4.90753601e+02 8.87051147e+02 5.46705132e+01 6.60491028e+01
 1.73745270e+02 9.70780792e+01 1.89519394e+02 1.48622021e+03
 2.02794800e+03 1.85588303e+02 5.51085388e+02 4.98947632e+02
 1.37086325e+01 3.00956764e+01 7.43131866e+01 7.94139771e+02
 4.04033154e+03 2.91540436e+02 7.45188980e+01 6.43163008e+04
 1.23193970e+02 8.70772217e+02 6.13918640e+02 8.38647156e+01
 4.32929382e+01 3.20819672e+02 6.41924683e+02 1.55114441e+02
 1.78448376e+03 1.72339676e+02 3.28294800e+02 2.95668640e+02
 4.69200897e+02 7.31602249e+01 1.30233838e+03 4.23132385e+02
 1.47985596e+02 1.64693457e+04 3.59934204e+02 3.97583832e+02
 2.48228125e+03 1.68818268e+02 1.03466812e+02 1.13756775e+03
 2.14460430e+01 5.81632019e+02 1.60557343e+02 6.89165955e+01
 7.41300201e+01 3.10783569e+02 3.95539551e+02 2.92048706e+02
 8.15776672e+02 1.43493347e+03 4.06680878e+02 2.82031738e+03
 3.91341431e+02 7.69090088e+02 2.45714600e+02 1.23617592e+01
 4.58250465e+01 2.50082031e+02 3.84975037e+02 4.12025871e+01
 1.80682755e+02 2.78851880e+03 8.66878967e+02 2.18367578e+03
 1.30383789e+02 3.35596802e+02 1.99866547e+02 6.52410095e+02
 2.30528641e+02 2.90490692e+02 2.33649712e+01 4.76736786e+02
 8.55116653e+01 3.89416595e+02 4.11839508e+02 2.63471497e+02
 2.48612610e+02 6.21705627e+02 3.64783539e+02 4.42691864e+02
 3.30066919e+03 5.08981384e+02 2.20037155e+02 1.54977325e+02
 7.41360397e+01 1.64894836e+03 5.01738708e+02 2.66546753e+02
 4.67641632e+02 2.21815598e+02 3.04408150e+01 3.11003235e+02
 8.86962891e+02 2.13406250e+02 1.02865044e+02 3.67199280e+02
 6.88854980e+01 3.65634583e+02 4.45273514e+01 9.55502258e+02
 2.23727493e+02 4.14325623e+02 7.21667910e+00 8.36874316e+03
 2.32595117e+03 4.97148779e+03 2.53667603e+01 1.96610352e+02
 7.13320618e+01 7.30477234e+02 3.84167114e+03 4.94579811e+01
 5.56231396e+03 3.69390533e+02 4.66992334e+03 2.86426270e+02
 1.24421722e+02 1.73476306e+03 1.34641479e+02 2.19896164e+02
 1.06159863e+03 5.35697021e+02 9.23235703e+01 9.58477879e+00
 2.83843994e+03 3.55508545e+02 1.63832352e+02 3.11299164e+02
 3.23873993e+02 2.00988144e+02 4.60485725e+01 2.46347681e+03
 2.98441650e+03 2.77616558e+01 2.15573654e+02 7.15890015e+02
 2.29832056e+03 7.96110352e+02 7.01684814e+02 6.21497192e+02
 1.88384491e+02 2.09519196e+02 3.38560974e+02 2.19102879e+01
 2.58557666e+03 5.74900818e+02 1.64765051e+03 5.07019958e+02
 2.93326880e+03 2.74860962e+03 2.56672089e+02 2.78486969e+02
 1.64199500e+03 4.16101379e+02 1.76030563e+02 2.34973907e+02
 4.59123474e+02 2.16171219e+02 2.96304663e+03 1.69428314e+02
 7.25737381e+01 8.67448425e+01 5.70652100e+02 6.82820969e+01
 3.63848584e+03 1.38932336e+03 3.05406895e+01 4.85792450e+02
 3.50554224e+03 4.69660225e+01 1.46059723e+02 3.71779938e+02
 5.71195801e+02 2.45157227e+02 4.51278839e+01 2.92698511e+03
 5.40035706e+02 1.83929431e+03 1.77393707e+02 1.87277573e+02
 4.93068408e+03 3.31347382e+02 2.05208527e+02 3.41783301e+03
 4.38744873e+02 9.72753067e+01 9.42529526e+01 1.35019928e+02
 8.28433472e+02 2.66188354e+02 4.03180664e+02 4.36657906e+01
 1.72766443e+03 3.98859192e+02 6.13023499e+02 1.10678238e+02
 3.09004608e+02 3.10946533e+02 2.13166626e+03 3.04897995e+01
 2.89489193e+01 2.30156616e+02 4.10314117e+02 5.00644189e+03
 2.37495850e+02 5.52388184e+02 8.59812378e+02 1.14809551e+01
 1.90641641e+04 1.65793793e+02 3.08204895e+02 5.24762573e+02
 3.76085571e+02 5.39961182e+02 2.91441383e+01 1.38499854e+03
 1.40510327e+03 4.83362503e+01 3.41193390e+02 2.81234314e+02
 2.03412628e+02 1.35947449e+03 3.33546600e+02 5.47645798e+01
 1.57363520e+01 1.48237122e+03 3.10343604e+03 3.10429649e+01
 2.00124893e+02 8.85602234e+02 7.56999969e+01 1.60506302e+02
 1.83542297e+03 1.12149404e+04 2.42974683e+03 2.49007416e+02
 1.84465897e+02 4.60627100e+03 4.81599152e+02 8.92957336e+02
 1.76912689e+02 2.53057571e+02 3.63528168e+02 1.08768616e+03
 1.49492645e+02 1.32096909e+02 1.47844189e+03 2.78158081e+03
 4.13407135e+02 8.52664185e+01 4.81710754e+02 1.66505737e+03
 4.33163116e+02 3.58859985e+02 9.56026184e+02 3.01339209e+03
 3.36138275e+02 1.19541797e+03 3.17377682e+01 2.96030975e+02
 2.69730029e+03 3.72039032e+02 2.88536469e+02 1.80008408e+02
 3.27094482e+02 7.87364685e+02 4.51128387e+01 2.84041710e+01
 7.42512695e+02 2.32684612e+01 7.59506226e+01 1.77845093e+02
 2.74410950e+02 4.44311188e+02 2.25489551e+03 1.03932581e+03
 1.28158569e+03 1.15195544e+03 3.72988068e+02 2.24337500e+03
 3.94717480e+03 8.44215317e+01 6.57344360e+01 4.77060974e+02
 2.83641211e+03 8.75385742e+01 3.37861633e+02 1.17371704e+03
 2.63434429e+01 4.26610199e+02 2.42246582e+03 1.38772607e+03
 1.50112756e+03 1.69654370e+03 2.57821136e+02 1.76034531e+02
 2.49292334e+03 4.15020801e+03 5.81122498e+02 7.67094421e+01
 4.90835609e+01 2.96190948e+02 1.61945740e+03 7.95061279e+02
 6.43882996e+02 4.49208794e+01 5.60894104e+02 3.04970367e+02
 4.15421326e+02 6.57059082e+02 1.03737354e+04 1.98872400e+03
 4.42302513e+01 1.27490860e+02 1.94336682e+03 1.03054131e+02
 2.62117828e+02 2.48483017e+02 1.34611420e+02 1.59033463e+02
 5.87492859e+02 7.89047165e+01 9.83976855e+03 2.66395020e+02
 6.05226746e+02 2.95453415e+01 6.52090759e+02 3.79291626e+03
 2.87113380e+01 2.69984711e+02 1.48261703e+02 3.77585052e+02
 1.87811783e+02 1.34740027e+03 6.43407275e+03 1.61221863e+02
 3.37854932e+03 1.62887341e+03 2.51410461e+02 5.78384132e+01
 3.61170692e+01 6.17591675e+02 2.99975586e+02 1.51887955e+02
 1.69170105e+02 2.67408752e+02 5.19169312e+02 1.27766258e+02
 7.17269821e+01 1.00250348e+03 1.45889148e+03 3.04619568e+02
 2.29165344e+02 2.93975098e+04 8.78720551e+01 3.68959045e+02
 3.64688232e+02 4.40368530e+02 3.06277588e+03 2.32833328e+02
 1.70700671e+03 1.23085546e+01 4.70327490e+03 8.98150940e+02
 7.73810730e+02 1.96899551e+02 2.40528101e+03 2.44428864e+02
 2.50925000e+03 2.62308838e+02 2.84302759e+03 6.95429077e+01
 4.79380798e+01 5.02830994e+02 2.77901947e+02 1.25048252e+04
 5.16690613e+02 6.66234924e+02 2.17796216e+03 2.81954742e+02
 5.78676575e+02 1.78081802e+02 1.78941870e+03 5.39908945e+04
 3.52852905e+02 1.70774658e+02 1.10012988e+03 8.35960312e+01
 1.29108582e+03 8.10004944e+02 1.51088303e+02 1.24284937e+03
 3.39602020e+02 5.54819214e+02 1.41587866e+03 6.46057129e+03
 1.38683167e+03 2.52686401e+02 1.32149506e+02 2.76136990e+01
 6.69806580e+02 4.58070709e+02 5.47731323e+02 2.59035816e+01
 4.82928467e+01 2.67213318e+02 1.18755591e+03 3.13398926e+03
 1.12342361e+02 2.02298355e+02 1.17398102e+02 2.77499451e+02
 3.10364838e+02 2.09820080e+01 3.41374878e+02 2.31307571e+02
 1.24235608e+03 2.64422778e+03 5.47133667e+02 9.00482129e+03
 8.44234802e+02 1.83415479e+03 3.49083099e+02 5.15096985e+02
 2.25944019e+03 3.99883179e+02 4.08532373e+03 1.28165955e+02
 1.88135864e+02 1.03166943e+03 8.09529266e+01 4.56351746e+02
 2.78699170e+03 6.70172424e+01 9.51399658e+02 1.22259689e+02
 2.75047705e+03 7.37026978e+01 1.26042404e+02 2.55962448e+02
 1.54682404e+02 2.17306274e+03 3.11221313e+02 1.61693213e+03
 1.80206299e+01 2.75373627e+02 6.21635376e+02 1.49114746e+03
 1.09066418e+03 1.00205162e+02 1.38433994e+04 5.26216748e+03
 5.97129736e+03 2.48724762e+02 2.54541016e+02 1.95532471e+02
 1.29470551e+02 8.33987198e+01 1.48557922e+02 1.96562164e+02
 2.97646046e+01 8.56071320e+01 4.62683502e+02 2.86383087e+02
 1.05682263e+03 4.50096092e+01 5.15366592e+01 1.77576767e+02
 3.87544136e+01 2.66419067e+01 1.06168518e+03 3.49345825e+02
 1.09640789e+01 1.69278854e+02 2.05470901e+02 3.59109467e+02
 3.95727142e+02 1.64366531e+02 3.07845215e+02 4.39921844e+02
 3.34507782e+02 2.75432300e+03 3.31770966e+02 2.28455841e+02
 6.33401001e+02 1.71768539e+02 3.31676605e+02 1.79013321e+02
 1.71622787e+02 2.62583447e+03 3.97673615e+02 6.18770166e+03
 1.80566879e+02 2.62832886e+02 1.59406543e+03 2.78707123e+02
 1.84070084e+02 1.29556824e+02 2.47282837e+02 1.25891823e+02
 1.48592072e+02 1.47177139e+02 3.53524719e+02 2.27300537e+02
 1.54989944e+02 1.36101715e+02 9.40467167e+00 1.96305847e+02
 1.57877914e+02 1.55827118e+02 1.86642895e+01 3.06414459e+02
 2.38067398e+01 1.26283691e+03 6.19889404e+02 5.17884922e+04
 1.36356348e+03 2.14263474e+02 1.78920319e+02 3.58305957e+03
 2.73143250e+02 1.34310883e+02 4.12278711e+03 2.52350052e+02
 1.34715988e+02 4.61722687e+02 2.21066727e+02 4.98688379e+03
 9.22013977e+02 2.68234844e+01 5.84994202e+02 3.05597656e+02
 2.55902734e+03 5.76405762e+02 8.87388535e+01 2.25195038e+02
 1.25629797e+03 2.75272247e+02 1.21187828e+02 8.42239914e+01
 4.62199268e+03 3.09219482e+02 4.15353851e+01 2.80569801e+01
 1.10434692e+03 2.26893120e+01 2.79242706e+02 2.15685352e+04
 2.14675339e+02 9.28855164e+02 1.10215492e+01 3.93859314e+02
 5.63347107e+02 1.16199120e+02 1.31520691e+03 5.11362842e+03
 2.17804546e+01 1.06828467e+03 2.42684219e+02 9.85540466e+02
 2.24572182e+01 1.68371964e+02 2.85283260e+01 2.47659607e+02]
1355.4689
64316.3
