[5.46131953e+04 4.30617627e+03 6.69252188e+04 7.50680547e+04
 5.41086172e+04 5.58317090e+03 1.81110273e+04 1.78527402e+04
 2.08394395e+04 3.09023418e+04 1.11726008e+05 1.32835141e+05
 1.78648406e+05 5.69061377e+03 2.61824194e+03 4.70891172e+04
 2.05338609e+05 1.97124531e+04 1.77730312e+04 6.34660195e+04
 6.91456406e+04 5.39311340e+02 8.72885200e+06 9.60164368e+02
 1.90544590e+04 4.44780906e+05 6.12514500e+05 3.06475742e+04
 1.23114922e+04 4.52950928e+03 1.09369883e+05 6.23034453e+04
 3.72257305e+04 2.79727637e+03 4.16860938e+05 9.61074512e+03
 3.67763594e+04 1.93696814e+03 3.52296509e+03 3.79166699e+03
 3.51127469e+05 1.42961875e+05 2.93177637e+04 1.72829531e+04
 1.69998477e+04 7.15805957e+03 9.97085645e+03 4.79438750e+04
 2.94690449e+04 5.80314562e+05 2.63903418e+03 1.36049102e+04
 8.19961609e+02 2.67201312e+05 9.05277863e+01 1.67484629e+04
 1.23135537e+04 2.48695594e+05 2.95817603e+03 8.08762305e+03
 5.61892266e+04 6.50341406e+04 5.75833203e+04 2.33307300e+03
 3.42456226e+03 1.15946689e+04 4.77568701e+03 1.06768184e+04
 2.87635000e+04 3.20439156e+05 9.57368359e+03 9.29820898e+03
 4.29726135e+02 4.24053467e+03 1.46327363e+04 1.55600264e+04
 2.53203857e+03 1.15111422e+05 1.48474182e+03 4.51607594e+05
 5.76349756e+03 9.49332188e+04 3.10263354e+03 6.60697168e+03
 1.16651550e+03 2.65053931e+03 4.73302637e+03 7.66353857e+03
 1.28858688e+05 1.08626750e+05 3.72357227e+04 5.18969775e+03
 1.21568701e+04 1.73553496e+04 3.52914300e+06 2.40759277e+04
 1.22674756e+03 2.79437653e+02 2.15156875e+04 6.45825732e+03
 1.00874141e+05 6.46307031e+04 3.63161133e+03 2.35376465e+04
 2.52921191e+04 1.34951279e+04 4.93918066e+03 6.55842383e+03
 8.95864688e+04 1.33055676e+03 2.38311348e+04 2.80830098e+04
 2.32734570e+03 3.54314219e+04 1.31093535e+04 1.73883027e+04
 8.60581836e+03 1.13516664e+05 2.34993125e+04 5.43600928e+03
 5.11658105e+03 1.63887305e+03 1.17683320e+05 6.73354062e+05
 2.54308008e+04 3.95468945e+03 6.98386377e+03 2.45123730e+03
 1.09188486e+04 7.07759766e+02 9.21297852e+03 2.60080835e+03
 6.56978027e+03 5.37534033e+03 4.85139102e+04 7.46331104e+03
 1.10178740e+04 9.03111133e+03 3.61929492e+04 1.26351270e+04
 6.28713711e+04 4.29626172e+04 5.08358906e+04 1.24041203e+05
 5.79155039e+04 6.42390088e+03 2.92203296e+03 2.09686203e+05
 9.57678672e+04 2.89886719e+05 3.96847290e+03 4.04736875e+04
 1.55550957e+04 2.13385508e+04 2.83886895e+04 7.50860205e+03
 2.41820781e+04 1.72171984e+05 5.55838257e+02 1.75086938e+05
 4.61257461e+04 4.97976807e+03 7.90773096e+03 9.49217834e+02
 5.67122119e+03 5.12334961e+04 3.35580352e+04 3.27317188e+04
 2.84539941e+04 3.97716719e+04 1.33401719e+04 3.98190742e+04
 6.23628516e+04 7.71002578e+04 2.27150757e+03 6.11106201e+02
 6.23667852e+04 9.38157520e+03 4.56932373e+03 6.19294688e+05
 1.42414516e+05 8.08787695e+03 1.04893200e+06 2.60106484e+05
 4.09340859e+04 1.16497949e+03 2.66389429e+03 1.24951074e+04
 3.58715747e+03 9.27951953e+03 1.47358604e+04 4.91221484e+03
 1.79439316e+02 1.36490166e+04 6.25745812e+05 1.60962964e+03
 9.75642266e+04 3.81777383e+04 2.30816699e+03 4.85559883e+04
 2.43678359e+04 7.80317969e+04 5.84636836e+04 3.17603149e+03
 1.37667906e+05 5.38167266e+04 6.58656348e+03 6.78563125e+04
 5.92675146e+03 9.17220312e+03 2.26630059e+04 6.57346875e+03
 4.51061680e+04 1.64650820e+04 1.25837637e+04 1.56717554e+03
 8.18227588e+03 5.76546240e+03 4.05345630e+03 1.87501855e+03
 2.11961694e+03 3.41266836e+04 5.40356836e+03 7.30459453e+04
 4.80056758e+04 6.48298633e+03 2.44903945e+04 1.45218860e+03
 1.20294092e+03 2.88695430e+04 2.58971035e+04 6.67268555e+03
 3.39371367e+04 2.55963633e+04 1.35341230e+04 1.02011898e+05
 1.17791416e+04 1.03884121e+04 1.97414414e+04 1.46751973e+04
 1.67542922e+05 1.26478271e+03 2.55887406e+05 4.29450859e+04
 1.05240566e+04 4.23163086e+04 1.12674863e+04 1.92812476e+03
 1.13806533e+04 1.70391625e+06 4.66986719e+03 2.02652578e+05
 1.37613135e+04 2.57771289e+04 1.56396602e+04 4.64134521e+03
 1.19433174e+04 1.61478113e+03 4.49527881e+03 1.79169141e+04
 1.45247450e+06 7.04746562e+04 1.80834750e+05 3.77024976e+03
 1.17801697e+03 9.58831348e+03 2.63020483e+03 9.39729062e+04
 1.42016375e+05 1.22030625e+05 9.92470215e+03 5.49667031e+04
 3.74904053e+03 6.91323669e+02 2.43848375e+05 4.47806602e+04
 3.83676914e+04 8.93417422e+04 5.44762695e+04 2.47631984e+05
 2.38764004e+04 4.00970547e+04 2.00077795e+03 2.93859336e+04
 6.64162659e+02 3.68479883e+04 5.78273047e+04 4.50578555e+04
 2.42658423e+03 8.65948047e+04 5.58735812e+05 1.25391523e+04
 5.15084961e+04 3.71961963e+03 3.32528467e+03 2.83356602e+04
 2.98515625e+03 2.25542781e+05 1.53836328e+04 2.01023560e+03
 1.12725410e+04 3.98256866e+02 5.43087227e+04 2.89644000e+05
 8.46094531e+04 1.24115188e+06 1.25657336e+03 2.83565375e+05
 2.17861270e+04 2.00783945e+04 7.65482361e+02 7.90553027e+03
 2.04351891e+05 2.26757402e+04 5.83293311e+03 5.30720117e+04
 9.09678223e+03 2.32159961e+04 3.11133828e+04 2.60306484e+05
 8.52164185e+02 1.44576750e+05 6.89394844e+04 9.63568281e+04
 1.53156445e+04 1.35810508e+04 1.68822175e+06 8.78826074e+03
 6.66740000e+04 3.12780371e+04 1.99670752e+03 2.05330505e+02
 3.35305005e+03 6.62122119e+03 9.42922461e+03 1.50649219e+05
 1.07417261e+03 1.87003730e+04 5.34794750e+05 9.68869873e+02
 2.91797705e+03 3.56623750e+04 2.41960107e+03 1.27564219e+05
 1.84780176e+04 1.09893694e+01 3.06174463e+03 6.88398906e+04
 6.00424062e+05 1.35737244e+03 1.33032641e+05 3.40351781e+05
 2.04522021e+03 7.61312500e+04 1.70883691e+04 1.14487764e+04
 4.55968066e+03 1.36104902e+04 9.09686035e+03 1.91753887e+04
 1.02344953e+05 1.15930555e+05 1.51227172e+05 7.38443359e+02
 8.16559766e+04 3.11644094e+05 5.68301680e+04 3.84361963e+03
 7.62083688e+05 2.17455713e+03 1.66072422e+05 1.18361477e+05
 4.43794766e+04 7.09749707e+03 1.88836992e+04 2.15484453e+04
 2.21128531e+05 2.22076465e+04 4.81511426e+03 4.70918115e+03
 5.86977812e+04 2.82381270e+04 8.63061875e+05 7.00685938e+04
 5.13437891e+03 7.30510234e+04 1.21565027e+03 1.19814014e+04
 1.23060453e+05 3.10517148e+04 1.24602461e+05 2.34619675e+02
 2.42897031e+04 2.67304023e+04 9.60885156e+03 2.22156141e+05
 1.00554089e+03 1.83223859e+05 3.56367163e+03 9.08215078e+04
 6.04975635e+03 2.93813223e+04 8.20563232e+02 5.95766992e+03
 3.45156992e+04 5.69068018e+03 1.27563408e+04 3.67491523e+04
 7.46641550e+06 4.72396289e+03 3.54554736e+03 6.80817422e+04
 9.18080078e+04 6.46537646e+03 5.08666523e+04 8.23677266e+04
 1.15629062e+04 6.14457500e+04 2.51124570e+04 1.59561514e+04
 3.84664781e+05 1.61956384e+03 4.03154980e+03 1.15231016e+05
 1.53340668e+02 4.67811572e+03 1.43083584e+04 6.40056982e+03
 1.60011734e+05 6.14617773e+03 3.74560181e+03 1.91491445e+04
 9.75405566e+03 1.39052172e+05 4.76150482e+02 2.01755059e+04
 1.01650146e+04 9.05040137e+03 5.47144165e+02 5.04268906e+04
 5.40591719e+04 1.28026650e+04 5.52890686e+02 8.80508984e+04
 2.67415698e+03 4.93917725e+03 1.47471641e+04 2.16038734e+05
 6.81052266e+04 3.42326758e+04 1.23151484e+04 1.52857988e+06
 7.00249316e+03 2.16272359e+05 5.44897070e+04 5.91681836e+03
 1.34362666e+04 1.07781455e+04 1.09359977e+05 2.10812476e+03
 5.78131367e+04 1.56681895e+04 3.00019512e+04 3.12420117e+03
 1.61584355e+04 1.00510078e+04 7.52747803e+03 1.20521631e+04
 6.05309619e+03 2.24388844e+05 1.21109555e+05 3.35818359e+04
 5.00116172e+04 3.74549102e+04 1.89452461e+04 1.03176680e+05
 7.79612158e+03 4.34115156e+04 1.62999688e+04 2.02879629e+04
 2.63271156e+05 1.99692793e+04 1.35053340e+04 2.21173047e+04
 1.96331758e+04 5.24924531e+04 4.01105713e+03 3.34702469e+05
 2.34266348e+04 1.46377344e+04 2.71226230e+04 4.70255977e+04
 1.88189612e+03 1.43647058e+03 3.33569453e+04 4.54502979e+03
 2.74695684e+04 1.20192641e+05 3.54193867e+04 1.28106670e+04
 4.10683936e+03 3.47438208e+03 1.18118625e+05 8.61767480e+03
 5.74064844e+03 8.14352490e+03 1.29727598e+04 1.99332000e+05
 2.32299258e+04 1.31996436e+03 1.53024512e+04 3.85567109e+04
 7.82300903e+02 8.31460547e+03 2.80920898e+04 1.11047627e+04
 1.21519531e+05 2.42542676e+04 9.83186328e+04 2.39469277e+04
 4.26873193e+03 2.78090188e+05 6.17480469e+04 1.99830859e+04
 1.66514922e+05 5.84486963e+03 2.75890879e+04 1.39602637e+04
 1.43662683e+03 2.98473071e+03 1.28106787e+03 9.16298730e+03
 9.05866016e+03 8.55195605e+03 2.18981470e+03 4.17592773e+03
 1.28070771e+04 1.78565957e+04 1.26023652e+04 6.83095312e+04
 1.81998457e+04 3.18893625e+05 1.63422775e+02 3.05457861e+03
 7.46905566e+03 1.80395239e+03 2.11581543e+04 2.80526465e+03
 4.22539805e+04 1.35667957e+03 1.50699219e+04 2.07796021e+03
 1.20509727e+04 4.97199844e+04 1.76362231e+03 6.03420067e+01
 6.17243213e+03 9.64602734e+03 2.12246437e+01 7.47458740e+03
 2.75877906e+05 1.21816006e+04 1.35924873e+04 1.54824941e+04
 5.07399072e+03 6.01394531e+03 1.52314868e+03 1.10662766e+05
 7.45461523e+03 1.04392734e+04 1.60716240e+04 2.19771758e+04
 5.56730625e+05 4.63129336e+04 9.16558691e+03 6.95240625e+04
 1.19499590e+04 6.82918945e+03 2.53357031e+05 3.78363965e+03
 3.15830625e+05 3.60543506e+03 4.48045438e+05 3.62793320e+04
 2.07780020e+04 1.54676650e+06 2.13908838e+03 1.43840498e+04
 9.43840469e+04 4.16009609e+04 2.43704316e+04 6.31409473e+03
 1.03709648e+05 5.81754570e+04 3.20141777e+04 5.00582539e+04
 1.19452185e+03 1.11462842e+04 4.29863320e+04 2.17011182e+03
 1.04878828e+05 1.13979773e+05 1.09520898e+03 2.84481506e+01
 2.53540812e+05 5.19879248e+03 2.26557422e+04 7.80155469e+03
 9.97648340e+03 4.50317474e+02 1.42450020e+04 1.15960000e+04
 8.82023535e+03 3.74930039e+04 4.98000625e+04 1.33667812e+04
 4.01619604e+03 2.83517281e+05 2.54761438e+05 2.34263672e+02
 1.95598218e+03 4.54768701e+03 8.29485547e+03 1.53015198e+02
 1.11433477e+04 1.49084766e+05 6.05156094e+04 5.44751416e+03
 3.45950391e+04 1.01600234e+05 3.43237695e+04 4.15956641e+03
 2.99664746e+03 2.23633862e+03 3.13554844e+04 1.23986055e+04
 9.36691211e+03 7.24389282e+02 7.12939219e+04 7.24939922e+04
 7.01040703e+04 5.29496289e+03 6.96282666e+03 2.37663379e+04
 1.00072412e+06 7.83124609e+03 1.86435840e+04 2.50941309e+04
 7.19007959e+03 1.91321130e+03 4.25086758e+04 1.92575215e+04
 7.62714062e+04 1.42948398e+04 3.79831567e+03 1.67354473e+04
 3.46830200e+03 3.15041562e+05 1.13260371e+04 4.45758301e+03
 2.81469299e+02 2.55679672e+05 8.74260000e+04 9.67304102e+03
 1.01360732e+04 8.37979199e+03 9.35221973e+03 2.35814600e+03
 3.42406133e+04 1.44252516e+05 8.22450875e+05 4.28850273e+04
 2.07253574e+04 3.56786836e+04 5.70077383e+04 9.24434062e+04
 2.07039062e+04 1.87282344e+04 6.90920234e+04 3.49139102e+04
 4.88045166e+03 1.63318311e+03 7.45515576e+03 5.98217920e+03
 2.29994258e+04 6.67160986e+03 3.55251122e+01 4.70911523e+04
 6.73252808e+02 2.16461113e+04 1.04555537e+04 3.03735938e+04
 6.91574453e+04 1.56763916e+04 1.24784497e+03 1.19742695e+04
 6.28711438e+05 1.22595967e+04 3.05426289e+04 5.76969824e+03
 1.03629785e+03 1.70373320e+04 1.79780054e+03 3.82246094e+02
 1.08622158e+04 1.36347637e+04 1.03769668e+04 5.01007715e+03
 8.39109180e+03 8.84333691e+03 1.24258711e+04 1.89584863e+04
 1.50745703e+05 2.59945820e+04 4.33281152e+03 7.68670875e+05
 8.28001094e+04 3.66489722e+03 3.31569165e+03 4.95724297e+04
 1.70608086e+04 2.90063672e+04 8.53327637e+03 5.31816688e+05
 1.73661035e+03 3.30590283e+03 1.06234609e+05 4.44641406e+04
 2.16056047e+05 5.02943047e+04 3.52323562e+05 1.42989844e+04
 6.28397969e+04 4.03368789e+04 2.55493672e+04 3.51913013e+03
 3.37590405e+03 3.46976074e+03 7.06901328e+04 2.21401812e+05
 6.32781406e+04 2.70972852e+03 2.02632969e+04 1.75307949e+04
 7.17273987e+02 1.05740414e+05 1.38999275e+06 1.57344629e+04
 7.14784912e+03 4.04440063e+02 1.62171281e+05 4.78846240e+03
 3.39561797e+04 9.31963086e+03 9.14476172e+03 1.62583691e+04
 1.28807891e+04 3.09054736e+03 3.50369812e+05 2.83018823e+03
 2.42219883e+04 8.82540222e+02 1.31755938e+04 3.63979570e+04
 1.12979014e+04 4.50267480e+03 1.00063454e+02 6.96465723e+03
 6.33221094e+03 6.60326016e+04 1.98045484e+05 2.38519102e+04
 9.77828438e+04 4.31164961e+04 4.30297539e+04 6.32487500e+03
 8.76929297e+03 9.06950293e+03 4.36194805e+04 8.73840137e+03
 1.21972432e+04 5.53960977e+04 3.00801973e+04 5.07827734e+03
 1.84912341e+03 8.89340134e+01 3.65232227e+04 1.92933899e+02
 2.15507969e+04 5.19577406e+05 4.70529785e+03 5.92160195e+04
 1.53653545e+04 5.16311367e+04 9.03426328e+04 1.31025928e+04
 3.08250117e+04 2.22409004e+04 1.85951469e+05 5.30838164e+04
 1.13063078e+05 4.72643438e+04 2.84583770e+04 4.23388203e+04
 5.96007070e+04 1.08259516e+05 1.12651328e+05 3.25767539e+04
 1.62442363e+04 1.37152109e+05 1.00314619e+04 4.67211670e+03
 4.20778750e+04 1.69788496e+04 3.60383086e+04 2.97168335e+03
 1.04004639e+03 9.69588086e+03 1.59765453e+05 8.43861312e+05
 8.52231172e+04 8.99048535e+03 1.14419281e+05 6.04738770e+03
 1.23753266e+05 3.84066133e+04 3.84489023e+04 3.89104406e+05
 1.00185273e+04 1.63775596e+04 1.57089891e+05 6.90289531e+04
 1.58725898e+04 9.72841992e+03 9.08241211e+03 3.36048486e+03
 1.74034469e+05 3.67565698e+03 3.37212578e+04 5.86625195e+03
 1.74487109e+04 7.36870781e+04 6.58873438e+03 5.71115875e+05
 8.11260205e+03 1.24050156e+04 9.00743359e+03 1.82848848e+04
 7.47790000e+04 1.10486533e+04 3.10005371e+04 3.39169531e+04
 1.92703340e+04 6.84856250e+03 4.73279180e+04 1.34458125e+05
 1.80368438e+04 7.81817656e+04 3.52485913e+03 2.74122871e+04
 1.67349531e+05 1.77839199e+04 2.28128375e+05 2.21360516e+05
 1.28718281e+04 5.14485234e+04 5.67099121e+03 1.01068564e+04
 2.74269688e+04 1.93709305e+02 4.49580352e+04 2.23018066e+04
 5.23554188e+05 1.25107812e+03 2.25467728e+02 1.26574736e+04
 1.21396172e+04 5.58017891e+04 8.84231152e+03 4.82593828e+04
 5.80586377e+03 4.50663203e+04 1.24416931e+03 3.25763965e+03
 8.32844922e+03 9.29963672e+03 3.01931812e+05 4.63285094e+05
 2.96158844e+05 4.19104688e+04 2.71067402e+04 3.57432910e+03
 2.95097285e+04 9.60683789e+03 1.00168031e+05 2.70689331e+02
 7.58058252e+03 1.01379053e+04 5.57181836e+03 7.49926328e+04
 1.34877250e+05 8.98241638e+02 9.30124451e+02 7.93643945e+03
 1.52728625e+03 4.46582764e+03 1.54636543e+04 8.01925234e+04
 1.53483472e+03 4.69928438e+04 3.38534351e+03 3.69957109e+04
 2.13731855e+04 1.23003723e+03 1.73072297e+05 9.58846875e+04
 1.02658633e+05 7.08700234e+04 2.57748608e+03 3.38578491e+03
 4.77306211e+04 6.17743457e+03 3.50567578e+03 6.27820320e+01
 3.09120820e+04 3.73012539e+04 2.26591162e+03 9.61796312e+05
 1.12809248e+04 1.00991777e+04 2.29085859e+04 3.39976484e+04
 3.92415063e+03 3.59877533e+02 1.58021436e+04 3.81809644e+03
 6.76500781e+03 1.79233533e+03 1.74970056e+03 5.61400586e+04
 1.76708164e+04 4.46585898e+04 5.82710107e+03 5.47987793e+03
 5.29821973e+03 3.66580039e+04 7.52889141e+04 2.60157324e+04
 4.63220117e+03 6.94191943e+03 3.50184883e+04 1.61343600e+07
 6.57842969e+04 7.72867578e+04 2.59569141e+04 2.67561781e+05
 7.74842676e+03 1.85542539e+04 1.39329719e+05 9.58111621e+03
 7.89889990e+03 1.18689355e+04 2.10082062e+02 4.34720625e+04
 9.96063574e+03 4.38450732e+03 1.12298539e+05 3.76041992e+04
 2.55834984e+05 4.65792461e+04 4.26719574e+02 7.02930469e+04
 1.00022588e+04 9.61054844e+04 1.40862915e+03 4.81270654e+03
 9.93446484e+04 8.73171582e+03 2.37267559e+04 5.01594505e+01
 4.96004736e+03 2.61082001e+02 3.27490997e+02 5.03713250e+05
 3.76445156e+04 1.90187594e+05 1.56820947e+03 6.81750078e+04
 1.31300297e+05 2.37266426e+04 2.98433105e+04 4.26250703e+04
 2.09468408e+03 8.62183398e+03 1.00514367e+05 5.81591484e+04
 7.88312939e+03 9.80570508e+03 6.28693018e+03 4.77209424e+03]
