[2.51421225e+06 6.14751318e+03 4.03064125e+05 3.41280000e+04
 2.14733516e+05 5.45287500e+04 1.36918848e+04 7.93066641e+04
 1.98474538e+06 2.37140063e+03 1.65603164e+04 3.03586406e+04
 7.28155312e+05 6.77481406e+04 2.38795453e+05 2.88806219e+05
 1.64869400e+06 2.18157172e+05 9.75890500e+05 4.92727062e+05
 8.66051625e+05 8.52977441e+03 4.74732150e+06 5.97224102e+04
 2.99493457e+03 2.08852875e+05 4.70288156e+05 4.43262812e+05
 6.86889697e+03 1.76444688e+05 4.35727305e+04 9.57987734e+04
 4.24020125e+05 1.74915172e+05 5.11055811e+03 1.82694406e+05
 7.52393828e+04 1.67902000e+05 1.24958570e+05 6.87662109e+04
 5.60806688e+05 7.89924922e+04 3.37483531e+05 3.68599609e+04
 5.52321758e+04 1.27692211e+05 1.51066123e+04 7.60937695e+03
 5.34149938e+05 6.93552375e+05 4.07644727e+04 3.15904224e+03
 2.39019336e+03 9.13911100e+06 1.07782803e+04 1.61980723e+04
 2.50230352e+04 1.64339922e+05 1.06586826e+04 3.37912266e+04
 1.32872712e+06 2.44099805e+04 8.19105859e+03 4.39179453e+04
 5.47980781e+04 5.22012000e+05 1.53322203e+05 1.29558469e+05
 9.01163281e+04 1.01766606e+06 6.72018984e+04 1.98446953e+05
 8.98694043e+03 4.32739438e+05 1.32611391e+05 4.80026523e+04
 2.53159859e+05 7.91171500e+05 2.54758730e+04 4.34459500e+06
 1.93935922e+05 5.75365039e+04 6.97751094e+04 6.51075317e+02
 1.28146172e+05 3.42699829e+03 6.81050312e+04 7.28683047e+04
 1.79534312e+05 4.63784609e+04 7.72776094e+04 4.85419200e+06
 5.96117617e+04 4.08799766e+04 1.97554280e+07 4.62461963e+03
 3.50897188e+04 4.28758828e+04 1.70198200e+06 1.94438867e+03
 2.65004199e+04 1.39174188e+05 7.36845703e+04 7.18201094e+04
 1.94041312e+05 9.15856172e+04 2.74891719e+04 7.54559131e+03
 1.66290312e+05 1.24920836e+05 2.57189863e+04 1.07054825e+06
 9.55645117e+03 2.10530500e+05 1.80491855e+04 1.21374281e+05
 7.30396191e+03 2.53556950e+06 5.94121312e+05 3.62974336e+04
 2.18459781e+05 2.67011969e+05 1.89628578e+05 1.01224000e+07
 3.20322656e+04 8.03283057e+03 1.24234172e+05 2.12104609e+04
 1.29179375e+04 3.72096625e+05 1.17899512e+04 1.91470176e+04
 1.21675957e+04 2.25833531e+05 1.64916250e+09 1.53048975e+04
 4.62719594e+05 2.10849219e+05 1.07465484e+05 1.11732258e+05
 7.55495068e+03 7.22641625e+05 2.33270047e+05 3.14290656e+05
 2.69003450e+06 8.47671289e+03 2.18262383e+04 5.41227000e+05
 3.17176325e+06 4.64299950e+06 2.11928719e+05 1.38782383e+04
 2.18549797e+05 2.88348094e+05 8.45228359e+04 2.62910078e+04
 3.79978125e+04 7.38108000e+06 4.41644385e+03 1.07405912e+06
 6.80662344e+04 2.97370435e+03 2.04558594e+04 1.05765312e+05
 4.44811688e+05 9.63390703e+04 3.30216406e+04 1.72356797e+05
 3.58492310e+03 2.32922437e+03 7.23897266e+04 5.40301250e+05
 9.87880762e+03 3.32714562e+05 3.50321133e+04 2.13195044e+03
 3.55404922e+04 7.38134453e+04 5.02002305e+04 6.69108203e+04
 8.79445562e+05 4.93967578e+04 4.11023625e+06 9.53532062e+05
 1.39739990e+04 1.19595695e+05 1.16032195e+05 4.02561836e+04
 4.53092500e+04 1.29336650e+04 8.96150080e+08 6.22190156e+04
 2.68185273e+04 8.01898926e+03 2.75431211e+04 2.39410098e+04
 1.60156212e+06 2.28699648e+04 4.42801285e+01 9.94357500e+05
 1.61009209e+04 6.10716133e+04 1.15682688e+05 1.94391309e+04
 4.26904625e+05 2.65979950e+06 1.16073203e+04 1.49363344e+05
 8.71991562e+04 1.04166156e+05 1.32902002e+04 9.41492676e+03
 1.20119516e+05 1.68110742e+04 1.54055212e+06 6.93299316e+03
 6.40506641e+04 2.36908281e+04 3.38892554e+03 3.96708398e+04
 6.56441328e+04 3.92360812e+05 4.48044531e+04 9.79995938e+04
 3.22919434e+03 4.55485273e+04 2.28195531e+05 8.06203906e+04
 3.47401836e+04 2.12391900e+06 1.67112859e+05 7.12847412e+03
 1.48275156e+04 3.38918062e+05 7.96321062e+05 2.46164859e+05
 3.35985062e+05 4.66187695e+03 1.78417422e+05 7.71604609e+04
 9.50240312e+05 2.22342715e+04 8.30349500e+05 1.02079838e+06
 2.57661465e+04 9.27542500e+04 2.21422188e+04 7.67554688e+05
 5.36623086e+04 1.29993170e+07 2.22213843e+03 1.87133496e+04
 3.20238652e+04 8.45241875e+04 5.48535596e+03 1.92640625e+04
 1.23871000e+05 2.64728882e+03 7.89911094e+04 9.93051172e+04
 1.92421225e+06 6.26682438e+05 3.14499000e+06 2.77771188e+05
 2.22782129e+03 5.25235400e+03 1.00534180e+05 4.11671250e+04
 4.46956494e+03 4.91982000e+05 1.34987906e+05 4.14025125e+05
 2.38539121e+04 5.91935469e+04 6.92557969e+04 2.43058844e+05
 3.97554562e+05 3.15551425e+06 1.35736922e+05 4.19021200e+06
 1.13944863e+04 1.81566438e+05 1.67695098e+04 3.03199281e+05
 3.56911133e+02 8.02241484e+04 2.49739199e+04 2.27792688e+05
 3.10411279e+03 3.21133656e+05 2.75435188e+05 6.79008496e+03
 5.66462062e+05 2.14221855e+04 2.35402953e+05 5.01560352e+04
 5.35455938e+04 9.22489141e+04 1.06035359e+05 7.10265732e+01
 2.74397773e+04 1.39520205e+04 2.78407875e+06 8.40103375e+05
 1.78197950e+06 2.56737680e+07 1.66730918e+04 2.81079325e+06
 8.74016875e+04 5.59129472e+08 3.92222778e+03 8.42988438e+05
 2.74049512e+04 1.44943323e+03 1.62716240e+04 3.59159719e+05
 8.98537312e+05 1.21748150e+06 1.97210000e+05 9.66358203e+04
 1.60617312e+05 8.62562891e+04 2.98702500e+05 3.97395969e+05
 6.93113438e+04 1.38651281e+05 1.06860375e+06 9.62592285e+03
 5.04984656e+05 1.48787484e+05 9.23815625e+03 3.31724297e+04
 2.13459434e+04 6.81584131e+03 1.01773683e+09 4.99722188e+04
 5.40513086e+04 7.55252031e+04 5.18589562e+05 1.10053027e+04
 8.53968906e+04 2.77395117e+04 5.35230273e+04 7.84681938e+05
 9.60472578e+04 9.59875391e+04 4.09049097e+03 6.53868008e+04
 4.58222344e+05 1.22288703e+05 3.24006031e+05 2.01571078e+05
 7.80554609e+04 2.41396602e+04 1.90547803e+03 2.02908979e+09
 7.01059688e+04 1.76369141e+05 5.01345557e+03 3.83751594e+05
 1.62372000e+05 6.06354250e+05 8.90778047e+04 2.23388562e+05
 1.45064725e+06 2.78662380e+07 1.02063574e+04 2.43085332e+04
 1.08451530e+07 3.52496312e+05 6.69030750e+05 1.45354922e+05
 1.03980547e+05 7.09719844e+04 3.91877969e+05 6.59085938e+05
 2.97854625e+06 1.30216570e+05 2.79502222e+03 3.55986055e+04
 1.21258281e+04 6.73586484e+04 1.55152797e+05 1.23341895e+04
 1.51287078e+05 1.29689900e+06 1.27707258e+05 2.12693711e+04
 1.07886000e+05 1.24233936e+04 9.52664688e+04 2.07641758e+04
 2.15515352e+04 4.01811484e+04 1.30184258e+04 4.62812422e+04
 5.96922062e+05 1.32124112e+06 5.58919453e+04 6.07554023e+04
 7.46278534e+01 9.25805371e+03 6.67790469e+04 2.33965195e+04
 8.46221875e+05 1.17213391e+05 1.24519688e+05 7.11053955e+03
 5.93044840e+07 3.10780531e+05 7.94096328e+04 3.89807406e+05
 9.24712512e+08 1.75045977e+04 7.23115469e+04 4.21830234e+04
 8.15520625e+04 8.16970500e+05 1.54685688e+05 3.51885938e+05
 2.06166359e+05 5.00823094e+05 4.48034102e+04 1.22012484e+05
 1.29982715e+04 2.73852588e+03 4.18726680e+04 1.47650283e+04
 4.80120406e+05 4.15929406e+05 1.58811060e+03 9.98441125e+05
 7.73016992e+03 5.23673938e+05 4.82346875e+04 2.20934497e+03
 1.71516934e+04 2.49919219e+04 1.13905758e+05 4.23200250e+05
 3.20514648e+04 2.40354812e+05 9.55030703e+04 2.57569941e+04
 3.11451328e+04 7.37633936e+03 1.38687562e+05 1.29481547e+05
 8.72444531e+03 1.27408875e+05 1.25748961e+05 1.04144720e+07
 2.30568578e+05 3.20558797e+09 4.98917800e+06 5.30534414e+04
 7.51138672e+03 3.53675547e+04 2.08638525e+03 1.06930596e+04
 1.60134453e+05 3.56784082e+03 1.47273562e+05 1.86842090e+04
 1.06937088e+06 9.07733008e+03 3.06387090e+04 5.93246719e+04
 2.83446875e+05 2.05520612e+06 4.12264609e+04 9.73200547e+04
 1.21421582e+04 1.62490127e+04 4.84771533e+03 1.04169994e+06
 1.54149084e+03 2.89653156e+05 4.09085547e+03 2.01046960e+03
 1.22509355e+04 5.83022578e+04 1.79395117e+04 3.35639156e+05
 1.40836406e+05 9.89537109e+04 3.75573164e+04 4.57061000e+06
 3.16234219e+05 1.30906921e+02 4.76574023e+04 5.52800438e+05
 2.84559355e+04 2.25709082e+04 1.62726219e+05 2.95623633e+04
 5.74196680e+03 6.72107000e+05 8.97787344e+04 1.34915352e+04
 4.45834521e+03 1.28066938e+05 7.22215438e+05 7.97867383e+03
 8.31386035e+03 1.98032844e+05 5.33490781e+04 3.42582906e+05
 2.69448066e+04 4.65259844e+04 2.86288867e+04 6.51967422e+04
 6.20953271e+03 2.09637695e+04 2.10207266e+04 8.04849812e+05
 1.24863588e+06 5.05567871e+03 2.24401350e+06 5.73579000e+05
 1.91775453e+05 2.61907850e+06 1.59260344e+05 7.98453672e+04
 1.43174938e+05 1.41569150e+04 1.58284795e+04 9.10779125e+05
 3.80673169e+03 5.58501328e+04 2.98003457e+04 9.15083594e+03
 1.38239938e+05 1.40504172e+05 8.87058984e+04 6.36171436e+03
 3.69560500e+05 3.28458031e+05 1.71239188e+05 1.76201609e+05
 4.01331094e+05 7.89328600e+06 4.36009297e+04 4.15293799e+03
 1.38023926e+04 1.53255188e+05 4.10824062e+05 3.93412461e+04
 5.18126641e+04 2.13879160e+04 2.11457656e+05 5.33744570e+04
 9.26784062e+04 3.76583050e+06 7.12119141e+04 1.18488762e+06
 8.33522461e+03 6.65703047e+04 6.87282960e+07 2.30432441e+04
 1.75727675e+06 1.17281719e+05 9.11920215e+03 1.84767922e+05
 2.90351465e+03 5.10591943e+03 1.25716006e+04 1.07678050e+06
 5.01893906e+04 8.66057031e+03 2.00000508e+04 7.66188359e+04
 2.03613360e+07 7.78693625e+05 9.97382344e+04 4.53830352e+04
 1.21305254e+04 2.21430898e+04 2.44855664e+04 8.26726719e+04
 3.49833800e+06 2.85824243e+03 9.03986562e+05 6.37256875e+05
 2.23282344e+04 1.59069062e+06 2.46358789e+04 4.61973477e+04
 3.78918844e+05 2.52940566e+04 5.01220531e+05 1.10198031e+05
 1.09564836e+05 5.28254188e+05 3.91687930e+04 1.15459312e+06
 2.69430400e+08 4.40311523e+03 1.19313695e+05 4.23711172e+04
 2.43685016e+05 1.65836781e+05 5.93138916e+03 3.80849152e+02
 1.50273594e+05 2.12843359e+05 4.49502148e+03 1.40863564e+04
 2.64142344e+05 9.83444824e+03 5.80109688e+04 1.11962764e+04
 4.40173047e+04 2.61860031e+05 4.61786816e+08 5.31562500e+04
 2.05416828e+05 3.94909648e+04 1.50520984e+05 1.36027800e+06
 2.20594727e+04 1.61725635e+04 1.06668447e+04 2.05541348e+04
 3.19775562e+05 1.70543457e+04 3.19324875e+05 1.45805797e+05
 9.53314875e+05 1.13077750e+06 8.52676406e+04 4.33281680e+07
 2.56087688e+05 4.78099406e+05 1.93657695e+04 7.69360205e+03
 1.98132266e+04 6.58196472e+02 5.14376416e+03 3.71361406e+04
 2.18312156e+05 6.20883594e+04 5.79932305e+04 9.57963516e+04
 5.66819850e+06 8.91069219e+04 2.83663938e+05 1.46296538e+06
 9.06617500e+04 7.97688438e+04 9.20868594e+04 1.76663691e+04
 2.14764297e+05 1.12555264e+04 1.30299162e+09 5.11522695e+04
 1.29970555e+05 2.83809805e+04 8.45424805e+03 6.44704219e+04
 2.79326426e+04 1.83556838e+06 1.09765098e+04 8.24774316e+03
 1.17300352e+05 2.45227156e+05 1.12942055e+05 1.43478736e+08
 1.79569188e+05 1.07081852e+05 1.69521412e+06 1.52081318e+04
 1.00776953e+05 5.67662250e+05 2.87873984e+04 1.05037838e+06
 3.44550342e+03 1.10251203e+05 4.35283008e+04 8.04296188e+05
 3.87737812e+04 9.15346240e+07 3.61327031e+04 2.81543340e+04
 4.09948094e+05 5.31967424e+08 1.14217148e+05 5.16993800e+06
 2.77300918e+04 8.17336797e+04 2.55559883e+04 3.85538906e+04
 3.59036016e+04 3.89981750e+05 1.68585605e+04 2.13278467e+03
 1.20973953e+05 4.90625117e+04 5.42248594e+04 5.51973477e+04
 1.75180430e+04 4.92353955e+03 1.26662539e+04 6.16731094e+04
 4.28233281e+05 4.04852271e+03 2.51977715e+04 2.11746465e+04
 7.10662625e+05 7.24266748e+03 1.63227575e+06 2.85920625e+05
 2.91479500e+05 2.00141406e+05 2.63473625e+05 7.54420450e+06
 2.03853797e+05 9.22393555e+03 1.04001250e+05 2.64218242e+04
 7.92933691e+03 2.81820879e+04 8.92969219e+04 2.14375950e+06
 2.51940762e+04 1.26914750e+05 3.65138711e+04 7.68749100e+06
 9.96621250e+05 5.95306152e+02 3.95349102e+04 3.88184814e+02
 3.28111133e+04 1.19966425e+06 8.64528906e+04 8.52297625e+05
 3.77369297e+04 1.39705231e+02 2.21992441e+04 8.44553188e+05
 9.20926641e+04 2.89789868e+03 2.20497703e+05 1.39238740e+04
 2.03663297e+05 9.22850250e+05 4.13091850e+06 7.70451250e+05
 4.58091992e+04 1.62439297e+05 1.25828190e+07 4.08945531e+05
 1.06825961e+05 2.69108531e+05 2.85849414e+04 3.28620273e+04
 1.50211621e+04 6.04181312e+05 1.94464812e+06 6.20579531e+04
 7.47253125e+05 1.92423203e+04 7.09737969e+04 4.88713625e+05
 7.23453047e+04 1.08009741e+03 3.61093008e+04 1.51867002e+04
 1.02125617e+05 1.70469316e+04 1.41566281e+05 8.50904688e+05
 9.78712500e+06 1.10636289e+04 4.27784258e+04 2.73746914e+04
 5.21925879e+03 2.11102285e+04 6.41614844e+04 7.23322344e+04
 3.84832373e+03 4.10303406e+05 1.61992484e+05 1.10997686e+04
 3.08948975e+03 6.11413938e+05 3.89057650e+06 1.16411227e+05
 9.78601367e+03 8.60864250e+05 2.86943781e+05 4.66967109e+04
 3.18599312e+05 7.40989922e+04 1.43816703e+05 7.60840479e+03
 4.17043789e+04 2.45602695e+04 4.72003000e+05 1.76836700e+06
 3.36371469e+05 6.70902500e+04 1.92848641e+05 8.08751562e+04
 9.12974297e+04 8.92645781e+04 6.66509812e+05 4.95160391e+04
 8.52862671e+02 4.10939531e+05 6.44975360e+08 3.59976797e+04
 1.56584950e+06 2.22874658e+03 8.25713672e+04 6.18936250e+04
 5.23979346e+03 3.37741914e+04 2.46452450e+06 2.80815094e+05
 1.96446309e+04 7.36018672e+04 9.32049531e+04 5.54084883e+04
 1.65104188e+06 2.27106172e+05 1.39941703e+05 1.64342281e+05
 3.48616719e+04 2.20922219e+05 5.56381688e+05 6.74214062e+04
 7.98298438e+04 2.62343633e+04 5.82341602e+04 1.22927744e+04
 8.43031438e+05 5.50317891e+04 3.60100635e+03 7.51140469e+04
 5.51577539e+04 1.05763271e+04 1.76528418e+04 2.26232234e+05
 2.49410203e+05 4.71170195e+04 5.41563938e+05 4.94528086e+04
 7.36591650e+03 7.61565938e+04 5.62909688e+04 3.23016562e+05
 1.30578438e+05 1.76288969e+05 7.82713500e+05 9.61046375e+05
 1.96970300e+03 4.93865312e+04 1.04791299e+04 5.35864141e+04
 1.75767762e+06 1.43160328e+05 1.72735750e+05 2.61629172e+05
 4.28050244e+03 1.17134953e+05 2.69301408e+08 6.02689023e+04
 2.88496350e+06 4.72587148e+04 1.04132269e+06 8.17037031e+04
 1.91831812e+05 1.42733185e+02 5.67928438e+04 1.22110180e+05
 1.23393762e+03 8.29579584e+08 3.89185205e+03 2.71732637e+04
 5.06821826e+03 2.89264188e+05 1.66066719e+04 2.70410469e+04
 2.07532891e+05 4.72692250e+05 4.33464750e+06 1.54523288e+06
 2.21732125e+06 2.72567168e+04 1.59774719e+05 1.66503531e+05
 7.30075049e+03 2.54867812e+05 7.75908232e+00 1.49810986e+04
 1.12612637e+04 3.49223844e+05 2.78023711e+04 3.56198094e+05
 1.05773375e+06 4.93415625e+03 5.08516750e+05 1.49108369e+04
 8.02046094e+03 3.22540059e+04 2.96279781e+05 1.38504538e+06
 9.45355762e+03 4.71346836e+04 2.51879281e+05 1.31608467e+04
 1.09443912e+06 1.80606453e+05 1.82777703e+05 2.21149562e+05
 2.25843562e+05 4.37036438e+05 6.25306953e+04 5.23838125e+04
 3.44034648e+04 2.42184375e+04 4.81096328e+04 8.88980347e+02
 2.95117456e+03 3.74395508e+04 3.42880859e+04 4.07794400e+06
 5.58760508e+04 8.87439922e+04 2.84668531e+05 6.34683047e+04
 2.46466312e+05 2.06423071e+03 3.03000250e+05 2.49313281e+05
 6.24401953e+04 8.23400234e+04 1.00904992e+05 1.25876016e+05
 2.38714766e+04 8.69057031e+03 1.50288838e+04 1.43830953e+05
 2.15849938e+05 3.30153555e+04 2.66860062e+05 2.06325266e+05
 9.26822688e+05 4.27796641e+04 2.16264547e+05 1.55256510e+07
 4.70273945e+04 9.66635000e+04 6.97242822e+03 4.64058100e+06
 5.79485312e+04 2.45550453e+05 1.08263538e+06 8.40522656e+03
 7.16138125e+04 1.08771180e+05 6.57027188e+04 1.26581875e+06
 1.41306953e+05 3.72330249e+03 5.57326250e+05 2.52996938e+05
 1.06103550e+06 1.32626475e+06 5.79832438e+05 2.16072688e+05
 9.72504980e+03 4.73434500e+05 3.75543335e+03 3.83276438e+05
 2.04775150e+06 6.10284288e+08 9.49010547e+04 2.61636875e+04
 1.59814781e+05 7.15503223e+03 2.46688164e+04 9.65293000e+06
 4.68290250e+05 1.59710703e+05 1.10199023e+04 1.72046641e+04
 7.29427734e+04 1.01792400e+06 1.23002549e+04 2.26911500e+05
 1.97965684e+04 1.18552197e+04 1.12910912e+06 5.27560125e+05
 5.78251211e+04 2.72860156e+05 9.24901074e+03 5.11447773e+04]
16157051.0
3205588000.0
