[7.76719238e+02 1.34674896e+02 4.90885620e+01 2.19799088e+02
 1.22727100e+04 2.51052197e+03 2.30203003e+03 7.67318604e+03
 1.41406182e+04 1.42305908e+02 3.60839795e+03 5.32329102e+02
 4.87367188e+03 2.17640106e+02 2.71135669e+03 6.65728394e+02
 3.28654846e+02 1.11957344e+02 3.79069672e+02 1.70005801e+04
 3.16020538e+02 2.43209591e+01 1.52495262e+06 9.32072876e+02
 1.21699059e+02 9.93246562e+04 2.34990859e+05 2.18633716e+03
 1.38752930e+02 4.88977081e+02 1.34050625e+04 1.40785995e+02
 3.26595361e+03 5.04752655e+01 5.69922559e+03 6.01091614e+02
 4.51957422e+03 2.00272144e+03 1.79498917e+02 5.97307678e+02
 1.66952600e+03 7.74190796e+02 1.68364551e+03 8.38248535e+02
 1.39634463e+04 8.86090622e+01 1.42315994e+02 2.06149902e+02
 3.01848877e+02 5.35952698e+02 4.60597015e+02 2.52430054e+02
 5.16857986e+01 7.30938672e+04 3.03154980e+03 1.52964783e+02
 1.09738984e+04 1.11382861e+03 3.39313623e+03 4.87827942e+02
 3.36627686e+03 3.85496979e+02 9.46921616e+01 2.61883087e+02
 1.43215790e+02 2.22511157e+03 3.83479156e+02 1.16713486e+02
 4.76224170e+03 1.66455124e+02 1.99390533e+02 1.38014282e+03
 5.63528366e+01 1.95854602e+03 5.26851624e+02 7.19380005e+02
 2.82597382e+02 5.32302666e+01 3.42833633e+01 6.06814492e+04
 6.63724609e+02 2.63414368e+02 4.48829727e+01 1.35879105e+02
 2.37709033e+03 9.53877106e+01 1.23202194e+02 3.32083435e+02
 6.38277881e+03 5.40419775e+03 5.00696838e+02 1.44580347e+03
 1.28127051e+03 2.33048047e+03 1.74586719e+04 1.04083899e+03
 3.54084473e+02 5.10929004e+03 5.88434424e+03 2.93670624e+02
 7.30093628e+02 1.61162927e+03 5.20832901e+01 3.18064697e+02
 1.22260168e+03 5.80674463e+03 1.54935867e+02 4.30679590e+03
 1.38534570e+03 9.47383194e+01 1.69462231e+03 1.18367881e+04
 1.57946930e+02 5.81365356e+02 2.45703156e+02 7.94309902e+00
 5.94830566e+02 1.36757295e+04 3.73965283e+03 1.50634735e+02
 5.93519629e+03 5.47539429e+02 1.07992803e+04 5.01744568e+02
 4.18399023e+03 9.33230286e+01 2.87923470e+01 4.90157013e+01
 5.32093872e+02 1.32129318e+02 1.83483139e+02 1.14387927e+03
 1.21777412e+02 1.00307806e+03 1.19556250e+03 1.94844833e+02
 1.30981339e+02 1.65964038e+03 2.11639551e+03 2.16289746e+03
 1.79543701e+02 9.64599609e+03 8.36618262e+03 1.86121426e+04
 1.17965958e+02 8.54840622e+01 9.01039612e+02 1.11699922e+04
 8.19861450e+02 1.30792402e+04 5.42588928e+02 2.76268555e+03
 2.29224457e+02 3.44119530e+01 1.52028599e+01 2.45053635e+02
 1.24255249e+03 5.42725391e+04 8.36049866e+02 3.32751367e+04
 1.61985303e+03 6.06243958e+02 3.40494514e-01 1.83572632e+03
 1.84372253e+03 2.88653491e+03 1.02083606e+03 2.32123230e+02
 1.11149170e+03 1.36935547e+03 1.89059555e+02 1.76217056e+02
 2.38757050e+02 6.26555811e+03 2.39333923e+02 4.06139746e+03
 2.12251050e+03 2.30683243e+02 1.53458472e+03 6.28219219e+04
 9.65039673e+02 3.40344513e+02 7.42786016e+04 2.05454926e+02
 3.77870148e+02 3.22269897e+03 4.10703156e+02 1.58712732e+03
 4.99690527e+03 8.93822949e+03 2.21528320e+01 3.28850922e+02
 1.23603354e+01 8.73150757e+02 6.26816345e+02 2.04223022e+02
 1.66465161e+03 1.79592285e+02 1.38248077e+02 7.98503174e+03
 1.43148056e+02 7.75955750e+02 1.20882676e+04 1.65858582e+03
 2.75560273e+04 2.40644995e+03 3.88584747e+02 3.42054672e+01
 8.27979065e+02 3.59923370e+02 5.59316254e+00 1.21441288e+01
 1.75591644e+02 4.61472900e+02 3.46411792e+03 3.58662476e+02
 2.07718652e+03 1.31505173e+02 8.71398730e+03 5.51089966e+02
 2.04752457e+02 8.30208511e+01 9.61352905e+02 4.43303467e+03
 5.53614441e+02 3.71445264e+03 4.45170074e+02 1.48406540e+02
 1.51862579e+02 9.91291443e+02 1.29264465e+02 1.20234131e+02
 7.17950134e+02 3.46484619e+02 2.50364883e+02 1.02864525e+02
 1.15449646e+03 1.84466057e+01 2.96405762e+02 1.36301300e+02
 8.54881714e+02 2.63256500e+02 3.22710425e+03 3.05924121e+03
 6.26116791e+01 9.54709015e+01 2.36750488e+02 5.28097046e+02
 2.31729077e+03 9.00603672e+04 8.32052551e+02 6.06177826e+01
 7.22487488e+01 1.09228485e+02 1.89805008e+02 1.32489929e+03
 2.18640820e+03 4.12745297e-01 6.63590723e+03 6.31976074e+02
 7.56960547e+03 1.36437383e+04 3.90203047e+04 1.02433586e+02
 2.30017944e+02 8.64634705e+01 3.36314697e+03 1.02615894e+03
 1.15998337e+02 5.73450195e+03 1.62169482e+03 1.18557148e+04
 3.75650732e+03 1.77750183e+03 1.03157305e+04 1.08200012e+03
 1.73942126e+03 1.20604629e+04 2.24286084e+03 4.37701025e+03
 1.24231348e+03 1.50811938e+03 1.66916412e+02 7.34046082e+02
 6.59524765e+01 2.49200607e+02 7.02699268e+03 1.06964365e+04
 1.23765381e+03 6.23472510e+03 8.05695859e+04 1.08962860e+02
 1.11766284e+03 3.86372375e+02 1.42252722e+03 1.39006555e+03
 5.45382652e+01 6.08248962e+02 2.34600562e+03 5.70872726e+01
 1.34935266e+03 3.20556755e+01 1.00742670e+03 3.07990283e+03
 1.67245590e+02 2.10582484e+05 1.45297998e+03 7.05857910e+02
 4.86663574e+02 1.96824316e+03 4.25157547e+01 3.21860138e+02
 2.34746660e+04 3.85257233e+02 5.47068634e+01 3.23022388e+03
 6.73208801e+02 4.37695166e+03 2.43682349e+03 6.84392883e+02
 8.08972900e+02 6.89867737e+02 2.08637769e+03 5.12491455e+01
 4.66246836e+04 5.79072632e+02 5.56488438e+04 2.69898865e+02
 6.35890137e+02 4.61581250e+03 5.40413696e+02 2.56492828e+02
 2.48438004e+02 2.63550171e+02 1.67439929e+03 2.06675195e+03
 6.58012009e+01 5.01324860e+02 5.93549170e+03 1.04706367e+02
 3.67608765e+02 1.39022568e+02 2.11246704e+02 7.52838477e+03
 1.32834076e+02 3.50547981e+01 2.62371674e+02 1.77939368e+03
 8.54391699e+03 3.50122559e+02 7.75980859e+03 2.68655898e+04
 1.58738000e+03 3.23495972e+03 1.02306079e+03 6.75327148e+01
 9.84339294e+02 6.31778946e+01 3.48250336e+02 1.46574841e+03
 1.97375745e+03 5.35716016e+03 2.66272324e+04 1.19174709e+01
 5.81788818e+02 9.97481641e+04 1.67906567e+03 1.13472986e+03
 9.72807891e+04 6.34064636e+02 5.23047363e+02 1.30662689e+02
 1.31781344e+05 8.01058044e+02 7.39596924e+02 4.99829541e+03
 3.51156133e+04 5.58761658e+02 4.43598862e+01 2.60874878e+03
 1.28882578e+04 6.60616016e+03 1.00689266e+05 1.54772192e+03
 1.01165382e+02 5.26640137e+03 6.97395752e+02 3.53035927e+01
 1.70410205e+03 4.51781097e+02 1.32130742e+04 4.68455170e+02
 4.51319008e+01 4.79711475e+03 5.29659462e+01 3.69724268e+03
 1.24097687e+02 2.50786719e+03 3.00138965e+03 2.26998071e+03
 1.49347961e+02 4.81878281e+01 1.09299683e+02 8.26038971e+01
 1.69859521e+03 3.22877588e+03 4.28530914e+02 1.24525037e+03
 4.85230062e+05 6.23565186e+02 6.43711609e+02 9.05605664e+03
 1.22546553e+04 3.33695312e+03 5.67928894e+02 2.16044702e+03
 6.81546021e+01 2.62663940e+03 1.23955597e+02 1.36501636e+03
 4.01409595e+03 6.37834358e+01 1.98874060e+03 7.23197708e+01
 7.13787079e+01 2.70839844e+03 5.14706665e+02 9.82717819e+01
 6.42497314e+02 8.95582703e+02 1.07343823e+03 1.05185049e+04
 1.65304092e+02 4.38014038e+02 5.52761169e+02 2.11150864e+02
 5.65075500e+02 1.94229660e+02 7.46367126e+02 1.42609045e+03
 2.09889343e+02 4.21429443e+03 2.86308105e+03 1.03042344e+04
 2.98722260e+02 8.89220337e+02 7.82801743e+01 5.73154590e+03
 4.26832373e+03 2.19160425e+03 2.24864917e+03 7.02985375e+05
 1.22615402e+02 3.94973267e+03 1.87730945e+03 1.30867706e+02
 1.09650192e+02 1.82548050e+02 1.94926348e+04 1.42360031e+02
 3.71068481e+03 9.18026886e+01 7.11365051e+01 5.50005436e+00
 6.52677051e+03 1.51079056e+02 5.58563477e+02 1.31917725e+02
 1.89635361e+02 3.54948516e+04 2.55531323e+03 3.87735062e+01
 5.82673218e+02 1.79768115e+03 7.46057068e+02 1.60767334e+03
 4.27238892e+02 4.83063011e+01 1.64904541e+02 1.71336578e+02
 2.76299622e+02 2.05950293e+03 3.26386646e+03 6.46722488e+01
 2.24525391e+02 4.86201953e+03 4.53861847e+02 7.32679395e+03
 2.01296326e+03 5.51954773e+02 7.79172821e+01 7.21445557e+02
 1.29552994e+02 1.69951550e+03 4.34548438e+03 2.88140411e+02
 2.11450714e+02 1.20149365e+04 5.23793762e+02 5.36823926e+03
 8.02168884e+01 3.59690796e+02 1.49027191e+02 9.03999146e+02
 1.36091934e+02 5.82214258e+03 2.47564502e+03 1.22300977e+03
 3.73007904e+02 1.46124893e+02 2.41883643e+03 8.83733093e+02
 1.10304314e+02 3.98577057e+02 9.24314880e+02 2.38219946e+03
 1.49260488e+04 1.58505615e+02 6.12961975e+02 1.76247513e+02
 2.23409119e+01 7.77657578e+04 2.89605255e+02 1.08516235e+02
 3.16990015e+03 9.60023422e+01 3.57452332e+02 7.07018750e+03
 6.96922241e+02 8.75905884e+02 5.50920105e+02 2.14120121e+01
 1.85288574e+02 1.27350340e+01 1.59744080e+02 9.93933582e+00
 1.34194763e+02 3.45493835e+02 2.93722382e+02 4.31139404e+03
 1.21342617e+04 2.80472871e+04 5.10508194e+01 2.84482574e+02
 7.79866638e+02 7.18116150e+02 1.35102236e+04 4.54423096e+02
 2.21316855e+04 3.44369141e+02 3.33279022e+02 2.64273071e+02
 1.79302563e+03 1.60152679e+02 1.49291138e+03 1.18415276e+02
 6.58515747e+02 7.39341309e+02 7.30132370e+01 2.53719849e+03
 2.14628589e+03 1.15579065e+03 7.78815430e+02 4.79164032e+02
 3.19514893e+02 1.49891357e+03 7.36134766e+02 1.86046426e+04
 2.05650122e+03 1.62088058e+02 2.11456934e+03 1.89139612e+03
 1.82715186e+03 1.80237561e+03 3.50163391e+02 7.44389600e+03
 9.97206116e+01 1.74272571e+03 2.26682587e+02 2.20587635e+01
 1.89287070e+04 5.78667236e+03 1.68888855e+03 5.22729639e+03
 2.43555322e+03 4.57000244e+03 6.06167336e+01 1.03461838e+02
 8.67766113e+02 1.69708191e+03 4.76633447e+03 1.50730103e+02
 8.14570862e+02 1.36258313e+03 6.36119751e+02 3.89373169e+02
 9.22492218e+01 4.83741951e+01 4.67967139e+03 3.51063232e+02
 4.20518203e+04 5.87649805e+03 1.60603256e+02 1.19214221e+03
 1.77052979e+03 2.00904388e+01 5.63936157e+02 2.89708374e+02
 4.60223145e+03 2.13368711e+04 5.28366821e+02 1.19458728e+03
 4.62605286e+02 4.67945465e+02 2.99270093e+03 7.18616260e+03
 1.24163271e+04 8.14742627e+03 1.56475859e+04 1.17470337e+03
 9.19012756e+01 1.09172295e+04 4.87131317e+02 2.05672073e+01
 2.62003125e+03 2.22834131e+03 4.85663135e+03 6.17274231e+02
 1.41417041e+03 2.34306421e+03 2.92317383e+03 9.06073059e+02
 7.79004578e+02 8.61319275e+02 4.94640923e+01 1.73626923e+02
 2.48976196e+02 1.65017609e+02 7.09315491e+01 1.49987529e+04
 2.75631348e+02 5.90771606e+02 4.59772400e+02 3.92504364e+02
 2.03962578e+04 1.99782730e+02 2.03037231e+03 4.37713672e+03
 4.73834686e+02 1.92055847e+03 8.35604004e+02 1.60438080e+02
 2.39362866e+03 8.06797485e+01 5.78486279e+03 2.42998169e+03
 6.79279724e+02 8.77151172e+03 5.41710083e+02 1.16851555e+02
 3.43412842e+02 3.59495068e+03 6.57729950e+01 1.70833145e+02
 1.17910156e+03 2.01760605e+02 2.02071014e+02 5.66286865e+02
 3.54160059e+03 1.74502832e+04 1.60444717e+04 1.66957474e+01
 1.63980127e+03 4.28652539e+03 1.37197939e+04 5.37353210e+02
 1.40238829e+01 9.29104309e+02 5.98707485e+00 1.11049424e+04
 4.29907867e+02 8.52517578e+02 1.73091415e+02 6.54602173e+02
 3.55170166e+03 5.61592712e+02 9.51768005e+02 1.20673145e+04
 4.85654968e+02 4.72725488e+03 1.60948328e+03 3.07171539e+02
 1.58549759e+02 3.71988647e+02 4.63109131e+02 5.56558533e+02
 5.76197998e+03 1.32077148e+03 4.01655502e+01 2.97623657e+02
 1.07079614e+03 1.49281631e+02 1.41941910e+02 1.44386169e+02
 2.34689522e+01 3.52990527e+03 1.99863815e+02 1.18842859e+03
 4.79835175e+02 5.31482300e+02 7.62295508e+03 2.07956421e+03
 8.53731445e+02 5.48796094e+03 2.75203516e+03 4.20084229e+03
 6.06243018e+03 1.16085365e+02 7.67368652e+02 6.34036865e+02
 5.14578247e+02 6.71210815e+02 4.18213501e+01 1.23667822e+04
 3.90690346e+01 7.09001892e+02 1.27190170e+02 7.30168274e+02
 5.67508484e+02 4.76232227e+03 8.78101135e+02 7.69881531e+02
 1.07073623e+04 1.38724434e+04 3.30892920e+03 5.79841156e+01
 9.03334900e+02 1.15820503e+00 6.39902611e+01 2.57101105e+02
 9.67357910e+03 1.03128528e+03 8.08572159e+01 4.01246246e+02
 2.05551849e+02 1.88293686e+01 1.20255258e+05 1.93845862e+03
 1.32473343e+02 9.72149353e+01 2.18819961e+04 3.68057068e+02
 2.65587671e+03 8.27308105e+02 1.48417084e+02 1.56083130e+02
 1.27990997e+02 2.65758423e+02 3.99407617e+03 3.45603516e+02
 2.41004565e+03 3.56633087e+02 1.53718399e+02 6.23987732e+02
 3.35512886e+01 9.88964462e+01 1.87305054e+03 6.17912109e+02
 2.59812317e+02 7.27449609e+03 1.05589814e+04 1.81383270e+02
 4.51621484e+03 1.01435768e+02 6.01481689e+02 2.09696704e+03
 3.41164154e+02 5.65373779e+02 8.95037613e+01 5.39275146e+02
 3.41228912e+02 1.60300949e+02 7.76154395e+03 8.49091949e+01
 1.71710938e+02 3.50379211e+02 2.23824170e+03 1.46044116e+03
 1.98295807e+02 1.49345703e+05 1.62834656e+02 2.79775635e+03
 1.71599335e+02 5.56802795e+02 5.36497461e+03 2.19146313e+03
 2.76599701e+02 3.07270569e+02 3.40009399e+03 3.18731885e+03
 5.91899414e+02 4.52891797e+03 1.11407784e+02 2.79489807e+02
 7.97652710e+02 2.82746265e+03 5.52917114e+02 2.65353271e+02
 2.16717239e+02 7.40180908e+02 7.27913635e+02 5.54303320e+04
 1.75231191e+04 1.68698877e+03 5.66738205e+01 1.39060638e+02
 7.25139526e+02 3.15555820e+01 5.62432764e+03 2.41842461e+04
 3.79921606e+03 1.24053345e+03 3.94588165e+02 4.74017822e+02
 6.46581116e+01 2.42166089e+03 5.33744690e+02 3.00936951e+02
 6.17729980e+02 2.05381527e+01 1.38793015e+02 8.33949805e+03
 2.22528174e+03 3.24646988e+01 7.16221985e+02 9.55560684e+01
 5.09094873e+03 2.64615674e+03 1.81224863e+04 4.62715477e-01
 5.00271339e+01 8.62176660e+03 6.94275391e+02 3.14410620e+03
 6.18155403e+01 8.00454895e+02 7.70802673e+02 3.08966579e+01
 1.91299805e+03 4.88850616e+02 6.90238571e+01 3.64198267e+03
 9.26143250e+02 8.41753784e+02 1.94237317e+03 1.33226543e+04
 3.27383789e+02 2.79716736e+02 2.59328156e+01 1.61721680e+02
 1.30663291e+04 2.71032495e+03 2.21543555e+03 6.75933960e+02
 2.65567322e+02 1.65703479e+03 1.10713066e+02 5.17938867e+03
 9.54902637e+03 7.02554565e+02 1.57552500e+04 2.60819061e+02
 9.43944397e+01 1.61492172e+02 3.96654755e+02 1.93786389e+03
 2.71996822e+01 1.75464325e+02 4.53030762e+02 5.70617676e+01
 1.86023117e+02 2.75517700e+02 1.44162872e+02 7.76645508e+02
 1.14903926e+04 1.71214136e+03 8.40900625e+04 8.81418991e+01
 1.88972559e+04 3.31622388e+03 2.89983917e+02 2.30282349e+03
 4.78206757e+02 3.92425323e+02 1.46073942e+01 1.72596484e+03
 2.88120899e+01 5.57663689e+01 3.16640106e+02 1.07016150e+03
 9.47313538e+02 8.06716995e+01 3.29018188e+02 1.57109146e+02
 7.98256226e+01 6.71242126e+02 2.06827808e+03 1.00987109e+04
 6.40418823e+02 5.93115540e+02 2.46071625e+02 3.03322815e+02
 3.86124048e+03 6.66838562e+02 5.52859253e+02 1.83062897e+02
 2.89282684e+02 1.09820740e+03 1.45775909e+02 2.37036545e+02
 5.48570496e+02 5.62842957e+02 1.16818274e+03 4.13218994e+02
 5.66492615e+01 7.53927832e+03 8.62721176e+01 9.65636641e+04
 2.01359848e+02 4.37883270e+02 1.58461340e+03 1.00108087e+03
 8.11390533e+01 3.13019531e+02 9.85172729e+01 2.94714233e+02
 7.52807251e+02 8.66194092e+02 2.69289215e+02 2.60820221e+02
 8.76640625e+03 7.90183563e+01 1.54526758e+01 2.83497217e+03
 1.78602142e+02 2.11574463e+02 2.82057922e+02 1.37821863e+03
 1.89194250e+03 1.87369034e+02 6.64056689e+03 2.70475531e+05
 1.56280701e+02 4.03307686e+01 4.37358185e+02 1.13452686e+04
 2.26497345e+01 1.92628784e+01 9.28150879e+03 7.51537476e+01
 3.76196014e+02 2.54558670e+02 5.40283585e+01 6.70869141e+03
 2.38322021e+03 3.89539927e-01 8.67863525e+02 1.88760773e+02
 1.43069004e+04 2.80456079e+03 1.21299365e+03 2.59607941e+02
 1.12297742e+03 1.25481812e+02 2.43311615e+02 4.83086572e+03
 3.74319297e+04 7.58697205e+01 1.13559837e+02 3.58579559e+01
 2.51069385e+03 7.13170052e+00 9.48556946e+02 1.79450656e+05
 2.22163391e+01 6.21738281e+02 7.37379837e+01 3.29358301e+03
 7.14399072e+03 1.69727551e+03 4.43555031e+01 5.93673486e+03
 5.33083252e+02 3.48947827e+03 8.03166553e+03 1.91435918e+04
 8.47090271e+02 4.22518066e+02 1.15697166e+02 1.52009689e+02]
7771.03
1524952.6
