[6.73498624e+09 2.92657120e+08 8.53396480e+08 1.43333760e+08
 7.58422784e+08 5.85127500e+05 6.46034360e+07 2.12555699e+09
 3.42137184e+08 4.86633840e+07 1.17928272e+08 3.00342560e+08
 3.71261728e+08 1.87099344e+05 6.67506840e+07 1.46194560e+08
 5.48618880e+08 8.12789184e+08 2.95832166e+09 1.80103782e+10
 6.24106680e+07 3.48803800e+07 2.29711036e+11 5.66363812e+05
 1.66647312e+08 1.87278131e+10 3.49220301e+09 8.49971440e+07
 8.89665440e+07 5.76792640e+08 2.82169825e+06 1.32969306e+09
 1.39253811e+09 8.29993516e+04 3.81577344e+08 9.21518640e+07
 6.48206600e+07 5.53884520e+07 2.60698288e+08 2.29432880e+07
 4.03004448e+08 1.37813264e+08 4.44386602e+04 1.75305936e+08
 9.93111250e+04 6.30463438e+05 6.28821120e+07 5.94159080e+07
 6.63153080e+07 7.44181760e+09 3.23835936e+08 1.76630752e+08
 1.31608110e+07 2.70371308e+10 5.88138000e+07 2.60100900e+07
 1.83235635e+09 9.40311654e+09 1.46624112e+08 4.65338600e+07
 9.53604160e+08 1.68713190e+09 1.01045734e+05 4.68482440e+07
 6.10250400e+07 3.98719488e+09 1.23463779e+04 1.57052864e+08
 6.42667200e+08 4.67299520e+08 2.67631920e+08 1.33196680e+08
 5.30619104e+08 1.21042150e+09 9.85490723e+03 1.53901555e+09
 1.19279344e+08 8.61434480e+07 1.44857891e+05 2.20285358e+10
 3.86887936e+08 3.05996224e+08 1.40399250e+06 6.62616256e+08
 2.78377824e+08 4.18602930e+03 8.93782000e+07 4.97486432e+08
 1.46386163e+09 1.48150528e+09 9.59659500e+05 8.88365360e+07
 3.26675968e+08 9.86358062e+05 3.14562888e+10 5.17326400e+08
 1.65406891e+05 4.45306720e+07 4.85307840e+08 1.68326133e+04
 2.95717984e+08 3.46629312e+08 3.48178594e+04 9.96884219e+04
 7.98726400e+08 1.40983283e+09 2.41367280e+07 9.83004160e+08
 5.77903808e+08 1.03572130e+07 1.21804000e+07 7.21175625e+05
 4.53447600e+07 9.16759744e+08 2.04561178e+09 4.54550176e+08
 3.87863203e+04 2.94868915e+09 1.31712552e+08 4.80317440e+08
 4.34320064e+08 2.63682176e+09 5.94329920e+08 6.97892150e+06
 1.08055181e+09 3.43801664e+08 1.39392304e+08 4.92066336e+08
 6.51616520e+07 1.57275156e+04 4.77316832e+08 7.40205100e+06
 4.64175648e+08 2.00980688e+05 4.13757880e+07 3.97806960e+07
 1.90799808e+09 3.16048640e+07 8.92350560e+07 1.25761216e+09
 1.67768819e+09 2.54626688e+09 3.61722163e+09 2.46022368e+08
 2.62303462e+09 1.68063880e+07 4.12352075e+06 3.79638451e+09
 4.41398170e+09 1.33552296e+08 8.27317188e+04 8.00506176e+08
 1.69688219e+05 5.98844544e+08 6.75366720e+08 2.45661296e+08
 1.05473477e+04 9.38765210e+09 7.01956560e+07 8.74773376e+08
 4.01280896e+09 5.47761344e+08 1.64101550e+07 1.93330400e+07
 2.24951859e+09 7.08452720e+07 3.01289040e+07 1.16708237e+09
 7.00123072e+08 2.37802112e+09 3.39097120e+08 5.03459328e+08
 9.63273360e+07 5.47579023e+04 7.97438592e+08 8.47866176e+08
 7.60411680e+07 2.83931140e+07 5.75554944e+08 1.43804365e+10
 1.08222285e+09 6.76492000e+07 7.10675850e+06 9.46183104e+08
 7.31288720e+07 1.66197170e+07 7.44997850e+06 4.58771712e+08
 8.20897200e+07 3.04401984e+08 2.72989875e+05 1.52557968e+08
 2.10674480e+08 5.13897880e+07 7.68071680e+08 1.48673536e+08
 8.82226432e+08 7.89579609e+04 3.65440928e+08 7.04300078e+04
 8.78441280e+08 2.82254208e+08 5.14487706e+09 3.31120416e+08
 9.90181504e+08 1.38026291e+09 4.04331008e+08 1.99080304e+08
 5.46278208e+08 1.93327020e+07 6.19684544e+08 1.75946540e+07
 5.19995150e+06 2.31960934e+09 6.18570432e+08 3.05084544e+08
 7.66375872e+08 3.54772031e+04 4.11927744e+08 5.95415936e+08
 3.31523860e+07 1.80230176e+04 4.60578880e+08 6.08239104e+09
 3.45101720e+07 3.55714609e+04 7.94525696e+08 3.69091360e+08
 1.18409672e+05 6.20211456e+08 8.95734272e+08 8.00373440e+07
 2.59754172e+05 6.54816896e+08 5.22795280e+07 2.32024294e+09
 1.22957939e+09 3.67378784e+03 4.08095584e+08 2.05375240e+07
 5.53849190e+09 2.70433856e+08 3.71566669e+09 5.74940096e+08
 9.09939453e+04 1.59506688e+09 1.20752026e+09 1.88831562e+05
 1.02267258e+09 6.72535808e+08 2.77849120e+07 2.22831795e+09
 4.90878656e+08 5.39835625e+05 2.19039040e+08 1.71543680e+07
 7.32294080e+08 7.32276650e+06 5.55414336e+08 1.65668027e+04
 4.18306000e+06 4.90373156e+05 3.78489600e+08 7.82127539e+03
 1.17970508e+04 7.79264200e+06 2.06330400e+07 2.70812219e+05
 1.80974208e+09 1.91512960e+09 3.94308064e+08 6.26636288e+08
 1.63755376e+08 7.64622400e+08 3.21439770e+09 4.49071232e+08
 6.12779392e+08 1.39837936e+08 2.51222352e+08 5.44708864e+08
 3.11971424e+08 7.95148125e+05 3.08208640e+08 7.36457920e+08
 1.21029580e+07 1.50907354e+09 1.03251021e+09 2.07354957e+09
 3.08283584e+08 2.31459635e+09 2.62538506e+10 2.48664760e+07
 1.65768720e+08 8.84314800e+07 5.42179712e+08 5.79036928e+08
 1.69076544e+08 7.48869184e+08 1.20102475e+06 5.33004609e+04
 1.61526281e+05 1.62526920e+07 3.49687808e+09 2.72842844e+05
 8.97278720e+08 6.42929213e+10 2.56536500e+07 3.04827402e+04
 5.73867264e+08 5.79052736e+08 2.80753696e+08 2.05117824e+08
 2.04739046e+09 8.83360000e+04 2.72710272e+08 3.94140250e+05
 9.53720000e+08 4.63806550e+06 6.65546520e+07 3.78501688e+05
 2.05477954e+03 3.18155719e+05 3.74247688e+05 8.72895920e+07
 9.29097088e+08 5.84899200e+08 1.21272515e+10 4.54621952e+08
 1.62615782e+09 2.69472608e+08 2.74067104e+08 1.25795790e+07
 3.09218304e+08 7.85713216e+08 8.30690480e+07 2.80824499e+09
 1.91466406e+04 7.76701360e+07 2.48194640e+08 5.26612383e+04
 3.57115360e+07 2.05866128e+08 4.93320416e+08 2.57050522e+09
 2.41073060e+07 1.22672100e+07 2.96334075e+06 2.09360179e+09
 1.65429388e+06 1.25457320e+07 2.76139853e+09 2.03075973e+10
 2.09052480e+08 5.01592704e+08 8.93577664e+08 1.26435354e+09
 1.29017240e+08 7.58021824e+08 8.04967040e+08 2.19583155e+09
 2.08677581e+09 1.96887264e+08 1.47281968e+08 3.49937664e+08
 3.49978624e+09 1.84620872e+10 6.93073920e+08 7.42540000e+07
 5.00915100e+06 1.92530419e+09 1.56364749e+09 3.30537907e+09
 3.04680474e+09 5.60072656e+03 1.50639375e+05 1.01670202e+09
 2.13451904e+09 6.37710312e+05 2.81338048e+08 1.69872480e+07
 3.26447130e+09 1.53138842e+09 1.63104346e+09 1.57116560e+08
 3.86283264e+08 2.65663488e+08 1.40442500e+05 1.01380320e+09
 3.57627648e+08 4.14072840e+07 3.80424627e+09 3.19524820e+07
 1.07331456e+08 6.71649280e+08 7.19002880e+08 6.78172891e+04
 2.95139000e+05 3.21901517e+09 4.09609560e+07 1.11767071e+10
 1.97330640e+08 6.15732070e+04 1.88260781e+04 2.62495340e+07
 4.24891040e+08 6.61124864e+08 1.34297110e+07 8.36140736e+08
 2.04209930e+10 1.41873860e+07 5.41956480e+08 2.87928678e+09
 6.08584680e+07 2.13670944e+08 1.16575501e+09 4.14120832e+09
 2.87696160e+07 1.73348966e+09 1.42702688e+08 1.38376934e+09
 1.84517375e+05 2.98451328e+08 3.18833632e+08 1.59720816e+08
 4.71012750e+05 7.20134800e+07 1.15482534e+09 1.06045062e+05
 1.43704612e+06 5.72573376e+08 4.41908192e+08 1.60679706e+09
 6.93086720e+08 9.89302272e+09 3.22381152e+08 1.06947976e+08
 1.85262432e+08 5.23126816e+08 5.00012544e+08 1.34790832e+08
 1.70796800e+08 2.54192700e+07 1.10192456e+08 3.67881216e+08
 7.24516608e+08 2.69407968e+08 1.23543195e+05 3.72855875e+05
 1.25610448e+08 3.06918031e+05 7.75138560e+07 6.06258708e+10
 2.66746640e+08 6.68196160e+08 9.55456448e+08 4.25442208e+08
 2.00183568e+08 1.66384269e+09 4.17809120e+08 1.21275160e+08
 3.78021656e+05 5.03886464e+08 4.62966944e+08 1.41536350e+07
 3.27377408e+09 5.73418650e+06 1.89447744e+08 3.43597760e+08
 2.40243880e+07 3.09647693e+09 9.46159297e+04 8.23552578e+04
 1.31876992e+08 1.12248094e+05 3.53982624e+08 2.14222195e+09
 7.06758900e+06 1.32499632e+08 5.25187800e+06 9.35703027e+03
 2.80012000e+05 1.34698099e+09 1.62895392e+08 2.65205980e+07
 1.28445816e+08 7.68543936e+08 3.78334400e+07 3.88564575e+06
 5.26870016e+08 3.04673568e+08 2.06319469e+05 7.57476240e+07
 8.06779400e+06 2.99774141e+04 2.10911152e+08 1.73990293e+04
 2.47807152e+08 3.74809920e+08 6.04406641e+04 6.42514400e+07
 1.77989080e+07 4.99437280e+08 9.38480080e+07 4.13012000e+08
 1.96289460e+07 1.88765776e+08 1.09769140e+07 1.19074340e+07
 4.56826624e+08 1.00242160e+07 1.32627620e+07 7.32120480e+07
 1.13939620e+07 5.81844864e+08 1.17365896e+08 1.93122586e+09
 2.83774531e+05 1.00201504e+04 1.21005005e+09 7.96532160e+07
 2.14808540e+07 2.65938688e+09 1.05571570e+05 3.59961031e+05
 3.11875904e+08 2.09109280e+08 4.92602624e+08 1.59781594e+09
 1.33584391e+05 4.76737920e+08 1.48790170e+07 1.47641280e+08
 3.36229216e+08 1.08429555e+09 2.80206520e+07 6.31136562e+05
 2.44601293e+09 3.24414336e+09 6.18588672e+08 1.92833888e+08
 4.62630560e+08 3.23921121e+10 2.19240575e+06 4.44444600e+07
 2.39580800e+07 2.88385728e+08 8.59303812e+05 5.61385640e+07
 7.07781504e+08 4.83218016e+08 1.02595304e+08 2.61129104e+08
 6.86075200e+07 8.02689792e+09 3.07954336e+08 1.75767632e+08
 7.26533120e+07 7.19273840e+07 2.86181840e+07 9.73458880e+07
 2.45464320e+09 1.24759424e+09 4.69620195e+04 8.51278272e+08
 5.82113840e+07 7.41211456e+08 2.77264096e+08 6.89152614e+09
 1.18523354e+09 3.66008600e+07 3.59616719e+05 8.08572608e+08
 1.31460851e+09 5.28470208e+08 2.33733043e+09 2.20569395e+09
 1.19760368e+08 1.60278848e+08 3.92322534e+09 2.46569840e+07
 1.32152340e+10 1.16458880e+07 5.63043500e+05 1.69741856e+08
 8.91306688e+08 4.47801094e+05 3.27942620e+07 8.98056576e+08
 1.05502278e+09 2.18762725e+06 2.37258208e+08 9.44264832e+08
 8.65364224e+08 3.30472680e+07 6.33835392e+08 1.57974416e+08
 2.62293952e+08 9.30942480e+07 5.58784704e+08 5.46078800e+07
 1.80881677e+09 2.43306138e+09 2.70329125e+05 3.47084128e+08
 1.77088614e+09 4.22500512e+08 2.63078500e+07 7.90153440e+07
 2.24741584e+08 3.43713344e+05 5.72419625e+05 1.32505438e+05
 1.65590608e+08 3.17004500e+05 2.71961952e+08 7.76955750e+05
 6.07211674e+09 1.28917391e+05 2.21994848e+08 6.45618048e+08
 2.97018700e+07 1.56402701e+09 1.45320016e+08 1.07002570e+07
 1.48564442e+09 2.53684531e+09 2.67112880e+08 9.43959500e+06
 1.07954778e+09 1.90465600e+09 1.65127462e+09 3.63809297e+04
 4.61134960e+07 1.13755162e+09 5.58952000e+08 2.92585480e+07
 7.79538960e+07 2.07405632e+08 4.35942062e+05 5.44344576e+09
 6.19919488e+08 9.68894912e+08 6.93034816e+08 9.25897000e+06
 9.57732352e+09 2.32267984e+08 1.90253920e+08 2.53384909e+09
 6.36847070e+04 2.71037840e+07 2.21713488e+08 1.02303968e+08
 1.51686336e+08 1.53774540e+07 2.41880064e+08 3.54496219e+05
 1.57437424e+08 4.81772512e+08 1.30690773e+05 3.39683136e+08
 2.15435620e+07 6.74519347e+09 2.69785750e+05 2.73353080e+07
 6.38252383e+04 4.75129408e+08 2.73643200e+07 1.78506621e+04
 2.36120820e+07 1.61980634e+09 3.96654336e+08 1.03274675e+09
 5.50537061e+03 2.18714912e+08 1.73031718e+09 5.41586688e+09
 2.30218535e+04 5.87190312e+04 1.55535014e+09 3.18489651e+09
 2.99983600e+07 2.31154102e+04 1.52750910e+07 1.30817141e+05
 2.62298240e+08 3.59442816e+08 7.38748720e+07 5.39035072e+08
 2.34073060e+07 1.62782733e+09 7.31143744e+08 9.43635760e+07
 3.94058675e+06 1.50829008e+08 5.88856640e+07 6.72433216e+08
 9.65449933e+09 4.12593312e+08 3.78250156e+05 2.89596352e+08
 1.04780047e+05 1.50494111e+04 1.00270464e+08 1.97929900e+07
 8.56586621e+03 3.63009920e+07 6.63391641e+04 1.95341738e+04
 1.37779226e+09 3.89393280e+08 1.54895984e+05 6.22573750e+05
 1.23685560e+08 1.56943675e+06 1.49548975e+06 2.62288848e+08
 4.74035264e+08 4.14648984e+04 1.01051469e+05 4.74822592e+08
 1.34670515e+09 2.38550080e+07 5.92173438e+05 8.22368625e+05
 2.44634336e+08 4.26022176e+08 6.42830280e+07 1.46574060e+10
 1.23326989e+09 1.92937922e+05 6.46194920e+07 3.71627441e+03
 7.90278320e+07 4.28088499e+09 1.62290547e+09 5.90043264e+08
 2.33457776e+08 3.68556032e+08 2.48461675e+06 1.38412266e+05
 4.43861658e+09 4.16702880e+07 1.52849370e+09 2.16844848e+08
 6.95083188e+05 9.79041625e+05 3.13764024e+10 1.43246912e+09
 1.95610281e+05 2.23071880e+07 3.49362048e+09 6.64649536e+08
 8.21381888e+08 1.00017741e+09 4.15080508e+04 3.86958280e+07
 1.44190032e+08 1.41826547e+05 5.57678464e+08 1.16305290e+07
 1.78834144e+08 1.06776848e+08 4.36925720e+07 4.51813376e+09
 3.66864672e+08 1.11303632e+08 8.88912640e+08 1.75189568e+09
 1.36618547e+05 7.91246562e+04 1.70324890e+09 1.68437453e+09
 1.10488410e+09 1.93858330e+09 6.31216680e+07 4.96374176e+08
 1.37318832e+08 2.91498800e+07 2.42005440e+07 3.58747227e+04
 1.95181900e+07 1.51453280e+08 1.75295181e+09 2.67915360e+07
 5.76213600e+07 3.28087584e+08 8.57750886e+09 2.12268512e+08
 4.36730938e+04 2.47634275e+06 6.15840080e+07 1.72435904e+09
 1.52036928e+08 1.89003597e+09 1.14979341e+09 1.36405422e+05
 1.80190840e+07 1.42970096e+08 1.94327232e+08 5.19444480e+09
 2.20330701e+09 5.41305920e+08 5.48781376e+08 1.77328464e+08
 1.17283494e+09 5.18851520e+08 2.97741344e+08 2.51136016e+08
 2.04736144e+08 2.94054707e+09 2.73197952e+08 3.25573025e+06
 6.73408410e+09 3.05186840e+07 1.04472326e+09 5.71341055e+04
 5.58628672e+08 1.32675752e+08 5.49467699e+09 1.25896397e+09
 4.30966840e+07 5.70630528e+08 4.22210784e+08 3.55797184e+08
 5.25390438e+09 1.67035112e+06 1.51731328e+08 3.26372375e+05
 8.93344960e+07 3.49075040e+08 5.33592256e+08 7.77832256e+08
 2.73323188e+05 2.55982944e+08 4.68943712e+08 2.35387712e+08
 5.08541056e+08 3.95338656e+08 4.17852640e+08 2.62287728e+08
 3.07647660e+07 1.82759547e+05 6.98402304e+08 3.21277750e+05
 5.18612480e+08 4.47764448e+08 3.71028608e+08 3.86399840e+07
 7.29321600e+07 1.70582740e+07 1.72851507e+09 1.19394208e+08
 5.73655040e+07 4.10629840e+07 2.37683156e+05 3.96879898e+09
 1.68006874e+09 1.00890275e+06 1.19058906e+05 3.79365248e+08
 2.87845990e+09 1.18619302e+09 1.44418238e+06 1.16023066e+09
 9.33263840e+07 2.35538912e+08 1.67434912e+08 3.75749856e+08
 1.45037146e+09 1.00460969e+05 7.95883264e+08 5.52975920e+07
 2.12118221e+09 7.70151406e+04 4.40141600e+07 1.51746816e+08
 3.30572480e+08 7.34267200e+08 1.99597320e+07 3.93078432e+08
 2.41894848e+08 1.42966318e+04 4.28823984e+04 8.54461440e+07
 4.06530304e+09 8.66155760e+07 8.91616512e+08 2.24083100e+06
 2.81555354e+10 7.88793280e+08 5.87831760e+07 1.72312422e+04
 3.42074440e+07 1.46489810e+07 1.16362600e+08 1.50067456e+08
 2.12245616e+08 4.85497344e+04 2.13107072e+08 3.71742362e+09
 3.54303590e+09 2.97543520e+08 5.99099080e+07 6.75192960e+07
 2.41018220e+07 3.05246368e+08 1.10925808e+08 5.61961523e+09
 2.20485888e+08 4.34615594e+05 3.23085248e+08 1.16735744e+09
 4.74902336e+08 3.92760896e+08 1.80530109e+05 3.24423008e+08
 1.13732200e+08 3.15790003e+09 4.16595920e+07 2.55323120e+08
 6.04062144e+08 4.19747456e+08 2.33992730e+09 5.53460096e+08
 2.96192352e+08 3.83213920e+08 4.61133760e+08 1.51720376e+10
 6.16715040e+07 5.82974592e+08 1.23505523e+09 5.53905625e+05
 6.23901520e+07 6.65857640e+07 5.46112256e+08 1.12978816e+09
 1.62580719e+05 4.35864992e+08 3.43554280e+07 4.31451992e+04
 5.98253824e+08 6.93470208e+08 5.00993900e+06 7.97009344e+08
 2.03047000e+05 1.02861208e+08 1.70755392e+09 1.44729969e+05
 1.23424864e+08 2.45715024e+08 1.21052160e+09 1.45748541e+11
 1.21193528e+08 6.39441472e+08 7.39741680e+07 7.97855625e+04
 1.97923584e+08 5.56092096e+08 4.29068723e+09 2.58266780e+07
 4.01252032e+08 1.38822090e+04 1.79505562e+05 5.65131213e+09
 1.06889188e+05 5.28012050e+06 1.73033882e+09 2.38877094e+05
 1.00960389e+10 3.93122752e+08 1.31474912e+08 1.15725086e+05
 5.33958047e+04 1.82549969e+05 7.11205391e+04 1.74045700e+07
 2.28826685e+10 9.61614272e+08 2.09434768e+08 2.75671712e+08
 9.42437188e+04 1.06425660e+07 2.81160256e+08 5.03281818e+09
 1.57312516e+05 1.42354534e+09 2.97061914e+03 3.27349140e+07
 4.70157500e+05 2.61003552e+08 1.35687949e+09 4.92257178e+09
 5.44549680e+07 8.84716172e+04 5.44291072e+08 5.55317562e+05
 1.39377140e+07 2.12987422e+05 3.48833056e+08 3.61301408e+08]
