[4.15354312e+05 9.00651465e+03 3.00028789e+04 1.12977803e+04
 1.67285016e+05 5.47645752e+03 1.65003797e+05 3.16326094e+05
 1.70768445e+03 1.15323969e+05 6.44850781e+04 1.68155047e+05
 5.94718812e+05 2.40101777e+04 3.20463403e+03 1.38455176e+04
 8.75251875e+05 1.19333955e+04 1.98229281e+05 2.54885525e+06
 7.21463750e+05 1.99190215e+04 4.92247200e+07 1.21556600e+06
 2.22650117e+04 3.54885275e+06 2.47362400e+06 7.50399922e+04
 2.71740375e+05 2.20616297e+05 7.24290710e+02 6.99832109e+04
 2.42938938e+05 4.41181016e+04 1.71584850e+06 1.13535562e+05
 3.96953625e+05 2.63209531e+04 2.44494688e+05 2.88535425e+03
 2.77575094e+05 8.87944812e+05 2.63867156e+05 4.89279219e+05
 3.73255469e+05 3.73306156e+05 7.84941250e+04 1.24605578e+05
 6.24728760e+03 3.17871325e+06 2.04625625e+04 5.52485938e+03
 2.19583828e+04 7.17332700e+06 1.43554297e+05 4.45377070e+04
 2.84621656e+05 2.22365950e+06 8.71675625e+05 1.88634121e+04
 3.17392883e+02 1.02139008e+05 2.49113403e+02 6.73177969e+04
 1.26605254e+04 1.49050375e+05 1.15118055e+05 3.63641758e+04
 1.79571719e+05 4.02298906e+04 1.02075664e+05 1.26197773e+05
 5.00067305e+04 1.21485059e+04 1.22703398e+05 4.95095062e+05
 3.28732969e+05 3.57071406e+05 1.94533516e+04 1.11243925e+06
 2.14466078e+05 2.87667603e+03 9.74940391e+04 2.79438535e+04
 1.53625703e+05 4.86419495e+02 1.20406141e+05 4.13100547e+04
 4.37978633e+04 3.05787812e+04 8.47024353e+02 1.18052338e+06
 3.67511157e+03 9.77843688e+05 8.55129900e+06 1.08015625e+05
 3.10683688e+05 4.68857188e+05 6.70039812e+05 6.43119690e+02
 2.25900797e+05 5.39731750e+05 8.52575488e+03 1.75664766e+04
 1.35237984e+05 1.56020840e+04 1.68936047e+05 6.09353828e+04
 2.78170531e+05 6.22497539e+04 1.86129414e+04 7.81568938e+05
 4.67866406e+03 2.48935938e+05 6.66501625e+05 6.84727812e+04
 1.30707984e+05 1.13717828e+05 2.20604500e+05 5.00797891e+04
 9.36070062e+05 1.12165738e+06 8.24376188e+05 3.50263175e+06
 5.87971500e+05 4.15696758e+04 9.23511797e+04 1.51343867e+04
 3.96727808e+03 2.53425625e+04 1.44841781e+05 9.33254297e+04
 1.71656969e+05 1.26375867e+05 3.55151602e+04 6.63747500e+04
 8.87931125e+05 8.74614766e+04 1.10352523e+05 3.45276172e+04
 2.40306758e+04 6.52995625e+05 2.89710875e+05 1.01105023e+05
 2.33369250e+05 1.45209355e+04 2.03924141e+04 7.47199938e+05
 3.08531812e+05 1.10871797e+05 8.29038984e+04 1.22329541e+04
 2.53120281e+05 7.58460078e+04 1.80809448e+03 1.57905293e+04
 6.42137549e+03 3.17516575e+06 5.91947363e+03 1.25671094e+05
 8.29854875e+05 4.34190430e+04 6.58984814e+03 2.76849648e+04
 7.83123594e+04 2.67908926e+04 1.82889922e+05 2.79493672e+04
 1.38405203e+05 2.86885219e+05 4.84319922e+04 4.96586875e+04
 6.96192812e+04 1.81036859e+05 1.36006172e+05 1.76115172e+05
 9.17821838e+02 8.67674375e+04 8.54857188e+04 3.78028350e+06
 5.63879188e+05 1.74739512e+04 2.13401925e+06 4.98692062e+05
 5.15379609e+04 7.07412939e+03 8.38876641e+04 7.79439219e+04
 2.77946688e+05 5.29637930e+04 1.26644111e+04 4.18642656e+04
 4.15885781e+04 1.62229906e+05 1.92512531e+05 9.60654688e+04
 1.90472225e+06 7.53543281e+04 1.45742451e+04 2.76967031e+05
 2.63154188e+05 5.00329875e+05 4.04611906e+05 1.47884188e+05
 3.74774175e+06 7.68644188e+05 1.25507508e+05 2.39331656e+05
 6.43761680e+04 4.49931328e+04 1.44991781e+05 2.80211625e+05
 4.66523877e+03 5.57339727e+04 4.17783984e+03 6.63638594e+04
 2.07224160e+04 7.03246045e+03 6.74219500e+05 5.46135547e+04
 1.71760531e+05 4.23467031e+04 4.51619961e+04 2.76319750e+06
 8.30347500e+04 3.05317406e+05 8.98512656e+04 6.56120459e+03
 1.84374031e+05 4.48404297e+04 7.32032969e+04 7.96162720e+01
 1.65799594e+05 1.00439531e+05 1.05410094e+05 1.11274112e+06
 1.34978345e+03 1.47131454e+02 1.84536844e+05 3.46606797e+04
 3.96198906e+05 1.02636133e+03 1.23416600e+06 3.24730188e+05
 2.45488306e+03 1.33126531e+05 4.02616367e+04 9.42048438e+04
 8.88058906e+04 9.03328600e+06 1.87536406e+04 6.66541250e+04
 2.17644453e+04 2.16208953e+05 2.45333953e+05 1.49029844e+05
 1.14219580e+04 3.21639746e+04 2.66948730e+04 9.80136658e+02
 9.99643600e+06 7.73893000e+05 7.51144562e+05 7.87170947e+03
 8.80603594e+04 4.08308086e+04 2.37802672e+05 5.83985156e+04
 5.83941375e+05 1.56592539e+04 5.70362617e+04 1.20156825e+06
 2.01006113e+04 1.94116956e+03 5.95797750e+05 3.65600969e+05
 9.58748375e+05 2.10260675e+06 3.42834656e+05 4.60224512e+03
 5.98854609e+04 1.08071825e+06 1.02959062e+04 3.46217305e+04
 3.39127930e+04 2.18865469e+05 3.28354656e+05 3.05527375e+05
 4.92985312e+04 3.95872500e+05 4.44193350e+06 5.86543867e+04
 4.61304500e+05 4.22429922e+04 1.34077500e+04 1.58445715e+03
 2.85904199e+04 6.31970875e+05 2.33425188e+05 1.47099502e+04
 9.87452188e+04 7.36067891e+04 1.25246450e+06 1.23715400e+06
 1.01784547e+05 5.17027750e+06 5.74579102e+04 2.82593730e+04
 9.35501367e+03 9.95169531e+04 2.02880859e+04 2.86181000e+05
 2.25890625e+06 3.40206016e+04 2.87544746e+04 2.54849344e+05
 7.38530156e+04 3.94064688e+04 1.24722461e+05 1.57485406e+05
 1.34347828e+05 1.61650547e+05 2.59703453e+05 5.46730812e+05
 1.12203398e+05 3.74254219e+04 1.32622588e+06 9.85546172e+04
 2.25169047e+05 1.04677875e+05 1.51325898e+04 9.02382344e+04
 1.41246953e+05 4.99776406e+04 1.60781953e+05 3.49892250e+05
 3.52787451e+03 1.57531616e+03 3.44004438e+05 1.02855875e+05
 1.83532500e+04 2.40381047e+05 8.30664551e+03 8.12229453e+04
 1.81852480e+04 1.25639160e+03 8.41602891e+04 3.49075531e+05
 2.53511859e+05 2.50953594e+04 3.53414656e+05 4.18306150e+06
 1.46106891e+05 7.68082438e+05 2.64538719e+05 1.23019875e+05
 1.33868888e+06 6.16772930e+04 1.72519727e+04 5.41221750e+05
 3.86606125e+05 1.65011500e+05 2.05076656e+05 2.69699878e+03
 4.43019219e+04 6.05977950e+06 2.30285266e+05 5.88732812e+04
 5.95905500e+06 2.92681406e+05 1.91781281e+05 4.31017812e+05
 5.23242700e+06 1.06664789e+05 3.52981375e+05 7.33938438e+04
 7.05676300e+06 7.28158812e+05 2.14307695e+04 1.30858887e+04
 9.18213500e+05 4.67199719e+05 4.44411650e+06 3.26074922e+04
 1.00818641e+05 5.46084812e+05 3.78247461e+04 3.35480312e+05
 1.00836388e+06 5.20560031e+05 7.37229875e+05 5.01821924e+03
 1.18079297e+05 1.26973719e+05 2.20049883e+04 4.82147938e+05
 4.49155703e+04 2.67737100e+06 3.06153719e+05 1.87301250e+06
 1.52530781e+04 4.75237988e+03 9.53027812e+04 2.19074727e+04
 2.20557422e+05 4.83946406e+05 2.32149609e+04 1.34364547e+05
 4.95028560e+07 2.24918031e+05 1.35151078e+05 8.31933188e+05
 2.62244562e+05 6.23233242e+04 1.35353512e+06 7.69114875e+05
 7.40804541e+03 4.85432781e+05 8.80360469e+04 3.11898969e+05
 2.17997906e+05 7.82338440e+02 4.12318359e+03 5.97703500e+05
 1.92897062e+05 1.66096531e+05 2.03028219e+05 1.12968941e+02
 6.72696250e+05 1.45914422e+05 2.44701172e+03 1.61851828e+05
 3.00701281e+05 2.56459750e+06 1.06040422e+05 6.90673516e+04
 4.43840742e+04 1.93554344e+05 2.20756922e+05 1.36573250e+05
 1.03157258e+05 9.39238438e+04 6.01165250e+05 7.88611188e+05
 7.84524062e+04 9.95995215e+03 1.26104977e+05 2.75145938e+05
 8.80369844e+04 6.53936133e+04 1.16068891e+05 8.73305800e+06
 9.88611133e+03 7.67193562e+05 5.16900375e+05 1.72667891e+04
 4.87608643e+03 3.61613000e+05 8.11155375e+05 5.79652930e+04
 1.90629109e+05 3.97744219e+04 2.34316055e+04 8.32677188e+04
 5.37498625e+05 8.71910000e+04 4.27655312e+05 2.84701152e+04
 1.54401172e+05 8.51943250e+05 5.57857617e+04 3.78151758e+03
 2.81773250e+05 6.19171500e+05 7.52545312e+04 1.40109000e+06
 2.04903770e+04 4.42077227e+04 2.89287461e+04 1.12383701e+04
 1.46327312e+05 5.31376125e+05 6.93463281e+04 1.53775359e+05
 3.66161108e+03 6.91002266e+04 5.07529938e+02 3.47949400e+06
 1.53308578e+05 1.95416602e+04 2.29757109e+05 8.67971562e+04
 5.06971836e+04 1.56480891e+05 7.43086094e+04 1.84101797e+04
 2.24849824e+04 1.60558525e+04 1.14740898e+05 1.27424398e+05
 1.18514473e+04 6.36930725e+02 9.55960312e+04 7.87941797e+04
 1.15036387e+04 1.68313066e+04 4.83136875e+04 8.79479766e+04
 2.66323223e+04 1.10389062e+05 7.75042188e+04 1.57537561e+03
 6.56528047e+04 2.11858797e+05 3.41289688e+04 1.33789575e+06
 7.31601625e+05 1.00778047e+05 7.53812500e+05 1.03560742e+04
 1.85398406e+05 7.27063900e+06 2.50624969e+05 3.80644897e+03
 1.00632881e+06 8.81583710e+01 1.68772383e+04 1.38424547e+05
 3.64735620e+03 2.52644043e+03 4.79635117e+04 6.86616250e+04
 9.55211094e+04 1.26156396e+04 6.45952148e+04 1.72379065e+03
 6.43700562e+05 4.13362188e+04 1.39188641e+05 6.13888945e+04
 3.19360969e+05 8.44617800e+06 4.07743789e+04 1.25243762e+03
 5.83271338e+03 1.09207812e+05 4.03936375e+05 1.68236191e+04
 1.62518725e+06 1.09346143e+04 2.31590984e+05 1.01268719e+05
 1.51012188e+05 4.51560000e+06 2.14132676e+04 1.29955775e+06
 1.31915732e+04 8.29275452e+02 4.07485000e+04 1.66326688e+05
 1.22065600e+06 4.12065938e+05 1.41500078e+05 3.27611375e+05
 1.12684229e+04 9.66151562e+04 5.69555703e+04 2.45715250e+06
 2.86473156e+05 6.71561641e+04 1.60895172e+05 2.49913297e+05
 2.97139475e+06 4.48676844e+05 2.61420000e+04 6.70143359e+04
 5.24927148e+03 1.54233105e+03 1.04388119e+06 1.88520195e+04
 4.36313469e+05 1.37015266e+05 1.45245662e+06 5.20952469e+05
 7.21877438e+05 5.08275600e+06 5.84752305e+04 1.92654077e+03
 3.41125742e+04 2.08024000e+05 4.12997500e+05 5.42678164e+04
 2.00655172e+05 1.06874883e+05 1.24860838e+06 2.42392703e+05
 1.21603154e+04 1.57320844e+05 7.80063125e+05 2.71376914e+04
 4.13377406e+05 9.39593562e+05 4.22703438e+04 6.84707891e+04
 3.38802531e+05 3.03626660e+04 9.04869688e+04 6.46870789e+02
 6.12897500e+05 1.47212859e+05 4.51738516e+04 3.40476375e+05
 5.40443500e+05 4.60055938e+05 1.64213016e+05 2.25125020e+04
 2.61768125e+06 1.34002100e+06 7.03317312e+05 4.16045281e+05
 3.30873555e+04 1.41863656e+05 7.41873906e+04 8.06845547e+04
 4.17016895e+03 1.25141006e+04 5.65225750e+05 4.32212305e+04
 9.34746484e+04 3.34250312e+05 1.61411211e+04 4.37380117e+04
 1.86879004e+03 7.39911621e+03 1.84027906e+05 1.35908344e+05
 2.19075016e+05 7.02813359e+04 6.44406914e+04 1.31132422e+05
 5.13345703e+04 2.84229719e+05 3.83960000e+04 3.77217216e+01
 4.43047150e+06 1.73067781e+05 2.78367125e+05 8.74266562e+05
 2.61721855e+04 1.21575180e+05 6.12228750e+04 7.55251328e+04
 4.16909750e+05 6.84111875e+04 3.54341750e+05 1.54517594e+05
 3.31165039e+04 3.63571281e+05 4.02702188e+04 2.68480742e+04
 1.08064570e+05 2.97237750e+06 4.27349594e+05 1.06328422e+05
 2.55350891e+05 1.88605432e+03 2.71966602e+04 1.93409547e+05
 1.48985635e+04 8.30324250e+05 9.35673594e+04 1.02320453e+05
 4.86636836e+04 1.11282852e+05 6.05775875e+05 7.61550928e+03
 4.09667422e+04 5.21201836e+04 2.26196266e+05 4.12089609e+04
 2.35694297e+04 5.02344141e+03 3.62000352e+04 3.08008223e+04
 1.41342375e+06 5.46636523e+04 3.56735781e+04 1.03281931e+06
 3.21164307e+03 2.06536641e+05 7.96674365e+03 5.05946094e+05
 1.94993266e+05 2.69522406e+05 5.65264746e+03 5.39062969e+04
 1.02623619e+06 1.17590992e+05 9.53062402e+03 1.18865438e+05
 7.65575469e+04 2.14440059e+04 2.20443848e+04 2.18727368e+03
 1.19849443e+04 3.46925688e+05 2.82768008e+04 1.60957949e+04
 1.60504031e+05 5.55160352e+04 1.16066858e+03 1.35983844e+05
 3.90191156e+05 1.13204238e+06 4.47986621e+03 4.89819594e+05
 1.28349953e+05 1.99977832e+04 7.44514453e+04 1.71486750e+05
 5.84148312e+05 6.34626404e+02 7.56701562e+04 1.25764475e+06
 3.73806183e+02 2.34852484e+05 9.91647578e+04 2.37373650e+06
 4.65405078e+04 9.53166016e+04 7.28979000e+05 2.09426609e+05
 6.26097500e+05 9.66387312e+05 1.55568875e+06 4.59195664e+04
 6.24529688e+04 1.19041945e+05 4.46953938e+05 5.34044062e+04
 1.98204100e+06 7.82646797e+04 3.92946167e+03 1.47347375e+05
 4.99097773e+04 2.44773359e+05 1.10948750e+06 4.49614500e+05
 4.45838281e+04 3.50299023e+04 6.84631438e+05 5.92193203e+04
 6.03572571e+02 2.81852363e+04 7.20016484e+04 9.77262268e+02
 1.43224422e+05 6.30147852e+04 2.72798475e+06 1.25333643e+04
 1.48886453e+05 5.74620850e+03 3.84737573e+03 2.02545594e+05
 1.13727047e+05 2.92516675e+03 6.57931484e+04 2.42070996e+04
 4.75900508e+04 4.09313031e+05 1.39623450e+06 3.58842969e+04
 5.65890800e+06 4.64658938e+05 5.76245469e+04 4.80945215e+03
 1.08849365e+04 1.72290844e+05 2.94769781e+05 6.87458828e+04
 6.30320312e+03 6.70303984e+04 8.84753875e+05 5.58636719e+04
 2.31581230e+04 5.77968562e+05 1.43482312e+06 4.48080859e+03
 5.75854590e+03 5.48847750e+06 3.88628750e+04 6.19428812e+05
 3.25200195e+03 2.02809844e+05 6.01237188e+05 1.06658227e+05
 7.95927109e+04 2.76123535e+04 7.99605188e+05 1.07570075e+06
 4.01206188e+05 2.60709844e+04 4.52034281e+05 2.18052625e+05
 3.68933312e+05 3.80946328e+04 6.09990250e+05 8.03952246e+03
 9.81124141e+04 7.49073938e+05 2.70543844e+05 2.55108867e+04
 2.03328612e+06 6.53661055e+04 1.15463586e+03 1.22351416e+04
 1.10893055e+05 9.21914375e+04 3.56990938e+05 4.62630000e+06
 5.15979031e+05 2.17322871e+04 7.21994250e+05 1.45483975e+04
 1.11494320e+05 1.75295812e+06 2.04169336e+04 2.86877406e+05
 1.18253922e+05 1.05750492e+05 7.50841062e+05 1.21927938e+06
 4.15591188e+05 2.21685605e+04 6.29509297e+04 7.77497109e+04
 6.78439500e+05 8.65040938e+04 6.75290625e+05 7.71256494e+03
 2.18431113e+04 4.43510594e+05 5.76213438e+04 2.08490262e+06
 2.29128641e+05 2.11842598e+04 2.24518297e+05 8.75118262e+03
 2.97333809e+04 5.14472500e+04 1.01315141e+05 2.64102562e+05
 1.15099469e+05 5.23079541e+03 5.26356641e+03 1.69906588e+06
 5.69324097e+02 2.95388225e+06 1.91282000e+05 2.16700195e+04
 4.48017156e+05 3.29108344e+05 4.59194950e+06 6.56079062e+05
 1.54432547e+05 3.02300781e+05 3.18357676e+04 8.91764062e+04
 5.07931188e+05 8.39632656e+04 1.52551225e+06 1.17438148e+05
 6.84188359e+04 5.70765576e+03 7.14698828e+03 4.95552578e+04
 1.93459062e+04 1.51099641e+05 6.97225625e+04 2.18702547e+05
 8.82152812e+04 4.54719500e+05 1.71428141e+05 3.69636421e+01
 3.29955562e+05 8.74789531e+04 3.53278725e+06 2.43625781e+05
 9.85910000e+06 2.88943594e+05 3.64514844e+05 1.27588875e+05
 2.37197609e+05 9.34752656e+04 3.22113984e+04 4.73100049e+03
 8.37195117e+03 1.20768133e+05 1.32193547e+05 1.09278575e+06
 8.71442383e+03 1.65136074e+04 3.32577227e+04 2.02323406e+05
 1.15118579e+03 4.52906211e+04 2.55854625e+05 1.47809150e+06
 5.20485234e+04 8.59706875e+04 1.82955879e+04 3.77231281e+05
 3.16281906e+05 8.17823984e+04 2.07616113e+04 4.46315750e+05
 3.55396836e+04 8.40511438e+05 9.27985234e+04 2.90764609e+04
 1.95512906e+05 1.04114111e+04 1.88293828e+05 2.43871234e+05
 2.05329321e+03 8.38641688e+05 8.99797500e+04 1.33348500e+07
 5.51313867e+04 8.82173750e+04 3.71616953e+04 3.19694812e+05
 2.40007168e+04 5.06828203e+04 6.85044375e+05 3.09098875e+05
 9.21203438e+04 8.54746484e+04 8.40709375e+04 2.90234531e+05
 3.31609094e+05 2.57530438e+05 3.38389414e+04 5.01910742e+04
 1.39857125e+05 6.08704250e+05 4.11235688e+05 1.03564773e+05
 4.94663188e+05 1.45305438e+05 2.34024828e+05 2.93679980e+07
 3.81190078e+04 2.00562285e+04 1.12471055e+05 7.46598625e+05
 1.17949766e+04 1.30533898e+05 1.32437900e+06 3.16258477e+04
 1.54013281e+03 7.69301172e+04 1.11588074e+02 4.75841719e+05
 7.42391188e+05 1.93373486e+03 9.02423312e+05 2.80425031e+05
 1.87079825e+06 6.84975000e+05 1.99532781e+05 3.18708555e+04
 1.23659938e+05 1.06933812e+05 3.51931797e+04 3.27633809e+04
 2.56330975e+06 1.44974072e+04 6.88312656e+04 1.32212012e+04
 3.48495273e+04 1.79698652e+04 3.97418125e+04 1.61421359e+05
 9.16905703e+04 4.12224688e+04 1.10654219e+05 5.45275750e+05
 2.98238906e+05 1.58876188e+05 1.17933362e+03 1.78276875e+06
 1.20134805e+04 6.50885742e+03 3.46521312e+05 2.70410062e+05
 3.55979028e+03 1.47138250e+05 4.77946016e+04 2.00166438e+05]
583957.6
49502856.0
