[6.36114893e+03 4.55956494e+03 1.94913184e+03 4.43431299e+03
 5.64257019e+02 6.33840637e+02 3.01851158e+01 2.74149219e+03
 6.25551331e+02 8.37602356e+02 4.30856903e+02 4.76424942e+01
 1.07887012e+04 1.06498642e+02 1.24572206e+00 7.89429703e+01
 5.17254639e+03 7.24059692e+02 1.00365693e+04 1.23781729e+04
 1.17491101e+03 3.19367645e+02 4.16138906e+05 3.35296387e+02
 1.46511646e+03 7.48176807e+03 6.30225508e+04 1.49189197e+03
 3.32830627e+02 1.09756859e+02 2.07606582e+04 3.26120911e+02
 5.32106873e+02 6.75418335e+02 1.06645225e+04 5.64600281e+02
 1.89697357e+02 2.67113098e+02 2.57106860e+03 2.66693823e+03
 3.42907656e+04 2.16207734e+04 3.20533838e+03 1.15747148e+04
 1.13826406e+04 4.23046582e+03 3.20602124e+03 7.50477600e+01
 1.06076514e+04 5.78318359e+03 1.47076733e+03 2.20290674e+03
 1.15021164e+02 3.58195618e+02 3.14077545e+02 6.54888306e+01
 2.61227905e+03 6.14046484e+03 1.05941631e+04 2.70219922e+03
 6.61362207e+03 2.22137231e+03 2.01497888e+03 2.44455963e+02
 4.31858521e+02 1.28375824e+02 8.81970581e+02 9.77131836e+02
 5.90587280e+02 3.19682910e+04 4.45551819e+02 2.13237640e+02
 7.39190552e+02 9.31106079e+02 9.94236084e+02 4.86136475e+03
 1.60708359e+02 1.45596875e+04 5.06811562e+01 8.20233516e+04
 1.12608459e+03 7.57950989e+02 2.01849480e+01 3.11167336e+01
 7.85897112e+00 1.60098007e+02 1.34514648e+03 1.07923622e+02
 3.60829346e+02 2.27727759e+03 3.13189355e+03 2.70137617e+04
 3.84896576e+02 2.38520370e+02 3.89645344e+05 5.98181305e+01
 4.47308594e+03 2.90496313e+03 3.57982251e+03 1.24468582e+02
 6.21949756e+03 5.12360547e+03 1.33547058e+02 5.35000293e+03
 1.60959427e+02 2.50525391e+03 3.33196265e+03 5.12656885e+03
 3.56443433e+03 2.13632935e+03 1.69546289e+03 3.13482300e+03
 2.37172806e+02 6.87777466e+02 1.18347910e+04 5.01440735e+01
 1.07311536e+03 6.40681152e+02 2.08730908e+03 1.54072113e+02
 6.03889307e+03 3.27774780e+03 8.49529297e+03 1.12873750e+05
 1.04314232e+02 8.75536880e+01 3.72158356e+02 1.45119482e+03
 2.60584351e+03 6.90852814e+01 2.60307617e+02 1.18250801e+02
 2.65477886e+01 1.90432373e+02 1.15566687e+03 1.69921289e+03
 2.43313660e+02 2.85256996e+01 2.98498438e+03 6.88238602e+01
 5.68918518e+02 1.88136230e+04 4.23437225e+02 9.12612427e+02
 9.34552734e+02 1.00553552e+03 3.52347565e+01 3.19807739e+02
 8.37741089e+02 4.61337598e+03 8.94756851e+01 7.55328674e+02
 4.31474823e+02 1.13403479e+03 2.17917358e+02 1.03196541e+02
 3.05026428e+02 1.64664038e+03 5.84385147e+01 3.24750059e+04
 1.18754407e+03 1.17376221e+03 8.56919128e+02 1.14219894e+02
 1.04700732e+03 1.65150244e+03 5.20031494e+02 1.71729950e+02
 6.25458050e+00 3.11170117e+03 1.52057239e+03 2.50960083e+03
 6.91960083e+02 4.71303516e+03 2.41740250e+02 7.86330811e+02
 3.30838043e+02 4.97081482e+02 9.48994446e+02 1.85148984e+04
 1.15674082e+04 1.28027939e+02 5.53788770e+03 8.10631543e+03
 3.31277100e+02 5.53921700e+01 1.14573718e+03 6.71639252e+01
 3.32748291e+03 1.65728076e+03 2.69693188e+03 1.32627173e+03
 2.56770923e+03 2.13468457e+03 1.93871621e+04 5.60388306e+02
 2.36830117e+04 3.07628937e+02 1.78814136e+03 1.95062903e+03
 8.90445435e+02 1.82952852e+04 1.65906458e+03 9.88362122e+01
 3.76166719e+04 3.06575078e+04 1.25053772e+02 1.17912781e+03
 1.47895593e+03 1.68573380e+02 7.57708069e+02 5.15871521e+02
 4.62455231e+02 7.57589893e+03 5.66727393e+03 4.32573318e+01
 3.04046135e+01 3.14578209e+01 5.04148242e+03 1.27578316e+02
 4.07608582e+02 1.55983994e+02 1.89032028e+02 2.20888887e+04
 4.67633179e+02 5.46159180e+03 4.12335645e+03 2.14569534e+02
 2.14174545e+02 5.23678613e+03 3.80892944e+03 7.30722656e+02
 7.60937134e+02 8.86357239e+02 1.49305518e+03 1.38397754e+03
 3.89009888e+03 1.90131130e+01 2.03890088e+03 3.83006714e+02
 6.73331836e+03 6.14828453e+01 9.39678223e+03 1.79337461e+04
 2.18626556e+02 2.66788257e+03 3.41430957e+03 1.53476776e+02
 9.75069397e+02 9.94880859e+04 2.52356873e+02 3.04894482e+03
 3.48940094e+02 5.55643799e+02 3.48604321e+03 2.59658630e+02
 1.82321765e+03 1.15190155e+02 3.75809845e+02 1.34480371e+03
 8.17563660e+02 2.71665601e+03 3.60457930e+04 1.05438049e+02
 3.17360138e+02 2.86910083e+03 5.45801514e+02 5.16225769e+02
 1.67564160e+03 8.59794922e+03 4.92289948e+02 1.43481182e+04
 3.34538818e+02 1.61760422e+02 3.37915391e+04 5.76514893e+02
 8.82032617e+03 1.82825020e+04 3.67480865e+02 1.13315430e+04
 5.73296875e+02 7.84666626e+02 1.21668457e+03 1.38160461e+02
 1.47068115e+03 2.35805029e+03 3.93540918e+03 6.31746582e+03
 2.65903516e+03 9.20950256e+02 1.21577906e+05 3.72768974e+01
 4.14915283e+03 6.22132324e+02 1.02935645e+03 5.73973877e+02
 2.99685571e+03 4.93174658e+03 1.00785638e+03 7.36610947e+01
 1.44156342e+01 2.16514511e+02 7.76031113e+01 6.53969824e+03
 1.77385620e+03 8.32097422e+04 9.52854309e+01 1.35680449e+04
 1.86511536e+03 1.32876001e+03 2.08928848e+02 9.03057434e+02
 4.89694727e+03 9.96697205e+02 4.35595846e+00 4.52857025e+02
 2.32818314e+02 6.62142627e+03 2.29127515e+03 5.67349609e+03
 1.42657129e+03 6.56510376e+02 1.50143567e+03 1.41004236e+03
 8.80275684e+03 4.57814117e+02 4.27760352e+04 4.38137500e+03
 1.05651172e+03 1.80177600e+03 8.86600159e+02 6.61840057e+01
 4.67927399e+02 7.20883728e+02 2.55188257e+03 3.55719629e+03
 2.68718994e+02 5.82195435e+01 8.35272656e+03 5.14597107e+02
 4.26544287e+03 1.20245439e+04 7.46048889e+02 5.20978516e+03
 2.55101654e+02 5.23495388e+00 2.56881836e+02 2.20114526e+03
 9.54259766e+03 1.37366653e+02 4.93961475e+03 1.37014492e+04
 2.08025452e+02 1.18584241e+03 2.11729346e+03 4.93256104e+02
 2.28944551e+04 4.37141064e+03 5.38045605e+03 7.55918066e+03
 4.24021271e+02 1.21403084e+02 8.40899414e+03 7.97611389e+02
 3.90757539e+04 5.47559258e+04 1.34373215e+02 2.16630585e+02
 6.81941016e+04 5.16115601e+02 1.79887671e+03 1.33373669e+03
 1.10403477e+05 6.94655823e+02 1.50186646e+03 1.84676738e+04
 8.91482656e+04 9.46163184e+03 1.60116199e+03 1.21326575e+03
 6.80901025e+03 5.58977441e+03 9.37026172e+04 3.04487366e+02
 1.50849194e+03 9.34792786e+02 2.56389355e+03 1.87546216e+03
 4.15445508e+03 2.57268384e+03 8.16721924e+02 7.07187500e+01
 2.76393091e+03 1.82039575e+03 3.14009082e+03 2.40279858e+03
 1.38873938e+03 1.23576855e+04 1.87582703e+01 4.00804102e+04
 8.49733032e+02 4.59309174e+02 2.11279175e+02 2.50187546e+02
 1.84027588e+03 3.51567896e+03 5.18284119e+02 3.56151270e+03
 2.26730723e+04 2.24725037e+02 1.13601151e+02 7.57336328e+03
 3.92117266e+04 2.82570679e+03 2.19448779e+03 1.95320566e+04
 2.33816260e+03 1.62537878e+03 4.62003906e+03 3.17719238e+03
 4.38077930e+03 6.13392944e+02 1.04433472e+03 5.21622009e+02
 3.50516040e+03 8.71127319e+01 2.57758179e+03 5.68676376e+01
 1.31372158e+04 6.15232727e+02 9.18154785e+02 1.00987439e+03
 2.73866333e+03 1.31604082e+04 3.61852936e+02 6.25068542e+02
 7.08132690e+02 1.03286584e+03 1.34699780e+03 1.31248401e+03
 1.28679596e+02 1.40250952e+03 6.59418896e+03 1.74733125e+04
 2.66758740e+03 8.59571716e+02 9.82069214e+02 2.63313843e+03
 5.39664795e+02 4.12897705e+02 6.08789978e+02 1.68107219e+05
 3.40516382e+03 5.90891211e+03 5.33415967e+03 1.09191177e+02
 5.75370911e+02 1.57543433e+03 9.07037415e+02 2.33235901e+02
 5.41935181e+02 1.76331409e+03 3.64762158e+03 5.54929077e+02
 1.43127368e+03 2.02832966e+01 1.09741113e+03 1.30640427e+02
 9.15412354e+02 8.88417090e+03 3.83723083e+02 6.48755420e+03
 1.75787622e+03 1.98656677e+03 1.45647507e+02 9.99271973e+03
 9.96736511e+02 4.90258154e+03 1.04564429e+03 1.09228735e+03
 2.32026855e+02 7.07052917e+02 1.84616858e+03 1.07230530e+03
 3.11974121e+03 2.30665430e+03 2.80229370e+02 6.99577656e+04
 6.08822556e+01 1.08835303e+03 1.09646454e+02 3.91152539e+03
 3.52451874e+02 3.94914307e+03 3.16771191e+03 4.02576508e+02
 4.91112183e+02 5.43861953e+04 6.27905457e+02 3.17849731e+02
 6.65900116e+01 1.60399243e+03 4.46969043e+03 2.57369214e+03
 1.50239349e+02 7.05279999e+01 4.61284241e+02 3.36513379e+03
 2.04387192e+02 1.04412071e+02 9.56290710e+02 5.51421082e+02
 4.02357758e+02 2.79350049e+03 4.04817291e+02 9.08573340e+03
 4.17184668e+03 2.03116852e+02 2.93377539e+03 2.54333569e+03
 8.99332947e+02 2.76972504e+02 2.27514282e+03 3.07603687e+03
 5.08222998e+03 2.22327789e+02 2.12974780e+03 3.14967734e+04
 2.59948761e+02 3.05159424e+03 1.39286652e+02 1.30568266e+01
 1.48811536e+03 1.05220459e+03 4.89495880e+02 1.09548279e+03
 3.49225647e+02 4.21760059e+03 2.54581726e+02 1.30509497e+03
 2.63979932e+03 1.82495605e+03 2.10708218e+01 3.37522980e+02
 4.87842194e+02 6.58831558e+01 2.68222363e+03 3.98555786e+02
 1.51476797e+04 1.06518433e+03 6.26252747e+02 4.14135284e+02
 1.71432629e+03 1.21869014e+04 1.01781763e+03 4.92942041e+03
 6.06862207e+03 1.31082434e+03 8.08092590e+02 2.11279810e+03
 2.65389771e+03 5.44265723e+03 2.42371048e+02 3.13641699e+03
 4.32794113e+01 8.00570068e+02 2.08396509e+03 2.10499883e+04
 7.73249573e+02 2.58432617e+02 3.26782084e+00 2.62682129e+03
 3.84926367e+04 1.32096660e+04 5.58250732e+01 6.49608826e+02
 9.11215210e+02 2.02862537e+03 9.54443555e+03 1.23004082e+02
 6.68587500e+04 1.70627335e+02 1.39635361e+04 7.00849219e+03
 6.99265088e+03 5.40159546e+02 9.79004059e+01 3.12188770e+03
 1.12705457e+03 7.46125537e+03 2.33488203e+04 2.00405200e+03
 1.87654816e+02 3.49977100e+03 1.22676282e+03 4.27523145e+03
 1.20024963e+03 7.92906738e+02 3.85793091e+03 1.78925003e+02
 1.23960273e+04 2.02976016e+04 2.03001511e+02 8.25645691e+02
 1.50873965e+04 1.05759262e+02 2.20892227e+02 2.73527783e+03
 4.84324249e+02 8.95439062e+03 1.10796143e+03 3.84888428e+02
 8.86788269e+02 6.37728076e+03 1.26195813e+03 2.62597900e+03
 2.78746094e+04 6.43263672e+02 7.86593604e+03 3.16473950e+03
 4.70963501e+02 5.91933643e+03 1.07943091e+03 4.18244995e+02
 2.08239380e+03 1.33516602e+04 2.06850073e+03 5.48510803e+02
 1.68174698e+02 1.96999988e+03 7.40918604e+03 3.34328217e+02
 2.80279114e+02 3.39885941e+01 1.10005463e+02 1.24306836e+03
 3.65442871e+02 1.15933523e+01 2.62486792e+03 1.33583740e+04
 3.62221405e+02 5.54251099e+02 4.48697949e+03 7.79934143e+02
 8.60371680e+03 1.30870819e+01 2.36499341e+03 2.01107637e+04
 4.45525604e+02 1.35951736e+02 7.64388245e+02 4.46008759e+02
 2.55560669e+03 6.95019226e+02 3.34555493e+03 1.42192041e+03
 2.70395569e+02 5.30265771e+03 9.55429321e+02 1.13072961e+03
 5.22500684e+03 2.00267151e+03 1.90289512e+04 2.33853321e+01
 1.14377271e+03 2.00565292e+02 8.68212952e+02 1.13963464e+03
 1.26456505e+02 6.12762598e+03 2.30556992e+04 2.15367139e+03
 3.09563354e+02 5.16417090e+03 4.07683289e+02 3.02826113e+04
 1.39689255e+00 5.73889697e+03 6.32078125e+03 1.12497686e+04
 1.19206018e+03 2.34991333e+03 4.96370544e+02 2.62503510e+01
 1.09940977e+04 7.65873795e+01 8.65992188e+02 3.17198608e+02
 1.54108838e+03 2.85974536e+03 8.74164612e+02 4.66829004e+03
 3.61318512e+02 3.84670679e+03 3.41248749e+02 2.07027808e+03
 8.38924805e+03 4.17703522e+02 1.52006372e+03 1.70888562e+03
 3.10234961e+03 1.25070569e+03 9.78126068e+01 5.34141846e+02
 3.11963843e+03 2.71956329e+02 4.29149933e+02 2.96224579e+02
 1.51387634e+03 2.62749786e+02 2.18808691e+03 4.14074921e+02
 3.86300140e+02 4.27511377e+03 1.49452178e+04 6.24171484e+03
 6.64148987e+02 4.50260010e+01 8.16119461e+01 7.32744507e+02
 3.61486182e+03 2.51850067e+02 3.41833838e+03 1.61759238e+04
 2.01987305e+02 1.50723767e+03 1.56420593e+02 1.55559750e+05
 1.11154570e+04 3.79296387e+03 2.11264941e+03 1.62809961e+03
 7.11517236e+03 8.73425293e+03 1.60938643e+04 5.03324921e+02
 2.36154739e+02 2.77312964e+03 1.15803662e+03 8.19243359e+03
 2.39341406e+03 2.06923416e+02 3.37346100e+02 1.87330841e+02
 8.29855713e+02 6.38655566e+03 1.39881562e+05 7.35946631e+03
 1.43534888e+03 1.07602356e+03 2.96837637e+04 5.71450745e+02
 6.26480664e+03 3.10513489e+02 2.18023657e+03 1.37052100e+03
 1.76861588e+02 6.38867859e+02 1.77928638e+03 4.94386196e+00
 4.67726074e+03 9.42253265e+01 1.14221680e+03 1.70993030e+03
 4.04759338e+02 7.00374832e+01 3.36822083e+02 6.03048633e+03
 9.37903931e+02 1.70831172e+04 7.87196159e+00 7.31674561e+03
 5.52985742e+04 1.02566528e+03 2.68700122e+03 5.85151939e+01
 4.72838684e+02 7.62884827e+02 3.51975146e+03 4.22662451e+03
 1.13878333e+03 2.27614502e+02 7.10606812e+02 6.21322571e+02
 1.39110992e+02 2.06398691e+04 4.27554141e+04 3.46664215e+02
 2.65654240e+01 9.91823828e+04 4.78574585e+02 1.13483606e+03
 1.43314990e+03 7.32978662e+03 4.40311621e+03 1.84069153e+03
 3.30360229e+03 9.16900330e+01 3.06226587e+03 7.93714453e+03
 9.26358691e+03 4.31004443e+03 3.61633716e+03 6.74862061e+02
 1.39339490e+03 1.04468546e+01 4.78562256e+03 6.05794495e+02
 2.03429431e+03 1.76867129e+04 3.03646631e+03 4.00548950e+03
 2.28187227e+04 2.37818726e+03 1.27033997e+03 1.01420721e+03
 2.65229248e+03 3.49493561e+01 2.64103867e+04 6.89611406e+04
 2.52553809e+03 3.18717896e+03 4.74230820e+04 7.82888184e+02
 7.27061084e+03 1.78674182e+03 2.60968140e+03 3.50684479e+02
 1.72112396e+02 2.13524429e+02 2.62813672e+03 4.53341846e+03
 3.42967010e+02 1.85149207e+03 7.23580704e+01 2.04546326e+02
 6.11954785e+03 1.93496876e+01 1.00129326e+04 1.66966354e+02
 4.74782684e+02 2.67965942e+02 1.89971069e+02 1.19684795e+04
 6.40101395e+01 3.23564453e+02 1.85856616e+03 2.53200111e+01
 1.08129138e+03 5.17443085e+01 5.93732605e+02 1.71307251e+02
 9.67463770e+03 1.75672180e+02 6.38740906e+02 4.33314102e+04
 7.40389038e+02 3.07757148e+04 5.72228418e+03 8.29675049e+02
 4.92952734e+04 5.49714813e+01 3.35789883e+04 3.03773340e+03
 3.54191406e+03 6.15889502e+03 7.22328796e+01 2.02182434e+03
 4.77067725e+03 1.44083664e+02 3.38029688e+04 3.08679004e+03
 9.89215781e+04 2.21501807e+03 3.96942566e+02 8.81170410e+02
 1.06803955e+03 3.81775439e+03 7.81901184e+02 3.56770337e+03
 1.58559906e+02 1.66752917e+03 9.44698120e+02 4.37358691e+03
 6.80024561e+03 1.66791870e+03 1.84144214e+03 2.55871836e+04
 3.59986094e+04 2.45751123e+03 1.27635139e+02 8.09678650e+02
 1.61672827e+03 1.56359448e+03 7.72797913e+02 2.66967871e+03
 4.28569427e+02 1.12472327e+03 8.94311719e+03 3.85693359e+03
 2.27225220e+03 8.41096619e+02 2.16351105e+02 3.66829858e+03
 1.98066910e+02 2.03926422e+02 2.41409302e+02 1.29276094e+04
 1.14793591e+03 5.05612793e+03 1.33491174e+03 5.05357275e+03
 2.02776013e+03 1.66272949e+03 8.02261719e+03 1.84758850e+03
 7.06548035e+02 4.26749561e+03 1.33777451e+02 1.03105812e+02
 6.17754761e+02 6.22674438e+02 4.85505176e+03 3.92276825e+02
 2.91479702e+01 2.87995020e+03 4.47378143e+02 8.45251641e+04
 2.12880127e+03 3.08387891e+03 1.43690833e+03 5.45909326e+03
 3.93731537e+02 6.06813660e+02 5.73696973e+03 4.09213562e+02
 1.94964157e+02 1.75062469e+02 2.34334610e+02 2.60143188e+02
 8.71384506e+01 2.73539575e+03 5.62186707e+02 4.04548926e+03
 6.49979172e+01 8.52299805e+03 6.06802979e+03 5.04197510e+03
 5.19822363e+03 6.35169800e+02 8.43496628e+01 9.13274500e+05
 3.55504028e+03 1.83479858e+03 1.94472366e+02 3.99989570e+04
 1.41505081e+02 4.07841705e+02 7.07521875e+03 4.48139534e+01
 6.87673462e+02 1.32772812e+02 2.10945728e+03 9.72404907e+02
 1.45037170e+03 2.41780014e+02 1.03711536e+03 8.67193298e+02
 1.22206143e+04 5.71431250e+03 3.02543872e+03 2.08783066e+02
 1.51912122e+03 8.97197656e+03 1.06630890e+02 2.55494720e+02
 2.68877480e+04 8.50077087e+02 9.47251660e+03 2.03077850e+01
 1.04361072e+03 2.81783752e+02 6.10669495e+02 1.80400020e+04
 2.05514435e+02 7.69933887e+03 1.57640564e+02 2.97671265e+03
 2.83844067e+03 7.22100732e+03 6.40674820e+01 8.04135596e+03
 2.01007172e+02 9.97363647e+02 3.18481836e+04 2.92297949e+04
 5.61663818e+02 1.09418631e+01 1.18371997e+03 2.50032745e+02]
7486.8403
913274.5
