[1.67836825e+06 4.11010938e+05 4.55514938e+05 1.58973096e+04
 1.88678906e+05 1.99846266e+05 5.55656396e+03 2.20953516e+04
 1.11469900e+06 3.28473781e+05 1.17061200e+06 1.93382012e+04
 1.50298109e+05 1.43508667e+03 6.42701953e+04 8.73418625e+05
 1.47095130e+09 2.90449121e+03 2.29821696e+09 1.06813012e+06
 1.23851781e+05 1.84280266e+05 5.00715200e+07 2.71312781e+05
 6.98757324e+02 1.19165390e+07 5.19275500e+06 5.93547031e+04
 3.51155094e+05 9.07101406e+04 1.69572594e+05 1.01254515e+09
 1.34818125e+06 5.04567266e+04 2.27764141e+04 1.63293730e+04
 2.25601422e+05 1.63289648e+04 5.52453828e+04 6.91452588e+03
 1.48557578e+05 2.47353625e+06 1.17123300e+06 5.15970469e+04
 1.49086912e+06 8.88427648e+08 6.27697969e+04 1.84012094e+05
 4.63256844e+05 5.61363450e+06 4.00080680e+07 2.62381133e+04
 1.78842715e+04 3.76941094e+05 4.33724756e+03 6.05718398e+04
 3.99388013e+03 3.78563500e+05 5.74461914e+04 6.77326094e+04
 2.20880219e+05 7.02577125e+05 3.50044570e+04 2.10600352e+04
 2.74015844e+05 9.41782656e+04 2.42029727e+04 1.48441094e+05
 5.20409961e+03 5.57067500e+06 1.63909199e+04 2.70170508e+04
 1.26537988e+04 2.02920129e+03 6.34661438e+05 4.45492844e+05
 7.63654875e+05 2.27539703e+05 4.31466016e+03 2.09262212e+06
 7.67727109e+04 3.09121375e+05 4.66483438e+04 1.90507281e+05
 6.74817125e+05 4.39595605e+03 4.50004805e+04 1.53766045e+04
 3.32873156e+05 1.21267912e+06 1.08678496e+04 2.62357100e+06
 1.62639805e+04 6.92570391e+04 6.46343125e+05 5.09731584e+08
 2.99614219e+04 1.69290672e+05 2.28068828e+04 8.06157617e+03
 1.32597359e+05 5.75665625e+05 7.46100244e+03 2.54236255e+03
 5.69916133e+04 3.71153008e+04 2.34764492e+04 2.20980737e+03
 1.15883827e+02 7.48039453e+04 2.58888406e+05 1.89182762e+06
 3.34352852e+04 5.99855977e+04 1.81107047e+05 1.26826484e+05
 9.79315234e+04 5.52010430e+04 3.55615898e+04 2.07074980e+04
 1.42894500e+06 8.71066125e+05 2.14404328e+05 7.65143625e+05
 3.27748281e+05 2.09971660e+04 7.22641895e+03 4.72166719e+05
 1.17966875e+05 6.94967500e+04 2.74783203e+04 2.43030820e+04
 1.04354668e+04 7.27990820e+03 7.16979712e+08 2.16280953e+05
 2.69134844e+05 2.42654004e+03 3.11388242e+04 4.86649438e+05
 1.21074662e+09 2.39749925e+06 2.71705688e+05 1.04909238e+06
 2.05553625e+05 1.59882706e+02 9.82737854e+02 2.89100312e+04
 1.06451320e+05 4.17348594e+04 2.89769062e+05 3.55526520e+02
 2.54782328e+05 6.58130420e+03 2.77877363e+04 1.66897266e+05
 1.37228730e+04 3.23721100e+06 1.15323641e+05 1.46317675e+06
 7.28948812e+05 7.64147500e+04 2.44031133e+04 2.12199616e+08
 2.19958275e+06 2.10667734e+05 1.57133896e+04 1.75003281e+04
 6.10306152e+03 1.31491484e+05 9.31228516e+04 4.44187040e+07
 3.72039453e+04 1.12232236e+04 6.25425117e+04 2.85210406e+05
 3.73438711e+04 4.78291016e+03 3.15820645e+04 1.46076575e+06
 7.75246289e+03 2.52338797e+05 2.18005160e+07 5.96258375e+05
 3.42743086e+04 2.06452816e+08 1.73046141e+05 3.12386050e+06
 9.03821094e+03 6.99439219e+04 3.18882812e+05 4.57024883e+04
 7.38539648e+03 3.05552402e+04 8.57685500e+06 1.32340160e+08
 5.04423550e+06 9.61409453e+04 4.21112305e+03 1.50889625e+06
 1.67455440e+07 2.09506074e+04 1.37497922e+05 6.50374219e+03
 1.18522250e+06 6.11457750e+05 1.55156234e+05 1.23899047e+05
 2.20940117e+04 6.51129248e+03 1.18444523e+05 1.71405742e+04
 1.31558906e+05 2.33440825e+06 1.60120812e+05 9.84123600e+07
 5.42666938e+05 1.22451440e+03 8.61406250e+05 2.22493766e+05
 5.36647070e+04 2.12112866e+03 5.98055800e+07 2.63345300e+06
 8.92625000e+03 1.82431523e+04 3.52194156e+05 6.17143359e+04
 3.29720586e+04 3.43647400e+06 1.71126812e+05 9.14882344e+04
 1.31459307e+04 3.38556055e+04 2.58661152e+04 2.00281578e+05
 3.61333203e+04 3.67661523e+04 2.68382531e+05 1.76675828e+05
 1.36460238e+06 2.04934719e+05 1.22175711e+05 4.99624414e+04
 3.31921188e+05 3.78575360e+08 2.49842312e+05 4.44022617e+04
 2.15729578e+05 1.04415750e+05 4.32354248e+03 5.33124219e+03
 7.39819397e+02 4.00614500e+05 7.26614250e+05 7.00053500e+05
 5.37108242e+04 2.63744688e+05 3.37670375e+05 2.83310344e+05
 4.69326094e+05 1.11314825e+06 3.25827562e+05 1.40138760e+04
 1.46232384e+08 4.37987183e+02 3.87997617e+04 1.16847662e+06
 1.86759388e+06 4.22466055e+04 1.34017375e+05 9.77248672e+04
 1.65589797e+05 2.39099580e+07 1.00299445e+05 1.30122375e+05
 7.50460062e+05 1.86540650e+06 5.85709625e+05 9.13115200e+06
 1.54090869e+04 6.00329180e+04 2.72770156e+05 1.04334414e+04
 1.51815594e+05 7.28549365e+03 1.15916211e+04 2.46248469e+05
 1.21861930e+05 4.87208438e+05 1.40865060e+07 1.91711562e+05
 1.04684133e+05 4.55533711e+04 1.36856719e+05 1.23166377e+04
 1.33094406e+05 2.81091250e+05 1.01676195e+05 1.58597812e+05
 3.15766943e+03 6.23686719e+04 7.20105713e+03 1.06172875e+05
 2.98779075e+06 7.38416400e+07 6.15932539e+04 8.31297375e+05
 2.44277930e+04 6.23818760e+07 1.52361338e+04 3.49678094e+05
 2.98057406e+05 6.56537266e+04 3.13214429e+03 8.92612266e+04
 1.23244312e+06 6.06913550e+06 7.02059688e+04 1.23705912e+06
 4.15952266e+04 3.35986953e+04 1.95893156e+05 1.85501328e+05
 4.27094850e+06 6.62861484e+04 5.04048200e+06 1.37207812e+05
 2.17814102e+04 3.09281219e+05 1.16795244e+04 1.02413430e+05
 4.15423438e+03 1.37350172e+05 2.85817017e+03 6.44761438e+05
 1.82685891e+05 2.41365698e+03 1.36945969e+05 1.89390703e+05
 6.18030820e+04 5.99727125e+05 6.50875062e+05 4.86683531e+05
 1.05282570e+05 8.78861680e+07 1.50254114e+03 5.50145280e+08
 1.95693477e+04 1.85307281e+05 9.65672891e+04 2.71791562e+05
 1.71684219e+04 6.33196533e+03 9.57713047e+04 4.09849365e+03
 1.83118788e+06 4.09544159e+02 9.29059609e+04 8.04106688e+05
 3.67803938e+05 1.18618938e+06 7.14875156e+04 1.45333799e+04
 2.98048800e+06 7.92484844e+04 4.65179424e+08 1.40959248e+04
 7.06018202e+09 4.29880906e+05 7.98821289e+02 8.00373672e+04
 5.78772850e+06 1.37954138e+03 8.56857031e+03 1.09512234e+05
 9.29148188e+05 5.84147188e+04 3.21019409e+03 2.11154703e+05
 9.38002109e+04 2.88234824e+04 1.85032850e+06 5.05593789e+04
 2.42850938e+04 1.36850453e+05 1.02416711e+05 1.10366484e+05
 1.41808112e+06 3.61232250e+05 1.89938550e+06 9.01512500e+03
 9.85134570e+03 5.18785688e+05 6.59222312e+05 1.33418600e+06
 1.04987085e+03 1.48691850e+06 7.13740250e+05 3.78410531e+05
 2.51614105e+02 6.37698555e+04 1.45775906e+05 1.58401094e+04
 3.67477227e+04 2.19086391e+05 4.83415584e+08 3.99128906e+04
 1.19733090e+07 1.40782453e+05 1.10500953e+05 1.73511234e+05
 4.57106531e+05 4.34201172e+03 1.66170438e+05 5.68141133e+04
 9.60466431e+02 1.76731562e+05 5.98674072e+03 5.91659570e+04
 1.37827175e+06 1.47944594e+05 2.85618921e+03 2.11726531e+05
 7.06530625e+04 3.28682368e+08 9.90562688e+05 1.45801734e+05
 9.34244375e+04 1.75197328e+05 2.18149641e+05 8.83357734e+04
 1.21301680e+05 3.56812531e+05 1.02073975e+04 1.15182822e+04
 9.16107227e+03 5.51865664e+04 4.81144750e+05 1.45620453e+05
 5.28008086e+04 2.46267456e+03 1.12521621e+04 3.65042719e+05
 1.59803531e+05 3.24657056e+03 5.21731914e+04 1.91674469e+05
 1.17806650e+04 1.87567922e+05 7.13395312e+04 6.96745760e+07
 6.26640430e+04 1.79274878e+03 1.07351437e+09 8.88273926e+03
 4.65738281e+04 1.49687129e+04 1.92431812e+06 4.76945068e+03
 7.46012656e+04 2.24995527e+04 3.95688633e+04 2.78421631e+03
 4.32779188e+05 9.54141172e+04 2.54509883e+04 3.43670144e+08
 1.49569658e+04 1.90762641e+05 4.96344625e+05 1.00112125e+06
 5.42316250e+05 3.52400391e+03 1.59303867e+04 3.27688844e+05
 1.07823164e+04 3.99879492e+04 8.58579562e+05 1.92726547e+05
 8.15781104e+03 1.80594672e+05 2.04989781e+05 4.46384033e+03
 1.10745258e+05 8.19566172e+04 2.96787040e+08 1.42385538e+06
 1.12453328e+05 2.65062549e+03 1.95442150e+06 1.38418174e+04
 5.31011406e+04 2.97721906e+05 6.08773125e+05 7.41135498e+03
 1.72053609e+05 4.48392950e+06 1.44780068e+04 3.02541758e+04
 1.20567664e+03 6.73761938e+05 5.49514500e+05 1.84930359e+05
 3.43502922e+01 1.28972641e+05 1.90603594e+04 6.17316188e+05
 5.66649562e+05 1.37223656e+05 1.01635723e+04 1.82936562e+04
 5.93463818e+03 6.46020820e+04 1.21344473e+04 4.13203125e+04
 1.11033906e+05 1.94539297e+04 1.34694609e+05 1.06356289e+04
 8.51739844e+04 3.61814406e+05 9.51079141e+04 2.55084320e+02
 2.03772838e+06 5.68624180e+04 7.99269375e+04 1.10671300e+06
 5.67164727e+04 9.56221875e+03 9.50398242e+03 8.22418945e+03
 4.64732562e+05 6.94565625e+04 2.36638224e+08 6.10686953e+04
 4.28190781e+05 2.10525700e+07 1.02380518e+04 3.02285332e+04
 1.16052200e+06 2.27211280e+07 8.17760859e+04 4.17967000e+05
 6.34436035e+03 9.27872734e+04 4.23006156e+05 4.90380195e+04
 2.35700800e+06 1.42319391e+05 4.36737594e+05 1.15083398e+04
 4.51042930e+04 4.58131348e+02 1.60952969e+04 5.10087125e+05
 2.27603375e+05 6.41278164e+04 7.03435781e+04 9.04889746e+03
 7.15442812e+05 7.16110750e+05 8.67831641e+03 2.51057568e+03
 4.86109453e+04 2.02688262e+04 3.07922781e+05 1.60014812e+05
 1.22881406e+05 3.77128174e+03 6.42138594e+04 1.84159219e+05
 3.25771575e+06 1.20069462e+06 7.93983984e+04 1.98087125e+05
 2.97623887e+04 1.87333262e+04 1.07677102e+05 2.08578691e+04
 4.91288635e+02 2.21498398e+04 5.30484688e+05 1.99413361e+02
 8.13361875e+05 1.38853427e+09 5.71165405e+02 1.69106875e+05
 1.14446445e+05 2.00571484e+05 2.04652475e+06 8.89711230e+03
 4.53048535e+03 1.52483375e+05 1.96115109e+05 1.85377500e+05
 2.10357051e+04 5.22154336e+04 2.43797725e+06 2.15158438e+05
 3.97979469e+05 3.54548844e+05 7.55833562e+05 7.65416809e+02
 9.11139297e+04 6.54787539e+04 9.84332500e+04 2.15833297e+05
 5.34100688e+05 1.31630750e+05 7.78499121e+03 8.32840137e+03
 9.31025312e+05 2.79883926e+04 6.87836875e+05 6.52701312e+05
 2.25095828e+05 7.18319531e+03 1.14007725e+06 1.20539336e+05
 3.94095039e+04 5.06342312e+05 6.47883972e+02 1.67564750e+05
 4.47232906e+05 9.86139562e+05 5.18031797e+04 1.56120391e+04
 1.06840469e+05 4.42493317e+02 8.66972559e+03 3.99470312e+04
 3.35615562e+05 2.59321375e+05 1.37187158e+04 3.14255875e+05
 1.57345293e+04 2.15194250e+05 1.58992531e+05 2.09674238e+06
 2.56870059e+04 2.79098359e+04 4.12746172e+04 3.08169941e+04
 3.51676850e+06 1.82865766e+05 4.25774156e+05 2.68574180e+04
 3.19467750e+05 4.74132360e+07 7.34093408e+03 1.01003701e+04
 7.49492031e+04 7.48540547e+04 6.12807656e+04 2.68045762e+04
 1.49855359e+05 1.98173578e+05 1.04232750e+02 8.74856172e+04
 4.29273047e+04 1.41029200e+06 2.52631359e+05 7.80029531e+04
 7.23603418e+03 5.17751025e+03 2.00614746e+03 1.21602703e+05
 5.41244678e+03 9.36593438e+05 4.30469562e+05 5.70598828e+04
 8.85619531e+04 1.57999088e+06 5.39763938e+05 4.03816688e+05
 5.43874414e+03 1.63247109e+05 1.23421812e+05 1.16568600e+06
 2.42520293e+04 5.48885273e+04 6.55292344e+04 9.47870000e+04
 1.08116925e+06 5.96086768e+03 4.50683750e+04 1.61835250e+06
 4.45525906e+05 1.42056925e+06 8.34027656e+04 3.07107875e+05
 1.96129594e+05 5.22747305e+04 6.97510875e+05 2.36345117e+04
 4.80403050e+06 4.67752014e+02 7.73226465e+03 2.58669344e+05
 4.71576221e+03 1.00826680e+04 4.29635117e+04 1.37815225e+04
 5.33561312e+05 2.95357088e+08 4.84309570e+03 1.68914641e+05
 9.62967000e+05 1.78692422e+04 2.52043516e+05 6.09047791e+02
 7.31965300e+06 1.38512462e+06 5.47993938e+05 4.45340062e+05
 1.86370453e+05 3.77645547e+04 6.56885498e+02 1.90429651e+03
 5.24813568e+08 1.03162383e+04 6.20280117e+04 2.70603219e+05
 1.76313141e+05 2.46880684e+04 2.93388574e+04 1.48224422e+05
 8.17491062e+05 1.09996265e+03 1.58257719e+05 8.05109912e+03
 8.12537250e+05 4.05253000e+06 9.00509961e+03 1.14208203e+05
 6.76950293e+03 1.81448624e+08 1.45025969e+05 5.16805562e+05
 6.68899938e+05 2.42132168e+04 1.01215769e+06 8.81067578e+03
 3.59415344e+05 1.41183174e+04 3.24706200e+06 1.36275950e+06
 1.86823086e+04 1.85346270e+04 2.30013047e+05 2.91117163e+03
 3.27705781e+04 3.31615771e+03 1.04924209e+04 3.30173875e+05
 7.86199062e+04 3.63274648e+04 6.51452344e+04 3.20640747e+03
 6.50367000e+05 6.40796338e+03 2.95920375e+05 2.00258125e+06
 1.28980008e+08 1.36594562e+05 2.03250828e+05 2.10236234e+05
 4.58545859e+04 1.16262258e+05 1.66661816e+04 1.10202469e+05
 7.76853359e+04 1.97485281e+05 1.18425680e+05 1.79256625e+05
 8.21537207e+03 2.81371167e+03 5.49396032e+08 2.52003312e+05
 3.50832500e+04 6.40477031e+04 4.29754500e+06 2.54654375e+04
 9.10434922e+04 2.93693691e+04 3.42329925e+06 4.50277031e+04
 5.15255438e+05 6.16874701e+09 4.10614746e+03 1.69266984e+05
 1.38962500e+03 3.82818360e+07 2.91557812e+04 2.80358500e+05
 1.55736250e+04 3.07161621e+04 3.91072500e+04 4.68273050e+06
 3.17676469e+05 8.13121094e+04 1.34486875e+04 9.97648812e+05
 1.14901855e+04 6.90895000e+04 1.37363891e+05 2.19233906e+04
 7.22309150e+06 1.43462766e+05 1.78788578e+05 1.16146188e+06
 9.61967000e+05 4.13620166e+03 5.57015625e+05 9.83502266e+04
 5.00033057e+03 1.14628609e+05 9.76483276e+02 4.46593062e+05
 6.99962438e+05 5.37037695e+04 1.63232406e+05 8.99141235e+01
 6.47923438e+05 1.71501072e+08 1.69329875e+05 3.43792900e+06
 4.33617938e+05 1.00896211e+05 9.61038312e+05 1.80789453e+05
 4.55724414e+04 2.52410391e+04 2.04778422e+05 1.37858613e+04
 3.97482750e+05 3.09685596e+03 1.77101420e+07 9.04376875e+04
 1.46144531e+04 7.83173438e+04 9.75747109e+04 2.63978150e+06
 9.86208398e+03 6.38470039e+04 8.42224141e+04 5.96381328e+04
 8.58849902e+03 3.48517600e+07 4.24894727e+04 6.66714160e+03
 1.19476734e+05 1.08481617e+05 8.25173438e+05 2.56869725e+06
 1.34032562e+06 2.17451025e+06 6.73920312e+05 7.72216211e+03
 5.28241400e+06 5.13504375e+05 2.48691855e+04 2.10716766e+05
 1.11076922e+05 2.10862015e+02 5.01398850e+06 1.28029203e+05
 2.73653531e+05 7.60578984e+04 2.48924594e+05 8.57000549e+02
 6.36273125e+05 2.51390336e+08 1.57850656e+05 8.57328320e+03
 1.40641594e+05 2.66349219e+05 2.80828344e+05 2.63590312e+05
 1.20702477e+01 7.66035391e+04 3.47771797e+04 2.01032608e+02
 1.20455088e+06 1.65590219e+05 9.34184062e+05 9.32808562e+05
 2.61909031e+05 1.18110889e+04 1.00203531e+05 6.95701500e+05
 3.40224180e+04 1.72421113e+04 2.21471453e+05 6.30809570e+04
 1.00867217e+04 1.53889188e+05 6.31853711e+04 4.98655062e+05
 2.76011750e+06 8.39840547e+04 1.01283623e+04 2.93094920e+07
 4.47817188e+03 1.50883891e+05 7.25064960e+07 1.65332312e+06
 6.69831328e+04 2.46900328e+05 1.61464781e+05 9.73794375e+04
 1.91932043e+03 7.75087969e+04 2.24104219e+04 2.38150031e+05
 9.13809688e+04 2.17085953e+05 6.31801172e+03 3.53026120e+07
 3.51194678e+03 3.14295264e+08 1.71097212e+06 6.07234023e+04
 8.69269531e+04 7.08153000e+05 1.33114472e+08 5.35382500e+04
 3.93404031e+05 3.35047070e+03 5.00100234e+04 1.31498016e+05
 4.83445078e+04 7.62093594e+04 9.93688828e+04 1.37612080e+08
 3.30311445e+04 2.39940664e+04 4.98299320e+07 1.65037562e+05
 1.97864266e+05 4.59274406e+05 2.17032500e+04 9.35675312e+04
 3.13651281e+05 6.64080234e+04 1.66472266e+04 1.16051125e+06
 2.38189117e+02 4.42018125e+04 3.77919500e+05 5.11175050e+06
 2.71686094e+04 4.30965594e+05 2.69371562e+04 7.23218000e+06
 5.13638711e+04 1.20143742e+05 1.26798125e+06 1.64502432e+08
 1.31074082e+04 1.30392425e+06 2.65589688e+05 3.21444531e+05
 3.88828750e+04 1.46837878e+03 3.56604062e+05 3.98162938e+05
 7.42740375e+05 2.76484467e+02 3.98955781e+04 6.34624902e+03
 5.09915703e+04 5.80394102e+04 2.42307550e+06 7.23501318e+03
 3.73270075e+06 3.29326914e+04 7.24036562e+04 1.82270144e+08
 2.69294594e+05 1.03249916e+02 8.87560654e+01 3.37600520e+07
 6.49728477e+04 3.74537402e+03 4.82996484e+04 7.84927625e+05
 4.53552969e+05 2.63485350e+06 7.18898625e+05 3.89969025e+06
 7.94683516e+04 8.08458047e+04 1.87595904e+08 3.89221938e+05
 1.45730609e+05 1.46421062e+05 4.97997998e+03 1.15409344e+05]
32306448.0
7060182000.0
