[1.77435022e+03 1.89191528e+03 4.63587006e+02 6.29973779e+03
 2.23911743e+03 9.66834473e+02 5.79324219e+02 3.05250757e+03
 1.94451331e+03 2.60168091e+02 4.47613184e+03 5.48818115e+02
 2.00411121e+03 1.86540268e+02 8.05375443e+01 6.85355682e+01
 2.31824473e+04 7.49721619e+02 8.27748340e+03 9.92612031e+04
 2.58675244e+03 2.10331238e+02 1.02733694e+06 3.44050195e+03
 3.03742695e+01 6.28366028e+02 2.87766113e+04 6.51286682e+02
 4.78520813e+02 4.34184570e+01 1.59573076e+04 4.35231567e+02
 6.44840881e+02 1.24522998e+03 1.24023467e+04 1.14661731e+03
 1.32255997e+02 1.42387537e+03 2.48397583e+02 8.71644836e+02
 2.27790332e+04 3.05138458e+02 2.17659009e+03 4.38441925e+02
 4.61990356e+01 5.19443506e+03 2.54678574e+02 1.85038773e+02
 5.33743945e+03 1.02757734e+04 2.19769974e+02 3.60981232e+02
 1.20950269e+03 1.60116768e+04 1.14287610e+03 1.01856891e+03
 3.26386230e+03 1.37102539e+04 1.61681372e+03 2.07020581e+03
 8.80381348e+02 2.33922734e+04 5.89733057e+03 8.91958618e+01
 2.19820900e+01 3.04300385e+02 1.36270050e+02 1.35242584e+02
 2.29788437e+02 4.31258496e+03 5.84686829e+02 4.56144165e+02
 2.58446997e+03 2.64959253e+03 3.18299744e+02 4.17088623e+03
 1.00900774e+01 2.10957657e+02 2.46217590e+02 2.00290508e+04
 1.16564941e+03 2.47301804e+02 2.14866495e+00 4.24354477e+01
 1.14414722e+03 3.79634705e+01 1.84771225e+02 1.27705894e+02
 2.83764478e+03 9.48711523e+03 2.01497086e+02 1.48143570e+02
 1.56417358e+02 5.25477676e+01 5.07176465e+03 2.95819946e+03
 3.01737793e+02 5.99624100e+01 8.02467725e+03 3.12144073e+02
 4.36170319e+02 2.85404517e+03 1.54393814e+02 2.17213196e+02
 7.45004578e+02 1.17358618e+03 8.12387817e+02 3.16789612e+02
 1.23629590e+03 2.67478085e+01 1.35854614e+02 7.10493701e+03
 2.24434326e+02 2.35575226e+02 8.58256641e+03 4.37533417e+02
 1.65609131e+02 2.79558746e+02 1.54282861e+03 3.50096222e+02
 9.33099902e+03 5.24059082e+02 2.56042145e+02 1.10447117e+05
 1.42005188e+03 9.12243530e+02 2.39696014e+02 1.57300476e+02
 4.50978508e+01 1.66405652e+03 1.36450854e+03 6.66482483e+02
 7.78870422e+02 1.91521521e+03 1.04200208e+03 1.26952246e+03
 4.01685822e+02 1.55752853e+02 2.16982495e+03 4.51670990e+02
 1.28921094e+03 5.59157349e+02 4.24262500e+03 2.84113556e+02
 2.66850494e+02 1.20326309e+02 2.28151001e+02 1.22109094e+03
 1.94502151e+02 2.01705884e+03 8.44039001e+02 1.60044580e+03
 2.33772751e+02 1.42552148e+03 3.00607117e+02 3.51153107e+02
 1.10544006e+02 1.69330586e+04 2.67903320e+03 3.14578848e+04
 6.75396423e+02 1.94732129e+03 2.72075348e+01 1.68710617e+02
 5.84968506e+03 1.22405920e+03 9.08846054e+01 6.87566757e+01
 2.03227832e+03 2.56870723e+04 2.65513733e+02 2.63676172e+03
 2.52800735e+02 1.93847473e+02 1.41396411e+03 3.53554053e+03
 1.45800061e+03 1.14204330e+02 6.14712372e+01 6.04058320e+04
 5.22651074e+03 2.21154861e+02 2.85225859e+04 4.67809082e+03
 7.47525711e+01 2.11104199e+03 1.19372791e+03 3.66787988e+03
 6.20954468e+02 1.25178391e+02 3.61162183e+03 3.92827301e+01
 6.06287109e+02 1.19548352e+03 2.53170166e+03 1.24546501e+02
 1.99243711e+04 2.01862534e+02 8.25762634e+01 1.06440536e+02
 7.59671570e+02 3.38760338e+01 3.83813208e+03 6.10923042e+01
 2.81647402e+04 7.54152812e+04 1.72114700e+02 8.58579492e+03
 1.47230530e+03 1.84304153e+02 1.71118103e+02 5.05850586e+02
 9.97934448e+02 8.35834473e+03 3.43849121e+03 7.16732101e+01
 1.93155139e+03 1.59765427e+02 2.27644653e+03 1.34311401e+02
 1.12742249e+02 1.31538232e+03 1.02457385e+03 4.33279724e+02
 3.13808929e+02 9.92290039e+02 7.86402197e+03 7.90723572e+01
 9.97488586e+02 1.47101445e+04 1.80928271e+03 5.42857300e+02
 2.07441635e+02 1.31742392e+01 4.88729889e+02 7.58747363e+03
 4.83365631e+02 7.04758667e+02 5.01061478e+01 8.02411118e+01
 8.33531250e+03 2.07833374e+02 1.19877373e+04 3.22953644e+02
 8.30544472e+00 4.22718140e+02 6.49744812e+02 1.82626587e+03
 2.23311182e+03 6.02967090e+03 2.33671509e+02 1.08343730e+04
 1.33873001e+02 1.43090283e+03 2.57603058e+02 2.26821777e+03
 3.18477173e+02 5.00882843e+02 1.35674255e+03 8.41731934e+02
 2.03909141e+04 6.18675476e+02 3.22439404e+03 1.36488220e+02
 3.54767838e+01 1.76416962e+02 3.77741699e+03 1.75184009e+03
 5.12069482e+03 2.06559799e+02 7.01924561e+02 1.15186123e+04
 6.19078430e+02 2.09674377e+02 6.94695312e+02 1.01347711e+03
 5.50049609e+03 4.72986445e+04 3.88969116e+02 1.29700029e+04
 3.36451709e+03 1.52835986e+04 1.70577515e+02 1.39745837e+03
 1.03288354e+03 4.98078955e+03 2.27462207e+03 3.92356885e+03
 2.15415421e+02 2.63610742e+03 1.41173609e+05 9.44595337e+02
 1.01374878e+03 1.27374158e+03 3.93786407e+02 1.23626337e+01
 2.14724350e+02 2.93790918e+03 1.03698369e+04 1.22592545e+01
 1.86930664e+03 3.29439728e+02 8.20120117e+03 9.31849365e+02
 8.70811719e+03 1.74314312e+05 3.12926025e+03 2.71360996e+04
 1.33918640e+02 1.94109161e+02 1.93085739e+02 1.54608142e+03
 3.04780737e+03 4.77890892e+01 2.12926149e+00 3.12455054e+03
 6.80179443e+01 1.36923545e+04 7.14859436e+02 5.13893750e+03
 1.29565356e+03 6.21791748e+03 5.04568024e+02 1.88694031e+03
 1.26789368e+03 1.80935083e+03 8.56050586e+03 6.40198364e+02
 1.59395340e+02 1.92665817e+02 1.68549210e+02 3.67425842e+01
 1.84435364e+02 1.69573097e+01 1.78024780e+03 5.86629248e+03
 1.34174060e+03 2.86365509e+02 1.17458125e+04 1.66857819e+02
 3.81065094e+02 5.58596725e+01 1.37305896e+03 1.82696155e+03
 8.28214188e+01 6.23692566e+02 5.01480637e+01 2.14008667e+03
 4.53368750e+04 1.05134506e+02 1.24262168e+04 2.97885840e+04
 4.64597992e+02 2.94878296e+03 1.31038193e+02 3.13986206e+02
 3.78734131e+03 4.60007471e+03 2.18116394e+02 6.42240906e+02
 1.37632202e+03 1.36739688e+04 7.33175488e+03 1.10178064e+03
 1.02266533e+04 4.42480322e+03 2.02948227e+02 9.38129959e+01
 6.62247344e+04 2.72242505e+03 8.30550049e+02 6.42377051e+03
 1.91276807e+03 5.36209595e+02 1.47951920e+02 5.81634717e+03
 1.57969346e+04 6.65166565e+02 2.23876328e+02 1.83434143e+02
 3.51032275e+03 6.14337830e+02 4.15125234e+04 3.69686470e+01
 2.39157440e+02 4.58133728e+02 1.04316846e+03 2.90507874e+02
 1.33813416e+03 2.33426538e+03 7.17594141e+03 6.57304138e+02
 7.63685913e+02 7.27335693e+02 2.54902808e+03 4.51664459e+02
 6.23194397e+02 1.09064336e+04 2.73888489e+02 1.03419473e+04
 1.16017204e+02 8.22350525e+02 1.44681238e+03 3.90448639e+02
 1.88044263e+03 2.75735229e+02 3.92980927e+02 3.21855347e+03
 2.07995266e+05 2.29121289e+03 1.24941528e+02 9.08362500e+03
 3.61033521e+03 7.83703857e+02 1.76553162e+03 2.94079834e+02
 5.11482658e+01 1.35179199e+03 2.36852881e+03 1.47726697e+03
 4.88134131e+03 1.01665973e+03 2.48343896e+03 5.79758252e+03
 1.85280106e+02 3.75537048e+02 2.15469772e+02 1.27941490e+02
 8.62430078e+03 1.48158789e+03 2.91618805e+01 3.72182373e+03
 2.24361923e+02 2.45829285e+02 8.13957214e+02 2.50167755e+02
 1.55356583e+02 7.67589478e+02 1.29106055e+03 6.62351367e+03
 1.53502905e+03 5.98584082e+03 1.73236914e+03 1.01765791e+04
 1.25460620e+03 2.02367340e+02 1.13635117e+02 7.67701111e+02
 1.42298071e+03 1.14555893e+02 1.52181046e+02 3.28465375e+05
 1.50753494e+02 4.59942285e+03 5.11504932e+03 2.24435120e+02
 2.68066292e+01 4.25177783e+03 1.29550073e+03 1.78718481e+03
 1.21855054e+03 3.48946167e+02 1.80710632e+02 1.63941895e+02
 6.77967139e+03 6.71333008e+01 1.59009155e+02 1.43874557e+02
 1.92599951e+03 2.08873633e+03 1.16168145e+04 3.68454883e+03
 1.20191418e+03 6.66368164e+02 1.26741226e+02 4.12191309e+03
 3.66980072e+02 1.71215491e+03 8.29161194e+02 1.18753271e+03
 7.76006958e+02 7.82602002e+03 5.05483978e+02 1.76909882e+02
 4.87416954e+01 1.04408159e+01 1.80763275e+02 5.57683447e+03
 9.63399506e+00 1.23550281e+03 6.80388489e+02 8.59018066e+02
 1.89663037e+03 4.21711475e+03 1.43243086e+04 3.47934387e+02
 8.91196411e+02 1.88087266e+04 1.27350232e+03 1.82926929e+03
 1.93478134e+02 4.09152905e+03 1.13566631e+04 1.26914680e+02
 1.35614807e+02 2.90101709e+03 4.05395851e+01 3.83030273e+02
 2.50875293e+03 6.05624199e+01 3.62190186e+02 2.61914746e+03
 3.07866547e+02 3.05299591e+02 3.66826123e+03 2.98865234e+03
 6.70619580e+03 3.27458282e+02 1.02827478e+03 3.69170728e+03
 4.00792847e+01 1.30138545e+04 1.22767496e+01 9.46255249e+02
 5.99314502e+03 1.03110062e+02 3.72524567e+01 5.57126367e+03
 6.79801086e+02 1.94720108e+02 7.98260742e+02 1.73807419e+02
 5.66929016e+01 5.85523743e+02 5.76471176e+01 9.67049744e+02
 1.13341418e+03 6.25629578e+01 1.68690308e+02 2.85111084e+03
 1.32582825e+02 3.45382734e+04 2.36436752e+02 1.59906097e+02
 2.15145752e+03 2.66312671e+03 1.45293555e+03 3.62335718e+03
 5.87291504e+02 3.50464600e+02 2.79380554e+02 5.47404385e+00
 1.64566272e+03 1.29853195e+02 5.22346863e+02 8.55037720e+02
 6.09650612e+01 2.16615219e+02 1.81301794e+03 9.17294800e+02
 6.31322363e+03 2.81986182e+03 1.95618591e+03 2.08366501e+02
 6.81931534e+01 1.08600134e+03 9.09143143e+01 1.43363809e+04
 2.70021362e+02 4.08843323e+02 8.16415176e+01 2.89210114e+02
 3.99666133e+04 7.57389746e+03 1.09523914e+03 4.00499219e+03
 1.60754285e+03 4.34135208e+01 3.20073560e+03 4.58566040e+02
 1.97335977e+04 5.36725998e+01 1.12077783e+03 2.88661469e+02
 2.08063525e+03 1.02618711e+04 3.85550842e+02 2.66859161e+02
 4.96259125e+02 4.63507275e+03 1.39352441e+03 1.97286438e+03
 1.87889185e+03 2.29561707e+02 1.76626526e+03 2.21764062e+03
 1.67420029e+02 2.18117203e+02 1.45868037e+04 9.48289566e+01
 9.20382263e+02 1.00095537e+04 1.07532324e+03 1.29029663e+02
 4.40413818e+02 1.43669116e+03 3.32491870e+03 2.02325378e+02
 2.39521484e+04 5.27475342e+02 3.29022369e+01 6.98300964e+02
 5.12551953e+03 7.02549707e+03 1.30980652e+02 1.94979565e+03
 5.55912903e+02 4.07075928e+03 2.30483948e+02 7.92671973e+03
 1.37154099e+02 1.40598783e+01 1.09804329e+02 7.22238083e+01
 5.21182568e+03 1.02656265e+02 2.31341724e+03 6.46790390e+01
 3.51564178e+02 1.01798596e+03 3.26753967e+02 1.68696725e+00
 8.16827576e+02 6.26308594e+02 1.45520035e+02 1.03365820e+03
 1.76832947e+02 8.51049728e+01 2.58855737e+03 2.04675064e+02
 9.23229065e+02 4.99874756e+03 1.13474805e+03 2.37283630e+02
 3.96623359e+04 3.07198456e+02 3.79943018e+03 3.67312231e+03
 1.92426636e+02 8.85158508e+02 2.51271622e+02 1.26705945e+03
 3.12204865e+02 9.67344421e+02 3.37538788e+02 2.80861841e+03
 2.61395752e+03 2.33267930e+04 2.52358569e+03 2.03879196e+02
 3.19714087e+03 1.72240527e+03 3.58771057e+02 1.15017737e+03
 4.00913647e+03 1.89253931e+03 3.54930908e+02 8.85108582e+02
 1.15579742e+02 3.16310620e+03 4.27938633e+04 1.61260559e+02
 2.10210739e+02 1.30259717e+03 1.97317822e+03 1.27659119e+03
 9.21328049e+01 3.54589722e+03 2.92894995e+03 2.06349180e+04
 1.29556717e+02 1.64341235e+03 2.31813330e+03 4.66175391e+03
 5.71492822e+03 7.19618759e+01 9.56032410e+01 2.15171240e+03
 1.47483447e+03 9.05594141e+03 4.77658142e+02 4.47288672e+03
 8.08481262e+02 6.02891357e+02 2.05158173e+02 1.23766992e+03
 3.94758477e+04 1.09017242e+02 1.55916016e+02 1.41924744e+03
 6.39494568e+02 8.43502563e+02 1.74788834e+02 1.32681412e+02
 1.31192841e+02 3.44286060e+03 2.08585831e+02 1.51754715e+02
 2.31562671e+03 4.32825279e+01 1.27770791e+04 4.70688672e+03
 3.79002026e+03 1.63451160e+03 1.86008881e+02 2.21500732e+03
 2.61035864e+03 4.82785988e+01 5.32044434e+02 2.03990601e+02
 3.08278296e+03 6.14295837e+02 4.27187744e+03 7.33895312e+03
 6.20723419e+01 3.50314598e+01 2.41503281e+04 2.52597070e+04
 8.28468384e+02 1.49840439e+02 3.93877954e+03 4.36745215e+03
 1.98988937e+02 1.58777710e+03 3.73412549e+03 2.90364319e+02
 6.20572693e+02 1.67737708e+03 1.24484448e+03 1.32143280e+02
 1.65220449e+04 4.10678101e+02 2.78674347e+02 8.71660217e+02
 1.16322540e+02 5.12937744e+03 6.73448096e+03 5.19605029e+03
 1.05016434e+02 4.16426430e+01 4.67096436e+02 4.49122314e+02
 3.05500195e+03 3.17975415e+03 3.65627670e+01 1.41695114e+02
 1.00677528e+01 1.37304663e+03 6.86647852e+03 5.92085815e+02
 2.23327881e+03 2.04547516e+02 2.87424072e+03 2.86795502e+02
 1.47178345e+01 1.82955200e+02 1.61758752e+03 3.77771667e+02
 1.11708206e+02 4.70652100e+03 1.81365527e+03 3.17325391e+03
 2.15640942e+03 8.11775452e+02 1.16237251e+02 1.13049881e+02
 4.51821861e+01 1.31113354e+03 3.45297302e+02 3.13643481e+03
 9.11310425e+01 3.01353857e+03 1.72010168e+03 5.00025330e+01
 1.50291699e+03 1.93492109e+04 2.44284106e+03 1.51994827e+02
 5.36984985e+02 2.78084668e+03 7.87729187e+01 6.25523291e+03
 2.04338425e+02 4.17838281e+03 1.87655685e+02 3.39067626e+00
 3.08213452e+03 1.31911499e+02 7.37983948e+02 5.46479150e+03
 1.04370381e+04 9.88010254e+02 2.98892090e+03 1.11615710e+03
 5.49182178e+03 2.28231567e+03 1.17135186e+04 4.21510742e+02
 1.13486646e+03 6.89088257e+02 7.59758850e+02 3.53381211e+04
 1.15529785e+04 9.00577393e+02 2.15470923e+03 5.83055878e+00
 2.66799510e-01 1.49325821e+02 4.49092969e+03 3.29720898e+04
 2.35198462e+03 2.41032608e+02 3.38382080e+03 1.42818817e+02
 1.31529968e+03 2.37872344e+04 5.08557281e+01 3.63148779e+03
 8.08292618e+01 7.69469055e+02 1.04349622e+03 4.17130798e+02
 2.95816846e+03 4.27625928e+03 2.21372086e+02 1.52759460e+02
 4.36469757e+02 1.54234533e+01 2.96905200e+03 4.23103485e+01
 1.24558853e+02 5.01660791e+03 1.15126062e+03 7.66742554e+02
 3.78141821e+03 1.06454785e+03 2.18312109e+03 1.43562378e+02
 7.91518860e+02 1.83209171e+01 7.88443115e+02 3.94016406e+03
 2.33064301e+02 2.47861597e+03 4.77433203e+03 9.74909790e+02
 6.63972759e+00 8.61684570e+03 7.88890839e+01 9.57324982e+00
 3.50168086e+04 4.56366016e+03 1.62403867e+04 3.56125586e+03
 2.03677417e+03 5.98554871e+02 2.00303848e+02 8.01943741e+01
 7.46246924e+03 9.33532227e+02 3.52429126e+03 4.67231903e+02
 5.32145820e+04 3.79884918e+02 5.62937451e+03 1.30264868e+03
 4.71333389e+01 2.40744667e+01 3.74175201e+02 3.41268579e+03
 1.64042892e+02 4.79855804e+02 1.65023102e+02 1.00559039e+03
 1.33011621e+04 1.73201025e+03 2.33262969e+04 7.13615723e+03
 5.25028516e+03 1.49326062e+03 3.29411621e+02 1.46756058e+02
 1.43976147e+03 7.60244202e+02 8.84962540e+01 1.99681873e+01
 8.36873901e+02 5.50541687e+02 2.01357080e+03 3.50444824e+02
 1.26161975e+03 4.26696358e+01 1.15789658e+02 3.43726074e+03
 1.07396271e+02 1.04067062e+02 1.11470497e+02 5.51590820e+03
 7.84541702e+01 1.22973877e+03 3.17869537e+02 1.89090161e+03
 6.91325781e+03 1.87674820e+02 2.04572522e+03 3.67243774e+03
 7.32916748e+02 4.68996307e+02 2.14080322e+02 3.11568394e+01
 3.32304346e+03 6.97542725e+02 2.51831226e+03 2.17747778e+03
 2.92102478e+02 1.18006177e+03 3.41850586e+02 1.39887969e+05
 4.07355811e+03 1.15831348e+03 4.91040430e+03 3.52942474e+02
 7.65810318e+01 8.63754425e+01 3.72353149e+02 9.99093628e+02
 3.92508179e+02 1.53213501e+02 2.14104156e+02 9.96083145e+01
 4.09494312e+03 2.40104492e+02 1.13986397e+02 2.23494678e+03
 4.02832611e+02 9.67655701e+02 3.20399506e+02 3.74963196e+02
 7.42906284e+00 2.06647766e+02 4.00029810e+03 1.01311773e+05
 7.40174377e+02 2.48440283e+03 1.55323883e+02 1.40293232e+04
 5.52052193e+01 7.06766357e+01 5.43103564e+03 5.31530151e+01
 1.32098010e+03 7.29057617e+01 2.17313354e+02 5.22279492e+03
 1.18188096e+04 1.63015320e+02 6.08292297e+02 2.07366162e+03
 4.04755630e+01 2.17448047e+03 3.38111865e+03 5.60794312e+02
 3.16885109e+01 8.48263611e+02 4.07448462e+03 4.86706314e+01
 1.77657266e+05 7.44624207e+02 4.65256396e+03 1.48832245e+02
 1.90555774e+03 2.19448877e+03 2.52480793e+01 7.15137793e+03
 1.90500732e+03 6.43568750e+03 1.44639114e+02 2.26254126e+03
 5.97388916e+03 3.42394360e+03 5.46643750e+03 1.01944556e+03
 2.07283752e+02 1.43937537e+03 1.64643713e+03 1.08105713e+04
 6.12350044e+01 1.08571350e+03 1.56976868e+02 9.55314697e+02]
5652.5493
1027336.94
