[8.75119844e+04 1.05928486e+04 7.21824512e+03 1.41966133e+04
 1.64665430e+04 1.06634160e+04 1.68982483e+03 1.09778311e+04
 1.03270617e+05 8.06006104e+02 1.25998525e+04 4.45027773e+04
 2.34421000e+05 6.82783875e+02 1.25153115e+04 9.96911743e+02
 5.06936758e+04 8.43877258e+02 1.54848672e+04 6.24637344e+04
 6.60960000e+04 2.63801094e+04 3.22700125e+06 1.74641055e+04
 5.59781067e+02 4.50635000e+05 7.95665078e+04 2.08530625e+04
 1.71597383e+04 4.84466016e+03 5.95272148e+04 8.36613672e+03
 1.03914658e+04 1.11179473e+04 3.62072422e+04 1.26104668e+04
 2.92644531e+04 3.83004102e+03 1.28706592e+03 2.68057935e+03
 1.39702922e+05 2.34050527e+04 2.71378052e+03 1.10805732e+04
 3.36663984e+04 1.63692539e+04 2.75201489e+03 2.32687988e+04
 2.86621426e+04 1.74404438e+05 3.21487476e+03 3.19481504e+04
 9.53122949e+03 7.27105625e+04 5.41394971e+03 3.77541138e+02
 5.71325312e+04 5.22479688e+04 1.22394053e+04 2.41922681e+03
 2.56805508e+04 6.08270820e+04 1.44750547e+04 2.14806421e+03
 1.07413650e+00 2.96509805e+04 7.89247412e+03 6.95962305e+03
 5.41888867e+03 9.88433750e+04 1.92167070e+04 5.99826328e+04
 6.41462695e+03 1.83775020e+04 1.14826184e+03 4.68334922e+04
 9.58366504e+03 1.00457203e+05 5.41052783e+03 4.12614438e+05
 1.06394111e+04 6.51274268e+03 1.08420532e+03 1.40152637e+04
 2.51169805e+04 1.58851465e+03 1.43332080e+04 4.56508301e+03
 1.08479250e+05 8.23539746e+03 3.56202002e+03 2.38812453e+05
 1.51816699e+03 1.13778213e+04 7.45539141e+04 8.55254590e+03
 3.47936758e+04 3.92034033e+03 1.47663086e+04 3.59828369e+03
 2.76277441e+04 1.39743770e+04 1.92110938e+03 1.77956116e+03
 1.10224414e+03 5.73420410e+03 2.63364917e+03 3.25039160e+03
 8.10129761e+02 2.82769531e+03 6.24767822e+03 3.94636953e+04
 1.18901453e+03 6.57107861e+03 1.00308094e+05 5.51065869e+03
 5.03534961e+03 2.45122562e+05 1.26071650e+04 1.38739014e+02
 6.94411523e+03 7.56311719e+03 4.60972070e+04 5.05947062e+05
 1.39485844e+05 1.59422498e+03 1.12978247e+03 2.57996250e+04
 5.65950732e+03 6.45033740e+03 1.20488564e+04 4.99300195e+03
 7.62214697e+03 8.86036035e+03 1.43116660e+04 7.36706494e+03
 1.17090391e+04 2.66802490e+03 9.63431152e+03 2.90020527e+04
 1.41328584e+04 3.07430391e+04 1.50625137e+04 1.51621826e+04
 1.47250748e+02 1.03610742e+03 6.26309700e+01 1.73041172e+05
 9.14714219e+04 3.81835840e+03 5.48366846e+03 5.39619922e+04
 2.91987246e+04 1.07994082e+04 6.60676025e+03 7.48944922e+03
 4.43924365e+03 1.08473962e+06 3.48258569e+03 3.35776281e+05
 3.57225220e+03 3.22332947e+02 2.78337988e+03 3.31467627e+03
 1.31908984e+04 6.83157410e+02 9.96911719e+03 9.22439258e+03
 2.62068730e+04 2.19907227e+04 1.51393127e+03 8.07550537e+03
 1.54012764e+04 6.72463359e+04 9.35357422e+03 3.80123950e+03
 9.48647500e+04 1.15722812e+04 1.11504873e+04 1.39447422e+05
 2.93196250e+05 1.04735840e+04 3.97525812e+05 9.81282324e+03
 1.85611389e+03 2.98187285e+04 3.43772339e+03 6.12480371e+03
 4.70526797e+04 9.12693848e+03 7.51891250e+04 1.04981934e+04
 2.69424292e+03 1.03138691e+04 9.52958688e+05 1.23351770e+03
 1.75881113e+04 3.00274316e+03 9.30690689e+01 7.73197852e+03
 1.28147520e+04 6.86383438e+04 8.21597188e+04 4.45070264e+03
 1.10134938e+05 1.68878906e+05 6.40262793e+03 8.32764244e+00
 8.41298889e+02 1.10985908e+04 1.44796289e+04 2.53892285e+04
 3.23509064e+02 8.51199141e+04 2.24278633e+04 2.35812531e+01
 6.24163037e+03 6.03025195e+03 6.40484883e+04 9.27878613e+03
 1.72811816e+03 2.09991895e+04 3.26678760e+03 9.68794375e+04
 1.22889619e+04 1.47332861e+03 2.42655664e+04 5.72514697e+03
 1.54547998e+03 4.47414750e+05 3.87524536e+03 1.15609460e+03
 4.90316953e+04 4.81375928e+03 1.72371406e+04 4.97068594e+04
 4.90798320e+04 7.07647644e+02 1.84192734e+04 5.90422266e+03
 8.25001797e+04 1.21446982e+04 5.54167266e+04 1.02465146e+04
 2.38468555e+03 5.19276094e+04 1.22720527e+04 4.78423828e+04
 3.29069244e+02 6.36812562e+05 3.00663037e+03 2.89649453e+04
 1.05217520e+04 1.93768896e+03 9.45553027e+03 2.31076270e+04
 6.58575342e+03 1.08369312e+03 7.27681787e+03 5.96100000e+03
 6.62164188e+05 1.21494834e+04 1.74318750e+04 1.00876641e+04
 9.56951904e+02 8.45538330e+02 1.63583105e+04 1.76368730e+04
 3.11051973e+04 8.41437031e+04 7.08831543e+03 8.02684141e+04
 5.53766174e+02 1.31132725e+04 1.11693438e+05 9.07865820e+03
 8.36406328e+04 2.16741016e+05 9.97487109e+04 1.01503300e+06
 1.00164766e+04 1.05757414e+05 9.75341797e+02 1.40982480e+04
 2.45045117e+03 1.30423154e+04 6.89072461e+03 4.51080039e+04
 5.39680078e+03 2.70921777e+04 1.58188531e+05 1.27760559e+03
 2.59334160e+04 2.11344653e+03 3.04409668e+03 4.62014844e+03
 5.63798828e+03 2.82688750e+04 2.65163359e+04 1.33084668e+03
 6.36595752e+03 3.37256616e+03 5.11006602e+04 1.21946266e+05
 6.81178359e+04 1.30630750e+05 3.85799414e+03 3.03339469e+05
 4.38843320e+04 2.10736660e+04 6.46099805e+03 1.66058359e+04
 3.61122062e+05 3.39351807e+03 2.68171484e+03 5.17649883e+04
 1.71882812e+03 4.99323398e+04 5.76353809e+03 3.95934219e+05
 1.02214899e+03 1.55681078e+05 3.28202891e+04 2.55630469e+04
 1.26623055e+05 2.95994775e+03 5.48097500e+05 1.81727363e+04
 1.62179625e+05 1.28055273e+04 6.55559131e+03 1.52295508e+03
 5.06676904e+03 5.05368164e+03 2.44001914e+04 9.97017422e+04
 1.11044238e+04 1.54131372e+03 2.20754922e+05 5.09941992e+03
 6.82266211e+03 1.00180635e+04 5.26838135e+03 3.04643531e+05
 4.84722266e+03 4.38774338e+01 1.40956250e+03 1.17770928e+04
 6.56129219e+04 7.06051208e+02 1.03005383e+05 6.47268125e+05
 2.94365820e+03 1.55738281e+04 4.56398132e+02 2.98171602e+04
 3.54001807e+03 2.13047440e+02 1.71364727e+04 1.58146162e+04
 1.50141953e+04 1.08715344e+05 1.08953250e+05 1.38454785e+04
 1.76616812e+05 2.15545516e+05 2.36012031e+04 6.88793396e+02
 1.69455719e+05 2.30176836e+04 3.72039062e+04 1.13880070e+05
 3.99045125e+05 9.63527051e+03 1.45704170e+04 1.02134812e+05
 5.12473219e+05 7.67536406e+04 2.41692212e+03 6.90205518e+03
 2.71580352e+04 2.07796328e+04 8.37386438e+05 1.04466919e+03
 4.99995801e+03 1.01372168e+04 3.40213672e+04 9.30105273e+03
 3.13227715e+04 2.86304551e+04 2.53682375e+05 3.80026270e+03
 1.12951621e+04 1.79562227e+04 1.12306377e+04 7.50898438e+04
 8.89374695e+02 7.31640547e+04 2.38409302e+03 8.45460938e+03
 2.23376660e+03 4.94787422e+04 2.36878496e+04 1.19231860e+03
 6.68797578e+04 7.55380518e+03 2.22212012e+03 1.76893770e+04
 1.88858594e+05 7.90241211e+03 6.09533496e+03 8.41929375e+04
 1.40124984e+05 1.71354626e+03 1.17998703e+05 1.50227402e+04
 5.20931641e+03 4.45331914e+04 1.43381807e+04 1.53714209e+04
 2.19528691e+04 1.00675928e+04 7.57165088e+03 1.00755732e+04
 2.48984009e+03 1.46049160e+04 1.84855469e+04 2.01747223e+02
 1.66349062e+05 3.37746367e+04 2.97307812e+03 5.09318477e+04
 2.93418359e+03 1.16555297e+05 2.88515283e+03 1.92410059e+04
 3.87940625e+03 3.78636597e+03 3.10019492e+04 2.47609766e+03
 2.98401660e+04 1.07980283e+04 1.41242344e+04 1.32475562e+05
 2.89428535e+04 1.41381262e+03 4.33752686e+03 2.11164355e+04
 7.36469219e+04 3.61413555e+04 3.39301685e+03 1.98488550e+06
 8.65184479e+01 9.99074609e+04 3.66125078e+04 1.64638906e+04
 6.63702295e+03 1.70765996e+04 8.53508281e+04 1.06543438e+04
 5.14604858e+02 1.28365684e+04 8.76537354e+02 6.48555859e+03
 2.74747852e+04 5.33652344e+02 1.03129473e+04 2.97181091e+02
 6.08161426e+03 2.43476797e+05 2.36712812e+04 1.57626250e+05
 3.81672930e+04 7.25938525e+03 2.69893140e+03 2.45591734e+05
 2.52397949e+03 2.67246484e+04 1.59944570e+04 1.12631995e+03
 9.82233032e+02 2.98771934e+04 2.08394653e+02 1.69308655e+03
 5.02913770e+03 1.27811309e+04 2.88401514e+03 2.99632598e+04
 5.86730420e+03 8.71710938e+02 5.84026641e+04 2.37170957e+04
 2.56008179e+03 1.00435371e+04 9.35228281e+04 3.89834625e+02
 1.43864268e+04 1.04577212e+06 3.34023218e+03 9.51418848e+03
 2.51244946e+03 3.92380742e+04 1.39132578e+04 1.43872778e+03
 1.40467542e+03 9.37625586e+03 4.36715869e+03 7.13427188e+04
 8.34370996e+03 5.74586328e+03 1.22589434e+04 7.16661172e+04
 4.06773022e+03 6.75321289e+03 6.11574258e+04 8.48609844e+04
 4.52126367e+04 1.55747571e+03 5.33661211e+04 1.09675527e+04
 7.04647852e+03 2.78828375e+05 4.52779639e+03 1.25682656e+04
 3.55707656e+04 2.57910913e+03 2.86553149e+03 2.83274004e+04
 3.86531006e+03 8.90121155e+01 8.35750781e+03 3.75925586e+03
 8.99957422e+03 5.13996562e+04 1.02578994e+04 8.40813232e+02
 7.18507500e+04 6.61287031e+04 1.26227598e+04 9.21773047e+03
 8.27520215e+03 4.78813984e+04 1.06385535e+03 1.56606279e+04
 5.31212744e+03 1.26037148e+04 9.50206250e+04 1.56757751e+03
 2.66898250e+05 2.05661694e+03 4.89932734e+04 9.67756836e+03
 1.00300947e+04 3.22491781e+05 4.55088135e+03 3.84587070e+04
 7.04720752e+03 2.26619199e+04 9.59539062e+02 8.70433008e+03
 3.04754785e+04 4.41624609e+04 8.62500488e+03 1.25215762e+04
 9.41841699e+03 1.30537268e+03 1.64200537e+03 9.27411719e+03
 8.73208984e+03 4.78124512e+02 2.79514629e+04 1.13757656e+04
 2.47457656e+05 1.72483203e+04 1.61452324e+04 2.88532104e+02
 3.68893286e+03 5.06685107e+03 8.31900156e+04 1.37454742e+02
 2.33715250e+05 9.76005664e+03 2.31980922e+05 1.48603174e+04
 2.66737930e+04 4.94260312e+05 5.95653857e+03 5.39437695e+03
 5.08848083e+02 1.32920547e+04 4.78860508e+04 6.44371338e+02
 1.15682295e+04 6.75345410e+03 2.33085125e+05 1.15956113e+04
 6.47196680e+03 5.81570020e+03 1.26204070e+05 1.10044482e+04
 1.24890234e+05 1.00316586e+05 1.24034973e+03 1.63391736e+03
 2.86969609e+04 2.02452927e+02 5.09646973e+03 3.50206909e+03
 8.35388867e+03 5.86515234e+04 9.74955957e+03 5.10116133e+04
 1.41351484e+05 3.03954395e+04 2.32615078e+04 1.71372559e+04
 7.81015547e+04 7.60739160e+03 6.63167031e+04 3.55763008e+04
 3.33748438e+03 2.98726699e+04 7.83185986e+03 1.89887000e+03
 5.06012061e+03 1.54406963e+04 1.20921914e+05 6.41158252e+03
 2.50983848e+04 1.75894336e+04 1.67211875e+04 1.81526062e+03
 7.91583789e+03 5.90767627e+03 2.24520215e+04 1.73430195e+04
 8.19916406e+03 6.39427051e+03 2.19160391e+04 8.18788516e+04
 2.03721641e+04 1.39739814e+04 2.12957305e+04 1.59210176e+04
 1.45393200e+06 2.61159106e+03 6.00367334e+03 4.94353008e+04
 8.81318945e+03 4.76376074e+03 6.47359375e+02 1.40010254e+04
 2.95259492e+04 2.89772363e+03 4.14236572e+03 1.40787314e+04
 1.03851501e+03 9.62671016e+04 1.62206367e+04 5.63640869e+02
 1.98251484e+04 1.48575928e+04 2.54020332e+04 1.10934941e+04
 1.37409775e+04 2.38697988e+04 2.54064380e+03 4.76943848e+03
 1.65892920e+03 2.76609883e+04 1.39382016e+05 5.48341431e+02
 1.73890879e+04 1.72143234e+05 2.52160449e+04 4.07918594e+04
 2.28696826e+03 4.49036289e+04 1.85290719e+05 4.00619766e+04
 3.89406836e+03 1.24625488e+04 1.49565039e+03 7.54793018e+03
 6.14327578e+04 5.94767383e+03 8.57476660e+03 5.86349875e+05
 3.17935303e+03 6.45410156e+03 1.36070684e+04 1.04358133e+05
 9.67328320e+03 1.23282412e+04 3.32678271e+03 4.19571973e+03
 8.64380066e+02 9.94184082e+03 8.28677051e+03 4.15416602e+03
 6.23580322e+02 4.93072607e+03 2.69426611e+03 1.76975500e+03
 2.80251777e+04 7.75898828e+03 1.70178457e+04 2.23941626e+03
 8.85129102e+03 3.74420044e+02 1.98345547e+04 2.46494653e+03
 5.09498398e+04 6.67855781e+04 1.87829824e+04 1.95393609e+05
 1.48727002e+04 2.01989990e+03 1.95281873e+03 3.32041504e+03
 1.77598711e+04 8.51161816e+03 4.76922578e+04 1.35737312e+05
 1.12947920e+04 3.61498950e+03 5.51186875e+04 3.67007906e+05
 2.06334023e+04 5.26054053e+03 4.95245547e+04 1.80356934e+04
 1.82120529e+02 4.13606406e+05 1.29789375e+04 2.91772485e+03
 3.39198633e+03 2.96423608e+03 1.60470562e+05 3.75540859e+04
 3.20151880e+03 1.39611865e+04 4.69714570e+04 8.70507141e+02
 3.18090430e+04 5.02210391e+04 3.03747250e+05 1.52070654e+04
 2.66395093e+03 4.16140039e+03 1.35987906e+05 2.30571484e+03
 7.43551807e+03 3.10204492e+03 1.00814545e+03 2.36061694e+03
 9.49170532e+02 9.01448438e+03 2.16007666e+03 1.46530380e+02
 1.95072773e+04 5.43864941e+03 5.23312598e+03 3.31623047e+04
 2.44339673e+03 5.84567627e+03 1.30470977e+04 1.38677119e+04
 6.48983008e+03 2.30987324e+04 5.48276875e+04 7.12409180e+03
 7.74677246e+03 1.80794668e+04 1.47389062e+04 1.44505234e+04
 1.13394238e+03 3.55943994e+03 6.12535205e+03 7.68520801e+03
 3.43460547e+03 1.02218926e+04 5.11709141e+04 2.89498608e+03
 4.08540991e+03 4.11750664e+04 3.13071031e+05 1.09742322e+03
 5.24443945e+03 9.98031328e+04 8.40170996e+03 4.08752695e+04
 1.52311792e+03 3.45667603e+03 3.84319141e+04 4.98742090e+03
 4.45290469e+04 2.81543701e+03 7.77665381e+03 7.43938828e+04
 1.43988500e+05 6.64066650e+02 1.07358574e+04 7.36738477e+03
 4.64361992e+04 3.26378652e+04 2.39942422e+04 2.30542554e+03
 1.48439587e+03 2.65810742e+04 6.09615967e+02 1.10985788e+06
 6.44770605e+03 3.01369214e+03 1.05227900e+04 9.02347363e+03
 2.03506470e+03 2.53470664e+04 1.21959531e+05 1.84559266e+05
 3.65668281e+04 2.74705322e+03 5.17031484e+04 7.93921582e+03
 6.20792266e+04 9.56405938e+04 1.22499902e+04 3.67194883e+04
 4.67878815e+02 7.49473633e+03 4.93298750e+04 1.82193320e+04
 1.55155996e+04 1.45142715e+04 1.98607849e+03 2.32496265e+03
 4.06204688e+04 5.66926172e+03 1.65214336e+04 1.63954102e+03
 5.44400977e+03 6.06493262e+03 5.39598193e+03 4.35977375e+05
 2.75772681e+03 5.43047900e+03 5.69680000e+04 1.47225000e+03
 3.66488354e+03 1.04535474e+03 5.43674102e+04 1.23692432e+04
 1.26414512e+04 1.13859473e+04 1.34353766e+05 7.96352656e+04
 5.00989531e+04 2.67529625e+05 6.63704844e+04 2.08058716e+03
 4.20703406e+05 7.78518213e+03 6.52152938e+05 2.66691699e+04
 2.24341641e+04 1.19855762e+04 4.81228613e+03 2.67508057e+03
 1.44327051e+04 6.34873352e+02 3.06820586e+04 3.10024219e+04
 2.00132203e+05 1.46474377e+03 6.85624707e+03 1.23889319e+03
 3.08044312e+03 1.05184688e+04 3.54071826e+03 2.28784902e+04
 6.30306458e+02 6.63565820e+03 4.18750049e+03 5.70328809e+03
 5.08677227e+04 1.23389219e+04 2.59098297e+05 1.94277031e+05
 5.81080938e+05 1.11503721e+04 6.09061133e+04 9.60079199e+03
 8.55252500e+04 8.26424744e+02 5.44428662e+03 2.98611094e+04
 7.92075928e+02 2.89184839e+03 2.40359648e+04 1.45116922e+05
 5.35229883e+04 1.00222070e+04 1.54739026e+03 5.92033350e+03
 7.15783203e+02 1.60488159e+03 1.07096221e+04 4.89041062e+05
 9.32804297e+03 5.36946729e+03 2.52700342e+03 4.26512188e+04
 6.02960977e+04 2.02857019e+03 6.20033438e+04 5.20608672e+04
 8.16205469e+03 4.59394727e+04 1.50823318e+02 1.91028357e+03
 2.82152441e+04 6.27256543e+03 6.36266094e+04 8.20920117e+03
 2.64783008e+03 3.50215430e+04 9.34522070e+03 3.44696844e+05
 6.48963623e+03 1.50891289e+04 4.03603633e+04 4.60394375e+04
 1.20459404e+04 7.28351367e+03 2.73816660e+04 1.14507637e+04
 4.69941602e+03 6.74728223e+03 5.37169385e+03 2.91761719e+04
 8.56203594e+04 5.54898828e+03 3.21051440e+03 2.22566523e+04
 9.06661133e+03 9.17033630e+02 2.49216309e+04 1.94607617e+04
 7.42138721e+03 5.76016406e+03 7.51660352e+03 1.38253850e+06
 7.76064697e+03 1.36328486e+04 7.57942432e+03 8.26794875e+05
 8.84986755e+02 9.11005273e+03 1.84551609e+05 5.69616748e+03
 9.69368591e+02 2.43500565e+02 9.97913184e+03 3.30534297e+04
 9.70004141e+04 1.37513123e+03 1.76612461e+04 7.20124805e+03
 4.83567891e+04 3.38557383e+04 1.23688135e+03 5.27056641e+03
 1.16443787e+02 4.95772930e+04 8.87304102e+03 6.86958594e+03
 2.27197480e+04 3.71541479e+03 3.57666328e+04 1.07589336e+04
 4.30115039e+04 6.07363379e+03 2.97930786e+02 2.80774525e+06
 1.31371230e+04 2.57932153e+03 7.63706589e+01 9.38498984e+04
 3.11785625e+04 6.59619824e+03 1.46544932e+04 1.23637227e+05
 1.46520020e+03 1.79376484e+04 2.50754844e+05 2.66705000e+04
 1.42831152e+03 8.81014844e+03 2.86297607e+02 3.14321543e+04]
