[3.00227594e+05 2.88374531e+04 3.49319102e+04 6.41553594e+04
 3.00588969e+05 3.69010586e+04 3.39817578e+04 1.36185820e+04
 3.28767844e+05 6.40849141e+04 3.95300273e+04 4.44368062e+05
 1.74962531e+05 6.14473945e+04 2.58291641e+04 6.04437070e+04
 1.72915491e+03 1.25747227e+04 2.14474688e+05 1.90663094e+05
 7.16424062e+04 2.99305078e+04 3.35308800e+06 8.92553906e+04
 2.95843926e+04 9.03971750e+05 6.49599550e+06 2.16403328e+05
 5.87845117e+04 4.89657383e+04 1.18083000e+05 7.98462031e+04
 2.45880234e+04 4.97922891e+04 5.39986055e+04 1.53232393e+04
 4.76384336e+04 2.08243809e+04 2.40599668e+04 2.84806504e+04
 3.05966968e+03 1.36749000e+05 4.68885234e+04 1.58543797e+05
 1.86073906e+05 1.65390766e+05 6.29473672e+04 5.74005078e+04
 7.11596924e+03 6.43398047e+04 2.20717090e+04 2.24798965e+04
 1.09014316e+04 3.31412438e+05 2.75500996e+04 4.26456562e+04
 7.12136406e+04 1.21421102e+05 1.11044852e+05 4.78323477e+04
 4.81060219e+05 1.36279438e+05 1.57021973e+04 1.42595049e+04
 1.91773438e+04 2.33188016e+05 1.21009238e+04 2.19937754e+04
 3.12996699e+04 3.56084031e+05 4.20167422e+04 5.34549141e+04
 3.89636914e+04 1.12706219e+05 5.30830664e+04 6.92799609e+04
 4.54855586e+04 2.39556289e+04 1.63932031e+04 5.90000688e+05
 3.25236777e+04 4.48605078e+04 1.17566973e+04 8.55918045e+01
 2.05352559e+04 9.08662402e+03 2.63627031e+04 1.38517197e+04
 5.48473945e+04 3.29955742e+04 4.06379609e+04 2.47297938e+05
 2.01284062e+04 5.67102305e+04 1.53283738e+06 1.39841422e+05
 8.48655156e+04 2.03053188e+05 4.85286844e+05 3.83969727e+04
 1.05762414e+05 9.33369688e+04 1.90410781e+04 1.77401719e+04
 4.44677266e+04 6.24083125e+04 4.54733867e+04 4.54285430e+04
 4.52927812e+04 1.77343535e+04 2.69616973e+04 4.38530938e+04
 3.90844219e+04 7.01964609e+04 1.61407744e+04 3.13159785e+04
 1.31331006e+04 9.65874219e+04 2.37003266e+05 2.10573828e+04
 4.32392930e+04 8.00256719e+04 8.27907422e+04 5.97431312e+05
 3.21691938e+05 2.43436973e+04 1.37256777e+04 3.93459297e+04
 3.86815625e+04 3.93107930e+04 4.68486680e+04 2.53705859e+04
 8.41004375e+04 2.95681519e+03 1.53584707e+04 1.41482266e+04
 8.97376719e+04 1.05472197e+04 7.25314844e+04 9.66582188e+04
 8.67578750e+04 4.54902844e+05 1.64724406e+05 7.20649531e+04
 1.10454961e+05 1.87100547e+04 4.07478594e+04 2.24517891e+05
 6.32706250e+04 2.13248281e+05 7.08639062e+04 5.19304961e+04
 2.53823809e+04 1.62212168e+04 4.62666523e+04 7.48104443e+03
 1.99176855e+04 2.54744750e+05 1.38285332e+04 4.14865438e+05
 3.90123281e+05 1.72090078e+04 1.00851143e+04 3.36697188e+04
 8.58762578e+04 1.79111797e+04 6.43136680e+04 1.68041348e+04
 5.63653555e+04 2.06003496e+04 1.56628066e+04 3.38184609e+04
 8.45049375e+04 7.32978672e+04 4.66517266e+04 1.08818711e+05
 2.55183633e+04 2.19110098e+04 4.76347109e+04 2.03325422e+05
 2.01912000e+05 8.35794629e+03 3.62743000e+06 2.17237949e+04
 1.58669854e+04 8.33653984e+04 7.80119375e+04 6.74234766e+04
 6.62147344e+04 1.57040020e+04 1.47799219e+04 2.60861113e+04
 3.11444580e+03 3.21277871e+04 4.39888031e+05 1.50643691e+04
 5.62253594e+04 1.73407148e+04 1.41021035e+04 2.26742695e+04
 4.96818633e+04 1.06254398e+05 2.00217041e+03 2.62145645e+04
 2.02674047e+05 5.29539250e+05 1.54361416e+04 2.00233809e+04
 4.73235205e+03 1.69899648e+04 3.06663457e+04 3.08280762e+04
 2.21762715e+04 2.59567438e+05 3.07975410e+04 2.48749766e+04
 3.92690508e+04 3.25980469e+04 1.18362883e+05 4.62578633e+04
 2.23877695e+04 4.39093359e+04 4.39111211e+04 1.40527297e+05
 2.89932539e+04 2.71333535e+04 3.40455469e+04 1.77888145e+04
 4.49710430e+04 3.01676831e+03 2.35823770e+04 1.39968096e+04
 5.35484805e+04 3.44858242e+04 2.96689258e+04 1.12780737e+03
 4.20390586e+04 1.49760020e+04 4.25678633e+04 7.78330391e+04
 2.05609546e+03 5.31257344e+04 5.75944961e+04 3.57036016e+04
 2.92838301e+04 3.32356406e+04 5.31825273e+04 4.43352148e+04
 1.34327281e+05 4.14158156e+05 4.02594219e+04 6.44741797e+04
 7.25317422e+04 5.07398203e+04 1.31568172e+05 3.71889102e+04
 7.13005703e+04 2.14833477e+04 2.86924570e+04 2.57734253e+03
 1.01234725e+06 3.56566062e+05 3.91448531e+05 1.79629902e+04
 3.36401602e+04 3.01983613e+04 2.98228516e+04 3.87898906e+04
 2.63202781e+05 4.37984492e+04 3.78380234e+04 1.26129609e+05
 1.14519053e+04 1.72623145e+04 1.54388812e+05 9.19319531e+04
 7.05616250e+05 3.89704219e+05 6.97077188e+04 6.23704188e+05
 5.54226172e+04 1.85436109e+05 7.81909766e+04 6.38190391e+04
 3.04381719e+04 1.11190498e+04 4.83332422e+04 1.06658961e+05
 1.88448789e+04 9.95056250e+04 9.89065688e+05 2.47848418e+04
 1.89587129e+04 2.78403594e+04 1.03868273e+05 1.98833535e+04
 1.53399990e+04 7.89640469e+04 3.71900352e+04 1.03841484e+04
 5.43012500e+04 1.78391816e+04 1.47716492e+03 1.18147680e+05
 3.62375938e+04 1.34929938e+06 1.69865156e+04 8.49528672e+04
 6.44839180e+04 2.78407168e+04 1.08883955e+04 4.54908398e+04
 1.05256000e+06 1.88871328e+04 4.94316289e+04 1.04246523e+05
 1.24641000e+05 2.00826828e+05 3.39431602e+04 1.20872250e+05
 1.15317531e+05 1.29254891e+05 4.40579648e+04 2.22776035e+04
 1.36203812e+05 5.08066172e+04 2.21571703e+05 2.08508594e+04
 4.85021602e+04 5.50226328e+04 1.96678848e+04 1.38221943e+04
 5.91332734e+04 3.84925352e+04 2.25534707e+04 1.24269664e+05
 2.02416660e+04 2.54566582e+04 4.66932219e+05 1.91214258e+04
 8.00377500e+04 1.45902363e+04 5.92803906e+04 1.28648994e+04
 2.55357441e+04 1.64121680e+04 2.33912383e+04 3.40952266e+04
 6.63672266e+04 2.78919395e+04 5.83956812e+05 1.99170825e+06
 7.37892236e+03 8.83810352e+03 1.73756625e+05 2.39067266e+04
 6.51305508e+04 4.30795039e+04 2.58959141e+04 1.45931504e+04
 6.31946211e+04 3.86442406e+05 8.67406094e+04 3.67146641e+04
 9.64061484e+04 9.83542969e+03 5.50959453e+04 7.54560547e+04
 5.88146438e+05 1.41863500e+05 3.13387312e+05 2.97956914e+04
 7.13302625e+05 4.42326445e+04 1.07945961e+05 8.22220547e+04
 4.53285094e+05 3.23336969e+05 2.53391348e+04 5.91164141e+04
 1.00768531e+05 1.49928259e+03 2.46727406e+05 7.02008516e+04
 1.75706699e+04 2.80364668e+04 6.64414688e+04 3.84264297e+04
 1.19985281e+05 2.46336250e+04 6.34250250e+05 1.56746582e+04
 2.27622207e+04 3.82496953e+04 3.89147969e+04 8.83021289e+03
 2.93240000e+04 2.63711812e+05 4.89154492e+04 1.89399062e+05
 8.92277441e+03 4.53730078e+04 1.89363438e+04 5.54279922e+04
 6.95259375e+04 3.06878105e+04 3.95941523e+04 3.16301133e+04
 6.79205150e+06 1.58707051e+04 3.06804219e+04 1.96043156e+05
 1.94109672e+05 4.97352344e+04 2.02621203e+05 7.53405469e+04
 1.19921787e+04 3.38703438e+05 5.55225859e+04 4.46901211e+04
 8.07539297e+04 2.39778613e+04 4.06988984e+04 1.35099047e+05
 4.58292930e+04 5.49048203e+04 1.55213945e+04 9.06945508e+03
 2.08947607e+03 1.97708926e+04 6.07106934e+03 6.07878711e+04
 2.49567129e+04 5.12827438e+05 8.89237031e+04 1.27302910e+04
 2.60041191e+04 6.76334062e+04 3.46737773e+04 4.93310938e+04
 4.45195391e+04 4.33087656e+04 3.85406758e+04 2.57376523e+04
 4.79988672e+03 5.15575391e+03 1.65394043e+04 2.60392469e+05
 3.40364258e+04 2.53827461e+04 1.54369424e+04 3.69371800e+06
 1.28008242e+04 1.51814141e+05 4.14239375e+04 9.52382188e+04
 2.21496836e+04 2.71166031e+05 6.49613562e+05 1.32861426e+04
 4.01612852e+04 3.19732520e+04 2.86971270e+04 9.45524023e+03
 3.57789375e+05 2.51664434e+04 1.56186729e+04 1.05969326e+04
 1.45508447e+04 5.88859750e+05 2.28797129e+04 5.24884023e+04
 4.55982930e+04 1.96904883e+04 2.36535449e+04 1.97512969e+05
 1.94767988e+04 5.00095469e+04 2.68298594e+04 3.04759551e+04
 5.28047578e+04 3.49216641e+04 8.65413906e+04 1.25359971e+04
 5.61941758e+04 3.38811475e+03 3.12262676e+04 7.49233688e+05
 8.98639609e+04 1.48879316e+04 1.12633213e+04 4.55826328e+04
 1.75577129e+04 4.03356875e+04 1.67105141e+05 5.19540508e+04
 9.28406328e+04 4.39191812e+05 5.35113574e+03 2.65879492e+04
 1.49843184e+04 1.90108105e+04 1.41735840e+04 1.96598633e+04
 8.51671582e+03 4.34545859e+04 4.35723516e+04 2.13610234e+05
 1.87777891e+04 1.59889697e+04 5.10786172e+04 1.60139844e+04
 3.84598750e+04 3.31275049e+03 1.87929547e+05 6.07208477e+04
 5.38127109e+04 8.07090703e+04 3.25376719e+05 3.31426367e+04
 2.60132266e+04 5.56803562e+05 3.92030859e+04 7.92918672e+04
 1.99761828e+05 1.19843193e+04 8.90211016e+04 4.83711602e+04
 3.75498594e+04 4.00590156e+04 2.28551445e+04 4.74939609e+04
 7.19982812e+04 1.36132062e+05 2.64825449e+04 1.12081531e+05
 1.32076641e+05 3.12254906e+05 2.00905215e+04 8.63593594e+04
 2.38845922e+05 3.06705375e+06 3.41895781e+04 9.23159961e+03
 1.31650186e+04 8.31534375e+04 7.63454844e+04 1.18509619e+04
 6.69212500e+04 1.36502070e+04 1.22915762e+04 2.57043652e+04
 4.46660586e+04 4.18962842e+03 5.10679375e+04 1.31658289e+03
 1.28710508e+05 4.15656328e+04 1.67453828e+04 2.17971562e+04
 9.66437344e+04 2.29927578e+05 1.85197559e+04 3.43045195e+04
 4.21439307e+03 4.40959844e+04 5.29321445e+04 1.04603891e+05
 3.75136211e+04 1.19152246e+04 1.14294932e+04 3.76207930e+04
 1.75598922e+05 6.49085898e+04 6.68600781e+04 1.15957227e+05
 2.90111914e+04 4.62401953e+04 1.19689305e+05 4.01475859e+04
 6.01498145e+03 2.87538730e+04 1.43133297e+05 1.46921469e+05
 8.75000732e+02 1.79015038e+06 2.56575801e+04 3.17175762e+04
 1.52829938e+05 1.10590867e+05 4.80684844e+04 6.43732031e+04
 2.44977500e+04 2.79413066e+04 1.41912422e+05 5.50417383e+04
 1.79994434e+04 2.35022344e+04 7.67046953e+04 1.05869619e+04
 2.02700047e+05 6.59744219e+04 1.81117344e+04 6.30003984e+04
 7.07844922e+04 1.63076729e+04 5.54151328e+04 6.16114414e+04
 7.60230859e+04 8.15280703e+04 2.23090684e+04 4.12351523e+04
 2.88354031e+05 6.96387268e+02 3.72738203e+04 2.90849062e+04
 3.99284000e+05 3.78125117e+04 1.92579438e+05 3.67897188e+04
 4.90198047e+04 1.40306074e+04 2.71017070e+04 2.35959297e+04
 8.26308203e+04 4.82261367e+04 2.88230703e+04 2.44385410e+04
 1.95478078e+05 2.98819281e+05 8.22194922e+04 4.62720781e+04
 1.26622570e+05 2.46126719e+04 2.17224551e+04 7.22281055e+03
 1.82630391e+04 1.09324707e+04 1.15543297e+05 2.00157219e+05
 2.60937871e+04 1.29874820e+05 4.15329414e+04 3.78198398e+04
 1.12987100e+06 3.82112734e+04 2.67959824e+04 1.42487031e+05
 2.47317656e+04 7.29388125e+04 1.54674551e+04 5.51180508e+04
 2.79244902e+04 1.87883301e+04 1.30232156e+05 4.73320977e+04
 2.55890586e+04 9.80232188e+04 1.35589406e+05 1.99968828e+04
 2.28623379e+04 1.37713475e+06 4.56655078e+04 4.34929219e+04
 3.33784336e+04 1.11689131e+04 9.65332031e+04 2.84512520e+04
 3.24591602e+04 3.42835375e+05 4.07614781e+05 1.46073506e+04
 6.76635469e+04 2.15304824e+04 8.21511902e+02 2.04951844e+05
 3.25832275e+03 1.21272510e+04 1.59081240e+04 7.30265156e+04
 2.84814863e+04 2.36020977e+04 2.93330469e+04 2.12610293e+04
 8.32767891e+04 4.23412383e+04 6.49315723e+03 5.27294562e+05
 3.97117344e+04 3.99442539e+04 3.82653945e+04 1.61752469e+05
 5.56093945e+04 7.19401094e+04 1.36614717e+04 1.58612012e+04
 1.31877312e+05 5.63126562e+04 4.53326641e+04 8.00286484e+04
 2.03509609e+04 3.57565117e+04 1.51044453e+04 3.14737637e+04
 3.13415684e+04 8.51425234e+04 2.80209395e+04 7.08032344e+04
 4.92123984e+04 6.29017891e+04 1.15156344e+05 1.07520000e+04
 2.48799750e+05 6.04774844e+04 5.24928828e+04 9.63803812e+05
 5.51759961e+04 1.55998184e+04 3.30077344e+04 1.93084961e+04
 4.48420391e+04 1.01856016e+05 5.23424180e+04 3.32628531e+05
 2.37096621e+04 2.10168848e+04 9.99337422e+04 1.03884319e+06
 1.76729172e+05 3.62784531e+04 1.37180811e+03 2.29702285e+04
 2.19253234e+05 1.12544367e+05 1.17402703e+05 4.13105312e+04
 1.51109268e+04 1.61850459e+04 2.97792062e+05 1.35862703e+05
 6.60248281e+04 5.59235820e+04 6.96885078e+04 3.31493867e+04
 9.70891172e+04 1.37967078e+05 1.11195638e+06 1.00781714e+03
 3.18734512e+04 5.79437656e+04 2.62591406e+05 1.20698367e+05
 3.56928398e+04 6.15644180e+04 7.44437969e+04 4.85751758e+03
 1.62556943e+04 1.84857090e+04 7.91251016e+04 1.57284541e+04
 1.19050244e+03 2.01014219e+04 1.67167109e+04 4.31975375e+05
 3.76656875e+04 3.81648867e+04 4.38245195e+04 2.60585215e+04
 2.19070273e+04 2.57729531e+04 1.29507031e+05 2.74430605e+04
 3.24088531e+05 6.22821250e+04 1.66457051e+04 4.31632764e+03
 2.50861562e+04 6.49488633e+04 1.32629266e+05 3.87272930e+04
 1.60859443e+04 1.18657988e+04 4.53896250e+04 1.93898789e+04
 1.77223945e+04 5.89748828e+04 1.34625578e+05 1.13327988e+04
 6.04484297e+04 5.79531375e+05 2.13284648e+04 2.71750117e+04
 3.66040469e+04 6.45705039e+04 1.51035488e+04 5.91882500e+04
 7.15155938e+04 1.18040172e+05 1.86841016e+05 1.05790141e+05
 8.96296172e+04 2.30209980e+04 4.65741250e+04 4.48868320e+04
 1.72809312e+05 5.18746016e+04 2.06251245e+03 4.11086602e+04
 8.31475078e+04 3.04735430e+04 1.97980254e+04 1.51505038e+06
 1.13449078e+05 3.66827227e+04 8.50559766e+04 1.96046914e+04
 2.31149199e+04 1.67462031e+04 1.70784950e+06 2.69163281e+05
 7.60227578e+04 1.60374092e+04 7.13809766e+04 8.99215391e+04
 1.91839578e+05 2.79106594e+05 1.36667594e+05 2.78646500e+05
 2.36788633e+04 8.61624141e+04 1.33730984e+05 2.00436422e+05
 3.58898047e+04 4.18111367e+04 1.84214746e+04 2.73258066e+04
 1.94598578e+05 1.28736436e+04 9.99558828e+04 2.06182930e+04
 2.51751621e+04 2.69867676e+04 4.10309023e+04 1.82636422e+05
 1.60848125e+04 2.31426836e+04 1.35785391e+05 1.38644082e+04
 4.02937852e+04 1.46515176e+04 2.18589297e+04 1.92461973e+04
 3.30456016e+04 4.09139648e+04 8.85950312e+04 3.79995337e+03
 5.56086055e+04 5.63483500e+05 4.97348008e+04 4.09978242e+04
 2.49821234e+05 1.34496094e+05 3.98397094e+05 2.74450605e+04
 3.34601992e+04 3.55461680e+04 4.06129258e+04 2.90890352e+04
 6.71797812e+04 2.57621816e+04 4.32978867e+04 4.26728164e+04
 3.32689719e+05 1.28894209e+04 5.30725000e+04 8.67636094e+04
 2.32823906e+04 5.75708945e+04 6.31268311e+03 2.87450977e+04
 1.74920508e+04 5.60167031e+04 2.60098516e+04 3.97881016e+04
 1.63225812e+05 3.22845684e+04 2.00565000e+05 2.27073193e+03
 2.52198906e+05 1.07802578e+04 1.91908242e+04 4.17394297e+04
 4.80738828e+04 1.08982090e+04 5.75021484e+04 3.30650273e+04
 7.54004639e+03 3.25749473e+04 5.97369141e+04 1.03895930e+05
 2.94217125e+05 2.90598848e+04 2.85539688e+04 4.44605781e+04
 1.70310566e+04 1.90305352e+04 1.68539531e+05 2.85468562e+05
 1.15641768e+04 3.50019023e+04 4.93050352e+04 6.79261094e+04
 5.92803125e+04 2.79635957e+04 2.20770215e+04 6.54307891e+04
 7.48861328e+04 4.52843625e+05 4.39831250e+04 1.39722100e+04
 4.76354375e+05 2.20782070e+04 1.17154391e+05 6.55118398e+04
 2.92495625e+04 1.09176938e+05 3.76177969e+04 1.16909712e+06
 3.30737852e+04 3.31736992e+04 2.12666504e+04 3.74680117e+04
 3.34390039e+04 5.25520273e+04 2.56748859e+05 8.85269688e+04
 2.62629297e+04 5.21320459e+03 2.17731621e+04 3.82172461e+04
 3.39730938e+04 1.85915664e+04 5.77874609e+04 2.04039609e+04
 8.46578516e+04 6.57978047e+04 1.97187297e+05 1.19897695e+04
 2.27881309e+04 1.13042656e+04 3.95849469e+05 9.10453984e+04
 1.18991305e+05 5.49406953e+04 4.02702031e+04 3.06823156e+05
 2.79536094e+04 5.99995312e+04 2.64490375e+05 1.55544795e+04
 1.60382617e+04 1.12985258e+05 4.24245469e+04 4.07550344e+05
 2.30788812e+05 1.20025264e+04 8.49976016e+04 4.78001172e+04
 1.14559555e+05 2.23078406e+05 3.12955908e+03 2.84772910e+04
 3.56669453e+04 5.99677148e+04 3.89234414e+04 6.61749297e+04
 1.20552617e+04 3.84940898e+04 1.34839141e+05 3.12774355e+04
 1.50290352e+04 1.54908311e+04 4.28892852e+04 1.49241475e+06
 1.11707646e+04 8.25661875e+04 2.77516719e+04 8.62364990e+02
 8.01955625e+04 1.58256768e+04 2.04101816e+04 1.26337188e+06
 5.65267539e+04 1.19062822e+04 1.56473469e+05 1.43051594e+05
 5.97479219e+04 2.66805547e+04 2.37234297e+04 1.22299131e+04]
130211.734
6792051.5
