[1.02311461e+05 1.76485794e+02 1.99786292e+03 2.63428931e+03
 7.76292500e+04 9.91370898e+03 1.39712891e+05 2.26877328e+05
 6.52692000e+05 1.95116699e+03 1.29795938e+05 5.73223550e+06
 6.75745312e+04 1.09922646e+04 2.53629623e+02 7.59468828e+04
 3.23780449e+04 1.28680957e+03 1.14168800e+06 3.35008000e+05
 4.70422803e+03 1.32138458e+02 2.61257150e+06 4.33686401e+02
 1.46650497e+02 5.12997656e+05 1.16869760e+07 1.91796797e+04
 4.79781860e+02 2.60904703e+05 2.85632715e+04 2.69255444e+03
 8.00778259e+02 3.33056274e+03 3.05947974e+03 5.44113953e+02
 1.42009851e+03 5.16904219e+05 6.85382324e+03 2.67915466e+02
 3.15616719e+04 9.47082812e+04 3.36504126e+03 2.25702891e+04
 1.71191625e+05 1.99131787e+03 3.99338242e+04 2.11341328e+04
 2.06203730e+04 1.47153408e+04 7.79889648e+02 4.61663544e+02
 1.47126297e+02 5.51178027e+03 8.04956787e+03 2.05617070e+04
 1.17867910e+04 2.77328672e+04 3.60370656e+05 1.66597641e+05
 4.17902344e+03 1.69780518e+03 2.26555200e+03 1.06984473e+03
 6.78477966e+02 1.05107320e+05 3.78580391e+04 1.04702014e+03
 1.52897156e+05 1.12021962e+06 1.71569260e+02 1.94778138e+06
 7.82996521e+01 3.37496094e+02 6.30115088e+03 2.88633719e+05
 1.91648035e+03 3.80266296e+02 2.19175014e+01 1.21346340e+07
 1.45421228e+03 2.60714014e+03 4.02439531e+04 1.17780859e+03
 5.73403320e+03 2.74208250e+05 2.86066758e+04 2.40999893e+02
 3.04507715e+04 2.17938848e+04 2.15780000e+06 3.12023450e+06
 1.96287390e+03 5.47252344e+03 3.24120375e+05 1.25359000e+06
 1.42494750e+05 1.38287610e+03 1.51781128e+03 4.80435400e+03
 3.41140703e+04 1.82088977e+03 8.73494507e+02 1.13593987e+02
 3.20085898e+04 3.17590375e+05 7.37988770e+02 3.91326172e+03
 4.77341504e+03 2.32378496e+04 2.10289062e+03 3.58147266e+03
 1.71695859e+05 3.31122930e+04 9.62791504e+03 2.60772594e+05
 1.62739429e+03 2.18016578e+05 1.27276357e+04 4.03442017e+02
 5.96543125e+05 1.30922662e+06 1.96160371e+04 1.82303512e+06
 2.84539062e+04 5.81395117e+03 5.90079712e+02 4.39249316e+03
 2.48708301e+03 3.78912689e+02 5.10908008e+03 7.64887812e+05
 1.50646436e+04 9.58163574e+03 3.03287939e+03 2.86409131e+03
 3.15474463e+03 6.47607471e+03 1.08969462e+06 1.44179951e+04
 4.12652461e+04 3.69245972e+02 1.01483379e+04 3.15693335e+03
 9.70387812e+04 2.69968433e+03 1.70785721e+02 5.83443984e+04
 2.66694453e+04 1.81733691e+04 5.64313221e+00 9.27693125e+04
 4.42570156e+05 2.68773094e+05 6.00128867e+04 1.50643463e+02
 2.61108032e+03 4.57645100e+06 2.90665436e+02 1.53096912e+06
 7.26914917e+02 8.79093323e+02 9.38738464e+02 7.07302246e+01
 2.59420094e+05 4.87681299e+03 1.02569434e+03 1.30124548e+03
 2.93093842e+02 1.49120688e+05 2.27959004e+04 2.66075117e+04
 2.44212129e+04 3.93487906e+05 2.42811890e+03 1.58159062e+05
 4.16165781e+04 3.66767975e+02 1.74714031e+05 1.81928762e+06
 2.57660453e+05 1.17406848e+03 1.01124500e+06 9.16220125e+05
 2.36024438e+03 8.52005566e+03 8.19226013e+02 3.79546406e+05
 4.43097469e+05 2.18293574e+04 5.09129594e+05 2.45069904e+01
 1.06420283e+04 4.08794019e+03 3.55534844e+04 5.55061340e+01
 6.44039609e+04 7.82224792e+02 1.81566086e+02 2.52218145e+04
 3.37416602e+03 3.41519297e+04 1.65166588e+06 1.29402356e+03
 2.03713125e+04 5.59569275e+02 4.88630463e+02 2.65367456e+03
 4.61919098e+02 1.02260651e+02 7.25859570e+03 1.30884336e+05
 3.41567871e+03 5.26977812e+04 2.48366797e+03 4.74811523e+03
 2.87810977e+04 3.94261279e+03 1.79496234e+05 4.80570312e+04
 7.82761963e+03 1.34254678e+04 1.15564246e+03 9.31636953e+04
 2.19214966e+03 2.90438324e+02 4.36569023e+04 7.38490524e+01
 7.63689089e+00 3.42405547e+04 1.37927344e+05 1.55215515e+02
 1.47090381e+04 5.99025146e+03 4.27313499e+01 3.70392896e+03
 2.47169266e+05 6.40410461e+01 1.85910046e+03 1.30072037e+02
 1.00654310e+07 2.95036230e+03 4.69303271e+03 1.56252151e+02
 1.05233009e+02 2.19172325e+06 4.91126016e+04 1.81843730e+04
 3.96674878e+03 7.79789219e+04 2.53678955e+03 4.61523000e+05
 8.55418750e+03 3.17336133e+03 1.78997449e+03 2.41128983e+02
 8.59974121e+03 1.26797549e+04 1.16009363e+03 6.76776047e+01
 1.07342719e+05 1.11441992e+03 3.32949656e+05 2.49010962e+03
 1.02965752e+02 5.81793701e+02 7.68777783e+03 3.97268848e+03
 1.53380038e+06 3.18024292e+03 1.27168914e+05 1.84340062e+06
 1.54725850e+04 1.83923355e+02 3.15863789e+04 5.10605762e+03
 3.04542358e+03 6.55046312e+05 8.04410625e+04 2.68638406e+05
 7.99199375e+04 1.86329041e+03 3.25784378e+01 2.45081226e+03
 2.85094023e+04 1.05903882e+03 8.44418430e+00 6.97657178e+03
 1.86464124e+03 1.90691394e+03 2.63110425e+06 1.68936266e+05
 1.55876575e+03 7.68632910e+03 1.95412363e+04 4.86450531e+02
 8.28931953e+04 8.10555176e+02 1.41219812e+03 9.44320007e+02
 2.52488501e+03 2.23103668e+02 6.63921204e+02 7.69284609e+04
 7.18594062e+04 8.15833350e+06 5.96654907e+02 6.13288320e+04
 8.00502000e+05 9.03119629e+03 1.00827383e+04 4.08712094e+05
 6.96792500e+04 2.96376978e+03 8.65162811e+01 5.70671312e+05
 4.77087402e+03 5.81692461e+04 1.29108777e+03 1.49766172e+04
 2.31120508e+04 2.02009082e+04 4.88723047e+04 1.52095750e+05
 7.45401709e+03 1.97587695e+04 1.47437788e+06 3.15799707e+03
 4.12462266e+04 1.63986406e+04 7.86244965e+01 7.80218262e+02
 6.20863812e+05 1.94849578e+05 1.56377938e+05 3.07569551e+04
 9.11151855e+02 2.96110229e+03 2.20505347e+03 1.73574355e+04
 1.17393640e+03 5.43156688e+05 2.11211266e+05 2.95356953e+04
 1.86441089e+03 1.41431433e+03 1.33718567e+02 3.04789398e+02
 2.51163892e+03 2.66683374e+03 1.45726328e+05 1.89911203e+05
 7.96303047e+04 2.37222305e+04 1.85191418e+03 2.73014688e+05
 5.36184562e+05 1.48244531e+05 2.65134023e+04 5.23087781e+05
 1.43762888e+06 2.64982461e+04 1.50793730e+04 2.76979218e+02
 2.69718900e+06 1.17218312e+05 1.32250830e+03 1.54951286e+01
 1.44406000e+06 2.42349922e+04 2.65387665e+02 2.22399200e+02
 3.78241382e+03 3.25968750e+04 6.12621484e+03 7.40266748e+03
 2.51098766e+05 3.09018300e+06 9.56524121e+03 8.77326736e+01
 1.15717650e+06 7.50807983e+02 1.39195710e+07 2.01562561e+02
 1.06118164e+03 1.28802559e+04 1.82348230e+03 1.29369117e+05
 4.14876562e+05 3.22418884e+02 5.67068688e+05 2.39158740e+03
 2.65720459e+03 2.94040125e+05 1.61349648e+04 2.02266919e+03
 2.07080261e+02 8.88059863e+03 2.82817852e+04 5.16679609e+04
 4.47501469e+05 3.25005249e+03 1.02978394e+03 1.80041663e+03
 2.62351230e+04 1.96542114e+03 5.26775000e+05 8.41765391e+04
 1.17675138e+06 2.29483496e+03 5.48355469e+02 1.05466462e+06
 6.33812646e+03 2.51038647e+03 1.09913375e+06 3.65281484e+04
 1.13193567e+03 1.25426152e+04 1.04501689e+04 4.00725342e+02
 6.43414062e+04 2.29322000e+05 7.45699854e+03 4.73231323e+02
 1.11738418e+04 1.34209741e+03 2.53727710e+03 2.50913625e+05
 1.30954288e+06 7.45034363e+02 2.06355117e+04 2.84968633e+04
 6.16609883e+04 9.06166641e+04 8.87287695e+03 7.55406406e+04
 1.85444763e+02 1.43563141e+05 7.36043438e+04 3.76883960e+03
 4.86248656e+05 7.04360859e+04 2.14567505e+02 7.68067125e+05
 4.54101219e+05 1.40827094e+05 4.07890112e+03 1.31848057e+04
 6.59944092e+03 2.33019180e+02 2.13806641e+04 1.91861300e+06
 1.17348938e+05 1.83726113e+04 1.29282874e+03 5.31179875e+05
 3.14139740e+02 1.09522217e+03 2.16465698e+03 4.43675879e+03
 1.01635258e+05 5.62021973e+03 3.85274976e+03 1.30542679e+02
 1.96811699e+04 9.95597290e+02 1.08497754e+03 7.46353594e+04
 8.72568237e+02 3.66936550e+06 3.78151270e+03 7.03164141e+04
 7.88118984e+04 3.82785156e+03 3.37951343e+03 4.09200562e+02
 1.43097498e+03 4.55788469e+05 1.28779617e+02 1.81838794e+03
 8.28848328e+02 4.63891895e+03 6.22670938e+04 5.65162061e+03
 4.66848389e+02 2.57313171e+02 2.08878766e+05 4.35877550e+06
 2.04724422e+05 9.25336365e+02 3.85811987e+03 1.61445764e+03
 1.66146399e+03 2.68823584e+03 2.18907150e+06 4.08464922e+04
 9.92206016e+04 1.38636836e+04 8.86288940e+02 3.46573281e+04
 2.38922217e+03 5.32903418e+03 1.05508391e+05 1.31086609e+02
 2.11416473e+02 1.78749258e+04 1.11371641e+05 2.24827520e+04
 3.95110815e+03 2.07761828e+05 1.06488571e+02 9.39767383e+03
 1.83312891e+05 4.42254248e+03 2.95507438e+05 5.25324188e+05
 1.96252454e+03 4.39126318e+03 3.17474170e+03 4.47699512e+03
 7.74498193e+03 1.94981140e+07 2.44667225e+06 4.32461281e+05
 1.02667773e+03 5.12593408e+03 4.17664609e+04 8.30220625e+04
 6.72029492e+03 1.64073776e+02 1.32964050e+02 1.11527393e+03
 1.12123773e+05 8.98882688e+05 1.52901688e+02 3.21142469e+05
 8.65873750e+04 4.24167844e+05 3.91144440e+02 4.73355664e+03
 1.18825438e+06 3.73115656e+05 4.15777550e+01 1.12151182e+04
 1.37106348e+04 8.00536279e+03 1.63425720e+03 1.82135547e+03
 5.14121367e+04 2.06101685e+03 3.27923389e+03 2.35008591e+02
 3.21631073e+02 4.31087812e+05 1.19915881e+03 5.77792695e+04
 4.89535078e+04 1.98852695e+04 1.51302141e+05 2.91174863e+04
 1.73374734e+05 2.54384500e+05 5.82155908e+03 9.03220375e+05
 1.21441614e+03 3.22945508e+04 2.02514172e+03 1.31948570e+07
 9.04074062e+04 6.56000977e+02 7.72463428e+03 1.57741150e+03
 4.49954453e+04 5.75002319e+02 7.56511865e+03 5.00959033e+03
 2.52820679e+03 2.04893312e+05 2.02670098e+04 2.61568140e+03
 8.13462422e+04 5.90235779e+02 1.67608844e+05 1.89819297e+05
 3.73639812e+05 9.57388672e+04 9.25119095e+01 1.08920645e+04
 8.31614551e+03 2.15237573e+03 3.57929297e+04 3.26440308e+03
 1.13416102e+05 3.27901523e+04 1.06030396e+03 9.78844609e+04
 1.76751188e+05 1.02769478e+02 4.77920837e+01 1.43072021e+03
 4.91709050e+06 6.40488984e+04 8.52125854e+02 3.77739639e+01
 2.61762573e+02 6.04934692e+02 9.24877930e+02 3.25138501e+03
 1.98623887e+04 3.45990969e+05 1.51343286e+03 5.55451270e+03
 4.30487094e+05 1.23422693e+03 2.16568188e+03 2.01451733e+03
 8.59638500e+06 8.53295234e+04 1.98227617e+04 1.45417949e+04
 1.99383041e+02 9.02815250e+05 6.35508350e+03 7.14322693e+02
 3.18617505e+03 2.46152812e+05 9.57978223e+03 8.15660693e+03
 4.07513477e+04 6.74656812e+05 7.51234326e+03 2.97698584e+03
 9.03976898e+01 9.37412500e+04 3.89327266e+04 5.96922607e+02
 4.95692627e+03 3.89633064e+01 5.52019482e+03 3.90393125e+04
 1.49672953e+05 1.28625953e+05 2.92536602e+04 1.94676992e+04
 1.00124800e+08 7.91422266e+04 1.54610583e+03 3.62756030e+03
 5.67875793e+02 2.35514004e+04 3.95736313e+01 9.43442688e+05
 8.40033752e+02 6.15478203e+04 9.40745250e+05 5.31061133e+03
 7.73997986e+02 1.63646641e+04 5.72171289e+03 4.00568125e+05
 5.81636414e+02 1.19053638e+06 9.27474219e+03 4.53616943e+01
 3.82658301e+03 7.23293281e+04 1.29691089e+03 3.39420977e+04
 6.87929382e+02 1.42536734e+05 2.67912832e+04 1.20601504e+04
 5.58221250e+04 9.76644238e+03 1.05674450e+06 5.87969666e+02
 4.38168274e+02 9.40139766e+04 8.35624805e+03 1.46839094e+05
 6.68861172e+04 1.30901575e+03 1.22109082e+04 1.63094125e+05
 6.14179785e+03 3.36711060e+03 7.85369844e+04 8.76570300e+06
 5.50287312e+05 1.02362758e+05 2.44257019e+02 1.31263008e+04
 6.86251250e+04 2.73659023e+04 4.67861377e+03 7.35087695e+03
 8.90797168e+03 1.73794984e+05 9.36120033e+00 4.87611719e+03
 9.64296641e+04 3.27491074e+04 5.91497574e+01 1.60150665e+02
 3.42355656e+05 1.21544592e+03 1.38609412e+03 3.54636875e+04
 7.00286942e+01 3.39224463e+03 2.16263027e+04 7.07330234e+04
 3.96767525e+06 6.49366113e+03 8.37598438e+04 4.77616553e+03
 7.97892761e+02 5.56897621e+01 9.48809448e+02 3.18302826e+02
 4.13918115e+03 4.63348779e+03 1.80425273e+04 4.43091992e+04
 9.93733047e+04 3.48487988e+03 7.41591641e+04 3.91138594e+05
 2.11544672e+05 7.38965683e+01 2.18661797e+04 1.21770244e+04
 4.15592031e+04 2.64645900e+06 4.97933746e+02 2.38815475e+02
 2.30037796e+02 1.86625916e+03 1.19241641e+05 4.49857148e+04
 1.15291296e+03 1.14464447e+02 2.06149629e+04 1.72607480e+04
 7.73389062e+05 2.47895625e+04 1.96286460e+07 4.68891367e+04
 2.07150928e+03 3.06205640e+03 7.34191812e+05 3.32967896e+03
 9.08907617e+03 1.76508838e+06 8.61639343e+02 1.75396204e+03
 1.48545996e+04 8.10791748e+02 1.01880638e+06 7.71259062e+04
 2.13831328e+04 1.41641434e+02 2.10608813e+03 3.96259492e+04
 1.30984009e+03 1.13488369e+04 1.49443811e+03 9.39423047e+04
 7.41850098e+03 4.01518312e+05 6.77601221e+03 1.34188200e+06
 4.25613050e+06 2.18404863e+04 1.00114992e+05 3.73752625e+02
 3.82166168e+02 3.82208130e+02 1.13821143e+03 7.78659326e+03
 4.45596581e+01 1.62965283e+03 1.62627466e+03 1.21753674e+03
 5.28282695e+04 8.11014771e+02 3.47958398e+04 1.41307881e+04
 6.00434875e+05 7.08701375e+05 2.10964661e+02 4.56557305e+04
 2.44293887e+04 9.65551953e+04 1.34311543e+04 2.42096118e+03
 2.44445312e+04 3.72958130e+03 2.77288110e+03 7.70047812e+04
 7.02302500e+04 2.43284375e+05 6.13672949e+03 6.04036680e+04
 1.36131250e+03 3.39700664e+04 5.16617625e+05 1.50390869e+04
 4.93404781e+05 1.13233281e+04 1.56051725e+06 6.16526438e+05
 3.11334941e+04 3.58124161e+01 5.83621240e+03 6.19561602e+04
 2.31217285e+03 8.54136172e+04 1.24697832e+04 2.50853301e+04
 1.27420609e+05 4.88211090e+02 1.04736611e+04 3.53909485e+02
 6.95879932e+03 5.49383850e+06 1.17444717e+04 4.16957875e+05
 3.26334277e+04 1.92680453e+05 6.19155438e+05 1.98939538e+06
 4.98883906e+05 2.67101438e+05 5.02781799e+02 4.53437793e+03
 2.26794165e+03 8.50607734e+04 8.89602688e+05 1.34122998e+04
 4.36726250e+04 2.22901469e+05 8.24719824e+03 7.12266650e+06
 7.15413452e+02 4.73711375e+05 1.58077441e+03 1.90357793e+04
 4.00109883e+04 9.42384186e+01 2.49729075e+06 1.59655530e+03
 9.41076465e+03 1.63038733e+03 1.70058188e+05 5.95652383e+04
 1.07986902e+03 2.06048780e+07 1.38472949e+04 5.36622375e+02
 1.74029038e+06 5.71542236e+03 1.28123291e+04 1.90330286e+03
 6.55096802e+02 2.79348719e+05 1.06810104e+02 1.10801143e+04
 3.24278398e+04 3.14950905e+01 1.58660484e+05 1.13036992e+04
 4.49223350e+06 3.26053760e+03 2.97127500e+05 1.80929400e+06
 6.53206940e+01 2.98768127e+02 5.65730371e+03 1.06110573e+02
 6.33746924e+03 3.16473950e+03 7.45462646e+02 5.45650742e+04
 2.13242773e+03 1.73160020e+04 4.02546719e+05 4.82210188e+05
 1.50038600e+06 6.48801221e+03 8.72389746e+03 1.80262604e+02
 1.02000508e+05 1.75994946e+03 1.70804150e+06 2.42757484e+05
 9.29137031e+04 1.54333406e+05 1.92587617e+04 1.67448344e+05
 1.05297172e+05 2.85097046e+03 5.50874250e+05 5.89547217e+03
 1.16927559e+04 3.82915352e+04 4.01738062e+03 9.37525000e+03
 8.40163516e+04 2.76404375e+06 1.18920113e+02 1.24133379e+04
 6.78676953e+04 3.02132861e+03 5.70355615e+03 3.33998840e+02
 1.03895569e+03 1.92944668e+04 8.10366577e+02 1.08519049e+01
 1.04345898e+04 1.90165540e+03 6.30633398e+03 1.72473031e+05
 1.60811750e+05 1.36179594e+05 1.33157935e+03 6.87383740e+03
 5.80311035e+03 1.68252136e+03 7.67675732e+03 2.73367625e+05
 2.83436005e+02 7.85035688e+05 4.81680115e+02 3.34898094e+05
 6.21403711e+03 1.20264766e+04 1.23008721e+04 9.51340332e+03
 4.88279736e+03 1.15472449e+03 1.22745813e+03 2.12843292e+02
 3.14205938e+04 1.41690650e+06 3.14486602e+04 5.09954000e+05
 7.86410596e+03 2.18531323e+03 7.08061500e+05 4.54492139e+03
 2.04536545e+02 8.62979844e+04 7.86092529e+02 2.86571438e+05
 1.61003375e+05 3.08842449e+01 1.37893738e+06 1.06692833e+02
 8.33580176e+03 1.27180414e+05 3.23842224e+02 9.55934082e+03
 6.81417334e+03 4.07805312e+04 1.51986074e+04 5.41149951e+03
 1.68867212e+06 7.03555500e+05 1.45847568e+04 1.40606110e+02
 7.13335312e+05 3.09202197e+03 8.86787402e+03 6.48346289e+03
 6.77567031e+04 2.70397900e+03 7.46349453e+04 8.97688980e+01
 2.00800031e+05 2.06776016e+05 9.60860469e+04 8.76774297e+04
 1.94237234e+05 1.24001195e+05 2.60174395e+04 7.69215625e+03
 9.68538062e+05 2.21251758e+03 2.06387695e+04 1.04478734e+05
 5.24052422e+04 1.90076706e+02 5.68662695e+04 5.81775098e+03
 1.56855261e+03 3.29931274e+03 1.97156897e+03 6.13491882e+02]
451346.94
100124800.0
