[1.95996838e+09 1.88725140e+07 2.12775824e+08 3.21898340e+07
 8.56858480e+07 3.45196864e+08 9.81189600e+07 8.31763136e+08
 9.63609280e+08 2.49154380e+07 1.82176736e+08 5.42326656e+08
 1.46929907e+09 1.13852976e+08 7.20873100e+06 2.78265024e+08
 7.71232384e+08 4.83022520e+07 6.83678848e+08 1.43398592e+09
 6.74386560e+08 9.16555400e+06 1.56504392e+10 7.30783360e+08
 1.24536000e+08 2.44365488e+08 1.94878566e+10 5.61401408e+08
 5.95935400e+07 2.20388128e+08 2.46134384e+08 7.53581920e+07
 4.12272896e+08 1.22370130e+07 1.27127066e+09 2.45910432e+08
 2.13200704e+08 2.59177540e+07 3.46775040e+08 1.40877090e+07
 2.75172301e+09 1.56419632e+08 5.61464000e+08 6.80364288e+08
 4.25403520e+07 2.94835000e+07 3.01815000e+07 7.35453360e+07
 3.13128020e+07 8.59848832e+08 1.53139480e+07 6.22677040e+07
 3.85615960e+07 4.62422528e+09 2.30316040e+07 1.45393824e+08
 2.28414680e+07 2.98330010e+09 8.31122496e+08 2.54778512e+08
 1.37911142e+09 1.39323728e+08 1.96159136e+08 8.29286880e+07
 3.67927920e+07 1.30338406e+09 1.40493488e+08 4.18532680e+07
 6.44618240e+07 2.26021658e+09 2.95802140e+07 4.41096928e+08
 7.95052400e+06 4.94712560e+07 1.68108620e+07 3.22557504e+08
 9.91146880e+07 5.23419968e+08 2.16471760e+07 6.92167578e+09
 2.62963920e+07 2.13577580e+07 2.75798225e+06 1.79663320e+07
 4.85656064e+08 7.84710500e+06 1.28765160e+07 1.44006416e+08
 6.82307520e+07 8.72410176e+08 3.58950080e+07 1.07798387e+09
 7.35628240e+07 7.32649920e+08 1.28639263e+10 1.56365040e+08
 3.76147392e+08 4.78788352e+08 8.08145984e+08 5.21449150e+06
 4.13119240e+07 9.46655840e+07 1.51557540e+07 2.34655300e+07
 3.03837088e+08 3.34021952e+08 1.38636240e+08 1.95949040e+08
 2.40937968e+08 6.75095500e+06 1.56244592e+08 1.08360312e+08
 7.77857440e+07 5.23191040e+07 2.09864992e+08 2.45137088e+08
 1.00643810e+07 1.57806480e+08 4.42448032e+08 1.25049464e+08
 5.66985792e+08 6.35989640e+07 1.18782310e+09 7.15645696e+08
 8.90652400e+07 8.52552080e+07 1.62652610e+07 1.80192576e+08
 1.83063360e+08 3.55047240e+07 3.54576280e+07 2.89614820e+07
 7.10250320e+07 1.49030144e+08 4.22642400e+08 8.63547120e+07
 9.11183808e+08 1.86332672e+08 3.12252832e+08 3.25975020e+07
 2.15409500e+07 3.18584576e+08 6.54569472e+08 1.00708442e+09
 2.44569008e+08 1.83971840e+07 8.40255840e+07 3.70661600e+08
 8.44767360e+08 1.73096416e+08 4.68277800e+07 4.93216000e+07
 5.98358560e+07 1.58025990e+07 2.14641760e+08 2.87934480e+07
 7.66674640e+07 8.69792576e+08 6.32817550e+06 3.29641446e+09
 3.36381568e+08 1.82409504e+08 8.41797280e+07 1.22638688e+08
 5.05276160e+08 1.69426656e+08 1.55088430e+07 1.96814640e+08
 2.22318825e+06 1.72988384e+08 6.97400000e+07 4.82578920e+07
 2.26664608e+08 2.73527168e+08 2.27983216e+08 3.19280740e+07
 3.30857472e+08 8.71381520e+07 1.34935168e+08 3.21135002e+09
 1.35548736e+09 1.20836260e+07 1.08722340e+10 4.87061184e+08
 6.47936040e+07 1.59110720e+08 1.58857952e+08 1.91944080e+08
 2.40877936e+08 1.22530920e+08 6.33467960e+07 1.15733256e+08
 1.10709870e+07 2.74061720e+07 1.94696256e+09 1.94991840e+07
 7.00881664e+08 1.62132944e+08 9.98478400e+07 3.33736020e+07
 2.25671488e+08 9.79037520e+07 1.82312704e+08 9.20256900e+06
 5.13214784e+08 4.58727219e+09 1.44955888e+08 5.99385640e+07
 3.93362120e+07 1.23712528e+08 1.39677160e+07 1.61407040e+08
 1.84226740e+07 7.41178048e+08 6.92992800e+07 8.03660000e+06
 2.03925408e+08 5.95220450e+06 8.77629280e+07 1.91453872e+08
 1.46230112e+08 1.22736990e+07 1.16104848e+08 2.47178496e+09
 4.50559720e+07 1.23886832e+08 8.03784880e+07 3.85430725e+06
 1.96980432e+08 3.07698304e+08 4.61928680e+07 3.72622920e+07
 3.34612800e+08 2.13494400e+08 2.10477936e+08 1.40683984e+08
 2.38511060e+07 5.48693850e+06 1.84158544e+08 7.39076000e+06
 1.56573760e+09 1.93615620e+07 7.18251648e+08 1.32005328e+08
 1.56868050e+07 1.21261488e+08 2.68113584e+08 9.83734880e+07
 2.63130480e+07 8.60555584e+08 1.85744750e+06 2.11099472e+08
 1.83178096e+08 1.89874272e+08 1.54721936e+08 1.49892190e+07
 4.10447008e+08 1.35526030e+07 5.65846000e+07 2.34657552e+08
 5.32148531e+09 2.47200320e+08 3.87464800e+08 9.35360500e+06
 2.72835600e+06 1.15520090e+07 1.45921648e+08 6.04827640e+07
 2.17344144e+08 2.39482272e+08 1.46666700e+07 6.65403712e+08
 1.00209104e+08 9.24751200e+06 2.58516416e+08 1.89673584e+08
 3.49080448e+09 1.10256371e+09 4.50364280e+07 5.87788544e+08
 4.00898560e+07 6.54764480e+07 9.35675200e+06 1.01890260e+07
 9.42958960e+07 5.22051040e+07 1.49508672e+08 1.74870096e+08
 1.57230010e+07 4.00039280e+07 6.55361344e+08 1.28364872e+08
 6.21877952e+08 1.54522784e+08 2.26132580e+07 9.39477500e+06
 2.16655620e+07 9.73382528e+08 5.73215936e+08 1.97449925e+06
 2.74638784e+08 3.36412925e+06 2.26803184e+08 3.60865792e+08
 4.93935920e+07 1.34804040e+10 1.97187344e+08 1.72146701e+09
 1.67677812e+06 5.02719640e+07 1.37030970e+07 4.12562848e+08
 2.58123366e+09 1.74019536e+08 1.08525640e+07 5.05044480e+08
 3.36848928e+08 6.57383680e+08 2.43911024e+08 5.94780160e+08
 2.46025792e+08 3.41680640e+08 4.02098784e+08 4.02572832e+08
 1.64545984e+09 2.27647020e+07 1.25432205e+09 1.77781220e+07
 8.00023040e+08 6.22730816e+08 2.04969740e+07 8.71321840e+07
 3.45986760e+07 2.52919936e+08 3.69035800e+07 1.29987960e+08
 1.24263176e+08 1.38184928e+08 1.35015936e+08 1.89763820e+07
 2.84857856e+08 4.81518960e+07 3.08444896e+08 2.56025824e+08
 2.14022260e+07 1.08377904e+08 4.10485450e+06 4.48480920e+07
 2.26192544e+08 7.80402880e+07 7.77895360e+08 3.71378842e+09
 1.00719790e+07 4.19400192e+08 1.05842904e+08 3.98100064e+08
 1.76116288e+08 2.43069648e+08 2.58278912e+08 5.23023584e+08
 7.62162960e+07 1.14880781e+09 3.06594304e+08 1.31393976e+08
 1.28420723e+09 1.29254822e+09 2.67228976e+08 2.26000020e+07
 5.86742784e+09 4.66980320e+07 1.83498672e+08 1.98382992e+08
 2.80925235e+09 1.84643440e+08 1.33259352e+08 1.77744474e+09
 4.34508954e+09 9.17116560e+07 1.80985240e+07 2.74963840e+07
 5.84631920e+07 1.05758552e+08 7.91114240e+08 7.95878400e+07
 2.38849776e+08 2.25576688e+08 5.20383120e+07 2.64192340e+07
 5.51503104e+08 1.62873504e+08 1.60199194e+09 4.74986450e+06
 5.31482760e+07 2.04820784e+08 8.51972300e+06 1.96379824e+08
 2.24378620e+07 5.49411456e+08 3.32687020e+07 6.21744960e+08
 4.40759320e+07 3.34444640e+08 1.15102248e+08 9.18951760e+07
 6.04656448e+08 3.41948928e+08 3.29906740e+07 5.60259960e+07
 1.21193687e+10 2.46564224e+08 1.34329300e+07 1.44836464e+08
 5.23041960e+07 2.06474944e+08 2.45075789e+09 5.01280600e+07
 1.80237520e+07 5.28908672e+08 3.85138944e+08 4.36388480e+08
 1.05493875e+09 1.60323040e+08 7.35444950e+06 2.95480256e+08
 4.55809080e+07 3.36330160e+07 4.86908512e+08 7.13146080e+07
 2.19798944e+08 5.12133024e+08 1.73091220e+07 7.38560320e+07
 2.51951440e+07 2.60390502e+09 6.64490350e+06 5.11050120e+07
 1.11901320e+07 2.44417424e+08 1.94888560e+08 2.09822576e+08
 2.26575376e+08 2.47011552e+08 1.11421824e+08 6.79840128e+08
 3.31983220e+07 5.98406150e+06 3.08940400e+07 6.67257600e+08
 3.25016928e+08 2.88870848e+08 1.27366430e+07 8.07305062e+09
 2.00591040e+07 1.06600538e+09 6.08851008e+08 1.35808630e+07
 1.03583900e+07 3.17730480e+07 1.56747824e+08 7.70846250e+06
 3.00515904e+08 1.29061450e+07 7.08280000e+06 2.19604700e+07
 1.29134968e+08 2.56007860e+07 1.02533544e+08 7.49639920e+07
 2.09615460e+07 5.53503296e+08 3.04335168e+08 7.00646400e+08
 3.46961248e+08 6.87105728e+08 7.19075360e+07 4.46771584e+08
 8.67183040e+07 2.73174240e+08 9.28470300e+06 5.98264760e+07
 4.67695920e+07 4.71669720e+07 5.60913850e+06 2.45565472e+08
 7.52639680e+07 2.26243420e+07 1.12367176e+08 3.26895744e+08
 2.51876160e+07 1.76685000e+07 2.00948120e+07 8.05343920e+07
 7.74458150e+06 5.77806960e+07 9.13207120e+07 8.55965200e+07
 2.21921520e+07 1.72777907e+09 3.45509680e+07 2.63359680e+07
 1.16185600e+08 2.07419216e+08 1.59152256e+08 1.77368960e+07
 3.88865500e+06 2.65813328e+08 1.55418090e+07 7.95632832e+08
 2.66001232e+08 1.51999980e+07 2.75481980e+07 3.72351296e+08
 1.93422288e+08 1.25323460e+07 1.57695984e+08 8.06514752e+08
 1.26678515e+09 9.56222640e+07 5.21590592e+08 6.77286080e+07
 1.11001060e+07 1.31962368e+09 8.10245760e+07 3.24137280e+08
 7.86337152e+08 7.18565050e+06 9.17854400e+06 4.59802112e+08
 1.08668210e+07 3.97714600e+07 7.00550450e+06 1.39432150e+07
 3.20984880e+07 3.79743040e+08 2.01768040e+07 3.61804280e+07
 1.38828400e+08 5.74210624e+08 5.24630960e+07 4.92925312e+08
 6.14174144e+08 4.39991808e+09 4.80642300e+06 4.45769520e+07
 7.46281120e+07 2.10543936e+08 5.86322816e+08 1.80289780e+07
 1.42183840e+08 1.63034230e+07 1.15579928e+08 5.87716480e+07
 3.03453060e+07 2.30993434e+09 8.88239360e+07 1.30505808e+08
 5.78905120e+07 4.83986360e+07 8.42918000e+06 2.35913328e+08
 5.89239760e+07 2.13808300e+07 1.79927328e+08 6.30244880e+07
 8.24170900e+06 4.11950280e+07 1.81157000e+07 1.77197594e+09
 4.56479520e+07 3.52164875e+06 2.29983584e+08 2.38473856e+08
 2.34824781e+09 1.34165530e+09 7.04591104e+08 6.79797056e+08
 2.08806192e+08 1.58298896e+08 1.96763600e+08 6.20676320e+07
 4.15004339e+09 8.82059700e+06 2.12237466e+09 9.56737408e+08
 1.45908432e+08 1.38750336e+09 1.03930304e+08 6.00837080e+07
 1.76948180e+07 4.94277376e+08 1.19136944e+08 2.21718380e+07
 3.60248640e+08 5.09563920e+07 2.25505072e+08 3.39771488e+08
 1.20756544e+08 7.53752900e+06 3.20041216e+08 2.83969940e+07
 5.15350118e+09 1.01271251e+09 9.59457400e+06 1.76557000e+07
 1.37172186e+09 8.22107900e+06 2.29267776e+08 1.71788624e+08
 4.34964576e+08 6.97385216e+08 8.87988200e+06 2.60686224e+08
 1.81060096e+08 1.07530808e+08 2.65014400e+07 1.76234320e+07
 2.04757414e+09 1.16838042e+09 1.35275533e+09 1.05013082e+09
 6.05398520e+07 4.85343328e+08 6.30828800e+07 1.86214480e+07
 3.30516000e+07 1.72854848e+08 7.47264080e+07 4.40931550e+06
 4.79103640e+07 3.96178912e+08 5.58835136e+08 1.22074700e+07
 3.52092032e+08 1.26209360e+08 2.16147760e+08 3.84976800e+07
 2.67155872e+08 3.07766220e+07 8.63444560e+07 3.60861152e+08
 6.49940400e+07 5.58063296e+08 4.11464080e+07 1.87097952e+08
 2.72728105e+10 9.48423760e+07 3.75761760e+08 3.23308288e+08
 2.87313340e+07 1.94503800e+07 1.68141960e+07 3.66252440e+07
 7.84472080e+07 1.18463072e+08 5.55531040e+07 9.05816880e+07
 1.38888080e+07 9.59822656e+08 3.83304840e+07 8.05478080e+07
 2.61141740e+07 1.13865648e+08 1.61699344e+08 4.06331640e+07
 3.31864600e+07 1.48917744e+08 1.60639552e+08 1.36721344e+08
 3.78720800e+07 2.00461850e+09 2.07108582e+09 8.27475120e+07
 1.09886888e+08 7.12910560e+07 7.51080384e+08 2.01790080e+09
 1.93412032e+08 9.93677520e+07 1.90537200e+08 2.63627168e+08
 2.01214120e+07 2.08108800e+07 1.87707060e+07 1.79864736e+08
 5.96463520e+07 1.66558560e+08 8.96005680e+07 2.05018278e+09
 1.39110816e+08 3.75902400e+08 3.85928960e+07 1.16193112e+08
 3.07918208e+08 4.07582080e+08 3.05636800e+06 1.64944170e+07
 7.96548608e+08 1.64010960e+07 3.45458272e+08 9.37595800e+06
 7.63005280e+07 1.17849368e+08 8.98079040e+07 1.74739800e+07
 1.42967450e+07 1.11854848e+08 1.24940640e+08 1.85496280e+07
 3.52607456e+08 2.01865440e+07 3.66386336e+08 1.81352032e+08
 1.23624768e+09 9.48222880e+07 3.63724375e+06 1.32730424e+08
 1.55424592e+08 8.39239360e+07 1.75248640e+07 2.60586080e+08
 5.76421184e+08 1.93434760e+07 4.00531560e+07 1.28452211e+09
 8.62656300e+06 1.48219472e+08 8.87209600e+07 4.85531680e+08
 2.05793952e+08 3.95467072e+08 8.79437504e+08 1.36008160e+07
 1.02698694e+09 1.60221274e+09 1.12791974e+09 5.56363360e+07
 1.20065120e+07 3.51148920e+07 1.26004784e+08 2.53136368e+08
 2.23739878e+09 6.57873720e+07 6.62526976e+08 7.54624300e+06
 5.71332920e+07 6.90779968e+08 7.91956838e+09 5.65470720e+08
 9.43839600e+07 1.36524848e+08 2.83289760e+08 1.46621824e+08
 3.94845200e+07 2.51228784e+08 1.22873050e+07 1.07381488e+08
 1.68403840e+08 1.68122224e+08 6.75728832e+08 6.74541450e+06
 7.59584960e+08 5.73558300e+06 1.08278200e+08 4.66335040e+08
 8.02771150e+06 5.60059680e+07 3.08478848e+08 3.92273792e+08
 2.21282660e+07 9.49247280e+07 3.06083712e+08 5.49304128e+08
 5.60793664e+08 5.91623616e+08 4.22938400e+07 1.62634272e+08
 9.31026800e+07 4.08848040e+07 2.36683640e+07 1.65820650e+07
 7.96141600e+06 1.00946552e+08 7.47446640e+07 2.10365340e+07
 1.67710544e+08 3.07877024e+08 2.37664870e+09 1.00704280e+08
 3.81202760e+07 5.44911296e+08 4.46295240e+07 5.67365440e+08
 1.09976310e+07 5.79777280e+08 4.44989120e+08 2.12882560e+08
 1.58979040e+08 5.68606360e+07 2.24745344e+08 1.13444232e+08
 4.45805760e+08 3.15279040e+07 3.36833600e+08 6.01308560e+07
 3.42014360e+07 3.89223616e+08 2.00238880e+08 2.16796400e+07
 1.13352900e+07 3.35596128e+08 2.00990368e+08 4.05152768e+09
 9.05271424e+08 7.86407200e+06 4.60733440e+08 1.65032400e+07
 3.67378840e+07 1.44331072e+08 4.51877216e+08 4.32904032e+08
 3.88429792e+08 1.06526248e+08 1.24338611e+09 2.24971540e+07
 5.19739264e+08 9.63177408e+08 1.07963550e+07 4.29236704e+08
 1.39669410e+07 1.40228480e+08 6.35606336e+08 1.56049776e+08
 6.31439232e+08 3.45350208e+08 4.72149160e+07 7.71745520e+07
 1.36560256e+09 9.06940480e+07 5.18398784e+08 7.42842880e+07
 2.78016240e+07 6.87623280e+07 1.94755880e+07 9.75319232e+08
 1.36560970e+07 1.16857480e+08 2.38468208e+08 6.75436750e+06
 2.62850880e+08 9.22208100e+06 5.37730112e+08 1.37587072e+08
 1.36068512e+08 4.53732992e+08 1.22336080e+08 2.59097498e+09
 7.03838800e+07 3.39995040e+08 2.79725640e+07 5.12185440e+07
 9.45029824e+08 1.18601416e+08 3.88431386e+09 3.72862656e+08
 2.00793744e+08 3.26857720e+07 6.02826880e+07 1.80028512e+08
 1.00126272e+09 2.22339180e+07 1.21002624e+09 1.53506464e+08
 2.71940096e+09 1.10219256e+08 3.73529080e+07 1.48872544e+08
 1.72963136e+08 3.17749660e+07 9.16926240e+07 5.99111936e+08
 1.20718144e+08 1.02845208e+08 1.14686730e+07 5.43320080e+07
 2.63265632e+08 6.64721450e+06 2.64243379e+09 1.50069043e+09
 8.46864691e+09 9.06110000e+07 2.41011280e+07 2.63067900e+07
 4.02318048e+08 5.72707550e+06 2.96429260e+07 4.40524960e+07
 1.04451528e+08 4.07795150e+06 4.34352800e+08 1.20356083e+09
 9.64757360e+07 1.07903440e+08 1.66920064e+08 2.09155552e+08
 2.42485080e+07 1.25139000e+08 5.50895400e+07 2.13717146e+09
 7.06550000e+07 3.36470464e+08 2.64720960e+08 3.03617184e+08
 6.15307200e+08 1.85979536e+08 5.81344128e+08 3.70482912e+08
 2.81618272e+08 4.99355456e+08 1.65509280e+08 1.12642090e+07
 1.25054080e+09 2.08841536e+08 9.15907200e+08 1.97143072e+08
 6.00584480e+07 2.08235056e+08 1.52931840e+08 1.31287616e+09
 6.72499120e+07 3.12253860e+07 3.74868288e+08 1.68449536e+08
 1.99812340e+07 6.11231650e+06 7.45956992e+08 3.20965472e+08
 1.15024056e+08 1.45536100e+07 1.38440624e+08 5.95858840e+07
 2.42755088e+08 3.19171420e+07 3.81830800e+06 1.77728816e+08
 2.01838800e+08 1.48226752e+08 4.41881728e+08 5.68517840e+07
 5.11656000e+08 1.46898220e+07 5.00419360e+07 6.28724204e+10
 5.81653312e+08 1.88164020e+07 8.45918300e+06 4.65664205e+09
 5.42813080e+07 2.48748112e+08 8.10018560e+07 8.21534000e+07
 1.45674272e+08 2.37870320e+08 2.86426048e+08 1.41147840e+09
 2.13119008e+08 7.21320880e+07 8.58751200e+07 1.88107820e+07
 2.20079856e+08 5.77999920e+07 1.35778048e+08 2.82724320e+08
 1.29344728e+08 3.59659960e+07 1.61383136e+08 1.35042450e+07
 1.13225101e+09 2.87999712e+08 5.07925248e+08 7.19993440e+07
 2.39062032e+08 9.09159700e+06 7.36583100e+06 2.04308275e+10
 1.65271216e+08 2.09544816e+08 7.89358080e+07 1.31367288e+08
 6.84711488e+08 5.59771200e+08 2.86496700e+07 2.27988326e+09
 6.67058080e+07 5.13790520e+07 9.98760560e+07 1.28789528e+08
 1.88039220e+07 1.27230208e+08 1.19547184e+08 2.52586600e+07]
