[1.43685693e+04 1.60651868e+03 6.42360413e+02 9.34396875e+03
 4.80728516e+03 4.47831201e+03 7.45721436e+02 8.76200977e+03
 4.47209219e+04 1.05126941e+03 4.77740967e+03 1.15036309e+04
 1.71953027e+04 1.03990161e+03 3.71475647e+02 2.61184668e+03
 8.98489746e+03 1.12561094e+04 3.74163086e+04 2.10211562e+05
 1.66470059e+04 3.48010767e+03 9.63348375e+05 5.78505127e+03
 2.70266528e+03 5.88272148e+04 9.73196328e+04 4.92720391e+04
 4.36767090e+03 3.81277271e+03 1.44805449e+04 4.76747559e+03
 3.08943237e+03 3.28395337e+03 1.25295088e+04 3.15803955e+03
 1.11502148e+03 6.51030713e+03 5.74512012e+03 5.10706006e+03
 3.35475664e+04 5.73485938e+04 5.49904639e+03 2.64084326e+03
 2.70610083e+03 4.49797803e+03 1.72707581e+03 5.37480957e+02
 2.06418945e+03 2.24324941e+04 1.30261499e+03 9.90389709e+02
 2.69784204e+03 3.89521680e+04 1.00889081e+03 2.90505420e+03
 3.28384570e+03 1.01542312e+05 1.56083164e+04 2.42717139e+03
 1.45726465e+04 7.37764697e+03 2.87194727e+03 7.23824341e+02
 2.61008331e+02 1.46548281e+04 2.01996021e+03 2.53661060e+03
 3.91387109e+03 6.34095264e+03 9.24434021e+02 6.28140564e+02
 2.08326050e+03 3.87475732e+03 3.92217261e+03 2.13738208e+03
 2.32025317e+03 8.80218323e+02 5.10684929e+01 2.47117203e+05
 4.07322461e+03 1.55568633e+04 1.22608833e+02 2.24339990e+03
 2.28321533e+03 3.51665283e+03 3.86253113e+02 1.17882471e+03
 7.67046328e+04 6.27998047e+03 3.36160522e+03 7.00050078e+04
 1.75369727e+03 2.12020508e+03 1.20320000e+05 3.07248828e+03
 1.13674829e+03 2.35023560e+03 1.52288252e+04 1.07284827e+03
 6.79430615e+03 2.52132422e+04 1.33896326e+03 1.63581311e+03
 3.70908936e+03 8.08557007e+02 4.95416748e+03 6.59528442e+02
 1.40857605e+03 8.98350708e+02 1.36852356e+03 2.89835098e+04
 1.77074866e+03 2.59569366e+02 3.61377305e+04 3.46594385e+03
 4.25059448e+02 1.86839609e+04 1.20574580e+04 1.53993909e+03
 3.41969775e+03 9.53448047e+03 1.00497664e+05 4.48941641e+04
 1.13358997e+03 3.16809692e+03 1.26502441e+03 1.98455408e+03
 4.17261475e+03 2.10689697e+03 1.15533972e+03 8.21902246e+03
 5.27741211e+03 1.52983457e+04 2.41004028e+03 2.72215991e+03
 2.29675629e+02 2.37739990e+03 3.88198047e+03 1.75480352e+04
 4.40707031e+03 1.93619324e+03 5.29628906e+04 6.61901758e+03
 3.71090703e+04 1.19018994e+03 3.77144073e+02 6.47156104e+03
 2.33448379e+04 5.21028223e+03 7.91505310e+02 3.55496021e+03
 8.61473828e+03 3.75243604e+03 2.25805371e+03 2.40628708e+02
 9.97872559e+02 9.89796484e+03 1.52301672e+03 2.77428531e+05
 5.60738281e+04 1.52977417e+03 1.38119995e+03 1.50555994e+03
 7.71837549e+03 4.57595117e+03 1.44519668e+04 4.29349902e+03
 2.80008026e+02 6.84699707e+03 9.14656372e+02 3.23524097e+03
 1.28585225e+04 5.77553125e+03 3.67660522e+03 5.62782861e+03
 3.71943604e+03 5.86453857e+02 5.32037402e+03 3.89962852e+04
 1.78996895e+04 7.14664519e-01 5.33227062e+05 3.18486865e+03
 2.02998315e+03 2.17853149e+03 1.29327803e+04 2.26019409e+03
 2.36217651e+03 9.01737988e+03 6.83005859e+03 1.71870288e+03
 1.28278699e+03 9.11860168e+02 4.81605820e+04 5.23165723e+03
 1.07000068e+04 1.85698108e+03 1.90282996e+03 1.67074531e+04
 3.19207642e+03 4.37410547e+03 6.80763477e+03 1.89862878e+03
 2.04704594e+05 2.10329414e+04 7.72434668e+03 1.75783679e+03
 2.22236963e+03 1.97400793e+03 7.20735291e+02 3.82337549e+03
 1.15275713e+04 6.18516113e+03 1.51859326e+04 1.47969690e+03
 7.38666406e+03 8.49686523e+02 3.56328008e+04 2.58377100e+03
 9.61900513e+02 4.89306201e+03 2.57201196e+03 3.03354844e+04
 1.43806189e+03 6.44994531e+03 6.70937939e+03 4.61514502e+03
 7.27710156e+03 5.90604492e+03 5.93281836e+03 1.82464075e+03
 2.32727075e+03 5.47386902e+02 3.95487524e+03 3.19358374e+03
 1.13457812e+03 4.93907196e+02 1.46929456e+03 2.29908401e+02
 1.88950137e+04 3.96887573e+02 7.50072188e+04 4.17928564e+03
 2.14647437e+03 1.13163867e+04 2.42859473e+03 1.84292249e+03
 2.28948364e+03 7.09900703e+04 8.54087158e+02 5.28504688e+03
 4.73742139e+03 1.43676917e+03 1.40080701e+03 4.13637451e+03
 4.62000049e+03 1.22404968e+03 1.71131027e+02 1.61795742e+04
 3.28468062e+05 1.20408271e+04 2.28830000e+04 9.18162048e+02
 6.42274048e+02 9.49837875e+00 3.67782812e+03 3.50927124e+03
 1.99795586e+04 1.61805396e+03 1.53587387e+02 3.05289805e+04
 1.16926172e+03 5.22553320e+03 2.10551172e+04 2.88872339e+03
 1.83230332e+04 2.63409219e+04 1.79348193e+03 3.64641758e+04
 3.46278564e+03 1.34358701e+04 6.41658020e+02 4.31376953e+03
 4.42406372e+02 4.87278906e+03 1.11781067e+03 4.09165259e+03
 2.22456885e+03 4.89468604e+03 3.06706406e+04 1.61508752e+03
 2.85677246e+03 1.89685767e+03 6.21773743e+02 4.06312012e+03
 3.08243335e+03 6.72316113e+03 3.04616748e+03 2.45505905e+02
 2.44057861e+03 8.42300720e+02 9.06811462e+02 3.48835430e+04
 3.86519727e+04 4.97160969e+05 1.29623560e+03 2.45679355e+04
 4.85101416e+03 5.23722168e+03 1.19594409e+03 5.58795068e+03
 1.66731844e+05 1.54993982e+03 4.15424072e+03 2.55982025e+02
 5.32900244e+03 5.73393750e+03 6.02050049e+03 1.81195410e+04
 4.37251025e+03 4.48020410e+03 3.29647485e+03 3.43411094e+04
 9.20757520e+03 1.10551562e+03 3.03422129e+04 4.15105566e+03
 1.68380508e+04 8.95477148e+03 7.12067566e+02 1.20028821e+03
 3.22926086e+02 4.39985596e+03 5.42015442e+02 3.42720996e+03
 9.72419556e+02 3.73173615e+02 8.22286328e+03 3.62875000e+03
 6.69068799e+03 7.57545557e+03 1.61169958e+03 2.96750513e+03
 6.08981885e+03 1.58666797e+03 1.17466138e+03 6.13406348e+03
 2.73588652e+04 1.50043103e+03 1.42142793e+04 4.18943047e+04
 3.14540674e+03 3.16821362e+03 5.58068506e+03 7.71194873e+03
 1.64244004e+04 4.25082422e+03 2.41171973e+03 3.82613184e+03
 1.20111074e+04 2.15569897e+03 6.78354053e+03 3.41953418e+03
 3.29607031e+04 6.63997500e+05 7.10810486e+02 1.47197983e+02
 2.42416547e+05 5.65588086e+03 1.36107207e+04 3.50774878e+03
 2.08349469e+05 2.39725659e+03 5.11879834e+03 8.64279590e+03
 1.05553688e+05 5.65301514e+02 1.04530293e+04 2.36449585e+03
 1.96422988e+04 1.47261016e+04 9.29045312e+04 1.06088330e+04
 1.59746936e+03 4.65848926e+03 8.88791687e+02 1.13986367e+04
 7.21900098e+03 1.07048301e+04 8.25213086e+03 5.49426086e+02
 1.70929382e+03 2.08983667e+03 4.02902393e+03 1.73999570e+04
 4.53604346e+03 8.76214453e+03 6.09700977e+03 2.70938105e+04
 1.04615952e+02 1.90806152e+04 1.79882849e+03 1.38909534e+03
 1.48956396e+04 1.13345410e+04 7.01988916e+03 1.67937851e+02
 4.90174500e+05 5.31719824e+03 3.12503955e+03 2.30734595e+03
 5.01111953e+04 3.74521423e+02 2.87648027e+04 1.19615791e+04
 6.40269714e+02 8.92748828e+03 1.14103457e+04 2.54137500e+03
 7.14047852e+03 9.48241882e+02 9.85064453e+02 1.53596543e+04
 1.14222034e+03 5.37857666e+03 3.06856323e+03 5.52235168e+02
 4.15863867e+04 2.51258838e+03 2.95737793e+02 4.87613916e+03
 5.16501562e+03 1.64483926e+04 1.61868933e+03 6.54377991e+02
 2.78069507e+03 5.64759521e+02 2.46902124e+03 1.78984692e+03
 1.26641855e+04 4.31597949e+03 1.62022725e+04 9.41714160e+03
 1.97249768e+03 1.54875806e+03 1.94595642e+03 2.75056797e+04
 2.00592419e+03 1.00530359e+03 4.05034973e+02 5.62547812e+05
 3.43317932e+02 4.01642212e+03 1.63940898e+04 2.73652197e+03
 3.93580811e+02 9.82774121e+03 1.54557500e+04 2.34528638e+03
 1.19211045e+04 2.53243042e+02 3.49787256e+03 3.98943774e+03
 2.53819702e+03 1.17762378e+03 6.14186426e+03 6.73329529e+02
 3.31430688e+03 5.36341523e+04 3.30329932e+03 5.24907471e+03
 5.04091602e+03 1.25781387e+04 8.73364075e+02 2.82151914e+04
 1.43400549e+03 2.94004746e+04 1.63276660e+03 1.42205164e+03
 4.63988086e+03 3.48927368e+03 6.07531152e+03 1.74896399e+03
 6.36862598e+03 5.90692041e+03 1.41591614e+03 1.20570828e+05
 2.05263062e+03 1.67558313e+03 1.85492852e+04 1.06788018e+04
 1.12600647e+03 1.69960925e+03 1.46434531e+04 3.42945410e+03
 3.99570215e+03 5.05636211e+04 4.55919434e+02 1.84050793e+03
 1.36844812e+03 4.61517969e+03 4.00983423e+03 1.13447588e+04
 9.52193750e+03 5.26959814e+03 1.24376434e+02 4.75170264e+03
 7.74144287e+02 1.30581689e+04 1.58860999e+03 1.67176807e+03
 1.15478503e+03 2.58041650e+03 1.93009961e+04 1.10711055e+04
 5.49053076e+03 1.46527307e+03 2.03567402e+04 2.08949219e+03
 1.36412622e+03 9.29800625e+04 3.05069092e+02 7.87804321e+02
 6.96558167e+02 1.18263171e+03 1.06819128e+03 4.73853662e+03
 1.58391333e+03 7.31313599e+02 6.14539893e+03 1.92371838e+03
 1.59316956e+03 1.06357871e+04 1.83725845e+02 4.70116974e+02
 4.16274922e+04 4.15018408e+03 2.39876196e+03 2.31056592e+03
 1.15747864e+03 1.34175422e+05 1.12016370e+03 3.03921533e+03
 2.35961334e+02 2.07836108e+03 5.04254883e+03 2.22835938e+03
 6.07199688e+04 3.16932709e+02 2.34431494e+03 3.77856873e+02
 5.54975439e+03 3.26058242e+04 4.91215668e+02 2.18394453e+04
 4.77180957e+03 1.41451440e+03 3.16350067e+02 3.53398529e+02
 1.01342061e+04 6.46609253e+02 1.74235840e+02 4.27891797e+03
 2.98964691e+02 4.20831299e+03 8.26218079e+02 3.38810859e+04
 7.11574854e+03 9.27951294e+02 2.29079468e+03 1.06117151e+03
 8.99999844e+04 5.90431367e+04 5.50591846e+03 1.90941345e+03
 2.91523535e+03 2.20932642e+03 2.52709199e+04 1.04673364e+03
 4.41819414e+04 2.41165063e+03 1.03055969e+05 2.10973315e+03
 8.55157617e+03 4.97999492e+04 2.78463916e+03 4.14253125e+03
 1.61606372e+03 2.14731714e+03 2.62243457e+04 4.52582031e+03
 6.22043994e+03 6.03243311e+03 1.43049141e+05 4.64427832e+03
 1.30342273e+03 3.16088184e+03 5.83008203e+03 4.34191162e+02
 9.33495703e+04 4.55238867e+04 1.29620435e+03 1.84640121e+02
 1.35282305e+04 2.12509399e+03 6.87185303e+02 1.81070667e+03
 8.49488379e+03 7.26064062e+03 1.62381744e+02 2.87958179e+03
 1.03494902e+04 5.01294580e+03 5.47477637e+03 1.20684265e+03
 2.82948809e+04 7.51543457e+03 2.73525049e+03 1.60566719e+04
 1.65871631e+03 2.25623008e+04 1.57176123e+03 4.77035797e+02
 2.53999780e+03 1.31513203e+04 4.55856006e+03 2.90697510e+02
 6.02331543e+03 4.06163208e+03 1.21907734e+04 5.72695435e+02
 5.56509180e+03 9.07608691e+03 8.72409363e+02 2.21983374e+03
 7.65134094e+02 3.91741650e+03 1.30986902e+03 1.60100371e+04
 1.00826641e+04 1.00089277e+04 4.86994238e+03 1.53626550e+03
 1.91333297e+05 2.68166846e+03 6.03761292e+02 6.25148828e+04
 3.25490456e+01 2.74026074e+03 1.74076807e+03 1.45769214e+03
 5.75004248e+03 1.72586768e+03 3.10311572e+03 2.90634424e+03
 1.56111511e+03 1.46667148e+04 2.71519165e+03 2.17012109e+03
 2.04476208e+03 2.64731016e+04 5.30211133e+03 3.06611230e+03
 1.74825818e+03 3.62563623e+03 1.21661829e+03 1.66239221e+03
 4.34860986e+03 8.01201875e+04 1.32254873e+04 3.03907397e+03
 1.81441248e+03 1.23825479e+04 8.50411035e+03 1.01694521e+04
 1.49100006e+02 2.05709692e+03 6.24547119e+03 8.88691504e+03
 3.86242554e+02 3.25379517e+02 4.71614600e+03 4.16797363e+03
 8.73402832e+03 1.38096387e+03 1.13569202e+03 3.42796250e+04
 1.64846838e+03 4.19309912e+03 3.01627539e+03 3.25944971e+03
 8.14561230e+03 2.61392168e+04 6.64401306e+02 3.77162292e+02
 1.71083008e+04 1.89978105e+04 3.53723413e+03 5.63443542e+02
 1.36021362e+03 1.71485022e+03 1.23774524e+03 1.04831445e+03
 3.39276440e+03 7.86215918e+03 8.57218811e+02 4.45201904e+03
 1.43712402e+03 9.34227783e+02 1.47159922e+04 1.22981064e+04
 8.89315430e+03 1.99372480e+04 1.23050232e+03 1.46211602e+04
 5.42820264e+03 5.08954834e+02 2.25789526e+03 3.67077667e+02
 8.10794629e+03 1.17800134e+03 5.31764551e+03 3.48642310e+03
 1.62030469e+03 1.31586494e+04 4.67573096e+03 7.71394062e+04
 3.78449141e+04 2.47675366e+03 1.31861875e+04 2.36014868e+03
 3.01962910e+04 1.03832586e+05 2.50936504e+04 1.43502747e+03
 2.43217261e+03 2.60117676e+03 8.89379297e+03 2.95756855e+04
 2.15660625e+04 1.29014453e+03 7.97821899e+02 3.28775342e+03
 1.04350176e+04 9.41109180e+03 4.57586992e+04 1.02609268e+04
 6.66835999e+02 5.49497375e+02 2.55840531e+05 3.08052612e+03
 1.90524988e+03 2.25374072e+03 9.64918274e+02 2.09239624e+03
 1.45784705e+03 1.37942612e+02 9.07933047e+04 2.81214199e+01
 1.04025156e+04 5.06611603e+02 2.90394702e+03 2.51395386e+03
 2.79000275e+02 2.86200806e+03 3.67869580e+03 1.17223645e+03
 5.04966705e+02 1.05362952e+03 2.01665801e+04 1.88541719e+04
 2.21869453e+04 3.53160083e+03 2.75111060e+03 9.81563672e+03
 1.79111316e+03 7.53951807e+03 7.57819971e+03 2.49348926e+03
 6.30606323e+02 5.75402295e+03 3.20620776e+03 1.01554712e+03
 1.58548279e+03 2.77558652e+04 2.02730391e+04 1.75840503e+03
 4.60065674e+03 3.41810391e+04 8.39805371e+03 5.90734424e+03
 1.37315576e+03 7.69670654e+03 4.92206201e+03 7.65682422e+03
 3.62555615e+03 1.33650317e+03 2.27967188e+03 1.66086230e+04
 2.10525234e+04 2.20917114e+03 5.41741211e+03 2.48358740e+03
 2.50834106e+03 1.94930703e+04 7.75495557e+03 9.46952637e+03
 2.39848535e+03 1.67377250e+05 2.22944629e+04 3.76812148e+04
 9.99361035e+03 1.28618713e+03 6.02336328e+03 2.36512549e+03
 4.85234985e+02 6.45011670e+03 1.76792656e+04 1.39762197e+04
 3.30314526e+03 2.01644580e+03 2.31528281e+04 1.90312390e+03
 8.93165625e+04 1.15242648e+05 2.78250830e+03 1.10462627e+04
 8.43021973e+02 3.13353174e+03 1.12759551e+04 1.04539941e+04
 8.20663281e+03 4.66224219e+03 1.81203857e+03 2.98807739e+03
 2.62084277e+04 4.91639069e+02 9.32006250e+03 1.53657349e+03
 7.89272644e+02 4.32146143e+03 1.26220581e+03 2.54507637e+04
 3.08087061e+03 1.62053271e+03 2.85902812e+04 4.72446167e+02
 2.08253369e+03 3.63379053e+03 1.38768213e+03 2.35969238e+03
 5.23783887e+03 2.87809141e+04 2.49518633e+04 7.03595938e+04
 3.25461255e+03 4.06062344e+04 8.73123828e+03 3.61036011e+03
 1.42417334e+04 1.41919746e+04 4.21339961e+04 2.33985669e+03
 2.78760986e+03 5.80798584e+03 1.10164864e+02 1.62249097e+03
 1.05983704e+03 1.33419052e+02 1.47848359e+04 7.39142212e+02
 2.19109863e+04 1.01498480e+03 1.45602686e+03 1.74323887e+04
 1.66954541e+03 5.16587109e+03 7.66068726e+02 5.46148242e+03
 4.15549744e+02 2.91519592e+02 1.64318335e+03 2.35982031e+03
 2.84076367e+04 1.34038855e+03 3.70150820e+04 1.26470137e+04
 8.80589141e+04 1.56305107e+04 2.11474951e+03 3.07029517e+03
 5.09532910e+03 1.59445820e+04 4.82656189e+02 2.44165186e+03
 8.98835144e+02 2.29036182e+03 3.44509448e+03 4.76749141e+04
 5.22616094e+04 7.97705017e+02 4.47850189e+02 2.88865918e+03
 1.61397363e+03 1.54016882e+03 5.50247852e+03 1.13650791e+04
 5.08678192e+02 2.01170312e+04 1.70478770e+04 1.55132092e+03
 8.71138086e+03 2.47900635e+03 7.19042422e+04 1.35710586e+04
 3.86706934e+03 2.61079199e+03 1.54732544e+03 1.82978210e+02
 2.41560840e+04 3.62651147e+03 6.39212354e+03 7.61234375e+02
 3.86582123e+02 1.24763428e+04 1.99050916e+03 5.52976133e+04
 5.20610059e+03 1.25019922e+03 2.58480542e+03 3.74757666e+03
 5.75119434e+03 1.12622261e+02 7.75142090e+03 1.19126494e+04
 5.09812212e+00 1.40188440e+03 1.40949963e+03 1.41314512e+04
 1.32585713e+04 6.25104187e+02 8.87840210e+02 2.97022241e+03
 1.01983508e+03 3.73185962e+03 3.51415977e+04 2.25685693e+03
 7.87242004e+02 1.06977026e+03 4.40072266e+03 5.33308812e+05
 9.08852246e+03 2.68913281e+03 2.94667480e+02 3.37241406e+04
 3.51732861e+03 2.07007617e+03 2.00089258e+04 7.53752258e+02
 1.85201721e+03 3.09398346e+02 5.09204297e+03 9.69105273e+03
 3.11478076e+03 4.73264307e+03 8.45368262e+03 2.36546719e+04
 1.18598877e+04 2.12927129e+04 2.36339355e+02 3.73565234e+03
 3.21239526e+03 3.01387085e+03 1.89963287e+02 5.62223816e+02
 7.21220312e+04 2.31589648e+03 8.99364551e+03 4.28108368e+02
 1.91028015e+03 3.21243347e+02 9.59098694e+02 8.67472422e+04
 4.79611963e+03 4.97440625e+03 1.27026721e+03 3.61192383e+03
 4.94268506e+03 1.06805359e+03 3.76830078e+03 1.00549736e+04
 1.21643669e+02 6.50757910e+03 9.68399414e+03 1.53455039e+04
 2.63353363e+02 4.08782690e+03 5.21411133e+02 1.38422058e+02]
16517.291
963348.4
