[6.94882715e+03 1.99879669e+02 9.45748962e+02 9.28000586e+03
 1.25464001e+03 6.22407324e+03 3.33163818e+03 1.10320293e+04
 1.15244951e+04 1.39366816e+04 1.44051934e+04 2.48862939e+03
 1.33141826e+04 7.59002747e+02 2.62455518e+03 1.50808264e+03
 1.67736836e+04 4.03730298e+03 6.08346582e+03 3.91805703e+04
 1.63089624e+03 1.10513794e+02 6.69349300e+06 2.00814316e+04
 1.46906641e+03 1.25779938e+05 1.74448875e+05 1.34991714e+02
 2.23463898e+02 2.89559805e+04 2.08370918e+04 1.12086006e+04
 6.87474609e+03 6.88343701e+03 1.26338086e+04 7.00706787e+01
 2.19733936e+03 1.40564697e+03 1.64912207e+04 1.85216873e+02
 1.08628141e+05 1.24644250e+03 1.58403940e+01 3.68215088e+03
 1.22711533e+04 2.41020312e+03 1.88605026e+02 5.96863721e+03
 4.24723516e+04 3.52357930e+04 1.88192383e+02 1.17314842e+02
 6.09611473e+01 6.32849766e+04 5.46512207e+02 2.60005884e+03
 4.75507861e+03 5.39160449e+03 1.08404189e+04 8.27808691e+03
 6.23457188e+04 2.77936768e+03 8.31908789e+03 3.33660205e+03
 2.26686084e+03 5.73773621e+02 2.79345947e+03 3.36337817e+03
 1.98333740e+02 1.52154028e+03 3.48814468e+01 1.18745056e+03
 1.60843469e+03 4.43383057e+03 5.92419189e+03 1.73488379e+03
 1.12487341e+03 1.34665088e+04 2.29609082e+03 5.02803650e+02
 8.04886475e+02 1.45442847e+03 1.06277380e+03 1.42612244e+02
 1.40854759e+01 9.88971069e+02 2.67619507e+03 7.30857117e+02
 1.55854844e+04 4.09269989e+02 6.05573779e+03 7.01476719e+04
 4.03427734e+01 1.67248486e+03 2.13410828e+05 8.58283234e+01
 2.61750977e+03 3.58543274e+02 5.21170859e+04 1.41394421e+03
 1.83184302e+03 8.02987549e+03 2.60086499e+03 2.03277490e+03
 4.94203955e+03 4.94483691e+03 2.94883862e+03 2.78131439e+02
 2.56103662e+03 1.55031787e+03 2.74798462e+03 9.87792725e+02
 1.45034134e+02 4.78423340e+03 9.40380469e+03 2.88005029e+03
 3.35850067e+02 6.00641846e+03 1.49753809e+04 9.79880798e+02
 1.69627039e+03 1.33373506e+04 3.32440479e+03 1.22688180e+05
 7.83216504e+03 2.20749438e+03 9.54806055e+03 1.63959641e+02
 2.04815845e+03 3.08908112e+02 2.02665308e+03 1.91904449e+02
 1.53750565e+02 3.09908508e+02 2.07113428e+03 2.92196021e+03
 2.59882812e+04 3.60504004e+03 4.79397314e+03 5.50658838e+03
 2.48173782e+02 1.37371826e+04 4.35448164e+04 1.06494990e+04
 1.15482906e+05 4.34378700e+01 2.30530933e+03 2.03265410e+04
 1.75816602e+04 5.04238428e+03 2.05696997e+03 1.70949988e+03
 5.64584961e+03 1.52739258e+02 8.92010840e+03 5.39910107e+03
 1.76906702e+03 5.29374451e+02 1.27639862e+02 1.08288242e+04
 1.05371973e+03 2.49508569e+03 5.15700500e+02 1.20529321e+03
 2.74231274e+03 1.16414221e+03 2.08882593e+03 2.21360117e+04
 1.19653896e+04 1.74558618e+03 1.57965202e+01 5.48647385e+01
 3.55130322e+03 2.64141992e+03 2.10213525e+03 6.66191895e+03
 5.33767041e+03 1.91986230e+03 1.85427676e+04 6.11512939e+03
 3.01459727e+04 8.03920288e+02 9.97280703e+04 7.48221313e+02
 9.30880859e+02 2.60723324e+01 2.12126562e+03 4.75409375e+03
 4.64674707e+03 4.44667773e+03 1.65246328e+04 9.27796777e+03
 9.34454269e+01 4.16289258e+03 1.19686609e+03 3.48778418e+03
 2.33047305e+04 2.09523483e+02 3.84956958e+03 4.73866133e+04
 3.12717590e+02 1.39002061e+04 1.16030439e+04 9.34621658e+01
 1.48421162e+04 9.89160234e+04 1.87656201e+03 4.73476855e+03
 2.39971943e+01 4.43879547e+02 2.57264331e+03 4.36662598e+03
 6.66343628e+02 1.54074805e+04 3.79063660e+02 1.37036267e+03
 1.68752731e+02 3.18246680e+03 2.46040117e+04 2.38504517e+03
 3.94627759e+03 1.59037796e+02 9.73006821e+01 9.01027539e+03
 1.63023914e+03 8.67749316e+03 1.51272344e+04 3.34925270e+01
 4.07841089e+03 2.11252344e+03 2.35733734e+02 3.92103088e+02
 8.84831152e+03 2.32991094e+04 4.26070166e+03 3.00880005e+02
 1.00575140e+03 3.89439468e+01 2.35774585e+03 1.76430774e+03
 3.63850078e+04 2.49229336e+01 1.98292812e+04 5.13666000e+01
 4.29279633e+02 2.02071758e+04 1.34247129e+04 6.53557129e+03
 9.89911426e+03 2.86777383e+04 3.44333313e+02 1.00027090e+04
 4.92060608e+02 1.81970195e+04 5.00281006e+03 1.32817810e+03
 3.15959595e+02 2.33962109e+03 9.52859375e+03 2.11514893e+03
 3.72909844e+04 1.46622324e+04 1.11945557e+04 2.34586353e+03
 4.69456520e+01 2.79186938e+03 8.29869934e+02 1.04673462e+03
 3.44199102e+04 5.63776270e+03 1.17619006e+03 3.63314180e+04
 4.36665993e+01 3.37416504e+02 3.52545685e+02 2.29318085e+02
 9.65577812e+04 1.23499365e+03 2.06014102e+04 3.71674951e+03
 2.37807715e+03 6.49987744e+03 1.03850674e+04 5.34322596e+00
 6.09979309e+02 2.41615381e+03 5.12055542e+02 4.86588232e+03
 1.07746887e+03 7.92737158e+03 1.24979951e+04 3.10760040e+02
 8.84589746e+03 3.42685205e+03 2.08519119e+02 1.10297615e+02
 2.28447509e+00 3.29749664e+02 1.67903633e+04 2.61132599e+02
 1.12373999e+03 4.28669098e+02 1.45686414e+03 3.45714141e+04
 4.41735138e+02 7.95341312e+05 1.94905615e+03 3.26782544e+03
 3.86755585e+02 3.95859131e+03 7.06069336e+02 3.10815967e+03
 1.07171106e+03 2.36153223e+03 4.71175928e+03 1.36454336e+04
 1.03446152e+04 5.37776055e+04 6.85300293e+02 1.22001738e+04
 7.90829834e+03 1.60499678e+04 4.54095612e+01 5.66061250e+04
 6.49033936e+03 3.14309814e+03 3.39054219e+05 3.46635986e+03
 2.28829269e+02 1.87584980e+04 4.62885205e+03 7.85493262e+03
 2.44537329e+03 3.56514587e+01 4.07417651e+03 2.28966309e+04
 6.40154953e+01 1.37819366e+02 3.27596504e+04 1.52337659e+03
 1.23818213e+03 1.04152725e+04 5.32526074e+03 4.99206934e+03
 1.44721527e+02 2.98420441e+02 2.10231674e+02 5.45613672e+03
 5.72461328e+04 3.18999976e+03 2.25327402e+04 7.14992266e+04
 3.76459814e+03 7.24695752e+03 1.26366974e+02 4.95804883e+03
 9.76986511e+02 6.09914490e+02 1.93005798e+02 5.69122695e+04
 1.01517598e+04 5.37254822e+02 3.30502773e+04 1.03600189e+02
 1.25544521e+04 9.45474844e+04 1.09623120e+03 9.82440872e+01
 3.15204761e+03 1.35797061e+04 7.57576111e+02 3.57209497e+03
 1.81676625e+05 4.92260400e+03 6.28760132e+02 1.59897871e+04
 8.55847031e+04 1.81689682e+02 2.80238190e+02 4.67739983e+01
 1.33074268e+04 6.66616992e+03 2.69540137e+03 2.32189795e+03
 1.67229236e+03 6.19552124e+02 4.63254333e+02 3.83579248e+03
 2.51701895e+04 5.54777466e+02 1.86489453e+04 2.87599268e+03
 5.57954297e+03 3.69779419e+02 4.34686768e+02 6.95479297e+03
 1.56997351e+03 3.27901367e+04 1.29259082e+03 8.66754297e+03
 1.16523743e+03 5.16490417e+02 1.48920422e+03 9.72293945e+03
 9.59570410e+03 2.69377598e+04 1.51547693e+03 1.88773300e+02
 4.68905500e+05 2.28718921e+03 4.13977930e+03 3.76156201e+03
 2.59566919e+03 3.25947729e+03 1.62478604e+04 1.96004766e+04
 1.41530005e+03 9.69143457e+03 1.47732483e+02 3.17985565e+02
 6.58115000e+04 3.43380615e+03 3.24086647e+01 3.70566772e+03
 2.63999609e+03 5.47018164e+03 1.70928711e+03 8.81829346e+02
 6.17099023e+03 6.30198535e+03 4.53089355e+03 2.98272888e+02
 4.05131714e+02 6.66022031e+04 3.35413916e+03 7.91830664e+03
 3.52114838e+02 2.56670410e+03 1.11877271e+03 2.87740356e+02
 4.39677539e+03 3.13177734e+02 3.84301221e+03 3.87886523e+03
 2.43956152e+03 1.09520105e+03 3.54898926e+02 4.00726719e+04
 1.64958716e+03 4.22460303e+03 3.32287549e+03 3.86053688e+05
 4.18156967e+01 1.06272858e+02 1.77377793e+04 2.18600693e+02
 2.45451096e+02 2.47935034e+03 6.83752832e+03 1.20580727e+02
 1.55556270e+04 1.91946660e+04 2.13500317e+03 1.39592529e+02
 1.58551650e+04 4.88745941e+02 1.76090927e+02 1.01468414e+03
 2.26820972e+03 8.92369141e+04 3.99273224e+01 2.09273514e+02
 6.50536621e+03 1.78767249e+03 1.02801074e+03 6.63926875e+04
 5.33360498e+03 3.47562891e+03 1.43950742e+04 2.94198334e+02
 8.39886426e+03 4.24733281e+04 2.78560815e+03 3.31613008e+04
 3.01560010e+03 3.35314600e+03 1.99045801e+03 4.78796836e+04
 1.84919281e+02 1.55347302e+03 2.46232129e+04 2.67067749e+02
 1.21392615e+03 2.26183914e+02 7.04665820e+03 3.92388489e+02
 1.02480107e+04 5.96307188e+04 4.81331787e+02 3.29965454e+03
 2.27625732e+03 1.06836572e+03 7.41875879e+03 5.38567871e+02
 4.74307159e+02 8.19728699e+02 1.45562637e+02 6.85151855e+03
 1.67137463e+03 4.31193604e+03 3.22796082e+02 1.96864905e+03
 6.90058008e+03 3.15984619e+03 8.88543457e+03 6.39842644e+01
 3.07720957e+04 4.66209717e+01 2.74965851e+02 4.06680640e+03
 1.53761200e+02 2.07548535e+04 3.01435571e+03 3.64860522e+03
 2.16587266e+04 9.05136841e+02 1.30811951e+03 7.24367090e+03
 1.12183032e+03 1.63740784e+03 7.04300842e+02 1.11201819e+03
 2.34597095e+03 2.61880493e+02 7.70591248e+02 3.00811084e+03
 2.99293677e+03 1.14598145e+04 1.94663986e+02 8.99512109e+03
 4.57356250e+03 1.94561094e+05 1.35718848e+03 1.96854895e+03
 3.27349316e+03 8.62140503e+01 1.74164434e+04 8.97663025e+02
 4.87941914e+04 1.86632703e+03 1.73340176e+04 4.77005066e+02
 1.49394751e+03 2.43810234e+04 1.69874536e+03 4.88233252e+03
 3.15266602e+03 4.15796783e+02 1.11531396e+03 6.10557422e+03
 9.29860938e+03 1.77759570e+03 3.21220428e+02 1.04065566e+04
 3.67569794e+02 3.57506317e+02 2.05093384e+03 1.25144653e+03
 6.36319275e+02 5.77698425e+02 5.63677490e+02 1.84417810e+03
 7.53494043e+03 3.06896406e+04 2.33948608e+03 1.26886201e+04
 1.60801590e+02 2.04279236e+02 4.84171729e+03 8.93687805e+02
 3.21393125e+04 1.13460850e+04 9.40394165e+02 1.36184736e+04
 1.31284863e-01 4.08953008e+04 1.51517505e+03 8.01718115e+03
 3.10280933e+03 2.33015356e+03 1.49600342e+04 2.65512634e+02
 1.16967900e+04 6.94248657e+01 3.29946992e+04 2.53047617e+04
 2.04473438e+01 4.37994727e+03 1.14086855e+04 2.21556259e+02
 1.70710508e+04 3.18793408e+03 1.12617126e+03 1.26418726e+03
 4.18105000e+04 8.30843628e+02 3.10876782e+03 2.92691559e+02
 1.45642305e+04 2.54581992e+04 3.37976532e+01 7.66780014e+01
 4.78609467e+01 9.70059143e+02 2.76523359e+04 1.12793584e+04
 4.04160273e+04 5.64239795e+03 6.48111182e+03 1.43804980e+04
 1.29267627e+03 4.07090302e+02 4.36257129e+03 1.12668953e+02
 1.22155215e+04 1.79742285e+03 7.54136182e+03 1.06806116e+03
 2.64759033e+03 8.91389844e+03 1.03001719e+04 8.94475891e+02
 6.81946436e+03 5.93832910e+03 1.41916924e+04 3.17244751e+02
 1.70752136e+03 8.39902832e+02 1.31597471e+04 2.03512402e+03
 6.30807227e+03 2.42313623e+03 3.87138989e+03 2.79985913e+03
 2.15048656e+05 5.89609070e+01 9.96679883e+03 2.40181934e+04
 3.97826355e+02 1.70819189e+03 3.23762085e+03 2.38274194e+03
 6.32366162e+03 8.57426208e+02 2.60371765e+02 1.69633716e+03
 1.77321582e+04 1.23504203e+05 8.82499316e+03 1.02838525e+03
 9.14611664e+01 3.20549297e+04 4.02115259e+03 1.15397423e+02
 4.43989209e+03 6.45333594e+03 9.67160522e+02 1.19795398e+03
 2.50535400e+03 2.50321465e+04 5.51868125e+04 4.31531689e+03
 3.21252258e+02 1.07238252e+04 4.35082910e+03 8.44544629e+03
 2.56194092e+03 1.51990146e+04 1.34064539e+03 1.42860586e+04
 3.01205225e+03 7.51176331e+02 1.82542587e+02 8.29410934e+01
 6.83614062e+04 6.31589622e+01 2.07131104e+03 6.70623438e+03
 2.75594458e+03 2.19006641e+04 2.42081763e+03 2.07919727e+03
 6.02488184e+03 3.51949707e+02 9.62950317e+02 3.20520410e+03
 1.42937979e+04 3.92235962e+02 2.66610327e+03 2.69584595e+03
 5.73341748e+03 1.96220535e+02 1.64247940e+02 1.93717697e+02
 1.97141129e+02 4.85429541e+03 4.81432568e+03 2.62120093e+03
 1.14038440e+03 1.87656006e+03 2.58269238e+04 5.47370654e+03
 1.09748770e+04 7.74850781e+04 8.19269336e+03 5.91789941e+03
 1.91147559e+04 1.25725470e+01 6.52292627e+03 6.86772461e+01
 2.10391602e+03 2.46715063e+03 2.77751587e+03 2.64480820e+04
 7.03382187e+01 1.14610217e+03 2.23685498e+03 3.79752930e+03
 1.03993184e+04 2.48427563e+03 7.04030396e+02 7.55841260e+03
 1.08405068e+04 1.14796594e+05 1.60545635e+04 4.71240417e+02
 8.89902100e+02 1.66343643e+02 2.11996875e+03 7.84260703e+04
 3.33487031e+04 7.68416077e+02 5.39491028e+02 3.34490503e+03
 1.36863953e+02 1.89846738e+04 1.03602246e+04 5.69047412e+03
 7.25194397e+02 2.06615161e+03 1.67063797e+05 2.17935522e+03
 5.45741089e+02 4.30463330e+03 3.61179224e+03 2.31855176e+03
 1.57529822e+03 3.34349097e+03 1.45516370e+03 3.36342621e+01
 7.14327490e+03 3.74477112e+02 4.41529102e+03 2.99598633e+03
 2.08611755e+02 1.30374710e+02 5.17951469e+01 9.23223340e+03
 2.91157446e+03 1.23094248e+04 1.55203629e+02 1.65407959e+03
 8.27782891e+04 4.52071758e+04 5.11324658e+03 3.78427124e+01
 3.99022141e+01 2.70538340e+04 9.82116943e+02 2.74743385e+01
 1.78952911e+02 7.46822632e+02 1.78683496e+04 1.63692737e+03
 4.07582666e+03 7.88442529e+03 6.19953750e+04 8.29149353e+02
 2.17201645e+02 7.18251172e+04 2.87438629e+02 3.89960596e+03
 2.16733862e+03 6.98171973e+03 2.97174180e+04 3.24297192e+03
 1.40220967e+04 1.99120020e+03 1.81086152e+04 2.23656816e+04
 7.88774316e+03 1.43128210e+03 2.21884082e+04 1.64853828e+04
 2.53927002e+03 1.35933945e+04 2.40959375e+03 1.00492500e+04
 9.77568817e+00 1.20562634e+03 1.95721641e+04 5.07922344e+04
 8.47376094e+04 3.46373193e+03 6.59600342e+02 1.14063232e+02
 1.75151917e+03 1.28906958e+03 6.47309180e+04 1.07163086e+04
 8.05148975e+03 2.97658008e+03 1.59238301e+04 1.97075256e+02
 2.65684888e+03 2.37760098e+04 4.83830371e+03 2.26361582e+04
 5.17924414e+03 7.56636963e+03 1.10397939e+04 7.27339355e+02
 7.14684766e+03 4.76636377e+03 3.12890894e+03 4.54324280e+02
 2.20193677e+03 4.64357710e+00 2.97196719e+04 4.23504688e+03
 6.00734985e+02 3.29642578e+03 3.27790259e+03 7.17089375e+04
 1.47320547e+01 4.18545068e+03 9.61829529e+02 1.83179886e+02
 6.45355957e+03 1.19235573e+02 2.86937559e+04 6.09310989e+01
 4.00202075e+03 2.05620288e+03 2.32564560e+02 6.55485391e+04
 6.72987891e+03 5.60629961e+04 9.09149609e+03 1.32198181e+03
 1.47148254e+03 1.00627012e+04 1.09636016e+04 8.08030469e+03
 4.75803027e+03 3.00814697e+03 2.10149341e+03 1.87923279e+03
 4.23798126e+02 3.24652856e+03 1.28828721e+04 3.93986694e+03
 2.41557080e+03 2.00748474e+03 7.91653992e+02 4.57766748e+03
 6.13859558e+02 1.31214893e+03 2.97597998e+03 2.06870508e+03
 1.57705835e+03 8.81799698e+01 5.74125049e+03 4.40066699e+03
 6.24872217e+03 3.38569360e+03 6.93201641e+04 3.76950898e+04
 2.96868481e+03 3.44007416e+02 1.98939590e+02 1.81719238e+02
 2.88601367e+03 1.72891846e+03 1.50639648e+02 1.36530176e+03
 2.07698560e+03 3.27070190e+03 8.50317090e+03 2.46638809e+04
 1.76925859e+04 1.61554370e+03 1.10875769e+03 1.01510437e+02
 8.21678162e+02 1.35226843e+03 1.13032776e+03 5.27625664e+04
 9.74999268e+02 2.86773926e+02 5.88817334e+03 7.28816162e+03
 2.53142197e+02 9.34347229e+01 5.54445654e+03 1.14802363e+04
 1.38646924e+03 7.33625000e+04 1.47001013e+03 1.13416046e+02
 2.38631172e+04 3.63681055e+03 1.48228477e+04 2.02602209e+03
 1.20138611e+02 3.44574243e+03 2.85060352e+03 8.15447266e+04
 1.06620154e+03 1.09209521e+03 2.47441235e+03 5.93101904e+03
 5.26096826e+03 1.47852930e+03 2.76235010e+03 1.95860312e+04
 2.35655957e+03 7.69212708e+02 4.99176788e+02 1.11243428e+04
 2.45918945e+03 2.12285889e+03 1.71986557e+02 2.24614316e+04
 2.12684265e+02 5.86913696e+02 8.32754395e+03 6.71512207e+02
 8.59074414e+03 3.03174438e+02 2.30499976e+03 6.34901875e+05
 4.54437158e+03 8.08478394e+02 2.04928784e+03 1.12017688e+05
 1.44666763e+02 3.57949609e+03 2.00555554e+03 1.26261673e+02
 2.37297461e+03 5.27625928e+03 6.77690088e+03 1.94883926e+04
 1.28949648e+04 1.26083716e+03 1.70070020e+04 8.05981836e+03
 5.16758633e+04 3.08186660e+04 4.39601758e+03 3.20979883e+03
 1.66161789e+02 1.35038843e+03 2.21351929e+03 1.52516904e+04
 1.73467598e+04 4.25814148e+02 5.97035156e+02 5.38083458e+01
 3.46337793e+03 1.35576279e+02 1.70776953e+03 2.57941250e+04
 1.91011780e+02 3.15313594e+04 9.39791138e+02 5.09562305e+03
 1.50828760e+04 4.24907227e+04 4.73287549e+03 1.98699828e+05
 9.09468384e+02 2.97351855e+03 3.76361304e+03 1.02957666e+04
 1.83265961e+02 1.40417871e+03 1.24942310e+03 6.83793506e+03]
19722.336
6693493.0
