[5.45878938e+05 3.18498906e+04 4.46459727e+04 1.55531016e+05
 3.10090562e+05 7.70348203e+04 3.93093281e+04 1.93752281e+05
 7.72614875e+05 6.24966719e+04 1.97592750e+05 1.89358781e+05
 7.40890503e+01 2.43524922e+04 4.09918320e+04 1.72730215e+04
 2.37425891e+05 4.85251094e+04 3.13591500e+05 1.43345038e+06
 3.75864969e+05 4.41454141e+04 6.91611350e+06 1.74932859e+05
 2.12707251e+03 2.04811500e+05 5.03147800e+06 1.65705656e+05
 7.59086094e+04 5.76078867e+04 3.59483219e+05 1.46323422e+05
 1.44882047e+05 5.78583516e+04 4.04149500e+05 6.66634141e+04
 7.18818516e+04 4.76728945e+04 8.99937891e+04 2.44660801e+04
 6.03519000e+05 3.16891906e+05 3.10196094e+05 2.25720141e+05
 5.20436572e+03 1.22935750e+05 5.09492148e+04 2.99912031e+04
 1.18558297e+05 6.10261062e+05 3.14341426e+04 8.02763750e+04
 1.60007178e+04 2.00206662e+06 3.12155342e+00 3.70322500e+04
 1.16518219e+05 8.19143188e+05 2.77154656e+05 6.36481758e+04
 2.63455688e+05 1.64094328e+05 7.98425625e+04 2.73381445e+04
 2.69884766e+04 3.05272812e+05 4.33038984e+04 5.08244336e+04
 4.51693125e+04 6.17372125e+05 4.16341250e+04 1.18202820e+05
 3.86748906e+04 9.23343906e+04 3.44821133e+04 8.64325234e+04
 9.75873906e+04 1.99897031e+05 3.09071621e+04 2.28514200e+06
 4.55576992e+04 8.22773438e+04 2.21254180e+04 4.96615859e+04
 1.07102234e+05 1.95822598e+04 6.16446133e+04 3.65255195e+04
 1.34107594e+05 1.95439359e+05 1.52157391e+05 9.18892688e+05
 2.60028125e+04 1.96329406e+05 3.46223750e+06 8.97773438e+04
 9.96621641e+04 1.50576000e+05 2.25865531e+05 1.89547539e+04
 1.34379922e+05 1.41628625e+05 5.00426602e+04 3.74606914e+04
 7.57515781e+04 8.89164609e+04 7.99900146e+02 7.00131797e+04
 1.14347266e+05 2.07413691e+04 1.56857090e+04 3.18020438e+05
 2.83546504e+04 6.25513398e+04 1.46097703e+05 5.18562891e+04
 3.28554258e+04 3.01754219e+05 1.83612172e+05 9.57489551e+03
 2.45564047e+05 5.83982461e+04 3.35101938e+05 1.16883650e+06
 1.05699828e+05 3.32420195e+04 2.36250352e+04 6.24922773e+04
 7.43393203e+04 3.76133047e+04 5.63178359e+04 4.12408164e+04
 6.25934062e+04 3.24382031e+04 9.33635703e+04 3.62010039e+04
 2.15515625e+05 4.12582461e+04 1.18924266e+05 1.36897844e+05
 1.57694219e+05 2.05351359e+05 2.86393969e+05 2.18714047e+05
 2.39843812e+05 2.08424355e+04 1.99325938e+04 3.45494312e+05
 3.51237875e+05 2.87981281e+05 3.03262695e+04 1.18933180e+05
 6.77339375e+04 4.25174375e+04 5.81571758e+04 9.33112656e+04
 2.88450371e+04 1.34587600e+06 3.58915781e+04 9.10573438e+05
 3.73682500e+05 4.58745547e+04 2.11353730e+04 4.04478984e+04
 4.64868018e+03 5.84429219e+04 6.74438594e+04 7.68676719e+04
 7.13584609e+04 2.11304781e+05 2.13683867e+04 6.50186328e+04
 8.61329141e+04 1.17978438e+05 6.13065781e+04 8.43922656e+04
 1.19612398e+05 3.31399609e+04 5.70146250e+04 7.56918062e+05
 4.35165188e+05 3.45480625e+04 3.23908225e+06 3.67312031e+04
 7.43729609e+04 3.96094805e+04 3.72264727e+04 8.64020000e+04
 1.03370086e+05 6.92545469e+04 1.19417211e+05 1.83761641e+04
 1.92313320e+04 7.72453438e+04 8.60722438e+05 2.40888594e+04
 3.20853781e+05 4.84948672e+04 2.70480000e+04 8.62559688e+04
 7.61462891e+04 1.94753500e+05 3.36025375e+05 3.78502188e+04
 1.26837275e+06 1.83997225e+06 4.12052070e+04 9.63411406e+04
 9.42510254e+03 4.90487461e+04 5.16731836e+04 6.32546992e+04
 7.64451875e+04 2.06899922e+05 1.81962594e+05 2.27893867e+04
 7.18728750e+04 2.49868750e+04 1.52566203e+05 4.83163359e+04
 3.95959766e+04 6.50811562e+04 3.90523203e+04 1.00761469e+06
 9.73938438e+04 8.22232891e+04 1.39296031e+05 2.52195156e+04
 4.15623398e+04 4.92303719e+05 7.06884375e+04 2.83585977e+04
 9.62928750e+04 5.80101680e+04 7.33162744e+03 2.36764734e+05
 8.91255391e+04 1.77133379e+04 4.69210078e+04 1.93574127e+02
 4.87578094e+05 2.67688828e+04 3.44137531e+05 1.93967391e+05
 4.80916953e+04 1.17926648e+05 9.34369219e+04 8.83181953e+04
 9.50697188e+04 2.21868250e+06 1.88137871e+04 2.82831688e+05
 3.76314922e+04 6.83063828e+04 5.48513867e+04 6.07856406e+04
 1.30423516e+05 2.32850566e+04 4.39012158e+03 5.25432344e+04
 2.25156550e+06 2.76598406e+05 9.79304375e+04 4.06016797e+04
 1.98871191e+04 4.68991875e+04 3.57693262e+03 1.41779047e+05
 2.71808125e+05 1.54209688e+05 3.31794648e+04 6.65129312e+05
 2.51387012e+04 5.12511094e+04 3.67026469e+05 7.66822031e+04
 1.16129800e+06 1.97022773e+04 4.10475469e+04 1.96608275e+06
 8.30060312e+04 2.58291719e+05 1.96832891e+04 5.39234648e+04
 1.88990938e+04 1.13025930e+05 2.71166040e+03 2.11883562e+05
 2.66204727e+04 1.34424375e+05 1.13152023e+05 4.35139375e+04
 1.61567000e+05 2.87016445e+04 4.93987344e+04 3.95598086e+04
 5.88517891e+04 2.41749109e+05 2.07329844e+05 1.53933027e+04
 5.71423906e+04 2.37979395e+03 7.83623779e+03 5.46232688e+05
 2.18045109e+05 4.94967200e+06 4.12326367e+04 4.02062594e+05
 5.75839688e+04 4.34799609e+04 1.90200098e+04 1.08327500e+05
 1.20242430e+05 4.21930820e+04 2.73512754e+04 1.38454578e+05
 9.98224141e+04 5.86191938e+05 8.60918359e+04 4.35199250e+05
 5.83675781e+04 1.50998438e+05 9.79742734e+04 1.62204391e+05
 4.95731531e+05 4.03478438e+04 1.44973962e+06 4.35652930e+04
 2.46995688e+05 2.53485391e+05 2.96409453e+04 2.16299414e+04
 2.61874453e+04 5.57235312e+04 7.23590156e+04 2.30073344e+05
 3.24766738e+04 3.29947305e+04 4.48052156e+05 3.16544668e+04
 3.68759727e+04 1.51407766e+05 7.17071250e+04 2.39401922e+05
 4.53644102e+04 2.22624297e+04 1.83023828e+04 1.38095969e+05
 1.33364297e+05 3.26712695e+04 2.82887969e+05 1.55805062e+06
 3.55308594e+04 1.90384109e+05 4.86890352e+04 1.05315602e+05
 3.38104656e+05 1.09771969e+05 8.07021797e+04 1.49082422e+05
 2.19053359e+05 3.13046188e+05 3.70280562e+05 6.11014180e+04
 6.52553125e+05 8.36066172e+04 7.78323281e+04 2.74001230e+04
 1.66912488e+06 1.68622625e+05 2.58981781e+05 2.24392938e+05
 2.92592250e+06 4.95026836e+04 8.22820000e+04 4.58489844e+05
 1.66811175e+06 7.24241797e+04 6.96585010e+03 4.35694727e+04
 2.79600031e+05 2.77646188e+05 1.86483062e+06 1.03275125e+05
 7.05443750e+04 1.74711750e+05 4.41934219e+04 8.93640781e+04
 1.00333406e+05 9.42790547e+04 4.82563500e+05 1.46071838e+03
 4.88423438e+04 9.20513047e+04 5.99432188e+04 2.82407281e+05
 3.65449297e+04 2.33753312e+05 8.23592578e+04 7.53716750e+05
 1.79344199e+04 1.16714500e+05 2.90008438e+04 2.30138105e+04
 1.41632906e+05 1.12081227e+05 2.52052168e+04 7.37832578e+04
 1.43390450e+07 7.82447812e+04 7.84050537e+03 4.01097281e+05
 3.25072562e+05 5.35563125e+04 5.80705000e+05 3.12973875e+05
 3.18215254e+04 1.03965984e+05 1.18195859e+05 1.27142117e+05
 2.74358406e+05 1.57788330e+04 6.12933086e+04 3.24773438e+05
 7.59281250e+04 6.64389844e+04 1.47022938e+05 2.49979473e+04
 3.40477656e+05 1.28789109e+05 4.44540391e+04 1.63545812e+05
 6.46645039e+04 8.86441062e+05 3.61205391e+04 4.21538867e+04
 3.50479336e+04 6.34154648e+04 4.90832539e+04 9.07092344e+04
 6.55962969e+04 1.27504980e+03 1.55595562e+05 2.04675172e+05
 1.62434346e+04 2.45252402e+04 2.14988750e+04 2.98649531e+05
 7.07453594e+04 1.13800703e+05 3.21321328e+04 7.62578400e+06
 1.41975088e+04 2.59860031e+05 2.63288375e+05 2.52466543e+04
 1.94394883e+04 1.19553453e+05 4.67203031e+05 3.14798887e+04
 1.98942129e+04 4.65675039e+04 2.40632690e+03 7.48622803e+03
 2.67666875e+05 2.75378145e+04 8.43171406e+04 2.82889121e+04
 3.83316055e+04 1.36487475e+06 1.22504992e+05 1.57265094e+05
 3.03629590e+03 1.51482375e+05 2.34761387e+04 2.70450688e+05
 2.20835312e+04 7.93161016e+04 3.44798086e+04 3.92704727e+04
 1.85877383e+04 1.26780445e+05 4.37673750e+04 6.24593633e+04
 6.37150781e+04 7.42593047e+04 3.82978672e+04 1.00376031e+06
 3.69593008e+04 5.59912578e+04 7.33901641e+04 1.89495664e+04
 8.18742065e+01 1.01782844e+05 7.05389219e+04 2.17678203e+04
 4.92169844e+04 1.35928550e+06 5.35354219e+04 6.49726719e+04
 3.06769980e+04 1.27400656e+05 1.47209297e+05 3.35905273e+04
 1.70936445e+04 7.02338125e+04 2.20569258e+04 1.58800875e+05
 6.65976328e+04 3.91104805e+04 3.13499570e+04 9.72112656e+04
 4.01384766e+04 7.29525156e+04 1.38869297e+05 2.48603906e+05
 3.73328750e+05 4.25751914e+04 2.46818047e+05 4.77126523e+04
 4.97360742e+04 1.60354762e+06 4.07577344e+04 5.54312969e+04
 3.56395375e+05 1.84445254e+04 4.25034297e+04 1.95872016e+05
 5.55295312e+04 3.94152500e+04 6.22091650e+03 1.87850769e+03
 2.00732946e+00 1.73759106e+03 2.95988926e+04 5.14834141e+04
 2.40345516e+05 1.34067453e+05 4.81298750e+04 6.61078125e+04
 1.89441719e+05 2.03063488e+06 1.02226230e+04 5.28346797e+04
 1.86659004e+04 4.64582148e+04 1.73196000e+05 2.03057461e+04
 4.33284156e+05 3.13103223e+04 6.41002109e+04 2.38949004e+04
 1.04545031e+05 8.86247875e+05 2.70342734e+04 2.37411531e+05
 1.29340020e+04 5.34564570e+04 2.35270410e+04 5.43010820e+04
 3.37933406e+05 1.10591336e+05 2.13028809e+04 8.87586016e+04
 1.79923438e+04 6.44526953e+04 2.69714277e+04 7.65875000e+05
 9.64778203e+04 1.77886543e+04 6.07467812e+04 8.30191719e+04
 1.09342888e+06 2.89332000e+05 3.15564375e+05 1.61481766e+05
 4.93317891e+04 3.91794688e+04 3.53674438e+05 2.17546875e+04
 1.29197075e+06 1.40591455e+04 5.88775875e+05 2.02491984e+05
 1.75276703e+05 1.61717412e+06 2.47428125e+04 6.21074336e+04
 6.86637969e+04 5.40040791e-01 2.30082094e+05 6.72553594e+04
 1.06439602e+05 7.73294453e+04 3.51972469e+05 8.76782520e+03
 3.28126484e+04 3.27772754e+03 2.37747188e+05 2.86120547e+04
 1.37393000e+06 2.56342562e+05 2.06685312e+04 2.96634668e+04
 2.00564953e+05 3.55658594e+04 6.67932891e+04 4.00332109e+04
 2.06879344e+05 1.48338750e+05 2.71839062e+04 7.25878672e+04
 2.25780969e+05 1.87342539e+04 4.94220781e+04 9.97355625e+04
 6.56339875e+05 3.81758375e+05 3.60398312e+05 2.56045703e+05
 2.53666602e+04 2.63594409e+03 4.53847930e+04 1.85534551e+04
 1.15139953e+05 2.73545312e+05 1.23768281e+05 3.22262769e+03
 8.83119922e+04 8.22063438e+04 1.23627547e+05 2.56150723e+04
 9.51292891e+04 1.17397633e+05 5.22007539e+04 3.91932891e+04
 7.06353438e+04 3.71406396e+03 1.68354047e+05 4.61646406e+05
 8.09737891e+04 2.49660250e+05 7.60829844e+04 4.89769961e+04
 6.75312450e+06 3.71508008e+04 1.03027133e+05 1.07168281e+05
 3.75747031e+04 3.29582656e+04 2.73005820e+04 6.23174297e+04
 2.24661992e+04 4.09608555e+04 1.00315469e+05 1.83148109e+05
 5.51292539e+04 2.15353484e+05 6.95933672e+04 2.78725605e+04
 6.15942227e+04 6.69850188e+05 1.86535984e+05 4.05902500e+04
 6.64392480e+03 5.88702305e+04 4.49882305e+04 2.71858730e+04
 5.73802188e+04 5.59875188e+05 1.18917175e+06 7.24010078e+04
 3.43926836e+04 2.19226859e+05 2.14663938e+05 4.65893281e+05
 3.54051016e+04 6.05711172e+04 1.55066906e+05 3.66274719e+05
 7.27792773e+03 3.19615273e+04 7.27879609e+04 3.23449927e+03
 1.62219984e+05 3.92541328e+04 3.00121016e+04 8.10771812e+05
 3.94878047e+04 1.21548977e+05 5.18631562e+04 5.26750781e+04
 9.80137422e+04 1.31053430e+05 2.12599082e+04 4.74999648e+04
 9.07892562e+05 4.28241992e+04 8.27055469e+04 4.78928633e+04
 3.57412656e+04 4.36736875e+04 2.49418691e+04 9.64694798e-01
 4.76548594e+04 9.26757812e+04 3.39765117e+04 5.40441016e+04
 9.99815391e+04 2.74637383e+04 2.18949281e+05 8.48129062e+04
 4.39903875e+05 3.66059469e+05 1.43118656e+05 7.77609500e+05
 2.70391281e+05 2.46719727e+03 5.12622109e+04 1.20857725e+04
 1.73229907e+03 5.72754297e+04 1.05162617e+05 1.56483569e+03
 2.07130645e+04 5.35362461e+04 3.50451219e+05 1.41320025e+06
 6.92032500e+05 9.92160625e+04 2.68207500e+04 5.05271172e+04
 2.15422062e+05 1.98660328e+05 3.32839062e+05 7.19155078e+04
 2.69784922e+04 3.15545469e+04 3.02185219e+05 3.63119531e+05
 5.95090312e+05 6.45862695e+03 1.69820531e+05 4.28458359e+04
 1.31826312e+05 2.42164609e+05 3.70346525e+06 1.70186891e+05
 3.08507539e+04 3.09123145e+04 4.83244594e+05 5.37371914e+04
 6.06711367e+04 8.42093438e+04 3.96647148e+04 4.69284375e+04
 3.57700000e+04 7.21801953e+04 4.30170375e+05 1.68859922e+04
 2.08708312e+05 2.03628613e+04 4.24921562e+04 3.15957062e+05
 3.15626875e+04 1.64306992e+04 1.01664375e+05 1.32354734e+05
 6.51753477e+04 1.65295812e+05 4.23305375e+05 1.44157594e+05
 7.23346500e+05 1.52475219e+05 6.80863516e+04 3.28306367e+04
 2.31649023e+04 6.12418594e+04 2.00807441e+04 4.52002812e+04
 4.34210078e+04 9.31170312e+03 1.91583203e+05 1.08423853e+03
 4.29194219e+04 5.31904625e+05 7.62935312e+05 1.94490879e+04
 5.73035352e+04 1.49040550e+06 4.15959805e+04 1.43497297e+05
 4.53718281e+04 1.75293203e+05 1.63886141e+05 8.10749609e+04
 1.96619156e+05 4.85499023e+04 2.58326312e+05 3.16919281e+05
 3.91511844e+05 6.50413203e+04 2.71505219e+05 8.76610469e+04
 1.23935875e+05 9.31143047e+04 2.77573438e+05 2.99428164e+04
 3.54639609e+04 2.50512375e+05 6.38036328e+04 7.76301938e+05
 5.40403812e+05 3.13238574e+04 1.04054898e+05 3.24340742e+04
 3.58730859e+04 4.77178477e+04 8.64849250e+05 1.18921500e+06
 1.46958078e+05 4.56305742e+04 5.55759188e+05 3.89894727e+04
 4.01878188e+05 3.66320250e+05 5.84151797e+04 4.06049594e+05
 5.30271836e+04 2.21882109e+04 2.71104250e+05 3.46858594e+05
 1.76040938e+05 7.89984297e+04 3.67182031e+04 4.19043164e+03
 3.41110719e+05 5.88020215e+03 2.26302016e+05 1.79605508e+04
 3.89005136e+00 9.52027344e+04 5.60990586e+04 1.50796445e+04
 5.79153477e+04 3.78404727e+04 9.21618359e+04 1.76311172e+04
 6.01675977e+04 5.16984326e+03 3.01869531e+05 3.82391094e+04
 1.05843945e+05 1.03232094e+05 2.34249812e+05 7.61982562e+05
 2.46037578e+04 8.51320250e+05 1.38544969e+05 5.69819336e+04
 8.09666625e+05 1.58634094e+05 1.85984988e+06 1.67193938e+05
 4.69799727e+04 1.05360875e+05 1.91659473e+04 3.69207695e+04
 2.55065969e+05 3.79630547e+04 2.76691188e+05 6.38398555e+04
 1.09444962e+06 3.02706152e+04 6.80936797e+04 9.08468203e+04
 1.00153154e+04 9.22312734e+04 2.73293105e+04 1.31134453e+05
 2.50261855e+04 1.02714789e+05 4.61891406e+04 9.28118359e+04
 4.80949844e+05 3.74493516e+04 4.59226281e+05 4.41131062e+05
 2.19352250e+06 8.84897266e+04 8.67107656e+04 4.58967734e+04
 9.00550232e+02 1.39791565e+03 2.77937559e+04 5.66622305e+04
 2.87383535e+04 2.50852246e+04 1.14984523e+05 2.72522094e+05
 1.15181299e+04 2.78370449e+04 3.43511719e+04 5.60321289e+04
 2.70294824e+03 3.39260195e+04 8.64165859e+04 5.70561188e+05
 2.32244727e+04 2.10707641e+05 5.63711836e+04 1.05363406e+05
 1.60446469e+05 5.18753281e+04 1.97517844e+05 1.33809219e+05
 1.05235289e+05 1.05989500e+05 3.58649219e+04 1.80578496e+04
 3.47595406e+05 5.14864609e+04 5.08136606e+00 4.64118672e+04
 2.34249551e+04 2.27247203e+05 3.27332773e+04 2.86134050e+06
 5.60331523e+04 6.70987344e+04 9.44191250e+04 1.02220625e+05
 4.95004609e+04 2.16129160e+04 2.29407109e+05 8.96523594e+04
 6.11557129e+03 3.49958750e+04 3.13426992e+04 7.77338672e+04
 1.93807922e+05 5.51932930e+04 2.44771895e+04 1.45785762e+04
 4.81956250e+04 1.36241953e+05 1.79539172e+05 1.05512836e+05
 3.70159326e+03 4.10469805e+04 1.96937391e+05 1.46596940e+07
 1.74426688e+05 6.17778125e+04 2.78590996e+04 1.62930388e+06
 1.93483164e+04 6.55196758e+04 3.58714406e+05 2.78575742e+04
 3.55425234e+04 5.39482891e+04 8.72465000e+04 3.45179281e+05
 4.25809453e+04 1.80467832e+04 2.03678406e+05 1.14748969e+05
 8.19380938e+05 2.71273562e+05 5.31921445e+04 7.72094375e+04
 4.51822930e+04 9.88228984e+04 4.65022344e+04 7.78141250e+04
 1.09216588e+06 7.78583281e+04 2.58605578e+05 2.27643535e+04
 6.00383047e+04 4.57523537e+01 3.10925684e+04 7.23806000e+06
 7.27903984e+04 2.02023531e+05 4.07783594e+03 1.59340500e+05
 2.93062719e+05 1.47692516e+05 1.04078188e+05 6.00060688e+05
 2.28960449e+04 6.76424062e+04 3.96956906e+05 3.43318520e+01
 2.49349629e+04 2.93916089e+03 3.06440938e+04 8.24809688e+04]
263364.66
14659694.0
