[1.31848877e+03 3.92672424e+01 3.95334473e+02 9.38503223e+03
 5.94622656e+03 3.34295929e+02 2.24770660e+01 6.30373242e+03
 1.70400371e+04 8.24193176e+02 1.57892004e+03 3.36255005e+03
 8.06078320e+03 1.27468307e+02 4.44698181e+01 3.25089752e+02
 3.75625671e+02 2.01104706e+02 5.37391016e+03 1.00217188e+04
 2.42196924e+03 7.72645142e+02 5.99210312e+04 6.40865906e+02
 3.92713432e+01 1.12605219e+05 4.54665222e+01 3.92193311e+03
 3.23923096e+02 5.48539368e+02 2.13006680e+04 3.45004395e+03
 3.00045071e+01 1.20001450e+02 8.53599548e+02 2.56237213e+02
 1.89374008e+02 1.01173866e+00 2.85249658e+03 4.47325165e+02
 1.23359668e+03 7.10556763e+02 1.06687927e+03 1.17962646e+03
 2.45671240e+03 2.69426819e+02 2.38783661e+02 1.29922437e+03
 6.44580200e+02 5.52233398e+03 1.43878430e+03 3.33714508e+02
 2.30879242e+02 1.96659180e+04 2.08889282e+02 1.36963379e+02
 4.46195160e+02 2.89495234e+04 5.73648926e+02 4.55811005e+02
 1.41835339e+03 2.16966232e+02 3.13845032e+02 6.80299438e+02
 1.97114487e+02 7.75541797e+03 1.55068069e+02 2.89714909e+01
 2.38652515e+00 3.45508936e+03 3.32870697e+02 1.48827966e+03
 1.05158295e+02 6.62530151e+02 3.36931458e+02 3.98869171e+02
 1.43022449e+03 6.89053809e+03 1.51603806e+02 2.82247793e+04
 1.41105408e+03 9.63908386e+02 3.07351933e+01 2.20683304e+02
 7.66655212e+02 1.50635483e+02 3.98048935e+01 2.00918716e+02
 3.61616772e+03 9.69438782e+01 3.85566040e+02 2.37940449e+04
 4.69587311e+02 5.69253516e+03 7.52524766e+04 2.17742676e+03
 5.08325867e+02 4.29519971e+03 5.44167822e+03 6.27131592e+02
 1.00413604e+04 4.02496216e+03 1.63586319e+02 7.79042175e+02
 1.48923737e+02 2.10395435e+03 5.71162354e+02 3.86714404e+03
 3.48151660e+03 1.68707443e+02 8.22858276e+01 1.68474414e+03
 6.68334579e+01 6.48702441e+03 7.26806152e+03 1.45234460e+03
 1.53353784e+03 7.30332568e+03 2.18960083e+02 3.29291901e+02
 1.51216406e+04 3.96493091e+03 2.61984424e+03 6.31155977e+04
 5.86173633e+03 1.60484066e+01 1.62186295e+02 3.92102234e+02
 2.66310254e+03 1.21498207e+02 8.18569519e+02 8.64627991e+01
 6.35279114e+02 6.69982300e+02 3.15758789e+02 1.66897125e+02
 1.30603135e+04 1.89347888e+03 2.78948242e+03 2.60001602e+01
 4.96240137e+03 5.01291650e+03 4.00968018e+03 1.02671252e+03
 4.74986035e+03 2.42949924e+01 1.07171838e+03 2.14767656e+04
 3.33639258e+03 2.89783862e+03 1.46460678e+02 2.62532080e+03
 9.66793213e+01 6.91684387e+02 2.41547279e+01 1.80202988e+02
 4.71534615e+01 5.06775482e+02 2.37358902e+02 9.55218203e+04
 1.16118242e+04 1.31304199e+03 3.30525131e+01 1.89698975e+02
 1.54520935e+03 2.02917908e+03 1.34756384e+03 4.24713776e+02
 8.64759705e+02 3.75877588e+03 1.43514679e+02 1.42520361e+03
 6.63500928e+03 2.57022156e+02 6.67854736e+02 2.44045288e+03
 3.84882422e+03 4.60862244e+02 1.62111115e+02 4.70303086e+04
 1.82936829e+03 3.91349152e+02 7.35810156e+04 3.63177563e+03
 3.77439499e+01 2.96629395e+02 1.22349182e+03 1.20081879e+02
 1.85308060e+02 9.68595657e+01 7.69704346e+03 3.85009888e+02
 3.59067596e+02 4.29917188e+03 2.91229992e+01 5.45272461e+02
 2.19331982e+03 2.21485657e+02 3.16327000e+01 1.57573517e+02
 1.34180893e+02 7.86185120e+02 1.86720586e+04 1.28244897e+03
 8.86175903e+02 8.56507416e+01 1.27630432e+03 6.14012146e+02
 3.26181091e+02 7.97483730e+00 1.41472522e+03 1.01657678e+03
 1.76947479e+02 7.59844727e+02 3.44016357e+02 4.45770813e+02
 1.10620764e+03 1.71486487e+03 4.49651172e+03 7.59628723e+02
 1.68919830e+02 1.42725562e+03 1.05346411e+03 1.20448975e+04
 6.62103760e+02 5.18116455e+02 4.43938538e+02 1.06221832e+02
 3.63251514e+03 4.71314893e+03 2.70888489e+02 1.27694633e+02
 1.00120294e+03 1.23061279e+03 2.26073074e+02 1.62884277e+04
 1.92682776e+03 4.95224640e+02 2.40232285e+02 6.06655945e+02
 1.45257188e+04 5.39215942e+02 1.23139565e+02 1.90074966e+02
 1.63193100e+02 2.88032745e+02 1.67467297e+03 1.39951038e+03
 7.87446213e+01 3.80366211e+04 5.73094299e+02 2.77237396e+02
 1.03228308e+03 5.52505615e+02 4.85803741e+02 2.54287781e+02
 9.94027954e+02 3.74689674e+01 9.69191956e+02 1.38227319e+03
 6.81304922e+04 1.49624670e+03 2.74831879e+02 7.79835815e+02
 2.65218334e+01 1.88605900e+01 3.27880640e+03 5.80258398e+03
 3.99386792e+03 7.72331787e+02 8.46058044e+02 3.94517407e+03
 4.33947144e+02 1.13231983e+01 3.58036353e+03 3.58036591e+02
 3.75816162e+03 2.97904272e+03 3.06865234e+02 2.57149805e+04
 1.57821191e+03 2.52786987e+03 1.02370735e+02 9.38554749e+02
 5.37360779e+02 3.57412524e+03 6.15318489e+01 5.19332397e+02
 6.29448090e+01 4.84967232e+01 1.69324746e+04 2.09273727e+02
 1.00760752e+04 6.45324097e+01 2.40424011e+02 1.38745575e+02
 8.83091980e+02 2.41890839e+02 2.42967383e+03 3.14872341e+01
 1.72045151e+02 2.34076653e+01 4.21720850e+03 4.42795776e+02
 2.48555069e+02 2.69404750e+05 5.17093506e+02 4.36905195e+04
 5.74804321e+02 2.25777539e+03 7.49206161e+00 5.93096826e+03
 6.26905457e+02 3.36135437e+02 4.64608192e+01 4.00254150e+02
 1.42889978e+03 1.26519702e+03 2.09913120e+01 1.78705879e+04
 7.71583405e+01 3.40061676e+02 9.76838196e+02 1.05222168e+03
 9.22574463e+02 1.02225562e+03 1.62353066e+04 6.71663818e+02
 5.69848193e+03 1.21511060e+03 5.70710258e+01 1.73612232e+01
 3.35600090e+01 1.18304712e+03 2.15412842e+02 9.23000293e+03
 7.82485733e+01 1.54915878e+02 8.20824280e+02 1.88332047e+02
 9.80169434e+02 1.07405605e+04 1.75893097e+02 3.34958154e+03
 1.73734268e+02 5.93607025e+01 6.95305786e+02 7.70448425e+02
 3.72630402e+02 1.40352325e+02 2.96055298e+02 1.27516143e+04
 1.75571973e+03 4.18083923e+02 3.27259399e+03 6.27478516e+03
 6.57490869e+03 1.29973047e+03 2.50394791e+02 7.13921338e+03
 2.88510229e+03 1.41586414e+03 4.60338818e+03 1.95341873e+00
 4.00872375e+02 3.86944946e+03 1.16834206e+02 5.63683395e+01
 2.43066626e+03 6.79005127e+02 1.70667224e+03 6.61570007e+02
 3.36120703e+03 2.40070190e+03 2.01401355e+03 2.15305493e+03
 2.86752197e+03 9.13330872e+02 7.50126419e+01 8.53723572e+02
 7.58089233e+02 8.81886523e+03 5.83297363e+03 9.03228943e+02
 3.81495270e+02 2.22930347e+03 9.16443176e+02 1.93701929e+03
 9.49630078e+03 3.54204193e+02 2.54053125e+04 3.53934288e+01
 7.60842590e+01 3.86122607e+03 7.06033496e+03 1.25322666e+04
 1.32409497e+03 3.43996875e+04 2.90535352e+03 2.47688159e+03
 9.83465424e+01 6.59352417e+02 7.97849197e+01 1.41426636e+02
 2.27582596e+02 2.85036621e+02 2.98208374e+03 2.87482617e+03
 5.70690500e+05 1.73492224e+03 1.02128220e+01 5.51984192e+02
 7.85570679e+02 1.76165085e+02 9.95926270e+03 1.83429187e+03
 2.99383636e+02 2.42431470e+03 3.78396436e+03 2.25811752e+02
 1.06244226e+03 1.26821184e+01 1.08052040e+02 4.07647766e+02
 7.77437592e+01 2.57542389e+02 1.00175529e+02 2.90633789e+02
 5.05319971e+03 6.64299011e+02 1.27216225e+02 1.23943588e+02
 6.49194702e+02 2.80283320e+04 5.13539209e+03 7.21406555e+02
 4.09179077e+01 2.16736160e+02 7.37287842e+02 1.54878168e+01
 4.26578522e+02 2.26891504e+03 1.91513416e+03 4.53682770e+02
 1.83008972e+03 8.21761246e+01 1.01739594e+03 8.58681641e+03
 4.72508850e+02 1.55744287e+03 3.22836761e+01 1.55014266e+05
 2.61324444e+01 8.36083008e+03 2.14509644e+03 1.30274553e+01
 1.16862541e+02 4.04688647e+03 9.54071973e+03 6.48562622e+02
 9.78974365e+02 5.32042084e+01 1.60467773e+02 5.93592262e+01
 1.04079844e+04 1.92921677e+01 3.01395203e+02 1.20597302e+03
 7.69745102e+01 2.48740967e+03 2.46096631e+03 2.68072314e+03
 2.35746289e+03 1.97492996e+02 1.31424683e+02 1.71093418e+04
 9.44034576e+01 2.21704926e+02 4.84164001e+02 8.58310089e+01
 4.39229675e+02 9.81133240e+02 8.11634644e+02 1.54077869e+03
 6.07900330e+02 2.04313156e+02 1.08557397e+03 8.29652832e+03
 9.17231018e+02 3.29992139e+03 6.01635010e+02 2.86497040e+02
 4.99698753e+01 3.00514331e+03 6.16737549e+02 2.17982941e+02
 1.37331039e+02 6.94567529e+03 1.91178052e+03 2.80985565e+02
 3.71678429e+01 1.62508926e+02 4.27653564e+02 7.83780441e+01
 3.69539978e+02 3.92567810e+02 4.22687866e+02 8.09109436e+02
 2.85605664e+03 3.33137631e+00 2.27971997e+03 4.08596130e+02
 1.88254547e+02 2.57802826e+02 1.99235657e+03 3.19184326e+02
 3.06563721e+03 1.16947830e+02 3.80247406e+02 1.92323853e+02
 1.50844836e+03 5.95405078e+03 1.42679062e+02 5.37621155e+02
 3.76195605e+03 6.96016113e+02 1.98599197e+02 5.73028320e+03
 3.11638574e+03 8.25834045e+02 2.94381683e+02 8.61965027e+02
 8.07867249e+02 2.53267383e+03 2.97502251e+01 4.76966019e+01
 2.31528961e+02 3.24654175e+03 2.12342239e+02 5.44745215e+03
 9.22482324e+03 8.61970605e+03 4.76124634e+02 3.31717346e+02
 6.91717529e+00 9.51322021e+02 3.28580170e+02 3.06476176e-01
 1.01039287e+04 2.05936011e+03 1.51863892e+03 5.59358025e+01
 9.21485657e+02 9.24663574e+03 3.99582367e+02 1.94533997e+03
 1.08199805e+03 8.84636963e+02 4.80291519e+01 1.70145889e+02
 1.59231816e+04 1.66794360e+03 1.09091515e+02 1.10877332e+03
 1.36433075e+02 4.16345703e+02 5.76620239e+02 4.78282305e+04
 1.21970146e+02 8.03100586e+02 1.24303223e+03 1.97708691e+03
 1.00934326e+04 5.95917053e+02 2.98003998e+02 1.00188018e+04
 1.64695724e+02 3.18270325e+02 6.30763062e+02 4.81392151e+02
 3.15171250e+04 1.79860596e+02 1.46947742e+03 1.68106216e+02
 7.62012390e+02 1.32830383e+03 5.83510208e+01 4.57124756e+02
 5.79521973e+02 2.95541595e+02 1.03464478e+03 3.13543762e+02
 3.03324890e+02 3.66718018e+03 2.42290645e+04 1.93834400e+01
 1.52487659e+03 3.87750664e+01 7.46765430e+03 1.79272278e+02
 2.68361963e+03 2.84091577e+03 9.39324341e+01 1.62926648e+03
 9.35808789e+03 3.47056351e+01 4.18300018e+01 3.22571373e+01
 2.79383643e+03 2.47672900e+03 1.56207794e+02 3.63062286e+02
 8.86254492e+03 6.02421522e+00 2.76936157e+02 1.16804370e+03
 4.57835508e+04 6.44883936e+03 1.78093628e+03 2.36992090e+03
 5.43518921e+02 1.81586502e+02 5.28146896e+01 4.68763580e+02
 2.14064590e+02 1.54295010e+04 6.31021606e+02 9.90056152e+01
 1.11215401e+02 3.00776794e+02 3.99534961e+03 1.89926990e+03
 3.48435181e+03 1.02092051e+04 1.15971870e+01 1.18255371e+03
 2.04393692e+02 2.90133270e+02 1.17051712e+02 5.54658020e+02
 2.41616577e+02 5.64879944e+02 2.04221230e+01 5.57090210e+02
 5.24028438e+04 4.96067657e+01 7.04890015e+02 7.51447461e+03
 5.13046509e+02 6.14448509e+01 2.73343658e+02 1.36389819e+03
 5.92968079e+02 5.57103882e+02 2.20869971e+03 7.55780029e+02
 1.14589325e+02 7.36780823e+02 3.78435486e+02 1.27329140e+02
 2.20022369e+02 7.78203125e+02 2.95509229e+03 1.26708359e+02
 2.36816864e+02 2.85257593e+03 8.87960083e+02 4.46737640e+02
 3.87606543e+03 1.06857891e+04 6.05845166e+03 2.61385474e+03
 8.97026184e+02 1.63795746e+02 7.27062683e+01 6.52185693e+03
 1.40901688e+02 1.95475189e+02 9.55249268e+02 2.68707617e+04
 8.62001892e+02 3.86852936e+02 4.49140396e+01 2.01794763e+03
 9.13319519e+02 1.12300232e+03 4.26645325e+02 3.43560117e+04
 1.36531662e+02 3.57065234e+03 1.70781448e+02 7.22941406e+02
 2.66336914e+03 1.31780334e+02 1.99264740e+02 6.83305817e+01
 1.11591418e+03 1.70597488e+02 2.82382069e+01 7.24715515e+02
 3.03753757e+01 3.10310974e+02 1.68998657e+02 1.63557907e+02
 2.75368774e+02 1.88049097e+03 2.85556549e+02 2.40880518e+03
 2.26454590e+03 9.95796661e+01 5.32686218e+02 2.02381271e+02
 5.27362244e+02 7.74405615e+03 5.35540625e+03 6.22985645e+03
 5.64392883e+02 3.89519768e+01 5.93271667e+02 1.07056763e+02
 1.44991333e+03 2.03485519e+02 2.66998462e+03 1.36816328e+04
 7.30663147e+01 1.06531563e+02 5.81568408e+03 1.90379023e+04
 4.44508252e+03 4.77959131e+03 2.43003967e+02 5.96430413e-02
 7.61631714e+02 8.42453491e+02 6.66222656e+02 6.80832596e+01
 3.24888031e+02 2.41477566e+01 3.47723120e+03 7.20183105e+02
 6.64189209e+02 4.97933350e+01 1.64457849e+03 1.49903564e+02
 4.59405823e+02 9.17028613e+03 8.84756953e+04 1.52260632e+03
 6.27120895e+01 1.76938696e+03 9.61626221e+02 6.54785217e+02
 4.06232727e+02 2.61081494e+03 5.91951408e+01 5.00710411e+01
 1.20901215e+02 1.06425769e+03 1.35293506e+03 1.24243896e+02
 6.43149268e+03 2.21084351e+03 1.77351685e+03 9.51517517e+02
 5.01311157e+02 1.39748077e+02 2.67554150e+03 3.60209717e+02
 1.38943224e+01 1.54477768e+02 1.90345469e+04 1.79072974e+03
 6.55441113e+03 1.43890823e+02 1.67494495e+03 7.37332642e+02
 1.84651077e+02 1.50355786e+03 1.37565222e+03 2.05969498e+02
 6.83947601e+01 2.13710303e+03 2.91703149e+03 2.67595764e+02
 1.85049957e+02 1.59077188e+04 7.49164648e+03 4.62178726e+01
 2.11440186e+03 4.31793457e+03 4.48258606e+02 4.32133102e+01
 1.78190155e+01 9.09864062e+03 1.56513599e+03 1.61049561e+02
 1.65005225e+03 1.39141650e+03 5.12903223e+03 9.32959668e+03
 3.73294702e+03 3.95952911e+01 4.27209625e+02 6.61471802e+02
 1.62800293e+03 9.04210022e+02 1.49865698e+03 1.04083716e+03
 1.05042615e+03 4.68436621e+03 4.23747215e+01 2.06621113e+04
 9.52482422e+02 1.85360275e+02 2.57330078e+02 2.13118286e+02
 6.70733871e+01 2.19461945e+02 1.85876094e+04 1.31528735e+03
 3.58270905e+02 1.82441016e+03 5.62542041e+03 1.09923718e+03
 3.46376406e+04 6.61244336e+03 6.50726318e+01 2.68968872e+03
 3.43971094e+03 2.50224328e+00 2.91533667e+03 3.95428735e+03
 2.74253589e+03 1.45784592e+02 8.01020508e+02 1.56304520e+02
 1.43161154e+01 2.10845203e+01 6.61303125e+03 2.15162613e+02
 4.35641083e+02 3.46568298e+02 1.68948792e+03 2.85656094e+04
 8.85254272e+02 7.31260986e+01 1.34674109e+03 1.13442590e+03
 3.68476898e+02 9.28413208e+02 1.59444226e+03 9.91119919e+01
 4.82030426e+02 3.05989899e+02 1.75423291e+03 4.93025732e+00
 3.76321991e+02 3.11062949e+04 1.16271111e+02 2.19136566e+02
 1.04497703e+05 2.92668701e+03 4.48964111e+03 5.69604836e+01
 6.04483604e+01 8.32711304e+02 3.40536041e+01 3.68378448e+01
 6.85608936e+03 6.90875549e+01 9.89679871e+02 3.75941376e+02
 1.06708057e+03 3.43028778e+02 1.05484631e+03 3.26888824e+02
 1.99459564e+02 1.25575623e+03 1.21523804e+02 9.65350159e+02
 1.10253815e+02 2.93746802e+03 1.24420447e+03 1.21515613e+03
 1.03346104e+04 4.17043701e+02 1.35297021e+04 4.66901465e+03
 5.58655029e+03 1.40566138e+03 1.08563293e+03 1.40537451e+03
 3.21303955e+02 2.57416309e+03 8.45596695e+01 1.83044907e+02
 3.75606728e+01 1.23311417e+02 4.27046387e+03 8.84147168e+03
 2.92584453e+04 9.79426575e+01 3.80684319e+01 1.99474817e+03
 1.25901176e+02 1.46304733e+02 3.77079541e+03 6.13177783e+03
 5.52001953e+02 1.53407886e+03 6.55449219e+01 7.39514746e+03
 2.68409058e+03 1.55180432e+03 1.21180645e+04 2.26509827e+02
 6.65601416e+03 6.11486450e+02 5.95912209e+01 8.98489532e+01
 1.15547168e+03 2.31271774e+02 9.88579407e+02 1.41276108e+02
 9.51054916e+01 2.22971094e+03 1.52070312e+02 3.81519507e+03
 1.64620651e+02 3.85186462e+02 8.96683105e+02 5.33169617e+02
 9.99125244e+02 8.31835938e+01 2.36996069e+03 5.66592480e+03
 9.66323669e+02 3.38919159e+02 3.68972961e+02 8.59932404e+01
 3.25172144e+03 1.67653284e+03 5.06846619e+01 8.73289978e+02
 8.29963684e+00 4.98936348e+01 3.32684741e+03 2.07748886e+02
 1.89587097e+03 1.24135803e+03 3.53171240e+03 8.37471125e+05
 2.94418060e+02 2.39146021e+03 5.07629852e+02 5.10452383e+04
 2.22632370e+02 2.82035187e+02 1.32431775e+03 4.77792969e+02
 2.49971497e+02 1.79338715e+02 2.09045296e+01 1.95377991e+03
 7.76397168e+03 1.21838539e+02 1.21353984e+04 3.28729883e+03
 2.57623511e+03 5.42263550e+02 6.03745544e+02 1.02839221e+03
 3.86895485e+01 1.64956177e+03 5.16150085e+02 2.55477905e+03
 4.11688594e+04 1.12834435e+01 2.50023901e+03 3.44364471e+01
 4.63614166e+02 1.50709518e+02 5.53013191e+01 1.65765672e+05
 1.00290405e+02 4.71123169e+02 1.86249664e+02 1.18948669e+03
 5.75494922e+03 9.21057800e+02 2.22777008e+02 9.17093323e+02
 4.89791016e+02 8.51322250e+01 6.53211133e+03 3.51062469e+01
 1.07115601e+03 4.91165466e+01 8.53743896e+01 3.67404688e+03]
5424.754
837471.1
