[5.37734562e+05 7.77545000e+04 2.52141562e+05 1.65006672e+05
 7.35380188e+05 1.25391812e+05 1.49665266e+05 1.12550234e+05
 1.34279512e+06 5.81769375e+04 4.51102188e+05 5.05252031e+05
 9.00217480e+03 4.06894297e+04 2.23418422e+05 9.74433203e+04
 1.47987562e+05 1.07706438e+05 5.35750438e+05 2.21385100e+06
 1.25022525e+06 6.85872031e+04 4.84776280e+07 1.19143962e+06
 4.01882461e+04 1.13288400e+07 6.40295650e+06 2.74192969e+05
 2.56131328e+04 4.33867406e+05 1.01653981e+06 2.50962875e+05
 2.58943609e+05 4.26505469e+05 6.51752312e+05 1.96857676e+04
 6.31309062e+04 7.65564297e+04 6.93786250e+05 7.37547812e+04
 1.39800238e+06 1.42668075e+06 1.23783988e+06 6.53633828e+04
 1.55765312e+05 5.49020562e+05 3.39401445e+04 1.71074487e+03
 2.58312219e+05 1.03570294e+06 2.61976875e+05 1.35476172e+05
 5.78870557e+03 5.09955850e+06 7.65266328e+04 1.41803703e+05
 8.98007562e+05 2.71598725e+06 6.27837656e+04 4.39783969e+05
 2.44154850e+06 2.91236781e+05 1.42104863e+04 2.10540938e+05
 1.78953078e+05 1.74827325e+06 4.47334424e+03 8.03650000e+04
 9.90473438e+04 1.55714391e+05 3.51110693e+03 1.75743328e+05
 6.58234453e+04 4.38823193e+03 4.57857219e+05 1.26727930e+05
 2.02061844e+05 4.64717312e+05 2.40377344e+04 3.31287425e+06
 3.42381781e+05 8.89498359e+04 6.54797695e+04 7.27360156e+04
 7.76943750e+03 3.13734043e+04 9.38060547e+04 2.78259500e+05
 7.57106094e+04 3.30361969e+05 2.11844672e+05 1.89653225e+06
 1.47055723e+04 1.44585288e+06 8.40384700e+06 9.87795859e+04
 7.33410250e+05 2.39438625e+05 6.44678000e+05 1.67012234e+05
 5.94197188e+05 2.13647844e+05 1.92246816e+04 6.21157930e+04
 1.29768961e+05 5.02551125e+05 9.18280547e+04 1.69592922e+05
 1.08643219e+05 1.64022828e+05 4.21457156e+05 2.49783484e+05
 9.97485469e+04 1.25092070e+05 6.71687812e+05 4.72442656e+04
 2.72614688e+04 5.56749625e+05 3.01647906e+05 1.83114562e+05
 3.87713094e+05 2.06970797e+05 1.50796000e+06 2.89071602e+04
 6.67873438e+05 7.54420391e+04 4.63436133e+04 7.32604199e+03
 1.09166477e+05 4.65747500e+05 4.27425750e+05 7.81849453e+04
 4.68484062e+05 3.26336562e+04 1.06552594e+05 1.03000283e+04
 4.07984812e+05 2.21382391e+05 1.34200922e+05 2.21451094e+05
 1.88299609e+05 9.40233047e+04 4.42939375e+05 3.62890594e+05
 3.64470406e+05 2.17861621e+04 1.17074977e+05 5.96015562e+05
 1.47020025e+06 4.07806656e+05 1.53462920e+04 1.81317312e+05
 9.57118672e+04 3.99445234e+04 4.34070469e+05 2.38216688e+05
 4.84595508e+04 2.56068156e+05 6.45252539e+04 3.75212350e+06
 1.62331975e+06 3.27687875e+05 1.18255664e+04 6.56237500e+04
 7.28914297e+04 1.04936641e+05 8.90429062e+04 1.18888070e+05
 1.27409148e+05 2.63552719e+05 1.74570891e+05 4.17518719e+05
 9.22833516e+04 1.60120047e+05 4.14941719e+05 6.31413945e+04
 6.35038938e+05 2.55628969e+05 1.09520398e+05 1.88741688e+06
 2.58192200e+06 6.09181133e+04 4.91115100e+06 6.69412688e+05
 1.33028076e+04 6.65349688e+04 5.61778281e+04 2.47016078e+05
 7.61339062e+05 6.07699492e+04 1.51707094e+05 2.56757297e+05
 7.12338125e+04 5.41278312e+05 1.33954388e+06 1.08070336e+05
 2.68545375e+06 2.66502500e+05 2.20113500e+05 2.38352031e+05
 1.21228555e+05 3.51349875e+05 5.24139875e+05 1.43556906e+05
 1.54379525e+06 2.77544450e+06 2.55552625e+05 5.63438062e+05
 6.75165703e+04 2.75675656e+05 1.16166703e+05 1.00185453e+05
 2.58067906e+05 3.07617188e+05 7.52120703e+04 1.20466582e+04
 1.24313383e+05 4.62531016e+04 9.40352562e+05 7.05139453e+04
 6.26337812e+04 3.67319500e+05 6.69743281e+04 1.62299650e+06
 5.36449375e+04 2.58412406e+05 2.60905375e+05 1.17065945e+05
 1.40310312e+05 3.84520031e+05 9.60681055e+03 2.17253781e+05
 1.55948031e+05 5.26188633e+04 3.65937156e+05 6.35298000e+05
 6.91781950e+00 3.49149854e+03 2.74347871e+04 2.68432125e+05
 6.89043438e+04 4.34830908e+03 5.76853875e+05 2.26427344e+04
 1.01647891e+05 2.25618406e+05 2.22853897e+02 7.54373906e+04
 2.64488875e+05 3.50481125e+06 1.33328438e+05 1.36365212e+06
 6.00756016e+04 1.21215891e+05 3.95440250e+05 1.02285148e+05
 1.62580125e+05 2.16967406e+05 1.15441352e+05 3.01665094e+05
 4.14569406e+05 1.48248938e+06 2.55230500e+06 3.36361406e+05
 1.42057812e+05 3.55439844e+05 8.16222969e+04 3.22389906e+05
 1.76589450e+06 1.30126234e+05 2.82189906e+05 1.09876250e+06
 2.30923141e+05 1.31735703e+05 1.52033388e+06 4.50804004e+03
 1.70253325e+06 6.89812875e+05 8.58884188e+05 3.25218375e+06
 1.22134469e+05 7.15052500e+04 7.24071797e+04 1.00901305e+05
 5.44018750e+04 2.02881250e+05 1.37570312e+05 3.35141562e+05
 1.37834473e+04 1.33222612e+06 3.94944850e+06 5.29197148e+04
 3.02371250e+04 3.01503406e+05 8.50164141e+04 6.49473945e+04
 9.84189453e+04 3.75228250e+05 1.37642162e+06 6.98302031e+04
 1.01942023e+05 1.19477930e+05 2.26946594e+05 5.32772750e+05
 4.79744750e+05 2.39379740e+07 2.84004941e+04 1.31064047e+05
 8.31441016e+04 7.51621016e+04 3.67135117e+04 6.87227875e+05
 4.71425750e+05 2.12011348e+04 4.28794961e+04 9.24025375e+05
 1.64246531e+05 7.86420500e+05 2.62382656e+05 7.58462250e+05
 7.74413828e+04 8.02881938e+05 1.30320320e+05 5.63647510e+03
 9.06219000e+05 7.73365312e+04 3.22756875e+05 1.17239148e+05
 1.06368945e+05 3.92897156e+05 2.28391344e+05 3.81468711e+04
 1.35668359e+05 9.18490156e+04 1.76908438e+05 3.40538281e+05
 2.42405656e+05 5.79825000e+04 2.41101075e+06 2.44128156e+05
 1.02240789e+05 1.07468094e+05 9.63047812e+04 6.02876094e+04
 6.99402734e+03 3.57700039e+04 3.14508340e+04 4.30583625e+05
 3.72006836e+04 1.21627383e+05 1.64765350e+06 8.40043900e+06
 2.27958812e+05 1.56755875e+05 2.15302129e+04 1.81199297e+05
 5.63607688e+05 1.60470781e+05 2.06163262e+04 6.14362688e+05
 4.22737562e+05 1.26868250e+06 4.91883516e+04 7.46848516e+04
 8.45886750e+05 1.66928075e+06 2.51653945e+04 1.22536816e+04
 2.70361875e+06 2.56456688e+05 4.23492500e+05 1.72081914e+04
 1.19195530e+07 4.53796094e+04 1.00837844e+05 1.24216945e+05
 1.98613338e+06 1.20676950e+06 2.33427562e+05 3.28559594e+05
 7.66361438e+05 4.26641969e+05 6.85477188e+05 2.38487500e+05
 4.79071938e+05 2.42928750e+05 7.94745469e+04 4.52390000e+05
 2.42094672e+05 1.60425918e+04 8.13094625e+05 1.09947227e+04
 2.79416504e+04 1.16747188e+05 5.18176562e+05 6.91695250e+05
 8.33907500e+04 9.95882000e+05 5.82384125e+05 3.74795675e+06
 1.65163531e+05 3.96159094e+05 1.43906123e+04 7.21243516e+04
 1.26583195e+05 5.72003625e+05 1.45436387e+04 1.22506930e+05
 2.33367220e+07 3.14928809e+04 1.06969055e+05 1.03043961e+05
 4.78804031e+05 1.53970719e+05 4.93872344e+05 4.71977438e+05
 2.31690156e+05 4.97363625e+05 4.93470500e+05 1.99096750e+05
 1.90883609e+05 1.19570305e+05 6.39095781e+04 2.00371938e+05
 1.84515297e+05 9.24909531e+04 3.47954688e+04 2.09091953e+04
 5.29668789e+04 5.91208812e+05 2.72170117e+04 3.21303719e+05
 3.70489875e+05 1.09522475e+06 2.71696406e+05 8.72379922e+04
 1.21262852e+05 8.73533984e+04 2.51580780e+02 1.27309912e+04
 8.62638672e+04 3.31835625e+04 9.31016812e+05 1.45889406e+05
 3.75211914e+04 1.06460688e+05 1.32990109e+05 5.21457000e+05
 1.13002406e+05 1.88489828e+05 7.21373486e+03 1.12801590e+07
 6.26433203e+04 1.43800516e+05 2.91786641e+04 3.41333219e+05
 4.35699609e+04 1.10797016e+05 1.24312438e+06 5.38390273e+04
 3.86832656e+05 7.12387266e+04 1.12358578e+05 4.92819180e+04
 3.98097188e+05 9.80592422e+04 3.70464781e+05 2.50748984e+05
 7.49628125e+04 6.69561250e+06 1.93215328e+05 2.69560062e+05
 2.50958109e+05 1.63028164e+04 3.65277656e+04 2.47276800e+06
 1.37343809e+04 6.20541000e+05 8.14974688e+04 6.13222227e+04
 1.28538742e+05 1.50321578e+05 8.11248672e+04 3.78203469e+05
 2.39244094e+05 2.32579281e+05 4.60251406e+04 9.41462062e+05
 8.49726328e+04 8.65929922e+04 1.23934555e+05 1.43602219e+05
 1.82431797e+04 4.03707406e+05 2.63014031e+05 3.70188047e+04
 3.59185750e+05 1.77303838e+06 9.89923984e+04 4.84218531e+05
 7.20866260e+03 8.04906812e+05 3.29019875e+05 2.91563066e+04
 1.51593047e+05 1.18338844e+05 7.95078516e+04 3.26782969e+05
 7.23976719e+04 8.05339219e+04 2.35890688e+05 9.69155078e+04
 1.62527266e+05 4.40850188e+05 1.49230016e+05 2.30892812e+04
 2.79936656e+05 3.04532676e+04 3.74387562e+05 8.66741484e+04
 3.64586938e+05 1.69607000e+06 5.76045875e+05 6.77429922e+04
 5.48819000e+05 4.53804590e+03 6.92241250e+04 5.23053062e+05
 9.40343203e+04 3.29258203e+04 2.39934609e+04 2.80561157e+03
 1.40335688e+05 2.07744031e+05 1.61623711e+04 8.57867891e+04
 4.34277500e+05 8.34624875e+05 2.20609266e+05 1.96161906e+05
 2.95238844e+05 3.63368656e+05 2.18110062e+05 3.70130234e+04
 1.33259482e+04 4.80934844e+04 2.47597781e+05 3.26858594e+04
 5.28651125e+05 5.10331328e+04 2.75453457e+04 4.00995117e+04
 1.81791348e+04 3.88486450e+06 2.07949969e+05 1.82586672e+05
 2.92063188e+05 7.30116406e+04 3.57876914e+04 7.57393281e+04
 4.24908094e+05 7.30070062e+05 3.41865438e+05 1.07212125e+05
 1.60873428e+04 1.67484859e+05 4.61097227e+04 1.21619700e+06
 1.08853799e+04 2.60896631e+03 5.24530586e+04 1.72970453e+05
 8.13754000e+05 2.96286281e+05 6.30650375e+05 3.23727000e+05
 2.90969062e+04 4.83950469e+05 2.18740688e+05 5.63737158e+03
 6.49986200e+06 7.76018203e+04 3.16690050e+06 1.43371725e+06
 3.03531750e+05 3.27024850e+06 1.81025742e+04 1.20875711e+05
 1.12980523e+05 2.28298734e+05 8.44466250e+05 1.07179250e+05
 1.52706141e+05 1.25743398e+05 2.49021750e+06 4.41284438e+05
 1.46396156e+05 7.52197734e+04 3.40020812e+05 3.77697422e+04
 8.23058200e+06 4.03125688e+05 6.97662188e+04 5.50140156e+04
 2.81836094e+05 2.56404484e+05 2.25953844e+05 3.35757250e+05
 3.13368719e+05 3.07462562e+05 7.44973828e+03 1.36612688e+05
 9.24510125e+05 7.05508375e+05 4.71071031e+05 5.24353516e+04
 1.10574275e+06 4.69284492e+04 1.67872109e+05 2.32262625e+05
 1.80682484e+05 9.31903516e+03 1.83774047e+05 5.62672148e+04
 1.81470312e+05 4.89191094e+05 5.89993438e+05 3.30022422e+04
 1.43998531e+05 7.37398375e+05 1.43320612e+06 3.13433633e+04
 4.50242062e+05 1.84176609e+05 3.99137188e+05 1.42345969e+05
 3.69610906e+05 3.88467578e+04 2.82725062e+05 3.01815675e+06
 5.64043945e+02 2.47431484e+05 1.47369344e+05 3.41549805e+04
 1.08198590e+07 6.77484219e+04 2.50214344e+05 7.07401312e+05
 2.21218547e+05 2.36375359e+05 1.82287594e+05 8.27446016e+04
 1.51754750e+05 3.66086750e+05 1.57318375e+05 1.45948406e+05
 8.02195000e+04 2.36932734e+05 1.61618125e+05 7.65288594e+04
 4.99062988e+03 9.97885188e+05 8.33132062e+05 3.31986312e+05
 2.21354422e+05 1.02865672e+05 1.11049211e+05 5.80467725e+03
 2.57607609e+05 4.82443625e+05 1.51027425e+06 1.32512656e+05
 1.43679469e+05 8.63545812e+05 1.07953988e+06 9.10742312e+05
 7.16338125e+04 2.35204082e+04 4.79360875e+05 5.64731875e+05
 6.43601562e+04 1.67844109e+05 1.27473852e+05 2.85862148e+04
 1.03199581e+06 3.01281469e+05 4.44757031e+04 1.26537562e+06
 3.24124531e+05 5.84264795e+03 8.31359688e+04 1.45105350e+06
 2.25806766e+05 1.05398594e+04 4.42434258e+04 1.36836006e+04
 1.29418925e+06 2.12661484e+04 8.92847266e+04 3.06541750e+05
 9.44210781e+04 7.99788750e+04 8.11586426e+03 1.71718719e+05
 1.51973359e+04 2.09140922e+05 5.27839453e+04 2.43116333e+03
 8.69805625e+04 1.30442922e+05 2.68109062e+05 2.92122812e+05
 4.95542875e+05 6.18234375e+05 6.45651250e+05 7.92554375e+05
 3.92729031e+05 1.19487039e+05 7.91292891e+04 4.06710312e+05
 1.95516297e+05 3.41718406e+05 7.51196688e+05 9.67252375e+05
 1.19183227e+05 9.42288359e+04 2.37674359e+05 6.27579700e+06
 3.64433225e+06 4.86013750e+05 1.33885969e+05 1.57327828e+05
 6.02371188e+05 1.00955738e+06 2.78073375e+05 2.90321250e+05
 8.08691953e+04 4.86986562e+04 5.53808312e+05 5.74514312e+05
 3.87159275e+06 4.29534492e+04 1.23264825e+06 4.73711875e+04
 6.10212250e+05 3.46206594e+05 8.47377400e+06 4.10764719e+05
 2.31480531e+05 2.21290297e+05 9.89589875e+05 8.37611719e+04
 1.57702938e+05 1.21937086e+05 2.90040875e+05 4.30191406e+04
 5.58813516e+04 8.83737812e+04 7.90117500e+05 8.48629004e+03
 1.71389844e+05 1.85475844e+05 3.09670031e+05 5.41598938e+05
 8.18758125e+04 1.02821891e+05 1.53858391e+05 8.53011125e+05
 1.30070508e+05 6.86550188e+05 1.57733625e+06 7.45316500e+05
 3.00561125e+05 3.80013812e+05 6.92850234e+04 6.86849219e+04
 8.68142812e+04 4.46707875e+05 1.61034844e+05 7.61221250e+04
 4.88910742e+04 5.24431406e+04 3.56055039e+04 4.82901445e+04
 5.28720000e+04 1.90321359e+05 3.32094450e+06 3.34769492e+04
 9.13285625e+04 1.70186500e+06 3.41488156e+05 6.39460250e+05
 2.87006719e+05 3.19730906e+05 5.30273938e+05 5.94497625e+05
 1.30262538e+06 7.70011172e+04 2.26813500e+05 2.88696425e+06
 4.61765969e+05 8.60608047e+04 4.22895750e+05 1.52164150e+04
 1.83284703e+05 7.46399453e+04 9.40948125e+05 5.49176523e+04
 3.92770142e+03 4.40420000e+05 1.13867602e+05 1.54957788e+06
 8.57638625e+05 7.78127734e+04 6.12112875e+05 5.12619102e+04
 2.92321688e+05 8.42481797e+04 4.20777281e+05 6.25670550e+06
 1.14355867e+05 7.10960312e+04 3.17685425e+06 4.44046758e+04
 3.51037469e+05 1.08790588e+06 3.71991479e+03 1.74336112e+06
 7.65188516e+04 5.68522773e+04 4.71159094e+05 3.55847406e+05
 7.12762438e+05 1.31361344e+05 5.34468906e+04 5.29152070e+04
 4.21489688e+05 1.45172125e+05 7.10910547e+04 6.06421875e+04
 2.66038562e+05 8.69020234e+04 2.49028086e+04 4.90934950e+06
 2.32255444e+03 6.14707930e+04 1.97987578e+04 1.24970086e+05
 3.11449512e+04 2.07478938e+05 4.33727125e+05 1.64526969e+05
 1.92353047e+04 2.55835156e+05 8.13486875e+05 9.10181188e+05
 2.66276750e+05 1.50151325e+06 4.40491469e+05 4.73781211e+04
 8.25341062e+05 2.08280750e+05 2.45546900e+06 5.46334875e+05
 4.52649805e+04 1.92902188e+05 9.04987500e+04 7.26243984e+04
 7.22489812e+05 5.98121523e+04 1.66937188e+06 1.01938312e+05
 2.15261828e+05 2.59420508e+04 1.17269461e+05 1.61622812e+05
 6.91652578e+04 6.79358188e+05 3.90525547e+04 2.09651953e+05
 7.07507734e+04 2.62242688e+05 3.63511969e+05 6.74412438e+05
 7.08542062e+05 2.89648281e+05 6.41636450e+06 5.24780312e+05
 3.68332825e+06 1.36899266e+05 9.78243906e+04 6.72959922e+04
 6.37004688e+05 1.07902805e+05 3.26393250e+05 7.61796719e+04
 9.82741953e+04 4.59526562e+04 6.81559375e+05 5.86074625e+05
 4.84084250e+05 1.30671289e+05 3.02047344e+05 4.12377250e+05
 3.70510820e+04 2.65256719e+05 2.57271851e+03 2.96512450e+06
 1.90780000e+04 5.12981289e+04 9.32320625e+04 1.75657547e+05
 2.35096812e+05 1.58276734e+05 5.08018125e+05 4.82506594e+05
 5.05580031e+05 4.69160500e+05 3.59435078e+04 3.72123203e+04
 1.12595320e+05 7.03765469e+04 3.23985781e+05 7.43058594e+04
 1.43588062e+05 7.14390938e+05 2.36572672e+05 2.12973400e+07
 1.00349484e+05 6.86735234e+04 4.19188219e+05 5.98829375e+04
 1.23229961e+05 5.24840674e+03 2.99926188e+05 6.59401875e+05
 2.47198109e+05 5.85662812e+04 1.72277344e+04 1.27741570e+05
 2.91151562e+05 7.40552734e+04 1.70039688e+05 1.09142828e+05
 3.81546602e+04 7.49060250e+05 4.75343633e+04 3.83603938e+05
 9.96853906e+04 3.13698188e+05 9.47992125e+05 6.71886400e+07
 3.57439023e+04 2.37733594e+04 6.08323320e+04 2.94940225e+06
 2.14937207e+04 4.87639094e+05 2.46666325e+06 3.00778926e+04
 2.52410328e+05 4.07345750e+05 4.50518125e+05 7.78071938e+05
 1.54658425e+06 6.35418828e+04 2.69578094e+05 1.87776719e+05
 3.87891969e+05 5.41728625e+05 2.22656125e+05 5.10167719e+05
 1.43597641e+05 1.37413156e+05 3.43538086e+04 5.43093555e+04
 4.06064425e+06 1.16492961e+05 2.05518594e+05 5.38086055e+04
 1.18914320e+05 2.58617734e+04 8.92291797e+04 1.31065660e+07
 1.31898484e+05 3.59720938e+05 1.71134531e+04 7.03500342e+03
 1.93704912e+06 2.63154551e+04 8.12905000e+04 1.05815662e+06
 3.69882461e+04 4.95364219e+04 3.09168975e+06 4.98806594e+05
 1.45412207e+04 2.72014844e+05 2.02730188e+05 2.32350078e+04]
716857.5
67188640.0
