[3.05181133e+04 2.21542676e+03 3.87451367e+03 2.92272827e+03
 4.36791953e+04 4.66271387e+03 2.00207581e+03 2.28611523e+03
 8.10541719e+04 3.97957336e+02 1.19640029e+04 1.32257676e+04
 1.99797402e+04 3.22033997e+02 3.60962257e+01 5.90420117e+03
 3.05391777e+04 5.56186157e+02 1.30161211e+04 1.02721500e+05
 2.86907285e+04 9.97033691e+02 1.32876625e+05 5.85866309e+03
 5.97429932e+02 1.36482969e+04 1.99197375e+05 7.78847705e+03
 2.39296484e+03 1.91203076e+03 1.41573096e+03 5.59289062e+02
 6.19011914e+03 2.98537646e+03 6.17291484e+04 1.15428821e+03
 1.04500037e+03 5.36956055e+03 2.57070654e+03 2.58481407e+01
 1.63699209e+04 7.66442266e+04 7.38993408e+03 1.59427803e+04
 1.10414490e+03 2.64801636e+03 1.66536865e+03 2.44945776e+03
 1.57178497e+01 1.98284648e+04 1.36127502e+02 3.59273779e+03
 5.31401794e+02 1.19952393e+02 1.44652634e+02 1.20550549e+03
 4.84462256e+03 4.04440704e+02 8.72848633e+03 1.46350388e+02
 4.23596387e+03 9.94116113e+03 6.80491562e+01 1.17408887e+03
 1.03937659e+03 2.45859023e+04 1.02175522e+02 5.11826599e+02
 2.80570508e+03 1.23156611e+04 1.12460486e+03 1.07701530e+02
 2.26736084e+03 3.30959326e+03 5.38732422e+03 8.34572852e+03
 2.83992871e+03 1.25447090e+04 1.17384048e+02 2.37009141e+05
 1.04927576e+03 2.22670166e+02 2.00857559e+02 5.64370972e+02
 1.92090649e+03 4.46010712e+02 5.43664368e+02 2.26941089e+03
 2.60177856e+03 3.14757788e+03 5.59076074e+03 1.07799160e+04
 1.88309351e+03 7.49884033e+03 1.91526859e+05 8.20275330e+02
 3.32358124e+02 1.05180252e+02 6.71361542e+01 1.46099036e+03
 2.90428680e+02 1.46462366e+03 2.10959641e+02 1.02864417e+03
 6.22855713e+02 2.85024854e+03 2.74094360e+02 2.82464905e+01
 1.12742639e+03 6.78305298e+02 1.03887207e+03 1.03739282e+03
 1.58607617e+03 2.12839673e+03 2.66805762e+04 1.24126114e+02
 9.75721802e+02 1.17058945e+04 1.67427461e+04 1.82682593e+03
 2.24400195e+03 3.83052734e+03 2.25735181e+03 1.45800479e+04
 1.44553455e+03 9.69667114e+02 7.39799118e+01 1.49544312e+03
 2.89588959e+02 3.98739917e+03 1.27049377e+02 3.85063171e+02
 4.62515137e+02 3.32871429e+02 3.77334229e+02 1.51660193e+03
 1.35174573e+03 9.24199097e+02 2.72035327e+03 4.96210059e+03
 4.25522412e+03 1.52573303e+03 1.53901055e+04 1.37386826e+04
 1.84060156e+04 1.24232788e+03 6.01509476e+01 2.70004590e+03
 8.86640381e+02 1.37536511e+03 4.43643417e+01 3.18864526e+03
 3.31157812e+03 8.12626171e+00 2.91330640e+03 2.64358130e+03
 9.85886108e+02 3.63395203e+02 6.01678085e+01 1.54770449e+04
 2.83480499e+02 8.23904724e+02 1.22614978e+03 6.04612451e+03
 1.83816101e+03 1.79951935e+02 3.41744678e+03 8.38598206e+02
 1.74689575e+02 9.30622266e+03 1.77585583e+03 1.84435950e+03
 6.82607544e+02 1.01696640e+02 4.97975195e+03 3.14479553e+02
 1.11183411e+03 4.70347595e+02 5.64209534e+02 7.74432959e+03
 1.97459503e+02 1.53618237e+03 2.01511969e+05 1.05848545e+04
 5.10838818e+03 1.30337073e+03 1.37080334e+03 6.63831116e+02
 6.10240967e+03 7.37385193e+02 3.78468079e+02 7.12057068e+02
 3.37109406e+02 4.63999481e+02 4.32452942e+02 2.39010376e+03
 8.54481562e+04 9.28169556e+02 6.56571411e+02 3.44009229e+03
 5.82696655e+02 1.38581189e+03 1.39352676e+04 5.89573784e+01
 3.09529336e+04 1.67147844e+05 1.42167981e+03 2.41227930e+03
 1.86480835e+03 1.43496964e+02 1.07413098e+03 7.57437057e+01
 1.97096582e+03 1.77306628e+03 4.67461273e+02 4.07799744e+02
 4.51318848e+02 6.91278381e+01 4.98833160e+02 3.11822314e+03
 8.37464050e+02 2.43442734e+02 3.94655731e+02 3.01246934e+04
 5.09477881e+03 2.48113623e+03 3.62475757e+03 3.81026917e+02
 1.12524910e+02 3.89721289e+03 6.42417432e+03 1.22950305e+03
 1.88542163e+03 4.01958276e+03 2.02440271e+03 1.38807422e+03
 3.86718536e+02 2.60827686e+03 4.82157478e+01 7.17150879e+02
 1.10697601e+02 3.97891455e+03 3.04743203e+04 1.50707227e+04
 2.68641455e+03 8.16251953e+02 1.95294482e+03 4.32343848e+03
 2.40312317e+02 2.04173156e+05 8.11878906e+02 1.06825439e+03
 1.14806709e+02 2.91435852e+02 2.51790791e+01 8.75497742e+01
 1.99483557e+03 2.98160248e+02 4.59442719e+02 1.02917163e+03
 1.63505250e+05 3.44041656e+02 1.03355127e+04 1.19295601e+02
 1.09469482e+03 1.73599451e+03 1.17090942e+03 6.43011377e+03
 4.19668555e+04 3.84314062e+03 1.42877869e+02 7.03224548e+02
 7.79323303e+02 2.83255066e+02 9.26090430e+03 7.45086212e+01
 3.60191289e+04 4.25968242e+04 6.98224463e+03 9.18633594e+03
 5.94135714e+00 9.73724609e+03 1.09598926e+03 1.35552704e+02
 7.07117798e+02 1.50652515e+03 8.03248047e+03 2.23082178e+03
 2.92059422e+01 7.34784570e+03 4.70611992e+04 3.51875381e+01
 3.79711401e+03 6.48869873e+02 3.62747986e+02 3.30398285e+02
 3.77431738e+03 3.07300957e+04 5.82490295e+02 4.30005524e+02
 1.61336304e+03 4.45870056e+01 1.13978992e+03 2.13015552e+03
 3.98037949e+01 1.55498955e+04 7.35011658e+02 3.40194043e+03
 4.97210266e+02 5.74327148e+02 1.76158524e+01 1.27203838e+04
 3.74936211e+04 5.29344482e+02 8.67375610e+02 9.70479553e+02
 1.08675264e+04 2.62711406e+04 9.12070694e+01 1.06220498e+04
 1.80548279e+02 6.29265869e+02 3.39742676e+02 9.60052246e+02
 1.40765371e+04 9.14488220e+01 1.60570830e+04 1.58250208e+03
 5.97444275e+02 7.03780811e+03 1.60025024e+02 1.28898193e+03
 7.74907349e+02 3.24245508e+03 1.89630579e+03 1.18423545e+04
 3.47342621e+02 7.33578064e+02 3.36031494e+02 2.21702002e+03
 3.51908838e+03 1.01912412e+04 2.84527197e+03 8.47859863e+03
 8.68191467e+02 1.56712134e+03 2.47181137e+02 1.80078894e+03
 2.36582344e+04 2.25150562e+03 1.93426816e+04 4.17741312e+05
 1.57178333e+03 1.32853259e+03 7.42005432e+02 2.87599457e+02
 1.87814258e+04 8.83068726e+02 4.51442566e+02 3.20657539e+04
 1.95605518e+03 1.94673181e+03 9.46455469e+03 1.71813034e+02
 1.54809399e+03 1.53015615e+04 9.18281921e+02 2.09232788e+01
 9.11698047e+04 2.31953979e+03 5.94629541e+03 2.31976196e+03
 6.37924258e+04 9.30909576e+01 6.07093555e+03 4.22849030e+02
 1.00462812e+05 2.18703516e+03 1.04157928e+02 1.67678436e+02
 7.68836279e+03 2.28891504e+04 4.51130273e+03 5.02003760e+03
 3.93999951e+03 7.38440125e+02 5.58064600e+03 2.76479395e+03
 6.66602051e+03 2.52052271e+03 2.52667891e+04 4.28299103e+01
 1.45517322e+03 3.35335785e+02 1.73047253e+03 5.38522095e+02
 1.36889709e+03 3.99314727e+04 5.50384094e+02 5.10470978e+02
 4.27252747e+02 7.50066650e+02 1.91628204e+02 1.53712280e+03
 7.74727002e+03 1.69507739e+03 9.09576904e+02 6.97641144e+01
 3.57274750e+05 7.27161475e+03 1.19095288e+03 4.29284033e+03
 2.33000879e+03 3.74704810e+03 1.10850273e+04 6.48310425e+02
 5.08862114e+01 6.43302002e+03 1.77768884e+03 3.28205151e+03
 4.17811875e+04 1.94869641e+03 1.61594406e+02 2.98900195e+03
 2.23741431e+03 7.21547754e+03 3.24775244e+03 5.56905556e+01
 6.46874805e+04 2.49402344e+03 1.20951575e+03 6.54532861e+03
 2.93965991e+03 6.38086523e+04 5.11256561e+02 1.21384839e+03
 1.06137093e+02 9.09708398e+03 3.51599634e+03 1.50878503e+03
 2.71511743e+03 2.05054855e+02 7.91251755e+01 5.50626123e+03
 4.06552734e+03 9.94373474e+02 1.44922714e+02 2.92897021e+03
 2.10478564e+03 1.20334241e+03 1.77520801e+03 6.01894609e+04
 1.95758447e+03 1.54436292e+03 1.32184814e+03 7.79612923e+00
 3.87370508e+03 1.88291150e+03 1.83833777e+03 1.85782483e+03
 9.07526074e+03 1.15675330e+03 1.19317371e+03 1.91834869e+02
 8.40103223e+03 3.37630737e+02 3.86692871e+03 2.31107758e+02
 6.68033020e+02 2.86387305e+04 1.30932832e+04 2.21543945e+02
 6.71290527e+02 4.81485693e+03 3.88917816e+02 1.75236836e+04
 4.94579201e+01 3.39330518e+03 1.89591583e+02 4.28421692e+02
 1.79901642e+02 1.00525488e+04 1.75268845e+02 7.09657227e+02
 2.99002686e+02 1.56957751e+03 1.20381584e+02 1.46686469e+05
 6.48847580e+01 3.71948901e+03 8.24588501e+02 1.32908154e+04
 3.47316589e+02 1.50094531e+03 9.26905273e+03 2.50451950e+02
 1.68533105e+03 6.51150879e+03 3.65820605e+03 3.42516235e+02
 1.29339392e+03 2.07587842e+03 1.86896523e+04 1.78808875e+03
 7.77242279e+01 3.63088599e+03 5.43370056e+02 7.72060352e+03
 1.80485363e+01 3.65465820e+02 3.47699066e+02 9.36731262e+02
 1.06938843e+03 4.41824316e+03 1.63085815e+03 1.17252412e+04
 7.83209141e+04 8.93723907e+01 2.79938751e+02 1.77608841e+02
 1.40865067e+02 5.01477734e+04 4.93600220e+02 4.89961816e+03
 5.60795654e+03 4.95554474e+02 7.69721008e+02 2.39441152e+04
 6.71986771e+01 2.06342697e+02 1.27923615e+02 6.54484558e+01
 1.10489111e+01 3.52367041e+03 1.18824921e+02 9.88365402e+01
 8.37178125e+03 6.75828809e+03 2.74381372e+03 2.63645557e+03
 3.37996069e+03 8.01962031e+04 1.15760852e+03 1.55906540e+02
 3.90101294e+03 1.95078772e+03 7.26962207e+03 4.50539207e+01
 1.10111777e+04 8.94948547e+02 3.31643652e+03 1.49395920e+02
 1.10860107e+03 4.13973398e+04 1.36518158e+02 1.03098105e+04
 2.59342529e+02 8.29346680e+02 5.64760170e+01 1.99318982e+03
 5.02726562e+04 2.33198389e+03 2.36570020e+03 4.59899872e+02
 5.41183289e+02 9.15344360e+02 3.31746338e+02 9.15983398e+03
 4.38977585e+01 9.09135818e+01 1.40267224e+03 6.69973083e+02
 2.79217334e+03 2.27469766e+04 1.03345674e+04 1.80149011e+03
 9.66440735e+02 1.44303308e+03 5.10569434e+03 1.47411230e+03
 1.60275359e+05 1.38632190e+03 5.67930625e+04 3.50101807e+02
 9.39484082e+03 8.30364844e+04 1.01426529e+02 7.54378510e+01
 1.16860603e+02 5.38347656e+02 2.53291235e+03 9.32974548e+01
 1.36040054e+02 6.47227020e+01 6.84704980e+03 8.47143478e+01
 4.89499420e+02 1.61479968e+03 1.63459509e+03 4.19072479e+02
 6.43001680e+04 7.73590918e+03 7.20903870e+02 8.66651993e+01
 8.88979102e+03 5.43484253e+02 1.86067448e+01 6.42658936e+02
 1.34399521e+04 4.37002594e+02 1.13769946e+03 3.39115479e+02
 1.56587133e+01 5.46039600e+03 6.20098145e+03 3.49518311e+03
 8.46387402e+03 3.76070728e+03 4.65977753e+02 1.15419375e+04
 4.67607971e+02 6.80953857e+03 1.37317190e+01 2.68918488e+02
 1.71115405e+03 7.62722107e+02 4.73773975e+03 3.38052765e+02
 1.10288220e+03 3.42073792e+02 1.58160370e+02 1.35244431e+02
 5.16911697e+01 3.78756055e+03 4.25058777e+02 1.88909888e+03
 1.62505600e+02 1.19387415e+03 7.61927637e+03 5.14051025e+03
 5.09561816e+03 2.59046844e+02 4.63815804e+01 2.54140491e+01
 3.75729812e+05 4.86475928e+03 4.75952187e+01 2.79008105e+03
 2.03971997e+03 3.62132301e+01 9.00653748e+02 1.02306946e+03
 3.67907080e+03 4.26465851e+02 1.79186081e+02 6.71654367e+00
 7.99367737e+02 4.53542511e+02 2.19130469e+03 1.30898584e+03
 5.27779579e+01 8.70835209e+00 1.25283423e+03 3.65057520e+03
 1.30324402e+02 6.06754700e+02 1.40779993e+03 1.11323547e+03
 1.89199780e+03 1.52459395e+04 1.32910518e+04 1.43948145e+03
 4.91369133e+01 6.68462012e+03 5.03563135e+03 1.53678340e+04
 5.02964783e+02 3.05851776e+02 6.90825342e+03 1.66526660e+04
 4.09947144e+02 3.37360504e+02 7.57438354e+02 1.38037878e+03
 4.60209619e+03 6.81544128e+02 1.80217712e+02 1.81215684e+04
 7.54753052e+02 5.28311462e+02 5.92947340e+00 1.49253326e+02
 1.68635278e+03 1.38049731e+03 8.32500549e+02 6.74315552e+02
 1.46123125e+05 2.01465942e+03 6.13146118e+02 1.53245789e+03
 1.30957312e+03 3.88476776e+02 2.46089014e+03 1.47927994e+02
 1.12765556e+02 6.24274414e+02 5.87228516e+02 1.41714813e+02
 5.90809375e+03 2.06656967e+02 2.67284937e+03 4.04381256e+01
 4.38368086e+04 2.13008276e+03 2.57965967e+03 9.88700938e+04
 1.70374413e+01 1.66381378e+02 6.24879313e+00 1.20582629e+03
 3.19850024e+03 1.56271326e+03 1.02979482e+04 2.83677617e+04
 1.52762985e+02 1.21687943e+02 2.63008750e+04 9.68591328e+04
 3.88328828e+04 5.15292969e+03 2.09930054e+02 8.83250977e+02
 2.44511124e+02 4.49463916e+03 3.60408555e+04 1.94370459e+03
 4.56134644e+02 4.68738708e+02 4.56762305e+03 1.99649648e+04
 2.48342734e+04 5.39548462e+02 2.65080508e+04 3.84925220e+03
 2.21102539e+04 4.36055371e+03 2.59382910e+04 1.40445007e+03
 1.33019373e+03 1.50428687e+03 1.55218877e+04 1.65199365e+03
 1.30209265e+03 1.68718555e+03 1.25471106e+03 1.29191010e+02
 1.33373865e+03 9.57062439e+02 5.75109766e+03 1.30553574e+02
 8.52219666e+02 1.21484729e+03 7.50850879e+03 9.84290430e+03
 1.03774559e+02 4.24049911e+01 4.27871875e+03 2.92626270e+03
 1.98697601e+02 1.98107690e+03 1.30788584e+04 4.46899658e+03
 9.44791016e+03 2.01684546e+03 1.83819847e+01 1.76910132e+03
 1.36678589e+02 7.58726807e+02 2.34892090e+02 8.60973022e+02
 1.62950830e+03 5.77635059e+03 5.40275818e+02 2.60607281e+01
 1.66889368e+03 3.86411133e+03 9.84061230e+03 2.32391553e+03
 4.80444678e+03 5.72274102e+04 1.45442139e+03 5.18477686e+03
 8.94599915e+02 3.54550439e+03 4.23527435e+02 2.01840088e+02
 3.75793384e+03 1.82052811e+02 4.54567725e+03 8.98433789e+03
 1.02378457e+04 1.76291064e+03 2.18230114e+01 3.08010010e+03
 4.26665283e+03 7.64507764e+03 6.31085144e+02 8.76723251e+01
 3.79623566e+02 3.86206512e+02 9.57139526e+02 2.73110410e+04
 1.78211230e+04 1.65879834e+03 5.02881152e+03 6.26671631e+02
 9.86813431e+01 1.66021866e+02 4.15083242e+04 1.40265515e+03
 9.96281641e+03 9.40460632e+02 1.34926160e+03 1.00726605e+03
 5.11383838e+03 6.39463318e+02 1.13554871e+03 1.26568252e+04
 8.67473602e+01 1.37563025e+03 1.57413945e+04 1.11584629e+04
 1.20434265e+03 4.12868683e+02 1.50186694e+03 1.07790881e+03
 1.68910098e+04 5.95628418e+02 2.85590405e+03 3.13584023e+01
 1.16475085e+03 9.63702942e+02 1.44613098e+02 5.13295117e+03
 2.39890601e+03 5.15145459e+03 2.81604297e+03 6.92194763e+02
 5.75082275e+02 1.37968430e+02 6.86614844e+03 3.38918970e+03
 4.47925830e+03 5.18845557e+03 7.04535791e+03 3.36075952e+03
 2.76770630e+02 7.56998242e+03 7.56875928e+03 1.04118994e+03
 2.65362773e+04 4.15803369e+03 9.43363359e+04 3.37953418e+03
 1.10079993e+03 3.73198022e+03 1.72075586e+03 1.37569641e+02
 5.19553906e+03 3.95344940e+02 8.09260071e+02 2.57365723e+03
 2.04853422e+05 8.48867126e+02 1.31535632e+03 2.82217212e+03
 1.65956982e+03 2.39058154e+03 1.03660965e+02 4.44260400e+03
 1.06487274e+02 8.09596313e+02 1.23744698e+02 1.68416516e+03
 8.40512207e+03 8.02742157e+01 1.62283984e+05 1.59114990e+04
 4.82396758e+04 9.67916992e+02 1.17946411e+03 9.15177078e+01
 6.17925964e+02 2.19383102e+02 2.54829565e+03 6.20358154e+02
 1.63635706e+03 4.33517059e+02 9.32658594e+03 4.08311554e+02
 3.12041113e+04 1.58110059e+03 6.12574756e+03 2.78968848e+03
 4.67359833e+02 1.18534985e+03 1.27887012e+04 2.26295117e+04
 6.86181335e+01 1.02547012e+04 7.86481323e+02 8.46204773e+02
 1.44378503e+03 3.18690063e+02 3.14227710e+03 1.10398926e+04
 3.23992114e+03 6.16264404e+03 1.22510651e+02 1.63855762e+03
 2.25787567e+02 1.03452185e+03 2.44445572e+02 1.31306604e+03
 3.92296783e+02 6.90810645e+03 5.19813461e+01 1.11996492e+05
 5.18503380e+01 2.41265845e+03 3.27937866e+02 3.67312347e+02
 1.31094763e+03 1.88024612e+02 1.38333044e+03 4.11816040e+02
 6.25077881e+02 9.51235886e+01 8.22650513e+02 2.30619827e+02
 1.96263879e+03 1.09139331e+03 1.61716528e+03 4.57147705e+03
 7.86936646e+01 1.51468042e+03 4.93612549e+03 2.23547705e+03
 2.15723877e+03 2.63955225e+03 5.87405176e+03 2.26265859e+05
 4.87618311e+03 8.10637695e+02 1.91846466e+02 1.50746152e+04
 2.59290820e+03 2.16163910e+02 3.15166107e+02 1.36769751e+03
 1.06917267e+02 5.38191833e+02 3.93806183e+02 8.63577148e+03
 6.31101807e+03 6.48012085e+01 1.70950333e+02 8.80269348e+02
 3.50716333e+03 2.68862988e+03 1.73412842e+03 6.04792603e+02
 9.21003357e+02 2.88554785e+03 1.25030617e+02 1.91302869e+03
 3.04398633e+04 1.90115564e+03 1.91145105e+03 1.01612831e+02
 6.03620300e+02 3.41921570e+02 2.30401025e+03 5.61448867e+04
 3.36983633e+00 1.12767517e+03 5.79449402e+02 3.02807520e+03
 9.57051465e+03 1.51860336e+02 2.98411230e+03 5.05610977e+04
 4.24890717e+02 7.18238831e+02 1.54829639e+04 9.58175000e+03
 1.00052820e+03 2.59061768e+02 1.62868774e+02 9.23061426e+03]
9499.736
417741.3
