[1.56946523e+04 8.80655136e+01 7.99517395e+02 9.67240137e+03
 3.92940967e+03 3.48929382e+02 1.40931885e+02 1.27031213e+03
 2.55910172e+02 4.82500732e+02 6.67015576e+03 2.38262939e+03
 9.75060547e+03 7.65396423e+01 4.11085701e+01 3.87470239e+03
 4.10151581e+02 1.08781715e+02 1.05242051e+04 3.17790625e+03
 5.02481140e+02 6.69022095e+02 1.20634932e+04 5.40751807e+03
 7.59976807e+01 6.34477295e+03 1.33629961e+04 1.17437729e+02
 1.13304968e+03 9.55243073e+01 1.04524824e+04 6.71305664e+03
 4.88413867e+03 3.30782349e+03 1.89447793e+04 2.23355850e+02
 1.41689014e+03 6.12760681e+02 4.87923737e+02 8.52619324e+01
 1.81839629e+04 6.05549316e+03 8.82045312e+03 6.63628320e+03
 1.17447437e+03 7.21127197e+02 5.18185349e+01 9.39782349e+02
 3.91272736e+01 2.58934336e+04 8.31469421e+01 1.50352368e+03
 7.52862061e+02 1.32984648e+04 2.58173877e+03 1.14137390e+03
 7.25266190e+01 1.45208457e+04 5.09363831e+02 4.91671143e+03
 6.40241650e+03 5.08211523e+03 1.01395435e+03 5.41033081e+02
 3.83365997e+02 2.19860879e+04 1.18310890e+02 5.05779236e+02
 1.16144012e+02 2.94501367e+03 4.79831940e+02 1.29547681e+03
 8.43355957e+02 1.93739941e+03 1.54407516e+02 3.84103394e+02
 1.54033533e+03 6.15706885e+03 2.71120239e+02 4.83056152e+03
 3.03134125e+02 1.70904175e+03 7.36786652e+01 2.13594214e+03
 8.26048279e+02 3.95110077e+02 1.35732498e+02 1.42536072e+02
 4.10395996e+03 4.12580127e+03 3.07380591e+03 1.31337439e+03
 1.07212395e+02 2.68956226e+03 7.93388184e+03 1.53056458e+03
 1.87061813e+02 5.68222461e+03 1.74269592e+03 8.56811340e+02
 7.32649658e+03 2.57278351e+02 1.07690210e+03 4.28450806e+02
 7.90331177e+02 8.20725781e+03 4.25127144e+01 1.46253638e+03
 2.39348145e+03 1.37933521e+03 3.57623560e+03 3.88481537e+02
 2.23921051e+02 6.74181396e+02 1.60686783e+02 2.52387549e+03
 8.34531326e+01 8.62801758e+03 2.61186377e+03 1.24055817e+02
 5.75381250e+03 5.08464355e+03 8.67369336e+03 4.89276611e+03
 1.27089856e+03 2.60751221e+02 1.37265173e+03 4.40389404e+01
 6.97873352e+02 2.12410205e+03 1.54264319e+03 1.23065010e+02
 1.17864502e+03 7.25423035e+02 3.20776831e+03 7.81520325e+02
 8.56192688e+02 4.66174530e+02 2.85420483e+03 2.56449280e+02
 2.95138611e+02 2.00332104e+03 6.34698975e+03 1.28856836e+04
 1.51004166e+02 2.00629425e+01 1.30256567e+03 1.99101445e+04
 3.18990698e+03 1.49194775e+04 8.62914753e+00 1.40590039e+03
 8.20504608e+01 7.85884705e+01 7.94748154e+01 1.87826843e+03
 1.53609607e+03 3.57760742e+02 1.22138928e+03 9.81984668e+03
 1.66391174e+02 3.71381165e+02 2.46967667e+02 1.75358801e+03
 7.92471191e+02 8.91759586e+00 1.64094470e+03 2.76205872e+02
 3.08477686e+03 4.59846436e+03 8.47500732e+02 1.41677661e+03
 1.67020801e+03 6.81400757e+02 6.84105957e+02 1.35000623e+03
 1.43542175e+03 1.52747876e+03 7.69122620e+02 2.14444277e+04
 6.44184647e+01 1.19336243e+02 7.83942969e+03 1.00359924e+03
 1.72187256e+03 1.94149023e+03 8.30241638e+02 2.19752246e+03
 1.76621887e+02 7.73799438e+02 2.08391504e+03 3.13933624e+02
 1.23263161e+02 3.82989594e+02 1.61819111e+04 1.73310028e+02
 3.18240938e+04 9.98341248e+02 2.14916992e+02 6.04927063e+01
 7.43414246e+02 6.86681213e+02 1.24565894e+03 1.76369228e+01
 3.06213633e+04 6.49648672e+04 1.26848473e+02 2.45939453e+03
 2.33969629e+03 1.54016907e+02 2.13460474e+03 3.58755531e+01
 3.29792175e+02 5.70286377e+03 5.07717529e+03 8.99256897e+01
 2.45462280e+03 3.65454407e+01 4.28627832e+03 2.26636230e+03
 4.67175026e+01 1.15504785e+03 5.62540436e+01 1.94028926e+04
 3.32580658e+02 1.79137830e+03 2.36555615e+03 1.01928215e+02
 1.70825851e+02 1.73017148e+04 9.38635635e+01 1.47184204e+02
 1.98351050e+03 1.72168750e+03 1.81613266e+02 2.89284326e+03
 1.16379749e+03 1.86536157e+03 1.72392319e+02 1.53158770e+01
 4.10979541e+03 1.89308990e+02 2.18326294e+03 4.02861481e+01
 6.04668961e+01 1.94864734e+03 2.18343091e+03 1.66752283e+03
 6.71981384e+02 3.99920715e+02 6.38094788e+01 6.86967578e+03
 1.45713867e+02 5.56231812e+02 1.61415665e+02 2.24444885e+02
 3.58213898e+02 1.97797638e+02 2.05979517e+03 1.16579199e+03
 5.87000625e+04 1.35625171e+03 6.26480811e+03 3.73671356e+02
 9.50218994e+02 2.19381958e+02 4.02010441e+00 6.10331885e+03
 8.89506836e+03 2.44295837e+02 2.89907360e+01 1.17387910e+04
 1.87408279e+02 6.67426880e+02 1.26161094e+04 4.45435498e+03
 5.63388320e+04 1.70739863e+04 3.20790747e+03 4.40458555e+04
 2.68723907e+02 7.39436133e+03 1.48221909e+02 1.33773911e+02
 1.84519424e+02 4.73418018e+03 2.81332611e+02 8.35118103e+00
 3.62430840e+01 1.40094025e+02 3.66271606e+03 2.99680424e+01
 1.03912891e+03 1.82954956e+02 1.97674362e+02 5.17589783e+02
 1.02542004e+03 5.58797412e+03 1.05071914e+04 4.64203110e+01
 4.51949120e+00 6.16335327e+02 2.14974487e+03 1.12322910e+04
 2.46207178e+03 1.97760156e+05 3.86428375e+02 4.44957324e+03
 2.28860449e+03 6.09774742e+01 2.71916260e+02 4.08947412e+03
 5.85520203e+02 6.97504196e+01 5.42810303e+02 4.88178192e+02
 6.37749573e+02 4.16853418e+03 1.03683374e+03 1.91627930e+03
 4.13072357e+01 3.29226855e+03 5.07616406e+03 5.95656662e+01
 2.65357129e+04 2.90021088e+02 9.15870703e+03 1.04558887e+03
 1.55326355e+02 5.63233826e+02 1.01275049e+03 4.66655304e+02
 5.09677696e+01 8.48635925e+02 3.30462379e+01 2.48814209e+03
 2.12170959e+02 1.65559738e+02 8.98778906e+03 1.84603699e+02
 2.78356421e+03 5.73950049e+03 1.48285059e+03 1.72924084e+03
 1.21088364e+02 3.72547150e+02 3.35412415e+02 9.89619370e+01
 2.61566528e+03 1.30818281e+01 3.46982300e+03 1.61148901e+03
 1.98183914e+02 1.04675068e+04 1.40839490e+03 5.80085938e+03
 8.19678772e+02 7.38312842e+03 7.97235596e+02 2.77835522e+03
 1.30358604e+04 7.81093933e+02 1.72163965e+03 1.44107956e+02
 3.50215271e+02 1.92364141e+05 1.08123331e+01 1.66173804e+03
 1.23881162e+04 2.11279678e+02 2.88951245e+03 3.49917031e+04
 3.05819141e+04 1.40274261e+02 1.13428749e+02 1.52364575e+03
 1.49456656e+05 4.74002051e+03 1.57643957e+01 1.50695526e+02
 7.38669238e+03 2.24280312e+04 7.50243672e+04 6.60588196e+02
 4.57068268e+02 2.35648575e+02 8.29252625e+01 6.17040710e+02
 4.33528174e+03 7.04174805e+02 1.05480310e+03 3.02186157e+02
 1.49705334e+03 2.59898773e+02 1.56369641e+03 1.93905237e+03
 3.66351959e+02 6.69772998e+03 1.53816786e+01 2.70535918e+04
 7.95777664e+01 1.27670081e+03 1.95560246e+01 1.43755722e+02
 2.20233521e+03 3.35829956e+03 1.65037193e+01 3.13717188e+03
 7.93608250e+05 2.24558659e+01 8.97317383e+02 3.89259473e+03
 4.30563232e+03 9.50222015e+01 8.75688086e+03 5.74279602e+02
 6.43643311e+02 6.71948957e+00 2.46614990e+03 3.38445776e+03
 7.77191849e+01 1.29640454e+03 9.59855881e+01 4.59287109e+03
 1.82582996e+03 2.19577832e+03 6.30334521e+03 1.56140823e+02
 9.86708203e+03 7.22827393e+02 1.10743876e+01 3.86334106e+03
 1.29837390e+03 1.53488965e+03 1.00695930e+02 6.13549805e+02
 6.02172241e+02 1.15383301e+02 5.72677979e+02 1.11928992e+03
 3.86741089e+02 1.35363464e+02 2.56410553e+02 3.20535010e+03
 3.12410339e+02 7.29653564e+02 5.98431946e+02 2.97912622e+03
 1.43580185e+02 9.70969055e+02 1.17201416e+02 2.93681969e+05
 4.39351593e+02 7.99342834e+02 1.81399268e+03 3.49766693e+02
 9.99287415e+01 3.30663110e+03 2.70696753e+03 1.13227429e+03
 5.54477463e+01 3.52585876e+02 3.04873999e+03 4.41482819e+02
 3.90400887e+01 6.95376404e+02 1.41681726e+03 7.72641479e+02
 8.03597183e+01 1.13072437e+03 4.24391418e+02 4.96913605e+01
 3.65124512e+03 1.19324744e+03 2.31109253e+03 2.48468047e+04
 3.81608009e+00 1.92458472e+03 9.86200439e+02 4.17908417e+02
 5.43461548e+02 2.87756653e+02 3.29630444e+03 4.89851959e+02
 1.13555493e+03 2.92976367e+03 8.60898285e+01 4.24518066e+03
 1.40081848e+02 9.46397400e+02 2.69388672e+03 1.08190049e+04
 5.30814758e+02 1.60399597e+03 2.47363541e+02 3.79475069e+00
 1.36245224e+02 6.18252100e+03 7.07497437e+02 3.48815216e+02
 7.24785614e+01 8.20579590e+03 7.29495001e+00 1.99151721e+03
 2.86061188e+02 1.59132129e+03 1.36122284e+02 3.85014679e+02
 7.84852234e+02 1.03370949e+02 3.86510498e+02 2.51924072e+03
 1.50950562e+03 7.52570984e+02 3.17092113e+01 7.35151306e+02
 5.88600195e+03 3.65436554e+02 2.57858612e+02 4.20005890e+02
 1.54743030e+03 2.67611011e+03 3.45723901e+03 2.65369324e+02
 8.47618332e+01 1.33489761e+02 1.61197220e+02 2.83077295e+03
 1.86050797e+02 1.70069458e+03 1.27516980e+03 1.48151688e+02
 1.23338989e+02 6.22497498e+02 9.71272659e+01 4.01585724e+02
 1.18456116e+03 3.22646777e+03 4.01686172e+01 2.06111963e+03
 3.81559717e+03 9.89473047e+03 1.78753894e+03 3.38362350e+01
 1.21911118e+02 3.76687280e+03 1.75815564e+03 3.61550476e+02
 3.32999585e+03 3.45198479e+01 2.56280792e+02 1.04692307e+02
 1.59333893e+02 7.97633838e+03 3.47639999e+01 6.92628418e+02
 2.51388818e+03 1.87056747e+02 1.57733658e+02 1.42757629e+02
 1.38668900e+02 1.04424756e+04 2.62863220e+02 6.22680273e+03
 8.72033615e+01 1.80930896e+03 6.63713074e+02 1.63767517e+02
 3.76242706e+02 1.82334412e+02 2.88218677e+03 4.25460358e+02
 3.00639282e+03 5.78419531e+03 2.10455176e+03 1.08691465e+04
 4.15173035e+02 1.00395727e+00 9.56797461e+03 7.50388794e+02
 7.81886484e+04 5.89826050e+02 9.87889746e+03 7.18772888e+02
 6.75177686e+03 2.50377563e+03 1.17346916e+02 1.49697906e+02
 1.15881676e+02 3.24804749e+02 3.38395093e+03 3.04208832e+02
 3.90000757e+03 2.00030518e+02 6.59169629e+03 4.93118805e+02
 2.09597549e+02 7.15527283e+02 9.21063965e+03 3.33245178e+02
 6.15585977e+04 3.43991608e+02 1.28413977e+03 9.44592655e-01
 1.79497888e+03 1.69029007e+02 4.37594696e+02 6.86981277e+01
 6.67169629e+03 2.24213348e+02 1.51440323e+02 8.17297440e+01
 2.03234497e+02 7.01989136e+02 2.04829540e+01 2.66114893e+03
 6.26906250e+03 2.58886152e+04 4.95384912e+03 1.51417363e+04
 1.03510059e+03 1.82861584e+03 1.26392969e+03 3.53265305e+01
 1.06953955e+03 1.19232705e+04 1.08871494e+04 4.00441246e+01
 1.43161738e+00 7.10967773e+02 4.29766357e+03 2.36706573e+02
 2.01099136e+02 4.74757861e+03 6.58475647e+01 8.18047485e+02
 5.82889111e+03 1.22806610e+02 1.73168591e+03 1.43636367e+04
 1.02102930e+03 1.99184985e+03 3.86151172e+03 3.56886810e+02
 5.27717375e+05 8.05559937e+02 6.42289648e+03 5.13962891e+03
 3.22862892e+01 2.69861145e+02 4.31988907e+00 2.27130198e+00
 4.65437891e+03 4.93914124e+02 4.20773682e+02 8.59359314e+02
 8.41046936e+02 1.87434082e+04 2.98224396e+02 1.46030750e+03
 2.68650848e+02 9.72818555e+03 8.63989639e+01 1.30462219e+03
 3.65698425e+02 4.33032318e+02 1.77387537e+03 2.28693130e+02
 6.37383850e+02 2.98345781e+04 2.43068945e+04 3.95069084e+01
 8.25405197e+01 4.98784521e+03 1.80532898e+03 1.12136316e+03
 4.76356354e+02 5.31709326e+03 6.71546582e+03 9.83214551e+03
 1.61123322e+02 8.83417587e+01 8.92829407e+02 1.00067806e+01
 5.95170471e+02 6.46264343e+01 5.02189850e+02 2.84317969e+04
 9.60132385e+02 5.52801074e+03 2.02360693e+03 2.31502832e+03
 1.20380272e+02 2.19804541e+03 6.39205170e+01 1.55300281e+03
 1.27026240e+04 1.76855072e+02 2.10305493e+03 2.87337189e+02
 1.96145645e+02 1.13243149e+02 2.06696213e+02 1.83737259e+01
 1.63328415e+02 4.77299121e+03 1.36869797e+02 1.49491821e+03
 3.29543359e+03 2.78605194e+02 1.67232556e+03 2.71583813e+03
 2.78188184e+03 2.74781777e+04 8.19794617e+02 9.32189551e+03
 2.63078198e+03 6.59873352e+02 9.77595154e+02 2.63791162e+03
 3.53427148e+03 1.28734326e+03 1.14234238e+02 3.33493726e+03
 3.68849373e+01 1.43892517e+02 1.46750305e+03 1.98001445e+04
 7.62088330e+03 2.42858594e+03 7.12503723e+02 3.96910172e+01
 5.94034538e+01 9.38662012e+03 6.76483252e+03 9.15029907e+02
 1.10153328e+02 2.18087051e+02 4.30929053e+03 1.74845129e+03
 2.94235938e+03 3.84941010e+02 1.60579666e+02 1.36024353e+02
 4.32070654e+03 2.07099463e+03 1.56146350e+03 1.46654138e+03
 1.37653437e+01 2.10324448e+02 1.13757056e+03 3.98281525e+02
 3.95057220e+02 4.64727051e+02 5.89090080e+01 9.13926468e+01
 5.01465149e+01 1.28037793e+03 2.59991486e+02 3.18688568e+02
 1.33112439e+03 1.15097641e+02 6.02774620e+01 1.34409121e+04
 7.75514709e+02 3.97006165e+02 1.38544641e+03 3.65958350e+03
 3.20137749e+01 6.08298279e+02 8.38276123e+02 6.07758789e+03
 1.95003357e+03 3.89553320e+03 2.07653992e+02 3.67714746e+03
 2.42115784e+02 9.85962463e+02 1.62938538e+03 1.69603851e+02
 6.12816040e+02 2.00861877e+03 4.70766266e+02 7.98892059e+01
 1.59019104e+02 3.71873260e+02 6.74139587e+02 8.51951294e+01
 1.27832634e+02 1.99875854e+03 1.92870529e+02 2.93874176e+02
 1.33212329e+03 2.93205176e+03 1.80187805e+03 6.51798401e+02
 5.45103320e+03 8.59097412e+02 1.63712559e+04 7.38633606e+02
 1.33220840e+04 4.59905304e+02 2.26164322e+02 1.04617688e+03
 6.58770605e+03 2.95427319e+03 7.39738672e+03 1.70488196e+03
 5.60313110e+02 1.64758667e+03 2.36740402e+02 1.37810715e+02
 2.38232104e+03 1.18865906e+03 3.57604565e+03 1.55229330e+01
 1.80171173e+02 2.88759351e+03 2.34079375e+04 7.89377539e+03
 3.00110742e+03 1.01653107e+03 2.64517324e+04 1.66630234e+02
 1.88957153e+03 5.08392700e+02 1.57502905e+03 3.35932080e+03
 8.59993408e+02 6.57865479e+02 7.89234985e+02 7.73921753e+02
 1.79644385e+03 7.14892731e+01 4.55419617e+02 1.44246509e+03
 3.98343579e+03 1.18029846e+02 2.53440437e+01 1.06923119e+02
 4.09416534e+02 5.51569252e+01 6.33869839e+00 1.31446899e+03
 2.17829803e+02 9.99808121e+01 2.03941357e+03 4.62270699e+01
 1.64004529e+03 2.70541191e+01 3.38849390e+03 2.48270325e+02
 2.14482471e+03 1.04457422e+03 7.14518677e+02 1.64009746e+04
 5.70727979e+03 1.28811926e+03 4.13475293e+03 1.13891638e+03
 5.19343320e+04 3.98340240e+02 4.67670117e+04 7.61709595e+00
 8.52002441e+02 4.40862640e+02 4.97314331e+02 8.36185547e+02
 3.68981689e+03 1.79196680e+03 6.72052124e+02 1.55982019e+03
 1.17199414e+04 1.38790787e+02 1.53194141e+03 7.55263977e+01
 1.07181580e+03 3.11440332e+03 6.83755066e+02 1.82746936e+03
 2.10334619e+03 1.93000610e+02 2.39805984e+02 1.28465449e+04
 1.14485166e+04 9.34956589e+01 2.50217676e+04 2.23180832e+02
 4.58298555e+04 3.33461646e+03 7.32020035e+01 1.01451367e+03
 1.16831702e+03 1.54954016e+03 1.55988586e+02 1.44679126e+03
 4.04422058e+02 3.64724792e+02 6.56732764e+03 1.48827856e+03
 1.14157397e+03 3.65172668e+02 1.06588306e+03 9.83020447e+02
 1.00087726e+03 1.64232751e+03 5.32761621e+03 3.08949766e+04
 1.14062744e+02 7.71624756e+02 1.36766167e+01 2.10522690e+02
 4.49439258e+03 5.60137756e+02 3.83807690e+03 2.14405786e+03
 1.98479523e+02 4.89637988e+03 3.75866974e+02 5.14365051e+02
 4.23647705e+03 1.14653149e+03 5.75384521e+03 2.65164948e+01
 7.73497314e+01 2.18046362e+03 6.78821350e+02 1.06224133e+05
 2.00548904e+02 2.11441138e+03 4.16272754e+03 2.09244922e+03
 2.28640649e+03 2.77555676e+01 1.35018509e+02 2.33460693e+03
 1.04223438e+03 4.76218262e+02 8.73511169e+02 4.44276245e+02
 3.16366797e+03 1.38726660e+03 1.12554222e+02 6.17853027e+02
 2.31344929e+01 2.59669952e+02 1.08437805e+03 5.00897064e+01
 5.87495312e+03 2.63279083e+02 2.92065747e+03 7.82059562e+05
 1.24039490e+02 2.15617981e+02 1.46739829e+00 1.13576006e+04
 6.39829369e+01 7.06568237e+02 9.64773633e+03 5.01680481e+02
 2.28625961e+02 6.85331726e+02 7.56784619e+03 1.80782886e+03
 5.87472266e+03 1.55064240e+02 3.17536792e+03 2.01116309e+03
 5.97520508e+02 3.36598560e+03 2.08533105e+03 6.15427979e+02
 1.37085266e+03 1.02509521e+02 1.70275439e+03 1.46555457e+03
 9.79649109e+02 2.14721533e+03 4.25165070e+02 5.51108627e+01
 1.86122473e+03 2.31270599e+02 5.30267944e+02 5.95780859e+04
 1.82147079e+02 7.93828857e+03 1.06815338e+01 6.90624365e+03
 5.30367773e+03 6.67680359e+02 3.21942261e+02 9.98389258e+03
 4.70926552e+01 1.17576147e+03 1.92269258e+04 6.37861450e+02
 1.17766739e+02 3.52593346e+01 6.15999401e-01 8.13481140e+02]
6315.456
793608.25
