[3.78834406e+09 1.77762612e+06 8.73548160e+07 3.70432000e+08
 1.54267392e+09 3.50874464e+08 2.54229280e+08 1.12561690e+09
 5.77913856e+09 2.30650600e+07 8.59123700e+06 2.03851140e+07
 3.03482340e+07 4.66345880e+07 1.68278208e+08 1.21842728e+08
 1.18499392e+08 3.01896416e+08 6.05524960e+07 1.69816336e+08
 1.90087088e+08 7.73901850e+06 5.67933133e+10 4.68763360e+08
 3.91784160e+07 7.17905280e+08 4.90331699e+09 3.14334784e+08
 1.88221700e+07 4.15010560e+07 2.83675366e+09 1.43538736e+08
 5.21033792e+08 1.13109240e+07 7.08676992e+08 5.64730880e+08
 1.30682890e+07 8.45176800e+07 7.19563392e+08 6.78818350e+06
 2.40055296e+08 4.07355904e+08 5.86212320e+07 9.04810960e+07
 9.10902080e+08 6.49956864e+08 1.33165680e+07 2.02877968e+08
 4.64106304e+08 3.14863424e+08 1.14256248e+08 4.24796120e+07
 1.27726664e+08 7.17180400e+07 5.60686760e+07 2.98339150e+06
 6.52051008e+08 3.11113421e+09 1.99134576e+08 1.68356440e+07
 1.42401520e+08 8.97748160e+07 5.42925952e+08 5.18953240e+07
 1.68653844e+05 1.82467942e+09 1.81480960e+07 5.94703050e+06
 1.40513720e+07 1.72943744e+09 5.01093350e+06 5.40610752e+08
 2.91986680e+07 7.26517440e+08 5.43089920e+08 3.70680480e+08
 5.41628240e+07 3.83041640e+07 6.69600960e+07 1.75220572e+10
 2.04639344e+08 3.84235900e+06 2.00486078e+05 1.44877088e+08
 3.12829860e+07 1.13686010e+07 1.24995020e+07 2.63307850e+06
 2.37669232e+08 1.02662848e+08 1.15670925e+09 1.23658112e+09
 5.35897100e+06 1.30871782e+09 2.78560486e+09 3.93898784e+08
 7.56682368e+08 1.25929075e+09 4.66159760e+07 2.15862780e+07
 1.86774560e+08 1.01524160e+09 1.45781220e+07 2.69099020e+07
 3.97473920e+08 2.02170960e+08 3.20963680e+08 4.15784080e+07
 7.24472000e+08 2.05039891e+05 2.45145940e+07 8.04526400e+08
 2.33446816e+08 2.32946432e+08 2.13581488e+08 5.92975750e+06
 3.29715875e+05 1.96498288e+08 2.38631856e+08 1.94318768e+08
 2.10185434e+09 7.67568800e+07 9.63306240e+07 7.83568768e+08
 1.84142640e+08 4.89921560e+07 8.74320800e+07 4.31805360e+07
 2.41128176e+08 1.14648880e+08 4.46913840e+07 1.84976980e+07
 1.04468480e+07 3.70420280e+07 1.35267136e+08 5.87153700e+06
 1.77764493e+09 9.93506900e+06 1.91218640e+07 3.01153540e+07
 1.32404672e+09 1.15062477e+09 1.43049664e+08 5.79605900e+06
 6.04781632e+08 1.43600720e+08 7.87566320e+07 3.44798784e+08
 2.30915226e+09 3.07924352e+08 2.23388752e+08 1.24325104e+08
 1.19709330e+07 3.43148960e+08 4.61747850e+06 4.70896300e+06
 6.98271040e+07 7.80060928e+09 2.34431625e+06 6.07820902e+09
 2.49942118e+09 2.24737024e+08 9.38692560e+07 9.06837520e+07
 6.02799440e+07 3.16782336e+08 9.01325440e+07 5.34476544e+08
 4.72977560e+07 1.30301338e+09 3.72648080e+07 5.83446208e+08
 5.41552832e+08 1.77578576e+08 7.68014480e+07 5.84582720e+08
 7.22984192e+08 1.94599800e+07 1.86664448e+08 4.23606630e+09
 2.08648422e+09 1.80440784e+08 7.36474240e+08 1.19211046e+09
 5.76388480e+08 1.35933450e+07 4.00805720e+07 4.79712760e+07
 7.53759936e+08 5.73051968e+08 3.01787488e+08 3.92829880e+07
 1.41085920e+07 4.76430480e+07 4.24148544e+08 1.15968512e+08
 1.68865536e+09 9.15769200e+07 1.21392475e+06 9.65040896e+08
 4.26133250e+06 7.18464640e+07 2.26616934e+09 2.25810624e+08
 7.16292672e+08 4.90590560e+07 1.89455456e+08 5.24173216e+08
 3.48600040e+07 2.79252800e+08 8.97593000e+06 2.08475480e+07
 1.32726312e+08 1.32763264e+09 1.05483859e+09 1.20517496e+08
 3.49031072e+08 1.17707110e+07 1.05532845e+09 1.41303376e+08
 1.80950080e+07 1.17209376e+08 6.86510160e+07 4.85399501e+09
 6.81356720e+07 3.99927744e+08 3.33207296e+08 1.95486176e+08
 4.32282304e+08 3.83864218e+09 1.75663152e+08 4.68471850e+06
 5.29364160e+08 9.89772700e+06 4.43690450e+06 1.61925680e+07
 2.94948860e+07 1.62900848e+08 6.95358000e+07 4.56856240e+07
 3.41415450e+09 1.73435648e+08 1.69799740e+07 1.23959974e+09
 4.74801656e+05 3.88833216e+08 5.67618368e+08 4.22797600e+07
 2.60686000e+06 1.50180383e+10 1.53590272e+08 1.23201203e+09
 2.06677552e+08 1.31317456e+08 1.65457900e+07 4.62959960e+07
 6.29665200e+07 1.32085824e+08 3.36769440e+07 3.50004650e+06
 5.11731558e+09 2.83454656e+08 5.61300122e+09 2.64450064e+08
 8.41937800e+06 3.17360096e+08 2.11208528e+08 1.00003968e+09
 5.78487840e+07 3.04420128e+08 1.74328675e+06 4.54102989e+09
 7.69441650e+06 2.13253960e+07 2.24350490e+09 8.05927840e+07
 8.51167040e+07 1.61534704e+08 3.13502960e+07 1.12438364e+10
 4.47046368e+08 9.22787776e+08 1.06956700e+07 2.38503024e+08
 3.55541640e+07 5.55428864e+08 8.43736768e+08 8.24143168e+08
 9.85581600e+06 1.55229792e+08 2.97453158e+09 1.14454424e+08
 9.19436800e+08 1.70144096e+08 1.54732030e+07 3.43638144e+08
 2.49606464e+08 1.17129784e+08 8.37184200e+06 4.86064280e+07
 4.55390720e+08 6.94057625e+05 1.21614848e+08 3.83188941e+09
 2.50937968e+08 6.06499123e+09 2.30088464e+08 3.72511334e+09
 4.64032448e+08 2.74669216e+08 1.09430632e+08 6.29184300e+06
 4.72173517e+09 2.40339520e+07 1.36334560e+08 3.81002336e+08
 1.02876550e+07 4.70844467e+09 4.78462752e+08 7.99774400e+07
 4.41373520e+07 6.59759440e+07 2.14778280e+07 4.86755960e+07
 1.46816474e+09 4.50019000e+07 9.43792845e+09 1.68938096e+08
 2.35848464e+08 1.51891296e+08 2.32477776e+08 6.43186440e+07
 1.40658180e+07 1.19233464e+08 2.68521504e+08 1.17672691e+09
 1.17309020e+07 7.14388320e+07 7.43996400e+07 7.79994250e+06
 3.36332480e+08 1.77755600e+08 2.85020150e+06 4.93042280e+07
 2.19355320e+07 6.06080800e+06 8.26665520e+07 5.03164320e+08
 8.52460992e+08 7.87790500e+06 2.22899738e+09 1.17272760e+10
 4.04753560e+07 1.37259216e+08 3.92403600e+07 5.90420672e+08
 1.91391680e+09 7.42189760e+08 4.15513248e+08 2.32777440e+08
 1.08706829e+09 2.03316954e+09 2.49689184e+08 1.48357000e+07
 7.59651648e+08 4.41893837e+09 1.11347580e+07 1.02275208e+08
 1.09859553e+10 7.17822784e+08 1.39991632e+08 1.32544910e+07
 1.47780598e+10 2.84975060e+07 6.03724032e+08 3.17799296e+09
 1.41939958e+10 9.62176896e+08 2.65675094e+05 2.65428944e+08
 2.33548720e+07 8.88433120e+07 2.68076512e+08 8.50678500e+06
 1.74120280e+07 1.99050100e+07 1.16756432e+08 2.60793240e+07
 3.56444096e+08 7.59790880e+07 2.86865382e+09 4.98559950e+06
 2.50575216e+08 4.29074016e+08 6.02688600e+07 1.21557389e+09
 1.21662720e+08 2.17351104e+08 5.23710040e+07 3.88041408e+08
 1.39496896e+08 9.13245300e+06 1.67972420e+07 1.83125120e+08
 2.59156784e+08 6.62386368e+08 2.06284540e+07 4.52845888e+08
 1.00803363e+11 1.63831856e+08 6.36135760e+07 2.70886656e+08
 9.42833728e+08 2.64437300e+07 5.04950720e+08 1.62498720e+07
 2.40050992e+08 1.33205896e+08 7.86594048e+08 5.97338496e+08
 2.10911514e+09 9.44150900e+06 9.98399800e+06 1.98812864e+09
 6.27111350e+06 7.02457920e+07 8.37102016e+08 1.08325608e+08
 2.17472768e+09 1.47535776e+08 8.01955150e+06 1.38943776e+08
 1.96470280e+07 4.85214566e+09 4.51844969e+05 2.25743856e+08
 4.74600360e+07 5.48559808e+08 2.30012448e+08 3.03138000e+07
 6.73410080e+07 3.72841248e+08 1.07730416e+08 1.22943923e+09
 3.27025280e+08 1.46873984e+05 1.36467300e+07 1.96900416e+09
 4.77367808e+08 1.60050496e+08 1.97557472e+08 5.94806528e+09
 8.11003400e+06 1.86856112e+08 7.79974080e+08 2.47143792e+08
 5.70561200e+07 6.48613520e+07 4.34277984e+08 4.54924440e+07
 4.35772360e+07 2.54651696e+08 1.22907320e+07 1.16594080e+08
 1.55773914e+09 2.57887712e+08 3.08894048e+08 1.60011760e+08
 6.97285040e+07 2.26932275e+09 1.31694024e+08 1.19619622e+09
 1.08602280e+08 1.15195200e+08 1.28682544e+08 2.49223782e+09
 1.77054224e+08 2.15037740e+07 6.20639840e+07 1.74379088e+08
 3.02103350e+06 9.34788800e+07 7.59271600e+07 4.86609400e+06
 3.26167008e+08 1.43963940e+07 1.68994880e+08 3.59580480e+08
 5.62887680e+07 3.80763456e+08 5.05500280e+07 7.86602816e+08
 2.38481440e+07 6.41711320e+07 8.92151808e+08 1.21091840e+08
 1.90290260e+07 4.65308192e+08 4.33168032e+08 2.20721100e+07
 9.46877700e+06 1.56991330e+07 1.13474024e+08 1.96219216e+08
 2.58900325e+06 1.66519712e+08 1.53486360e+07 9.46993920e+08
 6.67838200e+07 1.87045340e+07 1.93596048e+08 1.78977040e+07
 1.97286080e+07 4.71630208e+08 1.12683533e+09 2.89485696e+09
 4.94349856e+08 6.74359520e+07 1.60832784e+08 2.60556640e+08
 5.51038960e+07 1.57380912e+08 2.46375975e+06 2.06527300e+07
 2.69748301e+09 1.58715688e+05 1.99545840e+08 2.30316928e+08
 1.06169800e+07 2.81710560e+08 7.30118000e+06 1.23943664e+08
 4.23615000e+07 5.39098400e+06 1.26956752e+08 2.51027400e+07
 1.82053414e+09 1.70736934e+09 4.24038480e+07 1.00885466e+09
 1.65993504e+08 1.44692367e+10 2.26542480e+07 2.59681856e+08
 5.02013800e+06 1.07874784e+08 3.90672760e+07 9.88785280e+07
 9.26634640e+07 1.05067544e+08 6.17629312e+08 1.64050768e+08
 3.73833984e+08 2.46722752e+08 1.44896950e+07 9.04322800e+07
 2.15476592e+08 2.44184840e+07 1.39731552e+08 4.43974624e+08
 2.56542669e+09 5.98327232e+08 2.87867776e+08 2.45622032e+08
 6.70751938e+05 1.52814680e+07 7.11097520e+07 5.32914739e+09
 7.63085696e+08 6.89787920e+07 6.71028080e+07 5.78855872e+08
 6.59439488e+08 9.76348320e+07 1.77601408e+08 2.03869184e+08
 5.55841000e+06 2.88058440e+07 1.71630528e+08 4.19457480e+07
 7.37220659e+09 6.30414900e+06 4.25306419e+09 4.94771168e+08
 6.48243480e+07 3.09642848e+08 1.12125130e+07 5.13546080e+08
 4.28929440e+08 4.84238880e+07 6.34015640e+07 4.12071680e+07
 3.74052992e+08 4.30246208e+08 2.50945440e+08 1.01933760e+09
 2.49666740e+07 2.04945280e+07 1.24854250e+07 4.95564320e+07
 3.85392947e+09 1.61314918e+09 1.02667000e+06 1.08540750e+07
 1.67386394e+09 2.91622020e+07 4.70293720e+07 2.38257120e+08
 1.22150323e+09 2.29844912e+08 1.14239238e+06 3.87888160e+07
 4.60803328e+08 8.02107328e+08 1.33722824e+08 8.07088000e+07
 1.28570368e+08 8.80543360e+07 2.84370112e+08 1.65692006e+09
 4.19487480e+07 1.99597220e+07 3.18363520e+08 9.75806640e+07
 5.07308768e+08 3.14608000e+08 1.13492376e+08 6.07429000e+07
 3.94168544e+08 3.27231744e+08 4.55363560e+07 4.41469300e+06
 1.49383520e+08 5.56633200e+07 1.59666144e+08 3.19750560e+08
 3.06105856e+08 1.42927520e+08 2.77555552e+08 8.39326720e+07
 1.02940000e+08 1.10741520e+07 9.43274600e+06 5.87979520e+07
 1.71072911e+10 1.84504112e+08 1.40450880e+08 7.66720576e+08
 1.07069362e+06 6.26692240e+07 1.64155552e+08 8.93012800e+06
 5.90129150e+06 1.92330140e+07 4.22544192e+08 4.77034720e+08
 2.76884040e+07 1.88942992e+08 7.71181280e+07 8.90132200e+06
 4.07465400e+07 7.56058496e+08 7.76896768e+08 5.25452750e+06
 4.37501216e+08 3.14527392e+08 8.82146400e+07 2.75343200e+08
 4.18413000e+07 3.99375898e+09 4.20201062e+09 3.94384576e+08
 1.56005250e+06 1.25994842e+09 1.45165286e+09 1.36259296e+08
 9.74278000e+06 2.00629420e+07 1.13343667e+09 2.13659568e+08
 1.31881420e+07 6.39374680e+07 4.27136320e+07 2.11548780e+07
 2.85172832e+08 2.06277975e+06 2.11467408e+08 4.93392589e+09
 1.96571460e+07 1.93426560e+07 1.46583220e+07 1.26857562e+09
 1.49320768e+08 1.67706624e+08 1.18022336e+08 2.69399648e+08
 2.11390554e+09 5.86391200e+06 5.58059264e+08 9.47739280e+07
 1.70441120e+08 4.50618300e+06 1.58856688e+08 1.33691890e+07
 1.54001250e+07 1.37747728e+08 4.27005480e+07 1.05992660e+07
 6.27596928e+08 1.35257838e+06 2.20129720e+07 5.89015600e+06
 2.85329638e+09 3.85137344e+08 1.02916730e+09 6.61427200e+08
 1.05183528e+08 1.12901238e+06 1.41254224e+08 3.53374080e+07
 3.11786976e+08 3.72180704e+08 3.66812064e+08 1.50568608e+08
 1.32261128e+08 1.74250320e+08 1.62557210e+09 8.74987040e+07
 4.88770816e+09 2.98289696e+08 7.32385280e+07 1.60327584e+08
 6.82803776e+08 4.28824986e+09 7.80507520e+07 3.48203168e+08
 1.75455872e+08 1.87736752e+08 2.11131792e+08 1.44332224e+09
 2.19760528e+08 5.26596440e+07 1.26007064e+08 3.23278575e+06
 4.70729728e+08 8.45041664e+08 5.68297574e+09 6.42988416e+08
 2.17319880e+07 2.49988384e+08 3.86025952e+08 3.19307776e+08
 5.38607900e+06 3.41986640e+07 1.40338020e+07 1.59590496e+08
 2.57754192e+08 1.62103280e+08 3.43201440e+07 6.47280450e+06
 1.40110848e+09 3.14716625e+06 2.90844900e+07 7.81075456e+08
 8.76963700e+06 1.53200576e+08 2.89767320e+07 7.98951296e+08
 4.75799840e+08 2.25568304e+08 2.88747808e+08 8.74633472e+08
 9.38033869e+09 1.05658029e+09 2.58814520e+07 1.88510064e+08
 1.53502672e+08 1.93876880e+07 2.92262432e+08 3.62780320e+08
 3.44565152e+08 4.93644160e+07 7.85469850e+06 9.42322960e+07
 2.65322624e+08 3.50714138e+09 3.98521958e+09 4.08949080e+07
 2.33661856e+08 4.10059840e+08 3.03528672e+08 2.31470720e+08
 2.91580260e+07 1.41683853e+09 2.17174176e+08 6.41586816e+08
 2.09319412e+06 2.43169232e+08 1.16708560e+08 3.71333427e+09
 2.05115584e+09 4.20359392e+08 6.94561040e+07 3.59167600e+07
 6.11513920e+08 5.45271424e+08 6.26878720e+08 5.84297800e+07
 1.49609888e+08 2.03987878e+09 8.07766960e+07 3.50995584e+09
 1.47805850e+07 8.66673520e+07 2.54394080e+08 6.29674920e+07
 2.21123168e+08 2.62596448e+08 2.42592816e+08 1.36809626e+09
 2.78994100e+07 2.93973536e+08 4.48930720e+08 1.45851424e+08
 3.55138944e+09 4.65600224e+08 4.83930850e+06 1.11785408e+09
 3.72807136e+08 1.20846560e+08 1.32612147e+09 2.31022320e+08
 1.11760576e+09 4.14957000e+07 1.85721250e+06 1.32630312e+08
 2.97555763e+09 4.27482680e+07 4.71138688e+08 6.59572100e+06
 3.54512175e+06 5.30874336e+08 2.75252000e+08 6.60072755e+09
 3.82557200e+07 5.76942700e+06 3.67886600e+06 8.61909375e+04
 3.56584128e+08 8.55914880e+07 2.49181420e+07 6.25568320e+08
 4.16902048e+08 7.43213568e+08 1.42532890e+09 3.00435552e+08
 3.55290848e+08 5.89973043e+09 4.47573560e+07 5.80450750e+06
 1.38461264e+08 7.60706160e+07 2.23924688e+08 1.22953702e+09
 3.38786656e+08 8.78652720e+07 1.34707830e+07 1.46911904e+08
 7.85171584e+08 2.98482656e+08 1.10599384e+08 1.10529312e+08
 8.19440538e+09 4.10932400e+06 5.25640920e+07 3.14183232e+08
 1.89456432e+08 2.89964580e+07 3.33149940e+07 4.19508672e+08
 9.60009000e+06 7.89573248e+08 1.57771070e+07 5.80414272e+08
 9.30043200e+07 3.57116960e+07 7.62148813e+09 2.54791700e+07
 4.36908851e+09 5.08126720e+07 5.70486400e+08 2.61070780e+07
 1.30993920e+07 1.88507420e+07 1.18080648e+08 7.89415840e+07
 1.72585520e+07 2.22198266e+05 2.31554496e+08 8.45191280e+07
 7.24594240e+07 9.17312125e+05 1.44978550e+06 6.50373000e+07
 2.58712460e+07 7.40930400e+06 7.61624400e+07 3.84019648e+08
 1.26302350e+07 1.43874035e+09 2.57996420e+07 7.34514368e+08
 9.67482240e+08 6.67870520e+07 5.98932840e+07 7.83223850e+06
 1.50768656e+08 1.62238340e+07 2.34275568e+08 1.08582450e+07
 3.48198160e+07 3.02881280e+08 1.68283686e+09 3.82071136e+08
 6.73854000e+07 9.72711104e+08 1.39904460e+07 9.02369792e+09
 8.09030000e+06 9.01803562e+05 5.71207104e+08 7.05625728e+08
 5.92037120e+07 1.85501920e+07 4.04453472e+08 3.64843136e+08
 8.25619300e+06 1.71908336e+08 2.71194480e+07 2.01036900e+07
 2.67537504e+08 4.70529504e+08 1.05755192e+08 1.05690520e+07
 5.89880100e+06 1.81868400e+07 5.65658720e+07 6.56619120e+07
 6.38097680e+07 2.97395456e+08 6.30492736e+08 1.47707827e+09
 9.55470208e+08 1.27190480e+07 1.23896730e+07 4.95616358e+09
 6.51042920e+07 3.10198016e+08 3.18262208e+08 2.69818740e+07
 8.01230960e+07 2.62921936e+08 5.39958976e+08 2.67352397e+09
 4.25469200e+07 9.03783280e+07 9.90680128e+08 7.66954480e+07
 4.61073920e+08 1.47684838e+09 1.56995070e+07 2.27493888e+08
 3.41081792e+08 4.05184928e+08 1.61739488e+08 4.03062680e+07
 1.14709197e+10 6.02216880e+07 1.08197088e+08 1.89895920e+08
 4.42376280e+07 1.17322188e+06 2.53594816e+08 4.33787085e+10
 1.97029660e+07 3.38315424e+08 5.57527100e+06 8.41800600e+06
 3.39078304e+08 9.08778752e+08 6.47643968e+08 3.37473203e+09
 8.53419500e+06 5.21211360e+08 1.26254131e+09 1.36613792e+08
 1.42593184e+08 7.99687600e+07 7.83176300e+06 3.56997720e+07]
