[9.50432000e+05 8.19007666e+03 1.68561516e+05 3.81199375e+04
 1.89915925e+06 2.88187812e+05 2.98453781e+05 7.01445000e+04
 2.81650125e+09 9.56760469e+04 1.68049859e+05 1.17591719e+05
 1.04944719e+05 2.40871234e+05 2.68448400e+06 7.53600625e+05
 1.25318771e+09 7.67412578e+04 2.85823750e+05 7.89770312e+05
 3.00315062e+05 2.83914453e+04 1.50095040e+08 6.55616375e+05
 1.23964701e+01 2.56740725e+06 4.15950325e+06 1.01595900e+06
 3.75301250e+04 4.34630625e+05 2.63097075e+06 5.24256289e+04
 6.21376375e+05 4.72781953e+04 3.14013500e+06 3.56030742e+04
 5.28869750e+05 3.81171776e+08 6.21247188e+04 7.31966172e+04
 6.91011125e+05 1.02360358e+09 1.88858350e+06 7.54769766e+04
 1.92149047e+05 8.95634562e+05 5.92910977e+04 3.13479344e+05
 1.76132375e+05 2.90070025e+06 1.08384117e+05 1.79921523e+04
 5.49691992e+04 5.89151488e+09 3.68659438e+05 3.89983344e+05
 2.24884734e+05 5.30877500e+06 3.12188344e+05 1.41500527e+04
 6.73975625e+04 2.59641188e+05 2.57905297e+05 8.41846875e+03
 9.01811375e+05 1.71788828e+05 3.54426528e+08 1.08647141e+05
 6.86993920e+07 2.01104422e+05 1.12381625e+05 2.24444531e+04
 2.28628469e+05 1.31029038e+06 2.01193340e+07 3.16169312e+05
 9.68811125e+05 8.76627266e+04 2.42217000e+05 9.97915938e+05
 3.40366094e+05 9.57370234e+04 1.81885344e+05 5.22958203e+04
 1.16612250e+06 1.44258672e+05 1.47904312e+05 2.59990254e+04
 5.41299000e+05 7.22035625e+05 2.60555840e+04 2.76706525e+06
 2.83770250e+05 3.02387325e+06 9.76584250e+05 5.79044160e+08
 4.34508062e+05 1.91310000e+06 9.87317375e+05 1.38394891e+05
 1.83274368e+08 4.97417969e+05 3.91514102e+04 3.69977383e+04
 2.76224416e+08 1.99224062e+05 6.16745469e+04 7.58600547e+04
 7.75138062e+05 6.93549375e+04 2.14805840e+08 2.68969677e+09
 8.40964648e+03 2.74291738e+04 8.73950500e+02 1.73991816e+04
 3.15056000e+05 1.58832950e+06 1.87837825e+06 9.57832422e+03
 9.51441500e+05 1.11720100e+06 1.33470469e+05 1.58742112e+06
 5.97089875e+05 9.91992812e+04 4.89815771e+03 3.65080544e+08
 1.44137129e+04 4.10819875e+05 9.67120312e+03 7.79139922e+04
 6.49673867e+04 1.08673223e+04 2.58877828e+05 1.05227728e+08
 1.00034575e+06 1.02600615e+04 9.47290405e+02 6.40618945e+04
 1.14364031e+05 1.31297180e+07 1.61465527e+04 7.01453281e+04
 8.65218562e+05 1.73521531e+05 1.15485234e+05 6.75972803e+03
 2.22850453e+05 1.45717462e+06 1.46201008e+08 5.95833125e+05
 1.51732125e+05 4.86130127e+03 1.42726250e+05 3.21284625e+05
 1.86550734e+05 8.54799000e+06 5.49852461e+04 1.04753712e+06
 6.49231104e+08 9.25768066e+03 1.02949508e+05 4.51305469e+03
 1.43502157e+09 4.46651797e+04 1.34252406e+05 5.02252625e+05
 1.13533922e+05 1.02946504e+08 5.22859985e+02 3.21372562e+05
 7.16131188e+05 8.29473812e+05 1.34714703e+05 5.89365469e+04
 8.13893500e+05 2.31114500e+05 4.26886450e+06 1.95557225e+06
 2.83538000e+05 2.06301891e+05 1.18730688e+06 6.64160703e+04
 6.33812227e+04 7.46682959e+03 5.47483008e+04 1.57134859e+05
 1.16482367e+05 5.38189188e+05 3.42793656e+05 3.71709839e+03
 3.43036172e+04 3.86180475e+06 1.39467062e+05 6.83356562e+04
 1.37535162e+06 1.85377480e+04 1.40274812e+05 8.70901438e+05
 1.99395125e+05 1.59417838e+06 3.26857830e+09 7.22985596e+03
 4.00086125e+05 9.40469062e+05 1.93331116e+02 8.10052812e+04
 3.40063398e+04 1.92987734e+05 3.44022562e+05 4.22960062e+05
 8.75694629e+03 1.79972875e+05 7.21064795e+03 1.61304688e+05
 5.08692531e+05 1.89242240e+08 7.04818080e+07 1.25256219e+05
 3.38975664e+04 1.95197328e+05 2.23154528e+08 1.78778938e+06
 3.72650508e+04 4.39887402e+03 1.07595950e+06 1.62932549e+04
 1.69674043e+04 4.93176438e+05 5.70381133e+04 4.79166797e+03
 6.70321625e+05 2.78883223e+04 1.02905615e+04 8.98282891e+04
 2.16224469e+05 1.48359812e+05 6.73414893e+03 2.21064203e+05
 3.05311875e+05 1.74660641e+05 4.22233625e+05 1.85298200e+06
 5.03279219e+04 2.03692719e+05 4.16911344e+05 1.09082617e+05
 3.34776000e+05 6.19395875e+05 5.20351367e+04 2.45943850e+06
 2.08569172e+05 7.96973535e+03 1.77513984e+05 8.73340469e+04
 9.24910078e+04 7.53372344e+04 3.45338440e+07 1.02788023e+05
 5.06666500e+06 6.72569375e+05 5.10275450e+06 2.56065920e+08
 5.09177188e+04 2.80997871e+04 9.65550703e+04 5.62264102e+04
 3.05291150e+06 1.49338672e+05 1.49802500e+05 7.19377200e+06
 2.55693906e+05 4.31016641e+04 1.47898350e+06 4.76480000e+04
 9.87066328e+04 7.52998850e+06 1.69036906e+05 1.52117938e+06
 3.40532125e+06 2.08861838e+06 7.78028240e+07 4.98095020e+03
 6.35337402e+02 6.13231900e+06 1.23730312e+05 4.18499805e+04
 1.54694672e+05 5.00378656e+05 9.72208435e+09 1.26822797e+05
 6.66990938e+05 1.35494203e+05 2.40475430e+04 4.14231367e+04
 1.80036797e+04 2.29697775e+06 3.91591531e+05 8.29434766e+04
 7.19220688e+05 6.47650391e+04 9.61143938e+05 6.41353000e+05
 4.53065352e+04 3.27457625e+06 1.29661032e+08 2.75546950e+06
 4.02632617e+04 3.75406562e+05 1.80937859e+05 8.39897656e+03
 1.11484212e+06 5.91361719e+04 1.65237754e+04 1.33712200e+08
 1.38521500e+05 2.31385172e+05 8.69902344e+04 2.03884412e+06
 7.20865781e+04 7.48780078e+03 4.10206592e+08 1.12671850e+06
 4.66386938e+05 1.56977376e+08 1.41608417e+10 1.09272898e+05
 2.50704600e+06 1.09488055e+05 2.01759720e+07 1.16088570e+05
 1.67807598e+04 2.88535188e+05 1.33588891e+05 2.25430675e+06
 6.93490156e+04 3.70057438e+05 1.30804000e+06 1.30495047e+05
 7.87843920e+07 6.85772656e+04 3.74852812e+05 7.42969000e+05
 5.60017070e+04 1.85784900e+07 1.52621650e+04 2.66496031e+05
 6.95662000e+05 3.96056953e+04 2.13813700e+06 2.74419031e+05
 2.73918144e+08 3.62694781e+05 3.32629094e+05 3.61115156e+04
 5.60768600e+06 5.02229922e+04 4.82903750e+04 4.01924336e+04
 8.42527188e+05 3.81781197e+09 3.87948219e+05 3.20553625e+05
 4.69537050e+06 2.53789078e+05 2.56635859e+04 2.95144434e+04
 1.17174875e+06 3.77662852e+04 8.01678438e+05 1.58483188e+05
 1.34994924e+10 7.44220312e+04 1.51568877e+04 1.48006172e+05
 1.85507620e+07 1.01798200e+06 1.00259664e+05 5.36248164e+04
 1.52435953e+05 3.83205281e+05 2.40532700e+07 3.96164812e+05
 3.17188867e+04 3.87365664e+04 2.92218469e+05 1.08312512e+09
 8.89211816e+03 5.90128750e+06 2.40948562e+05 8.64897578e+04
 5.33112305e+04 1.19274258e+05 4.12180800e+08 3.35321997e+03
 1.78097578e+05 3.30219219e+05 3.88932406e+05 1.90253016e+05
 1.39988328e+05 1.09250781e+05 5.65958154e+03 2.24714121e+04
 8.28717422e+04 6.19301375e+05 3.83819458e+03 5.04037812e+04
 3.65077800e+07 1.07101273e+05 1.01454346e+03 2.10306688e+05
 4.53903094e+05 4.23203688e+05 7.00735450e+06 1.52919744e+09
 6.85839355e+03 2.62214125e+05 3.87915438e+05 7.49729766e+04
 2.86918574e+04 2.20447051e+04 3.62131372e+03 1.37883675e+06
 7.95991797e+04 5.26968125e+04 9.05201792e+08 2.31039406e+05
 3.07287066e+09 1.53029438e+06 6.51398987e+02 9.34356562e+05
 2.12895312e+05 6.47544850e+06 3.05533844e+05 1.58819422e+05
 5.06187383e+04 1.49722391e+05 3.60239961e+04 1.82097328e+05
 6.85068125e+05 2.29323164e+04 2.15970875e+05 6.56963000e+05
 9.38756445e+03 7.92423984e+04 4.38634531e+04 2.94929082e+04
 8.16572960e+07 2.41280203e+05 2.88927012e+04 3.06133750e+10
 2.58390176e+04 4.84652688e+05 1.10081188e+06 2.76958719e+05
 1.79497109e+04 3.16797728e+08 1.79675075e+06 1.92667219e+05
 3.47716844e+05 1.11948570e+05 1.02229288e+08 6.24924062e+04
 3.74446219e+05 9.10620312e+04 1.12094812e+05 5.11552930e+04
 9.97602969e+04 4.09202438e+05 9.31449219e+04 4.96480094e+05
 1.11857061e+04 1.89623945e+04 3.95448480e+07 3.76569938e+05
 3.24330293e+04 4.62784229e+03 1.12026195e+05 2.79723156e+05
 2.63805039e+04 3.49417250e+05 5.40138379e+03 7.95421719e+04
 5.59023680e+08 4.72595664e+04 2.84476031e+05 3.13724134e+09
 1.55001969e+05 1.80649707e+04 1.89051969e+05 2.09474156e+05
 1.16490766e+05 2.33959141e+05 4.23631812e+05 1.47649893e+04
 2.51993200e+08 7.19128950e+06 5.78686289e+04 1.22578242e+05
 8.08461084e+03 1.05315866e+09 5.60023188e+05 1.21208391e+05
 2.41042672e+05 8.48086938e+05 1.51891234e+05 2.43765478e+09
 4.12026500e+05 9.24017578e+02 1.42087490e+04 6.81712562e+05
 7.10927344e+04 2.97331594e+05 2.20490438e+05 1.62434212e+06
 2.31488711e+04 2.17223145e+04 5.82377000e+05 4.12609141e+04
 2.70373984e+04 3.10532125e+06 1.78377688e+05 4.29412844e+05
 3.11475950e+06 4.56655762e+03 2.85072051e+04 1.47743625e+05
 1.36134438e+05 1.61726172e+05 2.90793770e+04 2.55603457e+04
 1.74782224e+08 2.54954531e+05 4.30380240e+07 6.55095859e+04
 8.87325875e+05 3.45395742e+04 4.40433188e+05 3.71536312e+05
 2.37143135e+01 3.45791375e+06 2.66230918e+04 1.29029750e+05
 8.76138477e+03 5.03901375e+05 6.31156328e+04 6.09988892e+02
 1.06276516e+05 2.14944844e+05 4.51194297e+04 6.21191920e+07
 1.26170586e+05 7.07174000e+05 1.30514211e+05 2.32154125e+06
 2.77133969e+05 1.12905734e+05 1.75518938e+06 5.19357281e+05
 3.95260600e+06 5.35972617e+04 9.67203613e+03 6.52247754e+03
 1.15347336e+05 6.60773056e+08 2.71823413e+03 4.49208240e+07
 2.30524016e+05 3.02540312e+04 9.15064125e+05 2.96085531e+05
 1.76164006e+09 2.49729984e+05 3.34064023e+04 6.37259125e+05
 4.43597578e+04 8.95512969e+04 6.59668750e+05 9.14030391e+04
 9.80953562e+05 1.35824016e+05 4.27607281e+05 3.34514469e+05
 1.23918305e+05 4.05582325e+06 4.70567812e+04 6.72454375e+04
 5.72241328e+04 7.71050062e+05 2.10869625e+05 1.17234109e+05
 3.28900898e+04 3.69792600e+06 1.57220312e+06 7.84704250e+05
 1.19588359e+05 1.01261539e+05 5.06266281e+05 6.99528137e+02
 4.96662938e+05 1.12488166e+09 1.27633602e+05 2.73650898e+04
 2.88032793e+04 1.43263875e+05 5.45635688e+05 4.69477393e+03
 1.61855700e+06 8.61274121e+03 1.37232686e+04 9.28119062e+04
 5.46826000e+05 1.05276211e+09 1.92060312e+05 6.89714812e+05
 2.00985650e+06 2.27027325e+06 4.54986594e+05 3.44157550e+06
 3.00731232e+08 6.05541120e+08 9.83213281e+03 6.06108789e+04
 3.11528040e+07 1.33441438e+06 1.28227712e+06 3.48524365e+03
 9.95139584e+08 8.11538562e+05 4.51970562e+05 2.62090391e+05
 3.18249160e+04 3.61088156e+05 3.14357562e+05 3.67538164e+04
 5.94236865e+03 6.78866720e+07 1.39403125e+05 2.60597422e+04
 1.56162891e+05 1.36698562e+05 2.25196500e+05 5.47489188e+05
 4.51859750e+06 1.80297547e+05 5.29654688e+04 7.72881562e+05
 4.02254219e+04 1.99443418e+04 1.79691360e+07 6.56608750e+04
 4.93577062e+05 1.80388891e+05 1.60393391e+05 5.99925000e+04
 1.54026203e+05 1.36723438e+05 1.35167406e+05 1.61673359e+05
 7.34285625e+04 7.47370078e+04 3.35284531e+05 3.97810352e+04
 2.99549000e+05 5.85719922e+04 3.02088184e+04 1.21907158e+04
 3.19704312e+05 5.56868875e+05 6.80722450e+06 4.44196050e+06
 1.50085107e+03 7.87856172e+04 3.28547000e+05 4.10524000e+06
 2.13548344e+05 8.08471641e+04 1.47726682e+09 1.40926976e+09
 1.42217090e+04 1.50507250e+05 7.69236125e+05 2.11414219e+04
 1.79620300e+06 1.21617256e+04 1.95235039e+04 2.19888150e+06
 2.01906211e+04 3.07317625e+05 2.23767016e+05 1.08423789e+05
 1.10097672e+05 5.02647227e+04 4.08990898e+04 1.51232750e+07
 2.24627188e+05 2.02817234e+05 2.77422000e+05 2.82537000e+06
 2.17502391e+05 3.59128000e+07 1.64335156e+04 3.07502289e+01
 3.64522125e+06 5.17806312e+05 1.69375734e+05 1.37819438e+05
 5.17519844e+04 5.21657695e+04 1.23733050e+06 4.06311312e+05
 2.86176350e+06 3.85451055e+04 7.82829453e+04 2.32308070e+09
 1.95967588e+06 4.38104297e+04 5.33747383e+04 7.52737216e+08
 1.35582625e+06 5.52929180e+04 7.87377938e+05 4.78308900e+06
 1.48054203e+05 2.25918613e+04 4.85723086e+04 1.23431712e+06
 1.95236096e+09 2.99861594e+05 7.78900234e+04 1.02940352e+04
 1.93167203e+05 1.09582800e+06 1.68666531e+05 3.63812812e+05
 1.01260688e+05 1.40827609e+05 2.58344797e+05 2.03333219e+05
 5.07426560e+09 4.55103711e+04 1.44012338e+06 1.14691438e+05
 4.99409219e+04 3.93739844e+05 6.73273688e+05 4.55000406e+05
 1.84416875e+04 1.29266699e+04 4.46422100e+06 6.22546016e+04
 4.05363164e+04 4.52238477e+04 7.70065967e+03 9.37860234e+04
 2.42120645e+04 7.31717725e+03 1.79558900e+06 1.14766508e+05
 2.30588516e+04 1.70527125e+05 1.40472703e+05 2.46494025e+06
 2.11834199e+04 6.48159141e+04 1.40181812e+05 8.51773938e+05
 1.16359719e+05 4.23996602e+04 2.52125825e+06 7.64048688e+05
 4.05327938e+05 3.85767406e+05 1.76596125e+06 7.78873516e+04
 2.76299043e+04 2.54338562e+05 1.61287547e+05 3.00769969e+05
 1.65102328e+05 3.07163712e+08 1.13160586e+04 5.46088623e+03
 2.94061625e+05 2.49496250e+06 8.76387680e+07 8.07627031e+04
 7.41944688e+04 3.17338031e+05 1.74521000e+05 5.89108789e+04
 2.21904816e+08 1.87172850e+06 4.51199766e+04 6.53448062e+05
 3.08386150e+06 2.32142047e+05 2.29187609e+05 1.11627175e+06
 3.15821625e+05 2.16481758e+04 6.81741875e+04 9.79755859e+04
 4.67021656e+05 8.60326484e+04 3.10484031e+05 2.14335352e+04
 1.17364750e+05 8.81470625e+05 9.81562207e+03 9.36832000e+06
 1.71218625e+06 3.75586344e+05 4.26577888e+08 5.85643213e+03
 2.26729863e+04 3.08489297e+04 1.31394688e+06 1.61714238e+06
 1.02725862e+06 3.76405625e+04 1.08096675e+06 1.35985922e+05
 4.91175188e+05 1.61944516e+05 3.00079781e+05 3.06164719e+05
 1.34016104e+04 3.67087062e+05 2.75317160e+07 8.94772812e+04
 1.44603516e+05 1.00648164e+05 7.98042786e+02 1.89369763e+03
 3.05891200e+06 1.55680791e+04 2.39716156e+05 9.64367188e+03
 1.81802094e+05 4.47195616e+08 3.08098594e+04 1.16126242e+05
 4.26141312e+05 7.25541641e+04 5.44550562e+05 4.85178750e+04
 4.31834727e+04 5.95068176e+02 2.04530938e+06 6.37394938e+05
 3.91855562e+05 6.61993125e+04 2.87477070e+04 9.65118750e+04
 1.35800281e+05 1.25332412e+06 1.25851550e+06 6.29459414e+04
 1.00909619e+06 3.99491719e+04 4.36751850e+06 1.22482602e+05
 2.02014250e+05 1.96449828e+05 2.20677637e+04 1.44904859e+05
 6.38346625e+05 1.55910406e+05 4.28889969e+05 7.39368000e+08
 1.18466355e+09 6.72070938e+04 2.04809808e+08 4.89211758e+04
 1.67961499e+03 8.04290625e+04 3.09103008e+04 1.71835750e+05
 1.91458672e+04 3.62844781e+05 3.20465656e+05 1.13551422e+05
 5.80860850e+06 6.11624766e+04 7.37098438e+05 2.72284902e+09
 1.39619750e+05 4.57042812e+05 1.80559648e+04 4.06730719e+05
 1.16921711e+05 1.92494422e+05 5.34482227e+04 6.04431250e+05
 2.66123281e+05 1.49487047e+05 5.31078125e+05 6.48227250e+05
 1.66225875e+06 1.00424670e+03 5.35982375e+05 4.36268625e+05
 1.29583448e+08 1.99465219e+05 2.70098272e+08 4.37921500e+06
 1.13517000e+05 6.01439609e+04 8.09854640e+07 3.53286602e+04
 3.11677125e+05 3.91356188e+05 9.75949188e+05 4.81934720e+07
 3.42345430e+04 1.44256656e+05 2.26185719e+05 1.28971416e+04
 1.05283350e+06 7.46137969e+04 7.08491562e+05 2.86750675e+06
 9.12181875e+04 4.00160812e+05 2.59554797e+05 8.66141700e+06
 7.11575378e+02 1.59534125e+05 2.21860898e+04 1.06081078e+05
 1.58883965e+04 2.11202773e+04 1.21825088e+06 3.81068812e+05
 1.58536531e+05 3.78677617e+04 2.12425188e+05 5.80221312e+05
 2.72114893e+09 8.94068906e+04 1.60734150e+04 1.92836703e+05
 7.62816250e+04 5.37009938e+05 1.38583362e+06 4.26486438e+05
 8.99558976e+08 1.82372860e+07 5.35355188e+05 5.17108720e+07
 5.17063281e+05 1.11564305e+05 1.07030852e+05 2.76041344e+05
 6.58288672e+04 5.51560500e+05 1.67014362e+06 2.69227281e+05
 5.96376797e+04 3.65126914e+04 7.02456328e+04 1.40996641e+05
 3.17538188e+05 1.03098330e+04 3.33993656e+05 2.89549469e+05
 3.27397469e+05 1.08374953e+05 4.17244625e+05 6.28665586e+04
 1.45388406e+05 5.06408750e+05 1.20138896e+08 4.20419750e+05
 1.08276175e+06 7.22019312e+05 2.03780662e+06 3.55902969e+04
 4.19627488e+08 4.45193789e+04 1.21004406e+05 8.04496000e+05
 4.62589600e+08 4.87045531e+05 2.34760181e+03 1.09837139e+04
 1.67681075e+06 2.71889438e+05 3.45063531e+05 5.18906219e+05
 1.09747305e+04 1.01506123e+04 1.69558738e+06 3.73501325e+06
 6.24982422e+03 2.59747016e+05 2.61016641e+05 4.37812750e+05]
143032270.0
30613375000.0
