[3.11497281e+05 7.51135625e+04 1.13680039e+04 5.00489883e+04
 1.87397520e+04 2.85986312e+05 8.22539531e+04 1.80368862e+06
 1.40863200e+06 8.94747422e+04 1.55168828e+05 1.08916656e+05
 7.02372188e+05 2.13813887e+04 1.67200844e+05 1.27925010e+04
 2.73322500e+05 3.00130352e+04 9.13712562e+05 9.59058562e+05
 3.50353500e+05 1.22160148e+05 3.54859960e+07 1.90082078e+05
 4.34807812e+03 2.50336359e+05 2.90303200e+06 1.28218398e+05
 2.09897453e+05 3.57469719e+05 1.32924100e+06 5.41438250e+05
 4.38652906e+05 3.25909805e+04 3.52351312e+05 1.10628234e+05
 4.30647461e+04 1.61915844e+05 6.59555000e+04 3.17396992e+04
 3.46841975e+06 4.86818000e+05 2.27063562e+05 6.55689625e+05
 3.95230500e+05 4.14842090e+03 2.02371758e+04 2.49484912e+03
 8.65454062e+04 4.09453000e+06 3.29221797e+04 1.72684828e+05
 2.97812646e+03 4.04496750e+05 5.14906406e+04 9.04981738e+03
 1.48440516e+05 1.37948125e+06 7.79370375e+05 3.09217114e+03
 1.81698578e+05 3.65082375e+05 7.95535469e+04 9.24569336e+03
 2.84028770e+04 1.31945662e+06 6.92341328e+04 1.06373086e+05
 2.19647891e+05 1.76341312e+06 6.59559229e+03 1.60325922e+05
 1.11734453e+04 2.87111152e+04 3.25042383e+04 3.70812156e+05
 1.36027000e+05 9.68460703e+04 3.40661836e+04 5.98121150e+06
 2.48936230e+04 3.08891724e+03 2.41916660e+04 6.43545977e+04
 5.57006367e+04 2.89594400e+08 7.25932109e+04 6.59018047e+04
 7.34856953e+04 1.16777047e+05 4.54841914e+04 1.52255400e+06
 1.40245762e+04 8.96643250e+05 2.47474450e+06 7.96708281e+04
 1.07289586e+05 7.59551875e+04 4.29891219e+05 2.21388477e+03
 1.54943891e+05 1.33834625e+05 1.47163740e+04 2.44876844e+05
 2.05612156e+05 5.25728076e+03 3.29264766e+04 4.40528516e+03
 4.21413969e+05 5.15996953e+04 6.79077109e+04 9.85686562e+04
 8.60080176e+03 2.60855298e+03 6.95760000e+05 1.37749125e+05
 1.06858289e+05 9.86234062e+04 1.60472138e+06 7.22625391e+04
 1.79047766e+05 1.82966469e+05 2.84060906e+05 2.48487813e+10
 3.46792188e+05 1.42952207e+04 9.86296875e+02 6.94978359e+04
 1.48003188e+05 1.87239609e+05 1.44163562e+05 2.56039844e+03
 5.55530352e+04 3.14501270e+04 7.68770250e+05 1.34750203e+05
 5.44923688e+05 9.89448926e+03 4.05972383e+04 1.66759414e+04
 2.08153359e+05 4.63827031e+05 1.14862742e+05 1.45213242e+04
 2.20617703e+05 1.04436436e+04 3.03078828e+04 5.19969219e+04
 4.61244492e+04 7.39057734e+04 7.09077188e+04 1.55120328e+05
 4.95201523e+04 3.06850996e+04 1.79545797e+05 4.29197188e+04
 9.78667871e+03 1.44397212e+06 4.28484277e+03 1.00843610e+07
 1.26128150e+06 3.12653184e+04 8.91214062e+04 1.50624734e+05
 2.89235344e+05 1.93543398e+04 1.15960977e+05 1.32896375e+05
 5.40681523e+04 4.39353359e+04 9.51066895e+03 3.21486750e+05
 3.11222715e+04 4.48425508e+04 1.98801797e+05 2.33917000e+05
 8.61278984e+04 1.39360312e+04 2.79683531e+05 1.97317662e+06
 4.06036375e+05 3.67526440e+03 3.60711475e+06 1.87915328e+05
 7.69882764e+03 2.62852734e+04 5.42531520e+08 6.34697773e+04
 3.35640312e+05 1.99837539e+04 1.27635414e+05 1.76687141e+05
 1.80178613e+04 1.23509102e+05 6.77383062e+05 1.58637920e+04
 2.00029875e+05 4.91578750e+04 6.79927783e+03 5.55267188e+05
 3.31881484e+04 2.50344625e+05 1.70965016e+05 2.90917168e+04
 1.23631000e+06 1.32801210e+07 3.01148320e+08 1.54231738e+04
 7.49113623e+03 1.11553016e+05 1.09624516e+05 1.42242031e+05
 2.70399980e+04 6.63009531e+04 1.25147047e+05 2.22256055e+04
 1.58863734e+05 7.18709180e+03 8.41447344e+04 1.89808438e+04
 6.90274688e+04 5.70011328e+04 2.05095645e+04 3.43707625e+05
 3.68900469e+05 1.80325645e+04 5.44417188e+05 2.73060508e+04
 3.68402891e+04 2.38675703e+05 2.34117156e+05 5.37302031e+04
 5.33513164e+04 6.22327852e+04 1.36680244e+04 3.94290688e+05
 5.03723477e+04 1.17335889e+04 6.20659570e+04 1.24371680e+04
 3.02838828e+04 2.17049487e+03 5.83095742e+04 2.23178703e+05
 4.80495312e+04 4.46490156e+04 1.78697688e+05 5.16175812e+05
 3.95328477e+04 7.75518100e+06 3.39965469e+04 1.95993547e+05
 7.81513828e+04 6.17124609e+04 5.89646582e+03 1.12745133e+05
 5.23030234e+04 6.79805859e+04 8.59293438e+04 2.53819609e+05
 6.74638250e+06 8.86749766e+04 4.52161000e+05 5.99465820e+04
 4.40296406e+04 4.07878789e+04 1.01019508e+05 5.46259250e+05
 1.29532237e+09 4.68251875e+04 5.47579141e+04 1.76036734e+05
 6.76118984e+04 2.09319141e+04 4.23389805e+04 2.87600312e+05
 7.76177625e+05 4.07475438e+05 2.24544883e+04 2.45633625e+06
 1.08175703e+04 5.60839562e+05 6.36308828e+04 1.21365891e+05
 6.34822031e+04 1.14848305e+05 1.36664922e+04 2.07075484e+05
 1.90231348e+04 3.38425156e+05 3.22688300e+06 2.87387793e+03
 7.25071953e+04 2.08719438e+05 2.04842578e+05 1.36478682e+04
 9.48504141e+04 2.39921984e+05 4.58484719e+05 5.71683328e+08
 1.04828109e+05 8.73205664e+03 4.82604375e+05 1.11017050e+06
 2.73620188e+05 1.59466470e+07 2.89910625e+04 7.38182625e+05
 1.77870840e+04 1.83641772e+03 7.50794678e+03 4.24959961e+04
 1.42372575e+06 4.07008320e+04 4.83095605e+03 1.88321438e+05
 6.17856250e+04 2.61880547e+05 4.30993594e+04 7.06724250e+05
 8.07740625e+04 9.70742812e+05 4.00369312e+05 1.02882898e+05
 3.16610031e+05 4.71598398e+04 5.23272812e+05 4.06924219e+04
 1.45141031e+05 1.88336469e+05 9.10180859e+03 3.99797773e+04
 6.25355195e+04 2.06926543e+04 7.71545000e+04 1.15879742e+05
 3.39310303e+03 4.15659336e+04 9.62652625e+05 5.04515967e+03
 3.04820320e+08 2.63399980e+04 4.09185406e+05 4.75765531e+05
 7.79310703e+04 3.18523853e+03 4.51041523e+04 7.61174312e+05
 7.07087500e+04 9.21999297e+04 2.54729844e+04 6.77134700e+06
 2.74649463e+03 1.01205094e+06 1.13784891e+05 9.45404531e+04
 2.15841656e+05 1.25030477e+09 2.41831766e+05 7.02624531e+04
 2.62972125e+05 1.44952594e+05 5.73977539e+04 5.90609961e+03
 2.92688125e+05 5.61676500e+05 3.02147383e+04 1.76331367e+04
 5.08120125e+05 2.36178438e+05 7.33356438e+05 3.23837156e+05
 1.89314912e+06 1.80075664e+04 1.34222922e+05 2.10408900e+06
 4.82205938e+05 9.12864562e+05 1.86793379e+04 2.70923574e+04
 1.10311383e+05 2.13297250e+05 4.65581062e+05 7.49204844e+04
 3.42786890e+03 1.35069844e+04 2.83544277e+04 4.46393438e+04
 2.16939746e+04 2.82896250e+05 5.16699344e+05 4.99461250e+04
 4.76388633e+04 3.07593379e+04 1.25441602e+05 5.06294886e+09
 3.98694023e+04 1.05011050e+06 1.40117984e+05 2.15628547e+05
 1.39560078e+04 4.34827578e+04 2.78553979e+03 2.15194414e+04
 7.27305750e+05 3.33370820e+04 4.50126797e+04 3.34697773e+04
 1.40026300e+07 3.87933594e+04 7.39741797e+04 1.57483547e+05
 5.45572266e+04 5.50075098e+03 8.46164141e+04 3.26773299e+09
 4.30653984e+04 3.75333594e+05 2.53583125e+05 1.34016188e+05
 4.51967656e+04 9.26377656e+04 7.12850234e+04 2.77688406e+05
 6.35222148e+04 1.18916742e+05 3.81333125e+04 6.86172754e+03
 7.66712062e+05 2.92820938e+05 2.19723016e+05 3.59130375e+05
 1.55487334e+04 2.71438125e+05 4.32248008e+04 9.38365625e+04
 1.70401312e+05 4.03300977e+04 7.34694688e+04 2.66378438e+05
 7.57797266e+04 1.73804516e+05 2.74563094e+05 6.02349125e+05
 2.67109180e+03 4.47240967e+03 2.69101816e+04 2.80241367e+04
 4.13210719e+05 6.45821484e+03 5.27294922e+04 3.29285775e+06
 3.73758688e+05 1.90522238e+06 4.26757695e+04 5.63609883e+04
 1.40865000e+05 4.25383438e+05 1.20114900e+06 1.06618213e+04
 2.12151367e+04 1.06806934e+04 6.39372812e+04 3.11324658e+03
 5.41629562e+05 8.15210144e+02 1.46401438e+05 3.08185176e+04
 1.74799734e+05 7.90797578e+04 3.04322094e+05 3.75497750e+05
 6.23706094e+04 9.94050781e+04 2.75440059e+04 1.29688117e+05
 1.62463301e+04 8.49667344e+04 1.89135977e+04 4.24078398e+04
 1.86182672e+05 2.27782898e+02 1.54117920e+04 3.63672192e+03
 5.31598359e+04 2.85364094e+05 1.00737103e+03 3.37996250e+05
 1.89237676e+04 2.00156828e+05 1.27200010e+04 5.82548047e+04
 2.71012383e+04 3.15259316e+04 6.10002002e+03 3.26072729e+03
 3.51586062e+05 3.95258000e+05 1.42137451e+04 2.97770875e+05
 2.72863574e+04 4.75909406e+05 5.71236438e+05 2.69047852e+04
 5.30788086e+04 1.21940941e+09 1.44655273e+04 7.08084717e+03
 4.10031250e+03 1.50974014e+04 1.41093750e+04 2.46816289e+04
 4.36836182e+03 2.08783297e+05 6.16337969e+04 6.84189500e+05
 1.34219797e+05 1.22490406e+05 3.75170875e+05 8.87102734e+04
 2.41929531e+04 5.52870438e+05 5.57422227e+04 2.99756836e+04
 5.12646531e+05 1.46670078e+05 8.70228047e+04 3.23689875e+05
 3.61334102e+04 1.03615442e+03 6.74934033e+03 5.67906914e+04
 2.21366357e+03 5.02108188e+05 4.63010693e+03 3.95451953e+04
 2.85378281e+05 3.90850844e+05 8.45720781e+04 4.58998389e+03
 3.05582094e+05 7.44658938e+05 9.06837793e+03 3.65745000e+04
 7.65585449e+02 1.18203398e+04 2.25448688e+05 4.90588242e+04
 2.39141450e+06 2.35073141e+05 1.99302109e+05 3.00041621e+04
 6.98220781e+04 2.56700000e+06 8.61381641e+03 4.56324688e+04
 2.11113574e+03 5.07029531e+04 6.36841992e+03 1.40539758e+03
 3.24373781e+05 1.22460969e+05 2.28694800e+03 1.52607484e+05
 8.36610547e+03 1.41972906e+05 2.70221021e+03 8.66690703e+04
 3.28385625e+04 1.50909326e+04 2.30576426e+04 2.77706211e+04
 3.25162125e+06 1.00065969e+05 4.38864922e+04 1.66465371e+04
 3.82004805e+04 7.14955547e+04 2.21045406e+05 1.83223164e+04
 7.89054250e+05 1.00988930e+05 5.08518500e+05 3.70271250e+05
 4.89164844e+04 2.88626156e+05 3.03401855e+04 2.80613750e+04
 4.72373281e+04 2.63010859e+04 3.53314750e+05 7.12359082e+03
 1.16465492e+05 1.43382953e+05 7.05008312e+05 3.59846875e+05
 7.08105859e+03 3.14718323e+02 2.88740656e+05 1.51310742e+04
 2.74703650e+06 6.68594141e+04 3.43439240e+02 4.46879834e+03
 4.57745234e+04 5.20361172e+04 1.21766318e+04 2.90944941e+04
 4.81270430e+04 4.61094500e+05 3.64752695e+04 9.88967109e+04
 4.43853156e+05 3.81855312e+05 1.27751062e+05 6.53499805e+04
 7.92877000e+05 5.22439281e+05 3.10086675e+06 1.55415781e+05
 4.93477344e+04 1.69741062e+05 1.25959172e+05 1.57872529e+04
 6.35793062e+05 1.70147285e+04 5.53646062e+05 3.15732383e+04
 5.27486797e+04 5.77199453e+04 8.19835875e+05 9.00025977e+03
 6.48603188e+05 2.61224812e+05 8.27393672e+04 7.88769629e+03
 6.20747070e+03 2.41712061e+03 6.71538906e+04 1.35706500e+05
 2.13028141e+05 4.74679727e+04 2.30879961e+04 6.86981719e+04
 1.58032375e+06 5.73781094e+04 1.24575344e+05 4.36770562e+05
 1.32276953e+05 2.97182402e+04 5.18727227e+04 5.46632324e+03
 1.69063719e+05 1.29596977e+05 5.15718031e+05 1.36376719e+05
 8.73848516e+04 1.19238938e+06 6.47860250e+05 2.53110498e+03
 1.52874641e+05 3.43853438e+05 7.21250312e+04 2.78872109e+04
 1.42092998e+04 2.33826133e+04 6.30011602e+04 3.55310859e+04
 3.38928375e+05 4.13395075e+06 3.06438425e+06 1.05346602e+04
 1.75946438e+05 4.57275898e+04 2.96697406e+05 5.03266375e+05
 1.00191367e+04 4.40601836e+04 4.42464594e+05 9.62814812e+05
 1.01207139e+04 5.44978369e+03 3.09278062e+05 3.18490540e+02
 2.48468391e+05 3.12407129e+04 1.07322471e+04 1.99247862e+06
 1.23854651e+03 5.32429492e+04 5.46615664e+04 1.06338820e+05
 5.39540375e+05 1.91131172e+04 1.76241543e+04 8.77273340e+03
 9.18340062e+05 6.13456992e+04 4.29412109e+04 2.02909180e+04
 5.40125117e+04 3.59517188e+04 5.20163965e+03 5.97465088e+03
 1.21019938e+05 2.91938145e+04 1.38431973e+04 2.25580422e+05
 4.77810664e+04 9.02550977e+03 6.49366289e+04 5.41975781e+04
 4.63428359e+04 1.96632422e+05 9.13674062e+04 2.24734016e+05
 2.40881688e+05 1.61760732e+04 9.25937402e+03 5.36885938e+03
 8.93207812e+03 5.94722148e+04 3.73397539e+04 2.59491281e+05
 2.33855410e+04 3.54666133e+04 3.49895969e+05 1.13857025e+06
 4.99199297e+04 1.26336039e+05 3.87087000e+05 7.87716992e+03
 4.50216797e+04 3.95319550e+06 1.94678438e+05 1.50597031e+05
 5.87318066e+03 1.50099111e+04 5.34572734e+04 8.28201641e+04
 1.59975388e+06 8.30320117e+03 7.60039125e+05 3.07735547e+04
 6.69411484e+04 2.06420656e+05 9.76119100e+06 8.54929188e+05
 6.21442031e+04 2.01967715e+04 1.03267094e+05 8.65080078e+04
 7.86503223e+03 7.65746826e+03 6.12554297e+04 5.93834258e+04
 6.05762988e+03 1.09825070e+05 1.38084862e+06 8.37467422e+04
 9.84833203e+04 1.27631836e+04 4.81115430e+04 5.91561914e+04
 4.47362422e+04 1.72108359e+04 1.72892875e+05 2.73130031e+05
 7.12872344e+04 3.54107495e+03 6.36016250e+05 3.14269082e+04
 2.99765800e+06 7.27526172e+03 6.62568281e+04 4.82567695e+04
 5.27022949e+03 1.63815063e+03 6.07230742e+04 5.17698984e+04
 4.79688125e+04 3.09779594e+05 1.45242041e+04 1.04002648e+05
 2.99707812e+04 4.66028700e+06 9.38697438e+05 1.91230042e+03
 8.48803613e+03 1.74177312e+05 1.39884014e+04 1.68817594e+05
 5.74060742e+04 7.56661562e+04 8.65867062e+05 1.38333625e+05
 6.88161875e+04 1.72529234e+05 1.72050297e+05 1.93432047e+05
 3.30466975e+06 1.83973203e+05 7.71947938e+05 2.00727559e+04
 1.42808105e+04 2.25592383e+04 2.97419688e+05 1.04076143e+04
 9.41227417e+01 9.09825875e+05 6.42783047e+04 1.48372109e+05
 1.44677725e+06 8.85349548e+02 2.04710578e+05 1.48318047e+05
 1.00070500e+05 1.27590078e+05 1.88136312e+05 6.79065125e+05
 3.55184375e+04 9.04703027e+03 9.22163828e+04 3.79184570e+04
 1.06860195e+05 8.85520938e+04 1.94576781e+05 6.53301289e+04
 1.02619102e+04 3.67322773e+04 4.21190094e+05 1.45151266e+05
 1.04364719e+06 3.62731812e+05 1.29471699e+04 3.64544375e+04
 1.62688412e+06 1.36025098e+04 2.93568719e+05 1.68087637e+04
 4.40972266e+04 7.59352656e+04 8.17216250e+04 4.49981812e+05
 2.85399062e+04 9.02599062e+04 4.24425273e+04 2.45398128e+08
 8.06488330e+03 2.22841602e+04 8.44493562e+05 4.46519727e+04
 2.95992375e+05 4.81984766e+04 1.11943672e+05 1.06878700e+06
 2.03981578e+05 1.08590150e+06 1.00933681e+06 4.43410117e+04
 2.33541275e+06 8.34505156e+04 3.94741100e+06 1.86517709e+09
 1.57057168e+04 2.28596031e+05 1.57648594e+04 2.26887285e+04
 4.84304094e+05 6.40307930e+04 1.37842500e+05 3.60239883e+04
 4.13183031e+05 1.24693250e+05 2.14401188e+05 3.61921469e+05
 3.15851621e+04 3.63006211e+04 4.42369238e+03 1.75617432e+03
 1.55505078e+04 1.85392984e+05 7.22753203e+04 4.72542469e+05
 1.24154570e+04 3.82205908e+03 1.94626412e+06 4.74652062e+05
 8.13842188e+05 9.51079922e+04 2.42663625e+05 2.18116875e+04
 9.08025781e+03 3.62928516e+03 3.30077120e+08 8.64328984e+04
 4.58773389e+03 1.74006387e+04 3.36606875e+05 7.64587656e+04
 5.63068359e+04 1.65713613e+04 1.20622633e+05 2.57516406e+04
 3.13266357e+03 5.30728125e+03 7.12577664e+08 1.27167150e+06
 6.55169238e+03 9.48819000e+05 2.95618203e+04 8.98070781e+04
 2.34445703e+05 1.16772695e+04 7.22493438e+05 8.20747168e+03
 2.83171938e+05 1.95367793e+04 3.89587378e+03 2.71620996e+04
 1.64849234e+05 1.16334873e+04 6.34964938e+05 3.58988800e+08
 4.02209805e+04 1.90061203e+05 1.69943281e+04 8.54660700e+06
 2.81046344e+05 4.80289888e+08 2.45714434e+04 4.36436680e+04
 5.06310195e+04 2.27331738e+04 4.53318438e+05 1.93118297e+05
 1.97362754e+04 2.48011641e+04 5.03058633e+04 1.50751547e+05
 1.27637275e+06 2.02321621e+04 3.14047632e+03 7.07638281e+04
 3.17500996e+04 2.54322156e+05 1.24135445e+05 1.53814516e+05
 2.93251230e+04 5.09969961e+04 3.25429750e+05 5.75866650e+06
 5.95464805e+04 1.75715312e+04 1.26848133e+05 5.19769750e+05
 1.42838223e+04 2.11299727e+04 3.81981641e+04 4.09150742e+04
 5.51485977e+04 1.77660984e+05 5.32984766e+04 1.35319500e+05
 1.81054453e+05 3.22608862e+03 4.44004406e+05 4.93400391e+04
 9.83889688e+05 1.00854602e+05 4.10230352e+04 8.24504844e+04
 8.20064766e+04 6.07551055e+04 3.43954609e+04 7.22045469e+04
 3.05018575e+06 1.97675250e+05 4.88132281e+05 5.00294040e+07
 1.20097459e+09 9.05301270e+03 1.77177516e+05 5.45971625e+05
 1.05873703e+05 3.98599258e+04 2.84160586e+04 4.85046944e+08
 8.19876250e+05 1.38137350e+06 2.20308145e+04 6.09825000e+04
 8.94939355e+03 6.90266094e+04 3.32864023e+04 4.04291641e+04
 3.75037793e+03 7.10263438e+04 1.72082324e+04 2.29596766e+05]
