[3.57071906e+05 2.90572402e+04 7.97755615e+02 9.29699898e+00
 2.07442938e+05 3.38278992e+02 3.82190399e+02 1.24183117e+05
 4.76464766e+04 4.66964258e+03 1.88531426e+04 8.67416602e+03
 2.02640295e+03 1.78299609e+04 2.64025903e+03 4.47877578e+04
 2.55920453e+05 4.59254727e+04 1.41279484e+05 6.08065918e+02
 5.65525312e+04 2.06523300e+02 1.40356888e+02 1.80595875e+05
 1.05692436e+02 3.74022412e+03 1.35830825e+06 4.09181328e+04
 1.27147881e+02 3.47865352e+04 1.10737952e+03 2.80891348e+04
 1.83297156e+03 1.49037607e+04 9.57974121e+03 2.62820129e+02
 2.55656299e+03 4.56835469e+04 5.33739380e+02 9.26173889e+02
 5.34746445e+04 7.88273359e+04 3.84398125e+04 1.62396680e+03
 5.30349727e+04 1.63462842e+04 3.49084258e+04 1.08896790e+03
 5.86357695e+04 1.87643298e+03 7.90278467e+03 9.41719238e+03
 8.91293716e+01 9.82221875e+03 5.30851402e+01 3.70410571e+03
 1.58744873e+04 2.09246719e+04 3.65319297e+04 2.78456055e+02
 1.56623203e+05 1.98435250e+05 1.67573657e+03 1.06806519e+03
 5.21167090e+03 1.02171570e+03 2.99479248e+03 6.92969116e+02
 1.05363682e+04 4.97205273e+03 2.13024878e+03 3.02358672e+04
 3.68276416e+03 8.04892029e+02 1.36051477e+03 3.23636562e+04
 6.18561484e+04 2.57522335e+01 2.36611572e+03 1.62401625e+06
 2.71407656e+04 1.13225889e+04 1.33535205e+04 1.95047578e+04
 2.54838027e+04 1.02814180e+04 5.30928421e+01 1.98366934e+04
 3.78606354e+02 2.23565844e+05 8.40338359e+04 6.88737891e+04
 7.93035522e+02 2.00371814e+03 1.92985475e+06 9.42540918e+03
 4.70181328e+04 6.03005737e+02 4.07470874e+03 1.00412323e+02
 3.53896797e+04 1.10707130e+01 1.05103157e+02 2.35854648e+04
 5.82898474e+00 2.74990186e+03 7.93385596e+03 4.30355420e+03
 4.15513398e+04 1.06061752e+02 7.81141455e+03 1.04921035e+04
 8.87551880e+02 4.82036163e+02 2.83344043e+04 6.34377384e+00
 5.13241768e+00 1.39734625e+05 7.41170469e+04 1.70380078e+03
 1.96197484e+05 1.06153833e+03 9.85250586e+03 1.30659250e+05
 3.99154346e+03 3.80382104e+03 1.14701455e+04 3.30957695e+04
 7.46340322e+00 3.92652070e+04 4.96879346e+03 2.50755981e+03
 7.07814713e+01 3.14772583e+03 3.14625000e+02 1.95632676e+04
 4.00953711e+04 1.04401895e+04 1.92230645e+04 6.44749961e+04
 8.72711468e+00 1.28966898e+05 7.66049922e+04 6.73879318e+01
 1.62872500e+05 1.61138013e+03 8.99025085e+02 6.91880859e+02
 2.59555449e+04 5.13186250e+04 1.27544141e+03 1.10149854e+04
 2.18940182e+01 4.03619102e+04 3.33108164e+04 1.80365860e+02
 8.88919652e-01 3.76474316e+03 2.05006317e+02 7.20819609e+04
 2.00165955e+03 8.29588379e+03 7.01724060e+02 3.37407990e+01
 1.72649060e+03 4.47958438e+04 5.45898359e+04 4.30788086e+04
 1.84455312e+04 1.27914891e+05 1.54765586e+04 3.16254150e+02
 8.69369141e+02 3.64869570e+04 1.51352451e+04 6.78118906e+04
 3.17687539e+04 1.33218176e+03 3.65655625e+04 3.47476969e+05
 2.56687547e+05 1.36362827e+00 1.77587712e+06 8.84183047e+04
 2.54859802e+02 5.19031128e+02 9.41314844e+03 2.31061996e+02
 6.18720508e+04 8.18001330e-01 9.32046094e+04 2.04276962e+01
 4.98590771e+03 2.35573359e+04 6.67708750e+05 2.44322796e+01
 2.35558569e+03 3.19408750e+04 6.62247217e+03 3.45487573e+03
 8.44852844e+02 5.14397998e+03 1.68949219e+04 7.15121094e+02
 3.49230981e+03 1.21110450e+06 3.21018823e+03 1.14556934e+03
 2.87720242e+01 2.53916816e+04 1.61789297e+04 2.25100537e+03
 5.66475049e+03 2.10102344e+03 4.10384375e+04 1.42598701e+00
 3.76179727e+04 1.71635791e+03 1.89361219e+05 3.53864517e+01
 2.09477554e+02 1.12797178e+04 1.17247124e+02 6.11624312e+05
 9.51037347e-01 2.49801484e+04 3.28850156e+04 2.40707827e+00
 4.54976953e+04 1.69893774e+03 2.29683730e+04 2.13152905e+03
 7.99775195e+03 2.82087476e+03 1.54216572e+04 1.85918484e+05
 5.53843945e+04 1.92156519e+03 5.65492920e+03 8.37621460e+01
 1.82292715e+04 2.39028430e+00 3.95352688e+05 1.12933039e+05
 1.47662725e+04 1.42831891e+05 2.39446094e+04 2.28623367e+02
 8.83719766e+04 1.06841975e+06 7.21662712e+00 1.47762097e+03
 6.60853955e+03 1.75207898e+03 2.88491154e+00 4.56652500e+04
 6.37588164e+04 7.06066260e+03 5.31828552e+02 1.62319414e+04
 1.04810906e+05 1.03195445e+05 4.85429726e+01 1.12587686e+04
 2.04000763e+02 1.44258228e+03 4.48151367e+03 5.95906875e+04
 1.08112051e+04 2.59835352e+03 3.38106323e+03 1.26513203e+05
 4.02705938e-01 2.33484199e+04 2.96522031e+05 3.85164941e+03
 4.88092676e+03 3.10452219e+05 9.35569859e+00 7.50481688e+05
 1.98791367e+04 3.84776953e+04 1.39421455e+04 2.14554395e+03
 2.10718506e+03 5.95017395e+02 1.24442803e+04 4.20311719e+04
 4.12014069e+02 1.14278477e+05 8.22666250e+05 1.80652480e+04
 3.85014313e+02 4.45494751e+02 4.38351288e+01 2.55489805e+04
 3.79454648e+04 1.68575406e+05 1.78536141e+05 1.02051523e+04
 2.33263962e+02 2.60319972e+00 1.29504148e+05 5.24921000e+05
 1.92338525e+03 3.54234188e+05 2.62780605e+04 2.68714594e+05
 4.36468649e+00 1.88541821e+03 4.48409668e+03 1.32926807e+04
 1.82415747e+03 2.03587500e+04 1.83391445e+04 7.82507849e+00
 8.13795020e+03 1.82893481e+03 1.08226885e+04 2.00386531e+05
 8.18984451e+01 1.20616785e+03 3.46350220e+03 1.43959062e+04
 2.27139531e+05 2.79565664e+04 9.62389812e+05 7.79289795e+02
 1.44682465e+01 6.93724062e+04 7.15119727e+03 1.40778232e+04
 6.43663177e+01 3.18141309e+04 5.18802109e+04 5.71217725e+03
 9.51354187e+02 7.65390701e+01 3.44312109e+04 1.98370488e+04
 3.97192344e+04 7.60626316e+00 4.18749062e+04 2.30550172e+05
 2.74357930e+04 5.60228906e+03 6.84794128e+02 1.53928345e+03
 4.31987625e+05 2.73391333e+03 1.48795297e+05 1.68556504e+04
 1.94494297e+04 2.54756094e+04 7.21303594e+04 1.86258984e+03
 8.36432617e+03 4.73403955e+03 5.57672386e+01 6.52004337e+00
 2.30498608e+03 4.00281219e+02 3.10625750e+05 4.44918299e+00
 3.74265977e+04 2.04715625e+06 1.29968398e+04 2.05520020e+04
 6.66786743e+02 1.01113531e+05 7.78430713e+03 2.72959961e+03
 2.13405175e+06 2.15748000e+00 1.99121304e+01 1.42578574e+04
 1.09701152e+04 1.65345723e+04 3.10663110e+03 1.08697686e+04
 2.61904150e+03 5.63594873e+03 4.64158057e+03 9.05794922e+03
 3.11218579e+03 1.38840918e+03 4.20066250e+04 6.05193203e+04
 1.33132172e+05 3.45546914e+04 1.02519578e+05 1.50208936e+04
 1.24765938e+04 2.44474375e+04 3.75375586e+04 1.10304932e+03
 4.00938660e+02 5.67364375e+05 4.09706787e+03 1.52970068e+04
 3.01677551e+01 7.19156250e+04 1.88273164e+04 4.40150342e+03
 1.02599707e+03 7.01301880e+02 1.20486289e+04 3.98421875e+04
 1.47030860e+07 1.42518347e+03 4.72549609e+04 7.36366260e+03
 1.84608562e+05 3.54593516e+04 3.88529492e+04 2.35744492e+04
 3.95845654e+03 9.92704375e+04 1.10637021e+04 6.62152710e+01
 4.53590352e+04 1.38366501e+02 1.96022129e+04 6.28387878e+02
 4.66300273e+04 2.04972617e+04 1.40411670e+04 7.11258057e+03
 3.55913625e+05 1.72777578e+04 8.38383105e+03 1.11493336e+05
 4.65708862e+02 5.43285125e+05 1.70438708e+03 7.63254150e+02
 1.78310242e+03 4.13573047e+03 1.15622617e+04 2.28365540e+02
 5.27606211e+04 4.46264191e+01 2.52503164e+04 4.07619492e+04
 1.07430984e+02 1.44988506e+04 1.02408643e+04 6.25490898e+04
 5.05869922e+04 1.80302266e+04 1.05697012e+04 1.83170275e+06
 8.33676376e+01 1.25761984e+05 7.72404053e+02 1.01022031e+04
 5.12827832e+03 2.89083423e+03 3.76022500e+04 1.82129712e+03
 8.67143203e+04 3.62910767e+02 9.95165710e+01 4.05514038e+02
 6.07338013e+02 1.26104240e+02 1.04722656e+05 5.10851172e+03
 2.82153174e+03 2.31165422e+05 6.32899375e+04 1.63492559e+04
 2.36603491e+03 1.28133881e+02 1.04484627e+02 5.70774109e+02
 7.02399353e+02 7.48270654e+03 2.34305391e+04 1.83972382e+02
 7.88306458e+02 8.91999219e+03 2.91519082e+04 3.14719727e+04
 2.53905762e+04 4.03862366e+02 2.47397754e+04 1.40622849e+02
 2.84896621e+04 3.06046465e+04 9.28876875e+04 7.09270569e+02
 2.27907062e+00 2.02465312e+04 7.53238438e+04 1.69433613e+04
 1.88335815e+02 6.56300188e+05 2.36965027e+02 3.38247500e+04
 7.06738037e+03 5.49559375e+04 1.61368818e+04 4.92434549e+00
 5.41402295e+03 7.06066437e+01 1.86242461e+00 7.73409531e+04
 5.65740234e+04 2.47923906e+04 9.44556152e+03 5.16899536e+02
 2.73840000e+04 4.19554138e+01 1.79502910e+04 1.61982594e+05
 4.13707719e+05 3.80436094e+04 8.46980000e+04 5.29542627e+03
 2.49952266e+04 3.35575125e+05 2.92003235e+02 1.03376541e+01
 1.60848031e+05 1.23181113e+04 3.82952075e+03 1.17673773e+05
 1.68689414e+04 5.95452246e+03 1.34514359e+02 7.64017181e+01
 9.81070801e+03 7.85118652e+03 7.96498877e+03 3.15654434e+04
 3.43656680e+04 6.14755781e+04 2.08669052e+02 6.58515625e+04
 6.34589050e+02 1.02644325e+06 5.54929443e+03 3.35522729e+03
 7.71143436e-01 1.13142746e+02 1.91820175e+02 1.51226349e+02
 7.48499512e+03 2.04598359e+04 2.70668770e+04 1.67673004e+02
 4.52656445e+03 4.78209031e+05 6.97162659e+02 1.41938672e+03
 2.68283051e+02 8.18148315e+02 1.76356161e+00 2.82000641e+02
 2.66742781e+05 3.87294434e+03 1.38671025e+04 1.59612231e+03
 9.29939453e+03 4.58550898e+04 9.89761710e-01 1.45240662e+03
 5.28060430e+04 6.29050244e+03 7.53149922e+04 2.56203750e+04
 1.84827328e+05 8.03431250e+04 1.70223541e+01 2.50149785e+04
 4.93698608e+02 2.11925964e+01 7.07937969e+04 1.96606719e+04
 8.31458438e+05 3.37957104e+03 7.02837188e+04 1.86684707e+04
 3.20158750e+04 1.38927438e+05 1.98309192e+03 2.27198807e+02
 4.72681953e+04 6.26667285e+03 6.21688135e+03 7.13440918e+03
 5.62833838e+03 7.53433008e+03 9.70834351e+00 8.37523730e+03
 9.52144958e+02 1.31910293e+04 1.11530498e+04 2.00281219e+01
 7.80455234e+04 5.26364375e+04 2.59669678e+03 3.84244156e+00
 2.22761078e+01 1.92219070e+02 2.70369121e+04 3.72343945e+04
 6.50790234e+03 8.80283752e+02 2.50408081e+02 3.44016836e+04
 1.51171936e+02 1.10379189e+04 5.70599561e+03 4.52906299e+03
 9.59390234e+03 1.92272016e+05 2.58367156e+05 2.22632251e+03
 3.92928271e+03 4.79144379e+02 3.59375391e+04 6.03655420e+03
 7.22302637e+03 1.78886922e+05 2.02486133e+04 5.13540088e+03
 5.08888574e+03 7.91454315e+00 4.81420264e+03 1.27076888e+00
 4.31521758e+04 2.50164355e+03 3.52195000e+04 8.47478180e+01
 6.37163945e+04 1.50228359e+04 2.60102363e+04 4.17515430e+04
 7.41398382e+00 3.21132104e+03 5.40463623e+03 1.11014014e+03
 2.86298250e+06 3.87174976e+03 5.03456201e+03 2.89149500e+05
 8.11410950e+02 8.18166797e+03 6.25513672e+03 4.00516445e+04
 1.16885127e+04 4.53620752e+03 2.74995850e+02 2.97745850e+02
 7.98101196e+01 1.57461738e+04 7.20327576e+02 1.62360376e+03
 3.47249883e+04 3.80643125e+05 4.03599688e+04 1.52423945e+04
 5.29263320e+04 4.23511094e+04 5.91012256e+03 4.46781433e+02
 1.34102234e+02 4.28413965e+03 3.23998975e+03 1.84389219e+04
 2.78809214e+00 1.02833609e+05 7.03752881e+03 9.17564844e+03
 7.07114105e+01 5.46086797e+04 7.74072266e+03 1.60966609e+05
 6.56201562e+03 1.13602832e+04 8.36765703e+04 3.47156328e+04
 1.49399866e+03 4.94062109e+03 2.84946558e+03 2.77406969e+05
 2.95221436e+02 5.06942177e+00 4.72563320e+04 1.55692780e+02
 9.66330469e+03 1.76634308e+02 4.36178711e+03 1.66175332e+04
 9.30838359e+04 2.68227661e+02 5.94845825e+02 1.35995098e+04
 2.47660469e+04 5.14995742e+04 5.72096240e+03 1.59977747e+03
 3.68265039e+04 2.06896631e+03 6.25331421e+02 2.53578760e+03
 5.85435586e+04 1.56106572e+04 7.54223267e+02 1.89839208e+00
 3.36574062e+04 5.97293438e+04 2.55706894e+02 1.63922501e+01
 1.17834148e+05 1.27753822e+02 1.54821533e+02 1.79202305e+04
 2.68692090e+03 2.06687539e+04 5.23019023e+04 2.74530117e+04
 7.88276123e+02 3.68805737e+03 1.04460879e+04 3.65321602e+04
 3.61101156e+05 9.46933203e+03 1.74993203e+04 1.56970000e+04
 1.15991633e+05 1.64161348e+04 2.92714746e+04 4.70320625e+04
 4.80724365e+03 1.26265381e+02 1.41980518e+04 7.87436914e+03
 4.20837578e+04 1.08102643e+00 1.74455625e+05 1.13967598e+04
 1.87728184e+04 1.31016216e+01 2.40562450e+06 4.80270958e+01
 3.13104688e+03 3.14711768e+03 2.71666125e+05 2.98558594e+03
 9.86249902e+03 5.89192578e+04 3.39031097e+02 3.35648315e+03
 1.80458206e+02 3.43144608e+00 3.04711875e+05 8.97619922e+03
 1.84129551e+04 5.11880566e+03 2.88780020e+04 2.19931953e+04
 3.78726387e+00 2.04379153e+00 2.47436191e+04 2.96908779e+01
 5.22339648e+04 1.48941266e+05 1.11851930e+05 1.78343125e+05
 1.99964609e+04 2.47127417e+03 3.97710391e+04 2.08585840e+04
 4.75649786e+00 1.68067129e+04 6.77382500e+04 3.75628223e+03
 2.38072539e+04 5.54681738e+03 8.98820508e+03 5.59031258e+01
 1.15031426e+04 5.19976273e+01 8.57311426e+03 5.28421143e+03
 1.02399616e+01 1.84649656e+05 5.50255420e+03 6.67379248e+03
 1.11309521e+04 7.92096406e+04 1.17009043e+04 2.74983809e+04
 1.54228394e+02 7.79810400e+03 7.38387704e-01 8.27499844e+04
 9.42611484e+04 1.44633377e+02 4.70288379e+03 1.93739587e+03
 3.44995581e+03 5.21414423e+00 1.38041328e+05 1.75237910e+04
 3.99121875e+03 3.59722875e+05 5.72534082e+03 8.82269125e+05
 2.80355125e+05 7.64566422e+00 1.21169385e+04 1.37418887e+04
 2.41566719e+04 5.14412308e+01 3.84291375e+05 5.37420654e+01
 6.52679336e+04 3.38573975e+02 3.72510312e+05 1.93865051e+01
 1.60149125e+05 1.82552185e+02 1.52784160e+04 1.12743942e+02
 2.00011641e+04 1.57926294e+03 2.80246338e+03 1.94172406e+05
 3.49933685e+02 4.27427422e+04 2.73125488e+04 5.03099658e+03
 1.04506719e+04 3.45391675e+03 9.38228125e+04 1.66383362e+03
 2.00648975e+03 4.04385547e+04 4.23581094e+04 3.54498125e+05
 1.14316133e+04 2.18675703e+04 1.78520142e+02 2.46470490e+02
 5.71756992e+04 1.47686951e+02 3.81566528e+02 6.18791797e+03
 5.31503633e+04 1.00351171e+01 6.24834766e+04 3.13500469e+04
 6.43837500e+04 1.87363266e+02 1.10592737e+03 1.53033953e+01
 7.57247875e+05 1.10638992e+05 9.23257617e+03 1.07276820e+05
 3.08314141e+04 3.80498560e+03 1.36206816e+04 4.18634668e+03
 6.24372109e+04 3.11857349e+03 2.64548126e+02 3.22924297e+04
 5.21661377e+02 5.06466602e+03 1.16019424e+04 2.93628149e+03
 3.78863770e+03 4.65733750e+04 9.23809766e+03 1.50144648e+04
 2.60086304e+03 3.87020355e+02 1.02982754e+04 3.10752441e+03
 3.90039375e+05 5.59456201e+03 3.74844702e+03 9.07723750e+04
 5.14071777e+02 4.59025273e+04 1.87498093e+02 1.13189392e+03
 6.72200012e+02 1.00342002e+04 1.71380814e+02 3.45720430e+04
 6.24581055e+03 2.45603101e+03 3.50483032e+02 4.16833047e+04
 2.48711191e+04 6.17660010e+03 1.23143223e+04 8.25904004e+03
 7.13921631e+02 8.59538379e+03 5.43040312e+04 9.43806328e+04
 1.63360059e+03 4.32421045e+03 3.62420195e+04 1.38578711e+03
 3.33469219e+04 3.05224180e+04 1.16123242e+05 5.83362961e+01
 1.06791611e+04 4.79706680e+04 2.32704277e+04 6.00229370e+02
 1.22741844e+02 2.36788887e+04 3.17239961e+04 3.50142236e+03
 1.77208269e+00 7.47912012e+03 8.34205017e+02 1.83172188e+06
 1.52498062e+02 4.03161641e+04 2.79645691e+01 3.31555640e+03
 2.94197090e+04 6.40688232e+03 1.17458141e+05 3.20479095e+02
 1.05137881e+04 1.80043691e+04 2.20755176e+04 3.38562227e+04
 4.28018982e+02 1.57371875e+04 1.55211797e+04 2.82745098e+04
 1.89823380e+02 7.95775146e+02 4.11073281e+04 2.88042139e+03
 1.05789673e+03 1.11821826e+04 9.51892656e+04 2.98052100e+06
 5.53572754e+03 1.94495410e+03 3.66172339e+03 1.86231719e+04
 1.20961191e+04 2.68621613e+02 2.06950854e+03 7.63249072e+03
 6.99036884e+00 3.42540186e+03 1.71554932e+03 8.32401797e+04
 1.36633922e+05 2.45228784e+03 6.21838525e+03 5.27605347e+02
 2.31740906e+05 1.63850812e+05 6.46330566e+02 3.00732788e+03
 9.09731750e+02 8.48187734e+04 1.90571934e+04 9.65672559e+03
 1.82506622e+02 1.83142273e+03 1.89233141e+05 1.03279865e+00
 3.31179663e+03 5.32058358e-01 1.65072607e+03 2.03683594e+04
 8.07661963e+03 5.93165674e+03 2.25283188e+02 6.44156016e+04
 3.46047539e+04 4.24017227e+04 4.75806680e+04 4.11030762e+03
 5.64652596e+01 3.53198169e+03 3.97200562e+03 1.40251426e+04
 2.46242920e+03 3.13394348e+02 5.64325098e+03 4.84212734e+04]
82412.46
14703086.0
