[6.81423359e+04 4.26870613e+01 5.56530371e+03 2.09389481e+02
 2.57210684e+04 2.25120288e+03 7.64086853e+02 1.70520916e+01
 8.45684326e+02 3.27444360e+03 1.78260864e+03 2.99087982e+02
 5.83487695e+03 1.70976111e+03 6.43638733e+02 4.54287598e+02
 4.80061951e+02 8.28061401e+02 4.59336523e+03 4.24780820e+04
 3.24613983e+02 1.33077881e+02 3.54819219e+04 1.05233906e+04
 3.38983250e+00 3.97683472e+03 1.40006906e+05 7.47195361e+03
 2.67536194e+02 1.45784961e+03 8.95228613e+03 1.11768036e+02
 1.25490088e+03 1.62550842e+02 6.37662012e+03 2.33712738e+02
 1.63196130e+03 5.86935059e+02 3.51440735e+02 2.12790482e+02
 1.28593311e+03 5.68232422e+03 1.73243057e+02 5.69833838e+03
 5.40659180e+03 1.08673706e+03 1.51491455e+03 6.61197891e+01
 8.84628906e+02 1.63726006e+04 1.39679489e+02 1.00556781e+03
 2.77382599e+02 2.73423071e+03 1.48884387e+03 1.12542755e+02
 2.54694287e+03 1.09912549e+04 4.31409766e+03 9.69147766e+02
 4.37000488e+03 5.80688232e+03 6.92452002e+03 2.23965195e+02
 1.09345886e+03 2.59459033e+03 8.14951096e+01 4.90979584e+02
 2.83830933e+03 6.97408643e+03 1.27665657e+02 1.04302771e+03
 1.05196724e+02 2.08376694e+02 2.24845749e+02 9.04418030e+01
 1.85984253e+02 2.37525317e+03 1.71449875e+02 9.96095156e+04
 4.45864105e+02 4.58927832e+03 1.03886581e+02 2.09755566e+03
 2.30110962e+02 1.05836792e+03 8.95572571e+02 1.42138458e+02
 3.29239807e+02 4.63455273e+03 6.93380908e+03 2.76104629e+04
 3.38930168e+01 4.33622955e+02 1.11688734e+05 2.49595728e+03
 8.27018311e+02 5.51463623e+02 5.30950391e+03 5.50051117e+01
 1.29547180e+02 3.16938208e+03 1.92713531e+02 7.96861725e+01
 1.91910071e+03 4.84761963e+03 1.24388176e+02 5.07584747e+02
 1.15304443e+03 4.39443665e+02 3.66338989e+02 3.49930249e+03
 6.66300293e+02 2.65407593e+03 4.99215088e+02 2.69127258e+02
 2.28847229e+02 9.41298950e+02 5.70285950e+02 8.58635635e+01
 8.41043164e+03 1.13635327e+03 5.88414551e+03 5.60262354e+03
 3.88020801e+03 1.52470474e+02 6.21014465e+02 2.67361145e+02
 1.10218286e+03 1.47347275e+02 6.30691101e+02 1.29362622e+03
 1.36156213e+03 4.17027359e+01 2.61225739e+02 3.81702301e+02
 4.42209668e+03 1.94227881e+03 1.70790344e+03 2.10844040e+02
 2.30971436e+03 1.40354419e+03 2.42350610e+03 1.44209893e+04
 5.26362549e+03 3.21470680e+01 4.65293976e+02 7.59342407e+02
 4.31830444e+02 2.10175366e+03 5.80261292e+02 1.20506848e+03
 1.04290735e+03 1.53573410e+02 1.22159558e+03 1.00385126e+03
 1.84049805e+02 1.40393867e+04 2.06930435e+02 1.53326016e+04
 6.76225525e+02 1.24529614e+03 1.38967762e+01 1.94100281e+02
 2.49935327e+03 5.82715393e+02 5.25340637e+02 5.30797559e+03
 1.91190231e+02 3.41681616e+03 1.56664551e+02 4.11379541e+03
 1.74267731e+01 2.44190576e+03 2.42078424e+00 5.98919067e+02
 1.42887866e+03 3.49148979e+01 6.24169464e+01 2.16605996e+04
 6.89997803e+03 2.37310715e+01 7.70801172e+03 1.90138464e+03
 3.37954010e+02 1.84838104e+02 1.75953857e+02 2.34278748e+02
 4.32471588e+02 1.20688940e+03 1.15139917e+03 4.22099274e+02
 7.01843491e+01 6.51793945e+03 1.17459668e+04 1.20443372e+03
 4.83666797e+03 7.33956104e+03 6.86960297e+01 1.39778164e+04
 8.52459473e+02 1.15727979e+04 3.58841455e+03 1.27429886e+02
 8.71955762e+03 3.24236230e+04 1.54710962e+03 5.00813623e+03
 1.61608777e+03 3.92477478e+02 1.35546188e+01 6.83085205e+02
 9.03082123e+01 5.36167725e+03 4.38870215e+03 1.72304077e+02
 2.22321973e+03 9.69866943e+01 3.71138153e+01 1.54342200e+03
 4.15618073e+02 2.11452744e+02 2.51067383e+03 1.32165332e+04
 7.90003906e+02 4.30814160e+03 1.61505066e+03 3.43552429e+02
 1.71228928e+02 2.25628906e+04 1.47599133e+03 1.72259979e+02
 8.28750076e+01 1.28181055e+03 2.42304810e+03 1.53785413e+03
 1.66389050e+03 1.25523537e+02 1.54150403e+03 9.37944336e+02
 6.40524854e+03 9.79301392e+02 6.83766785e+02 3.40908569e+02
 7.44473206e+02 2.90884131e+03 2.08570679e+02 1.96466400e+02
 1.76937671e+03 6.21400508e+04 1.65947632e+02 1.38821155e+03
 2.49240454e+03 5.69176392e+02 7.16358337e+01 5.30988159e+02
 1.69976331e+03 6.69268036e+01 9.26922546e+02 2.78780182e+02
 5.22626660e+03 2.28117973e-01 7.84876709e+03 6.96435242e+02
 7.81969452e+01 3.46013135e+03 4.50571686e+02 1.06455823e+03
 1.56872327e+03 2.52863754e+02 4.65211273e+02 6.73952783e+03
 1.70358536e+02 1.82482458e+03 3.04258209e+02 1.98607410e+03
 2.21435449e+04 7.43484424e+03 3.72488525e+03 9.49146875e+03
 1.32278885e+02 2.52032928e+02 1.44780713e+03 1.81488251e+02
 1.76224902e+03 5.58844604e+02 1.15884338e+03 4.09321582e+03
 1.07491699e+03 2.36286890e+03 4.41906836e+03 4.15832336e+02
 3.38366992e+03 2.23941040e+03 3.73715088e+02 1.39910986e+03
 1.35145630e+03 5.41777393e+03 4.36650781e+03 6.52868347e+01
 2.88417432e+03 5.37173096e+02 1.41418408e+04 1.45462903e+03
 5.00643829e+02 8.80260059e+03 5.71772803e+03 1.89010547e+03
 1.70183557e+03 1.60972839e+02 2.13012192e+02 1.70367786e+03
 4.24660303e+03 1.07843115e+03 2.81533752e+02 2.17902832e+02
 9.44418213e+02 3.08498828e+03 1.76457471e+03 2.18837109e+03
 8.32716797e+02 1.99415340e+01 5.83353653e+01 2.84164136e+03
 3.25064062e+03 3.10773102e+02 9.97077656e+04 1.49503571e+02
 7.95236267e+02 9.83091992e+03 1.30320648e+02 1.45519485e+02
 3.86056458e+02 1.52485825e+02 2.11210419e+02 6.73426123e+03
 2.58319740e+01 9.61687927e+01 5.24384094e+02 1.47991040e+03
 5.27033447e+02 3.62890527e+03 4.39204834e+03 1.03063599e+02
 1.56501868e+03 5.60878174e+02 1.35273697e+02 1.02845469e+04
 1.69489219e+04 1.08221826e+03 4.73798370e+02 3.06328052e+03
 4.30393494e+02 3.12085388e+02 1.99427551e+02 3.18961255e+03
 3.29703583e+02 1.84624658e+03 8.95045044e+02 1.24683008e+04
 4.12494287e+03 6.82772217e+03 2.13555156e+04 9.16084229e+02
 1.86042832e+04 8.94550293e+03 5.54502502e+02 6.75020752e+02
 4.05092529e+03 8.49912964e+02 5.61816040e+02 3.83320709e+02
 4.55102637e+03 5.30776367e+02 1.44287491e+02 1.79788971e+02
 2.23209160e+04 4.25744476e+02 3.04901398e+02 9.89565918e+02
 2.60635645e+03 3.15683807e+02 9.29766504e+03 3.13629837e+01
 4.11152496e+01 3.21702881e+03 2.99113464e+02 2.07797165e+02
 3.10425415e+02 1.61778540e+03 2.53292480e+04 2.94128933e+01
 2.51352081e+02 3.39959375e+03 1.73892957e+03 2.36807053e+02
 2.27798999e+03 2.46988242e+04 2.64142242e+02 8.44733496e+03
 1.69817688e+02 7.85307251e+02 5.10620789e+02 8.90111160e+01
 1.56343584e+04 8.66930847e+02 2.73006725e+01 9.96994873e+02
 2.74360969e+05 2.51699276e+01 3.59387939e+03 4.16002686e+02
 6.39455261e+02 1.88749841e+03 5.46942676e+03 9.32020703e+03
 1.72330078e+02 4.92027100e+03 1.63760742e+03 1.19368811e+03
 3.32733398e+03 2.35648804e+03 2.91548859e+02 8.54482227e+03
 1.24121667e+03 1.96180557e+02 6.54167188e+03 8.98193817e+01
 1.64560437e+03 2.88999817e+02 4.35268433e+02 1.82122940e+02
 2.04840439e+02 3.86004492e+04 1.45681641e+02 2.70373108e+02
 1.36373077e+02 1.21531006e+03 5.21096802e+02 2.20308884e+02
 1.53052747e+03 6.13532654e+02 3.31945532e+03 1.73428394e+03
 1.15244286e+02 1.07157356e+02 1.43732162e+02 8.06300049e+03
 5.83565283e+00 2.81173193e+03 1.58997879e+02 1.97488359e+05
 1.84978790e+01 1.28216533e+04 7.41560059e+01 1.16765490e+01
 1.90601593e+02 2.18401489e+03 1.80010234e+04 1.30449915e+03
 2.25028320e+03 6.11617126e+02 3.60668564e+01 2.83648651e+02
 1.68272793e+04 2.58651398e+02 2.96253540e+03 2.53750992e+02
 2.24849219e+03 2.93356323e+02 2.91989331e+03 8.79620020e+03
 3.61723096e+03 8.51690613e+02 2.17690253e+00 1.24074424e+04
 5.23039551e+02 4.67487854e+02 6.62472610e+01 5.90392265e+01
 2.43662979e+02 5.18129150e+02 6.65169312e+02 2.69972754e+03
 3.36775439e+03 1.21635612e+02 5.75025757e+02 1.25721699e+04
 1.64647791e+03 6.83120544e+02 3.68885083e+03 3.74183374e+03
 4.98158569e+01 9.56402710e+02 2.29041968e+03 4.33505646e+02
 5.06290405e+02 1.05097178e+04 2.61855745e+00 1.34728760e+02
 5.44089317e+01 1.38875215e+04 2.25072876e+03 4.34807251e+02
 1.11846497e+02 6.71568970e+02 1.13162270e+02 2.89712036e+02
 1.53754532e+02 1.45378333e+03 1.77761871e+02 8.56571350e+02
 1.06225647e+02 3.12327783e+03 4.83346924e+03 2.33887266e+04
 7.17950073e+02 1.26679390e+02 3.96594940e+02 5.08864197e+02
 1.43919360e+03 5.88268398e+04 2.24864059e+02 1.06441064e+03
 4.47007080e+03 1.00857868e+01 1.18846436e+03 1.20618184e+04
 2.38107056e+03 1.25457901e+02 6.11857338e+01 1.01569077e+02
 4.84293304e+02 1.62388954e+01 3.36657013e+02 1.19510461e+03
 2.46995483e+03 1.89922668e+03 1.06534155e+03 2.45532812e+03
 9.11269824e+03 2.91878223e+03 1.58448624e+02 6.28578308e+02
 1.31236858e+01 7.24502502e+02 2.44510522e+03 9.85503082e+01
 2.03832666e+03 1.54509949e+02 1.30187158e+03 7.16611176e+01
 1.69200268e+01 8.16027588e+02 2.65143616e+02 9.16716309e+01
 1.91776688e+02 1.55493506e+03 4.04217163e+02 6.43329468e+02
 8.03057422e+03 2.61184052e+02 1.42625168e+02 1.11039136e+03
 6.83330322e+02 3.87496002e+02 4.95063599e+02 8.82270547e+04
 5.06092682e+02 5.04847069e+01 2.52932910e+03 4.22657715e+03
 1.72753296e+03 8.15862793e+02 2.42118866e+02 5.53679834e+03
 1.43883270e+02 2.01335007e+02 1.21856143e+04 4.33667816e+02
 5.72613203e+04 9.52200546e+01 7.64785706e+02 3.01136150e+01
 3.25153809e+03 4.49698125e+04 9.35579491e+00 8.56491577e+02
 2.53452295e+03 9.42670776e+02 2.71472070e+03 3.37650806e+03
 4.31535840e+03 2.97559814e+02 2.44458887e+03 2.92363922e+02
 3.45324249e+02 1.13161972e+02 5.15189502e+03 1.08907544e+03
 2.23686992e+04 1.84744980e+02 2.84111603e+02 2.09791040e+03
 1.26319751e+03 1.58124854e+03 6.01192749e+02 1.38514053e+02
 4.86671417e+02 1.70749634e+03 2.12221329e+02 2.86814514e+02
 1.99116296e+03 6.98984009e+02 1.88482434e+03 2.57632477e+02
 1.08468838e+04 4.36714050e+02 6.03937195e+02 1.86522656e+03
 2.25119629e+02 2.16259326e+03 2.30498596e+02 2.34724640e+02
 2.66526794e+02 5.94940723e+03 5.79313574e+03 1.28034027e+02
 2.91070770e+02 2.11735611e+01 7.56690002e+02 1.71158179e+03
 1.52215225e+02 3.70913428e+03 1.29019196e+02 4.90163623e+03
 9.95876617e+01 1.71959259e+02 2.52140472e+02 7.54338770e+03
 3.92248352e+02 2.56160706e+02 8.38503235e+02 1.31552124e+02
 6.05638312e+05 7.44238586e+02 1.09855225e+02 2.16199326e+02
 1.53584998e+03 6.56900787e+01 1.48178619e+02 1.07303394e+03
 1.20653174e+03 9.60257080e+02 5.50337158e+03 2.10308029e+02
 7.85592804e+01 7.49144482e+03 2.21994141e+03 6.53305176e+02
 1.99702490e+03 2.19635449e+03 3.36192432e+03 1.55983749e+02
 1.00043449e+02 7.38878845e+02 1.59392126e+03 1.56499043e+01
 4.60871964e+01 1.17220422e+03 5.57995898e+04 7.36920166e+02
 1.00009381e+03 1.22545853e+01 2.74942627e+03 1.03135547e+04
 6.25943787e+02 1.96493332e+02 1.84735657e+02 8.37209375e+03
 2.73525116e+02 1.44518884e+03 1.46811389e+03 1.57514697e+03
 1.30671201e+04 3.26667786e+01 1.26904007e+02 4.12279346e+03
 1.84250903e+03 1.96958457e+04 5.80728302e+01 2.17712378e+03
 1.58191788e+02 4.17522705e+02 9.85311661e+01 1.27253979e+03
 5.60872070e+02 9.43144989e+01 3.86022461e+03 1.29362762e+02
 2.93037476e+02 2.15098462e+03 4.55870514e+02 4.81007729e+01
 6.39850121e+01 5.19987059e+00 2.54072739e+02 2.06631250e+03
 5.15161377e+03 2.14694678e+03 1.49643125e+04 5.81334033e+03
 1.03157397e+03 1.53494156e+02 5.26433533e+02 1.18076868e+03
 2.68060254e+03 1.99586572e+03 2.13773758e+02 3.55280566e+03
 8.11756006e+03 1.18299780e+03 7.56851135e+02 8.95291113e+03
 1.34676468e+02 2.37812462e+01 2.22246460e+03 4.42955312e+04
 3.53443516e+04 2.16662329e+03 4.10817725e+03 1.00955338e+02
 8.23074768e+02 1.86846133e+04 1.37789221e+03 8.83646179e+02
 4.27802002e+03 7.76869888e+01 2.29504105e+02 2.84962500e+04
 1.13094360e+03 1.65244247e+02 2.66862524e+03 4.94324524e+02
 1.10320400e+04 1.27088389e+04 8.77019375e+04 7.23309448e+02
 4.35982941e+02 7.73227158e+01 2.04498359e+04 3.48508765e+03
 1.24931836e+03 2.60497827e+03 1.81989050e+03 1.54501373e+02
 4.09255005e+02 5.38860229e+02 2.55281616e+03 6.87817917e+01
 2.40402173e+03 8.89717773e+02 1.80455493e+03 3.75797668e+02
 1.37923035e+02 1.04867373e+01 2.02553345e+03 3.34371857e+02
 2.00378796e+03 7.02312500e+02 1.84504570e+04 5.53699658e+03
 5.38163945e+04 1.20595650e+02 1.02990280e+02 5.50794678e+02
 1.83316757e+02 1.05806152e+02 2.29202246e+03 1.39448950e+03
 8.15362061e+02 2.22217224e+02 3.86365295e+02 3.28556702e+02
 4.41269913e+01 1.61340508e+04 1.59716494e+04 4.06459045e+02
 2.54947784e+02 3.24566650e+03 1.17075488e+03 1.34684717e+04
 7.06088943e+01 1.52245283e+01 4.13083105e+03 1.69793445e+03
 2.64485229e+02 1.24603966e+02 5.64983459e+02 7.18966357e+03
 1.03597778e+03 1.83608810e+02 2.47541504e+03 1.46810205e+03
 1.26062830e+03 2.41917529e+03 2.53739090e+02 1.00909622e+02
 1.48996674e+02 5.76784766e+03 1.89935959e+02 2.24599463e+03
 4.99047070e+03 3.71506157e+01 6.04681129e+01 3.50990143e+02
 4.03387134e+03 1.18807898e+03 3.69167266e+04 1.04850361e+04
 2.07597046e+02 2.61209045e+02 4.66669688e+04 1.48607214e+03
 2.33001440e+03 1.00189121e+04 2.76150464e+03 1.20232295e+04
 4.88147369e+02 6.09087769e+02 1.44291904e+04 6.83963623e+02
 2.24970679e+03 6.43562744e+02 1.87756443e+01 5.95985718e+01
 6.89111328e+03 3.65995789e+02 2.62014099e+02 6.00257141e+02
 7.78832626e+01 1.81675659e+03 1.68647903e+02 5.06253867e+04
 9.32873917e+00 6.97222290e+02 2.96082306e+02 6.03764915e+01
 1.10548560e+03 1.66024185e+02 1.40229080e+02 4.43577003e+01
 6.52746094e+03 3.12777344e+03 5.24348828e+03 4.10183164e+04
 1.99570816e+02 3.74050039e+04 5.76698792e+02 1.46240454e+01
 2.16541367e+04 9.80252197e+02 6.94298706e+02 1.76591785e+03
 1.47911469e+02 3.10485205e+03 1.00280708e+02 1.90257068e+03
 1.08855359e+03 3.76426117e+02 1.61086035e+03 1.99802844e+03
 3.36666406e+03 1.12817528e+02 9.16853821e+02 8.70095398e+02
 7.26238708e+02 7.86659363e+02 1.42002335e+02 3.03239160e+03
 9.42699509e+01 4.56451225e+01 1.49097427e+02 3.39237442e+01
 1.18423320e+04 2.01037109e+02 9.66214219e+04 2.41225266e+02
 1.25124328e+05 4.04989380e+03 2.83609155e+03 6.50625061e+02
 3.41341217e+02 2.47558899e+02 1.65426514e+03 2.36258331e+02
 1.13885841e+02 3.23345551e+02 7.29373193e+03 8.08689880e+02
 1.55882971e+03 1.02742470e+02 6.72672974e+02 2.55271179e+02
 2.76345245e+02 3.00805664e+02 1.53575623e+03 2.01373254e+03
 1.00953636e+02 2.73813828e+04 9.30118103e+02 6.37641455e+03
 7.36348486e+03 1.72919449e+02 1.04155146e+04 1.72529648e+02
 1.83553040e+03 7.91503174e+02 1.53140381e+02 8.11190414e+01
 1.27115381e+04 1.48505938e+00 1.50087817e+03 1.71445605e+03
 1.55499710e+02 2.51085033e+01 1.35172943e+02 3.28559141e+04
 2.10025467e+02 1.33548999e+03 3.36439941e+02 1.64445099e+02
 1.97693443e+01 1.41358337e+02 1.01649316e+03 1.47241931e+03
 4.42237732e+02 9.13245964e+00 1.00355896e+02 2.57952942e+02
 3.02332178e+03 6.34189404e+03 1.05947227e+02 1.95529919e+03
 1.94907056e+03 7.34168701e+02 8.51544922e+03 1.16895386e+03
 4.69511841e+02 1.45119720e+02 1.52469043e+03 1.88439453e+04
 4.18254785e+03 1.60129807e+02 4.43352631e+02 1.66452703e+05
 1.15949867e+02 1.76491516e+03 3.15663605e+02 2.38899765e+02
 7.87761353e+02 3.17131977e+01 1.68893753e+02 9.51455750e+02
 1.81364062e+04 4.91500969e+01 3.86672778e+03 1.05502246e+03
 1.89649634e+03 7.91919434e+03 1.56910172e+02 1.65935116e+01
 7.48848495e+01 2.57247632e+03 3.34474396e+02 5.84854675e+02
 1.32774531e+05 1.33403992e+03 6.29137793e+03 1.88073456e+02
 1.97204193e+02 4.63047028e+01 1.72226379e+02 1.68920039e+04
 9.64114151e+01 1.42780737e+03 1.25094482e+02 2.69909912e+03
 1.89222510e+03 9.46688110e+02 1.21424475e+03 2.20414160e+04
 1.34646942e+02 2.81447852e+03 8.13850049e+03 1.31660361e+04
 1.67859161e+02 4.22918121e+02 1.74560681e+03 2.05274170e+03]
5513.0396
605638.3
