[1.27658826e+03 1.21717728e+02 2.17600098e+02 7.97490820e+03
 6.39507141e+02 3.85279694e+02 1.29519150e+02 2.44813461e+02
 1.52751270e+03 1.33147690e+02 2.41978302e+02 5.29095032e+02
 1.01524824e+04 1.03981300e+02 3.42508202e+01 2.35689362e+02
 1.69698755e+03 1.69882065e+02 6.70822937e+02 3.67532275e+03
 2.20313110e+03 9.58750687e+01 3.56906680e+04 5.77626892e+02
 2.24766693e+02 2.94230225e+03 1.97687463e+03 2.04152176e+02
 1.20306961e+02 1.51382599e+02 7.60643677e+02 1.59234600e+04
 1.83818359e+03 4.90985400e+03 8.25754150e+02 4.47912140e+02
 1.79181442e+02 6.50933228e+02 1.87154993e+03 1.15621460e+02
 7.51818945e+03 1.09910034e+03 4.91818176e+02 4.55565186e+02
 4.61635681e+02 2.87309052e+02 1.51068115e+02 5.51558447e+03
 8.37415390e+01 3.09152031e+05 6.43100403e+02 7.93795361e+03
 3.06762842e+03 3.55823071e+03 1.36605713e+02 1.34998306e+02
 2.77402008e+02 2.84954663e+03 6.91041748e+02 5.62361035e+03
 1.02650439e+03 2.11782303e+02 1.13148779e+03 6.66568832e+01
 1.80517212e+02 1.99457544e+03 1.00291699e+03 4.29297791e+01
 1.41663193e+02 2.19591553e+03 1.10029747e+02 2.71617767e+02
 9.00435333e+01 4.05679016e+02 1.41012314e+02 5.63042236e+02
 5.74352379e+01 2.49166565e+02 2.96796074e+01 8.70097070e+03
 2.24026733e+02 3.02562012e+02 5.31343536e+01 1.33351440e+02
 1.37833081e+03 1.10375862e+02 1.37803772e+02 9.30186539e+01
 1.91197174e+02 4.38638641e+02 1.63959338e+03 1.83233313e+03
 8.31051331e+01 4.30559448e+02 9.08311523e+03 9.67207764e+02
 1.35079956e+02 2.03839294e+03 4.66153625e+02 1.08923904e+02
 6.23019775e+02 4.22322144e+02 1.37630310e+02 3.38023033e+01
 1.62109253e+03 2.22070953e+02 1.36158249e+02 1.88007355e+02
 1.90428192e+02 9.30550079e+01 1.72332291e+02 8.23536194e+02
 1.15023901e+03 9.91534668e+02 2.10783493e+02 2.54136429e+01
 3.03333588e+01 2.74453320e+03 8.31979980e+02 1.31614288e+02
 1.50067957e+03 5.18731885e+03 2.38711279e+03 4.73287695e+03
 1.31869336e+03 2.85152496e+02 9.25249756e+02 1.28212799e+02
 1.23361038e+02 1.65130237e+03 1.34609360e+02 1.12044022e+02
 2.73158661e+02 3.14995232e+01 3.91201489e+03 8.97155838e+01
 6.55101868e+02 1.27876450e+02 1.60898523e+03 2.43977890e+01
 3.33495605e+03 2.76611145e+02 4.01307251e+03 5.11801666e+02
 6.80546936e+02 1.08135376e+02 1.04827583e+02 4.87322656e+03
 5.67215759e+02 6.06702698e+02 1.04317467e+02 1.38624060e+03
 1.83789917e+02 1.34429102e+03 1.56449402e+03 2.08359787e+02
 9.12812195e+01 5.57078662e+03 1.03946068e+02 1.45234717e+03
 9.54431641e+03 3.39388611e+02 1.06365494e+02 1.20044777e+02
 3.68975037e+02 4.37961639e+02 1.68616928e+02 6.32609802e+02
 8.02943359e+02 5.50882764e+03 1.11144783e+02 2.26941437e+02
 1.00245685e+03 1.64161453e+02 1.73886276e+02 8.40895386e+02
 1.81066803e+02 1.37739578e+02 9.17777634e+01 1.15295615e+04
 8.11732971e+02 8.83851318e+01 6.04826709e+03 2.31495010e+02
 1.92995483e+02 1.16925652e+02 6.26004295e+01 1.10768745e+02
 1.46852127e+02 1.01890918e+03 2.89900024e+02 1.15381592e+02
 6.85840759e+01 2.00954834e+02 1.45442517e+03 1.17735512e+02
 5.57527637e+03 1.32868988e+02 6.97724243e+02 1.31475317e+03
 1.32191727e+02 4.36884338e+02 5.05923767e+02 9.27785587e+00
 4.72373389e+03 3.65167993e+03 2.45091125e+02 2.41485519e+02
 1.16289726e+02 1.00151115e+02 1.13736298e+02 1.93160286e+01
 8.23657227e+02 4.34531647e+02 3.82033081e+02 5.81033813e+02
 1.26323639e+02 8.12535553e+01 5.22197998e+02 1.03522766e+02
 1.09443977e+02 4.43523598e+01 2.09655319e+02 4.68075879e+03
 2.18006274e+03 2.04345383e+02 6.19211853e+02 1.15636673e+02
 8.83422375e+00 2.80242993e+03 1.75924268e+03 8.39562836e+01
 2.19606616e+03 1.62756714e+02 1.47479141e+02 3.58689941e+02
 2.18572342e+02 5.67425232e+02 7.29379578e+02 9.56067276e+01
 6.78112488e+02 7.64620056e+01 6.99796448e+02 4.29052673e+02
 4.22785225e+01 1.63756274e+03 2.32676685e+03 2.23445923e+03
 2.39690689e+02 6.97259082e+03 4.95497803e+02 5.98311401e+02
 8.98791275e+01 2.37857162e+02 8.67457947e+02 1.66577789e+02
 6.61459167e+02 1.66378975e+01 1.70980786e+03 1.06781326e+02
 4.28007861e+03 2.54839673e+03 2.02055298e+03 1.46362076e+02
 6.62518005e+01 1.35461523e+03 7.57117462e+01 8.45926819e+02
 5.79016846e+02 6.43276733e+02 8.42951508e+01 1.16463684e+03
 6.24509094e+02 1.39818588e+02 2.48811798e+02 3.26921173e+02
 2.10381152e+03 6.72829004e+03 8.53016815e+01 3.72455884e+03
 1.15763435e+02 8.19113086e+03 3.06551857e+01 1.45479935e+02
 4.71220734e+02 1.57568237e+03 3.38362427e+02 4.63952057e+02
 6.21703987e+01 4.29906464e+02 4.47920508e+03 9.50070251e+02
 1.81566187e+03 4.94975037e+02 1.03329903e+02 1.47175674e+02
 1.98789905e+03 1.03280505e+03 4.41614014e+02 1.03325516e+02
 5.80846069e+02 4.64537903e+02 4.66079895e+02 1.04817383e+04
 6.95340042e+01 1.77167031e+04 1.13042496e+02 1.85927559e+04
 2.65414795e+02 3.73111359e+02 6.77255173e+01 3.20631177e+03
 1.40384033e+03 1.28775488e+03 9.43375854e+01 4.88999969e+02
 2.76658936e+02 1.75075879e+03 8.69456787e+02 2.10300430e+04
 9.39531677e+02 1.75483932e+02 2.45265823e+02 1.53616309e+03
 3.02118613e+04 5.09233490e+02 2.45075464e+03 1.78611755e+02
 6.62485352e+02 1.51531128e+03 9.14767761e+01 5.57331909e+02
 1.09332054e+02 3.63034424e+02 1.44834381e+02 7.49404114e+02
 3.15908871e+01 9.70088882e+01 9.32137695e+02 8.25928516e+03
 6.76156311e+02 1.51667709e+02 1.80219254e+02 3.98086060e+03
 9.86490326e+01 5.30191162e+02 2.74214516e+01 7.94270691e+02
 1.64754883e+04 8.47306519e+01 5.39843701e+03 3.00789575e+03
 1.13108734e+02 3.15149750e+02 5.29323181e+02 3.29476147e+03
 6.88922119e+02 2.54904221e+02 2.11777466e+03 1.71585831e+02
 6.45907669e+01 4.79891266e+02 5.90565796e+02 1.40259189e+04
 8.60999939e+02 6.53385059e+03 1.19339874e+02 7.47318220e+00
 2.24847241e+03 3.90573975e+02 5.57722839e+02 3.82620911e+02
 7.35647559e+03 1.65261887e+02 1.18399185e+02 9.38643494e+02
 4.03051270e+03 3.64044220e+02 4.76182190e+02 2.92051025e+02
 6.54894653e+02 4.58962891e+02 1.08938078e+05 2.15313507e+02
 7.92569580e+02 6.53396545e+02 5.54425537e+02 9.75521250e+04
 2.61877812e+05 2.48979874e+02 1.30210962e+03 1.13293961e+02
 8.19032654e+02 9.74968811e+02 1.16203636e+02 3.27911346e+02
 2.35912903e+02 2.29175269e+03 2.47775253e+02 2.83772290e+03
 1.07744957e+02 2.04144882e+02 5.78942375e+01 7.01236115e+01
 3.02354156e+02 8.89630371e+02 1.72917389e+02 1.85992630e+02
 2.41016297e+05 1.28084644e+03 3.91936432e+02 7.31684570e+02
 2.20160449e+03 6.28957458e+02 1.53011511e+03 1.77906372e+02
 1.32748642e+02 1.59620453e+02 6.42501038e+02 3.01351562e+02
 2.32006348e+03 2.01677502e+03 9.13667068e+01 2.27299683e+03
 3.42623047e+02 1.90218948e+02 1.33372513e+02 1.21573952e+02
 9.83927841e+01 2.89570984e+02 1.37654675e+03 2.24013947e+02
 6.57166199e+02 1.12536804e+03 8.13362976e+02 2.58704041e+02
 2.11188095e+02 7.16897034e+02 6.88835449e+02 6.49200745e+01
 4.13848419e+02 5.15697876e+02 3.58930054e+02 4.32416992e+02
 1.28587357e+02 1.17040459e+02 6.50269928e+01 1.15183484e+03
 1.80190186e+02 7.10149902e+02 7.12017639e+02 1.44688223e+04
 4.47338028e+01 5.51777588e+03 7.19059753e+02 8.04160385e+01
 6.17442566e+02 1.06533911e+03 1.79807068e+03 7.36023132e+02
 1.12535999e+03 7.86090164e+01 1.28737564e+01 2.52818283e+02
 6.16487000e+02 3.15976807e+02 5.38779419e+02 1.21947906e+02
 9.35061035e+01 5.15035254e+03 8.00525452e+02 3.54308136e+02
 1.86164368e+02 6.28944092e+02 1.06195274e+02 6.29185840e+03
 3.82351828e+00 3.73653662e+03 1.67703262e+02 9.92641373e+01
 1.20096350e+03 5.46860046e+02 1.28093445e+02 1.23217216e+02
 1.69150238e+02 3.00792450e+02 5.95114746e+02 2.57539648e+03
 3.99968567e+02 1.08539459e+02 4.53944305e+02 2.65555878e+02
 6.89748718e+02 2.15878052e+02 1.68309717e+03 5.86809326e+02
 9.91173553e+01 3.01862183e+03 1.43284286e+02 1.69618622e+02
 6.92588501e+02 2.92474670e+02 9.67333450e+01 1.17708765e+03
 5.99579102e+02 1.85773636e+02 8.13081934e+03 2.20801880e+03
 2.14639877e+02 7.06300735e+01 6.04518852e+01 8.46179749e+02
 1.19264313e+02 1.86816208e+02 6.32669678e+03 1.22236560e+03
 1.00374713e+03 5.43661914e+03 8.12129272e+02 1.30980438e+02
 1.16907150e+02 1.94655975e+06 6.79521362e+02 2.14483203e+03
 3.72136810e+02 9.60958557e+01 1.17763107e+02 3.71571338e+03
 8.81623535e+01 1.77596893e+02 1.70293701e+02 5.80140747e+02
 3.12397885e+00 2.43282288e+02 5.79365158e+01 9.45988998e+01
 3.94727814e+02 3.86070374e+02 9.96628418e+01 1.73446533e+02
 4.16773499e+02 3.10816200e+06 5.89800491e+01 7.48243164e+02
 1.06964020e+02 1.03896716e+03 8.65079004e+03 5.32924927e+02
 7.69623230e+02 2.79468956e+01 4.71504456e+02 5.54168066e+03
 3.14861794e+01 1.55301538e+03 6.54503723e+02 9.12734766e+03
 2.86948608e+02 5.88474045e+01 1.13933769e+02 1.44742920e+02
 3.14835986e+03 1.96093359e+03 1.05375557e+02 1.97223785e+02
 7.56887207e+01 2.85578613e+02 1.25538116e+02 1.26430676e+03
 4.34914581e+02 4.58663116e+02 4.61330078e+02 2.59384365e+01
 2.07924414e+03 7.18887085e+02 4.69262726e+02 1.07652985e+02
 1.38081161e+02 1.41572900e+03 2.14771984e+05 6.76617584e+01
 4.42299121e+03 3.18785744e+01 1.63081091e+03 5.33251953e+01
 2.21114319e+02 1.44777607e+04 1.06569527e+02 1.02684424e+03
 1.82549622e+02 3.02773590e+02 2.84578705e+02 1.80140915e+02
 3.90036255e+02 7.16531189e+02 8.98875854e+02 8.55707458e+02
 8.31685333e+01 5.58438110e+00 1.35076874e+02 1.40623550e+02
 2.48373926e+03 1.86626035e+04 9.57811451e+00 1.22493298e+03
 6.32734802e+02 6.77281952e+01 1.06307935e+03 1.31408005e+02
 3.13257568e+02 6.32445117e+03 6.57632202e+02 8.83276367e+02
 4.85342163e+02 6.76767944e+02 1.82971329e+02 8.67032593e+02
 1.29723706e+03 6.22906738e+02 1.90090562e+05 7.47181763e+02
 1.04288979e+02 2.24692871e+03 1.45104340e+02 1.49081006e+03
 1.10148743e+03 2.06701855e+03 1.37310562e+02 6.82385788e+01
 2.28702490e+03 2.62877710e+03 9.71606836e+03 6.71007751e+02
 1.17790291e+02 2.72854248e+02 8.34226913e+01 9.62296982e+01
 5.69309631e+02 1.16368477e+02 2.34916772e+03 9.57457458e+02
 5.33282532e+02 3.92409882e+02 4.51479721e+01 1.24235913e+03
 3.11720438e+05 1.17245186e+02 9.27096436e+02 6.81268494e+02
 9.16492920e+01 8.79299164e+01 1.05328560e+02 1.78827774e+02
 3.50444489e+02 1.67829187e+03 1.88643219e+02 2.07330261e+02
 2.14061572e+03 8.76002344e+03 3.25898499e+02 6.70257996e+02
 2.82766052e+02 1.31920288e+03 4.96783643e+03 9.24924316e+02
 1.48956268e+02 1.55980392e+02 1.17772774e+02 4.42010376e+02
 6.39990601e+02 1.46487402e+03 2.18083228e+03 9.76313171e+02
 3.38180580e+01 2.73335846e+02 4.75725281e+02 8.48258911e+02
 7.32655106e+01 4.05471619e+02 1.52508987e+02 1.01385699e+03
 1.09291893e+02 8.08220459e+02 1.33784494e+01 1.29559952e+02
 2.72410522e+03 1.16081055e+02 1.64521072e+02 5.71045837e+02
 1.32459198e+02 2.97857227e+03 1.42610382e+02 3.94042091e+01
 1.38633838e+03 2.36801102e+02 7.18298569e+01 1.00962738e+02
 6.87387207e+03 1.15207556e+03 9.61843323e+02 7.36662979e+01
 1.13641808e+02 1.85800690e+02 7.50926285e+01 1.07066048e+02
 6.78853943e+02 2.19236237e+02 1.20252975e+02 9.18969116e+01
 4.69111023e+02 1.08052635e+02 2.16874341e+03 1.11036194e+03
 8.56658569e+02 4.63713916e+03 3.23905853e+02 2.21165576e+03
 1.06201233e+03 6.85187073e+01 1.39837280e+02 1.36399124e+02
 3.25813202e+02 6.35809509e+02 1.33221481e+02 1.54893662e+04
 1.06543579e+02 1.52422104e+02 4.61197296e+02 3.57908423e+03
 6.97332471e+03 4.64087158e+02 7.51661499e+02 1.23791817e+02
 4.66557770e+02 1.70996948e+03 2.28211060e+03 1.71515198e+02
 1.11761131e+02 3.10052567e+01 4.06068604e+02 6.87708862e+02
 1.16432910e+03 1.02909106e+03 2.48368481e+03 5.94084656e+02
 2.98230896e+02 2.15437988e+03 7.09807617e+03 2.41714905e+02
 1.08960608e+03 1.13417725e+02 2.77976074e+04 1.08019218e+02
 2.04989307e+03 2.13972595e+02 1.98114243e+02 1.40373901e+02
 1.06540565e+02 1.05758034e+02 2.25805273e+03 1.06803558e+02
 2.79785919e+02 6.82218170e+01 8.08077240e+01 6.63505493e+02
 1.31771027e+02 4.00800110e+02 1.35206696e+02 2.50691943e+03
 1.58445831e+02 2.18086945e+02 4.16262891e+03 1.96711743e+03
 3.04074438e+03 1.98391663e+03 2.05870789e+02 9.60322723e+01
 7.15690002e+01 2.98587720e+03 2.34613861e+02 2.61619568e+01
 1.59498795e+02 3.06944397e+02 1.13562427e+03 8.12103424e+01
 1.01075745e+02 8.63504761e+02 1.27908704e+03 9.54250641e+01
 1.56733429e+02 2.73588843e+03 9.68496552e+01 6.27927795e+02
 9.45628281e+01 1.09099280e+03 2.46514307e+03 8.67320862e+02
 2.34450488e+03 3.06183128e+01 5.49415039e+02 1.18560962e+03
 3.16685234e+04 2.21336367e+04 1.07770215e+03 2.88804352e+02
 5.63869263e+02 2.59003967e+02 7.47436523e+02 9.12211609e+01
 6.59207840e+01 4.20269775e+02 2.34208725e+02 2.97405859e+03
 1.31953723e+03 1.44980881e+02 2.32042554e+03 1.06601143e+02
 7.28066895e+02 5.63131470e+02 1.63361780e+03 1.14462764e+04
 2.50089966e+03 1.97144628e-01 3.90206390e+02 1.36410110e+02
 1.57312170e+03 1.38554614e+03 1.92555435e+02 3.15539746e+03
 1.41618408e+02 1.16148659e+02 5.64705505e+02 1.87319962e+02
 5.32465918e+03 1.21256340e+02 1.00582634e+02 5.10404877e+02
 1.68000076e+02 2.65966248e+02 2.85054370e+03 6.26101990e+02
 1.04098096e+03 2.31397003e+02 1.20279590e+03 2.76050488e+03
 1.10486076e+02 5.30744553e+01 2.37537384e+02 3.02322998e+02
 4.29858594e+03 6.91282959e+01 3.06431610e+02 5.59987976e+02
 6.86128357e+02 2.79440918e+02 9.38217041e+02 3.00236973e+04
 1.07721655e+03 1.64894714e+03 3.03348694e+02 8.61442337e+01
 1.33118396e+03 3.60147461e+02 2.54016016e+03 1.98821518e+02
 1.32513260e+02 4.55019043e+02 4.99666168e+02 1.45296524e+02
 9.73846875e+03 3.10802441e+01 1.12348242e+03 1.18439018e+02
 2.62198926e+03 3.37141342e+01 1.23665428e+02 3.63501221e+03
 8.07745972e+01 1.47955032e+02 6.71216049e+01 1.43531726e+03
 3.57364392e+00 1.56546677e+02 1.02315353e+02 1.06164893e+03
 5.50457227e+04 1.83943119e+01 5.33461035e+03 2.86086621e+03
 4.07373926e+03 2.17001648e+02 2.09751733e+03 1.30811554e+02
 4.97237396e+02 1.09902588e+02 5.89758606e+01 1.44703033e+02
 8.03339233e+01 1.03423981e+02 2.02431976e+02 3.35925562e+03
 6.87152893e+02 4.86276416e+03 8.30056519e+02 8.96434784e+00
 1.06909286e+02 8.40689697e+01 2.21179276e+02 1.28542603e+03
 1.18556847e+02 2.00807385e+03 1.04035316e+02 2.60841248e+02
 3.46806366e+02 2.01885330e+02 2.59209351e+02 1.49745239e+03
 2.24355396e+03 2.39328430e+02 1.26041664e+02 1.12447762e+02
 2.81877783e+03 1.50231201e+02 3.46652649e+02 1.30945496e+02
 5.29068222e+01 5.14885681e+02 7.69704651e+02 5.51362939e+03
 4.01615639e+01 1.12607727e+02 8.48310852e+02 6.22764343e+02
 7.70100832e+00 1.04232063e+02 1.40233350e+03 1.22228645e+02
 1.29093872e+02 7.94836182e+02 9.55423508e+01 1.96392899e+02
 6.02229065e+02 2.43550797e+02 1.09868629e+02 3.29510864e+02
 2.33848480e+02 8.56306641e+02 3.87190552e+02 1.03546545e+03
 5.40386902e+02 4.98820770e+02 4.25089874e+02 2.75663496e+04
 1.95958725e+02 1.23442886e+02 7.42365906e+02 8.10948359e+04
 1.09611671e+02 1.27673553e+02 4.05567285e+03 1.03678902e+02
 6.53863525e+01 1.08433296e+02 1.90121658e+02 4.90231836e+03
 8.20398560e+02 1.07050873e+02 4.53558136e+02 2.77097583e+03
 1.59289124e+03 4.29936719e+03 8.91674957e+01 1.94431107e+02
 2.19995224e+02 1.82230423e+02 8.01859680e+02 2.08668213e+03
 7.96208359e+04 1.95873108e+02 4.64920715e+02 6.80252991e+02
 2.66838776e+02 1.06304764e+02 9.42558594e+01 1.90918594e+04
 1.10026733e+03 2.76680298e+03 1.31706100e+02 1.08279473e+04
 5.24660095e+02 8.74233691e+03 9.73604919e+02 1.21389075e+03
 6.80251160e+01 1.72281906e+02 1.23058899e+03 3.32047144e+03
 7.34580688e+01 8.72615204e+01 2.15314111e+03 4.09286041e+02]
8409.154
3108162.0
