[3.68353164e+04 3.50433521e+03 4.26111908e+01 6.09512207e+02
 1.49394501e+02 2.73269946e+03 6.41683884e+01 8.75872559e+03
 2.08336133e+03 5.16635704e+01 7.13906479e+00 4.65280090e+02
 1.77719971e+03 8.09944397e+02 1.54281433e+03 2.41793854e+02
 6.81486279e+03 3.96660385e+01 2.74363652e+04 1.63601201e+04
 1.59494082e+04 1.14598547e+03 4.02568125e+05 1.20378357e+03
 6.40185974e+02 4.03256250e+04 1.41126250e+04 2.38279614e+03
 2.22303421e+02 2.68167755e+02 3.04101387e+04 2.51642603e+03
 1.38962540e+02 5.52743652e+02 9.49651428e+02 9.18120483e+02
 1.39309033e+03 5.63551147e+02 2.26849658e+03 4.44050964e+02
 7.33746924e+03 1.52142468e+03 5.02935364e+02 8.81970947e+02
 3.71475513e+03 5.65755811e+03 1.10583130e+02 1.14495264e+03
 3.13231659e+02 8.30866406e+03 1.61411652e+02 2.61029377e+01
 2.27973129e+02 2.93616934e+04 1.27244057e+02 1.47566052e+03
 3.49653351e+02 3.66063403e+03 5.16852295e+02 1.02624707e+03
 5.15809717e+03 1.72742493e+03 5.75719788e+02 2.16476416e+03
 7.80300659e+02 7.63548645e+02 5.06498718e+02 1.03346642e+02
 1.57126831e+03 1.17169910e+03 1.15497574e+02 1.97061426e+03
 5.69097046e+02 8.83421265e+02 6.42914001e+02 7.26518433e+02
 8.55369446e+02 8.74759277e+03 7.05847549e+01 2.59246719e+04
 1.26738678e+02 1.42999768e+03 3.84504730e+02 8.96465302e+01
 4.16376221e+03 7.64569855e+01 1.97068832e+02 1.92391876e+02
 5.80164757e+01 1.26020325e+03 1.87199402e+03 2.15706152e+04
 2.89920197e+02 3.74510571e+03 3.82050430e+04 2.45804871e+02
 2.38726660e+03 3.20264679e+02 3.37316956e+02 1.78131042e+02
 2.30460278e+03 4.13370544e+02 2.04563122e+01 1.28158777e+03
 3.24428024e+01 1.04602905e+03 1.34981720e+02 1.02780151e+03
 2.48596252e+02 5.71565361e+01 1.77238571e+02 7.34399756e+03
 5.36697388e+02 5.06735986e+03 1.54614365e+02 3.24602881e+03
 1.42190933e+02 3.19747864e+02 1.44243958e+03 1.92765900e+02
 1.87802812e+04 5.14281982e+02 1.89796426e+04 7.52368262e+03
 1.21558765e+03 9.35806580e+01 2.21287750e+02 2.34521484e+03
 2.25384033e+03 1.89080200e+02 1.17303871e+02 1.08017410e+02
 1.06943103e+03 1.42497894e+02 3.35193286e+03 1.49136032e+02
 4.20894575e+00 6.25171967e+01 1.57144516e+02 8.94778366e+01
 3.54039819e+03 1.64884048e+02 4.46887268e+02 4.60432831e+02
 3.27710968e+02 2.36511810e+02 1.40239609e+02 1.08759580e+04
 1.02509199e+04 8.07501587e+02 2.07033154e+03 5.43861963e+03
 2.01965784e+03 1.23137573e+03 1.20269814e+01 1.41752246e+03
 2.16300201e+02 2.66698950e+03 3.51592072e+02 7.47520508e+03
 3.66841211e+03 8.84928711e+02 2.11198242e+02 1.17008675e+02
 8.77870544e+02 1.56973770e+02 1.86372546e+03 2.04881104e+03
 4.54369431e+01 2.31840271e+02 7.75239746e+02 1.50527237e+02
 2.20074783e+02 1.80922119e+02 1.29079761e+03 3.00994812e+02
 1.20693469e+03 8.82638855e+01 9.86689819e+02 1.66499548e+03
 2.17924121e+04 5.13666487e+00 5.48950312e+04 5.18528027e+03
 8.61377014e+02 3.52875659e+03 7.82276917e+02 1.14161414e+03
 2.37673218e+02 3.47643433e+02 2.15260254e+03 8.96405411e+01
 4.01499054e+02 2.24791153e+02 1.06367151e+03 1.23540390e+02
 2.54097344e+04 1.80871082e+03 1.31023117e+02 2.75304541e+03
 7.10799255e+01 4.45628296e+02 8.71567078e+02 1.34176559e+02
 5.09351445e+04 3.18391777e+04 1.05685219e+02 8.17071655e+02
 3.44179344e+01 1.66741409e+02 8.00677032e+01 1.47812195e+03
 8.85206909e+02 2.70592651e+03 8.94857239e+02 1.21106651e+02
 9.63179321e+02 4.10908417e+02 4.47059717e+03 2.77265930e+02
 6.80004883e+02 5.78268555e+03 9.45825882e+01 6.31717627e+03
 1.38756378e+02 3.44958527e+02 1.98936377e+03 1.03065094e+02
 1.07803577e+03 1.36952119e+04 1.39399963e+02 3.17522034e+02
 2.36787988e+03 7.25596497e+02 3.55106421e+03 3.31747778e+03
 2.42416031e+02 2.78178177e+01 8.63948120e+02 4.52861694e+02
 7.31311768e+03 2.17096359e+02 2.72996582e+03 3.56813080e+02
 1.77093018e+03 1.41121124e+02 2.45526047e+02 3.58404884e+01
 3.65185394e+02 3.00483704e+02 1.53269684e+02 5.52057617e+02
 8.92354187e+02 1.37986954e+02 9.70253601e+01 9.03484436e+02
 3.05128387e+02 7.21646973e+02 4.61684961e+03 9.33624023e+02
 1.97691699e+04 8.68022852e+03 3.63737598e+03 1.27685232e+01
 3.06676147e+02 3.53105957e+02 2.14595051e+01 5.24931946e+02
 5.93629541e+03 5.14117126e+02 5.53007080e+02 1.15152295e+03
 1.66325836e+02 2.97792023e+02 7.89234912e+03 9.63451843e+02
 7.48391484e+04 1.02162793e+04 4.80360962e+02 7.72618281e+04
 1.14073376e+03 7.23669983e+02 1.13421375e+03 1.34929028e+03
 4.24852905e+01 9.70687622e+02 3.56091797e+03 2.29368994e+03
 1.63873901e+02 6.10771973e+03 6.88578516e+03 1.49668945e+03
 5.76627197e+02 7.37493774e+02 9.31541321e+02 2.02037628e+02
 4.06905632e+01 8.37269836e+02 2.50704834e+03 8.20012146e+02
 5.28130249e+02 1.22007317e+02 5.36816528e+02 3.72106211e+04
 5.98648254e+02 6.42019629e+03 1.89994705e+02 8.86865723e+02
 2.55553467e+02 2.23229218e+02 2.56277954e+02 7.38531836e+03
 1.36378652e+04 1.01429279e+03 2.15949631e+02 3.29983398e+02
 7.88008301e+02 3.03930542e+02 1.59439038e+03 3.06051523e+04
 8.50624268e+02 4.39607239e+02 2.47530249e+03 6.03181091e+02
 6.49886621e+03 4.91235352e+01 1.46987305e+03 9.18082031e+02
 8.57212158e+02 8.79558838e+02 1.64142838e+02 2.62282745e+02
 2.86827612e+00 7.64155457e+02 2.46544388e+02 5.47318237e+02
 1.32437790e+02 1.06032280e+02 5.33402588e+03 2.87581238e+02
 1.85876660e+03 1.96885596e+03 4.21383781e+01 4.91745752e+03
 3.76053047e+00 1.53731934e+03 1.17371613e+02 2.91414520e+02
 2.66954121e+04 3.46110138e+02 7.04353821e+02 2.97716260e+03
 6.15165039e+02 3.28647881e+01 2.08861255e+03 1.41272083e+03
 4.54248322e+02 1.49467322e+03 1.92773285e+02 1.38970972e+03
 7.62682520e+03 3.31171814e+02 7.71256042e+02 1.31726181e+02
 9.91864319e+02 3.77609844e+04 8.68508224e+01 6.17059250e+01
 4.23663281e+03 1.99374548e+03 1.83883765e+03 9.87833984e+03
 2.44556787e+03 1.07262781e+03 2.52376074e+03 1.17789316e+04
 3.26514478e+03 1.42374097e+03 1.09578369e+03 1.53428040e+02
 9.14882996e+02 2.77789215e+02 2.30532324e+03 3.75969995e+03
 3.22699219e+02 3.10958765e+03 2.74490417e+02 2.94201233e+02
 2.54727466e+03 4.23190125e+02 1.73243311e+03 1.01130104e+02
 8.87561157e+02 1.91683426e+02 1.29503231e+01 6.19398682e+03
 2.92719910e+02 1.89051257e+03 1.89376868e+03 1.21232520e+03
 1.13124611e+02 1.06254883e+02 1.29633133e+02 3.87560654e+01
 1.50651978e+02 4.33508984e+03 3.98356700e+00 6.62081970e+02
 1.24735303e+04 8.03876587e+02 6.97556152e+02 1.84992070e+04
 2.30648047e+03 5.94505653e+01 1.25188892e+03 3.27393237e+03
 6.33435974e+02 2.30968970e+03 5.70104675e+02 6.51758105e+03
 7.38595947e+03 3.18517944e+02 8.41098145e+02 4.67664453e+03
 4.95387726e+01 1.08391121e+02 2.94013770e+03 4.63431625e+01
 1.40448662e+04 4.03706299e+03 2.97014160e+02 1.99466248e+02
 6.07782654e+02 9.03740723e+03 7.30138794e+02 7.38141937e+01
 1.30791397e+02 1.74667175e+02 1.40115845e+02 2.67376587e+02
 3.19514069e+02 5.73560669e+02 1.97294312e+03 3.90662567e+02
 2.17471161e+02 1.24223808e+02 1.94337500e+03 4.22406445e+03
 1.60872925e+03 4.38424896e+02 2.77937603e+00 9.78858691e+03
 8.04776855e+02 2.07311600e+02 7.30759766e+02 1.52746658e+02
 1.16251167e+02 2.42682770e+02 2.27996973e+04 1.40674606e+02
 1.29455738e+01 1.15020300e+03 7.35793823e+02 1.21462685e+02
 2.62862871e+04 2.68286987e+02 2.15099091e+02 3.09129730e+02
 1.70516281e+02 2.29304785e+03 1.09392029e+03 3.32506866e+02
 9.08395996e+02 9.84033386e+02 8.33790512e+01 7.25149597e+02
 7.09041138e+01 2.84132446e+03 2.25026465e+03 2.81358215e+02
 2.74906519e+03 9.97160461e+02 7.24631470e+02 2.55824487e+03
 3.01289893e+03 3.34543060e+02 7.10479370e+02 1.02326324e+03
 6.51773621e+02 2.26756821e+02 1.50673926e+03 3.08831860e+03
 1.98441757e+02 6.41404266e+01 2.50220020e+03 2.49084885e+02
 5.05125732e+02 7.64548218e+02 3.51632397e+03 7.64718689e+02
 4.98526917e+01 4.20793243e+02 3.02434357e+02 1.71834930e+02
 1.10735687e+02 2.42215897e+02 1.20071985e+03 5.67715637e+02
 1.00425941e+02 1.17734421e+02 1.28559311e+02 4.35358447e+03
 1.83771194e+02 2.13099902e+03 3.80318878e+02 8.54970703e+03
 3.67834741e+03 2.42500073e+03 7.03174023e+03 1.29341644e+02
 3.72979431e+01 1.17833770e+04 3.13621777e+03 8.66900574e+02
 6.10101562e+03 1.39930710e+02 1.54109680e+03 4.65573975e+03
 1.73374817e+03 5.51996643e+02 9.70944580e+02 2.44857498e+02
 1.97425146e+03 1.67067773e+03 3.82732025e+02 1.01641174e+02
 6.70700195e+02 1.34700403e+03 7.10100830e+02 2.44480078e+03
 4.38394629e+03 2.79870938e+04 8.30980072e+01 1.24676247e+02
 1.12137215e+02 1.27964340e+02 3.49834229e+02 1.03023308e+02
 6.28736621e+03 4.78721771e+01 5.50476221e+03 3.19929230e+02
 1.95430435e+02 1.75181787e+03 1.31729950e+02 1.06086572e+03
 1.25324634e+03 1.89432971e+03 6.55001678e+01 9.08003998e+01
 8.76063293e+02 1.55260284e+02 8.37526672e+02 4.69512291e+01
 1.16671394e+02 1.35833301e+03 9.47373581e+01 1.39861826e+04
 2.32992874e+02 9.07585220e+01 1.23870557e+03 3.11499902e+03
 1.86349146e+03 1.49218262e+04 2.15676709e+03 9.84414160e+03
 9.70237915e+02 3.28774223e+01 4.65430389e+02 1.37082690e+03
 3.56787109e+04 1.33605078e+03 1.20379199e+04 2.29888592e+01
 9.27098242e+03 3.17287207e+04 7.84960480e+01 5.22632617e+03
 1.10002576e+03 2.54380347e+03 2.02301300e+02 1.38899475e+03
 2.86558423e+03 1.89508331e+02 4.95617627e+03 4.46168652e+03
 1.80527191e+02 1.21408539e+02 1.13805164e+03 5.70284119e+02
 1.46222549e+04 9.32375586e+03 6.85821915e+01 3.47171539e+02
 3.40329023e+04 1.43007996e+02 3.61665588e+02 1.88755823e+03
 4.25673645e+02 1.73725562e+03 6.73580994e+02 4.24377747e+02
 2.97307300e+03 2.05588159e+03 7.70255798e+02 1.90048584e+03
 5.40287939e+03 2.66773584e+03 3.56221069e+03 5.43409668e+03
 8.13687286e+01 1.11157646e+02 1.03504662e+02 1.24082306e+02
 4.37697632e+02 5.50978271e+02 2.02737280e+03 1.53091293e+02
 3.42196924e+03 5.99273486e+03 4.76629004e+03 9.03823547e+02
 4.77149078e+02 1.48734900e+03 7.05951172e+02 1.61964050e+02
 9.43673767e+02 5.05027557e+02 1.47988556e+02 1.22729236e+03
 2.81444061e+02 9.51409454e+01 4.17600830e+02 5.30995056e+02
 9.11800547e+04 2.12093457e+03 2.88333160e+02 1.39112891e+03
 1.60234642e+01 1.25595490e+02 1.27891579e+02 3.03544102e+01
 9.00949402e+01 1.27864540e+02 1.85198523e+03 3.45049896e+02
 3.35001758e+03 9.04750122e+02 5.54971924e+02 1.15491936e+02
 5.71066399e+01 2.67320859e+04 5.22125732e+03 1.24652429e+03
 1.77895706e+02 2.70835474e+03 2.45153904e+01 1.60933975e+02
 1.97707901e+02 4.70181934e+03 2.20216431e+03 1.97894214e+03
 1.35392932e+03 2.04001434e+02 3.31713837e+02 6.90600342e+03
 2.42384090e+01 7.16966125e+02 8.20865430e+03 6.73857861e+03
 5.38435242e+02 7.87135468e+01 6.08251221e+03 6.32185974e+02
 4.28205029e+03 4.61425066e+00 1.06285352e+03 4.14385352e+03
 2.03571365e+02 1.66684851e+03 1.53900131e+02 1.33631807e+04
 6.14911255e+02 9.24351318e+02 1.20758148e+02 1.08126270e+03
 4.72802826e+02 9.97990051e+02 1.28468481e+03 2.13120499e+02
 1.22044472e+02 6.72521301e+02 2.52035873e+02 7.41264725e+01
 2.05847485e+03 4.15932892e+02 1.94911194e+02 1.11565712e+02
 1.49736649e+02 2.99602871e+01 1.87613926e+04 1.92238251e+02
 2.40197159e+02 7.25568665e+02 1.89066406e+03 3.08852930e+04
 1.35376289e+04 6.61363373e+01 1.58512222e+02 1.72181763e+02
 3.18030853e+02 1.72654321e+03 1.42428375e+02 4.84527283e+02
 2.57073242e+02 1.53290207e+02 8.70098938e+02 2.74547480e+04
 8.55954102e+03 1.84467920e+03 8.52713501e+02 1.47919250e+02
 2.50288818e+03 9.00124316e+03 9.01286987e+02 1.64727844e+02
 1.49882690e+02 1.86056055e+03 5.08493103e+02 6.92778906e+03
 7.59815674e+02 1.28350906e+02 3.85644714e+02 1.33841934e+02
 2.47923022e+03 1.92205039e+04 2.84037378e+03 1.98651099e+03
 1.70426468e+02 1.05034615e+02 7.52444727e+03 1.85030640e+03
 1.71036267e+03 3.62245514e+02 4.69773438e+02 2.33444424e+01
 1.16076981e+02 2.13908813e+02 1.38795029e+02 1.46757355e+01
 2.22146133e+02 1.02944199e+02 2.93252258e+02 3.25857593e+03
 1.88836823e+02 6.23424744e+02 7.71836548e+02 1.36840637e+03
 4.92343445e+01 1.75902664e+02 1.00479126e+03 2.45687158e+03
 1.24031475e+04 2.07299591e+02 6.15118042e+02 4.13319349e+00
 1.52641724e+02 4.86164169e+01 2.28337601e+02 1.90322891e+02
 5.00318336e+01 1.62778479e+03 5.78964258e+03 4.30511292e+02
 2.40233139e+02 6.24848975e+03 1.11549719e+03 7.46783829e+01
 1.63441864e+02 2.66260723e+04 1.62854523e+02 1.21500317e+03
 2.02526760e+01 1.66806244e+02 1.21439018e+02 2.11986267e+02
 3.52926538e+03 6.31870789e+02 5.59316467e+02 8.96955200e+02
 5.22172607e+02 1.40891003e+03 9.48618835e+02 3.39796600e+02
 7.33743591e+02 1.00283612e+03 8.75112061e+02 1.00519897e+02
 1.79578943e+03 3.81189819e+02 9.88603149e+02 1.47013477e+03
 2.10810742e+04 1.37369461e+02 6.71096631e+03 4.23577820e+02
 1.19322418e+02 3.19629272e+02 2.33791138e+03 9.99122363e+03
 1.11507339e+02 9.13531555e+02 4.55720612e+02 1.40955902e+02
 3.12271875e+03 8.61218079e+02 3.23731445e+02 5.56072632e+02
 1.45219818e+02 3.22223701e+01 3.64879443e+03 6.50792188e+03
 1.48192212e+03 1.68495117e+02 4.96906616e+02 6.55973196e+00
 8.29891663e+02 5.22836426e+02 6.92069385e+03 1.14566467e+03
 1.53398392e+02 2.00185883e+02 1.19297058e+03 7.86660938e+03
 2.98923615e+02 1.12692154e+02 1.40962024e+03 4.16281006e+02
 1.05780518e+02 7.45328857e+02 6.56947803e+03 1.34548340e+03
 4.32169238e+03 1.78715073e+02 1.08637910e+04 1.67034824e+04
 1.92164825e+02 1.90757715e+04 1.28956787e+03 1.52149756e+03
 9.40340039e+03 2.96397858e+02 3.50331567e+03 1.20890868e+00
 5.79885559e+02 2.47556351e+02 3.35692291e+02 3.85842560e+02
 5.47491577e+02 6.37796387e+02 1.29924561e+04 9.74030396e+02
 1.15829141e+04 3.65029831e+01 3.59544281e+02 3.35631274e+03
 1.86312183e+03 1.93208740e+02 1.14365097e+02 1.85683179e+03
 1.11261948e+02 9.21607208e+01 4.74762451e+02 1.93476367e+03
 1.25894055e+03 1.77083911e+03 1.04289170e+04 7.43981323e+02
 3.88442109e+04 1.62968945e+03 2.14489761e+02 1.37071518e+02
 1.19038330e+03 1.18859970e+02 2.50949650e+01 4.47158165e+01
 8.62371159e+00 1.24859917e+02 1.27308014e+02 9.30854492e+02
 8.98035034e+02 1.36282013e+02 5.97588379e+02 6.08362244e+02
 6.25065613e+02 7.41664551e+02 4.88701210e+01 9.27658386e+02
 1.08590546e+02 1.27053496e+04 7.55121521e+02 8.22954712e+02
 8.13186377e+03 2.41140015e+03 9.91229980e+03 1.36786179e+02
 4.11792572e+02 3.56510327e+03 1.40525787e+02 6.61306396e+02
 6.61606064e+01 7.27835327e+02 7.31922668e+02 3.87917862e+01
 3.66741714e+01 9.15318203e+00 1.03163788e+02 1.54954675e+03
 1.70261978e+02 1.06363745e+03 2.46976367e+03 8.29299414e+03
 7.82381592e+02 7.77241135e+01 4.52162140e+02 2.70706592e+03
 1.03155052e+02 3.13171082e+02 2.38638901e+02 5.01999378e-01
 1.38364196e+00 2.64201508e+02 1.19704475e+02 1.26898535e+03
 6.33553833e+02 3.65540234e+03 4.98460645e+03 6.08452148e+02
 2.88393280e+02 2.05678986e+02 5.27662646e+03 8.63253188e+05
 3.82908960e+03 1.22120125e+02 3.14676933e+01 1.72910293e+04
 6.24221252e+02 1.38076523e+02 3.65840283e+03 4.83434814e+02
 5.87815369e+02 1.18068018e+03 4.77636780e+02 1.40098457e+04
 5.20999805e+03 4.04850525e+02 3.87688751e+02 3.92540063e+03
 2.00600378e+03 1.70940918e+02 4.37562775e+02 1.93968964e+02
 8.59196777e+02 1.31598828e+03 1.30109802e+02 2.00756058e+02
 9.26491504e+03 9.75053310e+00 1.37408701e+04 1.56190063e+02
 2.38573105e+02 3.34845917e+02 2.65053616e+01 5.61939336e+04
 7.92605225e+02 4.07970154e+02 5.93239929e+02 6.95707568e+03
 1.47679260e+02 1.90437097e+03 8.18839478e+02 1.07284827e+03
 7.12368774e+01 9.62740295e+02 4.24191846e+03 6.65275146e+02
 1.30569244e+02 9.23962280e+02 6.83223328e+02 3.72888611e+02]
4254.4683
863253.2
