[2.56740469e+04 7.82472916e+01 3.29151831e+03 3.38172119e+02
 1.77582169e+02 2.04076721e+03 1.09435352e+03 2.73055625e+04
 1.58871357e+04 1.23499072e+03 1.70067969e+03 1.34615002e+03
 4.94671204e+02 2.34964691e+02 1.49076904e+03 6.34296289e+03
 1.00609492e+04 9.58713989e+02 2.42194556e+03 3.74805981e+03
 9.01676697e+02 1.76097580e+02 9.14210375e+05 5.69824805e+03
 1.08655861e+02 3.21982695e+04 6.35827100e+03 6.07676221e+03
 5.24403137e+02 1.59809540e+02 5.52849170e+03 2.62566235e+03
 3.30517847e+03 6.49828796e+01 1.41082949e+04 3.69197485e+03
 3.15709190e+01 4.66949997e+01 6.10426819e+02 4.70984802e+02
 1.01639707e+04 5.50558057e+03 1.43980591e+03 1.64834668e+03
 2.04829199e+04 2.85273376e+02 2.85885284e+02 1.79010303e+03
 1.44135849e+02 7.94194482e+03 8.41184387e+02 1.65995007e+03
 2.85548615e+02 5.12099062e+04 4.33470062e+02 9.05930328e+01
 1.79968738e+03 1.09345386e+03 6.18579883e+03 1.35664661e+03
 1.22810095e+03 4.81755469e+03 1.46867224e+03 1.11415527e+03
 6.32956123e+01 3.73806104e+03 1.06027637e+03 2.75379517e+03
 1.22228040e+03 6.82371777e+03 6.82084503e+01 3.53217139e+03
 1.20443428e+02 3.61333038e+02 1.37044446e+03 4.65326538e+02
 1.99103775e+02 1.13244385e+03 9.22622528e+01 6.86890771e+03
 6.93982117e+02 9.05503418e+02 7.34318466e+01 1.22992883e+03
 2.15680542e+03 1.32566366e+01 6.03933449e+01 1.67151135e+03
 1.23986316e+03 3.37349609e+03 1.20992109e+04 3.99653086e+04
 9.98576233e+02 6.79077100e+03 2.20530020e+04 1.54296606e+03
 2.55525864e+02 5.17625549e+02 7.37191602e+03 5.70758667e+02
 3.48848389e+02 1.44507111e+02 1.95732117e+02 1.67424878e+03
 9.80130737e+02 3.59177246e+03 1.68009680e+03 1.32283813e+03
 5.32274292e+02 5.48777504e+01 2.43791290e+02 1.76097885e+02
 2.73636658e+02 1.25205063e+02 2.79631195e+02 1.11596362e+03
 1.03272583e+02 5.94350781e+03 2.03289795e+03 5.56038147e+02
 1.08358418e+04 9.14462793e+03 2.21742554e+03 4.60256680e+04
 1.60599670e+02 8.78515167e+01 8.36783752e+02 1.19127892e+02
 2.36898486e+03 2.53010205e+03 3.82463892e+03 1.48165942e+03
 4.60798096e+02 1.81155136e+02 1.31472742e+03 8.37018372e+02
 3.26146736e+01 2.06546982e+02 7.13790710e+02 7.14009827e+02
 2.96922168e+03 5.01137549e+03 6.11960876e+02 8.28959900e+02
 3.50107446e+03 3.28012024e+02 7.67153503e+02 7.72400635e+03
 4.73637634e+02 1.10593330e+04 6.17762024e+02 1.46682666e+03
 7.11745148e+01 8.41866760e+02 2.57398242e+03 3.82179126e+03
 6.06848297e+01 3.69320850e+03 1.75278992e+02 3.71098984e+04
 3.05461816e+03 8.60480652e+01 3.01082916e+02 2.14293808e+02
 1.32505035e+02 1.99459610e+02 2.42972583e+03 4.06835388e+02
 5.53414062e+02 4.28237891e+03 2.60922470e+01 3.54853302e+02
 3.13436462e+02 2.07129044e+02 8.39528516e+03 1.38087756e+03
 1.34394556e+03 4.29176788e+02 3.66737762e+02 2.48619019e+03
 1.79433484e+03 8.00759521e+02 5.08575684e+03 7.11737793e+02
 3.75530205e+01 3.77940430e+02 2.88980652e+02 1.80790332e+03
 1.40657349e+03 2.00024109e+02 6.55029736e+03 4.98269440e+02
 7.89341125e+01 8.08511780e+02 2.26125020e+04 2.46920261e+01
 1.05608337e+03 1.31884143e+03 3.56285858e+02 2.92424438e+03
 1.29451306e+03 9.81118958e+02 1.88840256e+02 1.72358325e+03
 1.77649922e+04 2.86780508e+04 1.70303540e+03 1.29310803e+03
 2.39207039e+01 9.01100311e+01 1.06580859e+03 2.21540009e+02
 4.57682678e+02 6.46952393e+03 5.36390576e+03 1.22796310e+02
 5.13532837e+02 4.18617935e+01 5.07819092e+02 4.16065178e+01
 1.40269531e+02 1.41432465e+02 2.44864182e+02 1.68026191e+04
 1.01997217e+03 4.51407074e+02 3.72860034e+03 1.63981201e+02
 1.45587601e+02 3.39587616e+02 1.82030737e+03 3.72738609e+01
 2.80481812e+02 2.60858978e+02 4.10478287e+01 9.05991797e+03
 3.37512573e+03 9.21212234e+01 9.79780884e+02 2.56922913e+02
 5.28995667e+02 1.01652295e+03 9.36443237e+02 9.88594238e+02
 3.12511047e+02 3.89286407e+02 1.63178291e+01 5.28848816e+02
 3.02503479e+02 1.18334406e+05 5.85965942e+02 2.93743384e+03
 2.33368384e+03 1.16754433e+02 2.03096741e+03 5.04890022e+01
 8.59400085e+02 3.09719372e+01 1.93763501e+03 5.55735229e+02
 2.16974707e+03 2.51017920e+03 1.74902966e+03 1.59429004e+03
 1.27205933e+02 1.61661606e+02 1.87273880e+02 1.80221545e+03
 2.82542407e+03 9.08715698e+02 3.19767933e+01 1.83850234e+04
 1.45651306e+02 1.14077454e+03 1.20639062e+04 1.07950745e+03
 2.29091968e+03 1.51078936e+04 2.29941940e+02 2.18132373e+03
 3.64375562e+03 2.67122876e+03 1.74486603e+02 8.53204407e+02
 4.59721069e+01 4.13151031e+02 3.14283199e+01 1.26382178e+03
 1.08081506e+03 1.09135283e+04 1.00620484e+05 1.90654938e+02
 2.33801514e+03 1.12579216e+02 4.15382538e+02 8.80169189e+02
 9.58550537e+02 4.89743896e+03 1.02403184e+04 1.02374017e+03
 3.46326538e+02 1.16117821e+02 4.86965485e+02 4.42972809e+02
 2.11436865e+03 3.27626680e+04 1.49965698e+02 6.34830688e+02
 1.25367529e+03 1.73570007e+02 4.99835358e+02 3.49565088e+03
 4.36248828e+03 7.82656799e+02 2.82737808e+01 2.72541718e+02
 4.84325000e+03 8.79752344e+03 2.72108984e+03 1.15809631e+03
 2.96235693e+03 1.63700574e+03 3.95947485e+03 4.05034131e+03
 8.48627869e+02 1.64620154e+03 1.43220779e+02 1.69261612e+02
 8.31893188e+02 9.32722092e+01 1.33146667e+02 1.48257019e+02
 1.01797443e+03 2.41651538e+03 6.58525330e+02 7.30665588e+02
 1.43186218e+02 5.19630920e+02 7.48128320e+03 7.55649757e+00
 3.47187958e+02 1.11430684e+04 2.27216748e+03 1.06384707e+04
 1.05192590e+03 3.32604919e+02 1.94699860e+02 7.58929993e+02
 1.14929932e+04 1.33553040e+02 5.52685791e+03 9.79340781e+04
 7.35115814e+01 2.67758960e+03 4.16655713e+03 1.61430084e+02
 1.39272595e+03 1.54870560e+02 2.81448804e+03 1.21686951e+03
 6.38812305e+03 2.50888125e+04 1.52188809e+04 2.37414902e+02
 2.03746953e+04 2.69568281e+04 3.55424385e+01 1.41939209e+02
 6.25901094e+04 2.11242828e+02 1.52028564e+03 1.65402661e+03
 7.55673750e+04 1.51273788e+02 1.44205518e+03 1.21158154e+03
 8.60573486e+02 1.98590295e+03 2.50348206e+01 2.08679214e+02
 2.00439392e+03 9.04608203e+03 1.79533535e+04 4.52982635e+01
 2.10824539e+02 6.44375610e+02 3.43758942e+02 2.11431564e+02
 2.26822098e+02 1.59333649e+02 3.14083472e+03 3.53119011e+01
 1.32158524e+02 3.30363794e+03 2.01562119e+02 3.88817627e+02
 1.20325981e+02 1.07269580e+04 8.91808796e+00 1.05947959e+04
 9.10681915e+01 8.87117249e+02 1.88990067e+02 4.32369598e+02
 4.37110645e+03 1.23878784e+03 9.21753235e+02 4.54546387e+03
 1.15961438e+05 1.35386536e+03 2.11977734e+03 1.70531201e+03
 4.54530029e+02 1.01625232e+03 2.54626270e+03 3.18455566e+04
 5.04316711e+01 9.45524658e+02 7.98559229e+03 4.17421455e+01
 9.92351172e+03 5.86849289e+01 2.55704517e+01 1.71716270e+04
 2.92058325e+03 9.34508362e+02 1.39363293e+03 5.06292847e+02
 1.93571631e+03 2.50469800e+03 3.18809741e+03 3.89711945e+02
 4.71934387e+02 3.98152773e+04 3.60384827e+02 3.59878235e+02
 4.44460876e+02 1.06263962e+02 4.50633984e+03 7.41429138e+02
 7.13988135e+03 2.50939087e+03 2.56582666e+03 3.55112801e+01
 3.58238640e+01 1.60645996e+03 5.06822876e+02 6.61222705e+03
 8.49465637e+02 6.78174988e+02 4.41050049e+02 5.50942969e+03
 4.03817566e+02 6.80596375e+02 4.27116357e+03 1.04532463e+02
 2.49899878e+03 2.51864111e+03 1.60139978e+03 7.38106873e+02
 7.24033386e+02 1.62842178e+02 1.63705835e+03 1.67049225e+02
 6.15259521e+02 3.22657349e+02 1.21322644e+03 1.01491266e+03
 4.18147461e+02 4.41155060e+02 3.26994324e+02 1.89998743e+03
 5.85603065e+01 4.68779449e+02 1.49240280e+02 1.79888245e+02
 1.26068764e+02 2.71116150e+02 6.55846375e+02 2.20444141e+03
 1.58892871e+03 2.97273560e+03 6.20746918e+01 1.93728723e+03
 1.57868530e+02 2.16328461e+02 1.29552332e+03 1.45098865e+03
 8.50835205e+02 1.04293152e+03 5.92277649e+02 2.72864868e+02
 9.18152954e+02 1.05936731e+03 1.43735285e+01 6.18281984e+00
 1.32872791e+03 1.43263086e+04 3.18246802e+03 1.06394531e+03
 4.30461945e+02 1.64977222e+03 7.95593604e+03 1.92995007e+03
 4.49630005e+02 5.28552002e+02 6.01420105e+02 1.39753994e+04
 6.00341309e+02 9.65355652e+02 1.55364563e+02 3.01004395e+03
 6.15947205e+02 3.05318481e+02 4.81524780e+02 1.47063440e+03
 4.46812164e+02 5.10634155e+02 2.93092920e+03 4.03022675e+02
 1.72364838e+02 5.48984297e+04 1.48455823e+03 1.11418457e+03
 4.43885071e+02 1.06000940e+03 1.26860522e+03 1.43204089e+03
 8.42160339e+02 2.13410187e+01 4.13973004e-01 6.89496384e+01
 1.79337845e+02 1.08833398e+04 1.02043915e+03 1.49530078e+03
 8.44046173e+01 3.84861359e+02 7.66386795e+01 3.00424538e+01
 9.40741406e+03 7.93396582e+03 3.49666687e+02 9.20697498e+00
 3.35740547e+01 5.16418152e+02 8.21929785e+03 2.03522934e+02
 9.62454199e+03 3.09689178e+02 3.46111060e+03 8.23000977e+02
 6.90099426e+02 1.07090820e+03 2.13914597e+02 6.66701660e+02
 1.53258228e+03 1.38266663e+02 1.98978939e+01 8.07745422e+02
 1.32924390e+03 2.39699805e+03 3.31504272e+02 6.65414047e+01
 4.24944336e+02 8.24223206e+02 6.29363037e+02 1.11375752e+04
 2.31901588e+01 4.80114288e+01 2.86960449e+01 1.40317896e+03
 4.56273468e+02 8.82251758e+03 6.48013965e+03 1.46322900e+03
 2.00195786e+02 1.09759497e+03 6.29121777e+03 1.62441666e+02
 1.04427109e+04 3.18497086e+01 4.69057666e+03 1.14962363e+04
 3.95332861e+03 1.28399502e+04 2.63802032e+02 2.59321045e+02
 1.11129675e+03 9.96915131e+01 5.77934814e+03 6.47242920e+02
 4.69309418e+02 2.79610254e+03 6.91957959e+03 3.22299805e+02
 1.75521045e+03 5.48324768e+02 1.39212148e+04 3.20718964e+02
 5.51517334e+03 3.95415723e+03 8.15585571e+02 1.04514885e+02
 2.87665527e+03 1.12185303e+03 1.22424515e+02 8.09547241e+02
 3.10793652e+03 6.12862305e+03 3.18180634e+02 3.97593384e+01
 1.64309629e+04 3.07560181e+02 3.62529633e+02 1.29839172e+03
 1.48065156e+04 1.26055298e+03 2.07380449e+04 2.82411621e+04
 1.55423187e+02 3.58900177e+02 1.20710159e+02 1.34409393e+02
 4.31979785e+03 1.35883154e+04 3.30793970e+03 9.79314728e+01
 9.02443359e+03 3.31800366e+03 1.86378528e+03 1.12292145e+02
 3.19306030e+02 1.85747778e+03 4.02033905e+02 6.60813110e+02
 4.28823340e+03 1.36968842e+02 4.61701172e+03 6.45576965e+02
 1.52105818e+01 6.31698682e+03 1.51445276e+03 3.31519922e+03
 2.13853547e+05 2.65284805e+01 4.79875412e+01 3.17760327e+03
 6.43372269e+01 3.69304161e+01 2.70699829e+02 4.67987732e+02
 7.54216919e+02 1.92068977e+01 3.73646973e+02 8.63943750e+03
 8.83989380e+02 5.43564102e+04 4.80124609e+03 7.35743958e+02
 7.49039307e+02 2.98632578e+04 2.42418652e+03 1.83666968e+03
 2.68234802e+02 2.20554771e+01 1.52439224e+02 4.63954315e+02
 1.01901695e+02 4.29919043e+03 1.77785000e+04 1.29575366e+03
 1.99387375e+02 7.56020569e+02 3.83620529e+01 4.78024170e+03
 9.37925415e+02 6.04492950e+00 2.97704639e+03 7.37486877e+01
 3.56327591e+01 1.53951904e+02 2.61027100e+02 2.32292773e+03
 6.89675879e+03 8.66832352e+01 8.75853760e+02 3.33365204e+02
 1.00243851e+02 7.83427002e+02 1.02303839e+03 1.20278455e+03
 3.74934601e+02 1.61294876e+02 1.45470993e+02 3.84563232e+02
 8.27427734e+03 3.57462219e+02 4.98369019e+02 9.90211182e+01
 9.14829407e+01 3.74641457e+01 1.33858414e+02 2.97829494e+01
 4.38293518e+02 2.09642847e+03 3.56867615e+02 5.02189850e+02
 1.85536694e+03 1.17338654e+02 1.71942151e+03 1.03161157e+03
 6.70859985e+02 5.64437256e+01 8.29464111e+02 9.59859253e+02
 1.08757179e+02 2.47126312e+02 4.78046494e+01 2.47137711e+02
 2.68323730e+03 6.48068665e+02 1.69636865e+03 6.13630420e+03
 3.63193359e+02 4.89458313e+02 5.65578857e+03 4.80886444e+02
 4.67813574e+03 1.02311060e+03 7.36038452e+02 2.09887955e+02
 2.77227515e+03 1.64316953e+04 1.46268295e+02 1.64911963e+03
 1.33763962e+02 2.53321289e+02 3.22805298e+03 9.41200195e+03
 4.08607349e+03 6.84574646e+02 3.60621155e+02 2.59778229e+02
 5.39557471e+03 3.42772430e+02 3.41301719e+04 7.91067139e+02
 1.39324902e+03 8.46659184e+00 1.27539868e+03 1.47847437e+03
 1.75600220e+03 6.23758850e+02 3.28727509e+02 1.80584998e+03
 8.05966644e+01 1.26957619e+02 3.85747192e+03 1.06549294e+02
 3.25327454e+02 7.41131470e+02 3.67647919e+02 1.36556162e+04
 3.04672272e+02 2.13125763e+02 1.00866455e+02 2.49518042e+03
 4.82474304e+02 2.71320386e+03 2.26397656e+04 3.07688568e+02
 6.09374922e+04 7.91114075e+02 8.27111694e+02 3.28790985e+02
 3.59792725e+02 2.25972656e+02 1.05740759e+03 1.14096375e+03
 1.20882706e+02 1.80759241e+03 1.01734062e+04 6.67020020e+02
 3.16803540e+03 8.40825012e+02 9.47476641e+04 4.71490440e+01
 3.76625244e+03 3.43271411e+03 1.26890472e+02 5.75079688e+03
 3.35696869e+02 8.88711328e+03 1.78012943e+01 1.64827661e+03
 1.45574736e+04 5.71039978e+02 2.29285156e+03 1.01118561e+03
 8.96435449e+03 1.17269006e+03 1.06840684e+04 3.48880035e+02
 4.43068896e+03 3.55538452e+03 2.31508374e+03 8.63729370e+02
 8.38779053e+02 6.92106787e+03 6.79359521e+03 4.88163135e+03
 6.50261377e+03 5.43096390e+01 4.13840973e+02 1.89388657e+02
 9.79996460e+02 3.58501709e+02 1.09439189e+04 4.58961914e+03
 9.62685486e+02 2.01523056e+02 8.82568066e+03 1.18434924e+03
 7.37538147e+02 5.31241748e+03 3.93604126e+01 2.23608740e+03
 8.20610107e+02 1.37663223e+02 9.54417297e+02 2.27158887e+04
 1.17868457e+03 1.02958984e+03 6.55074036e+02 1.37610184e+02
 1.95206274e+03 3.04593067e+01 4.25042578e+03 1.34207474e+02
 5.45562744e+02 1.31055811e+03 7.59782715e+01 5.77947617e+04
 3.30617432e+02 1.79142883e+03 3.13693188e+03 2.33014114e+02
 2.39558746e+02 2.50276807e+03 7.28615341e+01 1.82553116e+02
 2.35563013e+03 2.86623022e+03 8.95387305e+03 5.97477100e+03
 2.41144730e+02 2.26749941e+04 4.39111115e+02 9.78635483e+01
 9.46125293e+03 2.43537085e+03 1.03374229e+04 8.88427856e+02
 3.76893890e+02 1.90629431e+03 8.05577576e+02 3.77310791e+02
 4.07356152e+03 3.54396362e+02 1.53251251e+02 4.72778717e+02
 2.05352759e+03 1.58311646e+02 1.32222275e+02 2.37222778e+03
 1.78512793e+03 1.12666699e+03 1.33442297e+03 1.55883350e+03
 2.63890228e+01 3.48024200e+02 1.09618965e+02 5.95168274e+02
 1.27892959e+04 3.94739960e+02 5.97754258e+04 8.76403564e+02
 6.45153008e+04 2.93070068e+02 3.81263092e+02 1.64319092e+02
 2.84361298e+02 9.40700867e+02 4.61106396e+00 1.13571312e+02
 3.23427463e+00 4.16519890e+01 2.52492505e+03 4.26455713e+03
 1.42384834e+04 1.86189117e+02 1.27141394e+03 6.70917603e+02
 1.60814804e+02 5.71657898e+02 7.38684875e+02 2.23981797e+04
 3.45719566e+01 1.10704797e+03 2.77901215e+02 3.07496802e+03
 1.34610352e+03 8.22468796e+01 1.45924180e+04 4.74389572e+01
 5.07775928e+03 8.74441711e+02 4.96546844e+02 1.35248550e+02
 1.13934287e+04 1.31486771e+02 1.16456116e+03 2.94393654e+01
 6.13333557e+02 7.67342102e+02 1.34445923e+03 3.66958984e+04
 4.34712012e+03 1.96096390e+02 1.60144104e+02 3.42002045e+02
 1.16294563e+02 7.52349091e+01 5.03762939e+03 1.85072250e+02
 4.60234589e+02 6.91841370e+02 6.31865662e+02 3.81590088e+03
 5.57090430e+03 2.48076752e+02 2.39467972e+02 6.17711121e+02
 7.86491577e+02 5.81939893e+03 9.00167285e+03 1.25307349e+03
 4.85931689e+03 4.75514679e+02 9.63174316e+02 3.43865531e+05
 1.01976257e+03 8.65087708e+02 1.85540332e+03 4.01442871e+03
 1.70535669e+03 1.41504684e+02 1.48652393e+03 1.50526428e+03
 8.34463318e+02 1.35936722e+02 1.38402722e+03 2.06665762e+04
 5.40244531e+03 1.24343391e+02 2.87855176e+04 2.57864819e+03
 4.38204883e+03 2.50384058e+03 4.34671249e+01 8.82808167e+02
 3.87039215e+02 1.49154236e+03 4.96814551e+03 9.31118927e+01
 1.26477637e+03 3.97903735e+03 5.18984436e+02 2.83976898e+02
 2.34134644e+03 7.85160889e+02 4.61763336e+02 7.41471777e+03
 6.11036499e+02 1.13107654e+03 5.54620132e+01 4.77193726e+02
 7.05283105e+03 3.79471851e+03 8.30988831e+02 4.47441455e+03
 2.03525867e+03 9.41680847e+02 5.32195605e+03 1.22879375e+04
 5.00606781e+02 8.10639725e+01 3.72422791e+02 1.81733032e+03]
5298.513
914210.4
