[7.94869453e+04 7.43424225e+01 6.51641260e+03 1.30629961e+04
 4.07679688e+04 1.30641650e+04 7.85966797e+01 9.20258057e+02
 1.34680200e+03 9.43274609e+03 9.62345337e+02 2.64808418e+04
 6.71302422e+04 4.95143394e+01 8.73129293e-02 1.24650299e+02
 5.34517656e+04 1.89833008e+02 5.82328247e+02 1.89985430e+04
 1.04722571e+03 3.47478955e+03 3.60190938e+04 1.58992920e+03
 8.27543030e+01 9.69912578e+04 2.72047324e+04 7.61634216e+02
 7.74736572e+03 1.27039467e+02 1.22747253e+03 5.75434814e+02
 4.89863555e+04 1.06742500e+02 2.08499719e+05 1.73917383e+04
 9.16950798e+00 5.18745801e+03 3.13237637e+04 4.50901833e+01
 1.80887922e+05 1.59342761e+03 1.43494209e+04 2.82291621e+04
 1.24604346e+03 2.63032949e+04 3.78321899e+03 5.63139381e+01
 6.12351562e+03 4.06321188e+05 6.49207163e+00 4.40100037e+02
 6.33619461e+01 2.96016094e+05 8.82039337e+01 1.11731575e+02
 1.90454473e+04 4.28926855e+03 9.65745117e+02 8.84871063e+01
 2.15017212e+03 1.63916953e+04 4.02605103e+02 8.60312042e+01
 5.98392601e+01 5.50164102e+04 1.30365585e+02 8.38105316e+01
 1.49122393e+04 6.62019297e+04 3.64703125e+03 2.25674414e+04
 1.43814832e+03 1.01153652e+04 8.20906372e+01 2.17711380e+02
 2.25641510e+02 9.42553650e+02 8.07098999e+01 7.69627344e+03
 6.78340149e+01 1.22668663e+02 2.28841782e+01 1.06141167e+02
 2.27313599e+02 1.73749170e+03 4.35253564e+03 1.67230383e+03
 1.09850967e+02 3.55134766e+04 6.13286621e+02 4.54302246e+03
 8.24474716e+01 4.10612488e+02 1.93743398e+04 3.79820068e+02
 1.11474289e+02 5.23323059e+02 1.83369844e+04 9.92823505e+00
 1.59021260e+04 3.03048035e+02 6.62216797e+03 3.90820068e+03
 1.06227531e+02 4.65532532e+02 1.23678726e+02 4.70680811e+03
 5.25035744e+01 1.18244580e+03 3.45390961e+02 4.79469141e+04
 9.50734940e+01 8.44173828e+03 1.62792139e+04 9.34010544e+01
 6.26743317e+01 4.31480156e+04 2.36799297e+04 4.14989738e+01
 1.20889197e+03 8.12669861e+02 1.14586902e+03 5.05580029e+03
 4.85462112e+01 2.02242870e+01 1.85306911e+01 8.14399338e+01
 4.77747765e+01 5.54954834e+03 4.54746045e+03 7.48139267e+01
 4.72243311e+03 5.91877403e+01 1.44948857e+04 8.83338928e+00
 5.08482628e+01 7.78988232e+03 5.88799219e+03 4.51887207e+02
 1.44191006e+04 9.71079163e+02 4.52543469e+05 8.41125977e+02
 4.19121836e+04 8.05345276e+02 5.37861786e+01 1.77708867e+04
 1.79364844e+03 1.69608862e+03 5.38206250e+03 5.84444824e+02
 1.24462334e+04 1.57195480e+02 1.04903625e+02 8.82099838e+01
 4.61976471e+01 3.04513257e+03 1.15096367e+02 4.47235742e+03
 1.86448047e+03 3.97467065e+03 1.52741060e+01 4.92302979e+03
 8.92466614e+02 2.23375137e+02 7.24981592e+03 2.78492859e+02
 1.16033350e+04 2.58951230e+04 6.23545990e+01 2.80954707e+04
 3.13827545e+02 1.74618301e+02 1.50516403e+02 7.54776758e+03
 7.04804138e+02 6.30835342e+01 1.09722412e+02 9.99419375e+04
 1.84335879e+04 1.01692982e+01 5.75330566e+03 8.43512634e+02
 2.17067947e+02 2.69108917e+02 1.12709183e+02 5.18298836e+01
 1.82805527e+02 3.58719910e+02 2.47784609e+04 1.17180383e+03
 3.29367714e+01 9.25532910e+03 1.62589297e+05 5.93585701e+01
 2.08954736e+03 1.82000366e+02 1.35720215e+03 2.28042734e+04
 4.41526550e+02 1.75324883e+04 1.67438049e+03 1.10676134e+00
 4.16557764e+03 2.08715266e+05 1.33018835e+03 3.47373749e+02
 9.29386902e+01 1.91351395e+01 7.64445400e+00 1.38803116e+02
 2.11509415e+02 1.21385352e+04 5.93219421e+02 4.67776718e+01
 7.81684189e+01 3.80955391e+01 1.42912793e+03 2.27939377e+01
 1.27836212e+02 8.79254456e+01 5.30952490e+03 5.02630908e+03
 1.34106279e+04 1.22653242e+04 2.37751133e+04 4.03470230e+01
 7.73704492e+03 1.28502055e+05 7.61345520e+01 6.88046799e+01
 8.21611816e+03 1.26698364e+02 4.33362891e+03 1.17553296e+03
 9.61349678e+00 1.36542310e+03 7.87577930e+03 1.01563332e+02
 4.05588047e+04 4.56994820e+00 1.12674878e+03 1.64989219e+04
 3.93191699e+03 5.54120911e+02 5.79361914e+03 4.06467871e+03
 1.40180225e+04 4.38173926e+03 1.53472351e+03 3.22200957e+04
 4.58576172e+03 1.08414841e+02 1.02616768e+04 1.45094742e+02
 1.99218372e+03 3.12066681e+02 6.09283545e+03 1.00563203e+04
 4.80216625e+05 1.41255164e+03 4.16931689e+03 6.27563705e+01
 4.11773254e+02 9.91505280e+01 9.64672699e+01 6.80725830e+02
 1.61037756e+03 5.34413086e+02 2.57938452e+03 8.40251250e+04
 2.46484489e+01 7.71372412e+03 1.63574390e+03 1.01695049e+04
 6.71792432e+03 1.30479023e+05 1.01358688e+02 3.56776050e+03
 9.22029877e+01 1.51866406e+03 6.79640503e+01 7.84053574e+01
 8.13799805e+02 4.08634308e+02 5.01717133e+02 1.31628164e+04
 7.90228882e+01 2.10941934e+04 1.37256465e+04 6.75113678e+01
 7.94691467e+02 1.36253082e+02 4.34285107e+03 8.69635544e+01
 2.02173523e+02 1.66905586e+04 4.16628174e+02 1.28905869e+02
 2.23868057e+02 9.94842815e+00 1.45547412e+03 8.70385156e+04
 7.67472168e+02 1.57592471e+04 5.98453491e+02 2.73789233e+03
 1.32837927e+03 8.74518738e+01 1.49399242e+01 1.20507461e+04
 3.77554272e+03 1.06248047e+02 4.21743202e+01 2.24676819e+02
 2.91286011e+01 1.69457234e+05 3.02641724e+02 4.94445195e+04
 6.16071484e+03 2.74836243e+02 1.37579639e+04 8.07055054e+02
 8.85716641e+04 6.43097021e+03 4.69219678e+03 5.97215393e+02
 8.42744263e+02 1.22777563e+03 1.61090820e+03 2.89926025e+02
 1.12628387e+02 8.51781836e+03 5.35102979e+03 1.06882336e+03
 4.46477747e+00 1.21896753e+01 4.60112915e+02 6.00938749e+00
 1.20099464e+02 1.35484395e+04 7.62356104e+03 1.50457598e+04
 1.17083765e+03 6.23082924e+01 2.85991554e+01 4.77876221e+02
 6.99315391e+04 6.20416031e+01 5.23962148e+04 8.68026270e+03
 1.38319412e+02 8.02115332e+03 1.73893097e+02 1.33136699e+04
 4.48495469e+04 3.98426178e+02 1.08147549e+04 1.35326191e+04
 7.32361633e+02 5.63875793e+02 1.29150500e+03 1.72153702e+02
 4.56295078e+04 2.22154328e+05 5.84509964e+01 2.16593246e+01
 1.35471531e+05 1.01647955e+03 2.30290664e+04 1.05458887e+03
 1.59988740e+04 2.59844513e+02 9.82207870e+01 1.79381873e+03
 1.18014709e+03 1.36420088e+04 6.12513695e+01 9.22895584e+01
 1.50378784e+03 9.01543984e+04 7.68772559e+03 1.09824199e+04
 4.64997217e+03 1.67586875e+04 4.45618629e+00 2.61950531e+02
 1.20758820e+02 3.62173737e+02 6.19955312e+04 4.65835495e+01
 6.75786819e+01 1.84413984e+04 3.97467880e+01 1.11662769e+03
 1.88453796e+02 1.36037125e+05 6.04794775e+03 2.55649976e+03
 6.26233444e+01 2.44519577e+02 2.60890827e+01 3.55222473e+01
 8.17032166e+02 1.20320137e+04 5.20853806e+01 2.65246704e+02
 2.88261400e+06 5.97503906e+02 1.91566116e+02 5.63185312e+04
 1.78295886e+03 4.21257227e+03 3.12363965e+03 5.89609961e+04
 3.03913818e+03 1.79644102e+04 5.61889160e+02 1.75673523e+02
 4.46758972e+02 2.41485016e+02 1.04983582e+02 4.50240265e+02
 1.71225861e+02 4.65145874e+01 6.45437073e+02 2.21537247e+01
 1.67530786e+03 4.36410980e+02 2.54462012e+03 8.21542664e+02
 1.49148743e+02 4.55038135e+03 1.54071677e+00 1.47001770e+02
 6.96410217e+01 1.43869827e+02 7.97454541e+03 8.84976273e+01
 1.01840967e+04 1.38035660e+02 2.86691875e+04 1.66053613e+04
 5.07524414e+03 1.57389956e+01 5.39649658e+03 4.81437344e+04
 2.59038605e+02 2.32616333e+02 4.31430626e+01 6.18807062e+05
 1.70332678e+03 5.10659648e+04 8.42470764e+02 8.81071777e+01
 2.53966141e+01 1.09997344e+04 2.52991772e+03 6.22563667e+01
 8.42415625e+03 4.92139168e+01 1.56102585e+02 6.12332802e+01
 1.39348108e+03 5.50435715e+01 2.24766797e+04 1.71895081e+02
 1.03039331e+03 1.81573953e+05 2.58435181e+02 3.36500763e+02
 1.35799131e+04 3.09916582e+04 6.80098009e+00 4.43241914e+04
 3.76697016e+00 5.72001807e+03 7.15960159e+01 7.92245789e+01
 4.15489563e+02 4.15612213e+02 7.44758496e+03 7.72752762e+00
 6.75482764e+03 2.18989441e+02 7.27897263e+01 5.69836768e+03
 6.88168488e+01 5.34886131e+01 2.81181763e+02 2.22254944e+02
 6.01039886e+01 3.10681030e+02 2.50063477e+02 1.01432323e+01
 5.08305615e+03 3.49761084e+03 1.23381905e+02 1.42633774e+02
 6.18925209e+01 1.30885244e+04 1.48615791e+04 1.96120654e+03
 6.73235397e+01 1.04037500e+04 1.19199194e+03 3.03932190e+02
 1.40875107e+02 4.41104774e+01 6.23389473e+01 2.53892832e+04
 1.26310754e+03 1.18368623e+04 1.34791865e+04 1.87876282e+03
 1.90078699e+03 1.47865265e+02 1.11329707e+04 7.65157568e+03
 9.75192642e+01 2.57497672e+05 8.35102344e+03 5.31736035e+03
 5.47447510e+02 8.12595032e+02 1.60523300e+02 9.57491394e+02
 7.72243774e+02 1.33557556e+03 4.53170624e+01 1.77915320e+03
 6.50168533e+01 3.54178497e+02 1.61032202e+03 3.61682510e+01
 4.96964766e+04 1.26495422e+03 1.53207275e+02 4.29433960e+02
 2.33846074e+04 1.19207441e+04 3.98081851e+00 5.96943994e+03
 2.88525439e+03 5.10529694e+02 1.31575089e+02 1.19517322e+03
 2.49659204e+03 1.12701393e+02 2.79927032e+02 2.16137939e+03
 7.62276459e+01 2.85633643e+03 3.77459602e+01 3.03750723e+04
 3.25190155e+02 3.19463306e+03 3.87902641e+01 2.05964142e+02
 4.64623359e+04 2.37462265e+02 1.82506250e+04 1.04377100e+04
 6.01021118e+01 2.32997742e+02 6.16161880e+01 3.75233765e+03
 2.14042603e+02 6.24110260e+01 3.23121674e+02 4.97638435e+01
 5.21458008e+03 3.88046250e+04 2.10471719e+04 1.11376538e+03
 1.56780106e+02 1.31888687e+02 1.14919934e+03 2.44530792e+01
 1.97850219e+05 2.05215764e+00 3.29765430e+03 1.16740332e+03
 8.38971802e+02 7.27805811e+03 9.99980831e+00 1.92479706e+02
 1.20284756e+04 2.85448457e+04 1.46234180e+04 4.02653534e+02
 1.31508701e+04 2.18111771e+02 2.00557300e+03 7.37595154e+02
 2.86979156e+02 1.61062794e+01 4.50466156e+02 4.61894073e+01
 3.36035125e+05 1.14671692e+03 6.19140129e+01 3.75337257e+01
 1.01687439e+03 9.85022339e+02 1.44453156e+02 1.58285095e+02
 1.09566736e+03 6.03767944e+02 1.11852241e+00 2.45233414e+02
 2.90815156e+04 5.36472046e+02 2.62926636e+02 1.46100840e+04
 1.26871594e+03 1.84315308e+03 7.55406328e+04 4.30710781e+04
 4.34239120e+01 5.99220312e+03 9.18691406e+03 4.91678658e+01
 2.54255600e+02 1.44946692e+03 5.16331543e+02 2.27502804e+01
 7.89483496e+03 2.78990906e+02 2.18951172e+04 4.31160889e+01
 3.45185699e+02 3.93682220e+02 1.94370239e+02 1.84490186e+03
 1.00287812e+04 4.46944084e+01 1.67892363e+04 6.14261169e+02
 3.10260406e+02 6.07794006e+02 8.80028320e+03 9.90421524e+01
 9.48731688e+05 6.09091748e+03 1.14455430e+04 1.50395532e+03
 2.17472820e+01 1.66453735e+03 4.53262024e+01 1.00414581e+03
 1.08583916e+04 1.18631042e+02 2.10347855e+02 1.21355039e+04
 7.82532812e+03 2.23334521e+03 3.78927826e+02 6.21782494e+01
 2.33325806e+02 1.33553992e+03 6.47838440e+02 5.51619053e+00
 2.09400726e+02 1.31507339e+02 4.92904492e+03 5.86415024e+01
 2.15445328e+02 5.13147148e+04 1.10838696e+03 2.73264832e+02
 1.30350800e+02 1.83048613e+04 3.60411758e+04 5.83954895e+02
 3.56707568e+03 2.21508667e+02 1.12422256e+04 2.18774731e+03
 4.42999170e+03 2.48070602e+01 4.38737518e+02 1.85748306e+02
 9.95062695e+03 3.52429468e+03 4.16448441e+01 4.74175830e+03
 1.74917725e+02 6.00921204e+02 1.18720520e+02 3.88460632e+02
 6.71994629e+03 2.52125703e+04 6.23853874e+01 2.86967659e+00
 5.47497656e+04 4.31580200e+01 7.72318115e+03 1.63825729e+02
 3.81882007e+03 6.32256494e+03 5.94186354e+00 6.09000092e+01
 8.92577332e+02 3.20843109e+02 5.61975479e+00 4.45141754e+01
 2.17048004e+02 2.10555077e+01 7.98138245e+02 1.57971771e+02
 8.29494751e+02 7.37008789e+02 4.84766876e+02 2.07985125e+05
 6.78674375e+04 6.17470551e+01 1.75579468e+02 3.75603467e+03
 2.97664673e+02 2.46124802e+02 1.26886307e+02 3.38055298e+03
 1.47518082e+01 1.09869217e+02 1.02158136e+03 7.26322754e+03
 2.29882178e+03 2.12052051e+04 1.17719458e+03 1.12827178e+04
 1.25589331e+03 8.37503203e+04 1.60089355e+03 1.27048535e+04
 8.25954151e+00 1.10377373e+02 9.70470020e+03 1.16903857e+03
 1.96675812e+05 4.55522728e+01 2.41459141e+04 6.56619339e+01
 1.95825605e+04 1.04582002e+04 3.58148828e+03 3.01733516e+04
 6.24149551e+01 7.65386047e+01 7.07186328e+04 9.95837250e+01
 3.27278076e+03 1.01758467e+04 6.46475449e+01 2.14151474e+02
 7.28405304e+01 3.20102348e+01 1.91548706e+03 1.62038843e+03
 2.27225293e+04 8.19410156e+02 7.44214706e+01 6.46450134e+02
 1.14052905e+03 1.59854993e+03 4.87004280e+01 1.47932988e+04
 9.24639648e+03 3.69620000e+04 2.44118921e+03 5.04045837e+02
 3.74505542e+03 1.80517402e+04 4.60757843e+02 7.12852240e+00
 1.72126541e+01 1.25095360e+02 2.09023418e+04 9.68144836e+01
 3.51411819e+00 3.07061005e+02 3.57749298e+02 3.75162085e+03
 3.96821240e+03 2.69783618e+03 2.71652312e+05 4.61103210e+01
 4.49557617e+03 7.98822607e+03 6.83263779e+01 1.66524766e+04
 2.26404907e+03 2.16977070e+04 9.28257031e+03 2.70989532e+02
 3.49637512e+02 1.04314568e+02 1.16290906e+03 8.83192578e+04
 3.14813008e+04 2.24777969e+02 1.36332593e+03 4.76443634e+02
 4.54745697e+02 1.92861426e+04 1.08834045e+03 2.17135544e+01
 5.43860130e+01 1.34698694e+03 1.95928314e+02 1.22671438e+05
 4.38741992e+04 1.73891174e+02 5.02211230e+03 2.39193604e+03
 2.70271460e+03 1.85731537e+02 1.65904956e+03 6.13981787e+03
 1.54416533e+04 4.23762703e+01 7.59462344e+04 2.46067810e+01
 2.02872656e+03 7.50231484e+04 6.49928970e+01 5.53044258e+04
 7.38225537e+03 7.20181351e+01 1.10997253e+03 2.01691077e+03
 2.13617090e+04 6.05418066e+03 1.07179771e+02 1.51126001e+03
 6.38214375e+04 1.01904320e+02 4.64592461e+04 1.37207605e+03
 5.75930901e+01 3.37691742e+02 1.13169273e+02 5.45077588e+03
 6.97181778e+01 1.10738701e+02 2.76032990e+02 6.29440308e+01
 1.82028763e+02 9.59054749e+02 1.01196179e+03 3.28138184e+02
 5.17838928e+02 3.63048945e+04 7.90819763e+02 2.35258984e+03
 9.00098340e+03 1.19679992e+05 1.72476035e+04 2.66485010e+03
 3.68083521e+03 9.15906921e+02 4.17418994e+03 7.66572266e+02
 1.21396904e+04 7.66040421e+00 4.75335655e+01 6.67901154e+01
 1.68930254e+04 1.84271008e+03 4.36926602e+04 4.64293066e+03
 5.64494531e+03 2.84200659e+03 4.69668274e+01 2.24941445e+04
 1.79182190e+02 9.75389099e+01 1.77787361e+01 4.43177094e+02
 4.02600594e+01 5.08911324e+01 4.37837601e+01 3.27454437e+02
 6.06886055e+04 6.48916931e+01 4.66057471e+03 5.41693516e+04
 1.52425766e+05 1.10609521e+04 9.66901758e+03 3.26678052e+03
 5.52210510e+02 3.66093115e+03 5.77518213e+03 1.19021606e+02
 6.09085007e+01 1.56353455e+03 1.56103682e+04 9.23633667e+02
 1.92113672e+03 2.96843834e+01 8.23321533e+01 4.13250146e+03
 1.49592114e+03 9.65246765e+02 2.88004150e+02 2.17217798e+03
 2.53852692e+01 1.52554984e+05 1.02724762e+02 1.64286230e+04
 5.22117554e+02 1.55700256e+02 1.74134328e+05 4.37493683e+02
 2.24207260e+02 1.25098291e+04 3.77193481e+03 6.19571762e+01
 3.55304141e+04 1.85416565e+02 1.81221484e+04 8.36128235e+01
 1.03307140e+00 1.16275842e+03 4.18910217e+01 1.68726113e+04
 4.47036768e+03 8.12960739e+01 1.29126162e+04 3.69641663e+02
 1.75503770e+04 2.02987404e+01 3.80511383e+02 8.93516992e+03
 1.57495773e+02 5.82206841e+01 1.81074543e+01 1.00112358e+02
 1.98214863e+04 4.51446826e+03 4.81381805e+02 6.65164551e+03
 1.82707687e+02 1.91497148e+04 3.07573262e+04 3.72389099e+02
 4.44858398e+02 8.46339722e+01 3.94638763e+02 5.06910859e+04
 2.76627075e+02 1.37498642e+02 6.30071487e+01 7.71245000e+04
 1.43575830e+03 7.58581009e+01 5.01796367e+04 5.05956917e+01
 5.20437164e+01 2.61923309e+02 1.57973328e+02 7.73288906e+04
 1.69157117e+03 1.09271202e+01 3.39971953e+04 1.53476484e+04
 3.20752930e+03 4.92319031e+02 4.28571281e+01 4.00814087e+02
 9.46102676e+01 3.60010681e+02 2.85400806e+03 4.08403229e+02
 2.46246859e+05 2.82897400e+02 5.19449219e+02 1.01110020e+01
 1.97556885e+02 6.33548012e+01 9.92012329e+01 1.00815844e+06
 2.73409119e+02 7.11845825e+02 2.16271400e+01 1.74433828e+04
 4.22561719e+04 1.75921688e+05 3.84194702e+02 2.41312524e+03
 7.70385818e+01 4.38062695e+03 2.42374268e+03 1.84728430e+03
 4.18566589e+01 4.52623825e+01 4.45017738e+01 1.23141045e+02]
18412.424
2882614.0
