[1.42125410e+04 6.56367371e+02 2.32280005e+03 2.22266382e+03
 4.04966021e+00 2.44675952e+03 3.22539642e+02 9.81361523e+03
 1.36869473e+04 3.62762085e+03 2.99887866e+03 2.70889526e+03
 3.20622510e+03 1.28887854e+03 1.72116602e+03 9.37140930e+02
 4.50518799e+03 2.54417017e+03 1.28254238e+04 1.83577676e+04
 4.61100830e+02 4.98137695e+02 3.30515812e+05 1.43488770e+03
 4.06673584e+02 6.65747734e+04 2.52894812e+05 4.35874902e+03
 2.24423877e+03 1.49838654e+02 4.80771729e+03 1.60534271e+02
 5.62952979e+03 1.34368591e+03 1.56859600e+04 1.92290503e+03
 1.74873816e+03 1.12633582e+03 5.33353577e+02 1.07409619e+03
 1.01127266e+04 5.48275977e+03 5.67535938e+03 6.78629639e+02
 2.33899707e+03 2.65348315e+03 1.13676819e+03 7.22169312e+02
 2.80364966e+03 4.97391064e+03 3.48509064e+02 1.11495007e+03
 1.44045105e+02 1.60951133e+04 1.15138916e+02 2.08255508e+02
 3.97213159e+03 2.53108223e+04 2.20767700e+03 1.17826526e+03
 7.90995605e+03 5.45673730e+03 2.55413062e+03 2.29254333e+02
 1.12534302e+03 5.16793555e+03 7.82479431e+02 3.22102570e+02
 1.69693542e+03 4.67001680e+04 1.44639832e+03 4.70013037e+03
 5.10348999e+02 2.99989014e+03 4.67999390e+02 5.13540039e+03
 4.91943896e+03 2.16010571e+03 3.28359528e+02 5.00518945e+04
 2.05437866e+03 3.16665674e+03 7.05153259e+02 1.11735681e+03
 3.29214874e+02 6.01540527e+01 4.28655853e+02 1.24296741e+03
 1.35018066e+03 3.85303320e+03 3.53897803e+03 3.36566953e+04
 3.93918533e+01 8.11208301e+03 6.37895312e+04 6.68337769e+02
 4.62974463e+03 1.42421396e+04 3.35610400e+03 4.37816315e+02
 1.74770508e+03 3.09587006e+02 1.94513367e+03 8.63905212e+02
 1.15857996e+03 1.14280066e+03 1.32743213e+03 2.51813721e+03
 1.22330835e+03 1.19641815e+02 1.00612366e+03 1.14031299e+03
 5.54427307e+02 5.88413452e+02 1.72759631e+03 3.23425781e+03
 2.65546167e+03 9.75587402e+03 5.74004443e+03 1.16179688e+02
 1.39605042e+03 4.09408276e+03 3.28738062e+03 4.61445508e+04
 7.53840088e+03 1.85179291e+02 1.47219788e+02 1.56534521e+03
 4.36202484e+02 2.34696457e+02 1.26166748e+03 3.94770142e+02
 2.35495850e+03 8.31733627e+01 2.82585327e+03 5.23406181e+01
 8.48366797e+03 3.40301270e+02 1.94694128e+03 3.89883130e+03
 4.73098291e+03 7.70101270e+03 7.17313037e+03 1.39929551e+04
 5.91034131e+03 1.46320642e+03 9.07190475e+01 1.17896875e+04
 2.42357227e+04 1.31347314e+04 1.09680762e+03 4.74099951e+03
 5.95028442e+02 1.44163416e+03 2.06410229e+03 2.12915576e+03
 1.09626062e+03 2.36211191e+04 1.36373914e+03 2.60657812e+04
 1.31932898e+03 4.12031342e+02 8.05541000e+01 9.32237930e+01
 1.87900116e+02 2.87840015e+03 2.98741113e+03 6.63039856e+02
 1.95743042e+03 7.47836572e+03 3.98438538e+02 1.14671594e+03
 3.61094409e+03 2.67071838e+02 1.77508728e+03 2.00013037e+03
 1.98233606e+03 1.88132922e+03 1.45274207e+03 4.28886133e+04
 1.08533057e+04 7.95214661e+02 1.28255703e+05 1.01541113e+04
 3.17034766e+03 9.09367859e+02 2.74214062e+03 1.11005989e+02
 2.46248633e+03 2.25612500e+03 1.31907275e+04 1.14005699e+02
 4.93264832e+02 2.42736694e+03 1.69736816e+04 6.25126343e+01
 5.98075049e+03 3.15065948e+02 7.50977554e+01 3.99552887e+02
 1.68660812e+02 8.25308008e+03 2.00911575e+02 6.84720642e+02
 5.40862773e+04 5.88683594e+04 4.60305817e+02 4.39697314e+03
 1.29265076e+03 1.80761267e+03 1.37271533e+03 9.59489380e+02
 5.21129089e+02 5.96081738e+03 3.76226025e+03 7.06825012e+02
 9.22035156e+02 7.23625870e+01 1.50543640e+03 4.44333545e+03
 3.53012024e+02 6.42317444e+02 4.00213013e+02 1.56484561e+04
 1.63626129e+02 1.18933362e+03 6.89869629e+03 1.40954620e+02
 1.46095044e+03 8.86086328e+03 2.40288727e+02 1.84743576e+02
 2.32548486e+03 9.85287964e+02 2.76873853e+03 1.91539844e+03
 1.39346875e+03 1.44284082e+03 1.70390549e+02 1.09522896e+02
 1.12095801e+04 1.65254105e+02 1.72657935e+03 6.67888672e+03
 2.49808374e+03 3.45556854e+02 1.10194483e+01 1.71196106e+03
 5.98382031e+03 4.51402383e+04 6.89490540e+02 5.48969189e+03
 2.46628891e+02 1.01006317e+03 1.63733118e+03 9.12392700e+02
 4.80151709e+03 1.86496277e+01 8.17437195e+02 1.10061111e+02
 7.74521094e+04 9.11360059e+03 7.79708105e+03 2.73185620e+03
 1.98823563e+02 1.69352917e+03 2.01630630e+02 3.39833130e+03
 8.42911914e+03 7.78752002e+03 1.14199707e+03 3.57377466e+03
 2.55096359e+02 2.23440454e+03 1.93958555e+04 2.28833691e+03
 3.48033164e+04 2.29067402e+04 5.64893066e+02 1.62652744e+04
 5.25568970e+02 1.57498550e+02 1.47402490e+03 6.32116760e+02
 1.84873425e+03 1.79310205e+03 1.89349902e+03 2.96611621e+03
 2.50498474e+02 1.98952136e+03 9.28086172e+04 3.52286743e+02
 1.04274158e+03 1.64701294e+03 1.36343726e+03 1.42152856e+03
 4.27308197e+02 6.40682324e+03 3.59956030e+03 6.93458801e+02
 1.85263513e+03 1.09306897e+03 1.51858867e+04 1.53051162e+04
 9.16217969e+03 1.64648953e+05 1.21214209e+03 1.73041172e+04
 2.35924341e+03 9.09954590e+02 6.67358093e+02 1.40809509e+03
 3.20438989e+03 9.06395264e+02 2.78582642e+03 6.59581152e+03
 1.01427563e+03 1.33226924e+04 7.63112305e+02 6.06347412e+02
 1.30723718e+03 2.19544458e+03 2.12224634e+03 3.79830542e+03
 1.87489004e+04 4.13601959e+02 4.58088633e+04 7.15449982e+01
 9.48637109e+03 8.46908398e+03 2.85609314e+02 1.64277893e+02
 1.47874622e+03 1.19365881e+03 1.23615149e+03 5.53799707e+03
 9.04256210e+01 5.92812500e+02 9.86136780e+02 2.98104645e+02
 1.29521899e+03 1.76987927e+03 3.27802393e+03 6.86806006e+03
 5.74060669e+02 6.07770767e+01 5.69167847e+02 7.62671338e+03
 1.19735078e+04 2.47581207e+02 6.84168750e+03 2.10583828e+04
 5.15483887e+02 6.43257294e+01 2.34065991e+03 2.03414709e+03
 1.28800986e+04 3.67221161e+02 1.19623271e+04 4.56243701e+03
 1.44214258e+04 3.67392261e+03 5.25723193e+03 5.22505371e+03
 3.61336367e+04 1.64314250e+05 2.40888208e+03 1.52649414e+03
 5.11703008e+04 4.54210693e+03 1.02498535e+03 9.06393750e+03
 8.28761172e+04 1.06005347e+03 1.59575989e+03 5.63101172e+03
 1.07556543e+04 6.41046924e+03 1.48116589e+03 2.10723053e+02
 5.23382275e+03 8.06560791e+03 3.65629805e+04 2.31382324e+03
 3.21002136e+02 1.97301953e+03 5.02659363e+02 1.86505142e+02
 1.21801387e+04 2.09752686e+03 1.54452490e+03 1.47183132e+01
 1.91757703e+03 7.43218811e+02 1.11032333e+02 8.80171387e+03
 2.81979187e+02 1.45381406e+04 3.01546680e+03 1.07063955e+04
 2.91070679e+02 4.26112988e+03 3.99665710e+02 7.34752045e+01
 1.76075354e+03 2.18503320e+03 2.44185864e+03 1.16056274e+02
 3.25021621e+04 2.86219287e+03 1.14622351e+03 2.06227227e+04
 1.02086359e+03 6.83335266e+02 1.96639551e+04 1.62005701e+03
 2.23867261e+03 3.66868750e+03 4.77719678e+03 2.02141321e+03
 3.86017749e+03 1.11582861e+03 2.12960425e+03 5.32698779e+03
 1.14491272e+03 2.35162476e+03 4.91265381e+03 1.21243030e+03
 6.31000781e+03 3.48516064e+03 2.46067432e+03 4.02054468e+03
 1.25414453e+03 2.26024082e+04 4.96435516e+02 6.75085220e+01
 1.14125745e+03 2.24677490e+03 6.83087830e+02 4.32743439e+02
 8.84810742e+03 2.81978931e+03 8.58062866e+02 5.73544824e+03
 5.81411316e+02 2.06816577e+03 7.45782349e+02 8.39891846e+02
 3.17231995e+02 2.38584497e+03 6.68738708e+01 3.68161797e+04
 6.10192993e+02 7.57692871e+03 1.25130781e+04 4.17211517e+02
 5.54091614e+02 1.29312646e+03 4.55730713e+03 2.38831689e+03
 2.33704590e+03 6.88921280e+01 1.54191772e+03 1.91871216e+02
 6.75415955e+02 2.23839149e+01 4.31234814e+03 6.69190796e+02
 9.31770325e+02 4.02491758e+04 5.55087354e+03 6.96794141e+03
 2.06897217e+03 2.41225293e+03 6.73707657e+01 2.20299268e+03
 2.62941711e+02 1.50954883e+03 1.63675073e+03 1.44551910e+02
 2.24704712e+03 5.18189062e+03 1.77751724e+02 3.06071594e+02
 2.83689301e+02 3.90081812e+03 2.08463867e+03 4.34851416e+03
 2.87164551e+02 6.92779541e+02 1.42289978e+03 7.91057764e+03
 1.27397560e+02 1.30354053e+03 1.58750598e+03 4.97698883e+02
 2.52047852e+03 2.87342212e+03 9.50884949e+02 6.23438843e+02
 9.30763000e+02 1.01314039e+01 7.84641663e+02 8.09137817e+02
 7.14384003e+01 8.40542297e+02 1.33520126e+02 5.45587988e+03
 3.54365845e+02 2.84003204e+02 1.13807642e+03 6.64127441e+02
 1.94041733e+02 2.99145374e+01 2.25513525e+03 4.39499219e+03
 7.26232178e+03 7.56279144e+01 1.70336462e+03 2.55151398e+02
 1.45153174e+03 2.45445254e+04 1.26420374e+03 1.12956763e+03
 2.43580908e+03 5.83564575e+02 3.08906641e+03 3.43211694e+03
 5.17562805e+02 1.88289355e+03 1.43312368e+01 9.45787716e+00
 6.93161011e+02 4.09757959e+03 1.98231909e+03 2.42073901e+03
 1.12583857e+04 6.50115869e+03 2.15592188e+03 8.09728394e+02
 3.21498560e+03 2.59032672e+05 1.79364954e+03 3.73780908e+03
 1.11667371e+03 1.87503128e+02 3.56591968e+03 5.75694580e+02
 2.15353672e+04 4.69292412e+01 3.38996362e+03 4.31235291e+02
 4.40245056e+01 2.97467993e+03 3.66837769e+02 4.93982617e+03
 5.92938281e+03 1.28841003e+03 1.79980469e+03 1.73817581e+02
 4.93763916e+03 5.52592090e+03 1.98787422e+01 3.10503931e+03
 1.01492561e+02 4.18451074e+03 8.67968872e+02 5.54490674e+03
 7.88974731e+02 9.51656860e+02 8.18821228e+02 7.63365967e+02
 6.79369336e+03 2.10584004e+04 3.01545850e+03 9.87329395e+03
 1.14794510e+02 5.05060449e+03 9.70121704e+02 1.43707825e+02
 5.35948906e+04 6.42516907e+02 1.36470840e+04 8.67074707e+03
 2.09456128e+03 1.47393643e+04 7.29365463e+01 1.00625435e+02
 6.02395654e+03 4.41561377e+03 2.93919708e+02 1.41382980e+02
 8.99328690e+01 2.63454077e+03 5.32002637e+03 4.52139453e+03
 6.23216248e+01 1.51619543e+03 2.34097217e+03 1.09212939e+03
 3.68728984e+04 7.07215869e+03 4.64533600e+02 4.35918732e+02
 7.88948828e+03 6.74089966e+02 8.63169250e+02 1.05296814e+03
 1.44495001e+01 4.75462695e+03 8.68516769e+01 1.65396582e+03
 1.05290811e+04 5.95092139e+03 1.50739893e+03 5.37966357e+03
 1.09473994e+04 3.69324982e+02 1.72216641e+04 6.54158936e+02
 1.34071997e+03 4.32994476e+02 2.85367871e+03 5.28623352e+02
 3.61114471e+02 1.10312539e+04 2.90004834e+03 5.30225754e+01
 5.79039795e+03 4.94438202e+02 4.31237579e+02 1.23009949e+03
 2.87106934e+03 1.77103528e+03 1.39959335e+02 2.20341064e+03
 3.01930908e+03 2.01062347e+02 2.70149023e+03 1.12693604e+04
 1.35102417e+03 4.70134082e+03 1.01507440e+03 4.35199371e+02
 1.46476016e+05 1.73875781e+03 3.10550366e+03 5.70461963e+03
 3.53463013e+02 4.51739868e+02 7.01578735e+02 1.38718918e+02
 2.63487085e+03 5.40500671e+02 2.86550806e+03 1.58711755e+03
 1.15995728e+02 5.67342969e+03 2.88513184e+03 1.19466663e+03
 4.31555713e+03 1.05123340e+03 5.27286768e+03 9.36969604e+02
 1.68584290e+02 1.22684729e+03 2.65898218e+03 2.07271069e+03
 2.65783569e+03 5.60575635e+03 4.13972383e+04 2.69124219e+03
 6.19738098e+02 9.14944141e+03 2.75242847e+03 6.41969482e+02
 3.59532837e+02 3.95588721e+03 7.91561508e+01 1.81288159e+03
 2.32269775e+02 2.94140503e+03 2.04965234e+03 2.20412308e+02
 6.69970215e+03 1.49801404e+03 1.93043900e+02 1.37916348e+04
 3.21935742e+03 9.29648193e+02 6.62012817e+02 5.13002881e+03
 1.05068127e+03 3.09282690e+03 8.93973160e+01 1.38824146e+03
 7.25994092e+03 1.31205917e+02 5.73889427e+01 2.95725854e+03
 6.70263733e+02 3.31712964e+03 1.71132950e+02 2.78596252e+02
 8.94301025e+02 2.64510590e+02 1.39681726e+03 1.14624194e+03
 4.71848047e+03 6.92891907e+02 4.18514209e+03 2.44718964e+02
 3.95712451e+03 8.69638574e+03 5.13862891e+03 5.71949463e+02
 3.67085864e+03 2.75954010e+02 1.64516528e+03 3.81508984e+03
 1.78536348e+04 6.43146606e+02 1.12317490e+02 1.47839380e+03
 3.90430176e+02 1.87141125e+03 6.18884229e+03 3.59006562e+04
 3.12635684e+04 1.17973987e+03 1.43739580e+04 2.61497559e+02
 1.19346631e+04 1.07922090e+04 6.50020264e+03 5.43264258e+03
 4.51882202e+02 2.22536362e+02 1.38633337e+03 8.72139551e+03
 7.13380908e+03 1.39485278e+03 4.41538525e+03 5.40926697e+02
 1.82166296e+03 2.46863086e+03 1.01474227e+05 6.02304932e+03
 2.88298779e+03 7.02764221e+02 2.26660625e+04 1.55377820e+03
 5.69182861e+02 7.26943436e+01 9.25297058e+02 1.87653915e+02
 6.82577271e+02 2.46143494e+01 8.15189160e+03 1.02406250e+03
 2.61965625e+03 1.32578018e+02 1.66258252e+03 7.35079688e+03
 2.61799927e+03 5.82941406e+02 5.69729443e+03 1.76791113e+03
 5.14959534e+02 2.00852759e+03 2.80323462e+03 2.22251514e+03
 2.06006055e+04 8.40014062e+03 1.51696243e+02 2.65058496e+03
 2.24206934e+03 1.96396240e+02 1.08149292e+03 1.03659814e+03
 7.09978151e+00 1.11171057e+03 4.53707080e+03 5.18270447e+02
 3.89649506e+02 8.32539453e+03 1.56858164e+04 2.30667053e+02
 1.07755486e+02 8.17143281e+04 8.45304260e+02 7.27381641e+03
 7.11007767e+01 3.11584766e+03 2.22472754e+03 5.75881787e+03
 3.48607300e+03 2.17145410e+03 5.79333740e+03 3.67845239e+03
 2.98076895e+04 2.20019971e+03 8.57162207e+03 2.51563583e+02
 3.06608960e+03 1.57409180e+02 1.70929121e+04 1.10689417e+03
 6.04445129e+02 2.24709141e+04 8.98683716e+02 1.80790762e+04
 3.43265039e+04 4.00624731e+03 9.43835449e+02 1.00563728e+02
 2.16925278e+02 9.09442749e+02 6.43724658e+03 7.30643906e+04
 1.30013745e+03 2.16316681e+02 1.64712285e+04 2.39087183e+03
 9.59704297e+03 4.29966016e+03 3.37610840e+03 5.57117383e+03
 1.84092444e+03 2.06699631e+02 2.13504023e+04 6.62883594e+03
 9.22478320e+03 1.20772534e+03 4.88943262e+03 3.43346680e+02
 2.82363843e+03 3.29303017e+01 7.74072168e+03 1.33385742e+03
 9.38566406e+02 1.77635217e+03 2.90237366e+02 1.46520972e+03
 1.99867035e+02 7.65782837e+02 2.43174780e+03 3.14232910e+02
 7.18413208e+02 2.27296432e+02 1.37487578e+04 2.75155469e+03
 7.98662903e+02 2.88303070e+02 1.17293389e+04 2.09986836e+04
 3.52869904e+02 2.56431289e+04 2.99781348e+03 2.56357025e+02
 2.32109512e+04 4.08030298e+03 1.00482559e+04 1.03722937e+03
 9.54717163e+02 5.94258804e+01 1.95156311e+03 4.69691467e+01
 1.15461221e+04 4.09667114e+02 3.13069122e+02 1.40860571e+03
 2.08063262e+04 1.83615796e+03 2.53437158e+03 3.19119263e+03
 7.45805176e+02 5.95428271e+03 1.07719673e+02 6.57115173e+02
 3.56441772e+02 2.81438208e+03 1.67936304e+03 7.31367432e+03
 2.64743384e+03 1.40872839e+03 1.54111816e+04 8.03902393e+03
 1.11924305e+05 4.98414307e+02 6.60016937e+01 7.15287292e+02
 2.83376733e+03 3.26300903e+02 1.37408704e+03 1.02791580e+02
 8.49266602e+02 8.05396423e+02 2.35083954e+02 1.43339023e+04
 1.07542939e+04 2.10455666e+01 1.23029182e+02 1.81699048e+03
 8.31651672e+02 3.57946854e+01 2.65775293e+03 6.65295105e+01
 3.99310699e+02 6.42215967e+03 6.40788391e+02 2.37180981e+03
 4.22688184e+03 7.59859741e+02 7.99615845e+02 4.63665918e+03
 1.25241748e+03 7.92496729e+03 1.53197815e+03 4.65375763e+02
 2.81178359e+04 1.66534167e+03 1.70836562e+04 3.30454761e+03
 3.74592102e+02 1.79916394e+03 6.12582642e+02 5.72626523e+04
 6.86329468e+02 3.34428638e+03 5.65824512e+03 3.94583984e+02
 1.61289807e+03 3.53932648e+02 7.09583643e+03 1.72363574e+03
 5.77957520e+02 5.40251587e+02 1.13463417e+02 3.08088281e+03
 9.92944641e+01 1.16121448e+03 8.34667480e+02 3.62910596e+03
 1.96887256e+03 5.26867285e+03 3.47972241e+03 3.06388086e+03
 3.72568994e+03 1.70355481e+03 1.56314268e+04 5.45412938e+05
 1.09468750e+02 1.47108704e+03 5.71490356e+02 1.02513773e+05
 7.66895294e+01 1.27104602e+03 3.43843811e+02 3.63660675e+02
 5.23812927e+02 6.11062378e+02 1.36392261e+03 4.01219409e+03
 9.37701074e+03 7.16153030e+01 5.36868994e+03 3.02390283e+03
 2.58229434e+04 3.23472998e+03 2.93328711e+03 2.08297314e+03
 6.16320229e+01 4.82076416e+03 2.02941864e+02 2.38802979e+03
 5.35453633e+04 5.46809509e+02 1.60376282e+03 1.88831519e+03
 1.10150957e+01 6.62496765e+02 5.02463867e+02 6.34386172e+04
 2.51095923e+03 4.97614209e+03 3.21365906e+02 2.25888379e+03
 1.19967114e+03 1.03081543e+03 2.05218384e+03 6.72550293e+02
 1.40558667e+03 1.31335962e+03 2.02611582e+04 5.15718262e+03
 9.25808960e+02 2.55074310e+01 2.85858063e+02 2.38548608e+03]
7195.9365
545412.94
