[4.39757656e+05 4.46469280e+08 7.16469141e+04 7.20471812e+05
 6.13949766e+04 2.07378066e+04 5.31803584e+08 1.53624294e+09
 4.80902500e+05 1.27150586e+04 1.81530035e+09 1.47469438e+05
 4.96141594e+05 2.79561984e+08 2.68124368e+08 5.26365156e+04
 4.66461440e+09 1.10320410e+04 9.95535938e+04 9.14234875e+05
 7.80213500e+05 1.25998857e+04 2.36098978e+11 4.25791969e+05
 2.77143136e+08 1.71699313e+10 8.51915800e+06 6.09104609e+04
 3.59423969e+05 4.64255742e+04 3.25905531e+05 4.31343555e+04
 5.33636289e+04 1.73010859e+05 5.02655844e+05 2.92284824e+04
 5.70879248e+03 7.82699219e+03 6.40503232e+08 2.86496855e+04
 4.66821990e+09 1.12944850e+06 7.41245824e+08 1.84225175e+06
 2.12039805e+04 9.19873750e+04 9.38287424e+08 1.99819120e+08
 3.46733750e+04 5.18990969e+05 2.38719102e+04 1.14475008e+05
 3.46382336e+08 1.39325662e+06 1.24590225e+04 3.27963232e+03
 2.26997018e+09 1.78812793e+04 3.96511437e+09 1.19357008e+05
 1.75573696e+09 5.08186562e+04 6.36603984e+04 1.13467393e+04
 3.65782422e+03 4.37633555e+04 2.00445488e+08 1.19504039e+05
 1.11801367e+04 2.11840550e+06 5.75674880e+08 1.75397016e+05
 1.69910352e+04 2.20258203e+05 2.03440547e+04 5.35619336e+04
 9.75231552e+08 2.30275405e+09 1.20004398e+05 9.53276406e+04
 3.56254219e+04 1.58753643e+04 2.92165952e+08 6.64432578e+04
 1.28053172e+05 1.22061968e+08 1.32388484e+05 3.38151424e+08
 9.19323125e+04 1.33062312e+05 2.87811533e+09 2.51954525e+06
 6.44892236e+03 1.50780800e+09 1.07697350e+07 1.61530960e+08
 1.72258730e+04 1.38553266e+05 1.30626203e+05 3.02723359e+04
 3.84534048e+08 3.24012518e+09 7.36303424e+08 1.91985803e+03
 1.97050096e+08 1.69944719e+05 8.32017480e+03 1.98968750e+04
 7.29089024e+08 2.84108128e+08 5.18565952e+08 2.43844078e+05
 3.86001344e+08 2.76214250e+05 1.40128576e+09 6.87191406e+04
 6.27384229e+03 4.00264156e+05 1.52815953e+05 1.44314346e+04
 4.05294541e+09 2.08000484e+05 4.06649688e+05 2.47989625e+05
 8.21291895e+03 1.28254633e+05 1.39086240e+04 7.50372578e+04
 2.49792676e+04 5.63338086e+03 8.57771387e+03 1.93706470e+03
 2.00473926e+03 2.66172208e+08 5.86623250e+05 2.16441968e+03
 2.50669156e+05 9.38375936e+08 6.10002852e+04 3.62039438e+05
 2.23070797e+05 2.20208026e+09 5.65062938e+05 7.33670391e+04
 1.89722900e+06 3.02329792e+08 7.16566260e+03 2.86114662e+09
 4.67189031e+05 3.10913688e+05 4.52275360e+08 2.80169031e+05
 5.39893086e+04 4.33272607e+03 1.43248375e+05 7.15487061e+03
 2.52494688e+05 5.55815782e+09 1.02317200e+08 1.67782758e+10
 2.06836594e+05 1.18014820e+05 8.84774141e+04 4.27860480e+08
 4.33380156e+05 5.16236367e+04 2.32904785e+02 5.77426048e+08
 3.79455360e+08 1.11339547e+05 2.48728592e+08 5.18217688e+05
 6.17930312e+04 1.48685672e+05 1.52336328e+05 6.58940703e+04
 3.25808250e+05 1.11287314e+04 1.57305844e+05 8.58352435e+09
 2.22999600e+06 7.80997578e+04 1.88290232e+10 1.60566688e+05
 7.96336641e+04 5.69358016e+08 4.09845361e+03 2.00352754e+04
 6.24399688e+05 3.08657129e+04 6.23743867e+04 2.31479584e+08
 3.80053152e+08 2.49633008e+04 5.08833000e+06 9.15223730e+03
 6.36286062e+05 2.68512031e+04 9.39411200e+07 5.27152070e+04
 2.15163203e+05 1.03091250e+05 2.79600077e+09 2.73897637e+04
 1.18739098e+10 9.65702349e+09 2.77837051e+04 1.02802812e+05
 4.02766176e+08 1.15432250e+05 8.47716352e+08 5.69489344e+08
 2.22629812e+05 1.88538812e+05 5.07641797e+04 3.35235000e+04
 5.35887200e+08 2.31936992e+08 2.07854758e+09 6.57000703e+04
 1.17567936e+08 1.59083482e+09 3.59556928e+08 1.26940539e+05
 3.53023616e+08 1.39318984e+05 5.31277812e+04 4.10007148e+04
 1.11547422e+04 1.90360312e+06 1.92688203e+04 1.91299312e+08
 9.43024062e+04 9.18640128e+08 1.27702295e+04 5.42104023e+04
 1.76289434e+04 2.79318144e+08 1.16487648e+05 2.64470215e+04
 1.83783219e+09 3.67645280e+08 5.29570048e+09 2.91091152e+04
 1.04565176e+04 1.07844506e+09 3.15536156e+05 3.35047719e+05
 7.23544971e+03 1.70034656e+05 2.14502416e+08 9.77743250e+05
 6.37671424e+08 3.38358112e+08 3.30732928e+08 4.11907148e+04
 3.72197984e+08 2.09489136e+03 1.58791836e+04 4.67935645e+03
 7.67028938e+05 1.05362930e+05 3.22209850e+06 4.60268516e+04
 7.83852881e+03 1.56640864e+08 3.50455424e+08 2.15580984e+05
 1.66357427e+09 4.81408945e+04 3.23957367e+01 2.82235898e+04
 1.61904816e+08 1.68733320e+04 3.21748147e+09 6.36178880e+08
 2.58324325e+06 9.17292422e+04 1.00706859e+05 1.89342875e+06
 5.95772969e+04 8.42128384e+08 1.60262719e+05 9.20685625e+04
 1.39420811e+04 1.73182500e+04 3.07494656e+05 1.37210969e+05
 3.83590656e+08 1.00066875e+04 1.69981932e+10 1.53276904e+03
 6.17354125e+05 4.36809920e+08 7.46602148e+03 6.12018438e+04
 2.03527844e+05 1.48620889e+04 1.04218578e+05 1.02271736e+08
 1.45179121e+04 8.37696720e+07 1.30281788e+06 2.52983375e+06
 1.27129023e+05 3.90057475e+06 7.91547031e+04 7.66192891e+04
 8.28774656e+08 3.16482715e+03 2.17699281e+05 4.55180219e+05
 2.36646594e+05 5.62594112e+08 7.04403027e+03 4.66482240e+08
 8.71305781e+04 1.96512838e+06 9.61182109e+04 5.06038633e+04
 6.98906250e+04 5.51740273e+04 1.26413056e+09 8.71369344e+08
 4.05789696e+09 6.98256256e+08 1.92001454e+10 1.24024307e+04
 5.21008969e+05 6.96408375e+05 4.02839520e+08 1.50741120e+08
 2.67296688e+08 3.56069897e+03 3.85943312e+05 2.62491034e+09
 7.99956224e+08 2.73196288e+08 1.61712703e+05 1.14271465e+04
 9.67607031e+03 1.38074536e+03 1.03179200e+09 1.04674592e+09
 6.51529856e+08 3.28974258e+04 3.18097440e+08 1.75104346e+09
 7.60334562e+05 2.98527264e+08 1.12773258e+05 6.68797266e+04
 3.27119488e+08 2.48538445e+09 1.08660283e+04 8.23954624e+08
 2.26137216e+09 6.02304812e+05 8.05163672e+03 1.94463910e+09
 1.05394637e+09 4.20721536e+09 2.77387625e+05 2.84528652e+04
 7.55710618e+09 3.41225390e+10 1.64502172e+05 2.68627441e+03
 5.69877150e+06 4.58926807e+03 7.42402625e+05 3.94073882e+09
 1.04683840e+07 4.70900062e+05 3.99523200e+08 2.33701250e+05
 5.86561200e+06 5.03116172e+04 9.10705156e+04 4.38450336e+08
 1.11478719e+05 2.13027266e+05 4.64902922e+10 1.89629798e+09
 4.53340928e+08 7.66160391e+04 6.96381504e+08 1.62094078e+05
 4.17987930e+04 2.93944156e+05 3.54363085e+09 3.01623648e+08
 5.31655648e+08 1.01836934e+09 1.74779500e+05 2.64951438e+05
 1.42583721e+04 9.29158203e+04 2.57659406e+05 6.67154188e+05
 4.21056934e+03 9.51888733e+02 7.71033840e+07 1.38835088e+08
 2.51022618e+09 1.90515827e+09 2.82026880e+08 1.67278870e+03
 3.80624425e+06 4.65269023e+04 2.21214277e+04 1.06884789e+05
 1.68375050e+06 1.18683766e+05 1.04330742e+10 9.45033472e+08
 2.65672752e+08 1.60751654e+09 6.71587344e+04 3.97698531e+05
 3.20386156e+05 1.23114102e+04 2.69876128e+08 3.87377531e+05
 1.52913126e+09 2.62154141e+04 7.02462528e+08 9.81010859e+04
 3.94129894e+09 9.16182812e+03 1.65556880e+08 2.60743965e+04
 3.63267773e+04 5.76468000e+05 1.45152172e+05 1.10184302e+03
 4.94318242e+04 5.86197930e+04 6.19198144e+08 2.89983719e+05
 4.04694219e+04 5.67246272e+08 6.61540859e+04 4.10909952e+09
 3.58944971e+03 1.77146704e+08 8.73876797e+04 3.38987469e+09
 7.48528203e+04 1.39225906e+05 4.02970080e+08 5.55425850e+06
 6.88017266e+04 8.83022344e+04 1.55046992e+04 3.58524648e+04
 2.08325408e+08 1.43409750e+05 4.59918604e+03 3.45636192e+08
 1.32642797e+05 6.37408691e+03 6.51086272e+08 3.77456689e+03
 5.84685352e+03 2.62566562e+04 9.05515391e+04 1.30490578e+05
 4.34489472e+08 1.27517532e+10 2.91219969e+05 5.83939453e+03
 2.07311078e+05 5.93594000e+05 8.70342188e+03 2.86343688e+05
 1.04481688e+05 3.49114719e+05 5.26233760e+08 9.36650293e+03
 1.63518490e+09 1.47231885e+03 7.44011328e+08 1.87407000e+05
 2.54452832e+04 9.75482880e+08 2.94337760e+08 3.32946938e+05
 5.46552640e+08 4.46298656e+08 1.58883354e+09 1.68478694e+09
 1.38901984e+05 1.46917056e+09 2.40536806e+09 6.64679980e+03
 1.13002773e+05 8.20718336e+09 1.47041182e+04 7.54259141e+04
 2.23252539e+04 1.86772891e+04 5.95900438e+05 2.83657539e+04
 2.64846160e+08 1.11205117e+05 1.70661328e+08 4.16329188e+05
 3.51045469e+04 1.39394531e+04 8.84828281e+04 9.55437500e+04
 2.12122129e+04 1.18236359e+05 4.70971719e+05 4.59814281e+05
 4.71133656e+05 2.96890752e+08 5.50376062e+05 2.71010625e+04
 6.44545820e+04 5.62671350e+06 3.61335008e+08 8.67852734e+04
 4.97044224e+09 5.64452734e+03 2.72921088e+08 3.58627558e+09
 3.02520532e+03 6.43089727e+04 1.44658994e+04 2.14540527e+03
 1.01131816e+04 1.90928500e+05 3.41663945e+04 5.65140288e+08
 2.83305344e+09 7.17954375e+04 7.82005703e+04 1.63569766e+05
 1.53180594e+05 9.98467438e+05 4.47717383e+04 5.22892305e+04
 2.92967104e+08 1.84820178e+03 2.19250202e+09 3.97234297e+04
 2.73698906e+04 2.78949375e+04 2.95625918e+04 5.97541568e+08
 1.28908789e+04 1.14752041e+10 7.01333750e+04 3.31061969e+05
 1.25890352e+05 2.24138464e+08 3.04439072e+08 1.08926938e+05
 2.06255406e+05 7.72185792e+08 4.52725728e+08 5.95187461e+04
 2.89222578e+04 2.75550844e+05 1.52050830e+03 1.10818171e+10
 1.92635684e+04 2.63254928e+08 2.30955977e+04 9.03696777e+03
 2.42933625e+06 2.30397938e+05 1.28998750e+06 3.09483625e+05
 9.39971252e+02 3.91196680e+04 2.00230969e+05 1.20518078e+05
 1.56835600e+06 2.52798064e+08 1.33268350e+06 4.19581836e+04
 8.34177266e+04 3.57709975e+06 1.63524609e+04 3.00446602e+04
 2.54134473e+04 3.80222227e+04 4.14954880e+09 1.67635137e+04
 1.80069043e+04 1.33690342e+04 6.56722586e+09 1.36682970e+09
 1.71813887e+04 1.17959863e+04 3.39934822e+09 2.70339328e+08
 1.81265981e+10 3.28899789e+09 4.01070368e+08 7.29536016e+04
 6.27199883e+04 8.59039551e+03 6.53698880e+08 3.25986848e+08
 1.69810163e+09 2.36922953e+05 3.20614609e+04 1.16980688e+05
 3.28880128e+09 3.04517750e+05 3.78372640e+08 2.95799938e+05
 9.88954419e+09 9.42388906e+04 2.02356062e+06 6.02559500e+05
 5.25696832e+08 2.14568512e+09 4.53822998e+03 1.78011984e+08
 9.42672512e+08 1.41523906e+05 1.22853158e+09 1.02244296e+08
 1.01907705e+04 1.09382600e+06 9.77689551e+03 6.16467968e+08
 7.94568128e+08 8.56472256e+08 2.19188609e+05 6.50456133e+04
 2.09153574e+04 4.19946523e+04 2.38039603e+09 6.34006188e+05
 4.69432960e+08 1.98517562e+05 2.11447312e+05 9.05068096e+08
 8.96405700e+06 8.96380416e+08 1.12131504e+04 3.74004023e+04
 4.58428768e+08 2.30632446e+03 1.22810654e+04 4.81817440e+08
 9.51284672e+08 3.17445820e+04 6.85454736e+03 3.68778750e+04
 5.02848928e+08 2.62444219e+05 4.08876416e+08 9.94435352e+03
 8.39737969e+04 3.05914656e+05 1.63482188e+05 7.15505156e+04
 1.70645371e+04 5.93300416e+08 2.84968960e+08 5.13842592e+08
 4.32649844e+04 1.99878362e+06 1.10793155e+10 1.48356250e+05
 4.60641728e+08 3.82351616e+09 1.19765575e+06 5.07967656e+04
 3.44428281e+05 3.71766523e+04 1.05811763e+09 5.08811125e+05
 5.01279200e+08 2.08282637e+04 7.23129492e+03 1.93276032e+08
 6.49319438e+05 4.31041888e+08 4.96370304e+08 6.08172125e+05
 8.03321088e+08 4.42113969e+05 1.08147443e+09 1.51055398e+09
 9.52895936e+08 1.94538470e+09 1.39384368e+08 6.47048320e+08
 1.50919926e+10 4.77912031e+04 8.80612160e+08 2.32127578e+04
 4.00229696e+08 1.78778608e+08 2.80425600e+08 4.35333945e+04
 1.35649047e+05 3.70537688e+05 7.31303271e+03 4.76630624e+08
 9.38929993e+02 6.10170508e+04 1.81688422e+05 1.30908789e+05
 5.44856625e+05 4.98990719e+05 6.54851758e+04 1.85405844e+05
 4.22500188e+05 3.39977920e+08 8.65945344e+08 1.03861792e+03
 1.59411703e+05 1.19793023e+05 8.61652031e+04 1.29628625e+06
 5.33370605e+03 7.79317480e+03 9.01265547e+04 3.30716750e+06
 2.99503031e+05 1.22436445e+04 5.75471688e+05 8.53107109e+04
 2.01203789e+09 2.66025675e+06 2.30008375e+05 1.95736531e+05
 1.60705792e+08 4.87809952e+08 4.89911182e+03 2.60678144e+09
 1.00771471e+10 3.19851744e+08 7.29704576e+08 4.55047072e+08
 7.00117875e+05 2.87896312e+05 2.68496360e+07 5.81491750e+05
 1.50172592e+08 9.22552969e+04 1.90106138e+06 4.85804576e+08
 7.94680781e+04 4.14277088e+08 3.53624570e+04 3.22229238e+04
 1.12414320e+08 3.75507552e+08 2.78266825e+06 1.20458592e+08
 5.36720000e+05 1.53488848e+08 6.42383447e+03 5.24382413e+09
 6.30919808e+08 2.34529744e+08 1.24791617e+05 1.96417318e+09
 6.97716672e+08 2.43367828e+05 9.35591094e+04 3.94491250e+05
 1.55205079e+10 9.18321016e+04 6.40071133e+04 4.15239688e+04
 5.26511758e+04 9.30627008e+08 9.55166797e+04 2.93225078e+04
 1.47925672e+05 3.17857832e+04 1.32142694e+09 5.69939136e+08
 5.88786377e+03 3.73674496e+09 1.18466089e+10 4.33588867e+03
 4.96648032e+08 1.35930088e+06 3.75680737e+03 3.36418509e+09
 7.16269336e+03 1.28055719e+05 1.59888358e+09 1.67251344e+05
 3.07116365e+09 2.16956039e+02 6.53773812e+05 1.64314703e+05
 4.21959312e+05 5.60294080e+08 2.67256000e+06 6.34299375e+04
 1.37077786e+09 2.12417637e+04 4.30209031e+05 3.94034272e+08
 1.11718144e+08 2.07045547e+05 2.99126680e+04 1.53281953e+05
 1.74549788e+06 2.59092016e+08 9.13802422e+04 1.48455872e+08
 4.01954304e+08 1.27540020e+04 9.73316096e+09 1.79005025e+06
 1.19706050e+06 7.57952812e+04 9.17000375e+05 3.20536928e+08
 5.49279688e+04 8.05467422e+04 4.21858828e+04 7.30053984e+04
 3.70544736e+08 6.09411072e+02 2.94362281e+05 5.16877656e+04
 1.42046211e+04 1.89920734e+05 2.12229840e+08 4.25241211e+04
 1.36815219e+05 1.77204992e+08 1.01703477e+05 2.29264199e+04
 8.84808398e+03 4.33968164e+04 4.68900416e+08 2.02653953e+05
 7.05689216e+08 9.96096875e+03 2.63393719e+05 5.39876914e+04
 6.48102272e+08 3.64915649e+02 6.25353789e+04 5.26765696e+08
 5.42963867e+04 3.57714250e+05 2.15137469e+05 2.23765475e+06
 3.07876438e+05 3.01234629e+04 5.55654297e+04 2.67300464e+08
 1.51586938e+05 4.29408250e+05 6.19047062e+05 7.64476928e+08
 8.66965430e+03 1.47360029e+04 1.17373486e+04 1.18677472e+08
 4.45368398e+04 4.86569024e+08 1.19700788e+06 1.91008496e+03
 1.67015500e+05 2.46623906e+04 1.58880957e+04 9.75147656e+04
 6.16552704e+08 2.12326656e+05 2.85462598e+04 5.09763789e+04
 1.15343273e+05 1.74493914e+09 1.19125064e+08 1.06352070e+09
 1.75480859e+05 3.28615680e+08 1.05068500e+06 1.76641297e+05
 4.37385800e+06 7.92690000e+05 1.59680078e+05 2.69419116e+03
 7.68952734e+04 5.45900469e+04 3.61831872e+08 3.70685608e+02
 6.36638574e+03 1.96109552e+08 3.31318118e+09 1.46961375e+05
 2.48119168e+09 2.64298418e+04 3.89680352e+08 3.15931055e+04
 2.03463555e+04 1.13411807e+04 7.26020480e+08 2.83589094e+05
 3.10331113e+04 2.67855438e+05 1.17774323e+09 1.51103703e+05
 5.42457930e+04 7.47684912e+03 3.52619156e+05 2.87977750e+05
 1.21305375e+05 1.02805517e+09 3.88021184e+08 1.29465029e+04
 1.23482453e+05 3.53688544e+08 1.64347584e+09 1.61421234e+05
 2.99196387e+03 3.10319386e+09 2.36283184e+04 5.73401375e+05
 3.57762912e+08 4.33797632e+08 1.62286003e+09 5.71327383e+04
 4.76259336e+04 1.81287904e+08 4.96878242e+04 7.53787840e+08
 2.68923616e+08 1.20158867e+04 8.15733594e+03 2.35668281e+05
 1.84575625e+05 4.56613792e+08 4.91663203e+04 5.07251172e+04
 8.32631797e+04 7.81404297e+04 1.88976230e+09 2.03109427e+09
 6.95395000e+04 5.35351094e+04 5.82872750e+05 2.96688516e+04
 9.63057125e+05 1.78880560e+08 7.41913600e+08 6.43505664e+09
 3.99079883e+04 6.16876032e+08 4.48165312e+04 4.14185696e+08
 7.79477266e+04 2.29435008e+08 1.47989078e+05 1.63918762e+06
 1.17441412e+06 8.29822998e+02 1.33343962e+09 7.71058560e+08
 3.15061675e+06 3.38686250e+04 8.59906368e+08 7.46486172e+04
 3.85474752e+08 5.72379258e+04 7.05831232e+08 1.32302000e+05
 9.02248000e+05 8.80711172e+04 4.70470861e+09 4.89972864e+08
 1.29032294e+09 1.42688531e+05 5.27882109e+04 1.58527000e+07
 2.87282637e+04 8.96476094e+04 1.16090784e+03 1.51779827e+09
 6.73988125e+05 2.26433453e+05 6.69658301e+03 4.17864648e+04
 2.05139766e+04 4.89751424e+08 2.49459094e+05 1.66235250e+05
 8.42190094e+01 1.41315303e+04 4.31666758e+04 6.05779562e+05]
