[3.35961728e+09 6.58967344e+04 3.11235449e+04 1.11729651e+09
 3.40195635e+09 4.81322969e+05 2.55949056e+08 4.75651594e+05
 7.77980812e+05 6.76502875e+05 1.87904397e+09 2.39939375e+06
 2.11404625e+06 3.29545781e+04 4.93097422e+04 1.24182938e+09
 5.48849125e+05 3.03122375e+05 1.45836425e+06 1.60256588e+06
 8.88776320e+08 3.18936438e+05 1.07974050e+11 3.18918925e+06
 2.51707750e+05 1.39524393e+10 4.85774950e+10 9.42631188e+05
 3.85598125e+05 7.17724125e+05 2.90089830e+09 1.03016627e+09
 1.84523213e+09 2.00549616e+08 3.68086886e+09 3.26908094e+05
 6.04364736e+08 1.28002627e+04 9.52896438e+05 1.39214592e+08
 6.30791680e+09 1.27122275e+06 2.61741850e+09 3.06137656e+05
 5.01677531e+05 2.51247703e+05 4.32906144e+08 2.95957280e+08
 1.07568406e+05 3.05949210e+09 1.32990516e+05 2.26804906e+05
 1.06527968e+08 5.75186950e+06 1.75751113e+04 3.85829664e+08
 8.28750625e+05 9.94839750e+05 1.58435488e+06 3.39767200e+08
 3.17529293e+09 1.68986202e+09 7.94644416e+08 2.71053824e+08
 9.30752539e+03 1.07875700e+06 2.49056656e+05 1.69132141e+05
 2.31391136e+08 4.41604762e+09 2.17249891e+05 1.55417475e+06
 2.71568867e+04 1.33513703e+05 1.32751391e+05 1.66383974e+09
 1.69744203e+05 1.87737472e+09 7.95508938e+05 2.93283860e+10
 1.12626570e+05 5.99971125e+05 1.73504384e+08 4.36157120e+08
 4.28433906e+04 1.73535488e+08 3.52939883e+04 2.47942406e+05
 6.37202438e+05 1.40090112e+09 5.31801000e+05 8.36662835e+09
 1.34669440e+08 1.71631203e+05 2.56958259e+10 1.69732281e+05
 7.90073472e+08 1.70966531e+05 2.82014438e+09 1.69296367e+04
 1.09184294e+09 1.68390234e+09 4.38205586e+04 4.96541406e+03
 3.35298875e+05 7.44554176e+08 4.38703477e+04 6.59916032e+08
 6.24981312e+05 2.17738240e+08 9.72733906e+04 3.45909531e+05
 2.18235936e+08 7.76997120e+08 9.59787072e+08 2.26122391e+05
 5.22856523e+04 2.22937933e+09 1.85374922e+04 2.86845856e+08
 2.67307904e+09 2.75871270e+04 1.65917250e+06 4.79843156e+05
 3.25776875e+05 2.02881664e+08 2.55467712e+08 7.19792896e+08
 7.01148800e+08 3.62503562e+05 5.89747904e+08 4.11070880e+08
 4.62247456e+08 2.68210048e+08 5.37077625e+05 1.15565258e+05
 9.57374562e+05 5.87935296e+08 2.54764518e+09 2.44474734e+05
 5.25240820e+03 1.63915085e+09 1.65398400e+06 2.46496973e+09
 1.65272998e+09 1.70928703e+05 1.14211432e+08 2.91407693e+09
 4.66897408e+09 3.19974775e+06 2.10562720e+08 7.99004062e+05
 7.64380416e+08 1.73747754e+03 1.12019854e+04 2.63863125e+05
 1.90239297e+05 6.86723021e+09 1.49757453e+05 7.94180096e+09
 1.36273485e+09 1.63848457e+04 2.19164496e+08 1.39132859e+05
 1.42757734e+09 5.08878464e+08 2.70106368e+08 7.90634688e+08
 2.63410254e+03 9.49705688e+05 2.58772240e+08 1.64670031e+05
 9.67233536e+08 5.14122464e+08 2.20345024e+08 2.28254336e+04
 1.50416412e+06 2.38052368e+08 5.41489792e+08 1.16445720e+07
 2.57327744e+09 3.66575836e+02 8.78398100e+06 1.14889062e+09
 8.75042969e+04 6.55130664e+04 3.17947968e+08 3.84456640e+08
 4.34265742e+04 2.80102880e+08 1.36825882e+09 1.56176453e+05
 1.52687568e+08 4.73192032e+08 5.82043650e+06 3.01821408e+08
 2.25554175e+06 1.40891109e+05 2.67375632e+08 1.52322611e+09
 8.40349875e+05 5.53434625e+05 9.34997375e+05 4.26217152e+08
 8.57290496e+09 2.36995953e+10 2.99882144e+08 3.04090562e+05
 3.78488219e+05 4.83965632e+08 5.75446400e+08 5.03391104e+08
 4.73736736e+08 1.22799014e+09 3.74247844e+05 7.92805547e+04
 9.91115078e+04 1.83615136e+08 5.37409688e+05 5.73378560e+08
 8.66022031e+04 3.72808000e+08 5.23619766e+04 1.69778312e+06
 5.46926272e+08 1.12120077e+09 1.46358288e+06 2.29861738e+04
 1.44432859e+05 1.11022080e+07 2.47303656e+05 2.23200800e+08
 5.73947840e+08 6.89045440e+08 6.91054784e+08 1.94132749e+09
 8.42256512e+08 5.69628047e+04 1.37746368e+02 1.40691328e+08
 4.77018419e+09 1.92781248e+08 1.84618957e+09 4.31579312e+05
 1.24690727e+05 5.42475312e+05 7.34083047e+04 3.96992906e+05
 7.75822208e+08 6.78356400e+06 2.18935430e+04 2.04768474e+09
 1.58970128e+08 4.44968544e+08 6.73539438e+05 2.78340736e+08
 1.13263565e+09 1.23861680e+08 9.93957952e+08 6.36297024e+08
 1.60874056e+10 2.82375962e+09 5.06858086e+09 5.09907688e+05
 2.12540918e+04 5.80283392e+08 2.81475264e+08 1.20543808e+09
 2.29611594e+05 1.46425050e+06 3.99733856e+08 3.97213286e+09
 5.19037031e+04 3.51852896e+08 5.38366976e+09 4.61436000e+08
 5.97694650e+06 6.01407642e+09 1.71951438e+06 9.36998400e+06
 5.33108800e+08 2.20270490e+09 2.10476602e+04 2.12127952e+08
 5.06359180e+03 8.54217600e+08 5.08302784e+08 1.72185741e+09
 1.44713440e+08 2.32519824e+04 2.27651025e+06 7.20419776e+08
 1.86656678e+09 4.44757930e+04 6.65942500e+05 1.59927041e+04
 6.74751168e+08 6.03967812e+05 1.59254822e+09 9.67183920e+07
 6.70237120e+08 1.98381072e+08 2.47179750e+09 8.64681188e+05
 6.90916500e+05 5.68007160e+07 1.38568174e+04 1.34443047e+04
 3.79860672e+08 6.99179312e+05 2.36720592e+08 1.41106650e+09
 6.12382375e+05 3.27742656e+08 4.51399121e+03 6.69640234e+04
 5.64906750e+05 3.47072200e+06 2.85734720e+08 2.36008550e+09
 3.18629120e+08 1.62253076e+03 9.94043520e+08 8.69980375e+05
 3.47390438e+09 1.48911172e+05 1.16553910e+07 5.70666368e+08
 2.78096512e+09 1.11088305e+05 1.54301168e+08 1.53966752e+08
 1.54860032e+08 6.88657792e+08 1.46520891e+05 1.92088422e+09
 3.78287500e+04 4.93061328e+04 4.62754560e+09 1.77253297e+05
 3.98007712e+08 9.31384438e+05 7.38069568e+08 2.11697306e+09
 2.77335648e+08 2.02754000e+08 1.40726496e+08 1.70145715e+09
 3.92839525e+06 4.09267305e+04 2.86786534e+09 2.18710762e+04
 3.58360192e+08 7.06192064e+08 1.13061357e+04 4.79061824e+08
 3.99883290e+09 6.40464766e+04 7.92582528e+08 6.75428750e+05
 1.52055053e+09 1.50595375e+05 2.67807462e+09 5.96066406e+04
 5.18321510e+09 7.67513250e+06 5.87742144e+08 2.77453824e+08
 7.93696666e+09 1.26192704e+09 1.47199437e+09 1.35987008e+09
 2.61348659e+10 1.46226812e+05 7.53877109e+04 4.60637645e+09
 8.44567142e+09 8.69784750e+05 1.99559408e+08 5.75804032e+08
 1.58148890e+09 8.56349000e+05 1.68311675e+10 4.69538400e+08
 4.54293920e+08 6.34402312e+05 6.84135488e+08 1.13830413e+09
 1.96856730e+09 9.34301760e+08 3.55336525e+09 2.44545792e+08
 1.17014211e+05 5.26331936e+08 6.48271812e+05 2.36229990e+09
 4.33657031e+04 4.06472986e+09 5.29973344e+08 6.85899469e+09
 1.19395305e+05 4.65325875e+05 3.13292608e+08 1.28392828e+05
 1.40240602e+09 1.53300312e+05 3.19386112e+08 3.01667812e+05
 1.32223795e+11 2.16432047e+05 2.94983744e+08 7.77262938e+05
 2.87769421e+09 8.70799688e+04 3.56319625e+06 3.55393792e+09
 2.70936641e+04 1.43178350e+06 9.19612938e+05 9.99603904e+08
 2.40610227e+09 4.72221408e+08 6.30821952e+08 1.46885312e+09
 8.99407969e+04 5.72327875e+05 1.01536744e+06 1.01371904e+04
 1.49420570e+09 1.04216986e+09 3.56406720e+08 1.48973938e+05
 3.53369184e+08 1.65881141e+05 2.41671516e+05 2.03314048e+08
 2.19298406e+05 7.51588047e+04 1.37472625e+05 5.98885391e+04
 6.40401152e+08 1.07134003e+09 5.71591938e+05 3.54312578e+04
 1.07984658e+04 7.00985625e+04 2.55968080e+08 3.42565760e+09
 4.91423828e+04 1.46647625e+05 5.28858164e+04 1.70067660e+07
 1.45606016e+08 3.31171123e+09 1.76995878e+09 1.60477344e+05
 8.84700000e+07 1.01929965e+09 2.32357734e+09 1.89955008e+08
 1.31897406e+05 5.04943488e+08 1.43936891e+05 7.46452080e+07
 3.68146586e+09 3.08405184e+08 1.75801172e+05 1.68245566e+04
 4.82004156e+05 1.34270712e+06 4.10026836e+04 1.22360898e+05
 5.17905312e+08 6.88298500e+05 2.78902400e+08 1.84605606e+09
 8.11524512e+03 2.86493688e+05 2.98328128e+08 2.34745232e+08
 1.26802910e+04 1.03022086e+05 3.06381376e+08 3.41325344e+08
 3.35620896e+08 2.55929219e+04 6.80399844e+04 2.99813850e+06
 2.92797891e+04 1.18437008e+05 6.36682688e+08 1.08885088e+06
 9.44585920e+07 2.03777438e+05 8.20698125e+04 1.88349728e+08
 1.19668305e+05 9.96749517e+09 5.55858112e+08 1.34729250e+05
 1.79142672e+05 5.38511562e+05 1.20200243e+09 2.95045250e+05
 9.44583280e+07 8.44360192e+08 7.26557520e+03 1.49469184e+09
 8.25359680e+08 8.49525234e+04 3.36999392e+08 4.86903424e+08
 3.55246656e+08 1.17235141e+05 4.27502656e+05 2.83458739e+09
 6.40768125e+05 5.26030400e+08 2.22664950e+06 4.38538304e+08
 3.55035500e+05 1.52736348e+10 6.18594304e+08 4.85670031e+05
 3.33687812e+04 2.16493536e+08 2.48560859e+05 4.52853531e+05
 2.97818400e+08 7.89087422e+04 4.44847305e+04 1.56241359e+05
 2.62068480e+08 2.54598789e+04 2.51319141e+04 1.46898938e+05
 8.06128312e+05 2.18645427e+09 1.27115141e+05 1.82148812e+05
 8.73973952e+08 2.06608220e+10 1.54758576e+08 5.42046656e+08
 1.25982773e+05 4.12667456e+08 1.06452025e+06 2.61625296e+08
 3.28187392e+09 3.91808156e+05 7.65437888e+08 3.73473398e+04
 4.89351562e+04 5.48835021e+09 8.04850156e+04 1.09476475e+06
 2.19424109e+05 3.84595200e+08 2.09785088e+08 3.16832736e+08
 3.94685056e+09 7.16505859e+04 4.34237120e+08 4.91465664e+04
 5.17382031e+04 2.07752422e+05 9.40872461e+03 5.90088141e+09
 1.07067789e+09 2.04977248e+08 4.52739328e+08 6.90350391e+04
 2.14448550e+06 2.03353971e+09 1.71565568e+09 6.62520625e+05
 2.80530875e+05 6.11320832e+08 9.79891938e+05 6.04206836e+04
 9.50381568e+09 2.65984320e+08 1.92698475e+06 7.42813867e+03
 1.37099955e+09 1.45063127e+10 3.19091250e+04 1.05654554e+09
 7.72986953e+04 1.82416282e+09 1.62577664e+09 2.56921973e+04
 1.17119475e+09 1.15078125e+05 1.31076675e+06 1.58074637e+09
 4.12729141e+04 4.67530720e+08 1.11443477e+05 1.43191406e+04
 6.51075750e+05 1.84070451e+09 3.75090479e+03 2.95103392e+08
 3.61989120e+09 1.33397637e+04 3.21003904e+08 3.11776864e+08
 2.21985254e+09 6.84618250e+05 3.52206953e+04 1.57949094e+05
 1.07520845e+09 1.28453709e+09 1.74377000e+05 6.26058496e+08
 6.37453000e+05 1.52828096e+09 4.12515430e+09 3.00896282e+09
 1.01884359e+05 3.22515812e+05 1.29948570e+05 1.03810656e+08
 1.10297688e+05 5.30347188e+05 1.09123738e+09 5.05649102e+04
 1.08292019e+09 1.19762163e+09 1.78903488e+09 2.93039456e+08
 1.73431453e+05 5.12964312e+05 2.72016438e+05 3.77931744e+08
 9.20001152e+08 1.59357594e+05 8.38846144e+08 3.25207398e+09
 1.90074469e+05 1.90354355e+09 6.73454297e+04 9.56422266e+04
 1.78167220e+07 2.47499136e+08 1.20851802e+09 3.88236812e+05
 2.07821436e+03 3.72609312e+08 2.15338398e+04 1.49448105e+04
 1.15020224e+09 1.35438008e+04 5.19563906e+05 7.07039360e+08
 6.66039104e+08 4.44993741e+09 1.41062344e+05 1.76733840e+08
 3.48080625e+04 5.50150750e+06 5.77179875e+05 4.15245952e+08
 2.20996156e+05 3.47646367e+04 3.55507104e+08 4.37227392e+08
 2.60125562e+05 6.44903322e+09 4.36978200e+06 1.46817822e+04
 1.15920049e+04 6.87967188e+05 8.20576312e+05 6.78100750e+05
 2.91079456e+08 5.78539904e+08 8.35105280e+08 2.82512614e+09
 2.00022224e+08 2.92579473e+04 2.79892773e+04 6.05843520e+08
 9.97386562e+05 4.48225344e+08 1.70020240e+08 6.54342400e+09
 2.44783281e+05 1.16752525e+09 2.23725391e+05 6.18188188e+05
 1.80390500e+05 1.97811000e+05 4.34779648e+04 1.16715922e+05
 3.90505969e+05 2.64176312e+05 3.38360512e+08 1.26441074e+04
 2.53619199e+04 4.09288416e+08 1.74606688e+05 8.49654720e+07
 1.08612852e+05 5.91785984e+08 7.44422109e+04 5.02178368e+08
 2.39459641e+05 1.07875531e+05 4.56451656e+05 2.85751936e+08
 1.18964738e+06 1.85450338e+06 1.01599059e+09 1.63804766e+05
 2.31974912e+09 1.84318328e+05 7.97853516e+04 6.12737152e+08
 1.53243597e+09 4.97016846e+03 1.14154611e+09 1.74186289e+04
 2.12787344e+04 4.18693728e+08 1.23915725e+06 1.88295025e+10
 1.20981438e+06 3.83242480e+07 2.15385800e+06 5.27806848e+08
 1.40421747e+09 6.38540851e+09 3.56205722e+09 6.70093056e+08
 3.31255547e+04 2.60022512e+08 1.27336850e+06 1.24703850e+06
 3.62567625e+06 5.33605352e+04 8.11984844e+04 1.21183070e+05
 1.59229531e+05 4.59022625e+05 6.08189850e+06 9.82682750e+05
 1.11615281e+05 1.28465766e+05 3.74854093e+09 9.41277578e+04
 3.61486240e+08 1.54871844e+05 4.48685472e+08 3.25444032e+08
 2.65209024e+08 2.60960422e+05 3.96734234e+09 8.65858800e+07
 6.65263375e+05 5.36468164e+04 4.43035977e+04 3.50426598e+09
 1.77530547e+05 3.62826758e+04 2.21029906e+05 5.21674240e+08
 3.18512469e+05 6.23913312e+05 4.03330125e+06 1.16847859e+09
 4.50171250e+06 1.02875917e+09 3.39840430e+04 3.31033062e+05
 2.16198656e+08 3.69986656e+08 1.14562906e+09 4.47885184e+08
 2.84697184e+08 9.39329438e+05 4.17304656e+05 3.55262617e+04
 4.26647232e+08 3.23931400e+06 5.14316442e+09 5.47267461e+04
 1.18977438e+05 2.43552600e+07 6.54456641e+04 1.07495667e+09
 2.08966032e+08 1.69932262e+09 1.27646426e+09 6.35620032e+08
 9.10219938e+05 3.90668672e+08 7.34291172e+04 5.37814528e+09
 1.52108425e+06 2.86881688e+05 1.01439794e+06 6.86433594e+04
 7.51551360e+08 1.12719570e+04 1.25007386e+09 1.90720928e+08
 1.63371656e+05 2.48608435e+09 4.41617969e+05 7.46464614e+09
 3.21851062e+05 3.11861760e+08 1.17343347e+09 1.66528781e+05
 9.95679375e+04 3.53955156e+04 6.57756314e+09 1.63147630e+07
 3.97591062e+05 3.07277472e+08 4.75203072e+09 4.57155234e+04
 2.16837891e+05 4.04532173e+09 8.18973568e+08 1.95682893e+09
 1.97967109e+05 6.21060181e+02 8.28192688e+05 2.35715300e+06
 1.83914850e+06 2.31799062e+05 5.29605117e+04 2.80229453e+04
 2.32012774e+09 2.10815536e+08 2.17570483e+09 2.65396188e+05
 2.33864176e+08 1.37027187e+09 6.87657578e+04 5.33316659e+09
 3.31559360e+08 1.22902734e+05 6.16170816e+08 3.38478398e+04
 4.68391680e+08 9.24393750e+04 4.80441406e+05 9.11993024e+08
 3.12642219e+05 1.03433286e+09 1.54511512e+06 3.14122701e+09
 6.38357750e+05 5.38713446e+09 1.76343104e+09 1.74971875e+05
 1.23921234e+05 9.63928960e+08 4.43365875e+05 4.41748531e+05
 9.33300156e+04 1.17884672e+09 2.65588926e+04 3.86888096e+08
 9.77710062e+05 9.92312109e+04 4.84713114e+09 1.08751461e+05
 1.08849080e+10 2.36379316e+04 4.43159680e+08 8.56606528e+08
 2.38500422e+05 4.57964141e+04 2.16287872e+08 2.59866125e+05
 3.06868192e+08 1.08295539e+05 2.14528027e+04 5.82338816e+08
 9.68697125e+05 1.45327891e+05 1.27214140e+07 1.01724312e+06
 1.68956080e+07 9.45785600e+08 5.80044416e+08 2.14117840e+08
 9.93712266e+04 2.51737031e+05 5.49887552e+08 3.13406400e+08
 6.15241748e+03 2.51901035e+04 1.93428902e+09 6.53702562e+05
 9.43586062e+05 2.19686969e+05 4.87610720e+08 3.34925969e+05
 2.82014801e+02 4.24929248e+08 5.57694400e+08 3.95926221e+09
 1.64978336e+08 1.21328448e+09 2.20312797e+05 5.87387750e+05
 5.92184750e+05 1.24646078e+05 2.07228800e+09 1.32599770e+09
 5.54067456e+08 1.57610266e+05 9.45598633e+03 2.65790256e+08
 2.14954496e+09 1.40113750e+05 1.54717056e+09 2.69397856e+08
 2.50054517e+03 5.90095750e+05 2.35644234e+05 2.72850862e+10
 3.62881056e+08 8.83690304e+08 6.24702016e+08 8.71635312e+04
 3.89209568e+08 1.89685248e+08 5.48824062e+05 1.32228047e+05
 4.31971264e+08 5.75544580e+03 3.35209792e+08 3.20494432e+08
 1.22537830e+09 1.28364555e+05 4.04622241e+03 4.28119104e+08
 3.85911744e+08 1.79985500e+05 9.47311232e+08 1.32321600e+09
 9.24194688e+04 4.89711456e+08 1.12592678e+09 2.25577580e+07
 1.51809536e+09 8.27922432e+08 5.94389952e+08 3.32551926e+10
 5.56713257e+02 1.14812609e+05 9.93669562e+05 1.99097072e+08
 2.55462516e+05 5.33084938e+05 5.04698969e+05 3.76398203e+04
 9.53707188e+05 8.53382400e+07 8.72038688e+05 5.50150812e+05
 8.50905344e+09 8.41054375e+05 2.24512461e+04 2.10645547e+05
 2.99380672e+08 7.92941250e+05 4.08012500e+04 2.32667984e+05
 1.49332224e+10 5.46825408e+08 2.47581440e+09 1.97009888e+08
 3.31711872e+08 1.15765771e+04 3.97323776e+08 3.21799300e+07
 5.39290496e+08 5.92863750e+05 2.48942064e+08 1.03197805e+09
 1.98747456e+09 1.02943123e+09 1.15603802e+09 5.28865280e+09
 1.53908992e+08 1.97958375e+05 4.67151616e+09 1.31959266e+05
 3.07824864e+08 7.36938516e+04 4.27465024e+08 2.81001812e+05]
