[1.65986062e+05 4.47606738e+03 2.29978047e+04 2.96985098e+04
 2.55699551e+04 3.86326953e+04 4.71086475e+03 1.34104326e+04
 2.40408266e+05 9.51908301e+03 2.07615488e+04 4.04716602e+04
 1.88758337e+03 6.85748291e+03 2.23221268e+02 1.64067883e+03
 2.82740488e+04 9.07290100e+02 3.57547695e+04 8.83810059e+03
 2.79126582e+04 6.15608398e+03 6.24881150e+06 3.25170586e+04
 1.74300488e+03 3.02112461e+04 8.78155000e+04 2.33415137e+04
 9.43138281e+03 8.62772754e+03 3.65215859e+04 9.24454980e+03
 1.67860137e+04 6.38861572e+03 1.97800586e+04 7.33492676e+03
 3.06154126e+03 4.75280566e+03 4.25662305e+03 2.82144141e+03
 3.25134023e+04 2.68109023e+04 2.39648584e+03 2.81182734e+04
 6.83205078e+02 9.21647852e+03 1.71982031e+04 3.12027271e+03
 1.19537852e+04 7.29150098e+03 3.53374585e+03 8.30063281e+03
 1.89090320e+03 9.38115938e+04 4.44987256e+03 3.63681616e+03
 1.04399180e+04 6.98094844e+04 2.20368398e+04 1.02686348e+02
 4.06568984e+04 1.84278184e+04 8.93114941e+03 2.94995239e+03
 2.53375806e+03 2.72607227e+04 3.19265259e+03 5.49336914e+03
 7.40150342e+03 5.61611172e+04 2.15909717e+03 3.97753398e+04
 3.46424902e+03 4.26953555e+04 1.01141592e+04 9.46312598e+03
 2.83540527e+03 2.19917246e+04 5.64890869e+03 3.92487219e+05
 3.33468604e+03 2.38266719e+04 3.27449561e+03 3.76393799e+03
 4.07796753e+03 1.54614990e+03 4.08546069e+03 1.72094219e+04
 1.81341543e+04 2.78678945e+04 1.53631514e+04 2.24990234e+04
 3.42008423e+03 2.21360703e+04 4.70096125e+05 9.88566699e+03
 2.37003516e+03 4.49127344e+04 2.75237256e+03 1.28606189e+03
 2.89927266e+04 1.37897334e+04 4.84037305e+03 4.29945312e+03
 1.01622490e+02 3.32913906e+04 6.56137891e+03 4.70492334e+03
 9.10172363e+03 6.64353418e+03 5.19433008e+03 2.31031797e+04
 4.08302075e+03 7.39287695e+03 1.58778105e+04 9.24447559e+03
 4.07623120e+03 2.93965781e+04 9.37700000e+04 7.80331982e+03
 1.90241270e+04 3.63182422e+03 4.21731797e+04 9.34419629e+03
 1.43111279e+04 1.75991089e+03 5.47338448e+01 4.48538477e+03
 4.46205908e+03 3.42036172e+04 5.93445508e+03 3.82697113e+02
 7.08593359e+03 3.67778589e+03 8.90131250e+03 2.04940576e+03
 1.83114023e+04 2.26066528e+03 7.24656299e+03 1.07678389e+04
 4.21564805e+04 1.90328699e+03 2.54118164e+03 8.60871484e+04
 1.42725283e+04 9.05373047e+02 1.58317346e+03 3.31452734e+04
 1.10352930e+04 1.93284043e+04 1.66625842e+03 5.51057324e+03
 7.74985449e+03 3.05424780e+03 2.64087773e+04 8.77088965e+03
 2.08950049e+03 8.35409668e+03 3.23350757e+03 1.67783613e+04
 4.08393828e+04 4.04197632e+03 7.26223975e+03 2.31407104e+03
 7.48129688e+04 4.05707983e+03 3.36056763e+03 8.05690479e+03
 5.67824170e+03 1.10488467e+04 1.91756824e+03 6.87239551e+03
 1.05842686e+04 6.75080859e+03 1.91377090e+02 1.18250850e+04
 1.28496885e+04 2.16976294e+03 1.20331848e+02 1.47592500e+04
 3.62315234e+04 2.33048804e+03 2.13805453e+05 1.65714441e+03
 4.99068506e+03 2.78514722e+03 6.47663818e+03 1.62099438e+03
 7.24471875e+03 1.63047041e+04 1.55712656e+04 6.05735010e+03
 1.76257056e+03 5.60536230e+03 9.13524121e+03 1.10278369e+03
 5.14887812e+04 2.92613953e+02 1.21336584e+03 2.44416211e+03
 1.10607676e+04 3.18414336e+04 3.46751758e+04 1.70535263e+02
 2.48050344e+05 2.62240156e+05 5.68389111e+03 2.68634857e+02
 4.01439629e+01 1.85921423e+03 2.12346851e+03 2.42764551e+03
 3.42852109e+04 3.90773633e+03 2.19707891e+04 1.85075476e+03
 8.58329004e+03 2.14781738e+03 4.48329805e+04 7.20390137e+03
 1.05060217e+03 6.03441504e+03 2.65080835e+03 7.81278047e+04
 7.10758789e+03 6.31713379e+03 1.21554590e+03 3.04612524e+03
 7.53561963e+03 9.92542908e+02 6.90462061e+03 1.21575264e+04
 1.11014189e+04 6.00570752e+03 4.16364307e+03 9.24761406e+04
 1.11631958e+03 1.60150110e+03 1.08289092e+04 2.11446094e+03
 3.98508008e+04 1.56516602e+03 4.79673359e+04 3.22348511e+03
 4.04639404e+03 1.80347246e+04 6.68822571e+02 1.24114072e+04
 1.05574531e+04 5.33741523e+04 1.19050720e+03 6.10442852e+04
 4.94683789e+03 4.50417578e+03 2.95353809e+03 6.51150439e+03
 6.29674805e+02 3.76535181e+03 1.04006514e+04 1.64267383e+04
 5.37612188e+05 2.19349043e+04 6.66567109e+04 2.07301489e+03
 1.30317432e+03 4.35555225e+03 1.45458301e+04 8.54484668e+03
 2.67542422e+04 1.33827607e+04 2.80767944e+03 7.20581562e+04
 1.75547327e+03 7.32253125e+03 1.93823184e+04 6.18748633e+04
 4.33514500e+05 2.03873105e+04 2.00010234e+04 3.00173969e+05
 1.70483145e+04 1.77690605e+04 2.30740891e+02 3.26898145e+03
 1.30195117e+03 1.33123789e+04 1.32421899e+03 4.00979614e+02
 2.89537451e+03 1.00809248e+04 7.56061719e+04 5.22909355e+01
 1.86297500e+04 3.39155298e+03 5.32401953e+03 1.14516768e+04
 2.19321621e+04 3.87185117e+04 2.99209082e+04 7.09052795e+02
 5.73138525e+03 1.61317407e+03 3.60565703e+04 5.53607773e+04
 1.89311797e+04 7.67071875e+03 3.03450049e+03 1.91474578e+05
 4.08795703e+03 2.75437988e+03 7.46272705e+03 1.08443066e+04
 2.33577859e+05 2.64777802e+02 7.67619238e+03 1.44379082e+04
 1.03458691e+04 5.89512031e+04 4.74233589e+01 1.59578734e+05
 5.16562012e+03 3.72170352e+04 6.67756396e+03 2.29170176e+04
 4.82440859e+04 4.19748633e+03 1.59133000e+05 1.86756921e+03
 3.65768672e+04 9.76801172e+04 2.78955347e+03 2.80074683e+03
 3.14064355e+03 3.17336719e+03 9.43581177e+02 2.48372461e+03
 2.48481177e+03 1.69984207e+02 1.39236625e+05 7.23042297e+01
 9.10925293e+03 9.90986719e+03 1.77148865e+03 2.79345664e+04
 6.66940820e+03 1.11421914e+04 4.82083984e+03 1.56281279e+04
 3.20360449e+04 5.02106873e+02 3.52303086e+04 1.43847781e+05
 4.87830322e+03 2.31649629e+04 7.53722461e+03 1.53541826e+04
 2.24506668e+02 6.06462344e+04 7.88328369e+03 2.18813281e+03
 2.21043477e+04 3.42574688e+04 5.98037734e+04 3.40444678e+03
 6.16689531e+04 4.71023844e+05 1.08264805e+04 3.20607153e+03
 2.90144406e+05 1.11044898e+05 3.12018242e+04 7.33992969e+04
 1.36611938e+06 4.29103418e+03 4.91982715e+03 4.19946992e+04
 1.54621891e+05 3.39526172e+04 2.81224487e+03 6.20929004e+03
 3.77496016e+04 1.94639316e+04 2.49923859e+05 1.05095605e+04
 9.84743262e+03 1.00324609e+04 9.20028839e+01 8.31350098e+03
 3.30027422e+04 1.19707490e+04 4.70224951e+03 2.72172192e+03
 2.08781172e+04 8.77011816e+03 6.61085693e+03 2.41226289e+04
 3.52504858e+03 5.34450635e+03 6.07519824e+03 1.13980125e+05
 7.29958398e+03 6.48055542e+02 4.21742773e+03 1.89334424e+03
 1.83063145e+04 4.84763702e+02 5.38013330e+03 4.91272217e+03
 2.09107953e+05 7.58836719e+03 4.68512012e+03 4.08420820e+04
 1.79411152e+04 5.62722510e+03 1.11913447e+04 1.64943884e+03
 1.67963574e+03 3.23429761e+03 1.63550498e+04 3.39554883e+03
 7.71336182e+02 1.83563782e+02 6.94782861e+03 1.76519180e+04
 7.46786621e+02 3.69116772e+03 2.18393535e+04 2.58231079e+03
 3.43870000e+04 7.80843018e+03 3.64852075e+03 1.26304170e+04
 2.15849688e+04 2.95061406e+05 4.46004150e+03 1.12016626e+03
 2.90871484e+03 9.31404883e+03 5.43119043e+03 8.98026172e+03
 2.39725098e+04 3.10632207e+04 1.18727188e+04 7.86890137e+03
 2.98742871e+03 8.62644922e+03 2.04333191e+03 1.59591309e+04
 5.52903955e+03 3.22294403e+02 3.01716675e+03 4.95991812e+05
 9.38274841e+02 2.44482051e+04 1.41847109e+04 4.93861328e+03
 1.92090820e+02 2.37310996e+04 1.09014395e+04 3.39002832e+03
 2.74116426e+04 3.92101776e+02 5.20572217e+03 2.91834644e+03
 6.29647227e+04 2.81016357e+03 3.28089297e+04 1.03491533e+04
 5.49029346e+03 1.36964344e+05 8.99769238e+03 1.45505107e+04
 3.63388794e+03 1.65684688e+04 1.71132520e+03 2.68271055e+04
 2.96500098e+03 1.90380703e+04 1.71698621e+03 4.26601562e+03
 7.04683008e+03 9.86463379e+03 4.00587744e+03 1.03900332e+04
 5.04083301e+03 1.02191299e+04 5.76818701e+03 1.82469031e+05
 1.22002051e+03 1.26932703e+03 2.97063379e+04 5.03703984e+04
 2.33376685e+03 4.41171484e+04 1.02144141e+04 1.21276233e+03
 1.72174004e+04 1.53490062e+05 2.93423535e+03 6.79925439e+03
 1.46148535e+03 1.51307971e+03 1.32715010e+04 4.58399561e+03
 1.80800879e+03 5.98013965e+03 2.06118970e+03 2.05418516e+04
 8.42810840e+03 1.03542188e+04 2.13424980e+04 1.73587012e+04
 1.92772949e+03 1.02621104e+04 4.71240664e+04 3.22356426e+04
 1.33658818e+04 1.35617432e+04 3.83044092e+03 9.55977930e+03
 3.66166113e+03 1.64577031e+05 8.74144531e+03 2.57688257e+03
 1.77397344e+04 2.02591895e+03 4.19688525e+03 6.39384219e+04
 5.34353564e+03 4.97928418e+03 9.85539160e+03 2.62392358e+03
 8.49161914e+03 9.64153223e+03 2.50787085e+03 6.13220654e+03
 2.68802676e+04 7.78663452e+02 3.42696802e+03 4.59865845e+02
 6.06534851e+02 1.95940062e+05 3.17641479e+03 7.77019775e+03
 1.14744675e+02 8.40460510e+02 2.07396621e+04 2.06331152e+03
 8.54475488e+03 1.24714678e+04 7.82802783e+03 3.10378638e+03
 5.11306543e+03 1.90791035e+04 2.20311987e+03 3.33864844e+04
 5.64786377e+03 6.78068054e+02 1.79566858e+03 4.65490576e+03
 5.45895742e+04 1.22949160e+04 3.55540576e+03 8.45830957e+03
 1.53852341e+02 1.12754307e+04 2.32490503e+03 7.32140869e+02
 1.24256182e+04 1.16620020e+03 2.74222969e+04 1.57577621e+02
 8.00434141e+04 1.62758297e+05 9.19466328e+04 1.93935293e+04
 4.73347461e+03 4.07597607e+03 1.10993125e+04 9.03963318e+01
 1.53080547e+05 6.53953516e+03 3.19780875e+05 5.03071594e+02
 2.59687695e+04 1.70613156e+05 1.67886182e+03 4.53040723e+03
 5.98338525e+03 1.00810186e+04 2.84908613e+04 5.03264160e+03
 1.30091934e+04 1.05577129e+04 4.75482383e+04 2.42262891e+04
 4.30098438e+03 5.52864746e+02 1.72814727e+04 2.21111304e+03
 1.16084326e+04 2.48364960e+02 5.04302051e+03 2.52931323e+03
 2.82037305e+04 5.88321924e+03 3.59687207e+03 2.70664600e+03
 2.10445234e+04 2.09937695e+04 8.82128516e+03 7.14929199e+03
 1.21247295e+04 4.87811768e+03 7.13825830e+03 9.57578906e+03
 4.85375703e+04 1.41480752e+04 6.82152891e+04 2.11316113e+04
 2.04464929e+03 2.98335098e+04 5.99758301e+03 6.74637598e+03
 8.30784375e+03 4.49195195e+04 8.73220215e+03 2.52638818e+03
 1.56645142e+03 4.09713477e+03 1.72231277e+02 7.05297241e+02
 2.23098486e+03 1.16695029e+04 1.31123330e+04 6.74559937e+02
 1.60012510e+04 1.38208652e+04 1.38174619e+04 5.31580938e+04
 1.04093125e+04 4.14062773e+04 8.76490723e+03 3.85448535e+03
 5.10020344e+05 1.33709453e+04 7.57389697e+03 1.78460645e+03
 1.13584883e+04 3.91184448e+03 2.47089746e+03 7.52600464e+02
 1.72384121e+04 2.94191187e+03 5.84742871e+03 4.24934521e+03
 7.45416406e+03 3.13156367e+04 6.90791504e+03 2.07125879e+03
 5.19883350e+03 1.58267910e+04 8.96897266e+03 4.00710352e+03
 7.14485205e+03 6.95723779e+03 6.96930518e+03 1.38550781e+04
 6.41474951e+03 7.63602656e+04 2.14925375e+05 3.89980005e+03
 6.32606787e+03 3.00377617e+04 6.91503809e+03 3.95537539e+04
 3.16504272e+03 2.19554348e+01 1.07088818e+04 3.94365781e+04
 1.58955673e+02 1.68996777e+04 4.95335327e+02 3.55982910e+02
 2.11612329e+03 3.62114258e+03 3.12452197e+03 7.95118906e+04
 4.62825244e+03 2.45303482e+02 3.00320483e+03 4.35943945e+04
 1.33034688e+04 2.03847520e+04 3.26692725e+03 3.80178436e+02
 3.13617031e+04 7.46603125e+03 9.37286230e+03 3.35638940e+03
 4.90275781e+03 6.77377783e+03 1.72747034e+03 1.10589514e+03
 3.27721045e+03 1.36579619e+04 5.17763770e+03 5.05077148e+03
 3.63204419e+03 2.57533203e+03 1.76213965e+04 1.00661182e+04
 1.06732092e+03 5.49706641e+04 2.31787891e+04 4.48822109e+04
 1.78410078e+04 7.18437891e+03 4.17733789e+03 5.75204736e+03
 7.01508252e+03 2.29228345e+03 9.41840430e+03 4.19669385e+03
 3.02517383e+03 4.61981152e+03 2.61275645e+04 1.42607000e+05
 9.59007344e+04 7.71969092e+03 3.41886758e+04 7.25743066e+03
 2.64569941e+04 1.35627609e+05 1.09223227e+05 7.68272559e+03
 3.02425708e+03 2.54784204e+03 9.27060645e+03 1.10756539e+05
 9.59357031e+04 3.08936304e+03 2.43775840e+04 2.58677051e+03
 3.72096875e+03 1.05533264e+03 3.70816750e+05 1.65919958e+03
 2.69344580e+03 3.23333105e+03 2.30706958e+03 6.83778516e+03
 5.90485303e+03 5.76210059e+03 4.37737939e+03 2.47653076e+02
 9.01173096e+02 3.58919922e+03 4.81090771e+03 8.39459863e+03
 2.28522871e+04 9.26039648e+03 4.15096289e+03 5.82395703e+03
 7.63704224e+02 1.94843286e+03 7.95044385e+03 2.84036309e+04
 4.45168115e+03 1.74190781e+04 1.17500922e+05 1.95814629e+04
 7.62334688e+04 8.07650391e+04 1.42369072e+04 1.67741562e+04
 1.12774658e+03 9.43672754e+03 9.80654590e+03 1.63311875e+04
 2.79778516e+03 2.37186127e+02 8.69447327e+02 1.85282715e+03
 4.99164648e+03 5.77198477e+04 7.42393408e+03 2.54664673e+03
 3.74609131e+03 2.92444844e+05 5.73544678e+03 1.29573721e+04
 4.42709375e+03 3.04057068e+02 8.43652246e+03 6.27923975e+03
 7.27788208e+02 6.64503223e+03 1.39168223e+04 3.70778945e+04
 3.75914219e+04 7.65772852e+03 2.23859062e+04 6.19823633e+03
 1.34070713e+04 1.05420508e+04 2.94991621e+04 1.08358063e+02
 9.86934277e+03 1.84324082e+04 9.02513086e+03 1.12956492e+05
 9.62417188e+04 5.71638184e+03 3.32342749e+03 2.04364233e+03
 1.01529279e+03 5.89363916e+03 9.90974512e+03 1.04525422e+05
 7.99289600e+03 6.74378955e+03 7.15062500e+03 2.16716846e+03
 1.87721543e+04 7.92482188e+04 1.10435176e+04 9.57370544e+02
 5.28226416e+03 7.01726013e+02 2.85422969e+04 2.35292969e+04
 3.07995264e+03 4.59246406e+04 2.33578587e+01 4.02541284e+03
 1.56489248e+04 1.08826836e+04 3.10806387e+04 1.81514990e+03
 5.33645361e+03 9.65620215e+03 7.11467871e+03 1.15384070e+05
 6.31631152e+03 6.96486084e+02 1.39062592e+02 1.78170569e+03
 2.07539624e+03 6.63595533e+00 2.13966797e+04 1.11274385e+04
 2.21362383e+04 2.39939941e+04 4.85835469e+04 1.11354383e+05
 4.70606133e+04 7.68718047e+04 8.17149121e+03 5.49277539e+03
 1.82019047e+05 1.06262490e+04 1.11564406e+05 1.39012390e+03
 5.49050928e+03 1.22582832e+04 6.25089478e+02 3.23247827e+03
 9.03875703e+04 2.10248633e+03 3.52747266e+04 5.99907471e+03
 1.25948531e+05 9.38072281e+01 4.07813989e+03 7.14551074e+03
 4.42927783e+03 5.48230762e+03 1.08764905e+03 1.25627393e+04
 6.16631393e+01 8.20973438e+03 1.06098516e+04 2.34405029e+03
 4.62076641e+04 4.26194775e+03 9.33955234e+04 5.97053906e+04
 2.08484250e+05 6.24472949e+03 1.50439240e+02 4.43811279e+03
 4.83252228e+02 2.19295563e+02 8.09267090e+02 5.82204361e+01
 2.78991748e+03 2.49227417e+03 1.90229805e+04 3.96130312e+04
 1.61982705e+04 3.43662842e+03 3.19881738e+03 7.86468506e+02
 2.67794727e+03 3.12819727e+03 8.93627148e+03 1.08490414e+05
 1.47660071e+03 2.58959692e+03 5.92714746e+03 1.17880254e+04
 1.42303198e+03 3.34869946e+03 1.34831904e+04 2.08441528e+03
 9.20190527e+03 2.20038965e+03 2.80026196e+03 9.17881348e+03
 3.27528398e+04 4.76052704e+02 7.68289844e+04 6.69291650e+03
 3.03771582e+03 5.13500898e+04 1.90698828e+03 3.09604406e+05
 4.76314453e+03 6.45096328e+04 1.14345801e+04 3.62594805e+04
 6.16960526e+01 5.26632275e+03 5.05149109e+02 1.30491787e+04
 2.34433960e+03 5.07483105e+03 1.55666553e+03 7.02239551e+03
 1.53590918e+04 6.54876318e+03 4.52275482e+02 1.24195544e+03
 3.25858130e+03 1.01937946e+03 1.34024570e+04 8.83754590e+03
 3.27745547e+04 2.48885039e+04 3.09551445e+04 6.64074922e+04
 1.10336578e+05 1.65753887e+04 1.31904871e+03 7.86990918e+03
 9.13043762e+02 1.10774502e+04 6.94207422e+04 1.02273303e+03
 2.52871411e+03 4.83989697e+03 3.55465508e+04 4.36209609e+04
 1.63676914e+04 1.32551306e+03 3.16206116e+02 2.38688916e+03
 3.99928398e+04 2.10466973e+04 3.12514551e+03 6.93115283e+03
 2.95398145e+03 7.21378906e+03 7.73654236e+02 6.79580029e+03
 3.45789969e+05 5.46291113e+03 4.01125366e+03 8.61272461e+03
 1.28538398e+04 2.55309158e+02 4.85486816e+03 3.07184675e+06
 9.41500488e+03 1.89049648e+04 8.08948303e+02 2.90461255e+03
 3.09863379e+04 1.95459121e+04 1.82000391e+04 3.69573594e+04
 8.73040649e+02 7.75115967e+01 6.80244688e+04 4.04758711e+04
 2.55111011e+03 5.91341699e+03 7.43393457e+03 1.03518564e+04]
