[3.60966758e+04 1.82566230e+04 1.07099634e+03 4.88939414e+04
 4.77140381e+03 1.03335586e+05 3.28092871e+03 1.12935967e+04
 1.93380359e+05 1.64214609e+05 4.34384814e+03 2.42077949e+04
 8.25673047e+03 1.50597021e+03 4.34892151e+02 6.35593506e+03
 2.02527871e+04 4.15110625e+05 1.54805762e+04 1.43769938e+05
 8.80974707e+03 1.45684937e+03 1.46057938e+06 5.01073779e+03
 9.09066467e+02 9.36107800e+06 8.76372100e+06 1.62677021e+04
 1.17869697e+04 3.58079932e+03 8.03702344e+03 2.52518547e+05
 8.59299414e+03 4.06816484e+04 3.10329575e+06 8.06676641e+04
 5.21999146e+02 3.89387891e+04 7.13761484e+04 8.61052490e+02
 1.97449629e+04 1.74721788e+06 2.58392344e+05 2.85786841e+03
 2.73458781e+05 7.40098125e+05 6.38024512e+03 1.28329424e+04
 1.12455791e+04 7.53743812e+05 5.62413513e+02 6.68066641e+04
 9.76234253e+02 9.54119812e+05 1.52236404e+02 1.00435608e+03
 9.98737109e+04 7.87560625e+05 1.66173770e+04 2.55665756e+02
 2.74574525e+06 4.74443398e+04 8.76126797e+04 2.15709488e+02
 1.63879382e+03 2.22763159e+03 1.77655578e+05 1.48291333e+03
 1.73474355e+04 1.79108812e+05 1.33392737e+03 2.38754453e+04
 1.72839209e+03 3.13233795e+02 6.87635345e+01 3.74934033e+03
 1.84450049e+03 2.07713344e+05 6.10758850e+02 1.22363391e+05
 1.30325986e+04 1.41680701e+03 8.39305762e+03 1.45193281e+05
 1.57430481e+03 3.49144580e+03 1.99085913e+03 1.44644666e+03
 6.50409414e+04 1.15203412e+06 1.69816453e+05 5.22335531e+05
 3.96723083e+02 3.93624570e+04 1.74799828e+05 3.12688770e+03
 3.44526184e+02 1.18616133e+05 1.40414281e+05 7.03420029e+01
 1.56304932e+03 4.77863770e+03 2.25796240e+03 2.79649506e+02
 1.52846545e+03 1.43033719e+05 3.42616553e+03 3.94226456e+00
 1.75503375e+05 5.46546249e+01 1.21876526e+03 1.78118887e+04
 5.39632835e+01 1.38327250e+05 8.16424463e+03 2.64913770e+04
 1.02506338e+04 3.32118500e+05 2.84320996e+03 9.93930000e+04
 5.13480957e+03 1.87545801e+04 1.58649404e+04 4.24337550e+06
 1.57976816e+04 1.62536748e+04 2.36778184e+04 4.05618530e+02
 5.77515875e+05 3.60765094e+05 2.67662378e+03 7.02950000e+04
 4.38633643e+03 5.56223633e+02 3.73545375e+05 1.26568985e+01
 6.16208545e+03 2.04545911e+03 1.71014435e+02 3.43518457e+03
 2.61907688e+05 8.05009812e+05 9.28011597e+02 1.67498262e+06
 1.58654551e+04 2.05714082e+04 9.76618500e+01 2.42936406e+05
 1.57237062e+06 1.84637297e+05 1.00899620e+02 1.55375742e+04
 4.57224707e+03 1.36558740e+03 8.03057500e+04 9.57836328e+03
 2.14805078e+03 2.49957422e+04 2.65340898e+04 6.02486200e+06
 5.47435438e+05 3.60883301e+02 5.70226445e+04 1.94897441e+04
 1.61116370e+03 6.41061670e+03 6.12327393e+03 2.50900049e+03
 5.15310889e+03 5.00052246e+03 4.48647461e+04 2.95918762e+02
 2.24596133e+04 3.12065500e+05 4.49989688e+04 2.26358618e+03
 4.00723555e+04 1.28540417e+03 4.90543976e+02 6.00323950e+06
 1.33928000e+05 2.29202578e+04 2.39506128e+03 7.08946938e+05
 1.06314331e+03 7.07875183e+02 5.73884229e+03 8.87621191e+03
 5.84487852e+04 9.51030156e+04 5.45650250e+05 4.73067139e+03
 3.79880312e+04 2.57733856e+02 8.78834375e+04 1.03516070e+05
 4.08352637e+03 1.72572984e+05 1.51175469e+04 7.50681250e+03
 3.85099805e+04 4.18068896e+03 1.91189453e+05 5.64785889e+03
 7.98153809e+03 9.10359985e+02 4.21835889e+03 2.57906250e+03
 1.47415359e+02 3.65313911e+01 2.24535986e+03 6.24523398e+04
 4.43130310e+02 2.29282373e+03 1.14676074e+04 1.58437671e+03
 3.92133164e+04 6.49625879e+03 2.83624688e+05 1.68027797e+05
 1.31061586e+05 4.04338574e+03 1.82265030e+02 9.89886953e+04
 5.54104004e+02 1.54663239e+02 8.95128000e+05 1.17998291e+03
 1.15236338e+04 7.39829062e+04 1.48993323e+03 8.62575012e+02
 2.03775969e+05 2.46888550e+02 4.46610742e+03 6.32921289e+04
 2.96441656e+05 6.24920082e+01 1.00349225e+03 1.60324182e+03
 2.69500875e+06 1.22945117e+03 1.19638836e+05 5.78829712e+02
 1.74370922e+05 4.32321344e+05 3.86553253e+02 6.08878857e+03
 1.51489893e+03 5.65599023e+04 3.09924683e+02 3.34636312e+05
 3.94021094e+04 5.40596641e+04 7.57342651e+02 2.13673008e+04
 4.45771812e+05 1.45013328e+05 2.65977129e+04 2.27840530e+02
 1.04605919e+06 1.69349656e+05 1.71293375e+06 1.48184547e+05
 7.16455078e+02 8.27502812e+04 3.19422832e+04 3.17888403e+03
 2.82469500e+05 2.21953984e+04 1.57401294e+03 4.93019453e+04
 6.29758281e+04 1.57257202e+02 3.91379297e+03 5.35996484e+03
 2.03787012e+04 2.53177900e+06 7.96794971e+03 8.39439125e+05
 4.86408906e+04 3.07000812e+05 8.24470391e+04 3.54805908e+03
 1.26600403e+03 5.26360750e+05 8.15269141e+03 7.99918812e+05
 4.22832092e+02 3.69973022e+02 1.20574388e+06 4.94304023e+04
 2.35106344e+05 1.92253494e+02 3.70320038e+02 1.82205430e+04
 2.30448560e+03 1.05857453e+05 2.86045508e+03 1.03341896e+02
 4.86298281e+04 4.78806445e+03 3.30007852e+04 4.59016844e+05
 1.68129614e+03 7.26231250e+04 1.24558797e+05 4.02536157e+03
 1.11920996e+03 6.39318994e+03 1.47295990e+02 3.90926992e+04
 1.16534789e+05 4.27000859e+04 2.90504730e+02 4.78446924e+03
 2.98468691e+04 1.01149144e+06 1.13928379e+04 1.84210879e+04
 6.80679609e+04 3.43480039e+04 8.01327344e+03 1.04308838e+04
 1.41745742e+04 4.61516943e+03 4.97771016e+04 5.60902070e+04
 1.60236621e+03 1.86456100e+02 1.05606074e+04 8.26385864e+02
 1.81885879e+04 1.79533250e+05 3.20924536e+03 8.27785000e+04
 1.13890703e+05 1.88932344e+04 9.42069750e+05 3.14893341e+02
 1.85182080e+03 3.16491821e+03 1.01325706e+02 1.46580075e+06
 3.84150049e+03 1.61436462e+02 6.50747061e+00 2.16173511e+03
 1.49953100e+06 6.38027246e+03 1.73539785e+04 6.93823250e+06
 8.06943420e+02 3.06393774e+03 5.15748253e+01 2.12025566e+04
 2.09695469e+05 7.72150938e+04 1.01261536e+03 4.92424414e+03
 1.56877332e+03 3.33859125e+05 7.64215479e+03 6.77108582e+02
 3.09592575e+06 1.40563828e+05 1.24316418e+03 6.81992334e+03
 3.85692625e+06 3.89108398e+04 2.46804941e+04 6.09301514e+02
 1.82020578e+05 7.53649609e+04 2.86296973e+03 5.08221875e+03
 8.70726953e+03 3.06595406e+05 1.70658398e+04 5.90113330e+03
 3.28573975e+02 1.05232617e+04 1.03858480e+07 1.23643188e+05
 5.79810205e+03 2.95210566e+04 3.58836953e+04 1.20908564e+04
 5.90096602e+04 1.81537363e+04 4.08354468e+03 6.91079844e+04
 1.55145703e+03 3.67110132e+03 4.19821075e+02 7.00627246e+03
 7.92888379e+03 9.07847344e+04 5.62647070e+04 6.02883250e+05
 2.81849004e+04 3.95124500e+05 9.70240332e+03 5.71680183e+01
 1.30190146e+04 3.92012749e+01 1.27840461e+05 3.24015381e+02
 4.71931550e+06 2.63517406e+05 3.26249102e+04 1.77252188e+04
 3.35097046e+03 4.42632373e+03 1.88636738e+04 5.83020234e+04
 1.19051906e+05 1.82836426e+03 1.89248609e+05 3.91180742e+04
 1.57451500e+06 4.31389191e+02 3.15444775e+03 2.23856152e+03
 1.67034985e+03 2.20689771e+03 7.58256328e+04 8.64977264e+01
 1.48510168e+03 6.13610117e+04 2.68159210e+02 3.08043969e+05
 3.74174492e+04 1.71384012e+06 2.47473193e+03 1.28612422e+04
 5.12528955e+03 1.20414383e+05 1.18737930e+05 6.95776812e+05
 2.60024062e+04 5.37579541e+03 3.11220531e+05 4.80293281e+05
 5.21571484e+03 7.82715869e+03 3.21025039e+04 3.20464941e+03
 4.52498665e+01 1.35098818e+04 2.92777802e+02 7.64319650e+06
 6.22274561e+03 6.98780000e+04 4.98719360e+02 6.64635391e+04
 1.64403549e+02 1.14702207e+04 2.30530075e+06 4.08715552e+03
 1.04697547e+05 1.33571406e+05 2.07066162e+03 6.93673218e+02
 9.20587646e+02 1.17919702e+03 7.15559875e+05 4.07089966e+03
 1.81333828e+05 4.53589062e+04 4.03697156e+05 2.27554443e+02
 9.13143457e+03 1.19706238e+03 2.02919702e+03 2.12484414e+04
 1.24288672e+03 3.63772281e+05 3.97768477e+04 1.13949963e+03
 1.16273779e+04 5.34924805e+03 2.44627109e+05 2.86458594e+05
 2.88587461e+04 6.57925342e+03 5.12262656e+04 1.91186582e+04
 8.94141875e+04 2.59725254e+04 6.51188416e+02 6.88836719e+03
 3.21140039e+03 5.90899062e+05 2.23286646e+03 5.76101992e+04
 4.75852656e+04 5.88241400e+06 2.27403107e+02 1.05533606e+03
 5.98385132e+02 5.10595996e+03 1.06159475e+06 1.67037129e+04
 2.16739380e+03 1.27436182e+03 2.87562378e+02 3.11111475e+03
 1.15098701e+02 1.05212357e+02 4.60220156e+04 2.15493484e+05
 2.31336914e+02 2.06406763e+03 6.70137109e+03 7.67695312e+02
 4.19057129e+03 3.88019062e+04 3.49303369e+03 3.63452197e+03
 1.62970867e+01 6.69558562e+05 7.78259399e+02 3.47634000e+05
 1.11902188e+04 1.20089473e+04 2.03693555e+04 3.49652295e+03
 1.75555352e+04 5.13259453e+04 4.41279883e+04 5.95111328e+02
 1.40235730e+03 3.71935089e+02 1.14091072e+02 2.40909004e+04
 3.87499939e+02 6.43876688e+05 2.08594897e+03 2.74715977e+04
 9.80991089e+02 1.86648926e+04 5.74304199e+02 3.55790215e+01
 1.16589326e+04 1.34506775e+03 6.66074023e+03 2.74360218e+01
 4.14773486e+03 1.02864417e+03 1.77358250e+05 5.64781616e+02
 5.73050469e+04 9.98769824e+03 2.53057251e+03 1.95161953e+04
 2.31588625e+05 2.02758191e+03 2.29985626e+02 3.66138672e+04
 2.55137109e+04 7.91110234e+04 5.37298633e+03 6.81335938e+04
 1.43424048e+03 3.46898164e+04 1.06217881e+04 9.79408125e+04
 1.47306824e+02 1.14272832e+04 1.30398330e+04 1.26742688e+05
 9.11113867e+03 1.81128000e+05 6.79618359e+04 5.24686182e+03
 3.09629541e+03 8.18996172e+04 2.79310059e+03 3.59442963e+02
 7.44093984e+04 6.01833069e+02 9.41983887e+02 1.68432038e+06
 1.01578477e+04 5.54591211e+04 5.58288984e+04 5.48954562e+05
 1.40705781e+05 4.30932959e+03 5.18045938e+05 3.17722156e+05
 5.44566688e+05 4.18579922e+04 1.06986156e+05 1.37773312e+05
 4.76203867e+04 2.68723486e+03 1.40124561e+04 7.86203003e+02
 4.83963400e+06 1.10926812e+06 8.90613464e+02 9.29734741e+02
 1.77469844e+04 8.03469141e+04 7.16269688e+04 4.69745234e+04
 8.27059180e+03 1.07254742e+05 5.82412842e+02 1.35212622e+03
 4.72818094e+05 1.75134448e+03 2.35052676e+04 1.52757178e+04
 1.00454680e+05 2.48080438e+05 8.71913000e+05 3.56924146e+03
 1.98153839e+02 8.90076465e+03 1.07648633e+04 1.04239819e+03
 5.76935688e+05 1.18087817e+03 7.02515125e+05 8.99762573e+01
 8.84214050e+02 6.28091758e+04 6.07937969e+04 9.58083435e+02
 6.00540438e+05 1.68224380e+02 6.23248535e+02 1.86156921e+02
 1.24364766e+05 1.78001875e+05 2.55063266e+05 8.40162438e+05
 2.37231494e+03 6.24891367e+04 4.45417432e+03 1.40142062e+05
 1.03434840e+07 1.14326982e+04 7.36507750e+05 2.90866333e+03
 6.24110205e+03 4.00818359e+03 2.00056104e+03 1.66875500e+03
 8.68873108e+02 1.41136445e+04 4.86588555e+04 2.19236219e+05
 1.44253062e+05 1.50488110e+03 6.93709033e+03 1.90953781e+05
 5.09151465e+03 3.47789766e+04 4.30928789e+04 1.77211891e+05
 1.31358994e+04 2.55240479e+02 1.88519104e+02 1.71348734e+05
 7.41067578e+04 1.75234312e+05 5.28042000e+06 7.22195740e+02
 2.86717625e+01 9.12823364e+02 1.86285719e+05 2.22116750e+06
 2.50160586e+04 5.78200488e+03 8.28827188e+04 8.95516699e+03
 3.40811133e+04 1.06087715e+04 1.01712555e+05 8.23633728e+01
 7.25369125e+05 1.78311406e+04 7.80010986e+02 6.77184131e+03
 1.48213226e+02 1.06653154e+04 1.11049156e+05 1.23077598e+04
 5.66247559e+03 3.32551245e+03 3.65021271e+02 9.57274375e+04
 1.08036588e+06 4.96117493e+02 4.39731328e+04 3.25334941e+04
 1.14213464e+03 1.24848531e+05 1.52471948e+03 7.85664893e+03
 1.41209469e+05 7.80546484e+04 1.98655167e+02 1.87464493e+02
 1.53487617e+04 3.84540117e+04 6.86408047e+04 1.82285083e+03
 3.32668562e+05 5.45967041e+03 2.66075806e+03 1.60076391e+05
 1.77095764e+03 2.81239044e+02 6.85624573e+02 2.59820215e+03
 3.20659863e+03 2.11753809e+03 2.06773145e+03 3.74578564e+03
 2.77354126e+02 9.08462598e+03 1.71726621e+04 4.37495550e+06
 1.18247549e+04 8.78662109e+04 9.63517500e+05 3.02632125e+05
 1.34801234e+05 1.29834015e+02 4.04214219e+04 6.96467896e+02
 7.81655029e+02 1.30136396e+04 8.39859453e+04 4.02321344e+05
 5.45648945e+04 4.28287506e+02 2.41180496e+02 6.67010938e+03
 3.87240625e+04 2.64134766e+04 6.26081050e+06 2.68142700e+03
 2.83572637e+04 5.99074023e+03 1.17673896e+04 9.48945984e+02
 1.61641469e+05 8.47128809e+03 4.63923248e+02 9.60832109e+04
 1.05984160e+04 4.21394629e+03 1.61140752e+04 5.70682734e+04
 1.96531734e+05 3.10346527e+01 5.56535095e+02 4.80262500e+03
 4.24531328e+04 2.07515161e+03 3.28592969e+03 1.68435605e+04
 3.42433325e+03 5.69158250e+05 1.54029875e+05 9.85431836e+03
 4.12138800e+06 4.21886406e+05 2.43781055e+03 3.12791855e+04
 9.33180859e+03 2.29891769e+02 8.97391504e+03 3.88100293e+03
 2.89106770e+01 4.75113438e+04 5.64904875e+05 1.76683395e+02
 1.00475946e+03 2.19092773e+04 8.60556094e+04 9.63694844e+04
 5.59154541e+02 8.43588438e+04 1.99163469e+05 1.07496975e+06
 4.74248962e+02 6.40145557e+03 1.14024082e+04 4.63234570e+03
 6.82629938e+05 5.41020312e+03 1.09248633e+04 2.41740150e+06
 2.79992475e+06 4.45359436e+02 7.59002031e+04 6.48047638e+01
 7.80409688e+04 3.45519971e+03 3.94551750e+05 8.43534052e-01
 1.25214297e+04 6.38904102e+04 4.80559570e+03 4.35541000e+06
 1.16903965e+04 5.56398486e+03 1.05996992e+04 9.82971039e+01
 6.81181152e+02 1.26874461e+05 2.89765137e+02 9.65307578e+04
 9.94614688e+04 3.52874951e+03 8.58588086e+03 8.05053040e+02
 1.67699688e+05 5.99325125e+05 1.27886548e+03 6.41600938e+04
 3.79929883e+04 4.36120557e+03 4.49148398e+04 2.48601270e+04
 1.99724292e+03 2.68491479e+03 2.31795258e+02 1.21326477e+03
 1.66634680e+03 2.06769648e+04 1.04774541e+04 6.08083936e+03
 8.84366641e+04 1.09189395e+04 2.17627051e+03 6.66113916e+03
 1.32987453e+05 8.32260000e+04 2.73206906e+05 2.13511597e+02
 9.60735226e+00 1.68411191e+04 1.48074150e+04 5.41663688e+05
 2.34471984e+05 1.99798688e+05 3.50422188e+04 7.02427812e+05
 1.69390393e+03 6.88517500e+05 3.67016375e+05 4.29717500e+04
 3.91840850e+06 1.45601062e+03 5.06051531e+05 2.34687188e+04
 1.29083862e+02 4.79454180e+04 1.57617797e+05 7.90267432e+03
 5.00944141e+04 5.04414766e+04 3.24992325e+06 1.89582935e+03
 8.96505812e+05 1.93940918e+04 2.06299942e+02 1.11278516e+04
 1.23047461e+03 7.46438672e+04 8.87681675e+00 7.26349316e+03
 1.39947451e+04 1.02460918e+04 5.76893188e+02 6.57797754e+03
 3.35121000e+05 1.57550317e+03 5.14026133e+04 1.81267950e+06
 2.51188225e+06 2.02823312e+05 1.14886047e+05 5.82506250e+04
 1.33640342e+04 1.19218799e+04 5.39257446e+02 9.24191094e+04
 1.45795938e+05 1.20796638e+02 1.36959045e+02 3.01512875e+05
 6.87730615e+03 1.43660449e+04 7.27254443e+03 9.96680786e+02
 9.42863312e+01 1.44737607e+04 1.82300064e+02 1.51279260e+03
 5.20478076e+03 8.64967062e+05 3.35400146e+03 3.60923218e+02
 6.97713594e+04 1.52862109e+05 8.64672266e+04 2.78507446e+03
 9.44571973e+03 2.83397974e+03 4.59141602e+03 5.49497998e+03
 7.25826938e+05 3.76288711e+04 7.47401465e+03 1.54617188e+05
 4.00993347e+02 5.65475525e+02 6.90756875e+04 8.38550875e+05
 2.03868311e+03 8.64026172e+04 9.43837158e+02 1.23964775e+04
 6.30018945e+04 8.07575256e+02 1.91981250e+03 5.21728394e+02
 8.43572734e+04 3.32970850e+03 1.93930798e+03 2.48219604e+03
 6.18564844e+03 1.19690547e+04 7.88402344e+04 9.72833789e+03
 2.45998789e+04 2.29290332e+04 1.14099438e+06 4.48737012e+03
 2.17439922e+04 8.75034607e+02 6.43868713e+02 2.33740781e+05
 5.31065250e+05 2.47134918e+02 4.66663265e+00 6.34609619e+03
 2.96658630e+02 5.48395691e+02 4.46779469e+05 4.27426025e+03
 2.74857129e+03 1.59638016e+05 2.11396230e+04 1.30629047e+05
 6.97889600e+03 1.37330127e+03 7.27418047e+04 4.41023779e+03
 4.26642200e+06 2.12766172e+05 1.17876318e+03 1.92059717e+03
 1.44019067e+03 2.67074005e+02 3.02436562e+05 3.01476031e+05
 1.34773609e+05 6.08300742e+04 1.48824088e+06 4.72016016e+03
 1.15819678e+04 1.00071832e+03 6.11340820e+03 2.49467625e+06
 1.38736375e+05 4.72470550e+06 9.74930762e+03 3.30891289e+04
 6.92991875e+05 1.28640039e+05 5.08627422e+04 4.48799650e+06
 9.79218262e+03 7.69663513e+02 1.75709863e+04 3.93340078e+04
 3.11344897e+03 4.78522773e+04 3.86713428e+03 3.11998901e+03]
267158.56
10385848.0
