[1.66031781e+05 7.46863086e+03 1.25338672e+05 1.40658516e+05
 2.31866281e+05 2.26793115e+03 1.96528496e+04 1.14873406e+05
 1.58525955e+02 3.64487539e+04 9.77283105e+03 1.47412734e+05
 2.56450677e+00 1.38785420e+04 6.63373906e+04 2.69808228e+02
 2.23446460e+03 2.87497168e+04 1.07602492e+05 2.55801147e+03
 4.17962219e+05 3.13086401e+03 2.54347062e+05 1.09516609e+05
 1.25023415e+02 6.29906328e+04 2.96715566e+04 2.67178638e+03
 1.35257385e+03 1.32660029e+04 3.22408688e+05 1.57517812e+04
 2.43237953e+05 6.06007861e+03 3.30021328e+04 1.23398188e+05
 1.24769242e+05 5.12776445e+04 5.35221484e+04 3.05140454e+03
 8.20186000e+05 5.28856625e+05 5.37411621e+03 1.91764047e+05
 2.06591984e+05 2.83568823e+03 1.29696973e+03 7.35881494e+03
 8.67820547e+04 6.86883375e+05 8.06719238e+03 7.26038047e+04
 8.32763574e+03 2.52812375e+06 1.85610273e+04 5.42991953e+04
 1.50797842e+04 1.63961212e+06 1.83018574e+04 4.00242773e+04
 1.24855883e+05 3.60312562e+05 5.92298828e+03 5.77864062e+04
 4.72516895e+03 9.08489648e+03 1.57371094e+04 4.69485077e+02
 6.74952031e+04 1.04356212e+06 3.03049609e+04 7.61855835e+02
 1.23780113e+02 9.10735156e+04 6.60126094e+04 1.85483379e+01
 3.64245273e+04 3.69018438e+04 6.58434204e+02 1.98372288e+06
 6.95338330e+03 4.30533828e+04 2.79306763e+03 1.74237478e+00
 2.37686219e+05 1.14551727e+02 2.86103828e+04 7.08907715e+03
 6.02036484e+04 2.83970068e+03 8.51968652e+03 2.35532773e+04
 8.81131250e+03 1.37168234e+05 7.34066992e+03 1.25170044e+03
 1.38423994e+04 1.58861560e+03 1.57869875e+05 2.35148608e+03
 2.75501929e+03 4.32827454e+01 4.49114062e+04 3.16096426e+04
 6.99464609e+04 5.45265332e+03 6.30925879e+03 3.10643091e+03
 5.12505554e+02 1.44416626e+02 4.92351406e+04 9.73884141e+04
 4.78309082e+03 3.08832520e+02 1.12110578e+05 4.78977695e+04
 8.76048730e+03 1.90010750e+05 4.97595801e+03 1.62625586e+04
 2.39811344e+05 8.85144922e+03 2.21633555e+04 3.68144188e+05
 1.03044958e+03 3.81877708e+01 8.83522110e+01 4.54834082e+03
 7.34767031e+04 4.20766992e+04 7.46164453e+04 4.39198672e+04
 8.95200348e+00 6.58674240e+01 5.43793716e+01 6.30971741e+02
 1.02609473e+03 2.33558060e+02 1.22837078e+05 2.76016156e+05
 3.69373474e+02 3.21595156e+05 3.27373096e+03 3.01158594e+05
 5.87914307e+03 5.25470654e+03 2.12204590e+03 9.17436719e+04
 3.06571655e+02 5.88041094e+04 1.22717119e+04 2.14829250e+05
 8.94713211e+00 1.71980164e+03 3.30738086e+04 2.09743281e+04
 8.23034863e+03 6.49604395e+03 2.48498887e+04 7.74672422e+04
 1.45427373e+04 2.95082422e+04 1.14594841e+02 1.17705109e+02
 1.85037984e+05 9.30813965e+02 1.09967414e+05 1.06054916e+02
 1.64187280e+03 2.22690859e+04 4.57576289e+04 1.06277197e+03
 1.16949756e+04 1.29851562e+02 2.04579082e+04 1.28486182e+04
 2.66905879e+04 2.62766504e+04 1.58556230e+04 7.12747375e+05
 3.08078719e+05 7.75181961e+01 7.36524375e+04 1.67317812e+05
 1.89432510e+02 2.21357584e+00 4.38859570e+04 9.75652099e-01
 7.30099141e+04 2.94805817e+02 9.45116797e+03 2.35528379e+04
 4.50219189e+03 2.08528164e+04 5.22417285e+03 1.33459268e+04
 8.34993203e+04 8.45947734e+04 1.41676651e+02 9.79080200e+00
 1.01797375e+05 2.91752531e+05 1.87699203e+05 2.50310605e+04
 3.64886969e+05 8.99664297e+04 2.74237500e+04 6.72080273e+03
 2.02221375e+02 3.01351221e+03 1.37833242e+04 1.61865738e+02
 3.14599766e+04 7.21379609e+04 3.95970125e+05 4.07626685e+03
 7.34878027e+03 1.25194507e+03 1.04984258e+05 2.22679492e+03
 2.01912122e+03 4.57412695e+03 1.10255420e+04 5.54561562e+05
 6.70579053e+03 7.89283008e+03 3.21653730e+04 4.59568281e+04
 5.52554932e+03 6.48318359e+03 8.39191895e+03 7.97021362e+02
 2.31454590e+03 3.16445044e+03 6.30047998e+03 1.65080566e+04
 2.44122635e+02 1.34928333e+03 6.40109336e+04 6.95019297e+04
 8.84825188e+05 2.00436895e+04 7.48634062e+05 6.48002773e+04
 8.15398125e+04 5.16595984e+00 9.64593672e+04 4.65292432e+03
 8.20303750e+04 1.06823488e+06 4.68681812e+00 2.76121156e+05
 3.19385996e+04 8.17936816e+03 3.98668115e+03 5.93458906e+04
 2.38959902e+04 6.03351660e+03 3.01539590e+04 1.58007751e+02
 3.58959546e+03 1.54503641e+05 3.42617500e+05 5.91634521e+02
 8.17882690e+02 8.73105234e+04 2.18658005e+02 6.46679609e+04
 2.93907594e+05 2.56784016e+05 1.26100801e+04 7.05171938e+05
 1.92341133e+04 5.86400117e+04 3.13727250e+05 4.47108828e+04
 4.67051773e+01 4.75336133e+03 3.77193921e+03 4.40336719e+05
 2.70281621e+04 3.94927637e+03 4.86509229e+03 1.45433456e+02
 1.21068232e+04 2.07264031e+05 1.41915641e+05 6.84653750e+04
 2.04118438e+04 2.73777051e+04 1.87556734e+05 4.30594102e+04
 1.31976000e+05 1.97428125e+04 3.29022656e+03 7.98141406e+04
 9.19621328e+04 9.50808899e+02 1.00586078e+05 2.13312671e+03
 9.73119434e+03 1.55671836e+04 4.30721188e+05 3.65014961e+04
 6.44503789e+04 1.90340412e+06 2.16848398e+04 4.76324219e+04
 1.03489750e+05 1.11928345e+03 4.80940074e-01 3.37656016e+04
 5.25622312e+05 5.12167236e+03 5.65876318e+03 9.53556953e+04
 2.07902104e-01 2.19658281e+05 3.17837952e+02 6.51254938e+05
 2.48085693e+02 1.56822437e+03 8.25171172e+04 1.24503086e+04
 4.43018156e+05 2.06037061e+03 8.79841980e+02 1.14658777e+03
 1.92342517e+03 5.33684648e+04 2.52260474e+03 1.85308929e+02
 3.79401914e+04 2.37141641e+04 1.29739945e+05 4.38373086e+04
 1.91529727e+04 1.31359756e+04 4.73829004e+03 6.58909688e+04
 9.17741150e+02 2.26643875e+05 1.14707646e+04 3.10198633e+04
 6.72786572e+03 1.10166338e+04 2.04112461e+04 7.25122266e+04
 6.30204453e+04 2.61809082e+03 7.76059668e+03 2.81735031e+05
 1.62612578e+04 1.93498743e+03 6.09763525e+03 4.49731133e+04
 1.31990471e+01 1.39337016e+05 1.09181641e+02 9.69620410e+03
 1.65345078e+01 1.51001641e+05 6.92018750e+05 7.54939766e+04
 1.01325734e+05 1.51700205e+04 3.79017578e+04 1.47474106e+02
 1.56859594e+05 1.17178931e+03 2.56891113e+02 2.17672203e+05
 9.26961438e+05 1.05150312e+04 8.54798242e+03 3.50899594e+05
 1.48200212e+06 7.63812031e+04 3.89250854e+03 1.15466777e+04
 1.68529578e+05 2.33014980e+04 2.44888650e+06 2.63601978e+03
 2.24245407e+02 1.86908438e+05 4.02146953e+04 1.96758713e+02
 1.23816742e+05 1.39770107e+04 1.93340625e+05 1.58688418e+04
 3.25464102e+04 1.05346826e+03 2.85667441e+04 6.76077454e+02
 2.44285131e+00 3.60191562e+04 1.26766300e+00 2.36723096e+03
 1.58955508e+04 9.71125879e+03 3.02489707e+04 4.48228672e+04
 1.30773105e+04 2.14703531e+05 1.21726602e+04 1.01797219e+05
 6.14491125e+05 3.13702227e+04 8.84342676e+03 4.61716969e+05
 6.79095917e+01 4.04848071e+03 1.09719812e+06 1.33677672e+05
 1.77703064e+03 5.89519238e+03 1.18679289e+05 3.03748486e+03
 2.16501538e+03 1.08147406e+05 2.68057642e+03 5.32612915e+02
 7.42178281e+04 1.90507285e+04 2.95069938e+05 1.95008350e+03
 9.55555957e+03 2.71360375e+05 5.82069434e+03 9.77612344e+04
 6.68065547e+04 8.82979844e+04 8.03181231e-01 2.47686816e+04
 2.17013047e+04 7.18647344e+04 7.08701719e+04 3.58451416e+03
 7.39626641e+04 6.73512109e+04 6.95004141e+04 4.86415000e+04
 8.27027539e+03 2.18408145e+04 5.92610820e+04 1.03773180e+05
 5.46922070e+04 1.15892480e+03 1.76475586e+02 8.85524700e+06
 4.33075430e+04 1.19157383e+05 1.70907891e+04 7.41649704e+01
 9.41701172e+02 1.18027617e+05 5.55456094e+04 1.14366338e+04
 5.60042915e+01 6.10713818e+03 9.23843079e+02 1.34239905e+03
 5.49280176e+03 2.01331426e+04 5.23595508e+03 2.11824707e+04
 4.55087402e+03 3.03430969e+05 1.52720742e+04 8.63507422e+03
 4.92514258e+04 1.94941788e+02 9.06572363e+03 4.15938688e+05
 2.28230293e+04 2.79117603e+03 1.06076904e+04 1.97301758e+02
 3.84642090e+03 7.78802051e+03 8.60348750e+04 7.03067480e+03
 1.31408096e+04 1.36296740e+01 2.16259531e+04 1.12109469e+05
 6.31684229e+03 1.59226289e+04 7.35332656e+04 3.53977617e+04
 6.22685120e+02 1.09973574e+01 1.49785438e+05 1.38264175e+02
 5.12655703e+04 2.72934719e+05 5.80198975e+01 4.86251855e+03
 1.45479814e+04 8.54474487e+02 2.89655500e+05 2.99931421e+03
 1.15843760e+04 6.84862354e+03 1.50465622e+02 5.09558320e+04
 5.96734258e+04 2.04770645e+04 2.35618677e+03 1.74588422e+05
 6.94353271e+02 5.64821320e+01 7.48377422e+04 5.22193000e+05
 1.38596594e+05 2.98071484e+03 1.06457117e+05 6.39098633e+04
 6.77915234e+04 9.28718562e+05 1.07557586e+05 1.00774570e+05
 6.60080273e+03 1.67698008e+04 1.19375782e+01 2.64754938e+05
 3.03257578e+04 4.34644180e+04 6.90612646e+03 1.37804944e+03
 2.01741318e+02 7.52553076e+03 4.93977737e+01 1.97313047e+04
 4.22014023e+04 2.93790656e+05 1.22226982e+04 3.00132305e+04
 1.32329724e+03 3.72876281e+05 1.07011993e+02 8.13025586e+03
 1.61867363e+04 1.15927576e+03 1.76609302e+03 3.59328047e+04
 7.23547058e+01 3.58726367e+04 1.24726941e+03 5.61050781e+02
 8.01367031e+04 1.70445275e+06 3.72634766e+04 1.77936953e+05
 9.77362734e+04 1.31339050e+03 2.60588965e+03 1.18434352e+05
 2.81424473e+04 2.59209570e+03 7.48641328e+04 5.05323839e+00
 2.75671367e+04 3.31046655e+03 5.23823828e+03 3.00708887e+03
 1.19682886e+03 3.26394922e+03 6.12672188e+04 4.67726440e+02
 1.55986841e+03 2.64967094e+05 1.61515059e+04 1.24866922e+05
 6.84977734e+03 9.38612402e+03 1.53690410e+04 2.10303867e+04
 2.02940988e+06 9.98880078e+03 5.72943311e+03 9.60571875e+04
 5.24167664e+02 1.23886900e+01 1.03443030e+03 8.87949829e+01
 5.77552686e+03 2.58981211e+04 2.78429531e+05 1.95575439e+02
 1.49787393e+04 3.26486973e+04 1.95581531e+05 9.71680781e+04
 4.61666758e+04 4.99386836e+04 5.79797734e+04 1.54154004e+04
 3.94500500e+05 4.63567938e+05 2.07197715e+04 4.13170430e+04
 5.22787781e+05 4.32473511e+02 1.50994067e+03 8.28016484e+04
 6.06797607e+03 1.91457734e+05 2.64173055e+00 2.55983848e+04
 1.07575672e+05 1.55688187e+02 6.95995947e+03 3.95014648e+04
 1.32706221e+04 1.82363306e+03 6.69611230e+03 4.54539883e+04
 2.16401250e+04 5.03543555e+03 6.02628594e+04 5.97638206e+01
 1.63596094e+05 2.15373328e+05 3.67372363e+03 1.19425757e+03
 3.69713320e+04 2.30287457e+01 2.53989359e+05 1.07032593e+03
 1.39923711e+04 5.18030156e+04 2.97655542e+03 5.68074219e+04
 1.30410594e+05 3.91559082e+03 6.20392432e+03 5.64627500e+05
 8.06041016e+04 1.83870438e+05 4.02282690e+03 4.11225078e+04
 1.17451000e+07 2.08394211e+02 1.34872900e+04 2.78594625e+05
 1.20386738e+04 4.22333594e+04 7.07598686e+00 4.98211406e+04
 1.33819707e+04 3.75009418e+00 5.34859253e+02 3.02025352e+04
 8.22681274e+02 6.02487578e+04 7.44603711e+03 3.47674336e+04
 9.68673420e+00 2.13982188e+05 5.66441250e+04 1.85685501e+02
 7.13366875e+04 6.73136797e+04 2.80779858e+01 2.43528491e+03
 1.96513629e+00 3.69472656e+03 4.23974906e+05 3.13732513e+02
 1.05381943e+02 2.30327547e+05 1.99789312e+05 4.64491250e+04
 6.32565391e+04 3.49204810e+03 1.11187891e+04 4.60818906e+05
 8.40884531e+04 3.32857788e+03 2.23756250e+04 3.30798867e+04
 3.93717734e+04 6.19313660e+02 5.59434336e+04 6.74122168e+03
 4.10100439e+03 2.99560638e+02 5.01917938e+02 2.71996125e+05
 1.05770562e+05 4.72052795e+02 6.87539062e+02 1.85041855e+04
 6.72613562e+05 1.87441348e+04 2.28052417e+03 1.48350906e+01
 7.00215430e+03 2.06389722e+03 2.21745684e+04 5.86245898e+03
 2.37678146e+02 9.05940234e+03 2.18080957e+03 2.11853457e+04
 2.39153259e+02 2.80158257e+00 7.26491641e+04 3.81438428e+03
 3.04023312e+05 6.13766541e+02 2.21555493e+03 8.85755273e+03
 4.72223000e+05 1.57041962e+02 2.07089375e+04 5.65715195e+04
 6.56071091e+00 1.22396357e+04 1.58860969e+05 2.60016297e+05
 3.12219507e+03 3.92890703e+04 3.36537750e+05 5.64309453e+04
 5.20294125e+05 1.95423281e+05 1.43330286e+03 2.93861680e+04
 6.30629590e+03 5.05145156e+05 1.93753789e+04 5.43206680e+04
 4.65080156e+04 5.88473750e+04 1.53642383e+04 7.84383125e+04
 7.43301438e+05 7.13732471e+03 4.56270569e+02 1.30718701e+03
 2.71145750e+05 9.56683984e+04 5.32671300e+06 2.28694156e+05
 2.08748283e+01 3.40373659e+00 9.85804609e+04 2.82792261e+03
 2.78579531e+04 3.53744434e+03 2.15774048e+03 1.04644326e+04
 2.28715742e+04 3.07941113e+03 5.00897491e+02 1.84271622e+02
 1.45798945e+04 2.06384141e+04 5.02314180e+04 8.25921973e+03
 4.85125122e+01 1.48948389e+04 3.21268158e+02 2.08599422e+05
 8.66041113e+03 6.23327686e+03 4.03881641e+04 6.88808691e+03
 1.16877650e+06 1.07475844e+05 9.29502422e+04 3.62238242e+04
 1.41601133e+04 1.05901787e+02 2.05305879e+04 1.07255742e+04
 2.77768574e+04 3.95929260e+02 3.50959816e+01 1.02529907e+03
 4.45833281e+04 8.80094531e+04 1.12985462e+06 2.12259203e-01
 1.24852661e+02 2.09910969e+05 1.52256084e+04 2.66134406e+05
 2.57951504e+04 3.00659521e+03 3.35819507e+00 3.83803555e+04
 8.26931719e+04 5.96063438e+04 1.80142520e+04 7.43464438e+05
 3.47614344e+05 9.27659922e+04 4.41906881e+00 2.11802578e+04
 1.38536389e+03 1.97061062e+05 2.52915969e+05 4.61367266e+04
 3.00361484e+04 6.26469375e+05 3.89058984e+03 1.05758975e+06
 1.81575438e+05 2.91597437e+03 1.69306125e+05 9.47665100e+02
 3.28409336e+04 8.12872131e+02 1.00357906e+06 1.03582475e+06
 5.97388320e+04 1.34269666e+03 5.97410156e+03 3.72067627e+02
 7.48504875e+05 6.53418750e+05 9.73021912e+02 2.62222949e+03
 1.77769104e+03 2.06720166e+03 7.10606445e+03 2.57413633e+04
 3.16227812e+05 1.20283680e+05 1.08786224e+02 1.51250645e+04
 8.33826660e+02 6.75963818e+03 3.80785095e+02 4.58652441e+03
 6.54133398e+04 8.90427656e+04 1.40129092e+04 1.79838562e+06
 4.95042694e+02 1.14547920e+04 1.19985312e+05 1.04106318e+04
 3.95331885e+03 6.19704552e+01 6.78467344e+04 1.28142367e+05
 1.67703086e+04 1.52555234e+05 1.75989277e+04 1.25125612e+06
 8.23950469e+04 2.15341797e+04 2.00928965e+04 2.69639121e+04
 2.95281836e+04 1.38168171e-01 1.34865100e+06 1.77943469e+05
 1.72132814e+00 6.52561340e+02 2.60773218e+03 9.72860742e+03
 2.67824438e+05 2.74558301e+03 3.82351750e+05 6.01248242e+03
 1.96666375e+05 4.00748253e-01 6.23868438e+04 1.36783391e+05
 4.97277617e+04 1.10728484e+05 5.61666914e+04 8.40046814e+02
 1.99859863e+04 5.39156367e+04 1.75127930e+04 4.07573242e+04
 3.55098094e+05 6.47165859e+04 8.21494375e+04 8.65371000e+05
 1.96113525e+06 3.64925488e+03 6.81640625e+01 2.04398730e+04
 1.60211281e+05 8.82451562e+03 4.15453955e+03 1.13647876e+03
 2.31417261e+03 3.73296533e+03 1.79584625e+05 5.94793884e+02
 2.28364391e+05 1.64427168e+04 8.89030781e+04 3.68658281e+04
 1.07935730e+03 2.63663535e+04 1.39752547e+05 3.60465179e+02
 2.10306289e+04 1.35795203e+03 9.40901074e+03 3.26357168e+04
 1.29278773e+05 9.50765938e+04 2.94244067e+03 2.20786109e+05
 4.48245703e+03 2.58618250e+05 3.73787266e+04 2.17142520e+04
 4.99219344e+05 4.50887852e+04 6.22481738e+03 6.40997070e+03
 1.32201892e+03 2.19084875e+05 2.09522681e+03 3.27183531e+05
 5.23206211e+04 7.34672770e-02 1.20537508e+05 1.61772703e+05
 4.68665664e+04 8.71075500e+02 2.69118242e+04 5.09101953e+03
 5.57581016e+04 2.10116543e+04 3.34535179e+01 1.34080953e+05
 3.31825250e+05 8.87462578e+04 2.87895142e+03 3.28330727e+01
 8.74876250e+04 6.25432422e+03 2.49822412e+03 2.22867156e+05
 1.24200414e+05 3.09684863e+03 7.93421240e+03 1.11338262e+06
 1.13562803e+04 3.68038440e+00 6.11107734e+04 6.71644438e+05
 2.04509902e+04 8.78582812e+03 1.10238219e+05 9.75979805e+00
 8.51890234e+03 6.02966992e+03 8.98001172e+04 2.86218094e+05
 3.17382562e+05 5.01800903e+02 2.25819328e+05 1.95526328e+04
 1.50039050e+06 8.46663281e+04 3.10403271e+03 1.70646406e+04
 3.08085625e+04 4.60281953e+04 1.46568344e+02 3.07471855e+04
 4.77288950e+06 8.93643203e+04 4.74099707e+03 1.35816687e+03
 3.56604844e+04 7.75592529e+02 6.11842773e+04 1.24358625e+06
 1.34969938e+05 1.24272814e+01 3.00403198e+03 3.49597754e+03
 2.02748279e+03 7.06450244e+03 1.06556797e+05 1.72251250e+04
 4.36529785e+02 3.27134961e+03 2.44681777e+04 6.43046688e+05
 1.28770386e+02 2.54602559e+04 1.32274988e+03 3.85248281e+04]
137040.36
11745100.0
