[1.81085254e+04 1.77876416e+03 8.98194153e+02 1.80337512e+03
 5.61364062e+03 6.57696991e+01 9.40131836e+02 4.47978516e+03
 9.04913965e+03 1.16144165e+03 1.51005096e+02 5.05680811e+03
 1.25834600e+04 7.45091614e+02 2.32394043e+03 2.23440210e+03
 3.90304199e+03 1.02039893e+03 5.27532910e+03 4.63047461e+03
 3.13446533e+03 1.20591431e+03 1.61566500e+05 1.63400977e+04
 5.46732056e+02 4.29088086e+03 5.63647695e+04 6.00783057e+03
 1.47570837e+03 9.00055603e+02 3.40727271e+03 2.43603052e+03
 2.22330713e+03 2.13556372e+03 8.67194824e+03 1.61924585e+03
 3.23030884e+03 1.31149817e+03 1.75386017e+02 4.22577248e+01
 9.09491577e+02 9.19307983e+02 2.70139966e+03 1.15586792e+03
 5.86830371e+03 2.15463821e+02 1.82291687e+03 8.06068604e+02
 5.43102930e+03 4.27452930e+03 1.78376111e+03 1.06826050e+02
 8.93749023e+02 2.02486758e+04 1.03938330e+03 6.77116089e+02
 5.69427979e+03 3.17294551e+04 1.40142163e+03 7.58080322e+02
 1.17152021e+04 2.43618579e+03 1.09942761e+03 5.76575745e+02
 3.61207642e+02 5.23056104e+03 5.48664368e+02 8.94650452e+02
 1.37166602e+03 1.07197930e+04 1.01459882e+03 3.43712402e+02
 1.44072229e+03 1.83166455e+03 8.36469910e+02 1.63436890e+03
 2.60325867e+02 2.72544263e+03 3.52511627e+02 2.43570820e+04
 7.14259644e+02 1.70504956e+03 4.38620148e+02 1.00376025e+03
 8.90227417e+02 2.29896805e+02 1.34464371e+02 2.00398047e+03
 1.40289948e+02 3.66005371e+03 1.63684424e+03 2.71300273e+04
 6.08256714e+02 2.53987183e+03 7.30709033e+03 7.73909454e+01
 2.33401709e+03 5.59800293e+02 8.57471582e+03 2.92484436e+02
 2.32209277e+03 6.80549512e+03 8.28306091e+02 6.86628418e+01
 2.28819775e+03 1.24085594e+02 1.67605261e+03 4.38549927e+02
 1.32135413e+03 1.23709705e+03 2.42917163e+03 1.99446533e+03
 5.20382080e+02 2.37336890e+03 6.93432666e+03 7.85840702e+00
 9.44207581e+02 1.34588848e+04 2.64895557e+03 1.07048912e+01
 3.30164490e+02 5.58246924e+03 2.11569019e+03 1.15089531e+04
 1.49567004e+03 5.93541504e+02 4.77442902e+02 1.85193250e+03
 7.29788940e+02 1.00457361e+03 9.28605896e+02 1.03794128e+03
 1.72335266e+03 8.67003326e+01 1.65114355e+03 1.83421066e+02
 3.13505420e+03 1.36496301e+03 2.34895325e+02 4.21564746e+03
 3.52833765e+03 2.40270239e+03 4.68589697e+03 2.96032196e+02
 2.76664551e+03 7.11172058e+02 9.16267471e+01 6.86104980e+03
 1.66554590e+03 7.90129736e+03 3.52821808e+02 1.32415747e+03
 7.18374634e+02 7.00273743e+02 8.47136353e+02 1.20977856e+03
 8.49613037e+01 3.98304570e+04 1.25400452e+03 1.52172344e+04
 7.12336719e+03 1.94640503e+03 2.39782700e+02 6.00393982e+02
 3.71007751e+02 1.51221265e+03 1.03742139e+03 1.01256500e+03
 3.20977124e+03 5.42138867e+03 1.56691223e+03 2.01636438e+03
 1.17713269e+03 2.30803543e+02 1.04345398e+03 1.03705957e+03
 3.86379814e+01 1.49410620e+03 1.22002881e+03 8.17804922e+04
 1.64770293e+04 4.20228760e+02 5.27585938e+03 2.80405249e+03
 3.16994293e+02 1.94573218e+03 1.00042047e+03 5.70929932e+02
 3.52439331e+02 1.72488452e+03 1.94484033e+03 9.47020874e+02
 5.36329285e+02 1.08098816e+03 3.20731665e+03 4.11949310e+02
 1.03587266e+04 1.79124036e+03 3.53615448e+02 2.00805957e+03
 9.36564209e+02 6.06948682e+03 5.21037988e+03 1.57315002e+03
 1.16450000e+04 5.99495234e+04 5.69416870e+02 1.19112598e+03
 2.05558834e+01 2.55395801e+03 2.11062158e+03 8.23656860e+02
 2.72388458e+02 5.14387500e+03 8.53956543e+03 1.58444626e+02
 7.82666748e+02 2.10606949e+02 1.39238818e+03 5.51609253e+02
 1.23431831e+02 7.05506226e+02 2.23521194e+02 1.59024307e+04
 1.36784790e+02 2.02107874e+03 4.61329736e+03 6.60847961e+02
 4.32062891e+03 4.94815820e+03 1.16503503e+03 1.33550308e+02
 2.30108337e+02 1.85872437e+03 9.43429642e+01 2.04818237e+03
 1.81465729e+02 1.17991440e+02 1.36266174e+03 8.59236572e+02
 1.01078359e+04 9.78050537e+02 3.76937653e+02 5.31505508e+01
 1.84191626e+03 1.76523682e+03 3.94796948e+03 3.09220276e+02
 1.96491650e+03 6.62130547e+04 6.99692444e+02 8.29178711e+03
 8.93887878e+02 1.30757837e+03 6.80505920e+02 1.07946753e+03
 8.15192322e+02 3.24368237e+03 6.31414413e+01 1.15612256e+03
 4.45863711e+04 3.07586890e+03 1.43256091e+03 4.29184814e+02
 6.83875885e+01 1.19423389e+03 1.11737085e+03 5.71051758e+03
 5.52247754e+03 3.89459058e+03 1.93082446e+03 3.06909395e+04
 5.07179688e+02 9.07012329e+02 8.45336426e+03 2.35597998e+03
 2.60489316e+04 1.75352285e+04 6.93485352e+03 5.58338047e+04
 1.10856958e+03 3.37169897e+03 4.64585205e+02 1.55742661e+02
 2.40162369e+02 3.98047607e+03 1.25363184e+03 2.26127148e+03
 1.24485339e+03 6.89834277e+03 6.73593828e+04 1.05698853e+03
 5.15044775e+03 9.59331970e+02 2.33489044e+02 8.46442627e+02
 1.10393379e+02 3.87382129e+03 5.61009766e+03 1.05817078e+02
 1.36985986e+03 2.04913306e+00 9.30586035e+03 4.50085236e+02
 1.07443096e+04 2.58063013e+03 2.86945038e+02 9.75110016e+01
 1.38648242e+03 1.20654297e+03 6.95837463e+02 1.80484839e+03
 1.21364326e+04 1.69549670e+03 1.68607056e+03 5.33150098e+03
 3.43072235e+02 1.15156533e+04 6.09489014e+02 1.11027539e+04
 1.45807629e+03 5.81168701e+03 5.28118066e+03 1.69358850e+03
 6.46000977e+03 2.03298755e+03 4.08649023e+04 2.51141083e+02
 1.77320325e+03 9.64167786e+02 7.93247437e+02 4.96389923e+02
 5.97224182e+02 2.19808716e+03 1.18582983e+03 6.13352234e+02
 2.21144760e+02 7.45265137e+02 2.45428857e+03 8.34112549e+02
 2.66308228e+02 5.76271826e+03 1.72740076e+03 1.68837988e+04
 6.72605286e+02 1.40225468e+01 1.74482010e+02 5.92070654e+03
 2.10258711e+04 7.51998230e+02 4.90904602e+02 1.64705879e+04
 1.14240036e+02 9.36711133e+03 2.16394360e+03 2.16369458e+03
 3.57871729e+03 1.22375562e+03 1.13005420e+03 1.07252856e+03
 4.91149609e+03 3.23043530e+03 3.43710718e+03 2.08014136e+03
 4.29463428e+03 1.18777750e+05 3.24846362e+03 2.18127808e+03
 5.80103555e+04 4.17558643e+03 4.46056592e+03 8.84787695e+03
 1.27401602e+04 1.65338806e+02 1.90897546e+03 4.49749805e+03
 2.65299746e+04 3.14141937e+02 1.12599907e+02 6.21750793e+02
 2.86656738e+03 4.61724854e+03 1.95659753e+03 4.63103955e+03
 4.70443024e+02 2.40873291e+03 3.24828796e+02 9.83742188e+02
 1.55783545e+03 2.14857227e+03 9.76210938e+03 2.84515991e+02
 7.92693848e+02 4.17195068e+03 1.00355121e+03 6.09689795e+03
 6.04630920e+02 4.00682734e+04 7.35243347e+02 1.89896069e+03
 6.72242188e+02 7.24093140e+02 1.16007759e+02 9.36848816e+02
 1.04139863e+04 2.01895605e+03 3.17300323e+02 1.03937842e+03
 1.26945781e+05 1.59008521e+03 2.69324707e+03 5.29276672e+02
 3.76236743e+03 1.84436584e+02 1.00024619e+04 7.81482178e+03
 8.43888489e+02 2.10992139e+03 3.10850586e+03 4.73751465e+03
 2.96673291e+03 2.50512665e+02 7.13790436e+01 9.08680566e+03
 1.90256653e+03 1.51396387e+03 2.43656665e+03 4.52395782e+01
 1.11835098e+04 1.46166504e+03 8.77225586e+02 6.66847559e+03
 2.81190601e+03 7.64926562e+03 1.77845251e+03 4.67319214e+02
 1.43189404e+03 8.13975159e+02 1.47329175e+03 1.56261340e+03
 2.39143042e+03 6.73466980e+02 2.96510742e+03 1.25120598e+02
 1.36580688e+03 8.43020142e+02 6.66940063e+02 8.73642188e+03
 9.91766129e+01 4.09667511e+01 1.12604651e+03 1.86049094e+05
 1.51784531e+02 2.91343213e+03 4.30051172e+03 1.11828149e+03
 9.72381531e+02 2.78323413e+03 4.60408984e+03 1.27415015e+03
 1.91095312e+03 5.40269531e+02 5.55054199e+02 3.70744507e+02
 3.02526099e+03 1.09355652e+02 3.78567383e+03 2.19613953e+02
 1.18819283e+02 1.47196260e+04 2.03305090e+03 6.36196143e+03
 2.93294043e+03 4.40631885e+03 1.18681909e+03 6.72580469e+03
 1.10868172e+02 5.73986694e+02 3.50010193e+02 6.56358826e+02
 8.35137329e+02 2.00593347e+03 2.91943066e+03 4.02353271e+03
 2.76842969e+03 1.22519299e+03 1.47979279e+02 7.02485059e+03
 4.77734406e+02 3.79752930e+02 1.17796155e+03 6.71232520e+03
 1.20002571e+02 1.24210583e+03 4.76110254e+03 1.18091626e+03
 7.61939575e+02 1.56947598e+04 8.01112000e+02 2.44735718e+03
 6.12598328e+02 3.31787378e+03 4.71772119e+03 1.29561234e+02
 7.21137390e+02 1.88855457e+03 8.16888245e+02 7.05254834e+03
 3.63835571e+02 7.24185059e+02 8.77811523e+02 1.09249377e+03
 1.64843103e+03 8.68016357e+02 6.52602979e+03 9.52772852e+03
 2.27411911e+02 7.66477478e+02 3.67836694e+03 1.40628876e+02
 1.42056311e+03 2.46423906e+04 8.32750061e+02 1.59900769e+03
 4.13637744e+03 1.01165625e+03 1.63280017e+03 3.32900220e+03
 1.49595093e+03 1.27212537e+03 2.11539612e+02 1.29917078e+03
 2.39552139e+02 4.80026318e+03 2.33243240e+02 1.32516956e+03
 6.45554688e+03 4.74480615e+03 7.58019714e+02 2.20673462e+03
 6.01917188e+03 1.00868773e+05 9.41438354e+02 1.59724048e+03
 2.09516891e+02 7.45948181e+02 3.79100342e+03 2.94181213e+02
 1.51578730e+04 2.93174927e+02 1.02773206e+03 6.70599182e+02
 7.81168396e+02 3.24465259e+03 3.50122986e+02 6.72342578e+03
 1.31928003e+03 3.66624908e+02 1.48963760e+02 2.57636548e+03
 5.74734009e+02 2.56802173e+03 2.52637988e+03 3.01313672e+03
 7.97089294e+02 2.32374219e+03 8.37109619e+02 6.40668701e+03
 3.38570996e+03 5.15135620e+02 9.70268372e+02 1.90373120e+03
 1.63375830e+04 9.21452539e+03 6.07001562e+03 3.90495117e+02
 6.37637695e+02 3.00277130e+02 7.30644727e+03 3.50367920e+02
 2.70577168e+04 2.06325977e+03 1.02219199e+04 5.76213916e+03
 4.39937646e+03 2.36607793e+04 3.84198914e+01 1.23439331e+03
 1.88798309e+02 4.66483398e+03 5.54411475e+03 8.83335022e+02
 3.45956934e+03 8.16206604e+02 1.34999219e+04 2.31655005e+03
 1.91835342e+02 2.13745044e+03 3.27142188e+03 9.16116333e+02
 2.82155859e+04 4.90651074e+03 2.11442596e+02 5.77016640e+01
 8.50516992e+03 1.40694836e+03 1.39441089e+03 9.34147888e+02
 1.92342310e+03 2.46805273e+03 6.15869446e+02 1.22326123e+03
 9.01539160e+03 9.31913965e+03 3.09541333e+03 2.37654388e+02
 1.03143643e+04 1.37299795e+04 6.08495459e+03 5.77173047e+03
 3.97114166e+02 2.08699966e+02 9.90388489e+02 8.82710205e+02
 4.91252930e+02 4.11769824e+03 3.43258691e+03 5.84827637e+02
 3.59333740e+02 3.34809424e+03 5.06540820e+03 3.02568726e+02
 1.30985718e+03 1.80470056e+03 3.69118530e+03 3.24406250e+02
 7.19080811e+02 4.34065796e+02 3.53040186e+03 4.61663867e+03
 4.03823926e+03 5.11003467e+03 9.72430603e+02 2.35490402e+02
 9.93436953e+04 1.27446533e+03 2.35388818e+03 7.93013379e+03
 5.11902710e+02 1.04582288e+03 3.38118713e+02 1.26997400e+03
 3.46508057e+02 2.14330371e+03 7.20744385e+02 2.73871606e+03
 1.02625146e+03 8.42713184e+03 9.96652283e+02 6.89885437e+02
 1.18661597e+03 2.28968730e+04 1.14670615e+04 1.02554614e+03
 1.18647021e+03 1.08333240e+03 3.20951805e+01 6.19647705e+02
 2.11528000e+02 3.13965039e+03 1.53973818e+04 1.13030835e+03
 2.88520721e+02 3.92835010e+03 4.76471484e+03 8.27591309e+02
 1.15213647e+03 2.74355029e+03 2.16085474e+03 4.17116357e+03
 2.47542221e+02 1.41558655e+02 5.11282288e+02 1.08111780e+03
 1.64812866e+03 6.20457886e+02 7.43194519e+02 2.18540015e+03
 2.05008392e+02 1.62371765e+03 4.49853320e+03 4.38669385e+03
 3.48651782e+03 3.65980873e+01 1.58417465e+02 5.26098328e+02
 3.49187500e+04 2.98716553e+03 3.32316559e+02 1.42241516e+03
 5.32998047e+02 8.83995972e+02 8.95486694e+02 1.22540540e+03
 1.74209839e+03 1.58046143e+02 1.20744592e+03 5.48685120e+02
 4.48421387e+03 1.02174243e+03 2.44063623e+03 1.58166272e+03
 1.92125020e+04 5.18014941e+03 4.48402740e+02 1.00835439e+04
 1.05285413e+03 1.35574722e+02 2.13932617e+03 4.32450348e+02
 5.03580518e+03 1.40464429e+03 1.46192273e+03 1.63043076e+04
 4.36886688e+02 4.90417419e+02 2.04452356e+03 1.90613652e+04
 8.09443359e+03 1.42092065e+03 4.90975293e+03 5.23119385e+02
 5.68551514e+03 1.40467500e+04 9.85405762e+03 9.30140991e+02
 5.54147705e+02 5.61482727e+02 2.91896240e+03 5.20547803e+03
 4.44715479e+03 6.35838318e+02 1.68625809e+02 2.67833435e+02
 3.14267871e+03 5.44954980e+03 1.57309734e+05 4.28435986e+03
 4.13512573e+02 3.81966003e+02 2.05872578e+04 2.79392407e+03
 5.04043884e+02 1.37009485e+03 2.90774536e+02 1.16780676e+03
 2.21473648e+02 7.76181641e+02 1.55278662e+04 4.01703156e+02
 5.38658789e+03 4.99428925e+02 1.99884937e+03 5.84118457e+03
 6.28351860e+01 3.74140533e+02 1.29773962e+03 1.08083887e+03
 1.44491541e+03 6.13774023e+03 9.09563086e+03 3.36003467e+03
 1.66980508e+04 3.46546729e+03 2.43967969e+03 4.78810974e+02
 1.39322571e+02 1.44927637e+03 1.75940222e+03 1.36534485e+03
 1.46062943e+02 4.43417114e+02 3.48141693e+02 1.98489990e+01
 9.36709778e+02 8.03614551e+03 9.28146057e+02 6.61641968e+02
 1.98372192e+03 3.36806445e+04 1.65212610e+03 2.32369213e+01
 8.28377380e+02 4.86497070e+03 3.08241235e+03 1.38631189e+03
 3.23228735e+03 3.32444214e+02 1.19374072e+04 3.78220264e+03
 7.56517090e+03 2.04997119e+03 1.65073560e+03 5.09136914e+03
 4.87090039e+03 2.20450952e+03 6.28157031e+03 1.10562531e+02
 3.52990265e+01 1.21653574e+04 2.46243408e+02 1.84289758e+03
 1.12312817e+03 1.77746811e+02 1.46197632e+03 2.01880646e+02
 2.93969147e+02 1.68659302e+03 1.15004756e+04 1.39129919e+03
 1.32895190e+03 8.07575806e+02 5.62936584e+02 6.83609680e+02
 2.20719409e+03 7.51917822e+03 3.25179932e+03 4.86424170e+03
 3.08855652e+02 7.52202698e+02 1.21390459e+04 3.61934229e+03
 2.06876807e+03 7.64435181e+02 1.79504303e+02 1.12898730e+03
 1.02347578e+04 1.05775977e+03 7.85040186e+03 2.99304535e+02
 1.03058911e+03 1.10347729e+03 1.28902380e+03 2.13859375e+04
 7.82374512e+02 1.34211389e+03 3.20466577e+03 3.99415131e+02
 5.67855692e+00 1.71450409e+02 2.56189270e+02 2.68232574e+02
 9.12583374e+02 7.86199023e+03 2.94212329e+03 9.50955762e+03
 4.30862549e+03 5.90528931e+02 3.85048828e+01 8.75623474e+02
 5.93162354e+03 4.39206641e+03 2.04999277e+04 2.37153833e+03
 4.46998505e+02 2.46243262e+03 1.31440811e+02 7.12883850e+02
 5.02273145e+03 6.11639404e+02 2.42257349e+03 2.82092139e+03
 5.02312695e+03 4.40370667e+02 1.76859863e+03 5.42909050e+01
 7.92870300e+02 2.55603223e+03 2.89643280e+02 6.69647095e+02
 4.97492096e+02 2.85508252e+03 6.93562134e+02 1.32307288e+03
 4.14168506e+03 9.55496765e+02 2.46896055e+04 2.14727637e+03
 2.86257266e+04 9.12462997e+01 4.10152295e+03 1.90270119e+01
 1.08259192e+03 1.33825842e+03 1.59049817e+03 2.31847070e+03
 1.43715042e+02 1.33717310e+03 1.55663135e+03 1.30859590e+04
 5.98764307e+03 6.19301677e-01 5.93120667e+02 1.30484058e+03
 1.42607849e+02 9.85219055e+02 4.30152054e+01 1.04536846e+04
 4.14485596e+02 4.57695996e+03 2.33086157e+03 3.78228540e+03
 3.90990454e+03 2.47949692e+02 1.27126511e+02 3.79101562e+03
 2.99306240e+01 2.84230347e+03 2.69993286e+02 4.32531860e+02
 4.44860742e+03 9.69609802e+02 3.89152100e+03 1.02151257e+03
 5.70252800e+01 4.01347168e+03 1.15005933e+03 3.52905469e+04
 9.04103775e+01 1.31487244e+03 3.98535205e+03 2.28251294e+03
 2.01862534e+02 1.39317719e+02 3.45762476e+03 9.73065613e+02
 6.80297119e+02 1.05414062e+03 5.32061951e+02 2.42395728e+03
 5.90707666e+03 1.54293213e+03 3.41210663e+02 1.19693222e+02
 5.47105713e+02 6.15500293e+03 3.79393921e+03 1.05310217e+03
 3.26085547e+03 2.68143860e+02 2.69717334e+03 1.74392203e+05
 3.02595483e+03 2.66012598e+03 8.89422791e+02 3.88031177e+03
 6.97464705e+00 2.41768213e+03 1.27045764e+03 4.66412239e+01
 1.52988556e+02 2.62947046e+03 8.16889282e+02 2.84808130e+03
 4.23226367e+03 2.72733215e+02 3.49813525e+03 4.37490509e+02
 1.16601191e+04 5.96924316e+03 1.62642395e+03 1.60236292e+03
 1.70761215e+02 4.14065735e+02 1.07596008e+03 1.23094231e+02
 1.75920234e+05 1.82162219e+03 3.55679004e+03 9.72834091e+01
 1.04912622e+03 2.68603394e+02 6.08018738e+02 3.03713844e+05
 8.89081116e+02 1.23908848e+04 3.00769989e+02 5.46338086e+03
 6.19258887e+03 4.78408252e+03 1.12024805e+03 7.38629211e+02
 4.44170837e+02 7.92083252e+02 1.13690156e+04 5.01100879e+03
 4.58027710e+02 6.86534424e+02 3.95543365e+02 1.23782605e+03]
5289.508
303713.84
