[9.67895312e+03 9.69976196e+02 1.22202222e+03 3.45087677e+02
 1.18770605e+04 4.84653174e+03 3.56374512e+03 1.93642891e+04
 3.56879727e+04 2.47586121e+02 7.66180847e+02 1.14202529e+04
 1.68115059e+04 2.35650049e+03 1.88156662e+02 1.70290906e+03
 1.28611755e+03 1.05814185e+03 1.65489766e+04 8.77166953e+04
 3.91480438e+02 9.00369227e-01 5.96855000e+05 2.10659912e+03
 1.71532867e+02 6.29669375e+04 1.17045889e+04 8.92621289e+03
 2.04062454e+02 2.49311426e+03 3.09154434e+04 7.96336328e+03
 1.65793921e+03 3.25142090e+02 5.60276074e+03 1.85468994e+02
 3.12783765e+03 7.12642273e+02 2.90704150e+03 6.25199585e+02
 2.93125059e+04 1.88401777e+04 1.88624883e+04 2.86055566e+03
 5.94254944e+02 6.73605408e+02 4.71090424e+02 6.26116272e+02
 3.24863464e+02 7.44438916e+03 3.49238403e+03 1.96835190e+02
 1.35709274e+02 1.60696297e+05 7.40121216e+02 1.00599768e+03
 1.62812783e+04 8.73601074e+03 3.59396637e+02 1.31007812e+02
 9.67803589e+02 1.14003369e+03 2.71233496e+03 1.42366684e+02
 2.19862354e+03 9.71799316e+02 2.00601208e+03 2.41661804e+02
 1.35824158e+03 2.69850605e+04 7.00151062e+02 1.23751719e+04
 3.49337524e+02 3.58169971e+03 2.06120834e+01 3.84296173e+02
 2.30885645e+03 9.21259277e+03 1.93651848e+01 8.76932031e+04
 6.84080811e+02 7.60718567e+02 1.25701331e+03 8.62762878e+02
 1.18851880e+03 5.02243469e+02 1.09313711e+04 2.15346069e+03
 6.71795264e+03 1.19645984e+03 1.45854675e+03 3.82059648e+04
 1.05268463e+02 1.61506726e+03 1.07664242e+05 9.03985535e+02
 3.14380811e+03 4.20569531e+03 1.40136953e+04 3.84797974e+02
 2.57982935e+03 3.31412445e+02 1.84983008e+03 1.32485657e+03
 1.01769830e+03 2.40456519e+03 1.22454724e+03 1.17117383e+03
 7.23079688e+03 1.41040881e+03 1.49850366e+03 5.38082227e+03
 4.82646484e+02 2.14060034e+03 1.95028491e+03 1.53584244e+02
 6.85090271e+02 5.77713164e+04 1.79230797e+00 6.07499451e+02
 8.65397559e+03 8.65989062e+03 3.11601831e+03 4.55911875e+04
 3.32238922e+02 3.69442749e+03 1.47571136e+02 8.87863037e+02
 5.44168770e-01 7.06353613e+03 5.93030566e+03 2.09800317e+03
 6.51229248e+03 4.43380890e+01 9.00594604e+02 1.68339197e+03
 8.21807190e+02 2.42832983e+03 3.60589638e+01 3.01776392e+03
 5.40822571e+02 6.74280334e+02 6.35922754e+03 4.48308203e+03
 4.22789014e+03 2.69486938e+03 4.19677307e+02 6.65507202e+02
 8.22203906e+03 8.87637390e+02 1.06621265e+03 4.88009326e+03
 1.73911206e+03 3.94720673e+02 1.24756604e+03 8.76146289e+03
 5.21600403e+02 7.91763965e+03 7.14769165e+02 2.46053143e+01
 1.79663730e+04 9.79377808e+02 3.64002350e+02 7.09308838e+02
 6.81155859e+03 1.41012170e+03 2.56927808e+03 1.74150854e+03
 2.10475122e+03 5.31652881e+03 1.77760422e+02 2.72676758e+03
 2.13031934e+03 3.01858521e+03 4.00003516e+03 2.10779907e+03
 1.16871497e+03 3.92907654e+02 2.65647583e+03 2.44915488e+04
 7.75952209e+02 4.15384254e+01 4.00948242e+03 2.45254077e+03
 6.60652344e+02 3.94623474e+02 1.43306335e+03 2.94216766e+02
 7.95670166e+02 6.08338928e+02 9.11841699e+03 1.68646149e+02
 2.27076294e+02 4.99337845e+01 4.34356494e+03 1.74268997e+02
 1.40217129e+04 7.22288635e+02 8.09757202e+02 3.21424341e+03
 2.22805884e+03 3.47649487e+03 1.51669180e+04 2.29372290e+03
 4.23126055e+04 3.33591445e+04 1.30111279e+03 6.67348755e+02
 2.81173615e+02 1.07548730e+03 1.96791992e+02 1.87497668e+03
 4.92158496e+03 1.83189587e+03 3.48703594e+04 9.13265076e+02
 4.18731006e+03 2.32415967e+03 5.63012354e+03 1.38121204e+03
 4.29392578e+02 1.21787585e+03 9.45277771e+02 1.31765234e+04
 3.38396606e+02 1.42644543e+03 4.36014648e+03 1.60623682e+03
 2.72612991e+01 1.26205996e+04 2.76419098e+02 7.01465820e+02
 3.12732910e+03 2.85702686e+03 5.78688818e+03 1.85873750e+04
 5.11583643e+03 4.60971947e+01 1.08616180e+02 3.50134735e+02
 4.87317291e+02 4.81817688e+02 5.13067383e+03 4.00277881e+03
 1.28725159e+03 3.67514258e+03 3.51476166e+02 2.12811548e+03
 3.74532373e+03 1.58375828e+05 2.17490215e+01 4.48742480e+03
 7.79552536e+01 4.03317139e+02 8.87736755e+02 7.10763123e+02
 4.11262012e+03 5.28061768e+02 1.46372253e+02 6.66129608e+01
 5.22880703e+04 1.48814844e+04 3.36396641e+04 1.38482544e+03
 1.65194534e+02 8.58190613e+02 6.86209717e+02 4.08161499e+02
 7.25999707e+03 9.91395703e+03 2.97296997e+02 1.17764398e+05
 9.07917358e+02 1.77900049e+03 1.40705098e+04 1.69112097e+03
 5.06561914e+04 3.41610312e+04 4.70684131e+03 7.24721250e+04
 3.65167938e+02 2.17509863e+03 1.19190617e+01 7.95346146e+01
 1.03172546e+02 6.32213525e+03 1.69276904e+03 4.66790039e+03
 3.07538208e+02 6.26605518e+03 1.85497888e+03 9.18423462e+02
 3.09973315e+03 1.74662976e+03 3.45498608e+03 1.95642590e+03
 9.39812744e+02 9.44847070e+03 4.31187256e+03 2.20822887e+01
 1.32124748e+01 2.57519928e+02 4.06310196e+01 1.09402930e+04
 1.14519307e+04 1.99486992e+04 3.26963104e+02 9.27578674e+02
 4.62556787e+03 2.65481544e+00 3.34873950e+03 4.23585059e+03
 4.08691328e+04 1.86107556e+03 2.14834656e+02 1.13907637e+04
 4.76568164e+03 1.27431617e+05 5.38378235e+02 2.32371230e+04
 2.23989136e+03 5.85361523e+03 6.32027344e+02 6.06097510e+03
 3.14149531e+04 2.01768005e+03 2.54529531e+04 5.23754333e+02
 1.01340928e+04 2.00269199e+04 9.18665710e+02 4.65975285e+00
 6.77418137e+01 1.08736816e+03 1.10772046e+03 1.29877539e+04
 1.34570038e+02 6.75545837e+02 1.19332744e+04 2.39683765e+03
 1.72762854e+03 2.90441650e+03 2.18084058e+03 1.88688477e+04
 7.98113480e+01 1.11124619e+02 3.33928467e+02 7.80852832e+03
 1.24592012e+04 1.55129700e+03 9.88104919e+02 2.57496172e+04
 2.13543411e+02 6.40084082e+03 2.59339630e+02 1.81667993e+03
 7.06325342e+03 5.80117627e+03 1.42126697e+03 4.05425903e+03
 3.86171802e+03 2.13997974e+03 2.05994551e+04 2.34671191e+03
 1.62559258e+04 6.59519141e+04 2.25281113e+02 4.26232764e+03
 7.38762344e+04 2.39612305e+03 1.68595605e+03 2.36890918e+03
 1.85730062e+05 3.29490649e+03 1.84272945e+00 1.98319473e+04
 1.10703758e+05 9.09945215e+03 1.41805481e+02 2.55517136e+02
 4.69891504e+03 5.26621143e+03 9.05316113e+03 2.78312012e+03
 4.52782593e+02 3.22500854e+03 2.41621558e+03 5.88865234e+03
 9.15836719e+03 1.79331262e+03 2.00065000e+04 2.40383854e+01
 2.33949023e+03 1.27530273e+04 9.94225403e+02 2.44309790e+03
 2.84383026e+02 3.93121223e+01 2.87086304e+03 2.38485078e+04
 4.66849182e+02 3.95241180e+02 1.04208508e+03 7.95494141e+02
 7.84918115e+03 1.87140137e+03 2.09895660e+02 6.11506653e+02
 1.80511094e+05 1.38882178e+03 1.90743210e+02 5.01920624e+02
 1.22118774e+03 2.46830276e+02 5.29054199e+02 2.35872513e+02
 1.51287183e+03 1.39346445e+04 2.58893018e+03 2.72859314e+02
 2.76807422e+03 5.13611279e+03 1.83859192e+03 2.62655249e+03
 2.52857819e+02 1.93200089e+02 7.86952539e+03 3.42227600e+02
 2.05261719e+03 1.00402578e+04 3.09588654e+02 2.11645605e+04
 3.54392365e+02 3.19199883e+04 1.80829773e+02 4.23665314e+02
 8.20232910e+02 1.85036658e+03 3.00338525e+03 1.20138879e+03
 2.56584204e+03 8.56370911e+02 2.53862091e+02 6.54984207e+01
 1.13029099e+02 2.54554825e+01 2.55872876e+03 1.85638098e+03
 1.83771594e+03 4.81653271e+03 1.17167200e+03 3.71972656e+05
 8.48502563e+02 4.93677637e+03 2.48397441e+04 6.78845642e+02
 5.83986450e+02 2.32976318e+03 2.82217822e+03 3.93187592e+02
 3.66726440e+02 8.29187393e+01 6.72057373e+02 8.64373322e+01
 2.12900664e+04 6.61073914e+02 5.26063110e+02 9.61769592e+02
 1.46752670e+02 2.16411641e+04 1.11996152e+04 3.03910864e+03
 4.19904541e+03 6.92133496e+03 6.54752686e+02 2.08494922e+04
 2.31713455e+02 1.16643420e+03 5.45069482e+03 6.59590942e+02
 2.80043848e+03 2.08063599e+03 2.86362842e+03 2.00966553e+02
 7.44454590e+02 2.09699561e+03 1.19706006e+03 1.30284443e+04
 1.57553238e+02 5.25097217e+03 1.68182544e+03 1.31905859e+04
 5.94926514e+02 1.71727319e+03 2.50427246e+03 2.86086609e+02
 1.48847443e+02 2.41701895e+04 1.41993750e+03 8.76370300e+02
 1.87254089e+03 1.40455896e+03 7.18021045e+03 2.00619003e+02
 2.22114822e+02 6.86113831e+02 9.13101425e+01 2.21134705e+02
 4.70348877e+02 1.03090161e+03 1.79711206e+03 2.95873804e+03
 1.72436020e+02 1.05841882e+03 6.69291809e+02 2.84620977e+04
 1.11057432e+04 6.80321045e+02 3.33548413e+03 1.62452490e+03
 3.09768872e+03 1.61059473e+04 4.05181812e+03 1.86726978e+03
 5.90314600e+03 7.13261047e+02 2.42847461e+03 1.26023203e+04
 1.66799561e+03 1.55728180e+02 9.14948730e+01 6.74459595e+02
 4.98937317e+02 1.70001270e+03 4.99169891e+02 1.13005066e+02
 8.95264160e+03 1.05319961e+04 1.27458740e+03 1.05554102e+03
 1.58047888e+03 5.10002578e+04 4.72367897e+01 5.63076111e+02
 1.17113513e+03 1.97692651e+03 1.04830811e+04 2.06788223e+02
 1.01637695e+04 3.00442407e+03 1.84459912e+03 1.60360779e+02
 3.06564693e+01 1.98146562e+04 1.50912275e+01 1.48605225e+03
 5.81537158e+03 2.96627686e+03 1.60243088e+02 5.04080292e+02
 8.23646875e+03 6.75325256e+02 1.95710059e+03 4.58256592e+03
 1.61002747e+02 1.39268890e+02 1.25478678e+01 6.43207471e+03
 3.12876343e+03 1.09285852e+03 2.80117615e+02 8.82797266e+03
 5.74508828e+04 1.42002441e+04 1.77210430e+04 1.23374768e+03
 2.74146948e+03 1.28794891e+02 3.49894336e+03 7.31435852e+02
 8.11518359e+03 1.20833838e+03 8.89586914e+03 7.91456445e+03
 1.44872314e+04 3.06537031e+04 4.49003677e+01 1.59916687e+03
 1.39083618e+02 2.27480347e+03 1.56785049e+04 6.58963989e+02
 9.36475977e+03 6.08627686e+03 8.19175293e+03 6.56935303e+03
 6.83488892e+02 3.42167920e+03 3.65405884e+02 6.24958679e+02
 7.24556396e+02 2.36586230e+03 3.80679840e+02 8.87320496e+02
 5.55780151e+02 4.71165588e+02 7.19232361e+02 1.47557886e+03
 7.62460144e+02 2.44436353e+03 1.71135559e+02 5.31994922e+03
 3.26721411e+03 1.79031201e+03 1.48184692e+03 8.05705719e+01
 2.22950898e+04 4.41475195e+03 2.47065894e+03 1.54203350e+04
 1.37349890e+03 3.34325781e+03 9.59521729e+02 1.16844269e+02
 3.98131378e+02 5.51799707e+03 9.29268945e+03 6.40976990e+02
 1.04846133e+04 4.62474579e+02 3.85232605e+02 8.09476501e+02
 6.43689758e+02 4.14706445e+03 4.03746948e+03 9.73676071e+01
 1.45157886e+03 7.03903442e+02 5.50579102e+03 6.31331006e+03
 3.01306396e+02 4.73438623e+03 1.39504410e+02 6.91559692e+02
 6.77017312e+05 4.61306671e+02 3.74534393e+02 4.34351367e+03
 1.21647774e+02 1.46376678e+02 5.83667183e+01 1.00965655e+00
 1.70385086e+02 3.04735376e+03 1.51809814e+03 2.69917633e+02
 1.77697949e+03 3.32170820e+04 3.62294092e+03 6.43852112e+02
 2.67960889e+03 2.56453086e+04 2.06969800e+03 4.45880035e+02
 1.76764026e+03 2.64441675e+03 1.23275375e+02 4.38242493e+02
 3.26090454e+02 2.48805898e+04 7.89290938e+04 6.29669434e+02
 2.93089648e+03 5.09465283e+03 9.49665833e+02 9.99929199e+02
 9.99951172e+02 8.65150208e+02 1.56509872e+02 8.06276367e+02
 1.93894135e+02 1.05511560e+03 3.11342139e+03 9.76916382e+02
 1.15932446e+03 3.87557495e+02 9.42544632e+01 2.08674492e+04
 1.36478531e+02 9.49011292e+02 7.47781738e+02 3.18085449e+03
 1.87366870e+03 4.42624512e+03 5.16391479e+02 1.18983997e+03
 1.70999727e+04 6.41201904e+02 1.40716638e+03 3.44258545e+02
 9.98171387e+02 1.97730560e+02 1.62380676e+02 4.58656616e+02
 1.11312415e+03 2.58496796e+02 3.61050806e+03 1.20624451e+03
 1.50907886e+03 1.60185425e+03 5.06662158e+03 5.43528174e+03
 5.39839111e+03 5.44358936e+03 1.37767539e+04 2.41150703e+04
 7.53137741e+01 1.00247705e+03 1.53419189e+03 7.14752960e+01
 1.49905688e+03 1.14131714e+03 8.17930237e+02 1.24988647e+03
 1.42386795e+02 3.72953687e+03 2.99885773e+02 1.98606787e+03
 1.32016631e+04 1.79421985e+03 8.55367859e+02 4.43642517e+02
 2.17292188e+03 2.73333301e+04 1.05082529e+04 2.72134033e+02
 2.77060516e+02 5.36626099e+02 1.04097002e+04 6.68406484e+04
 5.02460898e+04 2.49898407e+02 1.60298694e+03 1.10852808e+03
 7.83109131e+02 1.07251621e+04 1.14507117e+05 3.74587280e+03
 2.57974426e+02 6.04533005e+01 4.29285400e+03 7.69536743e+02
 1.07012573e+03 3.53579132e+02 1.64261032e+02 2.86135669e+03
 2.00935498e+03 3.62215424e+02 1.27151250e+04 8.54570007e+01
 4.38523242e+03 1.38505493e+03 1.44525977e+03 6.11361768e+03
 1.23034607e+03 5.16903625e+02 1.32000903e+03 4.48055603e+02
 8.44977112e+02 2.95400391e+03 3.12260879e+04 1.17069934e+03
 2.42806763e+03 3.00630444e+03 9.04863525e+02 1.81559486e+01
 2.82543945e+03 9.40027466e+02 2.92132080e+02 4.03300568e+02
 5.29552917e+02 1.08378894e+03 4.64280127e+03 4.09932037e+02
 7.16100098e+02 2.85612715e+04 2.98101973e+04 1.26544543e+03
 2.63639740e+02 7.00638750e+04 2.23933887e+03 4.59625635e+03
 7.59711227e+01 3.46169751e+03 6.42272070e+03 3.65062842e+03
 1.79392617e+04 2.13301682e+02 1.21402578e+04 1.73606270e+04
 5.10809717e+03 5.94958252e+02 2.33230316e+02 9.08082031e+03
 1.03852966e+03 1.30307385e+03 5.11011816e+03 7.35355286e+02
 1.44703360e+01 2.98099668e+04 2.13528125e+03 1.61756504e+04
 7.67948193e+03 8.45763702e+01 4.56544580e+03 1.76733475e+02
 1.87428570e+01 3.72346405e+02 7.02099805e+03 3.59292422e+04
 5.47642773e+03 8.17505920e+02 8.64811035e+03 1.36142151e+03
 1.06746621e+04 2.86248809e+04 5.20763672e+03 1.00981055e+04
 1.21006653e+03 6.39417114e+02 1.76586328e+04 5.07260938e+03
 1.13021912e+03 3.34477148e+03 6.23701660e+02 1.46212082e+02
 8.01299170e+03 2.26917099e+02 1.97107773e+02 5.42457092e+02
 1.27866199e+03 1.25067468e+03 1.94798508e+02 3.09320137e+04
 2.19101562e+02 1.92207535e+02 5.43096741e+02 5.77227600e+02
 1.24847278e+03 2.37335693e+03 5.05419037e+02 9.43625336e+01
 2.00308618e+03 1.72851794e+03 4.35966484e+04 4.03789805e+04
 2.79787915e+03 3.88435156e+03 6.05349121e+03 4.51771088e+02
 5.99819453e+04 2.70716650e+03 2.92429565e+03 1.68600391e+03
 3.62619482e+03 2.08487549e+03 8.24522827e+02 1.83442505e+02
 1.37659463e+04 1.47026764e+02 4.18856842e+02 1.26975433e+02
 5.90058438e+04 3.02077759e+02 5.68708594e+03 1.51231531e+03
 3.39088249e+01 2.56565454e+03 2.66158905e+02 3.93952057e+02
 5.94750671e+02 3.62762756e+02 1.72328540e+03 9.39157043e+02
 2.45441675e+03 1.12806482e+03 2.92255449e+04 1.74757910e+03
 1.44725875e+05 3.55481250e+03 3.54718109e+02 5.86676025e+00
 1.66341260e+03 1.61906891e+02 5.97771378e+01 1.80122864e+03
 5.88620300e+02 6.98996887e+01 7.45338135e+03 1.00697275e+04
 3.59123828e+04 1.12068436e+02 8.98203369e+02 3.91147614e+01
 3.15874672e+00 1.08150317e+03 7.44199524e+02 5.39494287e+03
 8.30534592e+01 3.01514453e+03 1.76282324e+03 3.33736023e+02
 2.83391819e+01 1.20796741e+03 7.08143359e+03 6.96361572e+03
 7.54477344e+03 4.33209570e+03 8.64889297e+01 5.24620544e+02
 4.34819385e+03 2.11490158e+02 5.91682861e+03 1.24257483e+03
 8.43481934e+02 3.76287329e+03 1.48825989e+03 1.11218730e+04
 2.65320496e+02 2.42853577e+02 2.98278137e+02 4.93937988e+03
 1.13982996e+03 1.25899727e+02 3.54384399e+03 2.79248193e+03
 1.44396570e+03 3.04450684e+03 3.32691917e+01 2.43735522e+03
 3.11458649e+02 7.72314148e+02 2.04617712e+03 3.52175952e+03
 1.26949756e+03 3.41487036e+03 1.28330322e+03 1.87120154e+03
 1.13727703e+01 1.26345190e+03 4.26664014e+03 4.14432688e+05
 4.60269775e+03 3.34704803e+02 1.75114792e+02 1.57864688e+04
 5.74369926e+01 1.56167334e+03 2.59514307e+03 1.01899066e+03
 1.24245308e+02 1.20919568e+03 3.91276733e+03 1.49135730e+03
 1.13277744e+04 9.23345337e+02 1.30994014e+04 1.50709844e+04
 1.38798838e+04 5.76025342e+03 1.09082617e+03 1.95438928e+03
 1.33512192e+02 6.47109277e+03 5.42927002e+02 9.40362061e+02
 6.11304766e+04 2.62928833e+03 1.27221692e+03 1.21543358e+02
 2.40992871e+03 5.36620239e+02 7.10039612e+02 1.59925781e+05
 1.07350757e+03 3.89759258e+04 3.26530426e+02 1.06234131e+03
 1.24717490e+04 4.40496240e+03 1.16689201e+02 1.31889722e+03
 1.15861475e+03 2.82426636e+03 3.48244507e+03 2.67874707e+03
 4.17600250e+02 3.26612640e+02 6.42122412e+00 2.48374863e+02]
8904.156
677017.3
