[1.38114625e+05 3.51804626e+02 6.32573281e+04 7.25771875e+04
 3.57868250e+05 1.21402938e+05 3.76566328e+04 6.61734250e+05
 1.23595238e+06 5.93926875e+04 7.64166312e+05 1.94246719e+04
 3.32293344e+05 1.07773877e+04 7.48313281e+03 1.71654828e+05
 1.20589160e+04 4.33426688e+05 2.99316531e+05 3.00445000e+06
 1.89516577e+03 1.90538703e+05 1.10974961e+04 1.67588975e+06
 3.50222656e+04 2.33297375e+06 1.56962790e+07 5.95238047e+04
 2.18116062e+05 7.55427500e+04 1.24046888e+06 1.10769828e+05
 1.35169062e+05 1.41473109e+05 2.20918246e+09 6.79633047e+04
 4.82098008e+04 1.09707836e+05 1.89295469e+05 6.64229297e+04
 1.25158912e+06 7.66877000e+05 3.91470969e+05 8.49582562e+05
 4.32288008e+04 2.54595828e+05 3.16895215e+04 6.62847422e+04
 2.49241109e+05 2.75869475e+06 2.38775806e+03 1.45604219e+05
 6.30795959e+02 1.62207500e+06 3.04220688e+05 2.14889727e+04
 1.12399242e+05 4.29011156e+05 1.05193425e+06 8.26828828e+04
 3.18439316e+04 8.30910125e+05 3.45212656e+05 1.67888945e+04
 2.70504199e+03 7.48656250e+04 1.15772180e+05 1.52086000e+05
 2.87502559e+04 1.20331500e+05 9.25063750e+04 9.21875879e+03
 3.12060840e+04 2.16001656e+05 8.29448750e+04 1.88845654e+03
 3.30008781e+05 1.25872350e+06 4.51603711e+04 2.56679880e+07
 2.52385484e+05 1.03428406e+05 1.98161934e+04 5.14704688e+04
 4.31572375e+05 5.59351270e+03 5.09178477e+04 9.28924121e+03
 1.57580266e+05 1.83215375e+05 8.10818672e+04 1.37163862e+06
 4.71248672e+04 2.47479629e+04 8.57889700e+06 8.17392422e+04
 1.28929609e+05 6.01306062e+05 2.18738844e+05 6.02246250e+04
 1.93011547e+05 1.13054065e+03 1.06743672e+05 3.36937656e+04
 8.75320859e+04 1.69987188e+05 6.40470391e+04 1.14350769e+03
 1.24788963e+02 2.36775566e+04 6.23824531e+04 2.59258984e+05
 2.44004570e+04 1.74726750e+05 3.64608250e+05 1.16316943e+04
 9.89494688e+04 2.11446350e+06 1.29054050e+06 9.90307812e+03
 1.22158362e+06 3.33079688e+05 2.53733656e+05 1.95540825e+06
 1.35338328e+05 5.31900938e+04 4.17023828e+03 9.50435234e+04
 5.19402500e+05 1.02145008e+05 6.13874756e+03 8.29488047e+04
 6.41387109e+04 6.03553047e+04 3.82325938e+05 4.44765234e+03
 2.63393311e+03 1.42302158e+04 1.04037312e+05 4.55854094e+05
 4.47077844e+05 1.84625188e+05 6.90713875e+05 3.72575406e+05
 7.60672875e+05 1.65293809e+04 5.29398926e+03 2.00135162e+06
 3.15431156e+05 1.88594266e+05 1.74599316e+03 6.19951562e+05
 1.10917977e+05 3.64715078e+04 2.80261719e+05 1.87168574e+04
 5.55249922e+04 6.87004350e+06 6.95954453e+04 2.75830700e+06
 1.64911344e+05 4.37324883e+04 1.87122168e+03 1.02259094e+05
 2.86171969e+05 5.88486768e+03 1.53621672e+05 1.18960361e+04
 3.30284336e+04 1.21862450e+06 1.08426391e+05 8.23283438e+04
 3.24936656e+05 1.12530638e+06 5.36637344e+04 2.23024023e+04
 4.67284438e+05 3.59630859e+04 5.91091055e+04 2.78695950e+06
 1.63303078e+05 1.87449414e+04 4.83787109e+04 6.53970469e+04
 1.05457984e+05 2.53321562e+05 8.77189062e+03 1.93348812e+05
 3.04534656e+05 1.59986047e+05 3.24204031e+05 4.66368828e+04
 2.36494023e+04 9.09712188e+04 1.07494875e+06 1.50949717e+04
 3.33583656e+05 2.45662234e+05 1.39588174e+04 4.34484688e+05
 6.74978281e+04 7.44379312e+05 2.37725825e+06 6.77986875e+04
 7.88397800e+06 2.07448650e+06 9.64531094e+04 2.99460703e+04
 4.42330117e+04 8.47744629e+03 1.53844453e+05 2.37982773e+04
 4.62827500e+04 5.68184938e+05 3.67203750e+05 1.92371328e+04
 1.04522445e+05 3.91220078e+04 5.20345938e+04 1.09516102e+05
 2.75337695e+04 2.55452469e+05 5.20092627e+03 2.58809975e+06
 3.34867031e+04 4.41572812e+05 2.75196406e+05 8.94662415e+02
 1.98420449e+04 1.53042700e+06 1.41548422e+05 5.40616484e+04
 1.17790094e+05 2.48339516e+05 6.02617148e+04 3.15508418e+04
 3.87713203e+04 1.47721133e+04 1.00773188e+05 2.80113047e+04
 1.82981656e+05 1.09392266e+05 2.11795469e+05 9.90270000e+05
 8.03840078e+04 6.40075430e+04 6.58120625e+04 5.06420586e+04
 3.66718062e+05 1.33285950e+06 4.07775234e+04 1.25422900e+06
 9.39666504e+03 3.94684141e+04 1.62762764e+04 9.82104219e+04
 1.55973922e+05 9.04337891e+04 2.25887375e+05 2.38908312e+05
 1.67782750e+06 4.67322938e+05 4.68758650e+06 3.57428906e+04
 7.36139795e+03 1.04070625e+05 1.75110766e+05 1.40232594e+05
 1.25870281e+05 1.74048484e+05 7.78692734e+04 4.29890400e+06
 1.81408359e+04 2.35976343e+03 1.23113562e+06 1.39513516e+05
 5.34120500e+05 1.36885300e+06 3.93630094e+05 1.60006690e+07
 7.38820703e+04 3.81148406e+05 4.93989044e+02 1.82480605e+04
 3.28481289e+04 3.14720500e+05 1.66430359e+05 3.37031719e+05
 6.12804258e+04 6.16704956e+02 1.20095688e+06 1.57818640e+03
 3.90153656e+05 7.74531484e+04 3.74605508e+04 1.18511781e+05
 2.17887516e+05 6.65097375e+05 7.94514404e+02 2.25531328e+04
 8.52831953e+04 1.93245715e+03 5.88603062e+05 9.41229750e+05
 4.66330250e+05 2.66083688e+05 5.81071953e+04 2.72757925e+06
 3.96532070e+04 6.11600625e+04 4.04816523e+04 7.41149750e+05
 1.58473600e+06 9.96125625e+04 3.31744324e+02 7.11412250e+05
 9.28338375e+05 3.43859469e+05 6.96486250e+04 1.71324047e+05
 4.15141602e+04 1.52954484e+05 1.85181203e+05 1.11099969e+05
 1.03778119e+06 3.11203047e+04 1.02509190e+07 6.04612461e+04
 1.17555962e+06 9.50013500e+05 6.51255352e+04 1.22851750e+05
 1.50554703e+05 9.03748352e+02 8.77289941e+03 2.88880062e+05
 5.11770459e+03 8.07509766e+04 2.52076725e+06 1.52308578e+05
 4.04423340e+03 2.07981797e+05 1.91924781e+05 2.16430781e+05
 3.03998105e+04 1.43423945e+04 1.73319648e+04 6.67900938e+05
 1.51693900e+06 1.11506621e+04 1.50953475e+06 1.14691775e+06
 9.72477031e+04 4.43690195e+04 1.48836125e+05 2.39454391e+05
 2.03754953e+05 1.02190508e+05 1.16480654e+04 2.26704031e+05
 2.76511289e+04 1.41967275e+06 8.49161938e+05 6.71426016e+04
 7.45332500e+05 7.49014900e+06 1.91894875e+05 1.29275371e+04
 4.75029350e+06 2.84629438e+05 5.57254562e+05 4.15279500e+05
 1.69509450e+06 2.05321312e+05 1.26051602e+05 9.08696125e+05
 1.33691875e+06 4.21866219e+05 2.98088257e+03 2.17529219e+04
 1.01915250e+06 2.66686281e+05 3.19040094e+05 1.19455195e+05
 1.11078430e+05 6.81277969e+04 8.35250781e+04 3.46105188e+05
 3.40466812e+05 4.82720594e+05 5.57133688e+05 3.55925273e+04
 5.33908740e+03 2.26822766e+05 1.10740484e+05 5.16671062e+05
 1.32192703e+05 1.11763862e+06 2.17819375e+05 4.11964250e+06
 4.01725928e+03 1.59012094e+05 9.57539062e+03 2.77436367e+04
 4.17092469e+05 3.15898500e+05 6.63622266e+04 3.18829824e+04
 7.15434320e+07 4.91317773e+04 3.24516375e+05 2.65629281e+05
 3.88429000e+05 9.56930000e+04 2.16030922e+05 2.87489438e+05
 2.60168691e+04 2.03142984e+05 3.06705906e+05 2.20535984e+05
 7.70354000e+05 8.51698359e+04 1.35646578e+05 2.43085075e+06
 9.72755391e+04 4.60368359e+04 3.28895234e+04 6.61388818e+03
 5.68672750e+05 6.28519375e+05 1.05378613e+04 3.98834906e+05
 1.98305371e+04 2.02577825e+06 5.18963438e+04 2.00170453e+05
 4.67413789e+04 8.59475938e+04 1.22429242e+05 1.07354425e+06
 9.57087188e+04 1.98073984e+04 2.78479094e+05 5.41215500e+05
 5.00636250e+04 5.13634277e+03 2.85076836e+04 3.77799625e+05
 1.13740094e+05 8.05330234e+04 1.05329512e+04 8.21787250e+05
 7.05289160e+03 2.79308844e+05 1.07477500e+06 1.23487627e+04
 1.46074812e+05 1.39273078e+05 1.36605312e+06 3.53700742e+04
 3.71917125e+05 2.47442754e+04 3.07262500e+04 1.01334711e+05
 8.51106953e+04 1.88190723e+04 1.98429641e+05 1.77049219e+05
 4.04522578e+04 1.04827520e+07 4.55210812e+05 2.40696172e+05
 3.30866500e+05 5.77042562e+05 2.63282812e+03 1.97955484e+05
 1.09739307e+03 2.43016191e+04 2.41420977e+04 9.56914375e+04
 1.35682012e+04 5.76330125e+05 4.96839453e+04 4.41049258e+04
 1.38486297e+05 1.72347609e+05 1.20655283e+04 6.48757150e+06
 4.59051367e+04 3.67712891e+04 3.17464570e+04 1.10861031e+05
 5.53849268e+03 3.39745625e+04 6.18886938e+05 1.62826582e+04
 6.17905273e+03 3.40282406e+05 2.30128281e+05 1.75710195e+04
 1.58497959e+04 1.98158359e+05 2.00978953e+05 3.47848125e+04
 1.50306133e+04 1.05863258e+05 3.39487695e+04 1.35372188e+05
 1.85206660e+04 2.15352371e+02 1.45837217e+04 4.50701855e+03
 7.78357031e+04 4.46086250e+04 2.99820928e+08 1.01980412e+06
 3.05741812e+05 3.11958711e+04 1.04044789e+05 8.36622656e+04
 7.48206094e+04 6.19253625e+05 5.14492688e+05 2.61225422e+05
 7.32101013e+02 2.14778535e+04 1.69611031e+05 4.40357594e+05
 1.20353969e+05 7.33930781e+04 3.07074268e+03 1.22464004e+04
 3.96493281e+04 2.73476594e+05 5.92029414e+04 8.59149609e+04
 1.43764512e+06 3.48912875e+05 2.41697203e+05 1.49989797e+05
 1.22924038e+06 1.48554012e+06 5.48825977e+04 1.34836641e+04
 6.63480176e+03 5.85855762e+03 1.12234700e+06 8.86054141e+04
 9.52571625e+05 1.64555750e+05 7.71267656e+04 4.32704199e+03
 2.15097485e+03 2.63688975e+06 4.44024805e+04 1.59507750e+05
 9.57624609e+04 3.07116543e+04 3.37434937e+03 2.72707148e+04
 1.92420406e+05 5.94652881e+03 3.95888469e+05 1.90607984e+05
 4.00603662e+03 2.19537609e+05 2.28773413e+03 5.55283312e+05
 3.74033438e+04 2.53468262e+04 6.47000391e+04 4.49241367e+04
 1.67962725e+06 1.16430675e+06 1.97169406e+05 4.05102617e+04
 1.88694082e+04 2.44806895e+04 1.60472962e+06 1.90178926e+04
 5.82061875e+05 1.04914441e+03 5.30466750e+06 1.26822516e+05
 3.76928875e+05 4.64560300e+06 8.40408203e+04 1.67788516e+05
 1.12980734e+05 1.87006469e+05 2.39898766e+05 3.95105508e+04
 1.57404594e+05 1.37514531e+05 4.71586438e+05 2.09188086e+04
 9.59805664e+03 2.86070566e+04 1.70723875e+05 2.37741891e+05
 1.90594012e+06 6.01571211e+04 4.32922500e+04 3.26862637e+04
 2.67571938e+05 9.47899780e+02 1.62083691e+04 1.03705516e+05
 1.82681250e+06 5.67499125e+05 1.32860166e+04 2.41992734e+04
 1.51385328e+05 2.42244844e+05 8.56347109e+04 2.57672234e+05
 2.27055766e+05 1.47789162e+06 6.91567938e+05 4.41737219e+05
 2.40885820e+04 2.97906812e+05 2.04861738e+04 2.63134844e+04
 9.33191641e+04 2.59361984e+05 1.32669150e+06 3.72316094e+04
 3.74503633e+04 3.78427891e+04 1.57886562e+05 6.77258984e+04
 3.48974531e+04 1.00140281e+05 1.68144828e+05 8.43540781e+04
 1.53424639e+04 5.32966055e+04 8.66595605e+03 1.97260388e+06
 1.46040844e+05 1.37597281e+05 8.28677266e+04 5.90875146e+03
 4.40234025e+10 2.93708219e+05 1.20399367e+05 4.29040896e+09
 4.89095410e+03 9.08995215e+03 6.94223291e+03 1.71752520e+04
 1.84685797e+05 8.92024219e+03 5.48401625e+05 1.47637938e+05
 3.60394844e+04 7.77016438e+05 2.33191188e+05 6.46189844e+04
 5.32104609e+04 9.85324688e+05 1.44160734e+05 1.31031438e+05
 1.14000859e+05 3.31109062e+04 1.78046562e+05 3.57900898e+04
 2.63578812e+05 2.23806775e+06 6.65784297e+04 4.66597188e+04
 3.98213906e+05 1.33353150e+06 5.26308750e+05 9.73245688e+05
 2.05238953e+05 7.88348750e+04 3.06544781e+05 5.05218000e+05
 1.10221453e+05 2.84386230e+03 2.04723891e+05 1.24861469e+05
 6.44272266e+04 1.54959891e+05 1.02967195e+05 1.37337425e+06
 2.31202594e+05 2.88332227e+04 7.73387266e+04 7.60550688e+05
 2.27272953e+05 6.43000234e+04 2.33092598e+04 9.82104688e+04
 7.01560750e+05 1.52647725e+04 9.59466699e+03 2.38047773e+04
 1.70246230e+04 1.86393469e+05 3.68673359e+04 4.25520142e+02
 1.68834009e+03 1.57838016e+05 1.44153125e+05 2.25330625e+04
 4.67020391e+04 4.61296953e+04 5.62627500e+05 2.07714797e+05
 7.50850688e+05 2.69957656e+05 1.75830734e+05 4.87570550e+06
 1.92584125e+05 1.71622188e+04 4.30312969e+04 4.71847852e+04
 2.31379234e+05 1.61421416e+04 5.10540283e+03 5.10702562e+05
 7.23218828e+04 2.59584781e+05 7.27558516e+04 1.23422000e+06
 5.08986150e+06 8.89411016e+04 3.60679570e+04 3.05073125e+05
 2.96587750e+05 4.20963031e+05 1.17418488e+06 1.01023320e+05
 5.40952197e+03 5.67994648e+04 4.63803320e+04 1.57080922e+05
 2.02885725e+06 7.22520547e+04 1.82561281e+05 1.55450688e+05
 2.03329594e+05 2.44587750e+05 4.11150750e+06 8.63958188e+05
 2.38726641e+04 1.28305078e+03 3.78372344e+04 4.87844492e+04
 1.86760781e+05 6.79758047e+04 2.86521855e+04 4.22735625e+04
 2.97775117e+04 4.50146094e+04 1.44090200e+06 2.75462280e+03
 8.49517062e+05 8.78868484e+01 1.49975516e+05 2.30636325e+06
 3.37634949e+02 1.41363047e+04 3.18084188e+05 4.45877750e+05
 1.71878734e+05 1.75058734e+05 1.07617000e+06 1.23785133e+05
 1.44603650e+06 4.15473125e+05 5.79907305e+04 3.80930859e+04
 3.36739219e+04 9.83489551e+03 8.22261523e+03 1.28396891e+05
 3.70180625e+05 8.76920078e+04 1.56851688e+05 3.22008809e+04
 5.86894180e+04 1.36289900e+07 4.08136075e+06 5.17065938e+04
 8.12294922e+03 8.75510000e+04 8.27622344e+04 3.82110500e+05
 1.92835188e+05 5.61575375e+05 1.95252266e+05 9.80703247e+02
 5.18549969e+05 1.40088172e+05 1.66994953e+05 5.52485062e+05
 6.91874531e+04 3.79959805e+04 3.75449625e+05 1.32782656e+04
 1.47923141e+05 2.92023000e+05 5.23010500e+05 1.53726641e+05
 1.99007056e+03 4.33161125e+05 8.55018555e+02 5.10544600e+06
 6.66548438e+05 5.74727578e+04 2.20346291e+09 1.55418859e+05
 5.91734062e+04 3.34136016e+04 1.81021412e+06 1.97319500e+06
 1.25130025e+06 4.33222422e+04 3.30091641e+04 1.72192516e+05
 1.57693625e+06 1.40238600e+06 2.66720184e+02 7.34621250e+05
 2.95061973e+04 2.59916953e+05 5.93286375e+05 4.61778125e+04
 4.73258219e+05 6.49309922e+04 8.69828491e+01 8.39341641e+04
 1.87795238e+06 2.37922227e+04 5.33307250e+05 1.88435684e+04
 6.74026016e+04 1.02086331e+06 1.00968701e+04 3.58115350e+06
 3.25334875e+05 1.17341133e+05 5.03206094e+04 9.51019844e+04
 1.38570016e+05 2.56486445e+04 6.72057266e+04 1.77985578e+05
 1.49306125e+05 5.43063438e+04 7.11663906e+04 2.04981975e+06
 1.54590688e+05 1.16179038e+06 3.00722469e+05 3.27537375e+05
 7.01281688e+05 6.19857266e+04 8.11146688e+05 1.78122070e+04
 2.19733891e+05 1.04596727e+05 2.56365117e+04 1.95158406e+05
 8.87982500e+04 4.86275820e+04 2.59129600e+06 4.66420859e+04
 4.15850425e+06 3.61330156e+04 1.30209477e+05 9.43402734e+04
 2.42921855e+04 2.84643496e+04 4.02973867e+04 1.50756984e+05
 5.94858594e+03 2.70434812e+05 9.62361562e+04 1.61478969e+05
 1.32404825e+06 2.76108340e+04 7.04747900e+06 1.23248038e+06
 6.54469150e+06 6.50509125e+05 5.53322266e+04 2.14601844e+05
 2.24559922e+05 1.06800914e+05 6.35878750e+04 2.84172012e+04
 2.89683223e+04 2.99960723e+04 8.60531875e+04 9.19397562e+05
 4.25143594e+05 8.73787344e+04 2.48247281e+05 3.62151602e+04
 5.80590469e+04 2.58251621e+04 8.18168359e+03 1.98169312e+06
 9.07955811e+02 3.30882500e+05 2.20303418e+03 3.00231031e+05
 2.88555156e+05 3.94446602e+04 3.01597594e+05 1.28448574e+04
 7.34720391e+04 2.74361062e+05 4.62432109e+04 4.39616445e+04
 1.26146328e+05 7.04308438e+04 1.50653550e+06 6.23793906e+04
 1.13778336e+05 2.06002856e+03 4.02604766e+04 1.68378725e+06
 6.72353125e+04 1.35147016e+05 1.59398031e+05 6.26211125e+05
 3.44736797e+04 3.17779062e+04 4.98343008e+04 1.64557344e+04
 6.42399219e+04 1.29387125e+05 3.13165352e+04 3.53129414e+04
 8.87307375e+05 1.47012422e+05 3.05217129e+04 2.17922750e+05
 9.93429922e+04 3.46080875e+05 3.89508844e+05 1.39142953e+05
 3.28407438e+05 6.43498281e+04 1.18389662e+06 8.65305700e+06
 3.52716969e+05 3.76394188e+05 2.83903340e+04 7.65723200e+06
 6.85109141e+04 2.01298047e+05 2.10533969e+05 5.78838428e+03
 1.54227344e+04 1.91301211e+04 2.67083781e+05 1.72514297e+05
 9.88885078e+04 6.86303564e+03 9.59481500e+05 1.83037688e+05
 2.47034891e+05 3.44259594e+05 4.10325859e+04 5.55218867e+04
 1.31692979e+04 4.88346953e+04 2.75733688e+05 2.12157734e+05
 6.16699600e+06 5.28063000e+05 3.58847781e+05 2.93316387e+04
 7.71023438e+04 4.58782930e+04 1.83778613e+04 3.09783320e+07
 3.92620062e+05 1.63669750e+05 3.17252695e+04 5.24785750e+05
 1.32482656e+05 2.18714594e+05 3.13402844e+05 2.31444175e+06
 2.07281309e+04 7.77748828e+04 2.64385000e+05 1.78883875e+06
 2.11933633e+04 2.08974016e+05 5.12520935e+02 3.44879844e+04]
53645900.0
44023402000.0
