[3.62407227e+04 1.07169324e+03 8.97958862e+02 6.09801025e+03
 5.47181406e+04 2.78735278e+03 1.67703918e+02 5.39823438e+03
 4.55644258e+04 5.06202979e+03 7.18527197e+03 9.69230859e+03
 4.21156484e+04 2.23356079e+02 2.17172129e+04 4.76558740e+03
 8.78901270e+03 3.27486060e+03 5.91067322e+02 1.27344238e+04
 3.35272656e+03 3.88108057e+03 1.45799375e+05 1.90753984e+04
 1.94123853e+03 5.80888184e+03 3.33420969e+05 1.25189336e+04
 1.33188318e+03 9.84820508e+03 2.36831895e+04 2.02812537e+03
 1.84803909e+02 1.34497559e+03 9.10383047e+04 7.81111328e+02
 7.13552979e+02 1.49870215e+03 8.64186816e+03 2.57368604e+03
 2.65626016e+04 7.18987842e+03 9.06315820e+03 8.40352539e+03
 1.36929766e+04 8.47177148e+03 6.24031250e+02 6.13004517e+02
 2.33094873e+03 1.20354053e+04 8.59140442e+02 2.17867456e+03
 6.52675171e+02 2.09347750e+05 1.23036934e+02 3.00345276e+02
 8.85491406e+03 1.37403652e+04 3.62766724e+03 2.38813647e+03
 3.65106049e+02 8.70708301e+03 2.46002759e+03 5.51979431e+02
 7.91949402e+02 6.55935596e+03 6.47226746e+02 6.80356885e+03
 1.29769519e+03 2.51974551e+04 3.59430939e+02 4.91012109e+03
 1.76818286e+03 1.03020547e+04 2.34103931e+03 1.64748376e+03
 6.18832666e+03 1.07179199e+04 9.82155334e+02 4.46359336e+04
 8.02821289e+02 1.12178516e+03 1.09592615e+03 2.08319016e+02
 8.11123291e+02 5.06386108e+01 1.07082422e+03 3.02388184e+02
 1.13447705e+03 1.08712080e+04 7.27756445e+03 3.06194355e+04
 3.36017334e+02 1.98942031e+04 2.88885693e+03 3.43433569e+03
 2.29804443e+03 1.06632483e+03 8.40679749e+02 8.93769958e+02
 2.07778467e+03 1.32490732e+04 8.30974304e+02 1.35244031e+03
 4.54768127e+02 2.24326318e+03 8.25560913e+02 3.15455347e+03
 4.27895117e+00 2.96890930e+02 1.22736755e+03 1.96172910e+04
 2.92611694e+02 3.49271436e+03 6.79618994e+03 1.42544019e+03
 5.49260803e+02 8.97120117e+03 2.64473364e+03 7.38185120e+02
 3.31336182e+03 2.17974438e+03 1.11508408e+04 2.49516582e+04
 1.37376733e+03 1.45683948e+03 1.92661340e+03 2.45653198e+03
 2.74442358e+03 1.04137489e+02 3.77205103e+03 1.35368835e+03
 3.38151733e+03 6.24517700e+02 2.49229736e+03 4.82434845e+01
 1.36290947e+04 6.99682312e+02 5.46541113e+03 3.30926641e+04
 1.00815273e+04 2.67572949e+03 1.76213145e+04 1.10894580e+04
 3.26899414e+02 1.49067795e+02 8.90333984e+02 7.27078223e+03
 2.16639209e+03 1.66567539e+04 1.87004730e+02 5.53526733e+02
 2.20686572e+03 1.87541797e+03 5.51747681e+02 2.64330615e+03
 2.53345239e+03 4.93096387e+03 1.67197314e+03 2.66355859e+04
 5.73408496e+03 6.85294495e+02 7.15864258e+01 8.93859558e+02
 3.91544019e+03 3.89009796e+02 5.47160693e+03 1.62560586e+04
 3.21184497e+03 9.89686230e+03 1.70343713e+03 2.93319183e+02
 5.79395654e+03 3.08570923e+03 8.91314160e+03 2.37861230e+03
 9.85854199e+03 7.53037109e+01 6.98761658e+02 1.28908264e+03
 1.26664766e+04 1.17408765e+03 6.29117148e+04 1.16501367e+03
 1.99685498e+03 6.18085205e+02 2.02760124e+01 1.30779199e+03
 2.32175049e+03 2.43070703e+03 8.79245996e+03 1.68120483e+03
 3.61914093e+02 2.10453394e+03 1.03373887e+04 8.83730087e+01
 3.38186206e+03 2.09469653e+03 8.40385193e+02 3.99682568e+03
 1.48995483e+02 2.80366650e+03 6.00725830e+03 1.41126819e+03
 1.94267598e+04 4.94603164e+04 1.62341919e+03 1.49052856e+02
 3.41523071e+02 2.52223644e+01 3.81301440e+03 3.86061646e+03
 1.24999648e+04 3.31918604e+03 4.49916650e+03 8.26799438e+02
 3.48438550e+03 2.93446350e+02 4.73864600e+03 9.23487793e+02
 4.93959320e+02 5.59666321e+02 3.50909180e+02 1.56309172e+05
 3.01034497e+03 2.52989648e+03 5.98331494e+03 1.78810120e+03
 8.28510352e+03 4.19547305e+04 4.42223047e+03 2.44192188e+03
 2.48087509e+02 2.10270312e+03 4.12195587e+01 7.64200098e+03
 7.82725195e+03 3.16579987e+02 3.23419482e+03 4.75630493e+02
 2.97096211e+04 2.23511108e+02 1.11853975e+04 8.58277148e+03
 1.08362793e+03 4.57218359e+03 2.84658252e+03 3.36799243e+03
 6.02254578e+02 8.37281250e+04 2.86698120e+03 2.02300625e+04
 9.70642578e+02 4.15576660e+03 4.33806689e+03 1.89366846e+03
 4.89774072e+03 6.72879395e+02 3.64906934e+03 3.15289040e+01
 2.92497852e+04 8.51481152e+03 4.12377969e+04 4.11944771e+01
 1.06182014e+02 9.74527039e+02 1.62081213e+03 4.01786035e+03
 3.89103546e+02 3.32515356e+03 2.44494141e+03 2.19495508e+04
 1.83631555e+03 8.03335022e+02 2.27178770e+04 1.15622656e+04
 1.23336318e+04 9.98037598e+03 1.39975420e+04 1.58659031e+05
 1.41560400e+03 1.88768823e+03 2.11397290e+03 4.26418408e+03
 2.07122330e+02 1.17829010e+02 5.22914502e+03 4.29262744e+03
 1.00399707e+03 1.78938855e+03 6.12136094e+04 1.10958276e+03
 7.80062451e+03 6.03984009e+02 3.12314392e+02 1.08788733e+03
 6.52303223e+02 8.89125391e+03 5.10739014e+03 2.89339966e+03
 2.40651904e+03 1.43134567e+02 9.29643945e+03 1.04697207e+04
 3.61463940e+03 4.35375969e+05 3.20276294e+03 6.96657969e+04
 1.74947034e+03 5.90197388e+02 9.27477966e+02 3.91275244e+03
 1.58099805e+04 3.88261749e+02 2.08920679e+03 2.15903931e+03
 3.73854346e+03 6.79452266e+04 7.76995312e+03 1.67353535e+04
 1.98810547e+03 4.30766064e+03 3.61073975e+03 1.58271179e+03
 2.55572090e+04 2.55791284e+03 2.91971348e+04 3.07841602e+03
 6.53149268e+03 1.36948115e+04 3.19612122e+02 5.16382263e+02
 8.70329285e+01 1.54547839e+03 1.72161072e+03 8.91468164e+03
 4.59151993e+01 1.67749902e+03 5.11817480e+03 2.44947534e+03
 5.62525757e+02 2.09700073e+03 3.16218701e+03 3.24508081e+03
 2.83605981e+03 5.34234070e+02 6.95647400e+02 1.64531348e+03
 3.07972344e+04 1.32722180e+03 3.63688354e+03 1.26660711e+05
 3.72435010e+03 4.32201123e+03 1.59550671e+03 4.71365967e+03
 9.81338867e+03 4.93575195e+03 3.01018286e+03 4.66069122e+02
 2.47712573e+03 1.56960840e+04 9.70854919e+02 1.83347302e+03
 7.64380234e+04 7.73975625e+04 1.14509875e+03 4.62437103e+02
 1.14888055e+05 7.87863525e+03 5.10429639e+03 5.90432031e+03
 7.23762031e+04 1.27074455e+02 6.11841797e+03 1.83186934e+04
 1.65257266e+04 1.39272891e+04 1.78649890e+00 4.45743103e+02
 5.49405615e+03 3.07324365e+03 3.40519453e+04 3.97330444e+03
 1.62478857e+03 8.56607971e+02 2.79691016e+03 2.00089767e+02
 2.68317700e+03 2.52234229e+03 4.10783789e+03 9.95526062e+02
 2.32084473e+03 1.66798425e+03 6.73830017e+02 3.39880493e+03
 1.32273145e+03 7.62434863e+03 4.22899048e+02 1.37506475e+04
 3.47256641e+03 1.73317832e+04 4.32652527e+02 5.78407654e+02
 6.95948145e+03 2.98855957e+04 1.10689685e+03 4.66616455e+02
 6.04740875e+05 4.70828766e+02 4.93663721e+03 7.54348047e+03
 4.74245996e+03 1.92152502e+03 1.57814883e+04 1.71507852e+04
 1.95193310e+01 2.99736597e+03 7.39203955e+03 4.66813281e+03
 3.86811914e+03 1.35865576e+03 1.64125085e+03 5.43801807e+03
 1.21308936e+03 8.15625830e+03 9.04195679e+02 1.41857800e+03
 1.17466699e+04 1.19039746e+03 1.17412976e+03 1.10227207e+04
 3.60374072e+03 3.67016133e+04 3.37832202e+03 1.24839989e+02
 2.24544189e+03 1.74154980e+04 4.28290466e+02 2.88029614e+03
 2.75346289e+03 1.39271591e+02 6.66657861e+03 4.27996045e+03
 3.45240308e+03 2.22339287e+01 2.81922437e+03 2.38158184e+04
 4.35263232e+03 1.81773560e+03 1.64200635e+03 4.66144219e+05
 8.44542480e+02 6.61343652e+03 6.18415186e+03 2.77992432e+03
 1.74857617e+03 6.43071924e+03 2.74740605e+04 9.80135071e+02
 1.58290747e+03 2.63973999e+03 2.34976791e+02 2.31211609e+02
 1.40798350e+04 3.46331299e+02 4.77694238e+03 1.15952893e+03
 1.45350537e+03 5.29242109e+04 5.28720752e+03 6.47995020e+03
 1.80635510e+03 1.35983716e+03 1.03640686e+02 8.25025293e+03
 1.67791431e+03 2.12745117e+03 1.81900232e+03 1.84124939e+03
 8.54770996e+02 1.79825623e+02 1.08451973e+04 3.76298981e+02
 8.44702942e+02 4.14345654e+03 7.60351746e+02 6.88477588e+03
 1.32540527e+02 2.88757031e+03 1.29611035e+03 1.00104590e+04
 2.46968604e+03 1.56787744e+03 2.44916465e+04 2.18815460e+01
 2.61429688e+03 5.88972773e+04 3.75787315e+01 1.04727124e+03
 2.26315403e+01 7.08731006e+03 4.59804346e+03 1.22385266e+03
 2.39971054e+02 3.07328522e+02 9.08881897e+02 1.83203186e+03
 5.04694397e+02 1.00269550e+03 1.31601843e+03 6.70797412e+03
 2.75948022e+03 2.90112946e+02 1.38131274e+03 1.04870010e+04
 6.13056523e+04 7.58708618e+02 5.16783838e+03 1.91976819e+03
 4.44316193e+02 9.63305938e+04 5.36162598e+02 8.65341736e+02
 6.42712219e+02 4.67584259e+02 1.41675500e+03 4.81446973e+03
 2.05744409e+03 2.72889404e+03 3.66716577e+03 7.04115677e+01
 3.11570532e+03 3.67546240e+03 6.78288513e+02 6.47543579e+02
 9.90503809e+03 1.97339233e+02 1.05470471e+03 3.08642480e+03
 3.04586700e+02 1.20988992e+05 1.70184387e+02 1.45829333e+03
 1.13107262e+02 3.67301216e+01 4.71457910e+03 5.97982666e+02
 3.49509727e+04 2.98488257e+03 3.07371826e+03 1.74022369e+02
 1.52248889e+03 4.96786562e+04 9.94375854e+02 3.40870312e+03
 1.39196948e+03 1.77503357e+03 1.05719261e+02 1.55269653e+03
 1.12542051e+04 9.73613184e+03 1.62266431e+03 6.28140918e+03
 2.58681335e+02 5.62229370e+02 1.07510109e+02 3.90423789e+04
 1.85683655e+03 5.26998047e+02 3.69801367e+03 2.77884863e+03
 1.04216699e+04 1.09308633e+04 1.07053601e+03 1.53102832e+04
 2.46297974e+03 2.11492871e+03 1.36010029e+04 5.54732788e+02
 3.71218125e+04 4.32261627e+02 3.88083179e+03 5.65173711e+04
 5.98409473e+03 9.49440430e+03 7.26221497e+02 7.86494482e+03
 7.98598938e+02 6.05672852e+02 4.12788232e+03 6.40353516e+02
 2.81201489e+03 3.11119580e+03 7.99720703e+03 9.94730664e+03
 3.60249976e+03 1.95252063e+03 1.01987754e+04 1.04822485e+03
 1.62080020e+04 4.74753076e+03 3.27192140e+00 1.15521240e+03
 1.25672559e+04 3.43050262e+02 1.77830115e+03 4.90617279e+02
 6.85297803e+03 3.44642148e+04 6.34844360e+02 4.70214502e+03
 1.64316230e+04 1.12968809e+04 2.96669824e+03 5.04833398e+03
 1.22771309e+04 3.31465977e+04 4.90906934e+03 4.64472168e+03
 3.68987770e+01 1.28131677e+03 5.34703174e+03 1.39118884e+03
 1.32241982e+04 1.99837871e+04 4.13998145e+03 7.56480225e+02
 3.31562012e+03 2.62908398e+03 2.32760757e+02 8.62338135e+02
 3.40492676e+03 1.80570361e+03 2.74808057e+03 6.81085449e+02
 3.16588459e+01 1.25246167e+03 2.51800586e+03 4.39884717e+03
 4.37682568e+03 1.05142168e+04 2.20988281e+03 2.29315598e+02
 5.61790062e+05 6.27373314e+01 1.90128833e+03 2.35085059e+03
 4.71302917e+02 2.21760791e+03 1.22804333e+03 8.69686096e+02
 1.15544824e+03 1.49621692e+03 6.37538770e+03 1.59283154e+03
 2.12455261e+02 1.26665264e+04 1.03640752e+04 4.84034943e+02
 2.30610132e+03 2.41605605e+04 6.25690381e+03 3.28743958e+02
 1.20069434e+03 1.56576904e+03 2.53774683e+03 3.85225464e+03
 8.46695703e+03 1.90633164e+04 2.52158633e+04 2.74570831e+02
 8.82259094e+02 1.02223359e+04 8.62498535e+03 7.48203672e+04
 2.63407349e+02 3.99780054e+03 3.58738062e+03 8.91247754e+03
 3.69982397e+03 2.20328217e+02 4.00697803e+03 1.66686816e+03
 8.22323242e+03 3.74593239e+01 6.61314880e+02 3.50950806e+03
 2.37726807e+03 2.77782471e+03 1.58269934e+03 2.10304604e+01
 6.38883740e+03 1.16680896e+03 6.88939087e+02 2.78189648e+03
 3.85392578e+04 1.80203479e+03 2.37556323e+03 2.03806531e+03
 2.03091553e+02 3.88079639e+03 6.79645996e+02 1.22381828e+02
 1.45147888e+03 4.10549164e+02 2.62405493e+03 2.42037231e+03
 5.14506006e+03 1.49804431e+03 6.47264209e+03 1.14434558e+03
 1.49222520e+04 4.99266260e+03 8.06301465e+03 3.29566071e+02
 1.69362070e+04 5.80589783e+02 2.50702808e+03 2.42342456e+03
 1.21151294e+03 1.30471094e+03 2.03705762e+03 2.00252949e+04
 5.44322357e+01 2.40450391e+03 2.34338745e+03 2.10362051e+04
 1.03888281e+04 2.91840283e+03 2.48260425e+03 1.16686426e+03
 1.22678350e+04 4.07788633e+04 3.57398608e+03 2.31388745e+03
 1.19693542e+03 7.17854919e+02 2.75705713e+03 1.95752676e+04
 5.20142285e+03 2.21584610e+02 2.30962329e+03 3.67405347e+03
 5.50216357e+03 1.01540684e+04 4.41364531e+05 6.91887390e+02
 4.46148621e+02 1.90650391e+02 3.35350156e+04 2.64706787e+03
 1.24979385e+04 3.17164722e+03 2.42138184e+03 1.65768030e+03
 7.07408020e+02 2.85922974e+03 1.72413770e+04 6.67547241e+02
 8.52031372e+02 3.84514740e+02 3.52224302e+00 9.93097656e+03
 2.43888574e+03 8.82685742e+03 6.09850928e+03 1.02651562e+03
 2.48960791e+03 2.67483917e+02 3.65432969e+04 1.54548218e+03
 1.34259678e+04 1.56238037e+04 1.31623322e+02 5.45922913e+02
 1.62965424e+02 6.37616882e+02 1.24260303e+03 9.09629822e+02
 8.74907837e+01 1.17525476e+03 3.62814648e+03 5.43265869e+02
 1.59731970e+03 1.07296875e+04 1.51056709e+04 4.79463501e+02
 8.91317932e+02 1.58725875e+05 2.55009521e+03 4.40773047e+03
 1.28445471e+03 1.15527832e+03 2.74019688e+04 4.18833447e+03
 3.84751050e+03 7.15436630e+01 1.52245205e+04 1.60724150e+04
 5.73636328e+04 1.50025110e+03 4.70194688e+04 6.08680322e+03
 3.24917700e+03 2.05563013e+03 4.05814917e+03 3.91182764e+03
 5.25813560e+01 1.69129336e+04 1.38026748e+04 4.03386719e+04
 3.15910840e+04 1.05980017e+03 1.78218909e+03 1.59323828e+03
 1.53696802e+03 7.85424927e+02 1.93475918e+04 4.55256133e+04
 7.17158203e+03 7.53901443e+01 1.93947637e+04 3.73061475e+03
 1.27885723e+04 2.41436211e+04 2.07860498e+03 1.20822207e+04
 4.45100403e+02 5.21090508e+01 3.99630591e+03 6.23937207e+03
 1.51704517e+03 3.54376758e+03 4.24125537e+03 1.02417664e+02
 5.85517725e+03 4.52501648e+02 9.75423730e+03 1.16146008e+03
 3.90892041e+03 9.51908020e+02 8.73515137e+02 8.48459219e+04
 1.62536646e+03 1.14029199e+03 2.63689850e+02 5.65429565e+02
 1.36352979e+03 2.41523438e+03 1.21992031e+04 3.55048022e+03
 5.06859863e+03 1.06207070e+04 3.82862695e+03 3.65202466e+03
 1.95732383e+04 9.90975000e+03 4.20594189e+03 2.41794897e+03
 3.56846406e+04 1.58536250e+04 2.05628984e+04 1.97138586e+03
 6.14008423e+02 4.33191455e+03 3.49872583e+03 1.24074329e+03
 2.91851855e+03 1.31935303e+03 4.13426484e+04 1.17058057e+03
 1.36028918e+03 2.16809375e+03 1.43418701e+03 3.28145337e+03
 1.34153137e+03 4.60350146e+03 1.83158459e+03 6.64601123e+03
 2.19845551e+02 1.95110413e+03 1.67793494e+03 4.92735205e+03
 1.12008574e+04 3.52602271e+03 9.06022500e+04 1.19737842e+03
 8.57033828e+04 1.64177649e+03 7.71449463e+03 1.43622083e+03
 4.73669629e+03 5.21042023e+01 8.43486206e+02 9.97456131e+01
 8.25167770e+01 2.03158887e+03 9.82637988e+03 2.74577344e+04
 1.08536602e+04 1.27973656e+02 2.23451279e+02 1.37779541e+03
 2.02374924e+02 9.00538635e+02 2.79065454e+03 2.45082031e+04
 3.39504852e+02 1.67375488e+03 5.94633118e+02 3.18369141e+03
 8.92554395e+03 7.07752930e+02 6.76808008e+03 1.17493494e+03
 2.44589990e+03 1.16894277e+04 9.66054321e+02 9.74778652e+00
 7.28695898e+03 4.47793115e+03 5.09334259e+02 3.84473608e+03
 9.75649597e+02 1.32878369e+04 1.87310254e+03 1.41959717e+04
 1.15274768e+03 1.13673413e+03 1.11417305e+04 2.82427930e+03
 1.50839124e+03 6.32202393e+02 1.57975754e+02 1.63582138e+02
 1.22253943e+03 6.23316040e+02 2.05706934e+04 2.96008270e+02
 1.92937305e+04 7.59493604e+03 5.21891747e+01 9.32368103e+02
 8.22012207e+02 4.38235992e+02 8.31173633e+03 7.52386523e+03
 4.94900586e+03 1.75733932e+02 6.47318213e+03 5.00178312e+05
 7.76572937e+02 2.87987988e+03 6.50869690e+02 9.02137207e+03
 1.31616919e+03 1.10610559e+03 6.08048828e+03 4.21450462e+01
 1.60860254e+03 2.10265894e+03 5.84691553e+03 2.14502207e+04
 2.69681274e+03 1.01670082e+02 4.85662402e+03 2.84634912e+03
 3.13948730e+02 8.20258203e+03 1.08681459e+01 2.61682446e+03
 1.77429272e+03 1.60086504e+04 4.79212256e+03 2.53660254e+03
 1.30442789e+05 5.24674268e+03 1.74798828e+04 1.21017236e+03
 2.97884570e+03 8.37477264e+01 1.18089630e+02 1.96728578e+05
 3.48303955e+03 2.20582373e+03 7.79063525e+03 9.84481738e+03
 1.81365601e+03 3.37048492e+02 2.96020264e+03 7.40009570e+03
 4.58910408e+01 6.62230273e+03 4.22194775e+03 2.69997168e+04
 1.01452667e+03 4.56430389e+02 1.87304895e+03 3.09049292e+03]
11528.996
604740.9
