[3.23987598e+04 6.22180901e+01 5.09105453e+01 6.70123169e+02
 9.64086548e+02 2.32787914e+01 8.90914185e+02 8.24160254e+03
 5.80628174e+02 2.03326501e+03 4.49464935e+02 1.14228894e+03
 5.49191055e+04 1.65408647e+00 2.50554776e+00 3.40888031e+02
 3.14515186e+03 3.22132812e+02 2.92729645e+02 1.26427492e+05
 8.33279785e+03 6.69280005e+00 1.38093575e+06 1.40655801e+04
 2.33256787e+03 1.84901812e+05 2.25087129e+04 6.54746948e+02
 6.02388229e+01 4.39010449e+03 1.81756484e+04 7.07055786e+02
 4.95948296e+01 1.21184853e+02 6.91128203e+04 3.36858887e+03
 2.99021436e+03 4.00394836e+02 1.21077614e+02 4.46947021e+01
 2.98560620e+03 4.52237207e+03 4.11737091e+02 1.29628381e+03
 1.17782520e+04 7.29764941e+03 1.76667618e+02 9.70737457e+01
 5.76983740e+03 8.29436768e+02 6.04100800e+01 1.22269238e+03
 7.08572388e+01 6.46406982e+03 8.10577148e+02 6.12725732e+03
 2.39179276e+02 4.02808086e+04 5.22160034e+02 1.31927963e+02
 1.54112529e+04 4.95244019e+02 1.63131338e+04 5.03955727e+01
 9.46632843e+01 3.13400938e+04 1.75627747e+03 7.98759155e+01
 3.42745630e+03 8.22662422e+04 1.65319061e+01 2.55754837e+02
 1.26673555e+00 2.40403101e+03 3.10743256e+01 8.98563385e+01
 5.59042529e+03 1.66323425e+02 7.32476883e+01 1.53556828e+05
 1.99584631e+03 3.43603058e+02 4.34117035e+02 2.44424820e+02
 5.39171582e+03 3.12773132e+01 7.11489648e+03 1.25024353e+02
 1.23337545e+01 9.60045703e+03 1.64140293e+04 1.31493094e+05
 5.12643623e+01 9.97481812e+02 3.81514917e+03 3.23440155e+02
 6.21407324e+03 1.22525693e+04 7.50533020e+02 3.19003845e+02
 4.59479645e+02 7.42979309e+02 5.73352588e+03 2.41094897e+03
 7.21949219e+02 3.25380524e+02 3.55563354e+02 1.02406380e+02
 1.15913246e+02 7.60383606e+01 2.54906763e+03 9.49271875e+03
 7.02200012e+01 2.84691895e+02 6.55247998e+03 7.91102552e+00
 5.37577629e+00 3.83213398e+04 2.69428223e+02 7.19130249e+01
 6.95213013e+02 9.03192810e+02 2.09823848e+04 3.45994453e+04
 1.35069260e+02 2.63941078e+01 1.60406152e+03 2.04624237e+02
 2.56058545e+03 3.53517065e+03 2.08515479e+03 2.22313461e+01
 2.90165088e+03 1.00403076e+02 2.13493115e+03 6.71356445e+02
 2.78480527e+04 1.06068115e+02 1.67961559e+01 4.31566086e+01
 1.59417679e+02 1.36983848e+04 3.77930450e+02 8.96032715e+02
 1.10261846e+04 2.36530876e+01 5.09622559e+02 1.00004193e+03
 3.41167822e+03 7.66863525e+03 4.16261721e+00 1.33490247e+03
 4.51561546e+00 5.50340843e+01 1.17386108e+02 1.28175995e+02
 1.04733627e+02 4.25859805e+04 9.96152527e+02 3.94308936e+03
 1.93439941e+04 1.97595310e+01 1.09557487e+02 9.82792282e+00
 4.67734558e+02 3.93858673e+02 4.92108643e+03 1.88743134e+01
 1.43014084e+02 1.14030725e+03 7.82824554e+01 7.39276611e+02
 1.65995010e+02 2.45831494e+03 1.24165749e+02 2.18135352e+03
 5.32588916e+03 4.51731018e+02 2.50549164e+02 7.78188203e+04
 1.86805923e+02 4.43098564e+01 4.21993213e+03 2.62532910e+04
 6.06802856e+02 1.54817780e+02 3.75270042e+01 6.55953516e+03
 2.50929492e+03 9.27471484e+03 6.32985779e+02 4.85731049e+01
 6.26328491e+02 5.98173730e+03 2.38459644e+03 2.93991623e+01
 5.35730078e+04 1.81260109e+01 1.03402063e+03 8.95336075e+01
 2.40595386e+03 9.78468323e+02 3.03999817e+02 1.00294287e+03
 4.75559717e+03 1.71890063e+03 3.62163568e+00 5.05068018e+03
 5.47319946e+02 8.11686420e+00 1.81428696e+02 2.13613184e+03
 5.06721875e+03 8.87428613e+03 3.42352875e+02 2.52566185e+01
 1.08151199e+02 1.22663994e+02 6.33279480e+02 1.18009338e+03
 1.88557690e+03 2.66505493e+03 2.00577576e+03 5.03830762e+03
 2.90992889e+02 3.68277661e+03 5.89980530e+02 8.21267033e+00
 9.63561646e+02 9.20435645e+03 5.92459393e+00 2.85759830e+01
 1.76464221e+03 2.45852242e+01 3.95847809e+02 5.64209473e+02
 1.25585498e+04 4.92545471e+01 1.05083264e+03 4.39326706e+01
 9.34815979e+01 5.40318527e+01 5.44830391e+04 3.70910858e+02
 4.03309814e+03 1.41930039e+04 2.37497894e+02 6.18232584e+00
 6.41885107e+03 3.52920068e+03 6.77775192e+01 1.96810938e+04
 4.23384743e+01 1.81366913e+02 3.70461035e+03 3.96993530e+02
 9.11834030e+01 7.02678585e+00 2.63867462e+02 4.58891983e+01
 1.07298320e+04 8.59328418e+03 5.07528320e+04 6.28620239e+02
 3.65488625e+01 1.44982324e+03 2.27236915e+00 3.53476906e+01
 7.82635803e+02 1.03160781e+04 1.96850643e+01 1.46458887e+03
 7.25033264e+01 1.72449731e+03 1.14758472e+03 6.33334961e+01
 5.34561475e+03 2.44558242e+04 7.24932098e+01 2.12544812e+05
 6.53152637e+03 2.37115410e+04 2.55596021e+03 1.10735542e+02
 1.56395626e+01 5.14308008e+03 6.31289062e+03 5.14270081e+02
 1.09733295e+01 4.64163672e+03 1.40202832e+04 7.99257812e+02
 2.32498901e+03 6.78592758e+01 1.00972557e+02 1.32518875e+02
 2.13312347e+02 1.82017715e+04 5.41644470e+02 3.66440674e+02
 4.17351227e+02 6.25172691e+01 1.35233673e+02 7.26778992e+02
 2.70127051e+04 1.83930820e+04 2.45204048e+01 5.99092930e+04
 6.69874939e+02 2.23809525e+02 4.42762833e+01 2.90417843e+01
 3.53292578e+04 1.64353745e+02 2.83814624e+03 4.02223950e+03
 7.03250885e+01 8.65405396e+02 3.59470398e+02 1.41033667e+03
 5.04135059e+03 1.32144871e+01 4.70943237e+02 6.31518433e+02
 9.05942078e+02 5.70180957e+03 5.99060430e+04 7.46294250e+01
 1.38740322e+04 1.62613632e+02 2.93294096e+00 1.27793837e+01
 1.45535004e+02 9.15503159e+01 3.80902832e+02 1.22431323e+03
 6.53049255e+02 4.23099632e+01 2.30026074e+03 1.48822678e+02
 1.00510139e+01 4.34140039e+03 4.57134863e+03 1.00551641e+04
 5.54999809e+01 2.00563431e+02 1.23230322e+03 2.59498608e+03
 1.67519141e+03 7.80676889e+00 4.53490906e+02 3.25756543e+03
 1.29013748e+02 2.61622101e+02 1.97508118e+02 1.16769814e+04
 1.79067461e+04 3.63969040e+01 4.80794482e+03 1.00788018e+04
 8.30262695e+03 7.21248193e+03 1.11772864e+03 1.59681549e+02
 1.52088025e+03 7.17732422e+04 1.31049225e+02 5.63322449e+01
 5.49938232e+03 2.76057422e+03 2.41705017e+02 7.34723096e+03
 4.37962000e+05 5.12357254e+01 1.94089523e+02 1.73479541e+03
 4.13224414e+04 5.27668701e+02 5.52201172e+02 9.39653809e+02
 4.10156555e+02 4.35682770e+02 1.12982031e+05 2.09797119e+02
 2.64989209e+00 2.50577988e+02 3.74202515e+02 5.37658447e+02
 8.82542871e+03 3.22636963e+02 4.64261139e+02 3.76953674e+02
 5.91495628e+01 3.43344238e+02 5.06969452e+01 1.35483096e+04
 8.53211136e+01 2.58137451e+03 1.41862335e+02 1.84290393e+03
 1.03626819e+03 2.52760147e+02 1.51112089e+01 1.94111694e+02
 1.04959496e+02 1.73271362e+03 1.01816376e+03 1.44633850e+02
 1.61364688e+06 2.46802261e+02 3.01002869e+02 1.32065027e+03
 1.26529131e+04 1.00550476e+02 2.24761841e+03 2.06544121e+04
 7.36582875e-01 5.00827576e+02 8.99125586e+03 5.58747978e+01
 7.84806934e+03 5.08189893e+03 9.36788712e+01 1.33275671e+03
 8.18566132e+01 1.38966968e+03 3.43453717e+00 7.25120010e+01
 1.82108414e+02 4.32239746e+03 1.93497742e+02 2.57409332e+02
 1.48514969e+02 2.93189575e+03 1.03530609e+02 6.87250427e+02
 1.51722717e+02 1.23743823e+03 3.20418816e+01 1.43675430e+02
 1.69720367e+02 5.39232979e+01 6.82235107e+03 1.26789014e+03
 1.72869370e+02 3.84539719e+01 5.52349182e+02 1.40298740e+04
 2.28232178e+02 1.20483124e+02 7.59972900e+02 2.81653344e+05
 7.23346802e+02 5.54007141e+02 3.64809357e+02 1.11321320e+02
 4.64393654e+01 5.38878320e+03 1.81356934e+04 6.68143768e+01
 2.13956955e+02 1.60823853e+03 1.32255890e+02 1.92480354e+01
 2.80589492e+04 9.61082764e+01 3.88971265e+03 4.65556122e+02
 3.40397247e+02 4.06511230e+03 3.58385315e+01 2.64857006e+01
 3.96053394e+03 2.40129074e+02 2.64834576e+01 5.82588037e+03
 1.68713409e+02 2.84733496e+03 1.20298889e+02 1.45639849e+01
 3.13086743e+03 1.36926865e+04 9.10605240e+01 2.37943745e+01
 1.36367538e+02 8.80875168e+01 1.12825060e+00 7.79580938e+04
 3.46514320e+01 1.01600853e+02 1.74014908e+02 4.65023438e+02
 4.06286545e+01 8.69218750e+03 8.89702988e+01 6.12284851e+02
 7.95848938e+02 4.10383447e+03 2.08739059e+02 2.81667297e+02
 1.15748886e+02 1.31586074e+04 3.43749023e+02 1.30831024e+02
 6.08100014e+01 2.25275220e+03 2.77286316e+02 8.90815918e+03
 3.25481323e+03 1.05590981e+02 7.93149796e+01 3.21911560e+02
 6.74776382e+01 2.28693506e+03 5.07279877e+02 8.49771347e+01
 3.61646515e+02 2.92051538e+03 2.68149961e+04 1.50670792e+02
 9.64451294e+01 4.73015898e+04 1.62500015e+02 8.23374786e+01
 2.94120636e+02 9.03777161e+01 1.97038391e+02 1.20454180e+04
 3.88050098e+03 5.90264587e+01 6.75865841e+00 1.15154675e+03
 5.93856659e+01 8.49396289e+03 3.28868317e+02 2.40926392e+03
 4.40581562e+04 2.79660282e+01 2.21898514e+02 2.76346405e+02
 3.18369604e+03 2.15736609e+05 5.96042061e+01 2.48701416e+02
 2.00628448e+02 2.84373741e+01 1.35092484e+02 1.88355789e+01
 8.16521191e+03 1.49954176e+01 4.73154373e+01 3.23926048e+01
 6.07274208e+01 9.89710312e+04 9.31253738e+01 6.76860428e+01
 1.61740295e+03 7.85201263e+01 9.17003155e+00 9.38909485e+02
 1.08668140e+03 2.30388321e+02 6.04279556e+01 2.80894226e+02
 1.16874475e+03 4.66685449e+03 3.17866394e+02 4.56129961e+04
 5.68389502e+03 8.36568848e+02 1.29948257e+02 7.68905869e+01
 1.23075609e+05 9.39626562e+03 6.26151733e+02 3.63584824e+01
 1.76256042e+02 2.10996323e+02 4.68565765e+02 1.76334419e+01
 8.50099609e+04 4.63936133e+03 1.83058711e+04 7.82014160e+03
 8.46377637e+03 1.38733281e+05 1.56112595e+02 2.93852417e+03
 3.68442307e+01 3.19466980e+02 7.28987915e+02 2.18780319e+02
 3.90304657e+02 1.01738291e+04 1.39501129e+02 1.07301855e+04
 9.36016907e+02 3.64193420e+01 1.03182578e+04 2.15407935e+03
 1.25681152e+03 3.36048071e+03 7.63235229e+02 1.41570425e+01
 1.94971973e+04 4.08956375e+01 1.15769707e+02 9.25813904e+02
 2.82135645e+04 1.31794961e+04 5.07509346e+01 2.26499341e+03
 6.26985107e+02 3.07246155e+02 1.64837012e+03 3.71280615e+03
 2.74043896e+03 4.03079620e+02 1.69318835e+03 1.37717275e+04
 8.25436096e+01 1.19720879e+04 9.69519806e+01 8.80749939e+02
 3.95979523e+02 1.92621016e+04 4.08865448e+02 8.49425842e+02
 4.11409187e+01 3.45788818e+02 7.18571436e+03 7.81187073e+02
 1.73750443e+02 5.84656348e+03 2.01355188e+03 1.52782288e+03
 8.77301270e+03 5.42540222e+02 6.13018379e+01 1.02729297e+03
 4.63915100e+02 4.50306122e+02 2.20193634e+02 1.36251236e+02
 1.15007744e+04 1.07028125e+04 1.20670225e+04 5.81640564e+02
 2.65939140e+01 1.17389854e+02 4.23710175e+01 7.72101898e+01
 6.00549902e+03 3.52854385e+01 4.58889343e+02 3.55221484e+03
 6.48595410e+03 2.63088457e+04 2.35842381e+01 1.98805701e+03
 3.14767065e+03 4.71199336e+04 9.14952942e+02 1.19974566e+01
 1.47390030e+02 3.64422705e+03 1.97002808e+02 1.51414722e+03
 1.53449005e+02 1.28263687e+02 4.14318726e+02 2.00239307e+03
 1.01475792e+02 1.05830000e+04 2.11950000e+04 8.18694885e+02
 1.50064560e+02 7.11100235e+01 1.02066602e+04 1.19907605e+03
 2.70860864e+03 1.99889011e+01 1.05751289e+02 4.42614166e+02
 6.58565796e+02 5.10392090e+03 3.43266182e+01 2.81303394e+03
 1.57761993e+02 8.41347363e+03 5.50250781e+03 2.71065826e+02
 7.23580170e+01 5.85033936e+03 6.40889130e+01 3.84244461e+01
 2.13103887e+04 1.57735950e+03 1.66752289e+02 1.53743591e+02
 4.55703760e+03 8.33058624e+01 1.02133118e+02 3.46692238e+01
 1.04939453e+02 3.28866302e+02 2.81226330e+01 1.48904709e+02
 1.60253922e+02 4.07862701e+01 7.00245728e+02 9.44777603e+01
 3.37016754e+02 1.10463586e+03 5.46785950e+02 3.32721797e+04
 1.15517906e+02 5.50905304e+01 5.85569336e+02 1.19542953e+02
 6.95403467e+03 3.52561035e+01 5.89805984e+01 2.00443823e+03
 5.47552490e+02 6.66473828e+03 1.13428672e+04 8.45949219e+04
 3.18661777e+04 3.23018494e+01 2.94369590e+04 2.36366562e+02
 1.04237354e+03 1.56644501e+02 2.00344902e+04 4.25409619e+03
 3.61589165e+01 1.62996960e+01 2.14440898e+04 1.06440898e+04
 2.19575366e+03 2.51756039e+01 3.71678070e+02 5.12068481e+02
 9.74774316e+03 1.99097107e+02 4.67175844e+05 1.81475840e+04
 5.56129272e+02 1.98652916e+01 2.69523086e+04 1.71434412e+03
 1.26464233e+02 8.27611542e+01 2.17078442e+03 1.26952893e+03
 1.36571140e+01 1.14168251e+02 1.86634448e+03 6.82702408e+01
 6.08684375e+03 1.39162540e+01 2.61062042e+02 1.34536340e+03
 8.34599614e-01 1.41665930e+03 3.25029175e+02 1.08853574e+04
 1.03292866e+01 8.05862695e+03 1.24786247e+02 7.89103088e+02
 9.85733984e+04 5.94596497e+02 3.21772656e+03 6.06900749e+01
 1.81619186e+02 2.77940674e+03 5.99100281e+02 1.39174530e+02
 1.90815784e+03 3.49266937e+02 1.94590879e+04 1.02076248e+02
 2.14554834e+03 2.45159937e+03 5.18955078e+04 3.92561798e+01
 2.29003638e+03 1.48963721e+03 6.26187439e+01 9.06775977e+03
 4.02094189e+03 2.42874405e+02 5.47722206e+01 3.14523926e+02
 8.37510910e+01 1.60003040e+03 8.53197327e+02 3.00091367e+04
 1.23829370e+03 6.73928760e+03 1.04781328e+04 6.23014844e+03
 8.04711523e+03 2.24566437e+02 8.71778613e+03 7.93361359e+01
 5.43451309e+00 1.29557166e+03 5.71328430e+01 1.06233664e+05
 1.72405286e+03 7.80558899e+02 8.94091992e+03 7.50894775e+01
 4.23579979e+01 8.43846588e+01 3.76848169e+03 4.29562207e+03
 4.67751074e+03 2.39220093e+03 2.57666089e+03 3.02991962e+01
 1.29020886e+03 1.58851191e+04 6.49982605e+01 8.78445984e+02
 2.76033916e+01 2.73963280e+01 1.03761856e+02 1.91193268e+02
 7.17120312e+03 1.16722893e+02 6.92128220e+01 6.07282776e+02
 1.44920691e+03 9.94645691e+01 6.21462585e+02 9.72083069e+02
 2.13459072e+01 1.92128271e+03 1.79196915e+02 8.09042297e+02
 4.63577843e+01 8.28223450e+02 5.00937004e+01 4.28061600e+01
 6.74019394e+01 1.26233374e+03 2.21603789e+04 2.10866241e+02
 3.38687958e+02 4.32598267e+02 1.39772783e+04 1.75146362e+02
 1.74615051e+02 2.68997559e+04 1.21400742e+02 2.88735294e+01
 1.24584836e+05 6.67109192e+02 5.06136250e+04 4.49886597e+02
 9.85680237e+01 7.20560498e+03 5.81402832e+02 3.04688770e+03
 1.26368721e+04 1.26975975e+02 1.20659387e+03 2.80494385e+03
 4.65594824e+03 1.91482506e+01 2.69186920e+02 6.17057190e+01
 2.11108179e+03 3.14479199e+03 5.99838104e+01 1.30809561e+04
 5.56028137e+01 3.83182096e+00 8.08544250e+02 8.45250684e+03
 7.06758606e+02 1.65405655e+01 4.31184766e+04 4.85867889e+02
 3.89837134e+03 3.73596985e+02 7.22499365e+03 7.23151627e+01
 4.78732812e+03 8.74696777e+02 8.89343948e+01 2.08112686e+02
 2.63975449e+01 1.61526928e+01 5.60612671e+02 1.87222598e+04
 1.98660938e+04 4.71216011e+01 9.86088486e+01 1.81692886e+02
 1.79262085e+01 7.04047974e+02 2.49628372e+02 1.83811877e+03
 3.39652920e+00 9.79400391e+02 1.27464441e+03 3.36148755e+03
 5.10002960e+02 2.76345435e+03 2.84595947e+02 1.83902054e+02
 4.69670361e+03 5.81318750e+03 1.37207458e+02 3.33168144e+01
 3.73086562e+04 1.94067322e+02 1.03012207e+04 2.48891919e+03
 5.94600754e+01 2.45069453e+04 4.55902481e+01 1.51363047e+05
 3.05231812e+02 8.51178284e+01 6.10640137e+02 3.57812683e+02
 1.30696289e+03 2.02333374e+01 1.13701357e+04 2.48094921e+01
 1.41242542e+03 5.71206779e+01 4.81979485e+01 2.99569189e+03
 6.09906055e+04 2.74514185e+03 1.34944321e+02 2.56052246e+02
 5.91472244e+01 5.40258484e+02 4.64981232e+02 4.84640274e+01
 1.43140405e+03 1.09726025e+03 2.85437592e+02 5.44939438e+05
 5.09732895e+01 2.08065948e+02 3.52339935e+01 5.69350195e+04
 5.09867973e+01 3.73108292e+01 3.38164703e+02 4.80665674e+03
 5.51311989e+01 3.43217697e+01 2.71462341e+02 1.93983711e+04
 2.85584045e+02 1.58650761e+01 4.62275049e+03 1.02399651e+02
 5.54327031e+04 7.89213928e+02 3.21672020e+01 3.24719604e+02
 1.96356003e+02 3.93555664e+02 2.00938416e+03 6.89170312e+03
 7.75855225e+03 8.59279297e+03 8.32473083e+02 4.96328239e+01
 6.63710251e+01 6.36581802e+01 1.16793083e+02 8.23450488e+03
 5.31041260e+02 8.91182312e+02 3.07169944e-01 5.53588806e+02
 1.37558447e+03 1.05850845e+02 9.98394141e+03 9.13666138e+02
 9.77917862e+00 1.44989365e+02 1.63344922e+04 1.09281433e+03
 6.14930481e+02 8.31633728e+02 2.56962948e+01 1.01385615e+04]
11074.142
1613646.9
