[7.35234680e+02 2.44361832e+02 5.55582861e+03 3.52491968e+03
 1.45545007e+03 3.98770630e+03 2.63238306e+03 1.30188281e+04
 3.76955859e+04 9.22547974e+02 4.11585400e+03 4.98592285e+03
 6.31725195e+03 5.98251404e+02 5.55331848e+02 5.16768164e+03
 1.79972375e+03 9.97401276e+01 1.19067334e+04 9.93139941e+03
 8.58022168e+03 1.65803772e+03 4.28234000e+05 1.05463242e+04
 1.13067944e+03 5.44348906e+04 3.33869019e+03 7.61398828e+03
 1.82342847e+03 5.76747314e+02 6.82204590e+03 8.60275488e+03
 4.41925635e+03 4.92374847e+02 7.84740869e+03 1.48303979e+03
 7.49209473e+02 1.29406067e+02 1.62104639e+03 7.51522522e+02
 3.12384062e+04 1.62377236e+04 1.43497302e+03 2.03571106e+03
 3.74764697e+03 4.43686670e+03 1.33578101e+03 5.38532181e+01
 9.29194641e+02 5.68761562e+04 2.32784698e+02 3.06843359e+03
 2.39640686e+02 1.56450645e+04 3.31320557e+03 1.43985083e+03
 1.01817256e+04 1.82382461e+04 5.91647461e+03 5.06470886e+02
 1.33487915e+03 1.09529717e+04 1.53396704e+03 1.12316833e+02
 7.23490906e+02 8.08217480e+03 1.50261505e+02 6.24300842e+02
 4.89531326e+01 2.20346426e+04 4.85597382e+02 1.37379187e+03
 8.13488998e+01 4.71563721e+03 1.32935974e+03 7.06038574e+02
 2.17091846e+03 6.83725732e+03 1.94774683e+03 2.97742480e+04
 1.65902451e+02 2.40888696e+03 4.62748505e+02 9.80539978e+02
 3.23902441e+03 3.74418610e+02 1.32220471e+03 7.56729126e+01
 1.07684229e+03 1.80502173e+03 6.94740524e+01 5.74653164e+04
 5.58711487e+02 1.31147559e+04 7.70934531e+04 3.22684619e+03
 1.62750208e+03 1.35931873e+03 9.13921973e+03 3.80248680e+01
 2.77582153e+03 2.21437378e+03 8.02908569e+02 1.50160681e+03
 2.78890918e+03 6.09857568e+03 1.70816125e+03 9.02947998e+02
 2.74427563e+03 4.90194458e+02 2.48608963e+02 3.47808228e+02
 5.09965393e+02 2.65101929e+02 5.13738428e+03 1.03193066e+03
 1.37540442e+03 5.46721777e+03 6.69696631e+03 1.90238098e+02
 6.93194287e+03 7.01454346e+03 7.71611084e+03 2.00638086e+03
 2.55008130e+03 1.13226697e+03 3.17246185e+02 2.46638031e+02
 9.93329010e+01 1.78628137e+03 1.39726147e+03 8.45326050e+02
 8.05890503e+02 4.79137695e+02 2.91304150e+03 9.89542236e+02
 3.48942334e+03 1.52788586e+03 2.32176001e+03 1.30737701e+02
 4.40338440e+02 1.75659297e+04 2.64303003e+03 2.45174536e+03
 1.18498906e+04 5.88995789e+02 1.23548729e+02 2.26593384e+03
 6.07979553e+02 1.37370605e+04 6.16185646e+01 4.74503564e+03
 2.44685132e+03 9.11789612e+02 1.38054712e+03 2.70157440e+02
 1.29035535e+03 5.42531201e+03 5.57076233e+02 1.66115410e+04
 1.53679824e+04 2.08489334e+02 3.13723114e+02 8.79476624e+01
 1.11443574e+04 2.69171802e+03 1.56159348e+02 6.37841370e+02
 1.10630347e+03 5.88262012e+03 9.84241272e+02 3.28417432e+03
 1.98739185e+03 4.13622217e+03 2.22368188e+03 2.43399750e+02
 1.85046460e+03 1.17432236e+02 2.18279831e+02 1.69505742e+04
 4.72610645e+03 6.72433899e+02 1.16182977e+05 1.37735879e+04
 5.29757843e+01 4.36388245e+01 4.85390625e+02 6.16653259e+02
 2.07505762e+03 1.53057175e+02 5.77293994e+03 1.08956799e+03
 3.18357880e+02 1.97695898e+03 7.40858008e+03 6.56656456e+00
 1.26667324e+04 6.07354797e+02 4.92259827e+02 5.70952832e+03
 1.14045410e+03 3.98063208e+03 7.97379541e+03 4.78640869e+02
 1.12946820e+05 4.45211680e+04 1.95132654e+03 6.16134473e+03
 9.07407166e+02 7.95112732e+02 1.26352954e+03 2.51076978e+03
 3.51239453e+03 3.42293384e+03 3.23225049e+03 1.17006738e+03
 4.07997339e+03 9.78041321e+02 2.17276001e+03 1.80480859e+03
 9.26829987e+01 1.44791296e+03 2.86415698e+03 2.61854805e+04
 4.03888969e+01 4.91438965e+03 1.47336941e+01 7.43903870e+02
 4.14497772e+02 2.10591260e+03 1.60220520e+03 1.35274933e+02
 1.89715912e+02 1.25936426e+03 1.05758545e+03 4.08846606e+03
 5.86973076e+01 1.28340927e+02 3.70544360e+03 7.09348450e+02
 1.26621162e+04 1.55866348e+02 1.20507141e+03 1.31866074e+04
 2.02829785e+03 1.26274707e+03 1.69292090e+03 3.95629150e+03
 4.55011864e+01 4.17218438e+04 2.25879631e+01 1.08540491e+03
 1.81700781e+03 2.36986938e+03 1.79239905e+03 2.22523657e+03
 4.69516748e+03 1.37282666e+03 2.22572461e+03 3.00317310e+03
 3.77315430e+04 2.05548071e+03 1.44114121e+04 1.62445572e+02
 3.23600677e+02 1.11244400e+02 1.72050598e+03 9.18367578e+03
 2.07532129e+03 9.22268433e+02 2.07078445e+02 2.21515762e+04
 3.43095520e+02 5.09261768e+03 1.33836377e+04 1.47202185e+03
 3.34813403e+03 4.42484955e+02 6.21561707e+02 6.19719648e+04
 6.42496887e+02 2.27012344e+04 4.40067261e+02 1.53497290e+03
 3.64340790e+02 9.01675476e+02 2.69850769e+02 1.10621855e+04
 8.95728016e+00 9.75605176e+03 2.86212656e+04 8.77162964e+02
 9.84779297e+03 9.96753662e+02 1.13504089e+03 1.43690601e+03
 3.79919189e+03 4.91131299e+03 6.94881982e+03 3.95504944e+02
 3.73406592e+03 1.38752182e+02 2.14544766e+04 1.36003525e+04
 5.22530029e+03 1.96812578e+05 1.36185120e+02 5.35232852e+04
 7.13908081e+02 2.45802100e+03 5.07524902e+02 9.14652710e+01
 2.63891968e+03 9.37251587e+02 6.11667213e+01 2.32002808e+03
 3.36311597e+03 4.82495068e+03 5.48649597e+02 2.08126221e+03
 2.77942847e+03 3.52331982e+03 1.86197876e+03 1.31015361e+04
 4.20931738e+03 6.82777405e+00 1.71783891e+05 2.57837476e+03
 1.87418125e+04 1.86558154e+03 1.27321167e+03 3.56047516e+01
 6.94534378e+01 2.80119171e+01 1.72141113e+02 9.25339355e+03
 5.92469864e+01 5.44563416e+02 3.60002759e+03 2.46020044e+03
 2.45898315e+03 2.59655737e+03 3.16249194e+03 1.03787769e+03
 1.35678711e+03 5.72611618e+01 2.47474487e+02 2.03307678e+03
 5.08752979e+03 1.84853653e+02 1.42026624e+03 7.66212031e+04
 1.14516151e+02 1.38563594e+04 4.69218658e+02 2.13184814e+03
 6.19651489e+02 1.49300574e+03 1.94064746e+03 6.11227637e+03
 1.17444238e+04 6.33844727e+03 1.35615547e+04 2.01719861e+03
 4.56848594e+04 2.33539609e+05 6.52615845e+02 2.43372070e+03
 1.80392090e+04 6.04740967e+03 1.12335127e+04 6.30354919e+02
 3.51974414e+04 2.39409814e+03 9.25750046e+01 8.43839844e+03
 3.50899570e+04 1.09865364e+02 3.97564453e+02 6.58432373e+02
 2.90105029e+03 2.30420914e+02 4.01091055e+04 7.24237793e+02
 2.02143054e+03 4.03147754e+03 8.16877808e+02 2.98614478e+03
 7.54931738e+03 6.00753809e+03 1.86326758e+04 6.71078003e+02
 1.41082532e+03 5.80669922e+03 4.54560089e+02 5.75704736e+03
 2.85088208e+03 1.17603398e+04 3.35338950e+00 3.20752402e+04
 1.52163666e+02 2.89122876e+03 1.07817053e+03 9.68740051e+02
 3.23650215e+04 5.05891943e+03 2.67240391e+01 3.74270654e+03
 3.99310562e+05 1.74132874e+02 4.48814278e+01 4.22335742e+03
 8.53882715e+03 3.47727734e+03 1.28005957e+04 3.84686084e+03
 1.34798303e+03 8.95948438e+03 4.98407910e+03 2.00236694e+03
 1.47357349e+03 1.14450769e+03 1.53966016e+03 1.03862197e+04
 1.56647217e+03 2.92731250e+03 4.83576660e+03 7.80574646e+02
 1.83016934e+04 5.12250537e+03 1.26998730e+03 2.28346533e+03
 3.73962354e+03 2.34459473e+04 1.23577563e+03 2.34671494e+02
 1.47590723e+03 1.05641296e+03 1.19425464e+03 2.94796411e+03
 8.02404150e+03 1.79703333e+03 7.53907861e+03 4.87165820e+03
 4.49224823e+02 7.51298706e+02 3.18619476e+02 8.80088965e+03
 2.85977588e+03 1.32115686e+03 5.55564331e+02 6.36529727e+04
 5.33075684e+02 6.32934277e+03 1.80083516e+04 2.34636304e+03
 4.15208054e+00 4.72332520e+03 1.65363945e+04 1.65081451e+02
 3.64975250e+02 2.32550195e+03 1.80030716e+02 3.42446930e+02
 1.96235986e+03 1.06008965e+02 3.08277246e+03 3.88182220e+02
 1.94143860e+03 8.41331875e+04 4.17848730e+03 1.36844373e+03
 1.76246735e+02 4.59181836e+03 1.63837280e+02 1.37376777e+04
 1.34109937e+03 1.41401099e+03 1.93787048e+03 2.06203079e+02
 2.45372192e+03 2.47727184e+01 2.81713409e+02 2.16202612e+03
 5.48518188e+02 4.31454346e+03 1.75358246e+02 7.07164014e+03
 2.56628998e+02 7.53774170e+02 2.45879468e+03 3.24181128e+03
 4.76730309e+01 1.28060205e+03 2.99466455e+03 5.34140381e+02
 1.59378632e+02 4.25880977e+04 1.18370740e+03 2.01701868e+03
 5.26724182e+02 2.05793237e+03 7.80431747e+01 6.45582642e+02
 3.81074219e+02 1.62718555e+03 3.43647156e+02 3.20536230e+03
 1.50909363e+03 7.11996582e+02 5.50521606e+02 2.66939545e+02
 1.07951477e+02 9.46296814e+02 7.39530078e+03 8.93381055e+03
 1.00073418e+04 1.54187109e+03 1.31875098e+03 1.18675317e+03
 7.11773010e+02 8.65177578e+04 9.34704468e+02 5.16227246e+03
 2.59134570e+03 2.59788666e+02 5.70209122e+01 4.52154541e+03
 3.80463562e+02 1.96409058e+02 2.72642944e+02 4.33518158e+02
 6.51667847e+02 1.50732605e+03 1.06937427e+03 2.08827930e+03
 2.12472144e+03 1.58963892e+03 3.21067090e+03 1.17773108e+03
 3.65028003e+03 9.45535391e+04 2.86050873e+02 2.45702469e+02
 1.51028015e+02 1.00675110e+03 4.86637842e+03 3.78008209e+02
 1.55640381e+03 7.09516113e+02 2.11243066e+03 4.31968536e+02
 6.95925951e+00 6.83624922e+04 3.98002991e+02 3.77123047e+03
 4.27653613e+03 2.53793793e+02 3.44886871e+02 1.57704620e+02
 1.47905225e+03 3.00165649e+03 1.75300378e+03 1.14064929e+03
 2.51325439e+02 8.35217224e+02 1.66142163e+03 4.03110586e+04
 3.18434631e+02 5.59089111e+02 4.19701050e+02 2.86748535e+02
 8.96817031e+04 1.03579922e+04 3.03232739e+03 1.15222471e+04
 5.64646423e+02 3.06171143e+02 2.23460879e+04 1.19675507e+02
 4.78955352e+04 4.88036728e+01 3.33719055e+02 2.83993604e+03
 8.96508105e+03 5.27542617e+04 1.24264967e+00 3.53817871e+03
 3.29067358e+03 7.28894577e+01 1.62987490e+04 1.84929810e+03
 2.67244141e+03 1.78904602e+03 4.98715186e+03 8.56749695e+02
 1.84164032e+02 9.14858246e+01 4.76671484e+03 3.36671112e+02
 4.53736035e+03 1.04570771e+04 1.40784393e+02 7.86036011e+02
 5.71451465e+03 3.25628235e+02 1.83292969e+02 1.69725754e+02
 2.09906079e+03 6.28871338e+03 7.05662476e+02 3.06164819e+03
 6.63319153e+02 3.30409863e+03 2.13881787e+03 9.63085938e+03
 2.64601636e+03 1.19051196e+03 3.80265918e+03 9.02746277e+02
 3.59608246e+02 8.66361008e+01 1.95478088e+03 5.11502533e+02
 2.01660690e+02 2.27485645e+03 6.52206299e+02 4.94426422e+02
 1.72755847e+03 3.66551544e+02 3.17185278e+03 9.65387512e+02
 3.04798755e+03 3.51065771e+03 8.49629883e+02 1.42150378e+03
 1.55273767e+03 7.27968597e+01 6.34582812e+03 1.15278672e+04
 1.61354639e+03 8.46953711e+03 1.24289221e+03 7.42793961e+01
 6.78986062e+05 1.96478149e+03 1.29536591e+01 2.70569067e+03
 5.91285156e+02 1.21319263e+03 7.08275391e+02 9.68663940e+02
 6.46509827e+02 4.10011841e+02 9.99521545e+02 3.00360748e+02
 8.75275208e+02 1.56442080e+04 3.18063354e+03 5.50118774e+02
 1.63291479e+03 2.27334551e+04 1.01492793e+04 9.99118652e+01
 1.36485876e+03 1.00902184e+02 1.95686560e+03 9.91974182e+02
 1.89350754e+02 3.41477852e+04 2.53582305e+04 1.69660742e+03
 1.74346924e+01 2.36042090e+03 1.12876137e+02 1.60678584e+04
 6.40015335e+01 2.10390625e+03 3.81658276e+03 4.00344653e+03
 9.13689117e+01 2.88982201e+01 1.82637061e+03 5.26124939e+02
 3.85919775e+03 5.74672852e+02 1.00059128e+02 9.30864355e+03
 5.13990051e+02 3.17048340e+03 2.41183569e+03 9.98461731e+02
 3.72144165e+03 2.23826074e+03 9.67575531e+01 1.13786530e+02
 8.42507617e+03 7.62456970e+02 1.41596448e+03 1.78703479e+03
 6.91111755e+01 1.85461230e+03 6.33915949e+00 1.02187280e+03
 1.96962463e+03 2.44844702e+03 1.17474594e+02 6.30629272e+02
 9.30194885e+02 3.34781921e+02 1.12915254e+04 1.68582043e+03
 1.59179570e+04 1.74321426e+04 2.76112549e+02 3.67289219e+04
 1.80689355e+04 4.57777191e+02 5.55697632e+01 1.66576184e+03
 5.55318896e+03 1.06570007e+03 1.31345551e+02 1.65654004e+04
 1.15849060e+03 1.15329065e+03 1.27379697e+04 8.61762031e+04
 1.29801355e+03 4.57557520e+03 3.06704285e+02 1.54460168e+03
 6.11117090e+03 1.26131699e+04 8.79498926e+03 6.42026611e+02
 5.16932007e+02 1.54127243e+02 1.45753126e+01 5.44009570e+03
 1.10426416e+03 4.72814301e+02 6.16499268e+02 8.83398376e+02
 1.16255342e+04 1.73059863e+03 4.87225156e+04 1.17708704e+03
 1.26282178e+03 2.04685841e+01 3.31123462e+03 2.46718002e+02
 1.46406226e+03 2.79036530e+02 2.28557785e+02 3.11797600e+01
 1.52447586e+02 2.45185059e+03 3.18398086e+04 3.49187317e+02
 1.61525330e+02 5.07962341e+02 1.45188004e+02 6.55932129e+02
 6.35636047e+02 3.20369568e+02 1.28008179e+02 1.23475574e+03
 2.07058472e+03 8.67713867e+02 3.09431421e+03 1.23407305e+04
 2.13479531e+04 3.81399841e+02 1.31661963e+03 9.36258621e+01
 7.28709534e+02 1.71889807e+03 1.35187976e+03 1.96496643e+03
 3.05302441e+03 3.38635803e+02 3.99027300e+00 1.66611206e+03
 2.87308081e+03 2.39337695e+04 1.79646914e+04 7.77878296e+02
 1.64640759e+03 2.63179707e+04 3.74826241e+01 8.36224219e+03
 1.82610181e+03 1.61553682e+04 9.35569141e+03 1.93817224e+03
 7.37330994e+02 3.06009857e+02 3.37120044e+03 9.28750977e+03
 1.34369297e+04 2.33804932e+03 8.69893555e+03 4.03022607e+03
 1.10541901e+02 4.55991211e+03 1.09762686e+04 1.39215988e+02
 5.18761292e+02 2.46636230e+04 1.12000537e+03 4.65816162e+03
 1.57235576e+04 9.77929016e+02 4.52664893e+03 1.78590845e+03
 1.17314697e+03 2.52055374e+02 1.38568877e+04 2.27035156e+03
 7.03547803e+03 1.28348840e+03 1.75019531e+04 2.97135162e+02
 7.31549658e+03 1.16237537e+03 6.77340454e+02 2.12191309e+04
 4.51961487e+02 9.03139801e+01 1.92268066e+03 7.97497998e+03
 3.56643799e+02 9.61172668e+02 8.13313049e+02 2.93508820e+02
 1.51561895e+04 1.66562775e+02 1.22390747e+03 7.29674805e+02
 1.73210217e+03 4.83803192e+02 5.94767639e+02 5.07586602e+04
 1.91257935e+02 1.42995044e+03 1.73679797e+03 2.57096832e+02
 2.23314606e+02 4.59915161e+02 5.78434229e+03 5.71306836e+03
 1.21487793e+03 1.98345825e+02 4.58865381e+03 4.64473086e+04
 5.68227344e+03 2.18783008e+03 2.05603735e+03 2.59706543e+02
 4.93513164e+04 7.60514453e+03 2.38740723e+03 6.12064062e+03
 1.16060461e+03 6.47518799e+03 3.03663605e+02 1.61586609e+02
 1.51509727e+04 1.11896582e+03 2.39094092e+03 7.06850830e+02
 1.64109590e+04 8.97359314e+02 1.12475464e+03 1.97110413e+02
 1.18443408e+03 3.86343201e+02 1.84922607e+02 2.50297070e+03
 4.02339264e+02 2.04402100e+03 9.81597672e+01 1.93356116e+03
 1.87467188e+04 2.88295135e+02 9.72219375e+04 2.00121113e+04
 9.26131797e+04 3.53984790e+03 1.87171936e+03 1.50367371e+02
 1.44255661e+02 8.47702560e+01 1.01502655e+03 7.04848206e+02
 1.80996857e+02 5.38481812e+02 1.98128882e+03 9.70624316e+03
 6.83229919e+02 4.76118286e+02 4.23093323e+02 3.39874611e+01
 1.47037949e+02 2.06321201e+01 2.55103149e+03 5.23384883e+04
 1.55978442e+03 4.46092432e+03 1.07490991e+03 1.27196069e+03
 1.58903821e+03 2.34358911e+03 6.22995996e+03 5.57850977e+03
 2.27630493e+03 1.36831475e+04 1.68247772e+02 3.15007660e+02
 6.91250244e+03 5.20205371e+03 1.77644922e+04 1.26824133e+03
 7.69911682e+02 4.10654932e+03 4.45081726e+02 2.28221504e+04
 1.82825525e+03 6.35770410e+03 3.30856421e+03 1.38981128e+03
 3.85950928e+01 9.01613007e+01 9.89527441e+03 6.99944580e+02
 1.55710115e+01 6.53473267e+02 3.76106842e+02 1.21615326e+02
 1.93604609e+04 1.11871536e+02 5.37757935e+02 2.13151147e+03
 2.54745579e+01 1.16882251e+03 4.02795593e+02 1.02354285e+03
 4.13856934e+03 1.16255623e+02 8.83291602e+03 3.77744219e+05
 5.64309424e+03 5.95806348e+03 4.98319672e+02 4.97453633e+04
 9.27587952e+02 9.45758118e+02 5.45563232e+03 2.13188797e+02
 9.87485229e+02 2.28438187e+01 3.73375146e+03 8.95910645e+03
 3.70783105e+03 6.60575989e+02 5.57411719e+03 2.97031006e+03
 1.48722197e+04 2.09368057e+02 1.00022162e+03 6.95146484e+02
 2.18028305e+02 1.07182776e+03 3.33226685e+03 2.57703809e+03
 5.71885000e+04 5.49366699e+02 2.30234351e+03 1.26590637e+03
 1.46730432e+03 3.44483495e+00 3.49313696e+03 2.69592219e+05
 2.11309399e+03 3.97510693e+03 5.46272034e+02 2.29127490e+03
 8.40264453e+03 3.73699927e+03 6.97506055e+03 8.32603613e+03
 8.53158722e+01 8.12788940e+02 1.39946963e+04 8.25493457e+03
 3.51145233e+02 1.91406006e+02 1.93092139e+03 1.84232874e+03]
8430.564
678986.06
