[2.05129961e+04 1.91001617e+02 1.80326636e+03 2.89687286e+02
 3.41482025e+02 1.60686264e+02 9.15592224e+02 1.97753821e+03
 1.72817871e+03 1.96644684e+02 1.32050766e+02 2.54765259e+03
 1.21152283e+03 3.09196960e+02 1.44553802e+02 2.37701817e+01
 4.43546875e+03 7.51054810e+02 2.99655762e+03 6.47254766e+04
 4.34846954e+02 3.24953804e+01 1.96843945e+04 2.15669287e+03
 1.43806046e+02 2.73146948e+03 1.48050891e+05 2.89065674e+02
 3.19115967e+03 4.62176941e+02 7.06631787e+03 1.08945715e+03
 1.69100867e+03 2.03280823e+03 1.15458545e+03 7.25040088e+03
 8.11821045e+02 4.14258453e+02 1.03045898e+03 7.98708115e+01
 1.17271494e+04 1.20383857e+04 2.78972137e+02 7.43583862e+02
 4.38096045e+03 2.07290482e+02 1.22940039e+03 3.10891815e+02
 6.81191284e+02 1.86359167e+03 9.90148697e+01 2.49556714e+03
 1.20369067e+03 4.32109424e+03 1.75364304e+02 1.80801888e+01
 4.10631073e+02 4.68893860e+02 3.96391144e+02 2.58751587e+02
 1.36961914e+03 3.91214081e+02 4.62031593e+01 5.37220306e+01
 4.84615997e+02 9.33517090e+02 1.34519226e+02 4.87262543e+02
 4.79718079e+02 4.30419189e+03 3.86221199e+01 4.65762177e+01
 7.28186569e+01 1.49554367e+02 7.93626175e+01 1.74219824e+04
 1.00020938e+04 3.95227547e+01 4.27455841e+02 1.40205641e+05
 7.05160904e+01 3.42692078e+02 1.11564919e+02 3.41268120e+01
 5.90716650e+03 1.15561762e+01 7.42391418e+02 1.45559387e+02
 6.88517151e+02 1.30742996e+02 8.59291138e+02 2.53980499e+02
 1.54662964e+02 1.84329712e+02 2.26249883e+04 5.37646387e+03
 5.42488574e+03 1.45463730e+02 6.18545761e+01 3.68111014e+00
 1.68079956e+03 4.82887238e+02 3.00676331e+02 1.47675797e+02
 2.58776550e+02 4.35396875e+03 2.83688660e+02 2.97573071e+01
 1.04940056e+02 2.07154331e+01 5.72753357e+02 9.37895447e+02
 8.88527679e+01 3.65145508e+02 1.52183691e+03 2.95770728e+03
 1.52816133e+01 4.32335114e+02 4.57853149e+02 5.70234375e+02
 1.03853168e+01 4.09670044e+02 4.71267731e+02 1.61605701e+03
 2.05418457e+02 2.51033539e+02 1.11641113e+02 4.86033020e+02
 6.76428284e+02 2.24851212e+02 1.48156647e+02 1.49393494e+02
 4.29129761e+02 1.28733780e+02 1.00398480e+03 4.72507858e+01
 6.21573975e+02 8.44702209e+02 2.27986987e+03 9.51599731e+02
 8.67832336e+01 7.63023804e+02 5.39976074e+02 1.39538330e+03
 4.37565002e+02 3.14211502e+01 4.68842354e+01 1.60425354e+03
 8.73801636e+02 7.23017395e+02 2.30118362e+02 5.89941284e+02
 2.22802441e+03 5.18899193e+01 2.25297684e+02 1.13045219e+02
 1.15580780e+02 1.95474072e+03 5.64439697e+02 4.11025469e+04
 8.91621387e+03 1.94991394e+02 2.19601212e+02 2.87776123e+02
 2.05760452e+02 3.40979614e+02 8.36098709e+01 6.52952588e+03
 5.81431348e+03 3.46746094e+02 1.14615166e+02 3.39051422e+02
 4.26699219e+02 1.00161200e+03 2.05980698e+02 2.45195114e+02
 8.42422949e+03 1.81431084e+01 4.19997292e+01 1.67018750e+04
 1.05883911e+03 1.38737228e+02 5.58112539e+04 2.34346045e+03
 8.64589478e+02 2.35785236e+01 6.39398254e+02 8.25727783e+02
 1.95911835e+02 2.72474823e+02 4.32455420e+03 1.03424426e+03
 1.61211075e+02 2.11191299e+02 1.28538633e+04 1.07250891e+01
 2.60765137e+03 5.61856812e+02 1.42324381e+01 1.38003220e+02
 3.68429663e+03 4.08865698e+03 1.43687671e+03 1.64991302e+02
 7.26874297e+04 6.72459619e+03 1.59191742e+01 5.72262061e+03
 3.73603943e+02 3.70572601e+02 2.33056870e+01 7.77572556e+01
 9.21189117e+01 5.50064209e+02 1.13232803e+04 2.17528019e+01
 2.60017700e+02 2.34668472e+02 5.08664368e+02 6.84936584e+02
 2.48215637e+02 2.15488983e+02 1.45163239e+02 9.84404663e+02
 1.39195847e+02 3.87958069e+02 1.24007288e+03 5.58603760e+02
 9.19547668e+02 6.02492920e+03 3.16449833e+01 9.11430588e+01
 2.71144714e+02 1.19265833e+03 8.65426178e+01 2.45058044e+02
 2.78876221e+03 2.34771767e+01 3.86657715e+02 1.23197800e+02
 2.49002871e+04 1.08044043e+03 6.60815137e+03 2.15470947e+03
 5.63390136e-01 1.36086780e+03 2.06415115e+02 2.19670395e+02
 2.97177582e+02 1.55901875e+05 4.95120239e+01 2.43557190e+02
 5.08579498e+02 1.14734306e+02 1.04785681e+03 8.25906677e+02
 1.56239116e+00 3.40143472e-01 1.99206009e+02 2.42615143e+02
 5.26855586e+04 2.12961349e+02 3.18045801e+03 5.40708618e+01
 1.71671867e+00 4.78595848e+01 1.20767200e+03 1.60122180e+03
 1.66813489e+03 2.52260791e+03 1.03748680e+02 2.78356660e+04
 8.67264557e+00 9.42986389e+02 1.16376553e+04 2.89122589e+02
 2.65057397e+03 2.11294800e+03 4.01690521e+02 4.00553906e+04
 1.61009567e+02 6.93828809e+03 1.27235863e+02 2.73048935e+01
 4.04660511e+00 6.46396606e+02 2.03946167e+02 4.69190576e+03
 1.67436920e+02 4.31011523e+03 1.25864781e+05 2.86641388e+01
 1.34760371e+04 2.12444824e+02 2.16816193e+02 6.24598267e+02
 1.38463074e+03 1.53872269e+02 1.05652324e+04 1.92056217e+01
 4.72280859e+03 2.43547268e+01 7.02596497e+02 3.13507690e+02
 2.51122412e+03 2.28573008e+04 3.45734497e+02 7.86842346e+02
 1.06000282e+02 3.51408325e+02 4.85436935e+01 3.96899872e+02
 3.48446484e+04 1.68262421e+02 2.78546295e+01 3.54415039e+02
 1.32964465e+03 3.54124316e+03 1.91557907e+02 1.06284973e+03
 4.88482246e+01 3.20898096e+03 1.65974365e+02 2.36545380e+02
 2.54203873e+02 2.95546143e+02 1.32664859e+05 1.22135658e+02
 7.12061340e+02 2.35177710e+03 5.21611710e+01 5.34212402e+02
 2.63349915e+02 5.74480133e+01 6.13608398e+02 2.68102612e+03
 4.81124146e+02 1.34749557e+02 1.60652402e+04 1.89252295e+03
 2.38693497e+02 1.36948425e+02 7.21907166e+02 2.81331128e+03
 6.54697021e+02 1.43576981e+02 5.96124207e+02 1.16884824e+04
 2.32368242e+04 5.22487411e+01 6.33951904e+02 4.72513398e+04
 9.59062271e+01 3.91980469e+03 2.52682300e+03 1.24294946e+03
 6.50952393e+02 5.22738037e+02 4.70480408e+02 6.67390039e+03
 1.27912979e+04 2.33271957e+02 5.29433301e+03 2.73158741e+01
 3.53013306e+01 1.98400762e+04 1.43086658e+03 1.43237903e+03
 2.15796216e+03 5.42969208e+01 1.31554529e+03 1.07683994e+04
 3.18553398e+04 1.37806671e+02 8.11482788e+02 1.03086592e+04
 8.57861953e+04 4.28275116e+02 2.74160213e+01 9.91144714e+02
 3.99594727e+02 1.10216807e+04 3.93905469e+03 3.30455780e+02
 7.12332214e+02 6.50507019e+02 5.72450447e+01 1.27563110e+02
 5.51047974e+02 9.22184277e+03 1.33314043e+04 1.48994627e+01
 3.91232529e+01 7.49985291e+02 3.89263110e+03 3.75490527e+03
 2.19027893e+02 1.37384827e+03 6.36509399e+02 6.22811401e+02
 1.36393204e+02 3.33317780e+02 9.96636200e+01 1.01119727e+03
 1.34449936e+02 1.01142926e+03 9.03942642e+01 1.93964691e+02
 5.42842875e+05 1.01401733e+03 5.21873970e+01 3.83321045e+03
 4.60963837e+02 1.51434677e+02 3.45869688e+04 3.04512695e+03
 1.03529907e+02 9.41238672e+03 1.68649695e+03 5.89786133e+03
 8.19394073e+01 5.66387512e+02 5.21323730e+02 3.85362915e+03
 2.13706245e+01 3.40599121e+03 2.51707840e+00 1.62453278e+02
 4.90611420e+02 7.78926367e+03 1.62482605e+02 1.86706360e+03
 2.07544235e+02 1.66450110e+03 2.03282532e+02 2.53101013e+02
 1.99881580e+03 2.50105225e+02 6.23486145e+02 5.79762598e+03
 2.46579590e+02 4.61385498e+02 4.69367828e+02 1.72252161e+03
 8.16315231e+01 4.39276199e+01 5.58426331e+02 4.02351685e+03
 3.42902435e+02 1.01039668e+04 4.55147522e+02 1.03820811e+04
 8.89528847e+00 1.54294812e+03 1.00788971e+03 1.74319507e+03
 4.40630684e+01 3.88616547e+02 4.40320752e+03 1.62151031e+02
 6.63794824e+03 1.79212540e+02 9.69972458e+01 4.34389420e+01
 1.06153357e+03 8.46653503e+02 3.01578735e+03 2.01665497e+01
 4.08006073e+02 4.19607275e+03 1.46054126e+03 3.56269629e+03
 8.09663696e+01 3.19012305e+03 1.08878044e+02 9.08000854e+02
 4.80491791e+01 2.28732117e+02 1.09766614e+03 8.13722687e+01
 1.79255127e+03 2.46660736e+02 2.03893112e+02 1.81514301e+01
 1.05523511e+03 6.40773193e+02 9.45778351e+01 1.33648486e+04
 4.53513603e+01 2.02229126e+02 2.59384247e+02 3.32325989e+02
 4.28765503e+02 9.69899109e+02 3.67006744e+02 1.62280540e+01
 2.19227979e+03 2.36822021e+03 1.30298438e+03 4.30199982e+02
 7.87036896e+01 1.41133374e+03 1.69957306e+02 8.62108307e+01
 7.12344421e+02 8.22265381e+02 8.44883804e+01 1.75529724e+03
 6.96980103e+02 3.96289864e+01 3.16378601e+02 9.53313828e+01
 1.05197052e+02 2.02306018e+03 4.63945709e+02 8.15782764e+03
 1.61536348e+04 4.72797791e+02 9.25130310e+02 1.51789368e+02
 2.15116382e+03 1.55515938e+04 1.41703992e+03 7.39182556e+02
 6.24137268e+02 2.54187202e+01 7.33500671e+01 2.20289307e+03
 1.52849335e+02 3.24828568e+01 4.00066833e+01 1.70054230e+02
 1.93557022e+02 4.01272156e+02 1.30683304e+02 1.79592361e+02
 9.38267151e+02 2.67920557e+03 4.14406067e+02 1.66449783e+02
 1.10430493e+03 1.10180396e+03 1.02650589e+02 1.57033813e+02
 4.56411629e+01 1.66919342e+02 1.44993447e+04 5.16158020e+02
 4.36039215e+02 1.64095440e+01 7.81709671e+01 2.54191895e+01
 1.59102497e+01 2.25599899e+02 3.04363117e+01 7.82350082e+01
 1.28587769e+02 8.84412537e+01 6.65110092e+01 4.93296661e+01
 3.66447583e+03 1.80753235e+02 2.22553696e+02 3.75061371e+02
 1.34733154e+02 6.90930023e+01 2.73425354e+02 2.86559302e+03
 2.85872754e+03 1.28531555e+02 6.20058044e+02 7.81578064e+02
 7.18031250e+03 7.83078430e+02 5.05557275e+03 1.93455042e+03
 2.78348816e+02 2.83937378e+02 1.36529993e+03 7.24861938e+02
 3.32921094e+04 2.18134277e+02 4.92220001e+02 4.15640228e+02
 1.59420667e+03 6.66127148e+03 9.88236046e+00 1.12701782e+03
 2.03255707e+02 4.52278931e+02 1.10226538e+03 2.45649811e+02
 1.78074121e+03 1.79326697e+03 1.12001978e+03 9.21323181e+02
 5.81625000e+02 5.40034363e+02 3.55226001e+03 1.30903857e+03
 3.66760571e+03 2.51234238e+02 1.96328011e+01 4.67807220e+02
 8.87198059e+02 5.85196899e+02 3.65576233e+02 7.68832458e+02
 3.32551971e+02 5.17612488e+02 3.94783258e+00 1.14143532e+02
 1.63138452e+03 2.18448242e+03 2.43854797e+02 1.19281201e+03
 1.18806445e+03 1.25290332e+03 1.57725156e+04 1.59803601e+03
 2.88917572e+02 2.80348462e+03 3.84855273e+03 1.72039337e+01
 2.97186096e+02 8.13915430e+03 2.04038620e+02 1.80445038e+02
 2.78179817e+01 3.81104401e+02 5.02415466e+02 3.29911880e+01
 1.47521228e+03 6.01697655e+01 2.11542694e+02 1.39333603e+02
 7.37127747e+02 1.03551135e+03 1.02357422e+02 1.34211055e+04
 8.34531921e+02 2.17729034e+02 7.93692932e+02 6.61871185e+01
 1.77744751e+03 1.73162207e+03 8.91279663e+02 9.70490137e+03
 1.18036548e+03 1.22123642e+01 2.42611176e+02 8.96609863e+02
 5.11726514e+03 6.14135071e+02 2.31381470e+02 9.37486328e+02
 3.08267365e+02 4.56381348e+03 5.56770654e+03 2.70610466e+01
 1.00607582e+02 9.94801208e+02 5.00237946e+02 6.48659744e+01
 6.51699524e+01 7.27411133e+02 1.73460129e+02 1.74027115e+02
 6.82914612e+02 6.63306458e+02 7.10711768e+03 1.31147009e+03
 2.39655350e+02 3.97774902e+02 4.94411774e+02 3.08107695e+04
 1.32095627e+02 6.92058105e+01 7.33874695e+02 1.44929883e+03
 3.36354351e+00 3.57358826e+02 1.53482288e+03 6.37696289e+02
 1.41336646e+03 1.18924301e+02 1.01038185e+02 2.25135522e+03
 5.36850830e+02 1.62107397e+03 1.55756445e+03 9.59674744e+02
 9.64945740e+02 1.09796006e+04 5.50316711e+02 2.68691040e+02
 5.98014307e+03 1.94870026e+02 3.04815159e+01 2.08634064e+02
 3.73719421e+02 4.90529114e+02 3.56786957e+01 2.95164337e+02
 2.41718140e+03 7.60072083e+02 1.56041245e+02 1.57207977e+02
 1.15447784e+02 1.18073593e+02 9.41137207e+03 3.70036108e+03
 4.27687439e+02 1.18916748e+03 5.77946106e+02 2.47430332e+04
 5.15655701e+02 1.16135147e+02 2.10528976e+02 9.85549438e+02
 1.61192163e+03 4.49826294e+02 3.17731323e+03 2.01025598e+03
 3.74481630e+00 1.04094116e+02 1.00066172e+04 6.80626270e+03
 7.81180371e+03 4.42841827e+02 2.43436371e+02 2.87265656e+02
 4.44690277e+02 1.67727393e+03 1.36377588e+03 1.40361237e+02
 2.86904724e+02 1.11733627e+02 9.09860420e+00 8.21166406e+03
 6.29300195e+03 4.64862823e+01 2.93536792e+03 1.16289124e+02
 2.66728485e+02 1.50297656e+03 9.77850098e+03 1.91924475e+03
 4.30795288e+01 7.39317627e+02 5.08828827e+02 1.55158707e+02
 1.09842476e+02 6.37721367e+01 1.15074570e+02 3.06760376e+02
 1.59824554e+02 1.22053337e+02 1.51052322e+02 3.99526062e+02
 2.80444849e+03 6.42658234e+00 1.98263718e+02 1.17903906e+03
 4.34889313e+02 1.44180038e+02 2.66099335e+02 1.27567224e+03
 6.77956238e+02 1.58865283e+03 4.44125879e+03 9.77075882e+01
 5.00590637e+02 2.79026611e+03 1.37752478e+03 5.44427261e+01
 5.69566269e+01 4.84662903e+02 3.79004822e+01 7.01766418e+02
 1.51645004e+02 2.07021143e+03 9.85820984e+02 1.07749107e+02
 2.07463943e+02 8.53378754e+01 1.91626709e+02 1.75381271e+02
 2.37631226e+02 1.40701533e+04 1.39776831e+03 3.85643738e+02
 1.69818878e+02 4.12419531e+03 2.94347870e+02 3.82816040e+02
 5.78308411e+02 7.73909607e+01 2.51625464e+03 1.82311152e+04
 9.09432602e+01 5.61629906e+01 2.50746118e+03 3.19562195e+02
 1.27250938e+02 3.75814331e+03 1.11270820e+04 1.74409058e+02
 2.24023438e+03 6.74309265e+02 7.88194702e+02 5.12680391e+04
 2.57706055e+04 7.28858566e+01 2.23419327e+02 1.64048901e+01
 1.46866730e+02 3.08613068e+02 8.91280176e+03 1.48483936e+03
 3.81223053e+02 2.17041870e+03 9.85276465e+03 2.44985992e+02
 2.00746552e+02 8.87608826e+02 4.44895325e+02 1.22767371e+03
 6.55682983e+01 3.40505157e+02 2.23864319e+02 3.22471069e+03
 5.88312134e+02 7.05010681e+02 2.08319409e+03 1.76302597e+02
 8.38322815e+02 2.98883606e+02 2.69682739e+03 1.08340564e+03
 3.28755913e+01 2.57300024e+03 1.03006493e+02 1.33339978e+03
 9.43486786e+01 2.28064307e+03 1.88423413e+03 1.12906128e+02
 7.32211487e+02 2.60390594e+02 1.51188989e+03 3.79686493e+02
 3.40237030e+02 9.00225525e+02 3.83899658e+03 2.24826699e+04
 2.26915576e+03 3.89431953e+04 1.21302803e+02 9.97545166e+01
 1.19161787e+04 3.06337490e+01 8.33483105e+03 3.95074158e+02
 9.72308807e+01 1.16738319e+02 3.75906944e+01 4.42048126e+02
 4.29612427e+01 4.07849854e+02 1.47823184e+04 7.85702438e+01
 2.96905664e+04 2.50776108e+02 2.65989899e+02 2.40745331e+02
 2.53243790e+02 2.48267075e+02 5.44304619e+01 1.37797974e+03
 1.66265594e+02 2.75171722e+02 2.10306030e+03 3.17891754e+02
 3.36781641e+03 1.25135406e+02 4.53638824e+02 7.39927795e+02
 4.53485078e+04 8.64823547e+02 5.73578247e+02 6.92698288e+01
 1.66005981e+03 3.36212524e+02 2.40991968e+03 2.55689133e+02
 2.57000000e+02 1.27724358e+02 3.89260773e+02 8.94857361e+02
 9.71187988e+03 1.27202339e+01 2.00087280e+02 8.17950363e+01
 1.35100632e+01 1.09402519e+02 8.58375732e+02 7.25086060e+01
 3.74684021e+02 4.97776093e+02 5.29499573e+02 2.32052765e+02
 3.74855469e+02 4.02251312e+02 8.27717578e+03 4.42128418e+03
 1.85962433e+02 1.34170929e+02 7.30042725e+01 1.48933382e+01
 7.31333252e+03 1.25678198e+03 2.32130600e+02 1.74843048e+02
 6.77205048e+01 4.55650818e+02 6.91689026e+02 1.87677625e+05
 6.38638672e+02 2.18699048e+03 7.10555481e+02 1.28199133e+03
 6.20295029e+01 6.34619904e+01 5.77195190e+02 1.95089310e+02
 4.53986168e+01 4.93095428e+02 1.28357407e+02 1.78653717e+02
 1.48536316e+02 9.07060862e-01 1.83860199e+02 4.45545898e+03
 1.63973740e+02 1.10923752e+02 9.39886627e+01 6.61313525e+03
 1.25567322e+02 3.35186035e+02 4.64967743e+02 5.26869438e+05
 1.46282446e+03 2.70605507e+01 1.88012070e+02 3.93744336e+04
 5.82749481e+01 4.81658203e+02 7.41183411e+02 3.92617584e+02
 6.65857300e+02 3.92837524e+02 1.86766602e+02 1.69512866e+03
 2.87939178e+02 1.13395740e+03 5.03638062e+02 9.52933228e+02
 2.95944922e+04 3.27765686e+02 1.95758948e+03 2.50181946e+02
 4.87054077e+02 6.79023895e+01 1.89548996e+02 8.40922119e+02
 1.43320117e+03 1.73929004e+03 3.38677551e+02 2.03872910e+02
 1.67361801e+02 8.38931732e+01 6.72897156e+02 3.16735156e+05
 6.65380518e+03 2.32535986e+03 1.41677341e+01 8.59336548e+02
 6.21037903e+02 3.67394867e+02 1.39398880e+02 1.48969897e+03
 3.63806396e+02 2.43834518e+02 1.14145227e+03 3.42717603e+03
 8.39360809e+01 2.72808929e+02 8.20037231e+02 5.85845032e+02]
4804.738
542842.9
