[1.18505994e+03 1.19495979e+02 1.79828705e+02 3.44220367e+02
 1.36569277e+04 4.15342041e+03 6.72084427e+01 1.62994648e+04
 1.50393933e+03 9.94304428e+01 2.69944519e+02 4.99882385e+02
 2.61853564e+03 6.82272873e+01 7.17742310e+01 2.92065234e+03
 4.50507050e+02 1.71184753e+02 6.62276245e+02 3.40800391e+03
 4.30330872e+02 9.33940277e+01 3.61864805e+04 5.79479309e+02
 8.45116272e+01 1.23126016e+04 1.65234219e+05 3.25566742e+02
 1.09639160e+02 1.51376511e+02 5.89429077e+02 3.21398102e+02
 1.39313513e+03 5.19786987e+02 2.34900439e+03 4.97444427e+02
 1.80908905e+02 9.55854874e+01 2.28695267e+02 1.13541206e+02
 3.60287891e+03 3.29760986e+03 6.00364685e+02 5.45797607e+02
 5.47863831e+02 2.87143555e+02 1.46922424e+02 4.80262108e+01
 8.45802856e+02 3.20703418e+03 1.10585258e+02 1.25000793e+02
 1.00513649e+02 4.42734570e+03 6.19096985e+01 1.32527817e+02
 3.24410095e+02 1.89795520e+03 5.27448853e+02 1.01391685e+02
 9.53676270e+02 2.54189667e+02 4.78948242e+02 7.78549652e+01
 1.17726250e+02 4.68236719e+03 1.49782654e+02 8.72796021e+01
 4.68424940e+00 1.09687634e+03 1.86195908e+02 2.77101685e+02
 9.26092377e+01 2.28654404e+02 1.38560867e+02 3.10381738e+03
 5.21152496e+01 2.72915100e+02 1.23575279e+02 8.57047168e+03
 1.25250565e+02 2.36334305e+02 1.15993404e+01 2.17466919e+02
 1.32965967e+03 5.46028671e+01 1.34613358e+02 1.00970640e+01
 9.94161011e+02 3.20091064e+02 3.40208221e+02 4.30906104e+03
 9.19141464e+01 5.35820801e+03 8.36755762e+03 2.35471924e+02
 1.04410632e+03 1.02011926e+03 1.54153662e+03 1.06052017e+02
 1.67189001e+03 3.81650574e+02 4.75154766e+04 2.60698452e+01
 1.02444656e+02 3.64891785e+02 1.66762421e+02 1.83719269e+02
 1.06472984e+02 1.03412109e+02 1.69541367e+02 7.45258240e+02
 1.08032104e+02 3.29744781e+02 1.24206642e+02 1.07706688e+02
 1.34857025e+02 5.51409424e+02 3.98950989e+02 8.79103546e+01
 5.04377393e+03 5.18373901e+02 2.02960742e+03 2.11451587e+03
 3.27802032e+02 1.21341843e+02 7.05937195e+01 1.63994232e+02
 1.11773453e+02 8.61963577e+01 1.23643150e+02 1.36590747e+03
 1.64775391e+02 3.36524139e+02 5.92324280e+02 1.40738190e+02
 8.20432373e+02 1.22757027e+02 2.01020874e+02 3.01186127e+02
 5.37494873e+02 2.99658325e+02 4.55840027e+02 2.07037427e+03
 5.21874878e+02 1.07021492e+02 1.02290863e+02 8.69339600e+02
 6.02479919e+02 3.35794214e+03 1.00557487e+02 3.70450757e+03
 1.44891089e+03 1.73201123e+03 1.18227173e+02 1.47738327e+02
 8.63826904e+01 1.10945586e+04 9.52060699e+01 4.09128438e+04
 8.32829407e+02 6.04449707e+02 1.04211967e+02 1.17479828e+02
 3.74027802e+02 1.59302612e+02 1.70830521e+02 2.20875992e+02
 4.20928802e+01 3.54608490e+02 1.08567139e+02 3.78470642e+02
 2.17645691e+02 1.47767700e+02 1.76070511e+02 2.38897021e+03
 1.62120514e+02 6.82806702e+01 7.10935730e+02 1.99414514e+03
 8.13167358e+02 3.36367531e+01 9.42557227e+03 2.60976367e+03
 1.14969153e+03 1.16768173e+02 1.86166260e+02 3.36559790e+03
 1.36869278e+02 1.94449734e+05 1.19834852e+00 1.11600571e+02
 1.06652290e+02 1.95358719e+02 1.54214197e+03 1.15162498e+02
 1.58212012e+03 2.24228043e+02 6.09278748e+02 5.10594818e+02
 1.05379112e+02 4.33299286e+02 5.70423486e+03 1.70998035e+03
 1.36922861e+04 3.65717603e+03 1.46269562e+02 1.89696594e+02
 1.14314964e+02 1.58095856e+02 1.92090607e+01 1.96476608e+02
 5.44634514e+01 4.25736115e+02 4.35868115e+03 1.12495087e+02
 1.33604263e+02 5.69371414e+01 6.24275574e+02 1.08962791e+02
 1.34605694e+01 7.33196402e+00 1.19431305e+02 1.92221179e+03
 1.14472298e+02 3.34848785e+02 1.20896350e+03 1.98995361e+01
 1.91401382e+02 2.30697656e+03 1.31339859e+02 4.47869965e+02
 1.35619186e+02 9.05685120e+02 1.43045410e+02 3.55971997e+03
 2.21050186e+02 2.64779639e+03 2.52702612e+03 9.00641251e+01
 7.24251282e+02 7.69836121e+01 9.23312866e+02 5.86205933e+02
 8.67479248e+01 7.49467224e+02 3.95195084e+01 1.16271317e+02
 5.59099617e+01 4.48608594e+03 1.00241310e+02 1.20230518e+03
 8.80633850e+01 6.90544968e+01 1.42599762e+02 1.65513474e+02
 1.31242874e+02 1.14626236e+02 2.04283524e+02 1.12902122e+02
 2.15616621e+04 5.69080261e+02 1.50712427e+03 9.21872711e+01
 1.02078720e+02 1.33873062e+02 1.43793152e+02 3.96430298e+02
 5.73546936e+02 1.77448743e+03 8.71473846e+01 1.17142456e+03
 1.15584099e+02 3.17582302e+01 6.27718140e+02 1.95142029e+02
 2.11490479e+03 6.21606787e+03 1.57820206e+02 3.70607373e+03
 9.51148560e+02 3.06464453e+03 2.33537464e+01 1.46498001e+02
 4.68020050e+02 9.78730240e+01 3.01820740e+02 4.59672546e+02
 1.17716026e+02 4.18513306e+02 4.47194922e+03 1.02418701e+02
 2.78694336e+02 1.78953442e+03 1.06851059e+02 1.21913284e+02
 2.46961716e+02 5.38973938e+02 5.27501160e+02 1.00022469e+02
 5.90244629e+02 1.07021278e+02 2.06847827e+03 2.64374731e+03
 8.85130273e+03 4.98228320e+04 1.01942314e+02 1.06210413e+03
 1.50341721e+02 9.84774246e+01 5.53896484e+01 2.71580231e+02
 3.31669165e+03 1.31246002e+02 7.84529190e+01 1.68292969e+02
 2.80994263e+02 1.19025806e+03 1.52918970e+03 8.79180176e+02
 1.57786743e+02 1.59840683e+02 2.40237946e+02 4.67140930e+02
 4.36592432e+03 8.09208679e+02 2.61525635e+03 1.02928314e+02
 1.46335608e+03 1.25810767e+03 8.23907166e+01 1.08732841e+02
 4.88802124e+02 1.44547958e+02 1.51326309e+02 9.13470764e+02
 2.31929962e+02 8.83332138e+01 6.31446915e+01 1.14821289e+02
 1.91430244e+01 1.03645027e+02 5.02742148e+04 3.98182861e+02
 1.58511707e+03 1.11722351e+02 5.52250137e+01 3.28156036e+02
 1.61069849e+03 8.62860107e+01 9.69649414e+02 3.06220972e+03
 3.38459534e+02 3.10310211e+02 4.73649231e+02 4.98743164e+02
 1.35768662e+04 2.55751862e+02 4.80667786e+02 1.89788971e+02
 3.70180267e+02 1.61167130e+02 4.56445274e+01 2.13434143e+02
 9.14537231e+02 3.43771411e+03 9.65586472e+01 8.35767822e+01
 3.13024780e+03 3.82782257e+02 1.24848259e+02 2.10170000e+04
 7.04837266e+04 1.47269116e+03 1.80941528e+02 4.40227686e+03
 3.12599487e+03 3.58035553e+02 1.45284256e+02 5.78567810e+02
 6.00848145e+02 4.72716064e+02 5.36836572e+03 2.18022018e+02
 1.01563492e+02 1.84717493e+03 1.01935905e+02 1.17637097e+03
 3.21670349e+02 7.90632507e+02 9.62953308e+02 1.11312347e+02
 5.09607964e+01 4.21226349e+01 4.50763931e+01 3.52425629e+02
 3.20503632e+02 4.89752197e+03 2.04472260e+02 3.67836328e+04
 4.51168701e+02 3.86513770e+03 8.75617752e+01 7.07897110e+01
 2.32428009e+02 8.32287781e+02 1.63997510e+03 9.25828003e+02
 2.80884043e+04 2.41584946e+02 5.94087463e+02 3.48313940e+03
 7.84216309e+02 2.19865664e+04 1.42162805e+03 2.69535742e+03
 6.71315613e+01 1.77977737e+02 4.20806335e+02 3.08633698e+02
 2.95997290e+03 1.71294220e+02 9.65230560e+00 4.81361938e+02
 1.97685043e+02 1.85107956e+02 1.52354507e+02 2.00220261e+01
 8.07320435e+02 1.36504114e+03 9.56098785e+01 2.39878067e+02
 3.05254028e+02 2.29430215e+04 1.03482117e+02 5.35848236e+01
 9.55305939e+01 1.67961594e+02 1.42152969e+02 1.24626617e+02
 2.53268875e+02 5.25891266e+01 1.54856848e+03 4.50872864e+02
 4.82547684e+01 5.97328644e+01 6.40539932e+01 2.35841650e+03
 3.26482487e+00 2.48913159e+03 1.35841255e+01 1.44543438e+04
 8.00622406e+01 6.92040161e+02 1.20499084e+02 1.24066895e+03
 7.75999207e+02 7.92801208e+02 5.13706299e+03 6.54466476e+01
 1.05073779e+03 7.63933640e+01 8.04097977e+01 7.02375098e+03
 2.58500342e+03 2.50733383e+02 8.02103333e+02 8.04149780e+01
 7.34576645e+01 1.48368604e+04 1.06254797e+03 4.16767487e+02
 1.88148331e+02 5.90087585e+02 5.52287941e+01 7.07299805e+02
 5.39332771e+01 1.15371132e+02 5.49006165e+02 1.67446537e+01
 2.26039825e+02 1.50624023e+03 1.26592026e+02 1.01261559e+02
 1.66318710e+02 5.64834534e+02 6.74966049e+01 4.76563945e+04
 1.12038605e+02 1.24331871e+02 3.75118530e+02 6.76822559e+03
 7.09916611e+01 2.15152435e+02 1.82108704e+02 6.78593903e+01
 2.02968311e+03 2.15203760e+03 1.45442108e+02 4.23033867e+01
 6.53685760e+01 2.47628220e+02 1.02318970e+02 1.22571945e+02
 5.16905136e+01 1.87351578e+02 1.03108429e+02 7.14241602e+03
 1.41491898e+02 1.46245880e+02 9.79033127e+01 5.48942505e+02
 9.25484924e+01 1.90606476e+02 3.18182343e+02 8.23905579e+02
 1.24955920e+03 1.19773499e+02 7.88375312e+05 1.06980286e+03
 1.13093864e+02 5.45706104e+03 1.26082207e+02 1.12953499e+02
 3.42973358e+02 4.39313354e+02 1.16720070e+02 6.65921692e+02
 8.53535461e+01 9.47294769e+01 1.10039261e+02 1.17922249e+02
 9.69487991e+01 6.28869531e+04 7.70039673e+01 8.53186493e+01
 1.78725525e+03 5.26057312e+02 1.37296021e+02 4.04893359e+04
 4.10205536e+02 5.78696387e+03 7.83861542e+01 5.86088196e+02
 1.03640640e+02 1.06419296e+02 2.00495789e+02 1.04701607e+02
 7.82965698e+02 8.65446014e+01 4.65674408e+02 1.10264076e+02
 8.60263867e+03 4.91217090e+03 7.84138870e+01 4.14807159e+02
 6.51382263e+02 1.02306848e+03 8.37979797e+02 1.46796799e+02
 5.95285645e+02 1.10997705e+03 1.10075096e+02 1.99941193e+02
 5.83284277e+03 9.11010315e+02 6.08360672e+01 2.25115059e+04
 9.65047058e+02 9.45886612e+01 3.97731323e+02 1.13395828e+02
 3.50823175e+06 6.56921997e+02 3.32309784e+02 9.95715790e+01
 1.50237610e+02 7.58888611e+02 7.22680603e+02 5.30572395e+01
 2.93846387e+03 2.52409153e+01 1.05547083e+03 5.33026489e+02
 8.22673242e+03 1.24664297e+04 7.08920364e+01 3.76222595e+02
 6.84968042e+00 3.07418671e+02 3.14905060e+02 1.74488785e+02
 4.43595062e+02 3.30337189e+02 3.36674744e+02 9.94920166e+02
 1.27656265e+02 2.52812744e+02 5.03300690e+02 8.67384109e+01
 2.53083618e+03 3.40867096e+02 5.77001076e+01 1.92862717e+02
 6.50851135e+02 2.65720874e+03 1.71252731e+02 1.27851875e+02
 4.09398010e+02 1.96104224e+03 8.79153076e+02 8.57013000e+02
 3.69019379e+02 1.21801163e+02 2.92780225e+03 2.54982086e+02
 1.62142249e+03 1.58935291e+03 2.12917456e+03 4.38959412e+02
 1.01775146e+02 2.98673657e+03 5.47973633e+02 1.23301868e+03
 2.63609039e+02 2.68054028e+03 9.68266479e+02 1.37190918e+02
 1.21356763e+03 1.79443738e+03 5.05339020e+02 1.01892334e+02
 2.26028656e+02 1.08836582e+04 2.37657272e+02 1.53517227e+02
 9.44744019e+02 1.28051123e+03 3.58156982e+02 9.70181091e+02
 5.96794006e+02 3.95780060e+02 1.88901794e+02 1.23487999e+02
 1.69532617e+04 1.13028381e+02 2.72430200e+03 9.18727844e+02
 8.34459839e+01 6.62792206e+01 6.08592468e+02 3.59254023e+04
 5.40061523e+02 9.98510437e+01 2.42557541e+02 3.74363330e+03
 2.46467773e+02 5.94265479e+03 4.73703369e+03 5.42776489e+01
 1.67408539e+02 1.34490137e+03 9.78983826e+02 4.47883252e+03
 1.49826736e+02 1.77941504e+03 1.05418770e+02 1.34181839e+02
 1.93467026e+02 9.87886414e+02 2.53116504e+03 1.94443527e+02
 6.76572952e+01 2.95888916e+02 1.57370251e+03 8.74894348e+02
 6.70976440e+02 6.60568604e+02 2.63931244e+02 7.76499451e+02
 3.92262306e+01 8.82189331e+01 6.87484924e+02 1.31938889e+02
 2.64316748e+03 1.19699326e+02 1.67764862e+02 1.55290942e+03
 8.26190735e+02 6.36255249e+02 1.41713730e+02 5.10426300e+02
 2.39714417e+02 3.02311493e+02 4.90093414e+02 1.60736115e+02
 1.73749548e+03 1.00521919e+02 2.13744064e+02 1.41384018e+02
 1.09854965e+02 1.33741486e+02 1.18457771e+02 1.04389618e+02
 8.21036224e+01 2.22776062e+02 1.15928513e+02 6.13009949e+02
 4.79789459e+02 8.09933167e+02 2.52792749e+03 5.43702332e+02
 8.53863403e+02 3.92937354e+03 3.22815369e+02 1.41069507e+03
 1.26583044e+03 1.34914627e+02 1.35767380e+02 1.10268761e+02
 2.69011426e+00 8.00163651e+01 1.21473732e+02 1.10622961e+03
 7.47046448e+02 1.47440033e+02 4.37246857e+02 1.33278555e+04
 1.73481360e+03 5.06163788e+02 1.30343201e+03 5.49605652e+02
 4.62065552e+02 4.22398376e+02 1.68069629e+04 1.72126984e+02
 1.09456940e+02 1.00612854e+02 4.63825714e+02 1.96106628e+03
 7.01356625e+05 1.18297600e+02 1.79290002e+03 8.09857941e+01
 2.97660797e+02 5.11015381e+02 5.43364258e+03 2.58154297e+02
 1.02443611e+02 1.09619514e+02 2.86022949e+03 1.07221535e+02
 1.65922394e+02 2.63627350e+02 1.12204536e+02 1.10924316e+02
 1.08089607e+02 9.83832779e+01 1.05598767e+03 6.51767395e+02
 3.04314423e+02 1.08162064e+02 1.18317284e+02 6.71998413e+02
 8.73792191e+01 1.01562271e+02 3.15717712e+02 7.31209521e+03
 1.57851257e+02 2.32536346e+02 3.79994214e+03 1.87504688e+03
 4.36939688e+04 3.63613617e+02 2.13136978e+02 8.65389786e+01
 5.36761292e+02 1.61305603e+02 2.40128525e+02 1.26877022e+02
 1.56677612e+02 1.89100049e+03 9.19856873e+02 7.73168030e+02
 1.70342102e+03 1.63908630e+03 1.35932617e+03 1.05647713e+02
 1.53651871e+02 2.79042383e+03 1.30611475e+03 4.32988770e+02
 1.28329309e+03 2.11402295e+03 2.27728296e+03 1.99944519e+02
 1.95941895e+03 1.30875336e+02 5.41737183e+02 8.34612244e+02
 1.03370947e+03 1.64604691e+02 3.00084668e+03 9.36715637e+02
 3.76328308e+02 6.10263794e+02 3.52379761e+02 1.50276721e+03
 6.76329651e+01 4.52556366e+02 6.41411499e+02 2.24263281e+03
 4.77698535e+03 1.10420723e+02 3.69540625e+03 1.02843147e+02
 9.40936050e+01 1.41404877e+02 9.06776657e+01 2.16384595e+03
 4.24931934e+03 1.08340767e+02 4.41496773e+01 1.17735069e+02
 4.56454932e+03 1.31937671e+03 1.60313507e+02 9.89623779e+02
 1.41334091e+02 1.24550391e+03 1.65268799e+03 1.38582666e+04
 5.55187451e+03 6.57039307e+02 9.22876358e+01 1.05123459e+02
 6.33612488e+02 1.05444977e+02 1.13202148e+03 4.85498734e+01
 1.44112686e+02 2.33671585e+02 4.06130890e+02 8.48215527e+03
 9.69599228e+01 1.35472748e+02 2.44920532e+02 4.12392944e+02
 1.26951820e+02 6.84993820e+01 3.28324280e+02 8.25872070e+02
 1.88040482e+02 2.06495953e+00 3.91081268e+02 8.40809082e+03
 1.56860840e+02 1.67838586e+03 3.07902527e+02 2.02668839e+01
 6.37835449e+03 2.74958771e+02 2.53361670e+03 2.17567047e+02
 4.41090126e+01 2.58297974e+02 1.02170883e+02 8.95666428e+01
 5.65267578e+02 1.18500732e+02 3.98100757e+03 1.07285469e+02
 8.81250098e+03 5.81517334e+01 9.34761581e+01 3.85432922e+02
 1.28762527e+02 1.36126526e+02 7.76170502e+01 2.95668060e+02
 7.59398346e+01 1.46212891e+02 1.53984543e+02 3.64706146e+02
 6.42713184e+03 1.56735687e+02 3.92824375e+04 8.90742371e+02
 1.75575391e+04 2.19697906e+02 3.81624207e+02 1.26478989e+02
 4.50221893e+02 9.86522980e+01 3.72640594e+02 1.43869751e+02
 6.41376221e+02 9.94129486e+01 6.16781982e+03 3.09677197e+03
 6.86228027e+02 1.20634613e+02 5.16686172e+01 4.03869415e+02
 5.67112549e+02 8.54839325e+01 2.15096268e+02 6.95967432e+03
 5.23025093e+01 7.93921082e+02 9.44268036e+01 2.54273499e+02
 4.06788055e+02 1.40602585e+02 2.79149841e+02 2.21163428e+03
 2.49909958e+02 3.38441956e+02 1.21929565e+02 1.09916519e+02
 2.82000171e+03 8.00750488e+02 3.22057159e+02 4.76327026e+02
 7.22021103e+01 4.49313086e+03 1.01317676e+03 5.55983350e+03
 1.50618103e+02 7.66372864e+02 9.47372253e+02 7.56832214e+02
 5.88012146e+02 6.82692871e+01 2.84486304e+03 1.17506866e+02
 4.91971779e+01 2.60466347e+01 8.71973190e+01 1.92886795e+02
 6.02286682e+02 6.10107910e+02 7.26837769e+01 4.57213531e+02
 2.27352982e+02 1.31701636e+03 8.89560645e+03 6.99397705e+02
 4.95930328e+02 5.30909309e+01 4.22059082e+02 2.92070566e+04
 1.74199966e+02 6.57306519e+02 1.70316296e+03 3.19494678e+03
 4.53271515e+02 7.79061966e+01 2.98532074e+02 9.99205704e+01
 1.82386816e+04 1.14406174e+02 1.87829483e+02 9.64563965e+02
 9.57832336e+02 1.04572723e+02 3.51534821e+02 3.56986792e+03
 1.61156848e+03 6.73725220e+02 8.03147034e+02 1.98354095e+02
 5.44004364e+01 2.50173706e+02 1.27981041e+02 2.25977081e+02
 5.81061475e+03 1.98434341e+02 5.51893860e+02 1.10959869e+02
 2.45126236e+02 4.10563293e+02 3.72612228e+01 1.77715059e+04
 4.93511780e+02 4.68692322e+02 1.16211906e+02 1.68495781e+04
 6.70363342e+02 1.00884121e+04 6.62430908e+02 1.23586963e+03
 1.07087488e+03 1.02649048e+02 3.70583472e+03 1.07021912e+03
 7.30403214e+01 8.90411758e+01 1.26539742e+02 3.74518066e+02]
7245.8325
3508231.8
