[1.84322050e+06 1.40013906e+05 1.21164664e+05 7.86912344e+04
 1.37869938e+06 2.99224250e+05 1.31523516e+05 2.72131594e+05
 2.75245225e+06 4.80465117e+04 2.72038344e+05 6.71595469e+04
 4.44539438e+05 7.53455273e+03 3.35321406e+04 1.84502297e+05
 3.58228875e+05 2.13814891e+05 6.78527438e+05 2.12023575e+06
 9.27593438e+05 1.46326719e+05 3.64731000e+07 7.55741750e+05
 9.85443457e+03 1.43895712e+06 2.35843360e+07 1.24806336e+05
 7.07800234e+04 1.30914463e+04 1.54732625e+06 2.57592891e+05
 1.10278867e+05 2.65894656e+05 5.25619922e+04 2.93616719e+05
 4.78338477e+04 5.02944766e+04 2.62990156e+05 2.59461504e+04
 2.37156925e+06 4.16737062e+05 4.76034156e+05 8.96542188e+04
 3.84364375e+05 4.42782969e+05 8.03010234e+04 1.55731895e+04
 6.74465250e+05 1.81462700e+06 6.48275117e+04 1.27137594e+05
 2.33059922e+04 4.92093350e+06 9.91387109e+04 2.20663703e+05
 4.97202219e+05 5.45677100e+06 2.26627550e+06 6.59851484e+04
 9.51813312e+05 6.06605078e+04 1.15322432e+04 1.05029375e+04
 9.96447188e+04 9.49964250e+05 9.24983301e+03 2.93073750e+05
 1.44652969e+05 2.57063250e+06 1.63603688e+05 3.54226844e+05
 1.32161594e+05 3.52234570e+04 2.83776465e+04 1.72286547e+05
 2.49819125e+05 8.97047062e+05 1.35211289e+04 8.80466500e+06
 1.32726438e+05 4.89918938e+05 7.86393516e+04 9.00900234e+04
 3.15121094e+05 1.70910864e+03 4.25341602e+03 1.26044305e+05
 4.56685375e+05 2.57023984e+05 5.47564625e+05 3.64205625e+05
 1.34145635e+04 1.93879031e+05 1.98319012e+06 1.61602578e+05
 3.98412375e+05 5.29109812e+05 3.29724219e+05 1.84944355e+04
 2.22964375e+05 2.85223516e+04 1.10889727e+04 2.53063398e+04
 1.31224234e+05 4.61465703e+04 7.40737266e+04 2.37162172e+05
 2.80399395e+04 5.85404609e+04 1.33836344e+05 1.51303475e+06
 7.50372344e+04 3.63456844e+05 1.46287797e+05 1.08031242e+05
 2.69224844e+05 4.98322844e+05 9.31972375e+05 1.22209422e+05
 2.05138000e+05 1.42673212e+06 8.41727062e+05 1.81038662e+06
 6.11052062e+05 9.35404766e+04 5.90558242e+04 9.01208516e+04
 3.27175938e+05 1.32345891e+05 7.35235312e+04 8.28035812e+05
 2.76165094e+05 5.48436797e+04 3.25455281e+05 1.89455977e+04
 5.90429258e+04 2.25036113e+04 1.42974482e+04 1.66941453e+05
 5.40756500e+05 6.54012312e+05 1.04132256e+06 1.09772828e+05
 5.66018625e+05 2.17990137e+04 1.01073281e+05 1.34492638e+06
 9.69986125e+05 4.86910688e+05 8.23786621e+03 1.06385664e+04
 9.88562000e+05 4.18700000e+04 5.42302188e+04 1.93545996e+04
 4.27671055e+04 4.44752350e+06 1.82859629e+04 2.50268525e+06
 1.72234250e+06 1.05712334e+04 1.27107207e+04 1.95750125e+05
 1.54131016e+05 2.97060250e+05 1.02143031e+05 5.13321406e+04
 2.85631000e+05 1.39731156e+05 3.37062188e+04 5.71376062e+05
 4.56001000e+05 5.38481688e+05 1.09591664e+05 2.54011281e+05
 5.37268945e+04 1.55314797e+05 2.26237812e+05 4.42590950e+06
 8.52909500e+05 1.23880820e+05 2.63004875e+06 4.56781500e+05
 2.50112031e+04 1.37199109e+05 1.04051625e+05 3.76978562e+05
 2.66211875e+05 7.05886797e+04 1.52183850e+06 1.08213453e+05
 1.55896016e+04 2.84623975e+03 4.11701125e+05 3.23192969e+05
 6.22237625e+05 1.13741309e+04 1.07914500e+05 1.58386719e+04
 4.40315586e+04 6.21585312e+05 7.29212656e+04 8.83206543e+03
 3.39521275e+06 5.37683938e+05 1.70330547e+05 3.24832000e+05
 9.47969238e+02 9.38833828e+04 1.17842789e+05 2.76178711e+03
 7.28309000e+05 7.13975000e+05 1.37227766e+05 1.85524316e+04
 8.04190938e+04 1.24603508e+05 1.73508688e+05 3.16490719e+05
 4.97883477e+04 9.54471484e+04 1.29154102e+05 3.28095000e+05
 1.44709000e+05 4.05791445e+04 4.29631656e+05 1.36495098e+04
 7.37819609e+04 2.20104300e+06 3.41413375e+05 8.82875078e+04
 3.32855820e+04 2.86923000e+05 1.23536008e+05 4.59802719e+05
 4.08460094e+05 2.70596387e+03 6.22453662e+03 1.25556230e+04
 3.51290688e+05 1.59466422e+05 2.00388462e+06 1.63762594e+05
 1.33590027e+03 1.16612844e+05 1.11486773e+05 2.67520281e+05
 1.06245461e+05 1.00876381e+06 4.05822192e+03 7.93460688e+05
 1.45265797e+05 5.70140742e+04 4.98713516e+04 2.69214125e+05
 5.27293984e+04 1.51888447e+04 1.78792715e+04 3.49716602e+03
 8.07932250e+06 2.85378438e+05 3.01591250e+06 3.86601312e+05
 3.66416719e+04 1.49779125e+05 2.34199048e+03 1.01252836e+05
 1.19394150e+06 5.52867938e+05 7.32491328e+04 2.02403212e+06
 9.13550469e+04 4.21332070e+04 3.72833075e+06 2.58645020e+03
 4.71569094e+05 1.08423162e+06 2.15992359e+05 7.36422950e+06
 2.75421219e+05 5.54069500e+05 7.39313047e+04 3.07080344e+05
 7.69182129e+03 4.25508875e+05 4.73343031e+05 1.04910008e+05
 7.21946875e+04 3.66283125e+05 4.49325000e+05 4.95950342e+03
 1.91026500e+05 2.11350891e+05 2.45769781e+05 4.45500586e+04
 1.99016641e+05 2.04595047e+05 6.52743625e+05 2.36211133e+04
 2.63111688e+05 1.65139319e+03 2.32210719e+05 7.34769062e+05
 7.85388438e+05 1.49873390e+07 1.51038016e+05 1.40806175e+06
 1.75820688e+05 2.25137539e+04 6.93113135e+03 2.50618141e+05
 7.31115938e+04 8.82746953e+04 6.34769961e+04 9.16330000e+05
 6.70521438e+05 1.22277112e+06 1.47364906e+05 2.00575016e+05
 2.01369125e+05 9.01198062e+05 1.69285422e+05 1.02614336e+04
 2.85242075e+06 9.98661797e+04 1.45310988e+06 3.20445703e+04
 1.57427512e+06 6.89906125e+05 1.41771875e+05 6.50039648e+04
 1.50494229e+04 5.28786992e+04 1.34549141e+05 7.87228625e+05
 1.62485266e+05 1.25189219e+05 2.06223812e+06 2.00629180e+04
 1.80847281e+05 1.19431895e+04 1.85176934e+04 1.19480925e+06
 5.46902938e+05 4.61782539e+04 8.93392734e+04 6.11934883e+04
 3.87188700e+06 1.49181750e+05 3.03098344e+05 3.10239100e+06
 1.72001328e+05 4.06933156e+05 3.49327031e+04 1.63296156e+05
 7.05596438e+05 1.34653859e+05 7.17613379e+03 2.35623953e+05
 1.70146766e+05 2.70093800e+06 3.92299000e+05 3.70775703e+04
 1.20212391e+05 5.17051400e+06 2.41849484e+05 7.32306484e+04
 8.93018688e+05 1.77673138e+06 3.25310781e+05 9.12665078e+04
 6.34597050e+06 8.38201172e+04 1.07876078e+05 4.97340352e+04
 6.98154350e+06 6.11511328e+04 5.93104375e+04 8.66148203e+04
 6.96692812e+05 1.50668112e+06 1.97933800e+06 2.34821734e+05
 5.12517422e+04 5.34825875e+05 1.17292781e+05 8.15942266e+04
 9.33774688e+04 1.14185617e+05 2.06986844e+05 2.06017363e+04
 1.93214609e+05 1.39221297e+05 6.17983242e+04 4.33503375e+05
 2.96350332e+04 2.61470475e+06 3.71332219e+05 3.73563800e+06
 5.46785273e+04 2.38511078e+05 3.98457578e+04 7.44389766e+04
 5.18927781e+05 1.99044812e+05 4.09248984e+04 2.72869746e+04
 1.07069040e+07 2.48597500e+05 1.83856836e+04 1.64480100e+06
 1.46849175e+06 1.63271729e+04 1.91996138e+06 1.62126688e+05
 5.66412578e+04 8.02822125e+05 1.94679953e+05 6.35969375e+04
 4.91672531e+05 5.34930117e+04 1.50677917e+03 2.10797734e+05
 4.00907656e+04 3.52547500e+05 7.95343399e+01 1.17630172e+05
 1.74310344e+05 6.46354750e+05 1.02177594e+05 4.24867406e+05
 7.10370438e+05 3.50494550e+06 5.09908789e+04 1.08724633e+05
 1.46971625e+05 3.68245586e+04 1.68610906e+05 1.13640102e+05
 2.32368223e+04 2.16440820e+04 1.10327793e+04 1.26618828e+05
 1.19620250e+05 2.34453359e+04 7.74786475e+03 9.42301250e+04
 2.44352094e+05 5.21666758e+04 8.84379297e+04 1.12185240e+07
 1.25621633e+05 3.85885219e+05 1.86103438e+05 1.75064469e+05
 8.58448438e+04 6.17192625e+05 1.04932212e+06 2.11697453e+05
 1.77492547e+05 2.72605812e+05 1.68608359e+05 9.51923828e+04
 3.70714500e+05 4.26680508e+04 2.33945391e+04 8.51792031e+04
 1.39513375e+05 2.79319550e+06 3.03396344e+05 4.90873562e+05
 2.64113688e+05 6.50730312e+04 5.91999375e+04 1.50523150e+06
 9.69959375e+03 6.93961172e+04 1.41915500e+05 1.70657516e+05
 2.33583164e+04 4.85578281e+05 2.22153766e+05 1.17868301e+04
 1.45284053e+04 2.55535578e+05 2.08942461e+04 3.57074650e+06
 1.51179906e+05 1.45815781e+05 2.56777922e+05 1.33543359e+05
 1.22571820e+05 6.21840781e+04 5.53089688e+04 2.81390015e+03
 6.48193311e+03 3.73782425e+06 1.27136039e+05 8.47115938e+04
 4.34351318e+03 5.67439500e+05 5.93143938e+05 8.61949453e+04
 5.22600391e+04 4.40470273e+04 2.58667012e+04 4.87987000e+05
 2.85660500e+05 6.14807031e+04 1.31225562e+05 2.98960188e+05
 6.20076914e+04 1.48197953e+05 5.52579375e+05 5.31487562e+05
 3.83485719e+05 2.04257516e+05 2.00251825e+06 4.16772930e+04
 3.77889688e+04 4.49681450e+06 2.98618625e+05 2.27871359e+05
 1.25473438e+06 2.39514922e+04 6.76197688e+05 4.76105188e+05
 2.48487949e+04 3.29880586e+04 1.05021406e+04 5.37592344e+04
 1.03803570e+05 4.00842461e+04 1.20760586e+05 2.77307031e+05
 1.11586788e+06 9.57251688e+05 8.67332031e+04 2.64940371e+04
 1.49110250e+05 2.88546400e+06 7.43858672e+04 1.12818758e+05
 5.19752500e+04 4.43487266e+04 3.41967781e+05 2.64541699e+04
 1.89315175e+06 4.03250508e+04 6.19844189e+03 5.26251133e+04
 4.13917148e+04 4.76535100e+06 1.03988711e+04 2.52422575e+06
 1.20531781e+05 5.91301602e+04 2.71893223e+04 2.62038922e+05
 1.45863162e+06 4.77870469e+05 7.46111328e+04 2.64856750e+05
 7.16847998e+03 6.89543281e+04 7.19903516e+04 2.15393031e+05
 2.22916109e+05 6.30870898e+03 1.35284578e+05 9.43824609e+04
 4.24485350e+06 5.13184438e+05 8.73964812e+05 4.50220312e+05
 4.74083008e+03 4.33846133e+04 5.61832312e+05 5.14893438e+04
 4.25187125e+05 1.91872344e+04 8.38392812e+05 3.90101062e+05
 1.28006488e+06 1.17184438e+06 6.19702881e+03 3.16884562e+05
 7.96806172e+04 3.50506469e+05 2.40378300e+06 7.77362812e+04
 3.25145947e+03 3.32048531e+05 5.09720062e+05 4.26184805e+04
 4.97801172e+04 3.82783008e+04 3.57486438e+05 1.58203828e+05
 2.88223200e+06 9.09576250e+04 1.56940732e+04 1.68776656e+05
 7.70609844e+04 4.71405977e+04 9.14152422e+04 8.94786719e+03
 5.80673125e+05 6.93408375e+05 1.96939672e+05 1.83764156e+05
 2.24559047e+05 7.05487734e+04 1.83218984e+04 4.36431844e+05
 1.00592775e+06 6.99197422e+04 1.51018359e+05 2.51816016e+05
 5.07721094e+03 1.05899562e+06 2.83442594e+05 9.16359473e+03
 2.20148969e+05 1.41376828e+05 3.49898094e+05 1.19382393e+04
 3.53944719e+05 2.90412871e+04 1.73577609e+05 1.08625166e+04
 1.67304578e+05 1.56061672e+05 2.61685703e+05 4.67507422e+04
 2.20806078e+05 1.05996852e+05 5.56160859e+04 8.34902562e+05
 3.06934094e+05 5.90554625e+05 1.70061934e+04 1.17363812e+05
 2.00030380e+07 3.81429648e+04 4.61691172e+04 8.42822562e+05
 4.51738867e+04 8.86695000e+04 5.42123375e+05 6.99975625e+04
 7.05947344e+04 4.13040820e+04 9.41753662e+02 4.48950078e+04
 2.40593711e+04 6.92258875e+05 1.03498734e+05 6.59539209e+03
 3.13958219e+05 3.81498000e+06 9.72798875e+05 1.23276383e+05
 1.94082141e+05 2.10750812e+05 3.40931406e+04 2.60621812e+05
 3.15493237e+03 8.51557422e+04 2.02735200e+06 8.75193984e+04
 3.89246562e+04 6.30920812e+05 5.96550562e+05 1.49084562e+06
 1.40330889e+04 3.90994102e+04 3.60310688e+05 1.84818641e+05
 4.33233477e+04 7.60112578e+04 5.69031211e+04 2.23028016e+05
 8.30453375e+05 5.49735742e+04 3.64196953e+04 3.91289688e+04
 3.72301812e+05 7.95304531e+04 9.66740703e+04 1.07252250e+06
 5.51225244e+03 1.82169078e+05 3.69749844e+04 4.96898346e+02
 4.39512125e+05 4.19162109e+04 2.61205297e+05 2.56870449e+04
 7.10551611e+03 4.70169219e+04 6.16803320e+04 3.45920508e+04
 2.62026016e+04 1.75871016e+05 1.09658066e+04 4.37618008e+04
 4.68648555e+04 9.61969688e+04 4.09171906e+05 3.01135688e+05
 2.03361672e+05 6.28003562e+05 6.28690688e+05 2.85589825e+06
 3.47042719e+05 8.36378359e+04 9.94358906e+04 1.91087969e+04
 4.00181094e+05 1.55216812e+05 3.93519156e+05 2.47185672e+05
 1.87250352e+04 6.50345547e+04 2.50513250e+06 7.78472250e+05
 1.50449203e+05 2.12282246e+04 5.24365500e+05 3.02514336e+04
 4.59297188e+05 5.92025500e+05 7.96417250e+05 5.31453164e+04
 3.29062070e+04 3.88923047e+04 7.13976250e+05 5.82271250e+05
 3.59462125e+06 6.16430586e+04 1.06065852e+05 1.14995852e+05
 7.29874750e+05 7.76920312e+05 6.54987400e+06 8.57981062e+05
 1.22280547e+05 4.51989141e+04 7.30917656e+04 2.78194562e+05
 4.54659570e+04 3.12354375e+04 6.82353672e+04 1.12425539e+05
 3.99876562e+04 1.85948172e+05 1.20371288e+06 6.13284141e+04
 4.01079188e+05 4.02368516e+04 2.19477520e+04 9.90072812e+05
 3.61739297e+04 6.70912109e+04 2.09346672e+05 5.44668750e+05
 2.64439277e+04 8.93245438e+05 8.63304766e+04 2.60960797e+05
 1.35816922e+05 1.25234211e+05 9.71668688e+05 8.71133281e+04
 5.61005518e+03 1.65556660e+04 6.30451125e+05 4.38480078e+04
 2.14674434e+04 1.83329727e+04 3.26754906e+05 1.66717125e+05
 8.39530000e+04 1.56608950e+06 4.91046156e+05 1.11549211e+05
 1.14236477e+05 1.77874000e+07 7.22877031e+04 5.41903625e+05
 1.16436984e+05 9.14409000e+05 9.52976812e+05 1.78555297e+05
 3.37810062e+05 2.01997188e+05 1.65110969e+05 5.84089750e+06
 8.00854922e+04 2.75332531e+05 1.87049812e+05 4.26733125e+04
 1.38886859e+05 2.40607469e+05 4.26008781e+05 1.15424766e+05
 9.71694375e+04 9.44828672e+04 2.43425073e+03 8.27152600e+06
 1.65078475e+06 9.81768860e+02 4.50857906e+05 4.23833086e+04
 1.08427781e+05 1.16249133e+05 3.72129025e+06 3.87595075e+06
 1.78452281e+05 2.38924121e+04 2.01722525e+06 6.63590703e+04
 1.71147594e+05 6.04764000e+05 1.95326359e+05 1.46949250e+06
 7.81326172e+04 5.30414297e+04 7.44864000e+05 8.37783125e+05
 3.78030469e+05 2.69529250e+05 3.24519844e+04 2.50076895e+04
 1.52283100e+06 2.33738105e+04 4.25891812e+05 6.56813750e+04
 2.20983496e+04 2.27195891e+05 2.43450625e+04 6.66057625e+05
 2.90176812e+05 1.48853564e+04 4.29113312e+05 8.87659961e+03
 3.29171836e+04 1.36273234e+05 4.83955281e+05 5.40148555e+04
 5.53307656e+04 1.60968965e+04 9.25637125e+05 5.39666312e+05
 1.12876609e+05 4.39467531e+05 4.85381812e+05 4.89535039e+04
 3.30449400e+06 6.64076812e+05 1.75838838e+06 8.91436562e+04
 2.54287141e+05 6.72908375e+05 2.55521875e+04 1.41282578e+05
 2.89014625e+05 2.19997168e+04 2.74619925e+06 4.86327686e+03
 1.06036912e+06 7.28723125e+04 6.39840062e+05 1.24229762e+06
 4.68603867e+04 1.65656969e+05 5.94930586e+04 6.06953867e+04
 5.26191523e+04 9.45509609e+04 6.88747812e+04 8.69697500e+04
 9.38995375e+05 7.79674062e+04 5.37885350e+06 1.72366200e+06
 8.38220650e+06 1.40163953e+05 2.69262531e+05 1.72159062e+05
 1.46615462e+06 1.37386656e+05 4.58038984e+04 7.77697344e+04
 4.23684375e+04 1.53818109e+05 7.25094188e+05 3.48752562e+05
 8.88870078e+04 9.05215430e+03 9.63949688e+04 3.52046445e+04
 6.19850547e+04 8.31150000e+04 2.44978262e+04 4.42129500e+05
 2.14445723e+04 9.45522250e+05 1.67632859e+05 5.20336719e+05
 1.95323656e+05 3.66905859e+04 4.17656938e+05 2.49487672e+05
 4.28739875e+05 5.00653320e+04 8.07220781e+04 7.88637939e+03
 4.67312688e+05 9.79569000e+05 1.51227641e+05 8.03228750e+04
 1.02491008e+05 8.89204625e+05 1.64663391e+05 4.62161150e+06
 1.57313562e+05 1.78368848e+03 6.08294312e+05 1.49362688e+05
 1.26070773e+05 6.88196250e+04 1.87571125e+05 1.06423867e+04
 2.04860969e+05 2.46674883e+04 7.48416797e+04 3.68903688e+05
 8.15348062e+05 3.85881375e+05 1.69612578e+04 2.35539734e+05
 2.35868828e+05 3.38963875e+05 5.12430969e+05 2.06244797e+05
 4.41994375e+05 1.10666455e+04 1.77623375e+05 3.91354475e+06
 6.93232000e+05 2.70597051e+04 2.21550672e+05 8.71143100e+06
 1.64060859e+04 1.19999039e+05 2.11438500e+06 2.67684082e+04
 3.34822930e+04 8.86040000e+04 1.16122445e+05 3.48061750e+06
 2.95020812e+05 6.29459619e+03 1.28602700e+06 1.40558484e+05
 2.49825375e+05 7.33956938e+05 5.34125391e+04 1.12273447e+04
 1.53794922e+05 1.63273812e+05 4.13881875e+04 2.05862109e+04
 3.58627600e+06 6.47957930e+04 3.85661938e+05 5.08002617e+04
 6.37078867e+04 2.08583472e+03 4.68202832e+03 2.15077400e+07
 3.66418203e+04 1.06376422e+05 2.30681172e+04 1.90634859e+05
 4.73182406e+05 3.95438086e+04 3.48131094e+04 2.33762475e+06
 6.95569287e+03 1.87495312e+05 1.90353600e+06 1.41888375e+05
 5.48935498e+03 4.16219766e+04 9.08548750e+04 6.87164062e+04]
663685.4
36473100.0
