[2.18754277e+04 6.22170944e+01 3.35290985e+02 4.74854156e+02
 6.01607666e+02 1.76073471e+02 4.10613708e+01 6.88011670e+03
 3.62122539e+04 1.94938379e+03 3.62159058e+03 4.33308789e+03
 3.05344941e+04 5.01971558e+02 5.83209457e+01 1.12040436e+02
 1.24577871e+04 3.98614795e+03 1.16270737e+02 2.50205994e+02
 9.85059082e+03 2.91174744e+02 5.86259062e+05 6.89173508e+01
 1.05017975e+02 1.44767090e+04 1.15654716e+02 2.40301416e+03
 9.52821472e+02 2.25612866e+03 1.61439131e+04 2.84055969e+02
 6.42327295e+03 2.21318164e+03 2.03495977e+04 5.07020645e+01
 2.96799564e+01 1.95304724e+03 8.17019629e+03 2.37254581e+01
 1.37930701e+03 1.10769277e+04 4.17874878e+02 4.52114502e+03
 8.44376526e+01 1.97232498e+02 1.72345667e+03 1.36086334e+02
 3.65902901e+01 4.61405811e+03 5.32491394e+02 2.63119067e+03
 7.81284637e+01 1.03987317e+03 1.11577998e+04 1.08436902e+03
 1.85653821e+03 2.33955312e+04 1.26022236e+04 4.90781067e+02
 1.68259668e+03 4.96861153e+01 2.22344685e+01 1.66459717e+02
 2.03541222e+01 1.82787415e+02 1.35308411e+02 9.81532211e+01
 2.58363667e+01 4.53670752e+03 6.18557983e+02 3.09446883e+00
 1.27703987e+02 4.36035400e+03 2.65522559e+03 1.36097461e+04
 1.99709290e+02 1.25916675e+03 2.29766602e+02 9.79448594e+04
 2.51379070e+01 7.35471954e+01 7.42772217e+01 1.47466260e+03
 4.72261086e+01 9.45495834e+01 1.00874359e+02 1.42914169e+02
 2.55266382e+03 1.19881934e+04 4.70895538e+02 2.50072861e+02
 8.67058289e+02 7.10488330e+03 7.04358398e+02 5.83911781e+01
 1.52956451e+02 1.90495819e+02 2.72523987e+02 3.57921234e+02
 6.03374414e+03 2.48879303e+02 4.64571680e+03 4.03247795e+01
 1.98428284e+03 1.99090164e+02 1.23146111e+02 1.94525650e+02
 8.54638916e+02 6.79816360e+01 9.99850082e+01 6.59682031e+03
 3.33775139e+01 1.40232422e+03 1.10182678e+03 1.43988235e+02
 1.47166003e+03 1.48599043e+04 6.74441162e+03 1.04467552e+02
 4.44856152e+03 3.71688568e+02 2.32787915e+03 5.78391968e+02
 2.49422516e+02 1.36376677e+01 1.03755960e+01 2.69377014e+02
 1.13122864e+02 9.14851303e+01 4.45345497e+01 1.40369034e+02
 2.64263367e+02 6.84997620e+02 1.28818344e+02 8.10611206e+02
 9.03932324e+03 9.36602631e+01 2.47606641e+03 5.65511084e+03
 1.99998825e+02 1.29261426e+03 5.06360449e+03 3.41925049e+01
 2.50421768e+02 1.46317282e+01 2.92312439e+02 6.25191650e+02
 1.24389612e+03 8.31144348e+02 2.26707080e+03 2.01177832e+03
 1.00698708e+02 1.62208142e+03 4.50605078e+03 4.07363129e+01
 7.69611023e+02 6.35717920e+03 8.97481384e+02 3.59984727e+04
 2.23639478e+03 3.60342377e+02 1.68869110e+02 9.76950989e+01
 2.37225159e+02 4.12312500e+03 1.25616779e+01 8.47424927e+02
 1.67325096e+01 3.84184753e+02 3.15271332e+02 2.75212964e+03
 1.91973831e+02 1.99821558e+03 6.69028425e+00 1.86680469e+03
 2.99659668e+02 2.85174789e+01 8.34818649e+01 9.30117500e+04
 7.15768311e+02 6.58017639e+02 8.60889375e+04 8.23964539e+02
 8.11255493e+01 9.74353027e+01 7.18056641e+01 1.34666275e+02
 5.25863609e+01 2.22266455e+03 1.77235718e+02 2.14250748e+02
 9.68505859e+01 1.07495598e+02 4.47647247e+02 2.64542755e+02
 4.97390671e+01 1.09256226e+02 3.52823448e+01 1.82761072e+03
 1.18815170e+02 8.38911719e+03 2.20205005e+03 7.13029907e+02
 3.04971602e+04 3.16843677e+03 2.26159106e+03 9.42354660e+01
 1.92805206e+02 6.17376366e+01 6.24681778e+01 1.27060783e+02
 2.11154224e+03 1.90425439e+03 7.17121094e+03 2.12489867e+00
 1.56765015e+03 1.65032385e+03 1.98427628e+02 1.28561719e+03
 7.14898834e+01 5.12800354e+02 4.70059326e+03 6.23271045e+03
 1.66888733e+02 1.94717969e+03 3.72276154e+02 7.55966431e+02
 8.54374390e+02 4.06526855e+02 7.43573608e+01 7.56590771e+03
 1.66471588e+02 1.39324188e+02 1.26072884e+02 3.13311367e+01
 2.05805371e+03 1.62381485e+02 6.85621643e+01 6.45714951e+01
 3.29433868e+02 5.05657135e+02 6.40213928e+01 1.09129074e+02
 6.67809143e+01 8.54004860e+00 1.40824631e+02 5.97495117e+01
 6.90146057e+02 9.46712578e+04 4.61037521e+01 5.42721741e+02
 1.15322403e+02 8.57693542e+02 5.86303125e+03 2.94554230e+02
 6.50925369e+01 4.51283722e+02 3.60658252e+03 1.54304041e+03
 1.31768994e+03 7.93146484e+03 2.68608932e+01 3.64468346e+01
 5.35593506e+02 4.74347900e+02 4.78928986e+01 4.71433258e+02
 1.03111035e+04 3.45458936e+03 8.80207748e+01 7.03075989e+02
 5.07932465e+02 1.99206384e+03 1.02564463e+04 1.18898682e+02
 9.81094062e+04 7.13966553e+02 3.29275439e+03 3.61012402e+03
 2.01696224e+01 6.35758154e+03 3.31183655e+02 7.91128174e+02
 9.48436127e+01 7.39581201e+03 1.66815247e+02 7.72560577e+01
 2.87165356e+01 7.05166943e+03 3.75375415e+03 2.14882317e+01
 1.16066370e+01 1.65667639e+03 4.02627144e+01 2.58389618e+02
 6.64130096e+01 3.07714294e+02 6.57278076e+03 2.58479156e+02
 2.07081104e+03 2.16549484e+02 3.70241608e+02 8.14045044e+02
 1.67294617e+03 2.54443125e+04 4.00153503e+01 8.42182434e+02
 1.22507690e+03 1.10419922e+03 8.38908569e+02 1.93340564e+03
 7.52233582e+02 1.06394676e+02 6.66725845e+01 4.25142334e+03
 3.08880585e+02 7.55557373e+02 3.06031934e+03 1.28557080e+04
 1.59892041e+03 1.11884204e+03 2.84565723e+03 2.58039799e+01
 2.80231250e+04 6.59703857e+02 1.71036011e+03 3.27099365e+02
 2.78695007e+02 7.75598450e+02 7.85274414e+02 1.02878796e+03
 4.73881607e+01 1.25899162e+02 4.10996780e+01 2.21748203e+04
 1.79129456e+02 6.23311157e+02 1.83353539e+01 1.64703687e+03
 1.38554855e+02 8.83198486e+02 8.85357132e+01 3.61245575e+02
 1.13318005e+01 3.05295753e+01 1.84761200e+01 1.71907349e+02
 4.22877930e+03 7.91894409e+02 1.09124746e+04 1.20878320e+05
 1.57706970e+03 1.94724268e+03 1.67367386e+02 2.15175610e+03
 6.20965698e+02 2.26377426e+02 3.33138580e+02 4.24056299e+03
 1.03368996e+02 4.03466125e+02 3.46503281e+04 2.07397499e+01
 7.93651001e+02 1.43324561e+04 2.54632004e+02 3.86565132e+01
 2.02392891e+04 1.06895309e+02 9.39378027e+03 1.60404285e+03
 1.19477367e+05 1.83497852e+03 4.69743500e+02 2.71230408e+02
 4.09742493e+02 3.98750073e+03 4.60982025e+02 9.60382538e+01
 1.17654907e+02 4.53910736e+02 2.85814331e+03 1.92688522e+02
 4.92275124e+01 1.94212818e+01 2.79423618e+01 1.05051003e+02
 1.04839229e+04 1.82978101e+03 1.99233691e+04 3.59899689e+02
 9.63770752e+02 1.82790619e+02 1.70150070e+02 9.82207324e+03
 2.14557800e+01 2.76313789e+04 1.41862534e+02 1.51635583e+03
 7.46476746e+02 1.05653976e+02 3.98300781e+01 3.31464424e+01
 1.14322791e+03 5.20229590e+03 2.19162354e+03 7.82237244e+01
 6.00351188e+05 1.94957901e+02 1.33217575e+02 3.36123474e+02
 3.81505310e+02 4.52291908e+01 6.43031445e+03 5.31667175e+02
 3.73639030e+01 2.51941528e+02 8.77076187e+01 3.12395654e+03
 1.45911707e+03 1.05615036e+02 1.76367920e+03 7.36725845e+01
 1.51975985e+01 1.40287491e+02 8.34366531e+01 3.80882172e+02
 1.59727142e+02 2.31055225e+03 9.04990082e+01 2.03959976e+02
 1.37585983e+02 1.40849160e+04 7.33653336e+01 8.36239014e+02
 2.20128735e+03 2.58676514e+03 4.63864441e+02 1.75843277e+02
 3.24425879e+03 2.08253365e+01 5.99163086e+03 9.76097266e+03
 9.41649323e+01 1.30094702e+03 9.14019653e+02 2.19622500e+04
 3.82053871e+01 5.49990967e+03 1.16683998e+02 1.99099141e+05
 3.40032272e+01 1.46422470e+02 4.39424194e+02 3.18323040e+00
 3.02662085e+03 4.66894482e+03 1.26760596e+04 2.34545574e+01
 1.34840302e+02 1.90113904e+03 1.43293030e+03 1.92164974e+01
 3.31859558e+02 2.76248022e+03 3.80914307e+03 3.66121216e+01
 9.49464478e+02 4.02754517e+02 2.93819618e+01 4.58296484e+03
 3.60942650e+01 3.19617828e+02 1.16080334e+03 7.14013770e+03
 3.51066017e+01 4.82538086e+03 5.68728523e+01 5.23130798e+02
 5.32996387e+03 2.90309619e+03 1.14955420e+04 9.38504868e+01
 4.21114960e+02 1.49663681e+02 4.00291595e+01 9.83508148e+01
 2.15833496e+03 4.37631989e+01 2.50568790e+01 6.28271094e+03
 3.74877090e+01 5.46359924e+02 6.74679443e+02 1.80807209e+01
 6.47317200e+02 1.64636279e+03 1.58748523e+03 2.19314502e+03
 9.91785706e+02 1.93846420e+02 7.42098535e+03 1.02120496e+03
 6.18114258e+02 1.35051282e+03 4.65875183e+02 7.12462842e+03
 1.66337659e+03 4.11739929e+02 3.38387909e+01 4.22062207e+03
 8.51528015e+02 2.26893848e+03 2.39984619e+03 8.49176367e+03
 6.10175635e+03 1.51854138e+03 8.49444434e+03 2.30294043e+03
 2.87695099e+02 6.66378359e+04 6.82791382e+02 2.19172806e+02
 2.21698608e+03 1.18347827e+03 1.34153674e+03 3.35745093e+03
 7.74137115e+01 9.09385986e+02 2.25066166e+01 1.04642906e+02
 5.25469398e+01 2.38009319e+01 1.47369736e+02 5.11593895e+01
 1.09473662e+04 1.04017002e+04 3.05948364e+03 1.99246643e+02
 3.50737183e+02 1.07642242e+05 5.28882385e+02 5.08852081e+01
 1.18852531e+02 1.12526819e+03 2.07339676e+02 8.50011368e+01
 1.39358916e+04 5.51741150e+02 6.02304306e+01 3.47992401e+01
 1.56993420e+03 5.90283594e+03 1.05744482e+03 1.14937773e+04
 1.91601562e+02 1.66121414e+02 2.14732935e+03 2.36279907e+01
 4.50067854e+00 4.70304932e+03 4.03312569e+01 2.99242950e+02
 8.78707581e+01 1.47340710e+03 2.79978695e+01 3.42171448e+02
 9.39035339e+01 8.60838165e+01 2.64015576e+03 1.83762939e+03
 8.24871289e+03 1.26114219e+04 1.32804089e+03 3.42668365e+02
 2.16155987e+01 8.98680649e+01 5.84210938e+02 3.32215424e+01
 2.72125562e+03 3.77986755e+01 9.50927429e+02 9.00266016e+03
 1.08287573e+03 4.56864044e+02 3.48706169e+01 6.45993701e+03
 1.50147385e+02 4.56549215e+00 1.44947791e+03 1.89375549e+02
 3.56366626e+03 3.63598657e+03 1.24199082e+04 1.79386559e+01
 3.66868782e+01 6.19807068e+02 4.89097461e+03 3.96102829e+01
 3.10938965e+04 3.28425781e+02 1.80077850e+02 2.52974945e+02
 1.55023834e+02 1.02688538e+03 2.25403979e+03 1.15365822e+02
 2.80043115e+03 2.08170959e+02 2.92559261e+01 2.35707498e+00
 1.23170265e+02 3.47695215e+03 1.16636261e+02 2.33008896e+02
 1.89317032e+02 1.74026672e+02 2.20539536e+02 3.44299347e+02
 9.98175735e+01 2.24084213e+02 4.32528717e+02 1.42487803e+01
 1.59368927e+02 5.01326050e+02 7.71613379e+03 4.55532684e+01
 3.35110083e+03 3.09048584e+03 4.92031250e+03 3.97067963e+02
 2.30848618e+01 3.47116235e+03 2.12369194e+01 4.13714561e+01
 1.36985336e+02 8.06836548e+02 1.01848320e+04 4.62452118e+02
 2.06419629e+03 1.33486748e+04 9.23747025e+01 1.14981079e+02
 8.49366211e+03 1.40434619e+03 8.97011032e+01 7.62525488e+03
 3.15218964e+02 4.42375671e+02 4.17505684e+01 3.07271387e+03
 1.97565140e+02 1.21557083e+02 1.96202515e+02 1.39772964e+02
 7.38007812e+01 1.40691348e+04 8.08773193e+01 2.21976395e+02
 1.60207329e+01 3.08533281e+04 1.86365860e+02 1.05880225e+03
 1.79433081e+03 4.15845871e+01 1.33249023e+03 7.06030212e+02
 3.10065498e+01 1.28600732e+04 1.08430920e+03 7.94270782e+01
 9.58483948e+02 5.18406885e+03 1.06434346e+04 5.88236580e+01
 6.48884583e+01 6.91062393e+01 8.71442090e+03 3.83943726e+02
 5.15011635e+01 3.70381851e+01 4.67882507e+02 9.09947632e+02
 4.30179901e+01 5.70709534e+01 1.51015625e+03 1.14504707e+04
 4.98813263e+02 7.03658752e+01 6.53120651e+01 4.98015259e+02
 1.37991272e+02 1.24797546e+02 5.72167435e+01 1.77800541e+01
 1.04324292e+03 1.90169868e+01 3.08275146e+03 5.08057938e+01
 6.72871933e+01 9.71503983e+01 3.86916466e+01 1.25871553e+01
 1.39742706e+02 1.71369006e+03 7.23550537e+02 7.91295776e+01
 7.32463989e+01 1.12095242e+01 4.04789581e+01 3.41623535e+02
 7.37291809e+02 1.36850127e+04 4.94461250e+01 5.44128662e+03
 1.15892783e+04 5.06296692e+02 1.74984283e+01 2.67869720e+01
 7.37696381e+01 6.62795792e+01 2.96970825e+03 3.50728607e+02
 5.02893768e+02 1.28958704e+03 1.03511826e+02 1.80038354e+03
 4.53807251e+02 1.23803818e+02 1.95519336e+03 1.10924149e+02
 1.90111664e+02 7.50603418e+03 2.67061816e+03 1.16557213e+02
 7.77314514e+02 1.12270355e+01 6.44963428e+03 2.40403516e+03
 3.34681445e+03 5.94173584e+02 3.44165222e+02 2.44229614e+02
 4.75633496e+03 1.81804688e+02 3.42984302e+03 8.77985254e+03
 7.60837830e+02 3.63355804e+02 9.11926819e+02 1.70971420e+02
 1.44630371e+02 1.85831726e+02 1.75282581e+03 4.04931450e+01
 3.86157570e+01 1.74132748e+01 1.38931318e+04 4.34320335e+01
 3.26388947e+02 1.38800592e+01 1.71572791e+03 9.08156052e+01
 1.10370044e+03 1.43088470e+02 2.77580811e+02 1.89853531e+02
 9.82334534e+02 2.58088135e+02 2.99869414e+04 7.34281982e+03
 6.40950012e+02 3.38740112e+02 5.22109070e+01 1.00039551e+03
 1.00828064e+02 1.40729993e+03 1.54825333e+02 5.24591637e+01
 4.16787872e+01 1.72878326e+02 2.48577690e+01 4.48953896e+01
 1.23563690e+02 9.50630676e+02 1.16219189e+03 1.49819975e+01
 2.00014477e+01 3.01892920e+03 3.88896141e+01 2.94351807e+02
 8.49624176e+01 2.36277905e+03 9.36368042e+02 2.30980362e+02
 2.47471826e+03 7.03311951e+02 6.57554688e+02 4.99581482e+02
 2.72901953e+03 1.39175064e+02 5.50870361e+02 8.89517212e+01
 1.55156540e+02 1.70753784e+02 1.03918633e+04 3.35370514e+02
 8.46533142e+02 1.34208301e+04 2.99612061e+03 2.64631567e+03
 7.19504456e+02 1.23399384e+02 2.97231030e+03 9.83172760e+01
 1.28562302e+02 2.76367645e+01 3.23018672e+04 1.90465859e+04
 2.33088211e+02 4.36785927e+01 3.75964691e+02 1.19939209e+03
 2.04346406e+04 9.36623077e+01 1.34551987e+02 7.96891602e+02
 1.51806458e+03 8.30549316e+02 5.06410950e+02 1.18031016e+04
 6.76025928e+03 1.38442047e+02 8.69790649e+02 3.82208801e+02
 8.19098779e+03 3.58743095e+01 7.25978662e+03 4.34200958e+02
 5.54065674e+02 1.52975220e+02 3.34054834e+03 1.40333435e+03
 2.65444995e+03 1.77052032e+02 1.13551949e+02 7.79664368e+02
 2.25010727e+02 2.96190521e+02 3.74978223e+03 6.96033081e+02
 1.12006982e+04 3.47236511e+02 2.98012787e+02 1.10987268e+03
 3.28976685e+02 3.18169551e+04 4.31723541e+02 4.80895264e+02
 7.48776758e+03 5.65551123e+03 4.94979492e+04 1.05124670e+03
 7.75725555e+01 1.50086890e+03 4.65410797e+02 3.76227074e+01
 3.62660370e+02 1.16657361e+03 8.07094543e+02 1.54873779e+02
 1.20507141e+03 1.03627838e+02 1.84995529e+02 8.40193787e+02
 1.55255591e+03 4.98197746e+01 3.32083664e+01 4.72758350e+03
 4.67531677e+02 3.73687671e+03 2.37882690e+03 2.82246997e+03
 4.80500854e+02 9.45121002e+01 9.23622559e+03 2.71312324e+04
 3.84723486e+03 4.00064819e+03 2.88014496e+02 2.93901337e+02
 6.81585455e+00 9.66437500e+02 2.27122116e+02 1.38308801e+03
 2.71257820e+01 6.97473450e+02 7.27553418e+03 1.57356260e+04
 4.07261658e+02 5.12472839e+02 8.85100174e+01 1.70640030e+02
 3.35233093e+02 3.89833145e+01 1.32603928e+02 4.16895660e+02
 2.93477997e+02 2.19983086e+04 6.86641309e+03 7.06013947e+01
 3.02719940e+02 1.19463470e+02 1.40629724e+03 2.49131699e+02
 3.65555640e+03 9.59864960e+01 4.38082794e+02 6.63721802e+02
 2.38883972e+02 1.14645393e+02 5.70065820e+03 1.81337402e+03
 1.92279083e+02 4.79555176e+03 3.68360138e+01 2.51938812e+05
 1.92633643e+03 5.35261307e+01 8.78549121e+03 7.76044006e+01
 1.98739948e+01 1.64289261e+02 2.15437964e+03 2.34814072e+02
 4.71041650e+03 1.19770471e+03 3.66565056e+01 2.66245435e+03
 1.42547379e+01 2.24344727e+03 3.47053223e+01 2.11883373e+01
 6.37244110e+01 1.13956785e+01 5.66354688e+03 2.61804370e+03
 5.99110298e+01 8.95856628e+01 6.60441360e+01 2.50409023e+04
 2.61830505e+02 1.36931442e+02 4.89581390e+02 1.37766797e+03
 4.88273354e+01 2.87952783e+03 6.29566345e+02 3.03787174e+01
 3.73014908e+01 1.34277393e+03 2.33368912e+01 2.96410675e+02
 5.28707336e+02 2.24320297e+02 3.16828880e+01 1.28363220e+02
 2.15067441e+04 1.00192871e+04 1.31925110e+02 5.27885780e+01
 6.38856087e+01 2.18745682e+02 3.22005591e+03 1.35361340e+03
 8.54962656e+04 8.11214676e+01 6.13218018e+03 2.55159321e+01
 2.80328931e+03 6.46233368e+01 3.90940826e+02 3.49368625e+05
 1.51020340e+02 9.37328516e+03 2.49473972e+01 8.45040820e+03
 9.76429932e+02 2.33974487e+02 1.41011631e+00 9.88178772e+02
 2.99807037e+02 2.17937085e+03 4.86010284e+02 3.11012268e+02
 2.31075241e+02 4.35364441e+02 1.16557999e+02 9.22608948e+01]
5324.153
600351.2
