[3.56772250e+05 4.34712988e+03 1.74454703e+05 2.11290312e+05
 6.20816688e+05 2.75190625e+05 2.26807539e+04 1.98467016e+05
 1.23616750e+06 2.21729891e+05 4.55531125e+05 6.09221562e+05
 7.44251000e+05 7.71452002e+03 9.98009688e+04 1.30426531e+05
 3.16662207e+03 1.02130570e+05 3.59369469e+05 3.22496275e+06
 3.64076656e+05 2.58451992e+04 4.37690680e+07 1.57249609e+05
 4.39107188e+04 3.61565875e+06 2.67249100e+06 4.58571844e+05
 1.24515045e+02 2.25170172e+05 4.30720812e+05 7.81131226e+02
 2.50935531e+05 1.50073000e+05 2.51888031e+05 2.63127000e+05
 8.14569702e+01 9.20360156e+04 1.74191406e+04 8.01161406e+04
 8.42547312e+05 1.25674162e+06 4.30561188e+05 1.31160583e+02
 2.41005312e+04 2.40522094e+05 6.77058008e+03 1.17682461e+04
 9.90972344e+04 8.93628188e+05 6.67576904e+03 2.62442108e+02
 4.81642773e+04 2.89476445e+04 1.32074656e+05 6.83464688e+04
 3.42544604e+03 2.58602475e+06 9.28119625e+05 6.33537812e+04
 6.69434688e+05 3.21378789e+04 1.91207188e+05 6.71938203e+04
 8.53946953e+04 7.95831438e+05 6.20762598e+03 7.24625547e+04
 5.34276328e+04 3.34203688e+05 8.21690391e+04 3.87130157e+02
 9.12390469e+04 1.76744141e+05 5.67387773e+04 3.40695594e+05
 1.20584473e+03 7.18787734e+04 1.36382627e+04 2.94900175e+06
 1.56924469e+05 1.27067062e+05 1.04237656e+04 4.37542422e+04
 1.24606359e+05 3.19799976e+03 2.91579895e+02 4.11368359e+04
 2.49987188e+04 1.35700750e+05 8.57621641e+04 3.70887425e+06
 1.18662607e+04 3.48430156e+05 1.10218700e+07 3.46847695e+04
 1.54962953e+05 3.44078844e+05 7.54610875e+05 3.70350977e+04
 2.10664805e+04 5.23589250e+05 4.39918672e+04 4.57623203e+04
 1.13832117e+05 2.16703734e+05 4.21894414e+04 4.20816953e+04
 1.41898828e+05 1.24983525e+04 3.46383789e+04 9.72698875e+05
 8.68747559e+03 4.92210156e+04 4.06603219e+05 3.17359790e+03
 9.55258828e+04 4.53972625e+05 3.40488477e+04 8.56780078e+04
 4.86163562e+05 1.06359062e+05 8.23652875e+05 2.56811425e+06
 3.10897438e+05 7.79765332e+03 5.69494375e+04 3.88005039e+04
 9.44476094e+04 3.60299797e+01 5.41054414e+04 1.23536859e+05
 1.44029812e+05 3.81132773e+04 2.18100562e+05 1.66376680e+04
 5.30678000e+05 1.11195430e+05 3.50192031e+05 1.84887875e+05
 6.90299609e+04 2.68018219e+05 8.55608375e+05 5.39956125e+05
 5.81132062e+05 3.64294219e+04 2.98878247e+03 7.58331062e+05
 1.88596734e+05 1.55765250e+05 4.99496055e+04 3.05015688e+05
 9.91542109e+04 1.10227867e+05 1.54917078e+05 1.69088234e+05
 2.03118809e+04 1.76164812e+06 4.15878789e+04 2.16537075e+06
 7.51015750e+05 2.41289004e+04 3.57894102e+04 9.89531641e+04
 1.05461664e+05 4.94275977e+04 1.41537875e+05 2.46681016e+05
 1.34569516e+05 2.82665938e+05 9.74804840e+01 4.43860938e+04
 4.65068203e+04 8.49062266e+04 1.19303633e+05 2.94387062e+05
 7.27012578e+04 7.29851719e+04 5.32782461e+04 2.08099175e+06
 7.64913562e+05 4.52377969e+04 1.07233940e+07 6.43177461e+04
 1.60096547e+05 9.84476641e+04 6.51034570e+04 1.01010227e+05
 1.82486094e+05 1.67961266e+05 4.11610531e+05 6.79211953e+04
 1.13674648e+04 2.11010312e+05 1.62799162e+06 9.05176758e+03
 1.24009825e+06 4.07649453e+04 2.39847461e+04 4.06012109e+04
 1.18492203e+05 4.11956188e+05 2.84425438e+05 7.57315859e+04
 2.86179225e+06 5.36770800e+06 8.10564531e+04 1.90486016e+05
 6.73065781e+04 6.72352188e+04 4.08901992e+04 2.42020250e+05
 1.70918797e+05 1.55985469e+05 5.44782875e+05 3.14784297e+04
 1.48282172e+05 4.57882695e+04 4.10134031e+05 1.81474062e+04
 6.93392109e+04 1.54822062e+05 3.71158594e+04 2.31122350e+06
 2.22571621e+04 1.87854641e+05 3.08975031e+05 4.29811426e+03
 5.35898359e+04 6.82011188e+05 1.31420891e+05 6.82905859e+04
 1.04676758e+05 1.39733891e+05 1.07329758e+05 8.34410375e+05
 1.66096344e+05 2.81640703e+04 3.51200171e+03 1.30380664e+03
 1.67318775e+06 3.67648071e+02 9.00256500e+05 4.09393469e+05
 1.69482007e+03 2.24600859e+05 1.77402480e+04 1.63050766e+05
 1.64562922e+05 2.95021350e+06 5.66936367e+04 3.34553812e+05
 2.47782285e+04 4.79973125e+04 2.34166348e+04 1.53867828e+05
 2.45937280e+03 4.90287383e+04 1.71082875e+05 2.01256332e+01
 7.72450562e+05 3.55534938e+05 2.62379594e+05 9.69582969e+04
 3.29343945e+04 2.67082168e+04 9.76005703e+04 5.06051367e+04
 5.40339470e+01 4.33789406e+05 4.30988438e+04 9.00743312e+05
 6.33613906e+04 1.23821633e+05 2.71210281e+05 1.37613844e+05
 2.48097425e+06 1.55385975e+06 3.26112578e+04 9.89555500e+05
 9.53355312e+04 7.38128562e+05 2.74840820e+04 3.29721992e+04
 3.18659473e+04 1.48803031e+05 7.33416484e+04 2.56473047e+04
 4.66888594e+04 2.10873344e+05 3.05806725e+06 1.11402883e+05
 1.78962953e+05 6.13525430e+04 1.57811792e+03 2.85694395e+04
 1.05084492e+05 6.10830312e+05 3.30261500e+05 3.63070547e+04
 1.51650578e+05 4.52464766e+04 7.36383984e+04 9.09093875e+05
 3.84805844e+05 6.39520950e+06 9.26261328e+04 1.15623462e+06
 1.26142797e+05 1.41742234e+05 2.88277266e+04 2.53386562e+04
 4.01341219e+05 1.41421172e+04 3.59388623e+03 3.54846844e+05
 1.69279734e+05 7.66507438e+05 2.48724937e+01 1.99446781e+05
 5.03562852e+04 3.52729344e+05 6.05826484e+04 1.15764758e+05
 1.55348200e+06 1.03844398e+05 2.82660225e+06 1.04062703e+05
 5.37344000e+05 1.11640250e+05 3.44098281e+04 3.69606797e+04
 6.54351523e+04 9.12876328e+04 9.50555703e+04 8.69249750e+05
 3.16765215e+04 1.82376685e+03 5.79481000e+05 9.56840078e+04
 2.15296891e+05 3.02015812e+05 1.44675203e+05 3.51665094e+05
 8.40425703e+04 2.27997803e+03 3.00851348e+04 3.21722750e+05
 1.38005388e+06 1.64317383e+04 2.26577734e+05 6.87088312e+05
 1.24858406e+05 3.59161625e+05 1.83002715e+04 1.23644742e+05
 7.73439000e+05 1.32554891e+05 2.75563906e+05 5.44969688e+05
 4.83737594e+05 1.43393047e+05 4.77596844e+05 1.11088805e+05
 1.19326362e+06 1.43217662e+06 2.50270801e+03 1.07214453e+05
 1.27791988e+06 1.12862398e+05 4.80658781e+05 1.03522680e+05
 6.05366950e+06 1.09550500e+05 9.59500859e+04 8.91688750e+05
 1.65082175e+06 1.83551453e+05 5.50105156e+04 1.48418027e+04
 3.46810312e+05 7.78827000e+05 7.54232250e+06 1.10400836e+05
 7.29280703e+04 4.32032617e+04 7.82131094e+04 3.14494844e+05
 5.91144062e+05 1.25255148e+05 2.81111031e+05 2.78207056e+03
 2.42851602e+04 3.30972281e+05 5.00235938e+04 1.04769867e+05
 4.56067871e+03 1.48599350e+06 3.90867065e+03 1.30156094e+05
 2.17444727e+04 5.99391785e+02 1.07136393e+01 3.70178296e+03
 1.21865977e+05 3.64367852e+04 8.03489062e+04 4.50881172e+04
 2.80951980e+07 2.15281703e+05 1.81782234e+05 1.13227148e+05
 6.54891016e+04 6.48851953e+04 4.11083672e+04 5.57162188e+05
 1.80640430e+03 2.92429438e+05 3.03078750e+05 4.32707250e+05
 1.08485275e+02 2.31400547e+01 5.39561992e+04 4.16476000e+05
 1.91215047e+05 1.28713969e+05 1.44640808e+01 7.65119531e+04
 7.65363812e+05 4.93111875e+04 5.85343213e+03 1.39416625e+05
 2.30001343e+03 5.31538438e+05 3.15203301e+04 1.60794639e+04
 1.22263742e+05 2.20015266e+05 2.79973340e+04 9.99650781e+04
 8.48567676e+03 2.36222717e+02 1.80525031e+05 4.29811000e+05
 1.10218922e+05 3.99416016e+04 8.81973750e+04 6.59877438e+05
 1.01573492e+05 1.01108469e+05 3.82991406e+04 1.77349820e+07
 1.91150439e+03 1.49545547e+05 5.32405156e+04 1.02069775e+04
 2.47847090e+04 6.41471875e+04 1.28821388e+06 9.07536875e+04
 8.61463477e+03 1.75993531e+05 1.72915547e+05 3.61866758e+04
 9.97492438e+05 3.30498008e+04 2.25081875e+04 6.36397812e+04
 8.59005312e+04 1.14092812e+06 1.17075164e+05 3.17998344e+05
 2.08824281e+05 3.56222781e+05 1.34402307e+03 2.56311920e+02
 3.83195664e+04 5.03360156e+03 7.64586250e+04 1.37328057e+04
 3.96863984e+04 2.17886016e+05 8.71864062e+04 1.03637725e+04
 4.16813984e+04 2.18681688e+05 9.23609453e+04 2.35473775e+06
 1.05368195e+05 1.33567219e+05 9.52838047e+04 6.57240156e+04
 5.28372148e+04 9.04890078e+04 2.96646411e+03 1.12916689e+04
 4.38139336e+04 5.38459812e+05 1.46389094e+05 1.31396219e+05
 4.59530713e+03 1.16950852e+05 5.58720195e+04 1.04348691e+04
 3.65675273e+04 2.64421031e+05 1.07036560e+03 2.04256641e+05
 4.10253477e+04 6.90296797e+04 1.06402867e+05 3.24207578e+04
 6.53672891e+04 1.70783062e+05 1.62021211e+04 8.22906812e+05
 4.08605844e+05 2.66290293e+04 1.51463172e+05 6.39087773e+04
 2.41443457e+04 2.11522225e+06 2.27075750e+05 1.59351891e+05
 1.49928457e+04 1.78869556e+03 7.31029785e+03 6.80597312e+05
 1.15234477e+05 4.75982383e+04 1.03338857e+04 6.74980615e+03
 6.76951562e+04 6.76587656e+04 1.63628877e+04 1.83590344e+05
 9.42947062e+05 4.08647344e+05 1.15718828e+05 1.32347781e+05
 1.55464938e+05 3.05368156e+05 6.53810195e+04 7.36851328e+04
 2.72276587e+03 1.00545732e+04 1.31029609e+05 4.41610820e+04
 1.17363412e+06 1.01164703e+05 1.85275254e+04 8.85426797e+04
 1.19892549e+04 1.25397400e+06 9.23711328e+04 4.60993031e+05
 1.91273891e+05 5.12492383e+04 5.96407578e+04 2.00095031e+05
 9.40997375e+05 1.89160266e+05 9.41140391e+04 8.26808691e+03
 4.93407227e+04 8.98140781e+04 2.16331523e+04 8.83382188e+05
 2.01584047e+05 6.75663594e+04 6.04009912e+03 2.99144336e+04
 2.93041250e+06 6.78956688e+05 5.44826000e+05 4.46878203e+04
 7.19286641e+04 1.79058477e+04 5.85353062e+05 1.34192744e+04
 4.60906950e+06 5.38901133e+04 7.02413375e+05 4.36880906e+05
 3.33007188e+04 1.97726850e+06 2.68093359e+03 1.15930203e+05
 2.55758047e+04 1.09460791e+03 2.67092250e+05 4.88848516e+04
 6.84812422e+04 1.98132797e+05 2.03869938e+05 3.83189844e+05
 5.36411367e+04 1.44093277e+02 4.21196656e+05 1.30539561e+04
 2.98078625e+06 6.90078625e+05 1.50065107e+04 5.13498242e+03
 6.85257734e+04 1.53688594e+04 1.31512188e+05 7.16533594e+04
 3.80915406e+05 2.79784922e+04 4.72946445e+04 1.48172938e+05
 5.22712469e+05 6.06611250e+05 2.30120938e+05 7.73572969e+04
 7.54161625e+05 1.41481150e+06 1.30871212e+06 5.54859188e+05
 7.12659961e+03 3.19338875e+05 8.15261250e+04 5.96111445e+04
 3.49408219e+05 7.87322891e+04 5.62763828e+04 2.39790192e+02
 2.20716992e+04 2.58089156e+05 1.81940438e+05 6.41825547e+04
 3.63907031e+04 3.59218812e+00 1.26505242e+05 4.20506055e+04
 3.57509003e+02 1.82053329e+02 1.89137281e+05 6.80856562e+05
 1.96528281e+05 2.90510303e+03 1.31875344e+05 4.07282969e+04
 2.36245300e+07 9.41738672e+04 2.54313781e+05 1.66612695e+03
 4.28952734e+04 7.33372031e+04 1.31730605e+04 9.98072500e+04
 2.52738250e+05 1.00887628e+03 3.21899625e+05 1.96801016e+05
 1.09950812e+05 8.96449062e+05 1.56986391e+05 8.39039844e+03
 8.49450234e+04 5.16202695e+04 4.11113906e+05 1.17235758e+05
 1.92977781e+05 1.62599562e+05 1.01151695e+05 3.66982715e+03
 1.36885953e+05 7.17042529e+03 7.74114844e+04 2.52353188e+05
 5.24013047e+04 5.81836312e+05 4.46733188e+05 1.61286150e+06
 1.06087523e+05 1.19528469e+05 8.30026875e+04 1.00771600e+06
 6.71818047e+04 9.23459688e+04 1.77520188e+05 1.09608281e+05
 3.01303375e+05 7.97231328e+04 3.64960859e+04 1.76156025e+06
 1.61778094e+05 2.66650250e+05 6.39311485e+01 3.66968594e+05
 1.67094859e+05 1.98482266e+05 5.38092266e+04 9.40692734e+04
 6.29272812e+05 6.91693594e+04 1.61959750e+05 6.41829805e+04
 1.30633018e+04 1.80249812e+05 5.03220312e+04 9.12173340e+03
 3.93646875e+04 4.56858125e+04 7.12319482e+03 8.43704688e+04
 7.39088750e+04 3.91458702e+00 3.63299250e+05 5.09118945e+04
 1.01680300e+06 4.20437930e+04 1.21627312e+05 5.04463406e+05
 3.89277312e+05 6.62516250e+04 3.34391367e+04 1.15236953e+04
 1.86729250e+05 1.02406375e+05 9.78598125e+04 5.23530742e+04
 4.75090027e+01 2.54523320e+04 3.10518027e+04 1.51706888e+06
 2.12713225e+06 3.30838312e+05 8.69751812e+05 1.30595914e+05
 7.49080750e+05 1.35440688e+06 8.86469250e+05 5.12378296e+02
 5.32274922e+04 7.32688125e+04 8.16854541e+03 1.17322925e+06
 1.17286900e+06 1.47494019e+03 3.76871125e+05 3.37969453e+04
 2.84629156e+05 1.38072797e+05 1.06071540e+07 3.10203531e+05
 5.76378271e+03 3.32455859e+04 2.54572969e+04 6.78059453e+04
 1.51820297e+05 2.20159672e+05 9.57511953e+04 2.76714297e+04
 5.74614727e+04 1.05635176e+04 1.41466350e+06 4.75921719e+04
 3.04030844e+05 4.93185586e+04 3.71756250e+04 6.94825875e+05
 1.34793975e+04 2.88724512e+04 1.15636367e+05 2.57133406e+05
 2.74053555e+04 1.37179102e+04 1.33950100e+06 1.72288094e+05
 3.58983575e+06 4.39249727e+04 1.75545734e+05 4.48160586e+04
 5.47507617e+04 6.57856328e+04 5.21311914e+04 8.74851761e+01
 6.53127969e+04 6.72250586e+03 4.22387688e+05 4.57689023e+04
 1.05335047e+05 1.29282925e+06 2.54862750e+06 6.60304688e+03
 9.40791719e+04 3.25892150e+06 8.77191562e+04 5.10007891e+04
 9.03660078e+04 4.18362344e+05 1.97735531e+05 3.16249072e+03
 4.80003312e+05 1.15265445e+05 8.24552625e+05 8.68133875e+05
 7.37749312e+05 2.74972778e+02 6.73000000e+05 8.45599766e+04
 5.01812125e+05 1.61621812e+05 2.14510297e+05 6.53419062e+04
 9.44491328e+04 1.97280031e+05 3.76787148e+04 2.12850500e+06
 1.20310238e+06 1.24794483e+01 1.42370875e+05 3.91635703e+04
 8.27170312e+03 2.36421167e+03 1.71634875e+06 2.08824375e+06
 4.18092969e+04 4.19421211e+04 4.54961625e+05 1.38772188e+04
 1.05467939e+04 6.73466875e+04 8.06534297e+04 4.85266031e+05
 1.70341234e+05 6.50496289e+04 2.45483203e+05 6.10962266e+04
 1.32634562e+05 5.36406523e+04 8.29827891e+04 2.03236973e+04
 1.90988531e+05 9.63566484e+04 5.02587750e+05 4.39346406e+04
 7.96576406e+04 1.98326914e+04 1.29748625e+05 3.64901094e+05
 7.94005938e+04 3.88725273e+04 2.10442922e+05 3.10656680e+04
 1.13909922e+05 4.89997559e+03 4.97188500e+05 3.14261000e+05
 1.94735734e+05 2.84476844e+05 5.37342125e+05 1.30064962e+06
 5.56206494e+03 1.44923462e+06 2.01947828e+05 3.28721167e+03
 9.80202812e+04 5.03575688e+05 4.44987600e+06 3.72971969e+05
 5.92860000e+04 5.44505469e+04 8.67310547e+03 1.65102949e+04
 3.08272969e+04 6.97662422e+04 8.89816125e+05 1.09143750e+05
 1.01490612e+06 1.07485283e+04 4.26810547e+03 3.53815250e+05
 1.15562930e+05 1.57133453e+05 9.57843438e+04 4.95266031e+05
 3.12948828e+04 7.89502640e+01 8.23274453e+04 4.97674609e+04
 1.21896805e+05 1.05665562e+05 3.29508500e+06 1.06565925e+06
 2.85776675e+06 1.65095688e+05 1.91662930e+04 1.68133242e+04
 1.64464812e+05 7.59472578e+04 1.86300508e+04 2.26148398e+04
 8.60231172e+04 1.34472178e+04 3.78686156e+05 6.40325500e+05
 6.02121631e+03 1.44207383e+04 1.44114531e+05 1.41129078e+05
 4.57197656e+04 4.97991602e+04 1.77111094e+04 1.98976925e+06
 1.77084746e+04 9.42325897e+01 3.05338945e+04 1.42275953e+05
 3.31249781e+05 6.71667969e+04 4.89542578e+04 6.60277891e+04
 1.62561734e+05 1.26585828e+05 5.57302852e+04 3.67854961e+04
 2.67036250e+05 1.89694250e+03 1.02324502e+04 1.34566797e+04
 4.76507129e+03 1.29618844e+05 4.83242969e+04 4.54582050e+06
 1.11901664e+05 8.54873596e+02 2.04837168e+04 1.59991844e+05
 9.55628809e+03 2.99136641e+04 6.04579562e+05 4.94205547e+04
 2.43964121e+04 4.91152466e+02 4.23386211e+04 4.45572773e+04
 3.57981953e+04 1.35800061e+03 1.35690166e+04 3.67773984e+04
 1.57621453e+05 3.32383656e+05 4.22519531e+05 3.51808000e+05
 2.60736969e+05 2.59345098e+04 3.57935375e+05 1.23821950e+07
 4.67120500e+05 8.53657266e+04 9.45633750e+04 1.01294119e+06
 1.72328535e+04 8.95091113e+03 2.29370984e+05 2.65409414e+04
 1.80701680e+04 3.57124531e+04 1.04615398e+05 1.62574712e+06
 5.51149875e+05 2.21374492e+04 4.59389750e+05 5.56202500e+04
 6.49546000e+05 1.16543539e+05 1.59964062e+05 2.40949500e+05
 1.04281611e+04 4.21579023e+04 7.99670547e+04 1.78367578e+05
 3.17462500e+06 1.08510254e+04 5.57866750e+05 1.18411475e+04
 1.67067141e+05 7.95811829e+02 5.20326016e+04 2.28661840e+07
 3.37490469e+04 1.64030750e+05 1.29974229e+04 5.98031688e+05
 5.88587688e+05 2.82022406e+05 1.64696094e+05 1.04331288e+06
 5.29910547e+04 2.01162250e+05 7.48945625e+05 1.22754805e+04
 1.47541543e+04 1.22750336e+05 1.53289375e+04 1.15887393e+04]
509497.47
43769068.0
