[1.06182236e+04 1.75525330e+03 2.20285376e+03 2.78239594e+02
 2.69285840e+03 2.94599316e+03 1.43508618e+03 7.11678027e+03
 2.02183613e+04 1.29761389e+03 1.66516577e+03 1.09435312e+04
 2.06054395e+04 7.66844543e+02 4.37434692e+02 2.98467700e+03
 2.10882495e+03 2.51126050e+03 3.10439575e+03 4.73668086e+04
 3.36840723e+03 1.19153603e+02 2.93581750e+05 3.78003711e+03
 4.20332947e+02 2.49479551e+04 6.03644297e+04 2.40508911e+03
 3.26273163e+02 2.07807104e+03 2.61674414e+03 6.37964990e+03
 6.06411926e+02 3.55144336e+03 3.40239087e+03 6.13641434e+01
 3.53903271e+03 7.99087906e+01 2.53696313e+03 8.96547241e+02
 1.46033242e+04 2.59752258e+02 3.85136353e+03 6.43023730e+03
 2.58201367e+03 3.08764673e+03 2.47587573e+03 1.07584302e+03
 3.56818054e+02 2.09639375e+04 1.56049072e+03 2.01924561e+03
 5.57963745e+02 3.06289941e+04 2.52855786e+03 1.67598242e+03
 1.94097656e+03 1.99188652e+04 6.62752625e+02 3.17813916e+03
 1.22906309e+04 2.58354218e+02 1.71952478e+03 1.59128525e+02
 9.55549744e+02 7.11148047e+03 5.07395721e+02 1.82890601e+03
 2.23006470e+03 1.77635898e+04 8.51919189e+02 1.62594006e+03
 7.85721741e+02 8.12262878e+02 2.04629529e+03 8.29316309e+03
 5.61717383e+03 9.58838806e+02 1.08194092e+03 1.57863086e+04
 3.38026611e+03 5.33083191e+02 3.48995636e+02 2.83011572e+03
 1.51568024e+02 1.13432324e+03 1.39077759e+02 1.36037927e+03
 5.06542773e+03 3.41887256e+03 1.25633223e+04 2.14288418e+04
 8.65931580e+02 5.51045752e+03 1.02867133e+05 2.76255920e+02
 1.47106384e+03 4.86604248e+03 5.78033714e+01 6.09774292e+02
 5.56663867e+03 2.13532495e+03 1.28143408e+03 9.56464722e+02
 2.15096118e+03 1.34927704e+02 2.58689697e+03 1.13551965e+03
 3.26064185e+03 3.58293365e+02 2.09140405e+03 1.14163047e+04
 8.86256348e+02 1.56007312e+03 1.20141689e+04 8.21174133e+02
 1.04001746e+03 4.32680322e+03 8.90199805e+03 2.12668555e+03
 3.57479053e+03 2.42277954e+03 8.02479492e+03 1.95916855e+04
 4.95302686e+03 6.09718384e+02 1.73600195e+03 1.17393103e+03
 1.99346423e+03 1.82498267e+03 1.82927759e+03 1.32752710e+03
 3.51825659e+03 1.16035942e+02 1.76554187e+03 1.67228406e+03
 7.79539551e+03 1.31591736e+03 5.77390674e+03 4.30429230e+02
 7.01681982e+03 1.25192129e+04 1.22084648e+04 1.00711650e+04
 6.01132617e+03 6.25089783e+02 6.31082947e+02 9.18031055e+03
 5.99919629e+03 6.76418848e+03 6.40632935e+02 1.43078140e+02
 8.07928711e+02 3.70832214e+02 8.96433655e+02 3.00647437e+03
 9.22125427e+02 1.11280811e+04 1.19990308e+03 3.01517822e+03
 1.60375625e+04 8.48183960e+02 8.93273499e+02 1.01894452e+03
 3.66675842e+02 8.72450623e+02 7.29196777e+02 8.25453125e+02
 3.46289209e+03 1.89998206e+03 9.02507210e+00 4.88508881e+02
 1.35526868e+03 5.89060889e+03 1.60791394e+03 2.13742896e+03
 3.67531714e+03 1.50572266e+03 1.56403931e+03 1.05289902e+02
 1.59277275e+04 1.30391724e+03 1.72058438e+05 2.32432422e+03
 4.94909027e+02 1.59591296e+03 1.71883264e+03 9.55760681e+02
 2.46611133e+03 1.36037805e+03 8.16494727e+03 3.76402008e+02
 4.56624359e+02 2.70124072e+03 8.71984131e+02 1.71150720e+03
 6.52461133e+03 1.22767029e+03 5.99987549e+02 5.04423193e+03
 4.52507520e+03 5.72244824e+03 1.32071943e+04 3.43101471e+02
 1.41835664e+04 5.14485352e+04 1.33048303e+03 3.97231201e+03
 8.91718201e+02 1.41589233e+02 1.70766333e+03 1.65224194e+03
 2.36021214e+01 8.00952002e+03 3.01653784e+03 9.79379211e+02
 2.08201514e+03 1.82582825e+03 5.86054053e+03 1.45607178e+03
 6.61724731e+02 2.24194092e+03 1.32432825e+03 3.04411660e+04
 2.70886670e+03 2.39197485e+03 9.93224060e+02 7.43018372e+02
 1.58252930e+03 1.16018291e+04 2.78821436e+03 1.74297192e+03
 1.80750012e+03 1.76656787e+03 1.14339087e+03 1.22227588e+04
 2.00949377e+03 4.77555206e+02 2.06022293e+02 1.94909058e+03
 1.16078965e+04 5.29580017e+02 3.33639844e+04 5.10971484e+03
 1.05760681e+03 6.77841602e+03 6.83001328e+01 1.69940601e+03
 5.73677295e+03 6.04981758e+04 6.54399231e+02 6.50670593e+02
 1.19804419e+03 2.03296753e+03 3.36484839e+03 1.56236035e+03
 2.41795630e+03 1.12077051e+03 3.66648834e+02 2.60870898e+03
 2.29946265e+03 7.04082080e+03 9.90619727e+03 3.61905945e+02
 6.09157181e+01 4.16575684e+02 1.26890588e+03 2.33378638e+03
 1.57526406e+04 9.23363708e+02 2.13938989e+03 1.29639043e+04
 5.83576477e+02 6.91950256e+02 4.47910187e+02 3.11525366e+03
 5.98857930e+04 2.30600527e+04 5.94045654e+03 6.14841484e+04
 1.14073096e+03 7.06640771e+03 1.07848633e+03 1.37420435e+03
 5.63570129e+02 4.03044464e+02 4.45206396e+03 1.73922400e+03
 8.45958618e+02 8.28496680e+03 6.99982109e+04 1.93448715e+02
 7.93282349e+02 7.37487122e+02 1.09038782e+03 2.07392487e+02
 1.98981018e+03 3.28760840e+03 9.68210156e+03 1.04677991e+03
 1.72100415e+03 1.23039001e+03 8.55982727e+02 3.38742227e+04
 9.60411911e+01 1.66015656e+05 7.48935425e+02 1.10870234e+04
 1.45078381e+03 1.31000171e+03 8.36952026e+02 1.71179944e+03
 4.14274180e+04 1.38873792e+03 4.88885193e+02 9.70106689e+02
 3.63380646e+02 1.03356631e+04 2.63323608e+03 2.11154531e+04
 1.55410315e+03 7.37794482e+03 2.40292529e+03 1.99517761e+03
 9.53404883e+03 5.13257141e+02 4.53830078e+04 1.35900781e+03
 8.86452148e+03 4.69560400e+03 1.99953918e+03 9.85165283e+02
 4.98522224e+01 9.74422607e+02 2.51569800e+03 3.93192773e+03
 9.43888367e+02 1.53015955e+03 1.25062500e+04 1.31497314e+03
 2.35051807e+03 1.42994202e+03 2.50986328e+03 3.71323303e+02
 8.35107239e+02 2.61049255e+02 5.00112396e+02 7.11664795e+03
 9.06339453e+03 1.17434778e+03 7.47920020e+03 6.20857227e+04
 3.37688403e+03 2.25026050e+03 2.10099121e+03 4.79735718e+02
 9.28849414e+03 2.09070435e+03 1.92564539e+03 8.32816711e+02
 1.07167266e+04 7.46229688e+03 1.42511299e+04 6.41615662e+02
 1.85344570e+04 8.32622559e+03 9.19244507e+02 1.74212769e+02
 2.04964336e+04 5.58442578e+03 1.21716689e+04 1.58535364e+03
 1.64655016e+05 8.79532532e+02 3.75457227e+03 5.50556445e+03
 1.84171504e+04 2.37449316e+03 2.66039917e+03 8.34752930e+02
 5.60547510e+03 9.54934006e+01 3.36867944e+03 3.96523657e+03
 2.25883960e+03 3.74988281e+03 1.10684448e+03 4.19249316e+03
 2.09453516e+03 2.28710571e+03 6.44628564e+03 9.48585693e+02
 5.13942139e+02 4.96736963e+03 3.03219189e+03 2.49620459e+03
 4.17297760e+02 1.10052568e+04 2.43585864e+03 2.73943379e+04
 3.53370453e+02 2.39671448e+02 8.52671875e+02 2.77632660e+02
 1.39355652e+03 3.21561621e+03 6.60964844e+02 2.28934595e+03
 4.48292906e+05 2.03947217e+03 7.43324097e+02 1.44223486e+04
 7.31072852e+03 9.46118958e+02 5.43759326e+03 1.24399707e+04
 1.87036230e+03 4.08772778e+03 5.96953308e+02 6.87580615e+03
 5.33999951e+03 1.05287964e+03 1.66391565e+03 3.75748755e+03
 1.43481250e+03 9.27824341e+02 1.85455029e+03 3.86724030e+02
 3.80596680e+03 5.85508203e+03 6.25124817e+01 7.47893652e+03
 1.49697827e+03 1.78823105e+04 3.96976357e+01 6.73823120e+02
 2.20006250e+03 1.58610474e+03 1.12745642e+03 2.67815674e+03
 2.27984277e+03 8.61279480e+02 8.56167969e+03 5.37255615e+03
 5.07428833e+02 2.50527512e+02 1.12503601e+03 4.46640723e+03
 1.15358911e+03 5.19200684e+03 5.33869019e+02 3.25838031e+05
 1.10371924e+03 2.98634521e+03 3.54838428e+03 2.40517603e+03
 1.17647485e+03 1.45972687e+02 1.72876094e+04 1.34949695e+03
 1.27629105e+02 1.66803430e+03 8.34130005e+02 1.43497131e+03
 3.41069824e+03 1.03323340e+03 1.02170471e+03 1.81036194e+03
 1.83501440e+03 1.59970693e+04 1.68736438e+03 5.13662415e+02
 1.30844299e+03 2.57455078e+02 1.00182745e+03 1.25238379e+04
 9.95139648e+02 2.56399231e+02 4.03159271e+02 4.60059296e+02
 1.18725655e+02 7.45371643e+02 1.99330432e+03 2.43230200e+03
 1.87502625e+03 1.95264771e+03 9.37781982e+02 4.37297314e+03
 6.80435913e+02 1.01497632e+03 1.54932556e+02 5.46891650e+03
 4.92572418e+02 3.44564526e+03 4.82582581e+02 5.08973663e+02
 3.09932041e+01 1.17642070e+04 1.58886646e+03 8.85536682e+02
 8.89036621e+02 2.60886304e+03 5.45168701e+03 7.46816467e+02
 2.86319305e+02 2.30741260e+03 1.64972183e+02 7.06633838e+03
 1.44972461e+03 1.41548279e+03 7.53734619e+02 5.14677832e+03
 8.80572266e+02 2.23441260e+03 3.29247144e+03 1.38382373e+04
 1.17250918e+04 6.64506409e+02 1.91732010e+02 2.23255933e+03
 7.77622604e+01 2.71619414e+04 2.60809570e+03 1.66222754e+03
 2.36296021e+03 2.89238586e+02 1.34763416e+03 5.55851855e+03
 1.52795679e+03 4.89125031e+02 1.27172107e+03 5.15212891e+02
 7.58193298e+02 3.51456360e+02 1.04073938e+03 1.93453784e+03
 7.25369873e+03 9.83676367e+03 2.65102215e+01 4.01362866e+03
 5.29656921e+02 1.74874219e+04 1.22203903e+01 1.40438342e+03
 1.05605614e+02 8.80381409e+02 4.66113818e+03 3.96390015e+02
 1.85784961e+04 9.95885071e+02 1.37314258e+03 1.52285278e+03
 1.38418994e+03 2.14056738e+04 1.22054675e+03 5.98147363e+03
 1.94269006e+03 1.34584827e+03 6.74339355e+02 1.21711536e+03
 9.05833374e+02 1.67796582e+03 1.89665869e+03 3.84362671e+03
 2.72413544e+02 1.81739490e+03 5.61165588e+02 7.68281250e+03
 4.08050781e+03 7.33436279e+02 6.38283020e+02 7.96122818e+01
 1.68585176e+04 7.46379883e+03 4.02126068e+02 3.14125073e+03
 4.02273132e+02 7.00479614e+02 2.35028760e+03 1.69994666e+03
 2.59973438e+04 1.77777319e+03 2.91691895e+03 8.38693359e+03
 4.51415088e+03 1.69986484e+04 6.71447449e+02 3.67710846e+02
 1.74886475e+03 2.85399854e+03 7.26426270e+02 3.53065747e+03
 3.87875220e+03 2.54809155e+03 9.12945605e+03 1.00714414e+04
 9.35766846e+02 1.87814062e+03 7.28657227e+03 1.54644348e+03
 1.51919238e+04 2.35241797e+03 1.09385852e+03 4.69315765e+02
 2.19134595e+03 7.35539615e-01 2.11047095e+03 1.13889844e+03
 7.58930664e+03 5.46010303e+03 5.59568054e+02 2.83451123e+03
 9.05209863e+03 5.95391418e+02 9.91335266e+02 1.04971851e+03
 1.89305000e+04 7.39473486e+03 2.36249707e+03 3.28091333e+03
 7.55362976e+02 3.00520966e+02 7.04653809e+02 1.05699377e+03
 1.80301514e+03 2.85885913e+03 1.75049316e+03 7.22006348e+02
 5.54506950e+01 3.09862378e+03 6.31227295e+03 2.84456268e+02
 2.41625513e+03 2.05359009e+03 1.14288074e+03 1.79779846e+03
 2.48563647e+03 2.22558936e+03 4.10699072e+03 1.18234150e+04
 1.43550339e+02 2.37033276e+03 1.66293384e+03 2.24374683e+03
 3.89775742e+04 1.53184924e+03 3.57190479e+03 1.05429121e+04
 1.10313708e+03 5.92363525e+02 7.04575928e+02 2.35365137e+03
 6.10262939e+03 1.19441724e+03 6.33515259e+02 3.94143481e+03
 1.07495544e+03 3.07279336e+04 1.85321716e+03 8.45179932e+02
 1.79753052e+03 1.05892686e+04 2.63088818e+03 1.33714575e+03
 2.44663940e+03 1.02893701e+03 1.55064966e+03 1.95705688e+03
 1.06240662e+03 3.22666846e+03 1.69677031e+04 9.66706909e+02
 3.80283691e+02 1.02723425e+03 8.04758447e+03 1.44449668e+04
 1.52185596e+03 2.12456982e+03 3.14982935e+03 1.13676377e+04
 6.65293701e+02 2.31525879e+02 2.15779980e+03 1.10989456e+02
 7.49332324e+03 1.83566907e+03 1.41344934e+03 1.67058203e+04
 6.95826782e+02 4.19867627e+03 2.56342310e+03 2.78569995e+03
 7.08431885e+02 3.73294385e+03 6.13660583e+02 2.55537964e+03
 3.11771738e+04 1.13175256e+03 2.89730103e+02 8.30975708e+02
 1.58440967e+03 1.68433875e+03 1.20900708e+03 3.35991364e+02
 9.22881165e+02 5.27132129e+03 4.78603096e+01 1.34421997e+03
 1.93733826e+03 1.31320544e+03 8.42765625e+03 1.98943396e+03
 1.03593779e+04 3.91772485e+03 2.31766016e+03 1.01865703e+04
 8.61759375e+03 3.80441437e+02 2.08549316e+03 1.63108936e+03
 2.31055591e+03 1.36636353e+03 1.29196460e+03 7.41624707e+03
 1.15276344e+02 1.07236597e+03 8.35108789e+03 3.34449072e+03
 1.80239343e+03 1.62092334e+03 1.00164844e+04 3.24190967e+03
 1.24312695e+04 7.07399316e+03 8.51200684e+03 2.95411743e+02
 9.14709778e+02 3.47887115e+01 7.59864795e+03 3.71575610e+03
 5.55141895e+03 1.13561011e+03 6.26233643e+03 2.16296167e+03
 6.74632812e+03 4.25918945e+03 1.25452312e+05 3.10067432e+03
 1.41015894e+03 1.50217273e+03 4.60003164e+04 1.34334363e+03
 2.49009009e+03 2.13573804e+03 7.71330200e+02 1.11812225e+02
 1.21221655e+03 2.63789209e+03 4.96247754e+03 8.70040588e+01
 3.53276782e+03 6.34552917e+02 6.59609436e+02 7.63478564e+03
 1.33665085e+02 1.80402100e+02 1.40466821e+03 4.24106787e+03
 8.69119141e+02 2.31016602e+03 6.07015967e+03 7.49040186e+03
 9.96735645e+03 2.57990967e+03 4.21894629e+03 1.32198193e+03
 2.90217571e+01 2.54142334e+03 1.47919751e+03 1.49684558e+03
 2.00235193e+03 2.43735059e+03 1.06928455e+03 1.49992017e+03
 1.82541724e+03 3.17475800e+02 5.06005322e+03 4.59352539e+02
 1.66307690e+03 3.61654414e+04 7.95098633e+02 9.66191162e+02
 2.20677853e+01 4.15965210e+02 3.18358667e+03 3.47383252e+03
 1.01189199e+04 3.02684302e+03 4.39799268e+03 7.74967712e+02
 3.40775610e+03 1.07586084e+03 3.49024683e+03 2.45384619e+03
 5.06598047e+03 4.24095996e+03 2.46031860e+03 6.88900452e+02
 1.19694290e+02 2.03443188e+03 3.91682617e+02 4.27921836e+04
 6.28232520e+03 2.13232129e+03 2.32695605e+03 1.03478979e+03
 9.29993469e+02 2.97582886e+02 1.20056211e+04 1.78438242e+04
 3.30965625e+03 1.30574524e+03 8.97042676e+03 1.71395004e+02
 1.44280996e+04 4.70791846e+03 1.68106702e+03 1.76890369e+03
 4.14408984e+03 6.38735352e+02 2.47129785e+03 1.74477852e+04
 6.18090869e+03 1.74203809e+03 2.95082283e+01 1.06829712e+02
 5.06499365e+03 9.40609558e+02 1.63429492e+04 6.67356506e+02
 1.72936755e+03 2.15271069e+03 2.44818530e+03 6.83676250e+04
 1.78692249e+03 5.86977051e+02 5.66165283e+03 5.04674561e+02
 4.04651070e+01 1.06109814e+03 3.36697559e+03 1.50253894e+03
 3.89208008e+03 6.06952820e+02 9.19779590e+03 5.17200000e+03
 3.38419580e+03 2.71428867e+04 2.00810327e+03 1.25948059e+03
 2.32870645e+04 9.22814453e+03 2.57930234e+04 3.92534973e+02
 1.53028748e+03 3.87036157e+03 1.64148511e+03 7.78200012e+02
 4.40109521e+03 1.21351050e+03 1.16138848e+04 1.01759839e+03
 3.09560449e+04 1.59349976e+02 1.08561194e+03 9.81861206e+02
 3.83694344e+01 3.52370068e+03 8.46102966e+02 4.93065381e+03
 5.92926941e+02 2.94252075e+03 2.20849072e+03 3.47431201e+03
 8.58430273e+03 6.60356689e+02 8.58879785e+03 3.86772852e+04
 6.93713828e+04 1.86176794e+03 1.70147705e+03 3.39680695e+02
 6.86334668e+03 6.90187622e+02 1.75865881e+03 1.77552155e+02
 4.84148010e+02 1.10484290e+03 6.41255188e+02 5.89372742e+02
 4.26945215e+03 5.98592529e+02 2.33444916e+02 8.58159302e+02
 3.76409668e+02 9.75734131e+02 3.97851904e+03 3.17877715e+04
 7.13869141e+02 9.74502539e+03 1.75127502e+03 5.26330566e+03
 3.27874902e+03 1.18383716e+03 2.51423584e+03 7.07048682e+03
 1.10106287e+03 3.94862976e+02 6.78343994e+02 9.72515381e+02
 1.44909277e+04 1.77100024e+03 2.84485889e+03 7.53692566e+02
 4.50720825e+02 6.14883838e+03 7.74148315e+02 5.17208984e+04
 3.62072327e+02 2.89617993e+03 2.80780518e+02 1.32612158e+03
 1.73454150e+03 3.87805977e+01 5.18939697e+03 3.18914490e+02
 1.82028967e+03 1.02424487e+03 9.85229736e+02 3.05873804e+03
 5.18727930e+03 1.07803479e+03 1.01145093e+03 2.98342993e+03
 2.33971008e+02 3.70942480e+03 1.12577295e+04 2.50184668e+03
 1.75684534e+03 2.60995410e+03 6.11465186e+03 7.28958500e+05
 8.50395996e+03 9.21954773e+02 1.47198242e+03 4.56941719e+04
 3.23864166e+02 8.16390259e+02 1.27433633e+04 4.62409973e+02
 1.99813135e+03 1.24842847e+03 1.17741895e+03 6.62456543e+03
 8.51383105e+03 6.48433594e+02 8.55903381e+02 3.42478125e+03
 1.96974473e+04 6.33942627e+03 1.87136829e+03 3.08323608e+03
 1.31090942e+03 9.14534424e+02 4.80100464e+02 1.36680750e+03
 4.43285664e+04 2.75873853e+03 1.28593726e+03 7.21369629e+02
 9.81816345e+02 4.02797272e+02 7.20441040e+02 8.12516260e+03
 1.31212439e+03 4.54929834e+03 5.32409668e+02 1.65018539e+01
 5.88581641e+03 1.84794388e+01 7.81091675e+02 3.50493896e+03
 1.75738049e+03 1.05259509e+03 1.55330908e+03 9.45933301e+03
 4.97366272e+02 1.43159656e+03 1.29149280e+03 1.20810156e+03]
