[5.62239075e+02 9.23639069e+01 1.68956494e+03 4.14118701e+03
 1.15763232e+04 2.14170471e+02 8.01002563e+02 1.80426453e+02
 5.34477852e+04 1.33930920e+03 4.39901318e+03 1.11202617e+04
 1.00965479e+04 1.69746536e+02 1.77336365e+03 1.08714954e+03
 1.56998984e+04 8.88465405e+00 4.83316504e+03 2.30226836e+04
 2.54171997e+03 7.42522583e+02 2.21090078e+05 3.33846045e+03
 1.68740753e+02 1.01557635e+03 8.06009844e+04 2.67129395e+02
 1.29006824e+03 4.28544998e+01 4.41683887e+03 4.93365088e+03
 7.98164307e+03 1.16754541e+03 1.77988245e+03 1.19640358e+02
 3.07206604e+02 1.96180164e+03 9.95761353e+02 8.54452881e+02
 1.32853213e+04 6.97219043e+03 1.49134307e+04 5.21065796e+02
 2.08583374e+03 2.35357251e+03 5.08361740e+01 5.46862526e+01
 7.33436426e+03 1.78856055e+04 8.37929382e+01 2.78065479e+03
 1.44605743e+02 9.53486562e+04 2.72894727e+03 6.46637085e+02
 5.99576611e+03 3.42793018e+03 7.55933594e+02 7.17631302e+01
 3.95683984e+03 6.67526367e+03 2.34368750e+03 5.06674767e+01
 9.13938751e+01 1.07348120e+03 1.24916016e+03 5.27053589e+02
 2.57228491e+03 2.04790027e+03 2.13631592e+01 1.02965747e+03
 8.12513855e+02 1.89283966e+02 2.39709082e+03 3.60798145e+03
 3.52038354e+03 1.09308623e+04 4.25349396e+02 2.65226523e+04
 7.28836243e+02 2.16931079e+03 2.78410431e+02 2.11376343e+03
 5.67749219e+03 3.41175781e+02 3.15549341e+03 2.11268501e+01
 9.09053162e+02 3.73492822e+03 1.29973608e+03 5.45343594e+04
 4.81034607e+02 2.37831470e+03 1.21582547e+05 1.53534912e+03
 1.01122491e+03 1.30108521e+03 6.90626526e+02 9.56777649e+01
 5.49236230e+03 3.89260669e+03 8.82305679e+01 1.51740082e+02
 2.04449463e+03 2.69857880e+02 3.10730255e+02 2.55411792e+03
 9.12423767e+02 5.14169250e+02 5.87976723e+01 6.86931787e+03
 2.90074438e+03 1.00626976e+02 3.20151270e+03 8.47189636e+02
 1.86669189e+02 1.15511602e+04 1.41403516e+03 1.29487439e+03
 1.35703479e+03 4.94014111e+03 4.43927979e+03 5.92702656e+04
 4.54304565e+02 8.22442444e+02 8.25541809e+02 1.03551721e+03
 7.09989685e+02 5.94276245e+02 3.40402905e+03 3.89053802e+01
 3.34093658e+02 6.57280121e+01 1.23664032e+02 8.91342590e+02
 2.17893707e+02 6.04456543e+02 3.62471021e+03 9.53099731e+02
 3.11930396e+03 2.43232147e+02 6.77363721e+03 2.45477539e+03
 4.50008691e+03 3.46074493e+02 6.69030762e+02 8.24627075e+02
 1.15965332e+04 2.58807266e+04 2.31106522e+02 1.41395569e+03
 8.26960144e+02 1.87284958e+02 4.38328369e+02 2.77696533e+02
 8.02829956e+02 1.13186255e+03 2.94768677e+01 1.45806650e+04
 1.30873145e+04 9.51507080e+02 5.14900940e+02 6.26359619e+02
 1.85411377e+02 6.31651367e+02 2.25715759e+02 1.76411292e+03
 6.04667542e+02 1.89823938e+03 3.32274170e+02 1.72290112e+03
 7.92864685e+01 4.78536041e+02 1.48525159e+03 3.45075586e+03
 3.40165771e+03 8.20366943e+02 6.64510742e+02 1.76694590e+04
 1.36809531e+04 3.44772369e+02 1.36285531e+05 6.79060107e+03
 1.42258374e+03 1.04398572e+03 5.50773430e+01 2.49026147e+03
 5.12489868e+02 6.08923912e+01 8.62489319e+02 4.63563782e+02
 4.49811211e+01 2.52082962e+02 2.44257642e+03 6.98857727e+02
 1.06910615e+04 1.29219812e+03 2.75309258e+01 1.03017461e+04
 1.74590332e+03 4.89253906e+03 3.37290186e+03 9.48277161e+02
 7.48590137e+03 9.36778750e+04 1.73187573e+03 2.50817676e+03
 1.00668683e+03 1.37110046e+03 1.63863342e+02 2.99470337e+03
 3.55466194e+01 9.41253027e+03 4.58015576e+03 4.51051056e+02
 1.59038544e+02 1.00638781e+01 8.67080957e+03 2.12959229e+03
 1.06436353e+03 1.14105591e+03 2.20098297e+02 3.30551514e+03
 2.59501709e+02 3.47226166e+02 1.39079871e+03 2.65467987e+02
 1.26966286e+02 1.14228916e+04 9.73838074e+02 3.21821075e+02
 1.02253058e+03 4.76328320e+03 1.71097839e+02 2.95914429e+03
 5.11751129e+02 6.15142273e+02 1.80178055e+02 2.06796069e+03
 1.24105273e+03 3.63252106e+02 3.09211694e+03 9.09073120e+02
 3.04357861e+03 3.13738965e+03 6.97551819e+02 5.90466016e+03
 3.06314575e+02 1.46392451e+04 2.11601410e+02 5.00463428e+03
 7.53961060e+02 8.03314896e+01 6.08521545e+02 1.91038220e+03
 2.02376465e+03 7.67543213e+02 1.23058130e+03 8.98248779e+02
 6.20842432e+03 9.59209082e+03 2.08537305e+03 8.94215637e+02
 2.51769058e+02 1.60512024e+03 5.67460327e+02 5.32383105e+03
 5.11605371e+03 1.63660413e+03 9.21247559e+01 1.42762236e+04
 1.10096240e+03 1.00633350e+03 3.33660781e+04 3.92455859e+03
 6.73518359e+03 8.10611084e+03 1.89982407e+02 3.24497246e+04
 9.06847473e+02 3.04505341e+02 3.64518768e+02 1.88144641e+03
 6.55887268e+02 3.28662207e+03 9.88768677e+02 4.75118018e+03
 1.35963547e+02 2.84562427e+03 2.63168848e+04 3.36907074e+02
 2.89744995e+02 7.05097290e+02 2.46014938e+01 9.73219528e+01
 3.64331421e+03 5.69974707e+03 7.31127734e+03 2.89944489e+02
 1.05481226e+03 5.60777283e+02 1.40368906e+04 1.42951533e+04
 6.52533252e+03 1.53974891e+05 2.71537427e+03 2.57341270e+04
 7.97852173e+02 1.78266003e+03 2.33214203e+02 1.64388135e+03
 9.51398672e+04 8.02701843e+02 3.70854706e+02 6.95438721e+03
 1.59233228e+03 1.36056995e+03 1.64574234e+02 7.64163135e+03
 2.05520996e+02 5.94895081e+02 7.84437317e+02 3.38677295e+03
 2.03138730e+04 3.27872620e+02 4.35889258e+04 9.38005249e+02
 5.72926392e+02 2.12656523e+04 1.21330261e+03 7.63261963e+02
 1.49546738e+02 1.74587708e+03 7.81557190e+02 1.31729333e+03
 1.07944897e+03 1.99237156e+01 6.91338037e+03 1.15913220e+03
 2.75911804e+02 8.83768750e+03 3.41279810e+03 1.02046777e+04
 2.05089038e+03 9.30451889e+01 1.05372705e+01 1.67424219e+03
 4.25829834e+03 3.08228207e+01 6.15470605e+03 1.68872129e+04
 3.25192212e+03 2.51021729e+03 2.09790747e+03 2.61036926e+02
 3.48820776e+03 9.81188599e+02 6.74331396e+03 2.71380676e+02
 1.52694348e+03 3.99026147e+03 5.22218604e+03 1.02442032e+02
 4.05573086e+04 3.50480000e+04 5.16172913e+02 1.97157874e+03
 2.52653086e+04 4.74203888e+02 1.40719849e+03 8.57227539e+03
 6.54526055e+04 1.52040878e+02 3.29084473e+03 1.57708281e+04
 3.43850664e+04 8.25489844e+03 1.89189163e+02 7.84486267e+02
 7.46919434e+03 7.28277979e+03 4.28647422e+04 1.52584546e+03
 3.21677271e+03 3.47669189e+02 1.76771866e+02 9.69261475e+01
 7.78646387e+03 1.39168604e+03 4.03869570e+04 6.34649353e+01
 8.97660732e+00 9.87577026e+02 4.11217480e+03 1.62186560e+03
 5.99876465e+02 2.89623105e+04 5.52345581e+02 3.43628833e+03
 1.08505417e+02 4.42491895e+03 1.73106140e+02 4.76251617e+02
 3.21985245e+01 1.47210010e+03 9.45512009e+01 1.44149622e+03
 8.22316953e+04 2.82635352e+03 2.47805786e+02 1.11509688e+04
 2.58998096e+03 2.01673752e+02 1.17602520e+04 1.28973760e+04
 1.09984424e+03 1.97195825e+03 5.84376465e+03 1.09170935e+03
 1.08962070e+04 2.16288452e+02 1.34343335e+03 3.10324707e+03
 3.95407202e+03 9.06422607e+02 9.79810242e+02 1.06900513e+03
 6.84062317e+02 1.12906416e+04 1.64375488e+02 1.91083936e+03
 2.19784863e+03 1.76631750e+03 6.70581848e+02 2.40212524e+02
 5.86387573e+02 2.05446387e+03 7.84931641e+02 1.40054407e+03
 2.02857300e+03 3.79035675e+02 3.60768250e+02 2.25028882e+03
 5.62874146e+01 1.54267609e+02 7.32561569e+01 2.80366821e+02
 3.48418030e+02 6.97501221e+01 4.74764923e+02 1.88925766e+05
 1.53358093e+02 1.31882451e+04 2.21109943e+01 2.22799011e+02
 4.28676361e+02 8.19997314e+02 2.03016919e+03 1.28032257e+02
 8.52474060e+02 7.80874390e+02 1.68445953e+02 8.20748108e+02
 4.67122998e+03 1.93612995e+01 1.31370447e+03 1.00898694e+03
 4.96893738e+02 7.51317261e+02 6.94808167e+02 6.96902295e+03
 4.05425018e+02 7.12303174e+03 1.51648453e+02 7.72420605e+03
 1.00635208e+02 1.21784192e+03 4.87761139e+02 5.30843689e+02
 2.52425049e+03 3.70584229e+02 4.94470306e+02 2.08130322e+03
 8.41903748e+02 3.31754785e+03 1.66942551e+02 3.91877637e+03
 5.04642181e+02 1.96367462e+02 2.79282666e+03 5.89916199e+02
 2.11360815e+03 1.32242249e+03 5.55131653e+02 8.48420258e+01
 5.58187134e+02 3.14509414e+04 1.02930835e+03 8.99854187e+02
 6.96779175e+02 1.05718640e+03 3.58133691e+03 1.89899872e+02
 2.87412354e+02 1.50554031e+02 2.07777481e+02 3.21108496e+03
 6.40141754e+01 4.96737671e+02 1.99680347e+01 1.82138220e+03
 7.21274658e+02 1.47408289e+03 2.52590356e+03 1.33676123e+04
 1.74256523e+04 2.70063782e+02 1.46539932e+04 8.49629944e+02
 2.08717651e+02 5.53658350e+03 2.69334930e+02 3.24270459e+03
 2.99905933e+03 3.75933952e+01 1.99765949e+01 2.22186539e+02
 1.37273364e+03 2.82234814e+03 1.29092737e+03 2.54278793e+02
 7.45488464e+02 1.09853088e+03 2.64746887e+02 4.47407043e+02
 9.53171875e+03 5.16243848e+03 2.44322952e+02 4.90939062e+03
 8.46038477e+03 1.68152812e+05 4.94430084e+01 1.67525342e+03
 1.50953690e+02 5.68291016e+02 1.99190906e+03 5.25192444e+02
 8.25384766e+02 5.06930420e+02 3.69639343e+02 1.72216934e+02
 1.35138657e+02 8.04512422e+04 1.40147964e+02 6.66536865e+03
 8.94484436e+02 1.78495239e+03 6.49318726e+02 6.97834290e+02
 5.77458105e+03 1.47828552e+02 1.10871643e+03 2.54112061e+02
 7.29028244e+01 4.18628711e+03 4.46484558e+02 1.14228252e+04
 1.67127515e+03 2.97655457e+02 8.19150146e+02 2.43265396e+02
 5.19247812e+04 3.46862451e+03 1.36111548e+03 5.67641406e+03
 1.88397995e+02 3.16659351e+03 8.95009277e+03 2.37419144e+02
 5.17597344e+04 6.56929810e+02 6.61477588e+03 3.02194550e+02
 2.15527734e+04 3.23786074e+04 8.55177124e+02 1.92966956e+03
 1.64648865e+03 3.44960724e+02 2.53785864e+03 2.55069482e+03
 5.68189160e+03 1.89132065e+02 2.15573462e+03 4.84495654e+03
 9.18098511e+02 3.84323822e+02 2.82477563e+03 2.76851837e+02
 1.23249053e+04 4.76031201e+03 2.27476471e+02 1.05018471e+02
 1.01679004e+04 5.11121887e+02 7.94027588e+02 1.70330185e+02
 1.66858679e+03 3.72857129e+03 5.45935303e+02 4.39499786e+02
 5.43962988e+03 8.10333154e+03 4.23353546e+02 1.65285388e+03
 2.30817207e+04 1.37763857e+04 4.06519971e+03 1.84700854e+03
 1.07907555e+02 4.70541895e+03 7.90676208e+02 1.92050232e+02
 2.12828125e+03 2.45727148e+03 6.12001172e+03 4.51661316e+02
 8.76455688e+02 7.98479736e+02 7.88885693e+03 2.71320801e+02
 2.47668839e+02 3.02029297e+03 1.92155957e+03 8.29569244e+01
 3.27278809e+02 8.28187378e+02 3.59064941e+03 9.73829297e+03
 2.75358691e+03 1.89833374e+03 1.18730908e+03 2.48443286e+03
 1.79817266e+05 1.82873840e+02 2.30891089e+03 9.72867676e+03
 6.69289673e+02 5.65834900e+02 8.08142822e+02 1.01612445e+03
 1.14894495e+03 1.63716385e+02 1.15356677e+03 1.34314148e+03
 2.44805344e+02 1.66700645e+04 1.14250496e+02 5.03756104e+02
 8.36496155e+02 5.24583130e+02 8.24863379e+03 8.51459412e+02
 8.37288269e+02 1.34481189e+03 1.03933252e+03 1.22590710e+03
 2.15063599e+02 1.09824150e+04 3.24225527e+04 2.39321631e+03
 7.19401550e+02 4.68367822e+03 7.70975439e+03 1.59663955e+04
 7.06096130e+02 2.42668076e+01 1.97692676e+03 9.56100098e+03
 1.49002045e+02 3.37152802e+02 2.21496368e+02 8.33391495e+01
 1.32652441e+03 2.42830296e+01 2.06177277e+02 2.34320762e+04
 5.71765175e+01 4.41751270e+03 2.58234277e+03 1.25237122e+02
 1.97329712e+02 3.28178772e+02 1.36438644e+02 4.34333611e+01
 5.30131897e+02 1.47447375e+03 4.69595581e+02 2.07214258e+03
 4.52478058e+02 1.29997864e+03 1.74703903e+02 1.95937996e+01
 5.40468073e+00 1.76037201e+02 2.39777008e+02 1.28071680e+03
 6.80013721e+03 6.97531982e+02 2.93157178e+03 5.70176125e+00
 1.27905508e+04 1.68976035e+04 3.89460938e+02 1.74011309e+04
 3.55016553e+03 7.30830994e+01 2.10527039e+02 1.42973251e+01
 1.05617297e+03 1.81512024e+02 1.88696243e+02 3.04342090e+03
 4.73954498e+02 2.66450513e+03 6.20493018e+03 3.52226514e+03
 1.63901211e+04 2.32864655e+02 7.29462354e+03 3.12054047e+02
 1.39631042e+03 2.11658633e+04 4.47184717e+03 2.58096962e+01
 8.05467072e+01 4.92170105e+02 8.94215637e+02 8.67036621e+03
 1.58443701e+04 2.65856598e+02 2.87331812e+03 7.26157837e+01
 3.16028784e+03 9.55908691e+02 6.94226328e+04 1.78291821e+03
 3.02925682e+01 1.29428528e+02 2.96984863e+04 4.81050293e+02
 9.90371132e+00 1.48723022e+03 5.81862305e+02 2.29948639e+02
 6.82684448e+02 9.89580139e+02 2.07980117e+04 3.91538818e+02
 3.05861670e+03 2.83985504e+02 6.97546936e+02 5.63089062e+03
 3.36707642e+02 3.50046883e+01 1.29336377e+03 1.51821191e+03
 6.70972107e+02 2.18029602e+02 1.66779746e+04 2.39802490e+03
 4.06915938e+04 1.64509680e+03 9.21132324e+02 1.33215247e+03
 3.29764679e+02 1.10633508e+03 2.71295197e+02 1.09076538e+03
 6.21450928e+02 7.94619141e+02 7.89014587e+02 1.66076050e+03
 6.29155762e+02 2.32393477e+04 1.57897461e+04 9.18950348e+01
 2.68675995e+02 1.32064053e+04 3.15042236e+03 4.98595068e+03
 1.56627148e+03 2.64079639e+03 5.43094971e+03 3.04167847e+02
 1.84952942e+02 2.30127960e+02 6.35152344e+02 1.19255498e+04
 6.82138184e+03 5.44091003e+02 1.03059180e+04 6.18681335e+02
 7.07943945e+03 4.26123779e+03 2.69386255e+03 2.40117969e+03
 1.50130664e+03 2.14216797e+04 6.87759323e+01 3.22623096e+03
 1.85183447e+03 7.30469543e+02 3.75113434e+02 2.10611725e+01
 1.25362866e+03 8.10310303e+02 2.70746328e+04 3.51586484e+04
 2.27216354e+02 1.05387366e+03 2.24571895e+04 2.20686499e+03
 8.70039551e+03 1.54161963e+03 1.84580719e+02 2.67852734e+03
 2.55659302e+02 2.22663345e+01 3.66272430e+02 4.25166016e+03
 5.28189160e+03 7.40351013e+02 3.96598907e+02 8.21627502e+02
 7.07300354e+02 5.42511169e+02 4.69704932e+03 2.34356823e+01
 9.45764832e+02 2.20318750e+03 5.70078186e+02 1.21628301e+04
 1.27353967e+03 3.91629181e+01 4.02844092e+03 5.04038849e+02
 2.52017456e+03 6.58814758e+02 3.27598169e+03 9.85220795e+01
 8.25889844e+03 2.92761810e+02 8.76207812e+03 5.81470117e+04
 3.44964062e+03 4.42924854e+03 2.29765259e+03 4.79976410e+02
 1.66248359e+04 5.58411230e+03 4.54697891e+04 4.88955225e+03
 2.74030884e+03 9.56308167e+02 6.13506699e+01 5.08076324e+02
 2.19730026e+02 1.30178369e+03 9.86228867e+01 1.98412521e+02
 4.23885864e+02 8.72052124e+02 1.57556946e+03 1.47513538e+03
 2.12224194e+03 3.83202026e+03 9.80091736e+02 4.62185254e+03
 6.08587532e+01 5.11123505e+02 8.67045227e+02 1.41934656e+03
 2.23524292e+03 6.39484009e+02 1.83059961e+04 7.03871143e+03
 2.48203262e+04 3.39273022e+03 1.74845239e+03 2.16693481e+03
 1.43810107e+03 1.43731796e+02 2.17219147e+02 5.88399963e+01
 1.81979187e+02 6.93422607e+02 3.51943628e+03 3.96338184e+03
 1.32150891e+03 1.75013885e+02 5.42508667e+02 5.14893250e+02
 1.31331207e+02 1.50459396e+02 7.03690735e+02 1.06015059e+04
 1.28204937e+01 1.27029773e+03 7.30049255e+02 1.56598853e+03
 5.44127319e+02 1.57845093e+03 2.71434155e+03 2.90804370e+03
 2.86561670e+03 9.42999695e+02 5.94345093e+02 8.02591919e+02
 1.54994409e+03 2.36466992e+03 1.19948792e+03 2.50514380e+03
 1.19960846e+02 8.04509863e+03 3.64933716e+02 3.60677002e+03
 5.92193970e+02 1.44862549e+03 7.66864685e+02 5.89252246e+03
 1.62974268e+03 2.39140366e+02 2.43939190e+01 4.42851514e+03
 1.89652490e+03 9.68940887e+01 3.72287476e+02 2.59229248e+02
 2.65138809e+04 7.31845703e+02 2.02638306e+02 5.30783424e+01
 4.17501373e+01 1.61234180e+03 5.34300684e+03 3.98245068e+03
 4.66802344e+03 2.19522681e+03 1.72527267e+02 4.94597438e+05
 3.21508228e+03 7.49106567e+02 7.22790283e+02 3.17184883e+04
 7.07921219e+01 7.39843018e+02 1.92584746e+04 1.31845166e+03
 6.01443768e+00 2.37684863e+03 2.28958984e+03 3.94233826e+02
 7.91554932e+03 1.16323729e+01 8.55561523e+03 2.33179346e+03
 1.53669941e+04 1.71782349e+03 5.66742325e+01 1.32293591e+03
 8.52013916e+02 3.95029272e+03 1.28562097e+03 3.24370166e+03
 1.68718641e+05 9.04210815e+02 4.74876318e+03 8.48786469e+01
 1.03907983e+03 3.84616943e+02 4.82537003e+01 9.23418359e+04
 8.11821747e+01 4.83863477e+03 4.89775482e+02 3.36202612e+03
 1.37499629e+04 4.40686719e+03 1.23047961e+03 3.55446836e+04
 2.25402344e+02 6.46401611e+02 1.29366807e+04 1.28354307e+04
 3.55681702e+02 2.63282593e+02 4.59221313e+02 4.58005664e+03]
6356.962
494597.44
