[7.39689636e+01 5.51683716e+02 2.01264973e+01 3.81184292e+00
 6.82129089e+02 1.92296906e+01 1.09744806e+01 3.80220612e+02
 2.02088013e+03 4.71928955e+02 4.30762054e+02 5.88705627e+02
 4.04368237e+03 7.41665125e+00 3.67572357e+02 2.41499577e+01
 1.81218014e+01 7.71186876e+00 5.25587349e+01 1.08670387e+02
 5.90335938e+02 2.29793015e+02 5.00886953e+04 8.56078552e+02
 6.94989634e+00 2.40727954e+03 6.19539307e+02 2.77717316e+02
 2.51317368e+01 1.50734299e+02 1.14419373e+03 4.33491425e+02
 4.88660522e+02 3.55184822e+01 1.29283936e+03 2.79505463e+02
 9.59971237e+00 1.89305740e+02 1.42285852e+01 1.97754297e-02
 1.24993256e+02 6.54366333e+02 4.52396584e+01 6.83697571e+02
 3.62796822e+01 1.40003452e+01 2.03098946e+01 1.22409210e+01
 2.44454346e+01 1.31383896e+02 1.23477278e+01 4.70946655e+02
 1.31454468e+00 3.47222192e+03 1.73134308e+01 1.37840004e+01
 2.25293217e+01 1.03411560e+02 4.43637733e+01 3.44691132e+02
 1.43153275e+02 3.09054840e+02 9.56235027e+00 9.51816082e+00
 1.71612511e+01 3.12211323e+01 1.03172760e+01 2.31463806e+02
 1.31986217e+01 1.68789233e+03 2.77647217e+02 3.78986664e+02
 1.00625353e+01 1.73197308e+01 2.05357609e+01 2.24227005e+02
 2.14864929e+02 3.79644806e+02 3.89865923e+00 6.84540820e+03
 7.53985262e+00 1.64751835e+01 9.82382238e-01 8.46553223e+02
 3.58352905e+02 6.28921700e+00 9.33421230e+00 5.00197506e+00
 1.76452370e+01 4.65466888e+02 4.51224609e+02 2.87860425e+03
 2.83771157e+00 5.69268005e+02 9.93838965e+03 9.04237938e+00
 1.16011276e+01 2.49158478e+01 8.01531860e+02 2.05219345e+01
 4.61528137e+02 2.60401154e+01 7.96127415e+00 1.50398817e+01
 8.24700260e+00 3.06746490e+02 1.18916349e+01 2.61591740e+01
 1.58400726e+01 1.35219383e+01 1.27979994e+01 6.79241104e+01
 9.53492641e+00 1.61479511e+01 3.37697144e+02 2.11414032e+01
 2.16240433e+02 4.52059097e+01 5.10409424e+02 2.64999886e+01
 8.17668823e+02 3.35162277e+01 1.07673621e+03 6.25967522e+01
 9.83219452e+01 1.79562359e+01 3.77383304e+00 1.84442043e+01
 2.63813820e+01 2.79221916e+01 2.46792870e+01 9.13429737e+00
 7.70340633e+00 1.33086233e+01 3.27311676e+02 9.41184044e+00
 7.39201965e+02 7.95990086e+00 2.02876167e+01 3.97152924e+02
 4.35531502e+01 3.18923706e+03 5.46974792e+02 5.35845642e+02
 7.31706177e+02 1.82017899e+01 6.24787664e+00 4.95626068e+01
 9.23905701e+02 1.87623825e+01 1.08405485e+01 1.96078949e+01
 8.77023792e+00 2.90853081e+01 1.33915682e+01 2.50581799e+01
 1.01898623e+01 3.24567528e+01 1.18488932e+01 3.00177670e+01
 9.67714844e+02 1.10594358e+01 1.14869535e+00 2.81723976e+00
 2.30172787e+01 4.54001760e+00 3.39534760e+02 2.62682831e+02
 1.42238455e+01 5.39390076e+02 2.57972407e+00 1.97605667e+01
 1.03511536e+02 4.61798950e+02 1.09716167e+01 1.29489136e+01
 7.93526306e+01 2.71895370e+01 9.64508724e+00 2.54250269e+03
 1.76380920e+02 1.43537588e+01 8.45499121e+03 2.93039246e+02
 1.28659954e+01 6.15580368e+00 1.50148148e+02 4.32295807e+02
 3.52213440e+01 5.09419189e+02 4.37401215e+02 1.25321312e+01
 3.17754483e+00 1.13879213e+01 1.54838165e+02 6.68169594e+00
 7.21497879e+01 1.33767319e+01 1.43931198e+00 4.09096893e+02
 1.86391487e+01 2.99738655e+01 2.25780716e+01 1.10140091e+02
 3.73382886e+03 5.25063281e+03 1.26007929e+01 3.60570160e+02
 8.05424023e+00 2.88045502e+02 9.99949932e+00 8.82724285e+00
 1.47769079e+01 5.47750427e+02 5.82010269e+00 1.79757226e+00
 3.35328461e+02 4.50102139e+00 7.06829529e+02 2.61536942e+01
 3.94267181e+02 2.96604812e-01 8.11174488e+00 2.86293091e+03
 4.34610138e+02 1.92504883e+01 4.57279921e+00 4.94848251e+00
 2.98413467e+00 1.12451218e+02 3.43905273e+02 9.63851357e+00
 6.18210754e+01 2.04127426e+02 1.60165344e+02 2.76705246e+01
 2.48705948e+02 4.99297476e+00 2.53015625e+02 9.67486858e+00
 9.55592590e+02 6.46783209e+00 1.06411829e+03 4.59594177e+02
 1.97633457e+01 3.94547943e+02 1.15125341e+01 1.63495636e+01
 1.79249687e+01 6.48827930e+03 1.12565651e+01 9.14055542e+02
 1.75898972e+02 9.52257538e+00 1.17646761e+01 8.41603947e+00
 1.77665955e+02 5.12541199e+00 2.33202835e+02 5.50008488e+00
 3.30105927e+02 6.59771606e+02 1.45293042e+03 3.77228889e+01
 2.42044258e+00 2.28652692e+00 9.32347298e+00 4.70793091e+02
 1.64603561e+02 2.19771061e+01 6.76288939e+00 1.63584814e+03
 5.49759150e+00 7.95017944e+02 1.77432613e+01 1.33405704e+01
 2.78972363e+03 1.81921313e+03 2.74164639e+01 4.33321747e+02
 3.28427429e+01 1.79129982e+01 1.00579138e+01 1.72561920e+02
 3.86548305e+00 4.07147827e+02 3.44278473e+02 6.76934509e+01
 1.41438446e+02 1.04233105e+03 5.18810364e+02 1.07048674e+01
 5.63319397e+00 1.59973755e+01 2.02672195e+01 4.21435852e+02
 1.44032907e+01 7.77824585e+02 6.26666565e+02 1.30833693e+01
 9.19231079e+02 3.98515797e+00 7.43210510e+02 4.88691902e+01
 3.51830788e+01 1.66669540e+02 2.32717865e+02 1.26928064e+03
 1.20346727e+01 5.49749634e+02 1.24980421e+01 7.10012484e+00
 2.46932837e+03 7.83084297e+00 2.90735793e+00 4.41430931e+01
 3.76104797e+02 6.65696259e+01 2.40543785e+01 1.07191940e+02
 7.55346060e+00 3.33445496e+02 1.23029413e+01 5.48139526e+02
 5.52693701e+03 1.01307220e+01 3.07128198e+03 2.82426483e+02
 9.50273193e+02 8.07394897e+02 9.96438885e+00 1.23395240e+00
 1.24207087e+01 6.35487244e+02 7.68258047e+00 9.43847084e+00
 8.31123829e+00 1.06346464e+01 6.79524689e+01 1.07470808e+01
 2.29945099e+02 2.67140533e+02 2.43479355e+02 5.93859339e+00
 1.38418283e+01 7.68741655e+00 1.34998531e+01 1.07577076e+01
 1.07601273e+02 2.77476177e+01 8.28452148e+02 2.41737381e+02
 1.06374435e+01 3.81940097e-01 4.53919342e+02 3.57832306e+02
 9.10258911e+02 9.65723228e+00 2.95525513e+02 8.38268852e+00
 2.22574768e+01 6.38650436e+01 1.10808728e+03 9.41980648e+00
 1.07900903e+03 3.92017334e+03 3.57250397e+02 1.16364754e+02
 3.26192719e+02 2.68657970e+01 6.50385056e+01 7.18850374e+00
 8.25614258e+03 3.83906555e+01 3.19805584e+01 8.34130707e+01
 4.55864258e+03 2.49131985e+01 7.72190475e+00 3.01959900e+02
 3.19743176e+01 6.76054810e+02 8.23258057e+01 1.70295029e+01
 3.53658409e+01 1.93109608e+01 4.36464489e-01 3.30157104e+02
 4.99311249e+02 3.75686249e+02 1.33329956e+02 1.16895599e+01
 3.37682037e+02 3.50460571e+02 1.89870720e+01 5.01351501e+02
 1.27842426e+01 1.89207532e+03 7.68774796e+00 9.13814258e+03
 1.43162785e+01 1.71631489e+01 1.18933239e+01 5.54378319e+00
 3.63283569e+02 3.94422455e+02 9.61265087e+00 3.96606255e+00
 4.30178555e+04 2.10137825e+01 6.93578291e+00 1.11237866e+03
 4.19742706e+02 2.94234833e+02 1.63865576e+03 4.45724945e+01
 1.62063110e+02 2.95066376e+02 4.90635590e+02 4.53075104e+02
 1.91928244e+00 5.92069578e+00 3.66251984e+02 4.18456024e+02
 9.03429127e+00 1.65793854e+02 2.85696625e+02 3.29877496e+00
 6.97303894e+02 3.91290070e+02 1.75497036e+01 3.00572296e+02
 2.49329498e+02 2.27861816e+03 9.14921112e+01 8.26860619e+00
 7.57583160e+01 1.44310513e+01 6.19540215e+00 3.65487099e+01
 1.65907784e+01 9.14025879e+00 5.20851624e+02 1.26473389e+01
 1.14327059e+01 1.76019268e+01 5.57184830e+01 2.64449654e+01
 1.37338608e+02 3.91516174e+02 1.24768925e+01 1.45059736e+04
 9.31237411e+00 5.92160721e+01 3.32199097e+01 1.61122303e+01
 2.38807154e+00 1.38484335e+01 3.08986206e+01 2.10633564e+01
 5.79808350e+02 1.48442402e+01 1.81935806e+01 5.98388863e+00
 3.66891174e+01 1.09512329e+02 3.26510529e+02 3.26920485e+00
 1.61053200e+01 4.11332080e+03 9.64560890e+00 1.23398819e+01
 2.09610119e+01 1.61919498e+01 7.97592831e+00 5.29849472e+01
 4.20939159e+00 2.48397846e+01 8.24499130e+00 5.47727251e+00
 3.20737610e+02 4.10350586e+02 8.06484222e+00 4.38448830e+01
 1.52587997e+02 2.95250275e+02 1.20250031e+02 2.89564258e+03
 8.49985352e+01 1.67270546e+01 2.64306396e+02 3.38407097e+01
 2.11733734e+02 2.94267487e+02 8.54179138e+02 3.78326912e+01
 1.12848518e+02 1.37122522e+03 1.13123865e+01 2.26168274e+02
 2.31782188e+01 4.02148132e+02 2.53469330e+02 1.64895233e+02
 5.23122907e-01 1.52184172e+01 1.96985614e+00 4.12429352e+01
 2.69502411e+01 2.33073639e+02 2.55930862e+02 3.31302307e+02
 2.65915497e+02 2.61122345e+02 3.83826385e+02 9.65928589e+02
 1.05490833e+03 7.80846310e+00 4.48936218e+02 1.13002005e+01
 2.03659306e+01 5.81809731e+01 2.10767250e+01 2.23475170e+01
 1.86751099e+03 1.55163918e+01 6.89327574e+00 1.99595833e+01
 2.00389511e+02 4.39596176e+01 1.91380131e+00 2.24130936e+01
 1.41061363e+01 3.56852417e+02 4.77072191e+00 1.97530579e+02
 3.70609474e+01 4.55602646e+01 6.45368004e+00 4.17266632e+02
 4.21859161e+02 6.90058496e+03 2.14133053e+01 1.71499939e+01
 1.08674288e+01 3.11904419e+02 1.01492073e+02 1.37528086e+00
 6.17602997e+01 5.55651665e+01 2.80003174e+02 2.55575681e+00
 4.00603973e+02 2.52115039e+03 1.12082899e+00 5.21588684e+02
 3.26555206e+02 9.26289654e+00 4.79987955e+00 1.02719307e+01
 8.55504150e+02 7.17407513e+00 1.69247360e+01 1.64375267e+01
 1.73510647e+01 1.01731329e+01 6.63532495e+00 2.79928207e+01
 3.34769501e+02 4.15655231e+00 9.31414700e+00 5.17250305e+02
 9.58946777e+03 7.96973816e+02 3.21255074e+01 3.82084084e+01
 9.53381062e+00 1.49691391e+00 5.34769189e+03 6.02062654e+00
 1.12815468e+02 1.12572594e+02 1.15378288e+02 3.64015350e+01
 7.17705059e+00 3.55098315e+03 2.60620832e+00 4.34361506e+00
 2.56236725e+02 2.77289295e+01 4.79997009e+02 2.48984940e+02
 4.41549652e+02 4.93237352e+00 1.54863123e+03 2.73135014e+01
 2.73533840e+01 1.61524773e+01 3.41619835e+01 9.07355499e+00
 3.55471240e+03 2.17574978e+01 5.40313148e+00 8.67077255e+00
 9.23270203e+02 1.04911976e+01 1.83149460e+02 9.70269775e+01
 3.16215801e+01 5.96196838e+02 1.50110359e+01 2.23346420e+02
 8.13902588e+01 1.18276215e+01 2.66168854e+02 9.29812927e+02
 8.52238312e+01 8.09264679e+01 1.13588452e+03 7.91988525e+02
 8.48581123e+00 9.03720438e-01 2.06245098e+01 1.46191206e+01
 6.66020874e+02 3.04838638e+01 1.44137936e+01 1.52960529e+01
 3.24532135e+02 3.54085144e+02 3.07441387e+01 8.40430737e+00
 2.54932423e+01 2.93654419e+02 3.82002187e+00 2.45055725e+02
 1.09558067e+01 2.15522528e+00 2.53693295e+01 1.36322412e+03
 3.23586700e+02 3.88346596e+01 1.09714478e+03 4.14767334e+02
 2.75684180e+04 8.62950516e+00 2.45746727e+01 3.44051857e+01
 9.95057201e+00 1.37404299e+01 8.71744156e+00 9.68266678e+00
 3.54799896e+02 1.24901857e+01 1.32881308e+01 8.26606560e+00
 1.40627766e+01 2.64165707e+01 1.30346937e+01 7.65472460e+00
 1.66358109e+01 1.89049792e+03 1.57012529e+01 2.25270859e+02
 1.40442429e+01 1.59721231e+01 1.39240456e+01 5.90711880e+00
 7.32849884e+00 1.07359993e+02 8.88472443e+01 1.81411018e+01
 1.54021730e+01 4.00277679e+02 3.89437294e+01 1.27115247e+03
 9.22623062e+00 8.56466961e+00 2.62677765e+00 1.10222656e+03
 8.21199799e+00 1.30618658e+01 1.22104883e+01 7.01651335e+00
 7.64566772e+02 1.58121243e+01 9.18076096e+01 9.69657669e+01
 9.58390522e+00 3.69363904e+00 1.83938263e+02 9.77216431e+02
 1.47326918e+01 2.48141499e+01 4.92725468e+00 1.42935944e+01
 1.96010101e+02 2.06534134e+02 1.24363470e+01 1.87408676e+02
 1.00948820e+01 1.97928055e+02 1.39970657e+02 7.33652639e+00
 1.48955612e+01 2.88313171e+02 1.20992594e+01 2.10562134e+01
 3.64662628e+02 8.37507725e+00 1.92094727e+01 4.08490896e+00
 9.81159821e+01 1.15051245e+03 1.31205969e+01 1.38117569e+02
 8.38378601e+02 2.17825108e+01 7.55411072e+02 1.81575050e+01
 4.00018494e+02 1.74157619e+01 1.99372082e+01 1.61104822e+03
 7.31459320e-01 2.04655334e+02 1.74156532e+01 1.26633779e+04
 2.42401636e+03 3.12147919e+02 8.09734680e+02 7.13944769e+00
 3.30055580e+01 2.84458813e+03 5.02942162e+01 1.52843494e+01
 1.12067928e+01 1.14547138e+01 8.66513672e+01 1.47258533e+03
 5.88528099e+01 1.59034348e+00 3.36370010e+01 1.42131281e+01
 1.61222630e+01 4.21477112e+02 6.62876221e+02 2.69044590e+01
 3.30804810e+02 1.12554817e+01 1.24205162e+02 2.31141243e+01
 6.46263504e+00 3.47729553e+02 3.90031860e+02 1.05917616e+01
 1.95861801e+02 1.79061554e+02 1.21383118e+03 1.55936403e+01
 3.96611298e+02 7.79474354e+00 1.53446198e+01 7.34268982e+02
 1.01046972e+01 3.50313759e+00 4.85193604e+02 1.10146761e+01
 7.54443169e+00 2.91997681e+02 1.14277551e+03 5.04148010e+02
 3.31763306e+03 3.22619858e+01 2.96254425e+02 2.19549652e+02
 5.46407795e+00 2.74090118e+01 2.51114845e+01 1.03697403e+02
 3.00276123e+02 3.08417938e+02 5.96888000e+02 3.19502974e+00
 2.21482315e+02 9.32781601e+01 1.42621719e+02 3.95479321e+00
 1.58234772e+02 4.13742090e+03 2.54912994e+02 4.86267059e+02
 1.09596138e+01 5.78672913e+02 2.82751007e+02 4.02252655e+02
 3.70579987e+01 1.25745668e+01 4.18940506e+01 1.23042188e+03
 8.33902344e+02 9.36254787e+00 8.74083191e+02 1.28078995e+01
 4.44775970e+02 2.93702271e+02 3.01669621e+00 9.50817490e+00
 9.16571140e+00 5.77441162e+02 5.41691494e+00 3.32657153e+03
 1.45594495e+03 9.97644234e+00 1.16957874e+01 2.49958630e+01
 1.21853142e+01 7.33642578e+00 1.47473969e+02 1.41027466e+02
 9.88250077e-01 1.68163147e+01 1.56165601e+03 1.44952011e+01
 2.56065216e+01 1.11958020e+03 2.13775463e+01 3.82958183e+01
 6.94342995e+00 9.36022568e+00 8.85490601e+02 1.83515845e+03
 3.97798431e+02 2.95582180e+01 1.31511269e+01 9.22743225e+00
 9.03370178e+02 9.72405052e+00 7.43260986e+02 5.31184530e+00
 2.64538666e+02 2.07489738e+01 6.58414936e+00 1.29606735e+02
 3.34552979e+02 1.22096024e+01 1.54741321e+03 2.43679260e+02
 5.62999821e+00 2.31654835e+00 3.04448948e+01 3.56205597e+02
 3.66676086e+02 3.58938354e+02 7.51795532e+02 1.57242688e+03
 2.46225510e+01 1.37877838e+02 2.92469807e+01 9.04744720e+00
 2.10501953e+02 4.12782654e+02 2.90344604e+03 3.21060120e+02
 1.65863892e+02 2.34155521e+01 1.41765089e+01 1.85723839e+01
 6.43750977e+02 9.25749207e+00 1.27683813e+03 3.46940247e+02
 1.20304337e+02 9.06687546e+00 4.35024475e+02 3.25138336e+02
 8.89565277e+00 1.23861816e+02 9.89275265e+00 3.35028610e+01
 8.77346039e+00 6.34906082e+01 1.63036880e+01 1.03242931e+01
 8.25004883e+01 1.50834951e+01 4.14350586e+03 1.39145569e+03
 2.33261780e+02 3.08899567e+02 3.29790222e+02 1.10075294e+02
 4.02826721e+02 1.85019550e+01 6.08537197e+00 8.62885189e+00
 9.12809601e+01 6.76427460e+00 4.45571375e+00 9.97988892e+02
 9.72405151e+02 1.67702556e+00 6.09464049e-02 7.27091646e+00
 4.99902773e+00 1.18758049e+01 4.81937500e+02 1.96546082e+03
 2.45556259e+00 3.11046265e+02 1.82837486e+01 2.10718765e+01
 5.65167580e+01 6.58071947e+00 2.02545223e+01 3.84127686e+02
 3.64646027e+02 1.16055422e+01 5.53661385e+01 1.91845818e+01
 2.78049878e+03 5.16121149e-01 7.16653585e+00 8.14648056e+00
 6.25299501e+00 5.69642212e+02 7.72561340e+01 6.37609436e+02
 1.25485945e+01 1.54808624e+02 3.44605011e+02 3.61673340e+02
 1.26580791e+01 5.34789228e+00 3.36757622e+01 1.28868408e+01
 9.64538383e+00 1.90267487e+02 1.28787413e+01 1.69008408e+01
 3.59893799e+02 1.86237183e+02 1.42683945e+01 2.59182098e+02
 9.43899250e+00 4.70516083e+02 3.14366669e+02 3.80877533e+02
 1.40102024e+01 1.16652756e+01 2.94415436e+01 3.34720630e+03
 1.10578394e+01 6.36816467e+02 2.58376770e+02 4.63351025e+03
 4.38114500e+00 4.26462433e+02 1.63630176e+03 7.17122698e+00
 1.27104378e+01 3.14445404e+02 1.01346407e+01 1.45431763e+03
 5.13040161e+01 4.54529333e+00 2.93191071e+02 3.12422886e+01
 1.07408165e+02 4.08413010e+01 1.69291504e+02 1.59953966e+01
 1.18577242e+01 1.93581390e+01 2.30766968e+02 3.33137846e+00
 6.58333887e+03 2.72423462e+02 2.80303726e+01 1.23625002e+01
 6.52396822e+00 1.64645920e+01 8.13306427e+00 2.10051133e+04
 9.66712952e+02 7.00727478e+02 1.05411072e+01 8.79917049e+00
 5.47725296e+01 2.99245636e+02 3.85108521e+02 6.25665741e+01
 3.18950009e+00 2.45554695e+01 7.68210526e+01 3.97075996e+01
 2.55582309e+00 1.07054825e+01 4.26858425e+00 1.26649351e+01]
554.04083
50088.695
