[4.24386279e+03 3.15848145e+03 1.48211230e+03 3.26733368e+02
 3.49788203e+04 5.62727881e+03 2.09086279e+03 7.86752563e+02
 8.43839844e+02 2.62814380e+03 8.78108704e+02 4.70332471e+03
 2.61766426e+04 8.51619415e+01 2.53413550e+03 2.91988477e+03
 4.89845195e+04 2.11924637e+02 8.83473535e+03 1.48427719e+05
 2.36370422e+02 7.11788635e+02 1.75938812e+05 1.13800371e+04
 1.11521167e+03 9.76628320e+03 1.88391078e+05 3.71624512e+03
 3.76932788e+03 5.54953320e+03 1.40752607e+04 4.67392139e+03
 2.13248218e+03 3.76845239e+03 1.52940908e+04 9.98074280e+02
 4.71370068e+03 6.18889404e+02 4.82216522e+02 5.45842018e+01
 1.21900961e+05 1.28994199e+04 6.30458984e+03 6.91693555e+03
 8.21922656e+03 3.99426221e+03 1.87440063e+02 5.14807959e+03
 2.51585229e+03 4.21137891e+04 7.01833923e+02 5.62836060e+02
 7.43947083e+02 2.87020469e+04 1.28087134e+03 9.19574805e+03
 9.05782715e+03 1.60293328e+05 1.36547656e+03 2.67329199e+03
 3.49510820e+04 2.20743301e+04 3.10787891e+03 1.90093811e+03
 4.49982986e+01 5.59651514e+03 1.86690601e+03 3.90957550e+02
 9.82751846e+01 7.34625938e+04 8.40079590e+02 1.89344861e+03
 6.33646088e+01 1.47805099e+02 2.87866553e+03 3.31457471e+03
 1.91301056e+02 2.40449551e+04 7.14105530e+02 2.65108750e+05
 8.22920609e+01 2.82611670e+03 5.10308044e+02 1.01233582e+03
 2.69526685e+03 5.01440826e+02 3.27367798e+02 1.34281586e+02
 2.03872546e+03 8.00399951e+03 7.66649902e+03 5.14160583e+02
 7.99167862e+01 7.36083496e+03 7.08691328e+04 3.41754688e+03
 1.30651868e+03 5.25848340e+03 3.53338742e+00 2.70223663e+02
 7.57125000e+03 5.83611572e+02 1.04012158e+03 3.69648755e+03
 1.66337433e+02 2.01754382e+03 2.85222925e+03 3.99981140e+02
 1.97813428e+03 2.08462671e+03 3.59126709e+03 9.51649170e+02
 2.78314819e+03 3.67549683e+03 1.69420959e+03 1.41044385e+03
 8.32182541e+01 4.96460205e+03 9.12823145e+03 3.46154846e+02
 3.15141191e+04 4.85309375e+03 2.99386582e+04 9.01582617e+03
 4.15455039e+04 8.80778320e+03 3.17243099e+01 1.73538599e+03
 1.82474963e+03 9.92904688e+03 1.43953479e+03 1.03849646e+03
 4.25658545e+03 2.20076367e+03 1.16133467e+04 2.02011528e+01
 1.49328359e+04 2.27063477e+03 2.80560425e+02 1.58497295e+04
 1.72671699e+04 6.84367188e+03 3.15771729e+02 2.91041738e+04
 2.51634492e+04 5.64473633e+02 5.03629112e+01 1.21850781e+04
 1.22623711e+04 1.37963647e+03 4.23255176e+03 1.37290390e+02
 9.13739453e+03 1.14779089e+03 8.73489380e+02 2.78511230e+02
 3.17929352e+02 2.69556152e+04 5.99300964e+02 2.58290742e+04
 2.29170938e+04 1.00750397e+03 1.15707544e+03 1.32824744e+03
 4.84792871e+03 8.78267578e+03 3.45852600e+02 1.97948938e+03
 1.64310278e+03 2.37543262e+03 4.07439117e+02 6.40438904e+02
 4.19173193e+03 2.29945898e+04 6.81431763e+02 3.78554980e+03
 6.47935791e+02 1.05339258e+03 1.81909844e+04 1.33829150e+03
 4.73768848e+03 2.87332184e+02 6.89962812e+04 1.35273804e+03
 4.11943506e+03 2.87370728e+03 8.08199158e+02 1.52961548e+03
 9.49113953e+02 5.93485156e+03 1.04976484e+04 6.26605652e+02
 3.95649902e+03 1.71761316e+03 1.00001250e+05 3.66548218e+03
 5.51410898e+04 2.87926587e+03 1.65274216e+02 4.20515015e+02
 1.71705811e+03 3.66597729e+03 9.94745801e+03 1.92117017e+03
 4.31069922e+04 5.26326055e+04 1.38836816e+03 8.22432800e+02
 2.21707056e+03 1.05176084e+04 1.24923450e+03 1.85531525e+02
 5.65823145e+03 4.70255908e+03 1.10144434e+03 5.18760803e+02
 1.90662146e+03 3.07026703e+02 2.98834839e+03 2.71718677e+03
 7.75636673e+01 2.18685034e+03 3.28910303e+03 4.94500312e+05
 2.35129517e+03 4.86105176e+03 6.48755676e+02 4.49897919e+02
 2.17156348e+03 2.19883984e+04 3.23015405e+03 1.12623132e+03
 1.54358484e+03 1.76441138e+03 2.65970605e+03 1.49011016e+04
 6.71204639e+03 4.00212921e+02 1.14221838e+03 8.65720764e+02
 1.89875664e+04 6.08966064e+02 1.48874912e+04 2.74980420e+03
 1.25250430e+04 2.49991235e+03 1.53722009e+03 1.05805029e+03
 2.18909088e+02 1.42299656e+05 3.86228760e+02 1.36116858e+03
 1.46387073e+03 2.03756226e+03 1.49856580e+03 2.29638016e+02
 2.45432168e+04 2.35773901e+03 3.32863599e+03 3.55010400e+03
 1.13647461e+05 2.20470581e+02 1.70641602e+04 1.00281390e+03
 7.46145935e+02 2.38541211e+03 1.01551689e+04 2.48143359e+03
 2.96432520e+04 1.39143838e+04 8.11859717e+03 1.65628564e+03
 2.29338627e+01 9.66566772e+02 1.29068672e+04 1.83024353e+02
 3.51896016e+04 3.15425854e+03 1.72922803e+03 8.66272578e+04
 3.65764404e+03 1.89128574e+04 5.72320312e+02 2.55865405e+03
 4.97153595e+02 4.90440234e+03 1.60300952e+03 9.06538867e+03
 9.51222778e+02 3.91719971e+03 9.15311328e+04 1.95316321e+03
 3.23970581e+02 2.45781860e+03 3.64629468e+03 7.08735352e+01
 4.73514209e+03 9.90506738e+03 1.38440273e+04 4.60233185e+02
 1.59576111e+02 4.29430615e+03 8.87650098e+03 2.06719199e+04
 9.58270203e+02 2.42953203e+05 1.86727844e+02 1.81411270e+04
 6.56320215e+03 3.01711377e+03 1.67233810e+02 6.45076904e+01
 5.85870898e+04 2.45552954e+03 8.28472168e+02 3.49325703e+04
 1.35304825e+02 6.18728242e+04 4.40092041e+03 4.41230977e+04
 1.53279004e+03 6.06127197e+03 7.87278613e+03 7.82317078e+02
 5.94557266e+04 1.03502632e+02 2.81946406e+05 1.32289868e+03
 1.45365100e+03 6.01707520e+03 7.35015137e+02 7.36529907e+02
 1.45998181e+03 6.73990674e+03 2.23747607e+03 1.01030963e+03
 1.13512366e+03 7.18080994e+02 1.50316688e+05 5.62384033e+01
 2.67404175e+03 6.26584740e+01 3.26156030e+03 1.60115225e+04
 1.05537651e+02 1.05257056e+03 5.67963562e+02 1.51838389e+04
 5.65094648e+04 9.92379944e+02 1.36877734e+03 1.72321062e+05
 5.76408740e+03 7.33072571e+02 1.06057500e+04 8.19368555e+03
 1.68441543e+04 5.72382568e+02 3.80092822e+03 2.78094946e+03
 4.80504944e+02 3.72340977e+04 4.05522227e+04 1.57983960e+03
 1.55492451e+04 6.33874562e+05 1.42742786e+03 8.75004883e+03
 4.91663164e+04 9.00278027e+03 1.14337979e+04 2.44868652e+04
 8.80207734e+04 2.30964050e+02 1.22172051e+04 2.24083594e+03
 1.68804375e+05 1.75875854e+03 7.75955017e+02 8.71361389e+02
 3.32801914e+04 2.94721719e+04 3.42969125e+05 2.66702862e+01
 4.42478320e+03 4.29256201e+03 1.23386011e+03 1.10065508e+04
 1.60009238e+04 7.91473389e+03 1.30767158e+04 1.01957062e+02
 9.35404785e+02 5.56680870e+01 1.00869153e+03 1.21543936e+04
 2.46882812e+03 3.49045410e+03 3.75440405e+03 3.70087734e+04
 8.08460205e+02 6.66684131e+03 1.70952759e+03 4.68273163e+02
 7.67122650e+01 7.49587341e+02 1.24117493e+03 4.78255762e+03
 6.34843516e+04 6.15104443e+03 1.07552576e+03 3.90157891e+04
 1.36640752e+04 1.05127161e+03 7.15186406e+04 1.83120820e+04
 1.81638992e+02 8.37759766e+03 3.53005096e+02 1.08366631e+04
 2.49642383e+04 1.51658447e+03 2.02729565e+03 1.20481421e+03
 8.91965039e+03 1.42435165e+02 8.23498535e+03 6.58264236e+01
 1.56170605e+04 5.05057178e+03 2.23211304e+03 4.41500098e+03
 1.76541992e+03 8.24143066e+03 7.55891418e+02 1.46198349e+02
 1.15629431e+03 3.18854004e+03 4.52753467e+03 2.81681567e+03
 4.06767480e+03 7.06138916e+02 2.50785117e+04 5.43661768e+03
 2.79319733e+02 4.66566406e+02 1.63317676e+03 7.89804077e+02
 1.90925256e+03 2.20392529e+03 4.02801056e+02 2.68221812e+05
 4.18454704e+01 1.15220840e+04 1.05048730e+04 1.90563635e+03
 2.59950391e+03 5.02710986e+03 1.48299512e+03 1.63792493e+03
 4.04176733e+03 2.35633545e+02 4.06065015e+03 4.34755211e+01
 6.26682383e+04 1.37668774e+03 2.84272021e+03 7.09616776e+01
 5.94428345e+02 1.41374203e+05 1.07458826e+03 6.80308359e+04
 1.39146210e+02 1.73747539e+04 6.66825409e+01 1.78466055e+04
 1.44194293e+00 1.25235576e+04 5.47097314e+03 2.26602319e+03
 7.74217822e+03 5.19088037e+03 1.02074030e+03 2.03914197e+03
 7.47653369e+03 2.18094116e+03 2.25960114e+02 3.71390430e+03
 2.34717880e+02 1.40956836e+03 6.09140747e+02 1.15229180e+04
 4.78099792e+02 1.70316589e+03 6.34248340e+03 1.66522179e+01
 9.48331055e+02 1.33982434e+03 3.84840991e+03 9.07385449e+03
 9.25839600e+02 6.65629590e+03 1.49437861e+04 5.84088440e+02
 1.26447583e+03 1.47317249e+03 6.01134949e+02 1.55199066e+02
 3.87692444e+02 1.42965320e+03 2.54270776e+03 4.64084015e+02
 2.11731918e+02 2.04190540e+03 1.67799648e+04 4.95717852e+04
 1.73625391e+04 7.95366455e+02 1.09464561e+04 5.83887024e+02
 1.11698499e+03 2.52393091e+03 1.16704445e+02 1.96840735e+03
 1.00795395e+02 2.85232361e+02 1.32302505e+02 8.11926221e+03
 3.23327240e+02 1.10872241e+03 5.10598602e+02 4.51191368e+01
 1.18283020e+03 2.47882837e+03 5.04263184e+03 2.92375488e+02
 2.99678789e+04 2.76121211e+04 3.61465869e+03 3.05185034e+03
 6.59485693e+03 1.04906475e+04 2.49640369e+01 3.07155444e+03
 1.62630051e+02 2.16271240e+03 3.97077905e+03 4.30138916e+02
 2.58704492e+03 1.97545059e+02 1.13477754e+04 5.89311646e+02
 3.37727997e+02 2.48607520e+04 4.00648956e+01 1.05487725e+04
 3.24562622e+02 1.34829407e+03 7.61456177e+02 1.80014368e+03
 5.67397949e+02 9.47355566e+03 2.23015182e+02 5.10824951e+03
 9.78724915e+02 6.90271582e+03 8.82215149e+02 3.36500659e+03
 3.45961646e+03 2.71942310e+01 8.86783829e+01 1.69610367e+02
 3.13060156e+04 1.38238047e+04 5.61285254e+03 3.91298267e+03
 6.70247040e+01 3.04890454e+03 1.07333330e+04 1.50270117e+03
 1.38339594e+05 1.26737622e+03 4.43242383e+03 2.39852480e+04
 6.07654844e+04 1.60109391e+05 7.13061523e+02 1.20049097e+03
 1.38758262e+04 1.42661729e+04 2.74003145e+04 2.81946216e+03
 4.60742578e+03 5.00184131e+03 7.73995239e+02 1.81899629e+04
 6.47098877e+02 1.14325851e+02 9.66672266e+03 2.15488550e+03
 1.07017586e+05 2.28799570e+04 4.01371631e+03 1.82570770e+02
 1.08141797e+04 5.26739563e+02 1.26458549e+02 8.63742599e+01
 1.03339941e+03 8.19640137e+03 2.40866699e+03 3.45125580e+02
 1.22728088e+03 1.50411377e+03 5.74589062e+03 5.87854443e+03
 3.93280078e+04 1.88485195e+04 4.25568896e+03 8.56536426e+03
 1.57404358e+03 1.51984385e+04 3.11779980e+03 5.39804077e+02
 2.04767029e+02 1.26709355e+04 4.46877295e+03 7.23616516e+02
 2.06915879e+04 5.21649854e+03 2.21406094e+04 2.10414282e+03
 2.87780664e+03 8.09836475e+03 1.32098633e+03 6.83168518e+02
 8.53569824e+03 3.61226410e+02 2.74932666e+03 4.31086289e+04
 4.05720020e+03 9.66495605e+02 9.56915332e+03 1.29117493e+03
 2.48864047e+05 1.08717847e+03 1.04148145e+04 1.66550449e+04
 5.74218201e+02 7.57296570e+02 4.12505157e+02 2.34136856e+02
 5.52595898e+03 7.22400879e+03 2.33979446e+02 4.89355322e+03
 1.36105444e+03 4.91565703e+04 1.30761416e+04 7.19258347e+01
 3.27100073e+03 5.17452188e+04 6.34485901e+02 1.05012451e+03
 1.95083691e+03 1.00931267e+02 4.40473682e+03 4.29164209e+03
 5.70132520e+03 3.93345781e+04 2.05690918e+04 3.80430450e+02
 6.33145447e+02 1.13127075e+03 4.22616406e+03 1.08256709e+04
 1.29901221e+03 6.05113281e+02 3.05314844e+03 4.33018203e+04
 2.42891943e+03 1.11745422e+03 2.23171558e+03 3.19202319e+03
 5.26294766e+04 1.25748438e+03 7.40745117e+03 8.72942578e+04
 3.95736890e+03 4.57195984e+02 5.94273438e+03 3.62039111e+03
 3.23588696e+03 1.41001592e+04 6.91808533e+02 4.28811371e+02
 1.10582688e+05 1.75567664e+03 2.72032153e+03 2.04021411e+03
 1.18918970e+03 1.86335342e+02 8.08856125e+01 1.06895068e+03
 7.57992859e+01 2.50430664e+03 1.79851013e+03 7.07377686e+02
 4.72127747e+02 5.68583008e+02 4.29303864e+02 5.18444873e+03
 2.22183594e+03 1.82612324e+04 2.81901215e+02 1.34302734e+04
 3.58370392e+02 1.46869797e+02 2.35821265e+03 1.55192188e+03
 6.89184131e+03 2.83816016e+03 6.36435547e+03 6.69422891e+04
 1.08378455e+03 2.06389038e+03 2.44783750e+04 8.18352188e+04
 3.93562773e+04 5.50511279e+03 8.47469922e+03 2.91115601e+03
 3.22530200e+03 4.36486053e+02 6.41218457e+03 1.35865010e+04
 5.87035255e+01 1.39620325e+03 4.83009424e+03 2.16236328e+04
 2.97738452e+03 1.84449081e+02 1.93892949e+04 7.00803162e+02
 3.96193262e+03 3.93225171e+03 1.18360883e+05 2.25563320e+04
 2.35474536e+03 1.05010864e+03 4.82876172e+04 1.60331165e+03
 4.17293262e+03 4.21615234e+03 2.04389496e+01 1.50677698e+03
 7.05826294e+02 1.62945093e+03 4.22285625e+04 6.70820312e+02
 2.48965117e+04 8.33735229e+02 6.05087158e+02 9.19252246e+03
 1.94523376e+02 1.70134220e+01 1.57948145e+03 7.42035352e+03
 1.48148529e+02 7.01074280e+02 6.24375977e+02 5.28459534e+02
 5.21955820e+04 1.65160527e+04 3.87684967e+02 1.04306580e+03
 1.84155388e+01 1.15901756e+01 5.93622168e+03 1.97709631e+03
 4.34625702e+02 1.15889932e+04 1.24187617e+04 6.93559814e+02
 7.66846497e+02 3.75943320e+04 3.94386758e+04 1.81710474e+03
 3.44023041e+02 2.90492441e+04 4.64435107e+03 7.89829736e+03
 1.83214392e+03 3.45487354e+03 6.41208679e+02 1.64655505e+03
 1.65422422e+04 1.64492508e+02 9.72756250e+03 5.42233359e+04
 2.12936836e+04 1.71891431e+03 3.68254492e+04 1.92853918e+03
 4.88269092e+03 1.45902324e+04 7.75369189e+03 3.61366528e+03
 7.58126282e+02 2.03522363e+04 3.45068286e+03 1.37220469e+05
 2.15311660e+04 3.75382520e+03 2.04441431e+03 8.01086197e+01
 1.76653369e+03 6.42329688e+03 5.19577422e+04 2.01284043e+04
 3.84541040e+03 7.90914001e+01 1.76009141e+04 1.28293787e+03
 1.74902812e+05 7.52834922e+04 7.94763367e+02 4.32704180e+04
 1.02277496e+02 1.78549622e+02 1.32132422e+04 1.59955664e+03
 7.83922424e+02 9.09324768e+02 6.56814880e+01 3.27836060e+02
 8.36958252e+02 1.20094824e+03 5.93215938e+04 5.74573730e+02
 5.79946655e+02 3.50950391e+03 2.07480225e+03 1.20655070e+05
 7.68239404e+03 6.81408643e+03 6.75125537e+03 3.54507910e+03
 1.38794373e+03 2.48124714e+01 6.15456836e+03 3.20645728e+03
 2.86538300e+02 3.80620148e+02 6.88917871e+03 1.01702062e+05
 2.88608862e+03 9.23253438e+04 4.80061328e+03 1.18200684e+03
 5.63457422e+04 2.66561035e+02 1.72620766e+05 2.55980103e+03
 5.82088470e+01 3.22394507e+03 5.09323692e+01 8.30076599e+02
 5.27324951e+03 1.89938794e+03 1.10569570e+04 1.86141589e+03
 3.40374961e+04 9.18018875e+01 2.22044263e+03 4.18162842e+03
 1.17348083e+03 5.36228369e+03 9.03497009e+02 1.55457344e+04
 1.26873499e+03 2.99035547e+03 5.51575928e+02 1.10882002e+04
 6.38995000e+04 1.15866089e+02 2.16667700e+03 8.40963906e+04
 1.17592910e+04 2.58155713e+03 8.87506836e+02 1.74380127e+02
 3.76330444e+03 9.29781494e+02 1.12926231e+02 4.48850439e+03
 1.25861323e+00 1.44070630e+03 1.80141035e+04 5.53962939e+03
 2.66779663e+03 6.47663940e+02 2.07372607e+03 1.59807068e+03
 3.85335724e+02 9.13210938e+02 1.08824268e+04 3.35648828e+04
 2.05506812e+03 2.56124277e+04 1.95007996e+03 5.30626587e+02
 1.86538789e+04 3.75824829e+03 9.23823730e+02 1.49029797e+03
 3.59209009e+03 9.18884766e+02 1.00333655e+03 6.50924255e+02
 3.32698389e+03 6.70074268e+03 4.86608086e+04 6.74450439e+03
 9.93331146e+01 5.55731494e+03 1.25582007e+03 5.97295469e+04
 1.42321594e+03 1.98910996e+04 8.92068262e+03 1.19550713e+04
 2.70529590e+03 3.84140663e+01 3.97709692e+03 1.15791943e+03
 4.18256445e+03 9.96188450e+00 1.02821130e+03 1.57267627e+03
 1.04109199e+04 7.10066064e+03 4.86584717e+02 7.07529834e+03
 2.72898712e+02 6.76602417e+02 1.11997432e+04 6.85952148e+02
 2.32929932e+03 1.23231165e+03 1.18440146e+04 1.93763797e+05
 5.49805029e+03 1.89604065e+03 1.05590467e+01 1.74905359e+05
 9.38514252e+01 1.96428442e+03 7.20377637e+03 4.95892029e+02
 1.82322067e+02 1.17963154e+04 3.61844604e+03 2.63339941e+03
 2.40140215e+04 3.43188208e+03 6.53552930e+03 3.18568115e+02
 6.64687927e+02 8.37457812e+03 1.74471545e+03 6.53997363e+03
 4.61128857e+03 2.29837378e+03 2.10842285e+03 1.43801392e+03
 1.11275586e+04 2.05721313e+03 5.28936768e+03 4.61335846e+02
 2.67714233e+03 5.86501025e+03 1.74808502e+02 3.58453086e+04
 1.97703796e+03 6.59027979e+03 8.99507141e+02 1.53898901e+03
 3.36502656e+04 7.81373230e+02 4.22264221e+02 3.29676025e+03
 7.95818970e+02 2.06508636e+02 4.39075293e+03 1.10053213e+04
 1.17564160e+03 1.92434265e+03 3.94528503e+01 2.51537866e+03]
13882.222
633874.56
