[4.55172000e+05 1.27863721e+03 3.11095273e+04 2.24545812e+05
 1.03805225e+06 2.19453344e+05 3.43695391e+04 8.42334938e+05
 1.00899062e+06 9.66216113e+03 5.06728281e+05 5.67533062e+05
 1.04019656e+06 7.41334656e+02 1.00332523e+05 3.26084336e+04
 8.77988750e+05 1.94498469e+05 6.41011688e+05 3.76135825e+06
 1.91793766e+05 1.25569922e+05 3.46344312e+05 6.75158688e+05
 1.56706826e+04 3.82079450e+06 1.77668740e+07 4.14053781e+05
 8.11879297e+04 2.36035938e+03 1.34442520e+04 3.87569375e+04
 1.01604805e+05 1.05779383e+05 3.67319000e+05 2.82112520e+04
 2.32534312e+05 1.35621250e+05 3.76139141e+04 1.30856895e+04
 1.43626512e+06 3.65520000e+04 2.57460719e+05 7.11921250e+05
 1.35192891e+05 1.01957188e+05 9.47796289e+03 4.80164102e+04
 4.43688330e+03 4.11765969e+05 6.12868906e+04 1.37875938e+05
 2.15047773e+04 1.94543325e+06 1.23779756e+04 5.24759141e+04
 3.75768719e+05 1.19097275e+06 9.66910469e+04 2.06599668e+04
 1.62870047e+05 3.86338438e+05 1.07970594e+05 7.73341328e+04
 4.69174385e+01 8.72727250e+05 5.67742812e+04 3.35576953e+04
 1.02233877e+04 5.93609562e+05 2.72573574e+04 7.72565156e+04
 4.67272695e+04 1.39398906e+05 1.39796766e+05 1.30236023e+05
 2.05442531e+05 2.32719500e+05 3.40350879e+03 4.94760600e+06
 1.24731242e+05 2.06862547e+05 4.98649180e+04 1.11804578e+05
 8.71461094e+04 5.82670703e+04 2.15439500e+05 1.15538109e+05
 3.39187344e+05 5.39666250e+05 3.47676312e+05 4.12835075e+06
 8.61666875e+04 5.85444312e+05 1.43595725e+06 2.15657188e+05
 1.23803877e+04 1.65499078e+05 8.74106250e+04 2.18347402e+04
 1.12778500e+05 2.81548094e+05 2.16426855e+04 9.86407578e+04
 1.22641984e+05 9.25171953e+04 4.69507782e+02 1.78160422e+05
 1.83337766e+05 4.86682188e+04 1.91655516e+05 8.70749562e+05
 2.99253076e+03 1.70172641e+05 3.76981844e+05 7.34208047e+04
 1.17668384e+03 7.90622438e+05 3.65131445e+04 3.22663477e+04
 7.81451625e+05 5.69498812e+05 1.02841425e+06 1.07235281e+05
 4.23955625e+05 9.92527656e+04 2.37848672e+04 8.22972578e+04
 2.33788703e+05 1.52941443e+03 6.97197656e+04 1.81312344e+04
 1.51204531e+05 8.37484766e+04 1.81338062e+05 6.58034297e+04
 9.41135078e+04 1.21405258e+05 2.38599734e+05 2.71357656e+05
 5.11194531e+04 5.84363375e+05 6.39191312e+05 4.67448000e+05
 4.87262188e+05 2.21896016e+04 5.22635547e+04 1.03997412e+06
 7.82873062e+05 7.71903688e+05 4.13561250e+04 2.91621375e+05
 1.44763193e+04 1.38618574e+04 1.16627305e+05 2.08136344e+05
 5.30919531e+04 2.28934000e+06 5.72369180e+04 2.74720700e+06
 9.37884125e+05 1.06967852e+05 2.33165771e+03 7.68012842e+03
 8.88840000e+04 1.29246383e+05 2.54388457e+04 2.37498438e+04
 1.26855617e+05 5.78654812e+05 3.01740117e+04 2.92855176e+04
 4.04051094e+04 2.85935719e+05 1.30819961e+05 1.87105344e+05
 1.24837867e+05 2.55022188e+04 1.51303535e+04 2.35915109e+05
 7.90633447e+03 3.25157793e+04 6.75476600e+06 4.36719594e+05
 1.81966031e+05 1.40446703e+05 1.19847219e+05 1.00780367e+05
 2.21315656e+05 3.29819141e+04 7.01623682e+03 2.53127031e+04
 1.82115078e+04 3.80448315e+03 2.53799950e+06 4.77284688e+04
 3.84521875e+05 1.29432148e+05 1.71231230e+04 3.33953188e+05
 2.33714102e+04 1.20558730e+04 6.89640500e+05 6.09532568e+03
 2.68478500e+06 2.72244275e+06 2.20687324e+04 2.24319312e+05
 4.62515469e+04 1.02051453e+05 3.83022290e+03 1.20947977e+05
 1.43347172e+05 7.65969453e+04 6.57319188e+05 1.39227197e+03
 1.85576406e+05 1.90295430e+04 7.58633398e+03 1.15015680e+05
 9.49475781e+04 6.12248711e+04 9.31999766e+04 2.52199625e+06
 2.36216891e+05 5.59360498e+03 3.49303375e+05 2.08096172e+04
 2.41344891e+05 7.37911750e+05 7.90408008e+03 8.93369062e+04
 1.62941812e+05 1.59988250e+05 5.72492891e+04 5.84939375e+05
 5.01644375e+04 4.01938789e+04 1.69145078e+05 5.65291250e+04
 2.82397109e+04 2.71803613e+04 2.31506094e+04 4.42124531e+05
 4.26082031e+04 2.69851469e+05 1.96378234e+05 2.02437500e+05
 1.97253516e+05 3.93567300e+06 1.11312803e+04 2.22683625e+05
 4.01779180e+04 3.22271953e+04 1.46366375e+05 3.33135625e+04
 1.24043422e+05 1.53650146e+02 1.49300266e+05 1.38702984e+05
 3.94178475e+06 6.88442438e+05 1.61352275e+06 8.23778203e+04
 1.43571650e+04 5.48529336e+04 3.65441523e+04 1.70248320e+04
 6.77859562e+05 3.99348867e+04 1.08035234e+04 1.59860984e+05
 5.35483828e+04 1.15221953e+05 8.96670938e+05 1.41286084e+03
 3.58091900e+06 1.09636650e+06 3.13181531e+05 3.90105900e+06
 1.05656219e+05 3.58815531e+05 2.65082910e+03 3.90225156e+04
 3.48537549e+03 5.32045742e+04 1.99872984e+05 3.46074688e+05
 3.30748477e+04 3.17067375e+05 1.42295188e+06 7.82994609e+04
 4.72005938e+05 1.80797324e+04 7.97464453e+04 6.37136406e+04
 1.30451594e+05 1.04309500e+06 6.19315979e+02 4.89993438e+04
 1.63971281e+05 1.97438496e+04 6.44742312e+05 5.14678969e+05
 4.65113438e+05 1.59057969e+05 1.43347852e+03 7.95810375e+05
 3.57617480e+03 9.62316641e+04 1.11930557e+04 2.54860906e+05
 5.75750750e+05 1.06635938e+05 1.56616377e+04 1.61325906e+05
 4.31388625e+05 7.24922625e+05 3.09813875e+05 1.54033469e+05
 1.07724430e+05 1.47924326e+04 1.71402531e+05 2.10277031e+05
 9.74813477e+03 1.35073875e+05 3.40093275e+06 6.59353906e+04
 9.28298516e+04 1.79144781e+05 1.51457230e+02 4.92573789e+04
 9.28869375e+04 7.09009922e+04 1.98212578e+05 1.83329761e+03
 3.70875824e+02 7.42446719e+04 8.57550625e+04 8.22881406e+04
 1.48904109e+05 1.05776406e+05 1.10176141e+05 9.97691094e+04
 8.70133828e+04 4.95293633e+04 1.18623691e+04 6.77025234e+04
 2.26923275e+06 1.41950908e+04 9.64052344e+04 3.47717100e+06
 8.67452266e+04 8.15142312e+05 2.86376469e+05 2.68592031e+05
 3.84079750e+05 2.19041828e+05 3.15731133e+04 3.79469250e+05
 1.12189258e+05 6.29469719e+01 8.81405312e+05 2.97290742e+04
 1.22955088e+06 5.60754800e+06 1.31054273e+05 6.90624375e+04
 2.90941000e+06 4.12253250e+05 5.33014125e+05 4.15653812e+05
 1.30491575e+06 1.10343609e+05 2.22589875e+05 1.62657975e+06
 1.32872450e+06 4.46644375e+05 7.46909141e+04 1.21149062e+05
 1.22542547e+05 2.60680933e+03 3.49090050e+06 8.38560781e+04
 1.93995938e+05 3.71821844e+05 1.03892256e+04 3.59323438e+04
 2.60601000e+05 2.85957156e+05 1.42737600e+06 1.68721375e+02
 1.58742295e+04 6.36415710e+02 5.33540497e+01 1.91261859e+05
 1.55610438e+05 3.48028094e+05 2.09525328e+05 1.34852025e+06
 1.74273984e+04 2.40405219e+05 5.30589570e+04 1.09660293e+04
 6.66553125e+05 3.87081469e+05 4.71674531e+04 1.96577938e+05
 3.82012040e+07 1.02583195e+05 5.42510449e+03 7.72199250e+05
 4.68791992e+04 1.08700244e+03 7.14515875e+05 8.60674938e+05
 8.22975859e+04 3.96877156e+05 3.32469188e+05 2.85460281e+05
 8.24496562e+05 4.03035273e+04 6.89018672e+04 3.27446969e+05
 7.60649902e+03 3.54499375e+04 3.91900750e+05 4.97245483e+02
 3.92309375e+05 3.23893469e+05 9.22625684e+03 1.61769453e+05
 7.20568828e+04 9.46419812e+05 2.82433516e+04 9.35054749e+02
 3.18380176e+04 2.28846016e+05 5.59939883e+04 3.48111523e+04
 2.16687578e+05 1.91670703e+05 3.97793042e+03 6.02997266e+04
 1.19434414e+05 1.35697803e+04 3.00739570e+04 8.16690188e+05
 2.30106909e+03 2.40700938e+05 1.48153984e+04 6.24805200e+06
 2.97865820e+04 2.00854359e+05 6.42910812e+05 1.01314766e+05
 2.85744805e+04 2.81193875e+05 1.07271539e+05 5.77670215e+03
 6.55834082e+03 5.85614502e+03 7.06399062e+04 5.11576367e+03
 2.10103297e+05 1.32687576e+02 2.47106562e+05 1.14813037e+04
 1.22756039e+05 1.06596900e+06 1.93741562e+05 3.88428750e+05
 3.04663940e+03 4.47536523e+03 7.13860625e+04 1.38980457e+03
 3.48761328e+04 1.98304469e+05 4.88736133e+04 8.87202656e+04
 2.35973008e+04 3.47312280e+03 1.57455656e+05 9.26332422e+04
 9.67561250e+04 1.42799875e+05 2.78197441e+04 2.56805719e+05
 1.48026297e+05 7.50369219e+04 4.13915000e+04 2.59061531e+05
 1.03485322e+04 7.28082891e+04 2.28343266e+05 1.24800830e+03
 7.67619141e+02 3.51119475e+06 1.00082750e+05 8.24717041e+02
 7.94272500e+04 2.62725594e+05 3.63620250e+05 4.86857773e+04
 4.21305703e+04 2.90112062e+05 2.44001230e+04 4.08598688e+05
 1.28293844e+05 5.11823711e+04 1.40162720e+03 2.34113141e+05
 3.33869453e+04 2.80074297e+04 2.59642812e+04 8.25800500e+05
 7.03159688e+05 2.18261973e+04 6.39542422e+04 1.07011055e+05
 3.88550938e+04 3.51748875e+06 5.99454219e+04 1.73296234e+05
 9.36692875e+05 2.26685312e+04 1.65325195e+03 1.61411219e+05
 1.34650922e+05 7.87455078e+04 2.24265479e+03 7.01431797e+04
 2.45986377e+03 2.78757375e+05 4.59823789e+04 1.20643289e+05
 1.47057422e+04 4.36200594e+05 2.37435664e+04 3.30608867e+04
 2.60302703e+05 3.49073150e+06 8.11035010e+03 4.60238438e+04
 1.63088779e+04 7.70702266e+04 1.69954672e+05 4.46712031e+04
 3.20985125e+05 8.01751172e+04 2.00114078e+05 4.20117812e+04
 2.67124115e+02 3.19987156e+05 6.87598750e+04 1.33175844e+05
 2.86580875e+05 1.03350734e+05 4.35492969e+04 1.63412219e+05
 1.03203425e+06 2.23490283e+03 1.37820969e+05 6.60063906e+04
 3.11311582e+04 6.92426172e+04 3.11730312e+04 3.95054625e+05
 1.66254922e+04 5.30773672e+04 1.53154953e+05 5.68508945e+04
 3.02832125e+06 3.11562125e+05 2.56162305e+04 3.23514562e+05
 2.63719473e+04 4.04601797e+04 1.46682575e+06 4.58052344e+04
 7.69372188e+05 8.31498203e+04 1.99489453e+05 4.70710656e+05
 9.55094681e+01 7.01320875e+05 5.32239570e+04 2.58724234e+05
 4.59871797e+04 4.36111812e+05 3.89640000e+05 1.64610278e+03
 2.64518000e+05 9.17366641e+04 8.10505750e+05 3.93722656e+05
 1.73091484e+04 1.71541094e+04 1.39766953e+05 2.30719844e+04
 4.91115859e+04 6.48408812e+05 5.44673438e+04 7.03312734e+04
 9.99617188e+02 3.14745059e+04 2.07473999e+03 6.15593945e+04
 2.42648984e+05 4.01514656e+05 6.65870068e+03 1.64581335e+03
 1.14532471e+04 3.57255906e+05 1.39789047e+05 1.05636742e+05
 1.38481922e+05 1.73552930e+04 4.82988844e+05 6.11624312e+05
 6.65274844e+04 3.49137094e+05 1.29566180e+05 1.80304746e+04
 1.88793188e+05 9.10936500e+05 2.85548250e+05 4.24489727e+04
 4.73433789e+04 3.19825844e+05 6.95590750e+05 9.64413867e+03
 3.09648145e+03 3.37122938e+05 1.10144414e+05 9.72624922e+04
 2.46299828e+05 2.12588145e+04 3.12813219e+05 1.07912000e+06
 1.38122344e+05 5.84066125e+05 5.42725464e+02 5.46304565e+02
 1.69864980e+07 9.56538438e+04 2.28507000e+05 2.86116469e+05
 2.73721338e+03 1.05318914e+05 1.46471514e+04 9.24987266e+04
 2.10375234e+05 8.98226855e+03 2.31492109e+05 2.85448164e+04
 8.10082734e+04 8.61645000e+05 5.35805625e+04 1.01593438e+04
 1.04416833e+03 1.30317000e+06 3.07513613e+04 9.21005156e+04
 1.76188047e+05 1.03624625e+05 1.16629521e+04 3.58717031e+04
 3.52492505e+03 1.47320012e+06 1.33248662e+06 6.95403672e+04
 3.11750464e+03 6.29643125e+05 5.84211125e+05 1.51371212e+06
 1.25664180e+04 8.71915312e+04 1.76224000e+05 1.03002462e+06
 1.96889102e+04 6.25346797e+04 2.01096531e+05 1.24157281e+05
 5.46345062e+05 4.68132539e+04 3.01852129e+04 2.43467725e+06
 1.80262207e+04 1.09195953e+05 4.35543945e+04 2.75246328e+04
 3.48387665e+02 3.09312812e+05 2.13213848e+04 6.20723398e+04
 2.83322400e+06 3.55023594e+04 1.95158984e+05 5.18147812e+04
 2.17797656e+03 2.27271621e+04 2.65556714e+03 9.15281934e+03
 1.81340259e+03 2.73498125e+05 1.50240784e+03 1.39921297e+05
 1.11098164e+05 8.46116719e+04 1.60415635e+04 2.16522172e+05
 9.82379688e+05 5.05537125e+05 2.60664004e+04 1.13420588e+06
 9.04311438e+05 4.88626680e+04 3.45524766e+04 1.71852406e+05
 1.15119047e+05 2.92501816e+04 7.11529375e+04 1.89724612e+06
 5.55511172e+04 8.88695374e+02 2.17049781e+05 5.20605188e+05
 4.39427344e+05 2.01789719e+05 5.94105625e+05 1.42622781e+05
 1.33488234e+05 3.64718312e+05 4.31538656e+05 1.41283922e+05
 4.89039453e+04 1.51485938e+04 1.96318477e+04 7.84417250e+05
 2.04331588e+06 1.75126917e+03 2.89454156e+05 5.28993672e+04
 4.32407812e+05 6.08848008e+04 1.86657578e+05 2.68457031e+04
 1.41878887e+04 2.35416152e+04 2.31758950e+06 7.73307275e+03
 1.96250438e+05 1.85879828e+05 8.44595859e+04 6.83515156e+04
 1.57095752e+04 5.51180898e+04 1.91460362e+06 2.04651074e+04
 6.02189922e+04 2.46209746e+04 6.41184023e+04 1.04317962e+06
 4.32701641e+04 9.13145117e+03 1.94642766e+05 4.39326385e+02
 2.72389668e+04 2.99145031e+05 4.30301469e+05 2.53761074e+04
 3.00022375e+06 1.04045984e+05 2.15670562e+05 7.61642109e+04
 4.83379443e+03 6.76173516e+04 1.87801656e+05 1.02271898e+05
 5.61276758e+04 2.07554578e+05 3.74789000e+05 8.25423438e+04
 9.69024141e+04 2.31352500e+06 1.95063925e+06 2.62840508e+04
 7.42241172e+04 6.86306188e+05 1.38046152e+04 4.07985938e+05
 1.32467250e+05 4.88937912e+01 1.53679268e+04 2.26977953e+05
 5.89368562e+05 3.91241797e+04 1.51171167e+03 8.18128625e+05
 2.84230188e+05 1.28154547e+05 1.94338242e+04 1.59458953e+05
 3.75802406e+05 2.05317250e+05 2.49917219e+05 7.50895234e+04
 4.39255195e+04 1.01494481e+06 2.37439697e+03 6.51897312e+05
 1.12452800e+06 1.31407394e+02 2.38783234e+05 1.16939434e+04
 7.63330156e+04 1.74356660e+04 1.77078800e+06 4.45062461e+04
 4.46432062e+05 3.44817422e+04 1.89255362e+06 1.30784211e+05
 5.52956375e+05 9.84445938e+05 5.73894023e+04 1.06175562e+06
 5.66006875e+04 8.28516016e+04 5.21484688e+05 2.03706609e+05
 1.61938688e+05 4.24183984e+04 9.27431797e+04 4.46715508e+04
 8.00293047e+04 1.25165859e+04 8.18336875e+04 5.20237122e+02
 7.88139766e+04 6.36302578e+04 6.10829336e+04 2.86662070e+04
 5.11123242e+04 3.25791738e+04 2.70852676e+04 1.31256182e+04
 2.10567812e+05 1.23845127e+04 6.16386625e+05 1.44417484e+05
 1.38031391e+05 6.14682471e+03 1.54719875e+05 2.60147250e+06
 2.27893677e+03 1.72262925e+06 8.99277148e+03 8.46640547e+04
 2.21406675e+06 3.50262500e+05 3.22319225e+06 3.60856156e+05
 1.36775234e+05 3.26791500e+05 7.50234009e+02 3.71615938e+04
 6.00174375e+05 1.85854648e+04 1.29811562e+06 4.50586367e+04
 3.31319700e+06 6.14927656e+04 4.75169883e+04 1.11152250e+05
 5.78707461e+04 5.77658125e+04 3.36685703e+04 1.57917734e+04
 1.78696543e+04 6.64038203e+04 2.64486914e+03 1.54088135e+04
 1.44413359e+04 3.59881602e+04 4.46784850e+06 4.77189156e+05
 5.12028100e+06 6.11068477e+04 3.68159102e+04 7.14603729e+01
 2.85915438e+05 3.22501875e+04 1.23309906e+05 5.04036182e+03
 1.25807007e+02 3.12826992e+04 4.09022688e+05 4.24353469e+05
 6.30010312e+05 5.55229219e+04 3.59017853e+02 6.30904346e+03
 2.20516465e+04 6.39235547e+04 4.60808398e+03 1.94121350e+06
 2.13308477e+04 3.66077469e+05 5.93042542e+02 7.98161172e+04
 3.34741750e+05 8.75360625e+04 5.99256375e+05 2.25247156e+05
 1.81020672e+05 2.23593281e+05 1.20091023e+05 4.28453789e+04
 1.01947400e+06 1.99442346e+03 3.70962094e+05 9.92500391e+04
 5.34866406e+04 4.97253500e+05 1.67875647e+03 1.08309238e+06
 1.06545383e+05 2.33882234e+05 2.27598531e+05 5.00213828e+04
 1.23074250e+05 2.26421692e+02 2.51996766e+05 5.53648984e+04
 3.52321851e+03 6.80407520e+03 9.78349375e+04 1.47815762e+04
 4.59272125e+05 1.71946250e+05 4.13874414e+04 1.25758664e+05
 1.42179172e+05 2.09948562e+05 2.73554281e+05 2.16355047e+05
 9.38023145e+03 2.63529175e+02 6.76330625e+05 5.06160880e+07
 4.89818789e+04 1.51068531e+05 7.36916406e+04 5.14445200e+06
 2.53404023e+04 1.13267242e+05 6.09488438e+05 8.00322188e+04
 9.16807812e+04 1.35865250e+05 2.45369609e+05 1.52544325e+06
 7.54808500e+05 1.78450938e+04 6.00072250e+05 1.30365906e+05
 4.67929625e+05 8.76847500e+04 4.65186055e+04 3.45397695e+04
 1.15134117e+05 3.24950938e+05 1.44995625e+05 2.36936621e+03
 2.02597400e+06 1.00319438e+05 4.17477219e+05 1.04456445e+04
 1.58059357e+02 1.16773916e+04 9.35399922e+04 1.43713740e+04
 1.58025297e+05 2.71065188e+05 2.32367012e+04 1.40344902e+04
 7.28203312e+05 3.22944594e+05 4.55280625e+05 1.22473075e+06
 1.77349609e+04 4.39241289e+04 1.20679400e+06 6.92981500e+05
 7.66363330e+03 5.66253516e+04 5.58110039e+04 1.03081963e+04]
476686.3
50616090.0
