[1.81290047e+05 1.36386828e+05 5.65556641e+03 3.63700391e+04
 5.00591133e+04 3.37492688e+05 3.51628281e+04 2.40263250e+05
 1.49176412e+06 3.76893125e+04 2.78316469e+05 3.38658984e+04
 6.18040977e+04 2.36255254e+04 5.12198711e+04 3.16693047e+04
 2.54735547e+05 1.32951202e+02 1.97620625e+05 3.00181750e+06
 9.78301250e+04 2.72677246e+03 2.83702000e+07 9.96919125e+05
 7.08095781e+04 2.95413770e+04 1.31949920e+07 3.93397938e+05
 1.80473359e+04 2.17477305e+04 9.52642688e+05 8.00060059e+03
 3.82107125e+05 4.25790332e+03 5.64085375e+05 6.30282422e+03
 1.02423218e+03 1.45830762e+04 2.78858000e+05 8.02337812e+04
 1.38698062e+06 1.21590609e+05 9.90793203e+04 3.38199531e+05
 2.11186625e+05 2.37024250e+05 2.53450708e+03 1.22152742e+05
 4.17814453e+04 1.90912650e+06 4.46670459e+03 6.38884277e+02
 2.31503887e+04 8.06287969e+04 8.83826270e+03 4.98253516e+04
 8.91324121e+03 3.99423688e+05 2.15343531e+05 3.11046445e+04
 2.46650312e+04 2.71860137e+04 1.98432129e+04 6.16205859e+03
 2.93543091e+03 1.04950488e+06 3.50078320e+03 3.94110195e+04
 4.29375469e+04 1.35138712e+06 1.93498984e+04 3.13891000e+05
 1.20218555e+04 5.63129727e+04 1.05684914e+05 6.34340234e+04
 1.75946531e+05 4.15019312e+05 2.21841133e+04 1.22266325e+06
 7.13661328e+04 2.37272984e+05 4.01407300e+03 1.37743011e+02
 2.36357984e+05 8.34764709e+01 8.38985742e+03 8.50158203e+03
 9.52287422e+04 2.72698000e+05 1.94619047e+05 2.98327050e+06
 3.24701118e+00 3.13009594e+05 6.79308750e+06 6.61279541e+03
 3.44680156e+04 1.05521930e+05 3.06500094e+05 1.03125869e+04
 1.71936250e+05 3.57393719e+05 2.21946367e+04 9.98211133e+03
 1.45454328e+05 1.75986422e+05 1.59579980e+04 5.07274219e+04
 6.75113770e+03 1.00178424e+03 8.84018594e+04 2.49624969e+05
 9.45025000e+03 2.57963398e+04 2.26914016e+05 2.58734883e+04
 2.40648613e+04 2.30481547e+05 7.16135750e+05 2.56922910e+04
 6.74213281e+04 3.62317844e+05 1.58592734e+05 6.11573125e+05
 2.85909863e+04 5.57767236e+03 8.32943594e+04 3.30577305e+04
 3.43277734e+03 3.38721602e+04 2.08857422e+04 3.87340723e+03
 5.15050635e+03 4.84235000e+04 2.28579077e+03 1.95546985e+03
 3.03717219e+05 3.24480234e+04 4.78343828e+04 1.54736359e+05
 1.22773656e+05 2.69965719e+05 6.73000438e+05 1.05828086e+05
 2.03939609e+05 3.88050488e+03 3.09882168e+04 9.65463379e+03
 8.37587188e+04 2.08142688e+05 6.91827295e+03 2.71010449e+04
 2.47234609e+04 1.25819812e+03 1.12545219e+05 2.33646672e+05
 8.88043281e+04 1.39563141e+05 3.37234453e+04 2.73330600e+06
 1.42600950e+06 1.10638875e+05 6.45241602e+03 6.43198389e+03
 1.36814516e+05 1.67368625e+05 1.52911406e+04 6.13881914e+04
 2.40309980e+04 3.24467910e+04 1.87686582e+04 3.31926523e+04
 3.98364023e+04 2.35814624e+03 5.23667109e+04 7.23671172e+04
 3.19362969e+04 2.95030449e+04 1.89660508e+04 3.11987832e+04
 8.84835234e+04 1.29197715e+04 4.25045250e+06 2.27255516e+05
 3.30989795e+03 1.18195109e+05 5.21413047e+04 9.88657891e+04
 5.67210083e+02 2.20479594e+05 8.12115430e+03 4.20040039e+02
 7.10622168e+03 7.25520156e+04 1.30636275e+06 1.31797549e+04
 2.24579750e+05 4.88436523e+03 6.39416445e+04 1.63264668e+04
 1.42731279e+04 3.31566125e+05 1.09413800e+06 2.13655449e+04
 3.93516500e+05 1.87805781e+04 1.03356383e+05 1.96079609e+04
 5.91358008e+03 1.52787158e+04 3.26412086e+01 1.42802000e+05
 6.06868008e+04 1.56050127e+04 1.96719297e+04 2.19784727e+04
 3.35893359e+03 1.04471191e+04 1.71793027e+04 1.47841699e+04
 9.90913086e+03 2.09587031e+05 3.75959155e+03 8.09949850e+06
 2.19286699e+04 7.78678281e+04 6.84214922e+04 1.13033877e+04
 6.26952578e+04 1.08685664e+05 4.28672852e+03 4.82867148e+04
 2.50580391e+05 1.19247336e+05 5.67498352e+02 3.71005406e+05
 2.47532625e+05 2.32607764e+03 1.12691040e+03 2.98697188e+04
 1.91032712e+06 2.52811523e+03 8.16651688e+05 2.12391562e+05
 5.21484258e+04 7.46173828e+04 1.11266062e+05 3.42927227e+04
 2.33187715e+04 1.34318488e+06 1.82001294e+03 2.55477344e+05
 4.09494961e+04 7.32673975e+03 4.58394648e+04 5.05542852e+04
 2.12039551e+04 6.33942139e+03 2.41877125e+05 1.16598799e+04
 1.58179075e+06 1.55712773e+04 7.15337578e+04 1.25443545e+04
 7.34818750e+03 7.06652649e+02 4.89570508e+03 3.15772906e+05
 1.17998789e+04 1.08641398e+05 1.80995547e+04 3.02010469e+05
 2.98899414e+03 9.98620911e+02 4.06461531e+05 5.88090898e+04
 2.69186850e+06 4.96824219e+04 3.16341438e+05 3.64699562e+05
 2.05528672e+05 2.45949234e+05 3.26863066e+04 1.48202578e+04
 2.36616016e+04 1.47453247e+03 1.04637156e+05 4.46681438e+05
 1.72848132e+03 4.90698250e+05 7.25540600e+06 4.91989727e+04
 3.50752881e+03 1.61937227e+04 2.52413945e+04 1.95454883e+04
 9.87623438e+04 7.95107688e+05 2.95275171e+03 3.41499609e+04
 1.53582471e+04 1.71824512e+04 2.78017094e+05 6.46034562e+05
 5.88223625e+05 8.43041400e+06 6.47933252e+03 3.82962406e+05
 9.99775938e+04 1.14506945e+05 2.36513770e+04 1.99346172e+05
 1.77430578e+05 3.65022070e+04 1.64513418e+04 3.97014023e+04
 4.53083398e+04 9.36742656e+04 2.84617750e+05 1.53044112e+06
 2.18293562e+05 1.26464133e+05 1.16782812e+04 1.95625188e+05
 4.42253531e+05 4.21833496e+03 2.88461900e+06 6.50963359e+04
 5.11300125e+05 1.35256553e+04 6.16353906e+03 9.34216211e+03
 5.36504844e+04 4.04680469e+04 1.22676250e+05 9.17438375e+05
 1.34525859e+05 8.02709863e+03 3.11921156e+05 3.57260117e+04
 2.23364375e+04 3.86599000e+05 3.19541289e+04 2.63004469e+05
 1.37578250e+05 1.12381689e+04 2.29457793e+04 1.45855266e+05
 1.80483359e+05 7.26729919e+02 3.94113250e+05 5.16697219e+05
 1.21422168e+04 2.45752875e+05 6.00983301e+03 4.00941895e+03
 4.76733219e+05 1.69676391e+05 1.31187715e+04 1.66858965e+04
 1.81293422e+05 6.80626484e+04 4.26150664e+04 4.12045117e+04
 2.38784281e+05 4.18594188e+05 1.86418797e+05 4.32063037e+03
 3.46237719e+05 5.34617312e+05 5.53140625e+04 4.51822844e+05
 1.29814250e+06 5.18874951e+03 4.24774570e+04 1.44003975e+06
 4.49233711e+04 1.64093828e+04 3.08243457e+04 7.56305298e+02
 7.77275156e+04 1.24940383e+05 2.16934425e+06 1.26514773e+05
 1.83842725e+03 3.04412156e+05 1.05473623e+04 4.23444688e+04
 1.30498305e+05 2.63191500e+05 1.18502762e+06 4.05787617e+04
 8.96723906e+04 1.98503320e+04 1.23289102e+04 4.49713500e+05
 1.81278235e+03 1.02529181e+06 1.01720711e+05 1.55530788e+06
 4.49294844e+04 4.44358828e+04 1.34556807e+04 1.46835400e+04
 1.69251875e+05 3.36595234e+04 7.58255371e+03 2.46156875e+05
 2.83604740e+07 1.09300332e+04 1.01431227e+05 4.20701289e+04
 2.46728891e+05 1.16562188e+05 1.03504727e+05 1.15345264e+04
 1.32316422e+02 4.63533812e+05 4.34706719e+04 7.83789141e+04
 2.14483359e+05 1.97617422e+04 9.97545781e+04 1.64121297e+05
 2.96749658e+03 1.64454902e+04 1.13896031e+05 1.00772894e+03
 7.84248984e+04 1.61274797e+05 1.07586562e+04 2.70851875e+05
 2.78636094e+04 6.85848938e+05 2.93301230e+04 2.52184688e+04
 1.70637598e+04 1.16330334e+03 1.56283266e+05 4.23158312e+05
 1.07039484e+05 1.02870242e+05 5.73850750e+05 5.56997305e+04
 4.67767891e+04 7.04995391e+04 3.84861865e+03 2.00983047e+04
 1.50494688e+04 6.71064209e+03 1.19816133e+04 1.22443880e+07
 1.29902031e+04 3.81804969e+05 2.65284500e+05 1.74025723e+04
 5.80955127e+03 5.47375430e+04 2.32909150e+06 3.64509790e+03
 1.97229422e+05 3.58648047e+04 9.70033984e+03 7.40611475e+03
 1.94071375e+05 5.34887109e+04 1.14098461e+05 4.23073682e+03
 6.47482383e+04 1.14104825e+06 2.26703219e+05 3.47585898e+04
 1.13445098e+04 3.45090859e+04 1.62670908e+04 7.16050171e+02
 1.53898008e+04 2.03380078e+05 7.72548291e+03 4.94356049e+02
 5.11667625e+05 2.70435969e+05 1.09934594e+05 1.40483770e+04
 3.06301973e+04 2.90074043e+04 2.56209473e+03 5.40998625e+05
 4.69946758e+04 4.33002734e+04 5.38567188e+04 4.78526953e+03
 5.96496484e+04 2.56226416e+03 1.57858781e+05 6.97754531e+04
 1.46245234e+05 1.25145862e+06 6.82260078e+04 1.82507910e+04
 4.66686621e+03 6.94303516e+04 6.86660812e+05 4.63842148e+04
 5.25235312e+04 3.70824121e+03 3.27755625e+04 1.56089547e+05
 9.48927344e+03 4.06498071e+03 1.32114868e+02 3.85041016e+04
 1.73578965e+04 1.01296465e+04 3.86736646e+03 2.04272922e+05
 8.95324219e+04 1.34029980e+04 7.12998203e+04 7.16335312e+04
 5.58819482e+03 2.22285688e+05 7.59913516e+04 7.55370801e+03
 7.12253562e+05 5.15877188e+04 5.95507660e+01 7.68673625e+05
 1.58877480e+04 8.61225547e+04 4.55521094e+04 3.65518281e+04
 9.15681250e+04 1.24065539e+05 1.63249453e+05 2.36419580e+03
 8.45544438e+05 1.94547500e+04 1.54735281e+05 1.36937295e+04
 3.31008398e+04 6.06092625e+05 4.47012744e+03 7.07042773e+03
 1.25502139e+04 1.76034297e+04 3.38166781e+05 3.45534131e+03
 2.77437531e+05 4.62320605e+03 2.17759156e+05 9.45269824e+03
 5.46491875e+04 1.35866825e+06 1.29329238e+04 4.88564562e+05
 7.52273242e+03 1.69537484e+05 1.54265420e+04 6.20668555e+04
 5.87642031e+04 2.24417520e+04 6.25883911e+02 3.87562344e+04
 3.54333086e+04 5.76669961e+04 2.92543867e+04 8.21537266e+04
 1.46676455e+04 8.66108887e+03 7.73359453e+04 2.07920801e+04
 1.25437119e+04 2.63794121e+04 8.93726406e+04 4.43594269e+02
 1.05561316e+03 6.63218555e+03 2.03060273e+04 1.35809082e+03
 3.93750775e+06 3.54080664e+03 7.40390625e+04 1.33547156e+05
 4.97738969e+05 3.61377175e+06 6.72697266e+03 1.86512219e+03
 1.52572510e+04 4.66547812e+04 3.33043789e+04 2.23541211e+04
 1.48246469e+05 1.84906500e+05 5.37955125e+05 2.66799125e+05
 2.17989043e+04 9.83453203e+04 1.77687859e+05 1.85142151e+03
 1.20870975e+06 1.37347750e+05 1.50145154e+03 4.73916846e+03
 1.72598848e+04 5.59002852e+04 1.28338711e+05 2.01842712e+03
 1.55889625e+05 5.11303250e+05 1.30455938e+04 1.25729906e+05
 2.42931641e+04 6.48018506e+03 3.26406367e+04 4.65466133e+04
 1.25286550e+06 1.26438675e+06 3.61519188e+05 1.46869862e+06
 3.39494336e+04 3.11415594e+05 6.93531055e+03 7.74865771e+03
 8.53036641e+04 6.75905371e+03 1.31973936e+04 3.11524062e+04
 7.46981797e+04 1.04933570e+05 6.37050469e+04 1.55892812e+04
 3.77083398e+04 2.80139562e+05 9.73826270e+03 1.11152695e+05
 1.08870107e+04 8.14272031e+04 1.73688000e+05 9.09836719e+04
 1.28630264e+04 3.28772632e+03 2.97341387e+04 8.46145078e+04
 4.25884050e+06 1.09510992e+05 7.88937656e+04 1.05399695e+05
 5.74843994e+03 1.42427529e+04 4.11441445e+04 1.30595688e+05
 1.35410168e+03 7.77237578e+04 7.89739844e+04 3.68625820e+04
 1.54043438e+05 5.78900742e+04 5.58224414e+04 1.59151953e+03
 3.71120039e+04 1.77715412e+06 5.13479727e+04 6.59298750e+04
 8.75514941e+03 3.94545547e+04 2.52783740e+03 4.20208984e+03
 6.50272578e+04 1.60054038e+06 1.74463078e+05 1.76548062e+05
 8.41184473e+03 7.41916094e+04 2.13042531e+05 5.15229688e+05
 4.91873096e+03 2.66468867e+04 8.35601797e+04 4.49896406e+04
 8.49448047e+03 6.89572031e+04 1.83657780e+01 2.02979382e+03
 1.32674438e+05 6.02013232e+03 1.67052520e+04 1.64392212e+06
 5.53053906e+03 1.14057129e+04 1.47792816e+02 3.78984717e+03
 5.13171914e+04 8.75940391e+04 1.89911855e+04 1.87126621e+04
 1.36629594e+05 1.35448734e+05 8.51259531e+04 2.96258086e+04
 1.37042637e+04 5.72595820e+04 3.55956421e+03 1.04629404e+04
 1.06221562e+05 5.40385156e+03 4.05741133e+04 7.66550244e+03
 1.30538818e+04 2.74057617e+03 7.27502812e+04 1.67175891e+05
 6.83749375e+05 6.72920750e+05 1.09406586e+05 2.22253844e+05
 4.12952156e+05 2.06196211e+04 5.14581016e+04 5.30074961e+04
 4.05654219e+04 2.32606777e+04 4.98631953e+04 5.95484188e+05
 2.55424390e+03 1.46390112e+03 3.01633938e+05 3.35677719e+05
 6.76801188e+05 5.57561172e+04 3.37398594e+04 1.43016357e+03
 7.66076172e+04 2.65162812e+05 8.74699844e+04 8.16264160e+03
 5.74845117e+04 5.84908711e+04 6.14174316e+03 4.13037562e+05
 9.52626719e+04 6.15621680e+04 1.86824875e+05 2.61120371e+04
 3.30515859e+04 3.22703750e+04 2.44866150e+06 2.91218633e+04
 3.28142891e+04 3.13480957e+04 1.98200156e+05 5.04394219e+04
 6.85097891e+04 9.98286328e+03 4.62825635e+03 1.61082453e+05
 5.19403174e+03 6.78572803e+03 2.13313625e+06 4.78734521e+03
 2.36915938e+05 4.29564160e+03 3.30070391e+04 1.15166094e+05
 7.39580703e+04 2.59841602e+04 2.22351445e+04 1.11619873e+04
 5.24514404e+03 1.70982875e+05 1.97312984e+05 2.20099469e+05
 5.73842562e+05 7.18497754e+03 8.41905156e+04 3.20546426e+04
 4.60948633e+04 4.93595117e+04 1.83477547e+05 4.38093242e+04
 8.50432520e+03 1.26086396e+04 1.75927609e+05 2.74978101e+03
 1.68754160e+04 3.52113094e+05 8.11883062e+05 2.71216953e+04
 1.77274969e+05 3.60022450e+06 9.70461035e+03 1.15415617e+05
 5.99414023e+04 9.37517578e+04 1.70340281e+05 5.52070391e+04
 3.45328656e+05 4.65565391e+04 4.54236094e+05 1.78598223e+04
 8.55218875e+05 3.37804570e+04 1.98304578e+05 3.16387441e+04
 1.14065797e+05 5.73991953e+04 1.01586578e+05 4.55874531e+04
 2.54654883e+03 5.18034469e+05 2.88810962e+03 1.30837975e+06
 4.02709648e+04 2.48986699e+04 1.22101258e+05 8.57110312e+04
 8.73302650e+00 4.69695520e+00 2.07877888e+06 6.37722062e+05
 1.57424873e+04 3.78406969e+05 3.39538031e+05 1.58252234e+03
 1.11806543e+04 3.84798312e+05 1.35080578e+05 1.77386243e+03
 5.89064453e+03 2.01094080e+03 8.56665859e+04 4.61938156e+05
 3.74032930e+04 4.23737695e+04 1.22169795e+04 5.75315039e+04
 1.42508975e+06 7.25586250e+04 7.82868250e+05 3.71261680e+04
 2.26602982e+02 4.90594844e+04 9.24556484e+04 2.51968344e+05
 2.17243730e+04 1.80722715e+04 2.77156470e+03 4.73828750e+04
 5.70730117e+04 1.06654141e+05 1.40913000e+05 4.02789380e+03
 2.70327812e+05 3.79957422e+03 4.71274375e+05 1.11487800e+06
 5.79569775e+03 4.11606906e+05 6.29369023e+04 8.12508594e+04
 2.27159312e+05 5.22925732e+03 2.24623438e+05 6.87775859e+04
 1.74172937e+03 1.21782312e+05 6.89467891e+04 5.67950938e+04
 1.15790625e+04 6.33952515e+02 5.06835938e+04 8.85910547e+04
 4.55325812e+05 9.26530762e+03 1.16286279e+04 1.89900098e+04
 8.98806543e+03 1.10158516e+04 6.90639297e+04 3.28211344e+05
 2.40994453e+04 6.78320625e+04 6.74810608e+02 2.59167749e+03
 7.89830875e+05 9.35010938e+04 2.44733175e+06 6.96424688e+05
 1.21905975e+06 1.07739561e+04 1.37042641e+05 1.03051695e+05
 3.27147480e+04 8.20952734e+03 6.41913906e+04 1.56852203e+05
 1.53955186e+04 5.77036670e+03 1.62922125e+05 3.17584500e+05
 1.96239516e+05 6.09421523e+04 1.03565117e+05 2.57692798e+03
 1.09686582e+04 4.41818604e+03 1.72013406e+05 1.01061969e+06
 2.33667500e+04 3.30868945e+04 1.38175172e+05 2.31248999e+03
 2.52864473e+04 1.92139438e+05 4.32751906e+05 1.29930820e+04
 2.16957062e+05 1.13753925e+06 1.60337012e+03 1.35365158e+02
 3.62922562e+05 1.69767422e+05 1.45017828e+05 1.15463037e+04
 1.03610303e+04 1.47229781e+05 7.33743672e+04 2.09737625e+05
 1.01842914e+05 1.44448172e+05 4.35852197e+03 2.91819180e+04
 2.37372109e+05 6.82735938e+03 8.40889453e+04 7.33812012e+03
 1.80421953e+04 7.01015820e+03 1.54793994e+04 2.30279160e+04
 9.98255078e+03 3.82251836e+04 3.78514453e+03 4.52188398e+04
 1.25334145e+02 3.34710344e+05 3.96430906e+05 4.05148242e+04
 2.01060859e+04 1.07769094e+05 6.98982129e+03 2.87559300e+06
 4.45880273e+04 9.86713438e+04 1.10289697e+03 9.81868500e+05
 1.41114807e+03 2.06545234e+04 2.63057625e+05 1.00463773e+05
 2.15620977e+04 2.37912207e+04 2.86660875e+05 6.35814023e+04
 1.33783406e+05 8.97763867e+03 4.79621211e+04 1.28245617e+05
 9.91706953e+04 4.00184562e+05 1.32731344e+05 1.26166172e+05
 7.51668762e+02 4.28174180e+04 4.74176211e+04 2.36532625e+05
 3.41961350e+06 9.44380781e+04 1.90025266e+05 6.49465771e+03
 8.86218516e+04 3.64354321e+03 3.62382397e+03 6.96537988e+03
 9.94297422e+04 1.16312281e+05 7.56813125e+04 3.27135062e+05
 4.76263656e+05 6.49859453e+04 2.56628859e+05 1.71311312e+05
 5.18217969e+03 8.80156055e+03 8.59606000e+05 3.27236582e+04
 5.67280898e+04 6.79451875e+04 2.84026035e+04 3.57313320e+04]
318130.9
28370200.0
