[1.28283859e+02 9.71469177e+02 2.53966431e+02 2.23906097e+02
 2.37594141e+04 1.30528748e+02 1.53663855e+03 1.82388440e+03
 7.41134570e+03 3.97836206e+03 2.61571660e+04 4.28366875e+04
 1.77722168e+03 5.29397705e+02 1.72877283e+03 2.99786377e+02
 1.84475403e+03 3.15205475e+02 5.00083398e+04 7.85924609e+04
 1.87937129e+04 2.63409195e+01 3.36121156e+05 2.01235565e+02
 5.73053345e+02 2.43761562e+04 6.42299756e+03 2.48805469e+03
 1.01001266e+02 2.09543625e+02 3.56569672e+02 1.58946699e+04
 5.31268845e+01 2.71818750e+03 1.39746279e+04 9.51186707e+02
 6.57804749e+02 1.44475861e+02 2.48251367e+03 5.87047424e+02
 2.77193496e+04 2.30191849e+02 2.29448517e+02 2.17316660e+04
 2.43093628e+03 1.33714990e+03 1.03974268e+03 2.97562500e+03
 1.37014478e+03 1.16232104e+03 1.21561928e+02 1.53850256e+03
 2.34872604e+02 1.54989746e+04 5.25631592e+02 4.01902252e+02
 8.65923157e+01 2.34010977e+04 9.52062912e+01 6.56164746e+03
 9.08920410e+03 2.74803772e+02 9.74844971e+01 3.51553619e+02
 5.04512665e+02 4.25594453e+04 9.63056396e+02 2.44790115e+02
 7.87425732e+03 1.03182258e+05 1.81513290e+02 1.14463440e+03
 8.66052612e+02 1.75770483e+03 1.39672470e+02 2.18612988e+03
 3.75754089e+02 1.44509839e+03 2.40729847e+01 4.04673477e+04
 2.64824448e+01 5.32384987e+01 2.58821564e+02 6.78546082e+02
 6.34153503e+02 2.95564880e+01 1.60892212e+03 6.18702271e+02
 7.60001755e+01 2.51103320e+03 3.19970752e+03 8.70189270e+02
 3.27454956e+02 1.76716785e+03 7.59809453e+04 7.06103369e+03
 4.28228531e+01 2.98025421e+02 1.70322832e+04 2.25930237e+02
 3.67219434e+03 9.05223572e+02 5.30048535e+03 1.69580212e+01
 3.11647247e+02 2.17439429e+03 1.04447334e+04 1.08325183e+03
 1.96774719e+03 1.63567468e+03 1.62732764e+03 5.92922559e+03
 5.62993958e+02 2.36347748e+02 1.48674286e+02 4.91301270e+01
 6.22130310e+02 5.04290886e+01 1.67623486e+03 4.79841156e+02
 6.11893501e+01 1.21472500e+04 4.45153613e+03 2.90548242e+03
 1.43723486e+03 1.08296227e+02 7.88280640e+02 6.13694687e+01
 2.83772461e+02 9.21776352e+01 1.52743713e+02 4.63011902e+02
 2.34977173e+02 4.54044586e+02 4.46009521e+03 3.42723999e+03
 2.52896460e+03 6.52744507e+02 2.50383438e+02 4.73342188e+03
 1.67393125e+04 1.35248401e+03 3.31781172e+04 3.11537158e+03
 5.70468933e+02 9.89962540e+01 1.54317047e+02 1.02086969e+03
 1.01086865e+04 1.55974365e+04 5.87263794e+02 1.35256348e+02
 1.05743599e+02 3.73837915e+03 1.04188705e+02 2.14382104e+03
 1.28077271e+02 2.27023016e+05 1.00129077e+03 1.28496130e+03
 4.00159839e+03 9.88171692e+02 1.30031409e+03 4.57376801e+02
 2.94245801e+03 2.77037720e+02 7.92641663e+02 8.17857208e+01
 4.81285370e+02 6.11387825e+01 1.65929352e+02 3.18899146e+03
 2.11740479e+02 1.83634119e+03 6.62138824e+01 2.21953491e+03
 2.95828882e+03 1.74427148e+03 2.54952240e+02 5.88054199e+03
 1.08306963e+04 1.26454796e+02 6.50649570e+04 2.09976318e+02
 1.15200439e+02 4.24999268e+03 1.56043991e+02 2.53429346e+03
 1.77222546e+03 1.15388623e+04 1.82674820e+02 1.16047993e+01
 2.76179810e+02 1.62530005e+03 1.33465684e+04 3.14267731e+02
 8.35135449e+03 4.49597504e+02 1.11077161e+03 1.04011194e+03
 1.00725256e+03 2.18202930e+03 4.96045947e+03 2.19763641e+02
 3.32810608e+02 2.52889629e+04 1.61664355e+03 4.69950977e+03
 1.04388985e+02 1.63653516e+03 5.13996765e+02 5.76697266e+02
 1.42778641e+02 1.09845573e+02 5.09953735e+02 1.43876709e+02
 7.34874573e+02 2.79590378e+01 8.52928406e+02 1.10923958e+02
 5.63091370e+02 1.55481903e+02 7.76198654e+01 1.43230981e+03
 1.13947945e+02 7.04812561e+02 1.66522995e+02 3.15902679e+02
 2.01974036e+03 1.59948633e+03 1.12660767e+02 1.37383057e+03
 1.22447773e+04 6.14377441e+02 6.24116516e+02 5.26405176e+03
 4.01835299e+00 7.26414917e+02 1.00814201e+02 1.41554918e+01
 4.38719297e+04 1.02300677e+03 3.53359497e+02 3.07085953e+01
 1.21130035e+02 8.15626144e+01 2.37399268e+03 1.91184280e+02
 3.13592358e+03 6.29947812e+05 8.39868393e+01 1.87282344e+04
 5.97720337e+02 4.24490265e+02 1.23537865e+02 6.22217334e+03
 1.06751934e+04 1.38120575e+02 4.44347076e+01 3.14228424e+02
 5.04690613e+02 1.12207988e+04 3.87514102e+04 1.01220642e+03
 1.58976776e+02 7.47741394e+02 8.92769348e+02 7.36154890e+00
 5.91330312e+04 3.17589023e+04 7.01431351e+01 8.51953796e+02
 3.48729095e+02 1.30522681e+03 8.51981055e+03 7.88400940e+02
 1.04939434e+04 1.99147351e+03 1.88457773e+04 1.24580547e+04
 8.73277148e+03 5.66135840e+03 5.21201782e+02 1.89882263e+02
 9.82595673e+01 8.67347595e+02 3.78496552e+02 2.30027866e+01
 3.64525024e+02 2.18804535e+02 2.70985645e+03 4.38579559e+02
 4.15838776e+02 1.30332483e+03 9.59234558e+02 6.95243530e+01
 1.30469250e+03 9.39570605e+03 3.34594336e+04 6.34836502e+01
 1.14050827e+02 1.78950183e+03 1.88305878e+02 3.93341260e+03
 3.12344121e+04 9.30603809e+03 4.41696503e+02 2.52129199e+04
 1.34712200e+01 7.95824463e+02 1.71805542e+03 3.02091309e+02
 5.12589746e+03 4.91691113e+03 1.52425034e+02 3.81713501e+02
 9.89374219e+03 7.79375684e+03 4.24215576e+02 4.27157617e+03
 9.48124451e+02 3.33320587e+02 4.24055127e+03 2.04270911e+03
 2.63385559e+02 1.45506622e+02 4.71206836e+04 1.54238312e+02
 1.85033630e+03 3.39715393e+02 1.57462357e+02 6.35436211e+01
 4.48039429e+02 5.35287598e+03 7.94348450e+02 7.16514435e+01
 5.79114502e+02 3.78311188e+02 1.84253210e+03 1.64402740e+02
 2.83049780e+03 3.73145370e+01 3.96107979e+01 2.63365859e+04
 7.04588089e+01 1.45679443e+02 1.48576614e+02 3.10945557e+02
 2.34663594e+04 3.32806079e+03 2.23742896e+03 2.42984004e+04
 1.61620911e+02 3.16376038e+02 2.30134907e+01 1.92946106e+03
 9.35497656e+04 5.39273340e+03 1.37072495e+02 1.62488245e+03
 2.09164531e+04 4.46053711e+04 3.63071533e+03 1.76856033e+02
 1.10901636e+03 4.31215469e+05 1.55514511e+02 4.83818787e+02
 1.44858312e+05 1.06646948e+03 2.37775177e+02 9.52627754e+00
 8.80250391e+04 1.31173187e+02 2.12889893e+02 1.44036533e+04
 3.24420957e+04 5.35468323e+02 5.20815857e+02 5.31130409e+01
 5.10487061e+03 6.13558672e+04 4.27766875e+05 4.97130661e+01
 1.89198779e+03 3.30185449e+03 1.65621262e+02 1.98892932e+03
 3.24620093e+03 3.61687744e+02 4.49673389e+03 9.21117554e+01
 8.76430283e+01 1.79969692e+01 1.13035576e+04 1.01421904e+04
 1.02591827e+02 5.35440979e+02 2.27351898e+02 7.66345642e+02
 1.46678406e+02 1.13542590e+03 3.56251312e+02 3.48877289e+02
 4.93602686e+03 3.94555981e+03 4.48060791e+02 3.28190765e+02
 3.11268398e+04 2.22831177e+03 6.48524536e+02 8.33964648e+03
 9.56353613e+03 2.72683301e+03 3.40750000e+02 2.84800110e+02
 7.88228226e+01 1.60741836e+04 1.48385242e+03 2.93142676e+03
 9.87967773e+03 6.79442993e+02 1.63753448e+02 6.73945850e+03
 1.25284756e+04 6.17205762e+03 4.02756787e+03 9.80053253e+01
 1.68223621e+03 1.24140918e+03 1.14628137e+03 7.52690674e+02
 5.17366882e+02 1.05158781e+05 1.51208817e+02 4.97257721e+02
 6.67841980e+02 6.66984070e+02 3.83471527e+02 2.69297729e+02
 6.77494751e+02 9.71669312e+01 2.61477142e+02 9.25987732e+02
 2.20441681e+02 1.58852020e+02 5.74238037e+02 4.43562451e+03
 1.20445789e+03 8.55326660e+03 1.83698639e+02 1.07818105e+04
 4.46874542e+02 8.33614868e+02 2.72985260e+02 7.89581055e+02
 1.71598129e+02 1.30777673e+03 4.59512500e+04 3.78063477e+02
 2.07916229e+02 9.94627533e+01 8.67935867e+01 2.58980072e+02
 4.97187767e+01 1.32173096e+02 9.43051338e+00 7.16230240e+01
 8.06821594e+02 6.65174951e+03 7.74472717e+02 4.95005722e+01
 1.93265533e+02 1.86989258e+04 2.74999194e+03 1.08510166e+04
 1.39219681e+02 1.43036102e+02 1.98299103e+02 1.08159265e+03
 3.16419159e+02 5.09018707e+02 1.66245886e+03 7.23613770e+02
 1.62114487e+02 8.26071716e+02 7.12627441e+02 8.71598594e+04
 3.51114526e+03 7.84472351e+02 1.27249524e+03 1.13996863e+03
 3.91614624e+02 6.53655518e+03 2.02777252e+01 2.44150162e+02
 1.08752966e+03 6.31543203e+04 4.83064606e+02 2.31257919e+02
 3.65272522e+02 1.84723320e+01 1.34274658e+03 1.66524124e+02
 6.34299927e+02 7.53286194e+02 1.77064560e+02 3.16774590e+04
 2.00947510e+03 7.92777527e+02 3.20742249e+02 3.93752258e+02
 9.22189270e+02 6.16386914e+03 1.72506805e+02 2.88477002e+03
 1.36350266e+05 1.51044559e+01 7.34753320e+03 7.80503125e+03
 1.02051099e+03 2.82073062e+05 5.76490879e+00 1.14455055e+02
 5.52009863e+03 3.24660110e+01 1.60440903e+02 1.70447930e+04
 1.05955408e+03 1.10678528e+02 1.30431625e+02 5.05770874e+02
 5.55699170e+03 2.15059844e+04 5.69827766e+01 1.38350128e+02
 2.04752136e+03 1.89075882e+02 5.04323761e+02 2.69032886e+03
 6.27478394e+02 7.87587969e+04 3.58768646e+02 1.19894686e+01
 1.35914490e+02 1.38816238e+02 2.05824371e+02 1.60931946e+02
 1.59041982e+04 1.19524040e+01 2.13540482e+02 3.24409454e+02
 9.94977539e+03 6.89985986e+03 3.82152222e+02 3.84323281e+04
 1.20865234e+02 9.04788513e+02 9.12683105e+00 2.66045807e+02
 1.19988701e+04 2.13475547e+04 4.37147949e+03 1.98501530e+01
 1.00956696e+02 1.29317999e+01 2.97976562e+02 7.40044609e+04
 1.22539270e+03 2.88636011e+03 9.43509903e+01 8.18328003e+02
 4.43386562e+04 5.24429436e+01 2.08631119e+02 3.56319702e+03
 9.55426941e+02 9.06962662e+01 7.23781885e+03 6.65727329e+00
 6.81728438e+04 8.05380325e+01 4.25532265e+01 2.10787012e+04
 1.50811841e+03 1.35935875e+05 3.78105316e+01 5.35306168e+01
 6.89349915e+02 3.03936462e+02 3.04735687e+02 9.43844910e+01
 1.76527527e+03 4.99605316e+02 2.55981055e+03 4.53732117e+02
 1.08524178e+02 1.43076782e+02 1.86818481e+02 3.70960864e+03
 8.12566797e+03 3.12374414e+03 2.67627533e+02 7.79722061e+01
 1.43571113e+04 4.25425232e+02 6.91906067e+02 7.66062561e+02
 1.89603992e+03 5.32076233e+02 1.63583936e+03 6.52495898e+03
 5.49718066e+03 1.32952100e+04 2.75447845e+02 3.44451172e+02
 8.98726484e+04 1.36679459e+02 6.94780713e+03 3.16174622e+01
 2.67283966e+02 1.28715759e+03 5.55527393e+03 9.97222961e+02
 9.81154541e+02 3.47694766e+04 9.50915833e+01 8.85734558e+01
 5.90348816e+02 1.20472282e+02 3.19500049e+03 1.80211807e+02
 1.15939075e+03 1.05390637e+03 2.42998795e+02 5.37553955e+02
 1.84675461e+02 3.22800537e+02 6.14748291e+02 8.78465137e+03
 1.05817825e+02 1.62678672e+04 7.45676453e+02 1.48063721e+02
 7.53371641e+04 4.27892944e+02 3.61199048e+03 5.92996094e+04
 1.81159775e+02 2.21082859e+01 5.77348511e+02 2.93904883e+03
 2.16080124e+02 6.31044312e+02 2.58768768e+02 2.52779512e+04
 1.99556311e+03 7.28419531e+03 1.17127031e+04 4.43468285e+00
 8.90547363e+02 1.33830273e+04 3.94602356e+02 1.96857117e+02
 1.35526855e+03 2.43720215e+02 5.20100525e+02 1.40524796e+02
 5.72328271e+03 1.63417891e+04 3.25923389e+03 1.07541809e+03
 1.91207748e+02 3.93514688e+04 1.01213432e+02 6.57426719e+04
 6.45418167e+01 6.18507568e+02 4.53419492e+04 4.64640625e+02
 2.06540298e+02 7.79612671e+02 3.23993561e+02 1.48430059e+04
 6.82328613e+02 4.51419739e+02 4.12076416e+01 2.38380859e+04
 2.37318268e+02 4.70514990e+03 6.22475281e+02 9.25228699e+02
 3.07386353e+03 1.32663483e+02 2.41002029e+02 4.21984802e+02
 7.58903369e+03 2.38464222e+01 2.24024086e+01 2.46766617e+02
 2.69604919e+02 5.48632031e+03 4.48253809e+03 3.76091080e+01
 7.08403397e+01 1.28647061e+04 5.22256714e+02 1.60353040e+03
 8.29147363e+03 1.57032959e+02 2.45981201e+03 3.29986237e+02
 5.44042297e+02 4.87261484e+04 1.41933002e+01 2.49737922e+05
 2.20919128e+02 5.67142273e+02 1.32508911e+02 6.35629272e+01
 3.78359546e+03 6.59497363e+03 9.41473999e+01 1.08339668e+02
 2.98966370e+02 1.17749109e+03 1.88818436e+02 4.06521143e+03
 1.03013545e+04 8.63454163e+02 9.90061816e+03 5.74509583e+02
 5.34224902e+03 1.24441626e+03 3.79217114e+03 1.29635535e+03
 1.64627228e+02 3.87888824e+02 4.50891250e+04 1.48966040e+03
 1.66529919e+03 9.89409256e+01 1.76307349e+03 8.75375080e+00
 3.25387129e+04 2.95531616e+03 1.52772625e+05 1.20280962e+01
 1.97416885e+02 8.53192444e+02 1.41147588e+04 1.69834473e+02
 8.26424255e+02 3.63518494e+02 2.14989288e+02 1.20306297e+02
 4.30123138e+02 1.26752209e+03 1.03451047e+05 1.52552551e+02
 3.21820776e+03 3.88909149e+02 1.40777298e+02 1.00008124e+03
 9.21930847e+01 3.84908936e+02 9.41065552e+02 3.81626807e+03
 1.17622421e+02 1.35691396e+04 4.99953955e+03 2.43451385e+02
 1.23362766e+05 4.22228737e+01 2.81482697e+02 2.74257178e+03
 4.34029724e+02 6.72062561e+02 2.04989182e+02 1.58718948e+02
 3.73665344e+02 3.47433990e+02 1.12796899e+03 8.88770630e+02
 1.85423630e+02 6.97368115e+03 1.69967266e+05 8.75656815e+01
 9.68580688e+02 1.44415451e+02 5.74483032e+02 3.96530731e+02
 4.07647888e+02 2.33272583e+02 1.03639429e+03 1.68108276e+02
 1.49202344e+03 4.52660693e+03 8.05757812e+02 1.48334365e+04
 7.67503760e+03 2.36072357e+02 4.15528870e+02 2.26227090e+04
 3.88080835e+03 1.17589104e+02 7.88824463e+03 3.99032288e+02
 1.27314003e+02 1.11069133e+05 1.38438309e+02 1.93660547e+05
 7.56064453e+03 6.80527893e+02 6.07316553e+03 1.43867325e+02
 1.43853256e+02 1.10822922e+02 8.17599375e+04 4.50358398e+02
 1.67574600e+02 1.63710693e+02 5.75111670e+03 7.49459534e+02
 7.53240417e+02 4.03796016e+04 5.41392784e+01 9.68876953e+03
 1.77175629e+02 9.07899704e+01 1.07564583e+02 2.56214673e+03
 5.04316750e+01 1.73477576e+03 5.97216797e+02 6.58502380e+02
 6.00716758e+04 3.09389740e+02 1.82261816e+03 2.66782080e+03
 8.97564011e+01 1.07964279e+02 9.98026245e+02 3.62990747e+03
 2.66423759e+01 6.39182617e+02 9.09019852e+01 1.38983752e+03
 2.17608475e+02 2.47468018e+02 1.78586609e+03 9.38791748e+02
 1.08851662e+02 2.18902954e+03 6.49292297e+02 2.59333172e+01
 2.03857208e+02 2.88052156e+05 3.41561661e+01 7.86213806e+02
 7.91963379e+03 1.62017444e+03 6.37873291e+03 3.31946777e+02
 4.88719421e+02 9.19023438e+02 2.87544983e+02 3.84876038e+02
 2.55893535e+04 2.00875351e+02 8.87382202e+01 7.09544373e+02
 6.34922412e+03 5.41875549e+02 1.56650375e+02 1.56514929e+03
 8.01740625e+03 1.11331572e+04 1.76683502e+02 1.08700769e+03
 2.86979858e+03 3.54279022e+02 1.09756569e+02 2.44824243e+03
 2.03490879e+04 8.40958069e+02 1.21272676e+04 7.53481250e+03
 3.22621582e+02 2.68674500e+02 7.95525330e+02 5.94966736e+02
 2.16024341e+03 1.84814346e+02 5.07834106e+02 1.16046704e+03
 1.63499741e+02 8.31040344e+01 4.50245410e+03 4.00653833e+03
 5.72990283e+03 8.85465469e+01 4.61673218e+02 9.14176697e+02
 2.51087662e+02 1.27184105e+02 1.39343948e+02 3.86924500e+02
 9.28341370e+02 4.50600471e+01 9.08980652e+02 7.12420227e+02
 1.47264766e+04 1.54060562e+02 2.13816758e+04 2.38089624e+03
 2.55118262e+03 5.35888135e+03 4.80520599e+02 6.07383270e+01
 8.26326294e+02 1.40167224e+03 6.13058128e+01 3.99157196e+02
 5.92775154e+01 1.07859590e+04 1.19089893e+03 1.71788691e+04
 7.42078857e+01 7.31426855e+03 1.24202576e+03 1.32795325e+03
 8.70732361e+02 3.20374664e+02 3.73601406e+04 1.93710083e+03
 2.13716187e+02 4.54075391e+03 2.89642391e+01 2.03393890e+02
 3.23753418e+03 1.72825272e+02 2.08627368e+03 1.29535901e+03
 1.50775391e+02 1.18105713e+03 1.85941785e+03 2.17142380e+02
 2.14368335e+03 6.27929980e+03 2.69244434e+04 4.14806406e+05
 5.24929810e+02 3.98925629e+02 2.93631653e+02 8.05700623e+02
 1.45394241e+02 3.93633081e+03 1.15469189e+04 1.17980217e+02
 1.28502026e+03 2.18379349e+02 4.28991852e+02 4.17560508e+04
 2.46423996e+02 1.67038055e+02 2.96216919e+03 6.21089050e+02
 1.78233250e+05 2.71525234e+04 1.05528601e+03 4.72718277e+01
 2.34513687e+02 8.15817432e+03 1.08768013e+02 1.82856277e+02
 6.42661641e+04 3.79195984e+02 1.04676160e+03 1.74108729e-01
 1.07256873e+03 1.06888695e+02 1.35937393e+02 5.73812812e+04
 8.71491623e+01 5.15561256e+01 3.83706055e+03 1.36767920e+04
 6.05186882e+01 8.00347717e+02 1.15088818e+04 6.52406860e+02
 1.53022888e+02 8.73966064e+02 5.62421992e+04 3.82578773e+01
 7.48590012e+01 3.22308655e+02 3.17328278e+02 1.82289398e+02]
9933.426
629947.8
