[7.24209717e+03 5.00737885e+02 1.05232094e+02 2.12817322e+02
 1.97060703e+04 3.38980249e+03 9.22859009e+02 1.26965309e+02
 1.30850010e+04 2.54815161e+03 9.54358521e+02 3.12297638e+02
 7.52394580e+03 1.35365692e+02 9.56580811e+01 2.39451874e+02
 6.24342651e+02 5.11450928e+02 2.27201392e+03 7.60673633e+03
 5.64548157e+02 3.44256317e+02 2.87680566e+04 7.76237061e+02
 3.51449554e+02 2.19945176e+04 6.88342334e+03 1.00680527e+04
 2.32748596e+02 1.75527069e+02 7.06013641e+01 1.51813953e+03
 4.89017944e+02 2.55797192e+03 3.43776953e+03 2.73080750e+02
 6.93946472e+02 6.28935242e+02 1.11847644e+03 7.43001328e+01
 2.16854956e+03 4.12142139e+03 3.70653725e+01 4.67955908e+03
 1.30557336e+03 2.97683789e+03 1.04442795e+02 1.38983972e+03
 2.11037846e+01 1.03154333e+03 6.77897949e+02 1.25334937e+03
 1.36331253e+02 4.84833447e+03 5.76263000e+02 3.46397285e+01
 7.55003281e+01 8.78073364e+02 1.68823718e+03 5.17797424e+02
 1.24134509e+03 9.87431836e+03 2.21810272e+02 7.20588196e+02
 1.31740158e+02 4.07684595e+03 5.09345673e+02 2.27557770e+02
 1.21918237e+03 4.11920280e+01 1.03796448e+03 2.30685593e+02
 7.37468323e+02 1.26151013e+03 6.62293243e+01 3.73592438e+02
 2.77704041e+02 8.30172272e+01 3.05288162e+01 5.38108320e+04
 5.41756592e+03 6.08261719e+03 1.24350883e+02 1.39587357e+02
 2.37274914e+01 3.03242378e+01 4.70588036e+01 6.20511475e+02
 7.20560913e+02 5.51772363e+03 4.20226135e+02 1.29966907e+03
 7.88104675e+02 1.97843323e+03 3.53199375e+04 3.97935010e+03
 2.27060852e+02 3.02727753e+02 5.71610449e+03 7.67940735e+02
 2.65869232e+02 5.75966553e+02 3.22891174e+02 8.52642136e+01
 7.76553040e+01 5.26510315e+02 2.04981812e+02 5.03136597e+02
 2.50032455e+02 4.92356903e+02 1.04277954e+03 5.64793320e+01
 2.04181042e+01 1.89932837e+03 6.64130676e+02 2.54520950e+02
 1.30204315e+02 2.96063770e+03 3.98028961e+02 1.49558134e+01
 5.24947949e+03 1.19189697e+04 1.77319395e+04 1.28633740e+03
 3.48040466e+02 3.16770668e+01 1.12203835e+02 3.10866913e+02
 3.92441681e+02 1.25810400e+03 2.10865509e+02 1.46603607e+02
 1.15996620e+02 2.29690132e+01 3.47616852e+02 1.98204353e-01
 3.25510303e+03 2.06094513e+02 3.52336517e+02 3.11942963e+02
 1.22988147e+03 8.48674316e+03 3.06162720e+02 5.28816284e+02
 1.05526523e+04 1.35925919e+02 1.56681992e+02 1.59525360e+02
 9.22408508e+02 1.63117554e+03 6.61809921e+01 2.44444901e+02
 1.67603882e+02 1.04401099e+03 1.25107739e+03 1.12178296e+03
 4.86401947e+02 9.37287048e+02 3.51043854e+01 2.29272148e+04
 1.22094209e+04 3.59425293e+02 8.48365173e+01 1.96863892e+02
 2.60386841e+02 4.61888135e+03 3.44441772e+02 1.88638931e+02
 1.12670425e+02 2.14207837e+03 4.52760742e+02 6.58802441e+03
 1.06362451e+03 2.18998633e+03 1.97170853e+02 2.12899341e+03
 2.98100281e+02 2.38130859e+02 3.01885620e+02 1.97175547e+04
 1.07156273e+02 4.73214142e+02 5.62601738e+01 9.89295105e+02
 1.93113489e+03 2.01081409e+01 1.33555756e+02 1.88372729e+03
 3.18826111e+02 3.62113892e+02 3.92348816e+02 3.83034637e+02
 4.69450493e+01 1.33859680e+03 1.02347034e+03 4.28133514e+02
 4.70325195e+03 2.19526489e+02 3.12794403e+02 8.18774170e+02
 1.87228241e+02 1.16010168e+03 2.12062363e+04 2.35289200e+02
 2.27135693e+03 9.85783386e+02 1.49630753e+02 4.91246875e+03
 1.93730652e+02 2.29510994e+01 1.36084631e+03 1.15316528e+03
 1.52705414e+02 2.72113818e+03 3.03763794e+02 1.77841892e+01
 2.78501404e+02 5.25348633e+02 1.46695105e+03 2.18057297e+02
 9.95831299e+01 2.38372307e+01 2.88980042e+02 1.83515771e+03
 9.06468262e+02 2.08504196e+02 1.36219375e+04 4.07729858e+02
 1.74647900e+03 2.26467432e+03 1.58101550e+03 6.52475952e+02
 8.98327332e+01 3.32989311e+01 1.67820435e+02 1.55551086e+02
 1.10370163e+02 2.59086517e+02 9.78576904e+02 1.22862526e+02
 8.38665039e+03 3.54889740e+02 5.17061230e+03 2.39786926e+02
 1.63870583e+01 1.78231373e+01 6.52612061e+02 1.23791040e+03
 2.87490454e+03 9.34149375e+04 3.56365295e+02 4.30123096e+03
 5.73507202e+02 1.53372784e+01 7.37751221e+02 3.34326080e+02
 1.82354919e+03 2.26822758e+01 1.49060437e+03 3.42109146e+01
 5.37117852e+04 3.75606323e+02 3.03610083e+03 6.12632751e+02
 2.74465271e+02 1.69194138e+02 2.99557991e+01 4.24446869e+02
 6.33451904e+02 3.91316870e+03 1.36741968e+03 1.38864294e+03
 7.38817627e+02 3.11625549e+02 4.17745654e+03 1.91912109e+02
 1.39047773e+04 3.21245972e+03 5.27587097e+02 2.12712910e+04
 1.20846997e+03 9.59795166e+02 7.90864380e+02 4.88425598e+02
 7.92990662e+02 9.29645691e+02 1.67735913e+03 2.63365845e+03
 3.97146416e+01 7.18255676e+02 1.63474390e+03 1.87188614e+02
 1.29994800e+03 1.59369030e+01 2.78064331e+02 8.27702942e+02
 2.28942001e+02 2.73504456e+02 5.31677539e+03 2.15893188e+02
 1.70686111e+02 1.60749161e+02 5.98513269e+00 1.02962510e+04
 3.03547144e+03 2.28669102e+04 6.22774200e+01 1.35505303e+04
 1.60929901e+02 1.72878735e+03 3.71998672e+01 3.18429468e+03
 6.63646875e+03 4.25795441e+01 3.43449585e+02 8.14509583e+02
 3.34992798e+02 4.83990448e+02 4.45576048e+00 6.35623926e+03
 2.83497253e+02 2.84658844e+02 8.57899963e+02 2.10443140e+03
 6.72082275e+02 3.85992090e+03 2.40084961e+03 2.03125464e+03
 1.22380820e+04 3.30116431e+03 3.93555832e+01 1.05279266e+02
 3.55749939e+02 7.80038269e+02 1.09942627e+03 8.66621484e+03
 6.00874146e+02 5.89860107e+02 1.85986562e+04 2.76161075e-01
 1.66719559e+02 4.55927344e+03 9.18248901e+02 3.03780835e+03
 1.30957975e+01 1.16481674e+02 2.64908173e+02 2.46026550e+02
 5.27899048e+02 5.81135216e+01 9.37798401e+02 5.34449365e+03
 1.46222571e+03 2.46955738e+01 2.01328003e+02 9.59368408e+02
 5.91816650e+02 1.11261177e+01 1.66821082e+03 1.02155495e+02
 1.76972034e+03 8.06270691e+02 1.67204254e+02 2.04530121e+02
 5.60824524e+02 3.87616719e+04 2.29830981e+03 1.43962965e+01
 6.79211641e+04 1.02404895e+03 8.63117871e+03 6.78544495e+02
 2.38724023e+04 4.04170609e+00 1.95724182e+03 1.20127893e+03
 3.83990649e+03 3.25491882e+02 6.54092224e+02 1.43654431e+03
 6.55994263e+02 1.97263379e+03 1.28499922e+04 1.83702698e+03
 2.79199432e+02 5.01788721e+03 6.51439762e+00 5.09608459e+02
 2.82159302e+02 2.51109573e+02 1.94790491e+03 5.94746304e+00
 1.65523178e+02 2.26781723e+02 4.32720375e+01 3.27464081e+02
 1.69005115e+03 1.32912231e+03 2.01939026e+02 1.82074863e+04
 1.40957428e+02 7.79769775e+02 2.67539954e+00 1.49598251e+02
 2.04996289e+03 1.09182617e+04 2.07194336e+02 1.19329187e+03
 1.59921689e+04 2.48483566e+02 1.51016098e+02 7.35211377e+03
 3.88167383e+03 6.86905701e+02 1.69689746e+04 6.44601379e+02
 3.11919212e+01 1.24699036e+03 1.86193985e+02 4.19826953e+03
 1.08210791e+04 3.92175941e+01 3.21929657e+02 1.72510962e+03
 1.10964099e+03 3.05319678e+03 2.19037506e+02 2.17935776e+02
 3.45841870e+03 2.93361359e+02 2.78547485e+03 7.27163184e+03
 6.84153824e+01 9.02082520e+03 1.73618210e+02 1.26254181e+02
 1.95118591e+02 5.22844788e+02 5.73181396e+02 2.79344330e+02
 8.65142517e+01 1.72318153e+01 1.33607483e+03 3.83328491e+02
 1.46306042e+03 1.66265091e+02 4.31956116e+02 2.81336157e+03
 3.18803139e+01 9.97990295e+02 1.40736465e+02 1.98582539e+04
 1.50303698e+01 8.74860449e+03 2.03993210e+02 2.79024601e+01
 2.51230545e+01 4.64774292e+02 2.24539868e+03 4.84158478e+02
 2.26535522e+03 5.97707520e+02 2.66726318e+02 4.05563660e+01
 3.67608105e+03 4.22127151e+01 2.34738190e+02 1.13961319e+02
 6.99889648e+02 1.02835410e+04 5.05172180e+02 2.23456009e+02
 3.07130829e+02 8.41027100e+02 1.92779617e+01 1.14929175e+03
 6.05191755e+00 9.29828613e+02 7.44948730e+02 1.78629608e+02
 1.06635635e+02 9.10964417e+02 1.10737438e+01 9.19919312e+02
 2.58524243e+03 3.80466034e+02 4.33440704e+02 4.67537567e+02
 8.77976761e+01 1.52619614e+02 2.06613574e+03 3.69363708e+02
 2.22379837e+02 1.86972327e+03 8.21199951e+02 1.07416191e+01
 1.48960413e+03 3.52605688e+03 2.98598096e+03 1.92948746e+02
 5.59441147e+01 7.42219116e+02 8.83274689e+01 2.57322998e+02
 4.89808350e+02 1.07951538e+03 3.15049835e+02 3.48183960e+02
 1.01570465e+02 1.51747360e+02 2.50062504e+01 2.17943024e+02
 6.76593811e+02 4.53308838e+03 4.65809509e+02 3.78024384e+02
 3.67712427e+03 2.08504349e+02 2.58261292e+02 3.99351616e+01
 1.39328781e+02 1.63123018e+04 1.97328052e+03 4.44489893e+03
 6.31772949e+03 3.93078094e+02 2.28718872e+02 1.68243195e+02
 5.34898376e+02 5.35756683e+00 4.77484619e+02 3.81861916e+01
 2.20403061e+02 2.24061157e+02 2.75954609e+01 3.48889275e+01
 8.06050977e+03 4.90646533e+03 1.31575378e+02 2.68295593e+02
 4.34668945e+03 8.85658047e+04 3.56705627e+02 1.22914268e+02
 1.04932654e+00 1.90308018e+01 5.60133252e+03 4.07283440e+01
 1.16628135e+04 3.34700592e+02 1.75495529e+02 1.17862030e+02
 4.43906288e+01 1.43579902e+04 6.45341218e-01 2.86906128e+03
 2.33826553e+02 4.04882965e+02 3.78359756e+01 9.34326172e+02
 4.36551971e+02 2.68732910e+02 1.93905652e+03 1.63840137e+03
 1.35454697e+02 5.17584114e+01 3.15269928e+02 2.09988164e+04
 1.81589148e+03 5.49771233e+01 1.18987085e+03 7.56421814e+02
 7.00928076e+03 4.94972949e+03 1.76989941e+03 1.52847437e+03
 1.14697205e+03 1.07943457e+03 3.55905859e+03 1.04803406e+02
 5.60326250e+04 1.47537750e+02 1.29725006e+02 5.40350990e+01
 1.42358508e+03 2.28292012e+04 4.64391083e+02 8.69061737e+01
 1.67606873e+02 8.32024475e+02 2.54177563e+03 9.22291321e+02
 2.37737564e+02 7.64707947e+02 6.96370300e+02 3.45434839e+03
 2.22175360e+00 1.52259598e+02 4.21659961e+03 1.37988599e+03
 6.97781555e+02 4.06512695e+02 5.77253647e+01 3.30018311e+01
 3.98463306e+03 1.03569801e+02 3.40311676e+02 1.61111816e+02
 3.62146912e+02 2.46937088e+02 1.83741043e+02 1.81288422e+02
 4.37510712e+02 5.68035693e+03 7.39176819e+02 3.22912903e+02
 7.26158008e+03 1.28150061e+03 3.25870361e+03 6.31796240e+03
 4.47564148e+02 1.06620691e+03 1.13375816e+02 3.83528381e+02
 2.78383606e+02 1.30230005e+03 6.00571167e+02 1.17415024e+02
 2.86697437e+03 1.92056641e+03 3.63279236e+02 3.59535675e+02
 3.68310791e+02 2.95822662e+02 1.58267212e+02 1.08799219e+03
 1.68848145e+03 4.28926620e+01 1.56225684e+03 1.01082754e+04
 2.70116119e+02 7.42658350e+03 2.69674316e+03 1.35696826e+03
 6.74645410e+03 8.22442566e+02 1.08926537e+02 2.10207495e+03
 2.17648346e+02 1.18637409e+01 3.88183868e+02 4.19198730e+02
 1.23544824e+03 1.87909119e+02 8.10087891e+02 2.42382495e+03
 3.89257843e+02 4.67794678e+02 1.90550674e+02 1.67262375e+02
 9.21231018e+02 3.60392227e+04 5.18128711e+03 1.08214254e+01
 1.76689713e+02 1.07188184e+03 3.39868965e+01 4.13856445e+02
 1.58637878e+02 2.41007715e+03 1.98905410e+04 2.09692032e+02
 2.31340103e+02 1.25814125e+02 4.16398254e+02 1.11894346e+04
 6.33380615e+02 1.68786713e+02 6.47850800e+01 6.22253516e+03
 2.16975937e+01 2.40793014e+00 1.58961960e+02 4.93476807e+02
 8.91045593e+02 1.42549443e+00 4.92006714e+02 1.30746252e+03
 8.54098587e+01 5.46146973e+02 1.33540619e+02 4.08835999e+02
 1.90506210e+02 2.55636673e+02 1.15926018e+02 2.18447418e+02
 2.73826813e+02 2.54316528e+02 1.55914459e+02 3.65671631e+02
 2.01598007e+02 1.51685501e+02 3.49926529e+01 5.09919701e+01
 3.81301318e+03 1.25668970e+03 3.10464821e+01 5.33914551e+02
 3.96272064e+02 4.41872314e+02 4.79530914e+02 1.34622040e+02
 9.39684448e+02 4.65921387e+03 2.31573608e+02 1.83037390e+03
 4.12652130e+02 3.44978790e+01 3.39078827e+01 1.70407684e+02
 5.58140411e+01 1.40839185e+03 1.72033279e+02 1.79187051e+04
 1.13516922e+02 3.49793945e+03 1.52752881e+03 1.07980273e+05
 7.43013184e+03 9.06931458e+01 2.24390210e+03 1.25876953e+02
 2.52564673e+03 8.93636230e+03 1.67769082e+04 1.57228119e+02
 5.17699036e+02 2.11852875e+02 1.96514429e+03 8.71556641e+02
 2.39365405e+03 7.22734375e+02 4.96772247e+02 1.31795135e+02
 6.57723022e+02 2.74073706e+03 6.54638516e+04 5.75368286e+02
 7.50435913e+02 1.14191211e+03 1.77362939e+03 3.04840759e+02
 5.23360718e+02 2.69141388e+02 2.66644824e+03 1.50529480e+02
 2.25478104e+02 1.11027222e+03 8.68240051e+01 4.98279190e+01
 1.19985031e+02 1.95743933e+03 2.69575863e+01 1.97259583e+03
 2.11053986e+02 3.18204224e+02 3.82819550e+02 1.05018237e+03
 6.24431458e+02 2.97683777e+02 5.57083374e+02 2.77071411e+03
 1.34341562e+04 4.01961035e+03 2.97209229e+02 2.30360077e+02
 5.93899109e+02 2.35730042e+02 3.34893799e+01 5.44722900e+02
 1.62378098e+02 6.12463623e+03 1.50512421e+02 1.87076508e+02
 7.68853149e+02 8.59479590e+03 3.70659688e+04 1.86927395e+01
 2.31877197e+02 1.28126709e+04 2.51441498e+02 4.34137726e+01
 8.54638977e+02 1.24943433e+03 2.52157639e+02 2.28107239e+02
 1.89420293e+04 9.21918030e+02 5.28822388e+02 5.82347595e+02
 8.38563379e+03 1.57682153e+03 6.00288916e+03 2.90142303e+02
 3.50983887e+03 3.73319678e+03 1.48863586e+03 3.38025635e+02
 2.12425812e+02 1.90941602e+04 1.48702957e+02 3.40334961e+03
 9.97697144e+02 9.59475891e+02 8.30544586e+01 3.39008911e+02
 3.96767242e+02 1.22422997e+02 1.81991614e+03 1.22013828e+04
 2.42530786e+03 1.67323572e+03 2.69730640e+03 2.45229416e+02
 1.24923760e+04 1.85027087e+03 1.18494019e+03 5.22497070e+03
 1.54501602e+02 5.42548294e+01 8.00873340e+03 5.76252979e+03
 4.11320410e+03 1.12491418e+03 1.53175034e+02 7.38982117e+02
 1.30338037e+04 5.63344055e+02 3.22290869e+03 2.60054779e+02
 3.80437737e+01 8.62549194e+02 2.15167206e+02 2.19988281e+04
 5.65006531e+02 2.25248993e+02 5.13377002e+03 2.38165878e+02
 6.64911743e+02 7.75703239e+00 2.43651398e+02 5.67328955e+03
 3.52797925e+03 6.10196533e+02 4.00485016e+02 6.67710312e+04
 2.81348706e+03 8.62270391e+04 3.80896545e+02 3.78154297e+01
 5.56864014e+03 3.30220978e+02 9.80482969e+04 3.50141083e+02
 5.85525879e+02 1.76096729e+03 5.54042664e+02 1.27263696e+03
 7.01703906e+03 9.82590485e+01 5.95031934e+03 1.41274548e+03
 1.75003535e+04 7.92680786e+02 2.07759949e+02 5.24420410e+02
 1.22669838e+02 1.05230392e+02 3.57937103e+02 4.32277924e+02
 1.38547104e+02 8.34705505e+01 1.02293201e+03 2.08165344e+02
 1.30284924e+03 2.13732452e+02 1.04320594e+05 1.07134753e+03
 1.42209863e+03 1.40267563e+02 2.04070618e+02 1.53525330e+02
 2.45635880e+02 1.80647568e+02 1.75176636e+02 1.04756494e+03
 3.30402412e+01 1.31602356e+02 1.55057541e+02 7.88672104e+01
 1.63579268e+04 1.47651392e+03 7.03506756e+00 1.71105072e+02
 3.58561829e+02 4.48493042e+02 9.03758667e+02 1.01459023e+04
 6.45959396e+01 2.82835303e+03 5.29739990e+02 3.37011108e+02
 3.98937454e+01 2.08886743e+03 1.46520279e+02 7.43808716e+02
 6.25686646e+02 6.10242081e+01 7.91714294e+02 4.13997955e+01
 3.23669495e+02 8.19275940e+02 6.38594922e+03 1.01228186e+03
 1.57927139e+02 1.62406934e+03 1.07924438e+02 3.68386484e+04
 5.81478157e+01 2.59114746e+03 2.05332080e+03 5.15458130e+02
 2.26974884e+02 3.32470703e+01 4.77187561e+02 2.09362595e+02
 1.20384056e+02 1.50915604e+02 9.05241089e+02 2.00877731e+02
 5.85877808e+02 2.58340454e+02 6.76712570e+01 1.57339630e+02
 8.70581665e+01 8.29912720e+02 1.93961279e+03 2.24710587e+02
 1.37985645e+03 7.64695053e+01 2.26944263e+03 4.29672781e+05
 2.31101166e+02 3.23098438e+03 7.03000488e+01 1.85857031e+04
 4.62163048e+01 1.80281006e+03 8.69707703e+02 2.37360962e+03
 1.82720623e+01 1.10009680e+03 8.62344849e+02 4.24481201e+03
 1.40998184e+04 3.70110931e+01 5.22759766e+03 3.55558374e+03
 1.74105371e+04 1.91049170e+03 7.11594299e+02 1.58817511e+01
 1.62720993e+02 2.34468018e+03 1.18066528e+02 1.35107178e+03
 1.02844072e+04 2.73036377e+03 2.37238623e+03 5.06466309e+02
 9.01425354e+02 5.53100624e+01 2.11074448e+02 8.90010315e+02
 4.44155388e+01 3.21329834e+02 1.46268311e+02 3.41115601e+02
 1.57663391e+03 1.61628711e+03 3.65130341e+02 8.50878223e+03
 4.94612793e+02 1.69137122e+03 1.11053601e+03 2.26302441e+03
 1.82726355e+03 1.28452530e+02 5.19032784e+01 1.63104462e+02]
