[3.14954725e+06 4.15932344e+04 5.75532305e+04 2.37212641e+05
 3.13744031e+05 1.66228875e+05 2.02863320e+04 1.01956281e+05
 5.60323900e+06 5.96113721e+03 2.02017875e+05 4.44981172e+04
 2.52438000e+05 4.54192305e+04 5.08830078e+04 1.63901156e+05
 4.81821375e+05 7.79726797e+04 5.36067688e+05 2.31899125e+06
 2.51854953e+05 4.74251836e+04 2.51272200e+07 4.82729188e+05
 1.76939141e+04 1.58426500e+07 7.74942300e+06 7.19986694e+02
 5.53813438e+04 1.08690094e+05 3.23725938e+05 1.20637273e+05
 2.45829328e+05 1.14346033e+03 7.30426875e+04 5.19373867e+04
 9.97997422e+04 6.66359844e+04 4.74707617e+04 3.08018047e+04
 7.00675469e+04 2.37985742e+04 2.86266000e+05 2.62011219e+05
 1.86214484e+05 1.62772344e+05 2.59095098e+04 3.87681328e+04
 2.39424863e+04 5.52379625e+05 2.94028984e+04 5.71114844e+04
 2.11443906e+04 3.63422600e+06 2.08654219e+04 2.66912324e+04
 1.53459766e+05 2.33320312e+05 3.93163375e+05 4.69696992e+04
 2.84274562e+05 1.47385500e+06 8.77501719e+04 4.13565430e+04
 4.28232930e+04 2.51520000e+04 1.97865078e+04 1.89950215e+04
 7.50790391e+04 7.28093262e+03 3.89227100e+03 1.39304502e+04
 5.65878359e+04 5.03742156e+05 6.06642695e+04 1.56424516e+05
 1.61570203e+05 6.45103633e+04 2.48801934e+04 1.84437340e+07
 4.25240977e+04 3.14256211e+04 2.63674180e+04 4.41049469e+05
 3.33615273e+04 1.57150977e+04 4.29412148e+04 2.98416797e+04
 3.91891797e+04 2.32291455e+03 2.33375312e+05 2.32752441e+03
 2.70497461e+04 3.86199375e+05 3.13087060e+07 1.09323617e+05
 1.68049672e+05 1.37839250e+06 1.94709047e+05 2.37891543e+04
 1.69542359e+05 7.84753312e+05 9.33604531e+04 5.65313086e+04
 1.46451391e+05 1.12695297e+05 1.67609395e+04 5.06365039e+04
 4.39366875e+04 1.92895762e+04 9.57152188e+04 4.91038062e+05
 1.72985820e+04 1.05770258e+05 3.34015381e+03 2.29239531e+04
 3.71766758e+04 3.02678700e+06 2.03649312e+05 4.63070859e+04
 1.52933547e+05 2.01061962e+06 5.07131000e+05 1.68825325e+06
 1.95329359e+05 5.47867461e+04 3.65767969e+04 4.97588594e+04
 1.13968352e+05 2.82630059e+04 4.29803398e+04 6.14097852e+04
 1.19610789e+05 3.41756172e+04 1.30699930e+05 1.87897754e+04
 2.08416109e+05 3.81642656e+05 4.38027031e+04 2.15828297e+05
 2.31778344e+05 1.29664425e+06 3.03230531e+05 3.45513219e+05
 2.93934562e+05 1.85204570e+04 1.00718984e+04 5.45021750e+05
 2.90324150e+06 2.40490609e+05 5.76321602e+04 6.44397312e+05
 1.11029969e+05 6.63909131e+03 4.84003516e+04 3.94486992e+04
 4.08129766e+04 6.54696750e+06 6.41234844e+04 5.83445400e+06
 1.17941453e+05 8.66466328e+04 1.75587832e+04 5.59716016e+04
 2.45806359e+05 5.96968000e+05 7.81047969e+04 1.06360141e+05
 7.51937734e+04 2.01513212e+06 1.67115801e+04 1.22793367e+05
 6.20283812e+05 1.58621611e+04 5.84665781e+04 7.22459250e+05
 2.09671777e+03 3.59613242e+04 7.18289375e+04 1.75370525e+06
 5.96244062e+05 2.42573301e+04 4.87223750e+06 1.62889966e+03
 9.01035234e+04 1.94930098e+04 4.88736133e+04 6.79221719e+04
 5.33447148e+04 1.24125930e+05 1.42896625e+05 5.45179844e+04
 2.92703438e+04 4.96201680e+04 6.37439300e+06 2.28826445e+04
 7.54990188e+05 3.32389727e+04 3.15646270e+04 1.61030031e+05
 4.44827539e+04 2.96873188e+05 5.45794562e+05 4.96115781e+04
 8.65349300e+06 3.39663850e+06 2.49727969e+04 1.40769828e+05
 6.95247422e+04 1.70148105e+04 7.94519766e+04 9.00982734e+04
 3.99607812e+05 1.91622922e+05 1.62735000e+05 2.83221152e+04
 7.81077812e+04 4.73684570e+04 2.46458547e+05 6.72442812e+04
 2.81475625e+05 7.56059141e+04 2.66970371e+04 7.83002250e+06
 8.40036875e+04 1.44040719e+05 2.67329531e+05 1.92363477e+04
 9.37393906e+04 5.80520625e+05 3.52559023e+04 4.08984141e+04
 3.30324219e+04 7.51332734e+04 4.10632471e+03 1.83334800e+06
 1.36077734e+05 9.84069629e+03 1.65460723e+04 2.12084141e+04
 4.01418825e+06 3.24169180e+04 5.36881438e+05 3.20280469e+05
 1.41068344e+05 5.37913906e+04 8.35987656e+04 5.47712852e+04
 1.68310172e+05 3.87024675e+06 1.19038545e+04 1.80695859e+04
 8.99260352e+03 6.26942930e+04 3.64106812e+05 6.11413203e+04
 1.40885562e+05 2.26066914e+04 1.31158578e+05 8.08176250e+04
 3.80780575e+06 5.57614625e+05 8.28025438e+05 4.07849922e+04
 2.32701777e+04 1.67149863e+04 7.30856797e+04 2.31525750e+05
 3.66866906e+05 5.16965430e+04 4.49681289e+04 7.52512188e+05
 3.05280000e+04 3.78234180e+04 2.28871934e+04 1.34883922e+05
 1.52266912e+06 8.74621250e+05 1.31467141e+05 1.85703788e+06
 1.40552875e+05 3.38498625e+05 3.70097852e+04 2.49501734e+05
 1.11091064e+04 1.09779578e+05 6.03177125e+05 9.69024297e+04
 5.11009375e+04 1.42036562e+05 2.81527800e+06 1.65659033e+03
 9.51404375e+05 3.74282266e+04 3.85220859e+04 1.81452129e+04
 9.27663984e+04 8.36932344e+04 3.60765406e+05 1.41862744e+04
 5.46770062e+05 2.98223809e+04 4.96598719e+05 6.51955438e+05
 3.10027906e+05 5.72284850e+06 7.46822031e+04 6.66362750e+05
 5.93831953e+04 8.93631934e+03 1.64448496e+04 1.78893250e+05
 1.76668922e+05 7.82269062e+04 2.15911906e+05 2.16800266e+05
 2.33692125e+05 9.99166875e+05 1.25804352e+05 6.75752625e+05
 9.53767188e+04 7.11468516e+04 3.47487422e+04 1.60534788e+06
 8.55694625e+05 3.41321312e+05 4.44298000e+05 5.61257227e+04
 4.10027969e+05 4.43933500e+05 3.00651969e+05 2.29543750e+04
 1.93213398e+04 2.20688625e+05 1.43365391e+05 3.10399648e+04
 5.45936914e+04 3.59040430e+04 8.36772500e+05 4.91622773e+04
 6.33522227e+04 2.77394156e+05 7.80152500e+04 3.89053656e+05
 8.15520469e+04 2.06641125e+05 2.37995879e+04 2.58148188e+05
 7.55336094e+04 5.88333164e+04 3.57805094e+05 2.12341850e+06
 4.35379219e+04 3.42242344e+05 1.03546828e+05 1.13871133e+05
 6.45829500e+05 1.32785922e+05 1.57684906e+05 1.46428675e+06
 1.56518562e+06 1.99395391e+05 6.71338516e+04 6.50348125e+04
 8.83802312e+05 1.28515800e+07 5.31771094e+04 3.46811914e+04
 2.67329225e+06 1.57958547e+05 3.02433281e+05 3.94836992e+04
 4.84790300e+06 5.01925898e+04 8.67703047e+04 2.71077775e+06
 2.83416875e+06 2.77400312e+05 4.31512070e+04 1.37062314e+04
 2.70556925e+06 2.88093250e+05 3.01593025e+06 1.13327391e+05
 3.54088906e+04 2.45316250e+05 4.38645586e+04 1.83996309e+04
 2.72451781e+05 9.19043984e+04 1.95794469e+05 4.25711055e+04
 1.37257900e+04 8.23935625e+05 3.19409629e+04 2.78177938e+05
 4.45651594e+05 9.56376125e+05 7.46419609e+04 1.14840912e+06
 5.16882324e+03 1.74058328e+05 2.92614824e+04 9.17021680e+03
 1.26871238e+06 1.81291500e+05 6.81155234e+04 7.61168984e+04
 8.71826480e+07 8.31970875e+05 8.73599141e+04 1.41110234e+05
 4.35211344e+05 2.19034414e+04 5.25088950e+06 3.12603969e+05
 3.03413730e+04 2.18966836e+04 2.55834859e+05 8.13440438e+05
 2.22298859e+05 1.13833484e+05 3.21587793e+03 2.86363875e+05
 1.40641500e+05 4.13396328e+04 1.76132953e+05 2.71860176e+04
 2.29411309e+04 6.30066688e+05 6.67598281e+04 1.76477300e+06
 1.14899422e+05 7.17467688e+05 2.38251816e+04 2.54502832e+04
 2.36045430e+04 8.06180547e+04 6.68428906e+04 3.95733203e+04
 1.00808844e+06 6.74489062e+04 2.70976219e+05 1.57342469e+05
 3.42591484e+04 3.22836738e+04 1.53998711e+04 1.44226312e+05
 9.07962031e+04 1.82502000e+05 1.94552578e+04 5.79188500e+06
 4.81935859e+04 4.30539250e+05 4.07566000e+05 2.05902305e+04
 2.18868984e+04 8.32805188e+05 4.22780188e+05 2.63688457e+04
 8.95121953e+04 5.51142090e+03 4.84130820e+04 1.55167432e+04
 2.96299031e+05 5.10121797e+04 8.22745500e+05 3.31272461e+04
 2.04413926e+04 5.39908500e+05 2.34878797e+05 1.34623975e+06
 7.02846016e+04 1.28308859e+05 2.21843188e+05 4.59099656e+05
 1.49955078e+04 6.17253008e+04 4.80487812e+04 3.40713906e+04
 2.86301797e+04 1.53121859e+05 1.74173984e+04 2.39403457e+04
 9.35385156e+04 1.36765688e+05 2.91627406e+05 1.13586462e+06
 1.36349004e+04 6.65375859e+04 9.55268906e+04 1.69670000e+05
 3.36672227e+04 1.31000945e+05 5.44661328e+04 2.17844078e+05
 2.06044316e+04 6.51587150e+06 6.77312812e+04 7.33219922e+04
 2.02055762e+04 1.83320656e+05 1.51099359e+05 4.98932656e+04
 1.41904219e+04 3.81965344e+05 2.12513906e+04 1.70688969e+05
 4.22791562e+04 6.14310469e+04 4.59271992e+04 1.38059672e+05
 7.41667500e+04 9.21729609e+04 9.23948750e+05 1.85067328e+05
 4.81246812e+05 6.88001484e+04 3.76232227e+04 3.24146500e+05
 2.76975918e+04 6.22967562e+05 7.71400234e+04 7.06766562e+04
 2.39812000e+05 1.99036543e+04 7.91248281e+04 1.36587217e+04
 1.91850234e+04 3.44893812e+05 3.45227266e+04 1.40129688e+04
 3.39880898e+04 1.32546531e+05 2.04064375e+04 3.15006504e+04
 2.61357391e+05 1.87055195e+04 8.52926641e+04 2.08870719e+05
 1.83751172e+05 1.98048020e+07 1.95341523e+04 2.23509512e+04
 1.43638936e+04 4.85207266e+04 1.17060898e+05 1.79542234e+05
 4.69421594e+05 3.19640176e+04 1.23084500e+05 2.88698105e+04
 6.04651992e+04 1.09149844e+05 1.84422656e+04 4.61094594e+05
 9.92294531e+04 8.79546016e+04 3.11560137e+04 1.04834234e+05
 6.26371375e+05 1.30882820e+05 6.79829141e+04 1.38249391e+05
 2.08214375e+04 9.58602812e+04 3.73280977e+04 1.00289969e+06
 1.05420388e+06 1.31876000e+05 9.08478750e+04 1.46347832e+04
 1.31018938e+06 4.16347031e+05 3.41995906e+05 2.21526469e+05
 8.97791016e+04 9.60500000e+04 5.08132383e+04 3.50529688e+04
 3.95258969e+05 6.30642852e+04 5.53942062e+05 1.97693531e+05
 2.32456156e+05 1.48742370e+07 2.75316660e+04 1.05374828e+05
 8.75579844e+04 2.36181844e+05 3.41418406e+05 1.33441826e+04
 5.21431367e+04 1.04301125e+05 3.98344406e+05 2.23534453e+05
 1.46142471e+04 4.73239062e+04 1.83902200e+06 4.82815000e+04
 6.65549938e+05 1.32868609e+05 1.94456992e+04 3.62744062e+04
 4.08209562e+05 3.21858574e+04 3.12384594e+05 2.60599082e+04
 1.83543438e+05 1.56818475e+06 2.46368262e+04 7.58939844e+04
 3.11050062e+05 8.50738938e+05 1.06584891e+05 3.10176562e+05
 7.12218150e+06 2.40267125e+06 3.34001100e+06 4.33573531e+05
 2.58725117e+04 5.62111426e+03 3.10833320e+04 3.14993223e+04
 5.11866719e+05 4.13955688e+05 1.61467656e+05 1.86306453e+05
 1.51794469e+05 1.02361727e+05 2.43027891e+05 2.28225039e+04
 8.99652125e+05 1.57157359e+05 3.21465215e+04 4.77439648e+04
 8.36692266e+04 3.87921172e+04 2.18816703e+05 5.84035812e+05
 5.41912438e+05 8.30315000e+04 1.15551023e+05 7.29160938e+04
 7.50090080e+07 1.23345352e+04 4.54095234e+04 3.83569125e+05
 5.00360195e+04 3.10243770e+04 2.11468457e+04 8.33663438e+04
 4.42354000e+05 4.33792109e+04 1.13734672e+05 9.25637578e+04
 6.64331875e+05 5.95754844e+04 2.11049078e+05 2.29632168e+04
 5.10197578e+04 1.16021400e+06 3.17151938e+05 2.19320332e+04
 7.96821016e+04 3.48662812e+05 6.23903008e+04 8.92832031e+04
 1.07194492e+05 7.91578688e+05 1.04724031e+06 1.40503312e+05
 4.54987188e+04 2.98619625e+05 3.19917719e+05 5.49132688e+05
 2.03684707e+04 5.14419648e+04 2.83954781e+05 5.91538125e+05
 5.63962744e+03 2.46654961e+04 7.66017031e+04 5.19385449e+03
 4.42448812e+05 1.59589062e+04 4.35423086e+04 2.59596325e+06
 7.42250469e+04 9.97723125e+04 7.94215156e+04 1.54415781e+05
 8.44631375e+05 1.10391570e+05 3.27008672e+04 2.06172070e+04
 1.15496925e+06 4.01162734e+04 5.47859625e+05 2.76616582e+04
 1.10847164e+05 2.49962031e+04 7.54035107e+03 1.75157051e+04
 5.55059297e+04 9.37751250e+05 3.55284688e+04 4.34697227e+04
 1.28900156e+05 3.07494863e+04 2.94710750e+05 4.50913047e+04
 4.53470150e+06 1.17625648e+05 8.78337891e+04 6.98479700e+06
 2.55427850e+06 1.85276758e+04 2.81481688e+05 3.14220371e+04
 2.23318625e+05 3.77226172e+04 1.40688662e+04 8.29445500e+05
 3.48764883e+04 6.88897217e+03 2.24019975e+06 2.58319275e+06
 3.30781950e+06 1.46905297e+05 3.14664188e+05 8.95934453e+04
 3.21579719e+05 7.99482938e+05 1.35337988e+04 3.63728867e+04
 3.53115195e+04 4.44554531e+04 6.47686055e+04 4.53454438e+05
 9.27182438e+05 1.67264023e+04 1.15404383e+05 1.37028484e+05
 5.35783750e+04 1.84469812e+05 6.53774450e+06 2.41003156e+05
 3.03567871e+04 3.09994453e+04 4.87113190e+01 1.93662688e+05
 8.14962031e+04 1.29905609e+05 5.12948340e+03 5.31806250e+04
 2.91184004e+04 8.05125625e+04 3.48847025e+06 1.22804031e+05
 5.68402383e+04 1.42688965e+04 6.82430859e+04 3.40212775e+06
 1.35134395e+04 1.75535859e+04 5.41916289e+04 7.03161875e+04
 8.38630547e+04 9.80245117e+03 7.71912812e+05 1.13072712e+06
 1.48473825e+06 4.31389648e+04 1.00531680e+05 4.00726289e+04
 3.75821641e+04 8.04708516e+04 5.98179297e+04 8.15952422e+04
 6.46573438e+04 9.90373125e+04 1.52557650e+06 5.65140508e+04
 2.25870605e+04 3.69201975e+06 2.73765275e+06 2.04522324e+04
 8.00230781e+04 5.40514875e+05 3.30118477e+04 1.77054312e+05
 2.39889125e+05 1.62072594e+05 1.24779200e+06 1.41519797e+05
 1.55958797e+05 6.23712578e+04 3.28095562e+05 7.74645625e+05
 5.49279062e+05 6.59217500e+04 2.46758850e+06 7.62102109e+04
 1.83558578e+05 9.70452188e+05 2.95332344e+05 4.43105781e+04
 5.34358594e+04 5.19993500e+05 3.11857266e+04 1.51305338e+06
 5.74643000e+05 3.55940391e+04 9.74069219e+04 6.55920000e+04
 1.19989775e+04 7.22459062e+04 9.50295312e+05 1.09987725e+06
 1.06343969e+05 5.68216328e+04 8.56489375e+05 3.39240586e+04
 6.70784812e+05 4.43125719e+05 8.40669531e+04 7.31151500e+05
 5.11687734e+04 3.74497461e+04 8.01368828e+04 1.85240250e+05
 3.02289312e+05 1.35189359e+05 4.43286211e+04 2.38664609e+04
 3.10647850e+06 3.33983594e+04 2.72110094e+05 2.75637109e+04
 4.96334531e+04 1.72741367e+04 5.84980938e+04 9.48674400e+06
 7.53749453e+04 4.50925664e+04 1.22966258e+05 1.47958584e+04
 1.07621742e+05 2.05672422e+04 2.93645752e+03 8.39296375e+05
 1.34611531e+05 1.64820359e+05 1.18171891e+05 5.18714700e+06
 1.59732500e+05 1.46558162e+06 1.33299969e+05 3.98322734e+04
 5.65572000e+05 2.40850438e+05 2.54395875e+06 2.24218188e+05
 9.49546016e+04 2.96138633e+04 3.41215977e+04 5.70492734e+04
 3.94122406e+05 1.08576992e+04 6.04426562e+05 9.03714844e+04
 1.40830625e+06 3.44112422e+04 1.00184719e+05 7.13047688e+05
 5.68597695e+04 9.43430273e+03 3.27401973e+04 2.26489812e+05
 3.30910859e+04 1.04480162e+06 2.26301230e+04 1.13652711e+05
 9.62345215e+02 4.00876328e+04 7.07735000e+06 1.73030969e+05
 2.63072900e+06 1.09730266e+05 1.39160047e+05 2.94503500e+05
 1.24829609e+05 2.66182285e+04 8.23252500e+04 5.29527500e+05
 2.32368535e+04 2.24910938e+04 2.41626188e+05 5.04378969e+05
 4.58739469e+05 2.93515391e+04 1.05323174e+04 1.56138721e+04
 2.62091602e+04 1.52970957e+04 1.53074688e+05 5.80840000e+05
 3.07221699e+04 2.59430578e+05 7.87772266e+04 6.78749625e+05
 2.62325906e+05 2.90546344e+05 2.95924750e+05 2.17604375e+05
 1.93055266e+05 2.48904828e+05 3.88982227e+04 1.28701924e+04
 6.10561812e+05 3.40993789e+04 2.94069995e+03 4.23607266e+04
 3.09960918e+04 3.56026812e+05 1.96836035e+04 3.24562725e+06
 7.77285859e+04 1.04535664e+05 3.69343516e+04 1.60058609e+05
 5.52835898e+04 2.82795625e+04 2.94801750e+05 9.74477734e+03
 8.01108359e+04 1.66531992e+04 1.81802559e+04 1.14466281e+05
 2.84542438e+05 1.54857549e+04 2.06232375e+05 3.88418438e+05
 3.78892094e+05 1.75179047e+05 1.15057258e+05 1.41572844e+05
 2.09481734e+05 4.15209438e+05 2.23870641e+05 2.36019740e+07
 1.57293969e+05 2.93731777e+04 4.45282773e+04 2.46971775e+06
 2.28755625e+04 3.06863379e+04 1.52612703e+05 3.29200156e+04
 4.90560781e+04 4.40429570e+04 1.00382719e+05 5.34773700e+06
 3.52651750e+05 1.35783936e+04 1.68993344e+05 1.84365984e+05
 4.83712300e+06 2.43181203e+05 4.50681914e+04 6.88627562e+05
 3.46331031e+05 1.28050492e+05 7.09492734e+04 9.48061875e+04
 3.03794625e+05 1.10418461e+05 1.00414288e+06 2.23529570e+04
 9.60533828e+04 7.39290039e+03 4.28918789e+04 2.48937525e+06
 1.30851602e+05 3.02146062e+05 2.37285957e+04 2.10039984e+05
 4.14244031e+05 1.07362988e+06 2.02481828e+05 1.06731562e+06
 3.95904727e+04 9.06655469e+04 4.60567250e+05 4.24964031e+05
 3.76600859e+04 6.04878711e+04 1.98058594e+04 1.08183133e+05]
