[3.66345195e+04 1.67706924e+02 1.91993884e+03 2.11831085e+02
 4.69808438e+04 9.46831177e+02 1.26987244e+03 5.61590088e+03
 3.22008398e+03 7.63635941e+01 7.72690918e+03 1.00922168e+04
 1.39143640e+03 1.66618561e+02 1.82640038e+01 3.17551193e+01
 5.97531006e+02 6.18955574e+01 8.10420799e+00 9.79986621e+03
 9.87638611e+02 4.01517525e+01 2.95284500e+05 1.49289856e+03
 1.65177307e+02 5.12446484e+03 8.71137344e+04 3.42330872e+02
 3.72142383e+03 1.95285291e+03 3.36353210e+02 2.34918327e+01
 1.86481897e+03 3.78815356e+03 7.82865332e+03 1.55881519e+03
 1.39568677e+03 1.58248950e+03 5.62734424e+03 1.08148216e+02
 1.93846875e+03 1.79461250e+04 3.38025000e+03 3.33025244e+03
 1.48320186e+04 3.97415283e+02 2.71226837e+02 1.57824240e+01
 1.34949768e+03 5.59606680e+04 1.21387329e+03 1.33276953e+03
 1.58539026e+03 5.55489258e+03 1.64352936e+02 5.93901367e+01
 8.64292285e+03 9.76822363e+03 1.70158301e+04 2.24222549e+02
 7.92735889e+03 1.50321075e+02 1.70099231e+03 1.14330981e+03
 3.15767749e+03 1.00734473e+04 2.08591492e+02 5.40086487e+02
 3.43267505e+03 1.96454746e+04 9.84518738e+02 9.80063416e+02
 1.44045691e+03 3.33198334e+02 1.91066376e+02 1.85509070e+03
 2.30500610e+02 9.27919043e+03 1.30865555e+02 4.03157461e+04
 7.15494824e+03 3.24850037e+02 7.49576263e+01 5.03152466e+02
 7.74890976e+01 1.31611511e+02 2.21142639e+02 7.04466980e+02
 2.72861450e+03 3.26171680e+03 2.75321719e+04 6.76309424e+03
 1.69937820e+02 9.91227637e+03 1.05839164e+05 4.09811249e+01
 5.82348975e+03 7.20686646e+02 1.20936895e+04 5.62842369e+01
 3.90439835e+01 4.16355176e+03 6.16062927e+02 1.19064478e+03
 8.08592969e+03 2.56369843e+02 2.55371552e+02 4.12360010e+03
 7.89470978e+01 1.09420483e+03 1.03466785e+03 5.54383789e+02
 1.55500952e+03 1.99070465e+02 5.79160254e+03 4.02178528e+02
 1.69571558e+03 5.02494971e+03 7.23601807e+02 5.55971191e+02
 3.40152710e+03 8.59974487e+02 4.35861865e+03 3.77078906e+04
 9.60591699e+03 9.44892517e+02 1.20799156e+02 3.74262199e+01
 1.54951147e+03 2.94359497e+02 1.46439905e+03 5.61455933e+02
 1.09010718e+03 6.03040405e+02 4.50948438e+03 1.20634045e+03
 3.14268115e+03 8.89030762e+01 2.48936816e+03 3.17983826e+02
 6.20318652e+03 4.64738721e+03 8.79125748e+01 3.60692700e+03
 1.62252910e+04 1.00600763e+03 4.51714439e+01 1.89818567e+03
 8.46929590e+03 6.88958887e+03 5.28280884e+02 1.08947522e+03
 2.51182648e+02 2.22454395e+03 1.50691626e+03 4.63372510e+03
 1.59018524e+02 2.29396348e+04 1.16290991e+03 6.81634453e+04
 1.04616406e+04 1.42448889e+03 1.21271667e+02 1.72844513e+02
 1.33163806e+03 9.66599487e+02 1.82677991e+03 2.46277441e+03
 3.96621643e+02 4.97938965e+03 1.04597473e+02 1.12629951e+04
 3.84382935e+03 1.22056580e+03 1.11445911e+03 1.14955554e+03
 3.08653638e+03 1.24319385e+03 3.61783081e+03 7.18678438e+04
 2.00891895e+04 4.06762939e+02 7.69465625e+03 6.06006055e+03
 3.86285439e+01 1.06183533e+03 1.86182785e+02 5.16949316e+03
 1.83169067e+03 4.14942773e+03 1.81909595e+03 2.65762695e+03
 5.45158081e+02 1.23455786e+03 3.35023560e+03 1.93207912e+01
 5.40714551e+03 7.87063293e+01 1.52141687e+03 5.05228302e+02
 3.02950836e+02 4.02054626e+02 1.09810234e+04 8.20871277e+01
 2.48087070e+04 7.42077969e+04 6.90461493e+00 1.26335205e+03
 2.49260327e+03 1.95647412e+03 1.07901367e+03 2.05850195e+03
 5.53886169e+02 1.34844043e+04 6.71709717e+03 1.28934680e+03
 8.00963135e+02 1.48638878e+01 9.16222778e+02 7.61543808e+01
 2.47614380e+03 2.29299194e+03 7.25901260e+01 3.72752969e+04
 4.36229065e+02 3.72455469e+03 7.56804883e+03 1.55276169e+02
 3.44563232e+03 1.06433179e+03 3.96948633e+03 5.46045776e+02
 1.21614807e+03 1.09834753e+03 8.54811401e+02 3.50601514e+03
 3.81518127e+02 8.86259399e+02 2.83065205e+01 1.44805493e+03
 2.98211250e+04 1.60285071e+03 3.78794653e+03 6.21487695e+03
 7.09178238e+01 5.88899121e+03 6.02582335e-01 7.41780243e+01
 4.24518213e+03 9.08737578e+04 3.50965515e+02 6.55394922e+03
 1.18637039e+02 4.39628174e+03 1.14628601e+03 4.90626190e+02
 1.71190430e+03 4.59769592e+02 1.69200427e+03 7.40279358e+02
 7.93095625e+04 1.37114570e+04 6.73578711e+03 1.96518021e+02
 3.24930687e+01 2.07935132e+03 8.52205566e+02 2.11077805e+02
 1.46795679e+03 5.09977417e+02 1.41698868e+02 1.29683799e+04
 3.01249292e+03 2.96568329e+02 3.19171445e+04 2.67146118e+02
 1.13024891e+05 2.08555117e+04 3.11655518e+03 6.64672969e+04
 3.35859833e+02 4.12468359e+03 4.15503502e+01 1.42098267e+03
 3.74772263e+01 1.65066406e+03 4.56186218e+01 2.99848877e+02
 5.24989685e+02 9.84445508e+03 2.84353418e+03 5.75122620e+02
 5.27294971e+03 9.29867249e+02 1.20176013e+03 7.44104980e+02
 1.91170984e+03 9.18866211e+02 3.24169141e+03 1.85049728e+02
 8.93202454e+02 4.92727585e+01 2.58808848e+04 1.44952625e+03
 6.64904150e+03 1.26329352e+05 2.69196118e+03 1.50188252e+04
 8.71015747e+02 3.29151649e+01 6.00914345e+01 8.49490430e+03
 1.08180479e+04 2.29903540e+03 8.19577789e+01 1.68897070e+03
 9.28788757e+02 6.70021631e+03 2.58329199e+03 3.89321869e+02
 6.35135651e+01 3.37681923e+01 6.75040479e+03 3.99258881e+01
 1.66442715e+04 4.73398781e+01 5.07618398e+04 9.53446838e+02
 7.03094873e+03 7.69364551e+03 1.50843372e+03 1.05694397e+03
 9.00391785e+02 1.89473792e+03 1.39904431e+03 2.36285918e+04
 1.98140991e+03 2.38546432e+02 1.87970630e+03 6.29744507e+02
 1.68047058e+03 1.52953652e+04 3.98755078e+03 3.18367749e+03
 1.14514931e+02 3.17125183e+02 3.53996429e+02 4.80731201e+03
 3.94339600e+03 2.35403809e+02 2.45128815e+02 3.58712617e+04
 8.77436035e+02 9.06593848e+03 3.01999268e+02 1.64748755e+03
 2.18375078e+04 4.80380811e+03 8.45087158e+02 4.38270850e+03
 1.34086694e+03 2.63324528e+01 1.11390076e+03 9.98044250e+02
 1.00051064e+04 9.50698203e+04 7.97481323e+02 3.57648468e+02
 3.19636504e+04 2.88701196e+03 2.50658130e+03 1.54136145e+03
 6.39293896e+03 7.36516495e+01 4.71129541e+03 1.46465051e+03
 3.36901797e+04 2.54932349e+03 7.23745956e+01 7.19257507e+02
 3.49004053e+03 3.60540332e+03 3.78543828e+04 5.62439014e+03
 2.67248199e+02 8.66062927e+02 5.31249854e+03 5.82976562e+03
 1.53094922e+04 2.29548584e+03 2.41139766e+04 4.77604645e+02
 3.06839355e+02 2.64223193e+03 6.64507202e+02 7.09707080e+03
 2.96042090e+03 5.21719189e+03 1.03187195e+03 5.38790625e+03
 1.40796844e+02 2.51210815e+03 2.16492630e+02 9.49812927e+02
 3.00377559e+04 8.17764746e+03 1.20431763e+03 8.50407715e+02
 1.31784800e+06 3.11077002e+03 1.33789511e+01 3.23415308e+03
 6.11544385e+03 3.62651562e+03 9.04969922e+03 1.56941035e+04
 1.23780200e+03 1.41296846e+04 1.26861487e+03 1.58936072e+03
 3.46846863e+02 2.62899055e+01 3.90255957e+03 1.52747949e+04
 6.36743103e+02 8.60690842e+01 9.74841248e+02 1.03778046e+02
 5.41263916e+02 3.89009583e+02 2.35989716e+02 9.18978809e+03
 2.40457324e+03 3.31831992e+04 7.04741699e+02 6.79945740e+02
 6.95788498e+01 5.77848549e+01 1.21243542e+03 2.96097266e+03
 1.25799915e+03 3.18146240e+03 1.26374990e+04 6.71810837e+01
 1.86312027e+02 1.31972824e+02 1.23742542e+03 5.72959375e+03
 2.74145416e+02 4.64716522e+02 5.49650574e+02 1.07131984e+05
 1.52182654e+03 1.08460459e+04 1.66041738e+04 2.35204272e+03
 2.27225372e+02 1.86628456e+01 1.61578821e+03 1.03035498e+03
 2.83372168e+03 7.25308777e+02 1.12934375e+03 1.07853076e+03
 5.70564844e+03 2.25819504e+02 3.62285233e+01 1.06496094e+03
 1.03231299e+03 1.99248184e+04 8.29367188e+02 2.83773956e+02
 1.48247726e+02 3.30676709e+03 2.68575172e+01 7.20246460e+02
 1.35687122e+01 2.93934302e+03 7.99789581e+01 2.77837860e+02
 2.45518457e+03 8.63138733e+02 1.40239111e+03 1.77338898e+02
 2.62365283e+03 9.60112610e+02 9.07921692e+02 1.37182725e+04
 2.79966888e+02 2.26456885e+03 1.45637146e+03 3.31122021e+03
 4.97495459e+03 1.50533948e+03 1.73183411e+03 5.70104485e+01
 5.39519958e+02 5.09114336e+04 8.50938110e+02 1.88208472e+03
 5.20156898e+01 2.22629074e+02 1.53525745e+03 1.48074268e+03
 1.02595605e+03 2.59517749e+03 1.16608994e+02 1.05840840e+04
 9.00894470e+01 2.52435693e+03 3.89740753e+02 5.21586377e+03
 1.80969437e+02 1.78560837e+02 1.13638049e+03 9.72626270e+03
 7.35536426e+03 6.50960266e+02 1.16872188e+04 3.16681793e+02
 1.75194000e+02 1.66075430e+04 8.49836133e+03 2.05275732e+03
 3.37992847e+03 2.73285923e+01 2.86428784e+03 8.03855225e+02
 5.36880981e+02 1.88843582e+02 1.97581619e+02 2.98670826e+01
 2.88478052e+03 2.47603931e+03 1.83269531e+03 1.78036270e+02
 3.99650562e+03 6.89286621e+02 1.69961194e+03 1.66865585e+02
 1.09030000e+04 4.51566055e+04 1.51370972e+02 3.40592712e+02
 1.27432671e+02 3.35343597e+02 1.56082092e+02 1.69167700e+03
 9.22797241e+02 2.56159902e-01 7.57056580e+02 1.33244849e+03
 3.21264069e+02 9.07073828e+04 3.00080688e+02 1.71056777e+04
 6.95492432e+03 1.76818848e+02 1.45001345e+01 2.35772437e+03
 6.26515352e+04 7.10698792e+02 1.82866248e+03 4.82412744e+03
 1.45484283e+02 7.38018799e+01 1.03432800e+03 3.08863848e+04
 2.69010352e+03 2.77913849e+02 2.27121826e+03 2.96683081e+03
 4.17952930e+04 2.71399707e+04 3.53770361e+03 2.09889282e+03
 6.69946213e+01 1.06318127e+03 1.34061963e+04 1.87333533e+03
 4.32127070e+04 1.98728912e+02 2.21833750e+04 4.70619043e+03
 7.43896533e+03 8.82073633e+03 1.22435339e+03 8.64930420e+02
 1.40295502e+02 1.95108679e+03 3.78157196e+02 1.92942053e+03
 1.51663376e+02 2.33955640e+03 4.42857520e+03 6.65140234e+03
 5.29955872e+02 2.62664429e+02 3.39453784e+03 4.04517937e+01
 1.20417080e+04 3.81727979e+03 1.96374474e+01 2.25708885e+01
 8.03267441e+01 2.32776416e+03 1.58815887e+02 9.23957275e+02
 7.39720264e+03 3.42750610e+02 2.76790436e+02 2.88170874e+03
 1.44598203e+04 2.81493872e+03 1.30269678e+03 8.39571106e+02
 1.43733076e+04 6.76700781e+03 1.40551575e+03 2.09813555e+04
 8.80956039e+01 1.19721807e+04 4.70400781e+03 1.31049036e+03
 3.41830139e+01 7.14620361e+03 2.50243726e+03 1.82344696e+02
 2.98115503e+03 3.04639160e+03 7.47208350e+03 1.37332214e+02
 1.09058630e+03 1.33632703e+03 1.10650256e+03 1.63294482e+03
 1.77002960e+02 3.02179260e+02 1.51282666e+04 7.85580811e+02
 1.64194861e+03 8.89684677e+00 2.37797437e+03 5.25514282e+02
 3.26795656e+05 1.19162183e+03 4.06491333e+02 2.99080902e+02
 7.16207520e+02 5.86937134e+02 1.54274109e+03 1.71336829e+03
 1.50874243e+03 6.52699661e+01 1.31314221e+03 5.72006470e+02
 8.15527588e+02 3.26304785e+04 2.80133575e+02 3.30572205e+02
 2.64932800e+02 2.67807739e+03 1.09880957e+03 3.76567047e+02
 4.11297241e+02 4.67616028e+02 7.49568726e+02 1.39218567e+03
 1.15199573e+03 9.48928406e+02 4.23692656e+04 1.64089722e+03
 4.86030420e+03 1.97471362e+03 1.29252197e+02 1.10692793e+04
 1.80527222e+02 5.50528198e+02 1.69366348e+04 1.51372197e+04
 6.55190247e+02 4.81974121e+02 8.33341370e+02 3.46795563e+02
 1.28703564e+04 2.23343115e+03 1.74372217e+03 1.35730713e+04
 1.66490015e+03 2.18691357e+03 2.95616846e+03 8.37000781e+03
 2.75091650e+03 3.92524097e+03 1.03069077e+01 4.46914917e+02
 1.42442070e+04 1.77569409e+03 9.88865820e+03 5.44206047e+01
 1.76004486e+02 1.20219141e+03 7.92147339e+02 9.48214661e+02
 3.07266309e+03 2.01999008e+02 1.29046875e+02 6.23438950e+01
 2.44797290e+03 8.83853027e+02 1.48789023e+04 4.32370911e+02
 1.73324570e+04 5.16350708e+02 1.07255823e+03 7.68685303e+03
 7.97440088e+03 6.93198166e+01 2.00562646e+03 4.25423279e+02
 2.23326733e+03 5.71047546e+02 2.04061694e+03 1.24530947e+04
 2.23748096e+03 2.44437842e+03 5.45619934e+02 5.92417031e+04
 1.48391309e+03 8.79765259e+02 5.34587988e+03 2.20214160e+03
 6.11461279e+03 6.37380898e+04 5.25828467e+03 8.92100525e+02
 2.67535889e+02 1.56866565e+03 1.22026904e+03 1.03392798e+03
 5.43819824e+02 1.58964844e+02 1.55288171e+03 1.76675873e+02
 2.88462598e+03 6.60763306e+02 1.58591965e+02 6.43489868e+02
 4.60112976e+02 1.74130969e+03 2.16303467e+03 4.11317334e+03
 1.86240921e+02 6.85092090e+03 4.41816597e+01 1.76953479e+03
 4.26656189e+01 8.82647634e-01 8.92488965e+03 3.94280396e+02
 7.47309717e+03 2.42103928e+02 2.12209320e+02 1.13345586e+04
 7.19305054e+02 1.41635291e+03 3.20768799e+02 1.73692493e+03
 3.37961621e+03 8.62619385e+02 1.83299961e+04 1.37757385e+03
 1.17087090e+02 3.47531128e+03 2.70221167e+03 5.22847519e+01
 1.50328064e+02 1.57597876e+03 1.89285681e+03 5.98236511e+02
 6.99149475e+02 3.46045441e+02 5.56222070e+03 2.27085376e+03
 3.53096924e+02 1.76362109e+04 3.17570801e+03 5.26521057e+02
 1.19597302e+03 4.25822344e+04 4.28879150e+03 3.06921289e+03
 1.37324304e+03 2.00607363e+04 7.23364746e+03 4.90239258e+03
 7.55309143e+01 1.12644421e+03 8.72110474e+02 2.82771328e+04
 1.89148359e+04 2.04048721e+02 3.09613232e+03 2.85554102e+03
 8.08010889e+03 2.51591357e+03 1.99663684e+03 4.17183533e+02
 9.48178162e+02 1.13744971e+04 1.08659839e+03 5.13144570e+04
 1.21292754e+04 3.59204980e+03 6.98017627e+03 1.91744373e+03
 1.51058365e+02 1.57192841e+02 7.15618125e+04 2.36556152e+04
 3.10439819e+03 1.13817261e+03 2.52844873e+03 1.02042346e+03
 3.62551489e+03 6.30401764e+01 5.31856689e+02 5.14052124e+02
 4.25685089e+02 6.49543579e+02 8.86756934e+03 3.50298315e+03
 4.27082959e+03 1.05341687e+03 5.44034302e+02 5.34289368e+02
 1.27046582e+04 3.46017952e+01 4.38360742e+03 2.21207886e+02
 1.55826172e+03 5.41911682e+02 1.68919666e+03 2.31202686e+03
 4.94939758e+02 2.71057861e+03 1.31415894e+02 1.48272217e+03
 3.15495508e+03 3.03318878e+02 3.01465625e+03 1.44895923e+03
 3.53043182e+02 3.01728320e+03 1.37251465e+04 1.24318616e+03
 1.65039093e+02 2.37098867e+04 1.27635937e+01 2.15277563e+03
 2.74251895e+04 2.10204077e+03 9.93715527e+03 2.11443774e+03
 6.46338257e+02 1.23199646e+03 9.69870911e+01 1.15213875e+02
 2.45869458e+03 2.98008270e+02 2.10996265e+03 5.25062402e+03
 2.77866523e+04 1.67420593e+02 1.62760974e+03 1.03876318e+03
 2.51003971e+01 6.45210632e+02 1.21039502e+03 6.62229553e+02
 4.93169495e+02 1.76839929e+03 9.79470398e+02 1.02896082e+03
 2.57958730e+04 3.85569031e+02 5.07601562e+04 1.28624277e+04
 6.56091719e+04 1.39634875e+03 2.53172623e+02 7.76773621e+02
 1.09369788e+03 5.88223999e+02 2.18096094e+03 2.58925830e+03
 3.33154984e+01 8.20715027e+01 9.05556055e+03 3.40685034e+03
 1.05458313e+03 5.78154831e+01 1.99476196e+03 1.51356613e+02
 5.78180664e+02 1.02919907e+02 1.98655891e+01 8.52658008e+03
 1.55361987e+03 4.29800781e+03 3.16305817e+02 5.47115527e+03
 2.26593018e+02 1.02928589e+03 2.21857397e+03 7.98690918e+02
 2.22178540e+03 4.72780182e+02 1.75504112e+01 1.43161292e+03
 1.14308848e+04 5.51001015e+01 1.93473804e+03 2.85661560e+02
 7.57861389e+02 3.59357983e+03 3.99886322e+02 1.41239172e+05
 4.32619092e+03 3.28035840e+03 2.48302930e+03 2.42685693e+03
 1.34558752e+03 7.33877136e+02 1.23503899e+02 1.44522852e+03
 9.21721619e+02 2.17453079e+02 7.83418091e+02 7.50826874e+01
 1.14931677e+03 4.59028351e+02 3.30178528e+02 6.07693420e+02
 3.80066711e+02 5.01862885e+02 1.64634058e+03 2.14112207e+03
 3.19518579e+03 1.26192334e+03 5.27579980e+03 4.84707930e+04
 1.26745303e+04 7.67725281e+02 3.52955627e+01 4.35652695e+04
 1.19905896e+03 2.60945435e+02 5.34064062e+03 2.15866772e+03
 9.43554321e+02 6.21781836e+03 2.56974854e+02 2.35659033e+03
 9.96336621e+03 4.25820099e+02 9.75987610e+02 2.56763794e+02
 5.61674121e+03 2.38359888e+03 4.04254932e+03 7.89059521e+03
 8.02645203e+02 3.84171326e+02 1.39229263e+02 2.93773479e+01
 2.74927539e+04 5.20309601e+01 4.72366699e+03 1.26930704e+01
 2.27094141e+03 7.09418182e+01 1.19279213e+02 3.85232562e+05
 6.05264221e+02 7.44219775e+03 8.27137634e+02 5.99717090e+03
 1.22661902e+03 9.64221289e+03 3.87167206e+02 7.10923080e+01
 1.66650500e+03 9.97872238e+01 4.78524170e+02 1.59915352e+04
 5.63163086e+02 4.05107544e+02 9.84643097e+01 3.04676758e+03]
8021.039
1317848.0
