[6.46438037e+03 4.91217102e+02 1.04577988e+04 1.72650925e+02
 1.56905928e+04 2.96396484e+03 3.91046906e+01 7.21259277e+03
 1.12020430e+04 1.36933618e+03 1.28639395e+04 3.39823169e+03
 3.26363190e+02 5.20760956e+01 5.27084017e+00 1.45184961e+03
 5.33186670e+03 3.52319312e+03 6.04192773e+03 2.80238945e+04
 8.90005615e+02 6.64898865e+02 2.25613531e+05 1.01611133e+04
 1.66659729e+02 1.56749199e+04 5.26598828e+04 9.36163672e+03
 1.97941010e+02 1.59689099e+03 3.43592896e+03 7.83767029e+02
 3.47472217e+03 4.45265747e+02 2.28311406e+04 1.00576569e+03
 8.74426331e+02 2.31972672e+02 4.41324512e+03 4.44654266e+02
 6.85975537e+03 6.36891016e+03 1.25554629e+04 4.98164558e+00
 1.41759688e+04 3.37202644e+01 4.38772461e+03 1.64322159e+02
 1.42173682e+03 7.13653516e+04 2.05199707e+02 6.11805273e+03
 1.45470535e+02 4.10791523e+04 1.19543785e+02 1.08222878e+02
 1.69464935e+02 3.72173789e+04 5.96530371e+03 4.08061206e+03
 2.01652910e+04 1.23878506e+04 1.30860645e+03 6.50544739e+02
 1.85772018e+02 2.08381211e+04 5.14351730e+01 3.20303894e+02
 6.98470886e+02 3.69713135e+03 1.39565918e+02 3.39192725e+03
 6.27873421e+01 2.21018372e+02 2.25897241e+03 4.89725146e+03
 8.37728271e+02 1.81690381e+03 1.03881119e+02 1.57979969e+05
 1.02654553e+03 7.23756165e+02 4.57115173e+02 7.65517944e+02
 7.28466797e+02 4.00749908e+02 9.10337219e+02 7.22001953e+01
 8.51275146e+02 2.34584570e+03 3.03689941e+02 8.74186035e+03
 5.38909119e+02 8.26742773e+03 5.99617539e+04 9.17646179e+01
 3.16976948e+01 3.52740875e+02 9.33499902e+03 9.86523972e+01
 2.56416553e+03 4.55808533e+02 5.23366966e+01 3.34409332e+02
 2.38177759e+03 3.87730904e+01 3.31074219e+03 1.90739853e+02
 2.39151562e+03 2.87302155e+02 5.51403625e+02 1.31940039e+03
 1.88723343e+02 2.26625146e+03 1.57729382e+03 4.17500098e+03
 7.46460144e+02 1.24190664e+04 3.94742096e+02 3.76532021e+01
 3.80313080e+02 1.74412415e+03 5.45638379e+03 1.71869492e+04
 6.30446960e+02 3.66374168e+01 1.10571865e+04 2.15691626e+03
 1.11600159e+02 2.46882837e+03 2.03485095e+03 2.56876221e+03
 4.13246704e+02 1.23887299e+02 1.59943677e+03 3.50178833e+03
 4.89222021e+03 5.11753296e+02 2.11946069e+03 2.38286743e+02
 1.18273975e+03 6.75271191e+03 4.41656934e+03 3.64449921e+02
 4.65967090e+03 1.03886803e+02 2.09087051e+02 9.82408496e+03
 3.33856797e+04 2.23216250e+04 5.19599487e+02 7.10638916e+03
 4.36114600e+03 4.74460724e+02 1.71291718e+02 5.93683289e+02
 1.75896375e+03 2.40410986e+03 1.20760254e+03 2.72197500e+04
 5.36708350e+03 1.58492236e+03 9.87521591e+01 8.92839355e+01
 9.74421448e+02 2.29003479e+02 1.75460046e+03 1.11737878e+03
 1.91653784e+03 7.15899124e+01 8.04703552e+02 6.47583057e+03
 2.66490918e+03 2.33282227e+03 3.22444916e+02 1.74587341e+03
 2.35093750e+03 9.17451019e+01 2.69462354e+03 6.36361511e+02
 2.73856758e+04 1.37090006e+01 9.30461250e+04 1.68457080e+03
 1.54958569e+03 3.46557520e+03 2.64008740e+03 2.34692245e+02
 3.04665796e+03 1.93420609e+02 5.34618799e+03 2.26568018e+03
 1.24836060e+03 1.64521899e+03 2.34789883e+04 2.91641388e+02
 1.18897061e+04 3.06903369e+03 3.42921631e+03 1.06418420e+03
 2.26275664e+04 6.96813770e+03 5.24616309e+03 1.72037430e+02
 2.38950137e+04 8.68286875e+04 3.01856079e+02 5.08804395e+03
 7.22349731e+02 7.09976578e+01 7.88015442e+02 3.81486938e+03
 1.02378876e+03 4.37600800e+02 7.74099792e+02 1.23700401e+02
 1.93978340e+04 8.84418335e+01 4.21371924e+03 5.09970642e+02
 1.41616028e+02 2.06031372e+03 1.09893127e+03 4.04920820e+04
 2.20212012e+03 2.46762231e+03 3.56081934e+03 1.29529205e+02
 6.36851807e+03 1.19876465e+04 1.83219531e+03 8.97681885e+02
 2.57100494e+02 1.01319580e+03 3.55007275e+03 4.46638232e+03
 1.48170435e+03 1.48604324e+02 4.57858086e+01 2.79380493e+02
 4.87573438e+04 2.38771469e+02 2.34480566e+03 3.12930615e+03
 2.25650970e+02 6.39737671e+02 1.34904199e+03 1.12862842e+03
 7.75490601e+02 2.09017456e+03 1.24668427e+02 6.27961670e+03
 5.61952942e+02 8.47358093e+02 6.88743530e+02 1.96318848e+03
 5.86505664e+03 1.69262955e+02 6.15008057e+03 3.64956421e+03
 3.56495288e+03 1.94343418e+04 5.06563086e+03 7.12436157e+02
 6.21825829e+01 9.29805542e+02 1.61606372e+03 1.04977307e+03
 1.76245723e+04 2.28807910e+03 2.57137268e+02 1.67968945e+04
 1.91139136e+03 2.25005396e+03 7.63221191e+03 2.40644653e+02
 7.65023672e+04 7.39037744e+03 1.81600195e+03 4.27329727e+04
 3.36371021e+03 1.90282012e+04 6.02273682e+02 8.83555603e+02
 5.64357300e+02 3.47069824e+03 3.97223926e+03 6.48906494e+03
 1.66368805e+02 1.02693298e+03 1.04117219e+05 8.98992493e+02
 5.01816602e+03 1.71273987e+03 1.03976318e+02 1.57811926e+03
 1.98284570e+03 1.16295889e+04 1.83658606e+03 2.63101654e+02
 7.38271408e+01 4.06932907e+01 1.95240393e+03 1.04400938e+04
 9.20918396e+02 3.14275125e+05 1.14679126e+03 2.27057793e+04
 5.99150940e+02 1.12654578e+03 4.20039459e+02 4.92951025e+03
 1.68057188e+04 2.29883453e+02 3.36926727e+02 2.77402124e+03
 5.51810254e+03 1.63059365e+04 5.33318164e+03 1.54109336e+04
 2.32860767e+03 1.24487520e+04 4.53994568e+02 1.15911289e+04
 3.38675195e+04 2.51353210e+02 5.37475049e+03 1.35096008e+02
 2.29031372e+03 8.15853564e+03 1.39864648e+03 4.58890533e+02
 2.27555496e+02 4.98323181e+02 3.93373718e+02 1.02776113e+04
 1.70916275e+02 1.92107886e+03 3.40079336e+04 6.06035347e+01
 3.42190210e+03 1.75500769e+03 1.63244553e+02 9.82399316e+03
 7.13838562e+02 2.18059570e+02 4.46957428e+02 3.56700171e+03
 2.61077383e+04 1.29570068e+02 1.54151680e+04 6.23153086e+04
 1.10906873e+03 5.67380859e+03 4.41994385e+02 3.03447998e+02
 1.82503789e+04 1.94733398e+03 1.06180264e+04 2.67192725e+03
 2.16254956e+03 5.45267578e+03 2.37113789e+04 1.48066223e+02
 3.05267944e+03 1.43084172e+05 1.97956958e+03 9.81499023e+02
 5.22072109e+04 5.50191309e+03 5.97497705e+03 3.05928198e+03
 5.88986680e+04 1.02009580e+04 4.94584608e+00 2.02474219e+04
 5.85231562e+04 2.43692529e+03 1.83145676e+02 4.51395782e+02
 5.48466016e+03 1.36538291e+04 1.29585264e+04 1.35370081e+03
 5.41731494e+03 1.28229619e+04 3.63089020e+02 1.12406729e+04
 1.05391045e+04 4.90046973e+03 1.38689082e+04 5.27019272e+01
 1.79161896e+02 6.85253296e+02 5.25201562e+03 4.89583643e+03
 2.01242517e+03 1.83193438e+04 1.06335938e+02 1.90057861e+03
 4.63044342e+02 4.67336963e+03 1.52951645e+02 1.63856445e+02
 2.11009326e+03 1.43330420e+03 7.15059509e+01 1.24226599e+03
 1.17256070e+05 4.22706718e+01 1.61621008e+03 5.72530365e+01
 6.72189404e+03 3.02454926e+02 4.04867871e+03 2.49124802e+02
 3.58036255e+02 1.06960315e+03 7.99300781e+03 6.38142432e+03
 3.94801880e+03 1.65654968e+02 1.56741541e+03 8.37467871e+03
 5.61851562e+02 2.97183911e+03 1.22994160e+04 3.10035248e+02
 2.06773438e+03 1.43533859e+02 4.61074219e+01 7.22752625e+02
 8.04453247e+02 4.56107568e+03 1.43941553e+03 2.77685107e+03
 1.77376007e+02 2.29243970e+03 6.03035522e+02 1.27476697e+03
 1.61863074e+03 1.89808472e+03 5.58789490e+02 2.39222656e+03
 9.92573059e+02 1.59540344e+03 1.62550977e+04 1.43562207e+04
 1.28083655e+03 2.67948950e+03 1.95906995e+03 1.12764678e+04
 1.36505280e+02 2.33017910e+04 4.03449463e+02 9.07533997e+02
 4.57392090e+02 1.78529211e+03 1.47014980e+04 4.87264008e+02
 1.13188062e+03 1.03554089e+03 1.92931015e+02 1.35047577e+02
 1.36673633e+04 5.21421318e+01 2.00783838e+03 5.69342957e+02
 2.99430640e+03 5.69548125e+04 8.54096777e+03 3.53476123e+03
 6.69992627e+03 9.34112109e+03 4.19939995e+01 5.62896045e+03
 1.43272632e+03 1.22918250e+03 1.93100266e+02 1.72947311e+02
 3.38784851e+02 2.54286850e+02 8.83750610e+02 1.51775452e+03
 6.43133545e+03 1.91103381e+03 6.61792908e+02 2.92569023e+04
 8.90847351e+02 5.42857849e+02 1.80821069e+03 3.28706970e+02
 4.47190674e+02 2.10723419e+02 3.82430688e+03 1.94078772e+03
 4.17679749e+01 1.40112646e+04 1.38525070e+02 2.70642383e+03
 4.77588257e+02 3.83410034e+03 1.64976227e+02 1.32496680e+03
 1.07057495e+03 1.22448645e+03 1.76936292e+03 1.99647070e+03
 1.13379082e+04 5.24695190e+02 3.21101135e+02 6.77410889e+03
 2.00857703e+03 2.28847827e+03 3.69210175e+02 2.69749725e+02
 4.96965869e+03 1.50127426e+02 9.50096094e+03 4.75611816e+02
 4.23799255e+02 4.07785195e+04 1.81348132e+03 1.36829187e+03
 3.67302417e+03 1.08523003e+02 1.96645432e+02 1.60549004e+04
 3.42518750e+03 1.97357574e+02 3.18868046e+01 7.76564255e+01
 7.35274268e+03 4.02535059e+03 2.43359085e+02 8.83025940e+02
 1.27111816e+04 6.34911621e+03 1.86714722e+03 3.41242139e+03
 1.02938252e+04 3.78450859e+04 9.16237869e+01 2.01460052e+02
 4.82041809e+02 2.90246509e+03 9.48492480e+03 1.85919312e+03
 4.07855884e+03 3.97576233e+02 3.43786182e+03 7.55735535e+02
 3.99063818e+03 1.75840771e+03 5.11049461e+01 3.85037207e+03
 5.79750049e+03 1.54364262e+01 9.88372135e+00 1.41983276e+03
 6.39919482e+03 6.30396973e+02 6.72967957e+02 1.86183411e+03
 4.97256958e+02 2.79164453e+03 2.97100830e+02 2.61613555e+04
 2.49144165e+02 9.90169220e+01 4.28276947e+02 2.11802881e+03
 1.13287930e+05 1.60664512e+04 2.08829028e+03 2.51499707e+03
 4.25717865e+02 3.25670527e+04 7.77902441e+03 1.97501489e+03
 2.95768213e+03 4.32020111e+02 2.46286172e+04 9.02373359e+04
 5.32588379e+03 7.08445898e+03 5.36204491e+01 9.75746826e+02
 3.18612500e+03 9.65213013e+02 8.68839941e+03 1.56205981e+03
 5.04741309e+03 7.59443970e+01 2.12642090e+03 2.78818701e+03
 1.46178784e+03 1.62129562e+02 3.38567578e+03 7.34416565e+02
 1.03910879e+04 4.97908350e+03 3.50650543e+02 1.58251678e+02
 2.36611938e+03 3.98305933e+03 3.37809131e+03 2.27786240e+02
 2.06769745e+02 1.47397327e+03 3.67714478e+02 9.63027191e+01
 2.32935864e+03 2.96857031e+03 4.02396088e+02 3.12548291e+03
 1.27793407e+01 2.96249297e+04 9.69677539e+03 1.20189531e+04
 7.49046783e+01 2.28164282e+03 3.85289154e+02 1.41057541e+02
 8.62366797e+03 1.76203662e+03 6.73737842e+03 3.56742432e+02
 5.11766510e+02 2.91959448e+03 2.02139539e+03 1.24632950e+02
 1.86397046e+03 4.36245361e+03 2.11351587e+03 6.67602600e+02
 7.34383828e+04 3.87910767e+02 1.54880994e+03 1.32576973e+04
 2.11822192e+03 8.28699902e+03 2.34766083e+01 3.43674164e+02
 8.80930391e+04 1.39475366e+03 1.82743884e+03 5.51805312e+04
 5.05368347e+02 1.71830151e+03 1.35635330e+02 2.16156323e+03
 2.95841260e+03 3.00222839e+02 8.16392883e+02 2.24678149e+03
 1.88370471e+03 4.23476094e+04 2.16499683e+03 2.32405322e+03
 1.24447827e+03 2.92736055e+04 2.17460962e+03 3.02086426e+02
 2.09301318e+03 1.03915198e+03 1.34594312e+03 1.76547168e+03
 1.17684045e+03 2.46275918e+04 2.29212012e+04 2.60636621e+03
 7.97308716e+02 7.23759570e+03 6.03427832e+03 1.87070234e+04
 4.86101227e+02 4.75514923e+02 2.62851880e+03 1.69359531e+04
 3.67901878e+01 1.51575562e+02 2.90502899e+02 1.51059656e+03
 2.11710879e+04 6.96436615e+01 3.23914526e+03 1.25611738e+04
 1.37773059e+03 5.14095654e+03 1.40997168e+03 6.57787402e+03
 1.72952917e+03 7.20544128e+02 3.35291600e+00 7.13695374e+01
 9.33377563e+02 1.47619653e+03 5.22669971e+03 1.03372937e+03
 1.49006616e+03 1.93524207e+03 9.67702560e+01 7.75059366e+00
 1.49406189e+03 1.00565109e+02 1.93146622e+02 4.09618408e+03
 3.88571069e+03 3.01670288e+03 1.96034985e+03 4.91810938e+03
 4.50902734e+03 8.54417908e+02 1.46633423e+03 2.20363281e+04
 9.58270605e+03 7.54283295e+01 4.80358925e+01 4.91125145e+01
 4.08724316e+03 8.66670303e+01 8.87948792e+02 2.40963008e+04
 1.13184912e+03 1.94164001e+03 9.10539062e+03 3.42426211e+04
 3.16511543e+04 2.21027319e+03 1.97267993e+03 1.37798340e+03
 4.22342285e+03 8.22729590e+03 4.04109766e+03 1.57687122e+03
 1.33955856e+02 4.93006470e+02 8.41670703e+03 1.57388513e+03
 8.24186523e+03 1.03235817e+02 1.12308850e+03 2.27995438e+02
 6.68193018e+03 1.16507422e+04 5.19333711e+04 1.62551494e+04
 6.49711914e+01 1.66631494e+03 2.38050176e+04 1.70375481e+01
 1.70482507e+03 3.77397156e+01 6.60784180e+02 1.73883408e+02
 2.48035065e+02 2.12229883e+03 8.40971582e+03 1.03031104e+03
 3.58789337e+02 6.25478058e+01 4.20919952e+01 1.53878088e+03
 8.12118286e+02 3.20875549e+02 1.68540161e+02 1.01164111e+04
 1.78276581e+02 1.10680195e+04 7.70361670e+03 1.89483667e+03
 6.32537500e+04 1.45570972e+03 3.37003760e+03 1.82485184e+02
 5.10088577e+01 4.33479639e+03 1.84850977e+03 2.58498535e+03
 1.56458527e+02 2.88546692e+02 9.32081299e+02 1.69943237e+01
 2.82428296e+03 1.08549854e+04 1.22028262e+04 9.40474182e+02
 3.86636938e+03 9.92390723e+03 2.13638989e+03 2.37111694e+03
 2.17272729e+03 7.73464648e+03 5.27476807e+03 2.08065845e+03
 7.79181934e+03 1.00576843e+03 9.58337695e+03 2.97111387e+04
 1.05412275e+04 4.91205176e+03 5.92285461e+01 2.02155182e+02
 3.71883362e+02 1.01274445e+03 8.41107031e+03 1.90270355e+02
 5.09728760e+03 6.31813232e+03 4.72677338e+02 6.14666504e+03
 6.90421826e+03 1.85016199e+03 2.31865036e+02 4.07318024e+02
 2.39086475e+03 1.69619934e+02 1.27097266e+04 8.22227832e+03
 1.88188522e+02 1.15946404e+02 3.33306094e+04 1.06561365e+03
 5.09914307e+03 1.18235303e+04 1.50131058e+02 1.11454328e+05
 2.41748184e+02 8.10182343e+01 2.94447681e+03 1.07039707e+04
 8.11132666e+03 1.36875717e+02 9.46518066e+02 2.40760422e+02
 1.85775469e+04 1.29182593e+03 1.22312891e+04 1.49006069e-01
 1.26444653e+03 3.97853589e+03 7.02608582e+02 1.77149160e+04
 5.61706152e+03 1.50266943e+03 2.70481995e+02 1.13692055e+02
 4.93439990e+03 3.52157516e+01 2.49006201e+03 3.63348413e+03
 4.53853027e+02 1.13092442e+01 5.62178101e+02 3.82711312e+05
 1.04507092e+03 4.51190195e+04 2.78023041e+02 8.97818945e+03
 5.32850859e+04 1.15911243e+03 2.96666934e+04 2.70868237e+03
 1.87864832e+03 8.15868958e+02 1.41999588e+02 6.87998352e+01
 5.57088379e+03 3.24122754e+03 3.33899194e+03 7.63635620e+02
 7.73790332e+03 8.74866409e+01 3.35251416e+03 2.84521289e+03
 5.49053467e+02 1.83461621e+03 2.44093399e+01 5.78323547e+02
 6.90683899e+02 1.25899219e+03 4.07585876e+02 2.35294897e+03
 1.04925037e+03 6.17720825e+02 3.58105195e+04 3.58624146e+03
 6.09095547e+04 3.61651489e+02 5.67730859e+03 4.09113477e+03
 9.24638916e+02 2.56813141e+02 1.53671460e+03 3.00462939e+03
 8.32328110e+01 3.11079712e+01 1.52887268e+03 1.55189185e+03
 5.56124756e+02 1.35339325e+02 2.35464737e+02 2.36323563e+02
 1.47470996e+03 5.46215271e+02 2.95035229e+03 2.51824756e+03
 1.27672693e+03 7.20508496e+03 2.32454483e+02 4.00718701e+03
 7.08801270e+03 1.89781094e+01 1.12253359e+04 2.99353052e+03
 4.08162085e+03 1.57173950e+03 7.53496323e+01 5.82790955e+02
 2.89851641e+04 1.77539941e+03 1.12822373e+04 1.49500476e+03
 1.69365430e+03 5.44951953e+03 7.50056519e+02 2.51816289e+04
 2.10954590e+03 1.02563013e+03 2.95776636e+03 4.32962988e+03
 7.73097961e+02 1.46950562e+02 8.22631409e+02 1.63506445e+03
 5.91665588e+02 1.77850327e+02 3.14507355e+02 6.48352783e+02
 7.18359961e+03 2.54487036e+03 6.63792419e+02 2.65443066e+03
 3.50992456e+03 1.94056406e+04 2.52294507e+03 9.05272034e+02
 7.62888000e+02 2.21287689e+02 1.66531824e+03 1.40742125e+06
 6.38846558e+02 1.89842395e+03 1.28553662e+03 1.07917516e+05
 1.24132362e+02 1.02956915e+01 3.06134570e+04 7.22794676e+00
 1.88405420e+03 2.25115820e+03 2.21502289e+02 3.93457184e+02
 2.04903828e+04 1.11805957e+03 5.02613640e+01 3.62797791e+02
 1.78300762e+01 5.53310352e+03 2.97551343e+03 3.69698267e+03
 1.42982324e+03 3.31359058e+03 2.56858826e+02 8.91735168e+02
 1.49470703e+05 3.23027313e+02 9.18349902e+03 6.01682922e+02
 7.97060120e+02 1.62553482e+02 9.74100266e+01 3.10214781e+05
 1.15166183e+02 9.82922461e+03 2.70177212e+01 1.18341516e+03
 2.98713623e+02 9.58845312e+03 6.26417822e+03 3.39918672e+04
 4.75934486e+01 2.06104541e+03 2.11136719e+04 5.19316504e+03
 2.52362652e+01 4.15372070e+02 5.93771851e+02 2.43575684e+03]
9102.658
1407421.2
