[7.04767700e+02 1.42671463e+02 1.10579086e+02 1.26426420e+01
 1.02559827e+03 1.82832245e+02 2.06878845e+02 6.63153381e+02
 1.33144263e+03 3.65139795e+03 1.05855339e+02 3.88503662e+02
 9.08160278e+02 2.56240196e+01 6.22256126e+01 1.71813867e+04
 4.12794373e+02 2.06936752e+02 4.20191284e+02 3.30061108e+03
 2.47249466e+02 9.38980789e+01 4.21834023e+04 2.24597664e+01
 1.19252576e+03 1.45984387e+03 1.03101758e+04 1.17605164e+02
 3.26357727e+02 5.05070128e-02 2.45153412e+02 2.77457947e+02
 1.27062598e+03 3.18992969e+03 6.00651184e+02 4.95479813e+01
 2.98060364e+02 1.16876648e+02 7.49721336e+00 8.77732754e+00
 2.04121887e+03 4.52192261e+02 8.45213074e+02 1.53053329e+02
 8.01663379e+03 1.25978165e+02 9.83339539e+01 5.98218765e+01
 2.93442932e+02 1.31885925e+03 1.17106010e+02 4.34405899e+01
 4.75847893e+01 4.61990771e+03 1.83072739e+02 1.74706146e+02
 2.69257294e+02 5.00568542e+02 3.16982422e+02 2.49333801e+02
 3.30025543e+02 3.71603210e+02 7.47235870e+01 6.84441406e+02
 2.32895523e+02 3.42958313e+02 8.02953720e+01 2.03087662e+02
 2.00421095e+00 1.72910315e+03 1.92127670e+02 6.98014679e+01
 1.54906250e+02 1.95798721e+02 7.93284668e+02 5.27840332e+02
 1.83468536e+02 2.66507599e+02 1.83044464e+02 1.30184204e+03
 1.48298767e+02 2.14385498e+02 5.19090796e+00 2.09041580e+02
 2.26797348e+02 6.76010818e+01 5.77546272e+01 1.39896057e+02
 1.32563553e+02 1.47193893e+02 5.10787964e+01 3.35396143e+03
 6.01121101e+01 4.52219177e+02 5.19399170e+03 7.21435394e+01
 1.44547241e+02 4.42048492e+02 4.91735626e+02 5.33592590e+02
 3.69304688e+02 3.49666100e+01 3.44456291e+01 2.12600433e+02
 3.15090576e+02 1.04684845e+02 2.75541168e+02 5.71211052e+01
 2.31637363e+01 7.53249664e+01 2.83292816e+02 8.46060547e+03
 1.68551196e+03 2.36758591e+02 2.61641693e+02 1.89739838e+02
 1.96960770e+02 3.50078613e+02 1.88248215e+01 1.77103928e+02
 1.62124619e+02 3.04789459e+02 8.70770142e+02 5.59302002e+02
 4.00125122e+01 1.52380508e+02 5.17230873e+01 3.74664140e+00
 3.66063004e+01 1.90520081e+02 1.45189453e+02 1.90817230e+02
 9.23159409e+01 2.24626175e+02 3.23372070e+02 6.19064255e+01
 2.14725708e+02 2.15076553e+02 2.99194031e+01 2.28624237e+02
 8.99778198e+02 4.58170837e+02 4.68827362e+02 2.29333730e+04
 4.79809448e+02 8.27703018e+01 6.29493828e+01 6.06024536e+02
 6.27636230e+02 1.71544062e+04 1.94321869e+02 3.52474487e+02
 2.16780212e+02 8.86241302e+01 2.53246338e+02 3.30171844e+02
 1.03944122e+02 2.57650645e+04 1.10163506e+02 1.97971118e+03
 1.45851944e+02 1.38108932e+02 9.47828293e+01 1.23144974e+02
 4.46279236e+02 2.26533264e+02 1.29443649e+02 1.69903854e+02
 1.71072342e+02 1.35511316e+03 2.22003250e+02 9.28125076e+01
 1.60488815e+01 1.12064018e+01 1.11248894e+02 3.64972420e+01
 1.87097656e+02 1.18740501e+02 2.39160141e+02 6.77655615e+03
 6.49479614e+02 5.32881470e+01 9.22860840e+03 2.44277863e+02
 2.97263927e+01 1.63881027e+02 1.90651169e+02 5.73064308e+01
 2.86573792e+02 4.07979431e+02 1.22730179e+02 1.02573959e+02
 1.14698349e+02 1.20745949e+02 1.42406641e+03 9.68104362e+00
 1.98901699e+04 1.31516373e+02 6.30569420e+01 4.46707420e+01
 3.84209229e+02 4.23736267e+02 7.56761108e+02 1.47188324e+02
 4.78769092e+03 6.21627197e+02 4.06219215e+01 1.38062973e+02
 1.75324097e+02 2.33710083e+02 4.93668098e+01 1.16698822e+02
 1.61663101e+02 5.53324646e+02 2.59497986e+02 1.52114136e+02
 4.34928627e+01 3.20355377e+02 7.50415405e+02 1.90612583e+01
 1.49441055e+02 1.02251900e+02 2.18940781e+02 2.82650299e+02
 9.91727600e+01 3.31095184e+02 2.16788559e+02 1.27021683e+02
 1.38140135e+01 2.99370697e+02 3.00110138e+02 7.64123611e+01
 4.99891602e+02 1.10636383e+02 2.32384094e+02 1.19420425e+02
 2.00793304e+02 1.01526627e+02 2.57474091e+02 1.65238968e+02
 4.88021454e+02 5.81917076e+01 1.28544934e+03 1.23174402e+03
 9.63852539e+01 4.48499664e+02 7.30010376e+01 1.85952103e+02
 2.44860992e+02 4.84712952e+02 2.21078796e+02 8.00413025e+02
 6.45458603e+01 2.44833893e+02 1.66968796e+02 2.39944107e+02
 3.24589325e+02 1.19804123e+02 1.16062569e+02 2.62958313e+02
 4.08740991e+03 5.46234009e+02 5.47062927e+02 1.81074722e+02
 2.02050858e+02 5.92559204e+01 2.70878525e+01 2.16772079e+02
 3.58047882e+02 4.73441528e+02 1.86193405e+02 4.64421631e+03
 2.10143356e+01 2.13992584e+02 9.05525085e+02 1.18014977e+02
 1.82856885e+03 1.95018567e+03 1.91131802e+01 2.57325269e+03
 2.65418152e+02 2.37411209e+02 1.10774132e+02 1.03408241e+02
 7.12488556e+01 8.66500473e+01 9.12773209e+01 4.66994953e+00
 1.73191498e+02 7.01347656e+02 2.41098926e+03 1.75331390e+02
 9.41158218e+01 1.62559998e+02 2.22726212e+02 1.67751648e+02
 2.77782612e+01 1.62516739e+02 2.85865967e+02 4.56043579e+02
 7.67591736e+02 1.20751925e+01 8.97056702e+02 1.54013428e+03
 3.59044250e+02 6.36876270e+03 1.93255569e+02 3.95100830e+03
 2.04787254e+01 2.07525513e+02 4.75000191e+00 4.66459290e+02
 2.19841650e+03 2.10685059e+02 2.15644104e+02 5.46540039e+02
 2.27246643e+02 4.18594330e+02 6.00548029e+00 6.51366959e+01
 2.00401703e+02 4.32409576e+02 2.50908077e-01 1.45368759e+02
 1.49324500e+03 2.16882065e+02 8.72924622e+02 1.91918243e+02
 7.06960205e+02 5.70093018e+02 1.48857193e+02 1.59141678e+02
 1.19643677e+02 1.80442505e+02 2.44209534e+02 2.58620911e+02
 1.61330139e+02 1.46855682e+02 5.44777405e+02 7.21730728e+01
 4.23714264e+02 1.07779251e+02 2.45223511e+03 1.52892502e+02
 3.34539871e+01 1.64345474e+02 1.85181717e+02 5.87133484e+02
 1.05890894e+03 1.56081284e+02 4.85754517e+02 2.02296753e+03
 8.57914734e+01 2.12033066e+02 8.04806366e+01 1.18101280e+02
 7.19095825e+02 5.09403748e+02 3.16581879e+02 5.99791603e+01
 3.36053505e+01 6.67377686e+02 1.08304834e+03 1.25209208e+01
 1.52858191e+03 1.89113892e+03 1.71026886e+02 1.45193863e+02
 2.03723584e+03 6.64142456e+01 8.19841919e+02 8.96580048e+01
 8.11524512e+03 2.24967636e+02 6.14107361e+02 2.16324738e+02
 1.40986768e+03 5.05753448e+02 7.03783188e+01 1.82461426e+02
 3.46930603e+02 1.65000671e+02 4.70210156e+03 1.68731152e+04
 4.14641797e+03 5.51418190e+01 2.37569977e+02 2.55474350e+02
 3.13779419e+02 4.10993835e+02 1.31813660e+03 1.58411942e+02
 2.42791290e+02 2.06967209e+02 1.48295273e+02 5.60644417e+01
 1.38259155e+02 1.41740161e+03 2.99949799e+02 2.40447583e+03
 6.42336884e+01 9.81760597e+00 1.15716019e+02 9.61342087e+01
 5.66578247e+02 1.96509033e+02 7.89150391e+01 3.02388367e+02
 4.24916836e+04 2.87085632e+02 1.10764103e+01 1.25611963e+03
 1.92810760e+02 2.36893829e+02 1.62979907e+03 7.04989290e+00
 1.24324699e+02 3.70483643e+02 3.71894684e+02 1.13630150e+02
 8.63492249e+02 1.84781021e+02 2.42565689e+02 1.52393753e+02
 6.30129585e+01 6.18839355e+02 3.21941101e+02 1.80817871e+03
 5.66913452e+02 2.79022198e+01 3.32914505e+01 1.03504990e+02
 1.51336861e+01 1.16857190e+03 8.28906937e+01 1.30256853e+01
 2.24171484e+03 3.37634087e+01 1.17929070e+02 2.74825653e+02
 3.15536556e+01 1.68195923e+02 1.23485413e+02 2.48426437e+02
 2.28829956e+02 1.18234718e+02 5.27704334e+00 6.85289917e+02
 2.54509583e+02 2.83297363e+02 5.50148659e+01 2.15595879e+04
 1.04980278e+02 1.32596954e+02 7.41988220e+01 8.36051407e+01
 3.95142822e+02 1.67057312e+02 4.66185211e+02 1.16059013e+02
 2.44277832e+02 1.61039413e+02 1.00405869e+02 1.50203186e+02
 5.07156952e+02 1.38664352e+02 3.90358887e+02 1.44976120e+02
 8.86444931e+01 1.91827600e+03 2.50694275e+02 2.79302948e+02
 1.82569794e+02 2.88754333e+02 1.92211990e+02 5.32189575e+02
 9.95556107e+01 5.42938574e+03 5.75268936e+01 4.00384918e+02
 2.18745422e+02 5.58503799e+01 2.62170200e+01 2.02580734e+02
 4.46235924e+01 1.72785614e+02 7.96264191e+01 2.81530542e+03
 2.08626068e+02 3.48564491e+01 2.89939972e+02 5.37853516e+02
 1.53793198e+02 3.65369080e+02 9.22916565e+01 1.48537073e+03
 8.54889297e+01 3.74621606e+03 1.96158714e+01 9.60164795e+01
 1.75988739e+02 3.76872826e+01 3.07994614e+01 1.46995697e+02
 6.40135986e+02 1.62684723e+02 1.71989182e+02 4.85643768e+02
 9.86001358e+01 2.03577469e+02 1.94895493e+02 1.92328354e+02
 2.39897827e+02 2.78999695e+02 4.41089447e+02 7.03339966e+02
 9.13100220e+02 7.01110077e+01 4.28183990e+02 1.27887215e+02
 2.14598740e+02 1.33593640e+03 2.95564728e+02 2.35770981e+02
 4.00982910e+02 1.41412720e+03 3.05973911e+01 9.81547642e+00
 1.95238281e+02 1.13225754e+02 1.52038177e+02 1.12417274e+02
 2.00716049e+02 8.31766586e+01 1.34861343e+02 6.76026535e+01
 4.13807251e+02 2.74530334e+01 1.78552132e+01 9.75667496e+01
 3.35958435e+02 1.31927271e+03 1.60379166e+02 1.19706757e+02
 3.24343109e+02 1.82765350e+02 3.90938385e+02 6.20820351e+01
 5.45662651e+01 1.43755646e+02 6.41756409e+02 1.91053299e+02
 1.65901123e+02 1.37778564e+03 9.22727737e+01 8.58907715e+02
 2.02787766e+02 1.73017242e+02 6.66579361e+01 5.65041199e+01
 6.09474915e+02 2.26305038e+02 2.14634705e+02 5.43478432e+01
 6.56677170e+01 4.22961273e+01 1.15964821e+02 1.33425549e+03
 2.41695374e+02 1.03335899e+02 1.30540527e+02 2.40055496e+02
 3.35879248e+03 5.43490601e+02 5.25180115e+02 3.58697803e+03
 1.81369644e+02 1.72345047e+02 1.04302429e+03 1.11907761e+02
 7.43387549e+03 5.36898071e+02 1.08452856e+03 8.79895706e+01
 2.81060638e+02 2.65738989e+03 1.30116653e+02 2.85988647e+02
 5.90127411e+01 4.00565186e+01 4.50503082e+02 1.00581505e+02
 5.43735474e+02 1.45262589e+02 2.34543872e+03 4.39843903e+02
 4.01828394e+03 1.26421967e+02 1.07970360e+02 7.38335571e+01
 3.89945142e+03 9.14132629e+02 1.24802261e+02 1.72074295e+02
 6.09999023e+02 1.94267139e+01 1.15572395e+02 2.52724419e+01
 2.93576935e+02 5.32552246e+02 5.15057259e+01 2.55835724e+01
 4.19230255e+02 4.78935638e+02 1.19915825e+02 2.52069748e+02
 1.64744714e+03 4.75562408e+02 8.77524414e+02 9.52322632e+02
 9.15159683e+01 2.78685272e+02 1.32808456e+02 9.14011154e+01
 1.62550034e+02 1.18371313e+03 3.31190430e+02 9.59638519e+01
 2.96510681e+02 1.30521347e+02 1.95821732e+02 4.26834045e+02
 2.61434723e+02 3.19065033e+02 6.68686676e+01 2.13358582e+02
 1.49193466e+02 1.54208145e+02 8.25392075e+01 7.60580625e+04
 2.18677120e+01 3.78441071e+02 3.95514107e+01 2.26891083e+02
 1.88131909e+03 4.75512428e+01 4.46012329e+02 3.22217789e+01
 1.53741104e+02 1.40241989e+02 8.61228638e+01 1.03292137e+02
 1.63801773e+02 2.09085159e+02 1.79219086e+02 2.03949020e+02
 2.90701580e+01 6.95595703e+01 2.15144455e+02 9.41572342e+01
 2.44412231e+01 1.00454369e+02 3.93845428e+02 1.57037811e+02
 1.90456852e-01 6.90635376e+01 1.59708801e+02 2.86346680e+02
 9.31793060e+01 5.40537231e+02 7.56015078e+04 6.15078674e+02
 1.50530991e+02 3.63044861e+02 2.01571060e+02 5.14519104e+02
 1.89584183e+02 2.06208435e+02 1.04544769e+02 1.38516943e+03
 3.09189854e+01 8.26722717e+01 1.71624069e+02 6.72858887e+01
 4.47771545e+02 1.99417313e+02 2.03574646e+03 1.05798230e+03
 1.44897064e+02 1.10708534e+02 1.94976334e+02 4.68522583e+02
 2.85734497e+02 3.46445557e+02 9.26443577e+00 2.25897751e+01
 1.87737158e+03 2.49419495e+02 1.76073090e+02 1.09613480e+02
 2.04907486e+02 9.59147167e+00 1.45534714e+02 9.18680191e+01
 1.75008118e+02 3.97371788e+01 1.08817482e+02 8.42173386e+01
 1.90880875e+02 2.66458679e+02 7.24375793e+02 9.80881271e+01
 1.49443939e+02 3.33539141e+04 5.30439987e+01 8.04815613e+02
 4.41770599e+02 1.34958939e+02 1.63933067e+01 2.78245270e+02
 1.68072784e+02 6.98195114e+01 2.35597519e+02 2.81068634e+02
 9.16690918e+02 2.44791122e+02 4.63655396e+02 5.55823584e+03
 9.13565674e+02 8.91721039e+01 3.27541412e+02 1.56845291e+02
 5.12326721e+02 2.17353296e+03 2.91042236e+02 2.11428345e+02
 6.75276337e+01 1.13816277e+02 2.75227881e+03 6.92060669e+02
 1.84815698e+03 1.59695648e+02 5.51131104e+02 7.35483948e+02
 3.18687378e+02 1.77424637e+02 1.67185486e+03 2.76205231e+02
 1.74606964e+02 1.50890472e+02 1.47729663e+03 4.24109039e+01
 1.76244080e+02 3.31897003e+02 2.11134933e+02 2.07746552e+02
 1.71035126e+02 1.74673431e+02 3.07929459e+01 7.72316284e+01
 3.19335388e+02 3.65704613e+01 1.69286804e+02 7.49824646e+02
 1.67652267e+02 3.92099670e+02 2.67884491e+02 3.41377296e+01
 7.35000305e+01 2.41531097e+02 9.97510498e+02 2.44913368e+01
 3.52599780e+03 5.59933838e+02 5.96932907e+01 5.55849991e+01
 6.49210968e+01 3.63227271e+03 1.08751961e+02 1.13789505e+02
 1.95599976e+02 4.04047180e+02 7.43712282e+00 1.69495316e+02
 2.01263843e+03 4.23955078e+02 1.48305069e+02 1.55466278e+02
 1.92290283e+02 2.65353031e+05 1.35747818e+02 1.51977905e+02
 1.01114441e+03 6.49558411e+02 6.01822090e+01 2.73230499e+02
 2.70833832e+02 2.40876816e+02 5.17267517e+02 6.09447098e+01
 1.52509094e+02 2.37311325e+02 3.73447680e+00 2.72199951e+02
 4.32134369e+02 1.70644501e+02 5.48214539e+02 7.89529114e+01
 1.19264664e+02 1.00111346e+03 2.18919113e+02 2.13228320e+03
 1.15292686e+02 2.28117676e+02 5.66054321e+02 6.45395737e+01
 1.04326096e+02 1.18115898e+02 1.43045740e+03 4.93262695e+02
 4.78845068e+03 1.50002258e+02 1.50499011e+03 3.54424248e+01
 7.57029419e+02 6.03892761e+02 2.67458069e+02 3.83890808e+02
 7.63866806e+01 1.18760674e+02 8.13147705e+02 5.06888031e+02
 6.14430786e+02 5.94890881e+00 1.97563782e+02 1.44378754e+02
 3.90891027e+00 1.73019653e+02 1.99630524e+02 1.15185608e+02
 1.46474701e+02 1.52273148e+02 3.63894348e+01 2.70704077e+03
 1.12010506e+02 1.57188934e+02 2.78975647e+02 1.39566437e+02
 1.60585556e+01 1.11193558e+02 4.88196350e+02 1.39134781e+02
 2.18376892e+02 6.58849030e+01 3.47654968e+02 2.87053833e+02
 1.51994519e+03 1.02278805e+05 3.95141083e+02 3.96521492e+01
 1.19246704e+03 3.05569153e+02 2.96445728e+03 2.82769104e+02
 2.79412794e+00 6.94101257e+01 7.10669899e+00 2.35204178e+02
 3.05038105e+04 1.41322098e+02 2.55577905e+03 4.48069000e+02
 7.82204163e+02 8.76545792e+01 5.77237625e+01 1.79457715e+03
 3.41516876e+00 2.03860931e+02 9.27765198e+01 3.48911377e+02
 1.64822083e+02 3.60076721e+02 2.33619720e+02 1.22325882e+02
 1.00967877e+03 1.68780884e+02 5.39729233e+01 4.62417999e+02
 4.20149323e+02 4.28944611e+02 3.12158936e+02 6.78782272e+00
 6.95994263e+02 1.80547619e+01 1.18105934e+02 5.87306061e+01
 7.11700439e+01 1.28030533e+02 1.09753288e+02 9.19971741e+02
 8.05588455e+01 2.17014885e+00 2.57525482e+02 3.30776154e+02
 6.78974075e+01 1.31837204e+02 2.21242332e+01 2.41618973e+02
 5.14807861e+02 2.49172501e+02 2.06032372e+01 3.38331177e+02
 7.86704834e+02 3.16652355e+01 1.11894800e+03 9.56186035e+03
 1.71721863e+02 4.03245888e+01 1.54847549e+02 1.49948700e+02
 8.02091919e+02 2.51395157e+02 3.24974060e+02 4.68387604e+01
 1.55911133e+03 2.32386276e+02 1.31141617e+02 3.11715967e+03
 7.92419891e+01 3.03867706e+02 7.21643143e+01 2.05530045e+02
 9.09999695e+01 9.74268112e+01 5.22005066e+02 1.58131256e+02
 6.62234650e+01 1.53749536e+03 1.62836395e+02 2.62895477e+02
 3.21864075e+02 1.14896561e+02 1.64974457e+02 2.76697205e+02
 2.10727875e+02 1.22664061e+01 2.45750717e+02 1.87490311e+01
 2.30515808e+02 8.46127777e+01 5.89246533e+03 2.31524785e+04
 2.33323883e+02 1.62930206e+02 1.22942284e+02 4.85108203e+03
 4.00017509e+01 2.69179199e+02 2.30734644e+03 1.16094467e+02
 1.77168076e+02 1.99606293e+02 4.55310631e+00 3.31375488e+02
 1.00493555e+03 9.01821899e+01 6.03029541e+02 3.41857788e+02
 1.62386182e+03 1.13254114e+03 2.38443741e+02 3.56531006e+02
 1.10751770e+02 1.86881592e+02 3.85811844e+01 1.90429611e+02
 3.50068555e+03 1.90643158e+02 6.27551086e+02 1.21660988e+02
 2.81469635e+02 7.71469650e+01 1.63366241e+02 1.79693359e+04
 1.25830326e+01 5.61340637e+02 1.54201263e+02 1.37711090e+02
 3.70052490e+02 8.35677414e+01 2.34122574e+02 1.95048126e+02
 5.65688354e+02 2.70077911e+02 2.22013199e+02 7.37574768e+02
 7.10470459e+02 1.73236832e+02 1.72332764e+02 1.36078995e+02]
